Sender: LSF System <lsfadmin@cpt13>
Subject: Job 971465: </data/unige/funpopgen/odelanea/SGX/V2/binaries/qtltools/bin/QTLtools cis --vcf /data/unige/funpopgen/grey2/SYSCID/BLUEPRINT_DATA/CRD/THREE_CELL_TYPES/CLOMICS/CELL_TYPE_COMPARISON_GENE_CRD_ASSOCIATIONS/quantify/70_vs_72_ALL.ALLchr.mean.txt.gz --bed /data/unige/funpopgen/grey2/SYSCID/BLUEPRINT_DATA/CRD/THREE_CELL_TYPES/QTL_TOOLS/EGAD00001002675_v3.0/EGAD00001002675_RNA.PC10.bed.gz --permute 200 --chunk 17 100 --out /data/unige/funpopgen/grey2/SYSCID/BLUEPRINT_DATA/CRD/THREE_CELL_TYPES/CLOMICS/CELL_TYPE_COMPARISON_GENE_CRD_ASSOCIATIONS/mapping_aCRD_gene/70_vs_72/gene_CRD_mean_chunk17\.txt> in cluster <ug> Done

Job </data/unige/funpopgen/odelanea/SGX/V2/binaries/qtltools/bin/QTLtools cis --vcf /data/unige/funpopgen/grey2/SYSCID/BLUEPRINT_DATA/CRD/THREE_CELL_TYPES/CLOMICS/CELL_TYPE_COMPARISON_GENE_CRD_ASSOCIATIONS/quantify/70_vs_72_ALL.ALLchr.mean.txt.gz --bed /data/unige/funpopgen/grey2/SYSCID/BLUEPRINT_DATA/CRD/THREE_CELL_TYPES/QTL_TOOLS/EGAD00001002675_v3.0/EGAD00001002675_RNA.PC10.bed.gz --permute 200 --chunk 17 100 --out /data/unige/funpopgen/grey2/SYSCID/BLUEPRINT_DATA/CRD/THREE_CELL_TYPES/CLOMICS/CELL_TYPE_COMPARISON_GENE_CRD_ASSOCIATIONS/mapping_aCRD_gene/70_vs_72/gene_CRD_mean_chunk17\.txt> was submitted from host <cpt01> by user <grey2> in cluster <ug>.
Job was executed on host(s) <cpt13>, in queue <normal>, as user <grey2> in cluster <ug>.
</home/grey2> was used as the home directory.
</data/unige/funpopgen/grey2/SYSCID/BLUEPRINT_DATA/CRD/THREE_CELL_TYPES/CLOMICS/CELL_TYPE_COMPARISON_GENE_CRD_ASSOCIATIONS> was used as the working directory.
Started at Fri Mar 15 14:01:06 2019
Results reported at Fri Mar 15 14:01:10 2019

Your job looked like:

------------------------------------------------------------
# LSBATCH: User input
/data/unige/funpopgen/odelanea/SGX/V2/binaries/qtltools/bin/QTLtools cis --vcf /data/unige/funpopgen/grey2/SYSCID/BLUEPRINT_DATA/CRD/THREE_CELL_TYPES/CLOMICS/CELL_TYPE_COMPARISON_GENE_CRD_ASSOCIATIONS/quantify/70_vs_72_ALL.ALLchr.mean.txt.gz --bed /data/unige/funpopgen/grey2/SYSCID/BLUEPRINT_DATA/CRD/THREE_CELL_TYPES/QTL_TOOLS/EGAD00001002675_v3.0/EGAD00001002675_RNA.PC10.bed.gz --permute 200 --chunk 17 100 --out /data/unige/funpopgen/grey2/SYSCID/BLUEPRINT_DATA/CRD/THREE_CELL_TYPES/CLOMICS/CELL_TYPE_COMPARISON_GENE_CRD_ASSOCIATIONS/mapping_aCRD_gene/70_vs_72/gene_CRD_mean_chunk17\.txt

------------------------------------------------------------

Successfully completed.

Resource usage summary:

    CPU time :               2.50 sec.
    Max Memory :             13.80 MB
    Average Memory :         13.80 MB
    Total Requested Memory : -
    Delta Memory :           -
    (Delta: the difference between total requested memory and actual max usage.)
    Max Swap :               346 MB

    Max Processes :          4
    Max Threads :            5

The output (if any) follows:


[32mQTLtools[0m
  * Authors : Olivier DELANEAU / Halit ONGEN / Emmanouil DERMITZAKIS
  * Contact : olivier.delaneau@gmail.com / halit.ongen@unige.ch / Emmanouil.Dermitzakis@unige.ch
  * Webpage : https://qtltools.github.io/qtltools/
  * Version : 1.1
  * Date    : 15/03/2019 - 14:01:07
  * Citation: A complete tool set for molecular QTL discovery and analysis, https://doi.org/10.1101/068635

[32mMAPPING QTL IN CIS[0m
  * TASK: Perform 200 permutations
  * Linear model: Phe ~ Var
  * Cis-window size is 1000000 bp
  * Chunk = [17/100]

Scanning phenotype data in [/data/unige/funpopgen/grey2/SYSCID/BLUEPRINT_DATA/CRD/THREE_CELL_TYPES/QTL_TOOLS/EGAD00001002675_v3.0/EGAD00001002675_RNA.PC10.bed.gz]
  * 21589 phenotypes included
  * 10706 phenotypes are on the negative strand

Initialize random number generator
  * Built-in seed is 15112011
  * First Integer = 30554
  * First Double = 0.0126695

Reading sample list from [/data/unige/funpopgen/grey2/SYSCID/BLUEPRINT_DATA/CRD/THREE_CELL_TYPES/QTL_TOOLS/EGAD00001002675_v3.0/EGAD00001002675_RNA.PC10.bed.gz]
  * #samples = 196

Reading sample list from [/data/unige/funpopgen/grey2/SYSCID/BLUEPRINT_DATA/CRD/THREE_CELL_TYPES/CLOMICS/CELL_TYPE_COMPARISON_GENE_CRD_ASSOCIATIONS/quantify/70_vs_72_ALL.ALLchr.mean.txt.gz]
  * #samples = 165

Merging sample sets from all input files
  * #files = 2
  * #samples in all files = 165
  * #samples NOT in all files (i.e. ignored) = 31

Reading phenotype data in [/data/unige/funpopgen/grey2/SYSCID/BLUEPRINT_DATA/CRD/THREE_CELL_TYPES/QTL_TOOLS/EGAD00001002675_v3.0/EGAD00001002675_RNA.PC10.bed.gz]
  * target region [4:53179-37892708]
  * 176 phenotypes included
  * 92 phenotypes are on the negative strand

Reading genotype data in [/data/unige/funpopgen/grey2/SYSCID/BLUEPRINT_DATA/CRD/THREE_CELL_TYPES/CLOMICS/CELL_TYPE_COMPARISON_GENE_CRD_ASSOCIATIONS/quantify/70_vs_72_ALL.ALLchr.mean.txt.gz]
  * File format detected: BED
  * 165 samples included
  * 2 samples without phenotype data
  * target region [4:0-38892708]
  * 113 variants included

Processing phenotype [ENSG00000197701.7] [1/176]
  * #variants in cis = 6
  * Best hit: [id=4_internal_11815, d=66760, pv=1.83488e-09, s=0.4440]
  * Maximum Likelihood estimation failed, use Moment Matching instead!
  * Beta parameters: [s1=0.999939, s2=5.18136]
  * Adjusted p-values: [emp=0.00497512, beta=2.29407e-08]

Processing phenotype [ENSG00000207643.1] [2/176]
  * #variants in cis = 6
  * Best hit: [id=4_internal_11815, d=54922, pv=0.000656234, s=0.2640]
  * Maximum Likelihood estimation failed, use Moment Matching instead!
  * Beta parameters: [s1=0.999974, s2=5.90984]
  * Adjusted p-values: [emp=0.0248756, beta=0.00359914]

Processing phenotype [ENSG00000255436.2] [3/176]
  * #variants in cis = 8
  * Best hit: [id=4_internal_11815, d=34318, pv=7.76512e-09, s=0.4321]
  * Beta parameters: [s1=1.00844, s2=7.86485]
  * Adjusted p-values: [emp=0.00497512, beta=7.04609e-08]

Processing phenotype [ENSG00000250312.2] [4/176]
  * #variants in cis = 8
  * Best hit: [id=4_internal_11815, d=0, pv=1.03184e-15, s=0.5519]
  * Beta parameters: [s1=1.06681, s2=8.33471]
  * Adjusted p-values: [emp=0.00497512, beta=2.69661e-16]

Processing phenotype [ENSG00000256143.1] [5/176]
  * #variants in cis = 8
  * Best hit: [id=4_internal_11815, d=0, pv=3.35007e-14, s=0.5340]
  * Beta parameters: [s1=1.01923, s2=9.02953]
  * Adjusted p-values: [emp=0.00497512, beta=1.63785e-14]

Processing phenotype [ENSG00000211553.1] [6/176]
  * #variants in cis = 8
  * Best hit: [id=4_internal_11815, d=0, pv=3.7893e-07, s=0.3699]
  * Beta parameters: [s1=1.03594, s2=8.75091]
  * Adjusted p-values: [emp=0.00497512, beta=2.98642e-06]

Processing phenotype [ENSG00000250892.1] [7/176]
  * #variants in cis = 9
  * Best hit: [id=4_internal_11815, d=0, pv=7.78909e-05, s=0.2916]
  * Beta parameters: [s1=0.992915, s2=8.5111]
  * Adjusted p-values: [emp=0.00497512, beta=0.000865786]

Processing phenotype [ENSG00000198155.5] [8/176]
  * #variants in cis = 9
  * Best hit: [id=4_internal_11815, d=0, pv=1.67587e-06, s=0.3647]
  * Beta parameters: [s1=1.09119, s2=12.6957]
  * Adjusted p-values: [emp=0.00497512, beta=9.08411e-07]

Processing phenotype [ENSG00000131127.9] [9/176]
  * #variants in cis = 11
  * Best hit: [id=4_internal_11815, d=0, pv=0.000761126, s=0.2639]
  * Beta parameters: [s1=1.04935, s2=11.088]
  * Adjusted p-values: [emp=0.00995025, beta=0.00780462]

Processing phenotype [ENSG00000248564.1] [10/176]
  * #variants in cis = 11
  * Best hit: [id=4_internal_8073, d=263769, pv=0.079544, s=0.1282]
  * Beta parameters: [s1=1.03547, s2=10.908]
  * Adjusted p-values: [emp=0.606965, beta=0.578738]

Processing phenotype [ENSG00000250321.1] [11/176]
  * #variants in cis = 11
  * Best hit: [id=4_internal_11815, d=0, pv=0.07056, s=0.1373]
  * Beta parameters: [s1=1.09655, s2=12.6199]
  * Adjusted p-values: [emp=0.616915, beta=0.596084]

Processing phenotype [ENSG00000207642.1] [12/176]
  * #variants in cis = 12
  * Best hit: [id=4_internal_7218, d=995315, pv=0.0217084, s=0.1852]
  * Beta parameters: [s1=1.14063, s2=11.6638]
  * Adjusted p-values: [emp=0.248756, beta=0.220877]

Processing phenotype [ENSG00000252150.1] [13/176]
  * #variants in cis = 12
  * Best hit: [id=4_internal_11815, d=0, pv=0.0528772, s=-0.1467]
  * Beta parameters: [s1=0.988438, s2=13.1428]
  * Adjusted p-values: [emp=0.402985, beta=0.422834]

Processing phenotype [ENSG00000251595.3] [14/176]
  * #variants in cis = 12
  * Best hit: [id=4_internal_8032, d=-440123, pv=0.0505611, s=0.1494]
  * Beta parameters: [s1=1.14154, s2=11.6327]
  * Adjusted p-values: [emp=0.452736, beta=0.461188]

Processing phenotype [ENSG00000182903.11] [15/176]
  * #variants in cis = 12
  * Best hit: [id=4_internal_7274, d=-204693, pv=0.0281683, s=0.1764]
  * Beta parameters: [s1=1.03809, s2=14.0122]
  * Adjusted p-values: [emp=0.308458, beta=0.302531]

Processing phenotype [ENSG00000174227.11] [16/176]
  * #variants in cis = 12
  * Best hit: [id=4_internal_9778, d=581802, pv=0.00522657, s=0.2182]
  * Beta parameters: [s1=0.861378, s2=10.5666]
  * Adjusted p-values: [emp=0.0696517, beta=0.0562887]

Processing phenotype [ENSG00000133256.8] [17/176]
  * #variants in cis = 13
  * Best hit: [id=4_internal_7630, d=320693, pv=0.0695968, s=0.1445]
  * Beta parameters: [s1=0.988824, s2=13.5912]
  * Adjusted p-values: [emp=0.587065, beta=0.560422]

Processing phenotype [ENSG00000215375.2] [18/176]
  * #variants in cis = 13
  * Best hit: [id=4_internal_7274, d=30269, pv=4.05482e-15, s=0.5475]
  * Beta parameters: [s1=0.977146, s2=10.8131]
  * Adjusted p-values: [emp=0.00497512, beta=6.68209e-13]

Processing phenotype [ENSG00000169020.5] [19/176]
  * #variants in cis = 13
  * Best hit: [id=4_internal_7274, d=-29511, pv=0.0164422, s=-0.1809]
  * Beta parameters: [s1=0.893362, s2=13.2856]
  * Adjusted p-values: [emp=0.189055, beta=0.177885]

Processing phenotype [ENSG00000169026.8] [20/176]
  * #variants in cis = 13
  * Best hit: [id=4_internal_7274, d=-14408, pv=5.15706e-22, s=0.6289]
  * Beta parameters: [s1=1.02904, s2=12.7316]
  * Adjusted p-values: [emp=0.00497512, beta=2.5426e-21]

Processing phenotype [ENSG00000185619.13] [21/176]
  * #variants in cis = 13
  * Best hit: [id=4_internal_7274, d=0, pv=1.58634e-29, s=0.7532]
  * Beta parameters: [s1=1.03566, s2=16.1923]
  * Adjusted p-values: [emp=0.00497512, beta=3.47574e-31]

Processing phenotype [ENSG00000248416.1] [22/176]
  * #variants in cis = 14
  * Best hit: [id=4_internal_7274, d=0, pv=1.60913e-10, s=0.4742]
  * Beta parameters: [s1=1.10576, s2=12.9185]
  * Adjusted p-values: [emp=0.00497512, beta=2.37027e-09]

Processing phenotype [ENSG00000233799.1] [23/176]
  * #variants in cis = 15
  * Best hit: [id=4_internal_7274, d=37250, pv=2.95917e-28, s=0.7328]
  * Beta parameters: [s1=0.959281, s2=14.2806]
  * Adjusted p-values: [emp=0.00497512, beta=2.34334e-27]

Processing phenotype [ENSG00000249592.1] [24/176]
  * #variants in cis = 15
  * Best hit: [id=4_internal_7274, d=54025, pv=1.20874e-22, s=0.6617]
  * Beta parameters: [s1=1.0534, s2=13.7101]
  * Adjusted p-values: [emp=0.00497512, beta=2.23973e-20]

Processing phenotype [ENSG00000178950.12] [25/176]
  * #variants in cis = 15
  * Best hit: [id=4_internal_11815, d=448159, pv=0.126885, s=0.1144]
  * Beta parameters: [s1=0.951719, s2=18.3889]
  * Adjusted p-values: [emp=0.895522, beta=0.899167]

Processing phenotype [ENSG00000127419.11] [26/176]
  * #variants in cis = 15
  * Best hit: [id=4_internal_7274, d=-204563, pv=0.0946264, s=-0.1296]
  * Beta parameters: [s1=0.960884, s2=12.0863]
  * Adjusted p-values: [emp=0.696517, beta=0.719003]

Processing phenotype [ENSG00000145214.9] [27/176]
  * #variants in cis = 15
  * Best hit: [id=4_internal_7274, d=259071, pv=0.00158365, s=-0.2365]
  * Beta parameters: [s1=1.06225, s2=10.9605]
  * Adjusted p-values: [emp=0.0248756, beta=0.0277975]

Processing phenotype [ENSG00000215367.6] [28/176]
  * #variants in cis = 14
  * Best hit: [id=4_internal_9778, d=0, pv=4.69731e-05, s=0.3069]
  * Beta parameters: [s1=0.979874, s2=14.5662]
  * Adjusted p-values: [emp=0.00497512, beta=0.000299567]

Processing phenotype [ENSG00000159674.7] [29/176]
  * #variants in cis = 14
  * Best hit: [id=4_internal_8609, d=5523, pv=0.0280405, s=0.1701]
  * Beta parameters: [s1=0.964848, s2=12.7269]
  * Adjusted p-values: [emp=0.333333, beta=0.346763]

Processing phenotype [ENSG00000196810.4] [30/176]
  * #variants in cis = 14
  * Best hit: [id=4_internal_7218, d=96173, pv=0.00779022, s=0.1985]
  * Beta parameters: [s1=1.10252, s2=11.5187]
  * Adjusted p-values: [emp=0.0995025, beta=0.106664]

Processing phenotype [ENSG00000159692.11] [31/176]
  * #variants in cis = 14
  * Best hit: [id=4_internal_9778, d=64287, pv=0.000105341, s=0.2922]
  * Beta parameters: [s1=1.01428, s2=14.5883]
  * Adjusted p-values: [emp=0.00497512, beta=0.00106906]

Processing phenotype [ENSG00000090316.11] [32/176]
  * #variants in cis = 14
  * Best hit: [id=4_internal_11815, d=-805637, pv=0.0958041, s=0.1273]
  * Beta parameters: [s1=1.01661, s2=14.2196]
  * Adjusted p-values: [emp=0.766169, beta=0.736203]

Processing phenotype [ENSG00000163945.11] [33/176]
  * #variants in cis = 14
  * Best hit: [id=4_internal_11815, d=-863052, pv=0.0942845, s=0.1291]
  * Beta parameters: [s1=0.940511, s2=11.4285]
  * Adjusted p-values: [emp=0.711443, beta=0.713404]

Processing phenotype [ENSG00000254094.1] [34/176]
  * #variants in cis = 14
  * Best hit: [id=4_internal_8149, d=351225, pv=0.0162188, s=0.1867]
  * Beta parameters: [s1=0.954581, s2=12.8935]
  * Adjusted p-values: [emp=0.243781, beta=0.240668]

Processing phenotype [ENSG00000253399.1] [35/176]
  * #variants in cis = 14
  * Best hit: [id=4_internal_8267, d=0, pv=0.00786459, s=0.1976]
  * Beta parameters: [s1=0.969243, s2=11.4371]
  * Adjusted p-values: [emp=0.119403, beta=0.115541]

Processing phenotype [ENSG00000179979.7] [36/176]
  * #variants in cis = 15
  * Best hit: [id=4_internal_8149, d=316254, pv=0.0613481, s=0.1502]
  * Beta parameters: [s1=0.89651, s2=18.3514]
  * Adjusted p-values: [emp=0.61194, beta=0.631153]

Processing phenotype [ENSG00000244459.2] [37/176]
  * #variants in cis = 14
  * Best hit: [id=4_internal_8150, d=384402, pv=0.00176104, s=0.2398]
  * Beta parameters: [s1=1.16592, s2=11.59]
  * Adjusted p-values: [emp=0.0248756, beta=0.0184286]

Processing phenotype [ENSG00000174137.8] [38/176]
  * #variants in cis = 13
  * Best hit: [id=4_internal_9778, d=506575, pv=0.0705797, s=0.1398]
  * Beta parameters: [s1=0.910915, s2=9.96862]
  * Adjusted p-values: [emp=0.59204, beta=0.591247]

Processing phenotype [ENSG00000163950.7] [39/176]
  * #variants in cis = 13
  * Best hit: [id=4_internal_7218, d=0, pv=0.0342866, s=0.1696]
  * Beta parameters: [s1=1.11732, s2=14.6414]
  * Adjusted p-values: [emp=0.38806, beta=0.357203]

Processing phenotype [ENSG00000168936.6] [40/176]
  * #variants in cis = 12
  * Best hit: [id=4_internal_8032, d=802348, pv=0.016522, s=0.1869]
  * Beta parameters: [s1=0.968056, s2=12.4674]
  * Adjusted p-values: [emp=0.144279, beta=0.160772]

Processing phenotype [ENSG00000013810.14] [41/176]
  * #variants in cis = 12
  * Best hit: [id=4_internal_9315, d=30400, pv=0.00751722, s=0.2107]
  * Beta parameters: [s1=1.08164, s2=12.1288]
  * Adjusted p-values: [emp=0.0696517, beta=0.0725496]

Processing phenotype [ENSG00000218422.2] [42/176]
  * #variants in cis = 12
  * Best hit: [id=4_internal_9315, d=12549, pv=0.00665364, s=0.2134]
  * Beta parameters: [s1=1.0517, s2=12.027]
  * Adjusted p-values: [emp=0.0447761, beta=0.0560115]

Processing phenotype [ENSG00000168924.10] [43/176]
  * #variants in cis = 15
  * Best hit: [id=4_internal_8149, d=147570, pv=0.0439658, s=0.1617]
  * Beta parameters: [s1=0.942976, s2=13.914]
  * Adjusted p-values: [emp=0.497512, beta=0.486244]

Processing phenotype [ENSG00000109685.13] [44/176]
  * #variants in cis = 15
  * Best hit: [id=4_internal_7218, d=0, pv=0.0125425, s=0.1947]
  * Beta parameters: [s1=0.813239, s2=14.321]
  * Adjusted p-values: [emp=0.159204, beta=0.136986]

Processing phenotype [ENSG00000252006.1] [45/176]
  * #variants in cis = 13
  * Best hit: [id=4_internal_9312, d=869628, pv=0.0962141, s=0.1302]
  * Beta parameters: [s1=1.11041, s2=18.0707]
  * Adjusted p-values: [emp=0.781095, beta=0.758597]

Processing phenotype [ENSG00000249784.1] [46/176]
  * #variants in cis = 13
  * Best hit: [id=4_internal_9312, d=869628, pv=0.0962141, s=0.1302]
  * Beta parameters: [s1=1.07356, s2=11.4882]
  * Adjusted p-values: [emp=0.681592, beta=0.671462]

Processing phenotype [ENSG00000185049.7] [47/176]
  * #variants in cis = 13
  * Best hit: [id=4_internal_8507, d=528097, pv=0.0266561, s=-0.1719]
  * Beta parameters: [s1=1.02242, s2=13.5414]
  * Adjusted p-values: [emp=0.303483, beta=0.255892]

Processing phenotype [ENSG00000243449.2] [48/176]
  * #variants in cis = 13
  * Best hit: [id=4_internal_8609, d=-846462, pv=0.00866265, s=-0.2046]
  * Beta parameters: [s1=1.01519, s2=12.6447]
  * Adjusted p-values: [emp=0.0945274, beta=0.102056]

Processing phenotype [ENSG00000249047.2] [49/176]
  * #variants in cis = 11
  * Best hit: [id=4_internal_9315, d=-470274, pv=0.100728, s=-0.1303]
  * Beta parameters: [s1=0.918369, s2=12.4752]
  * Adjusted p-values: [emp=0.671642, beta=0.707489]

Processing phenotype [ENSG00000130997.12] [50/176]
  * #variants in cis = 11
  * Best hit: [id=4_internal_8998, d=-521496, pv=0.01977, s=0.1807]
  * Beta parameters: [s1=1.13599, s2=10.7882]
  * Adjusted p-values: [emp=0.179104, beta=0.166558]

Processing phenotype [ENSG00000214367.3] [51/176]
  * #variants in cis = 11
  * Best hit: [id=4_internal_9315, d=478187, pv=0.0509948, s=-0.1525]
  * Beta parameters: [s1=0.819602, s2=10.0083]
  * Adjusted p-values: [emp=0.39801, beta=0.430727]

Processing phenotype [ENSG00000265080.1] [52/176]
  * #variants in cis = 11
  * Best hit: [id=4_internal_9315, d=486179, pv=0.0493903, s=0.1524]
  * Beta parameters: [s1=1.02422, s2=12.1901]
  * Adjusted p-values: [emp=0.462687, beta=0.45925]

Processing phenotype [ENSG00000123933.10] [53/176]
  * #variants in cis = 11
  * Best hit: [id=4_internal_8507, d=748488, pv=0.292143, s=0.0830]
  * Beta parameters: [s1=0.995159, s2=10.9406]
  * Adjusted p-values: [emp=0.9801, beta=0.978718]

Processing phenotype [ENSG00000206113.2] [54/176]
  * #variants in cis = 15
  * Best hit: [id=4_internal_8443, d=935731, pv=0.0752493, s=0.1343]
  * Beta parameters: [s1=1.08531, s2=12.3379]
  * Adjusted p-values: [emp=0.731343, beta=0.693843]

Processing phenotype [ENSG00000063978.11] [55/176]
  * #variants in cis = 15
  * Best hit: [id=4_internal_8149, d=-753543, pv=0.135522, s=-0.1194]
  * Beta parameters: [s1=1.0354, s2=12.3538]
  * Adjusted p-values: [emp=0.855721, beta=0.864735]

Processing phenotype [ENSG00000251229.1] [56/176]
  * #variants in cis = 15
  * Best hit: [id=4_internal_11414, d=86004, pv=0.0849944, s=-0.1351]
  * Beta parameters: [s1=0.886101, s2=17.4956]
  * Adjusted p-values: [emp=0.671642, beta=0.690834]

Processing phenotype [ENSG00000248155.1] [57/176]
  * #variants in cis = 16
  * Best hit: [id=4_internal_8998, d=-155471, pv=0.0243165, s=-0.1714]
  * Beta parameters: [s1=1.07018, s2=14.0453]
  * Adjusted p-values: [emp=0.358209, beta=0.313621]

Processing phenotype [ENSG00000206738.1] [58/176]
  * #variants in cis = 16
  * Best hit: [id=4_internal_8998, d=-148393, pv=0.0848319, s=-0.1358]
  * Beta parameters: [s1=0.916848, s2=16.9]
  * Adjusted p-values: [emp=0.766169, beta=0.758602]

Processing phenotype [ENSG00000125386.10] [59/176]
  * #variants in cis = 16
  * Best hit: [id=4_internal_7218, d=-752086, pv=0.147068, s=0.1159]
  * Beta parameters: [s1=0.863292, s2=14.3938]
  * Adjusted p-values: [emp=0.930348, beta=0.909363]

Processing phenotype [ENSG00000168884.10] [60/176]
  * #variants in cis = 14
  * Best hit: [id=4_internal_11414, d=336101, pv=0.00188676, s=-0.2327]
  * Beta parameters: [s1=0.972902, s2=14.2822]
  * Adjusted p-values: [emp=0.0248756, beta=0.0252929]

Processing phenotype [ENSG00000087266.11] [61/176]
  * #variants in cis = 13
  * Best hit: [id=4_internal_8443, d=561682, pv=0.0729784, s=-0.1433]
  * Beta parameters: [s1=0.969552, s2=14.0328]
  * Adjusted p-values: [emp=0.621891, beta=0.614849]

Processing phenotype [ENSG00000087274.12] [62/176]
  * #variants in cis = 13
  * Best hit: [id=4_internal_7664, d=356609, pv=0.00482075, s=-0.2213]
  * Beta parameters: [s1=1.00259, s2=11.6356]
  * Adjusted p-values: [emp=0.0646766, beta=0.0645894]

Processing phenotype [ENSG00000109736.10] [63/176]
  * #variants in cis = 12
  * Best hit: [id=4_internal_7664, d=-265607, pv=0.0130215, s=-0.1915]
  * Beta parameters: [s1=0.966982, s2=14.2056]
  * Adjusted p-values: [emp=0.139303, beta=0.123361]

Processing phenotype [ENSG00000249673.1] [64/176]
  * #variants in cis = 12
  * Best hit: [id=4_internal_7664, d=265567, pv=0.0106823, s=-0.1935]
  * Beta parameters: [s1=0.944561, s2=10.1086]
  * Adjusted p-values: [emp=0.109453, beta=0.13487]

Processing phenotype [ENSG00000087269.11] [65/176]
  * #variants in cis = 12
  * Best hit: [id=4_internal_7664, d=-237081, pv=0.111654, s=-0.1230]
  * Beta parameters: [s1=1.06033, s2=12.2293]
  * Adjusted p-values: [emp=0.731343, beta=0.716808]

Processing phenotype [ENSG00000125388.14] [66/176]
  * #variants in cis = 12
  * Best hit: [id=4_internal_7686, d=327260, pv=0.14406, s=0.1122]
  * Beta parameters: [s1=1.13376, s2=13.9493]
  * Adjusted p-values: [emp=0.835821, beta=0.83266]

Processing phenotype [ENSG00000197386.6] [67/176]
  * #variants in cis = 12
  * Best hit: [id=4_internal_8998, d=-302199, pv=0.0415646, s=0.1599]
  * Beta parameters: [s1=0.901238, s2=15.2681]
  * Adjusted p-values: [emp=0.393035, beta=0.397641]

Processing phenotype [ENSG00000188981.6] [68/176]
  * #variants in cis = 12
  * Best hit: [id=4_internal_7411, d=124064, pv=0.0365053, s=0.1646]
  * Beta parameters: [s1=0.979869, s2=12.2298]
  * Adjusted p-values: [emp=0.298507, beta=0.300885]

Processing phenotype [ENSG00000159788.13] [69/176]
  * #variants in cis = 14
  * Best hit: [id=4_internal_7686, d=0, pv=0.0201509, s=0.1866]
  * Beta parameters: [s1=1.04287, s2=10.8683]
  * Adjusted p-values: [emp=0.273632, beta=0.251936]

Processing phenotype [ENSG00000175920.11] [70/176]
  * #variants in cis = 13
  * Best hit: [id=4_internal_7620, d=63753, pv=0.00279664, s=0.2355]
  * Beta parameters: [s1=1.02644, s2=9.62994]
  * Adjusted p-values: [emp=0.0597015, beta=0.0441983]

Processing phenotype [ENSG00000261643.1] [71/176]
  * #variants in cis = 13
  * Best hit: [id=4_internal_7620, d=-22602, pv=8.28843e-05, s=0.3044]
  * Beta parameters: [s1=0.908331, s2=13.4905]
  * Adjusted p-values: [emp=0.0149254, beta=0.00101827]

Processing phenotype [ENSG00000268781.1] [72/176]
  * #variants in cis = 13
  * Best hit: [id=4_internal_7620, d=-17108, pv=0.00310767, s=0.2338]
  * Beta parameters: [s1=0.905961, s2=13.2637]
  * Adjusted p-values: [emp=0.0298507, beta=0.0375902]

Processing phenotype [ENSG00000163956.6] [73/176]
  * #variants in cis = 13
  * Best hit: [id=4_internal_7620, d=0, pv=3.77006e-07, s=0.3963]
  * Beta parameters: [s1=1.12463, s2=14.1515]
  * Adjusted p-values: [emp=0.00497512, beta=1.49882e-06]

Processing phenotype [ENSG00000132406.7] [74/176]
  * #variants in cis = 9
  * Best hit: [id=4_internal_7831, d=844736, pv=0.0404579, s=0.1601]
  * Beta parameters: [s1=1.15037, s2=7.52514]
  * Adjusted p-values: [emp=0.348259, beta=0.316132]

Processing phenotype [ENSG00000145220.9] [75/176]
  * #variants in cis = 9
  * Best hit: [id=4_internal_7831, d=886682, pv=0.0239034, s=0.1780]
  * Beta parameters: [s1=1.03121, s2=7.18558]
  * Adjusted p-values: [emp=0.18408, beta=0.192864]

Processing phenotype [ENSG00000168826.11] [76/176]
  * #variants in cis = 9
  * Best hit: [id=4_internal_8038, d=0, pv=0.0143034, s=-0.1961]
  * Beta parameters: [s1=0.964113, s2=8.66095]
  * Adjusted p-values: [emp=0.109453, beta=0.118998]

Processing phenotype [ENSG00000168824.10] [77/176]
  * #variants in cis = 8
  * Best hit: [id=4_internal_10974, d=-639497, pv=0.10977, s=-0.1210]
  * Beta parameters: [s1=1.09575, s2=6.88241]
  * Adjusted p-values: [emp=0.597015, beta=0.580764]

Processing phenotype [ENSG00000237170.3] [78/176]
  * #variants in cis = 5
  * Best hit: [id=4_internal_8285, d=510991, pv=0.207197, s=0.1002]
  * Beta parameters: [s1=0.94631, s2=5.62948]
  * Adjusted p-values: [emp=0.666667, beta=0.680961]

Processing phenotype [ENSG00000168818.5] [79/176]
  * #variants in cis = 5
  * Best hit: [id=4_internal_9478, d=226034, pv=0.0603411, s=0.1499]
  * Maximum Likelihood estimation failed, use Moment Matching instead!
  * Beta parameters: [s1=1, s2=4.76118]
  * Adjusted p-values: [emp=0.283582, beta=0.269152]

Processing phenotype [ENSG00000013288.4] [80/176]
  * #variants in cis = 8
  * Best hit: [id=4_internal_7710, d=106323, pv=0.00448283, s=0.2204]
  * Beta parameters: [s1=0.997406, s2=6.85887]
  * Adjusted p-values: [emp=0.039801, beta=0.0358884]

Processing phenotype [ENSG00000179010.10] [81/176]
  * #variants in cis = 9
  * Best hit: [id=4_internal_7710, d=41407, pv=2.57918e-05, s=0.3200]
  * Beta parameters: [s1=0.999685, s2=9.12542]
  * Adjusted p-values: [emp=0.00497512, beta=0.000170799]

Processing phenotype [ENSG00000170846.11] [82/176]
  * #variants in cis = 9
  * Best hit: [id=4_internal_7710, d=8047, pv=0.000862092, s=0.2469]
  * Beta parameters: [s1=0.982728, s2=8.6888]
  * Adjusted p-values: [emp=0.00995025, beta=0.00711097]

Processing phenotype [ENSG00000251580.1] [83/176]
  * #variants in cis = 9
  * Best hit: [id=4_internal_7337, d=-308360, pv=0.0706491, s=-0.1442]
  * Beta parameters: [s1=1.05066, s2=8.78773]
  * Adjusted p-values: [emp=0.492537, beta=0.464451]

Processing phenotype [ENSG00000246526.2] [84/176]
  * #variants in cis = 9
  * Best hit: [id=4_internal_7710, d=0, pv=1.70914e-05, s=0.3143]
  * Beta parameters: [s1=0.997476, s2=8.24174]
  * Adjusted p-values: [emp=0.00497512, beta=9.30897e-05]

Processing phenotype [ENSG00000268791.1] [85/176]
  * #variants in cis = 9
  * Best hit: [id=4_internal_7032, d=-945767, pv=0.166225, s=0.1075]
  * Beta parameters: [s1=1.02283, s2=7.17887]
  * Adjusted p-values: [emp=0.756219, beta=0.741907]

Processing phenotype [ENSG00000163993.6] [86/176]
  * #variants in cis = 9
  * Best hit: [id=4_internal_7710, d=0, pv=1.26752e-11, s=0.4818]
  * Beta parameters: [s1=0.9564, s2=9.93446]
  * Adjusted p-values: [emp=0.00497512, beta=1.02569e-11]

Processing phenotype [ENSG00000178988.10] [87/176]
  * #variants in cis = 9
  * Best hit: [id=4_internal_7710, d=0, pv=8.54066e-09, s=0.4324]
  * Beta parameters: [s1=1.0515, s2=7.71693]
  * Adjusted p-values: [emp=0.00497512, beta=4.28004e-08]

Processing phenotype [ENSG00000186222.3] [88/176]
  * #variants in cis = 9
  * Best hit: [id=4_internal_9076, d=16186, pv=0.202135, s=-0.1015]
  * Beta parameters: [s1=0.945617, s2=10.6497]
  * Adjusted p-values: [emp=0.890547, beta=0.855299]

Processing phenotype [ENSG00000170871.7] [89/176]
  * #variants in cis = 9
  * Best hit: [id=4_internal_7710, d=-69296, pv=0.00395261, s=0.2247]
  * Beta parameters: [s1=0.86122, s2=6.06522]
  * Adjusted p-values: [emp=0.0597015, beta=0.0484081]

Processing phenotype [ENSG00000132405.14] [90/176]
  * #variants in cis = 9
  * Best hit: [id=4_internal_7672, d=0, pv=2.04496e-08, s=0.4159]
  * Beta parameters: [s1=1.00292, s2=7.67712]
  * Adjusted p-values: [emp=0.00497512, beta=7.68462e-07]

Processing phenotype [ENSG00000187904.3] [91/176]
  * #variants in cis = 9
  * Best hit: [id=4_internal_7672, d=-46616, pv=0.00492564, s=0.2200]
  * Beta parameters: [s1=0.987504, s2=8.683]
  * Adjusted p-values: [emp=0.0298507, beta=0.0331772]

Processing phenotype [ENSG00000202392.1] [92/176]
  * #variants in cis = 9
  * Best hit: [id=4_internal_7337, d=0, pv=0.000483248, s=0.2741]
  * Beta parameters: [s1=1.04174, s2=8.9926]
  * Adjusted p-values: [emp=0.00497512, beta=0.00203375]

Processing phenotype [ENSG00000265550.1] [93/176]
  * #variants in cis = 9
  * Best hit: [id=4_internal_7123, d=-91112, pv=0.0921463, s=0.1341]
  * Beta parameters: [s1=0.991507, s2=8.38127]
  * Adjusted p-values: [emp=0.547264, beta=0.545179]

Processing phenotype [ENSG00000173011.10] [94/176]
  * #variants in cis = 9
  * Best hit: [id=4_internal_7672, d=-93174, pv=0.0846925, s=-0.1339]
  * Beta parameters: [s1=0.962891, s2=8.22133]
  * Adjusted p-values: [emp=0.502488, beta=0.500647]

Processing phenotype [ENSG00000173013.4] [95/176]
  * #variants in cis = 9
  * Best hit: [id=4_internal_7672, d=94276, pv=0.00584718, s=0.2124]
  * Beta parameters: [s1=1.03465, s2=7.16931]
  * Adjusted p-values: [emp=0.0696517, beta=0.059837]

Processing phenotype [ENSG00000245748.1] [96/176]
  * #variants in cis = 9
  * Best hit: [id=4_internal_7672, d=97506, pv=2.74722e-07, s=0.3799]
  * Beta parameters: [s1=0.857655, s2=7.96118]
  * Adjusted p-values: [emp=0.00497512, beta=2.4901e-06]

Processing phenotype [ENSG00000109519.8] [97/176]
  * #variants in cis = 9
  * Best hit: [id=4_internal_7337, d=0, pv=0.0139213, s=0.1931]
  * Beta parameters: [s1=0.913783, s2=7.25642]
  * Adjusted p-values: [emp=0.0945274, beta=0.0860028]

Processing phenotype [ENSG00000245562.2] [98/176]
  * #variants in cis = 9
  * Best hit: [id=4_internal_8761, d=-420974, pv=0.0114103, s=0.1925]
  * Beta parameters: [s1=0.941186, s2=8.02104]
  * Adjusted p-values: [emp=0.079602, beta=0.0843138]

Processing phenotype [ENSG00000125089.11] [99/176]
  * #variants in cis = 8
  * Best hit: [id=4_internal_7717, d=15123, pv=0.00741999, s=0.2026]
  * Beta parameters: [s1=1.01236, s2=7.55115]
  * Adjusted p-values: [emp=0.0497512, beta=0.0537424]

Processing phenotype [ENSG00000170801.5] [100/176]
  * #variants in cis = 8
  * Best hit: [id=4_internal_10162, d=0, pv=1.07981e-05, s=0.3444]
  * Beta parameters: [s1=1.06712, s2=7.53265]
  * Adjusted p-values: [emp=0.00497512, beta=0.000168592]

Processing phenotype [ENSG00000251615.1] [101/176]
  * #variants in cis = 8
  * Best hit: [id=4_internal_9304, d=-60988, pv=0.000135225, s=0.2955]
  * Beta parameters: [s1=1.03122, s2=7.90449]
  * Adjusted p-values: [emp=0.00497512, beta=0.00108846]

Processing phenotype [ENSG00000155275.14] [102/176]
  * #variants in cis = 8
  * Best hit: [id=4_internal_9304, d=0, pv=0.0131623, s=0.1918]
  * Beta parameters: [s1=0.907656, s2=7.1292]
  * Adjusted p-values: [emp=0.0995025, beta=0.0826962]

Processing phenotype [ENSG00000087008.10] [103/176]
  * #variants in cis = 8
  * Best hit: [id=4_internal_9304, d=0, pv=0.000534121, s=0.2654]
  * Beta parameters: [s1=0.983871, s2=6.0447]
  * Adjusted p-values: [emp=0.0149254, beta=0.00655565]

Processing phenotype [ENSG00000251186.1] [104/176]
  * #variants in cis = 8
  * Best hit: [id=4_internal_7032, d=804321, pv=0.131399, s=-0.1139]
  * Beta parameters: [s1=0.909564, s2=7.71859]
  * Adjusted p-values: [emp=0.671642, beta=0.679278]

Processing phenotype [ENSG00000249767.1] [105/176]
  * #variants in cis = 8
  * Best hit: [id=4_internal_9309, d=-686702, pv=0.21434, s=0.0982]
  * Beta parameters: [s1=1.18359, s2=8.15562]
  * Adjusted p-values: [emp=0.860697, beta=0.847434]

Processing phenotype [ENSG00000250413.1] [106/176]
  * #variants in cis = 4
  * Best hit: [id=4_internal_9147, d=0, pv=0.00761537, s=-0.2037]
  * Maximum Likelihood estimation failed, use Moment Matching instead!
  * Beta parameters: [s1=1.00002, s2=4.48288]
  * Adjusted p-values: [emp=0.0447761, beta=0.0290602]

Processing phenotype [ENSG00000109667.7] [107/176]
  * #variants in cis = 4
  * Best hit: [id=4_internal_9147, d=46402, pv=0.00102275, s=-0.2431]
  * Maximum Likelihood estimation failed, use Moment Matching instead!
  * Beta parameters: [s1=1.00002, s2=3.40159]
  * Adjusted p-values: [emp=0.00995025, beta=0.0051913]

Processing phenotype [ENSG00000261490.1] [108/176]
  * #variants in cis = 4
  * Best hit: [id=4_internal_9147, d=64485, pv=0.0497775, s=-0.1507]
  * Maximum Likelihood estimation failed, use Moment Matching instead!
  * Beta parameters: [s1=0.999969, s2=4.47817]
  * Adjusted p-values: [emp=0.164179, beta=0.181263]

Processing phenotype [ENSG00000264931.1] [109/176]
  * #variants in cis = 4
  * Best hit: [id=4_internal_7565, d=-870625, pv=0.100166, s=0.1269]
  * Maximum Likelihood estimation failed, use Moment Matching instead!
  * Beta parameters: [s1=1.00004, s2=3.82917]
  * Adjusted p-values: [emp=0.363184, beta=0.368997]

Processing phenotype [ENSG00000223086.1] [110/176]
  * #variants in cis = 5
  * Best hit: [id=4_internal_9124, d=220068, pv=0.32218, s=0.0786]
  * Maximum Likelihood estimation failed, use Moment Matching instead!
  * Beta parameters: [s1=0.999965, s2=4.84866]
  * Adjusted p-values: [emp=0.865672, beta=0.849079]

Processing phenotype [ENSG00000071127.12] [111/176]
  * #variants in cis = 5
  * Best hit: [id=4_internal_8936, d=-982719, pv=0.257335, s=0.0897]
  * Maximum Likelihood estimation failed, use Moment Matching instead!
  * Beta parameters: [s1=0.999999, s2=4.99529]
  * Adjusted p-values: [emp=0.756219, beta=0.771843]

Processing phenotype [ENSG00000251296.1] [112/176]
  * #variants in cis = 5
  * Best hit: [id=4_internal_8936, d=-931903, pv=0.0445393, s=0.1520]
  * Maximum Likelihood estimation failed, use Moment Matching instead!
  * Beta parameters: [s1=1, s2=5.23793]
  * Adjusted p-values: [emp=0.144279, beta=0.179251]

Processing phenotype [ENSG00000250040.2] [113/176]
  * #variants in cis = 5
  * Best hit: [id=4_internal_9147, d=248087, pv=0.0767328, s=0.1344]
  * Maximum Likelihood estimation failed, use Moment Matching instead!
  * Beta parameters: [s1=1.00005, s2=5.34267]
  * Adjusted p-values: [emp=0.358209, beta=0.325512]

Processing phenotype [ENSG00000178163.3] [114/176]
  * #variants in cis = 6
  * Best hit: [id=4_internal_8162, d=211106, pv=0.184971, s=0.1062]
  * Maximum Likelihood estimation failed, use Moment Matching instead!
  * Beta parameters: [s1=0.999983, s2=5.05613]
  * Adjusted p-values: [emp=0.696517, beta=0.670905]

Processing phenotype [ENSG00000205940.6] [115/176]
  * #variants in cis = 4
  * Best hit: [id=4_internal_8202, d=788157, pv=3.20763e-06, s=-0.3501]
  * Maximum Likelihood estimation failed, use Moment Matching instead!
  * Beta parameters: [s1=1, s2=4.50072]
  * Adjusted p-values: [emp=0.00497512, beta=4.6748e-06]

Processing phenotype [ENSG00000157869.10] [116/176]
  * #variants in cis = 4
  * Best hit: [id=4_internal_7756, d=-42891, pv=0.330791, s=0.0761]
  * Maximum Likelihood estimation failed, use Moment Matching instead!
  * Beta parameters: [s1=1.00006, s2=3.68694]
  * Adjusted p-values: [emp=0.810945, beta=0.783054]

Processing phenotype [ENSG00000038219.8] [117/176]
  * #variants in cis = 4
  * Best hit: [id=4_internal_8048, d=-74092, pv=0.292662, s=-0.0835]
  * Maximum Likelihood estimation failed, use Moment Matching instead!
  * Beta parameters: [s1=0.999975, s2=3.58287]
  * Adjusted p-values: [emp=0.771144, beta=0.76997]

Processing phenotype [ENSG00000248360.2] [118/176]
  * #variants in cis = 9
  * Best hit: [id=4_internal_8872, d=-961851, pv=0.0449015, s=0.1523]
  * Beta parameters: [s1=1.00766, s2=7.53521]
  * Adjusted p-values: [emp=0.298507, beta=0.314268]

Processing phenotype [ENSG00000247624.2] [119/176]
  * #variants in cis = 10
  * Best hit: [id=4_internal_7820, d=136463, pv=0.0975415, s=0.1267]
  * Beta parameters: [s1=1.16993, s2=9.02046]
  * Adjusted p-values: [emp=0.651741, beta=0.632479]

Processing phenotype [ENSG00000137449.11] [120/176]
  * #variants in cis = 10
  * Best hit: [id=4_internal_7820, d=-137092, pv=0.10164, s=0.1305]
  * Beta parameters: [s1=1.09238, s2=9.5913]
  * Adjusted p-values: [emp=0.626866, beta=0.612927]

Processing phenotype [ENSG00000163145.8] [121/176]
  * #variants in cis = 10
  * Best hit: [id=4_internal_9549, d=851959, pv=0.109969, s=0.1211]
  * Beta parameters: [s1=0.979574, s2=9.35778]
  * Adjusted p-values: [emp=0.701493, beta=0.707585]

Processing phenotype [ENSG00000251379.1] [122/176]
  * #variants in cis = 10
  * Best hit: [id=4_internal_9549, d=-771745, pv=0.17663, s=0.1048]
  * Beta parameters: [s1=0.989115, s2=9.39127]
  * Adjusted p-values: [emp=0.81592, beta=0.82983]

Processing phenotype [ENSG00000249252.1] [123/176]
  * #variants in cis = 10
  * Best hit: [id=4_internal_7820, d=562332, pv=0.100497, s=0.1299]
  * Beta parameters: [s1=0.856645, s2=8.3471]
  * Adjusted p-values: [emp=0.651741, beta=0.670848]

Processing phenotype [ENSG00000048342.11] [124/176]
  * #variants in cis = 10
  * Best hit: [id=4_internal_9549, d=721912, pv=0.0518437, s=0.1499]
  * Beta parameters: [s1=0.91664, s2=9.33469]
  * Adjusted p-values: [emp=0.40796, beta=0.392501]

Processing phenotype [ENSG00000249930.1] [125/176]
  * #variants in cis = 10
  * Best hit: [id=4_internal_9549, d=-698805, pv=0.00538344, s=0.2115]
  * Beta parameters: [s1=0.956732, s2=11.483]
  * Adjusted p-values: [emp=0.0547264, beta=0.057294]

Processing phenotype [ENSG00000237765.2] [126/176]
  * #variants in cis = 11
  * Best hit: [id=4_internal_10064, d=279386, pv=0.114114, s=-0.1243]
  * Beta parameters: [s1=0.996021, s2=10.0131]
  * Adjusted p-values: [emp=0.711443, beta=0.728616]

Processing phenotype [ENSG00000118564.10] [127/176]
  * #variants in cis = 11
  * Best hit: [id=4_internal_8138, d=-99412, pv=0.0424626, s=-0.1573]
  * Beta parameters: [s1=0.975763, s2=12.9961]
  * Adjusted p-values: [emp=0.368159, beta=0.380614]

Processing phenotype [ENSG00000109743.6] [128/176]
  * #variants in cis = 11
  * Best hit: [id=4_internal_8872, d=147071, pv=0.089856, s=-0.1335]
  * Beta parameters: [s1=0.958072, s2=9.52682]
  * Adjusted p-values: [emp=0.636816, beta=0.641796]

Processing phenotype [ENSG00000214846.4] [129/176]
  * #variants in cis = 11
  * Best hit: [id=4_internal_9549, d=-460151, pv=0.0445982, s=0.1600]
  * Beta parameters: [s1=1.02762, s2=9.50368]
  * Adjusted p-values: [emp=0.358209, beta=0.362169]

Processing phenotype [ENSG00000248188.2] [130/176]
  * #variants in cis = 11
  * Best hit: [id=4_internal_7820, d=-877613, pv=0.0441445, s=-0.1574]
  * Beta parameters: [s1=0.938033, s2=13.28]
  * Adjusted p-values: [emp=0.402985, beta=0.407363]

Processing phenotype [ENSG00000004468.7] [131/176]
  * #variants in cis = 11
  * Best hit: [id=4_internal_7766, d=-137657, pv=0.0900687, s=-0.1313]
  * Beta parameters: [s1=1.03586, s2=8.9965]
  * Adjusted p-values: [emp=0.61194, beta=0.625985]

Processing phenotype [ENSG00000137441.7] [132/176]
  * #variants in cis = 10
  * Best hit: [id=4_internal_7187, d=-561169, pv=0.0451248, s=-0.1567]
  * Beta parameters: [s1=0.94802, s2=12.8187]
  * Adjusted p-values: [emp=0.323383, beta=0.328342]

Processing phenotype [ENSG00000249234.1] [133/176]
  * #variants in cis = 10
  * Best hit: [id=4_internal_9549, d=12839, pv=0.00211391, s=0.2428]
  * Beta parameters: [s1=1.01283, s2=9.44686]
  * Adjusted p-values: [emp=0.0298507, beta=0.0245175]

Processing phenotype [ENSG00000263327.2] [134/176]
  * #variants in cis = 10
  * Best hit: [id=4_internal_9549, d=0, pv=0.000111849, s=0.3028]
  * Beta parameters: [s1=0.973215, s2=8.07503]
  * Adjusted p-values: [emp=0.00497512, beta=0.00211227]

Processing phenotype [ENSG00000169762.12] [135/176]
  * #variants in cis = 10
  * Best hit: [id=4_internal_9549, d=0, pv=5.68944e-09, s=0.4210]
  * Beta parameters: [s1=0.932597, s2=9.74879]
  * Adjusted p-values: [emp=0.00497512, beta=1.32336e-07]

Processing phenotype [ENSG00000242358.1] [136/176]
  * #variants in cis = 10
  * Best hit: [id=4_internal_9549, d=15791, pv=0.00913605, s=0.2055]
  * Beta parameters: [s1=0.981668, s2=8.16641]
  * Adjusted p-values: [emp=0.0945274, beta=0.0812676]

Processing phenotype [ENSG00000002549.7] [137/176]
  * #variants in cis = 2
  * Best hit: [id=4_internal_8257, d=0, pv=0.0278124, s=0.1677]
  * Maximum Likelihood estimation failed, use Moment Matching instead!
  * Beta parameters: [s1=0.999972, s2=1.8673]
  * Adjusted p-values: [emp=0.0646766, beta=0.0571615]

Processing phenotype [ENSG00000249502.1] [138/176]
  * #variants in cis = 2
  * Best hit: [id=4_internal_8257, d=0, pv=0.0895726, s=0.1328]
  * Maximum Likelihood estimation failed, use Moment Matching instead!
  * Beta parameters: [s1=1.00005, s2=1.89696]
  * Adjusted p-values: [emp=0.228856, beta=0.231856]

Processing phenotype [ENSG00000118579.6] [139/176]
  * #variants in cis = 2
  * Best hit: [id=4_internal_8257, d=0, pv=0.381586, s=-0.0690]
  * Maximum Likelihood estimation failed, use Moment Matching instead!
  * Beta parameters: [s1=1.00003, s2=2.05076]
  * Adjusted p-values: [emp=0.641791, beta=0.632949]

Processing phenotype [ENSG00000254360.1] [140/176]
  * #variants in cis = 2
  * Best hit: [id=4_internal_9941, d=118848, pv=0.023008, s=-0.1716]
  * Maximum Likelihood estimation failed, use Moment Matching instead!
  * Beta parameters: [s1=0.999974, s2=2.3576]
  * Adjusted p-values: [emp=0.0298507, beta=0.0364691]

Processing phenotype [ENSG00000047662.4] [141/176]
  * #variants in cis = 2
  * Best hit: [id=4_internal_9941, d=267921, pv=0.540782, s=-0.0472]
  * Maximum Likelihood estimation failed, use Moment Matching instead!
  * Beta parameters: [s1=1.00003, s2=1.87224]
  * Adjusted p-values: [emp=0.771144, beta=0.778925]

Processing phenotype [ENSG00000163257.6] [142/176]
  * #variants in cis = 2
  * Best hit: [id=4_internal_9941, d=297167, pv=0.726455, s=-0.0275]
  * Maximum Likelihood estimation failed, use Moment Matching instead!
  * Beta parameters: [s1=1.00004, s2=2.0516]
  * Adjusted p-values: [emp=0.950249, beta=0.933972]

Processing phenotype [ENSG00000109805.5] [143/176]
  * #variants in cis = 2
  * Best hit: [id=4_internal_8257, d=-145394, pv=0.246686, s=0.0898]
  * Maximum Likelihood estimation failed, use Moment Matching instead!
  * Beta parameters: [s1=0.999954, s2=2.05411]
  * Adjusted p-values: [emp=0.437811, beta=0.455656]

Processing phenotype [ENSG00000235413.3] [144/176]
  * #variants in cis = 2
  * Best hit: [id=4_internal_8257, d=-246166, pv=0.851885, s=0.0144]
  * Maximum Likelihood estimation failed, use Moment Matching instead!
  * Beta parameters: [s1=1.00006, s2=1.83504]
  * Adjusted p-values: [emp=0.960199, beta=0.973389]

Processing phenotype [ENSG00000178177.9] [145/176]
  * #variants in cis = 2
  * Best hit: [id=4_internal_8257, d=356368, pv=0.186287, s=0.1047]
  * Maximum Likelihood estimation failed, use Moment Matching instead!
  * Beta parameters: [s1=0.999986, s2=1.96046]
  * Adjusted p-values: [emp=0.363184, beta=0.326888]

Processing phenotype [ENSG00000163138.13] [146/176]
  * #variants in cis = 2
  * Best hit: [id=4_internal_7418, d=-502310, pv=0.0525905, s=0.1546]
  * Maximum Likelihood estimation failed, use Moment Matching instead!
  * Beta parameters: [s1=1.00004, s2=2.1196]
  * Adjusted p-values: [emp=0.129353, beta=0.136076]

Processing phenotype [ENSG00000185774.9] [147/176]
  * #variants in cis = 2
  * Best hit: [id=4_internal_9693, d=-838768, pv=0.00400519, s=0.2207]
  * Maximum Likelihood estimation failed, use Moment Matching instead!
  * Beta parameters: [s1=0.999977, s2=1.93166]
  * Adjusted p-values: [emp=0.00497512, beta=0.00579382]

Processing phenotype [ENSG00000152990.9] [148/176]
  * #variants in cis = 4
  * Best hit: [id=4_internal_7824, d=0, pv=0.138445, s=0.1153]
  * Maximum Likelihood estimation failed, use Moment Matching instead!
  * Beta parameters: [s1=0.999989, s2=4.05547]
  * Adjusted p-values: [emp=0.457711, beta=0.445818]

Processing phenotype [ENSG00000237350.1] [149/176]
  * #variants in cis = 4
  * Best hit: [id=4_internal_7712, d=-563404, pv=0.129908, s=0.1194]
  * Maximum Likelihood estimation failed, use Moment Matching instead!
  * Beta parameters: [s1=1.00004, s2=4.65933]
  * Adjusted p-values: [emp=0.432836, beta=0.474304]

Processing phenotype [ENSG00000207697.1] [150/176]
  * #variants in cis = 4
  * Best hit: [id=4_internal_8623, d=-360966, pv=0.429973, s=0.0625]
  * Maximum Likelihood estimation failed, use Moment Matching instead!
  * Beta parameters: [s1=0.999991, s2=3.92464]
  * Adjusted p-values: [emp=0.870647, beta=0.887328]

Processing phenotype [ENSG00000243005.2] [151/176]
  * #variants in cis = 4
  * Best hit: [id=4_internal_9693, d=616604, pv=0.0489638, s=0.1452]
  * Maximum Likelihood estimation failed, use Moment Matching instead!
  * Beta parameters: [s1=0.999964, s2=3.51347]
  * Adjusted p-values: [emp=0.199005, beta=0.18841]

Processing phenotype [ENSG00000109606.8] [152/176]
  * #variants in cis = 4
  * Best hit: [id=4_internal_8623, d=-296706, pv=0.0169817, s=0.1818]
  * Maximum Likelihood estimation failed, use Moment Matching instead!
  * Beta parameters: [s1=0.999975, s2=4.09062]
  * Adjusted p-values: [emp=0.0696517, beta=0.0932491]

Processing phenotype [ENSG00000181982.12] [153/176]
  * #variants in cis = 4
  * Best hit: [id=4_internal_8623, d=48784, pv=2.31839e-15, s=0.5679]
  * Maximum Likelihood estimation failed, use Moment Matching instead!
  * Beta parameters: [s1=1.00003, s2=3.82426]
  * Adjusted p-values: [emp=0.00497512, beta=6.4621e-15]

Processing phenotype [ENSG00000153012.7] [154/176]
  * #variants in cis = 4
  * Best hit: [id=4_internal_8623, d=99459, pv=0.00195173, s=0.2409]
  * Maximum Likelihood estimation failed, use Moment Matching instead!
  * Beta parameters: [s1=0.999997, s2=3.66025]
  * Adjusted p-values: [emp=0.0149254, beta=0.00945874]

Processing phenotype [ENSG00000109618.7] [155/176]
  * #variants in cis = 6
  * Best hit: [id=4_internal_8623, d=229162, pv=0.0234759, s=-0.1731]
  * Maximum Likelihood estimation failed, use Moment Matching instead!
  * Beta parameters: [s1=1.00003, s2=4.61824]
  * Adjusted p-values: [emp=0.169154, beta=0.201473]

Processing phenotype [ENSG00000038210.9] [156/176]
  * #variants in cis = 6
  * Best hit: [id=4_internal_10046, d=0, pv=0.00303888, s=0.2341]
  * Beta parameters: [s1=1.06222, s2=6.12228]
  * Adjusted p-values: [emp=0.0199005, beta=0.0165425]

Processing phenotype [ENSG00000168228.10] [157/176]
  * #variants in cis = 9
  * Best hit: [id=4_internal_8176, d=828018, pv=0.00776466, s=0.2067]
  * Beta parameters: [s1=0.928981, s2=9.93966]
  * Adjusted p-values: [emp=0.0646766, beta=0.0577474]

Processing phenotype [ENSG00000053900.6] [158/176]
  * #variants in cis = 11
  * Best hit: [id=4_internal_9096, d=878642, pv=0.0198905, s=0.1813]
  * Beta parameters: [s1=0.93436, s2=9.50613]
  * Adjusted p-values: [emp=0.179104, beta=0.182338]

Processing phenotype [ENSG00000250317.4] [159/176]
  * #variants in cis = 13
  * Best hit: [id=4_internal_10046, d=-679004, pv=0.0776669, s=0.1346]
  * Beta parameters: [s1=0.980368, s2=11.6312]
  * Adjusted p-values: [emp=0.616915, beta=0.631442]

Processing phenotype [ENSG00000091490.6] [160/176]
  * #variants in cis = 13
  * Best hit: [id=4_internal_10236, d=-63665, pv=0.0105038, s=-0.2021]
  * Beta parameters: [s1=1.0573, s2=10.2747]
  * Adjusted p-values: [emp=0.139303, beta=0.130307]

Processing phenotype [ENSG00000168214.16] [161/176]
  * #variants in cis = 13
  * Best hit: [id=4_internal_11022, d=-73934, pv=1.11856e-08, s=0.4419]
  * Beta parameters: [s1=0.985096, s2=13.0825]
  * Adjusted p-values: [emp=0.00497512, beta=2.67908e-07]

Processing phenotype [ENSG00000109680.6] [162/176]
  * #variants in cis = 12
  * Best hit: [id=4_internal_7730, d=234878, pv=0.0184496, s=-0.1870]
  * Beta parameters: [s1=1.00439, s2=9.35544]
  * Adjusted p-values: [emp=0.20398, beta=0.21331]

Processing phenotype [ENSG00000109689.10] [163/176]
  * #variants in cis = 12
  * Best hit: [id=4_internal_9768, d=4000, pv=1.82027e-17, s=0.6091]
  * Beta parameters: [s1=1.08957, s2=10.266]
  * Adjusted p-values: [emp=0.00497512, beta=1.27335e-16]

Processing phenotype [ENSG00000240005.1] [164/176]
  * #variants in cis = 12
  * Best hit: [id=4_internal_9768, d=-1079, pv=0.00223026, s=0.2392]
  * Beta parameters: [s1=1.14526, s2=13.3525]
  * Adjusted p-values: [emp=0.0149254, beta=0.0233438]

Processing phenotype [ENSG00000248340.2] [165/176]
  * #variants in cis = 12
  * Best hit: [id=4_internal_9768, d=0, pv=2.82626e-11, s=0.4783]
  * Beta parameters: [s1=0.966074, s2=11.9551]
  * Adjusted p-values: [emp=0.00497512, beta=3.34699e-10]

Processing phenotype [ENSG00000248466.1] [166/176]
  * #variants in cis = 3
  * Best hit: [id=4_internal_10841, d=-123030, pv=0.0118524, s=0.1959]
  * Maximum Likelihood estimation failed, use Moment Matching instead!
  * Beta parameters: [s1=0.999964, s2=3.36482]
  * Adjusted p-values: [emp=0.0298507, beta=0.0264999]

Processing phenotype [ENSG00000251160.1] [167/176]
  * #variants in cis = 3
  * Best hit: [id=4_internal_10841, d=-114921, pv=3.25986e-11, s=0.4855]
  * Maximum Likelihood estimation failed, use Moment Matching instead!
  * Beta parameters: [s1=0.999954, s2=2.98011]
  * Adjusted p-values: [emp=0.00497512, beta=4.22061e-10]

Processing phenotype [ENSG00000247193.2] [168/176]
  * #variants in cis = 3
  * Best hit: [id=4_internal_10841, d=0, pv=1.06791e-10, s=0.4750]
  * Maximum Likelihood estimation failed, use Moment Matching instead!
  * Beta parameters: [s1=0.999982, s2=2.5392]
  * Adjusted p-values: [emp=0.00497512, beta=3.95491e-09]

Processing phenotype [ENSG00000047365.6] [169/176]
  * #variants in cis = 3
  * Best hit: [id=4_internal_10841, d=0, pv=8.21106e-19, s=0.6284]
  * Maximum Likelihood estimation failed, use Moment Matching instead!
  * Beta parameters: [s1=0.99997, s2=3.09697]
  * Adjusted p-values: [emp=0.00497512, beta=4.23799e-18]

Processing phenotype [ENSG00000174145.7] [170/176]
  * #variants in cis = 14
  * Best hit: [id=4_internal_7772, d=438129, pv=0.125762, s=0.1169]
  * Beta parameters: [s1=1.07557, s2=15.4473]
  * Adjusted p-values: [emp=0.865672, beta=0.835106]

Processing phenotype [ENSG00000154274.10] [171/176]
  * #variants in cis = 14
  * Best hit: [id=4_internal_9773, d=145104, pv=0.00535529, s=0.2214]
  * Beta parameters: [s1=0.929137, s2=15.5485]
  * Adjusted p-values: [emp=0.0746269, beta=0.0531286]

Processing phenotype [ENSG00000248936.1] [172/176]
  * #variants in cis = 15
  * Best hit: [id=4_internal_7772, d=-93474, pv=0.0547931, s=0.1510]
  * Beta parameters: [s1=0.949214, s2=15.5324]
  * Adjusted p-values: [emp=0.577114, beta=0.588389]

Processing phenotype [ENSG00000181826.5] [173/176]
  * #variants in cis = 15
  * Best hit: [id=4_internal_7772, d=0, pv=0.000362643, s=0.2821]
  * Beta parameters: [s1=1.0032, s2=16.7565]
  * Adjusted p-values: [emp=0.0149254, beta=0.00683419]

Processing phenotype [ENSG00000169299.8] [174/176]
  * #variants in cis = 17
  * Best hit: [id=4_internal_10481, d=0, pv=4.77675e-11, s=0.4871]
  * Beta parameters: [s1=1.08632, s2=17.6101]
  * Adjusted p-values: [emp=0.00497512, beta=7.56032e-11]

Processing phenotype [ENSG00000249863.2] [175/176]
  * #variants in cis = 17
  * Best hit: [id=4_internal_10481, d=0, pv=2.57664e-07, s=0.3874]
  * Beta parameters: [s1=0.870208, s2=14.0286]
  * Adjusted p-values: [emp=0.00497512, beta=2.01797e-05]

Processing phenotype [ENSG00000065882.10] [176/176]
  * #variants in cis = 17
  * Best hit: [id=4_internal_8056, d=0, pv=0.000126304, s=0.2925]
  * Beta parameters: [s1=0.932391, s2=13.6743]
  * Adjusted p-values: [emp=0.00995025, beta=0.00440587]

Running time: 2 seconds
