Sender: LSF System <lsfadmin@cpt04>
Subject: Job 971505: </data/unige/funpopgen/odelanea/SGX/V2/binaries/qtltools/bin/QTLtools cis --vcf /data/unige/funpopgen/grey2/SYSCID/BLUEPRINT_DATA/CRD/THREE_CELL_TYPES/CLOMICS/CELL_TYPE_COMPARISON_GENE_CRD_ASSOCIATIONS/quantify/70_vs_72_ALL.ALLchr.mean.txt.gz --bed /data/unige/funpopgen/grey2/SYSCID/BLUEPRINT_DATA/CRD/THREE_CELL_TYPES/QTL_TOOLS/EGAD00001002675_v3.0/EGAD00001002675_RNA.PC10.bed.gz --permute 200 --chunk 57 100 --out /data/unige/funpopgen/grey2/SYSCID/BLUEPRINT_DATA/CRD/THREE_CELL_TYPES/CLOMICS/CELL_TYPE_COMPARISON_GENE_CRD_ASSOCIATIONS/mapping_aCRD_gene/70_vs_72/gene_CRD_mean_chunk57\.txt> in cluster <ug> Done

Job </data/unige/funpopgen/odelanea/SGX/V2/binaries/qtltools/bin/QTLtools cis --vcf /data/unige/funpopgen/grey2/SYSCID/BLUEPRINT_DATA/CRD/THREE_CELL_TYPES/CLOMICS/CELL_TYPE_COMPARISON_GENE_CRD_ASSOCIATIONS/quantify/70_vs_72_ALL.ALLchr.mean.txt.gz --bed /data/unige/funpopgen/grey2/SYSCID/BLUEPRINT_DATA/CRD/THREE_CELL_TYPES/QTL_TOOLS/EGAD00001002675_v3.0/EGAD00001002675_RNA.PC10.bed.gz --permute 200 --chunk 57 100 --out /data/unige/funpopgen/grey2/SYSCID/BLUEPRINT_DATA/CRD/THREE_CELL_TYPES/CLOMICS/CELL_TYPE_COMPARISON_GENE_CRD_ASSOCIATIONS/mapping_aCRD_gene/70_vs_72/gene_CRD_mean_chunk57\.txt> was submitted from host <cpt01> by user <grey2> in cluster <ug>.
Job was executed on host(s) <cpt04>, in queue <normal>, as user <grey2> in cluster <ug>.
</home/grey2> was used as the home directory.
</data/unige/funpopgen/grey2/SYSCID/BLUEPRINT_DATA/CRD/THREE_CELL_TYPES/CLOMICS/CELL_TYPE_COMPARISON_GENE_CRD_ASSOCIATIONS> was used as the working directory.
Started at Fri Mar 15 14:01:37 2019
Results reported at Fri Mar 15 14:01:44 2019

Your job looked like:

------------------------------------------------------------
# LSBATCH: User input
/data/unige/funpopgen/odelanea/SGX/V2/binaries/qtltools/bin/QTLtools cis --vcf /data/unige/funpopgen/grey2/SYSCID/BLUEPRINT_DATA/CRD/THREE_CELL_TYPES/CLOMICS/CELL_TYPE_COMPARISON_GENE_CRD_ASSOCIATIONS/quantify/70_vs_72_ALL.ALLchr.mean.txt.gz --bed /data/unige/funpopgen/grey2/SYSCID/BLUEPRINT_DATA/CRD/THREE_CELL_TYPES/QTL_TOOLS/EGAD00001002675_v3.0/EGAD00001002675_RNA.PC10.bed.gz --permute 200 --chunk 57 100 --out /data/unige/funpopgen/grey2/SYSCID/BLUEPRINT_DATA/CRD/THREE_CELL_TYPES/CLOMICS/CELL_TYPE_COMPARISON_GENE_CRD_ASSOCIATIONS/mapping_aCRD_gene/70_vs_72/gene_CRD_mean_chunk57\.txt

------------------------------------------------------------

Successfully completed.

Resource usage summary:

    CPU time :               3.46 sec.
    Max Memory :             2.39 MB
    Average Memory :         2.39 MB
    Total Requested Memory : -
    Delta Memory :           -
    (Delta: the difference between total requested memory and actual max usage.)
    Max Swap :               30 MB

    Max Processes :          1
    Max Threads :            1

The output (if any) follows:


[32mQTLtools[0m
  * Authors : Olivier DELANEAU / Halit ONGEN / Emmanouil DERMITZAKIS
  * Contact : olivier.delaneau@gmail.com / halit.ongen@unige.ch / Emmanouil.Dermitzakis@unige.ch
  * Webpage : https://qtltools.github.io/qtltools/
  * Version : 1.1
  * Date    : 15/03/2019 - 14:01:41
  * Citation: A complete tool set for molecular QTL discovery and analysis, https://doi.org/10.1101/068635

[32mMAPPING QTL IN CIS[0m
  * TASK: Perform 200 permutations
  * Linear model: Phe ~ Var
  * Cis-window size is 1000000 bp
  * Chunk = [57/100]

Scanning phenotype data in [/data/unige/funpopgen/grey2/SYSCID/BLUEPRINT_DATA/CRD/THREE_CELL_TYPES/QTL_TOOLS/EGAD00001002675_v3.0/EGAD00001002675_RNA.PC10.bed.gz]
  * 21589 phenotypes included
  * 10706 phenotypes are on the negative strand

Initialize random number generator
  * Built-in seed is 15112011
  * First Integer = 30554
  * First Double = 0.0126695

Reading sample list from [/data/unige/funpopgen/grey2/SYSCID/BLUEPRINT_DATA/CRD/THREE_CELL_TYPES/QTL_TOOLS/EGAD00001002675_v3.0/EGAD00001002675_RNA.PC10.bed.gz]
  * #samples = 196

Reading sample list from [/data/unige/funpopgen/grey2/SYSCID/BLUEPRINT_DATA/CRD/THREE_CELL_TYPES/CLOMICS/CELL_TYPE_COMPARISON_GENE_CRD_ASSOCIATIONS/quantify/70_vs_72_ALL.ALLchr.mean.txt.gz]
  * #samples = 165

Merging sample sets from all input files
  * #files = 2
  * #samples in all files = 165
  * #samples NOT in all files (i.e. ignored) = 31

Reading phenotype data in [/data/unige/funpopgen/grey2/SYSCID/BLUEPRINT_DATA/CRD/THREE_CELL_TYPES/QTL_TOOLS/EGAD00001002675_v3.0/EGAD00001002675_RNA.PC10.bed.gz]
  * target region [12:29301608-57125412]
  * 292 phenotypes included
  * 157 phenotypes are on the negative strand

Reading genotype data in [/data/unige/funpopgen/grey2/SYSCID/BLUEPRINT_DATA/CRD/THREE_CELL_TYPES/CLOMICS/CELL_TYPE_COMPARISON_GENE_CRD_ASSOCIATIONS/quantify/70_vs_72_ALL.ALLchr.mean.txt.gz]
  * File format detected: BED
  * 165 samples included
  * 2 samples without phenotype data
  * target region [12:28301608-58125412]
  * 107 variants included

Processing phenotype [ENSG00000257258.1] [1/292]
  * #variants in cis = 6
  * Best hit: [id=12_internal_9941, d=-27506, pv=0.0311045, s=0.1712]
  * Beta parameters: [s1=0.953047, s2=5.79599]
  * Adjusted p-values: [emp=0.218905, beta=0.184045]

Processing phenotype [ENSG00000064763.5] [2/292]
  * #variants in cis = 6
  * Best hit: [id=12_internal_9941, d=27078, pv=0.0395092, s=0.1642]
  * Beta parameters: [s1=1.01613, s2=6.35175]
  * Adjusted p-values: [emp=0.134328, beta=0.164101]

Processing phenotype [ENSG00000257176.1] [3/292]
  * #variants in cis = 5
  * Best hit: [id=12_internal_9941, d=115666, pv=0.0211779, s=0.1843]
  * Maximum Likelihood estimation failed, use Moment Matching instead!
  * Beta parameters: [s1=1.00005, s2=4.30312]
  * Adjusted p-values: [emp=0.119403, beta=0.11337]

Processing phenotype [ENSG00000087502.13] [4/292]
  * #variants in cis = 5
  * Best hit: [id=12_internal_13974, d=0, pv=7.34562e-06, s=0.3314]
  * Beta parameters: [s1=0.98166, s2=5.38777]
  * Adjusted p-values: [emp=0.00497512, beta=3.70995e-05]

Processing phenotype [ENSG00000257599.1] [5/292]
  * #variants in cis = 5
  * Best hit: [id=12_internal_9706, d=37354, pv=0.00160271, s=0.2519]
  * Beta parameters: [s1=0.975974, s2=5.31612]
  * Adjusted p-values: [emp=0.00995025, beta=0.00582858]

Processing phenotype [ENSG00000187950.4] [6/292]
  * #variants in cis = 5
  * Best hit: [id=12_internal_9706, d=61343, pv=0.00256608, s=0.2405]
  * Maximum Likelihood estimation failed, use Moment Matching instead!
  * Beta parameters: [s1=0.999977, s2=5.30482]
  * Adjusted p-values: [emp=0.0149254, beta=0.00895605]

Processing phenotype [ENSG00000133687.11] [7/292]
  * #variants in cis = 6
  * Best hit: [id=12_internal_13974, d=0, pv=9.5614e-18, s=0.6220]
  * Maximum Likelihood estimation failed, use Moment Matching instead!
  * Beta parameters: [s1=1.00006, s2=4.91169]
  * Adjusted p-values: [emp=0.00497512, beta=6.77288e-16]

Processing phenotype [ENSG00000133704.5] [8/292]
  * #variants in cis = 7
  * Best hit: [id=12_internal_13298, d=0, pv=0.000375988, s=0.2719]
  * Beta parameters: [s1=1.02043, s2=8.47855]
  * Adjusted p-values: [emp=0.00995025, beta=0.0014526]

Processing phenotype [ENSG00000110888.13] [9/292]
  * #variants in cis = 8
  * Best hit: [id=12_internal_13298, d=0, pv=1.13869e-11, s=0.5020]
  * Beta parameters: [s1=1.03036, s2=9.72695]
  * Adjusted p-values: [emp=0.00497512, beta=1.79425e-11]

Processing phenotype [ENSG00000013573.12] [10/292]
  * #variants in cis = 9
  * Best hit: [id=12_internal_10998, d=42990, pv=0.0815264, s=-0.1357]
  * Beta parameters: [s1=1.04219, s2=9.67369]
  * Adjusted p-values: [emp=0.532338, beta=0.510498]

Processing phenotype [ENSG00000256176.1] [11/292]
  * #variants in cis = 11
  * Best hit: [id=12_internal_9559, d=213375, pv=0.115746, s=0.1243]
  * Beta parameters: [s1=0.964082, s2=9.11848]
  * Adjusted p-values: [emp=0.711443, beta=0.72067]

Processing phenotype [ENSG00000177340.4] [12/292]
  * #variants in cis = 11
  * Best hit: [id=12_internal_10998, d=-74060, pv=0.102702, s=-0.1326]
  * Beta parameters: [s1=1.11143, s2=10.7196]
  * Adjusted p-values: [emp=0.681592, beta=0.658097]

Processing phenotype [ENSG00000139146.9] [13/292]
  * #variants in cis = 11
  * Best hit: [id=12_internal_11646, d=-788217, pv=0.00897685, s=-0.1996]
  * Beta parameters: [s1=1.07226, s2=9.87488]
  * Adjusted p-values: [emp=0.109453, beta=0.0936279]

Processing phenotype [ENSG00000170456.10] [14/292]
  * #variants in cis = 17
  * Best hit: [id=12_internal_11894, d=-165575, pv=0.0861576, s=-0.1338]
  * Beta parameters: [s1=0.947885, s2=16.8802]
  * Adjusted p-values: [emp=0.80597, beta=0.812191]

Processing phenotype [ENSG00000139160.9] [15/292]
  * #variants in cis = 17
  * Best hit: [id=12_internal_11894, d=109512, pv=0.0246099, s=0.1715]
  * Beta parameters: [s1=1.02542, s2=19.8759]
  * Adjusted p-values: [emp=0.283582, beta=0.308733]

Processing phenotype [ENSG00000266482.1] [16/292]
  * #variants in cis = 18
  * Best hit: [id=12_internal_13298, d=-889744, pv=0.0283253, s=0.1741]
  * Beta parameters: [s1=0.910259, s2=18.9885]
  * Adjusted p-values: [emp=0.39801, beta=0.386879]

Processing phenotype [ENSG00000151743.6] [17/292]
  * #variants in cis = 18
  * Best hit: [id=12_internal_10370, d=0, pv=0.00945846, s=0.1951]
  * Beta parameters: [s1=1.07849, s2=18.4992]
  * Adjusted p-values: [emp=0.154229, beta=0.143937]

Processing phenotype [ENSG00000267931.1] [18/292]
  * #variants in cis = 18
  * Best hit: [id=12_internal_11894, d=-8575, pv=0.0316283, s=0.1680]
  * Beta parameters: [s1=0.949515, s2=18.3086]
  * Adjusted p-values: [emp=0.358209, beta=0.386776]

Processing phenotype [ENSG00000256843.1] [19/292]
  * #variants in cis = 18
  * Best hit: [id=12_internal_11279, d=-707090, pv=0.0148919, s=-0.1905]
  * Beta parameters: [s1=1.03044, s2=16.3142]
  * Adjusted p-values: [emp=0.253731, beta=0.234771]

Processing phenotype [ENSG00000223722.2] [20/292]
  * #variants in cis = 18
  * Best hit: [id=12_internal_9360, d=456649, pv=0.0755072, s=0.1400]
  * Beta parameters: [s1=1.08284, s2=13.8619]
  * Adjusted p-values: [emp=0.726368, beta=0.716441]

Processing phenotype [ENSG00000188375.3] [21/292]
  * #variants in cis = 18
  * Best hit: [id=12_internal_9349, d=533942, pv=0.0504663, s=-0.1394]
  * Beta parameters: [s1=1.02871, s2=19.0699]
  * Adjusted p-values: [emp=0.577114, beta=0.60147]

Processing phenotype [ENSG00000256372.1] [22/292]
  * #variants in cis = 18
  * Best hit: [id=12_internal_11894, d=0, pv=0.00263658, s=0.2318]
  * Beta parameters: [s1=1.1422, s2=17.4829]
  * Adjusted p-values: [emp=0.0447761, beta=0.0378335]

Processing phenotype [ENSG00000255760.1] [23/292]
  * #variants in cis = 18
  * Best hit: [id=12_internal_11894, d=0, pv=0.000654512, s=0.2610]
  * Beta parameters: [s1=1.00408, s2=13.615]
  * Adjusted p-values: [emp=0.0199005, beta=0.0199193]

Processing phenotype [ENSG00000256465.1] [24/292]
  * #variants in cis = 18
  * Best hit: [id=12_internal_10370, d=0, pv=0.00013464, s=0.3015]
  * Beta parameters: [s1=0.984436, s2=20.1377]
  * Adjusted p-values: [emp=0.00995025, beta=0.0030161]

Processing phenotype [ENSG00000244436.2] [25/292]
  * #variants in cis = 18
  * Best hit: [id=12_internal_11894, d=0, pv=0.000184283, s=0.2892]
  * Beta parameters: [s1=0.949644, s2=16.3311]
  * Adjusted p-values: [emp=0.00497512, beta=0.0028463]

Processing phenotype [ENSG00000252584.1] [26/292]
  * #variants in cis = 18
  * Best hit: [id=12_internal_10370, d=0, pv=0.00391263, s=0.2132]
  * Beta parameters: [s1=1.0745, s2=14.763]
  * Adjusted p-values: [emp=0.104478, beta=0.0879348]

Processing phenotype [ENSG00000242314.1] [27/292]
  * #variants in cis = 18
  * Best hit: [id=12_internal_11266, d=2324, pv=0.000691571, s=0.2501]
  * Beta parameters: [s1=0.977761, s2=15.825]
  * Adjusted p-values: [emp=0.00995025, beta=0.0129645]

Processing phenotype [ENSG00000256987.1] [28/292]
  * #variants in cis = 18
  * Best hit: [id=12_internal_11266, d=0, pv=4.6343e-05, s=0.2990]
  * Beta parameters: [s1=0.956237, s2=18.6027]
  * Adjusted p-values: [emp=0.00497512, beta=0.000835252]

Processing phenotype [ENSG00000174718.7] [29/292]
  * #variants in cis = 18
  * Best hit: [id=12_internal_11266, d=-176, pv=8.36062e-07, s=0.3703]
  * Beta parameters: [s1=1.00076, s2=21.1345]
  * Adjusted p-values: [emp=0.00497512, beta=9.78209e-06]

Processing phenotype [ENSG00000257094.1] [30/292]
  * #variants in cis = 18
  * Best hit: [id=12_internal_11266, d=-47933, pv=0.0156905, s=0.1885]
  * Beta parameters: [s1=0.918276, s2=20.2406]
  * Adjusted p-values: [emp=0.248756, beta=0.230066]

Processing phenotype [ENSG00000257852.1] [31/292]
  * #variants in cis = 18
  * Best hit: [id=12_internal_11279, d=382596, pv=0.101943, s=-0.1255]
  * Beta parameters: [s1=1.07089, s2=16.1448]
  * Adjusted p-values: [emp=0.825871, beta=0.801844]

Processing phenotype [ENSG00000151746.8] [32/292]
  * #variants in cis = 18
  * Best hit: [id=12_internal_10072, d=-735374, pv=0.00117329, s=0.2390]
  * Beta parameters: [s1=1.04231, s2=20.1624]
  * Adjusted p-values: [emp=0.0199005, beta=0.0169786]

Processing phenotype [ENSG00000257530.1] [33/292]
  * #variants in cis = 18
  * Best hit: [id=12_internal_10636, d=-566177, pv=0.0202486, s=-0.1824]
  * Beta parameters: [s1=1.03075, s2=20.3806]
  * Adjusted p-values: [emp=0.273632, beta=0.248623]

Processing phenotype [ENSG00000139132.10] [34/292]
  * #variants in cis = 15
  * Best hit: [id=12_internal_13357, d=0, pv=0.0169734, s=0.1850]
  * Beta parameters: [s1=0.997091, s2=18.0915]
  * Adjusted p-values: [emp=0.313433, beta=0.283718]

Processing phenotype [ENSG00000087470.13] [35/292]
  * #variants in cis = 15
  * Best hit: [id=12_internal_9360, d=-460891, pv=0.0227339, s=-0.1777]
  * Beta parameters: [s1=1.00694, s2=15.1097]
  * Adjusted p-values: [emp=0.283582, beta=0.261379]

Processing phenotype [ENSG00000257511.1] [36/292]
  * #variants in cis = 15
  * Best hit: [id=12_internal_11894, d=723013, pv=0.176687, s=-0.1042]
  * Beta parameters: [s1=1.04719, s2=13.9459]
  * Adjusted p-values: [emp=0.945274, beta=0.941346]

Processing phenotype [ENSG00000139131.8] [37/292]
  * #variants in cis = 15
  * Best hit: [id=12_internal_10636, d=73594, pv=0.245279, s=-0.0877]
  * Beta parameters: [s1=0.876844, s2=14.3476]
  * Adjusted p-values: [emp=0.99005, beta=0.982296]

Processing phenotype [ENSG00000057294.9] [38/292]
  * #variants in cis = 14
  * Best hit: [id=12_internal_11035, d=0, pv=0.00228886, s=0.2344]
  * Beta parameters: [s1=0.92973, s2=14.3255]
  * Adjusted p-values: [emp=0.039801, beta=0.0308094]

Processing phenotype [ENSG00000139133.2] [39/292]
  * #variants in cis = 2
  * Best hit: [id=12_internal_9312, d=-387050, pv=0.296108, s=-0.0829]
  * Maximum Likelihood estimation failed, use Moment Matching instead!
  * Beta parameters: [s1=0.999996, s2=2.13217]
  * Adjusted p-values: [emp=0.467662, beta=0.478458]

Processing phenotype [ENSG00000245482.2] [40/292]
  * #variants in cis = 2
  * Best hit: [id=12_internal_9763, d=-633576, pv=0.731406, s=0.0272]
  * Maximum Likelihood estimation failed, use Moment Matching instead!
  * Beta parameters: [s1=1.00002, s2=1.96096]
  * Adjusted p-values: [emp=0.940299, beta=0.925727]

Processing phenotype [ENSG00000175548.4] [41/292]
  * #variants in cis = 2
  * Best hit: [id=12_internal_10780, d=555254, pv=0.000547969, s=0.2647]
  * Maximum Likelihood estimation failed, use Moment Matching instead!
  * Beta parameters: [s1=1.00003, s2=1.92117]
  * Adjusted p-values: [emp=0.00497512, beta=0.000700615]

Processing phenotype [ENSG00000139117.9] [42/292]
  * #variants in cis = 2
  * Best hit: [id=12_internal_10780, d=16405, pv=5.88096e-05, s=0.3160]
  * Maximum Likelihood estimation failed, use Moment Matching instead!
  * Beta parameters: [s1=0.999955, s2=1.98515]
  * Adjusted p-values: [emp=0.00497512, beta=0.000237585]

Processing phenotype [ENSG00000180116.10] [43/292]
  * #variants in cis = 7
  * Best hit: [id=12_internal_13871, d=290879, pv=0.131326, s=-0.1141]
  * Beta parameters: [s1=0.93475, s2=8.69987]
  * Adjusted p-values: [emp=0.572139, beta=0.583279]

Processing phenotype [ENSG00000248865.1] [44/292]
  * #variants in cis = 7
  * Best hit: [id=12_internal_8851, d=-678469, pv=0.216268, s=-0.0964]
  * Beta parameters: [s1=0.951237, s2=5.8937]
  * Adjusted p-values: [emp=0.825871, beta=0.814106]

Processing phenotype [ENSG00000151229.7] [45/292]
  * #variants in cis = 6
  * Best hit: [id=12_internal_10102, d=-51110, pv=0.0363131, s=0.1618]
  * Beta parameters: [s1=1.05279, s2=6.14494]
  * Adjusted p-values: [emp=0.199005, beta=0.186962]

Processing phenotype [ENSG00000260943.1] [46/292]
  * #variants in cis = 6
  * Best hit: [id=12_internal_13871, d=0, pv=6.66286e-06, s=0.3294]
  * Beta parameters: [s1=0.971262, s2=6.07662]
  * Adjusted p-values: [emp=0.00497512, beta=2.54244e-05]

Processing phenotype [ENSG00000223914.1] [47/292]
  * #variants in cis = 6
  * Best hit: [id=12_internal_10665, d=0, pv=0.000362062, s=0.2649]
  * Maximum Likelihood estimation failed, use Moment Matching instead!
  * Beta parameters: [s1=1.00003, s2=4.71355]
  * Adjusted p-values: [emp=0.00497512, beta=0.00446155]

Processing phenotype [ENSG00000188906.9] [48/292]
  * #variants in cis = 6
  * Best hit: [id=12_internal_13871, d=0, pv=5.32886e-08, s=0.4145]
  * Beta parameters: [s1=0.981026, s2=5.61486]
  * Adjusted p-values: [emp=0.00497512, beta=6.36691e-07]

Processing phenotype [ENSG00000225342.1] [49/292]
  * #variants in cis = 6
  * Best hit: [id=12_internal_10665, d=0, pv=0.316789, s=0.0792]
  * Beta parameters: [s1=0.840458, s2=7.33471]
  * Adjusted p-values: [emp=0.915423, beta=0.916161]

Processing phenotype [ENSG00000229899.1] [50/292]
  * #variants in cis = 6
  * Best hit: [id=12_internal_10603, d=-74177, pv=0.000209584, s=0.2727]
  * Maximum Likelihood estimation failed, use Moment Matching instead!
  * Beta parameters: [s1=0.999947, s2=5.259]
  * Adjusted p-values: [emp=0.00497512, beta=0.000966777]

Processing phenotype [ENSG00000205592.6] [51/292]
  * #variants in cis = 6
  * Best hit: [id=12_internal_8851, d=120834, pv=0.0970343, s=0.1330]
  * Maximum Likelihood estimation failed, use Moment Matching instead!
  * Beta parameters: [s1=0.999955, s2=4.72387]
  * Adjusted p-values: [emp=0.432836, beta=0.444014]

Processing phenotype [ENSG00000151233.6] [52/292]
  * #variants in cis = 7
  * Best hit: [id=12_internal_9968, d=-54686, pv=0.00077257, s=0.2682]
  * Beta parameters: [s1=1.1342, s2=8.66626]
  * Adjusted p-values: [emp=0.00497512, beta=0.00462408]

Processing phenotype [ENSG00000269367.1] [53/292]
  * #variants in cis = 7
  * Best hit: [id=12_internal_12337, d=16728, pv=0.0036593, s=0.2239]
  * Maximum Likelihood estimation failed, use Moment Matching instead!
  * Beta parameters: [s1=0.999982, s2=5.21039]
  * Adjusted p-values: [emp=0.0248756, beta=0.0416289]

Processing phenotype [ENSG00000015153.10] [54/292]
  * #variants in cis = 7
  * Best hit: [id=12_internal_12337, d=-8627, pv=0.00144511, s=0.2479]
  * Beta parameters: [s1=0.968253, s2=6.80737]
  * Adjusted p-values: [emp=0.0199005, beta=0.0110595]

Processing phenotype [ENSG00000134283.12] [55/292]
  * #variants in cis = 7
  * Best hit: [id=12_internal_9175, d=0, pv=0.0180401, s=0.1875]
  * Beta parameters: [s1=1.03478, s2=6.82407]
  * Adjusted p-values: [emp=0.114428, beta=0.113529]

Processing phenotype [ENSG00000139168.3] [56/292]
  * #variants in cis = 7
  * Best hit: [id=12_internal_9729, d=719491, pv=0.0610158, s=0.1453]
  * Beta parameters: [s1=1.02754, s2=6.05884]
  * Adjusted p-values: [emp=0.393035, beta=0.392504]

Processing phenotype [ENSG00000252917.1] [57/292]
  * #variants in cis = 7
  * Best hit: [id=12_internal_9175, d=19269, pv=0.0564822, s=0.1438]
  * Beta parameters: [s1=0.937804, s2=7.45207]
  * Adjusted p-values: [emp=0.318408, beta=0.326854]

Processing phenotype [ENSG00000257376.1] [58/292]
  * #variants in cis = 7
  * Best hit: [id=12_internal_9968, d=210231, pv=0.143053, s=-0.1159]
  * Beta parameters: [s1=0.911509, s2=6.19553]
  * Adjusted p-values: [emp=0.626866, beta=0.646296]

Processing phenotype [ENSG00000257742.1] [59/292]
  * #variants in cis = 1
  * Best hit: [id=12_internal_10715, d=384567, pv=0.0331059, s=-0.1735]
  * Maximum Likelihood estimation failed, use Moment Matching instead!
  * Beta parameters: [s1=1.00002, s2=0.964911]
  * Adjusted p-values: [emp=0.0348259, beta=0.0279448]

Processing phenotype [ENSG00000257896.1] [60/292]
  * #variants in cis = 1
  * Best hit: [id=12_internal_10715, d=-397195, pv=0.611043, s=-0.0372]
  * Maximum Likelihood estimation failed, use Moment Matching instead!
  * Beta parameters: [s1=0.999988, s2=0.898636]
  * Adjusted p-values: [emp=0.60199, beta=0.596503]

Processing phenotype [ENSG00000129317.10] [61/292]
  * #variants in cis = 1
  * Best hit: [id=12_internal_10715, d=419384, pv=0.0198038, s=-0.1822]
  * Maximum Likelihood estimation failed, use Moment Matching instead!
  * Beta parameters: [s1=1.00002, s2=0.873044]
  * Adjusted p-values: [emp=0.0248756, beta=0.0343279]

Processing phenotype [ENSG00000198001.9] [62/292]
  * #variants in cis = 1
  * Best hit: [id=12_internal_10715, d=-419511, pv=0.262353, s=-0.0892]
  * Maximum Likelihood estimation failed, use Moment Matching instead!
  * Beta parameters: [s1=0.999989, s2=0.92843]
  * Adjusted p-values: [emp=0.248756, beta=0.234725]

Processing phenotype [ENSG00000151239.9] [63/292]
  * #variants in cis = 1
  * Best hit: [id=12_internal_10715, d=466942, pv=0.490048, s=0.0547]
  * Maximum Likelihood estimation failed, use Moment Matching instead!
  * Beta parameters: [s1=1.00003, s2=0.823938]
  * Adjusted p-values: [emp=0.442786, beta=0.431244]

Processing phenotype [ENSG00000177119.11] [64/292]
  * #variants in cis = 5
  * Best hit: [id=12_internal_11612, d=-9123, pv=5.74378e-05, s=0.3051]
  * Maximum Likelihood estimation failed, use Moment Matching instead!
  * Beta parameters: [s1=1.00005, s2=4.06817]
  * Adjusted p-values: [emp=0.00497512, beta=0.00119725]

Processing phenotype [ENSG00000189079.10] [65/292]
  * #variants in cis = 7
  * Best hit: [id=12_internal_9899, d=-151080, pv=0.0355443, s=0.1601]
  * Beta parameters: [s1=0.999347, s2=7.09369]
  * Adjusted p-values: [emp=0.228856, beta=0.239588]

Processing phenotype [ENSG00000265093.1] [66/292]
  * #variants in cis = 7
  * Best hit: [id=12_internal_9899, d=-295444, pv=0.196563, s=0.1014]
  * Beta parameters: [s1=0.942216, s2=8.02749]
  * Adjusted p-values: [emp=0.756219, beta=0.770472]

Processing phenotype [ENSG00000139218.12] [67/292]
  * #variants in cis = 8
  * Best hit: [id=12_internal_9226, d=-453388, pv=0.000740113, s=0.2498]
  * Beta parameters: [s1=1.03749, s2=8.748]
  * Adjusted p-values: [emp=0.00995025, beta=0.00432002]

Processing phenotype [ENSG00000111371.10] [68/292]
  * #variants in cis = 9
  * Best hit: [id=12_internal_9126, d=0, pv=9.88036e-09, s=0.4170]
  * Beta parameters: [s1=0.959621, s2=7.66299]
  * Adjusted p-values: [emp=0.00497512, beta=1.69593e-07]

Processing phenotype [ENSG00000258096.1] [69/292]
  * #variants in cis = 9
  * Best hit: [id=12_internal_10318, d=549142, pv=0.00462787, s=-0.2250]
  * Beta parameters: [s1=0.92647, s2=8.83526]
  * Adjusted p-values: [emp=0.0447761, beta=0.045477]

Processing phenotype [ENSG00000134294.9] [70/292]
  * #variants in cis = 9
  * Best hit: [id=12_internal_10318, d=-547738, pv=0.0397446, s=-0.1662]
  * Beta parameters: [s1=0.91776, s2=9.56214]
  * Adjusted p-values: [emp=0.273632, beta=0.290507]

Processing phenotype [ENSG00000257261.1] [71/292]
  * #variants in cis = 9
  * Best hit: [id=12_internal_8918, d=165593, pv=0.000442105, s=0.2721]
  * Beta parameters: [s1=0.990454, s2=6.89713]
  * Adjusted p-values: [emp=0.00995025, beta=0.00577823]

Processing phenotype [ENSG00000257496.1] [72/292]
  * #variants in cis = 9
  * Best hit: [id=12_internal_8918, d=-162281, pv=4.4221e-05, s=0.3159]
  * Beta parameters: [s1=0.897858, s2=8.06119]
  * Adjusted p-values: [emp=0.00497512, beta=0.000510555]

Processing phenotype [ENSG00000179715.8] [73/292]
  * #variants in cis = 11
  * Best hit: [id=12_internal_13211, d=0, pv=0.175763, s=0.1070]
  * Beta parameters: [s1=1.00001, s2=11.0778]
  * Adjusted p-values: [emp=0.850746, beta=0.849134]

Processing phenotype [ENSG00000139211.5] [74/292]
  * #variants in cis = 11
  * Best hit: [id=12_internal_8918, d=516255, pv=0.00849156, s=0.1911]
  * Beta parameters: [s1=0.969238, s2=9.95357]
  * Adjusted p-values: [emp=0.104478, beta=0.0933248]

Processing phenotype [ENSG00000258352.1] [75/292]
  * #variants in cis = 11
  * Best hit: [id=12_internal_10285, d=897706, pv=0.0477228, s=-0.1585]
  * Beta parameters: [s1=1.06565, s2=11.3297]
  * Adjusted p-values: [emp=0.422886, beta=0.39774]

Processing phenotype [ENSG00000247774.2] [76/292]
  * #variants in cis = 11
  * Best hit: [id=12_internal_8918, d=652760, pv=0.119504, s=0.1207]
  * Beta parameters: [s1=0.966019, s2=9.68657]
  * Adjusted p-values: [emp=0.756219, beta=0.757979]

Processing phenotype [ENSG00000257905.1] [77/292]
  * #variants in cis = 7
  * Best hit: [id=12_internal_10875, d=-392932, pv=0.0266514, s=0.1744]
  * Beta parameters: [s1=0.991469, s2=10.6495]
  * Adjusted p-values: [emp=0.114428, beta=0.118631]

Processing phenotype [ENSG00000005175.5] [78/292]
  * #variants in cis = 7
  * Best hit: [id=12_internal_10875, d=505785, pv=0.000205285, s=0.2863]
  * Beta parameters: [s1=0.995197, s2=6.5009]
  * Adjusted p-values: [emp=0.00497512, beta=0.00255733]

Processing phenotype [ENSG00000257433.1] [79/292]
  * #variants in cis = 7
  * Best hit: [id=12_internal_10578, d=7959, pv=0.00726102, s=0.1917]
  * Beta parameters: [s1=0.961706, s2=7.0515]
  * Adjusted p-values: [emp=0.0646766, beta=0.0498766]

Processing phenotype [ENSG00000111405.4] [80/292]
  * #variants in cis = 7
  * Best hit: [id=12_internal_10578, d=0, pv=0.0616055, s=0.1300]
  * Beta parameters: [s1=0.999046, s2=7.35204]
  * Adjusted p-values: [emp=0.318408, beta=0.287151]

Processing phenotype [ENSG00000211584.9] [81/292]
  * #variants in cis = 7
  * Best hit: [id=12_internal_9793, d=18215, pv=4.06799e-05, s=0.3144]
  * Beta parameters: [s1=1.10888, s2=8.7968]
  * Adjusted p-values: [emp=0.00497512, beta=9.40193e-05]

Processing phenotype [ENSG00000079337.10] [82/292]
  * #variants in cis = 8
  * Best hit: [id=12_internal_10578, d=3554, pv=0.000159988, s=0.2654]
  * Beta parameters: [s1=0.98771, s2=8.07612]
  * Adjusted p-values: [emp=0.00497512, beta=0.00142727]

Processing phenotype [ENSG00000268069.1] [83/292]
  * #variants in cis = 8
  * Best hit: [id=12_internal_9793, d=0, pv=0.00201706, s=0.2417]
  * Beta parameters: [s1=1.03636, s2=8.58126]
  * Adjusted p-values: [emp=0.0199005, beta=0.0130294]

Processing phenotype [ENSG00000257488.1] [84/292]
  * #variants in cis = 8
  * Best hit: [id=12_internal_13211, d=-428526, pv=0.0454752, s=-0.1547]
  * Beta parameters: [s1=1.08389, s2=6.93508]
  * Adjusted p-values: [emp=0.343284, beta=0.321806]

Processing phenotype [ENSG00000061273.12] [85/292]
  * #variants in cis = 8
  * Best hit: [id=12_internal_9793, d=0, pv=8.31465e-05, s=0.3053]
  * Beta parameters: [s1=0.914408, s2=7.19444]
  * Adjusted p-values: [emp=0.00497512, beta=0.000543277]

Processing phenotype [ENSG00000205537.2] [86/292]
  * #variants in cis = 8
  * Best hit: [id=12_internal_12272, d=154606, pv=0.0296907, s=0.1746]
  * Beta parameters: [s1=0.982113, s2=9.73631]
  * Adjusted p-values: [emp=0.19403, beta=0.190264]

Processing phenotype [ENSG00000111424.6] [87/292]
  * #variants in cis = 8
  * Best hit: [id=12_internal_12272, d=-94207, pv=0.00877641, s=0.2069]
  * Beta parameters: [s1=0.930369, s2=9.1229]
  * Adjusted p-values: [emp=0.0845771, beta=0.0612223]

Processing phenotype [ENSG00000134291.7] [88/292]
  * #variants in cis = 7
  * Best hit: [id=12_internal_12970, d=-430203, pv=0.247558, s=0.0905]
  * Beta parameters: [s1=1.0722, s2=7.39143]
  * Adjusted p-values: [emp=0.845771, beta=0.859258]

Processing phenotype [ENSG00000257985.1] [89/292]
  * #variants in cis = 7
  * Best hit: [id=12_internal_9211, d=753275, pv=0.153605, s=-0.1139]
  * Beta parameters: [s1=1.06708, s2=7.91225]
  * Adjusted p-values: [emp=0.716418, beta=0.704754]

Processing phenotype [ENSG00000240399.1] [90/292]
  * #variants in cis = 7
  * Best hit: [id=12_internal_12272, d=0, pv=0.0164152, s=0.1845]
  * Beta parameters: [s1=1.08541, s2=6.17278]
  * Adjusted p-values: [emp=0.0995025, beta=0.108779]

Processing phenotype [ENSG00000222635.1] [91/292]
  * #variants in cis = 7
  * Best hit: [id=12_internal_9211, d=683260, pv=0.0738413, s=0.1397]
  * Beta parameters: [s1=1.13024, s2=6.69455]
  * Adjusted p-values: [emp=0.393035, beta=0.389164]

Processing phenotype [ENSG00000226138.3] [92/292]
  * #variants in cis = 7
  * Best hit: [id=12_internal_12272, d=0, pv=0.0276986, s=0.1725]
  * Beta parameters: [s1=1.16465, s2=9.38307]
  * Adjusted p-values: [emp=0.159204, beta=0.150054]

Processing phenotype [ENSG00000152556.11] [93/292]
  * #variants in cis = 8
  * Best hit: [id=12_internal_12272, d=0, pv=0.00989668, s=0.2009]
  * Beta parameters: [s1=1.10043, s2=8.24005]
  * Adjusted p-values: [emp=0.104478, beta=0.0990753]

Processing phenotype [ENSG00000079387.9] [94/292]
  * #variants in cis = 8
  * Best hit: [id=12_internal_12272, d=0, pv=2.04377e-06, s=0.3703]
  * Beta parameters: [s1=0.972907, s2=9.43782]
  * Adjusted p-values: [emp=0.00497512, beta=6.55467e-06]

Processing phenotype [ENSG00000177981.6] [95/292]
  * #variants in cis = 9
  * Best hit: [id=12_internal_12272, d=0, pv=1.03773e-11, s=0.4986]
  * Beta parameters: [s1=0.972354, s2=8.33823]
  * Adjusted p-values: [emp=0.00497512, beta=8.91649e-11]

Processing phenotype [ENSG00000269514.1] [96/292]
  * #variants in cis = 9
  * Best hit: [id=12_internal_12272, d=0, pv=1.37464e-15, s=0.5605]
  * Beta parameters: [s1=1.01186, s2=9.13288]
  * Adjusted p-values: [emp=0.00497512, beta=5.24989e-15]

Processing phenotype [ENSG00000172640.2] [97/292]
  * #variants in cis = 8
  * Best hit: [id=12_internal_12272, d=0, pv=1.0869e-13, s=0.5133]
  * Beta parameters: [s1=0.818399, s2=7.58258]
  * Adjusted p-values: [emp=0.00497512, beta=2.0425e-11]

Processing phenotype [ENSG00000257735.1] [98/292]
  * #variants in cis = 8
  * Best hit: [id=12_internal_12272, d=0, pv=4.34022e-18, s=0.6197]
  * Beta parameters: [s1=0.775542, s2=7.82182]
  * Adjusted p-values: [emp=0.00497512, beta=1.07834e-14]

Processing phenotype [ENSG00000167528.8] [99/292]
  * #variants in cis = 8
  * Best hit: [id=12_internal_12272, d=0, pv=3.30215e-30, s=0.7136]
  * Beta parameters: [s1=1.10079, s2=7.97172]
  * Adjusted p-values: [emp=0.00497512, beta=3.35866e-30]

Processing phenotype [ENSG00000257763.1] [100/292]
  * #variants in cis = 8
  * Best hit: [id=12_internal_12272, d=0, pv=7.25506e-21, s=0.6470]
  * Beta parameters: [s1=0.968549, s2=7.23555]
  * Adjusted p-values: [emp=0.00497512, beta=8.49784e-19]

Processing phenotype [ENSG00000269282.1] [101/292]
  * #variants in cis = 8
  * Best hit: [id=12_internal_12272, d=0, pv=2.70397e-12, s=0.5075]
  * Beta parameters: [s1=0.979516, s2=8.47074]
  * Adjusted p-values: [emp=0.00497512, beta=4.57607e-12]

Processing phenotype [ENSG00000221491.2] [102/292]
  * #variants in cis = 7
  * Best hit: [id=12_internal_9793, d=815679, pv=0.0536555, s=0.1558]
  * Beta parameters: [s1=0.910835, s2=6.53021]
  * Adjusted p-values: [emp=0.368159, beta=0.379205]

Processing phenotype [ENSG00000206612.1] [103/292]
  * #variants in cis = 7
  * Best hit: [id=12_internal_9793, d=817943, pv=0.0506751, s=0.1560]
  * Beta parameters: [s1=1.06975, s2=7.8312]
  * Adjusted p-values: [emp=0.343284, beta=0.315966]

Processing phenotype [ENSG00000207313.1] [104/292]
  * #variants in cis = 7
  * Best hit: [id=12_internal_12272, d=220780, pv=0.0999179, s=0.1306]
  * Beta parameters: [s1=0.913053, s2=5.84942]
  * Adjusted p-values: [emp=0.462687, beta=0.475814]

Processing phenotype [ENSG00000139620.8] [105/292]
  * #variants in cis = 7
  * Best hit: [id=12_internal_12272, d=235425, pv=0.0205101, s=0.1832]
  * Beta parameters: [s1=1.05822, s2=7.57881]
  * Adjusted p-values: [emp=0.149254, beta=0.15341]

Processing phenotype [ENSG00000129315.5] [106/292]
  * #variants in cis = 7
  * Best hit: [id=12_internal_10897, d=-711415, pv=0.113369, s=0.1187]
  * Beta parameters: [s1=0.834691, s2=6.86026]
  * Adjusted p-values: [emp=0.472637, beta=0.529744]

Processing phenotype [ENSG00000167535.3] [107/292]
  * #variants in cis = 6
  * Best hit: [id=12_internal_8994, d=289716, pv=0.264991, s=0.0861]
  * Beta parameters: [s1=1.08396, s2=6.30177]
  * Adjusted p-values: [emp=0.830846, beta=0.850095]

Processing phenotype [ENSG00000174243.4] [108/292]
  * #variants in cis = 5
  * Best hit: [id=12_internal_10897, d=-575471, pv=0.327632, s=0.0748]
  * Maximum Likelihood estimation failed, use Moment Matching instead!
  * Beta parameters: [s1=0.99996, s2=4.27295]
  * Adjusted p-values: [emp=0.820896, beta=0.839596]

Processing phenotype [ENSG00000239617.1] [109/292]
  * #variants in cis = 5
  * Best hit: [id=12_internal_10897, d=-524500, pv=0.237573, s=-0.0856]
  * Maximum Likelihood estimation failed, use Moment Matching instead!
  * Beta parameters: [s1=0.999985, s2=5.19247]
  * Adjusted p-values: [emp=0.706468, beta=0.716476]

Processing phenotype [ENSG00000139537.6] [110/292]
  * #variants in cis = 5
  * Best hit: [id=12_internal_10897, d=524203, pv=0.0124817, s=-0.1943]
  * Maximum Likelihood estimation failed, use Moment Matching instead!
  * Beta parameters: [s1=0.999955, s2=4.83257]
  * Adjusted p-values: [emp=0.0746269, beta=0.0745202]

Processing phenotype [ENSG00000134285.6] [111/292]
  * #variants in cis = 5
  * Best hit: [id=12_internal_10897, d=-501839, pv=0.0165313, s=-0.1850]
  * Maximum Likelihood estimation failed, use Moment Matching instead!
  * Beta parameters: [s1=1.00005, s2=4.69007]
  * Adjusted p-values: [emp=0.104478, beta=0.0995594]

Processing phenotype [ENSG00000201678.1] [112/292]
  * #variants in cis = 5
  * Best hit: [id=12_internal_12272, d=481220, pv=0.069894, s=0.1434]
  * Beta parameters: [s1=0.914167, s2=6.88047]
  * Adjusted p-values: [emp=0.333333, beta=0.326248]

Processing phenotype [ENSG00000255863.1] [113/292]
  * #variants in cis = 5
  * Best hit: [id=12_internal_10897, d=-488650, pv=0.00226077, s=-0.2391]
  * Maximum Likelihood estimation failed, use Moment Matching instead!
  * Beta parameters: [s1=1.00004, s2=4.33955]
  * Adjusted p-values: [emp=0.00995025, beta=0.0219892]

Processing phenotype [ENSG00000224453.2] [114/292]
  * #variants in cis = 6
  * Best hit: [id=12_internal_10897, d=-470849, pv=0.0577221, s=-0.1534]
  * Beta parameters: [s1=0.972196, s2=6.36983]
  * Adjusted p-values: [emp=0.323383, beta=0.301965]

Processing phenotype [ENSG00000134287.4] [115/292]
  * #variants in cis = 6
  * Best hit: [id=12_internal_10897, d=-470762, pv=0.0303718, s=-0.1739]
  * Maximum Likelihood estimation failed, use Moment Matching instead!
  * Beta parameters: [s1=1.00002, s2=4.74787]
  * Adjusted p-values: [emp=0.144279, beta=0.175876]

Processing phenotype [ENSG00000257913.1] [116/292]
  * #variants in cis = 7
  * Best hit: [id=12_internal_12272, d=-551554, pv=0.248307, s=-0.0915]
  * Beta parameters: [s1=1.01067, s2=6.55523]
  * Adjusted p-values: [emp=0.870647, beta=0.873694]

Processing phenotype [ENSG00000181418.7] [117/292]
  * #variants in cis = 7
  * Best hit: [id=12_internal_9779, d=-942417, pv=0.223173, s=-0.0962]
  * Beta parameters: [s1=1.07372, s2=8.64075]
  * Adjusted p-values: [emp=0.860697, beta=0.864271]

Processing phenotype [ENSG00000181929.6] [118/292]
  * #variants in cis = 7
  * Best hit: [id=12_internal_9779, d=-922529, pv=0.180813, s=-0.1068]
  * Beta parameters: [s1=0.964677, s2=6.82322]
  * Adjusted p-values: [emp=0.731343, beta=0.736307]

Processing phenotype [ENSG00000167548.10] [119/292]
  * #variants in cis = 7
  * Best hit: [id=12_internal_8994, d=-43736, pv=0.0388403, s=-0.1585]
  * Beta parameters: [s1=0.913808, s2=7.39937]
  * Adjusted p-values: [emp=0.283582, beta=0.28038]

Processing phenotype [ENSG00000167550.6] [120/292]
  * #variants in cis = 7
  * Best hit: [id=12_internal_9625, d=-904151, pv=0.199269, s=-0.1000]
  * Beta parameters: [s1=1.07349, s2=7.6412]
  * Adjusted p-values: [emp=0.830846, beta=0.811934]

Processing phenotype [ENSG00000139636.11] [121/292]
  * #variants in cis = 7
  * Best hit: [id=12_internal_8994, d=0, pv=0.0232461, s=0.1732]
  * Beta parameters: [s1=1.01464, s2=7.27227]
  * Adjusted p-values: [emp=0.114428, beta=0.14058]

Processing phenotype [ENSG00000258017.1] [122/292]
  * #variants in cis = 7
  * Best hit: [id=12_internal_10061, d=1075, pv=0.255901, s=-0.0870]
  * Beta parameters: [s1=1.02052, s2=6.66101]
  * Adjusted p-values: [emp=0.855721, beta=0.865243]

Processing phenotype [ENSG00000123416.10] [123/292]
  * #variants in cis = 7
  * Best hit: [id=12_internal_10061, d=0, pv=0.535688, s=-0.0478]
  * Beta parameters: [s1=0.945157, s2=6.29096]
  * Adjusted p-values: [emp=1, beta=0.991143]

Processing phenotype [ENSG00000200309.1] [124/292]
  * #variants in cis = 7
  * Best hit: [id=12_internal_9779, d=-808779, pv=0.183846, s=-0.1067]
  * Beta parameters: [s1=0.927219, s2=6.1736]
  * Adjusted p-values: [emp=0.741294, beta=0.736996]

Processing phenotype [ENSG00000167553.10] [125/292]
  * #variants in cis = 7
  * Best hit: [id=12_internal_10897, d=239577, pv=0.094688, s=-0.1260]
  * Beta parameters: [s1=0.984687, s2=7.63992]
  * Adjusted p-values: [emp=0.467662, beta=0.473368]

Processing phenotype [ENSG00000167552.8] [126/292]
  * #variants in cis = 7
  * Best hit: [id=12_internal_10061, d=0, pv=0.160233, s=0.1080]
  * Beta parameters: [s1=1.14168, s2=7.52698]
  * Adjusted p-values: [emp=0.781095, beta=0.763592]

Processing phenotype [ENSG00000258101.1] [127/292]
  * #variants in cis = 8
  * Best hit: [id=12_internal_8994, d=101002, pv=0.00492974, s=-0.2197]
  * Beta parameters: [s1=1.04938, s2=7.44912]
  * Adjusted p-values: [emp=0.0497512, beta=0.0328352]

Processing phenotype [ENSG00000258232.1] [128/292]
  * #variants in cis = 8
  * Best hit: [id=12_internal_8994, d=109552, pv=0.0133961, s=-0.1916]
  * Beta parameters: [s1=0.956282, s2=8.59377]
  * Adjusted p-values: [emp=0.0845771, beta=0.073063]

Processing phenotype [ENSG00000123352.12] [129/292]
  * #variants in cis = 8
  * Best hit: [id=12_internal_9625, d=607592, pv=0.296127, s=-0.0851]
  * Beta parameters: [s1=0.960533, s2=8.68156]
  * Adjusted p-values: [emp=0.960199, beta=0.951153]

Processing phenotype [ENSG00000135519.5] [130/292]
  * #variants in cis = 8
  * Best hit: [id=12_internal_8969, d=997147, pv=0.0593002, s=0.1408]
  * Beta parameters: [s1=0.956513, s2=9.79858]
  * Adjusted p-values: [emp=0.373134, beta=0.373233]

Processing phenotype [ENSG00000187778.9] [131/292]
  * #variants in cis = 8
  * Best hit: [id=12_internal_9779, d=-373573, pv=0.0338132, s=0.1609]
  * Beta parameters: [s1=1.0471, s2=8.61763]
  * Adjusted p-values: [emp=0.233831, beta=0.205261]

Processing phenotype [ENSG00000110844.8] [132/292]
  * #variants in cis = 8
  * Best hit: [id=12_internal_10061, d=-332473, pv=0.0527101, s=0.1484]
  * Beta parameters: [s1=1.02878, s2=8.21156]
  * Adjusted p-values: [emp=0.393035, beta=0.385869]

Processing phenotype [ENSG00000135436.4] [133/292]
  * #variants in cis = 9
  * Best hit: [id=12_internal_9160, d=-604369, pv=0.353617, s=-0.0711]
  * Beta parameters: [s1=0.882597, s2=10.4542]
  * Adjusted p-values: [emp=1, beta=0.985073]

Processing phenotype [ENSG00000139644.7] [134/292]
  * #variants in cis = 9
  * Best hit: [id=12_internal_9625, d=266451, pv=0.24214, s=0.0914]
  * Beta parameters: [s1=1.03601, s2=11.3879]
  * Adjusted p-values: [emp=0.930348, beta=0.939015]

Processing phenotype [ENSG00000161791.9] [135/292]
  * #variants in cis = 9
  * Best hit: [id=12_internal_9211, d=927135, pv=0.0101817, s=0.1979]
  * Beta parameters: [s1=1.06042, s2=10.2909]
  * Adjusted p-values: [emp=0.0845771, beta=0.0937588]

Processing phenotype [ENSG00000258057.1] [136/292]
  * #variants in cis = 8
  * Best hit: [id=12_internal_10946, d=750391, pv=0.129944, s=0.1169]
  * Beta parameters: [s1=1.02026, s2=9.97061]
  * Adjusted p-values: [emp=0.666667, beta=0.665788]

Processing phenotype [ENSG00000167566.12] [137/292]
  * #variants in cis = 8
  * Best hit: [id=12_internal_9160, d=-381258, pv=0.0399398, s=0.1559]
  * Beta parameters: [s1=1.09971, s2=7.6645]
  * Adjusted p-values: [emp=0.268657, beta=0.285235]

Processing phenotype [ENSG00000186666.4] [138/292]
  * #variants in cis = 8
  * Best hit: [id=12_internal_9779, d=-98597, pv=0.149524, s=0.1123]
  * Beta parameters: [s1=1.0583, s2=8.47307]
  * Adjusted p-values: [emp=0.716418, beta=0.725678]

Processing phenotype [ENSG00000161800.8] [139/292]
  * #variants in cis = 8
  * Best hit: [id=12_internal_9779, d=75951, pv=0.0991204, s=0.1280]
  * Beta parameters: [s1=1.01043, s2=8.29932]
  * Adjusted p-values: [emp=0.572139, beta=0.57985]

Processing phenotype [ENSG00000110881.6] [140/292]
  * #variants in cis = 8
  * Best hit: [id=12_internal_10061, d=-821803, pv=0.0831246, s=-0.1326]
  * Beta parameters: [s1=1.10042, s2=7.89516]
  * Adjusted p-values: [emp=0.507463, beta=0.46704]

Processing phenotype [ENSG00000066117.10] [141/292]
  * #variants in cis = 8
  * Best hit: [id=12_internal_10897, d=-535026, pv=0.10805, s=-0.1240]
  * Beta parameters: [s1=1.07359, s2=8.59421]
  * Adjusted p-values: [emp=0.681592, beta=0.648652]

Processing phenotype [ENSG00000167588.8] [142/292]
  * #variants in cis = 8
  * Best hit: [id=12_internal_10897, d=-553873, pv=0.0745074, s=-0.1373]
  * Beta parameters: [s1=0.953297, s2=6.30658]
  * Adjusted p-values: [emp=0.457711, beta=0.445759]

Processing phenotype [ENSG00000178449.2] [143/292]
  * #variants in cis = 8
  * Best hit: [id=12_internal_9779, d=-154794, pv=0.0679896, s=-0.1367]
  * Beta parameters: [s1=1.13119, s2=8.871]
  * Adjusted p-values: [emp=0.452736, beta=0.421786]

Processing phenotype [ENSG00000257755.1] [144/292]
  * #variants in cis = 8
  * Best hit: [id=12_internal_9779, d=-155069, pv=0.00486194, s=-0.2178]
  * Beta parameters: [s1=1.0427, s2=7.84413]
  * Adjusted p-values: [emp=0.0497512, beta=0.0400973]

Processing phenotype [ENSG00000257291.1] [145/292]
  * #variants in cis = 8
  * Best hit: [id=12_internal_8994, d=-994947, pv=0.0676498, s=-0.1470]
  * Beta parameters: [s1=0.933784, s2=9.92921]
  * Adjusted p-values: [emp=0.393035, beta=0.427396]

Processing phenotype [ENSG00000139624.8] [146/292]
  * #variants in cis = 7
  * Best hit: [id=12_internal_9779, d=210320, pv=0.0389308, s=-0.1585]
  * Beta parameters: [s1=0.955355, s2=7.96143]
  * Adjusted p-values: [emp=0.208955, beta=0.217627]

Processing phenotype [ENSG00000161813.15] [147/292]
  * #variants in cis = 7
  * Best hit: [id=12_internal_10897, d=-842437, pv=0.00587605, s=0.2120]
  * Beta parameters: [s1=0.977849, s2=6.69266]
  * Adjusted p-values: [emp=0.0447761, beta=0.0507925]

Processing phenotype [ENSG00000066084.8] [148/292]
  * #variants in cis = 7
  * Best hit: [id=12_internal_10946, d=73948, pv=0.000538779, s=0.2761]
  * Beta parameters: [s1=0.943863, s2=6.90766]
  * Adjusted p-values: [emp=0.0149254, beta=0.00459618]

Processing phenotype [ENSG00000207136.1] [149/292]
  * #variants in cis = 6
  * Best hit: [id=12_internal_8969, d=-81022, pv=0.00602002, s=-0.2151]
  * Beta parameters: [s1=0.95819, s2=6.12773]
  * Adjusted p-values: [emp=0.0497512, beta=0.0377221]

Processing phenotype [ENSG00000200183.1] [150/292]
  * #variants in cis = 6
  * Best hit: [id=12_internal_8969, d=-104722, pv=0.0916794, s=-0.1339]
  * Beta parameters: [s1=1.03431, s2=7.14139]
  * Adjusted p-values: [emp=0.427861, beta=0.445966]

Processing phenotype [ENSG00000200428.1] [151/292]
  * #variants in cis = 7
  * Best hit: [id=12_internal_9779, d=-786383, pv=0.0380718, s=-0.1663]
  * Beta parameters: [s1=1.08596, s2=7.14878]
  * Adjusted p-values: [emp=0.233831, beta=0.238256]

Processing phenotype [ENSG00000123268.4] [152/292]
  * #variants in cis = 7
  * Best hit: [id=12_internal_10946, d=-127724, pv=3.07162e-08, s=0.4075]
  * Beta parameters: [s1=0.96568, s2=6.68043]
  * Adjusted p-values: [emp=0.00497512, beta=1.7479e-07]

Processing phenotype [ENSG00000185432.10] [153/292]
  * #variants in cis = 10
  * Best hit: [id=12_internal_11846, d=443991, pv=0.00255111, s=0.2369]
  * Beta parameters: [s1=1.029, s2=8.6893]
  * Adjusted p-values: [emp=0.039801, beta=0.0284244]

Processing phenotype [ENSG00000110911.10] [154/292]
  * #variants in cis = 10
  * Best hit: [id=12_internal_10304, d=-655504, pv=0.0184898, s=0.1756]
  * Beta parameters: [s1=1.06666, s2=9.94928]
  * Adjusted p-values: [emp=0.189055, beta=0.177151]

Processing phenotype [ENSG00000050426.10] [155/292]
  * #variants in cis = 11
  * Best hit: [id=12_internal_13569, d=856946, pv=0.148703, s=0.1148]
  * Beta parameters: [s1=1.00882, s2=9.91605]
  * Adjusted p-values: [emp=0.830846, beta=0.813372]

Processing phenotype [ENSG00000110925.2] [156/292]
  * #variants in cis = 11
  * Best hit: [id=12_internal_8652, d=-767510, pv=0.130323, s=-0.1180]
  * Beta parameters: [s1=1.09512, s2=11.8043]
  * Adjusted p-values: [emp=0.820896, beta=0.794437]

Processing phenotype [ENSG00000257246.1] [157/292]
  * #variants in cis = 12
  * Best hit: [id=12_internal_9402, d=-993019, pv=0.189094, s=-0.1016]
  * Beta parameters: [s1=1.07708, s2=11.7752]
  * Adjusted p-values: [emp=0.925373, beta=0.921422]

Processing phenotype [ENSG00000200953.1] [158/292]
  * #variants in cis = 12
  * Best hit: [id=12_internal_9402, d=-961423, pv=0.0547451, s=-0.1446]
  * Beta parameters: [s1=0.901321, s2=10.2897]
  * Adjusted p-values: [emp=0.467662, beta=0.498526]

Processing phenotype [ENSG00000199824.1] [159/292]
  * #variants in cis = 12
  * Best hit: [id=12_internal_11846, d=204562, pv=0.120643, s=0.1207]
  * Beta parameters: [s1=1.04489, s2=13.3727]
  * Adjusted p-values: [emp=0.781095, beta=0.763568]

Processing phenotype [ENSG00000135457.5] [160/292]
  * #variants in cis = 13
  * Best hit: [id=12_internal_9262, d=-832788, pv=0.00384048, s=0.2246]
  * Beta parameters: [s1=1.02531, s2=18.9788]
  * Adjusted p-values: [emp=0.0248756, beta=0.0301343]

Processing phenotype [ENSG00000184271.11] [161/292]
  * #variants in cis = 13
  * Best hit: [id=12_internal_10946, d=581708, pv=0.106389, s=-0.1246]
  * Beta parameters: [s1=1.0089, s2=13.2297]
  * Adjusted p-values: [emp=0.80597, beta=0.76937]

Processing phenotype [ENSG00000183283.9] [162/292]
  * #variants in cis = 14
  * Best hit: [id=12_internal_10946, d=-602307, pv=0.0839302, s=0.1363]
  * Beta parameters: [s1=0.96569, s2=16.6638]
  * Adjusted p-values: [emp=0.751244, beta=0.759092]

Processing phenotype [ENSG00000170545.11] [163/292]
  * #variants in cis = 13
  * Best hit: [id=12_internal_10946, d=634433, pv=0.150704, s=-0.1159]
  * Beta parameters: [s1=1.03234, s2=12.1644]
  * Adjusted p-values: [emp=0.885572, beta=0.868173]

Processing phenotype [ENSG00000110934.5] [164/292]
  * #variants in cis = 13
  * Best hit: [id=12_internal_10946, d=688683, pv=0.0934393, s=-0.1296]
  * Beta parameters: [s1=1.0122, s2=13.3551]
  * Adjusted p-values: [emp=0.676617, beta=0.687542]

Processing phenotype [ENSG00000139610.1] [165/292]
  * #variants in cis = 13
  * Best hit: [id=12_internal_13502, d=-472259, pv=0.219675, s=0.0942]
  * Beta parameters: [s1=0.981346, s2=13.0352]
  * Adjusted p-values: [emp=0.965174, beta=0.952488]

Processing phenotype [ENSG00000050438.10] [166/292]
  * #variants in cis = 13
  * Best hit: [id=12_internal_9617, d=640984, pv=0.0255138, s=0.1730]
  * Beta parameters: [s1=1.1117, s2=10.0206]
  * Adjusted p-values: [emp=0.313433, beta=0.317198]

Processing phenotype [ENSG00000139629.10] [167/292]
  * #variants in cis = 13
  * Best hit: [id=12_internal_11846, d=0, pv=1.26304e-08, s=0.4306]
  * Beta parameters: [s1=0.989698, s2=12.7235]
  * Adjusted p-values: [emp=0.00497512, beta=2.62725e-07]

Processing phenotype [ENSG00000196876.7] [168/292]
  * #variants in cis = 14
  * Best hit: [id=12_internal_11846, d=-193607, pv=0.10121, s=-0.1238]
  * Beta parameters: [s1=0.855645, s2=14.6552]
  * Adjusted p-values: [emp=0.741294, beta=0.75308]

Processing phenotype [ENSG00000135503.7] [169/292]
  * #variants in cis = 14
  * Best hit: [id=12_internal_9796, d=542727, pv=0.0109406, s=-0.1888]
  * Beta parameters: [s1=1.10343, s2=13.1699]
  * Adjusted p-values: [emp=0.169154, beta=0.166068]

Processing phenotype [ENSG00000161835.6] [170/292]
  * #variants in cis = 14
  * Best hit: [id=12_internal_9617, d=25361, pv=0.0824924, s=-0.1374]
  * Beta parameters: [s1=1.15873, s2=12.9365]
  * Adjusted p-values: [emp=0.696517, beta=0.688299]

Processing phenotype [ENSG00000123395.10] [171/292]
  * #variants in cis = 16
  * Best hit: [id=12_internal_11846, d=-672587, pv=0.0909688, s=-0.1319]
  * Beta parameters: [s1=0.985167, s2=14.1574]
  * Adjusted p-values: [emp=0.766169, beta=0.762114]

Processing phenotype [ENSG00000257663.1] [172/292]
  * #variants in cis = 16
  * Best hit: [id=12_internal_11846, d=685425, pv=0.0392363, s=-0.1648]
  * Beta parameters: [s1=1.06612, s2=15.1384]
  * Adjusted p-values: [emp=0.492537, beta=0.500656]

Processing phenotype [ENSG00000111057.6] [173/292]
  * #variants in cis = 16
  * Best hit: [id=12_internal_9617, d=-895633, pv=0.000353858, s=0.2790]
  * Beta parameters: [s1=0.921283, s2=14.0658]
  * Adjusted p-values: [emp=0.0248756, beta=0.00778243]

Processing phenotype [ENSG00000170421.6] [174/292]
  * #variants in cis = 16
  * Best hit: [id=12_internal_9617, d=896716, pv=0.000235089, s=0.2867]
  * Beta parameters: [s1=1.03903, s2=15.1268]
  * Adjusted p-values: [emp=0.0199005, beta=0.00361941]

Processing phenotype [ENSG00000225410.1] [175/292]
  * #variants in cis = 16
  * Best hit: [id=12_internal_9402, d=804394, pv=0.0100364, s=-0.1989]
  * Beta parameters: [s1=0.918773, s2=18.2988]
  * Adjusted p-values: [emp=0.149254, beta=0.142524]

Processing phenotype [ENSG00000063046.13] [176/292]
  * #variants in cis = 16
  * Best hit: [id=12_internal_13215, d=59662, pv=0.0354848, s=0.1661]
  * Beta parameters: [s1=0.966759, s2=14.6411]
  * Adjusted p-values: [emp=0.412935, beta=0.421593]

Processing phenotype [ENSG00000257475.1] [177/292]
  * #variants in cis = 16
  * Best hit: [id=12_internal_10673, d=-100954, pv=0.0587014, s=0.1490]
  * Beta parameters: [s1=0.859717, s2=17.5106]
  * Adjusted p-values: [emp=0.567164, beta=0.592508]

Processing phenotype [ENSG00000111077.11] [178/292]
  * #variants in cis = 15
  * Best hit: [id=12_internal_13502, d=-832775, pv=0.0820585, s=-0.1345]
  * Beta parameters: [s1=0.834445, s2=17.0436]
  * Adjusted p-values: [emp=0.706468, beta=0.701732]

Processing phenotype [ENSG00000257337.1] [179/292]
  * #variants in cis = 13
  * Best hit: [id=12_internal_10673, d=143296, pv=0.0478922, s=0.1585]
  * Beta parameters: [s1=1.09577, s2=10.3685]
  * Adjusted p-values: [emp=0.452736, beta=0.464314]

Processing phenotype [ENSG00000167778.4] [180/292]
  * #variants in cis = 13
  * Best hit: [id=12_internal_13215, d=0, pv=0.0126441, s=0.1878]
  * Beta parameters: [s1=0.958344, s2=14.0691]
  * Adjusted p-values: [emp=0.159204, beta=0.148241]

Processing phenotype [ENSG00000257808.1] [181/292]
  * #variants in cis = 12
  * Best hit: [id=12_internal_9832, d=-119957, pv=0.00382169, s=-0.2265]
  * Beta parameters: [s1=0.986536, s2=12.3278]
  * Adjusted p-values: [emp=0.0597015, beta=0.0481486]

Processing phenotype [ENSG00000257479.1] [182/292]
  * #variants in cis = 12
  * Best hit: [id=12_internal_13215, d=44501, pv=0.0164644, s=-0.1819]
  * Beta parameters: [s1=1.02469, s2=11.1145]
  * Adjusted p-values: [emp=0.129353, beta=0.149991]

Processing phenotype [ENSG00000139651.8] [183/292]
  * #variants in cis = 12
  * Best hit: [id=12_internal_13502, d=-966506, pv=0.0212867, s=-0.1771]
  * Beta parameters: [s1=1.00001, s2=11.7688]
  * Adjusted p-values: [emp=0.21393, beta=0.231341]

Processing phenotype [ENSG00000139631.13] [184/292]
  * #variants in cis = 12
  * Best hit: [id=12_internal_13215, d=49424, pv=0.0147114, s=-0.1884]
  * Beta parameters: [s1=1.09569, s2=11.9189]
  * Adjusted p-values: [emp=0.164179, beta=0.168882]

Processing phenotype [ENSG00000139626.10] [185/292]
  * #variants in cis = 12
  * Best hit: [id=12_internal_13215, d=75380, pv=0.0178095, s=0.1868]
  * Beta parameters: [s1=1.0264, s2=12.0752]
  * Adjusted p-values: [emp=0.189055, beta=0.18434]

Processing phenotype [ENSG00000172819.12] [186/292]
  * #variants in cis = 11
  * Best hit: [id=12_internal_13830, d=-730831, pv=0.0444201, s=-0.1537]
  * Beta parameters: [s1=0.994842, s2=10.8398]
  * Adjusted p-values: [emp=0.358209, beta=0.347848]

Processing phenotype [ENSG00000182544.7] [187/292]
  * #variants in cis = 11
  * Best hit: [id=12_internal_10250, d=0, pv=0.0195055, s=0.1826]
  * Beta parameters: [s1=1.01453, s2=10.3643]
  * Adjusted p-values: [emp=0.174129, beta=0.197173]

Processing phenotype [ENSG00000135476.7] [188/292]
  * #variants in cis = 11
  * Best hit: [id=12_internal_9832, d=-228670, pv=0.0677937, s=-0.1421]
  * Beta parameters: [s1=0.953903, s2=12.0852]
  * Adjusted p-values: [emp=0.522388, beta=0.533447]

Processing phenotype [ENSG00000123349.8] [189/292]
  * #variants in cis = 11
  * Best hit: [id=12_internal_11536, d=895680, pv=0.00164748, s=-0.2344]
  * Beta parameters: [s1=0.950178, s2=12.2701]
  * Adjusted p-values: [emp=0.00995025, beta=0.0119824]

Processing phenotype [ENSG00000139637.9] [190/292]
  * #variants in cis = 11
  * Best hit: [id=12_internal_10436, d=638939, pv=0.108024, s=-0.1299]
  * Beta parameters: [s1=0.968297, s2=14.3707]
  * Adjusted p-values: [emp=0.676617, beta=0.711253]

Processing phenotype [ENSG00000257605.1] [191/292]
  * #variants in cis = 11
  * Best hit: [id=12_internal_9796, d=768164, pv=0.095229, s=-0.1351]
  * Beta parameters: [s1=1.03518, s2=12.1767]
  * Adjusted p-values: [emp=0.711443, beta=0.666193]

Processing phenotype [ENSG00000094914.8] [192/292]
  * #variants in cis = 10
  * Best hit: [id=12_internal_11536, d=-866107, pv=0.000611924, s=-0.2715]
  * Beta parameters: [s1=0.972412, s2=9.81201]
  * Adjusted p-values: [emp=0.00497512, beta=0.00612777]

Processing phenotype [ENSG00000185591.5] [193/292]
  * #variants in cis = 10
  * Best hit: [id=12_internal_13215, d=-248249, pv=0.0398465, s=0.1658]
  * Beta parameters: [s1=0.911808, s2=8.42071]
  * Adjusted p-values: [emp=0.328358, beta=0.327198]

Processing phenotype [ENSG00000135409.6] [194/292]
  * #variants in cis = 11
  * Best hit: [id=12_internal_11433, d=-805792, pv=0.133801, s=0.1162]
  * Beta parameters: [s1=1.04613, s2=9.54325]
  * Adjusted p-values: [emp=0.791045, beta=0.781692]

Processing phenotype [ENSG00000205352.6] [195/292]
  * #variants in cis = 11
  * Best hit: [id=12_internal_11536, d=749366, pv=0.00484747, s=-0.2205]
  * Beta parameters: [s1=0.93079, s2=10.2572]
  * Adjusted p-values: [emp=0.0845771, beta=0.0696635]

Processing phenotype [ENSG00000197111.9] [196/292]
  * #variants in cis = 11
  * Best hit: [id=12_internal_13215, d=-309814, pv=0.0871994, s=0.1318]
  * Beta parameters: [s1=1.02267, s2=10.9472]
  * Adjusted p-values: [emp=0.567164, beta=0.579031]

Processing phenotype [ENSG00000257379.1] [197/292]
  * #variants in cis = 11
  * Best hit: [id=12_internal_9832, d=-402112, pv=0.231369, s=0.0912]
  * Beta parameters: [s1=0.979486, s2=9.9034]
  * Adjusted p-values: [emp=0.940299, beta=0.943841]

Processing phenotype [ENSG00000258351.1] [198/292]
  * #variants in cis = 12
  * Best hit: [id=12_internal_11536, d=-720228, pv=0.00952895, s=-0.1982]
  * Beta parameters: [s1=0.927656, s2=13.8987]
  * Adjusted p-values: [emp=0.104478, beta=0.0937108]

Processing phenotype [ENSG00000139625.8] [199/292]
  * #variants in cis = 12
  * Best hit: [id=12_internal_9832, d=460434, pv=0.000641117, s=0.2664]
  * Beta parameters: [s1=0.945175, s2=12.5092]
  * Adjusted p-values: [emp=0.0149254, beta=0.00755348]

Processing phenotype [ENSG00000139546.6] [200/292]
  * #variants in cis = 12
  * Best hit: [id=12_internal_9816, d=961431, pv=0.100866, s=-0.1305]
  * Beta parameters: [s1=1.15022, s2=11.511]
  * Adjusted p-values: [emp=0.726368, beta=0.706295]

Processing phenotype [ENSG00000139574.6] [201/292]
  * #variants in cis = 12
  * Best hit: [id=12_internal_9816, d=-954132, pv=0.0492846, s=0.1545]
  * Beta parameters: [s1=0.882951, s2=14.9506]
  * Adjusted p-values: [emp=0.38806, beta=0.394211]

Processing phenotype [ENSG00000257117.1] [202/292]
  * #variants in cis = 12
  * Best hit: [id=12_internal_10436, d=430362, pv=0.0263511, s=0.1660]
  * Beta parameters: [s1=0.901723, s2=14.1508]
  * Adjusted p-values: [emp=0.263682, beta=0.251948]

Processing phenotype [ENSG00000257550.1] [203/292]
  * #variants in cis = 12
  * Best hit: [id=12_internal_9796, d=-981834, pv=0.409073, s=-0.0638]
  * Beta parameters: [s1=1.13104, s2=9.65168]
  * Adjusted p-values: [emp=0.99005, beta=0.995155]

Processing phenotype [ENSG00000267281.1] [204/292]
  * #variants in cis = 11
  * Best hit: [id=12_internal_9816, d=-836373, pv=0.0759389, s=0.1414]
  * Beta parameters: [s1=1.05433, s2=11.261]
  * Adjusted p-values: [emp=0.61194, beta=0.566326]

Processing phenotype [ENSG00000170653.14] [205/292]
  * #variants in cis = 11
  * Best hit: [id=12_internal_11536, d=-564556, pv=0.302801, s=0.0811]
  * Beta parameters: [s1=0.93266, s2=10.5932]
  * Adjusted p-values: [emp=0.9801, beta=0.982335]

Processing phenotype [ENSG00000135390.12] [206/292]
  * #variants in cis = 11
  * Best hit: [id=12_internal_9057, d=-704005, pv=0.0769195, s=-0.1379]
  * Beta parameters: [s1=0.939906, s2=10.8695]
  * Adjusted p-values: [emp=0.577114, beta=0.565033]

Processing phenotype [ENSG00000012822.10] [207/292]
  * #variants in cis = 12
  * Best hit: [id=12_internal_9238, d=-976125, pv=0.0306992, s=-0.1719]
  * Beta parameters: [s1=1.08422, s2=15.1607]
  * Adjusted p-values: [emp=0.333333, beta=0.315742]

Processing phenotype [ENSG00000260470.1] [208/292]
  * #variants in cis = 10
  * Best hit: [id=12_internal_13830, d=19317, pv=0.0841901, s=0.1372]
  * Beta parameters: [s1=0.994071, s2=8.47]
  * Adjusted p-values: [emp=0.58209, beta=0.578342]

Processing phenotype [ENSG00000248576.1] [209/292]
  * #variants in cis = 10
  * Best hit: [id=12_internal_10436, d=-133118, pv=0.0673413, s=-0.1415]
  * Beta parameters: [s1=0.917599, s2=8.88947]
  * Adjusted p-values: [emp=0.427861, beta=0.43856]

Processing phenotype [ENSG00000257534.1] [210/292]
  * #variants in cis = 10
  * Best hit: [id=12_internal_10436, d=134431, pv=0.0275139, s=-0.1721]
  * Beta parameters: [s1=0.905684, s2=6.74396]
  * Adjusted p-values: [emp=0.308458, beta=0.289971]

Processing phenotype [ENSG00000123415.9] [211/292]
  * #variants in cis = 10
  * Best hit: [id=12_internal_13830, d=61086, pv=0.00883703, s=0.1995]
  * Beta parameters: [s1=0.932301, s2=11.4449]
  * Adjusted p-values: [emp=0.104478, beta=0.0817605]

Processing phenotype [ENSG00000094916.8] [212/292]
  * #variants in cis = 10
  * Best hit: [id=12_internal_10250, d=954146, pv=0.0186434, s=-0.1799]
  * Beta parameters: [s1=0.993829, s2=11.428]
  * Adjusted p-values: [emp=0.159204, beta=0.168299]

Processing phenotype [ENSG00000135486.11] [213/292]
  * #variants in cis = 10
  * Best hit: [id=12_internal_11536, d=-82036, pv=0.0222231, s=-0.1842]
  * Beta parameters: [s1=1.05116, s2=8.90678]
  * Adjusted p-values: [emp=0.199005, beta=0.205599]

Processing phenotype [ENSG00000123405.9] [214/292]
  * #variants in cis = 10
  * Best hit: [id=12_internal_9057, d=-80292, pv=0.0153181, s=0.1862]
  * Beta parameters: [s1=1.17093, s2=7.89981]
  * Adjusted p-values: [emp=0.119403, beta=0.146977]

Processing phenotype [ENSG00000111481.5] [215/292]
  * #variants in cis = 10
  * Best hit: [id=12_internal_10436, d=-271181, pv=0.0317073, s=-0.1735]
  * Beta parameters: [s1=0.814899, s2=8.68248]
  * Adjusted p-values: [emp=0.293532, beta=0.319359]

Processing phenotype [ENSG00000258137.1] [216/292]
  * #variants in cis = 9
  * Best hit: [id=12_internal_9238, d=350209, pv=0.121486, s=0.1197]
  * Beta parameters: [s1=1.10414, s2=9.49128]
  * Adjusted p-values: [emp=0.726368, beta=0.706405]

Processing phenotype [ENSG00000258086.1] [217/292]
  * #variants in cis = 9
  * Best hit: [id=12_internal_8729, d=-968546, pv=0.129591, s=-0.1204]
  * Beta parameters: [s1=0.947345, s2=8.37412]
  * Adjusted p-values: [emp=0.696517, beta=0.676309]

Processing phenotype [ENSG00000139572.3] [218/292]
  * #variants in cis = 9
  * Best hit: [id=12_internal_9816, d=-97865, pv=0.187724, s=-0.1032]
  * Beta parameters: [s1=0.899074, s2=9.93521]
  * Adjusted p-values: [emp=0.825871, beta=0.822605]

Processing phenotype [ENSG00000161642.13] [219/292]
  * #variants in cis = 8
  * Best hit: [id=12_internal_10818, d=-211737, pv=0.230756, s=0.0948]
  * Beta parameters: [s1=0.891528, s2=6.29276]
  * Adjusted p-values: [emp=0.880597, beta=0.866193]

Processing phenotype [ENSG00000161638.6] [220/292]
  * #variants in cis = 8
  * Best hit: [id=12_internal_9057, d=0, pv=0.0664256, s=0.1403]
  * Beta parameters: [s1=1.00884, s2=8.88513]
  * Adjusted p-values: [emp=0.39801, beta=0.413142]

Processing phenotype [ENSG00000170627.5] [221/292]
  * #variants in cis = 9
  * Best hit: [id=12_internal_9816, d=0, pv=0.0322437, s=0.1628]
  * Beta parameters: [s1=1.05636, s2=8.57188]
  * Adjusted p-values: [emp=0.283582, beta=0.265416]

Processing phenotype [ENSG00000123338.8] [222/292]
  * #variants in cis = 9
  * Best hit: [id=12_internal_10388, d=969249, pv=0.0262014, s=-0.1742]
  * Beta parameters: [s1=0.994453, s2=10.889]
  * Adjusted p-values: [emp=0.179104, beta=0.197204]

Processing phenotype [ENSG00000257824.1] [223/292]
  * #variants in cis = 9
  * Best hit: [id=12_internal_10388, d=-922855, pv=0.0649422, s=-0.1448]
  * Beta parameters: [s1=0.972086, s2=8.51197]
  * Adjusted p-values: [emp=0.477612, beta=0.467204]

Processing phenotype [ENSG00000123360.7] [224/292]
  * #variants in cis = 9
  * Best hit: [id=12_internal_10388, d=917610, pv=0.0242919, s=-0.1734]
  * Beta parameters: [s1=0.909256, s2=12.7561]
  * Adjusted p-values: [emp=0.21393, beta=0.218098]

Processing phenotype [ENSG00000135447.11] [225/292]
  * #variants in cis = 9
  * Best hit: [id=12_internal_10388, d=-878301, pv=0.0421148, s=-0.1541]
  * Beta parameters: [s1=1.08614, s2=9.77306]
  * Adjusted p-values: [emp=0.323383, beta=0.321431]

Processing phenotype [ENSG00000135426.9] [226/292]
  * #variants in cis = 14
  * Best hit: [id=12_internal_13653, d=0, pv=7.87368e-16, s=0.5728]
  * Beta parameters: [s1=0.945602, s2=12.9318]
  * Adjusted p-values: [emp=0.00497512, beta=6.29712e-15]

Processing phenotype [ENSG00000123307.3] [227/292]
  * #variants in cis = 14
  * Best hit: [id=12_internal_13653, d=0, pv=0.00294486, s=0.2357]
  * Beta parameters: [s1=1.0673, s2=12.9156]
  * Adjusted p-values: [emp=0.0547264, beta=0.0546124]

Processing phenotype [ENSG00000258907.2] [228/292]
  * #variants in cis = 11
  * Best hit: [id=12_internal_11202, d=-186966, pv=0.0463488, s=0.1559]
  * Beta parameters: [s1=1.01659, s2=11.5077]
  * Adjusted p-values: [emp=0.452736, beta=0.462078]

Processing phenotype [ENSG00000258311.1] [229/292]
  * #variants in cis = 12
  * Best hit: [id=12_internal_9238, d=-998690, pv=0.0412221, s=0.1523]
  * Beta parameters: [s1=1.03881, s2=11.6146]
  * Adjusted p-values: [emp=0.378109, beta=0.361705]

Processing phenotype [ENSG00000135441.3] [230/292]
  * #variants in cis = 12
  * Best hit: [id=12_internal_9946, d=0, pv=0.115491, s=0.1225]
  * Beta parameters: [s1=0.954473, s2=13.2158]
  * Adjusted p-values: [emp=0.766169, beta=0.771639]

Processing phenotype [ENSG00000135424.11] [231/292]
  * #variants in cis = 12
  * Best hit: [id=12_internal_12899, d=0, pv=0.0121693, s=0.1789]
  * Beta parameters: [s1=1.11774, s2=11.4005]
  * Adjusted p-values: [emp=0.139303, beta=0.144046]

Processing phenotype [ENSG00000135437.5] [232/292]
  * #variants in cis = 11
  * Best hit: [id=12_internal_8617, d=575598, pv=0.0309143, s=0.1690]
  * Beta parameters: [s1=0.955752, s2=10.1647]
  * Adjusted p-values: [emp=0.273632, beta=0.272579]

Processing phenotype [ENSG00000258056.1] [233/292]
  * #variants in cis = 11
  * Best hit: [id=12_internal_8617, d=566861, pv=0.0753378, s=-0.1432]
  * Beta parameters: [s1=1.20617, s2=8.96977]
  * Adjusted p-values: [emp=0.621891, beta=0.557722]

Processing phenotype [ENSG00000135404.6] [234/292]
  * #variants in cis = 11
  * Best hit: [id=12_internal_9426, d=72379, pv=0.0421616, s=0.1595]
  * Beta parameters: [s1=0.859885, s2=13.8246]
  * Adjusted p-values: [emp=0.402985, beta=0.412738]

Processing phenotype [ENSG00000135414.5] [235/292]
  * #variants in cis = 11
  * Best hit: [id=12_internal_13653, d=-705822, pv=0.0875071, s=-0.1350]
  * Beta parameters: [s1=1.07173, s2=10.192]
  * Adjusted p-values: [emp=0.641791, beta=0.604282]

Processing phenotype [ENSG00000257509.1] [236/292]
  * #variants in cis = 11
  * Best hit: [id=12_internal_10961, d=-55588, pv=0.062443, s=0.1456]
  * Beta parameters: [s1=0.918556, s2=9.65155]
  * Adjusted p-values: [emp=0.552239, beta=0.560317]

Processing phenotype [ENSG00000205323.4] [237/292]
  * #variants in cis = 11
  * Best hit: [id=12_internal_12899, d=98769, pv=0.105078, s=-0.1292]
  * Beta parameters: [s1=0.890313, s2=13.5875]
  * Adjusted p-values: [emp=0.721393, beta=0.718352]

Processing phenotype [ENSG00000123353.5] [238/292]
  * #variants in cis = 11
  * Best hit: [id=12_internal_12899, d=-98932, pv=0.0348131, s=0.1647]
  * Beta parameters: [s1=0.95728, s2=10.9303]
  * Adjusted p-values: [emp=0.338308, beta=0.33951]

Processing phenotype [ENSG00000257390.1] [239/292]
  * #variants in cis = 11
  * Best hit: [id=12_internal_9426, d=170218, pv=0.075312, s=0.1377]
  * Beta parameters: [s1=1.02513, s2=8.76693]
  * Adjusted p-values: [emp=0.572139, beta=0.559452]

Processing phenotype [ENSG00000182796.8] [240/292]
  * #variants in cis = 11
  * Best hit: [id=12_internal_10388, d=-195614, pv=0.0297001, s=0.1724]
  * Beta parameters: [s1=0.989123, s2=8.98627]
  * Adjusted p-values: [emp=0.323383, beta=0.310352]

Processing phenotype [ENSG00000135392.11] [241/292]
  * #variants in cis = 11
  * Best hit: [id=12_internal_9426, d=173496, pv=0.15436, s=0.1127]
  * Beta parameters: [s1=0.970545, s2=9.46406]
  * Adjusted p-values: [emp=0.781095, beta=0.78547]

Processing phenotype [ENSG00000123342.11] [242/292]
  * #variants in cis = 11
  * Best hit: [id=12_internal_12899, d=123979, pv=0.0301222, s=-0.1736]
  * Beta parameters: [s1=0.975875, s2=10.3367]
  * Adjusted p-values: [emp=0.328358, beta=0.290135]

Processing phenotype [ENSG00000065357.14] [243/292]
  * #variants in cis = 11
  * Best hit: [id=12_internal_10961, d=-97885, pv=0.179314, s=-0.1073]
  * Beta parameters: [s1=0.951349, s2=8.0825]
  * Adjusted p-values: [emp=0.860697, beta=0.849176]

Processing phenotype [ENSG00000170473.12] [244/292]
  * #variants in cis = 12
  * Best hit: [id=12_internal_8617, d=-363347, pv=0.0214699, s=-0.1782]
  * Beta parameters: [s1=0.97109, s2=12.2328]
  * Adjusted p-values: [emp=0.233831, beta=0.243639]

Processing phenotype [ENSG00000258862.1] [245/292]
  * #variants in cis = 12
  * Best hit: [id=12_internal_10388, d=319969, pv=0.153004, s=-0.1112]
  * Beta parameters: [s1=1.09175, s2=13.3403]
  * Adjusted p-values: [emp=0.880597, beta=0.861746]

Processing phenotype [ENSG00000123374.6] [246/292]
  * #variants in cis = 12
  * Best hit: [id=12_internal_10272, d=513106, pv=0.0148991, s=0.1876]
  * Beta parameters: [s1=0.883188, s2=12.076]
  * Adjusted p-values: [emp=0.169154, beta=0.174642]

Processing phenotype [ENSG00000258554.1] [247/292]
  * #variants in cis = 12
  * Best hit: [id=12_internal_11202, d=118173, pv=0.0873519, s=0.1357]
  * Beta parameters: [s1=1.0848, s2=10.7262]
  * Adjusted p-values: [emp=0.631841, beta=0.637864]

Processing phenotype [ENSG00000185664.9] [248/292]
  * #variants in cis = 12
  * Best hit: [id=12_internal_9784, d=-701944, pv=0.184215, s=0.1033]
  * Beta parameters: [s1=1.09222, s2=12.6107]
  * Adjusted p-values: [emp=0.930348, beta=0.922143]

Processing phenotype [ENSG00000111540.10] [249/292]
  * #variants in cis = 12
  * Best hit: [id=12_internal_8617, d=322052, pv=0.0528388, s=0.1518]
  * Beta parameters: [s1=0.93993, s2=10.9974]
  * Adjusted p-values: [emp=0.412935, beta=0.415511]

Processing phenotype [ENSG00000237493.2] [250/292]
  * #variants in cis = 12
  * Best hit: [id=12_internal_9784, d=-694224, pv=0.0703245, s=-0.1359]
  * Beta parameters: [s1=1.08271, s2=14.6432]
  * Adjusted p-values: [emp=0.616915, beta=0.592793]

Processing phenotype [ENSG00000255990.1] [251/292]
  * #variants in cis = 12
  * Best hit: [id=12_internal_11202, d=-142906, pv=0.0936529, s=-0.1325]
  * Beta parameters: [s1=0.902591, s2=12.8099]
  * Adjusted p-values: [emp=0.666667, beta=0.690028]

Processing phenotype [ENSG00000139531.7] [252/292]
  * #variants in cis = 12
  * Best hit: [id=12_internal_12899, d=-278193, pv=0.0626856, s=0.1445]
  * Beta parameters: [s1=0.944141, s2=11.1027]
  * Adjusted p-values: [emp=0.532338, beta=0.538395]

Processing phenotype [ENSG00000123411.10] [253/292]
  * #variants in cis = 12
  * Best hit: [id=12_internal_13653, d=-970201, pv=0.163409, s=-0.1079]
  * Beta parameters: [s1=0.943249, s2=14.1083]
  * Adjusted p-values: [emp=0.895522, beta=0.895149]

Processing phenotype [ENSG00000197728.5] [254/292]
  * #variants in cis = 11
  * Best hit: [id=12_internal_10961, d=-212419, pv=0.0896178, s=0.1342]
  * Beta parameters: [s1=0.872788, s2=12.4411]
  * Adjusted p-values: [emp=0.666667, beta=0.658778]

Processing phenotype [ENSG00000257411.1] [255/292]
  * #variants in cis = 12
  * Best hit: [id=12_internal_12899, d=-382344, pv=0.0156306, s=0.1918]
  * Beta parameters: [s1=0.979678, s2=11.3338]
  * Adjusted p-values: [emp=0.174129, beta=0.153696]

Processing phenotype [ENSG00000170515.8] [256/292]
  * #variants in cis = 12
  * Best hit: [id=12_internal_12899, d=-385332, pv=0.0120605, s=0.1952]
  * Beta parameters: [s1=1.00582, s2=14.5743]
  * Adjusted p-values: [emp=0.104478, beta=0.105317]

Processing phenotype [ENSG00000257553.1] [257/292]
  * #variants in cis = 12
  * Best hit: [id=12_internal_8949, d=-1290, pv=0.028142, s=-0.1762]
  * Beta parameters: [s1=0.862878, s2=15.8243]
  * Adjusted p-values: [emp=0.243781, beta=0.241178]

Processing phenotype [ENSG00000229117.4] [258/292]
  * #variants in cis = 12
  * Best hit: [id=12_internal_9426, d=-459258, pv=0.0250325, s=-0.1788]
  * Beta parameters: [s1=0.958868, s2=10.807]
  * Adjusted p-values: [emp=0.308458, beta=0.269714]

Processing phenotype [ENSG00000135482.2] [259/292]
  * #variants in cis = 12
  * Best hit: [id=12_internal_8949, d=0, pv=0.0118354, s=0.1960]
  * Beta parameters: [s1=0.968188, s2=14.0717]
  * Adjusted p-values: [emp=0.129353, beta=0.129346]

Processing phenotype [ENSG00000139641.8] [260/292]
  * #variants in cis = 12
  * Best hit: [id=12_internal_10961, d=-288816, pv=0.00461349, s=0.2094]
  * Beta parameters: [s1=0.975441, s2=10.8065]
  * Adjusted p-values: [emp=0.0497512, beta=0.0401191]

Processing phenotype [ENSG00000258345.1] [261/292]
  * #variants in cis = 12
  * Best hit: [id=12_internal_8617, d=-176026, pv=0.163662, s=-0.1099]
  * Beta parameters: [s1=1.00174, s2=15.2072]
  * Adjusted p-values: [emp=0.880597, beta=0.897964]

Processing phenotype [ENSG00000258317.1] [262/292]
  * #variants in cis = 12
  * Best hit: [id=12_internal_11202, d=280318, pv=0.145154, s=0.1103]
  * Beta parameters: [s1=0.911547, s2=10.5752]
  * Adjusted p-values: [emp=0.791045, beta=0.799431]

Processing phenotype [ENSG00000196465.5] [263/292]
  * #variants in cis = 13
  * Best hit: [id=12_internal_10272, d=327619, pv=0.0481703, s=0.1463]
  * Beta parameters: [s1=1.02422, s2=12.4801]
  * Adjusted p-values: [emp=0.487562, beta=0.476426]

Processing phenotype [ENSG00000257309.1] [264/292]
  * #variants in cis = 13
  * Best hit: [id=12_internal_9146, d=770382, pv=0.170202, s=-0.1063]
  * Beta parameters: [s1=0.917149, s2=13.6056]
  * Adjusted p-values: [emp=0.905473, beta=0.902194]

Processing phenotype [ENSG00000092841.13] [265/292]
  * #variants in cis = 13
  * Best hit: [id=12_internal_9146, d=769671, pv=0.0481263, s=-0.1549]
  * Beta parameters: [s1=1.13093, s2=11.6062]
  * Adjusted p-values: [emp=0.502488, beta=0.456941]

Processing phenotype [ENSG00000257809.1] [266/292]
  * #variants in cis = 13
  * Best hit: [id=12_internal_10388, d=524089, pv=0.0503798, s=0.1509]
  * Beta parameters: [s1=0.986104, s2=11.3126]
  * Adjusted p-values: [emp=0.492537, beta=0.483902]

Processing phenotype [ENSG00000139613.7] [267/292]
  * #variants in cis = 14
  * Best hit: [id=12_internal_8617, d=-106398, pv=0.0613367, s=0.1493]
  * Beta parameters: [s1=1.07551, s2=14.4248]
  * Adjusted p-values: [emp=0.547264, beta=0.556479]

Processing phenotype [ENSG00000258199.1] [268/292]
  * #variants in cis = 14
  * Best hit: [id=12_internal_9784, d=-484975, pv=0.00683708, s=0.2091]
  * Beta parameters: [s1=1.03613, s2=12.5978]
  * Adjusted p-values: [emp=0.079602, beta=0.0969581]

Processing phenotype [ENSG00000181852.12] [269/292]
  * #variants in cis = 14
  * Best hit: [id=12_internal_8617, d=-74032, pv=0.156124, s=0.1111]
  * Beta parameters: [s1=1.05591, s2=11.2334]
  * Adjusted p-values: [emp=0.875622, beta=0.871247]

Processing phenotype [ENSG00000139579.7] [270/292]
  * #variants in cis = 14
  * Best hit: [id=12_internal_10961, d=-392581, pv=0.10581, s=0.1263]
  * Beta parameters: [s1=1.14567, s2=16.4395]
  * Adjusted p-values: [emp=0.835821, beta=0.842832]

Processing phenotype [ENSG00000139540.7] [271/292]
  * #variants in cis = 15
  * Best hit: [id=12_internal_9946, d=-498851, pv=0.0942286, s=-0.1323]
  * Beta parameters: [s1=1.04716, s2=16.0705]
  * Adjusted p-values: [emp=0.756219, beta=0.74755]

Processing phenotype [ENSG00000139645.8] [272/292]
  * #variants in cis = 15
  * Best hit: [id=12_internal_8617, d=-37574, pv=0.0251546, s=0.1755]
  * Beta parameters: [s1=0.977499, s2=16.1442]
  * Adjusted p-values: [emp=0.308458, beta=0.335921]

Processing phenotype [ENSG00000135469.9] [273/292]
  * #variants in cis = 15
  * Best hit: [id=12_internal_8949, d=-122166, pv=0.160518, s=0.1127]
  * Beta parameters: [s1=0.981517, s2=12.0632]
  * Adjusted p-values: [emp=0.910448, beta=0.904802]

Processing phenotype [ENSG00000257303.1] [274/292]
  * #variants in cis = 15
  * Best hit: [id=12_internal_8617, d=0, pv=0.0118588, s=0.1960]
  * Beta parameters: [s1=0.976621, s2=14.1217]
  * Adjusted p-values: [emp=0.154229, beta=0.171575]

Processing phenotype [ENSG00000062485.13] [275/292]
  * #variants in cis = 15
  * Best hit: [id=12_internal_10961, d=470958, pv=0.00170368, s=0.2442]
  * Beta parameters: [s1=1.09867, s2=13.6722]
  * Adjusted p-values: [emp=0.0199005, beta=0.0226888]

Processing phenotype [ENSG00000144785.4] [276/292]
  * #variants in cis = 15
  * Best hit: [id=12_internal_10961, d=486625, pv=0.0173393, s=0.1864]
  * Beta parameters: [s1=0.958347, s2=14.9577]
  * Adjusted p-values: [emp=0.273632, beta=0.232278]

Processing phenotype [ENSG00000257727.1] [277/292]
  * #variants in cis = 15
  * Best hit: [id=12_internal_9146, d=-611496, pv=0.0614194, s=-0.1421]
  * Beta parameters: [s1=0.903332, s2=16.2758]
  * Adjusted p-values: [emp=0.552239, beta=0.582928]

Processing phenotype [ENSG00000135473.10] [278/292]
  * #variants in cis = 16
  * Best hit: [id=12_internal_10961, d=504619, pv=0.021403, s=0.1739]
  * Beta parameters: [s1=0.9045, s2=15.386]
  * Adjusted p-values: [emp=0.283582, beta=0.291747]

Processing phenotype [ENSG00000110944.4] [279/292]
  * #variants in cis = 16
  * Best hit: [id=12_internal_8617, d=0, pv=0.0191316, s=-0.1840]
  * Beta parameters: [s1=1.08025, s2=17.0338]
  * Adjusted p-values: [emp=0.263682, beta=0.268863]

Processing phenotype [ENSG00000252206.1] [280/292]
  * #variants in cis = 16
  * Best hit: [id=12_internal_8617, d=8071, pv=0.0277104, s=-0.1674]
  * Beta parameters: [s1=1.01149, s2=13.7716]
  * Adjusted p-values: [emp=0.368159, beta=0.376024]

Processing phenotype [ENSG00000170581.8] [281/292]
  * #variants in cis = 16
  * Best hit: [id=12_internal_8617, d=15776, pv=0.040013, s=-0.1546]
  * Beta parameters: [s1=0.871631, s2=15.7242]
  * Adjusted p-values: [emp=0.437811, beta=0.462937]

Processing phenotype [ENSG00000175336.8] [282/292]
  * #variants in cis = 16
  * Best hit: [id=12_internal_8617, d=18444, pv=0.00287208, s=-0.2301]
  * Beta parameters: [s1=0.921681, s2=17.7018]
  * Adjusted p-values: [emp=0.0497512, beta=0.041872]

Processing phenotype [ENSG00000111602.7] [283/292]
  * #variants in cis = 16
  * Best hit: [id=12_internal_9426, d=792075, pv=0.0082324, s=0.1967]
  * Beta parameters: [s1=0.938976, s2=18.658]
  * Adjusted p-values: [emp=0.159204, beta=0.152639]

Processing phenotype [ENSG00000176422.10] [284/292]
  * #variants in cis = 16
  * Best hit: [id=12_internal_11202, d=-619216, pv=0.0641724, s=0.1450]
  * Beta parameters: [s1=0.938071, s2=18.0499]
  * Adjusted p-values: [emp=0.61194, beta=0.652715]

Processing phenotype [ENSG00000135423.8] [285/292]
  * #variants in cis = 16
  * Best hit: [id=12_internal_10272, d=0, pv=0.00375829, s=0.2323]
  * Beta parameters: [s1=1.00849, s2=15.6913]
  * Adjusted p-values: [emp=0.0348259, beta=0.0472723]

Processing phenotype [ENSG00000076067.6] [286/292]
  * #variants in cis = 16
  * Best hit: [id=12_internal_10272, d=0, pv=2.14142e-06, s=0.3579]
  * Beta parameters: [s1=0.999972, s2=15.2044]
  * Adjusted p-values: [emp=0.00497512, beta=5.34417e-05]

Processing phenotype [ENSG00000076108.7] [287/292]
  * #variants in cis = 15
  * Best hit: [id=12_internal_12899, d=917829, pv=0.017343, s=0.1790]
  * Beta parameters: [s1=1.00932, s2=17.3122]
  * Adjusted p-values: [emp=0.233831, beta=0.199562]

Processing phenotype [ENSG00000207031.1] [288/292]
  * #variants in cis = 15
  * Best hit: [id=12_internal_9690, d=-519412, pv=0.00897205, s=0.2004]
  * Beta parameters: [s1=1.05028, s2=12.3259]
  * Adjusted p-values: [emp=0.124378, beta=0.123377]

Processing phenotype [ENSG00000110955.3] [289/292]
  * #variants in cis = 15
  * Best hit: [id=12_internal_9426, d=988686, pv=0.110793, s=0.1191]
  * Beta parameters: [s1=0.889151, s2=19.7254]
  * Adjusted p-values: [emp=0.870647, beta=0.867538]

Processing phenotype [ENSG00000241217.2] [290/292]
  * #variants in cis = 14
  * Best hit: [id=12_internal_9946, d=939548, pv=0.0114237, s=0.1859]
  * Beta parameters: [s1=1.0678, s2=12.9459]
  * Adjusted p-values: [emp=0.119403, beta=0.134512]

Processing phenotype [ENSG00000110958.10] [291/292]
  * #variants in cis = 14
  * Best hit: [id=12_internal_9784, d=0, pv=0.0205999, s=0.1794]
  * Beta parameters: [s1=0.9202, s2=14.7665]
  * Adjusted p-values: [emp=0.283582, beta=0.256811]

Processing phenotype [ENSG00000196531.6] [292/292]
  * #variants in cis = 12
  * Best hit: [id=12_internal_11202, d=882327, pv=0.00693816, s=0.2060]
  * Beta parameters: [s1=0.900264, s2=11.0719]
  * Adjusted p-values: [emp=0.0845771, beta=0.0933347]

Running time: 3 seconds
