Sender: LSF System <lsfadmin@cpt02>
Subject: Job 971519: </data/unige/funpopgen/odelanea/SGX/V2/binaries/qtltools/bin/QTLtools cis --vcf /data/unige/funpopgen/grey2/SYSCID/BLUEPRINT_DATA/CRD/THREE_CELL_TYPES/CLOMICS/CELL_TYPE_COMPARISON_GENE_CRD_ASSOCIATIONS/quantify/70_vs_72_ALL.ALLchr.mean.txt.gz --bed /data/unige/funpopgen/grey2/SYSCID/BLUEPRINT_DATA/CRD/THREE_CELL_TYPES/QTL_TOOLS/EGAD00001002675_v3.0/EGAD00001002675_RNA.PC10.bed.gz --permute 200 --chunk 71 100 --out /data/unige/funpopgen/grey2/SYSCID/BLUEPRINT_DATA/CRD/THREE_CELL_TYPES/CLOMICS/CELL_TYPE_COMPARISON_GENE_CRD_ASSOCIATIONS/mapping_aCRD_gene/70_vs_72/gene_CRD_mean_chunk71\.txt> in cluster <ug> Done

Job </data/unige/funpopgen/odelanea/SGX/V2/binaries/qtltools/bin/QTLtools cis --vcf /data/unige/funpopgen/grey2/SYSCID/BLUEPRINT_DATA/CRD/THREE_CELL_TYPES/CLOMICS/CELL_TYPE_COMPARISON_GENE_CRD_ASSOCIATIONS/quantify/70_vs_72_ALL.ALLchr.mean.txt.gz --bed /data/unige/funpopgen/grey2/SYSCID/BLUEPRINT_DATA/CRD/THREE_CELL_TYPES/QTL_TOOLS/EGAD00001002675_v3.0/EGAD00001002675_RNA.PC10.bed.gz --permute 200 --chunk 71 100 --out /data/unige/funpopgen/grey2/SYSCID/BLUEPRINT_DATA/CRD/THREE_CELL_TYPES/CLOMICS/CELL_TYPE_COMPARISON_GENE_CRD_ASSOCIATIONS/mapping_aCRD_gene/70_vs_72/gene_CRD_mean_chunk71\.txt> was submitted from host <cpt01> by user <grey2> in cluster <ug>.
Job was executed on host(s) <cpt02>, in queue <normal>, as user <grey2> in cluster <ug>.
</home/grey2> was used as the home directory.
</data/unige/funpopgen/grey2/SYSCID/BLUEPRINT_DATA/CRD/THREE_CELL_TYPES/CLOMICS/CELL_TYPE_COMPARISON_GENE_CRD_ASSOCIATIONS> was used as the working directory.
Started at Fri Mar 15 14:01:57 2019
Results reported at Fri Mar 15 14:02:02 2019

Your job looked like:

------------------------------------------------------------
# LSBATCH: User input
/data/unige/funpopgen/odelanea/SGX/V2/binaries/qtltools/bin/QTLtools cis --vcf /data/unige/funpopgen/grey2/SYSCID/BLUEPRINT_DATA/CRD/THREE_CELL_TYPES/CLOMICS/CELL_TYPE_COMPARISON_GENE_CRD_ASSOCIATIONS/quantify/70_vs_72_ALL.ALLchr.mean.txt.gz --bed /data/unige/funpopgen/grey2/SYSCID/BLUEPRINT_DATA/CRD/THREE_CELL_TYPES/QTL_TOOLS/EGAD00001002675_v3.0/EGAD00001002675_RNA.PC10.bed.gz --permute 200 --chunk 71 100 --out /data/unige/funpopgen/grey2/SYSCID/BLUEPRINT_DATA/CRD/THREE_CELL_TYPES/CLOMICS/CELL_TYPE_COMPARISON_GENE_CRD_ASSOCIATIONS/mapping_aCRD_gene/70_vs_72/gene_CRD_mean_chunk71\.txt

------------------------------------------------------------

Successfully completed.

Resource usage summary:

    CPU time :               2.77 sec.
    Max Memory :             3.11 MB
    Average Memory :         3.11 MB
    Total Requested Memory : -
    Delta Memory :           -
    (Delta: the difference between total requested memory and actual max usage.)
    Max Swap :               31 MB

    Max Processes :          1
    Max Threads :            1

The output (if any) follows:


[32mQTLtools[0m
  * Authors : Olivier DELANEAU / Halit ONGEN / Emmanouil DERMITZAKIS
  * Contact : olivier.delaneau@gmail.com / halit.ongen@unige.ch / Emmanouil.Dermitzakis@unige.ch
  * Webpage : https://qtltools.github.io/qtltools/
  * Version : 1.1
  * Date    : 15/03/2019 - 14:02:00
  * Citation: A complete tool set for molecular QTL discovery and analysis, https://doi.org/10.1101/068635

[32mMAPPING QTL IN CIS[0m
  * TASK: Perform 200 permutations
  * Linear model: Phe ~ Var
  * Cis-window size is 1000000 bp
  * Chunk = [71/100]

Scanning phenotype data in [/data/unige/funpopgen/grey2/SYSCID/BLUEPRINT_DATA/CRD/THREE_CELL_TYPES/QTL_TOOLS/EGAD00001002675_v3.0/EGAD00001002675_RNA.PC10.bed.gz]
  * 21589 phenotypes included
  * 10706 phenotypes are on the negative strand

Initialize random number generator
  * Built-in seed is 15112011
  * First Integer = 30554
  * First Double = 0.0126695

Reading sample list from [/data/unige/funpopgen/grey2/SYSCID/BLUEPRINT_DATA/CRD/THREE_CELL_TYPES/QTL_TOOLS/EGAD00001002675_v3.0/EGAD00001002675_RNA.PC10.bed.gz]
  * #samples = 196

Reading sample list from [/data/unige/funpopgen/grey2/SYSCID/BLUEPRINT_DATA/CRD/THREE_CELL_TYPES/CLOMICS/CELL_TYPE_COMPARISON_GENE_CRD_ASSOCIATIONS/quantify/70_vs_72_ALL.ALLchr.mean.txt.gz]
  * #samples = 165

Merging sample sets from all input files
  * #files = 2
  * #samples in all files = 165
  * #samples NOT in all files (i.e. ignored) = 31

Reading phenotype data in [/data/unige/funpopgen/grey2/SYSCID/BLUEPRINT_DATA/CRD/THREE_CELL_TYPES/QTL_TOOLS/EGAD00001002675_v3.0/EGAD00001002675_RNA.PC10.bed.gz]
  * target region [5:147763498-180688213]
  * 238 phenotypes included
  * 114 phenotypes are on the negative strand

Reading genotype data in [/data/unige/funpopgen/grey2/SYSCID/BLUEPRINT_DATA/CRD/THREE_CELL_TYPES/CLOMICS/CELL_TYPE_COMPARISON_GENE_CRD_ASSOCIATIONS/quantify/70_vs_72_ALL.ALLchr.mean.txt.gz]
  * File format detected: BED
  * 165 samples included
  * 2 samples without phenotype data
  * target region [5:146763498-181688213]
  * 137 variants included

Processing phenotype [ENSG00000145868.12] [1/238]
  * #variants in cis = 12
  * Best hit: [id=5_internal_9428, d=349407, pv=0.00161299, s=0.2382]
  * Beta parameters: [s1=1.01666, s2=11.5473]
  * Adjusted p-values: [emp=0.0149254, beta=0.0180539]

Processing phenotype [ENSG00000251330.2] [2/238]
  * #variants in cis = 13
  * Best hit: [id=5_internal_12242, d=604878, pv=0.0178475, s=0.1815]
  * Beta parameters: [s1=1.06459, s2=12.0686]
  * Adjusted p-values: [emp=0.223881, beta=0.224901]

Processing phenotype [ENSG00000164270.13] [3/238]
  * #variants in cis = 12
  * Best hit: [id=5_internal_10246, d=-743177, pv=0.0791714, s=-0.1380]
  * Beta parameters: [s1=0.868212, s2=8.72139]
  * Adjusted p-values: [emp=0.587065, beta=0.606208]

Processing phenotype [ENSG00000169252.4] [4/238]
  * #variants in cis = 13
  * Best hit: [id=5_internal_12242, d=208444, pv=0.120528, s=0.1224]
  * Beta parameters: [s1=0.932603, s2=11.3425]
  * Adjusted p-values: [emp=0.800995, beta=0.796941]

Processing phenotype [ENSG00000164284.10] [5/238]
  * #variants in cis = 16
  * Best hit: [id=5_internal_9610, d=-429701, pv=0.00965979, s=-0.2025]
  * Beta parameters: [s1=0.975422, s2=15.3171]
  * Adjusted p-values: [emp=0.119403, beta=0.118116]

Processing phenotype [ENSG00000253618.1] [6/238]
  * #variants in cis = 16
  * Best hit: [id=5_internal_10248, d=57575, pv=0.0573383, s=0.1508]
  * Beta parameters: [s1=0.917186, s2=14.1466]
  * Adjusted p-values: [emp=0.557214, beta=0.584618]

Processing phenotype [ENSG00000145882.6] [7/238]
  * #variants in cis = 16
  * Best hit: [id=5_internal_12242, d=-294146, pv=0.00526261, s=-0.2188]
  * Beta parameters: [s1=0.937205, s2=14.1135]
  * Adjusted p-values: [emp=0.104478, beta=0.0889159]

Processing phenotype [ENSG00000230551.3] [8/238]
  * #variants in cis = 19
  * Best hit: [id=5_internal_9610, d=588941, pv=0.0661523, s=-0.1399]
  * Beta parameters: [s1=1.01313, s2=19.0102]
  * Adjusted p-values: [emp=0.691542, beta=0.718636]

Processing phenotype [ENSG00000241112.1] [9/238]
  * #variants in cis = 20
  * Best hit: [id=5_internal_9410, d=-512076, pv=0.00731483, s=0.2065]
  * Beta parameters: [s1=1.03771, s2=20.4708]
  * Adjusted p-values: [emp=0.124378, beta=0.123209]

Processing phenotype [ENSG00000113712.10] [10/238]
  * #variants in cis = 20
  * Best hit: [id=5_internal_9610, d=635715, pv=0.184818, s=-0.1023]
  * Beta parameters: [s1=1.0451, s2=15.7466]
  * Adjusted p-values: [emp=0.970149, beta=0.976012]

Processing phenotype [ENSG00000183111.7] [11/238]
  * #variants in cis = 20
  * Best hit: [id=5_internal_10310, d=904733, pv=0.0147936, s=0.1937]
  * Beta parameters: [s1=1.09072, s2=18.4925]
  * Adjusted p-values: [emp=0.253731, beta=0.223021]

Processing phenotype [ENSG00000132915.6] [12/238]
  * #variants in cis = 19
  * Best hit: [id=5_internal_12242, d=880932, pv=0.0208104, s=0.1774]
  * Beta parameters: [s1=0.943469, s2=22.0356]
  * Adjusted p-values: [emp=0.258706, beta=0.264542]

Processing phenotype [ENSG00000155850.7] [13/238]
  * #variants in cis = 19
  * Best hit: [id=5_internal_12119, d=38513, pv=0.00103825, s=0.2559]
  * Beta parameters: [s1=1.13416, s2=15.1587]
  * Adjusted p-values: [emp=0.0199005, beta=0.0252501]

Processing phenotype [ENSG00000113716.8] [14/238]
  * #variants in cis = 19
  * Best hit: [id=5_internal_9410, d=57565, pv=1.33488e-13, s=0.5372]
  * Beta parameters: [s1=0.874602, s2=20.1153]
  * Adjusted p-values: [emp=0.00497512, beta=1.15263e-12]

Processing phenotype [ENSG00000164296.6] [15/238]
  * #variants in cis = 19
  * Best hit: [id=5_internal_9137, d=250053, pv=0.0171411, s=-0.1866]
  * Beta parameters: [s1=1.02879, s2=18.5774]
  * Adjusted p-values: [emp=0.308458, beta=0.277338]

Processing phenotype [ENSG00000182578.9] [16/238]
  * #variants in cis = 20
  * Best hit: [id=5_internal_9410, d=23488, pv=3.21313e-13, s=0.5190]
  * Beta parameters: [s1=0.896002, s2=23.7721]
  * Adjusted p-values: [emp=0.00497512, beta=4.34413e-13]

Processing phenotype [ENSG00000070814.12] [17/238]
  * #variants in cis = 22
  * Best hit: [id=5_internal_9407, d=821625, pv=0.063264, s=0.1442]
  * Beta parameters: [s1=0.903418, s2=20.7713]
  * Adjusted p-values: [emp=0.80597, beta=0.78711]

Processing phenotype [ENSG00000019582.10] [18/238]
  * #variants in cis = 22
  * Best hit: [id=5_internal_11947, d=177314, pv=0.0450535, s=0.1553]
  * Beta parameters: [s1=0.917825, s2=24.0344]
  * Adjusted p-values: [emp=0.631841, beta=0.645185]

Processing phenotype [ENSG00000164587.7] [19/238]
  * #variants in cis = 21
  * Best hit: [id=5_internal_12683, d=-2293, pv=4.00199e-05, s=-0.3181]
  * Beta parameters: [s1=0.905451, s2=17.7401]
  * Adjusted p-values: [emp=0.00497512, beta=0.00138879]

Processing phenotype [ENSG00000070614.9] [20/238]
  * #variants in cis = 22
  * Best hit: [id=5_internal_12683, d=0, pv=8.86285e-14, s=0.5264]
  * Beta parameters: [s1=0.990683, s2=19.4206]
  * Adjusted p-values: [emp=0.00497512, beta=3.75619e-12]

Processing phenotype [ENSG00000254333.1] [21/238]
  * #variants in cis = 22
  * Best hit: [id=5_internal_9746, d=-188019, pv=0.0199686, s=-0.1828]
  * Beta parameters: [s1=0.903262, s2=26.3542]
  * Adjusted p-values: [emp=0.348259, beta=0.360494]

Processing phenotype [ENSG00000239191.1] [22/238]
  * #variants in cis = 22
  * Best hit: [id=5_internal_12683, d=17585, pv=4.75561e-09, s=0.4520]
  * Beta parameters: [s1=1.06691, s2=21.1713]
  * Adjusted p-values: [emp=0.00497512, beta=1.12201e-07]

Processing phenotype [ENSG00000164591.9] [23/238]
  * #variants in cis = 21
  * Best hit: [id=5_internal_9746, d=13114, pv=0.124091, s=0.1263]
  * Beta parameters: [s1=1.05729, s2=18.597]
  * Adjusted p-values: [emp=0.935323, beta=0.926642]

Processing phenotype [ENSG00000086589.7] [24/238]
  * #variants in cis = 22
  * Best hit: [id=5_internal_12119, d=645938, pv=0.0231967, s=0.1798]
  * Beta parameters: [s1=0.937118, s2=18.68]
  * Adjusted p-values: [emp=0.38806, beta=0.361579]

Processing phenotype [ENSG00000132912.8] [25/238]
  * #variants in cis = 23
  * Best hit: [id=5_internal_12007, d=-433984, pv=0.18514, s=0.1003]
  * Beta parameters: [s1=1.00688, s2=19.8338]
  * Adjusted p-values: [emp=0.99005, beta=0.987766]

Processing phenotype [ENSG00000256235.1] [26/238]
  * #variants in cis = 23
  * Best hit: [id=5_internal_11947, d=-542330, pv=0.116734, s=0.1202]
  * Beta parameters: [s1=1.08913, s2=22.9445]
  * Adjusted p-values: [emp=0.950249, beta=0.957171]

Processing phenotype [ENSG00000269636.1] [27/238]
  * #variants in cis = 23
  * Best hit: [id=5_internal_11947, d=-542689, pv=0.117737, s=0.1199]
  * Beta parameters: [s1=0.937634, s2=28.0097]
  * Adjusted p-values: [emp=0.930348, beta=0.941285]

Processing phenotype [ENSG00000237693.3] [28/238]
  * #variants in cis = 23
  * Best hit: [id=5_internal_11947, d=-610907, pv=0.000970947, s=0.2515]
  * Beta parameters: [s1=0.952164, s2=17.9321]
  * Adjusted p-values: [emp=0.0298507, beta=0.023971]

Processing phenotype [ENSG00000145908.8] [29/238]
  * #variants in cis = 23
  * Best hit: [id=5_internal_12683, d=378879, pv=0.0468372, s=-0.1555]
  * Beta parameters: [s1=0.919128, s2=25.289]
  * Adjusted p-values: [emp=0.656716, beta=0.642941]

Processing phenotype [ENSG00000197083.7] [30/238]
  * #variants in cis = 23
  * Best hit: [id=5_internal_9642, d=83360, pv=0.00921532, s=-0.2030]
  * Beta parameters: [s1=1.01319, s2=16.4079]
  * Adjusted p-values: [emp=0.228856, beta=0.220201]

Processing phenotype [ENSG00000211445.6] [31/238]
  * #variants in cis = 23
  * Best hit: [id=5_internal_9096, d=0, pv=0.00120805, s=0.2528]
  * Beta parameters: [s1=0.979329, s2=23.9916]
  * Adjusted p-values: [emp=0.0497512, beta=0.0331985]

Processing phenotype [ENSG00000145901.10] [32/238]
  * #variants in cis = 21
  * Best hit: [id=5_internal_8942, d=599431, pv=0.0164748, s=-0.1862]
  * Beta parameters: [s1=1.02153, s2=15.8547]
  * Adjusted p-values: [emp=0.248756, beta=0.265813]

Processing phenotype [ENSG00000197043.8] [33/238]
  * #variants in cis = 20
  * Best hit: [id=5_internal_12007, d=-35212, pv=5.23404e-10, s=0.4588]
  * Beta parameters: [s1=0.951765, s2=19.6275]
  * Adjusted p-values: [emp=0.00497512, beta=9.6969e-09]

Processing phenotype [ENSG00000254298.1] [34/238]
  * #variants in cis = 20
  * Best hit: [id=5_internal_12683, d=632357, pv=0.0661564, s=-0.1423]
  * Beta parameters: [s1=0.998824, s2=20.8427]
  * Adjusted p-values: [emp=0.666667, beta=0.695468]

Processing phenotype [ENSG00000196743.4] [35/238]
  * #variants in cis = 20
  * Best hit: [id=5_internal_12007, d=0, pv=7.06798e-08, s=-0.3840]
  * Beta parameters: [s1=0.955215, s2=20.8994]
  * Adjusted p-values: [emp=0.00497512, beta=1.02944e-06]

Processing phenotype [ENSG00000198624.8] [36/238]
  * #variants in cis = 20
  * Best hit: [id=5_internal_12007, d=0, pv=3.804e-17, s=0.6001]
  * Beta parameters: [s1=1.16459, s2=18.8459]
  * Adjusted p-values: [emp=0.00497512, beta=1.70361e-16]

Processing phenotype [ENSG00000186334.5] [37/238]
  * #variants in cis = 19
  * Best hit: [id=5_internal_12007, d=67152, pv=3.54926e-09, s=-0.4513]
  * Beta parameters: [s1=1.07542, s2=18.4932]
  * Adjusted p-values: [emp=0.00497512, beta=1.32587e-08]

Processing phenotype [ENSG00000123643.7] [38/238]
  * #variants in cis = 19
  * Best hit: [id=5_internal_9725, d=225277, pv=0.0541091, s=-0.1499]
  * Beta parameters: [s1=0.933192, s2=15.6005]
  * Adjusted p-values: [emp=0.59204, beta=0.621997]

Processing phenotype [ENSG00000200227.1] [39/238]
  * #variants in cis = 19
  * Best hit: [id=5_internal_8929, d=-271461, pv=0.0501577, s=-0.1506]
  * Beta parameters: [s1=0.990972, s2=18.451]
  * Adjusted p-values: [emp=0.661692, beta=0.639489]

Processing phenotype [ENSG00000086570.8] [40/238]
  * #variants in cis = 15
  * Best hit: [id=5_internal_9443, d=67589, pv=0.0155678, s=0.1954]
  * Beta parameters: [s1=0.969152, s2=16.4375]
  * Adjusted p-values: [emp=0.20398, beta=0.212677]

Processing phenotype [ENSG00000253921.1] [41/238]
  * #variants in cis = 13
  * Best hit: [id=5_internal_9624, d=-568, pv=0.0298315, s=-0.1756]
  * Beta parameters: [s1=0.862436, s2=12.7784]
  * Adjusted p-values: [emp=0.288557, beta=0.304731]

Processing phenotype [ENSG00000145907.10] [42/238]
  * #variants in cis = 13
  * Best hit: [id=5_internal_9389, d=-472104, pv=0.00302925, s=0.2298]
  * Beta parameters: [s1=1.05248, s2=13.8676]
  * Adjusted p-values: [emp=0.0597015, beta=0.0429436]

Processing phenotype [ENSG00000177556.7] [43/238]
  * #variants in cis = 13
  * Best hit: [id=5_internal_9624, d=19108, pv=0.0015867, s=0.2428]
  * Beta parameters: [s1=0.954515, s2=12.0855]
  * Adjusted p-values: [emp=0.0248756, beta=0.0263446]

Processing phenotype [ENSG00000242976.2] [44/238]
  * #variants in cis = 4
  * Best hit: [id=5_internal_11882, d=891111, pv=0.212338, s=-0.0962]
  * Maximum Likelihood estimation failed, use Moment Matching instead!
  * Beta parameters: [s1=0.999961, s2=4.09329]
  * Adjusted p-values: [emp=0.577114, beta=0.590995]

Processing phenotype [ENSG00000037749.7] [45/238]
  * #variants in cis = 5
  * Best hit: [id=5_internal_11882, d=607587, pv=0.20764, s=0.1013]
  * Beta parameters: [s1=0.972082, s2=5.55892]
  * Adjusted p-values: [emp=0.756219, beta=0.708575]

Processing phenotype [ENSG00000055147.13] [46/238]
  * #variants in cis = 5
  * Best hit: [id=5_internal_9478, d=-267263, pv=0.0507403, s=0.1510]
  * Maximum Likelihood estimation failed, use Moment Matching instead!
  * Beta parameters: [s1=1.00001, s2=4.08]
  * Adjusted p-values: [emp=0.228856, beta=0.221676]

Processing phenotype [ENSG00000164574.11] [47/238]
  * #variants in cis = 5
  * Best hit: [id=5_internal_9478, d=115469, pv=0.0156998, s=0.1853]
  * Maximum Likelihood estimation failed, use Moment Matching instead!
  * Beta parameters: [s1=1.00003, s2=4.83565]
  * Adjusted p-values: [emp=0.0895522, beta=0.0935599]

Processing phenotype [ENSG00000253119.1] [48/238]
  * #variants in cis = 6
  * Best hit: [id=5_internal_9478, d=25704, pv=0.181334, s=0.1065]
  * Beta parameters: [s1=0.923153, s2=7.59599]
  * Adjusted p-values: [emp=0.746269, beta=0.74319]

Processing phenotype [ENSG00000241963.2] [49/238]
  * #variants in cis = 6
  * Best hit: [id=5_internal_9478, d=-36680, pv=0.241508, s=0.0909]
  * Beta parameters: [s1=1.02439, s2=6.61091]
  * Adjusted p-values: [emp=0.820896, beta=0.834902]

Processing phenotype [ENSG00000245275.2] [50/238]
  * #variants in cis = 6
  * Best hit: [id=5_internal_9409, d=-19303, pv=0.0713343, s=0.1390]
  * Beta parameters: [s1=1.08291, s2=6.00198]
  * Adjusted p-values: [emp=0.318408, beta=0.321719]

Processing phenotype [ENSG00000164576.6] [51/238]
  * #variants in cis = 6
  * Best hit: [id=5_internal_9478, d=-133209, pv=0.0107804, s=-0.1974]
  * Maximum Likelihood estimation failed, use Moment Matching instead!
  * Beta parameters: [s1=0.999942, s2=5.35671]
  * Adjusted p-values: [emp=0.0746269, beta=0.0665918]

Processing phenotype [ENSG00000155506.12] [52/238]
  * #variants in cis = 6
  * Best hit: [id=5_internal_11882, d=0, pv=1.63682e-14, s=0.5067]
  * Maximum Likelihood estimation failed, use Moment Matching instead!
  * Beta parameters: [s1=1.00003, s2=5.11386]
  * Adjusted p-values: [emp=0.00497512, beta=1.41715e-12]

Processing phenotype [ENSG00000239337.2] [53/238]
  * #variants in cis = 6
  * Best hit: [id=5_internal_9478, d=405941, pv=0.0696089, s=-0.1360]
  * Beta parameters: [s1=0.963632, s2=5.85458]
  * Adjusted p-values: [emp=0.383085, beta=0.37908]

Processing phenotype [ENSG00000155508.9] [54/238]
  * #variants in cis = 6
  * Best hit: [id=5_internal_8766, d=445279, pv=0.0374488, s=-0.1629]
  * Beta parameters: [s1=1.10048, s2=6.7013]
  * Adjusted p-values: [emp=0.223881, beta=0.215567]

Processing phenotype [ENSG00000170271.6] [55/238]
  * #variants in cis = 6
  * Best hit: [id=5_internal_11882, d=70242, pv=0.0172971, s=0.1759]
  * Beta parameters: [s1=0.984679, s2=5.60682]
  * Adjusted p-values: [emp=0.109453, beta=0.0993749]

Processing phenotype [ENSG00000082516.8] [56/238]
  * #variants in cis = 6
  * Best hit: [id=5_internal_9478, d=625461, pv=0.0385082, s=0.1617]
  * Beta parameters: [s1=1.0193, s2=6.91048]
  * Adjusted p-values: [emp=0.208955, beta=0.200787]

Processing phenotype [ENSG00000082515.12] [57/238]
  * #variants in cis = 6
  * Best hit: [id=5_internal_9409, d=-461343, pv=0.0604819, s=-0.1486]
  * Beta parameters: [s1=0.997816, s2=6.84446]
  * Adjusted p-values: [emp=0.288557, beta=0.275171]

Processing phenotype [ENSG00000231989.2] [58/238]
  * #variants in cis = 7
  * Best hit: [id=5_internal_11377, d=326950, pv=0.18515, s=-0.1042]
  * Beta parameters: [s1=1.06189, s2=7.40942]
  * Adjusted p-values: [emp=0.781095, beta=0.774984]

Processing phenotype [ENSG00000135077.4] [59/238]
  * #variants in cis = 7
  * Best hit: [id=5_internal_9676, d=29171, pv=0.00384306, s=0.2209]
  * Beta parameters: [s1=1.04466, s2=7.95374]
  * Adjusted p-values: [emp=0.0248756, beta=0.0211348]

Processing phenotype [ENSG00000113263.8] [60/238]
  * #variants in cis = 7
  * Best hit: [id=5_internal_11377, d=34555, pv=0.00615301, s=0.2117]
  * Beta parameters: [s1=0.796568, s2=7.39875]
  * Adjusted p-values: [emp=0.0646766, beta=0.0298114]

Processing phenotype [ENSG00000155868.7] [61/238]
  * #variants in cis = 7
  * Best hit: [id=5_internal_10608, d=-12599, pv=0.418939, s=0.0637]
  * Beta parameters: [s1=1.13815, s2=6.7261]
  * Adjusted p-values: [emp=0.955224, beta=0.973754]

Processing phenotype [ENSG00000055163.14] [62/238]
  * #variants in cis = 8
  * Best hit: [id=5_internal_12562, d=0, pv=0.00297283, s=0.2182]
  * Beta parameters: [s1=1.03514, s2=9.00185]
  * Adjusted p-values: [emp=0.00995025, beta=0.0169497]

Processing phenotype [ENSG00000253653.1] [63/238]
  * #variants in cis = 8
  * Best hit: [id=5_internal_12562, d=0, pv=0.00393182, s=0.2242]
  * Beta parameters: [s1=1.09926, s2=8.23154]
  * Adjusted p-values: [emp=0.0348259, beta=0.0310096]

Processing phenotype [ENSG00000172568.4] [64/238]
  * #variants in cis = 8
  * Best hit: [id=5_internal_12562, d=0, pv=0.000426967, s=0.2701]
  * Beta parameters: [s1=0.937973, s2=7.64948]
  * Adjusted p-values: [emp=0.0149254, beta=0.00461187]

Processing phenotype [ENSG00000204823.3] [65/238]
  * #variants in cis = 8
  * Best hit: [id=5_internal_9863, d=223418, pv=0.0895027, s=-0.1330]
  * Beta parameters: [s1=0.956371, s2=8.78439]
  * Adjusted p-values: [emp=0.532338, beta=0.530073]

Processing phenotype [ENSG00000248544.2] [66/238]
  * #variants in cis = 8
  * Best hit: [id=5_internal_10608, d=160932, pv=0.049813, s=0.1544]
  * Beta parameters: [s1=1.03481, s2=8.09163]
  * Adjusted p-values: [emp=0.358209, beta=0.341191]

Processing phenotype [ENSG00000253155.1] [67/238]
  * #variants in cis = 8
  * Best hit: [id=5_internal_12980, d=116757, pv=0.0132122, s=0.1874]
  * Beta parameters: [s1=0.99337, s2=6.6184]
  * Adjusted p-values: [emp=0.124378, beta=0.11938]

Processing phenotype [ENSG00000172548.10] [68/238]
  * #variants in cis = 9
  * Best hit: [id=5_internal_12980, d=79177, pv=0.0322282, s=0.1694]
  * Beta parameters: [s1=0.927789, s2=13.0772]
  * Adjusted p-values: [emp=0.218905, beta=0.262141]

Processing phenotype [ENSG00000251405.2] [69/238]
  * #variants in cis = 9
  * Best hit: [id=5_internal_10608, d=236060, pv=0.020807, s=0.1839]
  * Beta parameters: [s1=1.00706, s2=8.64086]
  * Adjusted p-values: [emp=0.159204, beta=0.152843]

Processing phenotype [ENSG00000253519.1] [70/238]
  * #variants in cis = 9
  * Best hit: [id=5_internal_12980, d=0, pv=1.24621e-05, s=0.3355]
  * Beta parameters: [s1=1.00444, s2=8.32137]
  * Adjusted p-values: [emp=0.00497512, beta=6.6288e-05]

Processing phenotype [ENSG00000135074.11] [71/238]
  * #variants in cis = 9
  * Best hit: [id=5_internal_12980, d=0, pv=2.28924e-05, s=0.3271]
  * Beta parameters: [s1=0.911321, s2=10.2108]
  * Adjusted p-values: [emp=0.00497512, beta=7.18808e-05]

Processing phenotype [ENSG00000113272.9] [72/238]
  * #variants in cis = 9
  * Best hit: [id=5_internal_11095, d=700190, pv=0.130457, s=-0.1196]
  * Beta parameters: [s1=1.13609, s2=9.49242]
  * Adjusted p-values: [emp=0.741294, beta=0.696077]

Processing phenotype [ENSG00000155858.5] [73/238]
  * #variants in cis = 9
  * Best hit: [id=5_internal_9995, d=-207543, pv=0.062526, s=-0.1443]
  * Beta parameters: [s1=1.06961, s2=9.08716]
  * Adjusted p-values: [emp=0.373134, beta=0.379116]

Processing phenotype [ENSG00000206819.1] [74/238]
  * #variants in cis = 9
  * Best hit: [id=5_internal_10321, d=365815, pv=0.0685405, s=-0.1411]
  * Beta parameters: [s1=1.05221, s2=7.43339]
  * Adjusted p-values: [emp=0.447761, beta=0.465707]

Processing phenotype [ENSG00000113282.9] [75/238]
  * #variants in cis = 9
  * Best hit: [id=5_internal_11095, d=-572212, pv=0.118614, s=-0.1246]
  * Beta parameters: [s1=0.879066, s2=8.13945]
  * Adjusted p-values: [emp=0.636816, beta=0.661833]

Processing phenotype [ENSG00000222626.1] [76/238]
  * #variants in cis = 10
  * Best hit: [id=5_internal_9676, d=863255, pv=0.00733533, s=-0.1906]
  * Beta parameters: [s1=0.875182, s2=10.39]
  * Adjusted p-values: [emp=0.0845771, beta=0.0731108]

Processing phenotype [ENSG00000145860.5] [77/238]
  * #variants in cis = 7
  * Best hit: [id=5_internal_9433, d=-954850, pv=0.0971946, s=-0.1285]
  * Beta parameters: [s1=1.03067, s2=6.23968]
  * Adjusted p-values: [emp=0.507463, beta=0.495892]

Processing phenotype [ENSG00000164332.6] [78/238]
  * #variants in cis = 7
  * Best hit: [id=5_internal_9433, d=901822, pv=0.0105914, s=-0.1979]
  * Beta parameters: [s1=0.977616, s2=8.05662]
  * Adjusted p-values: [emp=0.0497512, beta=0.0483878]

Processing phenotype [ENSG00000249738.2] [79/238]
  * #variants in cis = 7
  * Best hit: [id=5_internal_9433, d=853970, pv=0.109011, s=-0.1271]
  * Beta parameters: [s1=0.965667, s2=6.67792]
  * Adjusted p-values: [emp=0.527363, beta=0.525224]

Processing phenotype [ENSG00000113302.4] [80/238]
  * #variants in cis = 7
  * Best hit: [id=5_internal_9720, d=101626, pv=0.0605031, s=0.1451]
  * Beta parameters: [s1=0.885709, s2=6.4969]
  * Adjusted p-values: [emp=0.39801, beta=0.372291]

Processing phenotype [ENSG00000113312.5] [81/238]
  * #variants in cis = 8
  * Best hit: [id=5_internal_11129, d=812840, pv=0.183751, s=0.1066]
  * Beta parameters: [s1=1.04378, s2=7.1313]
  * Adjusted p-values: [emp=0.78607, beta=0.797969]

Processing phenotype [ENSG00000223908.4] [82/238]
  * #variants in cis = 8
  * Best hit: [id=5_internal_12539, d=916708, pv=0.024333, s=0.1782]
  * Beta parameters: [s1=1.04933, s2=8.22845]
  * Adjusted p-values: [emp=0.169154, beta=0.163827]

Processing phenotype [ENSG00000170234.7] [83/238]
  * #variants in cis = 7
  * Best hit: [id=5_internal_9720, d=890161, pv=0.0895948, s=-0.1268]
  * Beta parameters: [s1=0.952342, s2=9.18938]
  * Adjusted p-values: [emp=0.507463, beta=0.507007]

Processing phenotype [ENSG00000170231.11] [84/238]
  * #variants in cis = 7
  * Best hit: [id=5_internal_10694, d=-270189, pv=0.195311, s=-0.0993]
  * Beta parameters: [s1=0.945737, s2=7.08735]
  * Adjusted p-values: [emp=0.791045, beta=0.793264]

Processing phenotype [ENSG00000253772.1] [85/238]
  * #variants in cis = 6
  * Best hit: [id=5_internal_10694, d=-330339, pv=0.296011, s=-0.0816]
  * Beta parameters: [s1=1.02781, s2=6.38368]
  * Adjusted p-values: [emp=0.865672, beta=0.879121]

Processing phenotype [ENSG00000254373.1] [86/238]
  * #variants in cis = 6
  * Best hit: [id=5_internal_11119, d=-787746, pv=0.119016, s=-0.1238]
  * Beta parameters: [s1=1.07782, s2=6.23633]
  * Adjusted p-values: [emp=0.507463, beta=0.482667]

Processing phenotype [ENSG00000243654.2] [87/238]
  * #variants in cis = 6
  * Best hit: [id=5_internal_11129, d=530165, pv=0.374959, s=-0.0706]
  * Beta parameters: [s1=1.0402, s2=6.36871]
  * Adjusted p-values: [emp=0.945274, beta=0.949862]

Processing phenotype [ENSG00000135083.10] [88/238]
  * #variants in cis = 6
  * Best hit: [id=5_internal_11119, d=874889, pv=0.0669689, s=-0.1446]
  * Beta parameters: [s1=0.909034, s2=5.62107]
  * Adjusted p-values: [emp=0.338308, beta=0.342022]

Processing phenotype [ENSG00000221886.3] [89/238]
  * #variants in cis = 6
  * Best hit: [id=5_internal_9433, d=213159, pv=0.516231, s=-0.0510]
  * Maximum Likelihood estimation failed, use Moment Matching instead!
  * Beta parameters: [s1=0.999947, s2=5.48448]
  * Adjusted p-values: [emp=0.99005, beta=0.983079]

Processing phenotype [ENSG00000164609.5] [90/238]
  * #variants in cis = 6
  * Best hit: [id=5_internal_9715, d=376069, pv=0.413143, s=0.0642]
  * Beta parameters: [s1=0.972161, s2=7.0243]
  * Adjusted p-values: [emp=0.9801, beta=0.970479]

Processing phenotype [ENSG00000164611.8] [91/238]
  * #variants in cis = 6
  * Best hit: [id=5_internal_11129, d=400131, pv=0.281051, s=-0.0830]
  * Beta parameters: [s1=0.878862, s2=6.77208]
  * Adjusted p-values: [emp=0.845771, beta=0.849878]

Processing phenotype [ENSG00000113328.14] [92/238]
  * #variants in cis = 6
  * Best hit: [id=5_internal_8663, d=476957, pv=0.0739539, s=0.1388]
  * Maximum Likelihood estimation failed, use Moment Matching instead!
  * Beta parameters: [s1=1.00004, s2=4.83387]
  * Adjusted p-values: [emp=0.343284, beta=0.335697]

Processing phenotype [ENSG00000268800.1] [93/238]
  * #variants in cis = 6
  * Best hit: [id=5_internal_11922, d=66567, pv=0.26798, s=0.0845]
  * Maximum Likelihood estimation failed, use Moment Matching instead!
  * Beta parameters: [s1=1.00002, s2=4.95314]
  * Adjusted p-values: [emp=0.781095, beta=0.795246]

Processing phenotype [ENSG00000170584.5] [94/238]
  * #variants in cis = 6
  * Best hit: [id=5_internal_9172, d=-105061, pv=0.581424, s=0.0447]
  * Maximum Likelihood estimation failed, use Moment Matching instead!
  * Beta parameters: [s1=1.00001, s2=5.04881]
  * Adjusted p-values: [emp=0.99005, beta=0.989748]

Processing phenotype [ENSG00000072571.14] [95/238]
  * #variants in cis = 6
  * Best hit: [id=5_internal_11922, d=-79921, pv=0.364349, s=0.0722]
  * Maximum Likelihood estimation failed, use Moment Matching instead!
  * Beta parameters: [s1=0.999966, s2=5.4227]
  * Adjusted p-values: [emp=0.870647, beta=0.877913]

Processing phenotype [ENSG00000038274.11] [96/238]
  * #variants in cis = 6
  * Best hit: [id=5_internal_10775, d=-94145, pv=0.00125411, s=0.2422]
  * Maximum Likelihood estimation failed, use Moment Matching instead!
  * Beta parameters: [s1=0.999982, s2=5.91313]
  * Adjusted p-values: [emp=0.00995025, beta=0.003808]

Processing phenotype [ENSG00000113643.4] [97/238]
  * #variants in cis = 1
  * Best hit: [id=5_internal_12494, d=0, pv=0.0659831, s=0.1457]
  * Maximum Likelihood estimation failed, use Moment Matching instead!
  * Beta parameters: [s1=0.999994, s2=0.874698]
  * Adjusted p-values: [emp=0.0646766, beta=0.0492478]

Processing phenotype [ENSG00000253861.1] [98/238]
  * #variants in cis = 1
  * Best hit: [id=5_internal_12494, d=0, pv=0.910988, s=0.0088]
  * Maximum Likelihood estimation failed, use Moment Matching instead!
  * Beta parameters: [s1=0.999992, s2=0.957611]
  * Adjusted p-values: [emp=0.915423, beta=0.900229]

Processing phenotype [ENSG00000120137.6] [99/238]
  * #variants in cis = 1
  * Best hit: [id=5_internal_12494, d=0, pv=0.498487, s=0.0541]
  * Maximum Likelihood estimation failed, use Moment Matching instead!
  * Beta parameters: [s1=1.00001, s2=1.00064]
  * Adjusted p-values: [emp=0.512438, beta=0.5172]

Processing phenotype [ENSG00000040275.12] [100/238]
  * #variants in cis = 12
  * Best hit: [id=5_internal_11833, d=773020, pv=0.000609498, s=0.2722]
  * Beta parameters: [s1=0.910874, s2=15.4029]
  * Adjusted p-values: [emp=0.0199005, beta=0.0097125]

Processing phenotype [ENSG00000134516.11] [101/238]
  * #variants in cis = 12
  * Best hit: [id=5_internal_8473, d=621886, pv=0.0344131, s=0.1667]
  * Beta parameters: [s1=1.05003, s2=11.4704]
  * Adjusted p-values: [emp=0.393035, beta=0.354754]

Processing phenotype [ENSG00000253269.1] [102/238]
  * #variants in cis = 12
  * Best hit: [id=5_internal_10241, d=-572587, pv=0.094384, s=-0.1326]
  * Beta parameters: [s1=1.04725, s2=10.7503]
  * Adjusted p-values: [emp=0.691542, beta=0.670365]

Processing phenotype [ENSG00000204767.3] [103/238]
  * #variants in cis = 11
  * Best hit: [id=5_internal_9356, d=-316898, pv=0.0812023, s=0.1321]
  * Beta parameters: [s1=0.932958, s2=11.1648]
  * Adjusted p-values: [emp=0.572139, beta=0.587388]

Processing phenotype [ENSG00000263831.1] [104/238]
  * #variants in cis = 11
  * Best hit: [id=5_internal_9878, d=66240, pv=0.0461608, s=-0.1561]
  * Beta parameters: [s1=0.844018, s2=11.4193]
  * Adjusted p-values: [emp=0.393035, beta=0.41205]

Processing phenotype [ENSG00000168269.7] [105/238]
  * #variants in cis = 11
  * Best hit: [id=5_internal_11833, d=250757, pv=0.00299387, s=0.2367]
  * Beta parameters: [s1=1.05902, s2=7.90924]
  * Adjusted p-values: [emp=0.0348259, beta=0.0391064]

Processing phenotype [ENSG00000249601.2] [106/238]
  * #variants in cis = 11
  * Best hit: [id=5_internal_11277, d=-187401, pv=0.0133194, s=0.1931]
  * Beta parameters: [s1=1.0593, s2=11.3156]
  * Adjusted p-values: [emp=0.149254, beta=0.126434]

Processing phenotype [ENSG00000234511.4] [107/238]
  * #variants in cis = 11
  * Best hit: [id=5_internal_11833, d=124207, pv=0.0585148, s=0.1526]
  * Beta parameters: [s1=1.15808, s2=13.4571]
  * Adjusted p-values: [emp=0.512438, beta=0.484591]

Processing phenotype [ENSG00000043462.7] [108/238]
  * #variants in cis = 11
  * Best hit: [id=5_internal_8473, d=0, pv=0.0952403, s=0.1357]
  * Beta parameters: [s1=0.86501, s2=9.58266]
  * Adjusted p-values: [emp=0.58209, beta=0.631555]

Processing phenotype [ENSG00000250274.1] [109/238]
  * #variants in cis = 12
  * Best hit: [id=5_internal_10752, d=625440, pv=0.0754783, s=0.1378]
  * Beta parameters: [s1=0.932318, s2=10.8245]
  * Adjusted p-values: [emp=0.626866, beta=0.629374]

Processing phenotype [ENSG00000235172.3] [110/238]
  * #variants in cis = 12
  * Best hit: [id=5_internal_8473, d=0, pv=0.00166491, s=0.2443]
  * Beta parameters: [s1=0.991481, s2=12.2488]
  * Adjusted p-values: [emp=0.00995025, beta=0.016857]

Processing phenotype [ENSG00000204764.7] [111/238]
  * #variants in cis = 14
  * Best hit: [id=5_internal_11669, d=-357085, pv=0.022034, s=0.1739]
  * Beta parameters: [s1=1.05495, s2=13.6853]
  * Adjusted p-values: [emp=0.318408, beta=0.276406]

Processing phenotype [ENSG00000181163.9] [112/238]
  * #variants in cis = 12
  * Best hit: [id=5_internal_11833, d=-965724, pv=0.0888985, s=-0.1357]
  * Beta parameters: [s1=1.00236, s2=15.2673]
  * Adjusted p-values: [emp=0.636816, beta=0.639548]

Processing phenotype [ENSG00000072803.13] [113/238]
  * #variants in cis = 13
  * Best hit: [id=5_internal_9898, d=-707583, pv=0.00468243, s=-0.2278]
  * Beta parameters: [s1=0.959071, s2=11.6643]
  * Adjusted p-values: [emp=0.0746269, beta=0.0632359]

Processing phenotype [ENSG00000266671.1] [114/238]
  * #variants in cis = 13
  * Best hit: [id=5_internal_12990, d=204501, pv=0.0228451, s=-0.1785]
  * Beta parameters: [s1=0.994346, s2=11.4954]
  * Adjusted p-values: [emp=0.253731, beta=0.280757]

Processing phenotype [ENSG00000072786.7] [115/238]
  * #variants in cis = 13
  * Best hit: [id=5_internal_10485, d=339108, pv=0.0226552, s=0.1809]
  * Beta parameters: [s1=1.08708, s2=12.5085]
  * Adjusted p-values: [emp=0.293532, beta=0.269095]

Processing phenotype [ENSG00000253218.1] [116/238]
  * #variants in cis = 13
  * Best hit: [id=5_internal_8502, d=-537962, pv=0.0916995, s=-0.1263]
  * Beta parameters: [s1=1.08994, s2=12.8551]
  * Adjusted p-values: [emp=0.666667, beta=0.661639]

Processing phenotype [ENSG00000222732.1] [117/238]
  * #variants in cis = 13
  * Best hit: [id=5_internal_9898, d=435254, pv=0.00328252, s=-0.2319]
  * Beta parameters: [s1=0.880284, s2=14.3103]
  * Adjusted p-values: [emp=0.0547264, beta=0.040035]

Processing phenotype [ENSG00000168246.5] [118/238]
  * #variants in cis = 13
  * Best hit: [id=5_internal_10994, d=-76973, pv=3.17476e-07, s=0.3729]
  * Beta parameters: [s1=0.986758, s2=13.8781]
  * Adjusted p-values: [emp=0.00497512, beta=2.59397e-06]

Processing phenotype [ENSG00000253295.1] [119/238]
  * #variants in cis = 15
  * Best hit: [id=5_internal_9898, d=-24359, pv=0.0417469, s=0.1569]
  * Beta parameters: [s1=0.877291, s2=16.4608]
  * Adjusted p-values: [emp=0.422886, beta=0.423821]

Processing phenotype [ENSG00000253736.1] [120/238]
  * #variants in cis = 15
  * Best hit: [id=5_internal_8502, d=30422, pv=0.0070689, s=0.2123]
  * Beta parameters: [s1=0.907649, s2=12.613]
  * Adjusted p-values: [emp=0.0845771, beta=0.0914816]

Processing phenotype [ENSG00000213386.3] [121/238]
  * #variants in cis = 15
  * Best hit: [id=5_internal_9587, d=325060, pv=0.00332799, s=-0.2244]
  * Beta parameters: [s1=1.02379, s2=15.1128]
  * Adjusted p-values: [emp=0.0547264, beta=0.0441129]

Processing phenotype [ENSG00000120129.5] [122/238]
  * #variants in cis = 15
  * Best hit: [id=5_internal_9719, d=0, pv=0.000101932, s=0.2959]
  * Beta parameters: [s1=1.02611, s2=12.9929]
  * Adjusted p-values: [emp=0.00995025, beta=0.00159923]

Processing phenotype [ENSG00000206741.1] [123/238]
  * #variants in cis = 15
  * Best hit: [id=5_internal_12990, d=903618, pv=0.00310586, s=0.2306]
  * Beta parameters: [s1=0.99321, s2=13.9411]
  * Adjusted p-values: [emp=0.0696517, beta=0.0561427]

Processing phenotype [ENSG00000113719.11] [124/238]
  * #variants in cis = 16
  * Best hit: [id=5_internal_9719, d=0, pv=0.00399484, s=0.2255]
  * Beta parameters: [s1=1.06927, s2=16.273]
  * Adjusted p-values: [emp=0.0597015, beta=0.0537865]

Processing phenotype [ENSG00000254295.1] [125/238]
  * #variants in cis = 16
  * Best hit: [id=5_internal_9696, d=-718156, pv=0.0120843, s=0.2004]
  * Beta parameters: [s1=0.927706, s2=13.5483]
  * Adjusted p-values: [emp=0.20398, beta=0.189105]

Processing phenotype [ENSG00000037241.3] [126/238]
  * #variants in cis = 16
  * Best hit: [id=5_internal_12314, d=698574, pv=0.0349313, s=-0.1665]
  * Beta parameters: [s1=0.990371, s2=17.7485]
  * Adjusted p-values: [emp=0.427861, beta=0.418906]

Processing phenotype [ENSG00000204758.3] [127/238]
  * #variants in cis = 16
  * Best hit: [id=5_internal_9696, d=722641, pv=0.0608452, s=0.1502]
  * Beta parameters: [s1=0.987292, s2=13.8731]
  * Adjusted p-values: [emp=0.547264, beta=0.567844]

Processing phenotype [ENSG00000113732.4] [128/238]
  * #variants in cis = 16
  * Best hit: [id=5_internal_9393, d=918254, pv=0.0557074, s=-0.1464]
  * Beta parameters: [s1=0.934915, s2=15.6976]
  * Adjusted p-values: [emp=0.562189, beta=0.550689]

Processing phenotype [ENSG00000254328.1] [129/238]
  * #variants in cis = 16
  * Best hit: [id=5_internal_12083, d=907964, pv=0.0133591, s=0.1921]
  * Beta parameters: [s1=1.05432, s2=11.378]
  * Adjusted p-values: [emp=0.174129, beta=0.198449]

Processing phenotype [ENSG00000212402.1] [130/238]
  * #variants in cis = 16
  * Best hit: [id=5_internal_11541, d=-737009, pv=0.00166234, s=0.2428]
  * Beta parameters: [s1=0.93892, s2=14.6301]
  * Adjusted p-values: [emp=0.0447761, beta=0.0358912]

Processing phenotype [ENSG00000164463.8] [131/238]
  * #variants in cis = 16
  * Best hit: [id=5_internal_8502, d=-247794, pv=0.0452766, s=0.1586]
  * Beta parameters: [s1=1.0939, s2=14.7657]
  * Adjusted p-values: [emp=0.482587, beta=0.47763]

Processing phenotype [ENSG00000253439.1] [132/238]
  * #variants in cis = 16
  * Best hit: [id=5_internal_11217, d=-742952, pv=0.0962705, s=-0.1323]
  * Beta parameters: [s1=1.05082, s2=13.93]
  * Adjusted p-values: [emp=0.79602, beta=0.7791]

Processing phenotype [ENSG00000113734.13] [133/238]
  * #variants in cis = 16
  * Best hit: [id=5_internal_9393, d=757569, pv=0.0574042, s=-0.1491]
  * Beta parameters: [s1=0.981865, s2=17.6916]
  * Adjusted p-values: [emp=0.636816, beta=0.621006]

Processing phenotype [ENSG00000145919.6] [134/238]
  * #variants in cis = 12
  * Best hit: [id=5_internal_9258, d=286317, pv=0.179216, s=0.1060]
  * Beta parameters: [s1=1.06085, s2=10.916]
  * Adjusted p-values: [emp=0.865672, beta=0.876185]

Processing phenotype [ENSG00000254211.1] [135/238]
  * #variants in cis = 9
  * Best hit: [id=5_internal_12314, d=0, pv=1.22638e-08, s=0.4162]
  * Beta parameters: [s1=0.984675, s2=8.64645]
  * Adjusted p-values: [emp=0.00497512, beta=3.86302e-07]

Processing phenotype [ENSG00000113742.8] [136/238]
  * #variants in cis = 9
  * Best hit: [id=5_internal_12314, d=0, pv=4.5247e-26, s=0.7232]
  * Beta parameters: [s1=1.06833, s2=8.39241]
  * Adjusted p-values: [emp=0.00497512, beta=1.90713e-24]

Processing phenotype [ENSG00000185056.9] [137/238]
  * #variants in cis = 7
  * Best hit: [id=5_internal_12314, d=-29884, pv=9.87269e-05, s=0.2903]
  * Beta parameters: [s1=1.00721, s2=5.66973]
  * Adjusted p-values: [emp=0.00995025, beta=0.000894241]

Processing phenotype [ENSG00000170091.6] [138/238]
  * #variants in cis = 7
  * Best hit: [id=5_internal_12314, d=-101709, pv=0.014694, s=0.1911]
  * Maximum Likelihood estimation failed, use Moment Matching instead!
  * Beta parameters: [s1=0.999979, s2=5.20205]
  * Adjusted p-values: [emp=0.139303, beta=0.139602]

Processing phenotype [ENSG00000164466.7] [139/238]
  * #variants in cis = 3
  * Best hit: [id=5_internal_11123, d=-11722, pv=0.163772, s=-0.1084]
  * Maximum Likelihood estimation failed, use Moment Matching instead!
  * Beta parameters: [s1=1, s2=2.96633]
  * Adjusted p-values: [emp=0.39801, beta=0.406232]

Processing phenotype [ENSG00000113749.5] [140/238]
  * #variants in cis = 4
  * Best hit: [id=5_internal_12638, d=0, pv=0.0041959, s=0.2245]
  * Maximum Likelihood estimation failed, use Moment Matching instead!
  * Beta parameters: [s1=0.999985, s2=4.17521]
  * Adjusted p-values: [emp=0.0149254, beta=0.0225953]

Processing phenotype [ENSG00000200648.1] [141/238]
  * #variants in cis = 4
  * Best hit: [id=5_internal_9567, d=-112118, pv=0.066776, s=0.1447]
  * Maximum Likelihood estimation failed, use Moment Matching instead!
  * Beta parameters: [s1=1.00004, s2=4.30072]
  * Adjusted p-values: [emp=0.18408, beta=0.173763]

Processing phenotype [ENSG00000145920.10] [142/238]
  * #variants in cis = 5
  * Best hit: [id=5_internal_12752, d=718261, pv=0.32024, s=0.0790]
  * Maximum Likelihood estimation failed, use Moment Matching instead!
  * Beta parameters: [s1=1, s2=5.41789]
  * Adjusted p-values: [emp=0.81592, beta=0.829906]

Processing phenotype [ENSG00000051596.5] [143/238]
  * #variants in cis = 6
  * Best hit: [id=5_internal_9448, d=-774562, pv=0.498439, s=-0.0534]
  * Beta parameters: [s1=1.00923, s2=5.87058]
  * Adjusted p-values: [emp=0.970149, beta=0.977807]

Processing phenotype [ENSG00000170085.13] [144/238]
  * #variants in cis = 6
  * Best hit: [id=5_internal_9567, d=-646582, pv=0.0938664, s=0.1342]
  * Beta parameters: [s1=1.05484, s2=6.09382]
  * Adjusted p-values: [emp=0.497512, beta=0.486346]

Processing phenotype [ENSG00000250909.1] [145/238]
  * #variants in cis = 7
  * Best hit: [id=5_internal_9567, d=-756161, pv=0.296484, s=-0.0797]
  * Beta parameters: [s1=1.01015, s2=8.14677]
  * Adjusted p-values: [emp=0.925373, beta=0.930141]

Processing phenotype [ENSG00000251414.1] [146/238]
  * #variants in cis = 7
  * Best hit: [id=5_internal_9448, d=455036, pv=0.0202333, s=-0.1833]
  * Beta parameters: [s1=0.947664, s2=7.20972]
  * Adjusted p-values: [emp=0.129353, beta=0.132601]

Processing phenotype [ENSG00000122203.10] [147/238]
  * #variants in cis = 7
  * Best hit: [id=5_internal_11123, d=896628, pv=0.126378, s=0.1152]
  * Beta parameters: [s1=0.990482, s2=6.26904]
  * Adjusted p-values: [emp=0.60199, beta=0.598704]

Processing phenotype [ENSG00000175414.6] [148/238]
  * #variants in cis = 7
  * Best hit: [id=5_internal_13871, d=379965, pv=0.0143309, s=0.1890]
  * Beta parameters: [s1=0.969333, s2=6.30131]
  * Adjusted p-values: [emp=0.144279, beta=0.11571]

Processing phenotype [ENSG00000146066.2] [149/238]
  * #variants in cis = 7
  * Best hit: [id=5_internal_11123, d=-923405, pv=0.110962, s=0.1250]
  * Beta parameters: [s1=1.06752, s2=6.55971]
  * Adjusted p-values: [emp=0.562189, beta=0.566438]

Processing phenotype [ENSG00000048162.15] [150/238]
  * #variants in cis = 7
  * Best hit: [id=5_internal_9106, d=-928331, pv=0.351018, s=-0.0750]
  * Beta parameters: [s1=0.96677, s2=7.43279]
  * Adjusted p-values: [emp=0.945274, beta=0.952638]

Processing phenotype [ENSG00000175416.8] [151/238]
  * #variants in cis = 9
  * Best hit: [id=5_internal_11123, d=951227, pv=0.052729, s=0.1532]
  * Beta parameters: [s1=0.911943, s2=8.48099]
  * Adjusted p-values: [emp=0.363184, beta=0.36888]

Processing phenotype [ENSG00000113194.8] [152/238]
  * #variants in cis = 10
  * Best hit: [id=5_internal_12752, d=66945, pv=0.00466083, s=0.2206]
  * Beta parameters: [s1=0.853216, s2=11.0559]
  * Adjusted p-values: [emp=0.0597015, beta=0.0452367]

Processing phenotype [ENSG00000146083.7] [153/238]
  * #variants in cis = 9
  * Best hit: [id=5_internal_12752, d=0, pv=8.32645e-09, s=0.4336]
  * Beta parameters: [s1=0.899441, s2=7.83222]
  * Adjusted p-values: [emp=0.00497512, beta=2.18409e-07]

Processing phenotype [ENSG00000074276.6] [154/238]
  * #variants in cis = 9
  * Best hit: [id=5_internal_12752, d=0, pv=1.97108e-07, s=0.3859]
  * Beta parameters: [s1=1.06675, s2=9.07623]
  * Adjusted p-values: [emp=0.00497512, beta=7.75389e-07]

Processing phenotype [ENSG00000243959.2] [155/238]
  * #variants in cis = 9
  * Best hit: [id=5_internal_12752, d=0, pv=8.65574e-05, s=0.3025]
  * Beta parameters: [s1=1.05606, s2=9.61218]
  * Adjusted p-values: [emp=0.00995025, beta=0.000679874]

Processing phenotype [ENSG00000169258.6] [156/238]
  * #variants in cis = 8
  * Best hit: [id=5_internal_12752, d=51972, pv=0.011968, s=0.1931]
  * Beta parameters: [s1=1.04964, s2=8.3692]
  * Adjusted p-values: [emp=0.0995025, beta=0.096535]

Processing phenotype [ENSG00000048140.13] [157/238]
  * #variants in cis = 8
  * Best hit: [id=5_internal_9448, d=161857, pv=0.0616577, s=0.1392]
  * Beta parameters: [s1=1.06141, s2=8.91046]
  * Adjusted p-values: [emp=0.368159, beta=0.383117]

Processing phenotype [ENSG00000113763.6] [158/238]
  * #variants in cis = 8
  * Best hit: [id=5_internal_12752, d=-252316, pv=0.00656279, s=-0.2119]
  * Beta parameters: [s1=0.988539, s2=8.11536]
  * Adjusted p-values: [emp=0.0447761, beta=0.045495]

Processing phenotype [ENSG00000160883.6] [159/238]
  * #variants in cis = 8
  * Best hit: [id=5_internal_13871, d=0, pv=0.0355915, s=-0.1658]
  * Beta parameters: [s1=0.925255, s2=7.01526]
  * Adjusted p-values: [emp=0.278607, beta=0.281738]

Processing phenotype [ENSG00000087206.12] [160/238]
  * #variants in cis = 8
  * Best hit: [id=5_internal_8304, d=-404312, pv=0.0240269, s=0.1824]
  * Beta parameters: [s1=1.12027, s2=7.20538]
  * Adjusted p-values: [emp=0.228856, beta=0.17047]

Processing phenotype [ENSG00000113761.7] [161/238]
  * #variants in cis = 8
  * Best hit: [id=5_internal_9106, d=294610, pv=0.013525, s=0.1853]
  * Beta parameters: [s1=1.0787, s2=11.3902]
  * Adjusted p-values: [emp=0.039801, beta=0.0606959]

Processing phenotype [ENSG00000251666.1] [162/238]
  * #variants in cis = 8
  * Best hit: [id=5_internal_12752, d=-493553, pv=0.104164, s=0.1300]
  * Beta parameters: [s1=0.97392, s2=7.85608]
  * Adjusted p-values: [emp=0.641791, beta=0.616499]

Processing phenotype [ENSG00000160867.10] [163/238]
  * #variants in cis = 8
  * Best hit: [id=5_internal_8817, d=316934, pv=0.0040658, s=0.2197]
  * Beta parameters: [s1=0.974543, s2=6.29382]
  * Adjusted p-values: [emp=0.0597015, beta=0.0535819]

Processing phenotype [ENSG00000165671.13] [164/238]
  * #variants in cis = 9
  * Best hit: [id=5_internal_10420, d=975171, pv=0.036599, s=-0.1652]
  * Beta parameters: [s1=1.0626, s2=7.6853]
  * Adjusted p-values: [emp=0.283582, beta=0.262295]

Processing phenotype [ENSG00000240729.1] [165/238]
  * #variants in cis = 12
  * Best hit: [id=5_internal_8304, d=162179, pv=0.0784425, s=-0.1385]
  * Beta parameters: [s1=0.910877, s2=12.7317]
  * Adjusted p-values: [emp=0.616915, beta=0.636597]

Processing phenotype [ENSG00000169228.9] [166/238]
  * #variants in cis = 12
  * Best hit: [id=5_internal_9632, d=-877400, pv=0.0461413, s=-0.1546]
  * Beta parameters: [s1=0.969925, s2=14.0353]
  * Adjusted p-values: [emp=0.437811, beta=0.420662]

Processing phenotype [ENSG00000169230.5] [167/238]
  * #variants in cis = 12
  * Best hit: [id=5_internal_9448, d=-485128, pv=0.015045, s=0.1880]
  * Beta parameters: [s1=1.04455, s2=11.1752]
  * Adjusted p-values: [emp=0.164179, beta=0.146651]

Processing phenotype [ENSG00000213347.6] [168/238]
  * #variants in cis = 12
  * Best hit: [id=5_internal_9632, d=-868387, pv=0.0811815, s=-0.1349]
  * Beta parameters: [s1=1.00851, s2=10.2102]
  * Adjusted p-values: [emp=0.626866, beta=0.615669]

Processing phenotype [ENSG00000266089.1] [169/238]
  * #variants in cis = 12
  * Best hit: [id=5_internal_9448, d=522272, pv=0.00686975, s=0.2096]
  * Beta parameters: [s1=0.950278, s2=11.6934]
  * Adjusted p-values: [emp=0.0597015, beta=0.0637829]

Processing phenotype [ENSG00000239393.1] [170/238]
  * #variants in cis = 12
  * Best hit: [id=5_internal_9208, d=866456, pv=0.0899244, s=-0.1307]
  * Beta parameters: [s1=1.0083, s2=11.1638]
  * Adjusted p-values: [emp=0.626866, beta=0.61053]

Processing phenotype [ENSG00000169223.10] [171/238]
  * #variants in cis = 12
  * Best hit: [id=5_internal_9106, d=26872, pv=0.00272767, s=0.2375]
  * Beta parameters: [s1=0.924579, s2=11.831]
  * Adjusted p-values: [emp=0.0348259, beta=0.0271957]

Processing phenotype [ENSG00000169220.13] [172/238]
  * #variants in cis = 12
  * Best hit: [id=5_internal_9106, d=-32857, pv=0.086025, s=0.1339]
  * Beta parameters: [s1=0.9583, s2=10.9616]
  * Adjusted p-values: [emp=0.636816, beta=0.637061]

Processing phenotype [ENSG00000198055.6] [173/238]
  * #variants in cis = 12
  * Best hit: [id=5_internal_8817, d=616, pv=0.00188786, s=0.2459]
  * Beta parameters: [s1=0.938092, s2=12.4262]
  * Adjusted p-values: [emp=0.0149254, beta=0.0169875]

Processing phenotype [ENSG00000131187.5] [174/238]
  * #variants in cis = 12
  * Best hit: [id=5_internal_8304, d=-17369, pv=0.0068504, s=0.2150]
  * Beta parameters: [s1=0.997804, s2=11.451]
  * Adjusted p-values: [emp=0.0845771, beta=0.07377]

Processing phenotype [ENSG00000131188.7] [175/238]
  * #variants in cis = 12
  * Best hit: [id=5_internal_8304, d=0, pv=0.0495344, s=0.1578]
  * Beta parameters: [s1=1.00843, s2=9.04868]
  * Adjusted p-values: [emp=0.462687, beta=0.465965]

Processing phenotype [ENSG00000246334.2] [176/238]
  * #variants in cis = 12
  * Best hit: [id=5_internal_8817, d=0, pv=0.0325457, s=0.1720]
  * Beta parameters: [s1=0.961324, s2=11.1234]
  * Adjusted p-values: [emp=0.343284, beta=0.327785]

Processing phenotype [ENSG00000113758.9] [177/238]
  * #variants in cis = 12
  * Best hit: [id=5_internal_10756, d=0, pv=2.06112e-08, s=0.3887]
  * Beta parameters: [s1=0.92453, s2=12.155]
  * Adjusted p-values: [emp=0.00497512, beta=8.83066e-08]

Processing phenotype [ENSG00000248996.1] [178/238]
  * #variants in cis = 12
  * Best hit: [id=5_internal_10756, d=-14067, pv=0.010619, s=0.2006]
  * Beta parameters: [s1=1.03099, s2=9.68836]
  * Adjusted p-values: [emp=0.0995025, beta=0.122639]

Processing phenotype [ENSG00000196923.9] [179/238]
  * #variants in cis = 12
  * Best hit: [id=5_internal_8817, d=40012, pv=0.0130577, s=0.1904]
  * Beta parameters: [s1=1.03296, s2=9.6517]
  * Adjusted p-values: [emp=0.174129, beta=0.167294]

Processing phenotype [ENSG00000146094.9] [180/238]
  * #variants in cis = 12
  * Best hit: [id=5_internal_10756, d=30346, pv=0.131691, s=0.1227]
  * Beta parameters: [s1=0.941835, s2=11.646]
  * Adjusted p-values: [emp=0.80597, beta=0.798775]

Processing phenotype [ENSG00000183258.7] [181/238]
  * #variants in cis = 12
  * Best hit: [id=5_internal_9106, d=192489, pv=0.119933, s=-0.1226]
  * Beta parameters: [s1=0.991937, s2=10.0145]
  * Adjusted p-values: [emp=0.771144, beta=0.769484]

Processing phenotype [ENSG00000146067.11] [182/238]
  * #variants in cis = 12
  * Best hit: [id=5_internal_9151, d=-117396, pv=0.0288974, s=-0.1757]
  * Beta parameters: [s1=1.0204, s2=9.48448]
  * Adjusted p-values: [emp=0.303483, beta=0.275357]

Processing phenotype [ENSG00000184840.7] [183/238]
  * #variants in cis = 11
  * Best hit: [id=5_internal_9151, d=79779, pv=0.00252636, s=-0.2365]
  * Beta parameters: [s1=0.973723, s2=7.30221]
  * Adjusted p-values: [emp=0.0348259, beta=0.0389626]

Processing phenotype [ENSG00000027847.9] [184/238]
  * #variants in cis = 11
  * Best hit: [id=5_internal_9151, d=71837, pv=0.000268703, s=0.2743]
  * Beta parameters: [s1=0.966794, s2=10.7833]
  * Adjusted p-values: [emp=0.00497512, beta=0.00251335]

Processing phenotype [ENSG00000247679.2] [185/238]
  * #variants in cis = 11
  * Best hit: [id=5_internal_9151, d=60684, pv=1.32543e-10, s=0.4758]
  * Beta parameters: [s1=1.09502, s2=11.4221]
  * Adjusted p-values: [emp=0.00497512, beta=8.10723e-10]

Processing phenotype [ENSG00000246596.2] [186/238]
  * #variants in cis = 13
  * Best hit: [id=5_internal_9151, d=0, pv=7.41662e-13, s=0.5277]
  * Beta parameters: [s1=0.985674, s2=12.4026]
  * Adjusted p-values: [emp=0.00497512, beta=1.44322e-11]

Processing phenotype [ENSG00000170089.9] [187/238]
  * #variants in cis = 13
  * Best hit: [id=5_internal_9632, d=371737, pv=0.0756767, s=-0.1324]
  * Beta parameters: [s1=0.893208, s2=13.7009]
  * Adjusted p-values: [emp=0.626866, beta=0.623691]

Processing phenotype [ENSG00000249129.1] [188/238]
  * #variants in cis = 12
  * Best hit: [id=5_internal_8304, d=-458126, pv=0.0541798, s=0.1516]
  * Beta parameters: [s1=0.955475, s2=9.88934]
  * Adjusted p-values: [emp=0.517413, beta=0.518504]

Processing phenotype [ENSG00000145911.5] [189/238]
  * #variants in cis = 12
  * Best hit: [id=5_internal_10420, d=0, pv=9.26606e-06, s=0.3289]
  * Beta parameters: [s1=0.999033, s2=10.5993]
  * Adjusted p-values: [emp=0.00497512, beta=0.000233353]

Processing phenotype [ENSG00000145916.14] [190/238]
  * #variants in cis = 12
  * Best hit: [id=5_internal_10420, d=-12147, pv=2.77667e-05, s=0.3234]
  * Beta parameters: [s1=1.12184, s2=9.48017]
  * Adjusted p-values: [emp=0.00497512, beta=0.000380697]

Processing phenotype [ENSG00000145912.4] [191/238]
  * #variants in cis = 12
  * Best hit: [id=5_internal_9632, d=-27177, pv=0.0138461, s=0.1887]
  * Beta parameters: [s1=0.889874, s2=15.7996]
  * Adjusted p-values: [emp=0.124378, beta=0.122266]

Processing phenotype [ENSG00000197451.6] [192/238]
  * #variants in cis = 12
  * Best hit: [id=5_internal_10955, d=23255, pv=2.15606e-05, s=0.3278]
  * Beta parameters: [s1=1.12139, s2=10.7863]
  * Adjusted p-values: [emp=0.00497512, beta=0.000235969]

Processing phenotype [ENSG00000175309.10] [193/238]
  * #variants in cis = 12
  * Best hit: [id=5_internal_10955, d=0, pv=0.000671701, s=0.2609]
  * Beta parameters: [s1=0.982879, s2=14.7358]
  * Adjusted p-values: [emp=0.00995025, beta=0.00392673]

Processing phenotype [ENSG00000050767.11] [194/238]
  * #variants in cis = 12
  * Best hit: [id=5_internal_10955, d=340794, pv=0.00185003, s=0.2467]
  * Beta parameters: [s1=0.921126, s2=11.0413]
  * Adjusted p-values: [emp=0.0199005, beta=0.0232092]

Processing phenotype [ENSG00000252464.1] [195/238]
  * #variants in cis = 12
  * Best hit: [id=5_internal_12659, d=-17306, pv=8.30418e-18, s=0.6212]
  * Beta parameters: [s1=1.02155, s2=10.7672]
  * Adjusted p-values: [emp=0.00497512, beta=2.97861e-16]

Processing phenotype [ENSG00000113240.8] [196/238]
  * #variants in cis = 12
  * Best hit: [id=5_internal_12659, d=-6689, pv=4.23059e-26, s=0.7202]
  * Beta parameters: [s1=1.05619, s2=10.4413]
  * Adjusted p-values: [emp=0.00497512, beta=3.14243e-24]

Processing phenotype [ENSG00000169131.6] [197/238]
  * #variants in cis = 13
  * Best hit: [id=5_internal_12659, d=0, pv=8.19304e-37, s=0.8174]
  * Beta parameters: [s1=1.16287, s2=12.0688]
  * Adjusted p-values: [emp=0.00497512, beta=1.37403e-37]

Processing phenotype [ENSG00000234284.2] [198/238]
  * #variants in cis = 15
  * Best hit: [id=5_internal_12659, d=-218912, pv=0.00155469, s=0.2448]
  * Beta parameters: [s1=1.04988, s2=14.3222]
  * Adjusted p-values: [emp=0.0348259, beta=0.0182812]

Processing phenotype [ENSG00000177932.6] [199/238]
  * #variants in cis = 15
  * Best hit: [id=5_internal_13871, d=-468910, pv=0.002966, s=0.2338]
  * Beta parameters: [s1=0.824476, s2=16.541]
  * Adjusted p-values: [emp=0.0646766, beta=0.0475294]

Processing phenotype [ENSG00000176783.10] [200/238]
  * #variants in cis = 13
  * Best hit: [id=5_internal_9467, d=-120, pv=2.52897e-05, s=0.3219]
  * Beta parameters: [s1=1.06202, s2=14.3746]
  * Adjusted p-values: [emp=0.00497512, beta=0.000129024]

Processing phenotype [ENSG00000249140.1] [201/238]
  * #variants in cis = 13
  * Best hit: [id=5_internal_9467, d=-21718, pv=0.00876241, s=0.1941]
  * Beta parameters: [s1=0.992173, s2=13.4914]
  * Adjusted p-values: [emp=0.124378, beta=0.107472]

Processing phenotype [ENSG00000244945.1] [202/238]
  * #variants in cis = 12
  * Best hit: [id=5_internal_9467, d=53303, pv=2.73427e-05, s=0.3221]
  * Beta parameters: [s1=0.917287, s2=10.0445]
  * Adjusted p-values: [emp=0.00497512, beta=0.000838819]

Processing phenotype [ENSG00000169045.13] [203/238]
  * #variants in cis = 12
  * Best hit: [id=5_internal_12659, d=829944, pv=0.00696913, s=0.2105]
  * Beta parameters: [s1=1.03457, s2=15.3746]
  * Adjusted p-values: [emp=0.0646766, beta=0.0706412]

Processing phenotype [ENSG00000127022.10] [204/238]
  * #variants in cis = 12
  * Best hit: [id=5_internal_8525, d=0, pv=0.00269801, s=0.2382]
  * Beta parameters: [s1=0.985621, s2=9.74623]
  * Adjusted p-values: [emp=0.0497512, beta=0.060839]

Processing phenotype [ENSG00000225051.3] [205/238]
  * #variants in cis = 12
  * Best hit: [id=5_internal_10870, d=-118492, pv=0.00804367, s=-0.2056]
  * Beta parameters: [s1=1.05928, s2=12.0626]
  * Adjusted p-values: [emp=0.079602, beta=0.0873782]

Processing phenotype [ENSG00000161021.7] [206/238]
  * #variants in cis = 12
  * Best hit: [id=5_internal_9307, d=373, pv=0.0365834, s=0.1545]
  * Beta parameters: [s1=1.06842, s2=12.3043]
  * Adjusted p-values: [emp=0.318408, beta=0.338328]

Processing phenotype [ENSG00000213316.5] [207/238]
  * #variants in cis = 13
  * Best hit: [id=5_internal_9307, d=-29775, pv=0.00559838, s=-0.2104]
  * Beta parameters: [s1=0.957614, s2=12.7081]
  * Adjusted p-values: [emp=0.0646766, beta=0.0521946]

Processing phenotype [ENSG00000221394.1] [208/238]
  * #variants in cis = 13
  * Best hit: [id=5_internal_9307, d=34140, pv=0.037523, s=-0.1674]
  * Beta parameters: [s1=1.05346, s2=14.0823]
  * Adjusted p-values: [emp=0.333333, beta=0.345693]

Processing phenotype [ENSG00000161011.15] [209/238]
  * #variants in cis = 12
  * Best hit: [id=5_internal_8375, d=0, pv=1.08691e-05, s=0.3416]
  * Beta parameters: [s1=1.01673, s2=10.8164]
  * Adjusted p-values: [emp=0.00497512, beta=0.000118484]

Processing phenotype [ENSG00000161013.12] [210/238]
  * #variants in cis = 12
  * Best hit: [id=5_internal_8375, d=0, pv=7.6384e-07, s=0.3768]
  * Beta parameters: [s1=1.06369, s2=12.2617]
  * Adjusted p-values: [emp=0.00497512, beta=6.73118e-06]

Processing phenotype [ENSG00000161010.10] [211/238]
  * #variants in cis = 13
  * Best hit: [id=5_internal_8375, d=39154, pv=5.43526e-05, s=0.3156]
  * Beta parameters: [s1=1.03289, s2=13.0223]
  * Adjusted p-values: [emp=0.00497512, beta=0.00078748]

Processing phenotype [ENSG00000197226.8] [212/238]
  * #variants in cis = 14
  * Best hit: [id=5_internal_9307, d=143653, pv=0.00110463, s=0.2480]
  * Beta parameters: [s1=1.03633, s2=11.5821]
  * Adjusted p-values: [emp=0.0248756, beta=0.018012]

Processing phenotype [ENSG00000242979.1] [213/238]
  * #variants in cis = 14
  * Best hit: [id=5_internal_8483, d=-879278, pv=0.0186152, s=-0.1816]
  * Beta parameters: [s1=0.900651, s2=16.9419]
  * Adjusted p-values: [emp=0.233831, beta=0.194629]

Processing phenotype [ENSG00000249876.1] [214/238]
  * #variants in cis = 14
  * Best hit: [id=5_internal_8748, d=-844349, pv=0.0144943, s=-0.1952]
  * Beta parameters: [s1=0.940165, s2=15.3333]
  * Adjusted p-values: [emp=0.174129, beta=0.177638]

Processing phenotype [ENSG00000249412.1] [215/238]
  * #variants in cis = 14
  * Best hit: [id=5_internal_10870, d=-403074, pv=0.11157, s=-0.1196]
  * Beta parameters: [s1=1.14749, s2=13.871]
  * Adjusted p-values: [emp=0.855721, beta=0.832253]

Processing phenotype [ENSG00000198995.1] [216/238]
  * #variants in cis = 14
  * Best hit: [id=5_internal_8980, d=282748, pv=0.00627436, s=-0.2190]
  * Beta parameters: [s1=1.01666, s2=10.7525]
  * Adjusted p-values: [emp=0.0945274, beta=0.0895972]

Processing phenotype [ENSG00000113269.7] [217/238]
  * #variants in cis = 14
  * Best hit: [id=5_internal_8597, d=-7742, pv=0.00806445, s=0.2043]
  * Beta parameters: [s1=0.896581, s2=11.5903]
  * Adjusted p-values: [emp=0.154229, beta=0.143374]

Processing phenotype [ENSG00000253908.1] [218/238]
  * #variants in cis = 17
  * Best hit: [id=5_internal_11733, d=614822, pv=0.136944, s=0.1162]
  * Beta parameters: [s1=1.10755, s2=18.6953]
  * Adjusted p-values: [emp=0.905473, beta=0.924362]

Processing phenotype [ENSG00000050748.12] [219/238]
  * #variants in cis = 17
  * Best hit: [id=5_internal_8980, d=559450, pv=0.018295, s=0.1866]
  * Beta parameters: [s1=1.0967, s2=16.9279]
  * Adjusted p-values: [emp=0.268657, beta=0.25393]

Processing phenotype [ENSG00000248367.1] [220/238]
  * #variants in cis = 17
  * Best hit: [id=5_internal_13331, d=-779529, pv=0.0296422, s=0.1714]
  * Beta parameters: [s1=1.1254, s2=14.9655]
  * Adjusted p-values: [emp=0.437811, beta=0.400447]

Processing phenotype [ENSG00000113300.7] [221/238]
  * #variants in cis = 17
  * Best hit: [id=5_internal_8980, d=-761763, pv=0.0010546, s=0.2524]
  * Beta parameters: [s1=0.932329, s2=16.0284]
  * Adjusted p-values: [emp=0.0248756, beta=0.0208783]

Processing phenotype [ENSG00000250749.1] [222/238]
  * #variants in cis = 16
  * Best hit: [id=5_internal_11733, d=-337860, pv=0.0504007, s=0.1550]
  * Beta parameters: [s1=0.956217, s2=15.9828]
  * Adjusted p-values: [emp=0.542289, beta=0.554757]

Processing phenotype [ENSG00000260841.1] [223/238]
  * #variants in cis = 10
  * Best hit: [id=5_internal_8748, d=0, pv=0.0543665, s=0.1515]
  * Beta parameters: [s1=0.971818, s2=8.10335]
  * Adjusted p-values: [emp=0.427861, beta=0.434139]

Processing phenotype [ENSG00000131446.11] [224/238]
  * #variants in cis = 10
  * Best hit: [id=5_internal_8748, d=13137, pv=0.00563546, s=0.2102]
  * Beta parameters: [s1=0.907492, s2=11.8062]
  * Adjusted p-values: [emp=0.0348259, beta=0.041087]

Processing phenotype [ENSG00000245060.2] [225/238]
  * #variants in cis = 9
  * Best hit: [id=5_internal_11733, d=41545, pv=0.0249787, s=-0.1781]
  * Beta parameters: [s1=0.874531, s2=8.63115]
  * Adjusted p-values: [emp=0.199005, beta=0.202077]

Processing phenotype [ENSG00000196670.9] [226/238]
  * #variants in cis = 8
  * Best hit: [id=5_internal_8597, d=774878, pv=0.0625268, s=-0.1490]
  * Beta parameters: [s1=1.12264, s2=7.3241]
  * Adjusted p-values: [emp=0.447761, beta=0.401496]

Processing phenotype [ENSG00000113303.7] [227/238]
  * #variants in cis = 8
  * Best hit: [id=5_internal_11733, d=0, pv=0.0237286, s=0.1762]
  * Beta parameters: [s1=0.961578, s2=6.64256]
  * Adjusted p-values: [emp=0.233831, beta=0.196487]

Processing phenotype [ENSG00000222852.1] [228/238]
  * #variants in cis = 8
  * Best hit: [id=5_internal_11733, d=0, pv=0.131146, s=0.1220]
  * Beta parameters: [s1=1.03405, s2=7.1334]
  * Adjusted p-values: [emp=0.691542, beta=0.682361]

Processing phenotype [ENSG00000243664.1] [229/238]
  * #variants in cis = 8
  * Best hit: [id=5_internal_8748, d=-143241, pv=0.0186764, s=0.1835]
  * Beta parameters: [s1=0.861164, s2=6.19069]
  * Adjusted p-values: [emp=0.144279, beta=0.15677]

Processing phenotype [ENSG00000146063.14] [230/238]
  * #variants in cis = 7
  * Best hit: [id=5_internal_12534, d=-36878, pv=0.00448205, s=0.2108]
  * Beta parameters: [s1=0.985298, s2=6.37851]
  * Adjusted p-values: [emp=0.0149254, beta=0.0235636]

Processing phenotype [ENSG00000247049.2] [231/238]
  * #variants in cis = 7
  * Best hit: [id=5_internal_12534, d=45064, pv=0.00747324, s=0.2107]
  * Beta parameters: [s1=0.944447, s2=9.4367]
  * Adjusted p-values: [emp=0.0348259, beta=0.0306381]

Processing phenotype [ENSG00000208342.1] [232/238]
  * #variants in cis = 7
  * Best hit: [id=5_internal_11733, d=187541, pv=0.0257643, s=-0.1743]
  * Beta parameters: [s1=0.933336, s2=8.22189]
  * Adjusted p-values: [emp=0.208955, beta=0.174734]

Processing phenotype [ENSG00000264549.1] [233/238]
  * #variants in cis = 7
  * Best hit: [id=5_internal_11733, d=189028, pv=0.322335, s=-0.0794]
  * Beta parameters: [s1=0.965624, s2=6.06822]
  * Adjusted p-values: [emp=0.910448, beta=0.911983]

Processing phenotype [ENSG00000233937.2] [234/238]
  * #variants in cis = 7
  * Best hit: [id=5_internal_8748, d=-444008, pv=0.0788726, s=-0.1389]
  * Beta parameters: [s1=1.02929, s2=6.88217]
  * Adjusted p-values: [emp=0.432836, beta=0.41191]

Processing phenotype [ENSG00000204628.7] [235/238]
  * #variants in cis = 7
  * Best hit: [id=5_internal_8483, d=414387, pv=0.153878, s=0.1125]
  * Beta parameters: [s1=1.13459, s2=6.94203]
  * Adjusted p-values: [emp=0.691542, beta=0.664892]

Processing phenotype [ENSG00000268397.1] [236/238]
  * #variants in cis = 7
  * Best hit: [id=5_internal_11733, d=-201369, pv=0.0570642, s=0.1493]
  * Beta parameters: [s1=0.961579, s2=6.37773]
  * Adjusted p-values: [emp=0.358209, beta=0.357121]

Processing phenotype [ENSG00000183718.3] [237/238]
  * #variants in cis = 7
  * Best hit: [id=5_internal_8748, d=458604, pv=0.0847852, s=-0.1327]
  * Beta parameters: [s1=1.07112, s2=7.85109]
  * Adjusted p-values: [emp=0.502488, beta=0.454422]

Processing phenotype [ENSG00000248275.1] [238/238]
  * #variants in cis = 7
  * Best hit: [id=5_internal_8483, d=-427504, pv=0.154677, s=0.1088]
  * Beta parameters: [s1=0.973905, s2=6.43378]
  * Adjusted p-values: [emp=0.696517, beta=0.693751]

Running time: 2 seconds
