Sender: LSF System <lsfadmin@cpt08>
Subject: Job 971659: </data/unige/funpopgen/odelanea/SGX/V2/binaries/qtltools/bin/QTLtools cis --vcf /data/unige/funpopgen/grey2/SYSCID/BLUEPRINT_DATA/CRD/THREE_CELL_TYPES/CLOMICS/CELL_TYPE_COMPARISON_GENE_CRD_ASSOCIATIONS/quantify/70_vs_72_ALL.ALLchr.mean.txt.gz --bed /data/unige/funpopgen/grey2/SYSCID/BLUEPRINT_DATA/CRD/THREE_CELL_TYPES/QTL_TOOLS/EGAD00001002675_v3.0/EGAD00001002675_RNA.PC10.bed.gz --nominal /data/unige/funpopgen/grey2/SYSCID/BLUEPRINT_DATA/CRD/THREE_CELL_TYPES/CLOMICS/CELL_TYPE_COMPARISON_GENE_CRD_ASSOCIATIONS/mapping_aCRD_gene/70_vs_72/gene_CRD_mean_permutations.thresholds.txt --chunk 10 100 --out /data/unige/funpopgen/grey2/SYSCID/BLUEPRINT_DATA/CRD/THREE_CELL_TYPES/CLOMICS/CELL_TYPE_COMPARISON_GENE_CRD_ASSOCIATIONS/mapping_aCRD_gene/70_vs_72/mapping_gene_CRD_mean_chunk10\.txt> in cluster <ug> Done

Job </data/unige/funpopgen/odelanea/SGX/V2/binaries/qtltools/bin/QTLtools cis --vcf /data/unige/funpopgen/grey2/SYSCID/BLUEPRINT_DATA/CRD/THREE_CELL_TYPES/CLOMICS/CELL_TYPE_COMPARISON_GENE_CRD_ASSOCIATIONS/quantify/70_vs_72_ALL.ALLchr.mean.txt.gz --bed /data/unige/funpopgen/grey2/SYSCID/BLUEPRINT_DATA/CRD/THREE_CELL_TYPES/QTL_TOOLS/EGAD00001002675_v3.0/EGAD00001002675_RNA.PC10.bed.gz --nominal /data/unige/funpopgen/grey2/SYSCID/BLUEPRINT_DATA/CRD/THREE_CELL_TYPES/CLOMICS/CELL_TYPE_COMPARISON_GENE_CRD_ASSOCIATIONS/mapping_aCRD_gene/70_vs_72/gene_CRD_mean_permutations.thresholds.txt --chunk 10 100 --out /data/unige/funpopgen/grey2/SYSCID/BLUEPRINT_DATA/CRD/THREE_CELL_TYPES/CLOMICS/CELL_TYPE_COMPARISON_GENE_CRD_ASSOCIATIONS/mapping_aCRD_gene/70_vs_72/mapping_gene_CRD_mean_chunk10\.txt> was submitted from host <cpt01> by user <grey2> in cluster <ug>.
Job was executed on host(s) <cpt08>, in queue <normal>, as user <grey2> in cluster <ug>.
</home/grey2> was used as the home directory.
</data/unige/funpopgen/grey2/SYSCID/BLUEPRINT_DATA/CRD/THREE_CELL_TYPES/CLOMICS/CELL_TYPE_COMPARISON_GENE_CRD_ASSOCIATIONS> was used as the working directory.
Started at Fri Mar 15 14:08:57 2019
Results reported at Fri Mar 15 14:09:02 2019

Your job looked like:

------------------------------------------------------------
# LSBATCH: User input
/data/unige/funpopgen/odelanea/SGX/V2/binaries/qtltools/bin/QTLtools cis --vcf /data/unige/funpopgen/grey2/SYSCID/BLUEPRINT_DATA/CRD/THREE_CELL_TYPES/CLOMICS/CELL_TYPE_COMPARISON_GENE_CRD_ASSOCIATIONS/quantify/70_vs_72_ALL.ALLchr.mean.txt.gz --bed /data/unige/funpopgen/grey2/SYSCID/BLUEPRINT_DATA/CRD/THREE_CELL_TYPES/QTL_TOOLS/EGAD00001002675_v3.0/EGAD00001002675_RNA.PC10.bed.gz --nominal /data/unige/funpopgen/grey2/SYSCID/BLUEPRINT_DATA/CRD/THREE_CELL_TYPES/CLOMICS/CELL_TYPE_COMPARISON_GENE_CRD_ASSOCIATIONS/mapping_aCRD_gene/70_vs_72/gene_CRD_mean_permutations.thresholds.txt --chunk 10 100 --out /data/unige/funpopgen/grey2/SYSCID/BLUEPRINT_DATA/CRD/THREE_CELL_TYPES/CLOMICS/CELL_TYPE_COMPARISON_GENE_CRD_ASSOCIATIONS/mapping_aCRD_gene/70_vs_72/mapping_gene_CRD_mean_chunk10\.txt

------------------------------------------------------------

Successfully completed.

Resource usage summary:

    CPU time :               1.35 sec.
    Max Memory :             3.18 MB
    Average Memory :         3.18 MB
    Total Requested Memory : -
    Delta Memory :           -
    (Delta: the difference between total requested memory and actual max usage.)
    Max Swap :               32 MB

    Max Processes :          1
    Max Threads :            1

The output (if any) follows:


[32mQTLtools[0m
  * Authors : Olivier DELANEAU / Halit ONGEN / Emmanouil DERMITZAKIS
  * Contact : olivier.delaneau@gmail.com / halit.ongen@unige.ch / Emmanouil.Dermitzakis@unige.ch
  * Webpage : https://qtltools.github.io/qtltools/
  * Version : 1.1
  * Date    : 15/03/2019 - 14:09:01
  * Citation: A complete tool set for molecular QTL discovery and analysis, https://doi.org/10.1101/068635

[32mMAPPING QTL IN CIS[0m
  * TASK: Report all nominal associations with p below thresholds in [/data/unige/funpopgen/grey2/SYSCID/BLUEPRINT_DATA/CRD/THREE_CELL_TYPES/CLOMICS/CELL_TYPE_COMPARISON_GENE_CRD_ASSOCIATIONS/mapping_aCRD_gene/70_vs_72/gene_CRD_mean_permutations.thresholds.txt]
  * Linear model: Phe ~ Var
  * Cis-window size is 1000000 bp
  * Chunk = [10/100]

Scanning phenotype data in [/data/unige/funpopgen/grey2/SYSCID/BLUEPRINT_DATA/CRD/THREE_CELL_TYPES/QTL_TOOLS/EGAD00001002675_v3.0/EGAD00001002675_RNA.PC10.bed.gz]
  * 21589 phenotypes included
  * 10706 phenotypes are on the negative strand

Initialize random number generator
  * Built-in seed is 15112011
  * First Integer = 30554
  * First Double = 0.0126695

Reading sample list from [/data/unige/funpopgen/grey2/SYSCID/BLUEPRINT_DATA/CRD/THREE_CELL_TYPES/QTL_TOOLS/EGAD00001002675_v3.0/EGAD00001002675_RNA.PC10.bed.gz]
  * #samples = 196

Reading sample list from [/data/unige/funpopgen/grey2/SYSCID/BLUEPRINT_DATA/CRD/THREE_CELL_TYPES/CLOMICS/CELL_TYPE_COMPARISON_GENE_CRD_ASSOCIATIONS/quantify/70_vs_72_ALL.ALLchr.mean.txt.gz]
  * #samples = 165

Merging sample sets from all input files
  * #files = 2
  * #samples in all files = 165
  * #samples NOT in all files (i.e. ignored) = 31

Reading phenotype data in [/data/unige/funpopgen/grey2/SYSCID/BLUEPRINT_DATA/CRD/THREE_CELL_TYPES/QTL_TOOLS/EGAD00001002675_v3.0/EGAD00001002675_RNA.PC10.bed.gz]
  * target region [18:158383-32820994]
  * 153 phenotypes included
  * 73 phenotypes are on the negative strand

Reading genotype data in [/data/unige/funpopgen/grey2/SYSCID/BLUEPRINT_DATA/CRD/THREE_CELL_TYPES/CLOMICS/CELL_TYPE_COMPARISON_GENE_CRD_ASSOCIATIONS/quantify/70_vs_72_ALL.ALLchr.mean.txt.gz]
  * File format detected: BED
  * 165 samples included
  * 2 samples without phenotype data
  * target region [18:0-33820994]
  * 85 variants included

Reading nominal thresholds in [/data/unige/funpopgen/grey2/SYSCID/BLUEPRINT_DATA/CRD/THREE_CELL_TYPES/CLOMICS/CELL_TYPE_COMPARISON_GENE_CRD_ASSOCIATIONS/mapping_aCRD_gene/70_vs_72/gene_CRD_mean_permutations.thresholds.txt]
  * #phenotypes set = 153

Processing phenotype [ENSG00000101557.9] [1/153]
  * #variants in cis = 4
  * Best hit: [id=18_internal_4805, d=171907, pv=0.195281, s=0.1042]

Processing phenotype [ENSG00000079134.7] [2/153]
  * #variants in cis = 4
  * Best hit: [id=18_internal_4805, d=-62240, pv=7.21863e-06, s=0.3462]

Processing phenotype [ENSG00000263884.1] [3/153]
  * #variants in cis = 4
  * Best hit: [id=18_internal_4805, d=62142, pv=0.00175248, s=0.2461]

Processing phenotype [ENSG00000176890.11] [4/153]
  * #variants in cis = 4
  * Best hit: [id=18_internal_4428, d=248929, pv=0.430555, s=0.0602]

Processing phenotype [ENSG00000132199.12] [5/153]
  * #variants in cis = 4
  * Best hit: [id=18_internal_4262, d=0, pv=0.191356, s=0.1030]

Processing phenotype [ENSG00000266783.1] [6/153]
  * #variants in cis = 6
  * Best hit: [id=18_internal_5117, d=-598762, pv=0.112477, s=0.1246]

Processing phenotype [ENSG00000101574.9] [7/153]
  * #variants in cis = 6
  * Best hit: [id=18_internal_3975, d=-302520, pv=0.334088, s=0.0785]

Processing phenotype [ENSG00000080986.7] [8/153]
  * #variants in cis = 6
  * Best hit: [id=18_internal_3725, d=0, pv=0.209825, s=0.0965]

Processing phenotype [ENSG00000235422.1] [9/153]
  * #variants in cis = 6
  * Best hit: [id=18_internal_4428, d=143963, pv=0.0487069, s=0.1545]

Processing phenotype [ENSG00000266405.2] [10/153]
  * #variants in cis = 7
  * Best hit: [id=18_internal_3725, d=81449, pv=0.0601735, s=-0.1486]

Processing phenotype [ENSG00000101596.9] [11/153]
  * #variants in cis = 7
  * Best hit: [id=18_internal_3725, d=-81792, pv=0.0495804, s=-0.1543]

Processing phenotype [ENSG00000238425.1] [12/153]
  * #variants in cis = 11
  * Best hit: [id=18_internal_3916, d=877406, pv=0.0382366, s=0.1587]

Processing phenotype [ENSG00000207034.1] [13/153]
  * #variants in cis = 11
  * Best hit: [id=18_internal_3725, d=-204994, pv=0.00457844, s=-0.2140]

Processing phenotype [ENSG00000266049.1] [14/153]
  * #variants in cis = 11
  * Best hit: [id=18_internal_5117, d=-327918, pv=0.243787, s=0.0887]

Processing phenotype [ENSG00000132205.6] [15/153]
  * #variants in cis = 11
  * Best hit: [id=18_internal_3975, d=27000, pv=9.39834e-09, s=0.4368]

Processing phenotype [ENSG00000263606.1] [16/153]
  * #variants in cis = 11
  * Best hit: [id=18_internal_4160, d=-81522, pv=0.00360607, s=0.2210]

Processing phenotype [ENSG00000265907.1] [17/153]
  * #variants in cis = 11
  * Best hit: [id=18_internal_4160, d=80174, pv=0.00270373, s=0.2302]

Processing phenotype [ENSG00000266397.1] [18/153]
  * #variants in cis = 11
  * Best hit: [id=18_internal_4160, d=61394, pv=0.0118564, s=0.1858]

Processing phenotype [ENSG00000264186.1] [19/153]
  * #variants in cis = 11
  * Best hit: [id=18_internal_3725, d=-416705, pv=0.0334266, s=0.1598]

Processing phenotype [ENSG00000101577.5] [20/153]
  * #variants in cis = 11
  * Best hit: [id=18_internal_4160, d=-15097, pv=0.00170114, s=0.2424]

Processing phenotype [ENSG00000265399.1] [21/153]
  * #variants in cis = 11
  * Best hit: [id=18_internal_4134, d=513179, pv=0.0314008, s=0.1671]

Processing phenotype [ENSG00000101605.8] [22/153]
  * #variants in cis = 11
  * Best hit: [id=18_internal_4134, d=-483468, pv=0.0235812, s=0.1811]

Processing phenotype [ENSG00000101608.6] [23/153]
  * #variants in cis = 11
  * Best hit: [id=18_internal_3739, d=-324698, pv=0.0981904, s=-0.1294]

Processing phenotype [ENSG00000264235.1] [24/153]
  * #variants in cis = 11
  * Best hit: [id=18_internal_4134, d=-441726, pv=0.119581, s=0.1238]

Processing phenotype [ENSG00000118680.8] [25/153]
  * #variants in cis = 11
  * Best hit: [id=18_internal_3739, d=-339126, pv=0.0235432, s=-0.1775]

Processing phenotype [ENSG00000177426.15] [26/153]
  * #variants in cis = 11
  * Best hit: [id=18_internal_3167, d=308624, pv=0.0256051, s=0.1679]

Processing phenotype [ENSG00000177337.3] [27/153]
  * #variants in cis = 9
  * Best hit: [id=18_internal_3916, d=58548, pv=5.00367e-10, s=0.4569]

Processing phenotype [ENSG00000262001.1] [28/153]
  * #variants in cis = 9
  * Best hit: [id=18_internal_3916, d=49280, pv=4.13951e-08, s=0.4182]

Processing phenotype [ENSG00000170579.9] [29/153]
  * #variants in cis = 7
  * Best hit: [id=18_internal_3916, d=788563, pv=0.00572308, s=0.2210]

Processing phenotype [ENSG00000263753.1] [30/153]
  * #variants in cis = 2
  * Best hit: [id=18_internal_4914, d=183994, pv=0.39549, s=0.0660]

Processing phenotype [ENSG00000265091.1] [31/153]
  * #variants in cis = 2
  * Best hit: [id=18_internal_3598, d=-735921, pv=0.420612, s=-0.0646]

Processing phenotype [ENSG00000264575.1] [32/153]
  * #variants in cis = 2
  * Best hit: [id=18_internal_3598, d=-735849, pv=0.197396, s=-0.1011]

Processing phenotype [ENSG00000265188.1] [33/153]
  * #variants in cis = 2
  * Best hit: [id=18_internal_3598, d=-733280, pv=0.426838, s=-0.0632]

Processing phenotype [ENSG00000198081.6] [34/153]
  * #variants in cis = 2
  * Best hit: [id=18_internal_3598, d=-677394, pv=0.187807, s=-0.1040]

Processing phenotype [ENSG00000206418.3] [35/153]
  * #variants in cis = 5
  * Best hit: [id=18_internal_3309, d=490506, pv=0.135443, s=0.1197]

Processing phenotype [ENSG00000266708.1] [36/153]
  * #variants in cis = 6
  * Best hit: [id=18_internal_3520, d=-107455, pv=0.0198597, s=0.1838]

Processing phenotype [ENSG00000178127.8] [37/153]
  * #variants in cis = 11
  * Best hit: [id=18_internal_3309, d=0, pv=6.99898e-12, s=0.5113]

Processing phenotype [ENSG00000265257.1] [38/153]
  * #variants in cis = 11
  * Best hit: [id=18_internal_3309, d=0, pv=3.04877e-08, s=0.4299]

Processing phenotype [ENSG00000263847.1] [39/153]
  * #variants in cis = 12
  * Best hit: [id=18_internal_3309, d=0, pv=4.77469e-06, s=0.3520]

Processing phenotype [ENSG00000101745.10] [40/153]
  * #variants in cis = 12
  * Best hit: [id=18_internal_3309, d=0, pv=4.66492e-08, s=0.4269]

Processing phenotype [ENSG00000266053.1] [41/153]
  * #variants in cis = 12
  * Best hit: [id=18_internal_3309, d=0, pv=3.71603e-06, s=0.3617]

Processing phenotype [ENSG00000200883.1] [42/153]
  * #variants in cis = 12
  * Best hit: [id=18_internal_3321, d=722816, pv=0.0653329, s=0.1420]

Processing phenotype [ENSG00000207092.1] [43/153]
  * #variants in cis = 12
  * Best hit: [id=18_internal_3545, d=861674, pv=0.28776, s=0.0846]

Processing phenotype [ENSG00000239087.1] [44/153]
  * #variants in cis = 12
  * Best hit: [id=18_internal_3309, d=-90703, pv=1.58056e-05, s=0.3307]

Processing phenotype [ENSG00000128791.7] [45/153]
  * #variants in cis = 14
  * Best hit: [id=18_internal_4392, d=364853, pv=0.00619007, s=-0.2125]

Processing phenotype [ENSG00000017797.7] [46/153]
  * #variants in cis = 14
  * Best hit: [id=18_internal_4491, d=0, pv=1.28779e-22, s=0.6863]

Processing phenotype [ENSG00000266805.1] [47/153]
  * #variants in cis = 15
  * Best hit: [id=18_internal_4491, d=-9863, pv=1.45423e-10, s=0.4628]

Processing phenotype [ENSG00000251994.1] [48/153]
  * #variants in cis = 16
  * Best hit: [id=18_internal_4491, d=21881, pv=1.73996e-07, s=0.3890]

Processing phenotype [ENSG00000266541.1] [49/153]
  * #variants in cis = 15
  * Best hit: [id=18_internal_3414, d=27469, pv=0.00213111, s=0.2317]

Processing phenotype [ENSG00000154845.11] [50/153]
  * #variants in cis = 16
  * Best hit: [id=18_internal_3414, d=0, pv=2.37946e-11, s=0.4852]

Processing phenotype [ENSG00000263627.1] [51/153]
  * #variants in cis = 16
  * Best hit: [id=18_internal_4491, d=-118885, pv=0.00894169, s=0.2076]

Processing phenotype [ENSG00000264644.1] [52/153]
  * #variants in cis = 16
  * Best hit: [id=18_internal_4880, d=-291510, pv=0.0432403, s=-0.1571]

Processing phenotype [ENSG00000168461.7] [53/153]
  * #variants in cis = 16
  * Best hit: [id=18_internal_3796, d=22202, pv=0.00496237, s=0.2194]

Processing phenotype [ENSG00000266891.1] [54/153]
  * #variants in cis = 16
  * Best hit: [id=18_internal_3796, d=0, pv=0.00409437, s=0.2229]

Processing phenotype [ENSG00000266127.1] [55/153]
  * #variants in cis = 16
  * Best hit: [id=18_internal_3796, d=0, pv=0.0696598, s=0.1434]

Processing phenotype [ENSG00000242651.2] [56/153]
  * #variants in cis = 16
  * Best hit: [id=18_internal_4491, d=334247, pv=0.0273084, s=0.1701]

Processing phenotype [ENSG00000252680.1] [57/153]
  * #variants in cis = 16
  * Best hit: [id=18_internal_3751, d=-473743, pv=0.101929, s=-0.1275]

Processing phenotype [ENSG00000168454.9] [58/153]
  * #variants in cis = 16
  * Best hit: [id=18_internal_4491, d=-389386, pv=0.0258164, s=0.1770]

Processing phenotype [ENSG00000101558.9] [59/153]
  * #variants in cis = 16
  * Best hit: [id=18_internal_3796, d=-55501, pv=0.00329384, s=0.2303]

Processing phenotype [ENSG00000223138.1] [60/153]
  * #variants in cis = 16
  * Best hit: [id=18_internal_3416, d=-569921, pv=0.114416, s=0.1234]

Processing phenotype [ENSG00000134265.7] [61/153]
  * #variants in cis = 13
  * Best hit: [id=18_internal_3584, d=-263534, pv=0.000358979, s=0.2809]

Processing phenotype [ENSG00000265728.1] [62/153]
  * #variants in cis = 13
  * Best hit: [id=18_internal_4392, d=-753705, pv=0.0155998, s=-0.1907]

Processing phenotype [ENSG00000264503.1] [63/153]
  * #variants in cis = 13
  * Best hit: [id=18_internal_3389, d=0, pv=5.14446e-05, s=0.3151]

Processing phenotype [ENSG00000264311.1] [64/153]
  * #variants in cis = 13
  * Best hit: [id=18_internal_3751, d=143857, pv=0.00347393, s=0.2309]

Processing phenotype [ENSG00000266604.1] [65/153]
  * #variants in cis = 13
  * Best hit: [id=18_internal_3389, d=3798, pv=3.53067e-05, s=0.3173]

Processing phenotype [ENSG00000264072.1] [66/153]
  * #variants in cis = 13
  * Best hit: [id=18_internal_3751, d=148398, pv=0.0251177, s=0.1703]

Processing phenotype [ENSG00000141404.9] [67/153]
  * #variants in cis = 7
  * Best hit: [id=18_internal_4027, d=213420, pv=2.20379e-05, s=0.3212]

Processing phenotype [ENSG00000255112.2] [68/153]
  * #variants in cis = 7
  * Best hit: [id=18_internal_4027, d=50980, pv=0.00673389, s=0.2108]

Processing phenotype [ENSG00000267165.1] [69/153]
  * #variants in cis = 7
  * Best hit: [id=18_internal_4027, d=-49625, pv=0.00628921, s=0.2174]

Processing phenotype [ENSG00000154889.12] [70/153]
  * #variants in cis = 7
  * Best hit: [id=18_internal_4027, d=0, pv=0.00190441, s=0.2411]

Processing phenotype [ENSG00000141401.7] [71/153]
  * #variants in cis = 7
  * Best hit: [id=18_internal_3282, d=595, pv=0.000340918, s=0.2814]

Processing phenotype [ENSG00000266955.1] [72/153]
  * #variants in cis = 7
  * Best hit: [id=18_internal_3765, d=134333, pv=0.147057, s=-0.1164]

Processing phenotype [ENSG00000267480.1] [73/153]
  * #variants in cis = 7
  * Best hit: [id=18_internal_3683, d=132189, pv=0.00414607, s=0.2189]

Processing phenotype [ENSG00000181626.9] [74/153]
  * #variants in cis = 7
  * Best hit: [id=18_internal_3683, d=-193857, pv=0.0702193, s=0.1422]

Processing phenotype [ENSG00000267643.1] [75/153]
  * #variants in cis = 7
  * Best hit: [id=18_internal_4027, d=-272973, pv=0.0872702, s=-0.1333]

Processing phenotype [ENSG00000267733.1] [76/153]
  * #variants in cis = 7
  * Best hit: [id=18_internal_4027, d=-274176, pv=0.202678, s=-0.0986]

Processing phenotype [ENSG00000176014.8] [77/153]
  * #variants in cis = 8
  * Best hit: [id=18_internal_3312, d=292, pv=0.160308, s=0.1071]

Processing phenotype [ENSG00000141385.5] [78/153]
  * #variants in cis = 9
  * Best hit: [id=18_internal_4611, d=-838483, pv=0.00465643, s=-0.2242]

Processing phenotype [ENSG00000134278.10] [79/153]
  * #variants in cis = 13
  * Best hit: [id=18_internal_3479, d=0, pv=4.18825e-17, s=0.5976]

Processing phenotype [ENSG00000267411.1] [80/153]
  * #variants in cis = 13
  * Best hit: [id=18_internal_3479, d=-22, pv=0.0580236, s=0.1474]

Processing phenotype [ENSG00000128789.15] [81/153]
  * #variants in cis = 12
  * Best hit: [id=18_internal_3479, d=-43738, pv=0.0481721, s=0.1533]

Processing phenotype [ENSG00000101624.6] [82/153]
  * #variants in cis = 12
  * Best hit: [id=18_internal_3282, d=703753, pv=0.0636533, s=0.1443]

Processing phenotype [ENSG00000175354.13] [83/153]
  * #variants in cis = 9
  * Best hit: [id=18_internal_3479, d=270955, pv=0.0728855, s=-0.1374]

Processing phenotype [ENSG00000085415.11] [84/153]
  * #variants in cis = 9
  * Best hit: [id=18_internal_3447, d=522084, pv=0.00333292, s=-0.2206]

Processing phenotype [ENSG00000101639.13] [85/153]
  * #variants in cis = 9
  * Best hit: [id=18_internal_3312, d=-672617, pv=0.361997, s=0.0737]

Processing phenotype [ENSG00000168675.13] [86/153]
  * #variants in cis = 8
  * Best hit: [id=18_internal_3447, d=251719, pv=2.6182e-07, s=0.3720]

Processing phenotype [ENSG00000267694.1] [87/153]
  * #variants in cis = 7
  * Best hit: [id=18_internal_4611, d=2647, pv=0.150562, s=0.1108]

Processing phenotype [ENSG00000267529.1] [88/153]
  * #variants in cis = 7
  * Best hit: [id=18_internal_3447, d=0, pv=0.00539745, s=0.2021]

Processing phenotype [ENSG00000267702.1] [89/153]
  * #variants in cis = 7
  * Best hit: [id=18_internal_3447, d=0, pv=0.0121913, s=0.1883]

Processing phenotype [ENSG00000267366.1] [90/153]
  * #variants in cis = 7
  * Best hit: [id=18_internal_3447, d=0, pv=0.0738979, s=0.1351]

Processing phenotype [ENSG00000267136.1] [91/153]
  * #variants in cis = 7
  * Best hit: [id=18_internal_3447, d=0, pv=0.00102646, s=0.2493]

Processing phenotype [ENSG00000267503.1] [92/153]
  * #variants in cis = 7
  * Best hit: [id=18_internal_3447, d=23605, pv=0.00335688, s=0.2210]

Processing phenotype [ENSG00000266954.1] [93/153]
  * #variants in cis = 7
  * Best hit: [id=18_internal_3447, d=104255, pv=0.00161435, s=0.2451]

Processing phenotype [ENSG00000101654.13] [94/153]
  * #variants in cis = 6
  * Best hit: [id=18_internal_4184, d=-102159, pv=0.00852654, s=0.2034]

Processing phenotype [ENSG00000177150.8] [95/153]
  * #variants in cis = 6
  * Best hit: [id=18_internal_4611, d=258487, pv=0.151968, s=0.1126]

Processing phenotype [ENSG00000260263.1] [96/153]
  * #variants in cis = 2
  * Best hit: [id=18_internal_4207, d=-733215, pv=0.381605, s=-0.0715]

Processing phenotype [ENSG00000216205.1] [97/153]
  * #variants in cis = 2
  * Best hit: [id=18_internal_4312, d=-605910, pv=0.294239, s=-0.0826]

Processing phenotype [ENSG00000067900.5] [98/153]
  * #variants in cis = 2
  * Best hit: [id=18_internal_4312, d=-556532, pv=0.271516, s=0.0859]

Processing phenotype [ENSG00000141449.9] [99/153]
  * #variants in cis = 3
  * Best hit: [id=18_internal_4207, d=439440, pv=0.688843, s=-0.0326]

Processing phenotype [ENSG00000141446.6] [100/153]
  * #variants in cis = 3
  * Best hit: [id=18_internal_4312, d=-67499, pv=0.598866, s=-0.0402]

Processing phenotype [ENSG00000167088.5] [101/153]
  * #variants in cis = 3
  * Best hit: [id=18_internal_4207, d=69415, pv=0.00798133, s=0.2096]

Processing phenotype [ENSG00000263350.1] [102/153]
  * #variants in cis = 3
  * Best hit: [id=18_internal_4207, d=51544, pv=0.0936868, s=0.1308]

Processing phenotype [ENSG00000264188.1] [103/153]
  * #variants in cis = 3
  * Best hit: [id=18_internal_4207, d=-19287, pv=6.28893e-05, s=0.3134]

Processing phenotype [ENSG00000265656.1] [104/153]
  * #variants in cis = 3
  * Best hit: [id=18_internal_4207, d=8054, pv=4.29158e-08, s=0.4073]

Processing phenotype [ENSG00000221493.1] [105/153]
  * #variants in cis = 3
  * Best hit: [id=18_internal_4312, d=0, pv=7.74348e-05, s=0.3089]

Processing phenotype [ENSG00000158201.5] [106/153]
  * #variants in cis = 3
  * Best hit: [id=18_internal_4207, d=930, pv=1.86657e-14, s=0.5407]

Processing phenotype [ENSG00000101752.7] [107/153]
  * #variants in cis = 3
  * Best hit: [id=18_internal_3003, d=462817, pv=0.192016, s=0.1024]

Processing phenotype [ENSG00000242971.2] [108/153]
  * #variants in cis = 3
  * Best hit: [id=18_internal_4312, d=-88524, pv=0.335309, s=0.0747]

Processing phenotype [ENSG00000199977.1] [109/153]
  * #variants in cis = 3
  * Best hit: [id=18_internal_4312, d=-112265, pv=0.345404, s=-0.0746]

Processing phenotype [ENSG00000207786.1] [110/153]
  * #variants in cis = 3
  * Best hit: [id=18_internal_4207, d=121910, pv=0.101849, s=-0.1274]

Processing phenotype [ENSG00000207694.1] [111/153]
  * #variants in cis = 3
  * Best hit: [id=18_internal_3003, d=-338686, pv=0.168413, s=0.1064]

Processing phenotype [ENSG00000265142.1] [112/153]
  * #variants in cis = 3
  * Best hit: [id=18_internal_3003, d=-336364, pv=0.0391774, s=0.1571]

Processing phenotype [ENSG00000243303.1] [113/153]
  * #variants in cis = 3
  * Best hit: [id=18_internal_3003, d=-312787, pv=0.380889, s=0.0693]

Processing phenotype [ENSG00000101773.12] [114/153]
  * #variants in cis = 8
  * Best hit: [id=18_internal_3512, d=134427, pv=0.00144704, s=0.2438]

Processing phenotype [ENSG00000265943.1] [115/153]
  * #variants in cis = 9
  * Best hit: [id=18_internal_3668, d=-296711, pv=0.0016834, s=-0.2495]

Processing phenotype [ENSG00000134490.9] [116/153]
  * #variants in cis = 12
  * Best hit: [id=18_internal_3560, d=-529444, pv=0.0244307, s=0.1758]

Processing phenotype [ENSG00000101782.10] [117/153]
  * #variants in cis = 12
  * Best hit: [id=18_internal_3971, d=33978, pv=0.00179078, s=0.2459]

Processing phenotype [ENSG00000199357.1] [118/153]
  * #variants in cis = 12
  * Best hit: [id=18_internal_3512, d=-479863, pv=0.026248, s=-0.1715]

Processing phenotype [ENSG00000141452.5] [119/153]
  * #variants in cis = 13
  * Best hit: [id=18_internal_3971, d=0, pv=0.00026572, s=0.2936]

Processing phenotype [ENSG00000199366.1] [120/153]
  * #variants in cis = 13
  * Best hit: [id=18_internal_3233, d=502716, pv=0.0688351, s=0.1409]

Processing phenotype [ENSG00000141458.7] [121/153]
  * #variants in cis = 13
  * Best hit: [id=18_internal_3971, d=81047, pv=0.0165542, s=0.1902]

Processing phenotype [ENSG00000168234.8] [122/153]
  * #variants in cis = 13
  * Best hit: [id=18_internal_4208, d=0, pv=1.29317e-08, s=0.4162]

Processing phenotype [ENSG00000154040.16] [123/153]
  * #variants in cis = 12
  * Best hit: [id=18_internal_4208, d=0, pv=0.025641, s=0.1765]

Processing phenotype [ENSG00000265750.1] [124/153]
  * #variants in cis = 13
  * Best hit: [id=18_internal_3377, d=-103859, pv=0.00841391, s=0.2066]

Processing phenotype [ENSG00000141447.12] [125/153]
  * #variants in cis = 13
  * Best hit: [id=18_internal_3377, d=119609, pv=4.18782e-05, s=0.3214]

Processing phenotype [ENSG00000154059.5] [126/153]
  * #variants in cis = 13
  * Best hit: [id=18_internal_3245, d=32687, pv=5.44302e-17, s=0.5922]

Processing phenotype [ENSG00000134489.6] [127/153]
  * #variants in cis = 13
  * Best hit: [id=18_internal_3245, d=0, pv=0.000159302, s=0.2918]

Processing phenotype [ENSG00000141380.9] [128/153]
  * #variants in cis = 8
  * Best hit: [id=18_internal_3690, d=-671908, pv=0.0507648, s=0.1499]

Processing phenotype [ENSG00000141384.7] [129/153]
  * #variants in cis = 8
  * Best hit: [id=18_internal_3736, d=473708, pv=0.224493, s=-0.0935]

Processing phenotype [ENSG00000227279.1] [130/153]
  * #variants in cis = 1
  * Best hit: [id=18_internal_3185, d=84616, pv=5.78081e-13, s=0.5063]

Processing phenotype [ENSG00000170558.4] [131/153]
  * #variants in cis = 1
  * Best hit: [id=18_internal_3185, d=0, pv=4.05593e-18, s=0.6066]

Processing phenotype [ENSG00000261521.1] [132/153]
  * #variants in cis = 4
  * Best hit: [id=18_internal_3964, d=0, pv=9.60666e-13, s=0.5389]

Processing phenotype [ENSG00000238376.1] [133/153]
  * #variants in cis = 4
  * Best hit: [id=18_internal_3964, d=0, pv=1.84148e-05, s=0.3270]

Processing phenotype [ENSG00000265888.1] [134/153]
  * #variants in cis = 4
  * Best hit: [id=18_internal_3964, d=0, pv=2.5244e-08, s=0.4351]

Processing phenotype [ENSG00000134755.10] [135/153]
  * #variants in cis = 4
  * Best hit: [id=18_internal_3964, d=0, pv=8.54265e-18, s=0.6184]

Processing phenotype [ENSG00000134765.5] [136/153]
  * #variants in cis = 5
  * Best hit: [id=18_internal_3964, d=0, pv=3.19998e-07, s=0.3940]

Processing phenotype [ENSG00000118276.7] [137/153]
  * #variants in cis = 5
  * Best hit: [id=18_internal_3539, d=0, pv=0.023796, s=0.1746]

Processing phenotype [ENSG00000263924.1] [138/153]
  * #variants in cis = 5
  * Best hit: [id=18_internal_3522, d=203756, pv=0.199777, s=0.1024]

Processing phenotype [ENSG00000222320.1] [139/153]
  * #variants in cis = 5
  * Best hit: [id=18_internal_3964, d=-689338, pv=0.113234, s=0.1246]

Processing phenotype [ENSG00000263823.1] [140/153]
  * #variants in cis = 5
  * Best hit: [id=18_internal_3413, d=82775, pv=0.202036, s=0.0998]

Processing phenotype [ENSG00000153339.9] [141/153]
  * #variants in cis = 5
  * Best hit: [id=18_internal_3522, d=-95008, pv=0.074317, s=0.1394]

Processing phenotype [ENSG00000101695.4] [142/153]
  * #variants in cis = 5
  * Best hit: [id=18_internal_3522, d=29772, pv=2.76495e-05, s=0.3241]

Processing phenotype [ENSG00000263917.1] [143/153]
  * #variants in cis = 5
  * Best hit: [id=18_internal_3522, d=29315, pv=4.9755e-06, s=0.3497]

Processing phenotype [ENSG00000263664.1] [144/153]
  * #variants in cis = 5
  * Best hit: [id=18_internal_3522, d=0, pv=0.00158006, s=0.2482]

Processing phenotype [ENSG00000134758.9] [145/153]
  * #variants in cis = 5
  * Best hit: [id=18_internal_3522, d=-3229, pv=2.29649e-06, s=0.3655]

Processing phenotype [ENSG00000265008.1] [146/153]
  * #variants in cis = 5
  * Best hit: [id=18_internal_3522, d=3493, pv=0.130523, s=0.1186]

Processing phenotype [ENSG00000238982.1] [147/153]
  * #variants in cis = 5
  * Best hit: [id=18_internal_3522, d=-5878, pv=0.0161428, s=0.1891]

Processing phenotype [ENSG00000263393.1] [148/153]
  * #variants in cis = 5
  * Best hit: [id=18_internal_3522, d=35852, pv=0.000673955, s=0.2614]

Processing phenotype [ENSG00000141434.7] [149/153]
  * #variants in cis = 6
  * Best hit: [id=18_internal_3522, d=-96443, pv=0.0365296, s=0.1642]

Processing phenotype [ENSG00000215492.4] [150/153]
  * #variants in cis = 5
  * Best hit: [id=18_internal_3413, d=361007, pv=0.0498745, s=-0.1553]

Processing phenotype [ENSG00000141441.10] [151/153]
  * #variants in cis = 5
  * Best hit: [id=18_internal_3522, d=381858, pv=0.0132048, s=0.1941]

Processing phenotype [ENSG00000166974.8] [152/153]
  * #variants in cis = 7
  * Best hit: [id=18_internal_3579, d=175950, pv=0.0829346, s=0.1313]

Processing phenotype [ENSG00000186812.8] [153/153]
  * #variants in cis = 8
  * Best hit: [id=18_internal_3579, d=-81131, pv=0.0182728, s=-0.1845]

Running time: 1 seconds
