Sender: LSF System <lsfadmin@cpt06>
Subject: Job 971689: </data/unige/funpopgen/odelanea/SGX/V2/binaries/qtltools/bin/QTLtools cis --vcf /data/unige/funpopgen/grey2/SYSCID/BLUEPRINT_DATA/CRD/THREE_CELL_TYPES/CLOMICS/CELL_TYPE_COMPARISON_GENE_CRD_ASSOCIATIONS/quantify/70_vs_72_ALL.ALLchr.mean.txt.gz --bed /data/unige/funpopgen/grey2/SYSCID/BLUEPRINT_DATA/CRD/THREE_CELL_TYPES/QTL_TOOLS/EGAD00001002675_v3.0/EGAD00001002675_RNA.PC10.bed.gz --nominal /data/unige/funpopgen/grey2/SYSCID/BLUEPRINT_DATA/CRD/THREE_CELL_TYPES/CLOMICS/CELL_TYPE_COMPARISON_GENE_CRD_ASSOCIATIONS/mapping_aCRD_gene/70_vs_72/gene_CRD_mean_permutations.thresholds.txt --chunk 40 100 --out /data/unige/funpopgen/grey2/SYSCID/BLUEPRINT_DATA/CRD/THREE_CELL_TYPES/CLOMICS/CELL_TYPE_COMPARISON_GENE_CRD_ASSOCIATIONS/mapping_aCRD_gene/70_vs_72/mapping_gene_CRD_mean_chunk40\.txt> in cluster <ug> Done

Job </data/unige/funpopgen/odelanea/SGX/V2/binaries/qtltools/bin/QTLtools cis --vcf /data/unige/funpopgen/grey2/SYSCID/BLUEPRINT_DATA/CRD/THREE_CELL_TYPES/CLOMICS/CELL_TYPE_COMPARISON_GENE_CRD_ASSOCIATIONS/quantify/70_vs_72_ALL.ALLchr.mean.txt.gz --bed /data/unige/funpopgen/grey2/SYSCID/BLUEPRINT_DATA/CRD/THREE_CELL_TYPES/QTL_TOOLS/EGAD00001002675_v3.0/EGAD00001002675_RNA.PC10.bed.gz --nominal /data/unige/funpopgen/grey2/SYSCID/BLUEPRINT_DATA/CRD/THREE_CELL_TYPES/CLOMICS/CELL_TYPE_COMPARISON_GENE_CRD_ASSOCIATIONS/mapping_aCRD_gene/70_vs_72/gene_CRD_mean_permutations.thresholds.txt --chunk 40 100 --out /data/unige/funpopgen/grey2/SYSCID/BLUEPRINT_DATA/CRD/THREE_CELL_TYPES/CLOMICS/CELL_TYPE_COMPARISON_GENE_CRD_ASSOCIATIONS/mapping_aCRD_gene/70_vs_72/mapping_gene_CRD_mean_chunk40\.txt> was submitted from host <cpt01> by user <grey2> in cluster <ug>.
Job was executed on host(s) <cpt06>, in queue <normal>, as user <grey2> in cluster <ug>.
</home/grey2> was used as the home directory.
</data/unige/funpopgen/grey2/SYSCID/BLUEPRINT_DATA/CRD/THREE_CELL_TYPES/CLOMICS/CELL_TYPE_COMPARISON_GENE_CRD_ASSOCIATIONS> was used as the working directory.
Started at Fri Mar 15 14:09:32 2019
Results reported at Fri Mar 15 14:09:34 2019

Your job looked like:

------------------------------------------------------------
# LSBATCH: User input
/data/unige/funpopgen/odelanea/SGX/V2/binaries/qtltools/bin/QTLtools cis --vcf /data/unige/funpopgen/grey2/SYSCID/BLUEPRINT_DATA/CRD/THREE_CELL_TYPES/CLOMICS/CELL_TYPE_COMPARISON_GENE_CRD_ASSOCIATIONS/quantify/70_vs_72_ALL.ALLchr.mean.txt.gz --bed /data/unige/funpopgen/grey2/SYSCID/BLUEPRINT_DATA/CRD/THREE_CELL_TYPES/QTL_TOOLS/EGAD00001002675_v3.0/EGAD00001002675_RNA.PC10.bed.gz --nominal /data/unige/funpopgen/grey2/SYSCID/BLUEPRINT_DATA/CRD/THREE_CELL_TYPES/CLOMICS/CELL_TYPE_COMPARISON_GENE_CRD_ASSOCIATIONS/mapping_aCRD_gene/70_vs_72/gene_CRD_mean_permutations.thresholds.txt --chunk 40 100 --out /data/unige/funpopgen/grey2/SYSCID/BLUEPRINT_DATA/CRD/THREE_CELL_TYPES/CLOMICS/CELL_TYPE_COMPARISON_GENE_CRD_ASSOCIATIONS/mapping_aCRD_gene/70_vs_72/mapping_gene_CRD_mean_chunk40\.txt

------------------------------------------------------------

Successfully completed.

Resource usage summary:

    CPU time :               1.32 sec.
    Max Memory :             4.45 MB
    Average Memory :         4.45 MB
    Total Requested Memory : -
    Delta Memory :           -
    (Delta: the difference between total requested memory and actual max usage.)
    Max Swap :               238 MB

    Max Processes :          4
    Max Threads :            5

The output (if any) follows:


[32mQTLtools[0m
  * Authors : Olivier DELANEAU / Halit ONGEN / Emmanouil DERMITZAKIS
  * Contact : olivier.delaneau@gmail.com / halit.ongen@unige.ch / Emmanouil.Dermitzakis@unige.ch
  * Webpage : https://qtltools.github.io/qtltools/
  * Version : 1.1
  * Date    : 15/03/2019 - 14:09:33
  * Citation: A complete tool set for molecular QTL discovery and analysis, https://doi.org/10.1101/068635

[32mMAPPING QTL IN CIS[0m
  * TASK: Report all nominal associations with p below thresholds in [/data/unige/funpopgen/grey2/SYSCID/BLUEPRINT_DATA/CRD/THREE_CELL_TYPES/CLOMICS/CELL_TYPE_COMPARISON_GENE_CRD_ASSOCIATIONS/mapping_aCRD_gene/70_vs_72/gene_CRD_mean_permutations.thresholds.txt]
  * Linear model: Phe ~ Var
  * Cis-window size is 1000000 bp
  * Chunk = [40/100]

Scanning phenotype data in [/data/unige/funpopgen/grey2/SYSCID/BLUEPRINT_DATA/CRD/THREE_CELL_TYPES/QTL_TOOLS/EGAD00001002675_v3.0/EGAD00001002675_RNA.PC10.bed.gz]
  * 21589 phenotypes included
  * 10706 phenotypes are on the negative strand

Initialize random number generator
  * Built-in seed is 15112011
  * First Integer = 30554
  * First Double = 0.0126695

Reading sample list from [/data/unige/funpopgen/grey2/SYSCID/BLUEPRINT_DATA/CRD/THREE_CELL_TYPES/QTL_TOOLS/EGAD00001002675_v3.0/EGAD00001002675_RNA.PC10.bed.gz]
  * #samples = 196

Reading sample list from [/data/unige/funpopgen/grey2/SYSCID/BLUEPRINT_DATA/CRD/THREE_CELL_TYPES/CLOMICS/CELL_TYPE_COMPARISON_GENE_CRD_ASSOCIATIONS/quantify/70_vs_72_ALL.ALLchr.mean.txt.gz]
  * #samples = 165

Merging sample sets from all input files
  * #files = 2
  * #samples in all files = 165
  * #samples NOT in all files (i.e. ignored) = 31

Reading phenotype data in [/data/unige/funpopgen/grey2/SYSCID/BLUEPRINT_DATA/CRD/THREE_CELL_TYPES/QTL_TOOLS/EGAD00001002675_v3.0/EGAD00001002675_RNA.PC10.bed.gz]
  * target region [10:75573276-102289638]
  * 205 phenotypes included
  * 86 phenotypes are on the negative strand

Reading genotype data in [/data/unige/funpopgen/grey2/SYSCID/BLUEPRINT_DATA/CRD/THREE_CELL_TYPES/CLOMICS/CELL_TYPE_COMPARISON_GENE_CRD_ASSOCIATIONS/quantify/70_vs_72_ALL.ALLchr.mean.txt.gz]
  * File format detected: BED
  * 165 samples included
  * 2 samples without phenotype data
  * target region [10:74573276-103289638]
  * 105 variants included

Reading nominal thresholds in [/data/unige/funpopgen/grey2/SYSCID/BLUEPRINT_DATA/CRD/THREE_CELL_TYPES/CLOMICS/CELL_TYPE_COMPARISON_GENE_CRD_ASSOCIATIONS/mapping_aCRD_gene/70_vs_72/gene_CRD_mean_permutations.thresholds.txt]
  * #phenotypes set = 205

Processing phenotype [ENSG00000224195.1] [1/205]
  * #variants in cis = 8
  * Best hit: [id=10_internal_9031, d=381282, pv=0.102511, s=0.1294]

Processing phenotype [ENSG00000229990.1] [2/205]
  * #variants in cis = 8
  * Best hit: [id=10_internal_10080, d=906508, pv=0.0779295, s=0.1403]

Processing phenotype [ENSG00000148660.14] [3/205]
  * #variants in cis = 8
  * Best hit: [id=10_internal_10188, d=-612124, pv=0.121589, s=0.1236]

Processing phenotype [ENSG00000122861.9] [4/205]
  * #variants in cis = 8
  * Best hit: [id=10_internal_8893, d=0, pv=0.0418908, s=0.1544]

Processing phenotype [ENSG00000222047.4] [5/205]
  * #variants in cis = 8
  * Best hit: [id=10_internal_8893, d=0, pv=0.0519993, s=0.1497]

Processing phenotype [ENSG00000035403.11] [6/205]
  * #variants in cis = 9
  * Best hit: [id=10_internal_12994, d=31293, pv=0.111706, s=0.1254]

Processing phenotype [ENSG00000225761.1] [7/205]
  * #variants in cis = 9
  * Best hit: [id=10_internal_12994, d=24270, pv=0.305302, s=-0.0805]

Processing phenotype [ENSG00000228726.2] [8/205]
  * #variants in cis = 8
  * Best hit: [id=10_internal_11922, d=228460, pv=0.250694, s=-0.0897]

Processing phenotype [ENSG00000267957.1] [9/205]
  * #variants in cis = 8
  * Best hit: [id=10_internal_12994, d=0, pv=0.0170805, s=0.1838]

Processing phenotype [ENSG00000269772.1] [10/205]
  * #variants in cis = 8
  * Best hit: [id=10_internal_12994, d=0, pv=0.000933736, s=0.2493]

Processing phenotype [ENSG00000185009.8] [11/205]
  * #variants in cis = 8
  * Best hit: [id=10_internal_12994, d=0, pv=1.46893e-10, s=0.4633]

Processing phenotype [ENSG00000156110.8] [12/205]
  * #variants in cis = 8
  * Best hit: [id=10_internal_12994, d=0, pv=4.31609e-15, s=0.5545]

Processing phenotype [ENSG00000236900.1] [13/205]
  * #variants in cis = 8
  * Best hit: [id=10_internal_12994, d=0, pv=7.58069e-06, s=0.3265]

Processing phenotype [ENSG00000214629.3] [14/205]
  * #variants in cis = 9
  * Best hit: [id=10_internal_12994, d=0, pv=5.49521e-11, s=0.4763]

Processing phenotype [ENSG00000213731.2] [15/205]
  * #variants in cis = 11
  * Best hit: [id=10_internal_12994, d=0, pv=1.18265e-08, s=0.4104]

Processing phenotype [ENSG00000227539.1] [16/205]
  * #variants in cis = 11
  * Best hit: [id=10_internal_12994, d=0, pv=1.43097e-11, s=0.4806]

Processing phenotype [ENSG00000226253.1] [17/205]
  * #variants in cis = 12
  * Best hit: [id=10_internal_12994, d=0, pv=0.000124822, s=0.2905]

Processing phenotype [ENSG00000232342.2] [18/205]
  * #variants in cis = 12
  * Best hit: [id=10_internal_12994, d=0, pv=1.84384e-07, s=0.3910]

Processing phenotype [ENSG00000206756.1] [19/205]
  * #variants in cis = 12
  * Best hit: [id=10_internal_12994, d=0, pv=0.000376583, s=0.2725]

Processing phenotype [ENSG00000214626.2] [20/205]
  * #variants in cis = 12
  * Best hit: [id=10_internal_12994, d=-64080, pv=1.59678e-12, s=0.4978]

Processing phenotype [ENSG00000156650.7] [21/205]
  * #variants in cis = 12
  * Best hit: [id=10_internal_8890, d=156535, pv=0.238737, s=-0.0921]

Processing phenotype [ENSG00000227186.1] [22/205]
  * #variants in cis = 10
  * Best hit: [id=10_internal_8890, d=1767, pv=0.0792281, s=-0.1347]

Processing phenotype [ENSG00000234149.1] [23/205]
  * #variants in cis = 10
  * Best hit: [id=10_internal_8618, d=-333290, pv=0.037666, s=0.1632]

Processing phenotype [ENSG00000156671.7] [24/205]
  * #variants in cis = 10
  * Best hit: [id=10_internal_10188, d=-358978, pv=0.0804608, s=0.1343]

Processing phenotype [ENSG00000079393.15] [25/205]
  * #variants in cis = 10
  * Best hit: [id=10_internal_8618, d=-249246, pv=0.221238, s=-0.0920]

Processing phenotype [ENSG00000232437.1] [26/205]
  * #variants in cis = 10
  * Best hit: [id=10_internal_10080, d=-328832, pv=0.0121851, s=-0.1952]

Processing phenotype [ENSG00000165637.9] [27/205]
  * #variants in cis = 10
  * Best hit: [id=10_internal_9461, d=-453766, pv=0.116731, s=0.1201]

Processing phenotype [ENSG00000165644.6] [28/205]
  * #variants in cis = 10
  * Best hit: [id=10_internal_10080, d=439645, pv=0.00229723, s=-0.2370]

Processing phenotype [ENSG00000148655.9] [29/205]
  * #variants in cis = 11
  * Best hit: [id=10_internal_11963, d=0, pv=0.0131293, s=0.1877]

Processing phenotype [ENSG00000268659.1] [30/205]
  * #variants in cis = 10
  * Best hit: [id=10_internal_11963, d=0, pv=0.000742307, s=0.2518]

Processing phenotype [ENSG00000213513.3] [31/205]
  * #variants in cis = 8
  * Best hit: [id=10_internal_12125, d=-52856, pv=0.000613213, s=0.2617]

Processing phenotype [ENSG00000228748.2] [32/205]
  * #variants in cis = 8
  * Best hit: [id=10_internal_12125, d=51866, pv=5.31296e-15, s=0.5542]

Processing phenotype [ENSG00000151208.11] [33/205]
  * #variants in cis = 8
  * Best hit: [id=10_internal_12125, d=79438, pv=3.36424e-13, s=0.5245]

Processing phenotype [ENSG00000148606.7] [34/205]
  * #variants in cis = 9
  * Best hit: [id=10_internal_10743, d=-185799, pv=0.205716, s=0.0963]

Processing phenotype [ENSG00000138326.13] [35/205]
  * #variants in cis = 9
  * Best hit: [id=10_internal_10743, d=181584, pv=0.0369005, s=-0.1618]

Processing phenotype [ENSG00000230417.4] [36/205]
  * #variants in cis = 13
  * Best hit: [id=10_internal_7733, d=992432, pv=0.000680437, s=0.2654]

Processing phenotype [ENSG00000227136.2] [37/205]
  * #variants in cis = 13
  * Best hit: [id=10_internal_9255, d=912198, pv=0.015079, s=0.1913]

Processing phenotype [ENSG00000229569.1] [38/205]
  * #variants in cis = 13
  * Best hit: [id=10_internal_9255, d=-175723, pv=0.0708635, s=-0.1363]

Processing phenotype [ENSG00000108175.12] [39/205]
  * #variants in cis = 13
  * Best hit: [id=10_internal_7733, d=172137, pv=6.54279e-05, s=0.3029]

Processing phenotype [ENSG00000224596.1] [40/205]
  * #variants in cis = 13
  * Best hit: [id=10_internal_10884, d=0, pv=0.062867, s=0.1413]

Processing phenotype [ENSG00000108179.8] [41/205]
  * #variants in cis = 14
  * Best hit: [id=10_internal_7733, d=-46816, pv=0.000230636, s=0.2867]

Processing phenotype [ENSG00000235426.1] [42/205]
  * #variants in cis = 14
  * Best hit: [id=10_internal_12820, d=0, pv=1.47887e-08, s=0.4120]

Processing phenotype [ENSG00000165424.6] [43/205]
  * #variants in cis = 15
  * Best hit: [id=10_internal_12820, d=0, pv=4.20921e-15, s=0.5359]

Processing phenotype [ENSG00000244733.1] [44/205]
  * #variants in cis = 18
  * Best hit: [id=10_internal_9526, d=281210, pv=0.00976854, s=0.1993]

Processing phenotype [ENSG00000224886.1] [45/205]
  * #variants in cis = 18
  * Best hit: [id=10_internal_7733, d=384330, pv=0.00431305, s=-0.2140]

Processing phenotype [ENSG00000188199.5] [46/205]
  * #variants in cis = 18
  * Best hit: [id=10_internal_12835, d=428981, pv=0.00464021, s=0.2149]

Processing phenotype [ENSG00000226381.2] [47/205]
  * #variants in cis = 16
  * Best hit: [id=10_internal_9526, d=-155550, pv=0.00416341, s=0.2262]

Processing phenotype [ENSG00000225484.2] [48/205]
  * #variants in cis = 16
  * Best hit: [id=10_internal_9526, d=-115505, pv=0.00030461, s=0.2750]

Processing phenotype [ENSG00000224428.2] [49/205]
  * #variants in cis = 16
  * Best hit: [id=10_internal_10884, d=-674180, pv=0.0419203, s=-0.1587]

Processing phenotype [ENSG00000133678.9] [50/205]
  * #variants in cis = 15
  * Best hit: [id=10_internal_7832, d=376314, pv=0.0135688, s=-0.1967]

Processing phenotype [ENSG00000189129.8] [51/205]
  * #variants in cis = 15
  * Best hit: [id=10_internal_10248, d=255819, pv=0.00185803, s=0.2327]

Processing phenotype [ENSG00000122359.12] [52/205]
  * #variants in cis = 12
  * Best hit: [id=10_internal_7786, d=-316714, pv=0.00159462, s=-0.2494]

Processing phenotype [ENSG00000108219.8] [53/205]
  * #variants in cis = 9
  * Best hit: [id=10_internal_10248, d=-24127, pv=0.00087967, s=-0.2555]

Processing phenotype [ENSG00000226659.1] [54/205]
  * #variants in cis = 8
  * Best hit: [id=10_internal_7786, d=0, pv=0.0178875, s=0.1791]

Processing phenotype [ENSG00000178217.8] [55/205]
  * #variants in cis = 8
  * Best hit: [id=10_internal_7786, d=-527, pv=0.0310064, s=0.1686]

Processing phenotype [ENSG00000165678.14] [56/205]
  * #variants in cis = 1
  * Best hit: [id=10_internal_8386, d=168799, pv=0.749946, s=-0.0242]

Processing phenotype [ENSG00000107771.11] [57/205]
  * #variants in cis = 1
  * Best hit: [id=10_internal_8386, d=0, pv=0.0027123, s=0.2358]

Processing phenotype [ENSG00000233189.1] [58/205]
  * #variants in cis = 1
  * Best hit: [id=10_internal_8386, d=0, pv=0.13009, s=0.1198]

Processing phenotype [ENSG00000225423.1] [59/205]
  * #variants in cis = 1
  * Best hit: [id=10_internal_8386, d=0, pv=0.11554, s=0.1246]

Processing phenotype [ENSG00000225928.2] [60/205]
  * #variants in cis = 1
  * Best hit: [id=10_internal_8386, d=30589, pv=0.423427, s=0.0614]

Processing phenotype [ENSG00000212332.1] [61/205]
  * #variants in cis = 7
  * Best hit: [id=10_internal_9852, d=-36940, pv=0.00648984, s=0.2038]

Processing phenotype [ENSG00000062650.12] [62/205]
  * #variants in cis = 7
  * Best hit: [id=10_internal_8773, d=153751, pv=0.0411754, s=0.1583]

Processing phenotype [ENSG00000240475.1] [63/205]
  * #variants in cis = 11
  * Best hit: [id=10_internal_11777, d=0, pv=0.0687662, s=-0.1416]

Processing phenotype [ENSG00000148672.7] [64/205]
  * #variants in cis = 11
  * Best hit: [id=10_internal_10865, d=536043, pv=0.0131701, s=-0.1906]

Processing phenotype [ENSG00000122376.6] [65/205]
  * #variants in cis = 11
  * Best hit: [id=10_internal_8803, d=966297, pv=0.0173929, s=0.1867]

Processing phenotype [ENSG00000184923.7] [66/205]
  * #variants in cis = 12
  * Best hit: [id=10_internal_10508, d=0, pv=0.000240197, s=0.2754]

Processing phenotype [ENSG00000223482.1] [67/205]
  * #variants in cis = 13
  * Best hit: [id=10_internal_10508, d=0, pv=7.16324e-20, s=0.6248]

Processing phenotype [ENSG00000224914.1] [68/205]
  * #variants in cis = 13
  * Best hit: [id=10_internal_10508, d=0, pv=6.54517e-05, s=0.2960]

Processing phenotype [ENSG00000214562.6] [69/205]
  * #variants in cis = 13
  * Best hit: [id=10_internal_10508, d=-12753, pv=2.13937e-07, s=0.3733]

Processing phenotype [ENSG00000198682.8] [70/205]
  * #variants in cis = 14
  * Best hit: [id=10_internal_12062, d=0, pv=0.0208306, s=0.1784]

Processing phenotype [ENSG00000223820.5] [71/205]
  * #variants in cis = 15
  * Best hit: [id=10_internal_8952, d=937654, pv=0.0642864, s=0.1466]

Processing phenotype [ENSG00000138138.8] [72/205]
  * #variants in cis = 17
  * Best hit: [id=10_internal_12062, d=78741, pv=0.101143, s=0.1228]

Processing phenotype [ENSG00000171862.5] [73/205]
  * #variants in cis = 17
  * Best hit: [id=10_internal_9652, d=593331, pv=0.0985779, s=0.1290]

Processing phenotype [ENSG00000227268.3] [74/205]
  * #variants in cis = 17
  * Best hit: [id=10_internal_8803, d=-198056, pv=0.0359361, s=0.1684]

Processing phenotype [ENSG00000224745.1] [75/205]
  * #variants in cis = 17
  * Best hit: [id=10_internal_8803, d=182801, pv=0.0193383, s=0.1807]

Processing phenotype [ENSG00000213613.2] [76/205]
  * #variants in cis = 16
  * Best hit: [id=10_internal_8803, d=115991, pv=0.177373, s=0.1028]

Processing phenotype [ENSG00000227905.1] [77/205]
  * #variants in cis = 17
  * Best hit: [id=10_internal_11777, d=916896, pv=0.0284911, s=-0.1740]

Processing phenotype [ENSG00000184719.7] [78/205]
  * #variants in cis = 16
  * Best hit: [id=10_internal_8570, d=87427, pv=0.0186938, s=0.1827]

Processing phenotype [ENSG00000204022.5] [79/205]
  * #variants in cis = 16
  * Best hit: [id=10_internal_8952, d=168829, pv=0.00615932, s=0.2061]

Processing phenotype [ENSG00000182333.9] [80/205]
  * #variants in cis = 16
  * Best hit: [id=10_internal_8952, d=91141, pv=0.0535331, s=0.1523]

Processing phenotype [ENSG00000204021.3] [81/205]
  * #variants in cis = 16
  * Best hit: [id=10_internal_9652, d=-263634, pv=0.0226615, s=-0.1696]

Processing phenotype [ENSG00000226358.1] [82/205]
  * #variants in cis = 16
  * Best hit: [id=10_internal_8778, d=-317305, pv=0.0415827, s=-0.1524]

Processing phenotype [ENSG00000204020.4] [83/205]
  * #variants in cis = 16
  * Best hit: [id=10_internal_8952, d=0, pv=9.13366e-24, s=0.6889]

Processing phenotype [ENSG00000235150.1] [84/205]
  * #variants in cis = 15
  * Best hit: [id=10_internal_8952, d=19580, pv=0.000614418, s=0.2676]

Processing phenotype [ENSG00000173239.8] [85/205]
  * #variants in cis = 15
  * Best hit: [id=10_internal_9652, d=-341987, pv=0.0292061, s=-0.1696]

Processing phenotype [ENSG00000152766.5] [86/205]
  * #variants in cis = 16
  * Best hit: [id=10_internal_10287, d=723779, pv=0.0573724, s=0.1478]

Processing phenotype [ENSG00000138134.7] [87/205]
  * #variants in cis = 16
  * Best hit: [id=10_internal_10287, d=-751695, pv=0.0103023, s=0.2047]

Processing phenotype [ENSG00000180139.9] [88/205]
  * #variants in cis = 16
  * Best hit: [id=10_internal_12496, d=0, pv=6.12974e-07, s=0.3691]

Processing phenotype [ENSG00000026103.15] [89/205]
  * #variants in cis = 16
  * Best hit: [id=10_internal_12496, d=0, pv=3.27765e-08, s=0.4051]

Processing phenotype [ENSG00000107796.8] [90/205]
  * #variants in cis = 16
  * Best hit: [id=10_internal_12496, d=0, pv=3.95468e-11, s=0.4933]

Processing phenotype [ENSG00000261438.1] [91/205]
  * #variants in cis = 16
  * Best hit: [id=10_internal_12496, d=-12553, pv=2.32208e-06, s=0.3492]

Processing phenotype [ENSG00000238991.1] [92/205]
  * #variants in cis = 15
  * Best hit: [id=10_internal_12496, d=57848, pv=0.0467383, s=0.1511]

Processing phenotype [ENSG00000232110.2] [93/205]
  * #variants in cis = 11
  * Best hit: [id=10_internal_11618, d=0, pv=0.00402321, s=0.2217]

Processing phenotype [ENSG00000119922.7] [94/205]
  * #variants in cis = 11
  * Best hit: [id=10_internal_9652, d=-841045, pv=0.0447856, s=0.1601]

Processing phenotype [ENSG00000119917.9] [95/205]
  * #variants in cis = 11
  * Best hit: [id=10_internal_9652, d=-866984, pv=0.0222321, s=0.1817]

Processing phenotype [ENSG00000224289.1] [96/205]
  * #variants in cis = 11
  * Best hit: [id=10_internal_12036, d=0, pv=0.0259945, s=0.1818]

Processing phenotype [ENSG00000204010.3] [97/205]
  * #variants in cis = 11
  * Best hit: [id=10_internal_11618, d=0, pv=6.69801e-05, s=0.3128]

Processing phenotype [ENSG00000185745.8] [98/205]
  * #variants in cis = 11
  * Best hit: [id=10_internal_9652, d=-931636, pv=0.00942601, s=0.2067]

Processing phenotype [ENSG00000152778.7] [99/205]
  * #variants in cis = 10
  * Best hit: [id=10_internal_9652, d=-953676, pv=0.0375624, s=0.1634]

Processing phenotype [ENSG00000107798.12] [100/205]
  * #variants in cis = 10
  * Best hit: [id=10_internal_9652, d=953715, pv=0.08151, s=0.1390]

Processing phenotype [ENSG00000152779.12] [101/205]
  * #variants in cis = 8
  * Best hit: [id=10_internal_12036, d=6839, pv=0.007852, s=0.2060]

Processing phenotype [ENSG00000138182.9] [102/205]
  * #variants in cis = 7
  * Best hit: [id=10_internal_9058, d=-834958, pv=0.0184089, s=0.1826]

Processing phenotype [ENSG00000148688.7] [103/205]
  * #variants in cis = 3
  * Best hit: [id=10_internal_9644, d=-81563, pv=0.00847939, s=0.1987]

Processing phenotype [ENSG00000180628.10] [104/205]
  * #variants in cis = 3
  * Best hit: [id=10_internal_10056, d=0, pv=0.000112977, s=0.2995]

Processing phenotype [ENSG00000165338.11] [105/205]
  * #variants in cis = 3
  * Best hit: [id=10_internal_9644, d=-620186, pv=0.0215485, s=0.1760]

Processing phenotype [ENSG00000228701.1] [106/205]
  * #variants in cis = 4
  * Best hit: [id=10_internal_7921, d=-260435, pv=0.184689, s=-0.1049]

Processing phenotype [ENSG00000107854.5] [107/205]
  * #variants in cis = 4
  * Best hit: [id=10_internal_10056, d=-571559, pv=0.0081651, s=0.2082]

Processing phenotype [ENSG00000180581.6] [108/205]
  * #variants in cis = 4
  * Best hit: [id=10_internal_7921, d=-251230, pv=0.322174, s=-0.0795]

Processing phenotype [ENSG00000095564.9] [109/205]
  * #variants in cis = 4
  * Best hit: [id=10_internal_12239, d=823068, pv=0.0930609, s=-0.1345]

Processing phenotype [ENSG00000214549.2] [110/205]
  * #variants in cis = 6
  * Best hit: [id=10_internal_12239, d=628173, pv=0.143166, s=0.1186]

Processing phenotype [ENSG00000213484.2] [111/205]
  * #variants in cis = 6
  * Best hit: [id=10_internal_12239, d=609962, pv=0.147493, s=0.1148]

Processing phenotype [ENSG00000221042.1] [112/205]
  * #variants in cis = 6
  * Best hit: [id=10_internal_10056, d=977553, pv=0.00510729, s=0.2184]

Processing phenotype [ENSG00000105988.6] [113/205]
  * #variants in cis = 6
  * Best hit: [id=10_internal_12239, d=530505, pv=0.168654, s=-0.1075]

Processing phenotype [ENSG00000107864.8] [114/205]
  * #variants in cis = 5
  * Best hit: [id=10_internal_7921, d=207346, pv=0.111475, s=0.1280]

Processing phenotype [ENSG00000198060.4] [115/205]
  * #variants in cis = 5
  * Best hit: [id=10_internal_7921, d=-207422, pv=0.262718, s=0.0877]

Processing phenotype [ENSG00000202297.1] [116/205]
  * #variants in cis = 5
  * Best hit: [id=10_internal_7921, d=-250722, pv=0.220332, s=-0.0970]

Processing phenotype [ENSG00000119912.10] [117/205]
  * #variants in cis = 10
  * Best hit: [id=10_internal_9221, d=-123196, pv=0.023181, s=0.1766]

Processing phenotype [ENSG00000138160.4] [118/205]
  * #variants in cis = 10
  * Best hit: [id=10_internal_11543, d=920314, pv=0.0236656, s=-0.1764]

Processing phenotype [ENSG00000236493.1] [119/205]
  * #variants in cis = 10
  * Best hit: [id=10_internal_9914, d=-793118, pv=0.280126, s=-0.0850]

Processing phenotype [ENSG00000152804.6] [120/205]
  * #variants in cis = 10
  * Best hit: [id=10_internal_9221, d=9084, pv=0.00267273, s=0.2363]

Processing phenotype [ENSG00000138190.12] [121/205]
  * #variants in cis = 11
  * Best hit: [id=10_internal_9857, d=284156, pv=0.0186686, s=-0.1814]

Processing phenotype [ENSG00000225118.1] [122/205]
  * #variants in cis = 11
  * Best hit: [id=10_internal_9221, d=85873, pv=0.0997042, s=0.1275]

Processing phenotype [ENSG00000226425.1] [123/205]
  * #variants in cis = 11
  * Best hit: [id=10_internal_9392, d=-641003, pv=0.140583, s=0.1141]

Processing phenotype [ENSG00000187553.5] [124/205]
  * #variants in cis = 11
  * Best hit: [id=10_internal_11543, d=452336, pv=0.0029612, s=0.2316]

Processing phenotype [ENSG00000138180.11] [125/205]
  * #variants in cis = 11
  * Best hit: [id=10_internal_11016, d=-105043, pv=0.00190926, s=-0.2476]

Processing phenotype [ENSG00000095464.8] [126/205]
  * #variants in cis = 11
  * Best hit: [id=10_internal_8340, d=-129057, pv=0.340984, s=-0.0744]

Processing phenotype [ENSG00000148690.10] [127/205]
  * #variants in cis = 11
  * Best hit: [id=10_internal_11543, d=84132, pv=0.0705242, s=0.1423]

Processing phenotype [ENSG00000180764.11] [128/205]
  * #variants in cis = 9
  * Best hit: [id=10_internal_11016, d=569951, pv=0.147495, s=0.1166]

Processing phenotype [ENSG00000173145.7] [129/205]
  * #variants in cis = 7
  * Best hit: [id=10_internal_9914, d=890588, pv=0.154939, s=0.1116]

Processing phenotype [ENSG00000119969.10] [130/205]
  * #variants in cis = 3
  * Best hit: [id=10_internal_11973, d=-118288, pv=0.299807, s=-0.0808]

Processing phenotype [ENSG00000107438.4] [131/205]
  * #variants in cis = 9
  * Best hit: [id=10_internal_10059, d=-519738, pv=0.159427, s=0.1074]

Processing phenotype [ENSG00000095637.13] [132/205]
  * #variants in cis = 9
  * Best hit: [id=10_internal_12471, d=-218885, pv=0.227514, s=-0.0925]

Processing phenotype [ENSG00000119977.14] [133/205]
  * #variants in cis = 10
  * Best hit: [id=10_internal_11586, d=-20142, pv=0.000281855, s=0.2923]

Processing phenotype [ENSG00000138185.11] [134/205]
  * #variants in cis = 10
  * Best hit: [id=10_internal_11586, d=20080, pv=3.16217e-07, s=0.3872]

Processing phenotype [ENSG00000240527.1] [135/205]
  * #variants in cis = 10
  * Best hit: [id=10_internal_11586, d=0, pv=2.17622e-08, s=0.4298]

Processing phenotype [ENSG00000173088.7] [136/205]
  * #variants in cis = 10
  * Best hit: [id=10_internal_11586, d=-17602, pv=3.45538e-06, s=0.3554]

Processing phenotype [ENSG00000188649.6] [137/205]
  * #variants in cis = 10
  * Best hit: [id=10_internal_11586, d=-107041, pv=1.06193e-08, s=0.4288]

Processing phenotype [ENSG00000227805.1] [138/205]
  * #variants in cis = 10
  * Best hit: [id=10_internal_10430, d=-235182, pv=0.0289143, s=0.1743]

Processing phenotype [ENSG00000107443.10] [139/205]
  * #variants in cis = 10
  * Best hit: [id=10_internal_8303, d=45997, pv=7.63048e-06, s=0.3500]

Processing phenotype [ENSG00000226688.1] [140/205]
  * #variants in cis = 10
  * Best hit: [id=10_internal_11586, d=247292, pv=2.32363e-06, s=0.3625]

Processing phenotype [ENSG00000177853.10] [141/205]
  * #variants in cis = 10
  * Best hit: [id=10_internal_8303, d=0, pv=3.50732e-05, s=0.3249]

Processing phenotype [ENSG00000235677.1] [142/205]
  * #variants in cis = 13
  * Best hit: [id=10_internal_9407, d=-251600, pv=0.145823, s=0.1112]

Processing phenotype [ENSG00000077147.10] [143/205]
  * #variants in cis = 13
  * Best hit: [id=10_internal_8303, d=456208, pv=0.0331353, s=-0.1675]

Processing phenotype [ENSG00000202047.1] [144/205]
  * #variants in cis = 13
  * Best hit: [id=10_internal_8303, d=-488132, pv=0.0252417, s=0.1717]

Processing phenotype [ENSG00000227032.1] [145/205]
  * #variants in cis = 13
  * Best hit: [id=10_internal_9272, d=-59269, pv=0.0148488, s=0.1914]

Processing phenotype [ENSG00000155629.9] [146/205]
  * #variants in cis = 16
  * Best hit: [id=10_internal_9272, d=0, pv=0.000275146, s=0.2775]

Processing phenotype [ENSG00000196233.6] [147/205]
  * #variants in cis = 16
  * Best hit: [id=10_internal_9272, d=-110322, pv=0.00305662, s=0.2283]

Processing phenotype [ENSG00000232875.1] [148/205]
  * #variants in cis = 13
  * Best hit: [id=10_internal_10430, d=655967, pv=0.158504, s=-0.1083]

Processing phenotype [ENSG00000155640.5] [149/205]
  * #variants in cis = 12
  * Best hit: [id=10_internal_9272, d=-259346, pv=0.0181328, s=0.1848]

Processing phenotype [ENSG00000231025.1] [150/205]
  * #variants in cis = 12
  * Best hit: [id=10_internal_9272, d=-270512, pv=0.00258533, s=0.2314]

Processing phenotype [ENSG00000234855.1] [151/205]
  * #variants in cis = 12
  * Best hit: [id=10_internal_8303, d=-971512, pv=0.034489, s=-0.1613]

Processing phenotype [ENSG00000187122.10] [152/205]
  * #variants in cis = 10
  * Best hit: [id=10_internal_12322, d=-490887, pv=0.0251427, s=0.1772]

Processing phenotype [ENSG00000231398.1] [153/205]
  * #variants in cis = 10
  * Best hit: [id=10_internal_11472, d=2713, pv=0.00246224, s=0.2373]

Processing phenotype [ENSG00000213390.5] [154/205]
  * #variants in cis = 10
  * Best hit: [id=10_internal_11472, d=0, pv=4.75938e-09, s=0.4425]

Processing phenotype [ENSG00000237169.1] [155/205]
  * #variants in cis = 9
  * Best hit: [id=10_internal_8749, d=-338196, pv=0.0646291, s=0.1448]

Processing phenotype [ENSG00000165879.7] [156/205]
  * #variants in cis = 10
  * Best hit: [id=10_internal_11472, d=0, pv=3.13112e-06, s=0.3314]

Processing phenotype [ENSG00000225850.1] [157/205]
  * #variants in cis = 10
  * Best hit: [id=10_internal_11472, d=0, pv=0.0652737, s=0.1396]

Processing phenotype [ENSG00000181274.5] [158/205]
  * #variants in cis = 10
  * Best hit: [id=10_internal_11472, d=0, pv=0.000378414, s=0.2692]

Processing phenotype [ENSG00000231508.1] [159/205]
  * #variants in cis = 11
  * Best hit: [id=10_internal_11472, d=0, pv=0.00456334, s=0.2200]

Processing phenotype [ENSG00000231970.1] [160/205]
  * #variants in cis = 11
  * Best hit: [id=10_internal_11472, d=0, pv=1.1083e-07, s=0.3966]

Processing phenotype [ENSG00000052749.9] [161/205]
  * #variants in cis = 11
  * Best hit: [id=10_internal_11472, d=0, pv=5.06223e-09, s=0.4190]

Processing phenotype [ENSG00000200737.1] [162/205]
  * #variants in cis = 11
  * Best hit: [id=10_internal_9270, d=-119953, pv=0.0919808, s=0.1286]

Processing phenotype [ENSG00000224474.2] [163/205]
  * #variants in cis = 11
  * Best hit: [id=10_internal_12322, d=-250733, pv=0.0775516, s=0.1399]

Processing phenotype [ENSG00000171314.7] [164/205]
  * #variants in cis = 11
  * Best hit: [id=10_internal_8515, d=-34663, pv=0.0947917, s=0.1248]

Processing phenotype [ENSG00000171311.7] [165/205]
  * #variants in cis = 10
  * Best hit: [id=10_internal_8749, d=-202137, pv=0.413974, s=0.0636]

Processing phenotype [ENSG00000171307.13] [166/205]
  * #variants in cis = 10
  * Best hit: [id=10_internal_8349, d=201064, pv=0.0686031, s=0.1432]

Processing phenotype [ENSG00000155229.14] [167/205]
  * #variants in cis = 10
  * Best hit: [id=10_internal_11472, d=83390, pv=0.0783694, s=0.1360]

Processing phenotype [ENSG00000165886.4] [168/205]
  * #variants in cis = 10
  * Best hit: [id=10_internal_8749, d=149286, pv=0.188509, s=-0.0990]

Processing phenotype [ENSG00000165887.7] [169/205]
  * #variants in cis = 10
  * Best hit: [id=10_internal_8969, d=776686, pv=0.0118648, s=0.1947]

Processing phenotype [ENSG00000155252.12] [170/205]
  * #variants in cis = 10
  * Best hit: [id=10_internal_8749, d=63780, pv=0.251985, s=-0.0926]

Processing phenotype [ENSG00000249967.1] [171/205]
  * #variants in cis = 10
  * Best hit: [id=10_internal_9270, d=-11622, pv=0.191393, s=0.1049]

Processing phenotype [ENSG00000119986.6] [172/205]
  * #variants in cis = 10
  * Best hit: [id=10_internal_8749, d=0, pv=0.147271, s=-0.1159]

Processing phenotype [ENSG00000155256.12] [173/205]
  * #variants in cis = 9
  * Best hit: [id=10_internal_8349, d=-83112, pv=0.118203, s=-0.1164]

Processing phenotype [ENSG00000120057.4] [174/205]
  * #variants in cis = 9
  * Best hit: [id=10_internal_12322, d=52079, pv=0.0417234, s=-0.1639]

Processing phenotype [ENSG00000166024.8] [175/205]
  * #variants in cis = 9
  * Best hit: [id=10_internal_11472, d=-719226, pv=0.178082, s=-0.1044]

Processing phenotype [ENSG00000230928.1] [176/205]
  * #variants in cis = 9
  * Best hit: [id=10_internal_8349, d=-598014, pv=0.304582, s=-0.0797]

Processing phenotype [ENSG00000138131.3] [177/205]
  * #variants in cis = 9
  * Best hit: [id=10_internal_11472, d=852846, pv=0.14052, s=-0.1146]

Processing phenotype [ENSG00000119943.6] [178/205]
  * #variants in cis = 8
  * Best hit: [id=10_internal_8749, d=724615, pv=0.0619076, s=0.1477]

Processing phenotype [ENSG00000264610.1] [179/205]
  * #variants in cis = 7
  * Best hit: [id=10_internal_12322, d=711487, pv=0.0908401, s=0.1292]

Processing phenotype [ENSG00000107521.14] [180/205]
  * #variants in cis = 7
  * Best hit: [id=10_internal_8771, d=181884, pv=0.147844, s=-0.1138]

Processing phenotype [ENSG00000120053.9] [181/205]
  * #variants in cis = 7
  * Best hit: [id=10_internal_9769, d=-89324, pv=0.0321006, s=0.1648]

Processing phenotype [ENSG00000155287.5] [182/205]
  * #variants in cis = 7
  * Best hit: [id=10_internal_10646, d=-300121, pv=0.0433436, s=0.1523]

Processing phenotype [ENSG00000260475.1] [183/205]
  * #variants in cis = 7
  * Best hit: [id=10_internal_11184, d=0, pv=0.0462329, s=0.1594]

Processing phenotype [ENSG00000198018.6] [184/205]
  * #variants in cis = 7
  * Best hit: [id=10_internal_11184, d=0, pv=0.0443057, s=0.1580]

Processing phenotype [ENSG00000233690.1] [185/205]
  * #variants in cis = 7
  * Best hit: [id=10_internal_12272, d=-627542, pv=0.00609735, s=0.2142]

Processing phenotype [ENSG00000119929.8] [186/205]
  * #variants in cis = 7
  * Best hit: [id=10_internal_10269, d=60743, pv=0.0281507, s=0.1702]

Processing phenotype [ENSG00000014919.7] [187/205]
  * #variants in cis = 7
  * Best hit: [id=10_internal_10299, d=-434871, pv=0.136062, s=-0.1161]

Processing phenotype [ENSG00000023839.6] [188/205]
  * #variants in cis = 7
  * Best hit: [id=10_internal_10269, d=-2360, pv=0.00718978, s=0.2080]

Processing phenotype [ENSG00000227695.1] [189/205]
  * #variants in cis = 7
  * Best hit: [id=10_internal_10646, d=0, pv=3.82129e-06, s=0.3566]

Processing phenotype [ENSG00000107554.11] [190/205]
  * #variants in cis = 7
  * Best hit: [id=10_internal_10646, d=0, pv=2.33481e-08, s=0.4161]

Processing phenotype [ENSG00000107566.9] [191/205]
  * #variants in cis = 8
  * Best hit: [id=10_internal_10646, d=177145, pv=0.0484998, s=0.1547]

Processing phenotype [ENSG00000236308.1] [192/205]
  * #variants in cis = 8
  * Best hit: [id=10_internal_10269, d=-409664, pv=0.0873391, s=0.1346]

Processing phenotype [ENSG00000213341.6] [193/205]
  * #variants in cis = 8
  * Best hit: [id=10_internal_10269, d=449247, pv=0.0352815, s=0.1661]

Processing phenotype [ENSG00000227492.1] [194/205]
  * #variants in cis = 8
  * Best hit: [id=10_internal_11184, d=-546606, pv=0.0819032, s=-0.1334]

Processing phenotype [ENSG00000212464.1] [195/205]
  * #variants in cis = 8
  * Best hit: [id=10_internal_10299, d=60732, pv=0.227572, s=0.0997]

Processing phenotype [ENSG00000230224.1] [196/205]
  * #variants in cis = 8
  * Best hit: [id=10_internal_9769, d=-706918, pv=0.0897817, s=0.1307]

Processing phenotype [ENSG00000207362.1] [197/205]
  * #variants in cis = 8
  * Best hit: [id=10_internal_11848, d=872383, pv=0.0124645, s=-0.1960]

Processing phenotype [ENSG00000095485.11] [198/205]
  * #variants in cis = 8
  * Best hit: [id=10_internal_11184, d=584619, pv=0.0955194, s=-0.1270]

Processing phenotype [ENSG00000196072.7] [199/205]
  * #variants in cis = 8
  * Best hit: [id=10_internal_8677, d=672067, pv=0.480711, s=0.0559]

Processing phenotype [ENSG00000099194.4] [200/205]
  * #variants in cis = 8
  * Best hit: [id=10_internal_12272, d=0, pv=0.0358972, s=0.1628]

Processing phenotype [ENSG00000256545.1] [201/205]
  * #variants in cis = 8
  * Best hit: [id=10_internal_11184, d=-678579, pv=0.165137, s=-0.1080]

Processing phenotype [ENSG00000075290.7] [202/205]
  * #variants in cis = 8
  * Best hit: [id=10_internal_11184, d=-779980, pv=0.0361909, s=-0.1639]

Processing phenotype [ENSG00000166135.7] [203/205]
  * #variants in cis = 8
  * Best hit: [id=10_internal_12272, d=-15634, pv=0.0445738, s=0.1565]

Processing phenotype [ENSG00000075826.11] [204/205]
  * #variants in cis = 8
  * Best hit: [id=10_internal_12272, d=16433, pv=0.154754, s=0.1082]

Processing phenotype [ENSG00000255339.2] [205/205]
  * #variants in cis = 8
  * Best hit: [id=10_internal_8677, d=915236, pv=0.0108955, s=0.1946]

Running time: 1 seconds
