Sender: LSF System <lsfadmin@cpt05>
Subject: Job 971665: </data/unige/funpopgen/odelanea/SGX/V2/binaries/qtltools/bin/QTLtools cis --vcf /data/unige/funpopgen/grey2/SYSCID/BLUEPRINT_DATA/CRD/THREE_CELL_TYPES/CLOMICS/CELL_TYPE_COMPARISON_GENE_CRD_ASSOCIATIONS/quantify/70_vs_72_ALL.ALLchr.mean.txt.gz --bed /data/unige/funpopgen/grey2/SYSCID/BLUEPRINT_DATA/CRD/THREE_CELL_TYPES/QTL_TOOLS/EGAD00001002675_v3.0/EGAD00001002675_RNA.PC10.bed.gz --nominal /data/unige/funpopgen/grey2/SYSCID/BLUEPRINT_DATA/CRD/THREE_CELL_TYPES/CLOMICS/CELL_TYPE_COMPARISON_GENE_CRD_ASSOCIATIONS/mapping_aCRD_gene/70_vs_72/gene_CRD_mean_permutations.thresholds.txt --chunk 16 100 --out /data/unige/funpopgen/grey2/SYSCID/BLUEPRINT_DATA/CRD/THREE_CELL_TYPES/CLOMICS/CELL_TYPE_COMPARISON_GENE_CRD_ASSOCIATIONS/mapping_aCRD_gene/70_vs_72/mapping_gene_CRD_mean_chunk16\.txt> in cluster <ug> Done

Job </data/unige/funpopgen/odelanea/SGX/V2/binaries/qtltools/bin/QTLtools cis --vcf /data/unige/funpopgen/grey2/SYSCID/BLUEPRINT_DATA/CRD/THREE_CELL_TYPES/CLOMICS/CELL_TYPE_COMPARISON_GENE_CRD_ASSOCIATIONS/quantify/70_vs_72_ALL.ALLchr.mean.txt.gz --bed /data/unige/funpopgen/grey2/SYSCID/BLUEPRINT_DATA/CRD/THREE_CELL_TYPES/QTL_TOOLS/EGAD00001002675_v3.0/EGAD00001002675_RNA.PC10.bed.gz --nominal /data/unige/funpopgen/grey2/SYSCID/BLUEPRINT_DATA/CRD/THREE_CELL_TYPES/CLOMICS/CELL_TYPE_COMPARISON_GENE_CRD_ASSOCIATIONS/mapping_aCRD_gene/70_vs_72/gene_CRD_mean_permutations.thresholds.txt --chunk 16 100 --out /data/unige/funpopgen/grey2/SYSCID/BLUEPRINT_DATA/CRD/THREE_CELL_TYPES/CLOMICS/CELL_TYPE_COMPARISON_GENE_CRD_ASSOCIATIONS/mapping_aCRD_gene/70_vs_72/mapping_gene_CRD_mean_chunk16\.txt> was submitted from host <cpt01> by user <grey2> in cluster <ug>.
Job was executed on host(s) <cpt05>, in queue <normal>, as user <grey2> in cluster <ug>.
</home/grey2> was used as the home directory.
</data/unige/funpopgen/grey2/SYSCID/BLUEPRINT_DATA/CRD/THREE_CELL_TYPES/CLOMICS/CELL_TYPE_COMPARISON_GENE_CRD_ASSOCIATIONS> was used as the working directory.
Started at Fri Mar 15 14:09:07 2019
Results reported at Fri Mar 15 14:09:09 2019

Your job looked like:

------------------------------------------------------------
# LSBATCH: User input
/data/unige/funpopgen/odelanea/SGX/V2/binaries/qtltools/bin/QTLtools cis --vcf /data/unige/funpopgen/grey2/SYSCID/BLUEPRINT_DATA/CRD/THREE_CELL_TYPES/CLOMICS/CELL_TYPE_COMPARISON_GENE_CRD_ASSOCIATIONS/quantify/70_vs_72_ALL.ALLchr.mean.txt.gz --bed /data/unige/funpopgen/grey2/SYSCID/BLUEPRINT_DATA/CRD/THREE_CELL_TYPES/QTL_TOOLS/EGAD00001002675_v3.0/EGAD00001002675_RNA.PC10.bed.gz --nominal /data/unige/funpopgen/grey2/SYSCID/BLUEPRINT_DATA/CRD/THREE_CELL_TYPES/CLOMICS/CELL_TYPE_COMPARISON_GENE_CRD_ASSOCIATIONS/mapping_aCRD_gene/70_vs_72/gene_CRD_mean_permutations.thresholds.txt --chunk 16 100 --out /data/unige/funpopgen/grey2/SYSCID/BLUEPRINT_DATA/CRD/THREE_CELL_TYPES/CLOMICS/CELL_TYPE_COMPARISON_GENE_CRD_ASSOCIATIONS/mapping_aCRD_gene/70_vs_72/mapping_gene_CRD_mean_chunk16\.txt

------------------------------------------------------------

Successfully completed.

Resource usage summary:

    CPU time :               1.34 sec.
    Max Memory :             13.33 MB
    Average Memory :         13.33 MB
    Total Requested Memory : -
    Delta Memory :           -
    (Delta: the difference between total requested memory and actual max usage.)
    Max Swap :               346 MB

    Max Processes :          4
    Max Threads :            5

The output (if any) follows:


[32mQTLtools[0m
  * Authors : Olivier DELANEAU / Halit ONGEN / Emmanouil DERMITZAKIS
  * Contact : olivier.delaneau@gmail.com / halit.ongen@unige.ch / Emmanouil.Dermitzakis@unige.ch
  * Webpage : https://qtltools.github.io/qtltools/
  * Version : 1.1
  * Date    : 15/03/2019 - 14:09:08
  * Citation: A complete tool set for molecular QTL discovery and analysis, https://doi.org/10.1101/068635

[32mMAPPING QTL IN CIS[0m
  * TASK: Report all nominal associations with p below thresholds in [/data/unige/funpopgen/grey2/SYSCID/BLUEPRINT_DATA/CRD/THREE_CELL_TYPES/CLOMICS/CELL_TYPE_COMPARISON_GENE_CRD_ASSOCIATIONS/mapping_aCRD_gene/70_vs_72/gene_CRD_mean_permutations.thresholds.txt]
  * Linear model: Phe ~ Var
  * Cis-window size is 1000000 bp
  * Chunk = [16/100]

Scanning phenotype data in [/data/unige/funpopgen/grey2/SYSCID/BLUEPRINT_DATA/CRD/THREE_CELL_TYPES/QTL_TOOLS/EGAD00001002675_v3.0/EGAD00001002675_RNA.PC10.bed.gz]
  * 21589 phenotypes included
  * 10706 phenotypes are on the negative strand

Initialize random number generator
  * Built-in seed is 15112011
  * First Integer = 30554
  * First Double = 0.0126695

Reading sample list from [/data/unige/funpopgen/grey2/SYSCID/BLUEPRINT_DATA/CRD/THREE_CELL_TYPES/QTL_TOOLS/EGAD00001002675_v3.0/EGAD00001002675_RNA.PC10.bed.gz]
  * #samples = 196

Reading sample list from [/data/unige/funpopgen/grey2/SYSCID/BLUEPRINT_DATA/CRD/THREE_CELL_TYPES/CLOMICS/CELL_TYPE_COMPARISON_GENE_CRD_ASSOCIATIONS/quantify/70_vs_72_ALL.ALLchr.mean.txt.gz]
  * #samples = 165

Merging sample sets from all input files
  * #files = 2
  * #samples in all files = 165
  * #samples NOT in all files (i.e. ignored) = 31

Reading phenotype data in [/data/unige/funpopgen/grey2/SYSCID/BLUEPRINT_DATA/CRD/THREE_CELL_TYPES/QTL_TOOLS/EGAD00001002675_v3.0/EGAD00001002675_RNA.PC10.bed.gz]
  * target region [3:3168297-47053032]
  * 294 phenotypes included
  * 128 phenotypes are on the negative strand

Reading genotype data in [/data/unige/funpopgen/grey2/SYSCID/BLUEPRINT_DATA/CRD/THREE_CELL_TYPES/CLOMICS/CELL_TYPE_COMPARISON_GENE_CRD_ASSOCIATIONS/quantify/70_vs_72_ALL.ALLchr.mean.txt.gz]
  * File format detected: BED
  * 165 samples included
  * 2 samples without phenotype data
  * target region [3:2168297-48053032]
  * 161 variants included

Reading nominal thresholds in [/data/unige/funpopgen/grey2/SYSCID/BLUEPRINT_DATA/CRD/THREE_CELL_TYPES/CLOMICS/CELL_TYPE_COMPARISON_GENE_CRD_ASSOCIATIONS/mapping_aCRD_gene/70_vs_72/gene_CRD_mean_permutations.thresholds.txt]
  * #phenotypes set = 294

Processing phenotype [ENSG00000091181.15] [1/294]
  * #variants in cis = 5
  * Best hit: [id=3_internal_17061, d=0, pv=3.82994e-06, s=0.3522]

Processing phenotype [ENSG00000072756.12] [2/294]
  * #variants in cis = 5
  * Best hit: [id=3_internal_13175, d=-39852, pv=5.7554e-07, s=0.3776]

Processing phenotype [ENSG00000113851.9] [3/294]
  * #variants in cis = 5
  * Best hit: [id=3_internal_13175, d=92646, pv=3.63687e-06, s=0.3496]

Processing phenotype [ENSG00000175928.5] [4/294]
  * #variants in cis = 8
  * Best hit: [id=3_internal_17091, d=0, pv=1.04827e-17, s=0.6232]

Processing phenotype [ENSG00000229241.1] [5/294]
  * #variants in cis = 11
  * Best hit: [id=3_internal_17091, d=0, pv=0.0173517, s=0.1762]

Processing phenotype [ENSG00000170364.8] [6/294]
  * #variants in cis = 12
  * Best hit: [id=3_internal_13257, d=166870, pv=0.0256446, s=0.1664]

Processing phenotype [ENSG00000234325.1] [7/294]
  * #variants in cis = 12
  * Best hit: [id=3_internal_14135, d=91121, pv=0.0272187, s=0.1648]

Processing phenotype [ENSG00000144455.9] [8/294]
  * #variants in cis = 14
  * Best hit: [id=3_internal_13257, d=-2893, pv=0.00854179, s=0.1976]

Processing phenotype [ENSG00000231249.1] [9/294]
  * #variants in cis = 14
  * Best hit: [id=3_internal_13257, d=13653, pv=0.033192, s=0.1696]

Processing phenotype [ENSG00000150995.13] [10/294]
  * #variants in cis = 14
  * Best hit: [id=3_internal_13257, d=-13838, pv=1.22845e-06, s=0.3674]

Processing phenotype [ENSG00000235947.1] [11/294]
  * #variants in cis = 13
  * Best hit: [id=3_internal_13257, d=272080, pv=0.00587645, s=0.2119]

Processing phenotype [ENSG00000235978.2] [12/294]
  * #variants in cis = 13
  * Best hit: [id=3_internal_13257, d=407783, pv=2.3947e-05, s=0.3356]

Processing phenotype [ENSG00000134107.4] [13/294]
  * #variants in cis = 13
  * Best hit: [id=3_internal_13793, d=4474, pv=3.32597e-07, s=0.3822]

Processing phenotype [ENSG00000235831.2] [14/294]
  * #variants in cis = 13
  * Best hit: [id=3_internal_14066, d=0, pv=1.43903e-05, s=0.3345]

Processing phenotype [ENSG00000134108.8] [15/294]
  * #variants in cis = 12
  * Best hit: [id=3_internal_14967, d=299830, pv=0.0187797, s=0.1860]

Processing phenotype [ENSG00000233912.1] [16/294]
  * #variants in cis = 12
  * Best hit: [id=3_internal_14419, d=16866, pv=0.0845866, s=0.1360]

Processing phenotype [ENSG00000134109.6] [17/294]
  * #variants in cis = 12
  * Best hit: [id=3_internal_13257, d=-708137, pv=0.00380222, s=0.2226]

Processing phenotype [ENSG00000268509.1] [18/294]
  * #variants in cis = 12
  * Best hit: [id=3_internal_16551, d=-273848, pv=0.00493866, s=-0.2197]

Processing phenotype [ENSG00000070950.5] [19/294]
  * #variants in cis = 7
  * Best hit: [id=3_internal_17109, d=-750755, pv=0.118691, s=-0.1213]

Processing phenotype [ENSG00000134077.10] [20/294]
  * #variants in cis = 9
  * Best hit: [id=3_internal_17109, d=351686, pv=0.0182605, s=-0.1861]

Processing phenotype [ENSG00000196220.10] [21/294]
  * #variants in cis = 9
  * Best hit: [id=3_internal_17117, d=-797431, pv=0.162894, s=-0.1099]

Processing phenotype [ENSG00000254485.1] [22/294]
  * #variants in cis = 9
  * Best hit: [id=3_internal_16393, d=-612954, pv=0.207301, s=-0.0978]

Processing phenotype [ENSG00000168137.11] [23/294]
  * #variants in cis = 9
  * Best hit: [id=3_internal_17109, d=316913, pv=0.00436654, s=-0.2264]

Processing phenotype [ENSG00000206573.4] [24/294]
  * #variants in cis = 9
  * Best hit: [id=3_internal_17109, d=-315949, pv=0.0219317, s=-0.1824]

Processing phenotype [ENSG00000163719.13] [25/294]
  * #variants in cis = 10
  * Best hit: [id=3_internal_10885, d=81067, pv=0.0383165, s=0.1617]

Processing phenotype [ENSG00000144550.8] [26/294]
  * #variants in cis = 9
  * Best hit: [id=3_internal_12590, d=157745, pv=0.0536925, s=0.1548]

Processing phenotype [ENSG00000156983.11] [27/294]
  * #variants in cis = 9
  * Best hit: [id=3_internal_10885, d=0, pv=0.0288015, s=0.1662]

Processing phenotype [ENSG00000114026.16] [28/294]
  * #variants in cis = 9
  * Best hit: [id=3_internal_12852, d=0, pv=0.000361942, s=0.2684]

Processing phenotype [ENSG00000134072.6] [29/294]
  * #variants in cis = 9
  * Best hit: [id=3_internal_16393, d=-206265, pv=0.0298427, s=-0.1671]

Processing phenotype [ENSG00000241553.5] [30/294]
  * #variants in cis = 10
  * Best hit: [id=3_internal_10885, d=0, pv=0.0536229, s=0.1434]

Processing phenotype [ENSG00000171148.9] [31/294]
  * #variants in cis = 10
  * Best hit: [id=3_internal_12852, d=0, pv=0.0144352, s=0.1858]

Processing phenotype [ENSG00000250151.3] [32/294]
  * #variants in cis = 10
  * Best hit: [id=3_internal_10885, d=0, pv=0.121443, s=0.1198]

Processing phenotype [ENSG00000214021.10] [33/294]
  * #variants in cis = 10
  * Best hit: [id=3_internal_17109, d=0, pv=0.00271667, s=0.2391]

Processing phenotype [ENSG00000268528.1] [34/294]
  * #variants in cis = 10
  * Best hit: [id=3_internal_17109, d=0, pv=0.018108, s=0.1882]

Processing phenotype [ENSG00000156990.10] [35/294]
  * #variants in cis = 10
  * Best hit: [id=3_internal_17109, d=0, pv=0.0220972, s=0.1732]

Processing phenotype [ENSG00000171135.10] [36/294]
  * #variants in cis = 10
  * Best hit: [id=3_internal_10885, d=-93855, pv=0.0461197, s=0.1572]

Processing phenotype [ENSG00000163701.14] [37/294]
  * #variants in cis = 10
  * Best hit: [id=3_internal_17109, d=0, pv=0.046739, s=0.1527]

Processing phenotype [ENSG00000163702.14] [38/294]
  * #variants in cis = 10
  * Best hit: [id=3_internal_17117, d=243410, pv=0.00633331, s=0.2167]

Processing phenotype [ENSG00000163703.12] [39/294]
  * #variants in cis = 10
  * Best hit: [id=3_internal_16393, d=42435, pv=0.000625874, s=0.2674]

Processing phenotype [ENSG00000230082.1] [40/294]
  * #variants in cis = 10
  * Best hit: [id=3_internal_16393, d=28853, pv=0.0144161, s=0.1925]

Processing phenotype [ENSG00000163704.7] [41/294]
  * #variants in cis = 10
  * Best hit: [id=3_internal_16393, d=-23863, pv=0.000949403, s=0.2616]

Processing phenotype [ENSG00000180385.4] [42/294]
  * #variants in cis = 10
  * Best hit: [id=3_internal_16393, d=0, pv=1.0601e-12, s=0.5244]

Processing phenotype [ENSG00000232901.1] [43/294]
  * #variants in cis = 10
  * Best hit: [id=3_internal_10885, d=204241, pv=0.0253353, s=0.1708]

Processing phenotype [ENSG00000125037.7] [44/294]
  * #variants in cis = 10
  * Best hit: [id=3_internal_16393, d=0, pv=1.90442e-09, s=0.4462]

Processing phenotype [ENSG00000206567.4] [45/294]
  * #variants in cis = 10
  * Best hit: [id=3_internal_16393, d=0, pv=8.42123e-19, s=0.6229]

Processing phenotype [ENSG00000186162.6] [46/294]
  * #variants in cis = 10
  * Best hit: [id=3_internal_16393, d=8000, pv=9.3677e-07, s=0.3785]

Processing phenotype [ENSG00000144554.6] [47/294]
  * #variants in cis = 10
  * Best hit: [id=3_internal_16393, d=-8049, pv=1.5841e-07, s=0.4037]

Processing phenotype [ENSG00000163705.8] [48/294]
  * #variants in cis = 11
  * Best hit: [id=3_internal_16393, d=89866, pv=0.000411321, s=0.2731]

Processing phenotype [ENSG00000254999.2] [49/294]
  * #variants in cis = 11
  * Best hit: [id=3_internal_16393, d=-97227, pv=4.4313e-06, s=0.3466]

Processing phenotype [ENSG00000134086.7] [50/294]
  * #variants in cis = 11
  * Best hit: [id=3_internal_17117, d=19476, pv=0.0220191, s=0.1795]

Processing phenotype [ENSG00000134070.4] [51/294]
  * #variants in cis = 12
  * Best hit: [id=3_internal_17117, d=0, pv=2.00937e-05, s=0.3155]

Processing phenotype [ENSG00000157014.5] [52/294]
  * #variants in cis = 15
  * Best hit: [id=3_internal_17117, d=0, pv=7.21585e-05, s=-0.3147]

Processing phenotype [ENSG00000231177.4] [53/294]
  * #variants in cis = 15
  * Best hit: [id=3_internal_17117, d=0, pv=0.000707661, s=-0.2658]

Processing phenotype [ENSG00000240288.1] [54/294]
  * #variants in cis = 15
  * Best hit: [id=3_internal_12852, d=-487405, pv=0.0599789, s=0.1517]

Processing phenotype [ENSG00000157017.11] [55/294]
  * #variants in cis = 15
  * Best hit: [id=3_internal_11254, d=-924140, pv=0.086447, s=-0.1379]

Processing phenotype [ENSG00000157020.13] [56/294]
  * #variants in cis = 15
  * Best hit: [id=3_internal_14581, d=10698, pv=0.0712196, s=0.1426]

Processing phenotype [ENSG00000157087.12] [57/294]
  * #variants in cis = 17
  * Best hit: [id=3_internal_17117, d=420471, pv=0.000834133, s=-0.2512]

Processing phenotype [ENSG00000197548.7] [58/294]
  * #variants in cis = 15
  * Best hit: [id=3_internal_11254, d=-45641, pv=0.047569, s=0.1530]

Processing phenotype [ENSG00000226621.1] [59/294]
  * #variants in cis = 14
  * Best hit: [id=3_internal_11785, d=-315994, pv=0.0468632, s=-0.1567]

Processing phenotype [ENSG00000144560.9] [60/294]
  * #variants in cis = 12
  * Best hit: [id=3_internal_16474, d=168833, pv=0.00135361, s=-0.2465]

Processing phenotype [ENSG00000144559.6] [61/294]
  * #variants in cis = 12
  * Best hit: [id=3_internal_11785, d=219409, pv=0.0328595, s=0.1669]

Processing phenotype [ENSG00000157152.11] [62/294]
  * #variants in cis = 12
  * Best hit: [id=3_internal_11350, d=217543, pv=1.72841e-05, s=0.3257]

Processing phenotype [ENSG00000154743.12] [63/294]
  * #variants in cis = 13
  * Best hit: [id=3_internal_12806, d=-288551, pv=0.0596103, s=-0.1460]

Processing phenotype [ENSG00000075975.11] [64/294]
  * #variants in cis = 12
  * Best hit: [id=3_internal_17397, d=0, pv=0.084889, s=-0.1368]

Processing phenotype [ENSG00000225526.2] [65/294]
  * #variants in cis = 11
  * Best hit: [id=3_internal_11785, d=933574, pv=0.115095, s=-0.1260]

Processing phenotype [ENSG00000239140.1] [66/294]
  * #variants in cis = 10
  * Best hit: [id=3_internal_17397, d=0, pv=0.0210096, s=-0.1809]

Processing phenotype [ENSG00000132155.7] [67/294]
  * #variants in cis = 10
  * Best hit: [id=3_internal_12806, d=468345, pv=0.161303, s=0.1086]

Processing phenotype [ENSG00000233252.1] [68/294]
  * #variants in cis = 10
  * Best hit: [id=3_internal_17397, d=-10566, pv=0.00641077, s=0.2123]

Processing phenotype [ENSG00000144712.7] [69/294]
  * #variants in cis = 10
  * Best hit: [id=3_internal_14981, d=549513, pv=0.0367383, s=0.1677]

Processing phenotype [ENSG00000207496.1] [70/294]
  * #variants in cis = 10
  * Best hit: [id=3_internal_12300, d=-636613, pv=0.121582, s=0.1249]

Processing phenotype [ENSG00000144713.8] [71/294]
  * #variants in cis = 10
  * Best hit: [id=3_internal_12320, d=-198173, pv=0.0678818, s=0.1436]

Processing phenotype [ENSG00000144711.9] [72/294]
  * #variants in cis = 10
  * Best hit: [id=3_internal_11350, d=841623, pv=0.0325984, s=-0.1660]

Processing phenotype [ENSG00000132182.7] [73/294]
  * #variants in cis = 10
  * Best hit: [id=3_internal_12320, d=344009, pv=0.0188698, s=0.1853]

Processing phenotype [ENSG00000163517.10] [74/294]
  * #variants in cis = 10
  * Best hit: [id=3_internal_12300, d=0, pv=0.00133512, s=0.2551]

Processing phenotype [ENSG00000244502.2] [75/294]
  * #variants in cis = 10
  * Best hit: [id=3_internal_14981, d=96740, pv=0.0875772, s=0.1302]

Processing phenotype [ENSG00000163528.8] [76/294]
  * #variants in cis = 11
  * Best hit: [id=3_internal_11044, d=695075, pv=0.0227687, s=-0.1751]

Processing phenotype [ENSG00000170876.7] [77/294]
  * #variants in cis = 11
  * Best hit: [id=3_internal_11044, d=-695145, pv=0.168701, s=-0.1086]

Processing phenotype [ENSG00000268279.1] [78/294]
  * #variants in cis = 11
  * Best hit: [id=3_internal_15944, d=514824, pv=0.000584086, s=0.2627]

Processing phenotype [ENSG00000228242.1] [79/294]
  * #variants in cis = 11
  * Best hit: [id=3_internal_15944, d=507148, pv=0.000333092, s=0.2706]

Processing phenotype [ENSG00000170860.3] [80/294]
  * #variants in cis = 11
  * Best hit: [id=3_internal_10988, d=184988, pv=0.00717251, s=0.2142]

Processing phenotype [ENSG00000154767.10] [81/294]
  * #variants in cis = 11
  * Best hit: [id=3_internal_15944, d=-473185, pv=0.00993311, s=0.2005]

Processing phenotype [ENSG00000131389.12] [82/294]
  * #variants in cis = 10
  * Best hit: [id=3_internal_10897, d=970706, pv=0.283638, s=0.0875]

Processing phenotype [ENSG00000144596.7] [83/294]
  * #variants in cis = 10
  * Best hit: [id=3_internal_11694, d=139419, pv=0.337248, s=-0.0763]

Processing phenotype [ENSG00000235629.1] [84/294]
  * #variants in cis = 10
  * Best hit: [id=3_internal_10988, d=282377, pv=0.146831, s=-0.1139]

Processing phenotype [ENSG00000154781.11] [85/294]
  * #variants in cis = 10
  * Best hit: [id=3_internal_11271, d=774996, pv=0.0986326, s=0.1257]

Processing phenotype [ENSG00000131379.5] [86/294]
  * #variants in cis = 10
  * Best hit: [id=3_internal_10897, d=698176, pv=0.0858947, s=0.1279]

Processing phenotype [ENSG00000154783.6] [87/294]
  * #variants in cis = 11
  * Best hit: [id=3_internal_13171, d=-11471, pv=0.250484, s=0.0914]

Processing phenotype [ENSG00000177463.11] [88/294]
  * #variants in cis = 11
  * Best hit: [id=3_internal_13250, d=541886, pv=0.282634, s=-0.0852]

Processing phenotype [ENSG00000225733.1] [89/294]
  * #variants in cis = 11
  * Best hit: [id=3_internal_11694, d=545762, pv=0.11768, s=-0.1211]

Processing phenotype [ENSG00000131368.3] [90/294]
  * #variants in cis = 11
  * Best hit: [id=3_internal_15372, d=-199671, pv=0.0626102, s=0.1444]

Processing phenotype [ENSG00000131381.8] [91/294]
  * #variants in cis = 11
  * Best hit: [id=3_internal_15372, d=-165843, pv=0.0369155, s=0.1607]

Processing phenotype [ENSG00000131375.5] [92/294]
  * #variants in cis = 12
  * Best hit: [id=3_internal_10897, d=167123, pv=0.0281087, s=0.1673]

Processing phenotype [ENSG00000252085.1] [93/294]
  * #variants in cis = 12
  * Best hit: [id=3_internal_10988, d=870038, pv=0.0514746, s=0.1516]

Processing phenotype [ENSG00000224660.1] [94/294]
  * #variants in cis = 13
  * Best hit: [id=3_internal_15372, d=10822, pv=1.9397e-06, s=0.3694]

Processing phenotype [ENSG00000238891.1] [95/294]
  * #variants in cis = 13
  * Best hit: [id=3_internal_15372, d=0, pv=0.0018196, s=0.2402]

Processing phenotype [ENSG00000131370.11] [96/294]
  * #variants in cis = 14
  * Best hit: [id=3_internal_15372, d=0, pv=2.84808e-07, s=0.3973]

Processing phenotype [ENSG00000144597.9] [97/294]
  * #variants in cis = 12
  * Best hit: [id=3_internal_11323, d=254717, pv=0.0500895, s=0.1515]

Processing phenotype [ENSG00000206926.1] [98/294]
  * #variants in cis = 12
  * Best hit: [id=3_internal_11323, d=-248856, pv=0.0310059, s=0.1718]

Processing phenotype [ENSG00000206562.7] [99/294]
  * #variants in cis = 12
  * Best hit: [id=3_internal_15944, d=783240, pv=0.015006, s=-0.1749]

Processing phenotype [ENSG00000249786.2] [100/294]
  * #variants in cis = 12
  * Best hit: [id=3_internal_13250, d=-45401, pv=0.0367952, s=0.1585]

Processing phenotype [ENSG00000206561.6] [101/294]
  * #variants in cis = 13
  * Best hit: [id=3_internal_13250, d=0, pv=0.0039507, s=0.2272]

Processing phenotype [ENSG00000169814.8] [102/294]
  * #variants in cis = 13
  * Best hit: [id=3_internal_13250, d=-70740, pv=0.000956454, s=0.2535]

Processing phenotype [ENSG00000131373.10] [103/294]
  * #variants in cis = 13
  * Best hit: [id=3_internal_12782, d=-650588, pv=0.0647454, s=-0.1468]

Processing phenotype [ENSG00000263740.1] [104/294]
  * #variants in cis = 12
  * Best hit: [id=3_internal_13171, d=-931024, pv=0.00224384, s=0.2307]

Processing phenotype [ENSG00000206560.6] [105/294]
  * #variants in cis = 12
  * Best hit: [id=3_internal_12152, d=-321143, pv=0.00527465, s=0.2187]

Processing phenotype [ENSG00000154813.5] [106/294]
  * #variants in cis = 12
  * Best hit: [id=3_internal_12782, d=0, pv=0.0688096, s=0.1404]

Processing phenotype [ENSG00000154814.8] [107/294]
  * #variants in cis = 12
  * Best hit: [id=3_internal_12152, d=-24102, pv=0.0130842, s=-0.1922]

Processing phenotype [ENSG00000131378.8] [108/294]
  * #variants in cis = 9
  * Best hit: [id=3_internal_15458, d=0, pv=0.0465121, s=0.1535]

Processing phenotype [ENSG00000154822.11] [109/294]
  * #variants in cis = 9
  * Best hit: [id=3_internal_16074, d=34803, pv=1.69054e-11, s=0.4900]

Processing phenotype [ENSG00000264818.1] [110/294]
  * #variants in cis = 8
  * Best hit: [id=3_internal_16074, d=0, pv=0.000637059, s=0.2551]

Processing phenotype [ENSG00000226441.1] [111/294]
  * #variants in cis = 9
  * Best hit: [id=3_internal_16074, d=7911, pv=1.89042e-08, s=0.4254]

Processing phenotype [ENSG00000231780.1] [112/294]
  * #variants in cis = 9
  * Best hit: [id=3_internal_12551, d=746542, pv=0.0637875, s=0.1436]

Processing phenotype [ENSG00000227309.1] [113/294]
  * #variants in cis = 9
  * Best hit: [id=3_internal_12182, d=-410610, pv=0.0314079, s=-0.1718]

Processing phenotype [ENSG00000239088.1] [114/294]
  * #variants in cis = 9
  * Best hit: [id=3_internal_15982, d=448656, pv=0.124942, s=-0.1213]

Processing phenotype [ENSG00000131374.9] [115/294]
  * #variants in cis = 6
  * Best hit: [id=3_internal_12707, d=-134312, pv=0.00953145, s=-0.2018]

Processing phenotype [ENSG00000228956.3] [116/294]
  * #variants in cis = 6
  * Best hit: [id=3_internal_15982, d=-316322, pv=0.0106377, s=0.2043]

Processing phenotype [ENSG00000182568.11] [117/294]
  * #variants in cis = 6
  * Best hit: [id=3_internal_15982, d=316886, pv=0.00929003, s=0.1978]

Processing phenotype [ENSG00000163576.13] [118/294]
  * #variants in cis = 0

Processing phenotype [ENSG00000144566.5] [119/294]
  * #variants in cis = 0

Processing phenotype [ENSG00000201545.1] [120/294]
  * #variants in cis = 0

Processing phenotype [ENSG00000230697.1] [121/294]
  * #variants in cis = 0

Processing phenotype [ENSG00000183977.9] [122/294]
  * #variants in cis = 0

Processing phenotype [ENSG00000229468.1] [123/294]
  * #variants in cis = 0

Processing phenotype [ENSG00000114166.7] [124/294]
  * #variants in cis = 0

Processing phenotype [ENSG00000266745.1] [125/294]
  * #variants in cis = 0

Processing phenotype [ENSG00000237485.1] [126/294]
  * #variants in cis = 0

Processing phenotype [ENSG00000129810.10] [127/294]
  * #variants in cis = 0

Processing phenotype [ENSG00000231304.1] [128/294]
  * #variants in cis = 0

Processing phenotype [ENSG00000261734.1] [129/294]
  * #variants in cis = 0

Processing phenotype [ENSG00000132967.9] [130/294]
  * #variants in cis = 4
  * Best hit: [id=3_internal_12395, d=995174, pv=0.00263268, s=-0.2304]

Processing phenotype [ENSG00000170142.7] [131/294]
  * #variants in cis = 6
  * Best hit: [id=3_internal_12615, d=-64409, pv=0.108089, s=0.1255]

Processing phenotype [ENSG00000231395.1] [132/294]
  * #variants in cis = 6
  * Best hit: [id=3_internal_11123, d=553203, pv=0.117236, s=0.1217]

Processing phenotype [ENSG00000174748.13] [133/294]
  * #variants in cis = 6
  * Best hit: [id=3_internal_12395, d=-460264, pv=0.109827, s=-0.1249]

Processing phenotype [ENSG00000174738.7] [134/294]
  * #variants in cis = 6
  * Best hit: [id=3_internal_11711, d=-12163, pv=0.0282653, s=0.1762]

Processing phenotype [ENSG00000197885.6] [135/294]
  * #variants in cis = 6
  * Best hit: [id=3_internal_12615, d=205097, pv=0.0534832, s=0.1534]

Processing phenotype [ENSG00000077092.14] [136/294]
  * #variants in cis = 4
  * Best hit: [id=3_internal_15284, d=571883, pv=0.0445962, s=-0.1591]

Processing phenotype [ENSG00000077097.9] [137/294]
  * #variants in cis = 3
  * Best hit: [id=3_internal_15284, d=-81308, pv=0.078428, s=-0.1431]

Processing phenotype [ENSG00000213872.3] [138/294]
  * #variants in cis = 3
  * Best hit: [id=3_internal_15284, d=0, pv=0.265395, s=0.0863]

Processing phenotype [ENSG00000213871.3] [139/294]
  * #variants in cis = 3
  * Best hit: [id=3_internal_11924, d=-57086, pv=0.11904, s=0.1273]

Processing phenotype [ENSG00000151093.3] [140/294]
  * #variants in cis = 3
  * Best hit: [id=3_internal_11014, d=0, pv=0.0184982, s=0.1859]

Processing phenotype [ENSG00000151092.12] [141/294]
  * #variants in cis = 3
  * Best hit: [id=3_internal_15284, d=39521, pv=0.017659, s=0.1825]

Processing phenotype [ENSG00000227523.1] [142/294]
  * #variants in cis = 5
  * Best hit: [id=3_internal_17256, d=16106, pv=0.000704552, s=0.2507]

Processing phenotype [ENSG00000033867.12] [143/294]
  * #variants in cis = 5
  * Best hit: [id=3_internal_17256, d=0, pv=3.39363e-05, s=0.3105]

Processing phenotype [ENSG00000187118.8] [144/294]
  * #variants in cis = 6
  * Best hit: [id=3_internal_12027, d=0, pv=0.0849244, s=-0.1314]

Processing phenotype [ENSG00000163512.9] [145/294]
  * #variants in cis = 6
  * Best hit: [id=3_internal_11056, d=751753, pv=0.221556, s=0.0936]

Processing phenotype [ENSG00000206559.3] [146/294]
  * #variants in cis = 6
  * Best hit: [id=3_internal_11056, d=-751772, pv=0.0566267, s=-0.1457]

Processing phenotype [ENSG00000163513.13] [147/294]
  * #variants in cis = 11
  * Best hit: [id=3_internal_11489, d=617824, pv=0.00688848, s=0.2007]

Processing phenotype [ENSG00000224618.1] [148/294]
  * #variants in cis = 11
  * Best hit: [id=3_internal_11489, d=-597529, pv=0.0165568, s=0.1858]

Processing phenotype [ENSG00000261468.1] [149/294]
  * #variants in cis = 12
  * Best hit: [id=3_internal_14668, d=77574, pv=0.0274521, s=0.1682]

Processing phenotype [ENSG00000144644.10] [150/294]
  * #variants in cis = 11
  * Best hit: [id=3_internal_11741, d=-638982, pv=0.00313213, s=-0.2227]

Processing phenotype [ENSG00000163527.5] [151/294]
  * #variants in cis = 9
  * Best hit: [id=3_internal_13074, d=-66200, pv=0.00319462, s=0.2310]

Processing phenotype [ENSG00000144645.9] [152/294]
  * #variants in cis = 9
  * Best hit: [id=3_internal_11489, d=810409, pv=0.165425, s=0.1102]

Processing phenotype [ENSG00000152642.6] [153/294]
  * #variants in cis = 10
  * Best hit: [id=3_internal_17722, d=12495, pv=2.39264e-10, s=0.4799]

Processing phenotype [ENSG00000170293.4] [154/294]
  * #variants in cis = 11
  * Best hit: [id=3_internal_11741, d=-655073, pv=0.0271437, s=0.1649]

Processing phenotype [ENSG00000234737.1] [155/294]
  * #variants in cis = 11
  * Best hit: [id=3_internal_13074, d=-792502, pv=0.000104833, s=0.2927]

Processing phenotype [ENSG00000153551.9] [156/294]
  * #variants in cis = 9
  * Best hit: [id=3_internal_13990, d=157919, pv=0.0975299, s=0.1326]

Processing phenotype [ENSG00000091317.7] [157/294]
  * #variants in cis = 9
  * Best hit: [id=3_internal_13990, d=-46182, pv=0.0652726, s=0.1471]

Processing phenotype [ENSG00000213849.3] [158/294]
  * #variants in cis = 9
  * Best hit: [id=3_internal_13990, d=41635, pv=7.18962e-06, s=0.3476]

Processing phenotype [ENSG00000144635.4] [159/294]
  * #variants in cis = 9
  * Best hit: [id=3_internal_13990, d=0, pv=6.65056e-35, s=0.7842]

Processing phenotype [ENSG00000182973.14] [160/294]
  * #variants in cis = 8
  * Best hit: [id=3_internal_13990, d=-98230, pv=0.0189114, s=-0.1771]

Processing phenotype [ENSG00000251224.1] [161/294]
  * #variants in cis = 8
  * Best hit: [id=3_internal_17722, d=574272, pv=0.00757783, s=-0.2009]

Processing phenotype [ENSG00000213842.2] [162/294]
  * #variants in cis = 8
  * Best hit: [id=3_internal_12092, d=647321, pv=0.0207313, s=-0.1819]

Processing phenotype [ENSG00000223899.1] [163/294]
  * #variants in cis = 9
  * Best hit: [id=3_internal_13295, d=-885574, pv=0.0267771, s=-0.1732]

Processing phenotype [ENSG00000235424.1] [164/294]
  * #variants in cis = 9
  * Best hit: [id=3_internal_13990, d=-490289, pv=0.0186594, s=0.1863]

Processing phenotype [ENSG00000188167.4] [165/294]
  * #variants in cis = 9
  * Best hit: [id=3_internal_12092, d=-303430, pv=0.0183066, s=0.1843]

Processing phenotype [ENSG00000170266.10] [166/294]
  * #variants in cis = 9
  * Best hit: [id=3_internal_13654, d=-51005, pv=2.82275e-05, s=0.3214]

Processing phenotype [ENSG00000170275.9] [167/294]
  * #variants in cis = 9
  * Best hit: [id=3_internal_13654, d=34256, pv=1.94483e-05, s=0.3299]

Processing phenotype [ENSG00000173705.4] [168/294]
  * #variants in cis = 7
  * Best hit: [id=3_internal_12092, d=-181016, pv=0.11903, s=0.1221]

Processing phenotype [ENSG00000153558.9] [169/294]
  * #variants in cis = 8
  * Best hit: [id=3_internal_13143, d=983559, pv=0.107573, s=0.1243]

Processing phenotype [ENSG00000153560.7] [170/294]
  * #variants in cis = 8
  * Best hit: [id=3_internal_12092, d=1416, pv=0.065583, s=0.1433]

Processing phenotype [ENSG00000163539.11] [171/294]
  * #variants in cis = 7
  * Best hit: [id=3_internal_13654, d=553581, pv=0.00523595, s=0.2135]

Processing phenotype [ENSG00000170248.8] [172/294]
  * #variants in cis = 7
  * Best hit: [id=3_internal_13654, d=-633577, pv=0.000820858, s=0.2593]

Processing phenotype [ENSG00000172995.12] [173/294]
  * #variants in cis = 2
  * Best hit: [id=3_internal_13143, d=0, pv=2.54035e-08, s=0.4263]

Processing phenotype [ENSG00000201315.1] [174/294]
  * #variants in cis = 8
  * Best hit: [id=3_internal_12568, d=78631, pv=0.0618305, s=0.1512]

Processing phenotype [ENSG00000230067.2] [175/294]
  * #variants in cis = 8
  * Best hit: [id=3_internal_16220, d=-153158, pv=0.0358613, s=0.1575]

Processing phenotype [ENSG00000234073.1] [176/294]
  * #variants in cis = 8
  * Best hit: [id=3_internal_12735, d=-88450, pv=0.0484086, s=-0.1513]

Processing phenotype [ENSG00000168016.9] [177/294]
  * #variants in cis = 9
  * Best hit: [id=3_internal_15171, d=-385033, pv=0.0812448, s=-0.1355]

Processing phenotype [ENSG00000236165.1] [178/294]
  * #variants in cis = 9
  * Best hit: [id=3_internal_16220, d=0, pv=0.00791525, s=0.2020]

Processing phenotype [ENSG00000178567.5] [179/294]
  * #variants in cis = 9
  * Best hit: [id=3_internal_16892, d=490605, pv=0.246458, s=-0.0899]

Processing phenotype [ENSG00000076242.10] [180/294]
  * #variants in cis = 9
  * Best hit: [id=3_internal_16220, d=0, pv=0.000265425, s=0.2800]

Processing phenotype [ENSG00000224858.4] [181/294]
  * #variants in cis = 9
  * Best hit: [id=3_internal_11592, d=-123607, pv=0.0910033, s=0.1318]

Processing phenotype [ENSG00000206645.1] [182/294]
  * #variants in cis = 9
  * Best hit: [id=3_internal_12735, d=0, pv=0.0720886, s=-0.1348]

Processing phenotype [ENSG00000225558.1] [183/294]
  * #variants in cis = 9
  * Best hit: [id=3_internal_16892, d=-631959, pv=0.194691, s=0.1011]

Processing phenotype [ENSG00000199594.1] [184/294]
  * #variants in cis = 9
  * Best hit: [id=3_internal_15171, d=189763, pv=0.0700235, s=0.1344]

Processing phenotype [ENSG00000224080.1] [185/294]
  * #variants in cis = 9
  * Best hit: [id=3_internal_16220, d=0, pv=0.0399068, s=0.1648]

Processing phenotype [ENSG00000093167.13] [186/294]
  * #variants in cis = 9
  * Best hit: [id=3_internal_16220, d=7802, pv=1.57307e-11, s=0.5136]

Processing phenotype [ENSG00000144674.12] [187/294]
  * #variants in cis = 9
  * Best hit: [id=3_internal_12359, d=131901, pv=0.0143561, s=0.1893]

Processing phenotype [ENSG00000176354.2] [188/294]
  * #variants in cis = 9
  * Best hit: [id=3_internal_11592, d=66422, pv=0.0134965, s=0.1964]

Processing phenotype [ENSG00000230409.2] [189/294]
  * #variants in cis = 9
  * Best hit: [id=3_internal_16892, d=-772897, pv=0.0447299, s=0.1558]

Processing phenotype [ENSG00000222208.1] [190/294]
  * #variants in cis = 10
  * Best hit: [id=3_internal_12735, d=-177586, pv=0.0911508, s=0.1314]

Processing phenotype [ENSG00000198590.7] [191/294]
  * #variants in cis = 10
  * Best hit: [id=3_internal_16220, d=-210382, pv=0.031625, s=0.1725]

Processing phenotype [ENSG00000144668.7] [192/294]
  * #variants in cis = 10
  * Best hit: [id=3_internal_15171, d=0, pv=4.47321e-13, s=0.5319]

Processing phenotype [ENSG00000235257.3] [193/294]
  * #variants in cis = 8
  * Best hit: [id=3_internal_12359, d=472738, pv=0.00327053, s=0.2296]

Processing phenotype [ENSG00000144677.10] [194/294]
  * #variants in cis = 8
  * Best hit: [id=3_internal_12735, d=-697897, pv=0.0355373, s=-0.1654]

Processing phenotype [ENSG00000136059.10] [195/294]
  * #variants in cis = 7
  * Best hit: [id=3_internal_11592, d=-810286, pv=0.221753, s=-0.0920]

Processing phenotype [ENSG00000200579.1] [196/294]
  * #variants in cis = 7
  * Best hit: [id=3_internal_12673, d=-76389, pv=0.124075, s=-0.1244]

Processing phenotype [ENSG00000187091.9] [197/294]
  * #variants in cis = 7
  * Best hit: [id=3_internal_15171, d=321581, pv=0.231345, s=-0.0933]

Processing phenotype [ENSG00000008226.15] [198/294]
  * #variants in cis = 7
  * Best hit: [id=3_internal_12673, d=-101026, pv=0.103878, s=0.1297]

Processing phenotype [ENSG00000239685.1] [199/294]
  * #variants in cis = 7
  * Best hit: [id=3_internal_12520, d=-187301, pv=0.381998, s=0.0697]

Processing phenotype [ENSG00000201965.1] [200/294]
  * #variants in cis = 7
  * Best hit: [id=3_internal_11592, d=947621, pv=0.225655, s=0.0979]

Processing phenotype [ENSG00000060971.12] [201/294]
  * #variants in cis = 7
  * Best hit: [id=3_internal_12673, d=199063, pv=0.159708, s=0.1131]

Processing phenotype [ENSG00000172936.8] [202/294]
  * #variants in cis = 7
  * Best hit: [id=3_internal_12673, d=-200299, pv=0.00582274, s=0.2097]

Processing phenotype [ENSG00000172939.4] [203/294]
  * #variants in cis = 6
  * Best hit: [id=3_internal_16220, d=-989202, pv=0.160671, s=-0.1122]

Processing phenotype [ENSG00000172940.7] [204/294]
  * #variants in cis = 6
  * Best hit: [id=3_internal_12374, d=981605, pv=0.196195, s=-0.1030]

Processing phenotype [ENSG00000237982.1] [205/294]
  * #variants in cis = 6
  * Best hit: [id=3_internal_12359, d=881725, pv=0.0342992, s=-0.1617]

Processing phenotype [ENSG00000144671.5] [206/294]
  * #variants in cis = 6
  * Best hit: [id=3_internal_12520, d=28090, pv=0.0443793, s=0.1617]

Processing phenotype [ENSG00000157036.8] [207/294]
  * #variants in cis = 5
  * Best hit: [id=3_internal_12374, d=751290, pv=0.0777676, s=0.1438]

Processing phenotype [ENSG00000114742.9] [208/294]
  * #variants in cis = 3
  * Best hit: [id=3_internal_12520, d=-733648, pv=0.332161, s=0.0761]

Processing phenotype [ENSG00000168026.12] [209/294]
  * #variants in cis = 3
  * Best hit: [id=3_internal_12374, d=139756, pv=0.196295, s=0.1040]

Processing phenotype [ENSG00000114745.9] [210/294]
  * #variants in cis = 3
  * Best hit: [id=3_internal_12374, d=-139054, pv=0.207842, s=0.0975]

Processing phenotype [ENSG00000144655.10] [211/294]
  * #variants in cis = 3
  * Best hit: [id=3_internal_12520, d=836212, pv=0.0704171, s=0.1387]

Processing phenotype [ENSG00000168329.9] [212/294]
  * #variants in cis = 4
  * Best hit: [id=3_internal_12374, d=0, pv=2.62983e-07, s=0.4005]

Processing phenotype [ENSG00000144659.5] [213/294]
  * #variants in cis = 3
  * Best hit: [id=3_internal_15766, d=-131417, pv=0.0200247, s=0.1822]

Processing phenotype [ENSG00000168028.8] [214/294]
  * #variants in cis = 3
  * Best hit: [id=3_internal_15766, d=-154758, pv=0.118351, s=0.1202]

Processing phenotype [ENSG00000206760.1] [215/294]
  * #variants in cis = 3
  * Best hit: [id=3_internal_12374, d=-125671, pv=0.170751, s=-0.1047]

Processing phenotype [ENSG00000202363.1] [216/294]
  * #variants in cis = 3
  * Best hit: [id=3_internal_15766, d=-159123, pv=0.100052, s=0.1257]

Processing phenotype [ENSG00000170011.9] [217/294]
  * #variants in cis = 4
  * Best hit: [id=3_internal_11957, d=419959, pv=0.0264737, s=0.1727]

Processing phenotype [ENSG00000265327.1] [218/294]
  * #variants in cis = 4
  * Best hit: [id=3_internal_11957, d=19868, pv=0.144571, s=0.1139]

Processing phenotype [ENSG00000202517.1] [219/294]
  * #variants in cis = 4
  * Best hit: [id=3_internal_11957, d=0, pv=0.0200014, s=0.1811]

Processing phenotype [ENSG00000114784.3] [220/294]
  * #variants in cis = 2
  * Best hit: [id=3_internal_11957, d=0, pv=0.0979018, s=0.1350]

Processing phenotype [ENSG00000168032.4] [221/294]
  * #variants in cis = 2
  * Best hit: [id=3_internal_11957, d=-75210, pv=0.0263155, s=0.1726]

Processing phenotype [ENSG00000223797.1] [222/294]
  * #variants in cis = 2
  * Best hit: [id=3_internal_11957, d=141383, pv=0.0106955, s=0.1983]

Processing phenotype [ENSG00000188846.9] [223/294]
  * #variants in cis = 2
  * Best hit: [id=3_internal_16786, d=233435, pv=0.157719, s=-0.1078]

Processing phenotype [ENSG00000177873.8] [224/294]
  * #variants in cis = 2
  * Best hit: [id=3_internal_11957, d=-165167, pv=0.536458, s=0.0492]

Processing phenotype [ENSG00000177842.7] [225/294]
  * #variants in cis = 2
  * Best hit: [id=3_internal_16786, d=184735, pv=0.621038, s=-0.0398]

Processing phenotype [ENSG00000172888.7] [226/294]
  * #variants in cis = 2
  * Best hit: [id=3_internal_11957, d=-212932, pv=0.309044, s=0.0776]

Processing phenotype [ENSG00000168036.12] [227/294]
  * #variants in cis = 7
  * Best hit: [id=3_internal_12267, d=955943, pv=0.109894, s=-0.1236]

Processing phenotype [ENSG00000204772.3] [228/294]
  * #variants in cis = 13
  * Best hit: [id=3_internal_13984, d=-870860, pv=0.0116572, s=0.1992]

Processing phenotype [ENSG00000168038.6] [229/294]
  * #variants in cis = 13
  * Best hit: [id=3_internal_16061, d=-300803, pv=0.000711998, s=0.2623]

Processing phenotype [ENSG00000182606.10] [230/294]
  * #variants in cis = 14
  * Best hit: [id=3_internal_11151, d=65431, pv=0.00109273, s=0.2556]

Processing phenotype [ENSG00000229339.1] [231/294]
  * #variants in cis = 14
  * Best hit: [id=3_internal_13336, d=-537733, pv=0.040917, s=-0.1583]

Processing phenotype [ENSG00000234562.1] [232/294]
  * #variants in cis = 14
  * Best hit: [id=3_internal_17210, d=-329594, pv=0.0513017, s=0.1463]

Processing phenotype [ENSG00000222872.1] [233/294]
  * #variants in cis = 15
  * Best hit: [id=3_internal_12213, d=954553, pv=0.0576428, s=0.1479]

Processing phenotype [ENSG00000114812.8] [234/294]
  * #variants in cis = 15
  * Best hit: [id=3_internal_11192, d=29257, pv=2.06975e-18, s=0.6016]

Processing phenotype [ENSG00000008324.6] [235/294]
  * #variants in cis = 15
  * Best hit: [id=3_internal_11192, d=-44777, pv=0.128708, s=0.1190]

Processing phenotype [ENSG00000114857.13] [236/294]
  * #variants in cis = 15
  * Best hit: [id=3_internal_13984, d=145285, pv=0.0193912, s=0.1831]

Processing phenotype [ENSG00000093183.9] [237/294]
  * #variants in cis = 15
  * Best hit: [id=3_internal_11375, d=526256, pv=0.0401421, s=0.1619]

Processing phenotype [ENSG00000114853.9] [238/294]
  * #variants in cis = 16
  * Best hit: [id=3_internal_12641, d=-12049, pv=0.130231, s=0.1190]

Processing phenotype [ENSG00000230084.1] [239/294]
  * #variants in cis = 16
  * Best hit: [id=3_internal_12267, d=460189, pv=0.119333, s=0.1226]

Processing phenotype [ENSG00000230970.2] [240/294]
  * #variants in cis = 16
  * Best hit: [id=3_internal_12213, d=473740, pv=0.0129318, s=-0.1878]

Processing phenotype [ENSG00000010282.10] [241/294]
  * #variants in cis = 16
  * Best hit: [id=3_internal_11151, d=603975, pv=0.0368168, s=0.1613]

Processing phenotype [ENSG00000173811.6] [242/294]
  * #variants in cis = 16
  * Best hit: [id=3_internal_12267, d=-538376, pv=0.0949672, s=0.1317]

Processing phenotype [ENSG00000225611.1] [243/294]
  * #variants in cis = 16
  * Best hit: [id=3_internal_12267, d=-576413, pv=0.0188012, s=0.1831]

Processing phenotype [ENSG00000244607.1] [244/294]
  * #variants in cis = 16
  * Best hit: [id=3_internal_13984, d=5545, pv=0.0138641, s=0.1951]

Processing phenotype [ENSG00000181061.9] [245/294]
  * #variants in cis = 16
  * Best hit: [id=3_internal_13984, d=36823, pv=0.00272346, s=0.2391]

Processing phenotype [ENSG00000144647.5] [246/294]
  * #variants in cis = 13
  * Best hit: [id=3_internal_12213, d=-70317, pv=2.97262e-06, s=0.3551]

Processing phenotype [ENSG00000163788.9] [247/294]
  * #variants in cis = 11
  * Best hit: [id=3_internal_17210, d=-750217, pv=0.0414832, s=0.1636]

Processing phenotype [ENSG00000241939.2] [248/294]
  * #variants in cis = 11
  * Best hit: [id=3_internal_16061, d=-925194, pv=0.146271, s=-0.1123]

Processing phenotype [ENSG00000234617.1] [249/294]
  * #variants in cis = 11
  * Best hit: [id=3_internal_13435, d=469990, pv=0.0965779, s=0.1344]

Processing phenotype [ENSG00000251811.1] [250/294]
  * #variants in cis = 10
  * Best hit: [id=3_internal_13336, d=-857840, pv=0.0835899, s=0.1379]

Processing phenotype [ENSG00000223916.1] [251/294]
  * #variants in cis = 10
  * Best hit: [id=3_internal_12213, d=286749, pv=0.053955, s=-0.1523]

Processing phenotype [ENSG00000011198.3] [252/294]
  * #variants in cis = 8
  * Best hit: [id=3_internal_12575, d=-42545, pv=0.323533, s=0.0791]

Processing phenotype [ENSG00000160746.8] [253/294]
  * #variants in cis = 8
  * Best hit: [id=3_internal_12575, d=44026, pv=0.000119883, s=0.2893]

Processing phenotype [ENSG00000235886.1] [254/294]
  * #variants in cis = 7
  * Best hit: [id=3_internal_11949, d=748100, pv=0.70595, s=-0.0285]

Processing phenotype [ENSG00000179152.14] [255/294]
  * #variants in cis = 7
  * Best hit: [id=3_internal_12962, d=716030, pv=0.151857, s=0.1122]

Processing phenotype [ENSG00000225873.1] [256/294]
  * #variants in cis = 7
  * Best hit: [id=3_internal_12962, d=-630142, pv=0.106097, s=0.1260]

Processing phenotype [ENSG00000185219.11] [257/294]
  * #variants in cis = 7
  * Best hit: [id=3_internal_12962, d=-576479, pv=0.0428647, s=0.1567]

Processing phenotype [ENSG00000178917.9] [258/294]
  * #variants in cis = 7
  * Best hit: [id=3_internal_17161, d=0, pv=0.0113294, s=0.2060]

Processing phenotype [ENSG00000196345.7] [259/294]
  * #variants in cis = 8
  * Best hit: [id=3_internal_17161, d=0, pv=9.27866e-09, s=0.4253]

Processing phenotype [ENSG00000144792.5] [260/294]
  * #variants in cis = 8
  * Best hit: [id=3_internal_17161, d=0, pv=0.000127066, s=0.2931]

Processing phenotype [ENSG00000186448.10] [261/294]
  * #variants in cis = 8
  * Best hit: [id=3_internal_17161, d=0, pv=4.26224e-15, s=0.5659]

Processing phenotype [ENSG00000169981.6] [262/294]
  * #variants in cis = 10
  * Best hit: [id=3_internal_17161, d=0, pv=8.14617e-10, s=0.4645]

Processing phenotype [ENSG00000186446.7] [263/294]
  * #variants in cis = 10
  * Best hit: [id=3_internal_17161, d=0, pv=8.06331e-08, s=0.4029]

Processing phenotype [ENSG00000163807.4] [264/294]
  * #variants in cis = 10
  * Best hit: [id=3_internal_17161, d=31388, pv=0.00049589, s=0.2709]

Processing phenotype [ENSG00000163808.12] [265/294]
  * #variants in cis = 10
  * Best hit: [id=3_internal_16561, d=333353, pv=0.0521207, s=-0.1534]

Processing phenotype [ENSG00000169964.5] [266/294]
  * #variants in cis = 10
  * Best hit: [id=3_internal_11458, d=745264, pv=0.0492054, s=0.1446]

Processing phenotype [ENSG00000163810.7] [267/294]
  * #variants in cis = 11
  * Best hit: [id=3_internal_12676, d=377350, pv=0.13708, s=0.1170]

Processing phenotype [ENSG00000227123.1] [268/294]
  * #variants in cis = 11
  * Best hit: [id=3_internal_16561, d=157397, pv=0.0584156, s=-0.1361]

Processing phenotype [ENSG00000075914.8] [269/294]
  * #variants in cis = 12
  * Best hit: [id=3_internal_11295, d=35264, pv=0.000263727, s=0.2839]

Processing phenotype [ENSG00000163812.9] [270/294]
  * #variants in cis = 12
  * Best hit: [id=3_internal_11295, d=-34320, pv=0.000102042, s=0.3009]

Processing phenotype [ENSG00000163814.3] [271/294]
  * #variants in cis = 16
  * Best hit: [id=3_internal_16561, d=26922, pv=4.49697e-10, s=0.4440]

Processing phenotype [ENSG00000249992.1] [272/294]
  * #variants in cis = 16
  * Best hit: [id=3_internal_12962, d=57793, pv=6.38001e-07, s=0.3618]

Processing phenotype [ENSG00000011376.5] [273/294]
  * #variants in cis = 19
  * Best hit: [id=3_internal_12730, d=618040, pv=0.0267871, s=-0.1731]

Processing phenotype [ENSG00000144791.5] [274/294]
  * #variants in cis = 20
  * Best hit: [id=3_internal_15614, d=837381, pv=0.0112808, s=-0.1984]

Processing phenotype [ENSG00000211456.5] [275/294]
  * #variants in cis = 21
  * Best hit: [id=3_internal_11458, d=0, pv=0.00178022, s=-0.2371]

Processing phenotype [ENSG00000230530.1] [276/294]
  * #variants in cis = 21
  * Best hit: [id=3_internal_13264, d=-992467, pv=0.10132, s=0.1268]

Processing phenotype [ENSG00000244357.2] [277/294]
  * #variants in cis = 20
  * Best hit: [id=3_internal_11458, d=0, pv=0.00455149, s=0.2151]

Processing phenotype [ENSG00000163817.11] [278/294]
  * #variants in cis = 19
  * Best hit: [id=3_internal_12962, d=628050, pv=0.00570642, s=-0.2176]

Processing phenotype [ENSG00000173585.11] [279/294]
  * #variants in cis = 19
  * Best hit: [id=3_internal_16205, d=100012, pv=0.0154099, s=0.1899]

Processing phenotype [ENSG00000163818.12] [280/294]
  * #variants in cis = 19
  * Best hit: [id=3_internal_14041, d=-381399, pv=0.0797159, s=0.1377]

Processing phenotype [ENSG00000172215.5] [281/294]
  * #variants in cis = 19
  * Best hit: [id=3_internal_14041, d=356508, pv=7.13661e-05, s=0.3080]

Processing phenotype [ENSG00000163820.10] [282/294]
  * #variants in cis = 19
  * Best hit: [id=3_internal_14041, d=-301617, pv=0.000118095, s=0.2937]

Processing phenotype [ENSG00000229515.1] [283/294]
  * #variants in cis = 17
  * Best hit: [id=3_internal_14041, d=-153764, pv=5.99797e-05, s=0.3001]

Processing phenotype [ENSG00000183625.10] [284/294]
  * #variants in cis = 17
  * Best hit: [id=3_internal_14041, d=133837, pv=2.02663e-12, s=0.5055]

Processing phenotype [ENSG00000163823.3] [285/294]
  * #variants in cis = 16
  * Best hit: [id=3_internal_13258, d=0, pv=8.31417e-06, s=0.3210]

Processing phenotype [ENSG00000121807.5] [286/294]
  * #variants in cis = 15
  * Best hit: [id=3_internal_14041, d=-39952, pv=0.00212374, s=0.2292]

Processing phenotype [ENSG00000160791.12] [287/294]
  * #variants in cis = 15
  * Best hit: [id=3_internal_14041, d=-56360, pv=0.00109207, s=0.2456]

Processing phenotype [ENSG00000223552.1] [288/294]
  * #variants in cis = 15
  * Best hit: [id=3_internal_14041, d=93277, pv=0.000231878, s=0.2804]

Processing phenotype [ENSG00000121797.8] [289/294]
  * #variants in cis = 15
  * Best hit: [id=3_internal_14041, d=-93381, pv=0.000255818, s=0.2630]

Processing phenotype [ENSG00000240310.1] [290/294]
  * #variants in cis = 15
  * Best hit: [id=3_internal_14041, d=-95732, pv=0.00746342, s=0.2089]

Processing phenotype [ENSG00000012223.7] [291/294]
  * #variants in cis = 15
  * Best hit: [id=3_internal_13258, d=121879, pv=0.0489865, s=0.1519]

Processing phenotype [ENSG00000160796.11] [292/294]
  * #variants in cis = 10
  * Best hit: [id=3_internal_11601, d=799609, pv=0.00907413, s=-0.2066]

Processing phenotype [ENSG00000160799.6] [293/294]
  * #variants in cis = 10
  * Best hit: [id=3_internal_16967, d=533270, pv=0.025418, s=0.1735]

Processing phenotype [ENSG00000236409.1] [294/294]
  * #variants in cis = 10
  * Best hit: [id=3_internal_13264, d=-309275, pv=0.0860896, s=0.1360]

Running time: 1 seconds
