Sender: LSF System <lsfadmin@cpt06>
Subject: Job 971652: </data/unige/funpopgen/odelanea/SGX/V2/binaries/qtltools/bin/QTLtools cis --vcf /data/unige/funpopgen/grey2/SYSCID/BLUEPRINT_DATA/CRD/THREE_CELL_TYPES/CLOMICS/CELL_TYPE_COMPARISON_GENE_CRD_ASSOCIATIONS/quantify/70_vs_72_ALL.ALLchr.mean.txt.gz --bed /data/unige/funpopgen/grey2/SYSCID/BLUEPRINT_DATA/CRD/THREE_CELL_TYPES/QTL_TOOLS/EGAD00001002675_v3.0/EGAD00001002675_RNA.PC10.bed.gz --nominal /data/unige/funpopgen/grey2/SYSCID/BLUEPRINT_DATA/CRD/THREE_CELL_TYPES/CLOMICS/CELL_TYPE_COMPARISON_GENE_CRD_ASSOCIATIONS/mapping_aCRD_gene/70_vs_72/gene_CRD_mean_permutations.thresholds.txt --chunk 3 100 --out /data/unige/funpopgen/grey2/SYSCID/BLUEPRINT_DATA/CRD/THREE_CELL_TYPES/CLOMICS/CELL_TYPE_COMPARISON_GENE_CRD_ASSOCIATIONS/mapping_aCRD_gene/70_vs_72/mapping_gene_CRD_mean_chunk3\.txt> in cluster <ug> Done

Job </data/unige/funpopgen/odelanea/SGX/V2/binaries/qtltools/bin/QTLtools cis --vcf /data/unige/funpopgen/grey2/SYSCID/BLUEPRINT_DATA/CRD/THREE_CELL_TYPES/CLOMICS/CELL_TYPE_COMPARISON_GENE_CRD_ASSOCIATIONS/quantify/70_vs_72_ALL.ALLchr.mean.txt.gz --bed /data/unige/funpopgen/grey2/SYSCID/BLUEPRINT_DATA/CRD/THREE_CELL_TYPES/QTL_TOOLS/EGAD00001002675_v3.0/EGAD00001002675_RNA.PC10.bed.gz --nominal /data/unige/funpopgen/grey2/SYSCID/BLUEPRINT_DATA/CRD/THREE_CELL_TYPES/CLOMICS/CELL_TYPE_COMPARISON_GENE_CRD_ASSOCIATIONS/mapping_aCRD_gene/70_vs_72/gene_CRD_mean_permutations.thresholds.txt --chunk 3 100 --out /data/unige/funpopgen/grey2/SYSCID/BLUEPRINT_DATA/CRD/THREE_CELL_TYPES/CLOMICS/CELL_TYPE_COMPARISON_GENE_CRD_ASSOCIATIONS/mapping_aCRD_gene/70_vs_72/mapping_gene_CRD_mean_chunk3\.txt> was submitted from host <cpt01> by user <grey2> in cluster <ug>.
Job was executed on host(s) <cpt06>, in queue <normal>, as user <grey2> in cluster <ug>.
</home/grey2> was used as the home directory.
</data/unige/funpopgen/grey2/SYSCID/BLUEPRINT_DATA/CRD/THREE_CELL_TYPES/CLOMICS/CELL_TYPE_COMPARISON_GENE_CRD_ASSOCIATIONS> was used as the working directory.
Started at Fri Mar 15 14:08:57 2019
Results reported at Fri Mar 15 14:09:02 2019

Your job looked like:

------------------------------------------------------------
# LSBATCH: User input
/data/unige/funpopgen/odelanea/SGX/V2/binaries/qtltools/bin/QTLtools cis --vcf /data/unige/funpopgen/grey2/SYSCID/BLUEPRINT_DATA/CRD/THREE_CELL_TYPES/CLOMICS/CELL_TYPE_COMPARISON_GENE_CRD_ASSOCIATIONS/quantify/70_vs_72_ALL.ALLchr.mean.txt.gz --bed /data/unige/funpopgen/grey2/SYSCID/BLUEPRINT_DATA/CRD/THREE_CELL_TYPES/QTL_TOOLS/EGAD00001002675_v3.0/EGAD00001002675_RNA.PC10.bed.gz --nominal /data/unige/funpopgen/grey2/SYSCID/BLUEPRINT_DATA/CRD/THREE_CELL_TYPES/CLOMICS/CELL_TYPE_COMPARISON_GENE_CRD_ASSOCIATIONS/mapping_aCRD_gene/70_vs_72/gene_CRD_mean_permutations.thresholds.txt --chunk 3 100 --out /data/unige/funpopgen/grey2/SYSCID/BLUEPRINT_DATA/CRD/THREE_CELL_TYPES/CLOMICS/CELL_TYPE_COMPARISON_GENE_CRD_ASSOCIATIONS/mapping_aCRD_gene/70_vs_72/mapping_gene_CRD_mean_chunk3\.txt

------------------------------------------------------------

Successfully completed.

Resource usage summary:

    CPU time :               1.33 sec.
    Max Memory :             2.60 MB
    Average Memory :         2.60 MB
    Total Requested Memory : -
    Delta Memory :           -
    (Delta: the difference between total requested memory and actual max usage.)
    Max Swap :               30 MB

    Max Processes :          1
    Max Threads :            1

The output (if any) follows:


[32mQTLtools[0m
  * Authors : Olivier DELANEAU / Halit ONGEN / Emmanouil DERMITZAKIS
  * Contact : olivier.delaneau@gmail.com / halit.ongen@unige.ch / Emmanouil.Dermitzakis@unige.ch
  * Webpage : https://qtltools.github.io/qtltools/
  * Version : 1.1
  * Date    : 15/03/2019 - 14:09:00
  * Citation: A complete tool set for molecular QTL discovery and analysis, https://doi.org/10.1101/068635

[32mMAPPING QTL IN CIS[0m
  * TASK: Report all nominal associations with p below thresholds in [/data/unige/funpopgen/grey2/SYSCID/BLUEPRINT_DATA/CRD/THREE_CELL_TYPES/CLOMICS/CELL_TYPE_COMPARISON_GENE_CRD_ASSOCIATIONS/mapping_aCRD_gene/70_vs_72/gene_CRD_mean_permutations.thresholds.txt]
  * Linear model: Phe ~ Var
  * Cis-window size is 1000000 bp
  * Chunk = [3/100]

Scanning phenotype data in [/data/unige/funpopgen/grey2/SYSCID/BLUEPRINT_DATA/CRD/THREE_CELL_TYPES/QTL_TOOLS/EGAD00001002675_v3.0/EGAD00001002675_RNA.PC10.bed.gz]
  * 21589 phenotypes included
  * 10706 phenotypes are on the negative strand

Initialize random number generator
  * Built-in seed is 15112011
  * First Integer = 30554
  * First Double = 0.0126695

Reading sample list from [/data/unige/funpopgen/grey2/SYSCID/BLUEPRINT_DATA/CRD/THREE_CELL_TYPES/QTL_TOOLS/EGAD00001002675_v3.0/EGAD00001002675_RNA.PC10.bed.gz]
  * #samples = 196

Reading sample list from [/data/unige/funpopgen/grey2/SYSCID/BLUEPRINT_DATA/CRD/THREE_CELL_TYPES/CLOMICS/CELL_TYPE_COMPARISON_GENE_CRD_ASSOCIATIONS/quantify/70_vs_72_ALL.ALLchr.mean.txt.gz]
  * #samples = 165

Merging sample sets from all input files
  * #files = 2
  * #samples in all files = 165
  * #samples NOT in all files (i.e. ignored) = 31

Reading phenotype data in [/data/unige/funpopgen/grey2/SYSCID/BLUEPRINT_DATA/CRD/THREE_CELL_TYPES/QTL_TOOLS/EGAD00001002675_v3.0/EGAD00001002675_RNA.PC10.bed.gz]
  * target region [11:139117-5959849]
  * 148 phenotypes included
  * 73 phenotypes are on the negative strand

Reading genotype data in [/data/unige/funpopgen/grey2/SYSCID/BLUEPRINT_DATA/CRD/THREE_CELL_TYPES/CLOMICS/CELL_TYPE_COMPARISON_GENE_CRD_ASSOCIATIONS/quantify/70_vs_72_ALL.ALLchr.mean.txt.gz]
  * File format detected: BED
  * 165 samples included
  * 2 samples without phenotype data
  * target region [11:0-6959849]
  * 52 variants included

Reading nominal thresholds in [/data/unige/funpopgen/grey2/SYSCID/BLUEPRINT_DATA/CRD/THREE_CELL_TYPES/CLOMICS/CELL_TYPE_COMPARISON_GENE_CRD_ASSOCIATIONS/mapping_aCRD_gene/70_vs_72/gene_CRD_mean_permutations.thresholds.txt]
  * #phenotypes set = 148

Processing phenotype [ENSG00000230724.3] [1/148]
  * #variants in cis = 15
  * Best hit: [id=11_internal_8410, d=-908289, pv=0.183214, s=-0.1059]

Processing phenotype [ENSG00000177947.9] [2/148]
  * #variants in cis = 15
  * Best hit: [id=11_internal_8066, d=107589, pv=0.0468544, s=0.1580]

Processing phenotype [ENSG00000254559.1] [3/148]
  * #variants in cis = 15
  * Best hit: [id=11_internal_10290, d=107767, pv=0.0115687, s=0.2017]

Processing phenotype [ENSG00000232495.2] [4/148]
  * #variants in cis = 15
  * Best hit: [id=11_internal_8165, d=-1330, pv=0.0120228, s=0.2006]

Processing phenotype [ENSG00000177951.12] [5/148]
  * #variants in cis = 15
  * Best hit: [id=11_internal_10290, d=-103962, pv=0.0249976, s=0.1769]

Processing phenotype [ENSG00000177963.7] [6/148]
  * #variants in cis = 15
  * Best hit: [id=11_internal_8272, d=352340, pv=0.0668275, s=-0.1484]

Processing phenotype [ENSG00000185627.13] [7/148]
  * #variants in cis = 15
  * Best hit: [id=11_internal_8292, d=37901, pv=0.0174578, s=-0.1857]

Processing phenotype [ENSG00000142082.10] [8/148]
  * #variants in cis = 15
  * Best hit: [id=11_internal_8165, d=0, pv=0.000946749, s=0.2570]

Processing phenotype [ENSG00000174885.8] [9/148]
  * #variants in cis = 15
  * Best hit: [id=11_internal_8292, d=0, pv=3.74286e-06, s=0.3376]

Processing phenotype [ENSG00000255026.1] [10/148]
  * #variants in cis = 15
  * Best hit: [id=11_internal_8292, d=0, pv=0.0072426, s=0.2045]

Processing phenotype [ENSG00000142102.11] [11/148]
  * #variants in cis = 15
  * Best hit: [id=11_internal_8292, d=0, pv=0.0047144, s=0.2147]

Processing phenotype [ENSG00000206013.2] [12/148]
  * #variants in cis = 15
  * Best hit: [id=11_internal_10290, d=-11864, pv=0.0447849, s=0.1556]

Processing phenotype [ENSG00000185201.11] [13/148]
  * #variants in cis = 15
  * Best hit: [id=11_internal_10290, d=3759, pv=5.23806e-10, s=0.4667]

Processing phenotype [ENSG00000254910.1] [14/148]
  * #variants in cis = 15
  * Best hit: [id=11_internal_10290, d=-249, pv=4.12309e-10, s=0.4527]

Processing phenotype [ENSG00000185885.11] [15/148]
  * #variants in cis = 15
  * Best hit: [id=11_internal_10290, d=0, pv=9.5201e-23, s=0.6796]

Processing phenotype [ENSG00000251661.2] [16/148]
  * #variants in cis = 15
  * Best hit: [id=11_internal_10290, d=0, pv=3.82029e-20, s=0.6504]

Processing phenotype [ENSG00000142089.10] [17/148]
  * #variants in cis = 15
  * Best hit: [id=11_internal_8066, d=0, pv=4.52853e-07, s=-0.3806]

Processing phenotype [ENSG00000255089.1] [18/148]
  * #variants in cis = 15
  * Best hit: [id=11_internal_10290, d=0, pv=1.19316e-05, s=0.3322]

Processing phenotype [ENSG00000255328.1] [19/148]
  * #variants in cis = 15
  * Best hit: [id=11_internal_10290, d=0, pv=3.69441e-25, s=0.7211]

Processing phenotype [ENSG00000185187.7] [20/148]
  * #variants in cis = 15
  * Best hit: [id=11_internal_10290, d=60801, pv=7.31772e-05, s=0.3029]

Processing phenotype [ENSG00000243562.2] [21/148]
  * #variants in cis = 15
  * Best hit: [id=11_internal_7860, d=-367714, pv=0.0149944, s=-0.1932]

Processing phenotype [ENSG00000174915.7] [22/148]
  * #variants in cis = 15
  * Best hit: [id=11_internal_8754, d=476592, pv=0.0229452, s=0.1741]

Processing phenotype [ENSG00000023191.11] [23/148]
  * #variants in cis = 15
  * Best hit: [id=11_internal_8410, d=-540106, pv=0.115509, s=-0.1219]

Processing phenotype [ENSG00000174775.12] [24/148]
  * #variants in cis = 16
  * Best hit: [id=11_internal_8410, d=-510119, pv=0.0194008, s=-0.1763]

Processing phenotype [ENSG00000254815.1] [25/148]
  * #variants in cis = 16
  * Best hit: [id=11_internal_8165, d=-319215, pv=0.220381, s=-0.0955]

Processing phenotype [ENSG00000099849.10] [26/148]
  * #variants in cis = 16
  * Best hit: [id=11_internal_8272, d=0, pv=0.0736598, s=0.1398]

Processing phenotype [ENSG00000185522.4] [27/148]
  * #variants in cis = 16
  * Best hit: [id=11_internal_8272, d=0, pv=0.0684428, s=0.1428]

Processing phenotype [ENSG00000247095.2] [28/148]
  * #variants in cis = 16
  * Best hit: [id=11_internal_10362, d=-17764, pv=0.0836362, s=0.1336]

Processing phenotype [ENSG00000070047.6] [29/148]
  * #variants in cis = 16
  * Best hit: [id=11_internal_8410, d=470920, pv=0.0412811, s=-0.1589]

Processing phenotype [ENSG00000185507.14] [30/148]
  * #variants in cis = 16
  * Best hit: [id=11_internal_8292, d=324124, pv=0.0454789, s=0.1529]

Processing phenotype [ENSG00000099834.14] [31/148]
  * #variants in cis = 16
  * Best hit: [id=11_internal_8037, d=-69788, pv=0.0916417, s=0.1323]

Processing phenotype [ENSG00000255158.1] [32/148]
  * #variants in cis = 16
  * Best hit: [id=11_internal_8272, d=-76140, pv=0.116781, s=0.1224]

Processing phenotype [ENSG00000177106.9] [33/148]
  * #variants in cis = 16
  * Best hit: [id=11_internal_8272, d=-104668, pv=0.0102373, s=-0.1999]

Processing phenotype [ENSG00000177042.9] [34/148]
  * #variants in cis = 16
  * Best hit: [id=11_internal_8551, d=80693, pv=0.00796376, s=0.1979]

Processing phenotype [ENSG00000177030.11] [35/148]
  * #variants in cis = 16
  * Best hit: [id=11_internal_11134, d=-18317, pv=0.0392164, s=0.1560]

Processing phenotype [ENSG00000177156.6] [36/148]
  * #variants in cis = 16
  * Best hit: [id=11_internal_10362, d=-129330, pv=0.178671, s=-0.1048]

Processing phenotype [ENSG00000177225.11] [37/148]
  * #variants in cis = 17
  * Best hit: [id=11_internal_8754, d=-147359, pv=0.00403046, s=0.2212]

Processing phenotype [ENSG00000255284.1] [38/148]
  * #variants in cis = 17
  * Best hit: [id=11_internal_11134, d=-38524, pv=0.0274248, s=0.1720]

Processing phenotype [ENSG00000177236.3] [39/148]
  * #variants in cis = 17
  * Best hit: [id=11_internal_7933, d=-264817, pv=0.0116681, s=0.1988]

Processing phenotype [ENSG00000255142.1] [40/148]
  * #variants in cis = 17
  * Best hit: [id=11_internal_10362, d=-163646, pv=0.105154, s=-0.1265]

Processing phenotype [ENSG00000184524.5] [41/148]
  * #variants in cis = 17
  * Best hit: [id=11_internal_8410, d=-257283, pv=0.0578292, s=-0.1428]

Processing phenotype [ENSG00000177542.6] [42/148]
  * #variants in cis = 17
  * Best hit: [id=11_internal_9535, d=0, pv=0.00784211, s=0.2028]

Processing phenotype [ENSG00000177600.4] [43/148]
  * #variants in cis = 17
  * Best hit: [id=11_internal_8272, d=-219877, pv=0.0843152, s=0.1351]

Processing phenotype [ENSG00000177595.12] [44/148]
  * #variants in cis = 17
  * Best hit: [id=11_internal_11134, d=70699, pv=0.00699576, s=0.2052]

Processing phenotype [ENSG00000199785.1] [45/148]
  * #variants in cis = 17
  * Best hit: [id=11_internal_8292, d=-519806, pv=0.0465634, s=-0.1590]

Processing phenotype [ENSG00000177666.11] [46/148]
  * #variants in cis = 18
  * Best hit: [id=11_internal_8037, d=-115079, pv=0.00625749, s=0.2094]

Processing phenotype [ENSG00000177685.11] [47/148]
  * #variants in cis = 18
  * Best hit: [id=11_internal_8551, d=-27136, pv=0.000357303, s=0.2738]

Processing phenotype [ENSG00000177697.12] [48/148]
  * #variants in cis = 18
  * Best hit: [id=11_internal_9535, d=0, pv=3.63782e-11, s=0.4936]

Processing phenotype [ENSG00000255108.1] [49/148]
  * #variants in cis = 18
  * Best hit: [id=11_internal_8292, d=541008, pv=0.000171011, s=0.2848]

Processing phenotype [ENSG00000177700.5] [50/148]
  * #variants in cis = 18
  * Best hit: [id=11_internal_8754, d=-82315, pv=0.0590532, s=-0.1481]

Processing phenotype [ENSG00000177830.13] [51/148]
  * #variants in cis = 20
  * Best hit: [id=11_internal_10290, d=558404, pv=0.00650595, s=-0.2100]

Processing phenotype [ENSG00000183020.8] [52/148]
  * #variants in cis = 20
  * Best hit: [id=11_internal_8410, d=122512, pv=0.00876623, s=0.2006]

Processing phenotype [ENSG00000184956.11] [53/148]
  * #variants in cis = 22
  * Best hit: [id=11_internal_8410, d=-10700, pv=0.00288391, s=0.2232]

Processing phenotype [ENSG00000117983.13] [54/148]
  * #variants in cis = 22
  * Best hit: [id=11_internal_10845, d=568794, pv=0.000970442, s=-0.2506]

Processing phenotype [ENSG00000267950.1] [55/148]
  * #variants in cis = 21
  * Best hit: [id=11_internal_8252, d=562419, pv=0.159641, s=-0.1084]

Processing phenotype [ENSG00000078902.11] [56/148]
  * #variants in cis = 20
  * Best hit: [id=11_internal_8410, d=256868, pv=0.0485232, s=-0.1545]

Processing phenotype [ENSG00000255153.1] [57/148]
  * #variants in cis = 20
  * Best hit: [id=11_internal_7650, d=441058, pv=0.00473722, s=0.2163]

Processing phenotype [ENSG00000174672.11] [58/148]
  * #variants in cis = 19
  * Best hit: [id=11_internal_8410, d=-337113, pv=0.0804839, s=-0.1364]

Processing phenotype [ENSG00000182208.8] [59/148]
  * #variants in cis = 21
  * Best hit: [id=11_internal_8252, d=-335751, pv=0.0773684, s=-0.1403]

Processing phenotype [ENSG00000244242.1] [60/148]
  * #variants in cis = 19
  * Best hit: [id=11_internal_7650, d=-236, pv=0.00398967, s=0.2156]

Processing phenotype [ENSG00000250644.1] [61/148]
  * #variants in cis = 19
  * Best hit: [id=11_internal_7650, d=0, pv=0.120836, s=0.1130]

Processing phenotype [ENSG00000235027.1] [62/148]
  * #variants in cis = 19
  * Best hit: [id=11_internal_7650, d=0, pv=0.00103324, s=0.2415]

Processing phenotype [ENSG00000229512.1] [63/148]
  * #variants in cis = 19
  * Best hit: [id=11_internal_8299, d=-716674, pv=0.0354053, s=-0.1648]

Processing phenotype [ENSG00000117984.8] [64/148]
  * #variants in cis = 19
  * Best hit: [id=11_internal_9136, d=-702954, pv=0.0554189, s=-0.1417]

Processing phenotype [ENSG00000130598.11] [65/148]
  * #variants in cis = 16
  * Best hit: [id=11_internal_7650, d=-54757, pv=0.192148, s=0.1032]

Processing phenotype [ENSG00000130592.9] [66/148]
  * #variants in cis = 16
  * Best hit: [id=11_internal_12275, d=827120, pv=0.104414, s=0.1296]

Processing phenotype [ENSG00000264493.1] [67/148]
  * #variants in cis = 16
  * Best hit: [id=11_internal_7650, d=75304, pv=0.0559477, s=0.1501]

Processing phenotype [ENSG00000249086.1] [68/148]
  * #variants in cis = 16
  * Best hit: [id=11_internal_7650, d=-79945, pv=0.0579881, s=0.1525]

Processing phenotype [ENSG00000184682.5] [69/148]
  * #variants in cis = 17
  * Best hit: [id=11_internal_8239, d=-640541, pv=0.141881, s=0.1169]

Processing phenotype [ENSG00000130595.12] [70/148]
  * #variants in cis = 16
  * Best hit: [id=11_internal_8239, d=611833, pv=0.0759592, s=-0.1373]

Processing phenotype [ENSG00000252187.1] [71/148]
  * #variants in cis = 16
  * Best hit: [id=11_internal_8299, d=-560165, pv=0.0837319, s=-0.1346]

Processing phenotype [ENSG00000214026.6] [72/148]
  * #variants in cis = 19
  * Best hit: [id=11_internal_11945, d=0, pv=0.0156743, s=0.1827]

Processing phenotype [ENSG00000226416.1] [73/148]
  * #variants in cis = 18
  * Best hit: [id=11_internal_8410, d=937134, pv=0.0286543, s=-0.1649]

Processing phenotype [ENSG00000183734.4] [74/148]
  * #variants in cis = 21
  * Best hit: [id=11_internal_10845, d=444665, pv=0.0244075, s=0.1776]

Processing phenotype [ENSG00000064201.10] [75/148]
  * #variants in cis = 21
  * Best hit: [id=11_internal_9629, d=588672, pv=0.0197026, s=0.1799]

Processing phenotype [ENSG00000110665.7] [76/148]
  * #variants in cis = 21
  * Best hit: [id=11_internal_12275, d=-377041, pv=0.00360721, s=0.2311]

Processing phenotype [ENSG00000207308.1] [77/148]
  * #variants in cis = 21
  * Best hit: [id=11_internal_8252, d=-402731, pv=0.0710701, s=0.1445]

Processing phenotype [ENSG00000110651.6] [78/148]
  * #variants in cis = 21
  * Best hit: [id=11_internal_9957, d=756936, pv=0.0196048, s=0.1844]

Processing phenotype [ENSG00000184281.10] [79/148]
  * #variants in cis = 21
  * Best hit: [id=11_internal_7650, d=-616256, pv=0.00571426, s=-0.2102]

Processing phenotype [ENSG00000230483.1] [80/148]
  * #variants in cis = 21
  * Best hit: [id=11_internal_9216, d=624844, pv=0.00187244, s=0.2296]

Processing phenotype [ENSG00000070985.9] [81/148]
  * #variants in cis = 21
  * Best hit: [id=11_internal_9216, d=-606314, pv=0.0014333, s=0.2387]

Processing phenotype [ENSG00000053918.10] [82/148]
  * #variants in cis = 21
  * Best hit: [id=11_internal_8057, d=14114, pv=1.48226e-05, s=0.3298]

Processing phenotype [ENSG00000269821.1] [83/148]
  * #variants in cis = 22
  * Best hit: [id=11_internal_8057, d=171366, pv=5.88968e-07, s=0.3771]

Processing phenotype [ENSG00000236041.1] [84/148]
  * #variants in cis = 23
  * Best hit: [id=11_internal_8057, d=-242728, pv=0.0136968, s=0.1957]

Processing phenotype [ENSG00000229414.2] [85/148]
  * #variants in cis = 22
  * Best hit: [id=11_internal_10405, d=-820287, pv=0.0337251, s=0.1679]

Processing phenotype [ENSG00000129757.8] [86/148]
  * #variants in cis = 22
  * Best hit: [id=11_internal_12275, d=47897, pv=2.24331e-09, s=0.4397]

Processing phenotype [ENSG00000110628.9] [87/148]
  * #variants in cis = 22
  * Best hit: [id=11_internal_9629, d=0, pv=8.04971e-22, s=0.6685]

Processing phenotype [ENSG00000254827.1] [88/148]
  * #variants in cis = 22
  * Best hit: [id=11_internal_9629, d=0, pv=4.86266e-21, s=0.6575]

Processing phenotype [ENSG00000224636.2] [89/148]
  * #variants in cis = 20
  * Best hit: [id=11_internal_8958, d=-994861, pv=0.0867052, s=0.1274]

Processing phenotype [ENSG00000207008.1] [90/148]
  * #variants in cis = 19
  * Best hit: [id=11_internal_7543, d=0, pv=0.114467, s=-0.1282]

Processing phenotype [ENSG00000183562.2] [91/148]
  * #variants in cis = 19
  * Best hit: [id=11_internal_9629, d=-85090, pv=0.000717655, s=0.2600]

Processing phenotype [ENSG00000205531.7] [92/148]
  * #variants in cis = 19
  * Best hit: [id=11_internal_9629, d=87604, pv=2.70653e-05, s=0.3195]

Processing phenotype [ENSG00000247473.1] [93/148]
  * #variants in cis = 18
  * Best hit: [id=11_internal_9216, d=0, pv=0.137227, s=-0.1139]

Processing phenotype [ENSG00000201616.1] [94/148]
  * #variants in cis = 18
  * Best hit: [id=11_internal_9136, d=564809, pv=0.0437284, s=-0.1647]

Processing phenotype [ENSG00000110619.12] [95/148]
  * #variants in cis = 18
  * Best hit: [id=11_internal_8255, d=862092, pv=0.0370945, s=-0.1653]

Processing phenotype [ENSG00000021762.15] [96/148]
  * #variants in cis = 18
  * Best hit: [id=11_internal_8720, d=38070, pv=2.39545e-11, s=0.4623]

Processing phenotype [ENSG00000005801.11] [97/148]
  * #variants in cis = 17
  * Best hit: [id=11_internal_9957, d=183370, pv=0.00313497, s=0.2314]

Processing phenotype [ENSG00000129744.2] [98/148]
  * #variants in cis = 16
  * Best hit: [id=11_internal_8461, d=787536, pv=0.0506786, s=-0.1555]

Processing phenotype [ENSG00000201279.1] [99/148]
  * #variants in cis = 16
  * Best hit: [id=11_internal_9216, d=625180, pv=0.143699, s=0.1142]

Processing phenotype [ENSG00000200201.1] [100/148]
  * #variants in cis = 16
  * Best hit: [id=11_internal_7543, d=701074, pv=0.091454, s=0.1347]

Processing phenotype [ENSG00000129749.3] [101/148]
  * #variants in cis = 16
  * Best hit: [id=11_internal_10758, d=-761098, pv=0.00223577, s=0.2386]

Processing phenotype [ENSG00000238686.1] [102/148]
  * #variants in cis = 16
  * Best hit: [id=11_internal_7692, d=163754, pv=0.00402505, s=-0.2236]

Processing phenotype [ENSG00000251934.1] [103/148]
  * #variants in cis = 16
  * Best hit: [id=11_internal_7543, d=750690, pv=0.0205445, s=-0.1776]

Processing phenotype [ENSG00000238304.1] [104/148]
  * #variants in cis = 16
  * Best hit: [id=11_internal_9629, d=-876622, pv=0.0124739, s=0.1927]

Processing phenotype [ENSG00000148985.15] [105/148]
  * #variants in cis = 16
  * Best hit: [id=11_internal_10758, d=634758, pv=0.0460866, s=0.1602]

Processing phenotype [ENSG00000110713.11] [106/148]
  * #variants in cis = 16
  * Best hit: [id=11_internal_10742, d=131396, pv=0.0157626, s=0.1913]

Processing phenotype [ENSG00000250404.1] [107/148]
  * #variants in cis = 16
  * Best hit: [id=11_internal_8720, d=-688083, pv=0.0164257, s=-0.1908]

Processing phenotype [ENSG00000177105.9] [108/148]
  * #variants in cis = 15
  * Best hit: [id=11_internal_9629, d=936210, pv=0.253425, s=-0.0873]

Processing phenotype [ENSG00000167323.5] [109/148]
  * #variants in cis = 15
  * Best hit: [id=11_internal_8887, d=-829843, pv=0.0221559, s=0.1725]

Processing phenotype [ENSG00000229368.1] [110/148]
  * #variants in cis = 15
  * Best hit: [id=11_internal_10405, d=-153621, pv=0.0811364, s=-0.1394]

Processing phenotype [ENSG00000228661.1] [111/148]
  * #variants in cis = 15
  * Best hit: [id=11_internal_7795, d=895830, pv=0.209488, s=0.1002]

Processing phenotype [ENSG00000263421.1] [112/148]
  * #variants in cis = 15
  * Best hit: [id=11_internal_7795, d=-896383, pv=0.0350661, s=-0.1591]

Processing phenotype [ENSG00000230593.2] [113/148]
  * #variants in cis = 15
  * Best hit: [id=11_internal_9629, d=988117, pv=0.0310618, s=0.1699]

Processing phenotype [ENSG00000206976.1] [114/148]
  * #variants in cis = 14
  * Best hit: [id=11_internal_8720, d=-793898, pv=0.12355, s=-0.1220]

Processing phenotype [ENSG00000255232.1] [115/148]
  * #variants in cis = 12
  * Best hit: [id=11_internal_8461, d=471387, pv=0.18847, s=-0.1009]

Processing phenotype [ENSG00000255141.1] [116/148]
  * #variants in cis = 11
  * Best hit: [id=11_internal_8461, d=-458427, pv=0.30958, s=0.0777]

Processing phenotype [ENSG00000224555.2] [117/148]
  * #variants in cis = 11
  * Best hit: [id=11_internal_8461, d=-443201, pv=0.0769433, s=0.1335]

Processing phenotype [ENSG00000240385.1] [118/148]
  * #variants in cis = 11
  * Best hit: [id=11_internal_8665, d=-285473, pv=0.0194908, s=0.1825]

Processing phenotype [ENSG00000167325.10] [119/148]
  * #variants in cis = 9
  * Best hit: [id=11_internal_10758, d=337775, pv=0.00843052, s=0.2014]

Processing phenotype [ENSG00000221996.2] [120/148]
  * #variants in cis = 7
  * Best hit: [id=11_internal_9755, d=-21603, pv=0.0371394, s=0.1659]

Processing phenotype [ENSG00000175800.4] [121/148]
  * #variants in cis = 7
  * Best hit: [id=11_internal_9755, d=11707, pv=0.147251, s=0.1148]

Processing phenotype [ENSG00000132109.8] [122/148]
  * #variants in cis = 7
  * Best hit: [id=11_internal_10405, d=692705, pv=0.0328136, s=-0.1681]

Processing phenotype [ENSG00000237272.1] [123/148]
  * #variants in cis = 7
  * Best hit: [id=11_internal_10758, d=14422, pv=1.9406e-11, s=0.4858]

Processing phenotype [ENSG00000171999.6] [124/148]
  * #variants in cis = 7
  * Best hit: [id=11_internal_10758, d=-205, pv=3.77282e-06, s=0.3430]

Processing phenotype [ENSG00000221030.1] [125/148]
  * #variants in cis = 7
  * Best hit: [id=11_internal_10758, d=0, pv=2.07519e-06, s=0.3683]

Processing phenotype [ENSG00000181963.5] [126/148]
  * #variants in cis = 7
  * Best hit: [id=11_internal_10758, d=0, pv=5.77999e-09, s=0.4289]

Processing phenotype [ENSG00000225101.3] [127/148]
  * #variants in cis = 7
  * Best hit: [id=11_internal_10758, d=0, pv=3.32599e-08, s=0.4081]

Processing phenotype [ENSG00000196778.2] [128/148]
  * #variants in cis = 7
  * Best hit: [id=11_internal_10758, d=-2213, pv=5.9895e-06, s=0.3326]

Processing phenotype [ENSG00000226616.1] [129/148]
  * #variants in cis = 7
  * Best hit: [id=11_internal_10758, d=29258, pv=0.0027717, s=0.2253]

Processing phenotype [ENSG00000167333.8] [130/148]
  * #variants in cis = 7
  * Best hit: [id=11_internal_10405, d=907268, pv=0.224023, s=-0.0948]

Processing phenotype [ENSG00000244734.1] [131/148]
  * #variants in cis = 9
  * Best hit: [id=11_internal_10586, d=-927183, pv=0.0244378, s=-0.1785]

Processing phenotype [ENSG00000175518.6] [132/148]
  * #variants in cis = 7
  * Best hit: [id=11_internal_11958, d=-491157, pv=0.115154, s=0.1220]

Processing phenotype [ENSG00000224295.2] [133/148]
  * #variants in cis = 7
  * Best hit: [id=11_internal_9632, d=-568374, pv=0.213073, s=-0.0985]

Processing phenotype [ENSG00000249633.1] [134/148]
  * #variants in cis = 7
  * Best hit: [id=11_internal_8188, d=-155392, pv=0.335713, s=-0.0753]

Processing phenotype [ENSG00000181616.7] [135/148]
  * #variants in cis = 7
  * Best hit: [id=11_internal_8461, d=0, pv=0.147409, s=0.1141]

Processing phenotype [ENSG00000248553.1] [136/148]
  * #variants in cis = 7
  * Best hit: [id=11_internal_10586, d=-604015, pv=0.312281, s=-0.0785]

Processing phenotype [ENSG00000231049.1] [137/148]
  * #variants in cis = 7
  * Best hit: [id=11_internal_8191, d=247271, pv=0.26718, s=0.0876]

Processing phenotype [ENSG00000233646.1] [138/148]
  * #variants in cis = 7
  * Best hit: [id=11_internal_8461, d=0, pv=0.056236, s=-0.1436]

Processing phenotype [ENSG00000229534.1] [139/148]
  * #variants in cis = 7
  * Best hit: [id=11_internal_8461, d=0, pv=0.31714, s=-0.0756]

Processing phenotype [ENSG00000187747.2] [140/148]
  * #variants in cis = 7
  * Best hit: [id=11_internal_10586, d=575701, pv=0.0686419, s=-0.1444]

Processing phenotype [ENSG00000121236.14] [141/148]
  * #variants in cis = 7
  * Best hit: [id=11_internal_8191, d=212129, pv=0.122362, s=0.1214]

Processing phenotype [ENSG00000258588.2] [142/148]
  * #variants in cis = 7
  * Best hit: [id=11_internal_8188, d=86841, pv=0.101304, s=0.1331]

Processing phenotype [ENSG00000258659.2] [143/148]
  * #variants in cis = 8
  * Best hit: [id=11_internal_8188, d=63802, pv=0.0782156, s=0.1426]

Processing phenotype [ENSG00000239920.1] [144/148]
  * #variants in cis = 8
  * Best hit: [id=11_internal_8191, d=-183342, pv=0.277319, s=0.0888]

Processing phenotype [ENSG00000196565.7] [145/148]
  * #variants in cis = 9
  * Best hit: [id=11_internal_8188, d=-37777, pv=0.192105, s=0.0967]

Processing phenotype [ENSG00000132274.11] [146/148]
  * #variants in cis = 9
  * Best hit: [id=11_internal_8188, d=0, pv=0.000219333, s=0.2959]

Processing phenotype [ENSG00000232381.1] [147/148]
  * #variants in cis = 10
  * Best hit: [id=11_internal_8188, d=-25986, pv=0.00226537, s=0.2412]

Processing phenotype [ENSG00000132256.14] [148/148]
  * #variants in cis = 10
  * Best hit: [id=11_internal_8188, d=245315, pv=0.125506, s=0.1219]

Running time: 1 seconds
