Sender: LSF System <lsfadmin@cpt02>
Subject: Job 971653: </data/unige/funpopgen/odelanea/SGX/V2/binaries/qtltools/bin/QTLtools cis --vcf /data/unige/funpopgen/grey2/SYSCID/BLUEPRINT_DATA/CRD/THREE_CELL_TYPES/CLOMICS/CELL_TYPE_COMPARISON_GENE_CRD_ASSOCIATIONS/quantify/70_vs_72_ALL.ALLchr.mean.txt.gz --bed /data/unige/funpopgen/grey2/SYSCID/BLUEPRINT_DATA/CRD/THREE_CELL_TYPES/QTL_TOOLS/EGAD00001002675_v3.0/EGAD00001002675_RNA.PC10.bed.gz --nominal /data/unige/funpopgen/grey2/SYSCID/BLUEPRINT_DATA/CRD/THREE_CELL_TYPES/CLOMICS/CELL_TYPE_COMPARISON_GENE_CRD_ASSOCIATIONS/mapping_aCRD_gene/70_vs_72/gene_CRD_mean_permutations.thresholds.txt --chunk 4 100 --out /data/unige/funpopgen/grey2/SYSCID/BLUEPRINT_DATA/CRD/THREE_CELL_TYPES/CLOMICS/CELL_TYPE_COMPARISON_GENE_CRD_ASSOCIATIONS/mapping_aCRD_gene/70_vs_72/mapping_gene_CRD_mean_chunk4\.txt> in cluster <ug> Done

Job </data/unige/funpopgen/odelanea/SGX/V2/binaries/qtltools/bin/QTLtools cis --vcf /data/unige/funpopgen/grey2/SYSCID/BLUEPRINT_DATA/CRD/THREE_CELL_TYPES/CLOMICS/CELL_TYPE_COMPARISON_GENE_CRD_ASSOCIATIONS/quantify/70_vs_72_ALL.ALLchr.mean.txt.gz --bed /data/unige/funpopgen/grey2/SYSCID/BLUEPRINT_DATA/CRD/THREE_CELL_TYPES/QTL_TOOLS/EGAD00001002675_v3.0/EGAD00001002675_RNA.PC10.bed.gz --nominal /data/unige/funpopgen/grey2/SYSCID/BLUEPRINT_DATA/CRD/THREE_CELL_TYPES/CLOMICS/CELL_TYPE_COMPARISON_GENE_CRD_ASSOCIATIONS/mapping_aCRD_gene/70_vs_72/gene_CRD_mean_permutations.thresholds.txt --chunk 4 100 --out /data/unige/funpopgen/grey2/SYSCID/BLUEPRINT_DATA/CRD/THREE_CELL_TYPES/CLOMICS/CELL_TYPE_COMPARISON_GENE_CRD_ASSOCIATIONS/mapping_aCRD_gene/70_vs_72/mapping_gene_CRD_mean_chunk4\.txt> was submitted from host <cpt01> by user <grey2> in cluster <ug>.
Job was executed on host(s) <cpt02>, in queue <normal>, as user <grey2> in cluster <ug>.
</home/grey2> was used as the home directory.
</data/unige/funpopgen/grey2/SYSCID/BLUEPRINT_DATA/CRD/THREE_CELL_TYPES/CLOMICS/CELL_TYPE_COMPARISON_GENE_CRD_ASSOCIATIONS> was used as the working directory.
Started at Fri Mar 15 14:08:57 2019
Results reported at Fri Mar 15 14:09:01 2019

Your job looked like:

------------------------------------------------------------
# LSBATCH: User input
/data/unige/funpopgen/odelanea/SGX/V2/binaries/qtltools/bin/QTLtools cis --vcf /data/unige/funpopgen/grey2/SYSCID/BLUEPRINT_DATA/CRD/THREE_CELL_TYPES/CLOMICS/CELL_TYPE_COMPARISON_GENE_CRD_ASSOCIATIONS/quantify/70_vs_72_ALL.ALLchr.mean.txt.gz --bed /data/unige/funpopgen/grey2/SYSCID/BLUEPRINT_DATA/CRD/THREE_CELL_TYPES/QTL_TOOLS/EGAD00001002675_v3.0/EGAD00001002675_RNA.PC10.bed.gz --nominal /data/unige/funpopgen/grey2/SYSCID/BLUEPRINT_DATA/CRD/THREE_CELL_TYPES/CLOMICS/CELL_TYPE_COMPARISON_GENE_CRD_ASSOCIATIONS/mapping_aCRD_gene/70_vs_72/gene_CRD_mean_permutations.thresholds.txt --chunk 4 100 --out /data/unige/funpopgen/grey2/SYSCID/BLUEPRINT_DATA/CRD/THREE_CELL_TYPES/CLOMICS/CELL_TYPE_COMPARISON_GENE_CRD_ASSOCIATIONS/mapping_aCRD_gene/70_vs_72/mapping_gene_CRD_mean_chunk4\.txt

------------------------------------------------------------

Successfully completed.

Resource usage summary:

    CPU time :               1.10 sec.
    Max Memory :             3.12 MB
    Average Memory :         3.12 MB
    Total Requested Memory : -
    Delta Memory :           -
    (Delta: the difference between total requested memory and actual max usage.)
    Max Swap :               31 MB

    Max Processes :          1
    Max Threads :            1

The output (if any) follows:


[32mQTLtools[0m
  * Authors : Olivier DELANEAU / Halit ONGEN / Emmanouil DERMITZAKIS
  * Contact : olivier.delaneau@gmail.com / halit.ongen@unige.ch / Emmanouil.Dermitzakis@unige.ch
  * Webpage : https://qtltools.github.io/qtltools/
  * Version : 1.1
  * Date    : 15/03/2019 - 14:09:00
  * Citation: A complete tool set for molecular QTL discovery and analysis, https://doi.org/10.1101/068635

[32mMAPPING QTL IN CIS[0m
  * TASK: Report all nominal associations with p below thresholds in [/data/unige/funpopgen/grey2/SYSCID/BLUEPRINT_DATA/CRD/THREE_CELL_TYPES/CLOMICS/CELL_TYPE_COMPARISON_GENE_CRD_ASSOCIATIONS/mapping_aCRD_gene/70_vs_72/gene_CRD_mean_permutations.thresholds.txt]
  * Linear model: Phe ~ Var
  * Cis-window size is 1000000 bp
  * Chunk = [4/100]

Scanning phenotype data in [/data/unige/funpopgen/grey2/SYSCID/BLUEPRINT_DATA/CRD/THREE_CELL_TYPES/QTL_TOOLS/EGAD00001002675_v3.0/EGAD00001002675_RNA.PC10.bed.gz]
  * 21589 phenotypes included
  * 10706 phenotypes are on the negative strand

Initialize random number generator
  * Built-in seed is 15112011
  * First Integer = 30554
  * First Double = 0.0126695

Reading sample list from [/data/unige/funpopgen/grey2/SYSCID/BLUEPRINT_DATA/CRD/THREE_CELL_TYPES/QTL_TOOLS/EGAD00001002675_v3.0/EGAD00001002675_RNA.PC10.bed.gz]
  * #samples = 196

Reading sample list from [/data/unige/funpopgen/grey2/SYSCID/BLUEPRINT_DATA/CRD/THREE_CELL_TYPES/CLOMICS/CELL_TYPE_COMPARISON_GENE_CRD_ASSOCIATIONS/quantify/70_vs_72_ALL.ALLchr.mean.txt.gz]
  * #samples = 165

Merging sample sets from all input files
  * #files = 2
  * #samples in all files = 165
  * #samples NOT in all files (i.e. ignored) = 31

Reading phenotype data in [/data/unige/funpopgen/grey2/SYSCID/BLUEPRINT_DATA/CRD/THREE_CELL_TYPES/QTL_TOOLS/EGAD00001002675_v3.0/EGAD00001002675_RNA.PC10.bed.gz]
  * target region [12:73725-28286182]
  * 290 phenotypes included
  * 146 phenotypes are on the negative strand

Reading genotype data in [/data/unige/funpopgen/grey2/SYSCID/BLUEPRINT_DATA/CRD/THREE_CELL_TYPES/CLOMICS/CELL_TYPE_COMPARISON_GENE_CRD_ASSOCIATIONS/quantify/70_vs_72_ALL.ALLchr.mean.txt.gz]
  * File format detected: BED
  * 165 samples included
  * 2 samples without phenotype data
  * target region [12:0-29286182]
  * 133 variants included

Reading nominal thresholds in [/data/unige/funpopgen/grey2/SYSCID/BLUEPRINT_DATA/CRD/THREE_CELL_TYPES/CLOMICS/CELL_TYPE_COMPARISON_GENE_CRD_ASSOCIATIONS/mapping_aCRD_gene/70_vs_72/gene_CRD_mean_permutations.thresholds.txt]
  * #phenotypes set = 290

Processing phenotype [ENSG00000226210.2] [1/290]
  * #variants in cis = 8
  * Best hit: [id=12_internal_9873, d=0, pv=1.25811e-17, s=0.5709]

Processing phenotype [ENSG00000256263.1] [2/290]
  * #variants in cis = 8
  * Best hit: [id=12_internal_9873, d=600, pv=1.66736e-06, s=0.3539]

Processing phenotype [ENSG00000256577.1] [3/290]
  * #variants in cis = 9
  * Best hit: [id=12_internal_10468, d=-17861, pv=5.75671e-05, s=0.3022]

Processing phenotype [ENSG00000111181.8] [4/290]
  * #variants in cis = 9
  * Best hit: [id=12_internal_10468, d=28789, pv=5.26975e-07, s=0.3645]

Processing phenotype [ENSG00000010379.11] [5/290]
  * #variants in cis = 9
  * Best hit: [id=12_internal_9873, d=279209, pv=0.0246722, s=-0.1699]

Processing phenotype [ENSG00000261799.1] [6/290]
  * #variants in cis = 9
  * Best hit: [id=12_internal_11953, d=-112415, pv=0.0113166, s=0.2012]

Processing phenotype [ENSG00000120647.5] [7/290]
  * #variants in cis = 12
  * Best hit: [id=12_internal_9677, d=899110, pv=0.0079946, s=0.1936]

Processing phenotype [ENSG00000073614.7] [8/290]
  * #variants in cis = 12
  * Best hit: [id=12_internal_9177, d=-148592, pv=0.00370909, s=0.2229]

Processing phenotype [ENSG00000139044.6] [9/290]
  * #variants in cis = 12
  * Best hit: [id=12_internal_9177, d=77682, pv=1.10239e-26, s=0.7273]

Processing phenotype [ENSG00000256020.1] [10/290]
  * #variants in cis = 12
  * Best hit: [id=12_internal_10918, d=-691012, pv=0.000476716, s=-0.2756]

Processing phenotype [ENSG00000238370.1] [11/290]
  * #variants in cis = 12
  * Best hit: [id=12_internal_9461, d=-456732, pv=0.0247384, s=0.1636]

Processing phenotype [ENSG00000255825.1] [12/290]
  * #variants in cis = 12
  * Best hit: [id=12_internal_10918, d=686865, pv=0.0379348, s=-0.1651]

Processing phenotype [ENSG00000177406.4] [13/290]
  * #variants in cis = 12
  * Best hit: [id=12_internal_14284, d=0, pv=9.93461e-08, s=0.3816]

Processing phenotype [ENSG00000171840.7] [14/290]
  * #variants in cis = 13
  * Best hit: [id=12_internal_14284, d=15628, pv=2.13444e-05, s=0.3199]

Processing phenotype [ENSG00000060237.12] [15/290]
  * #variants in cis = 13
  * Best hit: [id=12_internal_10588, d=82309, pv=0.074085, s=0.1398]

Processing phenotype [ENSG00000221439.1] [16/290]
  * #variants in cis = 13
  * Best hit: [id=12_internal_11134, d=117231, pv=0.0890606, s=-0.1315]

Processing phenotype [ENSG00000082805.14] [17/290]
  * #variants in cis = 14
  * Best hit: [id=12_internal_9361, d=938624, pv=0.0719121, s=-0.1436]

Processing phenotype [ENSG00000002016.11] [18/290]
  * #variants in cis = 14
  * Best hit: [id=12_internal_9461, d=-55131, pv=0.0162381, s=0.1845]

Processing phenotype [ENSG00000267285.1] [19/290]
  * #variants in cis = 17
  * Best hit: [id=12_internal_9361, d=543300, pv=0.0683743, s=-0.1461]

Processing phenotype [ENSG00000249028.2] [20/290]
  * #variants in cis = 17
  * Best hit: [id=12_internal_9361, d=-537631, pv=0.00271906, s=-0.2365]

Processing phenotype [ENSG00000171823.6] [21/290]
  * #variants in cis = 16
  * Best hit: [id=12_internal_9461, d=490076, pv=0.187227, s=-0.1059]

Processing phenotype [ENSG00000006831.9] [22/290]
  * #variants in cis = 15
  * Best hit: [id=12_internal_9677, d=-377146, pv=0.00649049, s=0.2140]

Processing phenotype [ENSG00000243663.1] [23/290]
  * #variants in cis = 14
  * Best hit: [id=12_internal_10878, d=-524346, pv=0.044812, s=0.1577]

Processing phenotype [ENSG00000256706.1] [24/290]
  * #variants in cis = 12
  * Best hit: [id=12_internal_10878, d=364406, pv=0.00990987, s=-0.2045]

Processing phenotype [ENSG00000151062.10] [25/290]
  * #variants in cis = 12
  * Best hit: [id=12_internal_9834, d=-414595, pv=0.0154111, s=0.1899]

Processing phenotype [ENSG00000235049.1] [26/290]
  * #variants in cis = 12
  * Best hit: [id=12_internal_9279, d=-357550, pv=0.0152221, s=0.1915]

Processing phenotype [ENSG00000151065.9] [27/290]
  * #variants in cis = 12
  * Best hit: [id=12_internal_11462, d=-489470, pv=0.00650231, s=0.2077]

Processing phenotype [ENSG00000004478.5] [28/290]
  * #variants in cis = 10
  * Best hit: [id=12_internal_12989, d=-339927, pv=0.00614527, s=-0.2078]

Processing phenotype [ENSG00000258092.1] [29/290]
  * #variants in cis = 10
  * Best hit: [id=12_internal_11597, d=-395368, pv=0.00547408, s=0.2162]

Processing phenotype [ENSG00000111203.7] [30/290]
  * #variants in cis = 10
  * Best hit: [id=12_internal_9279, d=-467185, pv=0.106163, s=0.1264]

Processing phenotype [ENSG00000258325.1] [31/290]
  * #variants in cis = 10
  * Best hit: [id=12_internal_9279, d=467465, pv=0.337138, s=0.0759]

Processing phenotype [ENSG00000053702.10] [32/290]
  * #variants in cis = 10
  * Best hit: [id=12_internal_8738, d=992375, pv=0.186901, s=-0.1051]

Processing phenotype [ENSG00000171792.5] [33/290]
  * #variants in cis = 9
  * Best hit: [id=12_internal_9279, d=-530821, pv=0.0289386, s=-0.1710]

Processing phenotype [ENSG00000111206.8] [34/290]
  * #variants in cis = 9
  * Best hit: [id=12_internal_9248, d=-826826, pv=0.292786, s=0.0787]

Processing phenotype [ENSG00000078246.10] [35/290]
  * #variants in cis = 9
  * Best hit: [id=12_internal_9361, d=-944297, pv=0.00324026, s=0.2303]

Processing phenotype [ENSG00000011105.7] [36/290]
  * #variants in cis = 12
  * Best hit: [id=12_internal_11597, d=121951, pv=3.46842e-05, s=0.3099]

Processing phenotype [ENSG00000196138.3] [37/290]
  * #variants in cis = 12
  * Best hit: [id=12_internal_9248, d=-13382, pv=0.0024982, s=0.2384]

Processing phenotype [ENSG00000222338.1] [38/290]
  * #variants in cis = 12
  * Best hit: [id=12_internal_9700, d=-487490, pv=0.11428, s=-0.1273]

Processing phenotype [ENSG00000130038.5] [39/290]
  * #variants in cis = 12
  * Best hit: [id=12_internal_9248, d=9344, pv=0.0119344, s=0.1943]

Processing phenotype [ENSG00000118976.5] [40/290]
  * #variants in cis = 13
  * Best hit: [id=12_internal_9248, d=-83984, pv=0.101844, s=-0.1268]

Processing phenotype [ENSG00000256862.1] [41/290]
  * #variants in cis = 13
  * Best hit: [id=12_internal_12181, d=947475, pv=0.064208, s=-0.1460]

Processing phenotype [ENSG00000111224.8] [42/290]
  * #variants in cis = 13
  * Best hit: [id=12_internal_12418, d=-59499, pv=0.169681, s=0.1074]

Processing phenotype [ENSG00000118971.3] [43/290]
  * #variants in cis = 13
  * Best hit: [id=12_internal_13637, d=0, pv=0.00931375, s=0.1969]

Processing phenotype [ENSG00000256164.1] [44/290]
  * #variants in cis = 13
  * Best hit: [id=12_internal_9787, d=346530, pv=0.0191645, s=-0.1790]

Processing phenotype [ENSG00000078237.4] [45/290]
  * #variants in cis = 13
  * Best hit: [id=12_internal_9700, d=-95893, pv=0.000738973, s=0.2454]

Processing phenotype [ENSG00000213970.3] [46/290]
  * #variants in cis = 13
  * Best hit: [id=12_internal_9700, d=99499, pv=0.0220068, s=0.1762]

Processing phenotype [ENSG00000047621.7] [47/290]
  * #variants in cis = 12
  * Best hit: [id=12_internal_9787, d=608854, pv=0.107102, s=-0.1243]

Processing phenotype [ENSG00000111247.10] [48/290]
  * #variants in cis = 12
  * Best hit: [id=12_internal_12522, d=-614650, pv=0.0535077, s=0.1491]

Processing phenotype [ENSG00000010219.8] [49/290]
  * #variants in cis = 12
  * Best hit: [id=12_internal_13763, d=0, pv=0.00160251, s=0.2438]

Processing phenotype [ENSG00000139180.5] [50/290]
  * #variants in cis = 12
  * Best hit: [id=12_internal_13763, d=0, pv=7.32239e-05, s=0.3059]

Processing phenotype [ENSG00000255639.2] [51/290]
  * #variants in cis = 12
  * Best hit: [id=12_internal_13763, d=0, pv=6.47411e-05, s=0.3092]

Processing phenotype [ENSG00000240533.2] [52/290]
  * #variants in cis = 8
  * Best hit: [id=12_internal_9874, d=-667661, pv=0.0234758, s=-0.1760]

Processing phenotype [ENSG00000110799.9] [53/290]
  * #variants in cis = 8
  * Best hit: [id=12_internal_14731, d=0, pv=8.92485e-18, s=0.5760]

Processing phenotype [ENSG00000010278.7] [54/290]
  * #variants in cis = 8
  * Best hit: [id=12_internal_14731, d=0, pv=2.86742e-22, s=0.6469]

Processing phenotype [ENSG00000008323.11] [55/290]
  * #variants in cis = 8
  * Best hit: [id=12_internal_14731, d=-31340, pv=0.0106454, s=0.2025]

Processing phenotype [ENSG00000067182.3] [56/290]
  * #variants in cis = 8
  * Best hit: [id=12_internal_14731, d=63018, pv=0.0163789, s=0.1862]

Processing phenotype [ENSG00000111321.6] [57/290]
  * #variants in cis = 8
  * Best hit: [id=12_internal_9905, d=7289, pv=1.3314e-05, s=0.3440]

Processing phenotype [ENSG00000111319.8] [58/290]
  * #variants in cis = 8
  * Best hit: [id=12_internal_14731, d=98634, pv=0.0223414, s=0.1822]

Processing phenotype [ENSG00000256433.1] [59/290]
  * #variants in cis = 8
  * Best hit: [id=12_internal_12209, d=223692, pv=0.00919065, s=-0.2067]

Processing phenotype [ENSG00000213942.3] [60/290]
  * #variants in cis = 8
  * Best hit: [id=12_internal_10458, d=-13011, pv=0.0824943, s=-0.1307]

Processing phenotype [ENSG00000139193.3] [61/290]
  * #variants in cis = 8
  * Best hit: [id=12_internal_10458, d=-13151, pv=0.16656, s=0.1069]

Processing phenotype [ENSG00000215039.2] [62/290]
  * #variants in cis = 8
  * Best hit: [id=12_internal_10458, d=19851, pv=0.00530571, s=0.2076]

Processing phenotype [ENSG00000139192.7] [63/290]
  * #variants in cis = 8
  * Best hit: [id=12_internal_10458, d=-19974, pv=0.118262, s=0.1201]

Processing phenotype [ENSG00000139190.12] [64/290]
  * #variants in cis = 8
  * Best hit: [id=12_internal_12209, d=-146610, pv=0.0680668, s=0.1466]

Processing phenotype [ENSG00000256913.1] [65/290]
  * #variants in cis = 8
  * Best hit: [id=12_internal_10458, d=-45998, pv=0.0027157, s=0.2370]

Processing phenotype [ENSG00000010292.8] [66/290]
  * #variants in cis = 9
  * Best hit: [id=12_internal_9110, d=-322484, pv=0.129255, s=-0.1222]

Processing phenotype [ENSG00000111639.3] [67/290]
  * #variants in cis = 9
  * Best hit: [id=12_internal_9110, d=322969, pv=0.0148787, s=-0.1945]

Processing phenotype [ENSG00000239002.1] [68/290]
  * #variants in cis = 9
  * Best hit: [id=12_internal_9650, d=240016, pv=0.125613, s=-0.1218]

Processing phenotype [ENSG00000256329.1] [69/290]
  * #variants in cis = 9
  * Best hit: [id=12_internal_9650, d=239963, pv=0.126074, s=-0.1217]

Processing phenotype [ENSG00000255966.1] [70/290]
  * #variants in cis = 9
  * Best hit: [id=12_internal_12209, d=-84099, pv=0.161463, s=-0.1089]

Processing phenotype [ENSG00000111640.9] [71/290]
  * #variants in cis = 9
  * Best hit: [id=12_internal_10458, d=-102211, pv=0.00258527, s=0.2359]

Processing phenotype [ENSG00000245667.2] [72/290]
  * #variants in cis = 9
  * Best hit: [id=12_internal_12209, d=74093, pv=0.115025, s=-0.1197]

Processing phenotype [ENSG00000010295.14] [73/290]
  * #variants in cis = 10
  * Best hit: [id=12_internal_10458, d=124357, pv=0.00733415, s=0.2117]

Processing phenotype [ENSG00000111641.6] [74/290]
  * #variants in cis = 10
  * Best hit: [id=12_internal_14731, d=289595, pv=0.137243, s=0.1168]

Processing phenotype [ENSG00000247853.2] [75/290]
  * #variants in cis = 10
  * Best hit: [id=12_internal_10458, d=-146906, pv=0.128686, s=0.1192]

Processing phenotype [ENSG00000251898.1] [76/290]
  * #variants in cis = 10
  * Best hit: [id=12_internal_9874, d=-182022, pv=0.0902796, s=0.1368]

Processing phenotype [ENSG00000111642.9] [77/290]
  * #variants in cis = 10
  * Best hit: [id=12_internal_10458, d=175760, pv=0.119027, s=0.1247]

Processing phenotype [ENSG00000111644.3] [78/290]
  * #variants in cis = 10
  * Best hit: [id=12_internal_10458, d=215744, pv=0.0260799, s=0.1747]

Processing phenotype [ENSG00000111653.15] [79/290]
  * #variants in cis = 10
  * Best hit: [id=12_internal_10458, d=231432, pv=0.0166933, s=0.1797]

Processing phenotype [ENSG00000219410.3] [80/290]
  * #variants in cis = 10
  * Best hit: [id=12_internal_9110, d=-492388, pv=0.0492717, s=0.1589]

Processing phenotype [ENSG00000126746.12] [81/290]
  * #variants in cis = 11
  * Best hit: [id=12_internal_9905, d=294482, pv=0.0195274, s=0.1870]

Processing phenotype [ENSG00000139200.8] [82/290]
  * #variants in cis = 11
  * Best hit: [id=12_internal_11650, d=319053, pv=0.283358, s=0.0838]

Processing phenotype [ENSG00000111652.4] [83/290]
  * #variants in cis = 11
  * Best hit: [id=12_internal_9110, d=-552869, pv=0.0610335, s=-0.1479]

Processing phenotype [ENSG00000159335.10] [84/290]
  * #variants in cis = 12
  * Best hit: [id=12_internal_9874, d=0, pv=0.000228931, s=0.2876]

Processing phenotype [ENSG00000089693.6] [85/290]
  * #variants in cis = 12
  * Best hit: [id=12_internal_11650, d=385713, pv=0.0351562, s=0.1675]

Processing phenotype [ENSG00000010610.5] [86/290]
  * #variants in cis = 12
  * Best hit: [id=12_internal_9650, d=0, pv=9.8252e-08, s=0.4037]

Processing phenotype [ENSG00000250510.2] [87/290]
  * #variants in cis = 12
  * Best hit: [id=12_internal_9650, d=-26700, pv=2.22184e-11, s=0.5001]

Processing phenotype [ENSG00000256010.1] [88/290]
  * #variants in cis = 12
  * Best hit: [id=12_internal_9650, d=-29649, pv=1.00956e-11, s=0.5083]

Processing phenotype [ENSG00000110811.13] [89/290]
  * #variants in cis = 12
  * Best hit: [id=12_internal_9650, d=-33193, pv=1.08077e-11, s=0.5088]

Processing phenotype [ENSG00000111664.6] [90/290]
  * #variants in cis = 12
  * Best hit: [id=12_internal_9650, d=-45107, pv=1.90995e-09, s=0.4422]

Processing phenotype [ENSG00000237240.2] [91/290]
  * #variants in cis = 12
  * Best hit: [id=12_internal_9650, d=56422, pv=9.57734e-07, s=0.3705]

Processing phenotype [ENSG00000111665.6] [92/290]
  * #variants in cis = 12
  * Best hit: [id=12_internal_13109, d=-829248, pv=0.0266473, s=0.1785]

Processing phenotype [ENSG00000111667.9] [93/290]
  * #variants in cis = 12
  * Best hit: [id=12_internal_12440, d=701677, pv=0.00860558, s=-0.2015]

Processing phenotype [ENSG00000111669.9] [94/290]
  * #variants in cis = 12
  * Best hit: [id=12_internal_10305, d=619803, pv=0.0305641, s=-0.1708]

Processing phenotype [ENSG00000240370.2] [95/290]
  * #variants in cis = 12
  * Best hit: [id=12_internal_13109, d=807925, pv=0.122669, s=0.1228]

Processing phenotype [ENSG00000010626.10] [96/290]
  * #variants in cis = 12
  * Best hit: [id=12_internal_12209, d=-232296, pv=0.143361, s=0.1156]

Processing phenotype [ENSG00000248593.2] [97/290]
  * #variants in cis = 12
  * Best hit: [id=12_internal_13109, d=796416, pv=0.0108538, s=0.1996]

Processing phenotype [ENSG00000111671.5] [98/290]
  * #variants in cis = 12
  * Best hit: [id=12_internal_13109, d=-791956, pv=0.155229, s=-0.1137]

Processing phenotype [ENSG00000111674.2] [99/290]
  * #variants in cis = 14
  * Best hit: [id=12_internal_9874, d=-89880, pv=0.0365061, s=-0.1656]

Processing phenotype [ENSG00000111676.9] [100/290]
  * #variants in cis = 14
  * Best hit: [id=12_internal_12209, d=-283189, pv=0.0426487, s=0.1570]

Processing phenotype [ENSG00000111678.5] [101/290]
  * #variants in cis = 14
  * Best hit: [id=12_internal_9650, d=-148130, pv=0.0860122, s=-0.1315]

Processing phenotype [ENSG00000111679.11] [102/290]
  * #variants in cis = 14
  * Best hit: [id=12_internal_10469, d=943895, pv=0.0560603, s=0.1466]

Processing phenotype [ENSG00000257084.1] [103/290]
  * #variants in cis = 14
  * Best hit: [id=12_internal_9905, d=-568153, pv=0.0266529, s=-0.1788]

Processing phenotype [ENSG00000238795.1] [104/290]
  * #variants in cis = 14
  * Best hit: [id=12_internal_10469, d=-922757, pv=0.107357, s=0.1258]

Processing phenotype [ENSG00000126749.7] [105/290]
  * #variants in cis = 14
  * Best hit: [id=12_internal_14731, d=-691682, pv=0.00728142, s=0.2126]

Processing phenotype [ENSG00000215021.3] [106/290]
  * #variants in cis = 14
  * Best hit: [id=12_internal_10469, d=-919538, pv=0.0692233, s=0.1419]

Processing phenotype [ENSG00000255896.3] [107/290]
  * #variants in cis = 14
  * Best hit: [id=12_internal_14731, d=-691822, pv=0.00275785, s=0.2322]

Processing phenotype [ENSG00000182326.10] [108/290]
  * #variants in cis = 14
  * Best hit: [id=12_internal_10305, d=499735, pv=0.031159, s=-0.1695]

Processing phenotype [ENSG00000111684.6] [109/290]
  * #variants in cis = 16
  * Best hit: [id=12_internal_14731, d=737552, pv=0.015787, s=0.1862]

Processing phenotype [ENSG00000159403.9] [110/290]
  * #variants in cis = 17
  * Best hit: [id=12_internal_9905, d=740947, pv=0.0249409, s=0.1708]

Processing phenotype [ENSG00000205885.3] [111/290]
  * #variants in cis = 17
  * Best hit: [id=12_internal_10921, d=749484, pv=0.0604143, s=-0.1472]

Processing phenotype [ENSG00000139178.6] [112/290]
  * #variants in cis = 17
  * Best hit: [id=12_internal_10921, d=-748263, pv=0.0237136, s=-0.1828]

Processing phenotype [ENSG00000200345.2] [113/290]
  * #variants in cis = 17
  * Best hit: [id=12_internal_9650, d=-367370, pv=0.00243995, s=0.2411]

Processing phenotype [ENSG00000139194.3] [114/290]
  * #variants in cis = 16
  * Best hit: [id=12_internal_10921, d=-728594, pv=0.0765317, s=-0.1388]

Processing phenotype [ENSG00000139182.9] [115/290]
  * #variants in cis = 16
  * Best hit: [id=12_internal_13109, d=508184, pv=0.0513884, s=0.1521]

Processing phenotype [ENSG00000256967.1] [116/290]
  * #variants in cis = 16
  * Best hit: [id=12_internal_13109, d=-506684, pv=0.0171639, s=0.1816]

Processing phenotype [ENSG00000139197.5] [117/290]
  * #variants in cis = 18
  * Best hit: [id=12_internal_9650, d=-437270, pv=0.00882111, s=-0.1998]

Processing phenotype [ENSG00000255572.1] [118/290]
  * #variants in cis = 18
  * Best hit: [id=12_internal_10091, d=-780079, pv=0.0584476, s=-0.1448]

Processing phenotype [ENSG00000177675.4] [119/290]
  * #variants in cis = 16
  * Best hit: [id=12_internal_10305, d=27562, pv=3.76331e-05, s=0.3168]

Processing phenotype [ENSG00000177575.8] [120/290]
  * #variants in cis = 17
  * Best hit: [id=12_internal_10305, d=51558, pv=0.0119736, s=0.1952]

Processing phenotype [ENSG00000089818.11] [121/290]
  * #variants in cis = 19
  * Best hit: [id=12_internal_12879, d=257742, pv=2.80717e-16, s=0.5586]

Processing phenotype [ENSG00000222978.1] [122/290]
  * #variants in cis = 18
  * Best hit: [id=12_internal_10469, d=0, pv=0.00205798, s=0.2292]

Processing phenotype [ENSG00000173262.7] [123/290]
  * #variants in cis = 18
  * Best hit: [id=12_internal_10921, d=0, pv=0.101912, s=0.1315]

Processing phenotype [ENSG00000059804.11] [124/290]
  * #variants in cis = 19
  * Best hit: [id=12_internal_10091, d=-32873, pv=0.000326221, s=0.2680]

Processing phenotype [ENSG00000206636.1] [125/290]
  * #variants in cis = 20
  * Best hit: [id=12_internal_10091, d=0, pv=0.000669135, s=0.2575]

Processing phenotype [ENSG00000240739.1] [126/290]
  * #variants in cis = 20
  * Best hit: [id=12_internal_8836, d=-670886, pv=0.0116518, s=-0.1976]

Processing phenotype [ENSG00000065970.4] [127/290]
  * #variants in cis = 20
  * Best hit: [id=12_internal_12879, d=0, pv=0.00162041, s=0.2394]

Processing phenotype [ENSG00000171860.4] [128/290]
  * #variants in cis = 20
  * Best hit: [id=12_internal_12879, d=0, pv=2.90104e-17, s=0.5882]

Processing phenotype [ENSG00000111729.8] [129/290]
  * #variants in cis = 20
  * Best hit: [id=12_internal_8836, d=542338, pv=0.000993986, s=0.2548]

Processing phenotype [ENSG00000235602.3] [130/290]
  * #variants in cis = 20
  * Best hit: [id=12_internal_12831, d=-355319, pv=0.0691755, s=-0.1410]

Processing phenotype [ENSG00000196946.4] [131/290]
  * #variants in cis = 20
  * Best hit: [id=12_internal_8836, d=527833, pv=0.00502905, s=0.2150]

Processing phenotype [ENSG00000256171.1] [132/290]
  * #variants in cis = 20
  * Best hit: [id=12_internal_12879, d=12827, pv=0.0174738, s=0.1882]

Processing phenotype [ENSG00000226711.2] [133/290]
  * #variants in cis = 20
  * Best hit: [id=12_internal_10921, d=-200721, pv=0.0232834, s=0.1751]

Processing phenotype [ENSG00000171847.6] [134/290]
  * #variants in cis = 20
  * Best hit: [id=12_internal_10413, d=0, pv=4.25836e-08, s=0.4091]

Processing phenotype [ENSG00000164845.12] [135/290]
  * #variants in cis = 20
  * Best hit: [id=12_internal_10451, d=0, pv=0.00670151, s=0.2092]

Processing phenotype [ENSG00000250937.2] [136/290]
  * #variants in cis = 20
  * Best hit: [id=12_internal_10451, d=0, pv=7.82125e-09, s=0.4158]

Processing phenotype [ENSG00000256589.1] [137/290]
  * #variants in cis = 21
  * Best hit: [id=12_internal_10451, d=0, pv=6.57376e-08, s=0.3868]

Processing phenotype [ENSG00000256552.2] [138/290]
  * #variants in cis = 21
  * Best hit: [id=12_internal_10451, d=0, pv=9.71114e-10, s=0.4340]

Processing phenotype [ENSG00000242661.1] [139/290]
  * #variants in cis = 22
  * Best hit: [id=12_internal_10451, d=0, pv=2.34755e-09, s=0.4098]

Processing phenotype [ENSG00000226091.2] [140/290]
  * #variants in cis = 22
  * Best hit: [id=12_internal_10451, d=0, pv=1.73078e-11, s=0.4575]

Processing phenotype [ENSG00000238152.2] [141/290]
  * #variants in cis = 22
  * Best hit: [id=12_internal_11067, d=0, pv=7.12158e-05, s=0.3109]

Processing phenotype [ENSG00000205846.3] [142/290]
  * #variants in cis = 21
  * Best hit: [id=12_internal_10451, d=0, pv=8.18256e-08, s=0.3914]

Processing phenotype [ENSG00000166527.3] [143/290]
  * #variants in cis = 21
  * Best hit: [id=12_internal_10116, d=773281, pv=0.0040921, s=0.2197]

Processing phenotype [ENSG00000166523.3] [144/290]
  * #variants in cis = 20
  * Best hit: [id=12_internal_9055, d=0, pv=0.0164243, s=0.1829]

Processing phenotype [ENSG00000255801.1] [145/290]
  * #variants in cis = 20
  * Best hit: [id=12_internal_12831, d=38689, pv=0.000267711, s=0.2881]

Processing phenotype [ENSG00000111732.6] [146/290]
  * #variants in cis = 20
  * Best hit: [id=12_internal_9477, d=650576, pv=0.0143198, s=-0.1850]

Processing phenotype [ENSG00000166532.10] [147/290]
  * #variants in cis = 19
  * Best hit: [id=12_internal_9055, d=-112851, pv=0.0131027, s=0.1935]

Processing phenotype [ENSG00000256661.1] [148/290]
  * #variants in cis = 21
  * Best hit: [id=12_internal_9055, d=262198, pv=0.0524513, s=0.1462]

Processing phenotype [ENSG00000111752.5] [149/290]
  * #variants in cis = 21
  * Best hit: [id=12_internal_10091, d=-917724, pv=0.0191524, s=-0.1851]

Processing phenotype [ENSG00000003056.3] [150/290]
  * #variants in cis = 22
  * Best hit: [id=12_internal_10091, d=953783, pv=0.00583008, s=-0.2223]

Processing phenotype [ENSG00000175899.10] [151/290]
  * #variants in cis = 22
  * Best hit: [id=12_internal_9792, d=-978088, pv=0.154644, s=0.1102]

Processing phenotype [ENSG00000126838.5] [152/290]
  * #variants in cis = 22
  * Best hit: [id=12_internal_11614, d=-655698, pv=0.0842568, s=0.1328]

Processing phenotype [ENSG00000214826.3] [153/290]
  * #variants in cis = 22
  * Best hit: [id=12_internal_10116, d=120063, pv=0.00913337, s=0.1955]

Processing phenotype [ENSG00000111796.3] [154/290]
  * #variants in cis = 18
  * Best hit: [id=12_internal_9792, d=-486431, pv=0.11596, s=0.1229]

Processing phenotype [ENSG00000256594.2] [155/290]
  * #variants in cis = 17
  * Best hit: [id=12_internal_10281, d=105456, pv=0.0380371, s=0.1634]

Processing phenotype [ENSG00000069493.9] [156/290]
  * #variants in cis = 17
  * Best hit: [id=12_internal_10236, d=-35859, pv=0.0166786, s=0.1880]

Processing phenotype [ENSG00000257027.1] [157/290]
  * #variants in cis = 17
  * Best hit: [id=12_internal_8836, d=-981861, pv=0.0421575, s=-0.1606]

Processing phenotype [ENSG00000213443.2] [158/290]
  * #variants in cis = 16
  * Best hit: [id=12_internal_10236, d=-74569, pv=0.0258293, s=0.1718]

Processing phenotype [ENSG00000256582.1] [159/290]
  * #variants in cis = 16
  * Best hit: [id=12_internal_10281, d=35971, pv=0.0309728, s=0.1677]

Processing phenotype [ENSG00000110848.4] [160/290]
  * #variants in cis = 17
  * Best hit: [id=12_internal_9612, d=0, pv=3.82337e-05, s=0.3207]

Processing phenotype [ENSG00000150045.7] [161/290]
  * #variants in cis = 17
  * Best hit: [id=12_internal_10644, d=324826, pv=0.0165336, s=0.1848]

Processing phenotype [ENSG00000255882.1] [162/290]
  * #variants in cis = 16
  * Best hit: [id=12_internal_10116, d=-538864, pv=0.00227489, s=0.2380]

Processing phenotype [ENSG00000110852.4] [163/290]
  * #variants in cis = 16
  * Best hit: [id=12_internal_10644, d=-282168, pv=0.00381795, s=0.2284]

Processing phenotype [ENSG00000225231.1] [164/290]
  * #variants in cis = 14
  * Best hit: [id=12_internal_12494, d=0, pv=2.55029e-11, s=0.4762]

Processing phenotype [ENSG00000172322.9] [165/290]
  * #variants in cis = 14
  * Best hit: [id=12_internal_12494, d=0, pv=2.9592e-19, s=0.6092]

Processing phenotype [ENSG00000256660.1] [166/290]
  * #variants in cis = 13
  * Best hit: [id=12_internal_12494, d=-42502, pv=4.06638e-21, s=0.6319]

Processing phenotype [ENSG00000165682.10] [167/290]
  * #variants in cis = 13
  * Best hit: [id=12_internal_12494, d=45299, pv=1.20843e-18, s=0.5945]

Processing phenotype [ENSG00000256803.1] [168/290]
  * #variants in cis = 13
  * Best hit: [id=12_internal_12494, d=62481, pv=3.70615e-22, s=0.6491]

Processing phenotype [ENSG00000197992.2] [169/290]
  * #variants in cis = 13
  * Best hit: [id=12_internal_11725, d=2681, pv=3.35738e-05, s=0.3152]

Processing phenotype [ENSG00000256626.1] [170/290]
  * #variants in cis = 13
  * Best hit: [id=12_internal_11725, d=0, pv=0.00229739, s=0.2391]

Processing phenotype [ENSG00000223042.1] [171/290]
  * #variants in cis = 13
  * Best hit: [id=12_internal_11778, d=-350545, pv=0.125591, s=-0.1130]

Processing phenotype [ENSG00000150048.6] [172/290]
  * #variants in cis = 13
  * Best hit: [id=12_internal_9802, d=-250105, pv=0.0929553, s=0.1299]

Processing phenotype [ENSG00000255734.1] [173/290]
  * #variants in cis = 13
  * Best hit: [id=12_internal_9802, d=249994, pv=0.226018, s=0.0929]

Processing phenotype [ENSG00000172243.13] [174/290]
  * #variants in cis = 13
  * Best hit: [id=12_internal_11725, d=0, pv=0.0125024, s=0.1874]

Processing phenotype [ENSG00000173391.4] [175/290]
  * #variants in cis = 14
  * Best hit: [id=12_internal_12494, d=204013, pv=0.104596, s=-0.1256]

Processing phenotype [ENSG00000139112.6] [176/290]
  * #variants in cis = 14
  * Best hit: [id=12_internal_10116, d=-884295, pv=0.0392078, s=0.1572]

Processing phenotype [ENSG00000255958.1] [177/290]
  * #variants in cis = 14
  * Best hit: [id=12_internal_9802, d=-146971, pv=0.0271683, s=0.1712]

Processing phenotype [ENSG00000245856.3] [178/290]
  * #variants in cis = 14
  * Best hit: [id=12_internal_12494, d=251626, pv=0.00867626, s=-0.1990]

Processing phenotype [ENSG00000134539.12] [179/290]
  * #variants in cis = 14
  * Best hit: [id=12_internal_9792, d=-127560, pv=0.000502592, s=0.2655]

Processing phenotype [ENSG00000245648.1] [180/290]
  * #variants in cis = 13
  * Best hit: [id=12_internal_8857, d=806828, pv=0.00807395, s=-0.1990]

Processing phenotype [ENSG00000213809.4] [181/290]
  * #variants in cis = 13
  * Best hit: [id=12_internal_8857, d=-778723, pv=0.00298441, s=-0.2316]

Processing phenotype [ENSG00000255819.2] [182/290]
  * #variants in cis = 13
  * Best hit: [id=12_internal_8857, d=-760451, pv=0.00281266, s=-0.2336]

Processing phenotype [ENSG00000180574.3] [183/290]
  * #variants in cis = 13
  * Best hit: [id=12_internal_11614, d=-479943, pv=0.0892002, s=-0.1327]

Processing phenotype [ENSG00000111196.5] [184/290]
  * #variants in cis = 14
  * Best hit: [id=12_internal_12494, d=645498, pv=0.0805055, s=-0.1335]

Processing phenotype [ENSG00000060140.4] [185/290]
  * #variants in cis = 15
  * Best hit: [id=12_internal_9802, d=0, pv=0.00911527, s=0.1978]

Processing phenotype [ENSG00000060138.8] [186/290]
  * #variants in cis = 15
  * Best hit: [id=12_internal_9802, d=0, pv=0.045479, s=0.1516]

Processing phenotype [ENSG00000212125.2] [187/290]
  * #variants in cis = 13
  * Best hit: [id=12_internal_8857, d=-205245, pv=3.26545e-08, s=0.4201]

Processing phenotype [ENSG00000255837.1] [188/290]
  * #variants in cis = 13
  * Best hit: [id=12_internal_8857, d=-172722, pv=8.63372e-08, s=0.4031]

Processing phenotype [ENSG00000212124.2] [189/290]
  * #variants in cis = 13
  * Best hit: [id=12_internal_8857, d=-147977, pv=1.67032e-08, s=0.4136]

Processing phenotype [ENSG00000256436.1] [190/290]
  * #variants in cis = 12
  * Best hit: [id=12_internal_8857, d=-139190, pv=1.24479e-07, s=0.3999]

Processing phenotype [ENSG00000226761.3] [191/290]
  * #variants in cis = 11
  * Best hit: [id=12_internal_8857, d=-108303, pv=2.12145e-08, s=0.4134]

Processing phenotype [ENSG00000256274.1] [192/290]
  * #variants in cis = 11
  * Best hit: [id=12_internal_8857, d=-91426, pv=0.000226864, s=0.2899]

Processing phenotype [ENSG00000256188.1] [193/290]
  * #variants in cis = 10
  * Best hit: [id=12_internal_8857, d=-35953, pv=4.66671e-10, s=0.4693]

Processing phenotype [ENSG00000256981.1] [194/290]
  * #variants in cis = 9
  * Best hit: [id=12_internal_8857, d=-10903, pv=1.74893e-06, s=0.3697]

Processing phenotype [ENSG00000256712.1] [195/290]
  * #variants in cis = 9
  * Best hit: [id=12_internal_8857, d=0, pv=0.000340848, s=0.2787]

Processing phenotype [ENSG00000256537.1] [196/290]
  * #variants in cis = 9
  * Best hit: [id=12_internal_8857, d=0, pv=1.31283e-06, s=0.3648]

Processing phenotype [ENSG00000212127.5] [197/290]
  * #variants in cis = 9
  * Best hit: [id=12_internal_8857, d=0, pv=2.25208e-08, s=0.4172]

Processing phenotype [ENSG00000111215.6] [198/290]
  * #variants in cis = 9
  * Best hit: [id=12_internal_8857, d=0, pv=6.96454e-08, s=0.4137]

Processing phenotype [ENSG00000139083.5] [199/290]
  * #variants in cis = 12
  * Best hit: [id=12_internal_13817, d=0, pv=0.0189609, s=0.1805]

Processing phenotype [ENSG00000070018.4] [200/290]
  * #variants in cis = 19
  * Best hit: [id=12_internal_11794, d=0, pv=0.00442719, s=0.2248]

Processing phenotype [ENSG00000243141.2] [201/290]
  * #variants in cis = 19
  * Best hit: [id=12_internal_13130, d=447719, pv=0.0373418, s=-0.1615]

Processing phenotype [ENSG00000111261.8] [202/290]
  * #variants in cis = 19
  * Best hit: [id=12_internal_11440, d=-375484, pv=0.0286683, s=0.1752]

Processing phenotype [ENSG00000205791.2] [203/290]
  * #variants in cis = 19
  * Best hit: [id=12_internal_12862, d=-570466, pv=0.0673152, s=-0.1487]

Processing phenotype [ENSG00000165714.6] [204/290]
  * #variants in cis = 19
  * Best hit: [id=12_internal_10009, d=248937, pv=0.0846448, s=-0.1380]

Processing phenotype [ENSG00000255670.1] [205/290]
  * #variants in cis = 19
  * Best hit: [id=12_internal_10219, d=0, pv=0.00865171, s=0.2007]

Processing phenotype [ENSG00000111266.4] [206/290]
  * #variants in cis = 18
  * Best hit: [id=12_internal_10219, d=76376, pv=0.000475022, s=0.2728]

Processing phenotype [ENSG00000111269.2] [207/290]
  * #variants in cis = 18
  * Best hit: [id=12_internal_10219, d=-125820, pv=0.0381529, s=0.1628]

Processing phenotype [ENSG00000257004.1] [208/290]
  * #variants in cis = 17
  * Best hit: [id=12_internal_13130, d=117513, pv=0.0953176, s=0.1304]

Processing phenotype [ENSG00000183150.3] [209/290]
  * #variants in cis = 17
  * Best hit: [id=12_internal_9845, d=854481, pv=0.0227942, s=-0.1753]

Processing phenotype [ENSG00000111276.6] [210/290]
  * #variants in cis = 17
  * Best hit: [id=12_internal_11440, d=10967, pv=0.000302388, s=0.2841]

Processing phenotype [ENSG00000256658.1] [211/290]
  * #variants in cis = 17
  * Best hit: [id=12_internal_12862, d=-203522, pv=0.0225931, s=-0.1787]

Processing phenotype [ENSG00000255661.2] [212/290]
  * #variants in cis = 17
  * Best hit: [id=12_internal_11440, d=108, pv=1.67391e-11, s=0.4817]

Processing phenotype [ENSG00000178878.7] [213/290]
  * #variants in cis = 17
  * Best hit: [id=12_internal_11440, d=94, pv=1.44251e-11, s=0.4798]

Processing phenotype [ENSG00000207983.1] [214/290]
  * #variants in cis = 17
  * Best hit: [id=12_internal_11440, d=-26551, pv=2.59305e-07, s=0.3852]

Processing phenotype [ENSG00000213782.3] [215/290]
  * #variants in cis = 17
  * Best hit: [id=12_internal_11440, d=-75218, pv=1.58985e-09, s=0.4317]

Processing phenotype [ENSG00000247498.3] [216/290]
  * #variants in cis = 14
  * Best hit: [id=12_internal_12862, d=0, pv=1.34832e-05, s=0.3225]

Processing phenotype [ENSG00000183935.2] [217/290]
  * #variants in cis = 14
  * Best hit: [id=12_internal_12687, d=0, pv=0.104553, s=-0.1252]

Processing phenotype [ENSG00000013583.4] [218/290]
  * #variants in cis = 14
  * Best hit: [id=12_internal_12862, d=6226, pv=4.69615e-06, s=0.3462]

Processing phenotype [ENSG00000255621.1] [219/290]
  * #variants in cis = 14
  * Best hit: [id=12_internal_12687, d=0, pv=0.00135881, s=-0.2374]

Processing phenotype [ENSG00000256175.1] [220/290]
  * #variants in cis = 13
  * Best hit: [id=12_internal_12687, d=37488, pv=0.000679262, s=-0.2570]

Processing phenotype [ENSG00000084444.9] [221/290]
  * #variants in cis = 13
  * Best hit: [id=12_internal_11440, d=-306186, pv=0.0150477, s=-0.1821]

Processing phenotype [ENSG00000171681.8] [222/290]
  * #variants in cis = 7
  * Best hit: [id=12_internal_9305, d=-88934, pv=0.00143279, s=-0.2426]

Processing phenotype [ENSG00000255649.1] [223/290]
  * #variants in cis = 7
  * Best hit: [id=12_internal_9752, d=0, pv=0.0094922, s=0.1930]

Processing phenotype [ENSG00000200830.1] [224/290]
  * #variants in cis = 8
  * Best hit: [id=12_internal_9752, d=6173, pv=0.00537264, s=0.2125]

Processing phenotype [ENSG00000256751.1] [225/290]
  * #variants in cis = 8
  * Best hit: [id=12_internal_9752, d=-19953, pv=0.00127268, s=0.2436]

Processing phenotype [ENSG00000121316.5] [226/290]
  * #variants in cis = 8
  * Best hit: [id=12_internal_9752, d=20552, pv=0.000223435, s=0.2703]

Processing phenotype [ENSG00000214772.2] [227/290]
  * #variants in cis = 9
  * Best hit: [id=12_internal_9752, d=-117858, pv=0.000100359, s=0.3110]

Processing phenotype [ENSG00000070019.3] [228/290]
  * #variants in cis = 10
  * Best hit: [id=12_internal_9752, d=148788, pv=5.68251e-05, s=0.3079]

Processing phenotype [ENSG00000261324.1] [229/290]
  * #variants in cis = 10
  * Best hit: [id=12_internal_9199, d=-801945, pv=0.0394647, s=0.1586]

Processing phenotype [ENSG00000197837.3] [230/290]
  * #variants in cis = 10
  * Best hit: [id=12_internal_9305, d=494389, pv=0.130644, s=-0.1196]

Processing phenotype [ENSG00000246705.3] [231/290]
  * #variants in cis = 10
  * Best hit: [id=12_internal_10695, d=-157375, pv=0.0920563, s=0.1326]

Processing phenotype [ENSG00000084463.2] [232/290]
  * #variants in cis = 10
  * Best hit: [id=12_internal_9145, d=-883619, pv=0.107479, s=-0.1307]

Processing phenotype [ENSG00000182993.3] [233/290]
  * #variants in cis = 10
  * Best hit: [id=12_internal_9199, d=766304, pv=0.0288933, s=-0.1712]

Processing phenotype [ENSG00000179256.2] [234/290]
  * #variants in cis = 10
  * Best hit: [id=12_internal_9752, d=266385, pv=0.0601342, s=0.1469]

Processing phenotype [ENSG00000111339.6] [235/290]
  * #variants in cis = 10
  * Best hit: [id=12_internal_9752, d=295698, pv=0.104429, s=0.1266]

Processing phenotype [ENSG00000111341.5] [236/290]
  * #variants in cis = 10
  * Best hit: [id=12_internal_8735, d=-37528, pv=0.00619, s=-0.2108]

Processing phenotype [ENSG00000139055.2] [237/290]
  * #variants in cis = 10
  * Best hit: [id=12_internal_9199, d=-630794, pv=0.0346492, s=-0.1677]

Processing phenotype [ENSG00000111348.4] [238/290]
  * #variants in cis = 10
  * Best hit: [id=12_internal_9145, d=-725431, pv=0.0278879, s=0.1694]

Processing phenotype [ENSG00000139053.2] [239/290]
  * #variants in cis = 10
  * Best hit: [id=12_internal_8735, d=-30140, pv=0.0100731, s=0.2009]

Processing phenotype [ENSG00000023734.6] [240/290]
  * #variants in cis = 5
  * Best hit: [id=12_internal_9145, d=-179481, pv=0.404905, s=0.0676]

Processing phenotype [ENSG00000023697.8] [241/290]
  * #variants in cis = 5
  * Best hit: [id=12_internal_8643, d=237122, pv=0.0898493, s=-0.1338]

Processing phenotype [ENSG00000256134.1] [242/290]
  * #variants in cis = 4
  * Best hit: [id=12_internal_9247, d=400324, pv=0.170607, s=-0.1105]

Processing phenotype [ENSG00000008394.7] [243/290]
  * #variants in cis = 4
  * Best hit: [id=12_internal_9145, d=-644232, pv=0.119855, s=-0.1259]

Processing phenotype [ENSG00000256238.1] [244/290]
  * #variants in cis = 4
  * Best hit: [id=12_internal_9199, d=825446, pv=0.104649, s=0.1282]

Processing phenotype [ENSG00000052126.10] [245/290]
  * #variants in cis = 7
  * Best hit: [id=12_internal_9516, d=-982249, pv=0.188391, s=-0.1046]

Processing phenotype [ENSG00000139154.10] [246/290]
  * #variants in cis = 6
  * Best hit: [id=12_internal_11022, d=609222, pv=0.0136049, s=0.1939]

Processing phenotype [ENSG00000200247.1] [247/290]
  * #variants in cis = 6
  * Best hit: [id=12_internal_12362, d=614218, pv=0.0272544, s=-0.1705]

Processing phenotype [ENSG00000245205.3] [248/290]
  * #variants in cis = 6
  * Best hit: [id=12_internal_11298, d=-575877, pv=0.0899874, s=0.1322]

Processing phenotype [ENSG00000240328.1] [249/290]
  * #variants in cis = 6
  * Best hit: [id=12_internal_11022, d=504363, pv=0.0672227, s=0.1447]

Processing phenotype [ENSG00000121350.10] [250/290]
  * #variants in cis = 4
  * Best hit: [id=12_internal_10230, d=922193, pv=0.0803269, s=-0.1334]

Processing phenotype [ENSG00000256021.1] [251/290]
  * #variants in cis = 4
  * Best hit: [id=12_internal_10230, d=-911494, pv=0.476808, s=-0.0548]

Processing phenotype [ENSG00000004700.11] [252/290]
  * #variants in cis = 4
  * Best hit: [id=12_internal_10927, d=-816200, pv=0.303011, s=0.0815]

Processing phenotype [ENSG00000111711.4] [253/290]
  * #variants in cis = 4
  * Best hit: [id=12_internal_10935, d=870708, pv=0.127965, s=-0.1189]

Processing phenotype [ENSG00000111716.8] [254/290]
  * #variants in cis = 5
  * Best hit: [id=12_internal_10927, d=-560012, pv=0.0994993, s=-0.1306]

Processing phenotype [ENSG00000111726.8] [255/290]
  * #variants in cis = 5
  * Best hit: [id=12_internal_10927, d=271695, pv=0.443296, s=0.0606]

Processing phenotype [ENSG00000256973.1] [256/290]
  * #variants in cis = 5
  * Best hit: [id=12_internal_10935, d=63224, pv=0.20698, s=-0.0979]

Processing phenotype [ENSG00000111731.8] [257/290]
  * #variants in cis = 5
  * Best hit: [id=12_internal_10935, d=143856, pv=0.222388, s=-0.0977]

Processing phenotype [ENSG00000139163.9] [258/290]
  * #variants in cis = 5
  * Best hit: [id=12_internal_10230, d=-246552, pv=0.0432597, s=-0.1572]

Processing phenotype [ENSG00000240481.2] [259/290]
  * #variants in cis = 8
  * Best hit: [id=12_internal_10467, d=-16, pv=0.168949, s=-0.1020]

Processing phenotype [ENSG00000060982.10] [260/290]
  * #variants in cis = 8
  * Best hit: [id=12_internal_13188, d=21262, pv=1.30503e-19, s=0.6339]

Processing phenotype [ENSG00000118308.10] [261/290]
  * #variants in cis = 8
  * Best hit: [id=12_internal_12813, d=29403, pv=0.0011222, s=0.2534]

Processing phenotype [ENSG00000258546.1] [262/290]
  * #variants in cis = 8
  * Best hit: [id=12_internal_10721, d=278408, pv=0.096193, s=0.1290]

Processing phenotype [ENSG00000258449.1] [263/290]
  * #variants in cis = 8
  * Best hit: [id=12_internal_12813, d=0, pv=0.00296237, s=0.2326]

Processing phenotype [ENSG00000118307.13] [264/290]
  * #variants in cis = 8
  * Best hit: [id=12_internal_10721, d=379670, pv=0.204477, s=0.0966]

Processing phenotype [ENSG00000205707.5] [265/290]
  * #variants in cis = 8
  * Best hit: [id=12_internal_9150, d=-724560, pv=0.13847, s=-0.1157]

Processing phenotype [ENSG00000268076.1] [266/290]
  * #variants in cis = 8
  * Best hit: [id=12_internal_13188, d=-300384, pv=0.0558179, s=0.1531]

Processing phenotype [ENSG00000133703.7] [267/290]
  * #variants in cis = 8
  * Best hit: [id=12_internal_10467, d=544164, pv=0.255226, s=0.0901]

Processing phenotype [ENSG00000123096.7] [268/290]
  * #variants in cis = 6
  * Best hit: [id=12_internal_9520, d=397962, pv=6.03228e-05, s=0.3141]

Processing phenotype [ENSG00000123095.5] [269/290]
  * #variants in cis = 6
  * Best hit: [id=12_internal_9520, d=-394826, pv=0.0204379, s=0.1889]

Processing phenotype [ENSG00000255968.1] [270/290]
  * #variants in cis = 6
  * Best hit: [id=12_internal_13977, d=177032, pv=0.000280738, s=0.2804]

Processing phenotype [ENSG00000255750.1] [271/290]
  * #variants in cis = 6
  * Best hit: [id=12_internal_9520, d=-200233, pv=9.34718e-05, s=0.3027]

Processing phenotype [ENSG00000256234.1] [272/290]
  * #variants in cis = 6
  * Best hit: [id=12_internal_13977, d=-160129, pv=0.0119829, s=0.1906]

Processing phenotype [ENSG00000256185.1] [273/290]
  * #variants in cis = 6
  * Best hit: [id=12_internal_13977, d=-159035, pv=3.07227e-06, s=0.3596]

Processing phenotype [ENSG00000212549.1] [274/290]
  * #variants in cis = 6
  * Best hit: [id=12_internal_9668, d=-492325, pv=0.0399452, s=-0.1615]

Processing phenotype [ENSG00000234428.2] [275/290]
  * #variants in cis = 7
  * Best hit: [id=12_internal_13977, d=0, pv=0.00332422, s=0.2249]

Processing phenotype [ENSG00000256640.1] [276/290]
  * #variants in cis = 7
  * Best hit: [id=12_internal_13977, d=0, pv=0.0203181, s=0.1769]

Processing phenotype [ENSG00000123104.7] [277/290]
  * #variants in cis = 8
  * Best hit: [id=12_internal_13977, d=604, pv=2.85818e-06, s=0.3503]

Processing phenotype [ENSG00000064102.10] [278/290]
  * #variants in cis = 8
  * Best hit: [id=12_internal_13977, d=105732, pv=0.190225, s=-0.1025]

Processing phenotype [ENSG00000111790.9] [279/290]
  * #variants in cis = 8
  * Best hit: [id=12_internal_9443, d=92937, pv=0.0353285, s=-0.1587]

Processing phenotype [ENSG00000247903.1] [280/290]
  * #variants in cis = 8
  * Best hit: [id=12_internal_9520, d=-446978, pv=0.148581, s=0.1115]

Processing phenotype [ENSG00000064115.6] [281/290]
  * #variants in cis = 8
  * Best hit: [id=12_internal_9520, d=489826, pv=0.00208633, s=0.2364]

Processing phenotype [ENSG00000152944.4] [282/290]
  * #variants in cis = 8
  * Best hit: [id=12_internal_13977, d=-189952, pv=0.0483693, s=-0.1580]

Processing phenotype [ENSG00000214700.5] [283/290]
  * #variants in cis = 8
  * Best hit: [id=12_internal_9668, d=206521, pv=0.23897, s=-0.0919]

Processing phenotype [ENSG00000256625.1] [284/290]
  * #variants in cis = 8
  * Best hit: [id=12_internal_12556, d=699134, pv=0.166228, s=0.1117]

Processing phenotype [ENSG00000211455.3] [285/290]
  * #variants in cis = 9
  * Best hit: [id=12_internal_9520, d=-719360, pv=0.0139231, s=0.1974]

Processing phenotype [ENSG00000029153.10] [286/290]
  * #variants in cis = 8
  * Best hit: [id=12_internal_11004, d=252569, pv=0.254811, s=-0.0874]

Processing phenotype [ENSG00000110841.9] [287/290]
  * #variants in cis = 7
  * Best hit: [id=12_internal_9668, d=-647438, pv=0.0417147, s=-0.1554]

Processing phenotype [ENSG00000061794.8] [288/290]
  * #variants in cis = 6
  * Best hit: [id=12_internal_9443, d=-618845, pv=0.151183, s=0.1113]

Processing phenotype [ENSG00000087448.5] [289/290]
  * #variants in cis = 7
  * Best hit: [id=12_internal_12556, d=41024, pv=0.269781, s=0.0828]

Processing phenotype [ENSG00000123106.6] [290/290]
  * #variants in cis = 4
  * Best hit: [id=12_internal_13974, d=617270, pv=0.00787048, s=0.1985]

Running time: 1 seconds
