Sender: LSF System <lsfadmin@cpt09>
Subject: Job 974086: </data/unige/funpopgen/odelanea/SGX/V2/binaries/qtltools/bin/QTLtools cis --vcf /data/unige/funpopgen/grey2/SYSCID/BLUEPRINT_DATA/CRD/THREE_CELL_TYPES/CLOMICS/CELL_TYPE_COMPARISON_GENE_CRD_ASSOCIATIONS/quantify/72_vs_73_ALL.ALLchr.mean.txt.gz --bed /data/unige/funpopgen/grey2/SYSCID/BLUEPRINT_DATA/CRD/THREE_CELL_TYPES/QTL_TOOLS/EGAD00001002674_v3.0/EGAD00001002674_RNA.PC10.bed.gz --permute 200 --chunk 43 100 --out /data/unige/funpopgen/grey2/SYSCID/BLUEPRINT_DATA/CRD/THREE_CELL_TYPES/CLOMICS/CELL_TYPE_COMPARISON_GENE_CRD_ASSOCIATIONS/mapping_aCRD_gene/72_vs_73/gene_CRD_mean_chunk43\.txt> in cluster <ug> Done

Job </data/unige/funpopgen/odelanea/SGX/V2/binaries/qtltools/bin/QTLtools cis --vcf /data/unige/funpopgen/grey2/SYSCID/BLUEPRINT_DATA/CRD/THREE_CELL_TYPES/CLOMICS/CELL_TYPE_COMPARISON_GENE_CRD_ASSOCIATIONS/quantify/72_vs_73_ALL.ALLchr.mean.txt.gz --bed /data/unige/funpopgen/grey2/SYSCID/BLUEPRINT_DATA/CRD/THREE_CELL_TYPES/QTL_TOOLS/EGAD00001002674_v3.0/EGAD00001002674_RNA.PC10.bed.gz --permute 200 --chunk 43 100 --out /data/unige/funpopgen/grey2/SYSCID/BLUEPRINT_DATA/CRD/THREE_CELL_TYPES/CLOMICS/CELL_TYPE_COMPARISON_GENE_CRD_ASSOCIATIONS/mapping_aCRD_gene/72_vs_73/gene_CRD_mean_chunk43\.txt> was submitted from host <frt.ug.vital-it.ch> by user <grey2> in cluster <ug>.
Job was executed on host(s) <cpt09>, in queue <normal>, as user <grey2> in cluster <ug>.
</home/grey2> was used as the home directory.
</data/unige/funpopgen/grey2/SYSCID/BLUEPRINT_DATA/CRD/THREE_CELL_TYPES/CLOMICS/CELL_TYPE_COMPARISON_GENE_CRD_ASSOCIATIONS> was used as the working directory.
Started at Thu Mar 21 11:25:39 2019
Results reported at Thu Mar 21 11:25:46 2019

Your job looked like:

------------------------------------------------------------
# LSBATCH: User input
/data/unige/funpopgen/odelanea/SGX/V2/binaries/qtltools/bin/QTLtools cis --vcf /data/unige/funpopgen/grey2/SYSCID/BLUEPRINT_DATA/CRD/THREE_CELL_TYPES/CLOMICS/CELL_TYPE_COMPARISON_GENE_CRD_ASSOCIATIONS/quantify/72_vs_73_ALL.ALLchr.mean.txt.gz --bed /data/unige/funpopgen/grey2/SYSCID/BLUEPRINT_DATA/CRD/THREE_CELL_TYPES/QTL_TOOLS/EGAD00001002674_v3.0/EGAD00001002674_RNA.PC10.bed.gz --permute 200 --chunk 43 100 --out /data/unige/funpopgen/grey2/SYSCID/BLUEPRINT_DATA/CRD/THREE_CELL_TYPES/CLOMICS/CELL_TYPE_COMPARISON_GENE_CRD_ASSOCIATIONS/mapping_aCRD_gene/72_vs_73/gene_CRD_mean_chunk43\.txt

------------------------------------------------------------

Successfully completed.

Resource usage summary:

    CPU time :               2.94 sec.
    Max Memory :             3.16 MB
    Average Memory :         3.16 MB
    Total Requested Memory : -
    Delta Memory :           -
    (Delta: the difference between total requested memory and actual max usage.)
    Max Swap :               32 MB

    Max Processes :          1
    Max Threads :            1

The output (if any) follows:


[32mQTLtools[0m
  * Authors : Olivier DELANEAU / Halit ONGEN / Emmanouil DERMITZAKIS
  * Contact : olivier.delaneau@gmail.com / halit.ongen@unige.ch / Emmanouil.Dermitzakis@unige.ch
  * Webpage : https://qtltools.github.io/qtltools/
  * Version : 1.1
  * Date    : 21/03/2019 - 11:25:42
  * Citation: A complete tool set for molecular QTL discovery and analysis, https://doi.org/10.1101/068635

[32mMAPPING QTL IN CIS[0m
  * TASK: Perform 200 permutations
  * Linear model: Phe ~ Var
  * Cis-window size is 1000000 bp
  * Chunk = [43/100]

Scanning phenotype data in [/data/unige/funpopgen/grey2/SYSCID/BLUEPRINT_DATA/CRD/THREE_CELL_TYPES/QTL_TOOLS/EGAD00001002674_v3.0/EGAD00001002674_RNA.PC10.bed.gz]
  * 26159 phenotypes included
  * 13004 phenotypes are on the negative strand

Initialize random number generator
  * Built-in seed is 15112011
  * First Integer = 30554
  * First Double = 0.0126695

Reading sample list from [/data/unige/funpopgen/grey2/SYSCID/BLUEPRINT_DATA/CRD/THREE_CELL_TYPES/QTL_TOOLS/EGAD00001002674_v3.0/EGAD00001002674_RNA.PC10.bed.gz]
  * #samples = 194

Reading sample list from [/data/unige/funpopgen/grey2/SYSCID/BLUEPRINT_DATA/CRD/THREE_CELL_TYPES/CLOMICS/CELL_TYPE_COMPARISON_GENE_CRD_ASSOCIATIONS/quantify/72_vs_73_ALL.ALLchr.mean.txt.gz]
  * #samples = 160

Merging sample sets from all input files
  * #files = 2
  * #samples in all files = 158
  * #samples NOT in all files (i.e. ignored) = 38

Reading phenotype data in [/data/unige/funpopgen/grey2/SYSCID/BLUEPRINT_DATA/CRD/THREE_CELL_TYPES/QTL_TOOLS/EGAD00001002674_v3.0/EGAD00001002674_RNA.PC10.bed.gz]
  * target region [19:12494501-18283972]
  * 228 phenotypes included
  * 121 phenotypes are on the negative strand

Reading genotype data in [/data/unige/funpopgen/grey2/SYSCID/BLUEPRINT_DATA/CRD/THREE_CELL_TYPES/CLOMICS/CELL_TYPE_COMPARISON_GENE_CRD_ASSOCIATIONS/quantify/72_vs_73_ALL.ALLchr.mean.txt.gz]
  * File format detected: BED
  * 158 samples included
  * 4 samples without phenotype data
  * target region [19:11494501-19283972]
  * 24 variants included

Processing phenotype [ENSG00000248406.1] [1/228]
  * #variants in cis = 4
  * Best hit: [id=19_internal_7487, d=317158, pv=0.139112, s=0.1173]
  * Maximum Likelihood estimation failed, use Moment Matching instead!
  * Beta parameters: [s1=0.999973, s2=3.75521]
  * Adjusted p-values: [emp=0.427861, beta=0.415061]

Processing phenotype [ENSG00000196466.6] [2/228]
  * #variants in cis = 4
  * Best hit: [id=19_internal_7487, d=334742, pv=0.160952, s=0.1116]
  * Maximum Likelihood estimation failed, use Moment Matching instead!
  * Beta parameters: [s1=0.999957, s2=3.86224]
  * Adjusted p-values: [emp=0.502488, beta=0.487402]

Processing phenotype [ENSG00000268744.1] [3/228]
  * #variants in cis = 4
  * Best hit: [id=19_internal_7487, d=334745, pv=0.0401022, s=0.1615]
  * Maximum Likelihood estimation failed, use Moment Matching instead!
  * Beta parameters: [s1=0.999994, s2=4.24523]
  * Adjusted p-values: [emp=0.174129, beta=0.138556]

Processing phenotype [ENSG00000268870.1] [4/228]
  * #variants in cis = 4
  * Best hit: [id=19_internal_7487, d=374553, pv=0.00166339, s=0.2508]
  * Maximum Likelihood estimation failed, use Moment Matching instead!
  * Beta parameters: [s1=0.999965, s2=3.94669]
  * Adjusted p-values: [emp=0.00497512, beta=0.00406225]

Processing phenotype [ENSG00000180855.11] [5/228]
  * #variants in cis = 4
  * Best hit: [id=19_internal_7207, d=240368, pv=0.19187, s=0.1049]
  * Maximum Likelihood estimation failed, use Moment Matching instead!
  * Beta parameters: [s1=0.999998, s2=3.65144]
  * Adjusted p-values: [emp=0.597015, beta=0.605078]

Processing phenotype [ENSG00000234848.1] [6/228]
  * #variants in cis = 4
  * Best hit: [id=19_internal_6771, d=-601071, pv=0.0482035, s=0.1556]
  * Maximum Likelihood estimation failed, use Moment Matching instead!
  * Beta parameters: [s1=0.999971, s2=3.41745]
  * Adjusted p-values: [emp=0.144279, beta=0.145101]

Processing phenotype [ENSG00000269755.1] [7/228]
  * #variants in cis = 4
  * Best hit: [id=19_internal_6352, d=189110, pv=0.194629, s=-0.1035]
  * Maximum Likelihood estimation failed, use Moment Matching instead!
  * Beta parameters: [s1=1.00004, s2=3.75005]
  * Adjusted p-values: [emp=0.621891, beta=0.61693]

Processing phenotype [ENSG00000236483.1] [8/228]
  * #variants in cis = 4
  * Best hit: [id=19_internal_7207, d=-301931, pv=0.0672166, s=-0.1419]
  * Maximum Likelihood estimation failed, use Moment Matching instead!
  * Beta parameters: [s1=1.00001, s2=3.87341]
  * Adjusted p-values: [emp=0.218905, beta=0.24002]

Processing phenotype [ENSG00000232579.1] [9/228]
  * #variants in cis = 4
  * Best hit: [id=19_internal_7207, d=-303921, pv=0.249749, s=-0.0885]
  * Maximum Likelihood estimation failed, use Moment Matching instead!
  * Beta parameters: [s1=1.00002, s2=4.38355]
  * Adjusted p-values: [emp=0.671642, beta=0.67778]

Processing phenotype [ENSG00000230321.1] [10/228]
  * #variants in cis = 4
  * Best hit: [id=19_internal_6771, d=-655041, pv=0.115675, s=-0.1250]
  * Maximum Likelihood estimation failed, use Moment Matching instead!
  * Beta parameters: [s1=1.00002, s2=4.0241]
  * Adjusted p-values: [emp=0.363184, beta=0.369204]

Processing phenotype [ENSG00000234003.1] [11/228]
  * #variants in cis = 4
  * Best hit: [id=19_internal_6352, d=-210543, pv=0.461123, s=-0.0594]
  * Maximum Likelihood estimation failed, use Moment Matching instead!
  * Beta parameters: [s1=1.00005, s2=3.69958]
  * Adjusted p-values: [emp=0.900498, beta=0.912891]

Processing phenotype [ENSG00000235686.1] [12/228]
  * #variants in cis = 4
  * Best hit: [id=19_internal_7207, d=-307385, pv=0.361817, s=-0.0765]
  * Maximum Likelihood estimation failed, use Moment Matching instead!
  * Beta parameters: [s1=0.999996, s2=4.07518]
  * Adjusted p-values: [emp=0.850746, beta=0.840283]

Processing phenotype [ENSG00000242852.2] [13/228]
  * #variants in cis = 4
  * Best hit: [id=19_internal_7487, d=447325, pv=0.0152032, s=0.1928]
  * Maximum Likelihood estimation failed, use Moment Matching instead!
  * Beta parameters: [s1=1.00002, s2=3.98498]
  * Adjusted p-values: [emp=0.0497512, beta=0.0509951]

Processing phenotype [ENSG00000269560.1] [14/228]
  * #variants in cis = 4
  * Best hit: [id=19_internal_6771, d=683109, pv=0.402548, s=0.0679]
  * Maximum Likelihood estimation failed, use Moment Matching instead!
  * Beta parameters: [s1=1.00005, s2=3.60433]
  * Adjusted p-values: [emp=0.865672, beta=0.858428]

Processing phenotype [ENSG00000196826.7] [15/228]
  * #variants in cis = 4
  * Best hit: [id=19_internal_7487, d=484945, pv=0.00784695, s=0.2111]
  * Maximum Likelihood estimation failed, use Moment Matching instead!
  * Beta parameters: [s1=0.999979, s2=3.55475]
  * Adjusted p-values: [emp=0.0348259, beta=0.0365898]

Processing phenotype [ENSG00000249709.2] [16/228]
  * #variants in cis = 4
  * Best hit: [id=19_internal_6771, d=701678, pv=0.130172, s=0.1230]
  * Maximum Likelihood estimation failed, use Moment Matching instead!
  * Beta parameters: [s1=1.00002, s2=4.92091]
  * Adjusted p-values: [emp=0.442786, beta=0.437947]

Processing phenotype [ENSG00000213290.4] [17/228]
  * #variants in cis = 4
  * Best hit: [id=19_internal_7487, d=-493042, pv=0.328159, s=0.0775]
  * Maximum Likelihood estimation failed, use Moment Matching instead!
  * Beta parameters: [s1=0.999965, s2=4.84474]
  * Adjusted p-values: [emp=0.835821, beta=0.834345]

Processing phenotype [ENSG00000269693.1] [18/228]
  * #variants in cis = 4
  * Best hit: [id=19_internal_6771, d=731111, pv=0.0745427, s=0.1430]
  * Maximum Likelihood estimation failed, use Moment Matching instead!
  * Beta parameters: [s1=1.00002, s2=3.69049]
  * Adjusted p-values: [emp=0.268657, beta=0.26376]

Processing phenotype [ENSG00000173875.9] [19/228]
  * #variants in cis = 4
  * Best hit: [id=19_internal_7487, d=-544389, pv=0.0163432, s=0.1927]
  * Maximum Likelihood estimation failed, use Moment Matching instead!
  * Beta parameters: [s1=1.00003, s2=4.28058]
  * Adjusted p-values: [emp=0.0497512, beta=0.0496319]

Processing phenotype [ENSG00000221343.1] [20/228]
  * #variants in cis = 4
  * Best hit: [id=19_internal_6352, d=-334028, pv=0.35607, s=-0.0714]
  * Maximum Likelihood estimation failed, use Moment Matching instead!
  * Beta parameters: [s1=1.00001, s2=5.24844]
  * Adjusted p-values: [emp=0.825871, beta=0.861072]

Processing phenotype [ENSG00000188033.5] [21/228]
  * #variants in cis = 4
  * Best hit: [id=19_internal_6771, d=790234, pv=0.150292, s=0.1187]
  * Maximum Likelihood estimation failed, use Moment Matching instead!
  * Beta parameters: [s1=0.999986, s2=3.93765]
  * Adjusted p-values: [emp=0.462687, beta=0.462001]

Processing phenotype [ENSG00000178464.6] [22/228]
  * #variants in cis = 4
  * Best hit: [id=19_internal_6771, d=794055, pv=0.0682802, s=-0.1454]
  * Maximum Likelihood estimation failed, use Moment Matching instead!
  * Beta parameters: [s1=1.00002, s2=3.74882]
  * Adjusted p-values: [emp=0.20398, beta=0.185215]

Processing phenotype [ENSG00000269242.1] [23/228]
  * #variants in cis = 4
  * Best hit: [id=19_internal_6771, d=798533, pv=0.00738068, s=-0.2113]
  * Maximum Likelihood estimation failed, use Moment Matching instead!
  * Beta parameters: [s1=0.999997, s2=3.8626]
  * Adjusted p-values: [emp=0.0298507, beta=0.0274751]

Processing phenotype [ENSG00000104774.8] [24/228]
  * #variants in cis = 4
  * Best hit: [id=19_internal_6771, d=816878, pv=0.0120886, s=-0.1973]
  * Maximum Likelihood estimation failed, use Moment Matching instead!
  * Beta parameters: [s1=1.00004, s2=4.95459]
  * Adjusted p-values: [emp=0.039801, beta=0.0246457]

Processing phenotype [ENSG00000123154.7] [25/228]
  * #variants in cis = 4
  * Best hit: [id=19_internal_7487, d=-600271, pv=0.0126701, s=0.1952]
  * Maximum Likelihood estimation failed, use Moment Matching instead!
  * Beta parameters: [s1=1.00006, s2=4.27162]
  * Adjusted p-values: [emp=0.0248756, beta=0.0594729]

Processing phenotype [ENSG00000269590.1] [26/228]
  * #variants in cis = 4
  * Best hit: [id=19_internal_6771, d=819533, pv=0.00588594, s=-0.2203]
  * Maximum Likelihood estimation failed, use Moment Matching instead!
  * Beta parameters: [s1=1.00001, s2=3.76376]
  * Adjusted p-values: [emp=0.0298507, beta=0.0237583]

Processing phenotype [ENSG00000105583.5] [27/228]
  * #variants in cis = 4
  * Best hit: [id=19_internal_7487, d=604827, pv=0.0255354, s=0.1754]
  * Maximum Likelihood estimation failed, use Moment Matching instead!
  * Beta parameters: [s1=1.00002, s2=3.49626]
  * Adjusted p-values: [emp=0.119403, beta=0.103309]

Processing phenotype [ENSG00000095059.11] [28/228]
  * #variants in cis = 4
  * Best hit: [id=19_internal_7487, d=615373, pv=0.231827, s=0.0946]
  * Maximum Likelihood estimation failed, use Moment Matching instead!
  * Beta parameters: [s1=1.00003, s2=4.22205]
  * Adjusted p-values: [emp=0.671642, beta=0.64884]

Processing phenotype [ENSG00000268945.1] [29/228]
  * #variants in cis = 4
  * Best hit: [id=19_internal_7487, d=620750, pv=0.123006, s=0.1193]
  * Maximum Likelihood estimation failed, use Moment Matching instead!
  * Beta parameters: [s1=1.00002, s2=4.18732]
  * Adjusted p-values: [emp=0.457711, beta=0.420444]

Processing phenotype [ENSG00000267791.1] [30/228]
  * #variants in cis = 4
  * Best hit: [id=19_internal_7487, d=-622393, pv=0.254165, s=-0.0915]
  * Maximum Likelihood estimation failed, use Moment Matching instead!
  * Beta parameters: [s1=1, s2=4.52342]
  * Adjusted p-values: [emp=0.666667, beta=0.688918]

Processing phenotype [ENSG00000132004.8] [31/228]
  * #variants in cis = 4
  * Best hit: [id=19_internal_6352, d=400937, pv=0.459192, s=-0.0591]
  * Maximum Likelihood estimation failed, use Moment Matching instead!
  * Beta parameters: [s1=0.999996, s2=3.96626]
  * Adjusted p-values: [emp=0.920398, beta=0.914381]

Processing phenotype [ENSG00000105576.11] [32/228]
  * #variants in cis = 4
  * Best hit: [id=19_internal_6771, d=874147, pv=0.0273685, s=0.1651]
  * Maximum Likelihood estimation failed, use Moment Matching instead!
  * Beta parameters: [s1=1.00005, s2=4.01731]
  * Adjusted p-values: [emp=0.0895522, beta=0.076044]

Processing phenotype [ENSG00000123144.6] [33/228]
  * #variants in cis = 4
  * Best hit: [id=19_internal_6771, d=884911, pv=0.0533709, s=-0.1501]
  * Maximum Likelihood estimation failed, use Moment Matching instead!
  * Beta parameters: [s1=0.999941, s2=3.69033]
  * Adjusted p-values: [emp=0.228856, beta=0.229649]

Processing phenotype [ENSG00000198356.7] [34/228]
  * #variants in cis = 4
  * Best hit: [id=19_internal_6771, d=-887275, pv=0.275169, s=-0.0871]
  * Maximum Likelihood estimation failed, use Moment Matching instead!
  * Beta parameters: [s1=0.999956, s2=3.70754]
  * Adjusted p-values: [emp=0.721393, beta=0.720671]

Processing phenotype [ENSG00000039987.2] [35/228]
  * #variants in cis = 4
  * Best hit: [id=19_internal_7487, d=-685173, pv=0.0883065, s=0.1317]
  * Maximum Likelihood estimation failed, use Moment Matching instead!
  * Beta parameters: [s1=0.999978, s2=4.65325]
  * Adjusted p-values: [emp=0.338308, beta=0.362669]

Processing phenotype [ENSG00000267212.1] [36/228]
  * #variants in cis = 4
  * Best hit: [id=19_internal_7487, d=718572, pv=0.353615, s=-0.0694]
  * Maximum Likelihood estimation failed, use Moment Matching instead!
  * Beta parameters: [s1=0.999968, s2=4.41227]
  * Adjusted p-values: [emp=0.81592, beta=0.824621]

Processing phenotype [ENSG00000263800.1] [37/228]
  * #variants in cis = 4
  * Best hit: [id=19_internal_7207, d=-586384, pv=0.119685, s=-0.1158]
  * Maximum Likelihood estimation failed, use Moment Matching instead!
  * Beta parameters: [s1=1.00003, s2=3.95924]
  * Adjusted p-values: [emp=0.412935, beta=0.43913]

Processing phenotype [ENSG00000171223.4] [38/228]
  * #variants in cis = 4
  * Best hit: [id=19_internal_6771, d=-941632, pv=0.272247, s=-0.0883]
  * Maximum Likelihood estimation failed, use Moment Matching instead!
  * Beta parameters: [s1=1.00003, s2=4.50727]
  * Adjusted p-values: [emp=0.676617, beta=0.695619]

Processing phenotype [ENSG00000267062.1] [39/228]
  * #variants in cis = 4
  * Best hit: [id=19_internal_6771, d=-946959, pv=0.0449226, s=0.1638]
  * Maximum Likelihood estimation failed, use Moment Matching instead!
  * Beta parameters: [s1=0.999973, s2=3.87079]
  * Adjusted p-values: [emp=0.20398, beta=0.178871]

Processing phenotype [ENSG00000167815.7] [40/228]
  * #variants in cis = 4
  * Best hit: [id=19_internal_6771, d=952016, pv=0.0138701, s=0.2000]
  * Maximum Likelihood estimation failed, use Moment Matching instead!
  * Beta parameters: [s1=0.999949, s2=4.15025]
  * Adjusted p-values: [emp=0.0497512, beta=0.0459849]

Processing phenotype [ENSG00000104889.4] [41/228]
  * #variants in cis = 4
  * Best hit: [id=19_internal_6771, d=-956716, pv=0.370911, s=0.0703]
  * Maximum Likelihood estimation failed, use Moment Matching instead!
  * Beta parameters: [s1=0.999994, s2=4.57115]
  * Adjusted p-values: [emp=0.81592, beta=0.824139]

Processing phenotype [ENSG00000105613.5] [42/228]
  * #variants in cis = 4
  * Best hit: [id=19_internal_7487, d=-767422, pv=0.0395206, s=0.1629]
  * Maximum Likelihood estimation failed, use Moment Matching instead!
  * Beta parameters: [s1=1.00002, s2=4.09323]
  * Adjusted p-values: [emp=0.149254, beta=0.138052]

Processing phenotype [ENSG00000095066.7] [43/228]
  * #variants in cis = 3
  * Best hit: [id=19_internal_7207, d=671996, pv=0.70269, s=-0.0311]
  * Maximum Likelihood estimation failed, use Moment Matching instead!
  * Beta parameters: [s1=0.999964, s2=2.64375]
  * Adjusted p-values: [emp=0.955224, beta=0.963457]

Processing phenotype [ENSG00000267735.1] [44/228]
  * #variants in cis = 3
  * Best hit: [id=19_internal_7207, d=-680225, pv=0.179126, s=-0.1027]
  * Maximum Likelihood estimation failed, use Moment Matching instead!
  * Beta parameters: [s1=0.999969, s2=3.72795]
  * Adjusted p-values: [emp=0.457711, beta=0.454584]

Processing phenotype [ENSG00000105612.4] [45/228]
  * #variants in cis = 3
  * Best hit: [id=19_internal_7487, d=814939, pv=0.0759156, s=0.1415]
  * Maximum Likelihood estimation failed, use Moment Matching instead!
  * Beta parameters: [s1=0.999983, s2=3.44875]
  * Adjusted p-values: [emp=0.179104, beta=0.204042]

Processing phenotype [ENSG00000105610.4] [46/228]
  * #variants in cis = 3
  * Best hit: [id=19_internal_7487, d=820652, pv=0.410687, s=-0.0649]
  * Maximum Likelihood estimation failed, use Moment Matching instead!
  * Beta parameters: [s1=0.999978, s2=3.05134]
  * Adjusted p-values: [emp=0.800995, beta=0.791091]

Processing phenotype [ENSG00000105607.7] [47/228]
  * #variants in cis = 3
  * Best hit: [id=19_internal_6352, d=-595320, pv=0.0929927, s=-0.1329]
  * Maximum Likelihood estimation failed, use Moment Matching instead!
  * Beta parameters: [s1=0.999952, s2=2.66417]
  * Adjusted p-values: [emp=0.243781, beta=0.244938]

Processing phenotype [ENSG00000240616.1] [48/228]
  * #variants in cis = 3
  * Best hit: [id=19_internal_7487, d=-827604, pv=0.118357, s=-0.1253]
  * Maximum Likelihood estimation failed, use Moment Matching instead!
  * Beta parameters: [s1=0.999966, s2=3.17534]
  * Adjusted p-values: [emp=0.268657, beta=0.290505]

Processing phenotype [ENSG00000161860.7] [49/228]
  * #variants in cis = 3
  * Best hit: [id=19_internal_7487, d=852747, pv=0.150967, s=0.1174]
  * Maximum Likelihood estimation failed, use Moment Matching instead!
  * Beta parameters: [s1=1.00003, s2=3.04999]
  * Adjusted p-values: [emp=0.40796, beta=0.399893]

Processing phenotype [ENSG00000266975.1] [50/228]
  * #variants in cis = 3
  * Best hit: [id=19_internal_7487, d=-863993, pv=0.000425673, s=0.2515]
  * Maximum Likelihood estimation failed, use Moment Matching instead!
  * Beta parameters: [s1=0.999999, s2=2.93872]
  * Adjusted p-values: [emp=0.00995025, beta=0.00127343]

Processing phenotype [ENSG00000179115.6] [51/228]
  * #variants in cis = 3
  * Best hit: [id=19_internal_7487, d=867508, pv=0.00256136, s=0.2302]
  * Maximum Likelihood estimation failed, use Moment Matching instead!
  * Beta parameters: [s1=0.999992, s2=2.85855]
  * Adjusted p-values: [emp=0.0149254, beta=0.0114779]

Processing phenotype [ENSG00000179218.8] [52/228]
  * #variants in cis = 3
  * Best hit: [id=19_internal_7207, d=-737834, pv=0.247284, s=0.0955]
  * Maximum Likelihood estimation failed, use Moment Matching instead!
  * Beta parameters: [s1=1.00001, s2=3.32226]
  * Adjusted p-values: [emp=0.58209, beta=0.569432]

Processing phenotype [ENSG00000267458.1] [53/228]
  * #variants in cis = 3
  * Best hit: [id=19_internal_7487, d=877958, pv=0.199824, s=-0.1009]
  * Maximum Likelihood estimation failed, use Moment Matching instead!
  * Beta parameters: [s1=1, s2=2.94482]
  * Adjusted p-values: [emp=0.442786, beta=0.456459]

Processing phenotype [ENSG00000179262.4] [54/228]
  * #variants in cis = 3
  * Best hit: [id=19_internal_6352, d=-650149, pv=0.0631467, s=-0.1476]
  * Maximum Likelihood estimation failed, use Moment Matching instead!
  * Beta parameters: [s1=0.999997, s2=3.0554]
  * Adjusted p-values: [emp=0.154229, beta=0.176769]

Processing phenotype [ENSG00000179271.1] [55/228]
  * #variants in cis = 3
  * Best hit: [id=19_internal_6352, d=661530, pv=0.65788, s=-0.0352]
  * Maximum Likelihood estimation failed, use Moment Matching instead!
  * Beta parameters: [s1=0.999993, s2=3.04723]
  * Adjusted p-values: [emp=0.975124, beta=0.961038]

Processing phenotype [ENSG00000008441.12] [56/228]
  * #variants in cis = 3
  * Best hit: [id=19_internal_7207, d=-794864, pv=0.308594, s=0.0791]
  * Maximum Likelihood estimation failed, use Moment Matching instead!
  * Beta parameters: [s1=1.00001, s2=4.13396]
  * Adjusted p-values: [emp=0.701493, beta=0.695157]

Processing phenotype [ENSG00000267610.1] [57/228]
  * #variants in cis = 2
  * Best hit: [id=19_internal_6352, d=775668, pv=0.446101, s=0.0621]
  * Maximum Likelihood estimation failed, use Moment Matching instead!
  * Beta parameters: [s1=1.00002, s2=2.06697]
  * Adjusted p-values: [emp=0.686567, beta=0.708088]

Processing phenotype [ENSG00000104903.4] [58/228]
  * #variants in cis = 2
  * Best hit: [id=19_internal_7207, d=902417, pv=0.307179, s=-0.0831]
  * Maximum Likelihood estimation failed, use Moment Matching instead!
  * Beta parameters: [s1=0.999979, s2=1.80732]
  * Adjusted p-values: [emp=0.517413, beta=0.507604]

Processing phenotype [ENSG00000104907.8] [59/228]
  * #variants in cis = 2
  * Best hit: [id=19_internal_7207, d=916823, pv=0.680397, s=0.0331]
  * Maximum Likelihood estimation failed, use Moment Matching instead!
  * Beta parameters: [s1=1.00002, s2=2.00011]
  * Adjusted p-values: [emp=0.895522, beta=0.906893]

Processing phenotype [ENSG00000160877.5] [60/228]
  * #variants in cis = 2
  * Best hit: [id=19_internal_7207, d=-917359, pv=0.580991, s=0.0445]
  * Maximum Likelihood estimation failed, use Moment Matching instead!
  * Beta parameters: [s1=1.00003, s2=2.07487]
  * Adjusted p-values: [emp=0.820896, beta=0.836537]

Processing phenotype [ENSG00000266897.1] [61/228]
  * #variants in cis = 2
  * Best hit: [id=19_internal_7207, d=-930827, pv=0.0911367, s=-0.1326]
  * Maximum Likelihood estimation failed, use Moment Matching instead!
  * Beta parameters: [s1=1, s2=1.78303]
  * Adjusted p-values: [emp=0.199005, beta=0.213804]

Processing phenotype [ENSG00000267512.1] [62/228]
  * #variants in cis = 2
  * Best hit: [id=19_internal_6352, d=845441, pv=0.574261, s=0.0462]
  * Maximum Likelihood estimation failed, use Moment Matching instead!
  * Beta parameters: [s1=0.999969, s2=1.93838]
  * Adjusted p-values: [emp=0.810945, beta=0.805058]

Processing phenotype [ENSG00000104915.10] [63/228]
  * #variants in cis = 2
  * Best hit: [id=19_internal_7207, d=949639, pv=0.738488, s=-0.0256]
  * Maximum Likelihood estimation failed, use Moment Matching instead!
  * Beta parameters: [s1=1.00002, s2=1.74528]
  * Adjusted p-values: [emp=0.925373, beta=0.908757]

Processing phenotype [ENSG00000160888.6] [64/228]
  * #variants in cis = 2
  * Best hit: [id=19_internal_6352, d=-854709, pv=0.118109, s=-0.1250]
  * Maximum Likelihood estimation failed, use Moment Matching instead!
  * Beta parameters: [s1=1, s2=2.20085]
  * Adjusted p-values: [emp=0.228856, beta=0.219729]

Processing phenotype [ENSG00000267598.1] [65/228]
  * #variants in cis = 2
  * Best hit: [id=19_internal_6352, d=858487, pv=0.170536, s=-0.1061]
  * Maximum Likelihood estimation failed, use Moment Matching instead!
  * Beta parameters: [s1=1.00001, s2=2.01738]
  * Adjusted p-values: [emp=0.353234, beta=0.345376]

Processing phenotype [ENSG00000213253.5] [66/228]
  * #variants in cis = 2
  * Best hit: [id=19_internal_6352, d=863082, pv=0.573439, s=-0.0446]
  * Maximum Likelihood estimation failed, use Moment Matching instead!
  * Beta parameters: [s1=0.99997, s2=1.97327]
  * Adjusted p-values: [emp=0.835821, beta=0.834599]

Processing phenotype [ENSG00000141837.13] [67/228]
  * #variants in cis = 5
  * Best hit: [id=19_internal_6561, d=-934209, pv=0.00457055, s=-0.2351]
  * Maximum Likelihood estimation failed, use Moment Matching instead!
  * Beta parameters: [s1=0.999965, s2=5.23967]
  * Adjusted p-values: [emp=0.0497512, beta=0.0239568]

Processing phenotype [ENSG00000104957.9] [68/228]
  * #variants in cis = 5
  * Best hit: [id=19_internal_8539, d=485266, pv=0.0661386, s=0.1451]
  * Maximum Likelihood estimation failed, use Moment Matching instead!
  * Beta parameters: [s1=1, s2=4.34195]
  * Adjusted p-values: [emp=0.333333, beta=0.292098]

Processing phenotype [ENSG00000037757.9] [69/228]
  * #variants in cis = 5
  * Best hit: [id=19_internal_8539, d=452494, pv=0.165657, s=-0.1085]
  * Maximum Likelihood estimation failed, use Moment Matching instead!
  * Beta parameters: [s1=1.00002, s2=4.72786]
  * Adjusted p-values: [emp=0.616915, beta=0.605154]

Processing phenotype [ENSG00000267633.1] [70/228]
  * #variants in cis = 5
  * Best hit: [id=19_internal_6561, d=-784081, pv=0.40822, s=0.0652]
  * Maximum Likelihood estimation failed, use Moment Matching instead!
  * Beta parameters: [s1=1.00003, s2=5.41814]
  * Adjusted p-values: [emp=0.925373, beta=0.933137]

Processing phenotype [ENSG00000104979.4] [71/228]
  * #variants in cis = 5
  * Best hit: [id=19_internal_7116, d=775810, pv=0.0557029, s=-0.1530]
  * Maximum Likelihood estimation failed, use Moment Matching instead!
  * Beta parameters: [s1=1, s2=3.88289]
  * Adjusted p-values: [emp=0.343284, beta=0.310149]

Processing phenotype [ENSG00000214109.3] [72/228]
  * #variants in cis = 5
  * Best hit: [id=19_internal_6561, d=-768041, pv=0.0427229, s=0.1504]
  * Maximum Likelihood estimation failed, use Moment Matching instead!
  * Beta parameters: [s1=1.00002, s2=5.56735]
  * Adjusted p-values: [emp=0.253731, beta=0.210789]

Processing phenotype [ENSG00000132003.5] [73/228]
  * #variants in cis = 5
  * Best hit: [id=19_internal_6561, d=762739, pv=0.00843119, s=0.2112]
  * Maximum Likelihood estimation failed, use Moment Matching instead!
  * Beta parameters: [s1=0.999967, s2=5.67576]
  * Adjusted p-values: [emp=0.0597015, beta=0.0243387]

Processing phenotype [ENSG00000267582.1] [74/228]
  * #variants in cis = 5
  * Best hit: [id=19_internal_5807, d=-564860, pv=0.0742344, s=-0.1395]
  * Maximum Likelihood estimation failed, use Moment Matching instead!
  * Beta parameters: [s1=1.00001, s2=5.14654]
  * Adjusted p-values: [emp=0.328358, beta=0.30804]

Processing phenotype [ENSG00000267519.1] [75/228]
  * #variants in cis = 5
  * Best hit: [id=19_internal_6561, d=-721910, pv=0.0125595, s=0.1970]
  * Maximum Likelihood estimation failed, use Moment Matching instead!
  * Beta parameters: [s1=0.999981, s2=4.35774]
  * Adjusted p-values: [emp=0.0597015, beta=0.0821535]

Processing phenotype [ENSG00000209707.1] [76/228]
  * #variants in cis = 5
  * Best hit: [id=19_internal_6561, d=-721840, pv=0.0347947, s=0.1702]
  * Beta parameters: [s1=0.927341, s2=6.10724]
  * Adjusted p-values: [emp=0.174129, beta=0.155283]

Processing phenotype [ENSG00000207808.1] [77/228]
  * #variants in cis = 5
  * Best hit: [id=19_internal_6561, d=-721682, pv=0.0300342, s=0.1744]
  * Maximum Likelihood estimation failed, use Moment Matching instead!
  * Beta parameters: [s1=0.999962, s2=4.46197]
  * Adjusted p-values: [emp=0.149254, beta=0.145598]

Processing phenotype [ENSG00000207980.1] [78/228]
  * #variants in cis = 5
  * Best hit: [id=19_internal_6561, d=-721540, pv=0.101991, s=0.1320]
  * Maximum Likelihood estimation failed, use Moment Matching instead!
  * Beta parameters: [s1=1.00001, s2=4.21994]
  * Adjusted p-values: [emp=0.432836, beta=0.42597]

Processing phenotype [ENSG00000187556.6] [79/228]
  * #variants in cis = 5
  * Best hit: [id=19_internal_6561, d=696136, pv=0.0080945, s=0.2117]
  * Beta parameters: [s1=0.871533, s2=5.96294]
  * Adjusted p-values: [emp=0.0547264, beta=0.0374761]

Processing phenotype [ENSG00000132024.13] [80/228]
  * #variants in cis = 6
  * Best hit: [id=19_internal_5807, d=455593, pv=0.0860988, s=-0.1394]
  * Maximum Likelihood estimation failed, use Moment Matching instead!
  * Beta parameters: [s1=1.00006, s2=5.29107]
  * Adjusted p-values: [emp=0.353234, beta=0.365969]

Processing phenotype [ENSG00000132016.7] [81/228]
  * #variants in cis = 6
  * Best hit: [id=19_internal_6561, d=-651748, pv=0.0815035, s=0.1356]
  * Maximum Likelihood estimation failed, use Moment Matching instead!
  * Beta parameters: [s1=0.999952, s2=5.45581]
  * Adjusted p-values: [emp=0.40796, beta=0.392915]

Processing phenotype [ENSG00000132017.6] [82/228]
  * #variants in cis = 6
  * Best hit: [id=19_internal_6218, d=935675, pv=0.0486996, s=-0.1616]
  * Maximum Likelihood estimation failed, use Moment Matching instead!
  * Beta parameters: [s1=1.00002, s2=7.26584]
  * Adjusted p-values: [emp=0.223881, beta=0.18083]

Processing phenotype [ENSG00000132000.7] [83/228]
  * #variants in cis = 6
  * Best hit: [id=19_internal_6483, d=-394927, pv=0.0709564, s=0.1443]
  * Beta parameters: [s1=1.04915, s2=6.55798]
  * Adjusted p-values: [emp=0.353234, beta=0.356526]

Processing phenotype [ENSG00000132005.4] [84/228]
  * #variants in cis = 6
  * Best hit: [id=19_internal_8539, d=-209989, pv=0.0634508, s=0.1450]
  * Beta parameters: [s1=0.96266, s2=6.03994]
  * Adjusted p-values: [emp=0.308458, beta=0.322968]

Processing phenotype [ENSG00000171136.6] [85/228]
  * #variants in cis = 6
  * Best hit: [id=19_internal_6561, d=530053, pv=0.0261224, s=0.1748]
  * Beta parameters: [s1=1.01703, s2=6.42023]
  * Adjusted p-values: [emp=0.124378, beta=0.15025]

Processing phenotype [ENSG00000267670.1] [86/228]
  * #variants in cis = 6
  * Best hit: [id=19_internal_6561, d=-526644, pv=0.0238603, s=0.1749]
  * Maximum Likelihood estimation failed, use Moment Matching instead!
  * Beta parameters: [s1=0.999944, s2=4.56866]
  * Adjusted p-values: [emp=0.154229, beta=0.146005]

Processing phenotype [ENSG00000104998.2] [87/228]
  * #variants in cis = 6
  * Best hit: [id=19_internal_6561, d=526453, pv=0.0329369, s=-0.1619]
  * Beta parameters: [s1=1.02666, s2=5.74068]
  * Adjusted p-values: [emp=0.164179, beta=0.179543]

Processing phenotype [ENSG00000141854.3] [88/228]
  * #variants in cis = 6
  * Best hit: [id=19_internal_6218, d=815631, pv=0.319466, s=-0.0811]
  * Beta parameters: [s1=1.03918, s2=5.96638]
  * Adjusted p-values: [emp=0.870647, beta=0.892718]

Processing phenotype [ENSG00000188032.5] [89/228]
  * #variants in cis = 6
  * Best hit: [id=19_internal_6561, d=-472326, pv=0.0153648, s=0.1858]
  * Beta parameters: [s1=0.910847, s2=5.85245]
  * Adjusted p-values: [emp=0.119403, beta=0.105985]

Processing phenotype [ENSG00000141858.7] [90/228]
  * #variants in cis = 6
  * Best hit: [id=19_internal_5807, d=-270759, pv=0.165443, s=-0.1090]
  * Maximum Likelihood estimation failed, use Moment Matching instead!
  * Beta parameters: [s1=0.999948, s2=5.48906]
  * Adjusted p-values: [emp=0.686567, beta=0.678302]

Processing phenotype [ENSG00000072062.8] [91/228]
  * #variants in cis = 6
  * Best hit: [id=19_internal_8539, d=-98944, pv=0.247218, s=-0.0913]
  * Beta parameters: [s1=0.926954, s2=5.67225]
  * Adjusted p-values: [emp=0.79602, beta=0.778333]

Processing phenotype [ENSG00000267783.1] [92/228]
  * #variants in cis = 6
  * Best hit: [id=19_internal_5807, d=242689, pv=0.16079, s=-0.1095]
  * Beta parameters: [s1=0.930146, s2=5.72585]
  * Adjusted p-values: [emp=0.656716, beta=0.680978]

Processing phenotype [ENSG00000105011.4] [93/228]
  * #variants in cis = 6
  * Best hit: [id=19_internal_7116, d=-413024, pv=0.0449352, s=-0.1627]
  * Beta parameters: [s1=0.930969, s2=6.05104]
  * Adjusted p-values: [emp=0.268657, beta=0.253592]

Processing phenotype [ENSG00000267169.1] [94/228]
  * #variants in cis = 6
  * Best hit: [id=19_internal_5807, d=224616, pv=0.107311, s=-0.1269]
  * Maximum Likelihood estimation failed, use Moment Matching instead!
  * Beta parameters: [s1=0.999982, s2=4.76919]
  * Adjusted p-values: [emp=0.547264, beta=0.522904]

Processing phenotype [ENSG00000072071.12] [95/228]
  * #variants in cis = 6
  * Best hit: [id=19_internal_8539, d=-10841, pv=0.0598986, s=-0.1398]
  * Beta parameters: [s1=1.03929, s2=5.70877]
  * Adjusted p-values: [emp=0.278607, beta=0.286921]

Processing phenotype [ENSG00000266913.1] [96/228]
  * #variants in cis = 6
  * Best hit: [id=19_internal_5807, d=0, pv=0.0229292, s=0.1799]
  * Beta parameters: [s1=1.03162, s2=6.39455]
  * Adjusted p-values: [emp=0.109453, beta=0.109265]

Processing phenotype [ENSG00000123146.14] [97/228]
  * #variants in cis = 6
  * Best hit: [id=19_internal_8539, d=-158826, pv=0.144666, s=0.1174]
  * Beta parameters: [s1=0.957105, s2=5.5118]
  * Adjusted p-values: [emp=0.641791, beta=0.64379]

Processing phenotype [ENSG00000267379.1] [98/228]
  * #variants in cis = 6
  * Best hit: [id=19_internal_6561, d=-149478, pv=0.067159, s=-0.1467]
  * Beta parameters: [s1=1.0242, s2=5.99853]
  * Adjusted p-values: [emp=0.328358, beta=0.309086]

Processing phenotype [ENSG00000123136.10] [99/228]
  * #variants in cis = 6
  * Best hit: [id=19_internal_7116, d=-130600, pv=0.269915, s=0.0871]
  * Maximum Likelihood estimation failed, use Moment Matching instead!
  * Beta parameters: [s1=0.99998, s2=5.24255]
  * Adjusted p-values: [emp=0.835821, beta=0.835093]

Processing phenotype [ENSG00000123143.8] [100/228]
  * #variants in cis = 6
  * Best hit: [id=19_internal_6218, d=455114, pv=0.16083, s=-0.1077]
  * Beta parameters: [s1=1.00012, s2=6.22438]
  * Adjusted p-values: [emp=0.631841, beta=0.641481]

Processing phenotype [ENSG00000267474.1] [101/228]
  * #variants in cis = 6
  * Best hit: [id=19_internal_5807, d=-68385, pv=0.26908, s=0.0908]
  * Beta parameters: [s1=0.923668, s2=5.99179]
  * Adjusted p-values: [emp=0.820896, beta=0.828566]

Processing phenotype [ENSG00000224543.3] [102/228]
  * #variants in cis = 6
  * Best hit: [id=19_internal_5807, d=-98930, pv=0.0293365, s=-0.1650]
  * Maximum Likelihood estimation failed, use Moment Matching instead!
  * Beta parameters: [s1=1.00004, s2=5.50731]
  * Adjusted p-values: [emp=0.169154, beta=0.153188]

Processing phenotype [ENSG00000123159.10] [103/228]
  * #variants in cis = 6
  * Best hit: [id=19_internal_5807, d=106116, pv=0.33558, s=0.0772]
  * Beta parameters: [s1=1.06889, s2=6.2393]
  * Adjusted p-values: [emp=0.955224, beta=0.930826]

Processing phenotype [ENSG00000099797.7] [104/228]
  * #variants in cis = 6
  * Best hit: [id=19_internal_6561, d=41116, pv=0.012087, s=0.1988]
  * Beta parameters: [s1=1.03418, s2=6.21148]
  * Adjusted p-values: [emp=0.0746269, beta=0.0770902]

Processing phenotype [ENSG00000207707.1] [105/228]
  * #variants in cis = 6
  * Best hit: [id=19_internal_5807, d=-139527, pv=0.00533441, s=-0.2162]
  * Beta parameters: [s1=0.970614, s2=6.88874]
  * Adjusted p-values: [emp=0.0248756, beta=0.0282357]

Processing phenotype [ENSG00000132002.3] [106/228]
  * #variants in cis = 6
  * Best hit: [id=19_internal_8539, d=308095, pv=0.00778015, s=-0.2070]
  * Beta parameters: [s1=0.966597, s2=6.7848]
  * Adjusted p-values: [emp=0.0298507, beta=0.0333697]

Processing phenotype [ENSG00000099795.2] [107/228]
  * #variants in cis = 6
  * Best hit: [id=19_internal_7116, d=8111, pv=0.187115, s=-0.1109]
  * Beta parameters: [s1=0.998554, s2=5.94105]
  * Adjusted p-values: [emp=0.686567, beta=0.671704]

Processing phenotype [ENSG00000187912.7] [108/228]
  * #variants in cis = 6
  * Best hit: [id=19_internal_5807, d=-193068, pv=0.0818043, s=0.1390]
  * Beta parameters: [s1=0.977326, s2=6.35051]
  * Adjusted p-values: [emp=0.393035, beta=0.433866]

Processing phenotype [ENSG00000269378.1] [109/228]
  * #variants in cis = 6
  * Best hit: [id=19_internal_8539, d=400567, pv=0.030348, s=-0.1769]
  * Beta parameters: [s1=1.01182, s2=5.9031]
  * Adjusted p-values: [emp=0.174129, beta=0.154159]

Processing phenotype [ENSG00000160961.7] [110/228]
  * #variants in cis = 6
  * Best hit: [id=19_internal_5807, d=-299785, pv=0.0334988, s=0.1743]
  * Maximum Likelihood estimation failed, use Moment Matching instead!
  * Beta parameters: [s1=1.00002, s2=5.0919]
  * Adjusted p-values: [emp=0.218905, beta=0.173526]

Processing phenotype [ENSG00000131355.10] [111/228]
  * #variants in cis = 6
  * Best hit: [id=19_internal_6561, d=127578, pv=0.178882, s=0.1049]
  * Beta parameters: [s1=0.994053, s2=7.98102]
  * Adjusted p-values: [emp=0.736318, beta=0.761711]

Processing phenotype [ENSG00000268550.1] [112/228]
  * #variants in cis = 6
  * Best hit: [id=19_internal_6218, d=164232, pv=0.0197028, s=0.1874]
  * Beta parameters: [s1=0.966742, s2=6.59495]
  * Adjusted p-values: [emp=0.0746269, beta=0.0898124]

Processing phenotype [ENSG00000127507.12] [113/228]
  * #variants in cis = 6
  * Best hit: [id=19_internal_6218, d=-109626, pv=0.0316332, s=0.1733]
  * Beta parameters: [s1=0.978542, s2=6.57586]
  * Adjusted p-values: [emp=0.19403, beta=0.189876]

Processing phenotype [ENSG00000256210.2] [114/228]
  * #variants in cis = 6
  * Best hit: [id=19_internal_5807, d=-402293, pv=0.125545, s=0.1256]
  * Beta parameters: [s1=0.92627, s2=5.83415]
  * Adjusted p-values: [emp=0.527363, beta=0.537755]

Processing phenotype [ENSG00000105137.8] [115/228]
  * #variants in cis = 6
  * Best hit: [id=19_internal_8539, d=-885727, pv=0.0849292, s=-0.1369]
  * Beta parameters: [s1=0.983974, s2=6.30795]
  * Adjusted p-values: [emp=0.363184, beta=0.37041]

Processing phenotype [ENSG00000268564.1] [116/228]
  * #variants in cis = 6
  * Best hit: [id=19_internal_6218, d=-179080, pv=0.0284323, s=0.1724]
  * Beta parameters: [s1=0.951316, s2=5.79341]
  * Adjusted p-values: [emp=0.179104, beta=0.164554]

Processing phenotype [ENSG00000105135.11] [117/228]
  * #variants in cis = 6
  * Best hit: [id=19_internal_8539, d=904109, pv=0.263959, s=-0.0904]
  * Beta parameters: [s1=1.06072, s2=6.59167]
  * Adjusted p-values: [emp=0.840796, beta=0.850416]

Processing phenotype [ENSG00000074181.4] [118/228]
  * #variants in cis = 7
  * Best hit: [id=19_internal_6561, d=638531, pv=0.0743787, s=-0.1398]
  * Beta parameters: [s1=0.963288, s2=7.7156]
  * Adjusted p-values: [emp=0.452736, beta=0.455577]

Processing phenotype [ENSG00000105131.3] [119/228]
  * #variants in cis = 7
  * Best hit: [id=19_internal_7116, d=669483, pv=0.0773574, s=-0.1378]
  * Beta parameters: [s1=1.04559, s2=7.26895]
  * Adjusted p-values: [emp=0.472637, beta=0.445178]

Processing phenotype [ENSG00000141867.12] [120/228]
  * #variants in cis = 9
  * Best hit: [id=19_internal_6112, d=-923967, pv=0.00946518, s=0.2095]
  * Beta parameters: [s1=0.950672, s2=12.6823]
  * Adjusted p-values: [emp=0.0646766, beta=0.0544176]

Processing phenotype [ENSG00000268189.1] [121/228]
  * #variants in cis = 9
  * Best hit: [id=19_internal_6561, d=-816626, pv=0.010376, s=0.2055]
  * Beta parameters: [s1=1.10883, s2=7.71444]
  * Adjusted p-values: [emp=0.0995025, beta=0.101035]

Processing phenotype [ENSG00000105127.3] [122/228]
  * #variants in cis = 9
  * Best hit: [id=19_internal_6112, d=-876711, pv=0.0457459, s=-0.1573]
  * Beta parameters: [s1=1.05242, s2=9.01591]
  * Adjusted p-values: [emp=0.323383, beta=0.31565]

Processing phenotype [ENSG00000269311.1] [123/228]
  * #variants in cis = 9
  * Best hit: [id=19_internal_6112, d=-872700, pv=0.0723406, s=-0.1375]
  * Beta parameters: [s1=0.95934, s2=7.25297]
  * Adjusted p-values: [emp=0.487562, beta=0.507927]

Processing phenotype [ENSG00000269589.1] [124/228]
  * #variants in cis = 8
  * Best hit: [id=19_internal_6561, d=-836118, pv=0.0772261, s=0.1345]
  * Beta parameters: [s1=1.0819, s2=7.71511]
  * Adjusted p-values: [emp=0.487562, beta=0.457598]

Processing phenotype [ENSG00000011243.11] [125/228]
  * #variants in cis = 8
  * Best hit: [id=19_internal_6561, d=856691, pv=0.00647826, s=0.2149]
  * Beta parameters: [s1=0.87062, s2=7.21833]
  * Adjusted p-values: [emp=0.0895522, beta=0.0682261]

Processing phenotype [ENSG00000011451.10] [126/228]
  * #variants in cis = 8
  * Best hit: [id=19_internal_6561, d=887501, pv=0.00345961, s=-0.2332]
  * Beta parameters: [s1=1.01685, s2=8.69088]
  * Adjusted p-values: [emp=0.0298507, beta=0.0277788]

Processing phenotype [ENSG00000105122.7] [127/228]
  * #variants in cis = 8
  * Best hit: [id=19_internal_6218, d=519486, pv=0.0270507, s=-0.1798]
  * Beta parameters: [s1=0.889942, s2=9.69307]
  * Adjusted p-values: [emp=0.189055, beta=0.174143]

Processing phenotype [ENSG00000171954.6] [128/228]
  * #variants in cis = 8
  * Best hit: [id=19_internal_6218, d=-563413, pv=0.12906, s=-0.1198]
  * Beta parameters: [s1=0.887512, s2=7.82123]
  * Adjusted p-values: [emp=0.626866, beta=0.659039]

Processing phenotype [ENSG00000225067.2] [129/228]
  * #variants in cis = 7
  * Best hit: [id=19_internal_6218, d=-666576, pv=0.157964, s=0.1085]
  * Beta parameters: [s1=1.11866, s2=7.0888]
  * Adjusted p-values: [emp=0.691542, beta=0.682536]

Processing phenotype [ENSG00000186529.9] [130/228]
  * #variants in cis = 7
  * Best hit: [id=19_internal_8144, d=590756, pv=0.360028, s=0.0717]
  * Beta parameters: [s1=0.836819, s2=6.59171]
  * Adjusted p-values: [emp=0.955224, beta=0.949321]

Processing phenotype [ENSG00000266948.1] [131/228]
  * #variants in cis = 7
  * Best hit: [id=19_internal_6218, d=-715367, pv=0.29988, s=0.0828]
  * Beta parameters: [s1=1.05618, s2=8.07911]
  * Adjusted p-values: [emp=0.950249, beta=0.931813]

Processing phenotype [ENSG00000214049.5] [132/228]
  * #variants in cis = 7
  * Best hit: [id=19_internal_6112, d=427566, pv=0.35681, s=-0.0747]
  * Beta parameters: [s1=1.10748, s2=7.56477]
  * Adjusted p-values: [emp=0.960199, beta=0.965732]

Processing phenotype [ENSG00000267308.1] [133/228]
  * #variants in cis = 7
  * Best hit: [id=19_internal_7798, d=-505020, pv=0.108001, s=-0.1315]
  * Beta parameters: [s1=1.02926, s2=7.01768]
  * Adjusted p-values: [emp=0.58209, beta=0.586925]

Processing phenotype [ENSG00000248453.1] [134/228]
  * #variants in cis = 7
  * Best hit: [id=19_internal_5899, d=-727979, pv=0.00866569, s=0.2030]
  * Beta parameters: [s1=1.06191, s2=5.89208]
  * Adjusted p-values: [emp=0.0646766, beta=0.0608759]

Processing phenotype [ENSG00000167460.10] [135/228]
  * #variants in cis = 7
  * Best hit: [id=19_internal_8144, d=164632, pv=0.120259, s=-0.1208]
  * Beta parameters: [s1=0.911338, s2=7.76026]
  * Adjusted p-values: [emp=0.552239, beta=0.578515]

Processing phenotype [ENSG00000267373.1] [136/228]
  * #variants in cis = 7
  * Best hit: [id=19_internal_5996, d=-218544, pv=0.00163015, s=-0.2437]
  * Beta parameters: [s1=0.938639, s2=7.52795]
  * Adjusted p-values: [emp=0.0199005, beta=0.00982821]

Processing phenotype [ENSG00000167461.7] [137/228]
  * #variants in cis = 7
  * Best hit: [id=19_internal_6112, d=144884, pv=0.0947486, s=0.1329]
  * Beta parameters: [s1=0.986441, s2=6.46219]
  * Adjusted p-values: [emp=0.527363, beta=0.523317]

Processing phenotype [ENSG00000196684.7] [138/228]
  * #variants in cis = 7
  * Best hit: [id=19_internal_5899, d=431006, pv=0.100775, s=0.1328]
  * Beta parameters: [s1=1.14806, s2=6.99773]
  * Adjusted p-values: [emp=0.507463, beta=0.501505]

Processing phenotype [ENSG00000267068.1] [139/228]
  * #variants in cis = 7
  * Best hit: [id=19_internal_5899, d=431006, pv=0.0785456, s=0.1419]
  * Beta parameters: [s1=0.92141, s2=7.12365]
  * Adjusted p-values: [emp=0.422886, beta=0.435171]

Processing phenotype [ENSG00000269243.1] [140/228]
  * #variants in cis = 7
  * Best hit: [id=19_internal_6112, d=-116621, pv=0.0441452, s=0.1560]
  * Beta parameters: [s1=0.940743, s2=6.5792]
  * Adjusted p-values: [emp=0.243781, beta=0.221255]

Processing phenotype [ENSG00000141977.5] [141/228]
  * #variants in cis = 7
  * Best hit: [id=19_internal_6112, d=-82987, pv=0.143036, s=0.1119]
  * Maximum Likelihood estimation failed, use Moment Matching instead!
  * Beta parameters: [s1=1.00007, s2=5.3551]
  * Adjusted p-values: [emp=0.696517, beta=0.6695]

Processing phenotype [ENSG00000105058.7] [142/228]
  * #variants in cis = 7
  * Best hit: [id=19_internal_6112, d=71132, pv=0.0761884, s=0.1377]
  * Beta parameters: [s1=1.02468, s2=6.34331]
  * Adjusted p-values: [emp=0.497512, beta=0.477516]

Processing phenotype [ENSG00000267033.1] [143/228]
  * #variants in cis = 7
  * Best hit: [id=19_internal_7798, d=-151414, pv=0.0274247, s=-0.1748]
  * Beta parameters: [s1=0.926709, s2=7.64196]
  * Adjusted p-values: [emp=0.159204, beta=0.159868]

Processing phenotype [ENSG00000072958.4] [144/228]
  * #variants in cis = 7
  * Best hit: [id=19_internal_8144, d=34074, pv=0.0370259, s=0.1685]
  * Beta parameters: [s1=1.09597, s2=7.23694]
  * Adjusted p-values: [emp=0.233831, beta=0.246982]

Processing phenotype [ENSG00000267275.1] [145/228]
  * #variants in cis = 7
  * Best hit: [id=19_internal_5996, d=0, pv=0.00204843, s=0.2398]
  * Maximum Likelihood estimation failed, use Moment Matching instead!
  * Beta parameters: [s1=1, s2=5.37511]
  * Adjusted p-values: [emp=0.00497512, beta=0.0161283]

Processing phenotype [ENSG00000127528.5] [146/228]
  * #variants in cis = 7
  * Best hit: [id=19_internal_5996, d=0, pv=0.0663256, s=0.1509]
  * Beta parameters: [s1=1.10443, s2=6.63766]
  * Adjusted p-values: [emp=0.348259, beta=0.344782]

Processing phenotype [ENSG00000243745.2] [147/228]
  * #variants in cis = 8
  * Best hit: [id=19_internal_8144, d=0, pv=0.0356469, s=0.1684]
  * Beta parameters: [s1=1.02485, s2=9.68598]
  * Adjusted p-values: [emp=0.258706, beta=0.228238]

Processing phenotype [ENSG00000240418.1] [148/228]
  * #variants in cis = 8
  * Best hit: [id=19_internal_8144, d=0, pv=0.0657219, s=-0.1471]
  * Beta parameters: [s1=1.02701, s2=9.45334]
  * Adjusted p-values: [emp=0.457711, beta=0.45034]

Processing phenotype [ENSG00000267703.1] [149/228]
  * #variants in cis = 8
  * Best hit: [id=19_internal_7798, d=-88022, pv=0.017655, s=0.1882]
  * Beta parameters: [s1=1.07651, s2=7.79235]
  * Adjusted p-values: [emp=0.179104, beta=0.146497]

Processing phenotype [ENSG00000127527.9] [150/228]
  * #variants in cis = 8
  * Best hit: [id=19_internal_5996, d=86512, pv=0.143726, s=0.1160]
  * Beta parameters: [s1=0.956327, s2=7.5339]
  * Adjusted p-values: [emp=0.676617, beta=0.689531]

Processing phenotype [ENSG00000105072.4] [151/228]
  * #variants in cis = 9
  * Best hit: [id=19_internal_8144, d=-77513, pv=0.0306842, s=-0.1696]
  * Beta parameters: [s1=0.949414, s2=7.40284]
  * Adjusted p-values: [emp=0.268657, beta=0.273172]

Processing phenotype [ENSG00000240106.2] [152/228]
  * #variants in cis = 9
  * Best hit: [id=19_internal_5899, d=-25049, pv=0.252138, s=-0.0881]
  * Beta parameters: [s1=0.996013, s2=10.0589]
  * Adjusted p-values: [emp=0.945274, beta=0.935816]

Processing phenotype [ENSG00000085872.10] [153/228]
  * #variants in cis = 9
  * Best hit: [id=19_internal_8144, d=123732, pv=0.00159021, s=-0.2464]
  * Beta parameters: [s1=1.13299, s2=8.58626]
  * Adjusted p-values: [emp=0.00995025, beta=0.0127356]

Processing phenotype [ENSG00000269399.1] [154/228]
  * #variants in cis = 9
  * Best hit: [id=19_internal_7798, d=191890, pv=0.139172, s=-0.1122]
  * Beta parameters: [s1=0.987468, s2=9.00594]
  * Adjusted p-values: [emp=0.741294, beta=0.746458]

Processing phenotype [ENSG00000268309.1] [155/228]
  * #variants in cis = 9
  * Best hit: [id=19_internal_5996, d=-166200, pv=0.0398963, s=-0.1613]
  * Beta parameters: [s1=0.982469, s2=8.73276]
  * Adjusted p-values: [emp=0.258706, beta=0.28287]

Processing phenotype [ENSG00000269085.1] [156/228]
  * #variants in cis = 9
  * Best hit: [id=19_internal_5996, d=-179978, pv=0.244065, s=0.0925]
  * Beta parameters: [s1=0.906619, s2=9.4271]
  * Adjusted p-values: [emp=0.915423, beta=0.928869]

Processing phenotype [ENSG00000127526.9] [157/228]
  * #variants in cis = 9
  * Best hit: [id=19_internal_5996, d=186809, pv=0.000434247, s=-0.2804]
  * Beta parameters: [s1=0.979184, s2=8.65568]
  * Adjusted p-values: [emp=0.00995025, beta=0.00315215]

Processing phenotype [ENSG00000269578.1] [158/228]
  * #variants in cis = 9
  * Best hit: [id=19_internal_7640, d=178609, pv=0.0315201, s=0.1688]
  * Beta parameters: [s1=0.892137, s2=10.1476]
  * Adjusted p-values: [emp=0.199005, beta=0.202423]

Processing phenotype [ENSG00000268087.1] [159/228]
  * #variants in cis = 9
  * Best hit: [id=19_internal_7300, d=784208, pv=0.148205, s=0.1182]
  * Beta parameters: [s1=0.93016, s2=7.44836]
  * Adjusted p-values: [emp=0.696517, beta=0.728443]

Processing phenotype [ENSG00000141979.4] [160/228]
  * #variants in cis = 9
  * Best hit: [id=19_internal_5996, d=242631, pv=0.00946865, s=-0.1997]
  * Beta parameters: [s1=0.938671, s2=6.61842]
  * Adjusted p-values: [emp=0.144279, beta=0.10626]

Processing phenotype [ENSG00000105085.6] [161/228]
  * #variants in cis = 9
  * Best hit: [id=19_internal_8144, d=210264, pv=0.0539691, s=0.1502]
  * Beta parameters: [s1=1.09926, s2=8.00791]
  * Adjusted p-values: [emp=0.437811, beta=0.421955]

Processing phenotype [ENSG00000269427.1] [162/228]
  * #variants in cis = 9
  * Best hit: [id=19_internal_6815, d=848313, pv=0.135218, s=-0.1220]
  * Beta parameters: [s1=1.13497, s2=8.19436]
  * Adjusted p-values: [emp=0.686567, beta=0.692092]

Processing phenotype [ENSG00000269044.1] [163/228]
  * #variants in cis = 9
  * Best hit: [id=19_internal_8144, d=216471, pv=0.0235274, s=-0.1861]
  * Beta parameters: [s1=0.857464, s2=9.52899]
  * Adjusted p-values: [emp=0.159204, beta=0.151094]

Processing phenotype [ENSG00000267904.1] [164/228]
  * #variants in cis = 9
  * Best hit: [id=19_internal_6112, d=371274, pv=0.000591645, s=-0.2656]
  * Beta parameters: [s1=1.0205, s2=8.22456]
  * Adjusted p-values: [emp=0.00497512, beta=0.00648432]

Processing phenotype [ENSG00000268790.1] [165/228]
  * #variants in cis = 9
  * Best hit: [id=19_internal_8294, d=-235409, pv=0.000570809, s=0.2714]
  * Beta parameters: [s1=1.0192, s2=8.40415]
  * Adjusted p-values: [emp=0.00995025, beta=0.00550736]

Processing phenotype [ENSG00000214046.4] [166/228]
  * #variants in cis = 9
  * Best hit: [id=19_internal_6112, d=391048, pv=0.0162076, s=-0.1909]
  * Beta parameters: [s1=1.0005, s2=8.80182]
  * Adjusted p-values: [emp=0.18408, beta=0.169673]

Processing phenotype [ENSG00000072954.2] [167/228]
  * #variants in cis = 9
  * Best hit: [id=19_internal_5899, d=-65271, pv=0.0694874, s=-0.1460]
  * Beta parameters: [s1=0.973333, s2=8.54223]
  * Adjusted p-values: [emp=0.472637, beta=0.47451]

Processing phenotype [ENSG00000188039.9] [168/228]
  * #variants in cis = 9
  * Best hit: [id=19_internal_8294, d=175548, pv=0.0504646, s=0.1526]
  * Beta parameters: [s1=0.933166, s2=9.95092]
  * Adjusted p-values: [emp=0.348259, beta=0.332559]

Processing phenotype [ENSG00000127511.5] [169/228]
  * #variants in cis = 10
  * Best hit: [id=19_internal_8294, d=66124, pv=0.00127474, s=0.2522]
  * Beta parameters: [s1=0.979032, s2=10.78]
  * Adjusted p-values: [emp=0.00995025, beta=0.00828204]

Processing phenotype [ENSG00000268743.1] [170/228]
  * #variants in cis = 10
  * Best hit: [id=19_internal_8294, d=51499, pv=0.00734761, s=0.2201]
  * Beta parameters: [s1=0.993314, s2=11.453]
  * Adjusted p-values: [emp=0.0547264, beta=0.0555355]

Processing phenotype [ENSG00000127533.3] [171/228]
  * #variants in cis = 10
  * Best hit: [id=19_internal_8294, d=6664, pv=1.16524e-06, s=0.3775]
  * Beta parameters: [s1=0.963124, s2=10.3393]
  * Adjusted p-values: [emp=0.00497512, beta=2.49192e-05]

Processing phenotype [ENSG00000263595.1] [172/228]
  * #variants in cis = 10
  * Best hit: [id=19_internal_7300, d=-483836, pv=0.0473319, s=0.1629]
  * Beta parameters: [s1=1.10665, s2=9.26765]
  * Adjusted p-values: [emp=0.353234, beta=0.345188]

Processing phenotype [ENSG00000268985.1] [173/228]
  * #variants in cis = 12
  * Best hit: [id=19_internal_8294, d=0, pv=5.72763e-05, s=0.3089]
  * Beta parameters: [s1=1.00694, s2=10.8132]
  * Adjusted p-values: [emp=0.00497512, beta=0.0010053]

Processing phenotype [ENSG00000160111.7] [174/228]
  * #variants in cis = 12
  * Best hit: [id=19_internal_8294, d=0, pv=8.12928e-06, s=0.3518]
  * Beta parameters: [s1=1.08905, s2=10.3371]
  * Adjusted p-values: [emp=0.00497512, beta=0.000135467]

Processing phenotype [ENSG00000268289.1] [175/228]
  * #variants in cis = 12
  * Best hit: [id=19_internal_7640, d=-642617, pv=0.0094361, s=0.2048]
  * Beta parameters: [s1=0.96285, s2=9.76899]
  * Adjusted p-values: [emp=0.114428, beta=0.108266]

Processing phenotype [ENSG00000131351.10] [176/228]
  * #variants in cis = 12
  * Best hit: [id=19_internal_7300, d=-318995, pv=0.0602152, s=0.1384]
  * Beta parameters: [s1=0.900732, s2=11.4959]
  * Adjusted p-values: [emp=0.492537, beta=0.523747]

Processing phenotype [ENSG00000099331.9] [177/228]
  * #variants in cis = 12
  * Best hit: [id=19_internal_7798, d=-722856, pv=0.0166673, s=-0.1788]
  * Beta parameters: [s1=1.02191, s2=11.1786]
  * Adjusted p-values: [emp=0.233831, beta=0.21856]

Processing phenotype [ENSG00000269066.1] [178/228]
  * #variants in cis = 12
  * Best hit: [id=19_internal_7343, d=-900200, pv=0.00862728, s=-0.2116]
  * Beta parameters: [s1=0.983582, s2=14.4105]
  * Adjusted p-values: [emp=0.104478, beta=0.0713823]

Processing phenotype [ENSG00000268056.1] [179/228]
  * #variants in cis = 12
  * Best hit: [id=19_internal_7798, d=815126, pv=0.0372009, s=-0.1681]
  * Beta parameters: [s1=1.02229, s2=11.6453]
  * Adjusted p-values: [emp=0.38806, beta=0.356564]

Processing phenotype [ENSG00000269836.1] [180/228]
  * #variants in cis = 12
  * Best hit: [id=19_internal_7343, d=-821032, pv=0.0308227, s=-0.1657]
  * Beta parameters: [s1=0.980856, s2=12.4869]
  * Adjusted p-values: [emp=0.338308, beta=0.322931]

Processing phenotype [ENSG00000269480.1] [181/228]
  * #variants in cis = 12
  * Best hit: [id=19_internal_7798, d=855084, pv=0.0390221, s=-0.1586]
  * Beta parameters: [s1=1.00318, s2=13.4637]
  * Adjusted p-values: [emp=0.412935, beta=0.386633]

Processing phenotype [ENSG00000053501.8] [182/228]
  * #variants in cis = 12
  * Best hit: [id=19_internal_6649, d=579328, pv=0.155713, s=-0.1149]
  * Beta parameters: [s1=0.860921, s2=11.1341]
  * Adjusted p-values: [emp=0.845771, beta=0.84008]

Processing phenotype [ENSG00000099330.4] [183/228]
  * #variants in cis = 12
  * Best hit: [id=19_internal_7300, d=168417, pv=0.00969415, s=0.2092]
  * Beta parameters: [s1=1.04631, s2=10.2512]
  * Adjusted p-values: [emp=0.119403, beta=0.108486]

Processing phenotype [ENSG00000160113.5] [184/228]
  * #variants in cis = 12
  * Best hit: [id=19_internal_8144, d=827140, pv=0.0208736, s=0.1882]
  * Beta parameters: [s1=0.894106, s2=13.7182]
  * Adjusted p-values: [emp=0.273632, beta=0.260717]

Processing phenotype [ENSG00000269095.1] [185/228]
  * #variants in cis = 12
  * Best hit: [id=19_internal_6649, d=-539226, pv=0.0330235, s=0.1758]
  * Beta parameters: [s1=0.947604, s2=12.6135]
  * Adjusted p-values: [emp=0.328358, beta=0.28596]

Processing phenotype [ENSG00000105393.11] [186/228]
  * #variants in cis = 12
  * Best hit: [id=19_internal_5899, d=-671492, pv=0.061436, s=-0.1408]
  * Beta parameters: [s1=1.00106, s2=11.7458]
  * Adjusted p-values: [emp=0.522388, beta=0.503491]

Processing phenotype [ENSG00000269307.1] [187/228]
  * #variants in cis = 12
  * Best hit: [id=19_internal_8144, d=-848618, pv=0.0625163, s=0.1493]
  * Beta parameters: [s1=0.939985, s2=10.7164]
  * Adjusted p-values: [emp=0.532338, beta=0.522443]

Processing phenotype [ENSG00000160117.10] [188/228]
  * #variants in cis = 11
  * Best hit: [id=19_internal_7343, d=717863, pv=0.00862273, s=-0.2053]
  * Beta parameters: [s1=0.998699, s2=13.8755]
  * Adjusted p-values: [emp=0.0945274, beta=0.0812314]

Processing phenotype [ENSG00000130307.7] [189/228]
  * #variants in cis = 11
  * Best hit: [id=19_internal_5928, d=-715654, pv=0.0271759, s=-0.1696]
  * Beta parameters: [s1=1.10456, s2=10.8677]
  * Adjusted p-values: [emp=0.233831, beta=0.243633]

Processing phenotype [ENSG00000130312.2] [190/228]
  * #variants in cis = 12
  * Best hit: [id=19_internal_6649, d=502065, pv=0.00345164, s=-0.2271]
  * Beta parameters: [s1=0.93401, s2=11.1146]
  * Adjusted p-values: [emp=0.0597015, beta=0.0557406]

Processing phenotype [ENSG00000269815.1] [191/228]
  * #variants in cis = 12
  * Best hit: [id=19_internal_7640, d=887317, pv=0.180358, s=0.1049]
  * Beta parameters: [s1=0.907804, s2=12.6094]
  * Adjusted p-values: [emp=0.875622, beta=0.881353]

Processing phenotype [ENSG00000130311.6] [192/228]
  * #variants in cis = 12
  * Best hit: [id=19_internal_6815, d=169540, pv=0.11299, s=-0.1281]
  * Beta parameters: [s1=0.882183, s2=13.2189]
  * Adjusted p-values: [emp=0.766169, beta=0.774738]

Processing phenotype [ENSG00000127220.5] [193/228]
  * #variants in cis = 12
  * Best hit: [id=19_internal_6649, d=-484438, pv=0.0585922, s=-0.1552]
  * Beta parameters: [s1=0.981175, s2=9.77462]
  * Adjusted p-values: [emp=0.457711, beta=0.453418]

Processing phenotype [ENSG00000074855.6] [194/228]
  * #variants in cis = 12
  * Best hit: [id=19_internal_5899, d=738971, pv=0.00245515, s=-0.2340]
  * Beta parameters: [s1=0.997315, s2=9.4974]
  * Adjusted p-values: [emp=0.039801, beta=0.0407002]

Processing phenotype [ENSG00000130299.12] [195/228]
  * #variants in cis = 12
  * Best hit: [id=19_internal_7798, d=-981994, pv=0.261, s=-0.0882]
  * Beta parameters: [s1=1.04204, s2=10.3307]
  * Adjusted p-values: [emp=0.955224, beta=0.96396]

Processing phenotype [ENSG00000130300.4] [196/228]
  * #variants in cis = 11
  * Best hit: [id=19_internal_5928, d=-621090, pv=0.0316741, s=0.1684]
  * Beta parameters: [s1=1.07294, s2=10.2793]
  * Adjusted p-values: [emp=0.338308, beta=0.335699]

Processing phenotype [ENSG00000269720.1] [197/228]
  * #variants in cis = 10
  * Best hit: [id=19_internal_6815, d=-86774, pv=0.0312816, s=0.1706]
  * Beta parameters: [s1=1.12999, s2=10.9519]
  * Adjusted p-values: [emp=0.283582, beta=0.27244]

Processing phenotype [ENSG00000130303.8] [198/228]
  * #variants in cis = 10
  * Best hit: [id=19_internal_8294, d=378291, pv=0.0625767, s=0.1493]
  * Beta parameters: [s1=0.971846, s2=12.4168]
  * Adjusted p-values: [emp=0.432836, beta=0.439004]

Processing phenotype [ENSG00000269640.1] [199/228]
  * #variants in cis = 10
  * Best hit: [id=19_internal_7343, d=593814, pv=0.145268, s=-0.1191]
  * Beta parameters: [s1=1.03103, s2=9.00394]
  * Adjusted p-values: [emp=0.79602, beta=0.790272]

Processing phenotype [ENSG00000141971.8] [200/228]
  * #variants in cis = 10
  * Best hit: [id=19_internal_8294, d=-378365, pv=0.0606479, s=0.1480]
  * Beta parameters: [s1=1.00002, s2=11.1905]
  * Adjusted p-values: [emp=0.487562, beta=0.447557]

Processing phenotype [ENSG00000254503.1] [201/228]
  * #variants in cis = 10
  * Best hit: [id=19_internal_7343, d=-581220, pv=0.0476374, s=-0.1574]
  * Beta parameters: [s1=0.99732, s2=9.95027]
  * Adjusted p-values: [emp=0.383085, beta=0.384307]

Processing phenotype [ENSG00000269053.1] [202/228]
  * #variants in cis = 9
  * Best hit: [id=19_internal_7300, d=11583, pv=0.0629285, s=0.1492]
  * Beta parameters: [s1=1.0055, s2=7.5905]
  * Adjusted p-values: [emp=0.467662, beta=0.474287]

Processing phenotype [ENSG00000269481.1] [203/228]
  * #variants in cis = 9
  * Best hit: [id=19_internal_7343, d=-577184, pv=0.11359, s=-0.1289]
  * Beta parameters: [s1=1.00175, s2=8.49648]
  * Adjusted p-values: [emp=0.656716, beta=0.649519]

Processing phenotype [ENSG00000188051.6] [204/228]
  * #variants in cis = 9
  * Best hit: [id=19_internal_6092, d=-965836, pv=0.0182583, s=-0.1816]
  * Beta parameters: [s1=0.900405, s2=9.63919]
  * Adjusted p-values: [emp=0.19403, beta=0.175565]

Processing phenotype [ENSG00000130304.12] [205/228]
  * #variants in cis = 9
  * Best hit: [id=19_internal_7343, d=530739, pv=0.0110034, s=-0.2008]
  * Beta parameters: [s1=1.01321, s2=8.85489]
  * Adjusted p-values: [emp=0.109453, beta=0.098356]

Processing phenotype [ENSG00000130313.2] [206/228]
  * #variants in cis = 9
  * Best hit: [id=19_internal_6815, d=-19585, pv=0.0283919, s=-0.1744]
  * Beta parameters: [s1=0.981052, s2=9.60348]
  * Adjusted p-values: [emp=0.179104, beta=0.189292]

Processing phenotype [ENSG00000269439.1] [207/228]
  * #variants in cis = 9
  * Best hit: [id=19_internal_7343, d=-487619, pv=0.200932, s=-0.1037]
  * Beta parameters: [s1=1.21474, s2=9.27114]
  * Adjusted p-values: [emp=0.860697, beta=0.852662]

Processing phenotype [ENSG00000269161.1] [208/228]
  * #variants in cis = 9
  * Best hit: [id=19_internal_6092, d=-893838, pv=0.0189091, s=-0.1900]
  * Beta parameters: [s1=0.93608, s2=9.17966]
  * Adjusted p-values: [emp=0.154229, beta=0.165545]

Processing phenotype [ENSG00000167483.13] [209/228]
  * #variants in cis = 9
  * Best hit: [id=19_internal_7343, d=476207, pv=0.060717, s=-0.1461]
  * Beta parameters: [s1=1.02507, s2=8.59747]
  * Adjusted p-values: [emp=0.447761, beta=0.408019]

Processing phenotype [ENSG00000130309.6] [210/228]
  * #variants in cis = 9
  * Best hit: [id=19_internal_5928, d=442846, pv=0.0789253, s=-0.1399]
  * Beta parameters: [s1=1.05628, s2=8.645]
  * Adjusted p-values: [emp=0.547264, beta=0.512899]

Processing phenotype [ENSG00000130479.6] [211/228]
  * #variants in cis = 8
  * Best hit: [id=19_internal_6815, d=-227198, pv=0.0702613, s=-0.1439]
  * Beta parameters: [s1=0.880956, s2=7.94117]
  * Adjusted p-values: [emp=0.437811, beta=0.45708]

Processing phenotype [ENSG00000268112.1] [212/228]
  * #variants in cis = 8
  * Best hit: [id=19_internal_6092, d=-679890, pv=0.437736, s=0.0617]
  * Beta parameters: [s1=0.942223, s2=8.3294]
  * Adjusted p-values: [emp=1, beta=0.992666]

Processing phenotype [ENSG00000130475.10] [213/228]
  * #variants in cis = 8
  * Best hit: [id=19_internal_5928, d=250722, pv=0.124673, s=0.1217]
  * Beta parameters: [s1=1.03822, s2=7.14936]
  * Adjusted p-values: [emp=0.656716, beta=0.631846]

Processing phenotype [ENSG00000248099.3] [214/228]
  * #variants in cis = 8
  * Best hit: [id=19_internal_6649, d=17479, pv=0.0118464, s=0.1948]
  * Beta parameters: [s1=1.04774, s2=8.36555]
  * Adjusted p-values: [emp=0.079602, beta=0.0667116]

Processing phenotype [ENSG00000105639.14] [215/228]
  * #variants in cis = 8
  * Best hit: [id=19_internal_8294, d=820714, pv=0.0247425, s=-0.1684]
  * Beta parameters: [s1=0.995951, s2=8.55056]
  * Adjusted p-values: [emp=0.134328, beta=0.140401]

Processing phenotype [ENSG00000105640.7] [216/228]
  * #variants in cis = 8
  * Best hit: [id=19_internal_5869, d=429707, pv=0.0558579, s=-0.1535]
  * Beta parameters: [s1=0.990449, s2=7.12194]
  * Adjusted p-values: [emp=0.368159, beta=0.371158]

Processing phenotype [ENSG00000207166.1] [217/228]
  * #variants in cis = 8
  * Best hit: [id=19_internal_6649, d=-58493, pv=0.0310808, s=0.1787]
  * Beta parameters: [s1=1.0342, s2=8.36877]
  * Adjusted p-values: [emp=0.233831, beta=0.20354]

Processing phenotype [ENSG00000007080.6] [218/228]
  * #variants in cis = 8
  * Best hit: [id=19_internal_6649, d=-128921, pv=0.0788373, s=-0.1406]
  * Beta parameters: [s1=1.0642, s2=7.38495]
  * Adjusted p-values: [emp=0.472637, beta=0.459921]

Processing phenotype [ENSG00000105642.9] [219/228]
  * #variants in cis = 8
  * Best hit: [id=19_internal_6649, d=-147207, pv=0.513173, s=0.0493]
  * Beta parameters: [s1=0.988531, s2=8.1519]
  * Adjusted p-values: [emp=0.995025, beta=0.997093]

Processing phenotype [ENSG00000105643.4] [220/228]
  * #variants in cis = 8
  * Best hit: [id=19_internal_5928, d=0, pv=2.19007e-07, s=0.3912]
  * Beta parameters: [s1=0.911558, s2=6.86262]
  * Adjusted p-values: [emp=0.00497512, beta=4.45176e-06]

Processing phenotype [ENSG00000268032.1] [221/228]
  * #variants in cis = 8
  * Best hit: [id=19_internal_5928, d=0, pv=0.077049, s=0.1392]
  * Beta parameters: [s1=0.975677, s2=8.91197]
  * Adjusted p-values: [emp=0.487562, beta=0.454919]

Processing phenotype [ENSG00000268298.1] [222/228]
  * #variants in cis = 7
  * Best hit: [id=19_internal_5928, d=0, pv=0.0285725, s=0.1717]
  * Beta parameters: [s1=0.99153, s2=5.63006]
  * Adjusted p-values: [emp=0.174129, beta=0.174306]

Processing phenotype [ENSG00000099308.5] [223/228]
  * #variants in cis = 7
  * Best hit: [id=19_internal_7300, d=-689603, pv=0.150743, s=0.1146]
  * Beta parameters: [s1=1.09537, s2=7.3559]
  * Adjusted p-values: [emp=0.676617, beta=0.676084]

Processing phenotype [ENSG00000096996.10] [224/228]
  * #variants in cis = 7
  * Best hit: [id=19_internal_7300, d=690759, pv=0.0265879, s=0.1781]
  * Beta parameters: [s1=0.989536, s2=9.84704]
  * Adjusted p-values: [emp=0.139303, beta=0.132545]

Processing phenotype [ENSG00000269145.1] [225/228]
  * #variants in cis = 7
  * Best hit: [id=19_internal_7300, d=743498, pv=0.0593566, s=0.1482]
  * Beta parameters: [s1=0.978124, s2=6.32583]
  * Adjusted p-values: [emp=0.38806, beta=0.393684]

Processing phenotype [ENSG00000105647.9] [226/228]
  * #variants in cis = 7
  * Best hit: [id=19_internal_6815, d=-660773, pv=0.0813271, s=-0.1398]
  * Beta parameters: [s1=1.00843, s2=6.74914]
  * Adjusted p-values: [emp=0.422886, beta=0.45386]

Processing phenotype [ENSG00000268173.1] [227/228]
  * #variants in cis = 7
  * Best hit: [id=19_internal_5869, d=136424, pv=0.0306375, s=-0.1702]
  * Beta parameters: [s1=1.00475, s2=5.75]
  * Adjusted p-values: [emp=0.233831, beta=0.210118]

Processing phenotype [ENSG00000216490.2] [228/228]
  * #variants in cis = 7
  * Best hit: [id=19_internal_5869, d=116420, pv=0.0234101, s=-0.1780]
  * Beta parameters: [s1=0.965992, s2=6.90409]
  * Adjusted p-values: [emp=0.144279, beta=0.134524]

Running time: 2 seconds
