Sender: LSF System <lsfadmin@cpt10>
Subject: Job 974065: </data/unige/funpopgen/odelanea/SGX/V2/binaries/qtltools/bin/QTLtools cis --vcf /data/unige/funpopgen/grey2/SYSCID/BLUEPRINT_DATA/CRD/THREE_CELL_TYPES/CLOMICS/CELL_TYPE_COMPARISON_GENE_CRD_ASSOCIATIONS/quantify/72_vs_73_ALL.ALLchr.mean.txt.gz --bed /data/unige/funpopgen/grey2/SYSCID/BLUEPRINT_DATA/CRD/THREE_CELL_TYPES/QTL_TOOLS/EGAD00001002674_v3.0/EGAD00001002674_RNA.PC10.bed.gz --permute 200 --chunk 22 100 --out /data/unige/funpopgen/grey2/SYSCID/BLUEPRINT_DATA/CRD/THREE_CELL_TYPES/CLOMICS/CELL_TYPE_COMPARISON_GENE_CRD_ASSOCIATIONS/mapping_aCRD_gene/72_vs_73/gene_CRD_mean_chunk22\.txt> in cluster <ug> Done

Job </data/unige/funpopgen/odelanea/SGX/V2/binaries/qtltools/bin/QTLtools cis --vcf /data/unige/funpopgen/grey2/SYSCID/BLUEPRINT_DATA/CRD/THREE_CELL_TYPES/CLOMICS/CELL_TYPE_COMPARISON_GENE_CRD_ASSOCIATIONS/quantify/72_vs_73_ALL.ALLchr.mean.txt.gz --bed /data/unige/funpopgen/grey2/SYSCID/BLUEPRINT_DATA/CRD/THREE_CELL_TYPES/QTL_TOOLS/EGAD00001002674_v3.0/EGAD00001002674_RNA.PC10.bed.gz --permute 200 --chunk 22 100 --out /data/unige/funpopgen/grey2/SYSCID/BLUEPRINT_DATA/CRD/THREE_CELL_TYPES/CLOMICS/CELL_TYPE_COMPARISON_GENE_CRD_ASSOCIATIONS/mapping_aCRD_gene/72_vs_73/gene_CRD_mean_chunk22\.txt> was submitted from host <frt.ug.vital-it.ch> by user <grey2> in cluster <ug>.
Job was executed on host(s) <cpt10>, in queue <normal>, as user <grey2> in cluster <ug>.
</home/grey2> was used as the home directory.
</data/unige/funpopgen/grey2/SYSCID/BLUEPRINT_DATA/CRD/THREE_CELL_TYPES/CLOMICS/CELL_TYPE_COMPARISON_GENE_CRD_ASSOCIATIONS> was used as the working directory.
Started at Thu Mar 21 11:25:29 2019
Results reported at Thu Mar 21 11:25:36 2019

Your job looked like:

------------------------------------------------------------
# LSBATCH: User input
/data/unige/funpopgen/odelanea/SGX/V2/binaries/qtltools/bin/QTLtools cis --vcf /data/unige/funpopgen/grey2/SYSCID/BLUEPRINT_DATA/CRD/THREE_CELL_TYPES/CLOMICS/CELL_TYPE_COMPARISON_GENE_CRD_ASSOCIATIONS/quantify/72_vs_73_ALL.ALLchr.mean.txt.gz --bed /data/unige/funpopgen/grey2/SYSCID/BLUEPRINT_DATA/CRD/THREE_CELL_TYPES/QTL_TOOLS/EGAD00001002674_v3.0/EGAD00001002674_RNA.PC10.bed.gz --permute 200 --chunk 22 100 --out /data/unige/funpopgen/grey2/SYSCID/BLUEPRINT_DATA/CRD/THREE_CELL_TYPES/CLOMICS/CELL_TYPE_COMPARISON_GENE_CRD_ASSOCIATIONS/mapping_aCRD_gene/72_vs_73/gene_CRD_mean_chunk22\.txt

------------------------------------------------------------

Successfully completed.

Resource usage summary:

    CPU time :               3.09 sec.
    Max Memory :             3.15 MB
    Average Memory :         3.15 MB
    Total Requested Memory : -
    Delta Memory :           -
    (Delta: the difference between total requested memory and actual max usage.)
    Max Swap :               32 MB

    Max Processes :          1
    Max Threads :            1

The output (if any) follows:


[32mQTLtools[0m
  * Authors : Olivier DELANEAU / Halit ONGEN / Emmanouil DERMITZAKIS
  * Contact : olivier.delaneau@gmail.com / halit.ongen@unige.ch / Emmanouil.Dermitzakis@unige.ch
  * Webpage : https://qtltools.github.io/qtltools/
  * Version : 1.1
  * Date    : 21/03/2019 - 11:25:33
  * Citation: A complete tool set for molecular QTL discovery and analysis, https://doi.org/10.1101/068635

[32mMAPPING QTL IN CIS[0m
  * TASK: Perform 200 permutations
  * Linear model: Phe ~ Var
  * Cis-window size is 1000000 bp
  * Chunk = [22/100]

Scanning phenotype data in [/data/unige/funpopgen/grey2/SYSCID/BLUEPRINT_DATA/CRD/THREE_CELL_TYPES/QTL_TOOLS/EGAD00001002674_v3.0/EGAD00001002674_RNA.PC10.bed.gz]
  * 26159 phenotypes included
  * 13004 phenotypes are on the negative strand

Initialize random number generator
  * Built-in seed is 15112011
  * First Integer = 30554
  * First Double = 0.0126695

Reading sample list from [/data/unige/funpopgen/grey2/SYSCID/BLUEPRINT_DATA/CRD/THREE_CELL_TYPES/QTL_TOOLS/EGAD00001002674_v3.0/EGAD00001002674_RNA.PC10.bed.gz]
  * #samples = 194

Reading sample list from [/data/unige/funpopgen/grey2/SYSCID/BLUEPRINT_DATA/CRD/THREE_CELL_TYPES/CLOMICS/CELL_TYPE_COMPARISON_GENE_CRD_ASSOCIATIONS/quantify/72_vs_73_ALL.ALLchr.mean.txt.gz]
  * #samples = 160

Merging sample sets from all input files
  * #files = 2
  * #samples in all files = 158
  * #samples NOT in all files (i.e. ignored) = 38

Reading phenotype data in [/data/unige/funpopgen/grey2/SYSCID/BLUEPRINT_DATA/CRD/THREE_CELL_TYPES/QTL_TOOLS/EGAD00001002674_v3.0/EGAD00001002674_RNA.PC10.bed.gz]
  * target region [9:11987-37459706]
  * 258 phenotypes included
  * 132 phenotypes are on the negative strand

Reading genotype data in [/data/unige/funpopgen/grey2/SYSCID/BLUEPRINT_DATA/CRD/THREE_CELL_TYPES/CLOMICS/CELL_TYPE_COMPARISON_GENE_CRD_ASSOCIATIONS/quantify/72_vs_73_ALL.ALLchr.mean.txt.gz]
  * File format detected: BED
  * 158 samples included
  * 4 samples without phenotype data
  * target region [9:0-38459706]
  * 40 variants included

Processing phenotype [ENSG00000236875.2] [1/258]
  * #variants in cis = 7
  * Best hit: [id=9_internal_8367, d=196594, pv=0.0266645, s=-0.1775]
  * Beta parameters: [s1=0.971984, s2=6.30786]
  * Adjusted p-values: [emp=0.164179, beta=0.165213]

Processing phenotype [ENSG00000227518.1] [2/258]
  * #variants in cis = 7
  * Best hit: [id=9_internal_8286, d=306373, pv=0.165062, s=0.1082]
  * Beta parameters: [s1=1.0517, s2=5.84795]
  * Adjusted p-values: [emp=0.656716, beta=0.656319]

Processing phenotype [ENSG00000181404.13] [3/258]
  * #variants in cis = 7
  * Best hit: [id=9_internal_8783, d=-178321, pv=0.0110611, s=-0.1960]
  * Maximum Likelihood estimation failed, use Moment Matching instead!
  * Beta parameters: [s1=0.999933, s2=5.19707]
  * Adjusted p-values: [emp=0.0995025, beta=0.108377]

Processing phenotype [ENSG00000172785.12] [4/258]
  * #variants in cis = 7
  * Best hit: [id=9_internal_6581, d=70419, pv=1.34058e-06, s=0.3645]
  * Beta parameters: [s1=1.00133, s2=9.00895]
  * Adjusted p-values: [emp=0.00497512, beta=1.46726e-06]

Processing phenotype [ENSG00000107099.10] [5/258]
  * #variants in cis = 7
  * Best hit: [id=9_internal_8783, d=0, pv=0.000213063, s=0.2903]
  * Beta parameters: [s1=0.965058, s2=6.52164]
  * Adjusted p-values: [emp=0.00995025, beta=0.0019066]

Processing phenotype [ENSG00000183784.5] [6/258]
  * #variants in cis = 7
  * Best hit: [id=9_internal_8783, d=0, pv=0.0110713, s=0.1973]
  * Beta parameters: [s1=1.13668, s2=6.26684]
  * Adjusted p-values: [emp=0.0945274, beta=0.0944687]

Processing phenotype [ENSG00000235880.1] [7/258]
  * #variants in cis = 7
  * Best hit: [id=9_internal_8367, d=0, pv=0.000235001, s=-0.2957]
  * Beta parameters: [s1=1.14457, s2=7.06647]
  * Adjusted p-values: [emp=0.00497512, beta=0.00145181]

Processing phenotype [ENSG00000107104.13] [8/258]
  * #variants in cis = 7
  * Best hit: [id=9_internal_9628, d=0, pv=0.00395557, s=0.2137]
  * Beta parameters: [s1=1.09053, s2=6.26097]
  * Adjusted p-values: [emp=0.0149254, beta=0.0303533]

Processing phenotype [ENSG00000235330.2] [9/258]
  * #variants in cis = 7
  * Best hit: [id=9_internal_8783, d=-225690, pv=0.10046, s=0.1331]
  * Beta parameters: [s1=1.1357, s2=6.45182]
  * Adjusted p-values: [emp=0.512438, beta=0.494157]

Processing phenotype [ENSG00000227155.2] [10/258]
  * #variants in cis = 7
  * Best hit: [id=9_internal_8783, d=240052, pv=0.00160423, s=0.2536]
  * Beta parameters: [s1=0.94071, s2=7.71154]
  * Adjusted p-values: [emp=0.0248756, beta=0.00834172]

Processing phenotype [ENSG00000080503.14] [11/258]
  * #variants in cis = 2
  * Best hit: [id=9_internal_7411, d=33941, pv=0.716568, s=0.0293]
  * Maximum Likelihood estimation failed, use Moment Matching instead!
  * Beta parameters: [s1=1, s2=2.272]
  * Adjusted p-values: [emp=0.960199, beta=0.940065]

Processing phenotype [ENSG00000236199.1] [12/258]
  * #variants in cis = 2
  * Best hit: [id=9_internal_6848, d=992865, pv=0.22354, s=0.0986]
  * Maximum Likelihood estimation failed, use Moment Matching instead!
  * Beta parameters: [s1=0.999971, s2=2.4528]
  * Adjusted p-values: [emp=0.40796, beta=0.42461]

Processing phenotype [ENSG00000222973.1] [13/258]
  * #variants in cis = 1
  * Best hit: [id=9_internal_7411, d=97312, pv=0.884525, s=0.0111]
  * Maximum Likelihood estimation failed, use Moment Matching instead!
  * Beta parameters: [s1=0.999983, s2=1.12323]
  * Adjusted p-values: [emp=0.940299, beta=0.904228]

Processing phenotype [ENSG00000147852.9] [14/258]
  * #variants in cis = 1
  * Best hit: [id=9_internal_7411, d=-556193, pv=0.849765, s=0.0155]
  * Maximum Likelihood estimation failed, use Moment Matching instead!
  * Beta parameters: [s1=1, s2=0.969504]
  * Adjusted p-values: [emp=0.830846, beta=0.820722]

Processing phenotype [ENSG00000168263.8] [15/258]
  * #variants in cis = 1
  * Best hit: [id=9_internal_7411, d=-651861, pv=0.444554, s=0.0585]
  * Maximum Likelihood estimation failed, use Moment Matching instead!
  * Beta parameters: [s1=0.999974, s2=1.02606]
  * Adjusted p-values: [emp=0.437811, beta=0.454049]

Processing phenotype [ENSG00000080608.8] [16/258]
  * #variants in cis = 1
  * Best hit: [id=9_internal_7411, d=778600, pv=0.338711, s=-0.0767]
  * Maximum Likelihood estimation failed, use Moment Matching instead!
  * Beta parameters: [s1=1.00004, s2=0.895335]
  * Adjusted p-values: [emp=0.343284, beta=0.332434]

Processing phenotype [ENSG00000215297.3] [17/258]
  * #variants in cis = 1
  * Best hit: [id=9_internal_7980, d=-872850, pv=0.0720178, s=-0.1479]
  * Maximum Likelihood estimation failed, use Moment Matching instead!
  * Beta parameters: [s1=0.999966, s2=0.828685]
  * Adjusted p-values: [emp=0.079602, beta=0.0824437]

Processing phenotype [ENSG00000203286.4] [18/258]
  * #variants in cis = 2
  * Best hit: [id=9_internal_9922, d=-952956, pv=0.30629, s=-0.0811]
  * Maximum Likelihood estimation failed, use Moment Matching instead!
  * Beta parameters: [s1=1.00001, s2=1.83906]
  * Adjusted p-values: [emp=0.522388, beta=0.497447]

Processing phenotype [ENSG00000080298.11] [19/258]
  * #variants in cis = 2
  * Best hit: [id=9_internal_9922, d=-896133, pv=0.061618, s=0.1490]
  * Maximum Likelihood estimation failed, use Moment Matching instead!
  * Beta parameters: [s1=0.999999, s2=2.01695]
  * Adjusted p-values: [emp=0.144279, beta=0.136016]

Processing phenotype [ENSG00000232104.1] [20/258]
  * #variants in cis = 2
  * Best hit: [id=9_internal_7980, d=710919, pv=0.148584, s=0.1158]
  * Maximum Likelihood estimation failed, use Moment Matching instead!
  * Beta parameters: [s1=0.999981, s2=2.06488]
  * Adjusted p-values: [emp=0.243781, beta=0.264239]

Processing phenotype [ENSG00000237359.1] [21/258]
  * #variants in cis = 4
  * Best hit: [id=9_internal_7188, d=924810, pv=0.0704709, s=0.1453]
  * Maximum Likelihood estimation failed, use Moment Matching instead!
  * Beta parameters: [s1=1.00001, s2=3.55777]
  * Adjusted p-values: [emp=0.278607, beta=0.274535]

Processing phenotype [ENSG00000235326.1] [22/258]
  * #variants in cis = 4
  * Best hit: [id=9_internal_7188, d=897599, pv=0.0481561, s=0.1635]
  * Maximum Likelihood estimation failed, use Moment Matching instead!
  * Beta parameters: [s1=0.999993, s2=4.09496]
  * Adjusted p-values: [emp=0.179104, beta=0.194382]

Processing phenotype [ENSG00000226669.1] [23/258]
  * #variants in cis = 4
  * Best hit: [id=9_internal_7980, d=-548016, pv=0.0173582, s=0.1901]
  * Maximum Likelihood estimation failed, use Moment Matching instead!
  * Beta parameters: [s1=1.00003, s2=3.37904]
  * Adjusted p-values: [emp=0.0995025, beta=0.079655]

Processing phenotype [ENSG00000107249.15] [24/258]
  * #variants in cis = 5
  * Best hit: [id=9_internal_7980, d=48562, pv=4.23865e-10, s=0.4860]
  * Maximum Likelihood estimation failed, use Moment Matching instead!
  * Beta parameters: [s1=1.00001, s2=4.85802]
  * Adjusted p-values: [emp=0.00497512, beta=5.25946e-09]

Processing phenotype [ENSG00000205808.4] [25/258]
  * #variants in cis = 7
  * Best hit: [id=9_internal_9922, d=-86629, pv=0.00249016, s=0.2277]
  * Beta parameters: [s1=0.965626, s2=6.21306]
  * Adjusted p-values: [emp=0.0199005, beta=0.0200817]

Processing phenotype [ENSG00000106686.12] [26/258]
  * #variants in cis = 7
  * Best hit: [id=9_internal_7980, d=366844, pv=0.0274369, s=0.1697]
  * Beta parameters: [s1=0.922525, s2=7.22254]
  * Adjusted p-values: [emp=0.199005, beta=0.183845]

Processing phenotype [ENSG00000106993.7] [27/258]
  * #variants in cis = 7
  * Best hit: [id=9_internal_7188, d=-78279, pv=0.227226, s=0.0968]
  * Beta parameters: [s1=0.887539, s2=6.61159]
  * Adjusted p-values: [emp=0.80597, beta=0.814975]

Processing phenotype [ENSG00000147853.10] [28/258]
  * #variants in cis = 7
  * Best hit: [id=9_internal_9070, d=97054, pv=0.0152102, s=0.1988]
  * Beta parameters: [s1=1.06358, s2=6.23596]
  * Adjusted p-values: [emp=0.124378, beta=0.121186]

Processing phenotype [ENSG00000120158.6] [29/258]
  * #variants in cis = 7
  * Best hit: [id=9_internal_9922, d=-217200, pv=0.0183328, s=0.1892]
  * Beta parameters: [s1=0.950892, s2=8.70478]
  * Adjusted p-values: [emp=0.104478, beta=0.100904]

Processing phenotype [ENSG00000233186.2] [30/258]
  * #variants in cis = 7
  * Best hit: [id=9_internal_7980, d=505142, pv=0.045447, s=0.1609]
  * Beta parameters: [s1=0.951681, s2=6.87387]
  * Adjusted p-values: [emp=0.293532, beta=0.285671]

Processing phenotype [ENSG00000269305.1] [31/258]
  * #variants in cis = 9
  * Best hit: [id=9_internal_7980, d=559430, pv=0.010756, s=0.2035]
  * Beta parameters: [s1=0.968341, s2=8.48081]
  * Adjusted p-values: [emp=0.104478, beta=0.102255]

Processing phenotype [ENSG00000243754.1] [32/258]
  * #variants in cis = 9
  * Best hit: [id=9_internal_7351, d=967476, pv=0.0147108, s=0.1940]
  * Beta parameters: [s1=1.11085, s2=8.89536]
  * Adjusted p-values: [emp=0.129353, beta=0.128278]

Processing phenotype [ENSG00000096968.7] [33/258]
  * #variants in cis = 9
  * Best hit: [id=9_internal_9922, d=-409364, pv=0.18892, s=0.1063]
  * Beta parameters: [s1=0.941372, s2=8.37135]
  * Adjusted p-values: [emp=0.825871, beta=0.828268]

Processing phenotype [ENSG00000234534.1] [34/258]
  * #variants in cis = 9
  * Best hit: [id=9_internal_6892, d=295094, pv=0.158653, s=0.1083]
  * Beta parameters: [s1=0.949001, s2=10.7151]
  * Adjusted p-values: [emp=0.825871, beta=0.804486]

Processing phenotype [ENSG00000268155.1] [35/258]
  * #variants in cis = 10
  * Best hit: [id=9_internal_6892, d=-251459, pv=0.0425812, s=0.1640]
  * Beta parameters: [s1=0.930484, s2=12.2388]
  * Adjusted p-values: [emp=0.368159, beta=0.377688]

Processing phenotype [ENSG00000182347.10] [36/258]
  * #variants in cis = 10
  * Best hit: [id=9_internal_8028, d=-982167, pv=0.133616, s=0.1251]
  * Beta parameters: [s1=1.24918, s2=12.4528]
  * Adjusted p-values: [emp=0.80597, beta=0.772141]

Processing phenotype [ENSG00000227730.2] [37/258]
  * #variants in cis = 10
  * Best hit: [id=9_internal_6892, d=244946, pv=0.0576766, s=0.1546]
  * Beta parameters: [s1=1.09932, s2=8.16834]
  * Adjusted p-values: [emp=0.437811, beta=0.432274]

Processing phenotype [ENSG00000228166.1] [38/258]
  * #variants in cis = 10
  * Best hit: [id=9_internal_9536, d=437061, pv=0.0326101, s=0.1748]
  * Beta parameters: [s1=0.966936, s2=10.3845]
  * Adjusted p-values: [emp=0.278607, beta=0.279448]

Processing phenotype [ENSG00000224083.1] [39/258]
  * #variants in cis = 10
  * Best hit: [id=9_internal_7980, d=-796836, pv=0.212614, s=-0.1040]
  * Beta parameters: [s1=1.01777, s2=10.803]
  * Adjusted p-values: [emp=0.930348, beta=0.912799]

Processing phenotype [ENSG00000235917.1] [40/258]
  * #variants in cis = 10
  * Best hit: [id=9_internal_9536, d=432859, pv=0.0755465, s=0.1455]
  * Beta parameters: [s1=1.03591, s2=13.1084]
  * Adjusted p-values: [emp=0.532338, beta=0.529031]

Processing phenotype [ENSG00000228097.1] [41/258]
  * #variants in cis = 10
  * Best hit: [id=9_internal_9536, d=431640, pv=0.150428, s=0.1190]
  * Beta parameters: [s1=1.10289, s2=8.94148]
  * Adjusted p-values: [emp=0.845771, beta=0.792264]

Processing phenotype [ENSG00000237711.1] [42/258]
  * #variants in cis = 10
  * Best hit: [id=9_internal_9536, d=430964, pv=0.0974367, s=0.1340]
  * Beta parameters: [s1=0.977011, s2=10.7949]
  * Adjusted p-values: [emp=0.636816, beta=0.661756]

Processing phenotype [ENSG00000236254.1] [43/258]
  * #variants in cis = 10
  * Best hit: [id=9_internal_8028, d=960342, pv=0.0489897, s=0.1594]
  * Beta parameters: [s1=0.985677, s2=10.1447]
  * Adjusted p-values: [emp=0.437811, beta=0.413177]

Processing phenotype [ENSG00000230225.1] [44/258]
  * #variants in cis = 10
  * Best hit: [id=9_internal_6892, d=226543, pv=0.01479, s=0.1926]
  * Beta parameters: [s1=0.95326, s2=11.3048]
  * Adjusted p-values: [emp=0.0895522, beta=0.102368]

Processing phenotype [ENSG00000236567.2] [45/258]
  * #variants in cis = 10
  * Best hit: [id=9_internal_8028, d=957366, pv=0.00739874, s=0.2084]
  * Beta parameters: [s1=1.03612, s2=10.497]
  * Adjusted p-values: [emp=0.0895522, beta=0.0633923]

Processing phenotype [ENSG00000254017.1] [46/258]
  * #variants in cis = 10
  * Best hit: [id=9_internal_6892, d=222490, pv=0.0445, s=0.1577]
  * Beta parameters: [s1=1.05188, s2=10.4048]
  * Adjusted p-values: [emp=0.358209, beta=0.350349]

Processing phenotype [ENSG00000249864.1] [47/258]
  * #variants in cis = 10
  * Best hit: [id=9_internal_6892, d=-171788, pv=0.0384924, s=0.1648]
  * Beta parameters: [s1=1.05074, s2=9.6565]
  * Adjusted p-values: [emp=0.378109, beta=0.370374]

Processing phenotype [ENSG00000120210.5] [48/258]
  * #variants in cis = 10
  * Best hit: [id=9_internal_7980, d=885838, pv=0.0943603, s=-0.1332]
  * Beta parameters: [s1=0.837754, s2=10.6821]
  * Adjusted p-values: [emp=0.616915, beta=0.630707]

Processing phenotype [ENSG00000214190.2] [49/258]
  * #variants in cis = 9
  * Best hit: [id=9_internal_8028, d=-649303, pv=0.0688048, s=0.1405]
  * Beta parameters: [s1=0.942193, s2=7.57571]
  * Adjusted p-values: [emp=0.522388, beta=0.516008]

Processing phenotype [ENSG00000107020.5] [50/258]
  * #variants in cis = 9
  * Best hit: [id=9_internal_6795, d=-401297, pv=0.0652889, s=-0.1454]
  * Beta parameters: [s1=1.06047, s2=8.78094]
  * Adjusted p-values: [emp=0.472637, beta=0.439823]

Processing phenotype [ENSG00000120217.9] [51/258]
  * #variants in cis = 9
  * Best hit: [id=9_internal_8028, d=617776, pv=0.046383, s=0.1573]
  * Beta parameters: [s1=1.05363, s2=9.35945]
  * Adjusted p-values: [emp=0.348259, beta=0.32798]

Processing phenotype [ENSG00000197646.6] [52/258]
  * #variants in cis = 9
  * Best hit: [id=9_internal_8028, d=557734, pv=0.0105025, s=0.2045]
  * Beta parameters: [s1=1.04989, s2=9.42182]
  * Adjusted p-values: [emp=0.0895522, beta=0.0853544]

Processing phenotype [ENSG00000231509.1] [53/258]
  * #variants in cis = 8
  * Best hit: [id=9_internal_6892, d=-244339, pv=0.0324713, s=0.1736]
  * Beta parameters: [s1=1.06905, s2=8.26968]
  * Adjusted p-values: [emp=0.303483, beta=0.26617]

Processing phenotype [ENSG00000107036.7] [54/258]
  * #variants in cis = 7
  * Best hit: [id=9_internal_8028, d=439254, pv=0.00413404, s=0.2271]
  * Beta parameters: [s1=1.05282, s2=7.79709]
  * Adjusted p-values: [emp=0.0248756, beta=0.0212927]

Processing phenotype [ENSG00000225408.1] [55/258]
  * #variants in cis = 6
  * Best hit: [id=9_internal_8028, d=-348035, pv=0.0502616, s=0.1605]
  * Beta parameters: [s1=0.944191, s2=5.58371]
  * Adjusted p-values: [emp=0.233831, beta=0.234693]

Processing phenotype [ENSG00000099219.9] [56/258]
  * #variants in cis = 6
  * Best hit: [id=9_internal_8028, d=-235162, pv=0.00604323, s=0.2148]
  * Beta parameters: [s1=1.00805, s2=6.25676]
  * Adjusted p-values: [emp=0.0348259, beta=0.0304225]

Processing phenotype [ENSG00000223621.1] [57/258]
  * #variants in cis = 6
  * Best hit: [id=9_internal_7091, d=268102, pv=0.0171791, s=0.1992]
  * Beta parameters: [s1=1.03963, s2=6.71539]
  * Adjusted p-values: [emp=0.124378, beta=0.120185]

Processing phenotype [ENSG00000238654.1] [58/258]
  * #variants in cis = 6
  * Best hit: [id=9_internal_6795, d=-3394, pv=0.226604, s=-0.0976]
  * Beta parameters: [s1=1.12283, s2=6.28796]
  * Adjusted p-values: [emp=0.820896, beta=0.795307]

Processing phenotype [ENSG00000120215.5] [59/258]
  * #variants in cis = 6
  * Best hit: [id=9_internal_8028, d=177477, pv=0.22061, s=0.0962]
  * Beta parameters: [s1=1.07552, s2=7.65154]
  * Adjusted p-values: [emp=0.800995, beta=0.81002]

Processing phenotype [ENSG00000183354.7] [60/258]
  * #variants in cis = 6
  * Best hit: [id=9_internal_9536, d=419167, pv=0.125653, s=0.1215]
  * Maximum Likelihood estimation failed, use Moment Matching instead!
  * Beta parameters: [s1=0.999983, s2=5.29655]
  * Adjusted p-values: [emp=0.512438, beta=0.53678]

Processing phenotype [ENSG00000137040.8] [61/258]
  * #variants in cis = 6
  * Best hit: [id=9_internal_7351, d=168971, pv=0.100176, s=0.1358]
  * Beta parameters: [s1=0.984386, s2=7.94854]
  * Adjusted p-values: [emp=0.507463, beta=0.489846]

Processing phenotype [ENSG00000233846.2] [62/258]
  * #variants in cis = 6
  * Best hit: [id=9_internal_6795, d=-391911, pv=0.0897513, s=0.1362]
  * Beta parameters: [s1=0.977518, s2=5.82399]
  * Adjusted p-values: [emp=0.427861, beta=0.453447]

Processing phenotype [ENSG00000147854.11] [63/258]
  * #variants in cis = 5
  * Best hit: [id=9_internal_6795, d=-526395, pv=0.223622, s=0.0978]
  * Beta parameters: [s1=1.02711, s2=6.65393]
  * Adjusted p-values: [emp=0.766169, beta=0.770405]

Processing phenotype [ENSG00000233367.1] [64/258]
  * #variants in cis = 5
  * Best hit: [id=9_internal_7091, d=861234, pv=0.0306773, s=-0.1724]
  * Maximum Likelihood estimation failed, use Moment Matching instead!
  * Beta parameters: [s1=0.999943, s2=3.99886]
  * Adjusted p-values: [emp=0.154229, beta=0.198845]

Processing phenotype [ENSG00000215066.3] [65/258]
  * #variants in cis = 5
  * Best hit: [id=9_internal_8028, d=390090, pv=0.0118511, s=0.2025]
  * Maximum Likelihood estimation failed, use Moment Matching instead!
  * Beta parameters: [s1=0.999975, s2=5.0018]
  * Adjusted p-values: [emp=0.0646766, beta=0.0392484]

Processing phenotype [ENSG00000178445.8] [66/258]
  * #variants in cis = 4
  * Best hit: [id=9_internal_7351, d=799003, pv=0.34727, s=-0.0717]
  * Maximum Likelihood estimation failed, use Moment Matching instead!
  * Beta parameters: [s1=1.00003, s2=3.81811]
  * Adjusted p-values: [emp=0.79602, beta=0.806912]

Processing phenotype [ENSG00000107077.12] [67/258]
  * #variants in cis = 4
  * Best hit: [id=9_internal_8111, d=892908, pv=0.216536, s=-0.0961]
  * Maximum Likelihood estimation failed, use Moment Matching instead!
  * Beta parameters: [s1=1.00006, s2=3.52943]
  * Adjusted p-values: [emp=0.721393, beta=0.667488]

Processing phenotype [ENSG00000236563.1] [68/258]
  * #variants in cis = 4
  * Best hit: [id=9_internal_6795, d=-893577, pv=0.251502, s=-0.0884]
  * Maximum Likelihood estimation failed, use Moment Matching instead!
  * Beta parameters: [s1=0.999956, s2=3.65181]
  * Adjusted p-values: [emp=0.686567, beta=0.690589]

Processing phenotype [ENSG00000230581.2] [69/258]
  * #variants in cis = 4
  * Best hit: [id=9_internal_8111, d=779315, pv=0.419967, s=0.0637]
  * Maximum Likelihood estimation failed, use Moment Matching instead!
  * Beta parameters: [s1=1.00001, s2=4.38448]
  * Adjusted p-values: [emp=0.905473, beta=0.893311]

Processing phenotype [ENSG00000224972.1] [70/258]
  * #variants in cis = 2
  * Best hit: [id=9_internal_8111, d=711101, pv=0.218547, s=-0.0986]
  * Maximum Likelihood estimation failed, use Moment Matching instead!
  * Beta parameters: [s1=0.999961, s2=2.13433]
  * Adjusted p-values: [emp=0.39801, beta=0.39166]

Processing phenotype [ENSG00000230207.1] [71/258]
  * #variants in cis = 1
  * Best hit: [id=9_internal_8111, d=-135451, pv=0.529889, s=0.0492]
  * Maximum Likelihood estimation failed, use Moment Matching instead!
  * Beta parameters: [s1=1.00003, s2=0.866777]
  * Adjusted p-values: [emp=0.497512, beta=0.48895]

Processing phenotype [ENSG00000137038.7] [72/258]
  * #variants in cis = 1
  * Best hit: [id=9_internal_8111, d=260875, pv=0.052253, s=-0.1619]
  * Maximum Likelihood estimation failed, use Moment Matching instead!
  * Beta parameters: [s1=1.00003, s2=1.01439]
  * Adjusted p-values: [emp=0.0547264, beta=0.0374357]

Processing phenotype [ENSG00000265735.1] [73/258]
  * #variants in cis = 0

Processing phenotype [ENSG00000229029.2] [74/258]
  * #variants in cis = 1
  * Best hit: [id=9_internal_6606, d=698166, pv=0.619285, s=-0.0410]
  * Maximum Likelihood estimation failed, use Moment Matching instead!
  * Beta parameters: [s1=0.999983, s2=0.852119]
  * Adjusted p-values: [emp=0.552239, beta=0.564894]

Processing phenotype [ENSG00000175893.6] [75/258]
  * #variants in cis = 1
  * Best hit: [id=9_internal_6606, d=-598272, pv=0.871703, s=0.0127]
  * Maximum Likelihood estimation failed, use Moment Matching instead!
  * Beta parameters: [s1=1.00002, s2=0.943493]
  * Adjusted p-values: [emp=0.890547, beta=0.866331]

Processing phenotype [ENSG00000214110.3] [76/258]
  * #variants in cis = 1
  * Best hit: [id=9_internal_6606, d=-369409, pv=0.0412516, s=0.1660]
  * Maximum Likelihood estimation failed, use Moment Matching instead!
  * Beta parameters: [s1=1.00003, s2=0.975548]
  * Adjusted p-values: [emp=0.0447761, beta=0.0401241]

Processing phenotype [ENSG00000155158.14] [77/258]
  * #variants in cis = 1
  * Best hit: [id=9_internal_6606, d=0, pv=2.18159e-19, s=0.6152]
  * Maximum Likelihood estimation failed, use Moment Matching instead!
  * Beta parameters: [s1=0.999999, s2=0.983335]
  * Adjusted p-values: [emp=0.00497512, beta=1.69933e-19]

Processing phenotype [ENSG00000164975.11] [78/258]
  * #variants in cis = 1
  * Best hit: [id=9_internal_6606, d=-111248, pv=0.588307, s=0.0451]
  * Maximum Likelihood estimation failed, use Moment Matching instead!
  * Beta parameters: [s1=0.999987, s2=1.04806]
  * Adjusted p-values: [emp=0.58209, beta=0.604585]

Processing phenotype [ENSG00000251834.1] [79/258]
  * #variants in cis = 1
  * Best hit: [id=9_internal_6606, d=120550, pv=0.279873, s=0.0877]
  * Maximum Likelihood estimation failed, use Moment Matching instead!
  * Beta parameters: [s1=0.999974, s2=0.851355]
  * Adjusted p-values: [emp=0.263682, beta=0.256979]

Processing phenotype [ENSG00000164985.9] [80/258]
  * #variants in cis = 1
  * Best hit: [id=9_internal_6606, d=199563, pv=0.478692, s=0.0576]
  * Maximum Likelihood estimation failed, use Moment Matching instead!
  * Beta parameters: [s1=1.00001, s2=1.07322]
  * Adjusted p-values: [emp=0.457711, beta=0.467252]

Processing phenotype [ENSG00000213362.3] [81/258]
  * #variants in cis = 1
  * Best hit: [id=9_internal_6606, d=216227, pv=0.193302, s=-0.1075]
  * Maximum Likelihood estimation failed, use Moment Matching instead!
  * Beta parameters: [s1=0.99997, s2=1.17547]
  * Adjusted p-values: [emp=0.218905, beta=0.197912]

Processing phenotype [ENSG00000164989.10] [82/258]
  * #variants in cis = 1
  * Best hit: [id=9_internal_6606, d=-241441, pv=0.114737, s=0.1285]
  * Maximum Likelihood estimation failed, use Moment Matching instead!
  * Beta parameters: [s1=1.00003, s2=0.813936]
  * Adjusted p-values: [emp=0.129353, beta=0.141332]

Processing phenotype [ENSG00000044459.9] [83/258]
  * #variants in cis = 0

Processing phenotype [ENSG00000224488.1] [84/258]
  * #variants in cis = 0

Processing phenotype [ENSG00000155876.4] [85/258]
  * #variants in cis = 3
  * Best hit: [id=9_internal_7045, d=965749, pv=0.129715, s=-0.1247]
  * Maximum Likelihood estimation failed, use Moment Matching instead!
  * Beta parameters: [s1=0.999978, s2=2.78714]
  * Adjusted p-values: [emp=0.278607, beta=0.286128]

Processing phenotype [ENSG00000251733.1] [86/258]
  * #variants in cis = 3
  * Best hit: [id=9_internal_7331, d=-951357, pv=0.0322335, s=0.1713]
  * Maximum Likelihood estimation failed, use Moment Matching instead!
  * Beta parameters: [s1=1.00001, s2=3.28975]
  * Adjusted p-values: [emp=0.0646766, beta=0.0801048]

Processing phenotype [ENSG00000201118.1] [87/258]
  * #variants in cis = 3
  * Best hit: [id=9_internal_7045, d=925530, pv=0.416117, s=-0.0662]
  * Maximum Likelihood estimation failed, use Moment Matching instead!
  * Beta parameters: [s1=0.999983, s2=2.51237]
  * Adjusted p-values: [emp=0.711443, beta=0.737675]

Processing phenotype [ENSG00000147874.6] [88/258]
  * #variants in cis = 3
  * Best hit: [id=9_internal_7045, d=-912004, pv=0.214418, s=-0.0926]
  * Maximum Likelihood estimation failed, use Moment Matching instead!
  * Beta parameters: [s1=0.999975, s2=2.49553]
  * Adjusted p-values: [emp=0.527363, beta=0.513125]

Processing phenotype [ENSG00000147872.5] [89/258]
  * #variants in cis = 3
  * Best hit: [id=9_internal_10068, d=-826544, pv=0.0631844, s=0.1404]
  * Maximum Likelihood estimation failed, use Moment Matching instead!
  * Beta parameters: [s1=1.00002, s2=2.89012]
  * Adjusted p-values: [emp=0.154229, beta=0.162683]

Processing phenotype [ENSG00000232176.1] [90/258]
  * #variants in cis = 3
  * Best hit: [id=9_internal_7331, d=-814097, pv=0.0650548, s=0.1466]
  * Maximum Likelihood estimation failed, use Moment Matching instead!
  * Beta parameters: [s1=0.999967, s2=2.7784]
  * Adjusted p-values: [emp=0.223881, beta=0.210303]

Processing phenotype [ENSG00000242215.1] [91/258]
  * #variants in cis = 3
  * Best hit: [id=9_internal_7045, d=738948, pv=0.0275354, s=0.1682]
  * Maximum Likelihood estimation failed, use Moment Matching instead!
  * Beta parameters: [s1=1.00003, s2=2.79015]
  * Adjusted p-values: [emp=0.0995025, beta=0.0671238]

Processing phenotype [ENSG00000137145.14] [92/258]
  * #variants in cis = 3
  * Best hit: [id=9_internal_7045, d=726499, pv=0.170398, s=0.1065]
  * Maximum Likelihood estimation failed, use Moment Matching instead!
  * Beta parameters: [s1=1.00005, s2=2.53756]
  * Adjusted p-values: [emp=0.41791, beta=0.44101]

Processing phenotype [ENSG00000232978.1] [93/258]
  * #variants in cis = 3
  * Best hit: [id=9_internal_10068, d=-683255, pv=0.212726, s=-0.1013]
  * Maximum Likelihood estimation failed, use Moment Matching instead!
  * Beta parameters: [s1=0.999957, s2=2.85796]
  * Adjusted p-values: [emp=0.482587, beta=0.473737]

Processing phenotype [ENSG00000238348.1] [94/258]
  * #variants in cis = 3
  * Best hit: [id=9_internal_7045, d=704432, pv=0.579807, s=-0.0447]
  * Maximum Likelihood estimation failed, use Moment Matching instead!
  * Beta parameters: [s1=1.00001, s2=2.87774]
  * Adjusted p-values: [emp=0.920398, beta=0.921888]

Processing phenotype [ENSG00000137154.8] [95/258]
  * #variants in cis = 3
  * Best hit: [id=9_internal_10068, d=-595580, pv=0.651522, s=-0.0349]
  * Maximum Likelihood estimation failed, use Moment Matching instead!
  * Beta parameters: [s1=1.00002, s2=3.58365]
  * Adjusted p-values: [emp=0.970149, beta=0.971464]

Processing phenotype [ENSG00000177076.4] [96/258]
  * #variants in cis = 3
  * Best hit: [id=9_internal_7045, d=606196, pv=0.126988, s=0.1209]
  * Maximum Likelihood estimation failed, use Moment Matching instead!
  * Beta parameters: [s1=1.00002, s2=3.2066]
  * Adjusted p-values: [emp=0.318408, beta=0.331884]

Processing phenotype [ENSG00000260912.1] [97/258]
  * #variants in cis = 3
  * Best hit: [id=9_internal_7331, d=561934, pv=0.477961, s=-0.0576]
  * Maximum Likelihood estimation failed, use Moment Matching instead!
  * Beta parameters: [s1=1.00001, s2=2.72435]
  * Adjusted p-values: [emp=0.840796, beta=0.848857]

Processing phenotype [ENSG00000263790.1] [98/258]
  * #variants in cis = 6
  * Best hit: [id=9_internal_10068, d=0, pv=0.00177567, s=0.2521]
  * Beta parameters: [s1=0.917294, s2=5.70006]
  * Adjusted p-values: [emp=0.0149254, beta=0.0116706]

Processing phenotype [ENSG00000237088.1] [99/258]
  * #variants in cis = 7
  * Best hit: [id=9_internal_7045, d=-286906, pv=0.163402, s=-0.1090]
  * Beta parameters: [s1=0.816925, s2=8.16476]
  * Adjusted p-values: [emp=0.661692, beta=0.720012]

Processing phenotype [ENSG00000171843.11] [100/258]
  * #variants in cis = 7
  * Best hit: [id=9_internal_10068, d=15375, pv=0.000151393, s=0.3035]
  * Beta parameters: [s1=1.02358, s2=6.30573]
  * Adjusted p-values: [emp=0.00497512, beta=0.00246577]

Processing phenotype [ENSG00000188352.7] [101/258]
  * #variants in cis = 7
  * Best hit: [id=9_internal_6982, d=-16847, pv=0.00625561, s=0.2255]
  * Beta parameters: [s1=1.04596, s2=6.87328]
  * Adjusted p-values: [emp=0.0597015, beta=0.0499363]

Processing phenotype [ENSG00000207609.1] [102/258]
  * #variants in cis = 7
  * Best hit: [id=9_internal_9531, d=264005, pv=0.283713, s=-0.0864]
  * Beta parameters: [s1=0.91483, s2=7.72985]
  * Adjusted p-values: [emp=0.920398, beta=0.905931]

Processing phenotype [ENSG00000188921.11] [103/258]
  * #variants in cis = 8
  * Best hit: [id=9_internal_9531, d=28382, pv=0.00235328, s=0.2461]
  * Beta parameters: [s1=0.931577, s2=8.48503]
  * Adjusted p-values: [emp=0.0447761, beta=0.027025]

Processing phenotype [ENSG00000226393.1] [104/258]
  * #variants in cis = 8
  * Best hit: [id=9_internal_8251, d=649492, pv=0.0307888, s=0.1699]
  * Beta parameters: [s1=0.842333, s2=8.85122]
  * Adjusted p-values: [emp=0.179104, beta=0.171046]

Processing phenotype [ENSG00000198642.5] [105/258]
  * #variants in cis = 8
  * Best hit: [id=9_internal_10414, d=-170090, pv=0.153191, s=-0.1145]
  * Beta parameters: [s1=0.961619, s2=8.24524]
  * Adjusted p-values: [emp=0.696517, beta=0.725113]

Processing phenotype [ENSG00000244230.2] [106/258]
  * #variants in cis = 5
  * Best hit: [id=9_internal_6666, d=335155, pv=0.257989, s=-0.0895]
  * Maximum Likelihood estimation failed, use Moment Matching instead!
  * Beta parameters: [s1=0.999978, s2=5.09219]
  * Adjusted p-values: [emp=0.800995, beta=0.769206]

Processing phenotype [ENSG00000099810.13] [107/258]
  * #variants in cis = 5
  * Best hit: [id=9_internal_10414, d=-22175, pv=9.31149e-06, s=0.3443]
  * Maximum Likelihood estimation failed, use Moment Matching instead!
  * Beta parameters: [s1=1, s2=4.87953]
  * Adjusted p-values: [emp=0.00497512, beta=5.12736e-05]

Processing phenotype [ENSG00000264545.1] [108/258]
  * #variants in cis = 5
  * Best hit: [id=9_internal_10414, d=-22268, pv=0.00544169, s=0.2121]
  * Maximum Likelihood estimation failed, use Moment Matching instead!
  * Beta parameters: [s1=0.999953, s2=4.93731]
  * Adjusted p-values: [emp=0.0348259, beta=0.0248177]

Processing phenotype [ENSG00000229298.1] [109/258]
  * #variants in cis = 5
  * Best hit: [id=9_internal_8251, d=-158445, pv=0.0351736, s=0.1721]
  * Maximum Likelihood estimation failed, use Moment Matching instead!
  * Beta parameters: [s1=1.00002, s2=4.30312]
  * Adjusted p-values: [emp=0.139303, beta=0.156928]

Processing phenotype [ENSG00000265194.1] [110/258]
  * #variants in cis = 5
  * Best hit: [id=9_internal_10414, d=81558, pv=0.000289655, s=0.2858]
  * Maximum Likelihood estimation failed, use Moment Matching instead!
  * Beta parameters: [s1=0.999989, s2=5.79398]
  * Adjusted p-values: [emp=0.00497512, beta=0.000417127]

Processing phenotype [ENSG00000264801.1] [111/258]
  * #variants in cis = 5
  * Best hit: [id=9_internal_10414, d=-149089, pv=0.0136457, s=0.1973]
  * Beta parameters: [s1=0.988492, s2=6.4099]
  * Adjusted p-values: [emp=0.0447761, beta=0.0396916]

Processing phenotype [ENSG00000240498.2] [112/258]
  * #variants in cis = 5
  * Best hit: [id=9_internal_6666, d=39691, pv=9.38247e-05, s=0.3103]
  * Maximum Likelihood estimation failed, use Moment Matching instead!
  * Beta parameters: [s1=0.999978, s2=4.77035]
  * Adjusted p-values: [emp=0.00497512, beta=0.000420795]

Processing phenotype [ENSG00000147889.12] [113/258]
  * #variants in cis = 5
  * Best hit: [id=9_internal_8251, d=19180, pv=0.00218685, s=0.2409]
  * Maximum Likelihood estimation failed, use Moment Matching instead!
  * Beta parameters: [s1=0.999992, s2=6.15258]
  * Adjusted p-values: [emp=0.0248756, beta=0.00546059]

Processing phenotype [ENSG00000266446.1] [114/258]
  * #variants in cis = 5
  * Best hit: [id=9_internal_8251, d=-19361, pv=0.275405, s=0.0873]
  * Maximum Likelihood estimation failed, use Moment Matching instead!
  * Beta parameters: [s1=1.00006, s2=5.2646]
  * Adjusted p-values: [emp=0.870647, beta=0.831329]

Processing phenotype [ENSG00000147883.9] [115/258]
  * #variants in cis = 4
  * Best hit: [id=9_internal_6666, d=-25106, pv=0.000339559, s=0.2720]
  * Maximum Likelihood estimation failed, use Moment Matching instead!
  * Beta parameters: [s1=0.999976, s2=3.18828]
  * Adjusted p-values: [emp=0.00995025, beta=0.0030731]

Processing phenotype [ENSG00000215221.2] [116/258]
  * #variants in cis = 4
  * Best hit: [id=9_internal_8251, d=-36034, pv=0.0691951, s=0.1450]
  * Maximum Likelihood estimation failed, use Moment Matching instead!
  * Beta parameters: [s1=0.999961, s2=3.55429]
  * Adjusted p-values: [emp=0.283582, beta=0.268946]

Processing phenotype [ENSG00000198680.3] [117/258]
  * #variants in cis = 0

Processing phenotype [ENSG00000232466.1] [118/258]
  * #variants in cis = 1
  * Best hit: [id=9_internal_8443, d=-764154, pv=0.313821, s=-0.0828]
  * Maximum Likelihood estimation failed, use Moment Matching instead!
  * Beta parameters: [s1=0.999988, s2=0.869754]
  * Adjusted p-values: [emp=0.283582, beta=0.286529]

Processing phenotype [ENSG00000120159.7] [119/258]
  * #variants in cis = 1
  * Best hit: [id=9_internal_8443, d=-751899, pv=0.00634267, s=-0.2215]
  * Maximum Likelihood estimation failed, use Moment Matching instead!
  * Beta parameters: [s1=0.999985, s2=0.948474]
  * Adjusted p-values: [emp=0.0149254, beta=0.00342384]

Processing phenotype [ENSG00000096872.11] [120/258]
  * #variants in cis = 1
  * Best hit: [id=9_internal_8443, d=697664, pv=0.10149, s=0.1284]
  * Maximum Likelihood estimation failed, use Moment Matching instead!
  * Beta parameters: [s1=1, s2=1.11757]
  * Adjusted p-values: [emp=0.114428, beta=0.108576]

Processing phenotype [ENSG00000137055.10] [121/258]
  * #variants in cis = 1
  * Best hit: [id=9_internal_8443, d=-697240, pv=0.64876, s=-0.0369]
  * Maximum Likelihood estimation failed, use Moment Matching instead!
  * Beta parameters: [s1=1.00002, s2=1.12432]
  * Adjusted p-values: [emp=0.696517, beta=0.696175]

Processing phenotype [ENSG00000234676.1] [122/258]
  * #variants in cis = 1
  * Best hit: [id=9_internal_8443, d=-688408, pv=0.247835, s=0.0913]
  * Maximum Likelihood estimation failed, use Moment Matching instead!
  * Beta parameters: [s1=0.999969, s2=0.981416]
  * Adjusted p-values: [emp=0.303483, beta=0.276216]

Processing phenotype [ENSG00000184434.7] [123/258]
  * #variants in cis = 1
  * Best hit: [id=9_internal_8443, d=-639010, pv=0.206454, s=0.0946]
  * Maximum Likelihood estimation failed, use Moment Matching instead!
  * Beta parameters: [s1=1.00004, s2=0.919191]
  * Adjusted p-values: [emp=0.228856, beta=0.215224]

Processing phenotype [ENSG00000231459.1] [124/258]
  * #variants in cis = 1
  * Best hit: [id=9_internal_8443, d=-361910, pv=0.423201, s=-0.0656]
  * Maximum Likelihood estimation failed, use Moment Matching instead!
  * Beta parameters: [s1=0.999971, s2=0.939703]
  * Adjusted p-values: [emp=0.427861, beta=0.426608]

Processing phenotype [ENSG00000120160.6] [125/258]
  * #variants in cis = 1
  * Best hit: [id=9_internal_8443, d=-347564, pv=0.965276, s=0.0036]
  * Maximum Likelihood estimation failed, use Moment Matching instead!
  * Beta parameters: [s1=1.00003, s2=1.00956]
  * Adjusted p-values: [emp=0.955224, beta=0.964109]

Processing phenotype [ENSG00000227975.1] [126/258]
  * #variants in cis = 1
  * Best hit: [id=9_internal_8443, d=-265759, pv=0.223342, s=0.0979]
  * Maximum Likelihood estimation failed, use Moment Matching instead!
  * Beta parameters: [s1=1.00002, s2=0.807866]
  * Adjusted p-values: [emp=0.223881, beta=0.236932]

Processing phenotype [ENSG00000237734.1] [127/258]
  * #variants in cis = 1
  * Best hit: [id=9_internal_8443, d=252969, pv=0.040749, s=0.1673]
  * Maximum Likelihood estimation failed, use Moment Matching instead!
  * Beta parameters: [s1=0.999962, s2=0.919909]
  * Adjusted p-values: [emp=0.0547264, beta=0.0446384]

Processing phenotype [ENSG00000147896.3] [128/258]
  * #variants in cis = 1
  * Best hit: [id=9_internal_8443, d=120389, pv=0.872262, s=0.0135]
  * Maximum Likelihood estimation failed, use Moment Matching instead!
  * Beta parameters: [s1=0.999967, s2=0.99372]
  * Adjusted p-values: [emp=0.855721, beta=0.87691]

Processing phenotype [ENSG00000120162.8] [129/258]
  * #variants in cis = 1
  * Best hit: [id=9_internal_8443, d=-114922, pv=0.134626, s=0.1203]
  * Maximum Likelihood estimation failed, use Moment Matching instead!
  * Beta parameters: [s1=1.00001, s2=1.00033]
  * Adjusted p-values: [emp=0.0945274, beta=0.0958316]

Processing phenotype [ENSG00000147894.10] [130/258]
  * #variants in cis = 1
  * Best hit: [id=9_internal_8443, d=-70837, pv=0.00182619, s=0.2365]
  * Maximum Likelihood estimation failed, use Moment Matching instead!
  * Beta parameters: [s1=1.00001, s2=0.930625]
  * Adjusted p-values: [emp=0.00497512, beta=0.00331754]

Processing phenotype [ENSG00000215210.3] [131/258]
  * #variants in cis = 1
  * Best hit: [id=9_internal_9312, d=570259, pv=0.489978, s=0.0558]
  * Maximum Likelihood estimation failed, use Moment Matching instead!
  * Beta parameters: [s1=1.00001, s2=0.951962]
  * Adjusted p-values: [emp=0.492537, beta=0.495969]

Processing phenotype [ENSG00000122729.12] [132/258]
  * #variants in cis = 1
  * Best hit: [id=9_internal_9438, d=726111, pv=0.771227, s=-0.0226]
  * Maximum Likelihood estimation failed, use Moment Matching instead!
  * Beta parameters: [s1=1.00003, s2=0.84812]
  * Adjusted p-values: [emp=0.741294, beta=0.747811]

Processing phenotype [ENSG00000107201.5] [133/258]
  * #variants in cis = 2
  * Best hit: [id=9_internal_9438, d=-584407, pv=0.627723, s=-0.0391]
  * Maximum Likelihood estimation failed, use Moment Matching instead!
  * Beta parameters: [s1=0.999961, s2=2.35667]
  * Adjusted p-values: [emp=0.875622, beta=0.891177]

Processing phenotype [ENSG00000203543.1] [134/258]
  * #variants in cis = 2
  * Best hit: [id=9_internal_7879, d=865973, pv=0.0546661, s=-0.1487]
  * Maximum Likelihood estimation failed, use Moment Matching instead!
  * Beta parameters: [s1=0.999991, s2=1.65335]
  * Adjusted p-values: [emp=0.144279, beta=0.140599]

Processing phenotype [ENSG00000203542.1] [135/258]
  * #variants in cis = 2
  * Best hit: [id=9_internal_7879, d=-865367, pv=0.785644, s=-0.0216]
  * Maximum Likelihood estimation failed, use Moment Matching instead!
  * Beta parameters: [s1=0.999977, s2=2.0226]
  * Adjusted p-values: [emp=0.955224, beta=0.958042]

Processing phenotype [ENSG00000235453.3] [136/258]
  * #variants in cis = 2
  * Best hit: [id=9_internal_9438, d=559587, pv=0.125954, s=-0.1225]
  * Maximum Likelihood estimation failed, use Moment Matching instead!
  * Beta parameters: [s1=0.999995, s2=2.14441]
  * Adjusted p-values: [emp=0.223881, beta=0.229568]

Processing phenotype [ENSG00000197579.3] [137/258]
  * #variants in cis = 2
  * Best hit: [id=9_internal_7879, d=-861303, pv=0.701346, s=-0.0304]
  * Maximum Likelihood estimation failed, use Moment Matching instead!
  * Beta parameters: [s1=1.00003, s2=2.00773]
  * Adjusted p-values: [emp=0.910448, beta=0.907463]

Processing phenotype [ENSG00000203659.4] [138/258]
  * #variants in cis = 2
  * Best hit: [id=9_internal_7879, d=860667, pv=0.419478, s=-0.0647]
  * Maximum Likelihood estimation failed, use Moment Matching instead!
  * Beta parameters: [s1=1, s2=1.73901]
  * Adjusted p-values: [emp=0.651741, beta=0.64618]

Processing phenotype [ENSG00000214006.1] [139/258]
  * #variants in cis = 2
  * Best hit: [id=9_internal_9438, d=553825, pv=0.300404, s=-0.0781]
  * Maximum Likelihood estimation failed, use Moment Matching instead!
  * Beta parameters: [s1=1.00004, s2=1.71353]
  * Adjusted p-values: [emp=0.552239, beta=0.506011]

Processing phenotype [ENSG00000241043.1] [140/258]
  * #variants in cis = 2
  * Best hit: [id=9_internal_9438, d=543942, pv=0.128707, s=0.1256]
  * Maximum Likelihood estimation failed, use Moment Matching instead!
  * Beta parameters: [s1=1.00003, s2=1.94215]
  * Adjusted p-values: [emp=0.283582, beta=0.272868]

Processing phenotype [ENSG00000232303.2] [141/258]
  * #variants in cis = 2
  * Best hit: [id=9_internal_7879, d=-846730, pv=0.480326, s=0.0569]
  * Maximum Likelihood estimation failed, use Moment Matching instead!
  * Beta parameters: [s1=1.00002, s2=1.83416]
  * Adjusted p-values: [emp=0.726368, beta=0.706811]

Processing phenotype [ENSG00000165264.6] [142/258]
  * #variants in cis = 2
  * Best hit: [id=9_internal_9438, d=-537569, pv=0.41204, s=-0.0647]
  * Maximum Likelihood estimation failed, use Moment Matching instead!
  * Beta parameters: [s1=1.00003, s2=1.98458]
  * Adjusted p-values: [emp=0.656716, beta=0.634968]

Processing phenotype [ENSG00000122728.6] [143/258]
  * #variants in cis = 2
  * Best hit: [id=9_internal_9438, d=-475062, pv=0.187253, s=0.1008]
  * Maximum Likelihood estimation failed, use Moment Matching instead!
  * Beta parameters: [s1=0.999996, s2=2.56581]
  * Adjusted p-values: [emp=0.358209, beta=0.361356]

Processing phenotype [ENSG00000256239.1] [144/258]
  * #variants in cis = 2
  * Best hit: [id=9_internal_9438, d=-475062, pv=0.187253, s=0.1008]
  * Maximum Likelihood estimation failed, use Moment Matching instead!
  * Beta parameters: [s1=1, s2=2.51631]
  * Adjusted p-values: [emp=0.363184, beta=0.33944]

Processing phenotype [ENSG00000237437.1] [145/258]
  * #variants in cis = 2
  * Best hit: [id=9_internal_9438, d=164735, pv=0.00314931, s=0.2388]
  * Maximum Likelihood estimation failed, use Moment Matching instead!
  * Beta parameters: [s1=1.00001, s2=2.21852]
  * Adjusted p-values: [emp=0.00497512, beta=0.00442211]

Processing phenotype [ENSG00000236184.1] [146/258]
  * #variants in cis = 2
  * Best hit: [id=9_internal_9438, d=-130328, pv=0.426549, s=-0.0633]
  * Maximum Likelihood estimation failed, use Moment Matching instead!
  * Beta parameters: [s1=0.99998, s2=1.72952]
  * Adjusted p-values: [emp=0.626866, beta=0.637539]

Processing phenotype [ENSG00000225693.1] [147/258]
  * #variants in cis = 2
  * Best hit: [id=9_internal_9438, d=-90566, pv=0.20246, s=-0.1038]
  * Maximum Likelihood estimation failed, use Moment Matching instead!
  * Beta parameters: [s1=1.00003, s2=1.68153]
  * Adjusted p-values: [emp=0.333333, beta=0.332881]

Processing phenotype [ENSG00000137074.13] [148/258]
  * #variants in cis = 2
  * Best hit: [id=9_internal_9438, d=-85563, pv=0.211709, s=-0.0982]
  * Maximum Likelihood estimation failed, use Moment Matching instead!
  * Beta parameters: [s1=0.999976, s2=2.16213]
  * Adjusted p-values: [emp=0.353234, beta=0.373784]

Processing phenotype [ENSG00000086061.11] [149/258]
  * #variants in cis = 2
  * Best hit: [id=9_internal_9438, d=85520, pv=0.339751, s=0.0773]
  * Maximum Likelihood estimation failed, use Moment Matching instead!
  * Beta parameters: [s1=1.00002, s2=1.79786]
  * Adjusted p-values: [emp=0.507463, beta=0.525937]

Processing phenotype [ENSG00000222169.1] [150/258]
  * #variants in cis = 2
  * Best hit: [id=9_internal_9438, d=-68515, pv=0.54839, s=-0.0471]
  * Maximum Likelihood estimation failed, use Moment Matching instead!
  * Beta parameters: [s1=0.999972, s2=2.15665]
  * Adjusted p-values: [emp=0.80597, beta=0.812531]

Processing phenotype [ENSG00000122692.7] [151/258]
  * #variants in cis = 2
  * Best hit: [id=9_internal_7879, d=-337189, pv=0.390169, s=-0.0653]
  * Maximum Likelihood estimation failed, use Moment Matching instead!
  * Beta parameters: [s1=1.00002, s2=2.21508]
  * Adjusted p-values: [emp=0.616915, beta=0.630801]

Processing phenotype [ENSG00000233554.1] [152/258]
  * #variants in cis = 3
  * Best hit: [id=9_internal_9438, d=0, pv=0.527755, s=0.0493]
  * Maximum Likelihood estimation failed, use Moment Matching instead!
  * Beta parameters: [s1=0.999981, s2=2.77092]
  * Adjusted p-values: [emp=0.875622, beta=0.871105]

Processing phenotype [ENSG00000086062.8] [153/258]
  * #variants in cis = 3
  * Best hit: [id=9_internal_7879, d=-246500, pv=0.330715, s=-0.0759]
  * Maximum Likelihood estimation failed, use Moment Matching instead!
  * Beta parameters: [s1=1.00002, s2=2.78095]
  * Adjusted p-values: [emp=0.626866, beta=0.674109]

Processing phenotype [ENSG00000122711.4] [154/258]
  * #variants in cis = 3
  * Best hit: [id=9_internal_9050, d=882185, pv=0.0680047, s=-0.1493]
  * Maximum Likelihood estimation failed, use Moment Matching instead!
  * Beta parameters: [s1=1.00003, s2=2.68651]
  * Adjusted p-values: [emp=0.208955, beta=0.185636]

Processing phenotype [ENSG00000107262.11] [155/258]
  * #variants in cis = 3
  * Best hit: [id=9_internal_7879, d=-149093, pv=0.378135, s=-0.0718]
  * Maximum Likelihood estimation failed, use Moment Matching instead!
  * Beta parameters: [s1=0.999953, s2=2.8753]
  * Adjusted p-values: [emp=0.810945, beta=0.799626]

Processing phenotype [ENSG00000086065.8] [156/258]
  * #variants in cis = 3
  * Best hit: [id=9_internal_9050, d=835608, pv=0.143919, s=-0.1198]
  * Maximum Likelihood estimation failed, use Moment Matching instead!
  * Beta parameters: [s1=0.999983, s2=2.84522]
  * Adjusted p-values: [emp=0.373134, beta=0.390585]

Processing phenotype [ENSG00000086102.14] [157/258]
  * #variants in cis = 3
  * Best hit: [id=9_internal_7879, d=123345, pv=0.354691, s=-0.0727]
  * Maximum Likelihood estimation failed, use Moment Matching instead!
  * Beta parameters: [s1=0.999994, s2=3.10884]
  * Adjusted p-values: [emp=0.761194, beta=0.732419]

Processing phenotype [ENSG00000165272.9] [158/258]
  * #variants in cis = 3
  * Best hit: [id=9_internal_7879, d=0, pv=0.0161149, s=0.1945]
  * Maximum Likelihood estimation failed, use Moment Matching instead!
  * Beta parameters: [s1=0.999992, s2=3.01002]
  * Adjusted p-values: [emp=0.0597015, beta=0.0491877]

Processing phenotype [ENSG00000165271.11] [159/258]
  * #variants in cis = 3
  * Best hit: [id=9_internal_9438, d=304493, pv=0.195947, s=0.1052]
  * Maximum Likelihood estimation failed, use Moment Matching instead!
  * Beta parameters: [s1=0.999959, s2=3.14969]
  * Adjusted p-values: [emp=0.467662, beta=0.483956]

Processing phenotype [ENSG00000231991.3] [160/258]
  * #variants in cis = 3
  * Best hit: [id=9_internal_9438, d=-454788, pv=0.602582, s=-0.0414]
  * Maximum Likelihood estimation failed, use Moment Matching instead!
  * Beta parameters: [s1=1.00003, s2=2.98102]
  * Adjusted p-values: [emp=0.945274, beta=0.93901]

Processing phenotype [ENSG00000237984.2] [161/258]
  * #variants in cis = 3
  * Best hit: [id=9_internal_9438, d=508062, pv=0.180272, s=-0.1022]
  * Maximum Likelihood estimation failed, use Moment Matching instead!
  * Beta parameters: [s1=0.999995, s2=3.13151]
  * Adjusted p-values: [emp=0.422886, beta=0.427119]

Processing phenotype [ENSG00000010438.11] [162/258]
  * #variants in cis = 3
  * Best hit: [id=9_internal_9050, d=350033, pv=0.339523, s=-0.0778]
  * Maximum Likelihood estimation failed, use Moment Matching instead!
  * Beta parameters: [s1=0.99997, s2=2.55766]
  * Adjusted p-values: [emp=0.721393, beta=0.710316]

Processing phenotype [ENSG00000107341.4] [163/258]
  * #variants in cis = 3
  * Best hit: [id=9_internal_9438, d=-648130, pv=0.556996, s=0.0485]
  * Maximum Likelihood estimation failed, use Moment Matching instead!
  * Beta parameters: [s1=1, s2=3.74376]
  * Adjusted p-values: [emp=0.945274, beta=0.945665]

Processing phenotype [ENSG00000200834.1] [164/258]
  * #variants in cis = 3
  * Best hit: [id=9_internal_9438, d=-661541, pv=0.368118, s=-0.0713]
  * Maximum Likelihood estimation failed, use Moment Matching instead!
  * Beta parameters: [s1=1.00005, s2=3.01473]
  * Adjusted p-values: [emp=0.771144, beta=0.762107]

Processing phenotype [ENSG00000251748.1] [165/258]
  * #variants in cis = 3
  * Best hit: [id=9_internal_9438, d=-699103, pv=0.713651, s=0.0283]
  * Maximum Likelihood estimation failed, use Moment Matching instead!
  * Beta parameters: [s1=0.999964, s2=3.40573]
  * Adjusted p-values: [emp=0.9801, beta=0.98135]

Processing phenotype [ENSG00000230925.2] [166/258]
  * #variants in cis = 3
  * Best hit: [id=9_internal_9050, d=-189428, pv=0.514844, s=-0.0533]
  * Maximum Likelihood estimation failed, use Moment Matching instead!
  * Beta parameters: [s1=1.00006, s2=2.82411]
  * Adjusted p-values: [emp=0.885572, beta=0.889437]

Processing phenotype [ENSG00000238300.1] [167/258]
  * #variants in cis = 3
  * Best hit: [id=9_internal_9050, d=-166174, pv=0.29437, s=-0.0820]
  * Maximum Likelihood estimation failed, use Moment Matching instead!
  * Beta parameters: [s1=1.00005, s2=2.61312]
  * Adjusted p-values: [emp=0.641791, beta=0.621699]

Processing phenotype [ENSG00000238886.1] [168/258]
  * #variants in cis = 3
  * Best hit: [id=9_internal_7879, d=484829, pv=0.252131, s=0.0905]
  * Maximum Likelihood estimation failed, use Moment Matching instead!
  * Beta parameters: [s1=1.00001, s2=2.95992]
  * Adjusted p-values: [emp=0.557214, beta=0.585219]

Processing phenotype [ENSG00000226801.2] [169/258]
  * #variants in cis = 3
  * Best hit: [id=9_internal_9438, d=799081, pv=0.140433, s=-0.1177]
  * Maximum Likelihood estimation failed, use Moment Matching instead!
  * Beta parameters: [s1=0.999996, s2=2.64456]
  * Adjusted p-values: [emp=0.348259, beta=0.36746]

Processing phenotype [ENSG00000235983.1] [170/258]
  * #variants in cis = 3
  * Best hit: [id=9_internal_9050, d=116905, pv=0.397056, s=0.0689]
  * Maximum Likelihood estimation failed, use Moment Matching instead!
  * Beta parameters: [s1=1.00004, s2=2.58841]
  * Adjusted p-values: [emp=0.741294, beta=0.750537]

Processing phenotype [ENSG00000137073.15] [171/258]
  * #variants in cis = 3
  * Best hit: [id=9_internal_9050, d=-51601, pv=0.523977, s=-0.0536]
  * Maximum Likelihood estimation failed, use Moment Matching instead!
  * Beta parameters: [s1=0.999991, s2=2.79625]
  * Adjusted p-values: [emp=0.875622, beta=0.879252]

Processing phenotype [ENSG00000228352.1] [172/258]
  * #variants in cis = 3
  * Best hit: [id=9_internal_7879, d=-616311, pv=0.59751, s=-0.0426]
  * Maximum Likelihood estimation failed, use Moment Matching instead!
  * Beta parameters: [s1=1.00003, s2=2.71094]
  * Adjusted p-values: [emp=0.915423, beta=0.918039]

Processing phenotype [ENSG00000224802.2] [173/258]
  * #variants in cis = 4
  * Best hit: [id=9_internal_7879, d=641947, pv=0.0269387, s=0.1758]
  * Maximum Likelihood estimation failed, use Moment Matching instead!
  * Beta parameters: [s1=1.00004, s2=4.11545]
  * Adjusted p-values: [emp=0.0945274, beta=0.0897169]

Processing phenotype [ENSG00000198876.7] [174/258]
  * #variants in cis = 4
  * Best hit: [id=9_internal_7100, d=-973507, pv=0.10729, s=0.1305]
  * Maximum Likelihood estimation failed, use Moment Matching instead!
  * Beta parameters: [s1=1.00005, s2=3.53541]
  * Adjusted p-values: [emp=0.348259, beta=0.357506]

Processing phenotype [ENSG00000203513.1] [175/258]
  * #variants in cis = 3
  * Best hit: [id=9_internal_7100, d=931217, pv=0.0658102, s=0.1464]
  * Maximum Likelihood estimation failed, use Moment Matching instead!
  * Beta parameters: [s1=1.00005, s2=3.08547]
  * Adjusted p-values: [emp=0.199005, beta=0.198725]

Processing phenotype [ENSG00000165006.8] [176/258]
  * #variants in cis = 3
  * Best hit: [id=9_internal_9050, d=-74334, pv=0.033178, s=0.1722]
  * Maximum Likelihood estimation failed, use Moment Matching instead!
  * Beta parameters: [s1=1.00003, s2=3.27382]
  * Adjusted p-values: [emp=0.0945274, beta=0.0984392]

Processing phenotype [ENSG00000227383.1] [177/258]
  * #variants in cis = 3
  * Best hit: [id=9_internal_9050, d=-86884, pv=0.284826, s=0.0891]
  * Maximum Likelihood estimation failed, use Moment Matching instead!
  * Beta parameters: [s1=1.00002, s2=2.87119]
  * Adjusted p-values: [emp=0.562189, beta=0.562449]

Processing phenotype [ENSG00000200141.1] [178/258]
  * #variants in cis = 3
  * Best hit: [id=9_internal_7100, d=-905999, pv=0.13226, s=0.1235]
  * Maximum Likelihood estimation failed, use Moment Matching instead!
  * Beta parameters: [s1=0.999995, s2=3.0588]
  * Adjusted p-values: [emp=0.38806, beta=0.352045]

Processing phenotype [ENSG00000203512.1] [179/258]
  * #variants in cis = 3
  * Best hit: [id=9_internal_9050, d=-90973, pv=0.0143947, s=0.1988]
  * Maximum Likelihood estimation failed, use Moment Matching instead!
  * Beta parameters: [s1=1.00005, s2=3.1352]
  * Adjusted p-values: [emp=0.0298507, beta=0.0428184]

Processing phenotype [ENSG00000203511.3] [180/258]
  * #variants in cis = 3
  * Best hit: [id=9_internal_9050, d=96844, pv=0.143208, s=0.1246]
  * Maximum Likelihood estimation failed, use Moment Matching instead!
  * Beta parameters: [s1=1.00006, s2=2.68158]
  * Adjusted p-values: [emp=0.358209, beta=0.380858]

Processing phenotype [ENSG00000252164.1] [181/258]
  * #variants in cis = 3
  * Best hit: [id=9_internal_7879, d=738220, pv=0.215461, s=-0.1008]
  * Maximum Likelihood estimation failed, use Moment Matching instead!
  * Beta parameters: [s1=1.00001, s2=2.75409]
  * Adjusted p-values: [emp=0.562189, beta=0.537254]

Processing phenotype [ENSG00000233668.1] [182/258]
  * #variants in cis = 3
  * Best hit: [id=9_internal_9050, d=119957, pv=0.0570685, s=0.1525]
  * Maximum Likelihood estimation failed, use Moment Matching instead!
  * Beta parameters: [s1=0.999993, s2=3.26531]
  * Adjusted p-values: [emp=0.144279, beta=0.114857]

Processing phenotype [ENSG00000186638.10] [183/258]
  * #variants in cis = 3
  * Best hit: [id=9_internal_7100, d=-771706, pv=0.477953, s=-0.0558]
  * Maximum Likelihood estimation failed, use Moment Matching instead!
  * Beta parameters: [s1=0.999963, s2=3.95959]
  * Adjusted p-values: [emp=0.885572, beta=0.89995]

Processing phenotype [ENSG00000164978.12] [184/258]
  * #variants in cis = 3
  * Best hit: [id=9_internal_9050, d=-224835, pv=0.056395, s=-0.1561]
  * Maximum Likelihood estimation failed, use Moment Matching instead!
  * Beta parameters: [s1=0.99998, s2=3.23592]
  * Adjusted p-values: [emp=0.179104, beta=0.18337]

Processing phenotype [ENSG00000164976.7] [185/258]
  * #variants in cis = 3
  * Best hit: [id=9_internal_9050, d=272182, pv=0.297623, s=-0.0846]
  * Maximum Likelihood estimation failed, use Moment Matching instead!
  * Beta parameters: [s1=0.999999, s2=3.80389]
  * Adjusted p-values: [emp=0.711443, beta=0.712357]

Processing phenotype [ENSG00000164972.7] [186/258]
  * #variants in cis = 3
  * Best hit: [id=9_internal_7100, d=-703074, pv=0.273423, s=0.0832]
  * Maximum Likelihood estimation failed, use Moment Matching instead!
  * Beta parameters: [s1=1, s2=3.15425]
  * Adjusted p-values: [emp=0.616915, beta=0.629336]

Processing phenotype [ENSG00000122735.11] [187/258]
  * #variants in cis = 3
  * Best hit: [id=9_internal_7100, d=643492, pv=0.553715, s=-0.0499]
  * Maximum Likelihood estimation failed, use Moment Matching instead!
  * Beta parameters: [s1=0.999984, s2=3.13666]
  * Adjusted p-values: [emp=0.915423, beta=0.912786]

Processing phenotype [ENSG00000164970.10] [188/258]
  * #variants in cis = 3
  * Best hit: [id=9_internal_9050, d=353899, pv=0.457368, s=-0.0609]
  * Maximum Likelihood estimation failed, use Moment Matching instead!
  * Beta parameters: [s1=1.00005, s2=3.0379]
  * Adjusted p-values: [emp=0.855721, beta=0.849797]

Processing phenotype [ENSG00000230729.1] [189/258]
  * #variants in cis = 2
  * Best hit: [id=9_internal_9050, d=-416856, pv=0.631034, s=-0.0385]
  * Maximum Likelihood estimation failed, use Moment Matching instead!
  * Beta parameters: [s1=1.00003, s2=2.02181]
  * Adjusted p-values: [emp=0.835821, beta=0.852368]

Processing phenotype [ENSG00000168913.6] [190/258]
  * #variants in cis = 2
  * Best hit: [id=9_internal_9050, d=418370, pv=0.244456, s=-0.0904]
  * Maximum Likelihood estimation failed, use Moment Matching instead!
  * Beta parameters: [s1=0.999967, s2=2.00256]
  * Adjusted p-values: [emp=0.363184, beta=0.381713]

Processing phenotype [ENSG00000164967.5] [191/258]
  * #variants in cis = 2
  * Best hit: [id=9_internal_7100, d=-488803, pv=0.0792238, s=-0.1381]
  * Maximum Likelihood estimation failed, use Moment Matching instead!
  * Beta parameters: [s1=0.999973, s2=2.33236]
  * Adjusted p-values: [emp=0.139303, beta=0.140658]

Processing phenotype [ENSG00000137100.10] [192/258]
  * #variants in cis = 2
  * Best hit: [id=9_internal_9050, d=515846, pv=0.451701, s=0.0624]
  * Maximum Likelihood estimation failed, use Moment Matching instead!
  * Beta parameters: [s1=1.00001, s2=1.74457]
  * Adjusted p-values: [emp=0.676617, beta=0.690754]

Processing phenotype [ENSG00000147955.11] [193/258]
  * #variants in cis = 2
  * Best hit: [id=9_internal_7100, d=-463098, pv=0.51588, s=0.0529]
  * Maximum Likelihood estimation failed, use Moment Matching instead!
  * Beta parameters: [s1=0.999984, s2=2.26376]
  * Adjusted p-values: [emp=0.791045, beta=0.77835]

Processing phenotype [ENSG00000213930.6] [194/258]
  * #variants in cis = 2
  * Best hit: [id=9_internal_9050, d=-533461, pv=0.0829484, s=0.1432]
  * Maximum Likelihood estimation failed, use Moment Matching instead!
  * Beta parameters: [s1=0.999987, s2=2.04842]
  * Adjusted p-values: [emp=0.144279, beta=0.163586]

Processing phenotype [ENSG00000258728.1] [195/258]
  * #variants in cis = 2
  * Best hit: [id=9_internal_7100, d=454262, pv=0.48569, s=0.0574]
  * Maximum Likelihood estimation failed, use Moment Matching instead!
  * Beta parameters: [s1=1.00002, s2=2.02599]
  * Adjusted p-values: [emp=0.731343, beta=0.742905]

Processing phenotype [ENSG00000137070.12] [196/258]
  * #variants in cis = 2
  * Best hit: [id=9_internal_9050, d=-546030, pv=0.323798, s=-0.0824]
  * Maximum Likelihood estimation failed, use Moment Matching instead!
  * Beta parameters: [s1=0.999965, s2=1.62089]
  * Adjusted p-values: [emp=0.492537, beta=0.48469]

Processing phenotype [ENSG00000213927.3] [197/258]
  * #variants in cis = 2
  * Best hit: [id=9_internal_7100, d=-436859, pv=0.452629, s=0.0610]
  * Maximum Likelihood estimation failed, use Moment Matching instead!
  * Beta parameters: [s1=1.00003, s2=2.14886]
  * Adjusted p-values: [emp=0.706468, beta=0.703465]

Processing phenotype [ENSG00000230074.1] [198/258]
  * #variants in cis = 2
  * Best hit: [id=9_internal_7100, d=435242, pv=0.105815, s=-0.1328]
  * Maximum Likelihood estimation failed, use Moment Matching instead!
  * Beta parameters: [s1=0.999966, s2=2.23738]
  * Adjusted p-values: [emp=0.164179, beta=0.163544]

Processing phenotype [ENSG00000261215.1] [199/258]
  * #variants in cis = 2
  * Best hit: [id=9_internal_7100, d=-434878, pv=0.595461, s=-0.0427]
  * Maximum Likelihood estimation failed, use Moment Matching instead!
  * Beta parameters: [s1=0.999969, s2=1.67997]
  * Adjusted p-values: [emp=0.820896, beta=0.79535]

Processing phenotype [ENSG00000187186.10] [200/258]
  * #variants in cis = 2
  * Best hit: [id=9_internal_7100, d=-434795, pv=0.478012, s=-0.0563]
  * Maximum Likelihood estimation failed, use Moment Matching instead!
  * Beta parameters: [s1=0.99999, s2=1.99224]
  * Adjusted p-values: [emp=0.731343, beta=0.739141]

Processing phenotype [ENSG00000122733.9] [201/258]
  * #variants in cis = 4
  * Best hit: [id=9_internal_9050, d=-852815, pv=0.382336, s=-0.0716]
  * Maximum Likelihood estimation failed, use Moment Matching instead!
  * Beta parameters: [s1=0.999989, s2=3.76401]
  * Adjusted p-values: [emp=0.875622, beta=0.852552]

Processing phenotype [ENSG00000137094.10] [202/258]
  * #variants in cis = 4
  * Best hit: [id=9_internal_7100, d=111266, pv=0.499777, s=-0.0555]
  * Maximum Likelihood estimation failed, use Moment Matching instead!
  * Beta parameters: [s1=0.999955, s2=4.17493]
  * Adjusted p-values: [emp=0.960199, beta=0.949595]

Processing phenotype [ENSG00000233148.2] [203/258]
  * #variants in cis = 4
  * Best hit: [id=9_internal_8302, d=692382, pv=0.277382, s=-0.0889]
  * Maximum Likelihood estimation failed, use Moment Matching instead!
  * Beta parameters: [s1=1.00005, s2=4.15548]
  * Adjusted p-values: [emp=0.741294, beta=0.738784]

Processing phenotype [ENSG00000174038.8] [204/258]
  * #variants in cis = 4
  * Best hit: [id=9_internal_8302, d=661990, pv=0.277107, s=0.0847]
  * Maximum Likelihood estimation failed, use Moment Matching instead!
  * Beta parameters: [s1=1.00001, s2=4.24146]
  * Adjusted p-values: [emp=0.706468, beta=0.688274]

Processing phenotype [ENSG00000269510.1] [205/258]
  * #variants in cis = 4
  * Best hit: [id=9_internal_9050, d=938155, pv=0.144464, s=0.1126]
  * Maximum Likelihood estimation failed, use Moment Matching instead!
  * Beta parameters: [s1=1.00004, s2=4.72915]
  * Adjusted p-values: [emp=0.383085, beta=0.40495]

Processing phenotype [ENSG00000241568.2] [206/258]
  * #variants in cis = 4
  * Best hit: [id=9_internal_7100, d=51636, pv=0.175115, s=-0.1077]
  * Maximum Likelihood estimation failed, use Moment Matching instead!
  * Beta parameters: [s1=0.999983, s2=3.79162]
  * Adjusted p-values: [emp=0.527363, beta=0.54293]

Processing phenotype [ENSG00000165280.11] [207/258]
  * #variants in cis = 4
  * Best hit: [id=9_internal_8302, d=-629836, pv=0.151703, s=0.1084]
  * Maximum Likelihood estimation failed, use Moment Matching instead!
  * Beta parameters: [s1=1.00006, s2=3.30515]
  * Adjusted p-values: [emp=0.477612, beta=0.485376]

Processing phenotype [ENSG00000221829.5] [208/258]
  * #variants in cis = 4
  * Best hit: [id=9_internal_8302, d=-623069, pv=0.0619127, s=-0.1454]
  * Maximum Likelihood estimation failed, use Moment Matching instead!
  * Beta parameters: [s1=1.00004, s2=4.66356]
  * Adjusted p-values: [emp=0.223881, beta=0.197422]

Processing phenotype [ENSG00000234181.1] [209/258]
  * #variants in cis = 4
  * Best hit: [id=9_internal_9128, d=816129, pv=0.0751525, s=0.1422]
  * Maximum Likelihood estimation failed, use Moment Matching instead!
  * Beta parameters: [s1=0.999992, s2=4.10982]
  * Adjusted p-values: [emp=0.263682, beta=0.278114]

Processing phenotype [ENSG00000165282.8] [210/258]
  * #variants in cis = 4
  * Best hit: [id=9_internal_8302, d=-606491, pv=0.0762896, s=0.1406]
  * Maximum Likelihood estimation failed, use Moment Matching instead!
  * Beta parameters: [s1=0.999984, s2=3.50121]
  * Adjusted p-values: [emp=0.328358, beta=0.338578]

Processing phenotype [ENSG00000165283.10] [211/258]
  * #variants in cis = 4
  * Best hit: [id=9_internal_9050, d=998485, pv=0.247774, s=0.0922]
  * Maximum Likelihood estimation failed, use Moment Matching instead!
  * Beta parameters: [s1=1.00002, s2=4.72598]
  * Adjusted p-values: [emp=0.701493, beta=0.724487]

Processing phenotype [ENSG00000005238.13] [212/258]
  * #variants in cis = 3
  * Best hit: [id=9_internal_8302, d=-587083, pv=0.62009, s=0.0386]
  * Maximum Likelihood estimation failed, use Moment Matching instead!
  * Beta parameters: [s1=1.00002, s2=2.73922]
  * Adjusted p-values: [emp=0.930348, beta=0.934298]

Processing phenotype [ENSG00000198722.8] [213/258]
  * #variants in cis = 3
  * Best hit: [id=9_internal_9128, d=750505, pv=0.0192913, s=-0.1798]
  * Maximum Likelihood estimation failed, use Moment Matching instead!
  * Beta parameters: [s1=1.00001, s2=2.58467]
  * Adjusted p-values: [emp=0.0447761, beta=0.0820373]

Processing phenotype [ENSG00000198853.7] [214/258]
  * #variants in cis = 3
  * Best hit: [id=9_internal_7100, d=-372867, pv=0.367086, s=0.0720]
  * Maximum Likelihood estimation failed, use Moment Matching instead!
  * Beta parameters: [s1=0.999986, s2=3.62407]
  * Adjusted p-values: [emp=0.761194, beta=0.755331]

Processing phenotype [ENSG00000235619.1] [215/258]
  * #variants in cis = 3
  * Best hit: [id=9_internal_9128, d=404943, pv=0.263825, s=0.0916]
  * Maximum Likelihood estimation failed, use Moment Matching instead!
  * Beta parameters: [s1=0.999966, s2=3.32596]
  * Adjusted p-values: [emp=0.61194, beta=0.612623]

Processing phenotype [ENSG00000215187.5] [216/258]
  * #variants in cis = 3
  * Best hit: [id=9_internal_9128, d=-348608, pv=0.204899, s=-0.1011]
  * Maximum Likelihood estimation failed, use Moment Matching instead!
  * Beta parameters: [s1=1.00004, s2=3.25795]
  * Adjusted p-values: [emp=0.547264, beta=0.5516]

Processing phenotype [ENSG00000107140.10] [217/258]
  * #variants in cis = 3
  * Best hit: [id=9_internal_8302, d=97715, pv=0.427359, s=0.0620]
  * Maximum Likelihood estimation failed, use Moment Matching instead!
  * Beta parameters: [s1=0.999965, s2=2.69922]
  * Adjusted p-values: [emp=0.78607, beta=0.785284]

Processing phenotype [ENSG00000231393.1] [218/258]
  * #variants in cis = 3
  * Best hit: [id=9_internal_9128, d=269993, pv=0.330091, s=0.0747]
  * Maximum Likelihood estimation failed, use Moment Matching instead!
  * Beta parameters: [s1=0.999952, s2=3.23161]
  * Adjusted p-values: [emp=0.726368, beta=0.713969]

Processing phenotype [ENSG00000227933.1] [219/258]
  * #variants in cis = 3
  * Best hit: [id=9_internal_7100, d=-529010, pv=0.0344247, s=0.1668]
  * Maximum Likelihood estimation failed, use Moment Matching instead!
  * Beta parameters: [s1=0.99996, s2=3.30332]
  * Adjusted p-values: [emp=0.109453, beta=0.0997473]

Processing phenotype [ENSG00000137101.7] [220/258]
  * #variants in cis = 3
  * Best hit: [id=9_internal_7100, d=529550, pv=0.441896, s=0.0589]
  * Maximum Likelihood estimation failed, use Moment Matching instead!
  * Beta parameters: [s1=1.00002, s2=2.77618]
  * Adjusted p-values: [emp=0.865672, beta=0.847252]

Processing phenotype [ENSG00000137078.4] [221/258]
  * #variants in cis = 3
  * Best hit: [id=9_internal_8302, d=-52145, pv=0.0526908, s=-0.1581]
  * Maximum Likelihood estimation failed, use Moment Matching instead!
  * Beta parameters: [s1=0.999976, s2=3.00901]
  * Adjusted p-values: [emp=0.149254, beta=0.149781]

Processing phenotype [ENSG00000199916.1] [222/258]
  * #variants in cis = 3
  * Best hit: [id=9_internal_7100, d=540757, pv=0.0419111, s=-0.1543]
  * Maximum Likelihood estimation failed, use Moment Matching instead!
  * Beta parameters: [s1=1.00004, s2=2.53137]
  * Adjusted p-values: [emp=0.149254, beta=0.164255]

Processing phenotype [ENSG00000159884.7] [223/258]
  * #variants in cis = 3
  * Best hit: [id=9_internal_7100, d=-541044, pv=0.110233, s=-0.1195]
  * Maximum Likelihood estimation failed, use Moment Matching instead!
  * Beta parameters: [s1=0.999962, s2=2.54203]
  * Adjusted p-values: [emp=0.303483, beta=0.293087]

Processing phenotype [ENSG00000137135.12] [224/258]
  * #variants in cis = 3
  * Best hit: [id=9_internal_8302, d=-27219, pv=0.123479, s=0.1151]
  * Maximum Likelihood estimation failed, use Moment Matching instead!
  * Beta parameters: [s1=0.99997, s2=2.60352]
  * Adjusted p-values: [emp=0.39801, beta=0.394086]

Processing phenotype [ENSG00000198467.7] [225/258]
  * #variants in cis = 3
  * Best hit: [id=9_internal_8302, d=-12065, pv=0.387025, s=0.0693]
  * Maximum Likelihood estimation failed, use Moment Matching instead!
  * Beta parameters: [s1=1.00004, s2=3.19324]
  * Adjusted p-values: [emp=0.766169, beta=0.786015]

Processing phenotype [ENSG00000107175.6] [226/258]
  * #variants in cis = 3
  * Best hit: [id=9_internal_7100, d=-615075, pv=0.00459294, s=-0.2302]
  * Maximum Likelihood estimation failed, use Moment Matching instead!
  * Beta parameters: [s1=1.00004, s2=3.46237]
  * Adjusted p-values: [emp=0.0149254, beta=0.00918624]

Processing phenotype [ENSG00000137076.12] [227/258]
  * #variants in cis = 3
  * Best hit: [id=9_internal_8302, d=19180, pv=0.233902, s=-0.0920]
  * Maximum Likelihood estimation failed, use Moment Matching instead!
  * Beta parameters: [s1=1.00002, s2=2.35731]
  * Adjusted p-values: [emp=0.59204, beta=0.581633]

Processing phenotype [ENSG00000107185.8] [228/258]
  * #variants in cis = 3
  * Best hit: [id=9_internal_7100, d=-631946, pv=0.0368892, s=-0.1693]
  * Maximum Likelihood estimation failed, use Moment Matching instead!
  * Beta parameters: [s1=0.999962, s2=3.14449]
  * Adjusted p-values: [emp=0.079602, beta=0.108365]

Processing phenotype [ENSG00000070610.10] [229/258]
  * #variants in cis = 3
  * Best hit: [id=9_internal_7100, d=632726, pv=0.0497231, s=-0.1588]
  * Maximum Likelihood estimation failed, use Moment Matching instead!
  * Beta parameters: [s1=1.00002, s2=2.99274]
  * Adjusted p-values: [emp=0.139303, beta=0.154377]

Processing phenotype [ENSG00000215183.4] [230/258]
  * #variants in cis = 3
  * Best hit: [id=9_internal_7100, d=639353, pv=0.0480331, s=-0.1594]
  * Maximum Likelihood estimation failed, use Moment Matching instead!
  * Beta parameters: [s1=1.00005, s2=2.79897]
  * Adjusted p-values: [emp=0.144279, beta=0.140632]

Processing phenotype [ENSG00000228843.1] [231/258]
  * #variants in cis = 3
  * Best hit: [id=9_internal_7100, d=640680, pv=0.199006, s=-0.1051]
  * Maximum Likelihood estimation failed, use Moment Matching instead!
  * Beta parameters: [s1=1, s2=2.99814]
  * Adjusted p-values: [emp=0.517413, beta=0.526271]

Processing phenotype [ENSG00000227388.2] [232/258]
  * #variants in cis = 3
  * Best hit: [id=9_internal_8302, d=-58948, pv=0.0488674, s=-0.1566]
  * Maximum Likelihood estimation failed, use Moment Matching instead!
  * Beta parameters: [s1=1.00002, s2=3.03486]
  * Adjusted p-values: [emp=0.0995025, beta=0.130886]

Processing phenotype [ENSG00000159899.10] [233/258]
  * #variants in cis = 3
  * Best hit: [id=9_internal_7100, d=-674894, pv=0.050426, s=-0.1591]
  * Maximum Likelihood estimation failed, use Moment Matching instead!
  * Beta parameters: [s1=1.00004, s2=2.84784]
  * Adjusted p-values: [emp=0.159204, beta=0.153647]

Processing phenotype [ENSG00000137098.9] [234/258]
  * #variants in cis = 3
  * Best hit: [id=9_internal_8302, d=99057, pv=0.459432, s=0.0609]
  * Maximum Likelihood estimation failed, use Moment Matching instead!
  * Beta parameters: [s1=1.00003, s2=3.51145]
  * Adjusted p-values: [emp=0.860697, beta=0.860956]

Processing phenotype [ENSG00000137103.11] [235/258]
  * #variants in cis = 3
  * Best hit: [id=9_internal_9128, d=98056, pv=0.0365886, s=0.1604]
  * Maximum Likelihood estimation failed, use Moment Matching instead!
  * Beta parameters: [s1=0.999985, s2=2.94794]
  * Adjusted p-values: [emp=0.129353, beta=0.126913]

Processing phenotype [ENSG00000137133.5] [236/258]
  * #variants in cis = 3
  * Best hit: [id=9_internal_7100, d=698094, pv=0.244037, s=0.0914]
  * Maximum Likelihood estimation failed, use Moment Matching instead!
  * Beta parameters: [s1=0.999969, s2=2.76945]
  * Adjusted p-values: [emp=0.58209, beta=0.572651]

Processing phenotype [ENSG00000204930.5] [237/258]
  * #variants in cis = 3
  * Best hit: [id=9_internal_9128, d=-83760, pv=0.269397, s=0.0858]
  * Maximum Likelihood estimation failed, use Moment Matching instead!
  * Beta parameters: [s1=0.999991, s2=2.91081]
  * Adjusted p-values: [emp=0.661692, beta=0.647916]

Processing phenotype [ENSG00000236083.1] [238/258]
  * #variants in cis = 3
  * Best hit: [id=9_internal_9128, d=-52524, pv=0.0135603, s=0.1897]
  * Maximum Likelihood estimation failed, use Moment Matching instead!
  * Beta parameters: [s1=1.00002, s2=3.35453]
  * Adjusted p-values: [emp=0.0348259, beta=0.0192689]

Processing phenotype [ENSG00000213866.3] [239/258]
  * #variants in cis = 3
  * Best hit: [id=9_internal_9128, d=16987, pv=0.262933, s=0.0902]
  * Maximum Likelihood estimation failed, use Moment Matching instead!
  * Beta parameters: [s1=0.999988, s2=2.74712]
  * Adjusted p-values: [emp=0.587065, beta=0.567766]

Processing phenotype [ENSG00000122707.7] [240/258]
  * #variants in cis = 4
  * Best hit: [id=9_internal_7100, d=-919173, pv=0.698862, s=0.0316]
  * Maximum Likelihood estimation failed, use Moment Matching instead!
  * Beta parameters: [s1=1.00002, s2=3.22275]
  * Adjusted p-values: [emp=0.985075, beta=0.983623]

Processing phenotype [ENSG00000122694.10] [241/258]
  * #variants in cis = 4
  * Best hit: [id=9_internal_9128, d=-181402, pv=0.152191, s=-0.1134]
  * Maximum Likelihood estimation failed, use Moment Matching instead!
  * Beta parameters: [s1=0.999984, s2=3.36844]
  * Adjusted p-values: [emp=0.462687, beta=0.446505]

Processing phenotype [ENSG00000185972.4] [242/258]
  * #variants in cis = 4
  * Best hit: [id=9_internal_8302, d=-456177, pv=0.0803625, s=0.1380]
  * Maximum Likelihood estimation failed, use Moment Matching instead!
  * Beta parameters: [s1=1.00002, s2=4.48354]
  * Adjusted p-values: [emp=0.303483, beta=0.305518]

Processing phenotype [ENSG00000122705.10] [243/258]
  * #variants in cis = 4
  * Best hit: [id=9_internal_8302, d=-477641, pv=0.137253, s=0.1129]
  * Maximum Likelihood estimation failed, use Moment Matching instead!
  * Beta parameters: [s1=1.00003, s2=4.28612]
  * Adjusted p-values: [emp=0.39801, beta=0.381445]

Processing phenotype [ENSG00000159921.9] [244/258]
  * #variants in cis = 4
  * Best hit: [id=9_internal_6547, d=-802094, pv=0.406687, s=-0.0649]
  * Maximum Likelihood estimation failed, use Moment Matching instead!
  * Beta parameters: [s1=0.999978, s2=4.4177]
  * Adjusted p-values: [emp=0.885572, beta=0.899594]

Processing phenotype [ENSG00000215283.3] [245/258]
  * #variants in cis = 4
  * Best hit: [id=9_internal_6875, d=-720059, pv=0.146285, s=0.1130]
  * Maximum Likelihood estimation failed, use Moment Matching instead!
  * Beta parameters: [s1=1.00001, s2=3.51589]
  * Adjusted p-values: [emp=0.452736, beta=0.459848]

Processing phenotype [ENSG00000224304.1] [246/258]
  * #variants in cis = 4
  * Best hit: [id=9_internal_9128, d=379641, pv=0.000645874, s=0.2799]
  * Maximum Likelihood estimation failed, use Moment Matching instead!
  * Beta parameters: [s1=1.00001, s2=4.12434]
  * Adjusted p-values: [emp=0.0149254, beta=0.00302815]

Processing phenotype [ENSG00000137075.12] [247/258]
  * #variants in cis = 4
  * Best hit: [id=9_internal_6875, d=-537435, pv=0.350818, s=0.0734]
  * Maximum Likelihood estimation failed, use Moment Matching instead!
  * Beta parameters: [s1=1.00004, s2=4.65829]
  * Adjusted p-values: [emp=0.865672, beta=0.847195]

Processing phenotype [ENSG00000165304.3] [248/258]
  * #variants in cis = 5
  * Best hit: [id=9_internal_8302, d=-859647, pv=0.257331, s=0.0931]
  * Maximum Likelihood estimation failed, use Moment Matching instead!
  * Beta parameters: [s1=1.00001, s2=5.0557]
  * Adjusted p-values: [emp=0.761194, beta=0.789557]

Processing phenotype [ENSG00000196092.8] [249/258]
  * #variants in cis = 3
  * Best hit: [id=9_internal_6547, d=-45044, pv=0.156749, s=-0.1094]
  * Maximum Likelihood estimation failed, use Moment Matching instead!
  * Beta parameters: [s1=0.999976, s2=2.98446]
  * Adjusted p-values: [emp=0.368159, beta=0.374583]

Processing phenotype [ENSG00000233137.2] [250/258]
  * #variants in cis = 3
  * Best hit: [id=9_internal_6875, d=-41257, pv=0.00559643, s=-0.2186]
  * Maximum Likelihood estimation failed, use Moment Matching instead!
  * Beta parameters: [s1=0.999971, s2=2.79136]
  * Adjusted p-values: [emp=0.0248756, beta=0.0265532]

Processing phenotype [ENSG00000147905.12] [251/258]
  * #variants in cis = 3
  * Best hit: [id=9_internal_6547, d=0, pv=0.398092, s=0.0661]
  * Maximum Likelihood estimation failed, use Moment Matching instead!
  * Beta parameters: [s1=1.00004, s2=2.88957]
  * Adjusted p-values: [emp=0.756219, beta=0.77899]

Processing phenotype [ENSG00000200502.1] [252/258]
  * #variants in cis = 3
  * Best hit: [id=9_internal_6804, d=368399, pv=0.215599, s=-0.1012]
  * Maximum Likelihood estimation failed, use Moment Matching instead!
  * Beta parameters: [s1=0.999983, s2=2.96302]
  * Adjusted p-values: [emp=0.487562, beta=0.511331]

Processing phenotype [ENSG00000228292.1] [253/258]
  * #variants in cis = 3
  * Best hit: [id=9_internal_6547, d=83696, pv=0.508952, s=-0.0530]
  * Maximum Likelihood estimation failed, use Moment Matching instead!
  * Beta parameters: [s1=0.999981, s2=3.44965]
  * Adjusted p-values: [emp=0.915423, beta=0.908601]

Processing phenotype [ENSG00000206784.1] [254/258]
  * #variants in cis = 3
  * Best hit: [id=9_internal_6804, d=206277, pv=0.354836, s=-0.0784]
  * Maximum Likelihood estimation failed, use Moment Matching instead!
  * Beta parameters: [s1=0.999994, s2=4.08509]
  * Adjusted p-values: [emp=0.781095, beta=0.77317]

Processing phenotype [ENSG00000137106.12] [255/258]
  * #variants in cis = 3
  * Best hit: [id=9_internal_6547, d=-300994, pv=0.506871, s=0.0518]
  * Maximum Likelihood estimation failed, use Moment Matching instead!
  * Beta parameters: [s1=0.999944, s2=2.4433]
  * Adjusted p-values: [emp=0.840796, beta=0.853568]

Processing phenotype [ENSG00000250559.1] [256/258]
  * #variants in cis = 3
  * Best hit: [id=9_internal_6875, d=-393448, pv=0.311489, s=-0.0770]
  * Maximum Likelihood estimation failed, use Moment Matching instead!
  * Beta parameters: [s1=0.999995, s2=2.54022]
  * Adjusted p-values: [emp=0.651741, beta=0.662524]

Processing phenotype [ENSG00000236156.2] [257/258]
  * #variants in cis = 3
  * Best hit: [id=9_internal_6804, d=94359, pv=0.817151, s=0.0195]
  * Maximum Likelihood estimation failed, use Moment Matching instead!
  * Beta parameters: [s1=1.00002, s2=2.8875]
  * Adjusted p-values: [emp=1, beta=0.99327]

Processing phenotype [ENSG00000264255.1] [258/258]
  * #variants in cis = 3
  * Best hit: [id=9_internal_6875, d=421070, pv=0.295414, s=0.0839]
  * Maximum Likelihood estimation failed, use Moment Matching instead!
  * Beta parameters: [s1=1.00004, s2=2.45951]
  * Adjusted p-values: [emp=0.641791, beta=0.610119]

Running time: 3 seconds
