Sender: LSF System <lsfadmin@cpt10>
Subject: Job 974501: </data/unige/funpopgen/odelanea/SGX/V2/binaries/qtltools/bin/QTLtools cis --vcf /data/unige/funpopgen/grey2/SYSCID/BLUEPRINT_DATA/CRD/THREE_CELL_TYPES/CLOMICS/CELL_TYPE_COMPARISON_GENE_CRD_ASSOCIATIONS/quantify/72_vs_73_ALL.ALLchr.mean.txt.gz --bed /data/unige/funpopgen/grey2/SYSCID/BLUEPRINT_DATA/CRD/THREE_CELL_TYPES/QTL_TOOLS/EGAD00001002674_v3.0/EGAD00001002674_RNA.PC10.bed.gz --nominal /data/unige/funpopgen/grey2/SYSCID/BLUEPRINT_DATA/CRD/THREE_CELL_TYPES/CLOMICS/CELL_TYPE_COMPARISON_GENE_CRD_ASSOCIATIONS/mapping_aCRD_gene/72_vs_73/gene_CRD_mean_permutations.thresholds.txt --chunk 80 100 --out /data/unige/funpopgen/grey2/SYSCID/BLUEPRINT_DATA/CRD/THREE_CELL_TYPES/CLOMICS/CELL_TYPE_COMPARISON_GENE_CRD_ASSOCIATIONS/mapping_aCRD_gene/72_vs_73/mapping_gene_CRD_mean_chunk80\.txt> in cluster <ug> Done

Job </data/unige/funpopgen/odelanea/SGX/V2/binaries/qtltools/bin/QTLtools cis --vcf /data/unige/funpopgen/grey2/SYSCID/BLUEPRINT_DATA/CRD/THREE_CELL_TYPES/CLOMICS/CELL_TYPE_COMPARISON_GENE_CRD_ASSOCIATIONS/quantify/72_vs_73_ALL.ALLchr.mean.txt.gz --bed /data/unige/funpopgen/grey2/SYSCID/BLUEPRINT_DATA/CRD/THREE_CELL_TYPES/QTL_TOOLS/EGAD00001002674_v3.0/EGAD00001002674_RNA.PC10.bed.gz --nominal /data/unige/funpopgen/grey2/SYSCID/BLUEPRINT_DATA/CRD/THREE_CELL_TYPES/CLOMICS/CELL_TYPE_COMPARISON_GENE_CRD_ASSOCIATIONS/mapping_aCRD_gene/72_vs_73/gene_CRD_mean_permutations.thresholds.txt --chunk 80 100 --out /data/unige/funpopgen/grey2/SYSCID/BLUEPRINT_DATA/CRD/THREE_CELL_TYPES/CLOMICS/CELL_TYPE_COMPARISON_GENE_CRD_ASSOCIATIONS/mapping_aCRD_gene/72_vs_73/mapping_gene_CRD_mean_chunk80\.txt> was submitted from host <cpt01> by user <grey2> in cluster <ug>.
Job was executed on host(s) <cpt10>, in queue <normal>, as user <grey2> in cluster <ug>.
</home/grey2> was used as the home directory.
</data/unige/funpopgen/grey2/SYSCID/BLUEPRINT_DATA/CRD/THREE_CELL_TYPES/CLOMICS/CELL_TYPE_COMPARISON_GENE_CRD_ASSOCIATIONS> was used as the working directory.
Started at Thu Mar 21 13:44:29 2019
Results reported at Thu Mar 21 13:44:34 2019

Your job looked like:

------------------------------------------------------------
# LSBATCH: User input
/data/unige/funpopgen/odelanea/SGX/V2/binaries/qtltools/bin/QTLtools cis --vcf /data/unige/funpopgen/grey2/SYSCID/BLUEPRINT_DATA/CRD/THREE_CELL_TYPES/CLOMICS/CELL_TYPE_COMPARISON_GENE_CRD_ASSOCIATIONS/quantify/72_vs_73_ALL.ALLchr.mean.txt.gz --bed /data/unige/funpopgen/grey2/SYSCID/BLUEPRINT_DATA/CRD/THREE_CELL_TYPES/QTL_TOOLS/EGAD00001002674_v3.0/EGAD00001002674_RNA.PC10.bed.gz --nominal /data/unige/funpopgen/grey2/SYSCID/BLUEPRINT_DATA/CRD/THREE_CELL_TYPES/CLOMICS/CELL_TYPE_COMPARISON_GENE_CRD_ASSOCIATIONS/mapping_aCRD_gene/72_vs_73/gene_CRD_mean_permutations.thresholds.txt --chunk 80 100 --out /data/unige/funpopgen/grey2/SYSCID/BLUEPRINT_DATA/CRD/THREE_CELL_TYPES/CLOMICS/CELL_TYPE_COMPARISON_GENE_CRD_ASSOCIATIONS/mapping_aCRD_gene/72_vs_73/mapping_gene_CRD_mean_chunk80\.txt

------------------------------------------------------------

Successfully completed.

Resource usage summary:

    CPU time :               1.58 sec.
    Max Memory :             3.14 MB
    Average Memory :         3.14 MB
    Total Requested Memory : -
    Delta Memory :           -
    (Delta: the difference between total requested memory and actual max usage.)
    Max Swap :               32 MB

    Max Processes :          1
    Max Threads :            1

The output (if any) follows:


[32mQTLtools[0m
  * Authors : Olivier DELANEAU / Halit ONGEN / Emmanouil DERMITZAKIS
  * Contact : olivier.delaneau@gmail.com / halit.ongen@unige.ch / Emmanouil.Dermitzakis@unige.ch
  * Webpage : https://qtltools.github.io/qtltools/
  * Version : 1.1
  * Date    : 21/03/2019 - 13:44:32
  * Citation: A complete tool set for molecular QTL discovery and analysis, https://doi.org/10.1101/068635

[32mMAPPING QTL IN CIS[0m
  * TASK: Report all nominal associations with p below thresholds in [/data/unige/funpopgen/grey2/SYSCID/BLUEPRINT_DATA/CRD/THREE_CELL_TYPES/CLOMICS/CELL_TYPE_COMPARISON_GENE_CRD_ASSOCIATIONS/mapping_aCRD_gene/72_vs_73/gene_CRD_mean_permutations.thresholds.txt]
  * Linear model: Phe ~ Var
  * Cis-window size is 1000000 bp
  * Chunk = [80/100]

Scanning phenotype data in [/data/unige/funpopgen/grey2/SYSCID/BLUEPRINT_DATA/CRD/THREE_CELL_TYPES/QTL_TOOLS/EGAD00001002674_v3.0/EGAD00001002674_RNA.PC10.bed.gz]
  * 26159 phenotypes included
  * 13004 phenotypes are on the negative strand

Initialize random number generator
  * Built-in seed is 15112011
  * First Integer = 30554
  * First Double = 0.0126695

Reading sample list from [/data/unige/funpopgen/grey2/SYSCID/BLUEPRINT_DATA/CRD/THREE_CELL_TYPES/QTL_TOOLS/EGAD00001002674_v3.0/EGAD00001002674_RNA.PC10.bed.gz]
  * #samples = 194

Reading sample list from [/data/unige/funpopgen/grey2/SYSCID/BLUEPRINT_DATA/CRD/THREE_CELL_TYPES/CLOMICS/CELL_TYPE_COMPARISON_GENE_CRD_ASSOCIATIONS/quantify/72_vs_73_ALL.ALLchr.mean.txt.gz]
  * #samples = 160

Merging sample sets from all input files
  * #files = 2
  * #samples in all files = 158
  * #samples NOT in all files (i.e. ignored) = 38

Reading phenotype data in [/data/unige/funpopgen/grey2/SYSCID/BLUEPRINT_DATA/CRD/THREE_CELL_TYPES/QTL_TOOLS/EGAD00001002674_v3.0/EGAD00001002674_RNA.PC10.bed.gz]
  * target region [19:18303992-35771619]
  * 229 phenotypes included
  * 104 phenotypes are on the negative strand

Reading genotype data in [/data/unige/funpopgen/grey2/SYSCID/BLUEPRINT_DATA/CRD/THREE_CELL_TYPES/CLOMICS/CELL_TYPE_COMPARISON_GENE_CRD_ASSOCIATIONS/quantify/72_vs_73_ALL.ALLchr.mean.txt.gz]
  * File format detected: BED
  * 158 samples included
  * 4 samples without phenotype data
  * target region [19:17303992-36771619]
  * 32 variants included

Reading nominal thresholds in [/data/unige/funpopgen/grey2/SYSCID/BLUEPRINT_DATA/CRD/THREE_CELL_TYPES/CLOMICS/CELL_TYPE_COMPARISON_GENE_CRD_ASSOCIATIONS/mapping_aCRD_gene/72_vs_73/gene_CRD_mean_permutations.thresholds.txt]
  * #phenotypes set = 229

Processing phenotype [ENSG00000254858.3] [1/229]
  * #variants in cis = 7
  * Best hit: [id=19_internal_5869, d=96400, pv=0.0769361, s=-0.1374]

Processing phenotype [ENSG00000105649.4] [2/229]
  * #variants in cis = 7
  * Best hit: [id=19_internal_5928, d=144959, pv=0.164652, s=-0.1135]

Processing phenotype [ENSG00000105650.14] [3/229]
  * #variants in cis = 7
  * Best hit: [id=19_internal_5869, d=-34163, pv=0.201802, s=-0.1028]

Processing phenotype [ENSG00000130518.9] [4/229]
  * #variants in cis = 7
  * Best hit: [id=19_internal_5928, d=215394, pv=0.0493188, s=-0.1518]

Processing phenotype [ENSG00000130522.4] [5/229]
  * #variants in cis = 7
  * Best hit: [id=19_internal_5928, d=222507, pv=0.0387532, s=-0.1570]

Processing phenotype [ENSG00000267959.1] [6/229]
  * #variants in cis = 7
  * Best hit: [id=19_internal_6092, d=132553, pv=0.150484, s=0.1194]

Processing phenotype [ENSG00000241464.2] [7/229]
  * #variants in cis = 7
  * Best hit: [id=19_internal_6649, d=481402, pv=0.03384, s=0.1703]

Processing phenotype [ENSG00000130520.4] [8/229]
  * #variants in cis = 7
  * Best hit: [id=19_internal_6815, d=831231, pv=0.179725, s=0.1065]

Processing phenotype [ENSG00000130517.6] [9/229]
  * #variants in cis = 7
  * Best hit: [id=19_internal_7343, d=-314934, pv=0.0485287, s=-0.1585]

Processing phenotype [ENSG00000130513.4] [10/229]
  * #variants in cis = 7
  * Best hit: [id=19_internal_6649, d=-570637, pv=0.419973, s=-0.0667]

Processing phenotype [ENSG00000264175.1] [11/229]
  * #variants in cis = 7
  * Best hit: [id=19_internal_6649, d=-582468, pv=0.0910718, s=0.1379]

Processing phenotype [ENSG00000175489.7] [12/229]
  * #variants in cis = 7
  * Best hit: [id=19_internal_5869, d=88374, pv=0.0558442, s=-0.1383]

Processing phenotype [ENSG00000130511.9] [13/229]
  * #variants in cis = 6
  * Best hit: [id=19_internal_6815, d=-926821, pv=0.0756699, s=-0.1336]

Processing phenotype [ENSG00000105655.12] [14/229]
  * #variants in cis = 6
  * Best hit: [id=19_internal_5869, d=129058, pv=0.39029, s=0.0648]

Processing phenotype [ENSG00000268199.1] [15/229]
  * #variants in cis = 6
  * Best hit: [id=19_internal_5928, d=-381995, pv=0.0493912, s=0.1526]

Processing phenotype [ENSG00000256989.1] [16/229]
  * #variants in cis = 6
  * Best hit: [id=19_internal_5869, d=134416, pv=0.145931, s=0.1185]

Processing phenotype [ENSG00000105656.6] [17/229]
  * #variants in cis = 5
  * Best hit: [id=19_internal_7343, d=496474, pv=0.035493, s=-0.1672]

Processing phenotype [ENSG00000268938.1] [18/229]
  * #variants in cis = 5
  * Best hit: [id=19_internal_6649, d=-727324, pv=0.101066, s=-0.1309]

Processing phenotype [ENSG00000269191.1] [19/229]
  * #variants in cis = 5
  * Best hit: [id=19_internal_7343, d=-507255, pv=0.275479, s=-0.0876]

Processing phenotype [ENSG00000105701.8] [20/229]
  * #variants in cis = 5
  * Best hit: [id=19_internal_6092, d=113803, pv=0.174687, s=0.1076]

Processing phenotype [ENSG00000105700.6] [21/229]
  * #variants in cis = 5
  * Best hit: [id=19_internal_6649, d=-753668, pv=0.296994, s=-0.0815]

Processing phenotype [ENSG00000268030.1] [22/229]
  * #variants in cis = 5
  * Best hit: [id=19_internal_5869, d=252317, pv=0.471089, s=-0.0530]

Processing phenotype [ENSG00000268983.1] [23/229]
  * #variants in cis = 5
  * Best hit: [id=19_internal_5928, d=510260, pv=0.137703, s=-0.1187]

Processing phenotype [ENSG00000221983.3] [24/229]
  * #variants in cis = 5
  * Best hit: [id=19_internal_5869, d=-262487, pv=0.0882429, s=-0.1364]

Processing phenotype [ENSG00000006015.13] [25/229]
  * #variants in cis = 5
  * Best hit: [id=19_internal_6649, d=-784591, pv=0.501714, s=0.0532]

Processing phenotype [ENSG00000006016.6] [26/229]
  * #variants in cis = 7
  * Best hit: [id=19_internal_6649, d=803647, pv=0.020349, s=0.1814]

Processing phenotype [ENSG00000167487.7] [27/229]
  * #variants in cis = 7
  * Best hit: [id=19_internal_5928, d=-577850, pv=0.13194, s=-0.1164]

Processing phenotype [ENSG00000105662.11] [28/229]
  * #variants in cis = 7
  * Best hit: [id=19_internal_6485, d=910594, pv=0.0427311, s=-0.1595]

Processing phenotype [ENSG00000105664.6] [29/229]
  * #variants in cis = 8
  * Best hit: [id=19_internal_7343, d=765660, pv=0.138982, s=-0.1144]

Processing phenotype [ENSG00000005007.8] [30/229]
  * #variants in cis = 8
  * Best hit: [id=19_internal_5934, d=764471, pv=0.0505942, s=0.1557]

Processing phenotype [ENSG00000130283.7] [31/229]
  * #variants in cis = 8
  * Best hit: [id=19_internal_7580, d=-913176, pv=0.11065, s=-0.1312]

Processing phenotype [ENSG00000223802.3] [32/229]
  * #variants in cis = 8
  * Best hit: [id=19_internal_7580, d=-912545, pv=0.10778, s=-0.1328]

Processing phenotype [ENSG00000105669.8] [33/229]
  * #variants in cis = 8
  * Best hit: [id=19_internal_6092, d=489146, pv=0.157618, s=0.1084]

Processing phenotype [ENSG00000105671.7] [34/229]
  * #variants in cis = 8
  * Best hit: [id=19_internal_5928, d=-860559, pv=0.00566201, s=-0.2087]

Processing phenotype [ENSG00000268193.1] [35/229]
  * #variants in cis = 8
  * Best hit: [id=19_internal_5928, d=875281, pv=0.0265442, s=-0.1733]

Processing phenotype [ENSG00000269019.1] [36/229]
  * #variants in cis = 8
  * Best hit: [id=19_internal_5934, d=656087, pv=0.330114, s=0.0803]

Processing phenotype [ENSG00000051128.14] [37/229]
  * #variants in cis = 8
  * Best hit: [id=19_internal_7343, d=915607, pv=0.162147, s=-0.1162]

Processing phenotype [ENSG00000269131.1] [38/229]
  * #variants in cis = 8
  * Best hit: [id=19_internal_6092, d=-560642, pv=0.197086, s=-0.1016]

Processing phenotype [ENSG00000105676.8] [39/229]
  * #variants in cis = 7
  * Best hit: [id=19_internal_6092, d=-603324, pv=0.0371253, s=0.1643]

Processing phenotype [ENSG00000064607.12] [40/229]
  * #variants in cis = 7
  * Best hit: [id=19_internal_6485, d=-560249, pv=0.209136, s=-0.0983]

Processing phenotype [ENSG00000181035.9] [41/229]
  * #variants in cis = 6
  * Best hit: [id=19_internal_6485, d=530273, pv=0.322816, s=0.0783]

Processing phenotype [ENSG00000064545.9] [42/229]
  * #variants in cis = 6
  * Best hit: [id=19_internal_6485, d=-455759, pv=0.345755, s=0.0753]

Processing phenotype [ENSG00000064489.15] [43/229]
  * #variants in cis = 9
  * Best hit: [id=19_internal_5869, d=882884, pv=0.0379431, s=-0.1586]

Processing phenotype [ENSG00000064490.7] [44/229]
  * #variants in cis = 9
  * Best hit: [id=19_internal_8312, d=969822, pv=0.00268798, s=0.2226]

Processing phenotype [ENSG00000213999.8] [45/229]
  * #variants in cis = 9
  * Best hit: [id=19_internal_5869, d=883347, pv=0.0666739, s=-0.1393]

Processing phenotype [ENSG00000254901.2] [46/229]
  * #variants in cis = 9
  * Best hit: [id=19_internal_5869, d=883372, pv=0.105134, s=-0.1182]

Processing phenotype [ENSG00000184162.8] [47/229]
  * #variants in cis = 9
  * Best hit: [id=19_internal_8312, d=-958610, pv=0.0696993, s=0.1452]

Processing phenotype [ENSG00000267266.1] [48/229]
  * #variants in cis = 9
  * Best hit: [id=19_internal_5934, d=-287552, pv=0.0844801, s=-0.1355]

Processing phenotype [ENSG00000129933.13] [49/229]
  * #variants in cis = 8
  * Best hit: [id=19_internal_5934, d=275728, pv=0.0657946, s=0.1435]

Processing phenotype [ENSG00000105705.9] [50/229]
  * #variants in cis = 8
  * Best hit: [id=19_internal_6485, d=-272958, pv=0.181897, s=0.1047]

Processing phenotype [ENSG00000167491.11] [51/229]
  * #variants in cis = 8
  * Best hit: [id=19_internal_6457, d=346305, pv=0.0422287, s=0.1670]

Processing phenotype [ENSG00000267234.1] [52/229]
  * #variants in cis = 8
  * Best hit: [id=19_internal_8312, d=-759418, pv=0.111338, s=0.1278]

Processing phenotype [ENSG00000207821.1] [53/229]
  * #variants in cis = 7
  * Best hit: [id=19_internal_5934, d=161346, pv=0.108757, s=0.1246]

Processing phenotype [ENSG00000213993.2] [54/229]
  * #variants in cis = 7
  * Best hit: [id=19_internal_5934, d=156407, pv=0.302786, s=0.0833]

Processing phenotype [ENSG00000267171.1] [55/229]
  * #variants in cis = 7
  * Best hit: [id=19_internal_8312, d=657743, pv=0.0186215, s=-0.1936]

Processing phenotype [ENSG00000186010.10] [56/229]
  * #variants in cis = 7
  * Best hit: [id=19_internal_6485, d=78536, pv=0.304725, s=-0.0829]

Processing phenotype [ENSG00000178093.9] [57/229]
  * #variants in cis = 7
  * Best hit: [id=19_internal_7329, d=-650530, pv=0.0772843, s=0.1410]

Processing phenotype [ENSG00000250067.4] [58/229]
  * #variants in cis = 7
  * Best hit: [id=19_internal_7580, d=293045, pv=0.212562, s=0.0987]

Processing phenotype [ENSG00000258674.2] [59/229]
  * #variants in cis = 7
  * Best hit: [id=19_internal_6485, d=78045, pv=0.24242, s=-0.0936]

Processing phenotype [ENSG00000259242.1] [60/229]
  * #variants in cis = 7
  * Best hit: [id=19_internal_8312, d=556140, pv=0.00522051, s=0.2237]

Processing phenotype [ENSG00000105717.6] [61/229]
  * #variants in cis = 7
  * Best hit: [id=19_internal_6485, d=0, pv=0.0163576, s=0.1932]

Processing phenotype [ENSG00000064547.9] [62/229]
  * #variants in cis = 7
  * Best hit: [id=19_internal_6457, d=-103205, pv=0.0366741, s=0.1649]

Processing phenotype [ENSG00000089639.6] [63/229]
  * #variants in cis = 7
  * Best hit: [id=19_internal_5934, d=0, pv=0.012458, s=0.1944]

Processing phenotype [ENSG00000105726.11] [64/229]
  * #variants in cis = 7
  * Best hit: [id=19_internal_7580, d=-145579, pv=0.0351716, s=-0.1678]

Processing phenotype [ENSG00000181896.7] [65/229]
  * #variants in cis = 7
  * Best hit: [id=19_internal_8312, d=493225, pv=0.0156119, s=0.1993]

Processing phenotype [ENSG00000105708.8] [66/229]
  * #variants in cis = 7
  * Best hit: [id=19_internal_6457, d=0, pv=9.77079e-09, s=0.4448]

Processing phenotype [ENSG00000266904.1] [67/229]
  * #variants in cis = 7
  * Best hit: [id=19_internal_6457, d=0, pv=0.00237747, s=0.2504]

Processing phenotype [ENSG00000267419.1] [68/229]
  * #variants in cis = 7
  * Best hit: [id=19_internal_6457, d=0, pv=9.92202e-05, s=0.3140]

Processing phenotype [ENSG00000267481.1] [69/229]
  * #variants in cis = 7
  * Best hit: [id=19_internal_7580, d=-18741, pv=0.000131745, s=0.3114]

Processing phenotype [ENSG00000267581.1] [70/229]
  * #variants in cis = 7
  * Best hit: [id=19_internal_6457, d=0, pv=0.000384921, s=0.2823]

Processing phenotype [ENSG00000081665.9] [71/229]
  * #variants in cis = 7
  * Best hit: [id=19_internal_7329, d=-344974, pv=1.14498e-08, s=0.4536]

Processing phenotype [ENSG00000256771.2] [72/229]
  * #variants in cis = 7
  * Best hit: [id=19_internal_7329, d=300839, pv=3.47173e-06, s=0.3504]

Processing phenotype [ENSG00000267565.1] [73/229]
  * #variants in cis = 7
  * Best hit: [id=19_internal_7329, d=-270878, pv=0.0027146, s=0.2391]

Processing phenotype [ENSG00000184635.9] [74/229]
  * #variants in cis = 7
  * Best hit: [id=19_internal_8735, d=261212, pv=8.13882e-06, s=0.3471]

Processing phenotype [ENSG00000267268.1] [75/229]
  * #variants in cis = 7
  * Best hit: [id=19_internal_6485, d=-280842, pv=0.0185562, s=0.1892]

Processing phenotype [ENSG00000268461.1] [76/229]
  * #variants in cis = 7
  * Best hit: [id=19_internal_7329, d=-228895, pv=0.281081, s=0.0856]

Processing phenotype [ENSG00000268070.1] [77/229]
  * #variants in cis = 7
  * Best hit: [id=19_internal_6457, d=-165550, pv=0.000691561, s=0.2720]

Processing phenotype [ENSG00000197124.7] [78/229]
  * #variants in cis = 7
  * Best hit: [id=19_internal_7329, d=-127219, pv=9.16556e-09, s=0.4399]

Processing phenotype [ENSG00000213988.5] [79/229]
  * #variants in cis = 7
  * Best hit: [id=19_internal_7329, d=88731, pv=1.53838e-13, s=0.5513]

Processing phenotype [ENSG00000224864.3] [80/229]
  * #variants in cis = 7
  * Best hit: [id=19_internal_7329, d=42286, pv=0.00922389, s=0.2048]

Processing phenotype [ENSG00000256229.3] [81/229]
  * #variants in cis = 7
  * Best hit: [id=19_internal_7329, d=0, pv=1.7335e-18, s=0.6327]

Processing phenotype [ENSG00000213985.4] [82/229]
  * #variants in cis = 7
  * Best hit: [id=19_internal_7580, d=-385581, pv=0.11104, s=-0.1274]

Processing phenotype [ENSG00000267383.2] [83/229]
  * #variants in cis = 7
  * Best hit: [id=19_internal_7329, d=0, pv=9.99942e-06, s=0.3451]

Processing phenotype [ENSG00000231205.7] [84/229]
  * #variants in cis = 8
  * Best hit: [id=19_internal_8735, d=0, pv=1.40828e-07, s=0.4146]

Processing phenotype [ENSG00000237440.4] [85/229]
  * #variants in cis = 7
  * Best hit: [id=19_internal_8735, d=0, pv=7.03193e-08, s=0.4138]

Processing phenotype [ENSG00000269110.1] [86/229]
  * #variants in cis = 6
  * Best hit: [id=19_internal_8735, d=0, pv=1.51494e-13, s=0.5634]

Processing phenotype [ENSG00000188171.10] [87/229]
  * #variants in cis = 6
  * Best hit: [id=19_internal_8735, d=0, pv=4.83558e-15, s=0.5872]

Processing phenotype [ENSG00000160229.7] [88/229]
  * #variants in cis = 6
  * Best hit: [id=19_internal_8735, d=0, pv=4.07512e-10, s=0.4813]

Processing phenotype [ENSG00000262934.1] [89/229]
  * #variants in cis = 4
  * Best hit: [id=19_internal_7329, d=0, pv=0.0111018, s=0.2001]

Processing phenotype [ENSG00000105750.10] [90/229]
  * #variants in cis = 5
  * Best hit: [id=19_internal_7329, d=0, pv=6.37363e-09, s=0.4633]

Processing phenotype [ENSG00000118620.8] [91/229]
  * #variants in cis = 5
  * Best hit: [id=19_internal_8735, d=0, pv=8.75588e-09, s=0.4689]

Processing phenotype [ENSG00000265650.1] [92/229]
  * #variants in cis = 5
  * Best hit: [id=19_internal_7008, d=256526, pv=0.00315913, s=0.2346]

Processing phenotype [ENSG00000160352.11] [93/229]
  * #variants in cis = 5
  * Best hit: [id=19_internal_8735, d=0, pv=0.000145431, s=0.3174]

Processing phenotype [ENSG00000256240.1] [94/229]
  * #variants in cis = 5
  * Best hit: [id=19_internal_7329, d=-194264, pv=0.000622135, s=0.2732]

Processing phenotype [ENSG00000268357.1] [95/229]
  * #variants in cis = 5
  * Best hit: [id=19_internal_8735, d=0, pv=0.015073, s=0.1995]

Processing phenotype [ENSG00000196705.4] [96/229]
  * #variants in cis = 5
  * Best hit: [id=19_internal_7329, d=-217770, pv=6.35688e-10, s=0.4884]

Processing phenotype [ENSG00000240522.1] [97/229]
  * #variants in cis = 5
  * Best hit: [id=19_internal_7329, d=226184, pv=0.000413557, s=0.2833]

Processing phenotype [ENSG00000268995.1] [98/229]
  * #variants in cis = 5
  * Best hit: [id=19_internal_7008, d=123934, pv=0.000220102, s=0.2883]

Processing phenotype [ENSG00000268521.1] [99/229]
  * #variants in cis = 5
  * Best hit: [id=19_internal_7008, d=-22535, pv=2.08275e-19, s=0.6314]

Processing phenotype [ENSG00000268322.1] [100/229]
  * #variants in cis = 5
  * Best hit: [id=19_internal_7008, d=0, pv=5.44983e-13, s=0.5302]

Processing phenotype [ENSG00000182141.5] [101/229]
  * #variants in cis = 5
  * Best hit: [id=19_internal_7008, d=0, pv=4.59606e-24, s=0.7158]

Processing phenotype [ENSG00000172687.9] [102/229]
  * #variants in cis = 5
  * Best hit: [id=19_internal_7008, d=0, pv=1.48623e-18, s=0.6308]

Processing phenotype [ENSG00000213976.3] [103/229]
  * #variants in cis = 5
  * Best hit: [id=19_internal_8735, d=0, pv=1.31941e-08, s=0.4469]

Processing phenotype [ENSG00000196268.7] [104/229]
  * #variants in cis = 5
  * Best hit: [id=19_internal_7008, d=0, pv=1.29463e-20, s=0.6743]

Processing phenotype [ENSG00000269237.1] [105/229]
  * #variants in cis = 5
  * Best hit: [id=19_internal_7008, d=0, pv=8.03802e-09, s=0.4447]

Processing phenotype [ENSG00000268119.1] [106/229]
  * #variants in cis = 5
  * Best hit: [id=19_internal_7008, d=0, pv=2.4388e-08, s=0.4383]

Processing phenotype [ENSG00000268658.1] [107/229]
  * #variants in cis = 5
  * Best hit: [id=19_internal_7008, d=0, pv=4.54511e-10, s=0.4723]

Processing phenotype [ENSG00000197013.5] [108/229]
  * #variants in cis = 5
  * Best hit: [id=19_internal_7008, d=0, pv=1.21125e-22, s=0.6987]

Processing phenotype [ENSG00000268705.1] [109/229]
  * #variants in cis = 5
  * Best hit: [id=19_internal_7008, d=0, pv=1.88283e-07, s=0.4182]

Processing phenotype [ENSG00000268081.1] [110/229]
  * #variants in cis = 5
  * Best hit: [id=19_internal_7008, d=0, pv=2.33863e-18, s=0.6540]

Processing phenotype [ENSG00000268555.1] [111/229]
  * #variants in cis = 5
  * Best hit: [id=19_internal_7008, d=0, pv=3.07271e-20, s=0.6779]

Processing phenotype [ENSG00000268240.1] [112/229]
  * #variants in cis = 5
  * Best hit: [id=19_internal_7008, d=0, pv=1.30934e-17, s=0.6348]

Processing phenotype [ENSG00000269845.1] [113/229]
  * #variants in cis = 4
  * Best hit: [id=19_internal_7008, d=-72031, pv=6.44009e-08, s=0.4289]

Processing phenotype [ENSG00000265084.1] [114/229]
  * #variants in cis = 4
  * Best hit: [id=19_internal_6099, d=98044, pv=0.347216, s=-0.0768]

Processing phenotype [ENSG00000197020.6] [115/229]
  * #variants in cis = 4
  * Best hit: [id=19_internal_7008, d=88912, pv=3.39655e-06, s=0.3735]

Processing phenotype [ENSG00000268438.1] [116/229]
  * #variants in cis = 4
  * Best hit: [id=19_internal_7008, d=-147797, pv=0.000416705, s=0.2894]

Processing phenotype [ENSG00000198521.7] [117/229]
  * #variants in cis = 4
  * Best hit: [id=19_internal_7008, d=173409, pv=8.82575e-15, s=0.5969]

Processing phenotype [ENSG00000160321.10] [118/229]
  * #variants in cis = 3
  * Best hit: [id=19_internal_7008, d=332233, pv=0.000101906, s=0.2919]

Processing phenotype [ENSG00000197134.7] [119/229]
  * #variants in cis = 3
  * Best hit: [id=19_internal_8735, d=0, pv=4.48309e-06, s=0.3615]

Processing phenotype [ENSG00000229676.2] [120/229]
  * #variants in cis = 3
  * Best hit: [id=19_internal_6099, d=0, pv=0.0245589, s=0.1764]

Processing phenotype [ENSG00000183850.8] [121/229]
  * #variants in cis = 2
  * Best hit: [id=19_internal_5954, d=723722, pv=0.0516572, s=0.1593]

Processing phenotype [ENSG00000196081.5] [122/229]
  * #variants in cis = 2
  * Best hit: [id=19_internal_6099, d=0, pv=0.017135, s=0.1855]

Processing phenotype [ENSG00000269837.1] [123/229]
  * #variants in cis = 2
  * Best hit: [id=19_internal_6099, d=0, pv=0.0849038, s=0.1342]

Processing phenotype [ENSG00000269107.1] [124/229]
  * #variants in cis = 2
  * Best hit: [id=19_internal_6099, d=0, pv=0.134258, s=0.1193]

Processing phenotype [ENSG00000213971.2] [125/229]
  * #variants in cis = 2
  * Best hit: [id=19_internal_6099, d=0, pv=0.00771332, s=0.2021]

Processing phenotype [ENSG00000267934.1] [126/229]
  * #variants in cis = 2
  * Best hit: [id=19_internal_6099, d=0, pv=0.256608, s=0.0921]

Processing phenotype [ENSG00000269431.1] [127/229]
  * #variants in cis = 2
  * Best hit: [id=19_internal_5954, d=418615, pv=0.549169, s=0.0476]

Processing phenotype [ENSG00000268992.1] [128/229]
  * #variants in cis = 2
  * Best hit: [id=19_internal_6099, d=0, pv=0.130538, s=0.1212]

Processing phenotype [ENSG00000167232.9] [129/229]
  * #variants in cis = 2
  * Best hit: [id=19_internal_6099, d=0, pv=0.00169827, s=0.2430]

Processing phenotype [ENSG00000268100.1] [130/229]
  * #variants in cis = 2
  * Best hit: [id=19_internal_6099, d=0, pv=0.434915, s=0.0643]

Processing phenotype [ENSG00000197372.5] [131/229]
  * #variants in cis = 2
  * Best hit: [id=19_internal_6099, d=0, pv=7.18428e-06, s=0.3447]

Processing phenotype [ENSG00000196172.8] [132/229]
  * #variants in cis = 2
  * Best hit: [id=19_internal_6099, d=70925, pv=7.90109e-05, s=0.3140]

Processing phenotype [ENSG00000233836.3] [133/229]
  * #variants in cis = 2
  * Best hit: [id=19_internal_6099, d=-74978, pv=0.000135689, s=0.3013]

Processing phenotype [ENSG00000205246.4] [134/229]
  * #variants in cis = 2
  * Best hit: [id=19_internal_6099, d=-75039, pv=0.405571, s=-0.0683]

Processing phenotype [ENSG00000213967.6] [135/229]
  * #variants in cis = 2
  * Best hit: [id=19_internal_6099, d=-226910, pv=0.000326546, s=0.2971]

Processing phenotype [ENSG00000269289.1] [136/229]
  * #variants in cis = 2
  * Best hit: [id=19_internal_6099, d=269964, pv=0.0181358, s=0.1906]

Processing phenotype [ENSG00000268362.1] [137/229]
  * #variants in cis = 2
  * Best hit: [id=19_internal_5954, d=-230647, pv=0.44539, s=-0.0616]

Processing phenotype [ENSG00000213096.5] [138/229]
  * #variants in cis = 2
  * Best hit: [id=19_internal_6099, d=-345508, pv=0.00195321, s=0.2397]

Processing phenotype [ENSG00000268058.1] [139/229]
  * #variants in cis = 2
  * Best hit: [id=19_internal_6099, d=411014, pv=0.0641928, s=0.1409]

Processing phenotype [ENSG00000261770.1] [140/229]
  * #variants in cis = 1
  * Best hit: [id=19_internal_8201, d=-625338, pv=0.182404, s=0.1098]

Processing phenotype [ENSG00000267575.1] [141/229]
  * #variants in cis = 1
  * Best hit: [id=19_internal_8201, d=592724, pv=0.936177, s=-0.0066]

Processing phenotype [ENSG00000261824.2] [142/229]
  * #variants in cis = 1
  * Best hit: [id=19_internal_8201, d=-592247, pv=0.627249, s=-0.0392]

Processing phenotype [ENSG00000267264.1] [143/229]
  * #variants in cis = 1
  * Best hit: [id=19_internal_8201, d=582649, pv=0.0905688, s=-0.1302]

Processing phenotype [ENSG00000267323.1] [144/229]
  * #variants in cis = 1
  * Best hit: [id=19_internal_8201, d=-579982, pv=0.108039, s=0.1244]

Processing phenotype [ENSG00000267498.1] [145/229]
  * #variants in cis = 2
  * Best hit: [id=19_internal_7059, d=762506, pv=0.223907, s=0.0989]

Processing phenotype [ENSG00000169021.4] [146/229]
  * #variants in cis = 2
  * Best hit: [id=19_internal_7059, d=-762200, pv=0.815584, s=0.0178]

Processing phenotype [ENSG00000105171.5] [147/229]
  * #variants in cis = 2
  * Best hit: [id=19_internal_8201, d=-866811, pv=0.555853, s=0.0475]

Processing phenotype [ENSG00000166289.5] [148/229]
  * #variants in cis = 2
  * Best hit: [id=19_internal_8201, d=-927850, pv=0.120825, s=0.1184]

Processing phenotype [ENSG00000131943.13] [149/229]
  * #variants in cis = 2
  * Best hit: [id=19_internal_7059, d=-260284, pv=0.0370744, s=0.1684]

Processing phenotype [ENSG00000105173.9] [150/229]
  * #variants in cis = 1
  * Best hit: [id=19_internal_7059, d=163843, pv=0.934699, s=-0.0064]

Processing phenotype [ENSG00000105176.13] [151/229]
  * #variants in cis = 1
  * Best hit: [id=19_internal_7059, d=52097, pv=0.332543, s=-0.0749]

Processing phenotype [ENSG00000242100.2] [152/229]
  * #variants in cis = 1
  * Best hit: [id=19_internal_7059, d=-18753, pv=0.764772, s=0.0233]

Processing phenotype [ENSG00000267006.1] [153/229]
  * #variants in cis = 1
  * Best hit: [id=19_internal_7059, d=5537, pv=0.0141443, s=0.1953]

Processing phenotype [ENSG00000267692.1] [154/229]
  * #variants in cis = 1
  * Best hit: [id=19_internal_7059, d=-12906, pv=0.00195876, s=0.2312]

Processing phenotype [ENSG00000266910.1] [155/229]
  * #variants in cis = 1
  * Best hit: [id=19_internal_7059, d=-13044, pv=0.240056, s=0.0955]

Processing phenotype [ENSG00000267753.1] [156/229]
  * #variants in cis = 0

Processing phenotype [ENSG00000121297.6] [157/229]
  * #variants in cis = 0

Processing phenotype [ENSG00000168813.10] [158/229]
  * #variants in cis = 2
  * Best hit: [id=19_internal_8496, d=913462, pv=0.435666, s=0.0635]

Processing phenotype [ENSG00000269093.1] [159/229]
  * #variants in cis = 2
  * Best hit: [id=19_internal_8496, d=854047, pv=0.141334, s=0.1212]

Processing phenotype [ENSG00000267213.2] [160/229]
  * #variants in cis = 2
  * Best hit: [id=19_internal_8496, d=-853517, pv=0.160283, s=0.1174]

Processing phenotype [ENSG00000178904.11] [161/229]
  * #variants in cis = 2
  * Best hit: [id=19_internal_8496, d=853307, pv=0.491177, s=0.0564]

Processing phenotype [ENSG00000267569.1] [162/229]
  * #variants in cis = 2
  * Best hit: [id=19_internal_8496, d=787115, pv=0.784287, s=0.0224]

Processing phenotype [ENSG00000105185.6] [163/229]
  * #variants in cis = 2
  * Best hit: [id=19_internal_8496, d=677988, pv=0.793011, s=0.0218]

Processing phenotype [ENSG00000201388.1] [164/229]
  * #variants in cis = 2
  * Best hit: [id=19_internal_6398, d=-33722, pv=0.55648, s=0.0477]

Processing phenotype [ENSG00000242325.1] [165/229]
  * #variants in cis = 2
  * Best hit: [id=19_internal_6398, d=6113, pv=0.116663, s=0.1219]

Processing phenotype [ENSG00000242436.2] [166/229]
  * #variants in cis = 2
  * Best hit: [id=19_internal_6398, d=0, pv=0.795532, s=-0.0208]

Processing phenotype [ENSG00000267557.1] [167/229]
  * #variants in cis = 2
  * Best hit: [id=19_internal_6398, d=-3227, pv=0.545336, s=0.0463]

Processing phenotype [ENSG00000186326.3] [168/229]
  * #variants in cis = 2
  * Best hit: [id=19_internal_8496, d=583649, pv=0.0118401, s=-0.2011]

Processing phenotype [ENSG00000105186.8] [169/229]
  * #variants in cis = 2
  * Best hit: [id=19_internal_6398, d=13051, pv=0.00013388, s=0.2969]

Processing phenotype [ENSG00000267475.1] [170/229]
  * #variants in cis = 2
  * Best hit: [id=19_internal_8496, d=-567306, pv=0.0827402, s=-0.1413]

Processing phenotype [ENSG00000213965.3] [171/229]
  * #variants in cis = 2
  * Best hit: [id=19_internal_8496, d=567095, pv=0.00560696, s=-0.2144]

Processing phenotype [ENSG00000173809.11] [172/229]
  * #variants in cis = 2
  * Best hit: [id=19_internal_8496, d=539303, pv=0.247475, s=-0.0938]

Processing phenotype [ENSG00000021488.8] [173/229]
  * #variants in cis = 2
  * Best hit: [id=19_internal_8496, d=-389290, pv=0.389233, s=-0.0712]

Processing phenotype [ENSG00000266930.1] [174/229]
  * #variants in cis = 2
  * Best hit: [id=19_internal_8496, d=-380635, pv=0.211915, s=0.1000]

Processing phenotype [ENSG00000266914.1] [175/229]
  * #variants in cis = 2
  * Best hit: [id=19_internal_6398, d=287953, pv=0.12987, s=0.1235]

Processing phenotype [ENSG00000121289.12] [176/229]
  * #variants in cis = 2
  * Best hit: [id=19_internal_6398, d=308920, pv=0.231522, s=-0.0919]

Processing phenotype [ENSG00000131944.5] [177/229]
  * #variants in cis = 2
  * Best hit: [id=19_internal_8496, d=286847, pv=0.339824, s=0.0787]

Processing phenotype [ENSG00000131941.3] [178/229]
  * #variants in cis = 2
  * Best hit: [id=19_internal_8496, d=-194168, pv=0.146365, s=-0.1098]

Processing phenotype [ENSG00000076650.2] [179/229]
  * #variants in cis = 2
  * Best hit: [id=19_internal_6398, d=-417809, pv=0.0574355, s=0.1493]

Processing phenotype [ENSG00000166359.6] [180/229]
  * #variants in cis = 2
  * Best hit: [id=19_internal_6398, d=-469019, pv=0.20932, s=0.1057]

Processing phenotype [ENSG00000130881.8] [181/229]
  * #variants in cis = 2
  * Best hit: [id=19_internal_6398, d=-514532, pv=0.165223, s=0.1085]

Processing phenotype [ENSG00000130876.6] [182/229]
  * #variants in cis = 3
  * Best hit: [id=19_internal_8496, d=-33206, pv=0.373787, s=0.0725]

Processing phenotype [ENSG00000267580.1] [183/229]
  * #variants in cis = 3
  * Best hit: [id=19_internal_6398, d=-636863, pv=0.25061, s=-0.0937]

Processing phenotype [ENSG00000267727.1] [184/229]
  * #variants in cis = 3
  * Best hit: [id=19_internal_9082, d=908328, pv=0.0784896, s=-0.1390]

Processing phenotype [ENSG00000230259.2] [185/229]
  * #variants in cis = 3
  * Best hit: [id=19_internal_6398, d=639453, pv=0.306534, s=-0.0828]

Processing phenotype [ENSG00000245848.2] [186/229]
  * #variants in cis = 3
  * Best hit: [id=19_internal_6398, d=639493, pv=0.321858, s=-0.0801]

Processing phenotype [ENSG00000178863.6] [187/229]
  * #variants in cis = 3
  * Best hit: [id=19_internal_8496, d=-21416, pv=0.451846, s=0.0621]

Processing phenotype [ENSG00000267130.1] [188/229]
  * #variants in cis = 3
  * Best hit: [id=19_internal_6398, d=-641965, pv=0.502971, s=0.0535]

Processing phenotype [ENSG00000267296.1] [189/229]
  * #variants in cis = 3
  * Best hit: [id=19_internal_8496, d=23400, pv=0.382709, s=0.0719]

Processing phenotype [ENSG00000153879.3] [190/229]
  * #variants in cis = 3
  * Best hit: [id=19_internal_6398, d=-710259, pv=0.56916, s=-0.0452]

Processing phenotype [ENSG00000124299.8] [191/229]
  * #variants in cis = 3
  * Best hit: [id=19_internal_8496, d=240140, pv=0.676575, s=-0.0322]

Processing phenotype [ENSG00000153885.9] [192/229]
  * #variants in cis = 3
  * Best hit: [id=19_internal_6870, d=871138, pv=0.104578, s=-0.1299]

Processing phenotype [ENSG00000257103.3] [193/229]
  * #variants in cis = 6
  * Best hit: [id=19_internal_6870, d=494567, pv=0.00331391, s=-0.2324]

Processing phenotype [ENSG00000267410.1] [194/229]
  * #variants in cis = 6
  * Best hit: [id=19_internal_6031, d=951538, pv=0.0489456, s=-0.1544]

Processing phenotype [ENSG00000166398.7] [195/229]
  * #variants in cis = 7
  * Best hit: [id=19_internal_9082, d=0, pv=0.300847, s=0.0843]

Processing phenotype [ENSG00000257074.2] [196/229]
  * #variants in cis = 6
  * Best hit: [id=19_internal_6870, d=-370331, pv=0.365657, s=-0.0741]

Processing phenotype [ENSG00000267219.1] [197/229]
  * #variants in cis = 6
  * Best hit: [id=19_internal_6532, d=-613176, pv=0.188695, s=-0.1016]

Processing phenotype [ENSG00000105220.9] [198/229]
  * #variants in cis = 6
  * Best hit: [id=19_internal_7467, d=860748, pv=0.0503147, s=0.1531]

Processing phenotype [ENSG00000267236.1] [199/229]
  * #variants in cis = 6
  * Best hit: [id=19_internal_9082, d=-45531, pv=0.295715, s=0.0809]

Processing phenotype [ENSG00000266953.1] [200/229]
  * #variants in cis = 6
  * Best hit: [id=19_internal_6532, d=576273, pv=0.00626792, s=0.2047]

Processing phenotype [ENSG00000126249.2] [201/229]
  * #variants in cis = 6
  * Best hit: [id=19_internal_6532, d=568204, pv=0.187375, s=0.1017]

Processing phenotype [ENSG00000267024.1] [202/229]
  * #variants in cis = 6
  * Best hit: [id=19_internal_6870, d=-238798, pv=0.126557, s=0.1194]

Processing phenotype [ENSG00000126261.7] [203/229]
  * #variants in cis = 6
  * Best hit: [id=19_internal_6532, d=544229, pv=0.00952058, s=0.2064]

Processing phenotype [ENSG00000142279.7] [204/229]
  * #variants in cis = 6
  * Best hit: [id=19_internal_9082, d=-143358, pv=0.207183, s=0.1003]

Processing phenotype [ENSG00000268687.1] [205/229]
  * #variants in cis = 6
  * Best hit: [id=19_internal_6870, d=-40748, pv=0.00685882, s=0.2096]

Processing phenotype [ENSG00000269811.1] [206/229]
  * #variants in cis = 6
  * Best hit: [id=19_internal_6870, d=21691, pv=0.00125235, s=0.2567]

Processing phenotype [ENSG00000205209.3] [207/229]
  * #variants in cis = 7
  * Best hit: [id=19_internal_6870, d=0, pv=0.000355336, s=0.2813]

Processing phenotype [ENSG00000256383.1] [208/229]
  * #variants in cis = 7
  * Best hit: [id=19_internal_6870, d=0, pv=1.99777e-09, s=0.4656]

Processing phenotype [ENSG00000089335.15] [209/229]
  * #variants in cis = 7
  * Best hit: [id=19_internal_6870, d=0, pv=1.64264e-05, s=0.3254]

Processing phenotype [ENSG00000197841.9] [210/229]
  * #variants in cis = 8
  * Best hit: [id=19_internal_6870, d=0, pv=4.95674e-05, s=0.3119]

Processing phenotype [ENSG00000153896.12] [211/229]
  * #variants in cis = 8
  * Best hit: [id=19_internal_6870, d=38056, pv=0.0248697, s=0.1808]

Processing phenotype [ENSG00000269086.1] [212/229]
  * #variants in cis = 8
  * Best hit: [id=19_internal_9082, d=-500358, pv=0.100756, s=-0.1323]

Processing phenotype [ENSG00000168661.10] [213/229]
  * #variants in cis = 9
  * Best hit: [id=19_internal_6870, d=-191729, pv=0.000530672, s=0.2741]

Processing phenotype [ENSG00000180884.8] [214/229]
  * #variants in cis = 9
  * Best hit: [id=19_internal_6029, d=-961840, pv=0.0395722, s=0.1609]

Processing phenotype [ENSG00000089351.9] [215/229]
  * #variants in cis = 10
  * Best hit: [id=19_internal_6532, d=0, pv=4.6872e-05, s=0.2971]

Processing phenotype [ENSG00000269303.1] [216/229]
  * #variants in cis = 10
  * Best hit: [id=19_internal_6532, d=0, pv=0.0257276, s=0.1735]

Processing phenotype [ENSG00000253950.2] [217/229]
  * #variants in cis = 10
  * Best hit: [id=19_internal_6532, d=0, pv=0.000109524, s=0.2872]

Processing phenotype [ENSG00000105711.6] [218/229]
  * #variants in cis = 10
  * Best hit: [id=19_internal_6532, d=-12280, pv=0.0208658, s=0.1822]

Processing phenotype [ENSG00000266964.1] [219/229]
  * #variants in cis = 11
  * Best hit: [id=19_internal_6590, d=563090, pv=0.0446486, s=-0.1614]

Processing phenotype [ENSG00000221857.3] [220/229]
  * #variants in cis = 11
  * Best hit: [id=19_internal_9082, d=-801293, pv=0.061079, s=0.1509]

Processing phenotype [ENSG00000203403.2] [221/229]
  * #variants in cis = 11
  * Best hit: [id=19_internal_6870, d=404406, pv=0.0471901, s=-0.1523]

Processing phenotype [ENSG00000266940.1] [222/229]
  * #variants in cis = 11
  * Best hit: [id=19_internal_6870, d=404406, pv=0.0471901, s=-0.1523]

Processing phenotype [ENSG00000153902.9] [223/229]
  * #variants in cis = 11
  * Best hit: [id=19_internal_5967, d=-910643, pv=0.121005, s=-0.1191]

Processing phenotype [ENSG00000221946.3] [224/229]
  * #variants in cis = 11
  * Best hit: [id=19_internal_6590, d=558648, pv=0.0649408, s=-0.1512]

Processing phenotype [ENSG00000089327.9] [225/229]
  * #variants in cis = 11
  * Best hit: [id=19_internal_6029, d=771160, pv=0.100693, s=-0.1317]

Processing phenotype [ENSG00000105699.10] [226/229]
  * #variants in cis = 11
  * Best hit: [id=19_internal_7083, d=745845, pv=0.000811789, s=0.2485]

Processing phenotype [ENSG00000268947.1] [227/229]
  * #variants in cis = 11
  * Best hit: [id=19_internal_6031, d=-44824, pv=0.0185676, s=0.1876]

Processing phenotype [ENSG00000105698.10] [228/229]
  * #variants in cis = 11
  * Best hit: [id=19_internal_9082, d=-931446, pv=0.0428465, s=0.1664]

Processing phenotype [ENSG00000105697.3] [229/229]
  * #variants in cis = 11
  * Best hit: [id=19_internal_6031, d=-62694, pv=0.0498596, s=-0.1499]

Running time: 1 seconds
