Sender: LSF System <lsfadmin@cpt09>
Subject: Job 974485: </data/unige/funpopgen/odelanea/SGX/V2/binaries/qtltools/bin/QTLtools cis --vcf /data/unige/funpopgen/grey2/SYSCID/BLUEPRINT_DATA/CRD/THREE_CELL_TYPES/CLOMICS/CELL_TYPE_COMPARISON_GENE_CRD_ASSOCIATIONS/quantify/72_vs_73_ALL.ALLchr.mean.txt.gz --bed /data/unige/funpopgen/grey2/SYSCID/BLUEPRINT_DATA/CRD/THREE_CELL_TYPES/QTL_TOOLS/EGAD00001002674_v3.0/EGAD00001002674_RNA.PC10.bed.gz --nominal /data/unige/funpopgen/grey2/SYSCID/BLUEPRINT_DATA/CRD/THREE_CELL_TYPES/CLOMICS/CELL_TYPE_COMPARISON_GENE_CRD_ASSOCIATIONS/mapping_aCRD_gene/72_vs_73/gene_CRD_mean_permutations.thresholds.txt --chunk 64 100 --out /data/unige/funpopgen/grey2/SYSCID/BLUEPRINT_DATA/CRD/THREE_CELL_TYPES/CLOMICS/CELL_TYPE_COMPARISON_GENE_CRD_ASSOCIATIONS/mapping_aCRD_gene/72_vs_73/mapping_gene_CRD_mean_chunk64\.txt> in cluster <ug> Done

Job </data/unige/funpopgen/odelanea/SGX/V2/binaries/qtltools/bin/QTLtools cis --vcf /data/unige/funpopgen/grey2/SYSCID/BLUEPRINT_DATA/CRD/THREE_CELL_TYPES/CLOMICS/CELL_TYPE_COMPARISON_GENE_CRD_ASSOCIATIONS/quantify/72_vs_73_ALL.ALLchr.mean.txt.gz --bed /data/unige/funpopgen/grey2/SYSCID/BLUEPRINT_DATA/CRD/THREE_CELL_TYPES/QTL_TOOLS/EGAD00001002674_v3.0/EGAD00001002674_RNA.PC10.bed.gz --nominal /data/unige/funpopgen/grey2/SYSCID/BLUEPRINT_DATA/CRD/THREE_CELL_TYPES/CLOMICS/CELL_TYPE_COMPARISON_GENE_CRD_ASSOCIATIONS/mapping_aCRD_gene/72_vs_73/gene_CRD_mean_permutations.thresholds.txt --chunk 64 100 --out /data/unige/funpopgen/grey2/SYSCID/BLUEPRINT_DATA/CRD/THREE_CELL_TYPES/CLOMICS/CELL_TYPE_COMPARISON_GENE_CRD_ASSOCIATIONS/mapping_aCRD_gene/72_vs_73/mapping_gene_CRD_mean_chunk64\.txt> was submitted from host <cpt01> by user <grey2> in cluster <ug>.
Job was executed on host(s) <cpt09>, in queue <normal>, as user <grey2> in cluster <ug>.
</home/grey2> was used as the home directory.
</data/unige/funpopgen/grey2/SYSCID/BLUEPRINT_DATA/CRD/THREE_CELL_TYPES/CLOMICS/CELL_TYPE_COMPARISON_GENE_CRD_ASSOCIATIONS> was used as the working directory.
Started at Thu Mar 21 13:44:09 2019
Results reported at Thu Mar 21 13:44:13 2019

Your job looked like:

------------------------------------------------------------
# LSBATCH: User input
/data/unige/funpopgen/odelanea/SGX/V2/binaries/qtltools/bin/QTLtools cis --vcf /data/unige/funpopgen/grey2/SYSCID/BLUEPRINT_DATA/CRD/THREE_CELL_TYPES/CLOMICS/CELL_TYPE_COMPARISON_GENE_CRD_ASSOCIATIONS/quantify/72_vs_73_ALL.ALLchr.mean.txt.gz --bed /data/unige/funpopgen/grey2/SYSCID/BLUEPRINT_DATA/CRD/THREE_CELL_TYPES/QTL_TOOLS/EGAD00001002674_v3.0/EGAD00001002674_RNA.PC10.bed.gz --nominal /data/unige/funpopgen/grey2/SYSCID/BLUEPRINT_DATA/CRD/THREE_CELL_TYPES/CLOMICS/CELL_TYPE_COMPARISON_GENE_CRD_ASSOCIATIONS/mapping_aCRD_gene/72_vs_73/gene_CRD_mean_permutations.thresholds.txt --chunk 64 100 --out /data/unige/funpopgen/grey2/SYSCID/BLUEPRINT_DATA/CRD/THREE_CELL_TYPES/CLOMICS/CELL_TYPE_COMPARISON_GENE_CRD_ASSOCIATIONS/mapping_aCRD_gene/72_vs_73/mapping_gene_CRD_mean_chunk64\.txt

------------------------------------------------------------

Successfully completed.

Resource usage summary:

    CPU time :               1.60 sec.
    Max Memory :             3.16 MB
    Average Memory :         3.16 MB
    Total Requested Memory : -
    Delta Memory :           -
    (Delta: the difference between total requested memory and actual max usage.)
    Max Swap :               32 MB

    Max Processes :          1
    Max Threads :            1

The output (if any) follows:


[32mQTLtools[0m
  * Authors : Olivier DELANEAU / Halit ONGEN / Emmanouil DERMITZAKIS
  * Contact : olivier.delaneau@gmail.com / halit.ongen@unige.ch / Emmanouil.Dermitzakis@unige.ch
  * Webpage : https://qtltools.github.io/qtltools/
  * Version : 1.1
  * Date    : 21/03/2019 - 13:44:11
  * Citation: A complete tool set for molecular QTL discovery and analysis, https://doi.org/10.1101/068635

[32mMAPPING QTL IN CIS[0m
  * TASK: Report all nominal associations with p below thresholds in [/data/unige/funpopgen/grey2/SYSCID/BLUEPRINT_DATA/CRD/THREE_CELL_TYPES/CLOMICS/CELL_TYPE_COMPARISON_GENE_CRD_ASSOCIATIONS/mapping_aCRD_gene/72_vs_73/gene_CRD_mean_permutations.thresholds.txt]
  * Linear model: Phe ~ Var
  * Cis-window size is 1000000 bp
  * Chunk = [64/100]

Scanning phenotype data in [/data/unige/funpopgen/grey2/SYSCID/BLUEPRINT_DATA/CRD/THREE_CELL_TYPES/QTL_TOOLS/EGAD00001002674_v3.0/EGAD00001002674_RNA.PC10.bed.gz]
  * 26159 phenotypes included
  * 13004 phenotypes are on the negative strand

Initialize random number generator
  * Built-in seed is 15112011
  * First Integer = 30554
  * First Double = 0.0126695

Reading sample list from [/data/unige/funpopgen/grey2/SYSCID/BLUEPRINT_DATA/CRD/THREE_CELL_TYPES/QTL_TOOLS/EGAD00001002674_v3.0/EGAD00001002674_RNA.PC10.bed.gz]
  * #samples = 194

Reading sample list from [/data/unige/funpopgen/grey2/SYSCID/BLUEPRINT_DATA/CRD/THREE_CELL_TYPES/CLOMICS/CELL_TYPE_COMPARISON_GENE_CRD_ASSOCIATIONS/quantify/72_vs_73_ALL.ALLchr.mean.txt.gz]
  * #samples = 160

Merging sample sets from all input files
  * #files = 2
  * #samples in all files = 158
  * #samples NOT in all files (i.e. ignored) = 38

Reading phenotype data in [/data/unige/funpopgen/grey2/SYSCID/BLUEPRINT_DATA/CRD/THREE_CELL_TYPES/QTL_TOOLS/EGAD00001002674_v3.0/EGAD00001002674_RNA.PC10.bed.gz]
  * target region [20:34231065-62887048]
  * 330 phenotypes included
  * 151 phenotypes are on the negative strand

Reading genotype data in [/data/unige/funpopgen/grey2/SYSCID/BLUEPRINT_DATA/CRD/THREE_CELL_TYPES/CLOMICS/CELL_TYPE_COMPARISON_GENE_CRD_ASSOCIATIONS/quantify/72_vs_73_ALL.ALLchr.mean.txt.gz]
  * File format detected: BED
  * 158 samples included
  * 4 samples without phenotype data
  * target region [20:33231065-63887048]
  * 65 variants included

Reading nominal thresholds in [/data/unige/funpopgen/grey2/SYSCID/BLUEPRINT_DATA/CRD/THREE_CELL_TYPES/CLOMICS/CELL_TYPE_COMPARISON_GENE_CRD_ASSOCIATIONS/mapping_aCRD_gene/72_vs_73/gene_CRD_mean_permutations.thresholds.txt]
  * #phenotypes set = 330

Processing phenotype [ENSG00000222460.1] [1/330]
  * #variants in cis = 4
  * Best hit: [id=20_internal_5335, d=-186294, pv=0.00131917, s=-0.2467]

Processing phenotype [ENSG00000252549.1] [2/330]
  * #variants in cis = 4
  * Best hit: [id=20_internal_4752, d=-117007, pv=0.48082, s=0.0584]

Processing phenotype [ENSG00000214078.7] [3/330]
  * #variants in cis = 4
  * Best hit: [id=20_internal_5736, d=-1608, pv=0.0376547, s=-0.1547]

Processing phenotype [ENSG00000244462.3] [4/330]
  * #variants in cis = 4
  * Best hit: [id=20_internal_5335, d=208107, pv=0.111502, s=0.1291]

Processing phenotype [ENSG00000125995.11] [5/330]
  * #variants in cis = 4
  * Best hit: [id=20_internal_5736, d=-17633, pv=0.012757, s=0.1957]

Processing phenotype [ENSG00000244005.7] [6/330]
  * #variants in cis = 4
  * Best hit: [id=20_internal_4752, d=-65078, pv=0.137096, s=-0.1062]

Processing phenotype [ENSG00000238549.1] [7/330]
  * #variants in cis = 4
  * Best hit: [id=20_internal_5736, d=-34832, pv=0.0744076, s=-0.1369]

Processing phenotype [ENSG00000131051.15] [8/330]
  * #variants in cis = 4
  * Best hit: [id=20_internal_6569, d=834037, pv=0.183846, s=0.1059]

Processing phenotype [ENSG00000222152.1] [9/330]
  * #variants in cis = 4
  * Best hit: [id=20_internal_5736, d=88228, pv=0.205958, s=0.1006]

Processing phenotype [ENSG00000025293.11] [10/330]
  * #variants in cis = 4
  * Best hit: [id=20_internal_4752, d=0, pv=0.218876, s=0.0961]

Processing phenotype [ENSG00000234274.1] [11/330]
  * #variants in cis = 4
  * Best hit: [id=20_internal_5736, d=169276, pv=0.000298248, s=0.2821]

Processing phenotype [ENSG00000199676.1] [12/330]
  * #variants in cis = 4
  * Best hit: [id=20_internal_5736, d=171725, pv=0.337213, s=0.0776]

Processing phenotype [ENSG00000219608.3] [13/330]
  * #variants in cis = 4
  * Best hit: [id=20_internal_5736, d=-196837, pv=0.000744301, s=0.2551]

Processing phenotype [ENSG00000201221.1] [14/330]
  * #variants in cis = 4
  * Best hit: [id=20_internal_6569, d=-979384, pv=0.334626, s=-0.0788]

Processing phenotype [ENSG00000207053.1] [15/330]
  * #variants in cis = 3
  * Best hit: [id=20_internal_5736, d=247036, pv=0.0230379, s=-0.1841]

Processing phenotype [ENSG00000171222.6] [16/330]
  * #variants in cis = 6
  * Best hit: [id=20_internal_4752, d=160285, pv=0.0900972, s=0.1334]

Processing phenotype [ENSG00000149646.7] [17/330]
  * #variants in cis = 7
  * Best hit: [id=20_internal_4752, d=-169403, pv=0.219998, s=-0.0988]

Processing phenotype [ENSG00000260032.1] [18/330]
  * #variants in cis = 8
  * Best hit: [id=20_internal_6845, d=-883139, pv=0.0552796, s=0.1504]

Processing phenotype [ENSG00000088367.15] [19/330]
  * #variants in cis = 8
  * Best hit: [id=20_internal_5335, d=-634655, pv=0.0368479, s=-0.1570]

Processing phenotype [ENSG00000131043.7] [20/330]
  * #variants in cis = 8
  * Best hit: [id=20_internal_5736, d=-554820, pv=0.113853, s=-0.1279]

Processing phenotype [ENSG00000080845.13] [21/330]
  * #variants in cis = 8
  * Best hit: [id=20_internal_4752, d=-507149, pv=0.0655835, s=0.1419]

Processing phenotype [ENSG00000259729.1] [22/330]
  * #variants in cis = 7
  * Best hit: [id=20_internal_4752, d=767424, pv=0.320624, s=0.0792]

Processing phenotype [ENSG00000101335.5] [23/330]
  * #variants in cis = 7
  * Best hit: [id=20_internal_6845, d=352134, pv=0.0722336, s=0.1414]

Processing phenotype [ENSG00000232907.2] [24/330]
  * #variants in cis = 7
  * Best hit: [id=20_internal_5736, d=932233, pv=0.0687233, s=-0.1478]

Processing phenotype [ENSG00000118707.4] [25/330]
  * #variants in cis = 7
  * Best hit: [id=20_internal_6845, d=320130, pv=0.070364, s=0.1494]

Processing phenotype [ENSG00000259399.1] [26/330]
  * #variants in cis = 7
  * Best hit: [id=20_internal_4752, d=-815847, pv=0.0322036, s=-0.1691]

Processing phenotype [ENSG00000259716.1] [27/330]
  * #variants in cis = 7
  * Best hit: [id=20_internal_5736, d=963371, pv=0.103086, s=0.1286]

Processing phenotype [ENSG00000101084.12] [28/330]
  * #variants in cis = 7
  * Best hit: [id=20_internal_4752, d=-847028, pv=0.0633321, s=-0.1453]

Processing phenotype [ENSG00000227688.2] [29/330]
  * #variants in cis = 7
  * Best hit: [id=20_internal_4627, d=296599, pv=0.035776, s=-0.1662]

Processing phenotype [ENSG00000101082.9] [30/330]
  * #variants in cis = 6
  * Best hit: [id=20_internal_4530, d=-349860, pv=0.510925, s=0.0536]

Processing phenotype [ENSG00000101079.16] [31/330]
  * #variants in cis = 6
  * Best hit: [id=20_internal_4530, d=-249998, pv=0.223632, s=0.0961]

Processing phenotype [ENSG00000149636.10] [32/330]
  * #variants in cis = 5
  * Best hit: [id=20_internal_4627, d=-143175, pv=0.149415, s=0.1092]

Processing phenotype [ENSG00000149639.9] [33/330]
  * #variants in cis = 5
  * Best hit: [id=20_internal_4690, d=-58508, pv=0.148597, s=-0.1117]

Processing phenotype [ENSG00000101342.4] [34/330]
  * #variants in cis = 5
  * Best hit: [id=20_internal_4690, d=46063, pv=5.63109e-06, s=0.3540]

Processing phenotype [ENSG00000101347.7] [35/330]
  * #variants in cis = 5
  * Best hit: [id=20_internal_4690, d=0, pv=1.11995e-05, s=0.3395]

Processing phenotype [ENSG00000231241.1] [36/330]
  * #variants in cis = 5
  * Best hit: [id=20_internal_4690, d=46029, pv=0.0484583, s=-0.1525]

Processing phenotype [ENSG00000226144.2] [37/330]
  * #variants in cis = 5
  * Best hit: [id=20_internal_4690, d=-73299, pv=0.0587706, s=0.1416]

Processing phenotype [ENSG00000269846.1] [38/330]
  * #variants in cis = 5
  * Best hit: [id=20_internal_4530, d=-83843, pv=0.158453, s=-0.1122]

Processing phenotype [ENSG00000080839.7] [39/330]
  * #variants in cis = 5
  * Best hit: [id=20_internal_4828, d=84188, pv=0.306656, s=-0.0847]

Processing phenotype [ENSG00000118705.12] [40/330]
  * #variants in cis = 5
  * Best hit: [id=20_internal_4828, d=-166603, pv=0.148009, s=0.1091]

Processing phenotype [ENSG00000101353.10] [41/330]
  * #variants in cis = 5
  * Best hit: [id=20_internal_6845, d=283593, pv=0.246211, s=0.0941]

Processing phenotype [ENSG00000101363.8] [42/330]
  * #variants in cis = 5
  * Best hit: [id=20_internal_6845, d=-393643, pv=0.0609589, s=-0.1505]

Processing phenotype [ENSG00000197122.7] [43/330]
  * #variants in cis = 5
  * Best hit: [id=20_internal_6845, d=-448690, pv=0.251466, s=-0.0938]

Processing phenotype [ENSG00000235167.1] [44/330]
  * #variants in cis = 5
  * Best hit: [id=20_internal_4627, d=487967, pv=0.227542, s=-0.0909]

Processing phenotype [ENSG00000053438.7] [45/330]
  * #variants in cis = 5
  * Best hit: [id=20_internal_4530, d=-509272, pv=0.180517, s=-0.1074]

Processing phenotype [ENSG00000166619.7] [46/330]
  * #variants in cis = 5
  * Best hit: [id=20_internal_4627, d=506667, pv=0.140908, s=-0.1142]

Processing phenotype [ENSG00000132792.14] [47/330]
  * #variants in cis = 5
  * Best hit: [id=20_internal_4627, d=-672742, pv=0.0986935, s=-0.1345]

Processing phenotype [ENSG00000199683.1] [48/330]
  * #variants in cis = 7
  * Best hit: [id=20_internal_4530, d=963538, pv=0.0202767, s=-0.1830]

Processing phenotype [ENSG00000101407.8] [49/330]
  * #variants in cis = 3
  * Best hit: [id=20_internal_6939, d=-794250, pv=0.242189, s=0.0949]

Processing phenotype [ENSG00000101413.7] [50/330]
  * #variants in cis = 3
  * Best hit: [id=20_internal_5498, d=793939, pv=0.426074, s=0.0661]

Processing phenotype [ENSG00000252791.1] [51/330]
  * #variants in cis = 3
  * Best hit: [id=20_internal_5498, d=-774739, pv=0.174028, s=-0.1080]

Processing phenotype [ENSG00000198959.7] [52/330]
  * #variants in cis = 3
  * Best hit: [id=20_internal_5498, d=-660907, pv=0.103505, s=-0.1274]

Processing phenotype [ENSG00000101425.8] [53/330]
  * #variants in cis = 3
  * Best hit: [id=20_internal_5498, d=567336, pv=0.0172099, s=0.1841]

Processing phenotype [ENSG00000206249.3] [54/330]
  * #variants in cis = 3
  * Best hit: [id=20_internal_5498, d=-500949, pv=0.0201683, s=0.1835]

Processing phenotype [ENSG00000224635.1] [55/330]
  * #variants in cis = 3
  * Best hit: [id=20_internal_5498, d=-410443, pv=0.323552, s=0.0783]

Processing phenotype [ENSG00000199452.1] [56/330]
  * #variants in cis = 3
  * Best hit: [id=20_internal_6939, d=-405699, pv=0.495422, s=0.0558]

Processing phenotype [ENSG00000235408.1] [57/330]
  * #variants in cis = 3
  * Best hit: [id=20_internal_5498, d=-401909, pv=0.620981, s=-0.0412]

Processing phenotype [ENSG00000201416.1] [58/330]
  * #variants in cis = 3
  * Best hit: [id=20_internal_4743, d=-297481, pv=0.69048, s=0.0333]

Processing phenotype [ENSG00000201599.1] [59/330]
  * #variants in cis = 3
  * Best hit: [id=20_internal_5498, d=-399802, pv=0.0968014, s=0.1370]

Processing phenotype [ENSG00000225091.1] [60/330]
  * #variants in cis = 3
  * Best hit: [id=20_internal_5498, d=-399801, pv=0.0980769, s=0.1363]

Processing phenotype [ENSG00000201512.1] [61/330]
  * #variants in cis = 3
  * Best hit: [id=20_internal_5498, d=-397441, pv=0.0109135, s=0.2119]

Processing phenotype [ENSG00000200354.1] [62/330]
  * #variants in cis = 3
  * Best hit: [id=20_internal_5498, d=-393246, pv=0.0168506, s=0.1924]

Processing phenotype [ENSG00000196756.6] [63/330]
  * #variants in cis = 3
  * Best hit: [id=20_internal_6939, d=-392124, pv=0.48807, s=0.0536]

Processing phenotype [ENSG00000174365.14] [64/330]
  * #variants in cis = 3
  * Best hit: [id=20_internal_5498, d=380666, pv=0.243018, s=0.0947]

Processing phenotype [ENSG00000201902.1] [65/330]
  * #variants in cis = 3
  * Best hit: [id=20_internal_5498, d=379160, pv=0.102426, s=0.1332]

Processing phenotype [ENSG00000199266.1] [66/330]
  * #variants in cis = 3
  * Best hit: [id=20_internal_5498, d=377874, pv=0.0717223, s=-0.1459]

Processing phenotype [ENSG00000170471.10] [67/330]
  * #variants in cis = 3
  * Best hit: [id=20_internal_4743, d=250001, pv=0.038076, s=-0.1732]

Processing phenotype [ENSG00000263473.1] [68/330]
  * #variants in cis = 3
  * Best hit: [id=20_internal_6939, d=310914, pv=0.451926, s=0.0606]

Processing phenotype [ENSG00000231307.1] [69/330]
  * #variants in cis = 3
  * Best hit: [id=20_internal_4743, d=185059, pv=0.525934, s=0.0480]

Processing phenotype [ENSG00000101442.8] [70/330]
  * #variants in cis = 3
  * Best hit: [id=20_internal_6939, d=79035, pv=2.85743e-11, s=0.5006]

Processing phenotype [ENSG00000199691.1] [71/330]
  * #variants in cis = 3
  * Best hit: [id=20_internal_6939, d=65949, pv=0.349668, s=0.0761]

Processing phenotype [ENSG00000101445.4] [72/330]
  * #variants in cis = 3
  * Best hit: [id=20_internal_6939, d=21772, pv=1.05321e-28, s=0.7118]

Processing phenotype [ENSG00000240474.2] [73/330]
  * #variants in cis = 3
  * Best hit: [id=20_internal_6939, d=-8298, pv=0.0576695, s=0.1531]

Processing phenotype [ENSG00000101447.9] [74/330]
  * #variants in cis = 3
  * Best hit: [id=20_internal_6939, d=-61840, pv=1.98167e-05, s=0.3264]

Processing phenotype [ENSG00000101452.9] [75/330]
  * #variants in cis = 3
  * Best hit: [id=20_internal_6939, d=-97827, pv=0.10596, s=-0.1300]

Processing phenotype [ENSG00000223864.1] [76/330]
  * #variants in cis = 3
  * Best hit: [id=20_internal_6939, d=113950, pv=0.0708786, s=0.1431]

Processing phenotype [ENSG00000204103.2] [77/330]
  * #variants in cis = 0

Processing phenotype [ENSG00000198900.5] [78/330]
  * #variants in cis = 0

Processing phenotype [ENSG00000124181.8] [79/330]
  * #variants in cis = 0

Processing phenotype [ENSG00000226648.1] [80/330]
  * #variants in cis = 0

Processing phenotype [ENSG00000242748.1] [81/330]
  * #variants in cis = 0

Processing phenotype [ENSG00000263989.1] [82/330]
  * #variants in cis = 0

Processing phenotype [ENSG00000174306.16] [83/330]
  * #variants in cis = 0

Processing phenotype [ENSG00000132793.7] [84/330]
  * #variants in cis = 0

Processing phenotype [ENSG00000235088.1] [85/330]
  * #variants in cis = 0

Processing phenotype [ENSG00000232493.2] [86/330]
  * #variants in cis = 0

Processing phenotype [ENSG00000124177.10] [87/330]
  * #variants in cis = 0

Processing phenotype [ENSG00000240639.2] [88/330]
  * #variants in cis = 4
  * Best hit: [id=20_internal_6598, d=496088, pv=0.0652361, s=0.1447]

Processing phenotype [ENSG00000124193.9] [89/330]
  * #variants in cis = 4
  * Best hit: [id=20_internal_4925, d=291765, pv=0.364824, s=0.0698]

Processing phenotype [ENSG00000201372.1] [90/330]
  * #variants in cis = 4
  * Best hit: [id=20_internal_6171, d=463682, pv=0.328022, s=-0.0739]

Processing phenotype [ENSG00000185513.9] [91/330]
  * #variants in cis = 4
  * Best hit: [id=20_internal_6598, d=210614, pv=0.140407, s=-0.1183]

Processing phenotype [ENSG00000234271.1] [92/330]
  * #variants in cis = 4
  * Best hit: [id=20_internal_6598, d=-194722, pv=0.0212393, s=-0.1815]

Processing phenotype [ENSG00000226143.1] [93/330]
  * #variants in cis = 4
  * Best hit: [id=20_internal_4925, d=-198744, pv=0.0284444, s=0.1779]

Processing phenotype [ENSG00000101049.10] [94/330]
  * #variants in cis = 4
  * Best hit: [id=20_internal_6598, d=159326, pv=0.267292, s=-0.0921]

Processing phenotype [ENSG00000101052.8] [95/330]
  * #variants in cis = 4
  * Best hit: [id=20_internal_6171, d=345764, pv=0.259449, s=0.0917]

Processing phenotype [ENSG00000101057.11] [96/330]
  * #variants in cis = 8
  * Best hit: [id=20_internal_4802, d=947369, pv=0.176973, s=0.1072]

Processing phenotype [ENSG00000124191.12] [97/330]
  * #variants in cis = 8
  * Best hit: [id=20_internal_4925, d=0, pv=6.29651e-05, s=0.3051]

Processing phenotype [ENSG00000132823.6] [98/330]
  * #variants in cis = 9
  * Best hit: [id=20_internal_5001, d=-398322, pv=0.0573534, s=0.1526]

Processing phenotype [ENSG00000223891.1] [99/330]
  * #variants in cis = 9
  * Best hit: [id=20_internal_5447, d=884814, pv=0.159554, s=0.1028]

Processing phenotype [ENSG00000124194.11] [100/330]
  * #variants in cis = 9
  * Best hit: [id=20_internal_4802, d=367236, pv=0.0235228, s=0.1798]

Processing phenotype [ENSG00000197296.5] [101/330]
  * #variants in cis = 9
  * Best hit: [id=20_internal_4825, d=385277, pv=0.0774494, s=0.1402]

Processing phenotype [ENSG00000226243.1] [102/330]
  * #variants in cis = 9
  * Best hit: [id=20_internal_6171, d=385503, pv=0.0513788, s=-0.1579]

Processing phenotype [ENSG00000124120.6] [103/330]
  * #variants in cis = 9
  * Best hit: [id=20_internal_5447, d=619888, pv=0.0919596, s=0.1340]

Processing phenotype [ENSG00000132824.9] [104/330]
  * #variants in cis = 9
  * Best hit: [id=20_internal_4802, d=-92373, pv=0.00583465, s=0.2228]

Processing phenotype [ENSG00000168734.9] [105/330]
  * #variants in cis = 9
  * Best hit: [id=20_internal_6171, d=-450447, pv=0.021287, s=0.1873]

Processing phenotype [ENSG00000196839.8] [106/330]
  * #variants in cis = 9
  * Best hit: [id=20_internal_6171, d=570895, pv=0.009648, s=-0.2018]

Processing phenotype [ENSG00000132832.5] [107/330]
  * #variants in cis = 9
  * Best hit: [id=20_internal_4802, d=76729, pv=0.0252804, s=0.1726]

Processing phenotype [ENSG00000263911.1] [108/330]
  * #variants in cis = 8
  * Best hit: [id=20_internal_4802, d=261767, pv=0.0302089, s=-0.1747]

Processing phenotype [ENSG00000166913.8] [109/330]
  * #variants in cis = 8
  * Best hit: [id=20_internal_5001, d=-212312, pv=0.132242, s=0.1220]

Processing phenotype [ENSG00000101104.8] [110/330]
  * #variants in cis = 8
  * Best hit: [id=20_internal_5103, d=-237283, pv=0.148019, s=0.1154]

Processing phenotype [ENSG00000025772.7] [111/330]
  * #variants in cis = 7
  * Best hit: [id=20_internal_5447, d=-135287, pv=0.306894, s=-0.0792]

Processing phenotype [ENSG00000227477.1] [112/330]
  * #variants in cis = 7
  * Best hit: [id=20_internal_6171, d=885064, pv=0.0959326, s=-0.1367]

Processing phenotype [ENSG00000101109.7] [113/330]
  * #variants in cis = 7
  * Best hit: [id=20_internal_6171, d=-885136, pv=0.0508136, s=0.1528]

Processing phenotype [ENSG00000252021.1] [114/330]
  * #variants in cis = 7
  * Best hit: [id=20_internal_4963, d=-401778, pv=0.0562784, s=0.1555]

Processing phenotype [ENSG00000124134.4] [115/330]
  * #variants in cis = 5
  * Best hit: [id=20_internal_4802, d=481745, pv=0.160659, s=-0.1068]

Processing phenotype [ENSG00000124107.5] [116/330]
  * #variants in cis = 5
  * Best hit: [id=20_internal_5001, d=581200, pv=0.193773, s=0.1007]

Processing phenotype [ENSG00000124145.5] [117/330]
  * #variants in cis = 5
  * Best hit: [id=20_internal_4963, d=745853, pv=0.075142, s=-0.1376]

Processing phenotype [ENSG00000204070.5] [118/330]
  * #variants in cis = 5
  * Best hit: [id=20_internal_5001, d=-688572, pv=0.151764, s=0.1132]

Processing phenotype [ENSG00000254806.1] [119/330]
  * #variants in cis = 5
  * Best hit: [id=20_internal_4802, d=-743832, pv=0.0723951, s=-0.1384]

Processing phenotype [ENSG00000232880.1] [120/330]
  * #variants in cis = 5
  * Best hit: [id=20_internal_5447, d=287264, pv=0.0868493, s=0.1327]

Processing phenotype [ENSG00000244274.3] [121/330]
  * #variants in cis = 6
  * Best hit: [id=20_internal_4802, d=-786689, pv=0.0301818, s=-0.1682]

Processing phenotype [ENSG00000124251.6] [122/330]
  * #variants in cis = 6
  * Best hit: [id=20_internal_4963, d=805318, pv=0.0150873, s=0.1923]

Processing phenotype [ENSG00000124155.11] [123/330]
  * #variants in cis = 6
  * Best hit: [id=20_internal_5103, d=-743287, pv=0.209648, s=-0.0996]

Processing phenotype [ENSG00000269549.1] [124/330]
  * #variants in cis = 6
  * Best hit: [id=20_internal_5885, d=952481, pv=0.0750668, s=-0.1407]

Processing phenotype [ENSG00000234011.2] [125/330]
  * #variants in cis = 6
  * Best hit: [id=20_internal_5885, d=950510, pv=0.0770875, s=-0.1393]

Processing phenotype [ENSG00000235508.2] [126/330]
  * #variants in cis = 4
  * Best hit: [id=20_internal_5001, d=968004, pv=0.240055, s=0.0926]

Processing phenotype [ENSG00000124116.14] [127/330]
  * #variants in cis = 2
  * Best hit: [id=20_internal_5447, d=690490, pv=0.273615, s=0.0892]

Processing phenotype [ENSG00000101457.8] [128/330]
  * #variants in cis = 2
  * Best hit: [id=20_internal_5447, d=-690495, pv=0.0839279, s=-0.1378]

Processing phenotype [ENSG00000175063.12] [129/330]
  * #variants in cis = 2
  * Best hit: [id=20_internal_5447, d=-711134, pv=0.856134, s=-0.0145]

Processing phenotype [ENSG00000101470.5] [130/330]
  * #variants in cis = 2
  * Best hit: [id=20_internal_5447, d=732303, pv=0.450765, s=0.0614]

Processing phenotype [ENSG00000124104.14] [131/330]
  * #variants in cis = 2
  * Best hit: [id=20_internal_5447, d=-732368, pv=0.174567, s=0.1045]

Processing phenotype [ENSG00000101473.12] [132/330]
  * #variants in cis = 2
  * Best hit: [id=20_internal_5447, d=755964, pv=0.272635, s=0.0837]

Processing phenotype [ENSG00000132801.5] [133/330]
  * #variants in cis = 2
  * Best hit: [id=20_internal_5885, d=540296, pv=0.247226, s=0.0920]

Processing phenotype [ENSG00000168612.4] [134/330]
  * #variants in cis = 2
  * Best hit: [id=20_internal_5447, d=-779785, pv=0.357997, s=-0.0741]

Processing phenotype [ENSG00000149634.4] [135/330]
  * #variants in cis = 2
  * Best hit: [id=20_internal_5447, d=786193, pv=0.192152, s=-0.1009]

Processing phenotype [ENSG00000064601.11] [136/330]
  * #variants in cis = 2
  * Best hit: [id=20_internal_5885, d=506961, pv=0.753137, s=-0.0259]

Processing phenotype [ENSG00000124257.6] [137/330]
  * #variants in cis = 2
  * Best hit: [id=20_internal_5447, d=789845, pv=0.189784, s=0.1072]

Processing phenotype [ENSG00000100979.10] [138/330]
  * #variants in cis = 2
  * Best hit: [id=20_internal_5885, d=-485758, pv=0.529342, s=-0.0508]

Processing phenotype [ENSG00000100982.7] [139/330]
  * #variants in cis = 2
  * Best hit: [id=20_internal_5447, d=-833186, pv=0.645723, s=0.0345]

Processing phenotype [ENSG00000198026.6] [140/330]
  * #variants in cis = 2
  * Best hit: [id=20_internal_5885, d=-425719, pv=0.260989, s=0.0849]

Processing phenotype [ENSG00000100985.7] [141/330]
  * #variants in cis = 2
  * Best hit: [id=20_internal_5447, d=-907466, pv=0.130741, s=0.1184]

Processing phenotype [ENSG00000124140.7] [142/330]
  * #variants in cis = 2
  * Best hit: [id=20_internal_5447, d=-920248, pv=0.139579, s=0.1145]

Processing phenotype [ENSG00000204044.5] [143/330]
  * #variants in cis = 2
  * Best hit: [id=20_internal_5447, d=920631, pv=0.0951493, s=0.1315]

Processing phenotype [ENSG00000124160.7] [144/330]
  * #variants in cis = 2
  * Best hit: [id=20_internal_5447, d=988510, pv=0.613144, s=0.0413]

Processing phenotype [ENSG00000101017.9] [145/330]
  * #variants in cis = 1
  * Best hit: [id=20_internal_5885, d=279641, pv=0.776199, s=-0.0222]

Processing phenotype [ENSG00000080189.10] [146/330]
  * #variants in cis = 3
  * Best hit: [id=20_internal_5885, d=-33509, pv=0.597126, s=0.0396]

Processing phenotype [ENSG00000062598.13] [147/330]
  * #variants in cis = 3
  * Best hit: [id=20_internal_5885, d=21326, pv=0.0143148, s=0.1946]

Processing phenotype [ENSG00000198185.7] [148/330]
  * #variants in cis = 3
  * Best hit: [id=20_internal_5885, d=101820, pv=0.559116, s=-0.0462]

Processing phenotype [ENSG00000158296.9] [149/330]
  * #variants in cis = 4
  * Best hit: [id=20_internal_5019, d=-626900, pv=0.176207, s=0.1090]

Processing phenotype [ENSG00000172315.5] [150/330]
  * #variants in cis = 4
  * Best hit: [id=20_internal_4608, d=-625084, pv=0.297491, s=0.0818]

Processing phenotype [ENSG00000267882.1] [151/330]
  * #variants in cis = 5
  * Best hit: [id=20_internal_4854, d=404296, pv=0.251604, s=-0.0886]

Processing phenotype [ENSG00000231119.2] [152/330]
  * #variants in cis = 5
  * Best hit: [id=20_internal_5019, d=0, pv=0.430097, s=0.0659]

Processing phenotype [ENSG00000101040.15] [153/330]
  * #variants in cis = 5
  * Best hit: [id=20_internal_4943, d=-172601, pv=0.0282383, s=-0.1729]

Processing phenotype [ENSG00000124151.13] [154/330]
  * #variants in cis = 5
  * Best hit: [id=20_internal_4943, d=27567, pv=0.0399242, s=0.1652]

Processing phenotype [ENSG00000229853.1] [155/330]
  * #variants in cis = 5
  * Best hit: [id=20_internal_4943, d=68867, pv=0.210026, s=0.1005]

Processing phenotype [ENSG00000255438.2] [156/330]
  * #variants in cis = 5
  * Best hit: [id=20_internal_4854, d=44897, pv=5.89041e-18, s=0.5854]

Processing phenotype [ENSG00000196562.10] [157/330]
  * #variants in cis = 5
  * Best hit: [id=20_internal_4854, d=33917, pv=1.53505e-18, s=0.6054]

Processing phenotype [ENSG00000251876.1] [158/330]
  * #variants in cis = 3
  * Best hit: [id=20_internal_7400, d=0, pv=0.0489702, s=0.1587]

Processing phenotype [ENSG00000124126.9] [159/330]
  * #variants in cis = 2
  * Best hit: [id=20_internal_7400, d=0, pv=0.00162839, s=0.2500]

Processing phenotype [ENSG00000124198.8] [160/330]
  * #variants in cis = 2
  * Best hit: [id=20_internal_4620, d=17316, pv=0.541451, s=-0.0496]

Processing phenotype [ENSG00000230758.1] [161/330]
  * #variants in cis = 2
  * Best hit: [id=20_internal_7400, d=132960, pv=0.524519, s=-0.0509]

Processing phenotype [ENSG00000227431.1] [162/330]
  * #variants in cis = 2
  * Best hit: [id=20_internal_4620, d=105073, pv=0.140665, s=0.1162]

Processing phenotype [ENSG00000124207.12] [163/330]
  * #variants in cis = 2
  * Best hit: [id=20_internal_7400, d=-140670, pv=0.443486, s=-0.0615]

Processing phenotype [ENSG00000226284.1] [164/330]
  * #variants in cis = 2
  * Best hit: [id=20_internal_7400, d=-228838, pv=0.642334, s=0.0374]

Processing phenotype [ENSG00000124214.15] [165/330]
  * #variants in cis = 2
  * Best hit: [id=20_internal_7400, d=282725, pv=0.289484, s=-0.0848]

Processing phenotype [ENSG00000124228.10] [166/330]
  * #variants in cis = 2
  * Best hit: [id=20_internal_4620, d=-278376, pv=0.56147, s=0.0465]

Processing phenotype [ENSG00000177410.8] [167/330]
  * #variants in cis = 2
  * Best hit: [id=20_internal_7400, d=-372536, pv=0.495989, s=0.0533]

Processing phenotype [ENSG00000124201.10] [168/330]
  * #variants in cis = 2
  * Best hit: [id=20_internal_4620, d=337455, pv=0.724375, s=-0.0288]

Processing phenotype [ENSG00000209042.1] [169/330]
  * #variants in cis = 2
  * Best hit: [id=20_internal_4620, d=-337969, pv=0.153309, s=0.1136]

Processing phenotype [ENSG00000222365.1] [170/330]
  * #variants in cis = 2
  * Best hit: [id=20_internal_4620, d=-339348, pv=0.0946317, s=0.1285]

Processing phenotype [ENSG00000212304.1] [171/330]
  * #variants in cis = 2
  * Best hit: [id=20_internal_4620, d=-339712, pv=0.0065782, s=0.2162]

Processing phenotype [ENSG00000158470.5] [172/330]
  * #variants in cis = 3
  * Best hit: [id=20_internal_7400, d=808236, pv=0.0245396, s=0.1856]

Processing phenotype [ENSG00000252540.1] [173/330]
  * #variants in cis = 3
  * Best hit: [id=20_internal_7400, d=-889169, pv=0.364228, s=-0.0691]

Processing phenotype [ENSG00000197818.7] [174/330]
  * #variants in cis = 4
  * Best hit: [id=20_internal_5326, d=991527, pv=0.501969, s=-0.0545]

Processing phenotype [ENSG00000252123.1] [175/330]
  * #variants in cis = 4
  * Best hit: [id=20_internal_5326, d=976248, pv=0.0622175, s=-0.1491]

Processing phenotype [ENSG00000237788.1] [176/330]
  * #variants in cis = 4
  * Best hit: [id=20_internal_7400, d=-923483, pv=0.42937, s=0.0627]

Processing phenotype [ENSG00000158480.6] [177/330]
  * #variants in cis = 4
  * Best hit: [id=20_internal_5568, d=-991985, pv=0.054144, s=0.1494]

Processing phenotype [ENSG00000124226.7] [178/330]
  * #variants in cis = 4
  * Best hit: [id=20_internal_5326, d=867829, pv=0.416923, s=0.0659]

Processing phenotype [ENSG00000239157.1] [179/330]
  * #variants in cis = 4
  * Best hit: [id=20_internal_5568, d=-967128, pv=0.250861, s=0.0915]

Processing phenotype [ENSG00000229222.1] [180/330]
  * #variants in cis = 3
  * Best hit: [id=20_internal_5568, d=950783, pv=0.550722, s=0.0477]

Processing phenotype [ENSG00000124216.3] [181/330]
  * #variants in cis = 3
  * Best hit: [id=20_internal_5326, d=821241, pv=0.069346, s=0.1393]

Processing phenotype [ENSG00000244687.7] [182/330]
  * #variants in cis = 3
  * Best hit: [id=20_internal_5568, d=-791569, pv=0.548319, s=0.0461]

Processing phenotype [ENSG00000124208.16] [183/330]
  * #variants in cis = 3
  * Best hit: [id=20_internal_5326, d=-650603, pv=0.303662, s=-0.0805]

Processing phenotype [ENSG00000240849.6] [184/330]
  * #variants in cis = 3
  * Best hit: [id=20_internal_5845, d=-188971, pv=0.107843, s=-0.1267]

Processing phenotype [ENSG00000234698.1] [185/330]
  * #variants in cis = 3
  * Best hit: [id=20_internal_5326, d=637878, pv=0.27027, s=-0.0857]

Processing phenotype [ENSG00000172216.4] [186/330]
  * #variants in cis = 3
  * Best hit: [id=20_internal_5845, d=151930, pv=0.281884, s=0.0828]

Processing phenotype [ENSG00000224397.1] [187/330]
  * #variants in cis = 3
  * Best hit: [id=20_internal_5326, d=536754, pv=0.271627, s=-0.0885]

Processing phenotype [ENSG00000203999.4] [188/330]
  * #variants in cis = 3
  * Best hit: [id=20_internal_5845, d=50049, pv=0.0630454, s=0.1460]

Processing phenotype [ENSG00000233077.1] [189/330]
  * #variants in cis = 3
  * Best hit: [id=20_internal_5845, d=-21427, pv=0.0837001, s=0.1349]

Processing phenotype [ENSG00000244376.2] [190/330]
  * #variants in cis = 3
  * Best hit: [id=20_internal_5568, d=-478045, pv=0.0850608, s=-0.1368]

Processing phenotype [ENSG00000196396.5] [191/330]
  * #variants in cis = 5
  * Best hit: [id=20_internal_5340, d=980570, pv=0.367282, s=0.0715]

Processing phenotype [ENSG00000239742.2] [192/330]
  * #variants in cis = 6
  * Best hit: [id=20_internal_5468, d=-967199, pv=0.0151994, s=-0.1941]

Processing phenotype [ENSG00000201501.1] [193/330]
  * #variants in cis = 6
  * Best hit: [id=20_internal_5326, d=241231, pv=0.390417, s=0.0703]

Processing phenotype [ENSG00000232043.1] [194/330]
  * #variants in cis = 6
  * Best hit: [id=20_internal_5468, d=-947156, pv=0.0736041, s=-0.1416]

Processing phenotype [ENSG00000208018.1] [195/330]
  * #variants in cis = 6
  * Best hit: [id=20_internal_5468, d=939411, pv=0.055866, s=-0.1579]

Processing phenotype [ENSG00000042062.7] [196/330]
  * #variants in cis = 6
  * Best hit: [id=20_internal_5568, d=-216000, pv=0.258355, s=0.0946]

Processing phenotype [ENSG00000124171.4] [197/330]
  * #variants in cis = 6
  * Best hit: [id=20_internal_4750, d=759872, pv=0.000963239, s=0.2618]

Processing phenotype [ENSG00000124243.12] [198/330]
  * #variants in cis = 6
  * Best hit: [id=20_internal_4750, d=696522, pv=0.190675, s=0.1070]

Processing phenotype [ENSG00000230043.1] [199/330]
  * #variants in cis = 6
  * Best hit: [id=20_internal_4750, d=-650667, pv=0.327406, s=0.0811]

Processing phenotype [ENSG00000228663.1] [200/330]
  * #variants in cis = 6
  * Best hit: [id=20_internal_5340, d=577193, pv=0.110704, s=0.1279]

Processing phenotype [ENSG00000259456.1] [201/330]
  * #variants in cis = 6
  * Best hit: [id=20_internal_5845, d=-542682, pv=0.243346, s=-0.0925]

Processing phenotype [ENSG00000101126.9] [202/330]
  * #variants in cis = 6
  * Best hit: [id=20_internal_5340, d=-559503, pv=0.307384, s=0.0840]

Processing phenotype [ENSG00000000419.8] [203/330]
  * #variants in cis = 6
  * Best hit: [id=20_internal_4750, d=-532861, pv=0.364571, s=-0.0717]

Processing phenotype [ENSG00000124217.3] [204/330]
  * #variants in cis = 6
  * Best hit: [id=20_internal_5568, d=-47952, pv=0.17154, s=-0.1076]

Processing phenotype [ENSG00000101096.14] [205/330]
  * #variants in cis = 7
  * Best hit: [id=20_internal_5340, d=25073, pv=7.63887e-06, s=0.3557]

Processing phenotype [ENSG00000054793.9] [206/330]
  * #variants in cis = 8
  * Best hit: [id=20_internal_5468, d=235407, pv=0.0919462, s=0.1346]

Processing phenotype [ENSG00000233347.1] [207/330]
  * #variants in cis = 6
  * Best hit: [id=20_internal_5468, d=577822, pv=0.137083, s=0.1160]

Processing phenotype [ENSG00000020256.15] [208/330]
  * #variants in cis = 6
  * Best hit: [id=20_internal_6173, d=-101080, pv=0.00203152, s=0.2359]

Processing phenotype [ENSG00000182463.8] [209/330]
  * #variants in cis = 8
  * Best hit: [id=20_internal_7496, d=0, pv=1.4547e-05, s=0.3434]

Processing phenotype [ENSG00000197670.5] [210/330]
  * #variants in cis = 8
  * Best hit: [id=20_internal_5728, d=-875160, pv=0.000888326, s=0.2590]

Processing phenotype [ENSG00000235415.1] [211/330]
  * #variants in cis = 8
  * Best hit: [id=20_internal_5350, d=282289, pv=0.337848, s=0.0770]

Processing phenotype [ENSG00000171940.9] [212/330]
  * #variants in cis = 8
  * Best hit: [id=20_internal_4947, d=0, pv=0.226519, s=0.0940]

Processing phenotype [ENSG00000241721.1] [213/330]
  * #variants in cis = 7
  * Best hit: [id=20_internal_5350, d=-15086, pv=7.28752e-05, s=0.2876]

Processing phenotype [ENSG00000236352.1] [214/330]
  * #variants in cis = 7
  * Best hit: [id=20_internal_6290, d=-238240, pv=0.00379677, s=-0.2274]

Processing phenotype [ENSG00000064787.8] [215/330]
  * #variants in cis = 7
  * Best hit: [id=20_internal_5350, d=125936, pv=0.000169939, s=0.2981]

Processing phenotype [ENSG00000101132.5] [216/330]
  * #variants in cis = 7
  * Best hit: [id=20_internal_5211, d=-801887, pv=0.0416114, s=0.1710]

Processing phenotype [ENSG00000185834.9] [217/330]
  * #variants in cis = 0

Processing phenotype [ENSG00000124098.9] [218/330]
  * #variants in cis = 2
  * Best hit: [id=20_internal_5025, d=122362, pv=0.221845, s=0.1008]

Processing phenotype [ENSG00000087586.13] [219/330]
  * #variants in cis = 2
  * Best hit: [id=20_internal_4778, d=-42606, pv=0.608513, s=-0.0415]

Processing phenotype [ENSG00000101138.7] [220/330]
  * #variants in cis = 2
  * Best hit: [id=20_internal_5025, d=88906, pv=0.0971476, s=0.1335]

Processing phenotype [ENSG00000087589.12] [221/330]
  * #variants in cis = 2
  * Best hit: [id=20_internal_5025, d=69165, pv=0.00272083, s=0.2375]

Processing phenotype [ENSG00000228601.1] [222/330]
  * #variants in cis = 2
  * Best hit: [id=20_internal_5025, d=-21694, pv=0.0390059, s=0.1691]

Processing phenotype [ENSG00000212084.2] [223/330]
  * #variants in cis = 2
  * Best hit: [id=20_internal_5025, d=-20920, pv=0.00886576, s=0.2060]

Processing phenotype [ENSG00000022277.8] [224/330]
  * #variants in cis = 2
  * Best hit: [id=20_internal_5025, d=12686, pv=0.198606, s=0.1057]

Processing phenotype [ENSG00000238294.1] [225/330]
  * #variants in cis = 2
  * Best hit: [id=20_internal_5025, d=5634, pv=0.0814774, s=-0.1352]

Processing phenotype [ENSG00000124103.8] [226/330]
  * #variants in cis = 2
  * Best hit: [id=20_internal_4778, d=-73701, pv=0.12935, s=0.1201]

Processing phenotype [ENSG00000179467.1] [227/330]
  * #variants in cis = 2
  * Best hit: [id=20_internal_4778, d=-78871, pv=0.00403961, s=0.2305]

Processing phenotype [ENSG00000124091.5] [228/330]
  * #variants in cis = 2
  * Best hit: [id=20_internal_5025, d=19204, pv=0.00356247, s=0.2358]

Processing phenotype [ENSG00000213714.1] [229/330]
  * #variants in cis = 2
  * Best hit: [id=20_internal_5025, d=-26525, pv=0.032774, s=0.1735]

Processing phenotype [ENSG00000214541.3] [230/330]
  * #variants in cis = 2
  * Best hit: [id=20_internal_4778, d=-158215, pv=0.592528, s=-0.0439]

Processing phenotype [ENSG00000101146.8] [231/330]
  * #variants in cis = 5
  * Best hit: [id=20_internal_5366, d=900440, pv=0.054524, s=-0.1400]

Processing phenotype [ENSG00000228995.1] [232/330]
  * #variants in cis = 5
  * Best hit: [id=20_internal_4778, d=914883, pv=0.115082, s=-0.1310]

Processing phenotype [ENSG00000256222.1] [233/330]
  * #variants in cis = 5
  * Best hit: [id=20_internal_5666, d=-876787, pv=0.0642408, s=0.1472]

Processing phenotype [ENSG00000132819.12] [234/330]
  * #variants in cis = 5
  * Best hit: [id=20_internal_5025, d=-884686, pv=0.0256722, s=-0.1756]

Processing phenotype [ENSG00000218018.2] [235/330]
  * #variants in cis = 5
  * Best hit: [id=20_internal_5025, d=886341, pv=0.0326779, s=-0.1758]

Processing phenotype [ENSG00000124256.10] [236/330]
  * #variants in cis = 3
  * Best hit: [id=20_internal_5073, d=-630986, pv=0.467717, s=-0.0586]

Processing phenotype [ENSG00000124225.11] [237/330]
  * #variants in cis = 4
  * Best hit: [id=20_internal_5073, d=-540026, pv=0.199592, s=0.1035]

Processing phenotype [ENSG00000124224.11] [238/330]
  * #variants in cis = 7
  * Best hit: [id=20_internal_5073, d=51960, pv=0.0037843, s=0.2298]

Processing phenotype [ENSG00000124209.3] [239/330]
  * #variants in cis = 7
  * Best hit: [id=20_internal_5010, d=910625, pv=0.00362065, s=0.2295]

Processing phenotype [ENSG00000124164.11] [240/330]
  * #variants in cis = 7
  * Best hit: [id=20_internal_4760, d=237615, pv=0.0487736, s=0.1550]

Processing phenotype [ENSG00000198768.6] [241/330]
  * #variants in cis = 7
  * Best hit: [id=20_internal_4760, d=-111606, pv=0.0989815, s=-0.1349]

Processing phenotype [ENSG00000231290.1] [242/330]
  * #variants in cis = 7
  * Best hit: [id=20_internal_6512, d=602049, pv=0.0691392, s=-0.1465]

Processing phenotype [ENSG00000124222.15] [243/330]
  * #variants in cis = 7
  * Best hit: [id=20_internal_5209, d=522515, pv=0.0668484, s=0.1484]

Processing phenotype [ENSG00000254995.4] [244/330]
  * #variants in cis = 7
  * Best hit: [id=20_internal_5209, d=522353, pv=0.0816973, s=0.1417]

Processing phenotype [ENSG00000215440.7] [245/330]
  * #variants in cis = 7
  * Best hit: [id=20_internal_6512, d=428297, pv=0.00841482, s=0.2111]

Processing phenotype [ENSG00000254419.1] [246/330]
  * #variants in cis = 7
  * Best hit: [id=20_internal_6512, d=406633, pv=0.0195161, s=0.1830]

Processing phenotype [ENSG00000087460.17] [247/330]
  * #variants in cis = 7
  * Best hit: [id=20_internal_5010, d=380604, pv=0.0156781, s=0.1949]

Processing phenotype [ENSG00000225806.2] [248/330]
  * #variants in cis = 7
  * Best hit: [id=20_internal_4760, d=253296, pv=0.0365496, s=0.1646]

Processing phenotype [ENSG00000101158.7] [249/330]
  * #variants in cis = 7
  * Best hit: [id=20_internal_5666, d=-670109, pv=0.442672, s=0.0596]

Processing phenotype [ENSG00000101160.9] [250/330]
  * #variants in cis = 7
  * Best hit: [id=20_internal_5209, d=-166541, pv=0.0887717, s=0.1350]

Processing phenotype [ENSG00000101162.3] [251/330]
  * #variants in cis = 7
  * Best hit: [id=20_internal_5010, d=201068, pv=0.219894, s=-0.1013]

Processing phenotype [ENSG00000124172.5] [252/330]
  * #variants in cis = 7
  * Best hit: [id=20_internal_4760, d=396869, pv=0.0622621, s=-0.1481]

Processing phenotype [ENSG00000101166.11] [253/330]
  * #variants in cis = 7
  * Best hit: [id=20_internal_5666, d=731777, pv=0.0374463, s=0.1645]

Processing phenotype [ENSG00000124203.5] [254/330]
  * #variants in cis = 8
  * Best hit: [id=20_internal_6512, d=0, pv=4.52126e-05, s=0.3204]

Processing phenotype [ENSG00000087495.12] [255/330]
  * #variants in cis = 5
  * Best hit: [id=20_internal_4760, d=-941996, pv=0.0354657, s=0.1622]

Processing phenotype [ENSG00000196074.7] [256/330]
  * #variants in cis = 4
  * Best hit: [id=20_internal_5209, d=750120, pv=0.154495, s=0.1153]

Processing phenotype [ENSG00000196227.6] [257/330]
  * #variants in cis = 4
  * Best hit: [id=20_internal_6512, d=-725541, pv=0.172, s=0.1110]

Processing phenotype [ENSG00000132825.5] [258/330]
  * #variants in cis = 4
  * Best hit: [id=20_internal_5209, d=756762, pv=0.108904, s=0.1260]

Processing phenotype [ENSG00000124215.12] [259/330]
  * #variants in cis = 4
  * Best hit: [id=20_internal_6106, d=119372, pv=0.0472385, s=0.1577]

Processing phenotype [ENSG00000176659.5] [260/330]
  * #variants in cis = 4
  * Best hit: [id=20_internal_6106, d=21863, pv=0.126869, s=0.1236]

Processing phenotype [ENSG00000228340.1] [261/330]
  * #variants in cis = 4
  * Best hit: [id=20_internal_6106, d=0, pv=0.172107, s=0.1075]

Processing phenotype [ENSG00000207802.1] [262/330]
  * #variants in cis = 2
  * Best hit: [id=20_internal_6106, d=-193550, pv=0.110535, s=0.1266]

Processing phenotype [ENSG00000229690.1] [263/330]
  * #variants in cis = 1
  * Best hit: [id=20_internal_6106, d=299948, pv=0.700871, s=0.0301]

Processing phenotype [ENSG00000235018.1] [264/330]
  * #variants in cis = 7
  * Best hit: [id=20_internal_5565, d=-995775, pv=0.334985, s=-0.0763]

Processing phenotype [ENSG00000130699.11] [265/330]
  * #variants in cis = 7
  * Best hit: [id=20_internal_5963, d=-656689, pv=0.177447, s=-0.1059]

Processing phenotype [ENSG00000149657.15] [266/330]
  * #variants in cis = 7
  * Best hit: [id=20_internal_6944, d=820669, pv=0.017264, s=0.1877]

Processing phenotype [ENSG00000101182.10] [267/330]
  * #variants in cis = 7
  * Best hit: [id=20_internal_4501, d=0, pv=0.000468888, s=0.2725]

Processing phenotype [ENSG00000184402.10] [268/330]
  * #variants in cis = 7
  * Best hit: [id=20_internal_5963, d=578733, pv=0.286908, s=0.0843]

Processing phenotype [ENSG00000101181.13] [269/330]
  * #variants in cis = 8
  * Best hit: [id=20_internal_5880, d=568678, pv=0.00731943, s=-0.2182]

Processing phenotype [ENSG00000130703.11] [270/330]
  * #variants in cis = 8
  * Best hit: [id=20_internal_6944, d=704606, pv=0.170956, s=-0.1018]

Processing phenotype [ENSG00000130706.8] [271/330]
  * #variants in cis = 9
  * Best hit: [id=20_internal_5565, d=731638, pv=0.239218, s=0.0952]

Processing phenotype [ENSG00000226332.2] [272/330]
  * #variants in cis = 9
  * Best hit: [id=20_internal_5880, d=-445382, pv=0.281453, s=0.0842]

Processing phenotype [ENSG00000130702.9] [273/330]
  * #variants in cis = 9
  * Best hit: [id=20_internal_5565, d=-666419, pv=0.046117, s=0.1575]

Processing phenotype [ENSG00000171858.13] [274/330]
  * #variants in cis = 9
  * Best hit: [id=20_internal_4501, d=-242196, pv=0.0749218, s=0.1424]

Processing phenotype [ENSG00000149679.7] [275/330]
  * #variants in cis = 9
  * Best hit: [id=20_internal_4639, d=-750695, pv=0.00183981, s=-0.2499]

Processing phenotype [ENSG00000101187.11] [276/330]
  * #variants in cis = 10
  * Best hit: [id=20_internal_4501, d=-553821, pv=0.0223209, s=-0.1858]

Processing phenotype [ENSG00000167046.4] [277/330]
  * #variants in cis = 10
  * Best hit: [id=20_internal_5045, d=-909071, pv=0.0330388, s=0.1612]

Processing phenotype [ENSG00000101188.4] [278/330]
  * #variants in cis = 10
  * Best hit: [id=20_internal_5880, d=0, pv=3.48857e-23, s=0.6650]

Processing phenotype [ENSG00000223669.1] [279/330]
  * #variants in cis = 10
  * Best hit: [id=20_internal_5880, d=0, pv=1.83696e-12, s=0.5062]

Processing phenotype [ENSG00000101189.5] [280/330]
  * #variants in cis = 10
  * Best hit: [id=20_internal_5963, d=-50251, pv=0.0302759, s=0.1790]

Processing phenotype [ENSG00000060491.11] [281/330]
  * #variants in cis = 10
  * Best hit: [id=20_internal_5045, d=747540, pv=0.00396361, s=0.2352]

Processing phenotype [ENSG00000229873.1] [282/330]
  * #variants in cis = 10
  * Best hit: [id=20_internal_5045, d=-746788, pv=0.0549548, s=0.1508]

Processing phenotype [ENSG00000092758.11] [283/330]
  * #variants in cis = 10
  * Best hit: [id=20_internal_4654, d=-70027, pv=0.0360067, s=0.1611]

Processing phenotype [ENSG00000233838.4] [284/330]
  * #variants in cis = 10
  * Best hit: [id=20_internal_6591, d=-208147, pv=0.0282615, s=-0.1701]

Processing phenotype [ENSG00000101190.8] [285/330]
  * #variants in cis = 10
  * Best hit: [id=20_internal_5880, d=124664, pv=0.00773324, s=0.2066]

Processing phenotype [ENSG00000101191.12] [286/330]
  * #variants in cis = 11
  * Best hit: [id=20_internal_5045, d=-614423, pv=0.0308996, s=0.1683]

Processing phenotype [ENSG00000101193.6] [287/330]
  * #variants in cis = 11
  * Best hit: [id=20_internal_5880, d=-201020, pv=0.00360598, s=-0.2258]

Processing phenotype [ENSG00000101194.13] [288/330]
  * #variants in cis = 11
  * Best hit: [id=20_internal_6944, d=0, pv=0.000293041, s=-0.2805]

Processing phenotype [ENSG00000149658.13] [289/330]
  * #variants in cis = 12
  * Best hit: [id=20_internal_6944, d=251163, pv=0.0562364, s=-0.1568]

Processing phenotype [ENSG00000101199.8] [290/330]
  * #variants in cis = 12
  * Best hit: [id=20_internal_4639, d=-55743, pv=0.0817333, s=0.1338]

Processing phenotype [ENSG00000101203.12] [291/330]
  * #variants in cis = 12
  * Best hit: [id=20_internal_6591, d=-656195, pv=0.0726941, s=0.1472]

Processing phenotype [ENSG00000125534.5] [292/330]
  * #variants in cis = 12
  * Best hit: [id=20_internal_4768, d=416597, pv=0.0478196, s=0.1547]

Processing phenotype [ENSG00000101213.5] [293/330]
  * #variants in cis = 12
  * Best hit: [id=20_internal_4768, d=-399951, pv=0.0138958, s=0.1896]

Processing phenotype [ENSG00000125531.5] [294/330]
  * #variants in cis = 12
  * Best hit: [id=20_internal_5045, d=0, pv=0.0189848, s=0.1830]

Processing phenotype [ENSG00000241624.1] [295/330]
  * #variants in cis = 12
  * Best hit: [id=20_internal_5045, d=0, pv=7.43367e-06, s=0.3369]

Processing phenotype [ENSG00000130589.11] [296/330]
  * #variants in cis = 12
  * Best hit: [id=20_internal_5045, d=0, pv=1.39807e-08, s=0.4295]

Processing phenotype [ENSG00000101216.6] [297/330]
  * #variants in cis = 12
  * Best hit: [id=20_internal_5045, d=51803, pv=0.0543879, s=0.1483]

Processing phenotype [ENSG00000232442.1] [298/330]
  * #variants in cis = 12
  * Best hit: [id=20_internal_6944, d=-662157, pv=0.0106913, s=-0.1940]

Processing phenotype [ENSG00000197457.5] [299/330]
  * #variants in cis = 11
  * Best hit: [id=20_internal_5880, d=916329, pv=0.00217076, s=0.2537]

Processing phenotype [ENSG00000258366.3] [300/330]
  * #variants in cis = 11
  * Best hit: [id=20_internal_5880, d=-920712, pv=0.0422439, s=0.1571]

Processing phenotype [ENSG00000026036.16] [301/330]
  * #variants in cis = 11
  * Best hit: [id=20_internal_5880, d=-922202, pv=0.0320777, s=0.1612]

Processing phenotype [ENSG00000243509.4] [302/330]
  * #variants in cis = 11
  * Best hit: [id=20_internal_6944, d=-731598, pv=0.000376155, s=0.2811]

Processing phenotype [ENSG00000197114.6] [303/330]
  * #variants in cis = 11
  * Best hit: [id=20_internal_5045, d=-132203, pv=0.195486, s=0.1019]

Processing phenotype [ENSG00000101246.14] [304/330]
  * #variants in cis = 11
  * Best hit: [id=20_internal_6944, d=742932, pv=0.0285001, s=0.1754]

Processing phenotype [ENSG00000203896.5] [305/330]
  * #variants in cis = 11
  * Best hit: [id=20_internal_4676, d=-459912, pv=0.205748, s=0.1009]

Processing phenotype [ENSG00000125520.8] [306/330]
  * #variants in cis = 10
  * Best hit: [id=20_internal_4654, d=-992054, pv=0.0730116, s=0.1410]

Processing phenotype [ENSG00000229299.2] [307/330]
  * #variants in cis = 10
  * Best hit: [id=20_internal_4768, d=192632, pv=0.0378642, s=0.1561]

Processing phenotype [ENSG00000231208.3] [308/330]
  * #variants in cis = 8
  * Best hit: [id=20_internal_6387, d=201578, pv=0.0917905, s=0.1364]

Processing phenotype [ENSG00000130584.6] [309/330]
  * #variants in cis = 8
  * Best hit: [id=20_internal_4768, d=-106077, pv=0.0813183, s=0.1373]

Processing phenotype [ENSG00000183260.5] [310/330]
  * #variants in cis = 8
  * Best hit: [id=20_internal_5045, d=-285975, pv=0.0152431, s=0.1904]

Processing phenotype [ENSG00000268858.1] [311/330]
  * #variants in cis = 8
  * Best hit: [id=20_internal_5565, d=851229, pv=0.0793845, s=0.1364]

Processing phenotype [ENSG00000101150.11] [312/330]
  * #variants in cis = 8
  * Best hit: [id=20_internal_4676, d=-589693, pv=0.0827447, s=0.1350]

Processing phenotype [ENSG00000101152.6] [313/330]
  * #variants in cis = 8
  * Best hit: [id=20_internal_4676, d=-619615, pv=0.312083, s=-0.0809]

Processing phenotype [ENSG00000199805.1] [314/330]
  * #variants in cis = 8
  * Best hit: [id=20_internal_6387, d=100699, pv=0.154743, s=0.1140]

Processing phenotype [ENSG00000216141.2] [315/330]
  * #variants in cis = 8
  * Best hit: [id=20_internal_6387, d=90173, pv=0.0268369, s=0.1752]

Processing phenotype [ENSG00000216195.2] [316/330]
  * #variants in cis = 8
  * Best hit: [id=20_internal_5045, d=-344494, pv=0.0459633, s=0.1568]

Processing phenotype [ENSG00000215946.2] [317/330]
  * #variants in cis = 8
  * Best hit: [id=20_internal_6944, d=-954942, pv=0.185933, s=0.1060]

Processing phenotype [ENSG00000223010.1] [318/330]
  * #variants in cis = 8
  * Best hit: [id=20_internal_4639, d=724503, pv=0.0861807, s=0.1319]

Processing phenotype [ENSG00000207554.1] [319/330]
  * #variants in cis = 8
  * Best hit: [id=20_internal_6944, d=977656, pv=0.188949, s=-0.1018]

Processing phenotype [ENSG00000267848.1] [320/330]
  * #variants in cis = 8
  * Best hit: [id=20_internal_4676, d=-678104, pv=0.107878, s=0.1297]

Processing phenotype [ENSG00000198276.8] [321/330]
  * #variants in cis = 8
  * Best hit: [id=20_internal_4768, d=0, pv=0.00681322, s=0.2039]

Processing phenotype [ENSG00000130590.9] [322/330]
  * #variants in cis = 7
  * Best hit: [id=20_internal_5565, d=969373, pv=0.140522, s=-0.1187]

Processing phenotype [ENSG00000101161.6] [323/330]
  * #variants in cis = 7
  * Best hit: [id=20_internal_4639, d=-764094, pv=0.0380924, s=-0.1707]

Processing phenotype [ENSG00000196421.3] [324/330]
  * #variants in cis = 6
  * Best hit: [id=20_internal_4768, d=0, pv=0.0380179, s=-0.1610]

Processing phenotype [ENSG00000196700.3] [325/330]
  * #variants in cis = 6
  * Best hit: [id=20_internal_4768, d=0, pv=0.000317235, s=0.2657]

Processing phenotype [ENSG00000171703.12] [326/330]
  * #variants in cis = 6
  * Best hit: [id=20_internal_4676, d=-774286, pv=0.250816, s=0.0888]

Processing phenotype [ENSG00000171700.9] [327/330]
  * #variants in cis = 6
  * Best hit: [id=20_internal_5045, d=504732, pv=0.212401, s=0.0950]

Processing phenotype [ENSG00000125510.11] [328/330]
  * #variants in cis = 6
  * Best hit: [id=20_internal_4639, d=-863132, pv=0.150942, s=-0.1144]

Processing phenotype [ENSG00000171695.6] [329/330]
  * #variants in cis = 6
  * Best hit: [id=20_internal_4639, d=867318, pv=0.0174958, s=0.1830]

Processing phenotype [ENSG00000203880.6] [330/330]
  * #variants in cis = 5
  * Best hit: [id=20_internal_5045, d=-680457, pv=0.152114, s=-0.1108]

Running time: 1 seconds
