Sender: LSF System <lsfadmin@cpt10>
Subject: Job 974518: </data/unige/funpopgen/odelanea/SGX/V2/binaries/qtltools/bin/QTLtools cis --vcf /data/unige/funpopgen/grey2/SYSCID/BLUEPRINT_DATA/CRD/THREE_CELL_TYPES/CLOMICS/CELL_TYPE_COMPARISON_GENE_CRD_ASSOCIATIONS/quantify/72_vs_73_ALL.ALLchr.mean.txt.gz --bed /data/unige/funpopgen/grey2/SYSCID/BLUEPRINT_DATA/CRD/THREE_CELL_TYPES/QTL_TOOLS/EGAD00001002674_v3.0/EGAD00001002674_RNA.PC10.bed.gz --nominal /data/unige/funpopgen/grey2/SYSCID/BLUEPRINT_DATA/CRD/THREE_CELL_TYPES/CLOMICS/CELL_TYPE_COMPARISON_GENE_CRD_ASSOCIATIONS/mapping_aCRD_gene/72_vs_73/gene_CRD_mean_permutations.thresholds.txt --chunk 97 100 --out /data/unige/funpopgen/grey2/SYSCID/BLUEPRINT_DATA/CRD/THREE_CELL_TYPES/CLOMICS/CELL_TYPE_COMPARISON_GENE_CRD_ASSOCIATIONS/mapping_aCRD_gene/72_vs_73/mapping_gene_CRD_mean_chunk97\.txt> in cluster <ug> Done

Job </data/unige/funpopgen/odelanea/SGX/V2/binaries/qtltools/bin/QTLtools cis --vcf /data/unige/funpopgen/grey2/SYSCID/BLUEPRINT_DATA/CRD/THREE_CELL_TYPES/CLOMICS/CELL_TYPE_COMPARISON_GENE_CRD_ASSOCIATIONS/quantify/72_vs_73_ALL.ALLchr.mean.txt.gz --bed /data/unige/funpopgen/grey2/SYSCID/BLUEPRINT_DATA/CRD/THREE_CELL_TYPES/QTL_TOOLS/EGAD00001002674_v3.0/EGAD00001002674_RNA.PC10.bed.gz --nominal /data/unige/funpopgen/grey2/SYSCID/BLUEPRINT_DATA/CRD/THREE_CELL_TYPES/CLOMICS/CELL_TYPE_COMPARISON_GENE_CRD_ASSOCIATIONS/mapping_aCRD_gene/72_vs_73/gene_CRD_mean_permutations.thresholds.txt --chunk 97 100 --out /data/unige/funpopgen/grey2/SYSCID/BLUEPRINT_DATA/CRD/THREE_CELL_TYPES/CLOMICS/CELL_TYPE_COMPARISON_GENE_CRD_ASSOCIATIONS/mapping_aCRD_gene/72_vs_73/mapping_gene_CRD_mean_chunk97\.txt> was submitted from host <cpt01> by user <grey2> in cluster <ug>.
Job was executed on host(s) <cpt10>, in queue <normal>, as user <grey2> in cluster <ug>.
</home/grey2> was used as the home directory.
</data/unige/funpopgen/grey2/SYSCID/BLUEPRINT_DATA/CRD/THREE_CELL_TYPES/CLOMICS/CELL_TYPE_COMPARISON_GENE_CRD_ASSOCIATIONS> was used as the working directory.
Started at Thu Mar 21 13:44:49 2019
Results reported at Thu Mar 21 13:44:54 2019

Your job looked like:

------------------------------------------------------------
# LSBATCH: User input
/data/unige/funpopgen/odelanea/SGX/V2/binaries/qtltools/bin/QTLtools cis --vcf /data/unige/funpopgen/grey2/SYSCID/BLUEPRINT_DATA/CRD/THREE_CELL_TYPES/CLOMICS/CELL_TYPE_COMPARISON_GENE_CRD_ASSOCIATIONS/quantify/72_vs_73_ALL.ALLchr.mean.txt.gz --bed /data/unige/funpopgen/grey2/SYSCID/BLUEPRINT_DATA/CRD/THREE_CELL_TYPES/QTL_TOOLS/EGAD00001002674_v3.0/EGAD00001002674_RNA.PC10.bed.gz --nominal /data/unige/funpopgen/grey2/SYSCID/BLUEPRINT_DATA/CRD/THREE_CELL_TYPES/CLOMICS/CELL_TYPE_COMPARISON_GENE_CRD_ASSOCIATIONS/mapping_aCRD_gene/72_vs_73/gene_CRD_mean_permutations.thresholds.txt --chunk 97 100 --out /data/unige/funpopgen/grey2/SYSCID/BLUEPRINT_DATA/CRD/THREE_CELL_TYPES/CLOMICS/CELL_TYPE_COMPARISON_GENE_CRD_ASSOCIATIONS/mapping_aCRD_gene/72_vs_73/mapping_gene_CRD_mean_chunk97\.txt

------------------------------------------------------------

Successfully completed.

Resource usage summary:

    CPU time :               1.53 sec.
    Max Memory :             3.14 MB
    Average Memory :         3.14 MB
    Total Requested Memory : -
    Delta Memory :           -
    (Delta: the difference between total requested memory and actual max usage.)
    Max Swap :               32 MB

    Max Processes :          1
    Max Threads :            1

The output (if any) follows:


[32mQTLtools[0m
  * Authors : Olivier DELANEAU / Halit ONGEN / Emmanouil DERMITZAKIS
  * Contact : olivier.delaneau@gmail.com / halit.ongen@unige.ch / Emmanouil.Dermitzakis@unige.ch
  * Webpage : https://qtltools.github.io/qtltools/
  * Version : 1.1
  * Date    : 21/03/2019 - 13:44:52
  * Citation: A complete tool set for molecular QTL discovery and analysis, https://doi.org/10.1101/068635

[32mMAPPING QTL IN CIS[0m
  * TASK: Report all nominal associations with p below thresholds in [/data/unige/funpopgen/grey2/SYSCID/BLUEPRINT_DATA/CRD/THREE_CELL_TYPES/CLOMICS/CELL_TYPE_COMPARISON_GENE_CRD_ASSOCIATIONS/mapping_aCRD_gene/72_vs_73/gene_CRD_mean_permutations.thresholds.txt]
  * Linear model: Phe ~ Var
  * Cis-window size is 1000000 bp
  * Chunk = [97/100]

Scanning phenotype data in [/data/unige/funpopgen/grey2/SYSCID/BLUEPRINT_DATA/CRD/THREE_CELL_TYPES/QTL_TOOLS/EGAD00001002674_v3.0/EGAD00001002674_RNA.PC10.bed.gz]
  * 26159 phenotypes included
  * 13004 phenotypes are on the negative strand

Initialize random number generator
  * Built-in seed is 15112011
  * First Integer = 30554
  * First Double = 0.0126695

Reading sample list from [/data/unige/funpopgen/grey2/SYSCID/BLUEPRINT_DATA/CRD/THREE_CELL_TYPES/QTL_TOOLS/EGAD00001002674_v3.0/EGAD00001002674_RNA.PC10.bed.gz]
  * #samples = 194

Reading sample list from [/data/unige/funpopgen/grey2/SYSCID/BLUEPRINT_DATA/CRD/THREE_CELL_TYPES/CLOMICS/CELL_TYPE_COMPARISON_GENE_CRD_ASSOCIATIONS/quantify/72_vs_73_ALL.ALLchr.mean.txt.gz]
  * #samples = 160

Merging sample sets from all input files
  * #files = 2
  * #samples in all files = 158
  * #samples NOT in all files (i.e. ignored) = 38

Reading phenotype data in [/data/unige/funpopgen/grey2/SYSCID/BLUEPRINT_DATA/CRD/THREE_CELL_TYPES/QTL_TOOLS/EGAD00001002674_v3.0/EGAD00001002674_RNA.PC10.bed.gz]
  * target region [18:32957301-78005429]
  * 201 phenotypes included
  * 105 phenotypes are on the negative strand

Reading genotype data in [/data/unige/funpopgen/grey2/SYSCID/BLUEPRINT_DATA/CRD/THREE_CELL_TYPES/CLOMICS/CELL_TYPE_COMPARISON_GENE_CRD_ASSOCIATIONS/quantify/72_vs_73_ALL.ALLchr.mean.txt.gz]
  * File format detected: BED
  * 158 samples included
  * 4 samples without phenotype data
  * target region [18:31957301-79005429]
  * 45 variants included

Reading nominal thresholds in [/data/unige/funpopgen/grey2/SYSCID/BLUEPRINT_DATA/CRD/THREE_CELL_TYPES/CLOMICS/CELL_TYPE_COMPARISON_GENE_CRD_ASSOCIATIONS/mapping_aCRD_gene/72_vs_73/gene_CRD_mean_permutations.thresholds.txt]
  * #phenotypes set = 201

Processing phenotype [ENSG00000186496.6] [1/201]
  * #variants in cis = 1
  * Best hit: [id=18_internal_3007, d=270136, pv=0.373191, s=0.0694]

Processing phenotype [ENSG00000267583.1] [2/201]
  * #variants in cis = 1
  * Best hit: [id=18_internal_3007, d=359887, pv=0.311641, s=0.0796]

Processing phenotype [ENSG00000267140.1] [3/201]
  * #variants in cis = 1
  * Best hit: [id=18_internal_3007, d=390739, pv=0.138965, s=-0.1108]

Processing phenotype [ENSG00000153391.11] [4/201]
  * #variants in cis = 1
  * Best hit: [id=18_internal_3007, d=390790, pv=0.555542, s=-0.0475]

Processing phenotype [ENSG00000141429.8] [5/201]
  * #variants in cis = 1
  * Best hit: [id=18_internal_3007, d=-473838, pv=0.685404, s=0.0328]

Processing phenotype [ENSG00000266965.1] [6/201]
  * #variants in cis = 1
  * Best hit: [id=18_internal_3007, d=-488700, pv=0.396946, s=-0.0671]

Processing phenotype [ENSG00000267397.1] [7/201]
  * #variants in cis = 1
  * Best hit: [id=18_internal_3007, d=-609169, pv=0.982298, s=-0.0018]

Processing phenotype [ENSG00000141428.12] [8/201]
  * #variants in cis = 1
  * Best hit: [id=18_internal_3007, d=-864881, pv=0.164835, s=0.1067]

Processing phenotype [ENSG00000141425.13] [9/201]
  * #variants in cis = 1
  * Best hit: [id=18_internal_3007, d=960374, pv=0.117656, s=-0.1300]

Processing phenotype [ENSG00000141424.8] [10/201]
  * #variants in cis = 0

Processing phenotype [ENSG00000134759.9] [11/201]
  * #variants in cis = 0

Processing phenotype [ENSG00000260552.1] [12/201]
  * #variants in cis = 0

Processing phenotype [ENSG00000075643.5] [13/201]
  * #variants in cis = 0

Processing phenotype [ENSG00000134775.10] [14/201]
  * #variants in cis = 0

Processing phenotype [ENSG00000150477.9] [15/201]
  * #variants in cis = 0

Processing phenotype [ENSG00000134779.9] [16/201]
  * #variants in cis = 0

Processing phenotype [ENSG00000267039.1] [17/201]
  * #variants in cis = 0

Processing phenotype [ENSG00000267651.1] [18/201]
  * #variants in cis = 0

Processing phenotype [ENSG00000101489.13] [19/201]
  * #variants in cis = 0

Processing phenotype [ENSG00000175886.9] [20/201]
  * #variants in cis = 0

Processing phenotype [ENSG00000078142.7] [21/201]
  * #variants in cis = 1
  * Best hit: [id=18_internal_3224, d=157609, pv=0.264732, s=0.0885]

Processing phenotype [ENSG00000267088.1] [22/201]
  * #variants in cis = 1
  * Best hit: [id=18_internal_3224, d=23504, pv=0.373345, s=-0.0743]

Processing phenotype [ENSG00000267586.2] [23/201]
  * #variants in cis = 1
  * Best hit: [id=18_internal_3224, d=0, pv=0.94224, s=0.0057]

Processing phenotype [ENSG00000267414.1] [24/201]
  * #variants in cis = 3
  * Best hit: [id=18_internal_3224, d=287518, pv=0.137843, s=0.1213]

Processing phenotype [ENSG00000152217.12] [25/201]
  * #variants in cis = 3
  * Best hit: [id=18_internal_3229, d=-170393, pv=0.0855305, s=0.1363]

Processing phenotype [ENSG00000132874.9] [26/201]
  * #variants in cis = 4
  * Best hit: [id=18_internal_4292, d=439496, pv=0.00166115, s=0.2438]

Processing phenotype [ENSG00000141469.12] [27/201]
  * #variants in cis = 2
  * Best hit: [id=18_internal_3300, d=424612, pv=0.360965, s=0.0749]

Processing phenotype [ENSG00000197046.6] [28/201]
  * #variants in cis = 2
  * Best hit: [id=18_internal_4292, d=0, pv=0.0075687, s=0.2092]

Processing phenotype [ENSG00000152223.8] [29/201]
  * #variants in cis = 2
  * Best hit: [id=18_internal_4292, d=0, pv=7.02132e-07, s=0.3904]

Processing phenotype [ENSG00000222179.1] [30/201]
  * #variants in cis = 2
  * Best hit: [id=18_internal_4292, d=0, pv=0.0492552, s=0.1540]

Processing phenotype [ENSG00000267293.1] [31/201]
  * #variants in cis = 2
  * Best hit: [id=18_internal_4292, d=0, pv=6.64433e-05, s=0.3197]

Processing phenotype [ENSG00000152229.13] [32/201]
  * #variants in cis = 2
  * Best hit: [id=18_internal_4292, d=0, pv=5.52195e-06, s=0.3520]

Processing phenotype [ENSG00000252034.1] [33/201]
  * #variants in cis = 2
  * Best hit: [id=18_internal_3300, d=-71639, pv=0.678344, s=-0.0332]

Processing phenotype [ENSG00000152240.7] [34/201]
  * #variants in cis = 2
  * Best hit: [id=18_internal_3300, d=44406, pv=0.440556, s=-0.0635]

Processing phenotype [ENSG00000152234.10] [35/201]
  * #variants in cis = 2
  * Best hit: [id=18_internal_3300, d=-44404, pv=0.246628, s=-0.0900]

Processing phenotype [ENSG00000251939.1] [36/201]
  * #variants in cis = 2
  * Best hit: [id=18_internal_4292, d=47208, pv=0.0440808, s=-0.1584]

Processing phenotype [ENSG00000152242.6] [37/201]
  * #variants in cis = 2
  * Best hit: [id=18_internal_3300, d=-12215, pv=0.108051, s=0.1239]

Processing phenotype [ENSG00000141622.8] [38/201]
  * #variants in cis = 2
  * Best hit: [id=18_internal_3300, d=-165468, pv=0.0373664, s=0.1620]

Processing phenotype [ENSG00000167210.12] [39/201]
  * #variants in cis = 2
  * Best hit: [id=18_internal_3300, d=495692, pv=0.0335823, s=0.1655]

Processing phenotype [ENSG00000267167.1] [40/201]
  * #variants in cis = 2
  * Best hit: [id=18_internal_3300, d=642553, pv=0.623404, s=0.0394]

Processing phenotype [ENSG00000267587.1] [41/201]
  * #variants in cis = 2
  * Best hit: [id=18_internal_4292, d=779366, pv=0.6149, s=-0.0385]

Processing phenotype [ENSG00000167216.12] [42/201]
  * #variants in cis = 2
  * Best hit: [id=18_internal_3300, d=-756151, pv=0.25979, s=0.0873]

Processing phenotype [ENSG00000078043.11] [43/201]
  * #variants in cis = 2
  * Best hit: [id=18_internal_3300, d=758819, pv=0.547756, s=-0.0493]

Processing phenotype [ENSG00000266957.1] [44/201]
  * #variants in cis = 2
  * Best hit: [id=18_internal_3300, d=876347, pv=0.0226414, s=0.1858]

Processing phenotype [ENSG00000267724.1] [45/201]
  * #variants in cis = 2
  * Best hit: [id=18_internal_3300, d=-891013, pv=0.781304, s=0.0205]

Processing phenotype [ENSG00000267800.1] [46/201]
  * #variants in cis = 1
  * Best hit: [id=18_internal_3300, d=-922085, pv=0.14045, s=-0.1173]

Processing phenotype [ENSG00000167220.6] [47/201]
  * #variants in cis = 1
  * Best hit: [id=18_internal_3300, d=935567, pv=0.302315, s=0.0794]

Processing phenotype [ENSG00000267228.1] [48/201]
  * #variants in cis = 1
  * Best hit: [id=18_internal_3300, d=961348, pv=0.83021, s=0.0166]

Processing phenotype [ENSG00000134049.3] [49/201]
  * #variants in cis = 1
  * Best hit: [id=18_internal_3300, d=961441, pv=0.312084, s=-0.0800]

Processing phenotype [ENSG00000267156.1] [50/201]
  * #variants in cis = 2
  * Best hit: [id=18_internal_3085, d=815427, pv=0.42291, s=0.0646]

Processing phenotype [ENSG00000267541.1] [51/201]
  * #variants in cis = 3
  * Best hit: [id=18_internal_3539, d=-368221, pv=0.25104, s=0.0912]

Processing phenotype [ENSG00000269365.1] [52/201]
  * #variants in cis = 3
  * Best hit: [id=18_internal_3539, d=-339234, pv=0.0148889, s=0.1800]

Processing phenotype [ENSG00000175387.11] [53/201]
  * #variants in cis = 3
  * Best hit: [id=18_internal_3539, d=-290534, pv=7.16722e-08, s=0.4237]

Processing phenotype [ENSG00000134030.9] [54/201]
  * #variants in cis = 4
  * Best hit: [id=18_internal_3539, d=-307650, pv=0.00657436, s=0.2137]

Processing phenotype [ENSG00000267762.1] [55/201]
  * #variants in cis = 4
  * Best hit: [id=18_internal_3353, d=-124771, pv=0.00512607, s=0.2303]

Processing phenotype [ENSG00000267764.1] [56/201]
  * #variants in cis = 5
  * Best hit: [id=18_internal_3539, d=603374, pv=0.231029, s=-0.0935]

Processing phenotype [ENSG00000101665.4] [57/201]
  * #variants in cis = 6
  * Best hit: [id=18_internal_3353, d=106869, pv=0.00754138, s=0.2092]

Processing phenotype [ENSG00000264269.1] [58/201]
  * #variants in cis = 6
  * Best hit: [id=18_internal_3085, d=-566200, pv=0.0539914, s=0.1561]

Processing phenotype [ENSG00000263849.1] [59/201]
  * #variants in cis = 6
  * Best hit: [id=18_internal_3236, d=-883249, pv=0.105572, s=-0.1292]

Processing phenotype [ENSG00000265128.1] [60/201]
  * #variants in cis = 6
  * Best hit: [id=18_internal_3600, d=668622, pv=0.276354, s=0.0878]

Processing phenotype [ENSG00000266696.1] [61/201]
  * #variants in cis = 6
  * Best hit: [id=18_internal_3236, d=727105, pv=0.254139, s=-0.0898]

Processing phenotype [ENSG00000263895.1] [62/201]
  * #variants in cis = 5
  * Best hit: [id=18_internal_3353, d=603578, pv=0.00368688, s=0.2343]

Processing phenotype [ENSG00000141627.9] [63/201]
  * #variants in cis = 4
  * Best hit: [id=18_internal_3600, d=-323576, pv=0.0174486, s=-0.1918]

Processing phenotype [ENSG00000263916.1] [64/201]
  * #variants in cis = 4
  * Best hit: [id=18_internal_3236, d=-446868, pv=0.1043, s=0.1266]

Processing phenotype [ENSG00000177576.6] [65/201]
  * #variants in cis = 4
  * Best hit: [id=18_internal_3353, d=643410, pv=0.616007, s=-0.0401]

Processing phenotype [ENSG00000265496.1] [66/201]
  * #variants in cis = 4
  * Best hit: [id=18_internal_3883, d=-71243, pv=0.187274, s=-0.1001]

Processing phenotype [ENSG00000202093.1] [67/201]
  * #variants in cis = 4
  * Best hit: [id=18_internal_3353, d=645466, pv=0.239849, s=0.0929]

Processing phenotype [ENSG00000206602.1] [68/201]
  * #variants in cis = 4
  * Best hit: [id=18_internal_3600, d=-293576, pv=0.0974286, s=0.1359]

Processing phenotype [ENSG00000206696.1] [69/201]
  * #variants in cis = 4
  * Best hit: [id=18_internal_3600, d=-293194, pv=0.0529717, s=0.1498]

Processing phenotype [ENSG00000265681.1] [70/201]
  * #variants in cis = 4
  * Best hit: [id=18_internal_3883, d=76427, pv=0.0487138, s=-0.1537]

Processing phenotype [ENSG00000215472.4] [71/201]
  * #variants in cis = 4
  * Best hit: [id=18_internal_3883, d=76440, pv=0.056069, s=-0.1497]

Processing phenotype [ENSG00000167315.12] [72/201]
  * #variants in cis = 4
  * Best hit: [id=18_internal_3883, d=397857, pv=0.0738758, s=-0.1382]

Processing phenotype [ENSG00000267322.1] [73/201]
  * #variants in cis = 4
  * Best hit: [id=18_internal_3236, d=118994, pv=0.0726106, s=0.1454]

Processing phenotype [ENSG00000251992.1] [74/201]
  * #variants in cis = 4
  * Best hit: [id=18_internal_3353, d=-970291, pv=0.193197, s=0.1029]

Processing phenotype [ENSG00000252139.1] [75/201]
  * #variants in cis = 4
  * Best hit: [id=18_internal_3353, d=-970519, pv=0.043257, s=0.1542]

Processing phenotype [ENSG00000266997.1] [76/201]
  * #variants in cis = 4
  * Best hit: [id=18_internal_3883, d=421506, pv=0.081959, s=-0.1327]

Processing phenotype [ENSG00000167306.14] [77/201]
  * #variants in cis = 3
  * Best hit: [id=18_internal_3600, d=406127, pv=0.0771444, s=-0.1433]

Processing phenotype [ENSG00000172361.5] [78/201]
  * #variants in cis = 3
  * Best hit: [id=18_internal_3600, d=477556, pv=0.0502119, s=0.1626]

Processing phenotype [ENSG00000141644.13] [79/201]
  * #variants in cis = 3
  * Best hit: [id=18_internal_3600, d=492808, pv=0.594781, s=0.0421]

Processing phenotype [ENSG00000154832.10] [80/201]
  * #variants in cis = 3
  * Best hit: [id=18_internal_3600, d=499338, pv=0.000987511, s=0.2540]

Processing phenotype [ENSG00000154839.5] [81/201]
  * #variants in cis = 3
  * Best hit: [id=18_internal_3600, d=-586029, pv=0.0350668, s=0.1637]

Processing phenotype [ENSG00000134042.7] [82/201]
  * #variants in cis = 1
  * Best hit: [id=18_internal_3236, d=874058, pv=0.0117237, s=-0.1916]

Processing phenotype [ENSG00000082212.7] [83/201]
  * #variants in cis = 1
  * Best hit: [id=18_internal_3236, d=-927705, pv=0.598526, s=-0.0417]

Processing phenotype [ENSG00000141642.4] [84/201]
  * #variants in cis = 0

Processing phenotype [ENSG00000267699.1] [85/201]
  * #variants in cis = 0

Processing phenotype [ENSG00000141646.9] [86/201]
  * #variants in cis = 0

Processing phenotype [ENSG00000267717.1] [87/201]
  * #variants in cis = 0

Processing phenotype [ENSG00000176624.9] [88/201]
  * #variants in cis = 0

Processing phenotype [ENSG00000264296.1] [89/201]
  * #variants in cis = 2
  * Best hit: [id=18_internal_3568, d=94995, pv=0.209454, s=-0.0985]

Processing phenotype [ENSG00000207233.1] [90/201]
  * #variants in cis = 2
  * Best hit: [id=18_internal_4394, d=-724368, pv=0.347011, s=-0.0767]

Processing phenotype [ENSG00000134046.7] [91/201]
  * #variants in cis = 2
  * Best hit: [id=18_internal_3568, d=-12340, pv=0.0023722, s=0.2411]

Processing phenotype [ENSG00000101751.6] [92/201]
  * #variants in cis = 2
  * Best hit: [id=18_internal_4394, d=677376, pv=0.0884599, s=-0.1317]

Processing phenotype [ENSG00000166845.9] [93/201]
  * #variants in cis = 2
  * Best hit: [id=18_internal_3568, d=-109769, pv=0.0102294, s=0.2052]

Processing phenotype [ENSG00000041353.5] [94/201]
  * #variants in cis = 2
  * Best hit: [id=18_internal_3568, d=-610573, pv=0.473168, s=-0.0590]

Processing phenotype [ENSG00000267112.1] [95/201]
  * #variants in cis = 2
  * Best hit: [id=18_internal_4394, d=0, pv=0.382836, s=0.0710]

Processing phenotype [ENSG00000166510.9] [96/201]
  * #variants in cis = 2
  * Best hit: [id=18_internal_4394, d=12374, pv=0.000273956, s=0.2852]

Processing phenotype [ENSG00000267028.1] [97/201]
  * #variants in cis = 1
  * Best hit: [id=18_internal_4394, d=-505399, pv=0.522828, s=0.0522]

Processing phenotype [ENSG00000267402.1] [98/201]
  * #variants in cis = 1
  * Best hit: [id=18_internal_4394, d=-545041, pv=0.240304, s=0.0968]

Processing phenotype [ENSG00000196628.8] [99/201]
  * #variants in cis = 1
  * Best hit: [id=18_internal_4394, d=717653, pv=0.846575, s=0.0154]

Processing phenotype [ENSG00000267325.1] [100/201]
  * #variants in cis = 1
  * Best hit: [id=18_internal_4394, d=834587, pv=0.905155, s=0.0092]

Processing phenotype [ENSG00000091157.9] [101/201]
  * #variants in cis = 0

Processing phenotype [ENSG00000091164.8] [102/201]
  * #variants in cis = 0

Processing phenotype [ENSG00000206865.1] [103/201]
  * #variants in cis = 0

Processing phenotype [ENSG00000267146.1] [104/201]
  * #variants in cis = 0

Processing phenotype [ENSG00000212539.1] [105/201]
  * #variants in cis = 0

Processing phenotype [ENSG00000267225.1] [106/201]
  * #variants in cis = 0

Processing phenotype [ENSG00000066926.6] [107/201]
  * #variants in cis = 2
  * Best hit: [id=18_internal_3718, d=-608021, pv=0.694056, s=0.0312]

Processing phenotype [ENSG00000134440.7] [108/201]
  * #variants in cis = 3
  * Best hit: [id=18_internal_3718, d=-572580, pv=0.0646982, s=0.1442]

Processing phenotype [ENSG00000267040.2] [109/201]
  * #variants in cis = 3
  * Best hit: [id=18_internal_3718, d=564491, pv=0.690376, s=-0.0312]

Processing phenotype [ENSG00000267787.1] [110/201]
  * #variants in cis = 3
  * Best hit: [id=18_internal_3275, d=632845, pv=0.436438, s=0.0593]

Processing phenotype [ENSG00000081923.6] [111/201]
  * #variants in cis = 4
  * Best hit: [id=18_internal_3204, d=-865409, pv=0.182446, s=0.1086]

Processing phenotype [ENSG00000049759.12] [112/201]
  * #variants in cis = 4
  * Best hit: [id=18_internal_3718, d=150426, pv=6.67e-07, s=0.3711]

Processing phenotype [ENSG00000267504.1] [113/201]
  * #variants in cis = 5
  * Best hit: [id=18_internal_3718, d=0, pv=0.0253018, s=0.1751]

Processing phenotype [ENSG00000267396.1] [114/201]
  * #variants in cis = 5
  * Best hit: [id=18_internal_3718, d=0, pv=0.00307385, s=0.2300]

Processing phenotype [ENSG00000267257.1] [115/201]
  * #variants in cis = 5
  * Best hit: [id=18_internal_3204, d=133095, pv=0.0218076, s=0.1739]

Processing phenotype [ENSG00000198796.6] [116/201]
  * #variants in cis = 5
  * Best hit: [id=18_internal_3204, d=-39553, pv=0.0207049, s=0.1753]

Processing phenotype [ENSG00000172175.8] [117/201]
  * #variants in cis = 5
  * Best hit: [id=18_internal_3740, d=0, pv=0.0644429, s=0.1486]

Processing phenotype [ENSG00000267226.1] [118/201]
  * #variants in cis = 5
  * Best hit: [id=18_internal_3109, d=-596761, pv=0.0539606, s=-0.1472]

Processing phenotype [ENSG00000266946.1] [119/201]
  * #variants in cis = 5
  * Best hit: [id=18_internal_3204, d=0, pv=0.00437153, s=0.2232]

Processing phenotype [ENSG00000267010.1] [120/201]
  * #variants in cis = 5
  * Best hit: [id=18_internal_3740, d=-34889, pv=0.00867709, s=0.2068]

Processing phenotype [ENSG00000267476.1] [121/201]
  * #variants in cis = 5
  * Best hit: [id=18_internal_3204, d=54405, pv=0.0122526, s=0.1989]

Processing phenotype [ENSG00000267705.1] [122/201]
  * #variants in cis = 5
  * Best hit: [id=18_internal_3109, d=-514740, pv=0.0401085, s=-0.1633]

Processing phenotype [ENSG00000267501.1] [123/201]
  * #variants in cis = 5
  * Best hit: [id=18_internal_3740, d=40583, pv=0.00304242, s=0.2382]

Processing phenotype [ENSG00000074657.9] [124/201]
  * #variants in cis = 5
  * Best hit: [id=18_internal_3109, d=406038, pv=0.157506, s=0.1155]

Processing phenotype [ENSG00000251870.1] [125/201]
  * #variants in cis = 5
  * Best hit: [id=18_internal_3204, d=227971, pv=0.0618576, s=-0.1498]

Processing phenotype [ENSG00000166562.4] [126/201]
  * #variants in cis = 5
  * Best hit: [id=18_internal_3204, d=-441152, pv=0.249503, s=0.0935]

Processing phenotype [ENSG00000074695.5] [127/201]
  * #variants in cis = 4
  * Best hit: [id=18_internal_3740, d=642703, pv=0.00784284, s=0.2143]

Processing phenotype [ENSG00000141682.11] [128/201]
  * #variants in cis = 1
  * Best hit: [id=18_internal_3109, d=-625830, pv=0.0459428, s=0.1550]

Processing phenotype [ENSG00000101542.5] [129/201]
  * #variants in cis = 0

Processing phenotype [ENSG00000176641.6] [130/201]
  * #variants in cis = 0

Processing phenotype [ENSG00000197563.5] [131/201]
  * #variants in cis = 4
  * Best hit: [id=18_internal_3157, d=-943771, pv=0.288297, s=-0.0803]

Processing phenotype [ENSG00000134444.9] [132/201]
  * #variants in cis = 4
  * Best hit: [id=18_internal_3157, d=943631, pv=0.0314182, s=-0.1748]

Processing phenotype [ENSG00000266900.1] [133/201]
  * #variants in cis = 5
  * Best hit: [id=18_internal_3266, d=885505, pv=0.0569629, s=-0.1504]

Processing phenotype [ENSG00000267560.1] [134/201]
  * #variants in cis = 5
  * Best hit: [id=18_internal_3266, d=-830317, pv=0.0988869, s=-0.1330]

Processing phenotype [ENSG00000141655.11] [135/201]
  * #variants in cis = 5
  * Best hit: [id=18_internal_4800, d=828761, pv=0.0355482, s=0.1641]

Processing phenotype [ENSG00000141664.5] [136/201]
  * #variants in cis = 5
  * Best hit: [id=18_internal_3157, d=607882, pv=0.0320962, s=0.1746]

Processing phenotype [ENSG00000081913.9] [137/201]
  * #variants in cis = 5
  * Best hit: [id=18_internal_3266, d=415876, pv=0.176903, s=-0.1066]

Processing phenotype [ENSG00000206746.1] [138/201]
  * #variants in cis = 5
  * Best hit: [id=18_internal_3177, d=-451476, pv=0.101115, s=0.1269]

Processing phenotype [ENSG00000269630.1] [139/201]
  * #variants in cis = 5
  * Best hit: [id=18_internal_3157, d=-292174, pv=0.07932, s=0.1397]

Processing phenotype [ENSG00000267701.1] [140/201]
  * #variants in cis = 5
  * Best hit: [id=18_internal_4800, d=0, pv=0.019361, s=0.1816]

Processing phenotype [ENSG00000171791.10] [141/201]
  * #variants in cis = 5
  * Best hit: [id=18_internal_3018, d=0, pv=4.79392e-05, s=0.3241]

Processing phenotype [ENSG00000267390.1] [142/201]
  * #variants in cis = 5
  * Best hit: [id=18_internal_4800, d=0, pv=0.227632, s=-0.0989]

Processing phenotype [ENSG00000119537.10] [143/201]
  * #variants in cis = 5
  * Best hit: [id=18_internal_3018, d=43968, pv=0.132372, s=-0.1219]

Processing phenotype [ENSG00000267430.1] [144/201]
  * #variants in cis = 5
  * Best hit: [id=18_internal_3266, d=143809, pv=0.204411, s=0.1004]

Processing phenotype [ENSG00000119541.5] [145/201]
  * #variants in cis = 5
  * Best hit: [id=18_internal_3177, d=128019, pv=0.0733843, s=-0.1338]

Processing phenotype [ENSG00000197632.4] [146/201]
  * #variants in cis = 5
  * Best hit: [id=18_internal_3157, d=-592055, pv=0.179848, s=0.1048]

Processing phenotype [ENSG00000242550.1] [147/201]
  * #variants in cis = 5
  * Best hit: [id=18_internal_3266, d=-624515, pv=0.209814, s=0.0987]

Processing phenotype [ENSG00000268706.1] [148/201]
  * #variants in cis = 5
  * Best hit: [id=18_internal_4800, d=541514, pv=0.143073, s=0.1187]

Processing phenotype [ENSG00000221887.4] [149/201]
  * #variants in cis = 5
  * Best hit: [id=18_internal_3177, d=-654838, pv=0.185649, s=-0.1067]

Processing phenotype [ENSG00000166401.9] [150/201]
  * #variants in cis = 5
  * Best hit: [id=18_internal_3157, d=-690288, pv=0.0889939, s=0.1365]

Processing phenotype [ENSG00000263424.1] [151/201]
  * #variants in cis = 2
  * Best hit: [id=18_internal_3135, d=0, pv=1.07242e-07, s=0.4017]

Processing phenotype [ENSG00000171451.13] [152/201]
  * #variants in cis = 2
  * Best hit: [id=18_internal_3135, d=0, pv=2.98796e-09, s=0.4479]

Processing phenotype [ENSG00000260747.1] [153/201]
  * #variants in cis = 3
  * Best hit: [id=18_internal_3135, d=759835, pv=0.390246, s=-0.0658]

Processing phenotype [ENSG00000150636.11] [154/201]
  * #variants in cis = 1
  * Best hit: [id=18_internal_3988, d=122361, pv=0.0630476, s=0.1505]

Processing phenotype [ENSG00000166479.5] [155/201]
  * #variants in cis = 1
  * Best hit: [id=18_internal_3988, d=-122272, pv=0.869059, s=0.0133]

Processing phenotype [ENSG00000206052.6] [156/201]
  * #variants in cis = 3
  * Best hit: [id=18_internal_3160, d=495547, pv=0.141062, s=0.1223]

Processing phenotype [ENSG00000150637.4] [157/201]
  * #variants in cis = 4
  * Best hit: [id=18_internal_3160, d=1508, pv=7.44717e-07, s=0.3958]

Processing phenotype [ENSG00000176225.8] [158/201]
  * #variants in cis = 4
  * Best hit: [id=18_internal_4332, d=-213560, pv=0.0846178, s=0.1382]

Processing phenotype [ENSG00000170677.5] [159/201]
  * #variants in cis = 4
  * Best hit: [id=18_internal_3737, d=263862, pv=0.0833534, s=0.1370]

Processing phenotype [ENSG00000266258.1] [160/201]
  * #variants in cis = 4
  * Best hit: [id=18_internal_3737, d=217324, pv=0.319136, s=-0.0794]

Processing phenotype [ENSG00000266304.1] [161/201]
  * #variants in cis = 4
  * Best hit: [id=18_internal_3737, d=-215453, pv=0.0376676, s=-0.1657]

Processing phenotype [ENSG00000141665.7] [162/201]
  * #variants in cis = 4
  * Best hit: [id=18_internal_3252, d=-246990, pv=0.353987, s=0.0738]

Processing phenotype [ENSG00000075336.7] [163/201]
  * #variants in cis = 4
  * Best hit: [id=18_internal_3590, d=838536, pv=0.086804, s=-0.1375]

Processing phenotype [ENSG00000166347.13] [164/201]
  * #variants in cis = 5
  * Best hit: [id=18_internal_3252, d=-102839, pv=0.00303776, s=-0.2323]

Processing phenotype [ENSG00000235297.3] [165/201]
  * #variants in cis = 5
  * Best hit: [id=18_internal_3145, d=306278, pv=0.551373, s=-0.0472]

Processing phenotype [ENSG00000133313.10] [166/201]
  * #variants in cis = 5
  * Best hit: [id=18_internal_3145, d=-411797, pv=0.381481, s=-0.0705]

Processing phenotype [ENSG00000150656.10] [167/201]
  * #variants in cis = 5
  * Best hit: [id=18_internal_3860, d=729944, pv=0.12091, s=-0.1260]

Processing phenotype [ENSG00000215421.5] [168/201]
  * #variants in cis = 5
  * Best hit: [id=18_internal_3423, d=-111599, pv=0.0641907, s=0.1545]

Processing phenotype [ENSG00000264247.1] [169/201]
  * #variants in cis = 5
  * Best hit: [id=18_internal_3145, d=514490, pv=0.130118, s=-0.1187]

Processing phenotype [ENSG00000180011.6] [170/201]
  * #variants in cis = 4
  * Best hit: [id=18_internal_3860, d=-10316, pv=2.65556e-05, s=0.3337]

Processing phenotype [ENSG00000179981.9] [171/201]
  * #variants in cis = 4
  * Best hit: [id=18_internal_3860, d=8909, pv=5.82415e-07, s=0.3782]

Processing phenotype [ENSG00000263982.1] [172/201]
  * #variants in cis = 5
  * Best hit: [id=18_internal_4765, d=0, pv=0.155703, s=0.1161]

Processing phenotype [ENSG00000265778.1] [173/201]
  * #variants in cis = 5
  * Best hit: [id=18_internal_4765, d=0, pv=5.58719e-05, s=0.2983]

Processing phenotype [ENSG00000101493.6] [174/201]
  * #variants in cis = 5
  * Best hit: [id=18_internal_4213, d=-548867, pv=0.0262167, s=0.1752]

Processing phenotype [ENSG00000220032.4] [175/201]
  * #variants in cis = 5
  * Best hit: [id=18_internal_4765, d=0, pv=1.9776e-06, s=0.3451]

Processing phenotype [ENSG00000263812.1] [176/201]
  * #variants in cis = 5
  * Best hit: [id=18_internal_4765, d=0, pv=0.00252253, s=0.2299]

Processing phenotype [ENSG00000266256.1] [177/201]
  * #variants in cis = 5
  * Best hit: [id=18_internal_4765, d=0, pv=0.00383182, s=0.2244]

Processing phenotype [ENSG00000264278.1] [178/201]
  * #variants in cis = 5
  * Best hit: [id=18_internal_3549, d=-228819, pv=0.0617121, s=0.1440]

Processing phenotype [ENSG00000130856.11] [179/201]
  * #variants in cis = 5
  * Best hit: [id=18_internal_4007, d=188196, pv=0.037327, s=-0.1659]

Processing phenotype [ENSG00000244229.1] [180/201]
  * #variants in cis = 5
  * Best hit: [id=18_internal_3549, d=-216226, pv=0.0589726, s=0.1538]

Processing phenotype [ENSG00000265261.1] [181/201]
  * #variants in cis = 5
  * Best hit: [id=18_internal_3373, d=-142534, pv=0.165641, s=-0.1108]

Processing phenotype [ENSG00000266844.1] [182/201]
  * #variants in cis = 5
  * Best hit: [id=18_internal_3373, d=56568, pv=0.258235, s=0.0916]

Processing phenotype [ENSG00000197971.10] [183/201]
  * #variants in cis = 5
  * Best hit: [id=18_internal_3549, d=0, pv=0.044965, s=0.1534]

Processing phenotype [ENSG00000166377.15] [184/201]
  * #variants in cis = 5
  * Best hit: [id=18_internal_3167, d=331459, pv=0.0456619, s=0.1584]

Processing phenotype [ENSG00000267655.1] [185/201]
  * #variants in cis = 5
  * Best hit: [id=18_internal_3167, d=283537, pv=0.21155, s=0.1007]

Processing phenotype [ENSG00000267628.1] [186/201]
  * #variants in cis = 5
  * Best hit: [id=18_internal_3167, d=-145888, pv=0.0728376, s=0.1459]

Processing phenotype [ENSG00000267015.1] [187/201]
  * #variants in cis = 5
  * Best hit: [id=18_internal_4040, d=-49092, pv=0.00847927, s=0.2126]

Processing phenotype [ENSG00000131196.13] [188/201]
  * #variants in cis = 5
  * Best hit: [id=18_internal_3167, d=4888, pv=0.000133909, s=0.3006]

Processing phenotype [ENSG00000060069.12] [189/201]
  * #variants in cis = 4
  * Best hit: [id=18_internal_3167, d=-152407, pv=0.0604986, s=-0.1533]

Processing phenotype [ENSG00000266901.1] [190/201]
  * #variants in cis = 4
  * Best hit: [id=18_internal_3321, d=-152705, pv=0.00423353, s=0.2328]

Processing phenotype [ENSG00000266924.1] [191/201]
  * #variants in cis = 4
  * Best hit: [id=18_internal_3321, d=69235, pv=0.253463, s=0.0900]

Processing phenotype [ENSG00000178342.4] [192/201]
  * #variants in cis = 4
  * Best hit: [id=18_internal_4739, d=48628, pv=0.00442118, s=0.2089]

Processing phenotype [ENSG00000122490.13] [193/201]
  * #variants in cis = 4
  * Best hit: [id=18_internal_3321, d=5503, pv=0.0215132, s=0.1789]

Processing phenotype [ENSG00000226742.3] [194/201]
  * #variants in cis = 4
  * Best hit: [id=18_internal_3321, d=-18400, pv=0.00601587, s=0.2200]

Processing phenotype [ENSG00000141759.10] [195/201]
  * #variants in cis = 4
  * Best hit: [id=18_internal_3167, d=506555, pv=0.285116, s=-0.0803]

Processing phenotype [ENSG00000267127.1] [196/201]
  * #variants in cis = 4
  * Best hit: [id=18_internal_3167, d=-506952, pv=0.150918, s=-0.1159]

Processing phenotype [ENSG00000101546.8] [197/201]
  * #variants in cis = 4
  * Best hit: [id=18_internal_3321, d=-88197, pv=0.239544, s=0.0919]

Processing phenotype [ENSG00000261126.2] [198/201]
  * #variants in cis = 4
  * Best hit: [id=18_internal_4040, d=-509659, pv=0.284255, s=0.0848]

Processing phenotype [ENSG00000101544.4] [199/201]
  * #variants in cis = 4
  * Best hit: [id=18_internal_3167, d=-579521, pv=0.0275219, s=0.1782]

Processing phenotype [ENSG00000267270.1] [200/201]
  * #variants in cis = 4
  * Best hit: [id=18_internal_4739, d=-179566, pv=0.0191813, s=-0.1800]

Processing phenotype [ENSG00000178184.11] [201/201]
  * #variants in cis = 4
  * Best hit: [id=18_internal_4040, d=717701, pv=0.017617, s=-0.1963]

Running time: 1 seconds
