Sender: LSF System <lsfadmin@cpt12>
Subject: Job 974515: </data/unige/funpopgen/odelanea/SGX/V2/binaries/qtltools/bin/QTLtools cis --vcf /data/unige/funpopgen/grey2/SYSCID/BLUEPRINT_DATA/CRD/THREE_CELL_TYPES/CLOMICS/CELL_TYPE_COMPARISON_GENE_CRD_ASSOCIATIONS/quantify/72_vs_73_ALL.ALLchr.mean.txt.gz --bed /data/unige/funpopgen/grey2/SYSCID/BLUEPRINT_DATA/CRD/THREE_CELL_TYPES/QTL_TOOLS/EGAD00001002674_v3.0/EGAD00001002674_RNA.PC10.bed.gz --nominal /data/unige/funpopgen/grey2/SYSCID/BLUEPRINT_DATA/CRD/THREE_CELL_TYPES/CLOMICS/CELL_TYPE_COMPARISON_GENE_CRD_ASSOCIATIONS/mapping_aCRD_gene/72_vs_73/gene_CRD_mean_permutations.thresholds.txt --chunk 94 100 --out /data/unige/funpopgen/grey2/SYSCID/BLUEPRINT_DATA/CRD/THREE_CELL_TYPES/CLOMICS/CELL_TYPE_COMPARISON_GENE_CRD_ASSOCIATIONS/mapping_aCRD_gene/72_vs_73/mapping_gene_CRD_mean_chunk94\.txt> in cluster <ug> Done

Job </data/unige/funpopgen/odelanea/SGX/V2/binaries/qtltools/bin/QTLtools cis --vcf /data/unige/funpopgen/grey2/SYSCID/BLUEPRINT_DATA/CRD/THREE_CELL_TYPES/CLOMICS/CELL_TYPE_COMPARISON_GENE_CRD_ASSOCIATIONS/quantify/72_vs_73_ALL.ALLchr.mean.txt.gz --bed /data/unige/funpopgen/grey2/SYSCID/BLUEPRINT_DATA/CRD/THREE_CELL_TYPES/QTL_TOOLS/EGAD00001002674_v3.0/EGAD00001002674_RNA.PC10.bed.gz --nominal /data/unige/funpopgen/grey2/SYSCID/BLUEPRINT_DATA/CRD/THREE_CELL_TYPES/CLOMICS/CELL_TYPE_COMPARISON_GENE_CRD_ASSOCIATIONS/mapping_aCRD_gene/72_vs_73/gene_CRD_mean_permutations.thresholds.txt --chunk 94 100 --out /data/unige/funpopgen/grey2/SYSCID/BLUEPRINT_DATA/CRD/THREE_CELL_TYPES/CLOMICS/CELL_TYPE_COMPARISON_GENE_CRD_ASSOCIATIONS/mapping_aCRD_gene/72_vs_73/mapping_gene_CRD_mean_chunk94\.txt> was submitted from host <cpt01> by user <grey2> in cluster <ug>.
Job was executed on host(s) <cpt12>, in queue <normal>, as user <grey2> in cluster <ug>.
</home/grey2> was used as the home directory.
</data/unige/funpopgen/grey2/SYSCID/BLUEPRINT_DATA/CRD/THREE_CELL_TYPES/CLOMICS/CELL_TYPE_COMPARISON_GENE_CRD_ASSOCIATIONS> was used as the working directory.
Started at Thu Mar 21 13:44:49 2019
Results reported at Thu Mar 21 13:44:54 2019

Your job looked like:

------------------------------------------------------------
# LSBATCH: User input
/data/unige/funpopgen/odelanea/SGX/V2/binaries/qtltools/bin/QTLtools cis --vcf /data/unige/funpopgen/grey2/SYSCID/BLUEPRINT_DATA/CRD/THREE_CELL_TYPES/CLOMICS/CELL_TYPE_COMPARISON_GENE_CRD_ASSOCIATIONS/quantify/72_vs_73_ALL.ALLchr.mean.txt.gz --bed /data/unige/funpopgen/grey2/SYSCID/BLUEPRINT_DATA/CRD/THREE_CELL_TYPES/QTL_TOOLS/EGAD00001002674_v3.0/EGAD00001002674_RNA.PC10.bed.gz --nominal /data/unige/funpopgen/grey2/SYSCID/BLUEPRINT_DATA/CRD/THREE_CELL_TYPES/CLOMICS/CELL_TYPE_COMPARISON_GENE_CRD_ASSOCIATIONS/mapping_aCRD_gene/72_vs_73/gene_CRD_mean_permutations.thresholds.txt --chunk 94 100 --out /data/unige/funpopgen/grey2/SYSCID/BLUEPRINT_DATA/CRD/THREE_CELL_TYPES/CLOMICS/CELL_TYPE_COMPARISON_GENE_CRD_ASSOCIATIONS/mapping_aCRD_gene/72_vs_73/mapping_gene_CRD_mean_chunk94\.txt

------------------------------------------------------------

Successfully completed.

Resource usage summary:

    CPU time :               1.48 sec.
    Max Memory :             3.00 MB
    Average Memory :         3.00 MB
    Total Requested Memory : -
    Delta Memory :           -
    (Delta: the difference between total requested memory and actual max usage.)
    Max Swap :               32 MB

    Max Processes :          1
    Max Threads :            1

The output (if any) follows:


[32mQTLtools[0m
  * Authors : Olivier DELANEAU / Halit ONGEN / Emmanouil DERMITZAKIS
  * Contact : olivier.delaneau@gmail.com / halit.ongen@unige.ch / Emmanouil.Dermitzakis@unige.ch
  * Webpage : https://qtltools.github.io/qtltools/
  * Version : 1.1
  * Date    : 21/03/2019 - 13:44:52
  * Citation: A complete tool set for molecular QTL discovery and analysis, https://doi.org/10.1101/068635

[32mMAPPING QTL IN CIS[0m
  * TASK: Report all nominal associations with p below thresholds in [/data/unige/funpopgen/grey2/SYSCID/BLUEPRINT_DATA/CRD/THREE_CELL_TYPES/CLOMICS/CELL_TYPE_COMPARISON_GENE_CRD_ASSOCIATIONS/mapping_aCRD_gene/72_vs_73/gene_CRD_mean_permutations.thresholds.txt]
  * Linear model: Phe ~ Var
  * Cis-window size is 1000000 bp
  * Chunk = [94/100]

Scanning phenotype data in [/data/unige/funpopgen/grey2/SYSCID/BLUEPRINT_DATA/CRD/THREE_CELL_TYPES/QTL_TOOLS/EGAD00001002674_v3.0/EGAD00001002674_RNA.PC10.bed.gz]
  * 26159 phenotypes included
  * 13004 phenotypes are on the negative strand

Initialize random number generator
  * Built-in seed is 15112011
  * First Integer = 30554
  * First Double = 0.0126695

Reading sample list from [/data/unige/funpopgen/grey2/SYSCID/BLUEPRINT_DATA/CRD/THREE_CELL_TYPES/QTL_TOOLS/EGAD00001002674_v3.0/EGAD00001002674_RNA.PC10.bed.gz]
  * #samples = 194

Reading sample list from [/data/unige/funpopgen/grey2/SYSCID/BLUEPRINT_DATA/CRD/THREE_CELL_TYPES/CLOMICS/CELL_TYPE_COMPARISON_GENE_CRD_ASSOCIATIONS/quantify/72_vs_73_ALL.ALLchr.mean.txt.gz]
  * #samples = 160

Merging sample sets from all input files
  * #files = 2
  * #samples in all files = 158
  * #samples NOT in all files (i.e. ignored) = 38

Reading phenotype data in [/data/unige/funpopgen/grey2/SYSCID/BLUEPRINT_DATA/CRD/THREE_CELL_TYPES/QTL_TOOLS/EGAD00001002674_v3.0/EGAD00001002674_RNA.PC10.bed.gz]
  * target region [2:160670520-198398527]
  * 209 phenotypes included
  * 108 phenotypes are on the negative strand

Reading genotype data in [/data/unige/funpopgen/grey2/SYSCID/BLUEPRINT_DATA/CRD/THREE_CELL_TYPES/CLOMICS/CELL_TYPE_COMPARISON_GENE_CRD_ASSOCIATIONS/quantify/72_vs_73_ALL.ALLchr.mean.txt.gz]
  * File format detected: BED
  * 158 samples included
  * 4 samples without phenotype data
  * target region [2:159670520-199398527]
  * 91 variants included

Reading nominal thresholds in [/data/unige/funpopgen/grey2/SYSCID/BLUEPRINT_DATA/CRD/THREE_CELL_TYPES/CLOMICS/CELL_TYPE_COMPARISON_GENE_CRD_ASSOCIATIONS/mapping_aCRD_gene/72_vs_73/gene_CRD_mean_permutations.thresholds.txt]
  * #phenotypes set = 209

Processing phenotype [ENSG00000227055.1] [1/209]
  * #variants in cis = 3
  * Best hit: [id=2_internal_13786, d=603323, pv=0.143621, s=-0.1181]

Processing phenotype [ENSG00000248672.1] [2/209]
  * #variants in cis = 3
  * Best hit: [id=2_internal_13786, d=694024, pv=0.245541, s=-0.0969]

Processing phenotype [ENSG00000054219.9] [3/209]
  * #variants in cis = 3
  * Best hit: [id=2_internal_13786, d=694063, pv=0.264699, s=-0.0929]

Processing phenotype [ENSG00000115221.6] [4/209]
  * #variants in cis = 5
  * Best hit: [id=2_internal_20653, d=0, pv=0.03268, s=0.1635]

Processing phenotype [ENSG00000252465.1] [5/209]
  * #variants in cis = 6
  * Best hit: [id=2_internal_15081, d=-910112, pv=0.240217, s=-0.0932]

Processing phenotype [ENSG00000153250.13] [6/209]
  * #variants in cis = 7
  * Best hit: [id=2_internal_20653, d=0, pv=0.00249465, s=0.2383]

Processing phenotype [ENSG00000136560.8] [7/209]
  * #variants in cis = 9
  * Best hit: [id=2_internal_15077, d=920629, pv=0.147271, s=-0.1171]

Processing phenotype [ENSG00000224467.1] [8/209]
  * #variants in cis = 9
  * Best hit: [id=2_internal_15930, d=-831201, pv=0.0260163, s=0.1677]

Processing phenotype [ENSG00000227403.1] [9/209]
  * #variants in cis = 9
  * Best hit: [id=2_internal_13912, d=0, pv=3.7746e-12, s=0.5269]

Processing phenotype [ENSG00000235724.2] [10/209]
  * #variants in cis = 9
  * Best hit: [id=2_internal_15077, d=-802869, pv=0.0181652, s=-0.1817]

Processing phenotype [ENSG00000115233.7] [11/209]
  * #variants in cis = 9
  * Best hit: [id=2_internal_13912, d=-61230, pv=0.0011689, s=0.2573]

Processing phenotype [ENSG00000221590.1] [12/209]
  * #variants in cis = 9
  * Best hit: [id=2_internal_15930, d=-641065, pv=0.215698, s=-0.0985]

Processing phenotype [ENSG00000144290.9] [13/209]
  * #variants in cis = 9
  * Best hit: [id=2_internal_20653, d=-671013, pv=0.00597046, s=0.2246]

Processing phenotype [ENSG00000226121.1] [14/209]
  * #variants in cis = 8
  * Best hit: [id=2_internal_15930, d=-483720, pv=0.0642419, s=-0.1485]

Processing phenotype [ENSG00000197635.5] [15/209]
  * #variants in cis = 7
  * Best hit: [id=2_internal_15930, d=52195, pv=0.00222171, s=0.2423]

Processing phenotype [ENSG00000115267.4] [16/209]
  * #variants in cis = 4
  * Best hit: [id=2_internal_15077, d=253693, pv=0.24382, s=0.0961]

Processing phenotype [ENSG00000115271.6] [17/209]
  * #variants in cis = 4
  * Best hit: [id=2_internal_14329, d=-893922, pv=0.233135, s=0.0951]

Processing phenotype [ENSG00000184611.7] [18/209]
  * #variants in cis = 3
  * Best hit: [id=2_internal_15081, d=520296, pv=0.475817, s=-0.0591]

Processing phenotype [ENSG00000082438.10] [19/209]
  * #variants in cis = 1
  * Best hit: [id=2_internal_15843, d=-130482, pv=0.399351, s=0.0679]

Processing phenotype [ENSG00000115339.9] [20/209]
  * #variants in cis = 1
  * Best hit: [id=2_internal_15843, d=500730, pv=0.407152, s=0.0683]

Processing phenotype [ENSG00000235192.1] [21/209]
  * #variants in cis = 1
  * Best hit: [id=2_internal_15843, d=-500899, pv=0.55768, s=0.0473]

Processing phenotype [ENSG00000232411.1] [22/209]
  * #variants in cis = 1
  * Best hit: [id=2_internal_15843, d=545146, pv=0.583945, s=0.0441]

Processing phenotype [ENSG00000229195.1] [23/209]
  * #variants in cis = 1
  * Best hit: [id=2_internal_15843, d=552139, pv=0.464569, s=-0.0590]

Processing phenotype [ENSG00000224490.1] [24/209]
  * #variants in cis = 1
  * Best hit: [id=2_internal_15843, d=-639905, pv=0.226334, s=0.0984]

Processing phenotype [ENSG00000123607.10] [25/209]
  * #variants in cis = 1
  * Best hit: [id=2_internal_15843, d=659891, pv=0.459435, s=0.0614]

Processing phenotype [ENSG00000236107.3] [26/209]
  * #variants in cis = 1
  * Best hit: [id=2_internal_15843, d=-663447, pv=0.624493, s=-0.0407]

Processing phenotype [ENSG00000169432.10] [27/209]
  * #variants in cis = 0

Processing phenotype [ENSG00000238259.1] [28/209]
  * #variants in cis = 12
  * Best hit: [id=2_internal_13843, d=-247658, pv=0.0290237, s=0.1759]

Processing phenotype [ENSG00000198648.6] [29/209]
  * #variants in cis = 12
  * Best hit: [id=2_internal_19433, d=1177, pv=2.77206e-22, s=0.6717]

Processing phenotype [ENSG00000172292.10] [30/209]
  * #variants in cis = 12
  * Best hit: [id=2_internal_18116, d=0, pv=6.59921e-06, s=0.3557]

Processing phenotype [ENSG00000265694.1] [31/209]
  * #variants in cis = 12
  * Best hit: [id=2_internal_13979, d=-63570, pv=0.0649642, s=0.1458]

Processing phenotype [ENSG00000199348.1] [32/209]
  * #variants in cis = 12
  * Best hit: [id=2_internal_17770, d=-60062, pv=0.0701037, s=0.1441]

Processing phenotype [ENSG00000227617.3] [33/209]
  * #variants in cis = 12
  * Best hit: [id=2_internal_18116, d=200151, pv=4.97397e-05, s=0.3180]

Processing phenotype [ENSG00000163072.10] [34/209]
  * #variants in cis = 12
  * Best hit: [id=2_internal_14750, d=-574285, pv=0.0522709, s=0.1596]

Processing phenotype [ENSG00000073737.11] [35/209]
  * #variants in cis = 12
  * Best hit: [id=2_internal_14712, d=-506255, pv=0.0600968, s=0.1425]

Processing phenotype [ENSG00000235321.1] [36/209]
  * #variants in cis = 12
  * Best hit: [id=2_internal_14750, d=-888489, pv=0.150871, s=-0.1142]

Processing phenotype [ENSG00000163093.7] [37/209]
  * #variants in cis = 10
  * Best hit: [id=2_internal_13843, d=-932116, pv=0.152168, s=0.1133]

Processing phenotype [ENSG00000251569.1] [38/209]
  * #variants in cis = 10
  * Best hit: [id=2_internal_13843, d=-932418, pv=0.104626, s=0.1264]

Processing phenotype [ENSG00000239474.2] [39/209]
  * #variants in cis = 9
  * Best hit: [id=2_internal_17770, d=-829219, pv=0.148204, s=-0.1175]

Processing phenotype [ENSG00000138399.13] [40/209]
  * #variants in cis = 5
  * Best hit: [id=2_internal_16947, d=489463, pv=0.0839928, s=0.1391]

Processing phenotype [ENSG00000138398.11] [41/209]
  * #variants in cis = 5
  * Best hit: [id=2_internal_17770, d=-903857, pv=0.13826, s=-0.1208]

Processing phenotype [ENSG00000154479.8] [42/209]
  * #variants in cis = 2
  * Best hit: [id=2_internal_16947, d=610021, pv=0.477169, s=0.0570]

Processing phenotype [ENSG00000144362.7] [43/209]
  * #variants in cis = 2
  * Best hit: [id=2_internal_16947, d=-610053, pv=0.394437, s=0.0703]

Processing phenotype [ENSG00000213160.4] [44/209]
  * #variants in cis = 2
  * Best hit: [id=2_internal_14046, d=-582866, pv=0.427154, s=0.0641]

Processing phenotype [ENSG00000138385.10] [45/209]
  * #variants in cis = 2
  * Best hit: [id=2_internal_16947, d=-707521, pv=0.232952, s=0.0970]

Processing phenotype [ENSG00000138382.9] [46/209]
  * #variants in cis = 2
  * Best hit: [id=2_internal_16947, d=740519, pv=0.520002, s=0.0541]

Processing phenotype [ENSG00000144357.12] [47/209]
  * #variants in cis = 2
  * Best hit: [id=2_internal_14046, d=-715836, pv=0.0625852, s=-0.1490]

Processing phenotype [ENSG00000227176.1] [48/209]
  * #variants in cis = 2
  * Best hit: [id=2_internal_14046, d=966672, pv=0.353059, s=-0.0765]

Processing phenotype [ENSG00000128692.7] [49/209]
  * #variants in cis = 2
  * Best hit: [id=2_internal_14437, d=571429, pv=0.22828, s=0.0951]

Processing phenotype [ENSG00000128683.8] [50/209]
  * #variants in cis = 2
  * Best hit: [id=2_internal_13881, d=267225, pv=0.551257, s=-0.0453]

Processing phenotype [ENSG00000115806.8] [51/209]
  * #variants in cis = 2
  * Best hit: [id=2_internal_14437, d=394676, pv=0.366941, s=0.0708]

Processing phenotype [ENSG00000238567.1] [52/209]
  * #variants in cis = 2
  * Best hit: [id=2_internal_13881, d=0, pv=0.519204, s=0.0522]

Processing phenotype [ENSG00000198586.9] [53/209]
  * #variants in cis = 4
  * Best hit: [id=2_internal_14437, d=-91826, pv=0.199212, s=-0.0989]

Processing phenotype [ENSG00000224553.1] [54/209]
  * #variants in cis = 4
  * Best hit: [id=2_internal_14437, d=44213, pv=0.397141, s=-0.0688]

Processing phenotype [ENSG00000115827.9] [55/209]
  * #variants in cis = 4
  * Best hit: [id=2_internal_13881, d=-273979, pv=0.356432, s=0.0741]

Processing phenotype [ENSG00000123600.13] [56/209]
  * #variants in cis = 4
  * Best hit: [id=2_internal_14437, d=103737, pv=0.163641, s=-0.1094]

Processing phenotype [ENSG00000228507.1] [57/209]
  * #variants in cis = 5
  * Best hit: [id=2_internal_14437, d=-160357, pv=0.0662643, s=-0.1394]

Processing phenotype [ENSG00000233762.2] [58/209]
  * #variants in cis = 6
  * Best hit: [id=2_internal_14437, d=186657, pv=0.159497, s=0.1084]

Processing phenotype [ENSG00000071967.7] [59/209]
  * #variants in cis = 6
  * Best hit: [id=2_internal_13705, d=964509, pv=0.180898, s=0.1032]

Processing phenotype [ENSG00000077380.11] [60/209]
  * #variants in cis = 6
  * Best hit: [id=2_internal_16705, d=499827, pv=0.072746, s=0.1370]

Processing phenotype [ENSG00000268821.1] [61/209]
  * #variants in cis = 6
  * Best hit: [id=2_internal_13776, d=-503634, pv=0.00480316, s=0.2242]

Processing phenotype [ENSG00000228389.1] [62/209]
  * #variants in cis = 6
  * Best hit: [id=2_internal_17112, d=743881, pv=0.128983, s=-0.1247]

Processing phenotype [ENSG00000128708.8] [63/209]
  * #variants in cis = 7
  * Best hit: [id=2_internal_14437, d=-591383, pv=0.298628, s=0.0796]

Processing phenotype [ENSG00000172878.8] [64/209]
  * #variants in cis = 8
  * Best hit: [id=2_internal_13705, d=478776, pv=0.0232602, s=0.1790]

Processing phenotype [ENSG00000115840.9] [65/209]
  * #variants in cis = 8
  * Best hit: [id=2_internal_17112, d=-509107, pv=0.199781, s=0.1020]

Processing phenotype [ENSG00000091409.10] [66/209]
  * #variants in cis = 6
  * Best hit: [id=2_internal_13776, d=-200794, pv=3.24077e-07, s=0.3983]

Processing phenotype [ENSG00000232788.1] [67/209]
  * #variants in cis = 6
  * Best hit: [id=2_internal_13776, d=239462, pv=1.14698e-05, s=0.3460]

Processing phenotype [ENSG00000152256.8] [68/209]
  * #variants in cis = 6
  * Best hit: [id=2_internal_17112, d=-38529, pv=6.49583e-23, s=0.6757]

Processing phenotype [ENSG00000225205.1] [69/209]
  * #variants in cis = 6
  * Best hit: [id=2_internal_17112, d=39752, pv=0.000328786, s=0.2795]

Processing phenotype [ENSG00000199866.1] [70/209]
  * #variants in cis = 6
  * Best hit: [id=2_internal_17112, d=41408, pv=0.000227299, s=0.2843]

Processing phenotype [ENSG00000091428.12] [71/209]
  * #variants in cis = 6
  * Best hit: [id=2_internal_13186, d=177299, pv=0.227988, s=-0.0982]

Processing phenotype [ENSG00000091436.12] [72/209]
  * #variants in cis = 6
  * Best hit: [id=2_internal_17112, d=-558591, pv=0.229989, s=0.0960]

Processing phenotype [ENSG00000238133.2] [73/209]
  * #variants in cis = 4
  * Best hit: [id=2_internal_17112, d=765192, pv=0.0663585, s=0.1453]

Processing phenotype [ENSG00000144354.9] [74/209]
  * #variants in cis = 5
  * Best hit: [id=2_internal_13537, d=977045, pv=0.0476457, s=0.1644]

Processing phenotype [ENSG00000234415.1] [75/209]
  * #variants in cis = 8
  * Best hit: [id=2_internal_13537, d=-459400, pv=0.0304004, s=-0.1797]

Processing phenotype [ENSG00000224638.1] [76/209]
  * #variants in cis = 8
  * Best hit: [id=2_internal_14945, d=-816779, pv=0.203223, s=-0.1047]

Processing phenotype [ENSG00000172845.9] [77/209]
  * #variants in cis = 8
  * Best hit: [id=2_internal_13186, d=994105, pv=0.0909648, s=-0.1357]

Processing phenotype [ENSG00000260868.1] [78/209]
  * #variants in cis = 7
  * Best hit: [id=2_internal_13537, d=306585, pv=0.221905, s=-0.0980]

Processing phenotype [ENSG00000243770.2] [79/209]
  * #variants in cis = 7
  * Best hit: [id=2_internal_16087, d=-275745, pv=0.0565384, s=-0.1499]

Processing phenotype [ENSG00000138430.11] [80/209]
  * #variants in cis = 7
  * Best hit: [id=2_internal_14064, d=-799498, pv=0.14911, s=0.1191]

Processing phenotype [ENSG00000138433.10] [81/209]
  * #variants in cis = 7
  * Best hit: [id=2_internal_14945, d=-320492, pv=0.0364901, s=-0.1671]

Processing phenotype [ENSG00000144306.9] [82/209]
  * #variants in cis = 7
  * Best hit: [id=2_internal_16087, d=120433, pv=0.0164875, s=0.1886]

Processing phenotype [ENSG00000163328.9] [83/209]
  * #variants in cis = 7
  * Best hit: [id=2_internal_16087, d=-29069, pv=2.772e-08, s=0.4297]

Processing phenotype [ENSG00000226853.1] [84/209]
  * #variants in cis = 7
  * Best hit: [id=2_internal_14795, d=154280, pv=0.190807, s=-0.1016]

Processing phenotype [ENSG00000236449.1] [85/209]
  * #variants in cis = 7
  * Best hit: [id=2_internal_15842, d=114548, pv=3.15811e-07, s=0.4061]

Processing phenotype [ENSG00000206965.1] [86/209]
  * #variants in cis = 7
  * Best hit: [id=2_internal_14795, d=-83597, pv=0.16476, s=0.1134]

Processing phenotype [ENSG00000237798.1] [87/209]
  * #variants in cis = 7
  * Best hit: [id=2_internal_15842, d=86462, pv=0.302606, s=-0.0794]

Processing phenotype [ENSG00000115935.12] [88/209]
  * #variants in cis = 7
  * Best hit: [id=2_internal_15842, d=0, pv=0.110249, s=-0.1258]

Processing phenotype [ENSG00000235655.2] [89/209]
  * #variants in cis = 7
  * Best hit: [id=2_internal_16087, d=-193311, pv=0.565535, s=0.0444]

Processing phenotype [ENSG00000128656.9] [90/209]
  * #variants in cis = 7
  * Best hit: [id=2_internal_14729, d=216082, pv=0.0117039, s=0.2009]

Processing phenotype [ENSG00000215973.1] [91/209]
  * #variants in cis = 11
  * Best hit: [id=2_internal_18455, d=-936320, pv=0.0709937, s=0.1417]

Processing phenotype [ENSG00000229750.1] [92/209]
  * #variants in cis = 11
  * Best hit: [id=2_internal_18455, d=936125, pv=0.0968373, s=0.1316]

Processing phenotype [ENSG00000115966.11] [93/209]
  * #variants in cis = 11
  * Best hit: [id=2_internal_14064, d=24990, pv=0.116628, s=-0.1175]

Processing phenotype [ENSG00000200121.1] [94/209]
  * #variants in cis = 11
  * Best hit: [id=2_internal_14064, d=33198, pv=0.173456, s=0.1090]

Processing phenotype [ENSG00000154518.5] [95/209]
  * #variants in cis = 11
  * Best hit: [id=2_internal_14064, d=41215, pv=0.0537562, s=0.1527]

Processing phenotype [ENSG00000144320.9] [96/209]
  * #variants in cis = 6
  * Best hit: [id=2_internal_15524, d=-84740, pv=0.062231, s=0.1537]

Processing phenotype [ENSG00000218175.2] [97/209]
  * #variants in cis = 5
  * Best hit: [id=2_internal_14833, d=0, pv=0.0498553, s=0.1536]

Processing phenotype [ENSG00000128654.9] [98/209]
  * #variants in cis = 5
  * Best hit: [id=2_internal_13852, d=555099, pv=0.318236, s=-0.0821]

Processing phenotype [ENSG00000170144.13] [99/209]
  * #variants in cis = 4
  * Best hit: [id=2_internal_13852, d=-359196, pv=0.121798, s=0.1269]

Processing phenotype [ENSG00000263721.1] [100/209]
  * #variants in cis = 4
  * Best hit: [id=2_internal_13009, d=339064, pv=0.241724, s=-0.0955]

Processing phenotype [ENSG00000225808.1] [101/209]
  * #variants in cis = 4
  * Best hit: [id=2_internal_14833, d=958342, pv=0.235768, s=-0.0928]

Processing phenotype [ENSG00000265396.1] [102/209]
  * #variants in cis = 4
  * Best hit: [id=2_internal_15302, d=-70585, pv=0.243694, s=-0.0921]

Processing phenotype [ENSG00000222043.2] [103/209]
  * #variants in cis = 4
  * Best hit: [id=2_internal_15302, d=62236, pv=0.104517, s=-0.1294]

Processing phenotype [ENSG00000237178.2] [104/209]
  * #variants in cis = 3
  * Best hit: [id=2_internal_13852, d=-491076, pv=0.272633, s=0.0899]

Processing phenotype [ENSG00000018510.8] [105/209]
  * #variants in cis = 3
  * Best hit: [id=2_internal_15302, d=-62461, pv=0.513107, s=0.0512]

Processing phenotype [ENSG00000213963.2] [106/209]
  * #variants in cis = 3
  * Best hit: [id=2_internal_15302, d=62508, pv=0.275687, s=-0.0907]

Processing phenotype [ENSG00000116044.11] [107/209]
  * #variants in cis = 3
  * Best hit: [id=2_internal_15302, d=62514, pv=0.299694, s=-0.0781]

Processing phenotype [ENSG00000196659.8] [108/209]
  * #variants in cis = 4
  * Best hit: [id=2_internal_13009, d=0, pv=0.270291, s=-0.0877]

Processing phenotype [ENSG00000237655.1] [109/209]
  * #variants in cis = 4
  * Best hit: [id=2_internal_13852, d=-749722, pv=0.574579, s=0.0446]

Processing phenotype [ENSG00000197557.5] [110/209]
  * #variants in cis = 4
  * Best hit: [id=2_internal_13009, d=0, pv=0.418731, s=-0.0656]

Processing phenotype [ENSG00000155636.9] [111/209]
  * #variants in cis = 4
  * Best hit: [id=2_internal_16601, d=911867, pv=0.368483, s=0.0701]

Processing phenotype [ENSG00000223960.1] [112/209]
  * #variants in cis = 4
  * Best hit: [id=2_internal_16601, d=610352, pv=0.0374387, s=-0.1678]

Processing phenotype [ENSG00000204311.6] [113/209]
  * #variants in cis = 4
  * Best hit: [id=2_internal_14304, d=781359, pv=0.0841409, s=0.1386]

Processing phenotype [ENSG00000180228.8] [114/209]
  * #variants in cis = 4
  * Best hit: [id=2_internal_16601, d=-572779, pv=0.0237503, s=-0.1778]

Processing phenotype [ENSG00000079150.13] [115/209]
  * #variants in cis = 4
  * Best hit: [id=2_internal_17802, d=-42815, pv=0.095613, s=-0.1320]

Processing phenotype [ENSG00000116095.5] [116/209]
  * #variants in cis = 4
  * Best hit: [id=2_internal_14304, d=752327, pv=0.187424, s=0.1075]

Processing phenotype [ENSG00000237298.2] [117/209]
  * #variants in cis = 4
  * Best hit: [id=2_internal_17802, d=232, pv=1.12452e-26, s=0.7386]

Processing phenotype [ENSG00000267784.1] [118/209]
  * #variants in cis = 3
  * Best hit: [id=2_internal_16601, d=300834, pv=0.00511201, s=0.2142]

Processing phenotype [ENSG00000266413.1] [119/209]
  * #variants in cis = 3
  * Best hit: [id=2_internal_16601, d=247365, pv=0.0286732, s=0.1770]

Processing phenotype [ENSG00000155657.18] [120/209]
  * #variants in cis = 3
  * Best hit: [id=2_internal_17802, d=294387, pv=1.01724e-23, s=0.7013]

Processing phenotype [ENSG00000163492.9] [121/209]
  * #variants in cis = 3
  * Best hit: [id=2_internal_16601, d=16203, pv=0.0293304, s=0.1742]

Processing phenotype [ENSG00000238339.1] [122/209]
  * #variants in cis = 3
  * Best hit: [id=2_internal_17802, d=589222, pv=0.264987, s=0.0864]

Processing phenotype [ENSG00000187231.8] [123/209]
  * #variants in cis = 3
  * Best hit: [id=2_internal_16601, d=230907, pv=0.0796955, s=0.1377]

Processing phenotype [ENSG00000163510.9] [124/209]
  * #variants in cis = 2
  * Best hit: [id=2_internal_16601, d=973230, pv=0.091571, s=0.1319]

Processing phenotype [ENSG00000226564.1] [125/209]
  * #variants in cis = 8
  * Best hit: [id=2_internal_20303, d=-231182, pv=0.158675, s=0.1106]

Processing phenotype [ENSG00000170035.10] [126/209]
  * #variants in cis = 8
  * Best hit: [id=2_internal_14227, d=123920, pv=0.125529, s=-0.1237]

Processing phenotype [ENSG00000234663.1] [127/209]
  * #variants in cis = 8
  * Best hit: [id=2_internal_20303, d=2664, pv=0.00633543, s=0.2178]

Processing phenotype [ENSG00000238171.1] [128/209]
  * #variants in cis = 8
  * Best hit: [id=2_internal_17323, d=-46275, pv=0.0668472, s=-0.1485]

Processing phenotype [ENSG00000115232.9] [129/209]
  * #variants in cis = 8
  * Best hit: [id=2_internal_17323, d=0, pv=0.00018834, s=0.2916]

Processing phenotype [ENSG00000188452.9] [130/209]
  * #variants in cis = 8
  * Best hit: [id=2_internal_17323, d=205560, pv=3.20096e-05, s=0.3195]

Processing phenotype [ENSG00000260742.1] [131/209]
  * #variants in cis = 8
  * Best hit: [id=2_internal_14227, d=422592, pv=0.302154, s=-0.0804]

Processing phenotype [ENSG00000138434.11] [132/209]
  * #variants in cis = 8
  * Best hit: [id=2_internal_14227, d=-422762, pv=0.0463609, s=-0.1508]

Processing phenotype [ENSG00000077232.11] [133/209]
  * #variants in cis = 1
  * Best hit: [id=2_internal_15062, d=361650, pv=0.241175, s=-0.0946]

Processing phenotype [ENSG00000232430.1] [134/209]
  * #variants in cis = 1
  * Best hit: [id=2_internal_15062, d=289824, pv=0.242579, s=0.0926]

Processing phenotype [ENSG00000061676.9] [135/209]
  * #variants in cis = 1
  * Best hit: [id=2_internal_15062, d=-39063, pv=0.776633, s=0.0237]

Processing phenotype [ENSG00000162999.8] [136/209]
  * #variants in cis = 1
  * Best hit: [id=2_internal_15062, d=0, pv=0.524794, s=-0.0531]

Processing phenotype [ENSG00000224643.1] [137/209]
  * #variants in cis = 1
  * Best hit: [id=2_internal_15062, d=26113, pv=0.600133, s=-0.0434]

Processing phenotype [ENSG00000163002.8] [138/209]
  * #variants in cis = 1
  * Best hit: [id=2_internal_15062, d=-35107, pv=0.28995, s=0.0869]

Processing phenotype [ENSG00000177855.8] [139/209]
  * #variants in cis = 1
  * Best hit: [id=2_internal_15062, d=525713, pv=0.266018, s=-0.0864]

Processing phenotype [ENSG00000170396.6] [140/209]
  * #variants in cis = 0

Processing phenotype [ENSG00000237824.2] [141/209]
  * #variants in cis = 0

Processing phenotype [ENSG00000188738.9] [142/209]
  * #variants in cis = 0

Processing phenotype [ENSG00000224019.1] [143/209]
  * #variants in cis = 0

Processing phenotype [ENSG00000237877.1] [144/209]
  * #variants in cis = 0

Processing phenotype [ENSG00000226410.1] [145/209]
  * #variants in cis = 0

Processing phenotype [ENSG00000232568.2] [146/209]
  * #variants in cis = 0

Processing phenotype [ENSG00000259915.1] [147/209]
  * #variants in cis = 0

Processing phenotype [ENSG00000227692.1] [148/209]
  * #variants in cis = 0

Processing phenotype [ENSG00000065548.13] [149/209]
  * #variants in cis = 0

Processing phenotype [ENSG00000224323.1] [150/209]
  * #variants in cis = 0

Processing phenotype [ENSG00000213953.1] [151/209]
  * #variants in cis = 0

Processing phenotype [ENSG00000268846.1] [152/209]
  * #variants in cis = 0

Processing phenotype [ENSG00000138448.7] [153/209]
  * #variants in cis = 0

Processing phenotype [ENSG00000144369.8] [154/209]
  * #variants in cis = 0

Processing phenotype [ENSG00000227227.1] [155/209]
  * #variants in cis = 0

Processing phenotype [ENSG00000163012.3] [156/209]
  * #variants in cis = 0

Processing phenotype [ENSG00000231739.2] [157/209]
  * #variants in cis = 0

Processing phenotype [ENSG00000064989.8] [158/209]
  * #variants in cis = 0

Processing phenotype [ENSG00000003436.10] [159/209]
  * #variants in cis = 0

Processing phenotype [ENSG00000204262.7] [160/209]
  * #variants in cis = 1
  * Best hit: [id=2_internal_14237, d=-378789, pv=0.648054, s=0.0373]

Processing phenotype [ENSG00000115368.5] [161/209]
  * #variants in cis = 3
  * Best hit: [id=2_internal_14237, d=117235, pv=0.0373768, s=0.1637]

Processing phenotype [ENSG00000138449.6] [162/209]
  * #variants in cis = 5
  * Best hit: [id=2_internal_14237, d=905, pv=5.24081e-09, s=0.4322]

Processing phenotype [ENSG00000138381.4] [163/209]
  * #variants in cis = 5
  * Best hit: [id=2_internal_13808, d=745423, pv=0.161111, s=-0.1086]

Processing phenotype [ENSG00000151687.10] [164/209]
  * #variants in cis = 5
  * Best hit: [id=2_internal_13680, d=757506, pv=0.1229, s=0.1240]

Processing phenotype [ENSG00000223249.1] [165/209]
  * #variants in cis = 5
  * Best hit: [id=2_internal_14237, d=-170611, pv=0.098527, s=-0.1343]

Processing phenotype [ENSG00000253559.1] [166/209]
  * #variants in cis = 5
  * Best hit: [id=2_internal_14237, d=-179851, pv=0.052731, s=0.1554]

Processing phenotype [ENSG00000128694.7] [167/209]
  * #variants in cis = 5
  * Best hit: [id=2_internal_13680, d=-668569, pv=0.14387, s=0.1151]

Processing phenotype [ENSG00000128699.9] [168/209]
  * #variants in cis = 5
  * Best hit: [id=2_internal_13735, d=-741056, pv=0.042301, s=0.1623]

Processing phenotype [ENSG00000064933.12] [169/209]
  * #variants in cis = 5
  * Best hit: [id=2_internal_14237, d=-201528, pv=0.222106, s=0.1018]

Processing phenotype [ENSG00000187699.6] [170/209]
  * #variants in cis = 5
  * Best hit: [id=2_internal_13680, d=552187, pv=0.170643, s=0.1117]

Processing phenotype [ENSG00000204253.3] [171/209]
  * #variants in cis = 5
  * Best hit: [id=2_internal_13680, d=508460, pv=0.343658, s=-0.0762]

Processing phenotype [ENSG00000151689.8] [172/209]
  * #variants in cis = 16
  * Best hit: [id=2_internal_13349, d=847388, pv=0.0177792, s=0.1849]

Processing phenotype [ENSG00000198130.10] [173/209]
  * #variants in cis = 16
  * Best hit: [id=2_internal_13680, d=-87603, pv=0.00845263, s=0.2162]

Processing phenotype [ENSG00000151690.10] [174/209]
  * #variants in cis = 16
  * Best hit: [id=2_internal_13808, d=0, pv=4.86872e-20, s=0.6699]

Processing phenotype [ENSG00000189362.7] [175/209]
  * #variants in cis = 16
  * Best hit: [id=2_internal_13808, d=113334, pv=1.05204e-07, s=0.4146]

Processing phenotype [ENSG00000233654.1] [176/209]
  * #variants in cis = 16
  * Best hit: [id=2_internal_14133, d=519699, pv=0.0754572, s=0.1399]

Processing phenotype [ENSG00000138386.12] [177/209]
  * #variants in cis = 15
  * Best hit: [id=2_internal_13735, d=0, pv=0.0205411, s=0.1824]

Processing phenotype [ENSG00000228509.1] [178/209]
  * #variants in cis = 15
  * Best hit: [id=2_internal_19556, d=-425484, pv=0.180018, s=0.1102]

Processing phenotype [ENSG00000115419.8] [179/209]
  * #variants in cis = 15
  * Best hit: [id=2_internal_13936, d=124905, pv=3.092e-09, s=0.4453]

Processing phenotype [ENSG00000235852.1] [180/209]
  * #variants in cis = 15
  * Best hit: [id=2_internal_13349, d=-308799, pv=0.0323177, s=-0.1666]

Processing phenotype [ENSG00000229023.1] [181/209]
  * #variants in cis = 15
  * Best hit: [id=2_internal_13099, d=-16125, pv=1.94133e-06, s=0.3749]

Processing phenotype [ENSG00000115415.14] [182/209]
  * #variants in cis = 15
  * Best hit: [id=2_internal_13936, d=0, pv=1.1223e-12, s=0.5347]

Processing phenotype [ENSG00000231858.1] [183/209]
  * #variants in cis = 15
  * Best hit: [id=2_internal_15457, d=182966, pv=0.00669513, s=0.2096]

Processing phenotype [ENSG00000138378.13] [184/209]
  * #variants in cis = 15
  * Best hit: [id=2_internal_15457, d=-52896, pv=2.13626e-05, s=0.3319]

Processing phenotype [ENSG00000173559.7] [185/209]
  * #variants in cis = 11
  * Best hit: [id=2_internal_13099, d=-654415, pv=0.0049485, s=-0.2205]

Processing phenotype [ENSG00000233766.2] [186/209]
  * #variants in cis = 11
  * Best hit: [id=2_internal_19556, d=-523539, pv=0.0858461, s=-0.1423]

Processing phenotype [ENSG00000168497.4] [187/209]
  * #variants in cis = 11
  * Best hit: [id=2_internal_19556, d=524255, pv=0.0110283, s=-0.2117]

Processing phenotype [ENSG00000196950.9] [188/209]
  * #variants in cis = 12
  * Best hit: [id=2_internal_16040, d=56002, pv=0.0611745, s=0.1474]

Processing phenotype [ENSG00000201813.1] [189/209]
  * #variants in cis = 12
  * Best hit: [id=2_internal_13813, d=-528945, pv=0.185703, s=-0.1058]

Processing phenotype [ENSG00000118997.9] [190/209]
  * #variants in cis = 13
  * Best hit: [id=2_internal_13799, d=-9500, pv=0.00227397, s=0.2500]

Processing phenotype [ENSG00000081320.5] [191/209]
  * #variants in cis = 14
  * Best hit: [id=2_internal_15979, d=563190, pv=0.144003, s=0.1187]

Processing phenotype [ENSG00000229056.1] [192/209]
  * #variants in cis = 15
  * Best hit: [id=2_internal_14488, d=0, pv=0.00363058, s=0.2321]

Processing phenotype [ENSG00000138411.5] [193/209]
  * #variants in cis = 12
  * Best hit: [id=2_internal_14488, d=316233, pv=0.133778, s=0.1180]

Processing phenotype [ENSG00000144395.13] [194/209]
  * #variants in cis = 10
  * Best hit: [id=2_internal_14021, d=-987409, pv=0.0208362, s=-0.1859]

Processing phenotype [ENSG00000119041.6] [195/209]
  * #variants in cis = 8
  * Best hit: [id=2_internal_13759, d=-313201, pv=0.309229, s=0.0821]

Processing phenotype [ENSG00000197121.9] [196/209]
  * #variants in cis = 10
  * Best hit: [id=2_internal_14488, d=650337, pv=0.0761756, s=-0.1433]

Processing phenotype [ENSG00000225636.1] [197/209]
  * #variants in cis = 11
  * Best hit: [id=2_internal_13907, d=826873, pv=0.00767454, s=0.2096]

Processing phenotype [ENSG00000224442.1] [198/209]
  * #variants in cis = 11
  * Best hit: [id=2_internal_14315, d=-903776, pv=0.196138, s=0.1028]

Processing phenotype [ENSG00000231621.1] [199/209]
  * #variants in cis = 10
  * Best hit: [id=2_internal_14306, d=0, pv=0.0274551, s=0.1790]

Processing phenotype [ENSG00000230482.1] [200/209]
  * #variants in cis = 8
  * Best hit: [id=2_internal_13403, d=573421, pv=0.0611193, s=-0.1506]

Processing phenotype [ENSG00000236977.1] [201/209]
  * #variants in cis = 7
  * Best hit: [id=2_internal_13431, d=0, pv=0.193189, s=-0.1065]

Processing phenotype [ENSG00000065413.12] [202/209]
  * #variants in cis = 7
  * Best hit: [id=2_internal_14306, d=0, pv=0.0107849, s=0.2011]

Processing phenotype [ENSG00000202434.1] [203/209]
  * #variants in cis = 7
  * Best hit: [id=2_internal_14315, d=529201, pv=0.147145, s=-0.1162]

Processing phenotype [ENSG00000115524.10] [204/209]
  * #variants in cis = 7
  * Best hit: [id=2_internal_13403, d=-401441, pv=0.0198209, s=0.1940]

Processing phenotype [ENSG00000115520.4] [205/209]
  * #variants in cis = 7
  * Best hit: [id=2_internal_13403, d=383109, pv=0.0965795, s=-0.1320]

Processing phenotype [ENSG00000115541.6] [206/209]
  * #variants in cis = 7
  * Best hit: [id=2_internal_13431, d=0, pv=0.106295, s=0.1279]

Processing phenotype [ENSG00000115540.10] [207/209]
  * #variants in cis = 7
  * Best hit: [id=2_internal_14315, d=418348, pv=0.0461182, s=0.1592]

Processing phenotype [ENSG00000144381.12] [208/209]
  * #variants in cis = 7
  * Best hit: [id=2_internal_14315, d=-417182, pv=0.0369318, s=-0.1670]

Processing phenotype [ENSG00000231699.1] [209/209]
  * #variants in cis = 7
  * Best hit: [id=2_internal_13907, d=308060, pv=0.0507195, s=0.1522]

Running time: 1 seconds
