Sender: LSF System <lsfadmin@cpt03>
Subject: Job 974428: </data/unige/funpopgen/odelanea/SGX/V2/binaries/qtltools/bin/QTLtools cis --vcf /data/unige/funpopgen/grey2/SYSCID/BLUEPRINT_DATA/CRD/THREE_CELL_TYPES/CLOMICS/CELL_TYPE_COMPARISON_GENE_CRD_ASSOCIATIONS/quantify/72_vs_73_ALL.ALLchr.mean.txt.gz --bed /data/unige/funpopgen/grey2/SYSCID/BLUEPRINT_DATA/CRD/THREE_CELL_TYPES/QTL_TOOLS/EGAD00001002674_v3.0/EGAD00001002674_RNA.PC10.bed.gz --nominal /data/unige/funpopgen/grey2/SYSCID/BLUEPRINT_DATA/CRD/THREE_CELL_TYPES/CLOMICS/CELL_TYPE_COMPARISON_GENE_CRD_ASSOCIATIONS/mapping_aCRD_gene/72_vs_73/gene_CRD_mean_permutations.thresholds.txt --chunk 7 100 --out /data/unige/funpopgen/grey2/SYSCID/BLUEPRINT_DATA/CRD/THREE_CELL_TYPES/CLOMICS/CELL_TYPE_COMPARISON_GENE_CRD_ASSOCIATIONS/mapping_aCRD_gene/72_vs_73/mapping_gene_CRD_mean_chunk7\.txt> in cluster <ug> Done

Job </data/unige/funpopgen/odelanea/SGX/V2/binaries/qtltools/bin/QTLtools cis --vcf /data/unige/funpopgen/grey2/SYSCID/BLUEPRINT_DATA/CRD/THREE_CELL_TYPES/CLOMICS/CELL_TYPE_COMPARISON_GENE_CRD_ASSOCIATIONS/quantify/72_vs_73_ALL.ALLchr.mean.txt.gz --bed /data/unige/funpopgen/grey2/SYSCID/BLUEPRINT_DATA/CRD/THREE_CELL_TYPES/QTL_TOOLS/EGAD00001002674_v3.0/EGAD00001002674_RNA.PC10.bed.gz --nominal /data/unige/funpopgen/grey2/SYSCID/BLUEPRINT_DATA/CRD/THREE_CELL_TYPES/CLOMICS/CELL_TYPE_COMPARISON_GENE_CRD_ASSOCIATIONS/mapping_aCRD_gene/72_vs_73/gene_CRD_mean_permutations.thresholds.txt --chunk 7 100 --out /data/unige/funpopgen/grey2/SYSCID/BLUEPRINT_DATA/CRD/THREE_CELL_TYPES/CLOMICS/CELL_TYPE_COMPARISON_GENE_CRD_ASSOCIATIONS/mapping_aCRD_gene/72_vs_73/mapping_gene_CRD_mean_chunk7\.txt> was submitted from host <cpt01> by user <grey2> in cluster <ug>.
Job was executed on host(s) <cpt03>, in queue <normal>, as user <grey2> in cluster <ug>.
</home/grey2> was used as the home directory.
</data/unige/funpopgen/grey2/SYSCID/BLUEPRINT_DATA/CRD/THREE_CELL_TYPES/CLOMICS/CELL_TYPE_COMPARISON_GENE_CRD_ASSOCIATIONS> was used as the working directory.
Started at Thu Mar 21 13:43:09 2019
Results reported at Thu Mar 21 13:43:13 2019

Your job looked like:

------------------------------------------------------------
# LSBATCH: User input
/data/unige/funpopgen/odelanea/SGX/V2/binaries/qtltools/bin/QTLtools cis --vcf /data/unige/funpopgen/grey2/SYSCID/BLUEPRINT_DATA/CRD/THREE_CELL_TYPES/CLOMICS/CELL_TYPE_COMPARISON_GENE_CRD_ASSOCIATIONS/quantify/72_vs_73_ALL.ALLchr.mean.txt.gz --bed /data/unige/funpopgen/grey2/SYSCID/BLUEPRINT_DATA/CRD/THREE_CELL_TYPES/QTL_TOOLS/EGAD00001002674_v3.0/EGAD00001002674_RNA.PC10.bed.gz --nominal /data/unige/funpopgen/grey2/SYSCID/BLUEPRINT_DATA/CRD/THREE_CELL_TYPES/CLOMICS/CELL_TYPE_COMPARISON_GENE_CRD_ASSOCIATIONS/mapping_aCRD_gene/72_vs_73/gene_CRD_mean_permutations.thresholds.txt --chunk 7 100 --out /data/unige/funpopgen/grey2/SYSCID/BLUEPRINT_DATA/CRD/THREE_CELL_TYPES/CLOMICS/CELL_TYPE_COMPARISON_GENE_CRD_ASSOCIATIONS/mapping_aCRD_gene/72_vs_73/mapping_gene_CRD_mean_chunk7\.txt

------------------------------------------------------------

Successfully completed.

Resource usage summary:

    CPU time :               1.44 sec.
    Max Memory :             3.11 MB
    Average Memory :         3.11 MB
    Total Requested Memory : -
    Delta Memory :           -
    (Delta: the difference between total requested memory and actual max usage.)
    Max Swap :               31 MB

    Max Processes :          1
    Max Threads :            1

The output (if any) follows:


[32mQTLtools[0m
  * Authors : Olivier DELANEAU / Halit ONGEN / Emmanouil DERMITZAKIS
  * Contact : olivier.delaneau@gmail.com / halit.ongen@unige.ch / Emmanouil.Dermitzakis@unige.ch
  * Webpage : https://qtltools.github.io/qtltools/
  * Version : 1.1
  * Date    : 21/03/2019 - 13:43:12
  * Citation: A complete tool set for molecular QTL discovery and analysis, https://doi.org/10.1101/068635

[32mMAPPING QTL IN CIS[0m
  * TASK: Report all nominal associations with p below thresholds in [/data/unige/funpopgen/grey2/SYSCID/BLUEPRINT_DATA/CRD/THREE_CELL_TYPES/CLOMICS/CELL_TYPE_COMPARISON_GENE_CRD_ASSOCIATIONS/mapping_aCRD_gene/72_vs_73/gene_CRD_mean_permutations.thresholds.txt]
  * Linear model: Phe ~ Var
  * Cis-window size is 1000000 bp
  * Chunk = [7/100]

Scanning phenotype data in [/data/unige/funpopgen/grey2/SYSCID/BLUEPRINT_DATA/CRD/THREE_CELL_TYPES/QTL_TOOLS/EGAD00001002674_v3.0/EGAD00001002674_RNA.PC10.bed.gz]
  * 26159 phenotypes included
  * 13004 phenotypes are on the negative strand

Initialize random number generator
  * Built-in seed is 15112011
  * First Integer = 30554
  * First Double = 0.0126695

Reading sample list from [/data/unige/funpopgen/grey2/SYSCID/BLUEPRINT_DATA/CRD/THREE_CELL_TYPES/QTL_TOOLS/EGAD00001002674_v3.0/EGAD00001002674_RNA.PC10.bed.gz]
  * #samples = 194

Reading sample list from [/data/unige/funpopgen/grey2/SYSCID/BLUEPRINT_DATA/CRD/THREE_CELL_TYPES/CLOMICS/CELL_TYPE_COMPARISON_GENE_CRD_ASSOCIATIONS/quantify/72_vs_73_ALL.ALLchr.mean.txt.gz]
  * #samples = 160

Merging sample sets from all input files
  * #files = 2
  * #samples in all files = 158
  * #samples NOT in all files (i.e. ignored) = 38

Reading phenotype data in [/data/unige/funpopgen/grey2/SYSCID/BLUEPRINT_DATA/CRD/THREE_CELL_TYPES/QTL_TOOLS/EGAD00001002674_v3.0/EGAD00001002674_RNA.PC10.bed.gz]
  * target region [15:20711433-43941127]
  * 242 phenotypes included
  * 113 phenotypes are on the negative strand

Reading genotype data in [/data/unige/funpopgen/grey2/SYSCID/BLUEPRINT_DATA/CRD/THREE_CELL_TYPES/CLOMICS/CELL_TYPE_COMPARISON_GENE_CRD_ASSOCIATIONS/quantify/72_vs_73_ALL.ALLchr.mean.txt.gz]
  * File format detected: BED
  * 158 samples included
  * 4 samples without phenotype data
  * target region [15:19711433-44941127]
  * 24 variants included

Reading nominal thresholds in [/data/unige/funpopgen/grey2/SYSCID/BLUEPRINT_DATA/CRD/THREE_CELL_TYPES/CLOMICS/CELL_TYPE_COMPARISON_GENE_CRD_ASSOCIATIONS/mapping_aCRD_gene/72_vs_73/gene_CRD_mean_permutations.thresholds.txt]
  * #phenotypes set = 242

Processing phenotype [ENSG00000180229.8] [1/242]
  * #variants in cis = 1
  * Best hit: [id=15_internal_8311, d=0, pv=0.882462, s=-0.0117]

Processing phenotype [ENSG00000258590.1] [2/242]
  * #variants in cis = 1
  * Best hit: [id=15_internal_8311, d=0, pv=0.491776, s=0.0530]

Processing phenotype [ENSG00000260409.1] [3/242]
  * #variants in cis = 1
  * Best hit: [id=15_internal_8311, d=0, pv=0.963136, s=0.0036]

Processing phenotype [ENSG00000237161.3] [4/242]
  * #variants in cis = 1
  * Best hit: [id=15_internal_8311, d=0, pv=0.594817, s=0.0428]

Processing phenotype [ENSG00000247765.1] [5/242]
  * #variants in cis = 1
  * Best hit: [id=15_internal_8311, d=0, pv=0.780472, s=-0.0223]

Processing phenotype [ENSG00000259176.1] [6/242]
  * #variants in cis = 1
  * Best hit: [id=15_internal_8311, d=0, pv=0.000134919, s=0.2928]

Processing phenotype [ENSG00000182974.2] [7/242]
  * #variants in cis = 1
  * Best hit: [id=15_internal_8311, d=0, pv=8.34068e-05, s=0.2981]

Processing phenotype [ENSG00000223877.3] [8/242]
  * #variants in cis = 1
  * Best hit: [id=15_internal_8311, d=0, pv=0.375132, s=-0.0705]

Processing phenotype [ENSG00000153575.6] [9/242]
  * #variants in cis = 1
  * Best hit: [id=15_internal_8311, d=-259910, pv=0.4883, s=-0.0560]

Processing phenotype [ENSG00000068793.12] [10/242]
  * #variants in cis = 1
  * Best hit: [id=15_internal_8311, d=-318520, pv=0.382968, s=0.0698]

Processing phenotype [ENSG00000140157.10] [11/242]
  * #variants in cis = 1
  * Best hit: [id=15_internal_8311, d=460942, pv=0.20295, s=0.1003]

Processing phenotype [ENSG00000170113.11] [12/242]
  * #variants in cis = 1
  * Best hit: [id=15_internal_8311, d=526520, pv=0.0712699, s=0.1386]

Processing phenotype [ENSG00000187667.6] [13/242]
  * #variants in cis = 1
  * Best hit: [id=15_internal_8311, d=635252, pv=0.300651, s=-0.0843]

Processing phenotype [ENSG00000140181.10] [14/242]
  * #variants in cis = 1
  * Best hit: [id=15_internal_8311, d=804743, pv=0.111604, s=0.1224]

Processing phenotype [ENSG00000182636.4] [15/242]
  * #variants in cis = 0

Processing phenotype [ENSG00000128739.16] [16/242]
  * #variants in cis = 2
  * Best hit: [id=15_internal_6754, d=133252, pv=1.37892e-05, s=0.3229]

Processing phenotype [ENSG00000241061.2] [17/242]
  * #variants in cis = 2
  * Best hit: [id=15_internal_7601, d=-828122, pv=0.406266, s=0.0653]

Processing phenotype [ENSG00000214265.6] [18/242]
  * #variants in cis = 2
  * Best hit: [id=15_internal_6754, d=1913, pv=3.02535e-05, s=0.3125]

Processing phenotype [ENSG00000224078.4] [19/242]
  * #variants in cis = 2
  * Best hit: [id=15_internal_6754, d=0, pv=0.00174126, s=0.2422]

Processing phenotype [ENSG00000238810.1] [20/242]
  * #variants in cis = 2
  * Best hit: [id=15_internal_6754, d=0, pv=0.153721, s=0.1155]

Processing phenotype [ENSG00000209418.1] [21/242]
  * #variants in cis = 2
  * Best hit: [id=15_internal_6754, d=0, pv=0.0984105, s=0.1329]

Processing phenotype [ENSG00000239014.1] [22/242]
  * #variants in cis = 2
  * Best hit: [id=15_internal_6754, d=0, pv=0.0262465, s=0.1679]

Processing phenotype [ENSG00000257151.1] [23/242]
  * #variants in cis = 2
  * Best hit: [id=15_internal_6754, d=0, pv=0.00897255, s=0.2035]

Processing phenotype [ENSG00000257647.1] [24/242]
  * #variants in cis = 2
  * Best hit: [id=15_internal_6754, d=0, pv=0.51258, s=0.0516]

Processing phenotype [ENSG00000206621.1] [25/242]
  * #variants in cis = 2
  * Best hit: [id=15_internal_7601, d=657805, pv=0.225872, s=0.0986]

Processing phenotype [ENSG00000206688.1] [26/242]
  * #variants in cis = 2
  * Best hit: [id=15_internal_6754, d=0, pv=0.255357, s=0.0886]

Processing phenotype [ENSG00000207460.1] [27/242]
  * #variants in cis = 2
  * Best hit: [id=15_internal_6754, d=0, pv=0.0169308, s=0.1892]

Processing phenotype [ENSG00000261069.1] [28/242]
  * #variants in cis = 2
  * Best hit: [id=15_internal_7601, d=650286, pv=0.029621, s=0.1668]

Processing phenotype [ENSG00000207259.1] [29/242]
  * #variants in cis = 2
  * Best hit: [id=15_internal_7601, d=650285, pv=0.528988, s=0.0497]

Processing phenotype [ENSG00000207236.1] [30/242]
  * #variants in cis = 2
  * Best hit: [id=15_internal_7601, d=649143, pv=0.0478731, s=0.1506]

Processing phenotype [ENSG00000261529.1] [31/242]
  * #variants in cis = 2
  * Best hit: [id=15_internal_7601, d=-390712, pv=0.60338, s=0.0419]

Processing phenotype [ENSG00000114062.12] [32/242]
  * #variants in cis = 2
  * Best hit: [id=15_internal_7601, d=-298966, pv=0.162202, s=-0.1134]

Processing phenotype [ENSG00000235731.1] [33/242]
  * #variants in cis = 2
  * Best hit: [id=15_internal_7601, d=-159156, pv=0.0608186, s=-0.1527]

Processing phenotype [ENSG00000222123.1] [34/242]
  * #variants in cis = 2
  * Best hit: [id=15_internal_7601, d=0, pv=2.04311e-05, s=0.3356]

Processing phenotype [ENSG00000206190.7] [35/242]
  * #variants in cis = 2
  * Best hit: [id=15_internal_7601, d=1327, pv=2.60395e-18, s=0.6461]

Processing phenotype [ENSG00000256338.1] [36/242]
  * #variants in cis = 5
  * Best hit: [id=15_internal_6954, d=503467, pv=0.0247831, s=0.1825]

Processing phenotype [ENSG00000128731.11] [37/242]
  * #variants in cis = 5
  * Best hit: [id=15_internal_5517, d=143506, pv=0.0427251, s=0.1652]

Processing phenotype [ENSG00000206149.6] [38/242]
  * #variants in cis = 5
  * Best hit: [id=15_internal_6152, d=286436, pv=0.0508467, s=0.1566]

Processing phenotype [ENSG00000254398.1] [39/242]
  * #variants in cis = 5
  * Best hit: [id=15_internal_5517, d=503606, pv=0.255879, s=-0.0932]

Processing phenotype [ENSG00000248334.2] [40/242]
  * #variants in cis = 5
  * Best hit: [id=15_internal_6152, d=138345, pv=0.000876102, s=0.2730]

Processing phenotype [ENSG00000188626.5] [41/242]
  * #variants in cis = 5
  * Best hit: [id=15_internal_5736, d=559186, pv=0.0740376, s=-0.1454]

Processing phenotype [ENSG00000261377.1] [42/242]
  * #variants in cis = 5
  * Best hit: [id=15_internal_6954, d=29455, pv=0.0038214, s=0.2259]

Processing phenotype [ENSG00000034053.10] [43/242]
  * #variants in cis = 5
  * Best hit: [id=15_internal_6954, d=-51639, pv=0.159929, s=-0.1162]

Processing phenotype [ENSG00000185115.4] [44/242]
  * #variants in cis = 3
  * Best hit: [id=15_internal_6954, d=484043, pv=0.235876, s=0.0951]

Processing phenotype [ENSG00000234664.1] [45/242]
  * #variants in cis = 3
  * Best hit: [id=15_internal_6939, d=-735088, pv=0.450882, s=0.0588]

Processing phenotype [ENSG00000178081.8] [46/242]
  * #variants in cis = 1
  * Best hit: [id=15_internal_6024, d=719144, pv=0.171073, s=0.1108]

Processing phenotype [ENSG00000263070.1] [47/242]
  * #variants in cis = 4
  * Best hit: [id=15_internal_6024, d=-435877, pv=0.0441347, s=0.1623]

Processing phenotype [ENSG00000166664.8] [48/242]
  * #variants in cis = 4
  * Best hit: [id=15_internal_6024, d=-429015, pv=0.172471, s=0.1110]

Processing phenotype [ENSG00000186399.7] [49/242]
  * #variants in cis = 4
  * Best hit: [id=15_internal_6024, d=-408604, pv=0.0943, s=-0.1322]

Processing phenotype [ENSG00000215302.4] [50/242]
  * #variants in cis = 4
  * Best hit: [id=15_internal_5757, d=740211, pv=0.0350855, s=0.1711]

Processing phenotype [ENSG00000260693.1] [51/242]
  * #variants in cis = 4
  * Best hit: [id=15_internal_6024, d=282771, pv=0.00885618, s=-0.2174]

Processing phenotype [ENSG00000260128.2] [52/242]
  * #variants in cis = 4
  * Best hit: [id=15_internal_6024, d=250126, pv=0.000177213, s=-0.2928]

Processing phenotype [ENSG00000261794.1] [53/242]
  * #variants in cis = 4
  * Best hit: [id=15_internal_6024, d=218738, pv=0.12219, s=-0.1199]

Processing phenotype [ENSG00000221358.1] [54/242]
  * #variants in cis = 4
  * Best hit: [id=15_internal_5625, d=621145, pv=0.0439041, s=0.1632]

Processing phenotype [ENSG00000187951.5] [55/242]
  * #variants in cis = 4
  * Best hit: [id=15_internal_6024, d=198370, pv=0.0264394, s=-0.1841]

Processing phenotype [ENSG00000247728.2] [56/242]
  * #variants in cis = 4
  * Best hit: [id=15_internal_6024, d=-197091, pv=0.000404694, s=-0.2806]

Processing phenotype [ENSG00000252602.1] [57/242]
  * #variants in cis = 4
  * Best hit: [id=15_internal_5869, d=552785, pv=0.151045, s=0.1117]

Processing phenotype [ENSG00000259845.1] [58/242]
  * #variants in cis = 4
  * Best hit: [id=15_internal_6024, d=7593, pv=1.66383e-21, s=0.6459]

Processing phenotype [ENSG00000261628.1] [59/242]
  * #variants in cis = 4
  * Best hit: [id=15_internal_6024, d=-55157, pv=3.57239e-21, s=0.6635]

Processing phenotype [ENSG00000198690.5] [60/242]
  * #variants in cis = 4
  * Best hit: [id=15_internal_6024, d=-59529, pv=1.5485e-14, s=0.5566]

Processing phenotype [ENSG00000212526.1] [61/242]
  * #variants in cis = 4
  * Best hit: [id=15_internal_6024, d=112027, pv=0.257679, s=0.0899]

Processing phenotype [ENSG00000166912.12] [62/242]
  * #variants in cis = 4
  * Best hit: [id=15_internal_6024, d=147284, pv=0.0017919, s=0.2524]

Processing phenotype [ENSG00000259448.1] [63/242]
  * #variants in cis = 4
  * Best hit: [id=15_internal_5757, d=0, pv=0.265881, s=0.0890]

Processing phenotype [ENSG00000259772.1] [64/242]
  * #variants in cis = 4
  * Best hit: [id=15_internal_6024, d=386515, pv=0.135069, s=-0.1162]

Processing phenotype [ENSG00000169926.5] [65/242]
  * #variants in cis = 4
  * Best hit: [id=15_internal_5757, d=0, pv=0.275126, s=0.0870]

Processing phenotype [ENSG00000259179.1] [66/242]
  * #variants in cis = 4
  * Best hit: [id=15_internal_6024, d=-575805, pv=0.106591, s=0.1287]

Processing phenotype [ENSG00000169918.5] [67/242]
  * #variants in cis = 4
  * Best hit: [id=15_internal_5625, d=628159, pv=0.120258, s=0.1229]

Processing phenotype [ENSG00000249931.2] [68/242]
  * #variants in cis = 2
  * Best hit: [id=15_internal_7204, d=-313389, pv=0.562572, s=-0.0466]

Processing phenotype [ENSG00000206987.1] [69/242]
  * #variants in cis = 2
  * Best hit: [id=15_internal_7204, d=-290164, pv=0.520242, s=0.0510]

Processing phenotype [ENSG00000261279.1] [70/242]
  * #variants in cis = 2
  * Best hit: [id=15_internal_6767, d=-759080, pv=0.596909, s=-0.0432]

Processing phenotype [ENSG00000215304.2] [71/242]
  * #variants in cis = 2
  * Best hit: [id=15_internal_7204, d=-281351, pv=0.396714, s=-0.0687]

Processing phenotype [ENSG00000206127.6] [72/242]
  * #variants in cis = 2
  * Best hit: [id=15_internal_6767, d=-738438, pv=0.0729324, s=0.1424]

Processing phenotype [ENSG00000254912.2] [73/242]
  * #variants in cis = 2
  * Best hit: [id=15_internal_6767, d=-693726, pv=0.0822516, s=0.1440]

Processing phenotype [ENSG00000261064.1] [74/242]
  * #variants in cis = 2
  * Best hit: [id=15_internal_7204, d=180537, pv=0.297876, s=0.0870]

Processing phenotype [ENSG00000223509.3] [75/242]
  * #variants in cis = 2
  * Best hit: [id=15_internal_7204, d=-179658, pv=0.393737, s=-0.0694]

Processing phenotype [ENSG00000232653.3] [76/242]
  * #variants in cis = 2
  * Best hit: [id=15_internal_7204, d=123128, pv=0.525017, s=0.0528]

Processing phenotype [ENSG00000244952.2] [77/242]
  * #variants in cis = 2
  * Best hit: [id=15_internal_6767, d=580339, pv=0.290313, s=-0.0821]

Processing phenotype [ENSG00000198826.6] [78/242]
  * #variants in cis = 2
  * Best hit: [id=15_internal_6767, d=578928, pv=0.20235, s=0.1071]

Processing phenotype [ENSG00000262728.1] [79/242]
  * #variants in cis = 2
  * Best hit: [id=15_internal_6767, d=-578912, pv=0.299774, s=0.0868]

Processing phenotype [ENSG00000166922.4] [80/242]
  * #variants in cis = 2
  * Best hit: [id=15_internal_6767, d=552396, pv=0.477234, s=0.0580]

Processing phenotype [ENSG00000259392.2] [81/242]
  * #variants in cis = 2
  * Best hit: [id=15_internal_7204, d=0, pv=0.000108363, s=0.3060]

Processing phenotype [ENSG00000238342.1] [82/242]
  * #variants in cis = 2
  * Best hit: [id=15_internal_7204, d=0, pv=4.12766e-05, s=0.3326]

Processing phenotype [ENSG00000259686.1] [83/242]
  * #variants in cis = 2
  * Best hit: [id=15_internal_7204, d=0, pv=1.5493e-08, s=0.4352]

Processing phenotype [ENSG00000248905.4] [84/242]
  * #variants in cis = 2
  * Best hit: [id=15_internal_7204, d=33591, pv=2.71154e-08, s=0.4273]

Processing phenotype [ENSG00000198838.7] [85/242]
  * #variants in cis = 3
  * Best hit: [id=15_internal_7204, d=-149857, pv=0.147261, s=0.1188]

Processing phenotype [ENSG00000259408.1] [86/242]
  * #variants in cis = 4
  * Best hit: [id=15_internal_8197, d=-420093, pv=0.187865, s=0.1080]

Processing phenotype [ENSG00000259287.1] [87/242]
  * #variants in cis = 4
  * Best hit: [id=15_internal_7204, d=703720, pv=0.234895, s=0.0942]

Processing phenotype [ENSG00000184984.8] [88/242]
  * #variants in cis = 4
  * Best hit: [id=15_internal_8197, d=308182, pv=0.576615, s=-0.0434]

Processing phenotype [ENSG00000259505.1] [89/242]
  * #variants in cis = 4
  * Best hit: [id=15_internal_6767, d=-764111, pv=0.297326, s=-0.0851]

Processing phenotype [ENSG00000169857.3] [90/242]
  * #variants in cis = 4
  * Best hit: [id=15_internal_7204, d=878071, pv=0.322648, s=0.0791]

Processing phenotype [ENSG00000243094.1] [91/242]
  * #variants in cis = 4
  * Best hit: [id=15_internal_7343, d=-349647, pv=0.096945, s=-0.1314]

Processing phenotype [ENSG00000134153.5] [92/242]
  * #variants in cis = 4
  * Best hit: [id=15_internal_8197, d=-174954, pv=0.122502, s=-0.1243]

Processing phenotype [ENSG00000182405.4] [93/242]
  * #variants in cis = 4
  * Best hit: [id=15_internal_6767, d=-875498, pv=0.319995, s=-0.0797]

Processing phenotype [ENSG00000134152.6] [94/242]
  * #variants in cis = 3
  * Best hit: [id=15_internal_6767, d=983521, pv=0.120006, s=0.1212]

Processing phenotype [ENSG00000128463.7] [95/242]
  * #variants in cis = 3
  * Best hit: [id=15_internal_6767, d=-998424, pv=0.745145, s=0.0266]

Processing phenotype [ENSG00000259468.1] [96/242]
  * #variants in cis = 2
  * Best hit: [id=15_internal_8197, d=21616, pv=0.155887, s=0.1172]

Processing phenotype [ENSG00000207091.1] [97/242]
  * #variants in cis = 2
  * Best hit: [id=15_internal_8197, d=0, pv=0.359962, s=-0.0717]

Processing phenotype [ENSG00000140199.7] [98/242]
  * #variants in cis = 2
  * Best hit: [id=15_internal_8197, d=0, pv=0.0938889, s=0.1372]

Processing phenotype [ENSG00000182117.4] [99/242]
  * #variants in cis = 2
  * Best hit: [id=15_internal_8197, d=3341, pv=0.230929, s=0.0953]

Processing phenotype [ENSG00000176454.8] [100/242]
  * #variants in cis = 2
  * Best hit: [id=15_internal_7343, d=-68683, pv=0.640254, s=-0.0364]

Processing phenotype [ENSG00000259917.1] [101/242]
  * #variants in cis = 2
  * Best hit: [id=15_internal_7343, d=0, pv=0.408846, s=-0.0659]

Processing phenotype [ENSG00000215252.6] [102/242]
  * #variants in cis = 2
  * Best hit: [id=15_internal_7343, d=73146, pv=0.00276681, s=0.2401]

Processing phenotype [ENSG00000175265.13] [103/242]
  * #variants in cis = 2
  * Best hit: [id=15_internal_7343, d=73146, pv=1.37746e-07, s=-0.4208]

Processing phenotype [ENSG00000259751.1] [104/242]
  * #variants in cis = 2
  * Best hit: [id=15_internal_8197, d=510559, pv=0.0465638, s=0.1632]

Processing phenotype [ENSG00000231409.3] [105/242]
  * #variants in cis = 2
  * Best hit: [id=15_internal_8197, d=-603244, pv=0.286175, s=0.0852]

Processing phenotype [ENSG00000021776.6] [106/242]
  * #variants in cis = 2
  * Best hit: [id=15_internal_7343, d=454482, pv=0.344012, s=-0.0774]

Processing phenotype [ENSG00000212768.2] [107/242]
  * #variants in cis = 2
  * Best hit: [id=15_internal_7343, d=-462994, pv=0.114671, s=-0.1233]

Processing phenotype [ENSG00000198146.4] [108/242]
  * #variants in cis = 2
  * Best hit: [id=15_internal_7343, d=472930, pv=0.088576, s=-0.1331]

Processing phenotype [ENSG00000259585.2] [109/242]
  * #variants in cis = 2
  * Best hit: [id=15_internal_7343, d=784083, pv=0.234475, s=-0.0951]

Processing phenotype [ENSG00000265102.1] [110/242]
  * #variants in cis = 1
  * Best hit: [id=15_internal_7343, d=857007, pv=0.702818, s=0.0299]

Processing phenotype [ENSG00000259411.1] [111/242]
  * #variants in cis = 1
  * Best hit: [id=15_internal_7343, d=-885334, pv=0.267191, s=0.0887]

Processing phenotype [ENSG00000134146.7] [112/242]
  * #variants in cis = 0

Processing phenotype [ENSG00000248079.2] [113/242]
  * #variants in cis = 0

Processing phenotype [ENSG00000186073.7] [114/242]
  * #variants in cis = 0

Processing phenotype [ENSG00000261635.2] [115/242]
  * #variants in cis = 0

Processing phenotype [ENSG00000261315.2] [116/242]
  * #variants in cis = 0

Processing phenotype [ENSG00000261191.1] [117/242]
  * #variants in cis = 0

Processing phenotype [ENSG00000223518.4] [118/242]
  * #variants in cis = 0

Processing phenotype [ENSG00000259225.2] [119/242]
  * #variants in cis = 4
  * Best hit: [id=15_internal_5578, d=661708, pv=0.073359, s=0.1396]

Processing phenotype [ENSG00000236914.3] [120/242]
  * #variants in cis = 4
  * Best hit: [id=15_internal_6411, d=-447160, pv=0.388668, s=-0.0709]

Processing phenotype [ENSG00000166068.8] [121/242]
  * #variants in cis = 4
  * Best hit: [id=15_internal_6411, d=267793, pv=0.0181195, s=0.1862]

Processing phenotype [ENSG00000171262.7] [122/242]
  * #variants in cis = 4
  * Best hit: [id=15_internal_5578, d=192347, pv=0.0935598, s=0.1347]

Processing phenotype [ENSG00000259192.1] [123/242]
  * #variants in cis = 4
  * Best hit: [id=15_internal_5578, d=-186934, pv=0.390069, s=0.0644]

Processing phenotype [ENSG00000259326.1] [124/242]
  * #variants in cis = 4
  * Best hit: [id=15_internal_5578, d=143621, pv=0.000811643, s=0.2727]

Processing phenotype [ENSG00000259598.1] [125/242]
  * #variants in cis = 4
  * Best hit: [id=15_internal_5940, d=-36164, pv=0.0100932, s=-0.2021]

Processing phenotype [ENSG00000172575.7] [126/242]
  * #variants in cis = 4
  * Best hit: [id=15_internal_6791, d=0, pv=3.05034e-06, s=0.3656]

Processing phenotype [ENSG00000175746.4] [127/242]
  * #variants in cis = 6
  * Best hit: [id=15_internal_7747, d=793750, pv=0.0849893, s=-0.1388]

Processing phenotype [ENSG00000259447.1] [128/242]
  * #variants in cis = 6
  * Best hit: [id=15_internal_5879, d=-313578, pv=0.00773423, s=0.2084]

Processing phenotype [ENSG00000259345.1] [129/242]
  * #variants in cis = 6
  * Best hit: [id=15_internal_6791, d=736013, pv=0.12497, s=0.1209]

Processing phenotype [ENSG00000259269.1] [130/242]
  * #variants in cis = 6
  * Best hit: [id=15_internal_5879, d=151657, pv=0.0327075, s=0.1674]

Processing phenotype [ENSG00000137801.9] [131/242]
  * #variants in cis = 4
  * Best hit: [id=15_internal_5879, d=43281, pv=0.0205005, s=0.1687]

Processing phenotype [ENSG00000259279.1] [132/242]
  * #variants in cis = 4
  * Best hit: [id=15_internal_5879, d=-30129, pv=0.0195376, s=0.1705]

Processing phenotype [ENSG00000261136.1] [133/242]
  * #variants in cis = 2
  * Best hit: [id=15_internal_5879, d=-152640, pv=0.00938777, s=0.2136]

Processing phenotype [ENSG00000150667.6] [134/242]
  * #variants in cis = 2
  * Best hit: [id=15_internal_5879, d=152899, pv=0.0390385, s=0.1569]

Processing phenotype [ENSG00000259580.1] [135/242]
  * #variants in cis = 2
  * Best hit: [id=15_internal_5879, d=171402, pv=0.101894, s=0.1340]

Processing phenotype [ENSG00000166073.4] [136/242]
  * #variants in cis = 2
  * Best hit: [id=15_internal_5879, d=290961, pv=0.563951, s=-0.0458]

Processing phenotype [ENSG00000246863.2] [137/242]
  * #variants in cis = 2
  * Best hit: [id=15_internal_7747, d=123392, pv=0.381478, s=0.0688]

Processing phenotype [ENSG00000128829.6] [138/242]
  * #variants in cis = 2
  * Best hit: [id=15_internal_7747, d=110288, pv=0.00124644, s=0.2517]

Processing phenotype [ENSG00000238564.1] [139/242]
  * #variants in cis = 2
  * Best hit: [id=15_internal_7747, d=93728, pv=0.18819, s=0.1112]

Processing phenotype [ENSG00000259389.2] [140/242]
  * #variants in cis = 2
  * Best hit: [id=15_internal_7747, d=-92726, pv=0.0620892, s=0.1443]

Processing phenotype [ENSG00000140319.6] [141/242]
  * #variants in cis = 2
  * Best hit: [id=15_internal_7747, d=-5246, pv=0.346907, s=-0.0769]

Processing phenotype [ENSG00000248508.2] [142/242]
  * #variants in cis = 2
  * Best hit: [id=15_internal_5879, d=-409380, pv=0.607326, s=-0.0404]

Processing phenotype [ENSG00000259409.1] [143/242]
  * #variants in cis = 2
  * Best hit: [id=15_internal_7747, d=0, pv=0.0125479, s=0.1978]

Processing phenotype [ENSG00000104081.9] [144/242]
  * #variants in cis = 2
  * Best hit: [id=15_internal_7747, d=0, pv=8.37826e-05, s=0.3067]

Processing phenotype [ENSG00000156970.8] [145/242]
  * #variants in cis = 2
  * Best hit: [id=15_internal_7747, d=-44244, pv=0.48434, s=0.0587]

Processing phenotype [ENSG00000259288.1] [146/242]
  * #variants in cis = 2
  * Best hit: [id=15_internal_5879, d=-587497, pv=0.433135, s=-0.0629]

Processing phenotype [ENSG00000137843.7] [147/242]
  * #variants in cis = 2
  * Best hit: [id=15_internal_7747, d=-100649, pv=0.669884, s=-0.0327]

Processing phenotype [ENSG00000259307.1] [148/242]
  * #variants in cis = 2
  * Best hit: [id=15_internal_5879, d=-670739, pv=0.0536563, s=-0.1547]

Processing phenotype [ENSG00000137841.7] [149/242]
  * #variants in cis = 2
  * Best hit: [id=15_internal_5879, d=678004, pv=0.627312, s=-0.0406]

Processing phenotype [ENSG00000259198.1] [150/242]
  * #variants in cis = 2
  * Best hit: [id=15_internal_7747, d=-195836, pv=0.261405, s=0.0887]

Processing phenotype [ENSG00000259330.1] [151/242]
  * #variants in cis = 2
  * Best hit: [id=15_internal_5879, d=-695285, pv=0.54692, s=0.0452]

Processing phenotype [ENSG00000252714.1] [152/242]
  * #variants in cis = 2
  * Best hit: [id=15_internal_7747, d=214869, pv=0.16277, s=-0.1112]

Processing phenotype [ENSG00000188549.8] [153/242]
  * #variants in cis = 2
  * Best hit: [id=15_internal_7747, d=224188, pv=0.00191877, s=0.2521]

Processing phenotype [ENSG00000233041.4] [154/242]
  * #variants in cis = 2
  * Best hit: [id=15_internal_7747, d=-234254, pv=0.0997779, s=-0.1318]

Processing phenotype [ENSG00000140323.4] [155/242]
  * #variants in cis = 2
  * Best hit: [id=15_internal_5879, d=-728304, pv=0.59113, s=-0.0413]

Processing phenotype [ENSG00000128944.8] [156/242]
  * #variants in cis = 2
  * Best hit: [id=15_internal_7747, d=-265942, pv=0.338681, s=-0.0773]

Processing phenotype [ENSG00000128928.4] [157/242]
  * #variants in cis = 2
  * Best hit: [id=15_internal_7747, d=-288706, pv=0.360607, s=0.0741]

Processing phenotype [ENSG00000140320.7] [158/242]
  * #variants in cis = 2
  * Best hit: [id=15_internal_7747, d=-322940, pv=0.225305, s=0.0994]

Processing phenotype [ENSG00000259364.1] [159/242]
  * #variants in cis = 2
  * Best hit: [id=15_internal_5879, d=824706, pv=0.616758, s=0.0403]

Processing phenotype [ENSG00000259211.1] [160/242]
  * #variants in cis = 2
  * Best hit: [id=15_internal_7747, d=349945, pv=0.616852, s=0.0387]

Processing phenotype [ENSG00000169105.6] [161/242]
  * #variants in cis = 2
  * Best hit: [id=15_internal_5879, d=-841028, pv=0.0767198, s=-0.1403]

Processing phenotype [ENSG00000259536.1] [162/242]
  * #variants in cis = 2
  * Best hit: [id=15_internal_5879, d=-858108, pv=0.0288995, s=0.1770]

Processing phenotype [ENSG00000128891.11] [163/242]
  * #variants in cis = 2
  * Best hit: [id=15_internal_5879, d=935124, pv=0.0226379, s=0.1893]

Processing phenotype [ENSG00000166133.13] [164/242]
  * #variants in cis = 2
  * Best hit: [id=15_internal_7747, d=-452519, pv=0.0998078, s=0.1275]

Processing phenotype [ENSG00000137812.14] [165/242]
  * #variants in cis = 2
  * Best hit: [id=15_internal_5879, d=-964086, pv=0.572781, s=0.0449]

Processing phenotype [ENSG00000051180.12] [166/242]
  * #variants in cis = 1
  * Best hit: [id=15_internal_7747, d=-577992, pv=0.595912, s=-0.0431]

Processing phenotype [ENSG00000245849.2] [167/242]
  * #variants in cis = 1
  * Best hit: [id=15_internal_7747, d=578325, pv=0.00381561, s=-0.2130]

Processing phenotype [ENSG00000137824.11] [168/242]
  * #variants in cis = 1
  * Best hit: [id=15_internal_7747, d=639069, pv=0.159569, s=-0.1142]

Processing phenotype [ENSG00000137880.4] [169/242]
  * #variants in cis = 1
  * Best hit: [id=15_internal_7747, d=-647238, pv=0.19481, s=0.1060]

Processing phenotype [ENSG00000188277.7] [170/242]
  * #variants in cis = 1
  * Best hit: [id=15_internal_7747, d=-653179, pv=0.134695, s=0.1163]

Processing phenotype [ENSG00000166140.12] [171/242]
  * #variants in cis = 1
  * Best hit: [id=15_internal_7747, d=-690304, pv=0.737565, s=0.0276]

Processing phenotype [ENSG00000104129.4] [172/242]
  * #variants in cis = 1
  * Best hit: [id=15_internal_7747, d=690695, pv=0.233947, s=0.0933]

Processing phenotype [ENSG00000166145.9] [173/242]
  * #variants in cis = 1
  * Best hit: [id=15_internal_7747, d=-727236, pv=0.922828, s=-0.0075]

Processing phenotype [ENSG00000261183.1] [174/242]
  * #variants in cis = 1
  * Best hit: [id=15_internal_7747, d=727605, pv=0.273415, s=0.0863]

Processing phenotype [ENSG00000104142.6] [175/242]
  * #variants in cis = 1
  * Best hit: [id=15_internal_7747, d=-777648, pv=0.11847, s=-0.1229]

Processing phenotype [ENSG00000251161.2] [176/242]
  * #variants in cis = 1
  * Best hit: [id=15_internal_7747, d=-790029, pv=0.703266, s=-0.0301]

Processing phenotype [ENSG00000128965.7] [177/242]
  * #variants in cis = 1
  * Best hit: [id=15_internal_7747, d=-836180, pv=0.295272, s=0.0829]

Processing phenotype [ENSG00000259617.1] [178/242]
  * #variants in cis = 1
  * Best hit: [id=15_internal_7747, d=-882492, pv=0.230365, s=0.0888]

Processing phenotype [ENSG00000259463.1] [179/242]
  * #variants in cis = 1
  * Best hit: [id=15_internal_7747, d=-894815, pv=0.0829891, s=-0.1409]

Processing phenotype [ENSG00000259521.1] [180/242]
  * #variants in cis = 1
  * Best hit: [id=15_internal_7747, d=-900025, pv=0.601574, s=-0.0420]

Processing phenotype [ENSG00000259547.1] [181/242]
  * #variants in cis = 1
  * Best hit: [id=15_internal_7747, d=-992096, pv=0.46085, s=0.0590]

Processing phenotype [ENSG00000128908.11] [182/242]
  * #variants in cis = 1
  * Best hit: [id=15_internal_7747, d=999572, pv=0.999767, s=-0.0000]

Processing phenotype [ENSG00000178997.7] [183/242]
  * #variants in cis = 0

Processing phenotype [ENSG00000187446.7] [184/242]
  * #variants in cis = 0

Processing phenotype [ENSG00000247556.2] [185/242]
  * #variants in cis = 0

Processing phenotype [ENSG00000104147.4] [186/242]
  * #variants in cis = 0

Processing phenotype [ENSG00000137804.8] [187/242]
  * #variants in cis = 0

Processing phenotype [ENSG00000137806.4] [188/242]
  * #variants in cis = 0

Processing phenotype [ENSG00000137815.10] [189/242]
  * #variants in cis = 0

Processing phenotype [ENSG00000200407.1] [190/242]
  * #variants in cis = 0

Processing phenotype [ENSG00000062524.11] [191/242]
  * #variants in cis = 0

Processing phenotype [ENSG00000103932.6] [192/242]
  * #variants in cis = 0

Processing phenotype [ENSG00000092445.7] [193/242]
  * #variants in cis = 0

Processing phenotype [ENSG00000174197.12] [194/242]
  * #variants in cis = 1
  * Best hit: [id=15_internal_5667, d=953527, pv=0.630754, s=-0.0393]

Processing phenotype [ENSG00000260814.1] [195/242]
  * #variants in cis = 1
  * Best hit: [id=15_internal_5667, d=-802019, pv=0.427708, s=-0.0652]

Processing phenotype [ENSG00000137802.9] [196/242]
  * #variants in cis = 1
  * Best hit: [id=15_internal_5667, d=800317, pv=0.312736, s=-0.0773]

Processing phenotype [ENSG00000268632.1] [197/242]
  * #variants in cis = 1
  * Best hit: [id=15_internal_5667, d=-790720, pv=0.670814, s=0.0351]

Processing phenotype [ENSG00000250379.1] [198/242]
  * #variants in cis = 1
  * Best hit: [id=15_internal_5667, d=-746815, pv=0.832477, s=-0.0165]

Processing phenotype [ENSG00000168970.15] [199/242]
  * #variants in cis = 1
  * Best hit: [id=15_internal_5667, d=746666, pv=0.0399505, s=0.1596]

Processing phenotype [ENSG00000243789.6] [200/242]
  * #variants in cis = 1
  * Best hit: [id=15_internal_5667, d=746666, pv=0.0262056, s=0.1723]

Processing phenotype [ENSG00000243708.2] [201/242]
  * #variants in cis = 1
  * Best hit: [id=15_internal_5667, d=736976, pv=0.113919, s=0.1236]

Processing phenotype [ENSG00000174171.3] [202/242]
  * #variants in cis = 1
  * Best hit: [id=15_internal_5667, d=681958, pv=0.295879, s=0.0831]

Processing phenotype [ENSG00000137877.8] [203/242]
  * #variants in cis = 1
  * Best hit: [id=15_internal_5667, d=-680674, pv=0.370443, s=0.0710]

Processing phenotype [ENSG00000260556.1] [204/242]
  * #variants in cis = 1
  * Best hit: [id=15_internal_5667, d=677261, pv=0.945374, s=0.0055]

Processing phenotype [ENSG00000259883.1] [205/242]
  * #variants in cis = 1
  * Best hit: [id=15_internal_5667, d=653334, pv=0.583674, s=0.0462]

Processing phenotype [ENSG00000103966.5] [206/242]
  * #variants in cis = 1
  * Best hit: [id=15_internal_5667, d=-602173, pv=0.784258, s=0.0223]

Processing phenotype [ENSG00000246740.2] [207/242]
  * #variants in cis = 1
  * Best hit: [id=15_internal_5667, d=601988, pv=0.159817, s=-0.1130]

Processing phenotype [ENSG00000166887.11] [208/242]
  * #variants in cis = 1
  * Best hit: [id=15_internal_5667, d=-366435, pv=0.349954, s=0.0762]

Processing phenotype [ENSG00000261002.1] [209/242]
  * #variants in cis = 1
  * Best hit: [id=15_internal_5667, d=366338, pv=0.582911, s=-0.0440]

Processing phenotype [ENSG00000214013.5] [210/242]
  * #variants in cis = 1
  * Best hit: [id=15_internal_5667, d=301518, pv=0.931194, s=-0.0071]

Processing phenotype [ENSG00000103978.11] [211/242]
  * #variants in cis = 1
  * Best hit: [id=15_internal_5667, d=-301088, pv=0.227172, s=-0.0982]

Processing phenotype [ENSG00000260571.1] [212/242]
  * #variants in cis = 1
  * Best hit: [id=15_internal_5667, d=261064, pv=0.180083, s=0.1069]

Processing phenotype [ENSG00000258461.1] [213/242]
  * #variants in cis = 1
  * Best hit: [id=15_internal_5667, d=226648, pv=0.15723, s=0.1152]

Processing phenotype [ENSG00000092529.18] [214/242]
  * #variants in cis = 1
  * Best hit: [id=15_internal_5667, d=226648, pv=0.156416, s=0.1157]

Processing phenotype [ENSG00000201077.1] [215/242]
  * #variants in cis = 1
  * Best hit: [id=15_internal_5667, d=-147054, pv=0.314541, s=0.0826]

Processing phenotype [ENSG00000103994.11] [216/242]
  * #variants in cis = 1
  * Best hit: [id=15_internal_5667, d=-83628, pv=0.346816, s=0.0758]

Processing phenotype [ENSG00000092531.5] [217/242]
  * #variants in cis = 1
  * Best hit: [id=15_internal_5667, d=83518, pv=0.910902, s=0.0092]

Processing phenotype [ENSG00000261684.1] [218/242]
  * #variants in cis = 2
  * Best hit: [id=15_internal_5667, d=-41911, pv=0.377593, s=0.0735]

Processing phenotype [ENSG00000180979.5] [219/242]
  * #variants in cis = 2
  * Best hit: [id=15_internal_6379, d=-960702, pv=0.16884, s=0.1095]

Processing phenotype [ENSG00000137814.4] [220/242]
  * #variants in cis = 2
  * Best hit: [id=15_internal_5667, d=25941, pv=0.227243, s=0.0989]

Processing phenotype [ENSG00000261822.1] [221/242]
  * #variants in cis = 2
  * Best hit: [id=15_internal_6379, d=-939510, pv=0.0277701, s=-0.1700]

Processing phenotype [ENSG00000260490.2] [222/242]
  * #variants in cis = 2
  * Best hit: [id=15_internal_5667, d=2824, pv=0.124193, s=-0.1229]

Processing phenotype [ENSG00000159433.7] [223/242]
  * #variants in cis = 2
  * Best hit: [id=15_internal_5667, d=0, pv=0.0979198, s=0.1355]

Processing phenotype [ENSG00000140326.8] [224/242]
  * #variants in cis = 2
  * Best hit: [id=15_internal_6379, d=-772378, pv=0.369976, s=-0.0709]

Processing phenotype [ENSG00000246283.2] [225/242]
  * #variants in cis = 2
  * Best hit: [id=15_internal_5667, d=-156764, pv=0.196044, s=0.1027]

Processing phenotype [ENSG00000260799.1] [226/242]
  * #variants in cis = 2
  * Best hit: [id=15_internal_6379, d=-707099, pv=0.206361, s=-0.0965]

Processing phenotype [ENSG00000128881.12] [227/242]
  * #variants in cis = 2
  * Best hit: [id=15_internal_5667, d=338455, pv=0.124569, s=0.1275]

Processing phenotype [ENSG00000254793.1] [228/242]
  * #variants in cis = 2
  * Best hit: [id=15_internal_6379, d=-569146, pv=0.082517, s=-0.1386]

Processing phenotype [ENSG00000159459.7] [229/242]
  * #variants in cis = 2
  * Best hit: [id=15_internal_6379, d=-403391, pv=0.398625, s=-0.0683]

Processing phenotype [ENSG00000205871.4] [230/242]
  * #variants in cis = 2
  * Best hit: [id=15_internal_6379, d=-393011, pv=0.291429, s=-0.0823]

Processing phenotype [ENSG00000137842.2] [231/242]
  * #variants in cis = 2
  * Best hit: [id=15_internal_5667, d=-540925, pv=0.258643, s=0.0943]

Processing phenotype [ENSG00000166946.8] [232/242]
  * #variants in cis = 2
  * Best hit: [id=15_internal_5667, d=-602764, pv=0.127575, s=-0.1217]

Processing phenotype [ENSG00000261687.1] [233/242]
  * #variants in cis = 2
  * Best hit: [id=15_internal_5667, d=602787, pv=0.0426591, s=0.1656]

Processing phenotype [ENSG00000166947.7] [234/242]
  * #variants in cis = 2
  * Best hit: [id=15_internal_6379, d=-288221, pv=0.221933, s=0.0942]

Processing phenotype [ENSG00000168806.6] [235/242]
  * #variants in cis = 2
  * Best hit: [id=15_internal_6379, d=-178899, pv=0.120994, s=0.1149]

Processing phenotype [ENSG00000168803.10] [236/242]
  * #variants in cis = 2
  * Best hit: [id=15_internal_6379, d=178830, pv=0.330189, s=0.0762]

Processing phenotype [ENSG00000137822.8] [237/242]
  * #variants in cis = 2
  * Best hit: [id=15_internal_5667, d=-786867, pv=0.740681, s=-0.0276]

Processing phenotype [ENSG00000140265.8] [238/242]
  * #variants in cis = 2
  * Best hit: [id=15_internal_5667, d=788671, pv=0.33271, s=0.0800]

Processing phenotype [ENSG00000243871.2] [239/242]
  * #variants in cis = 2
  * Best hit: [id=15_internal_6379, d=-117777, pv=0.0898765, s=0.1326]

Processing phenotype [ENSG00000067369.8] [240/242]
  * #variants in cis = 2
  * Best hit: [id=15_internal_5667, d=928374, pv=0.335026, s=-0.0807]

Processing phenotype [ENSG00000166963.8] [241/242]
  * #variants in cis = 2
  * Best hit: [id=15_internal_5667, d=-928604, pv=0.074021, s=-0.1507]

Processing phenotype [ENSG00000168781.16] [242/242]
  * #variants in cis = 1
  * Best hit: [id=15_internal_6379, d=0, pv=0.0499823, s=0.1518]

Running time: 1 seconds
