Sender: LSF System <lsfadmin@cpt15>
Subject: Job 974439: </data/unige/funpopgen/odelanea/SGX/V2/binaries/qtltools/bin/QTLtools cis --vcf /data/unige/funpopgen/grey2/SYSCID/BLUEPRINT_DATA/CRD/THREE_CELL_TYPES/CLOMICS/CELL_TYPE_COMPARISON_GENE_CRD_ASSOCIATIONS/quantify/72_vs_73_ALL.ALLchr.mean.txt.gz --bed /data/unige/funpopgen/grey2/SYSCID/BLUEPRINT_DATA/CRD/THREE_CELL_TYPES/QTL_TOOLS/EGAD00001002674_v3.0/EGAD00001002674_RNA.PC10.bed.gz --nominal /data/unige/funpopgen/grey2/SYSCID/BLUEPRINT_DATA/CRD/THREE_CELL_TYPES/CLOMICS/CELL_TYPE_COMPARISON_GENE_CRD_ASSOCIATIONS/mapping_aCRD_gene/72_vs_73/gene_CRD_mean_permutations.thresholds.txt --chunk 18 100 --out /data/unige/funpopgen/grey2/SYSCID/BLUEPRINT_DATA/CRD/THREE_CELL_TYPES/CLOMICS/CELL_TYPE_COMPARISON_GENE_CRD_ASSOCIATIONS/mapping_aCRD_gene/72_vs_73/mapping_gene_CRD_mean_chunk18\.txt> in cluster <ug> Done

Job </data/unige/funpopgen/odelanea/SGX/V2/binaries/qtltools/bin/QTLtools cis --vcf /data/unige/funpopgen/grey2/SYSCID/BLUEPRINT_DATA/CRD/THREE_CELL_TYPES/CLOMICS/CELL_TYPE_COMPARISON_GENE_CRD_ASSOCIATIONS/quantify/72_vs_73_ALL.ALLchr.mean.txt.gz --bed /data/unige/funpopgen/grey2/SYSCID/BLUEPRINT_DATA/CRD/THREE_CELL_TYPES/QTL_TOOLS/EGAD00001002674_v3.0/EGAD00001002674_RNA.PC10.bed.gz --nominal /data/unige/funpopgen/grey2/SYSCID/BLUEPRINT_DATA/CRD/THREE_CELL_TYPES/CLOMICS/CELL_TYPE_COMPARISON_GENE_CRD_ASSOCIATIONS/mapping_aCRD_gene/72_vs_73/gene_CRD_mean_permutations.thresholds.txt --chunk 18 100 --out /data/unige/funpopgen/grey2/SYSCID/BLUEPRINT_DATA/CRD/THREE_CELL_TYPES/CLOMICS/CELL_TYPE_COMPARISON_GENE_CRD_ASSOCIATIONS/mapping_aCRD_gene/72_vs_73/mapping_gene_CRD_mean_chunk18\.txt> was submitted from host <cpt01> by user <grey2> in cluster <ug>.
Job was executed on host(s) <cpt15>, in queue <normal>, as user <grey2> in cluster <ug>.
</home/grey2> was used as the home directory.
</data/unige/funpopgen/grey2/SYSCID/BLUEPRINT_DATA/CRD/THREE_CELL_TYPES/CLOMICS/CELL_TYPE_COMPARISON_GENE_CRD_ASSOCIATIONS> was used as the working directory.
Started at Thu Mar 21 13:43:24 2019
Results reported at Thu Mar 21 13:43:26 2019

Your job looked like:

------------------------------------------------------------
# LSBATCH: User input
/data/unige/funpopgen/odelanea/SGX/V2/binaries/qtltools/bin/QTLtools cis --vcf /data/unige/funpopgen/grey2/SYSCID/BLUEPRINT_DATA/CRD/THREE_CELL_TYPES/CLOMICS/CELL_TYPE_COMPARISON_GENE_CRD_ASSOCIATIONS/quantify/72_vs_73_ALL.ALLchr.mean.txt.gz --bed /data/unige/funpopgen/grey2/SYSCID/BLUEPRINT_DATA/CRD/THREE_CELL_TYPES/QTL_TOOLS/EGAD00001002674_v3.0/EGAD00001002674_RNA.PC10.bed.gz --nominal /data/unige/funpopgen/grey2/SYSCID/BLUEPRINT_DATA/CRD/THREE_CELL_TYPES/CLOMICS/CELL_TYPE_COMPARISON_GENE_CRD_ASSOCIATIONS/mapping_aCRD_gene/72_vs_73/gene_CRD_mean_permutations.thresholds.txt --chunk 18 100 --out /data/unige/funpopgen/grey2/SYSCID/BLUEPRINT_DATA/CRD/THREE_CELL_TYPES/CLOMICS/CELL_TYPE_COMPARISON_GENE_CRD_ASSOCIATIONS/mapping_aCRD_gene/72_vs_73/mapping_gene_CRD_mean_chunk18\.txt

------------------------------------------------------------

Successfully completed.

Resource usage summary:

    CPU time :               1.53 sec.
    Max Memory :             14.07 MB
    Average Memory :         14.07 MB
    Total Requested Memory : -
    Delta Memory :           -
    (Delta: the difference between total requested memory and actual max usage.)
    Max Swap :               347 MB

    Max Processes :          4
    Max Threads :            5

The output (if any) follows:


[32mQTLtools[0m
  * Authors : Olivier DELANEAU / Halit ONGEN / Emmanouil DERMITZAKIS
  * Contact : olivier.delaneau@gmail.com / halit.ongen@unige.ch / Emmanouil.Dermitzakis@unige.ch
  * Webpage : https://qtltools.github.io/qtltools/
  * Version : 1.1
  * Date    : 21/03/2019 - 13:43:25
  * Citation: A complete tool set for molecular QTL discovery and analysis, https://doi.org/10.1101/068635

[32mMAPPING QTL IN CIS[0m
  * TASK: Report all nominal associations with p below thresholds in [/data/unige/funpopgen/grey2/SYSCID/BLUEPRINT_DATA/CRD/THREE_CELL_TYPES/CLOMICS/CELL_TYPE_COMPARISON_GENE_CRD_ASSOCIATIONS/mapping_aCRD_gene/72_vs_73/gene_CRD_mean_permutations.thresholds.txt]
  * Linear model: Phe ~ Var
  * Cis-window size is 1000000 bp
  * Chunk = [18/100]

Scanning phenotype data in [/data/unige/funpopgen/grey2/SYSCID/BLUEPRINT_DATA/CRD/THREE_CELL_TYPES/QTL_TOOLS/EGAD00001002674_v3.0/EGAD00001002674_RNA.PC10.bed.gz]
  * 26159 phenotypes included
  * 13004 phenotypes are on the negative strand

Initialize random number generator
  * Built-in seed is 15112011
  * First Integer = 30554
  * First Double = 0.0126695

Reading sample list from [/data/unige/funpopgen/grey2/SYSCID/BLUEPRINT_DATA/CRD/THREE_CELL_TYPES/QTL_TOOLS/EGAD00001002674_v3.0/EGAD00001002674_RNA.PC10.bed.gz]
  * #samples = 194

Reading sample list from [/data/unige/funpopgen/grey2/SYSCID/BLUEPRINT_DATA/CRD/THREE_CELL_TYPES/CLOMICS/CELL_TYPE_COMPARISON_GENE_CRD_ASSOCIATIONS/quantify/72_vs_73_ALL.ALLchr.mean.txt.gz]
  * #samples = 160

Merging sample sets from all input files
  * #files = 2
  * #samples in all files = 158
  * #samples NOT in all files (i.e. ignored) = 38

Reading phenotype data in [/data/unige/funpopgen/grey2/SYSCID/BLUEPRINT_DATA/CRD/THREE_CELL_TYPES/QTL_TOOLS/EGAD00001002674_v3.0/EGAD00001002674_RNA.PC10.bed.gz]
  * target region [5:217394-68513587]
  * 276 phenotypes included
  * 141 phenotypes are on the negative strand

Reading genotype data in [/data/unige/funpopgen/grey2/SYSCID/BLUEPRINT_DATA/CRD/THREE_CELL_TYPES/CLOMICS/CELL_TYPE_COMPARISON_GENE_CRD_ASSOCIATIONS/quantify/72_vs_73_ALL.ALLchr.mean.txt.gz]
  * File format detected: BED
  * 158 samples included
  * 4 samples without phenotype data
  * target region [5:0-69513587]
  * 64 variants included

Reading nominal thresholds in [/data/unige/funpopgen/grey2/SYSCID/BLUEPRINT_DATA/CRD/THREE_CELL_TYPES/CLOMICS/CELL_TYPE_COMPARISON_GENE_CRD_ASSOCIATIONS/mapping_aCRD_gene/72_vs_73/gene_CRD_mean_permutations.thresholds.txt]
  * #phenotypes set = 276

Processing phenotype [ENSG00000260774.1] [1/276]
  * #variants in cis = 4
  * Best hit: [id=5_internal_11935, d=-745855, pv=0.0526362, s=0.1593]

Processing phenotype [ENSG00000164366.2] [2/276]
  * #variants in cis = 4
  * Best hit: [id=5_internal_11935, d=-744919, pv=0.659243, s=0.0339]

Processing phenotype [ENSG00000073578.11] [3/276]
  * #variants in cis = 4
  * Best hit: [id=5_internal_8898, d=0, pv=9.99194e-05, s=0.3119]

Processing phenotype [ENSG00000248925.1] [4/276]
  * #variants in cis = 5
  * Best hit: [id=5_internal_8898, d=0, pv=0.00294673, s=-0.2382]

Processing phenotype [ENSG00000249915.2] [5/276]
  * #variants in cis = 5
  * Best hit: [id=5_internal_8898, d=0, pv=0.00270093, s=-0.2333]

Processing phenotype [ENSG00000250848.1] [6/276]
  * #variants in cis = 5
  * Best hit: [id=5_internal_11935, d=-672813, pv=0.0326512, s=0.1774]

Processing phenotype [ENSG00000063438.12] [7/276]
  * #variants in cis = 6
  * Best hit: [id=5_internal_8184, d=179096, pv=0.145834, s=0.1155]

Processing phenotype [ENSG00000214278.4] [8/276]
  * #variants in cis = 6
  * Best hit: [id=5_internal_8184, d=-78726, pv=0.0863764, s=0.1329]

Processing phenotype [ENSG00000221990.2] [9/276]
  * #variants in cis = 6
  * Best hit: [id=5_internal_8184, d=-40129, pv=0.171225, s=0.1089]

Processing phenotype [ENSG00000180104.10] [10/276]
  * #variants in cis = 6
  * Best hit: [id=5_internal_8184, d=40114, pv=0.0127748, s=-0.1898]

Processing phenotype [ENSG00000188242.3] [11/276]
  * #variants in cis = 6
  * Best hit: [id=5_internal_8184, d=-10174, pv=0.00156491, s=-0.2491]

Processing phenotype [ENSG00000225138.2] [12/276]
  * #variants in cis = 6
  * Best hit: [id=5_internal_8184, d=5149, pv=0.00669258, s=-0.2100]

Processing phenotype [ENSG00000066230.6] [13/276]
  * #variants in cis = 7
  * Best hit: [id=5_internal_8184, d=37687, pv=6.60174e-06, s=-0.3384]

Processing phenotype [ENSG00000112877.6] [14/276]
  * #variants in cis = 7
  * Best hit: [id=5_internal_11935, d=350862, pv=0.199798, s=0.0991]

Processing phenotype [ENSG00000268885.1] [15/276]
  * #variants in cis = 7
  * Best hit: [id=5_internal_8564, d=820962, pv=0.00632078, s=0.2135]

Processing phenotype [ENSG00000171368.10] [16/276]
  * #variants in cis = 7
  * Best hit: [id=5_internal_8564, d=-795211, pv=0.0656655, s=0.1445]

Processing phenotype [ENSG00000188818.8] [17/276]
  * #variants in cis = 7
  * Best hit: [id=5_internal_8898, d=552965, pv=0.439905, s=-0.0624]

Processing phenotype [ENSG00000071539.9] [18/276]
  * #variants in cis = 7
  * Best hit: [id=5_internal_8898, d=-594622, pv=0.070184, s=0.1450]

Processing phenotype [ENSG00000028310.13] [19/276]
  * #variants in cis = 7
  * Best hit: [id=5_internal_11935, d=-70310, pv=0.000272422, s=-0.2894]

Processing phenotype [ENSG00000263834.1] [20/276]
  * #variants in cis = 7
  * Best hit: [id=5_internal_11935, d=0, pv=2.30652e-06, s=0.3584]

Processing phenotype [ENSG00000113504.14] [21/276]
  * #variants in cis = 7
  * Best hit: [id=5_internal_11935, d=0, pv=9.13555e-36, s=0.7649]

Processing phenotype [ENSG00000049656.9] [22/276]
  * #variants in cis = 6
  * Best hit: [id=5_internal_8639, d=870944, pv=0.463488, s=-0.0597]

Processing phenotype [ENSG00000153395.5] [23/276]
  * #variants in cis = 4
  * Best hit: [id=5_internal_8564, d=0, pv=0.000521268, s=0.2733]

Processing phenotype [ENSG00000185986.10] [24/276]
  * #variants in cis = 4
  * Best hit: [id=5_internal_8564, d=69305, pv=0.0304724, s=-0.1767]

Processing phenotype [ENSG00000232615.4] [25/276]
  * #variants in cis = 4
  * Best hit: [id=5_internal_8645, d=-297305, pv=0.199613, s=0.1056]

Processing phenotype [ENSG00000188002.6] [26/276]
  * #variants in cis = 4
  * Best hit: [id=5_internal_11935, d=498310, pv=0.205655, s=0.1010]

Processing phenotype [ENSG00000171421.7] [27/276]
  * #variants in cis = 4
  * Best hit: [id=5_internal_8564, d=276050, pv=0.153274, s=-0.1143]

Processing phenotype [ENSG00000145494.7] [28/276]
  * #variants in cis = 4
  * Best hit: [id=5_internal_8128, d=-355327, pv=0.0336725, s=0.1665]

Processing phenotype [ENSG00000164151.7] [29/276]
  * #variants in cis = 0

Processing phenotype [ENSG00000250490.1] [30/276]
  * #variants in cis = 1
  * Best hit: [id=5_internal_8794, d=-374487, pv=0.290894, s=-0.0886]

Processing phenotype [ENSG00000133398.3] [31/276]
  * #variants in cis = 1
  * Best hit: [id=5_internal_8794, d=-335777, pv=0.622821, s=0.0377]

Processing phenotype [ENSG00000037474.10] [32/276]
  * #variants in cis = 1
  * Best hit: [id=5_internal_8794, d=-81080, pv=0.190527, s=-0.1062]

Processing phenotype [ENSG00000145545.7] [33/276]
  * #variants in cis = 1
  * Best hit: [id=5_internal_8794, d=81028, pv=0.0202141, s=-0.1811]

Processing phenotype [ENSG00000248677.1] [34/276]
  * #variants in cis = 1
  * Best hit: [id=5_internal_8794, d=-6660, pv=0.655512, s=0.0364]

Processing phenotype [ENSG00000112941.8] [35/276]
  * #variants in cis = 1
  * Best hit: [id=5_internal_8794, d=0, pv=0.000142621, s=0.2945]

Processing phenotype [ENSG00000200243.1] [36/276]
  * #variants in cis = 1
  * Best hit: [id=5_internal_8794, d=114815, pv=0.557316, s=0.0482]

Processing phenotype [ENSG00000078295.11] [37/276]
  * #variants in cis = 1
  * Best hit: [id=5_internal_8794, d=-662561, pv=0.480254, s=0.0559]

Processing phenotype [ENSG00000124275.10] [38/276]
  * #variants in cis = 0

Processing phenotype [ENSG00000124279.7] [39/276]
  * #variants in cis = 0

Processing phenotype [ENSG00000247516.2] [40/276]
  * #variants in cis = 0

Processing phenotype [ENSG00000112902.7] [41/276]
  * #variants in cis = 3
  * Best hit: [id=5_internal_8684, d=-726177, pv=0.11747, s=0.1253]

Processing phenotype [ENSG00000260515.1] [42/276]
  * #variants in cis = 4
  * Best hit: [id=5_internal_8684, d=-74624, pv=0.0780146, s=0.1459]

Processing phenotype [ENSG00000248968.1] [43/276]
  * #variants in cis = 4
  * Best hit: [id=5_internal_8525, d=160529, pv=0.126074, s=-0.1200]

Processing phenotype [ENSG00000150756.8] [44/276]
  * #variants in cis = 4
  * Best hit: [id=5_internal_8684, d=-22355, pv=3.20105e-09, s=0.4438]

Processing phenotype [ENSG00000150753.7] [45/276]
  * #variants in cis = 4
  * Best hit: [id=5_internal_8525, d=158933, pv=0.20983, s=0.0996]

Processing phenotype [ENSG00000164237.4] [46/276]
  * #variants in cis = 4
  * Best hit: [id=5_internal_8525, d=-100828, pv=0.195282, s=-0.1065]

Processing phenotype [ENSG00000259802.1] [47/276]
  * #variants in cis = 4
  * Best hit: [id=5_internal_8525, d=-55253, pv=0.63819, s=0.0369]

Processing phenotype [ENSG00000145495.9] [48/276]
  * #variants in cis = 4
  * Best hit: [id=5_internal_8684, d=-77241, pv=0.0144454, s=0.1978]

Processing phenotype [ENSG00000145491.7] [49/276]
  * #variants in cis = 4
  * Best hit: [id=5_internal_9551, d=83973, pv=0.598518, s=0.0406]

Processing phenotype [ENSG00000112977.11] [50/276]
  * #variants in cis = 4
  * Best hit: [id=5_internal_8684, d=484810, pv=0.666647, s=0.0357]

Processing phenotype [ENSG00000038382.13] [51/276]
  * #variants in cis = 4
  * Best hit: [id=5_internal_9682, d=531587, pv=0.244747, s=0.0941]

Processing phenotype [ENSG00000145569.4] [52/276]
  * #variants in cis = 4
  * Best hit: [id=5_internal_12519, d=-95046, pv=0.22747, s=0.0960]

Processing phenotype [ENSG00000248791.1] [53/276]
  * #variants in cis = 4
  * Best hit: [id=5_internal_9682, d=55269, pv=0.776634, s=0.0239]

Processing phenotype [ENSG00000250182.2] [54/276]
  * #variants in cis = 4
  * Best hit: [id=5_internal_11149, d=-136296, pv=0.120411, s=-0.1255]

Processing phenotype [ENSG00000261360.1] [55/276]
  * #variants in cis = 4
  * Best hit: [id=5_internal_12519, d=177875, pv=0.201889, s=0.1009]

Processing phenotype [ENSG00000154124.4] [56/276]
  * #variants in cis = 4
  * Best hit: [id=5_internal_12519, d=-177935, pv=0.248365, s=-0.0936]

Processing phenotype [ENSG00000249485.1] [57/276]
  * #variants in cis = 4
  * Best hit: [id=5_internal_11149, d=0, pv=0.000525161, s=0.2750]

Processing phenotype [ENSG00000154122.8] [58/276]
  * #variants in cis = 4
  * Best hit: [id=5_internal_11149, d=57793, pv=4.47399e-08, s=0.4239]

Processing phenotype [ENSG00000248150.1] [59/276]
  * #variants in cis = 1
  * Best hit: [id=5_internal_11224, d=-67475, pv=0.314298, s=0.0810]

Processing phenotype [ENSG00000173545.4] [60/276]
  * #variants in cis = 1
  * Best hit: [id=5_internal_11224, d=-41764, pv=0.00103025, s=0.2557]

Processing phenotype [ENSG00000246214.1] [61/276]
  * #variants in cis = 1
  * Best hit: [id=5_internal_11224, d=0, pv=1.07967e-05, s=0.3420]

Processing phenotype [ENSG00000154153.9] [62/276]
  * #variants in cis = 1
  * Best hit: [id=5_internal_11224, d=0, pv=8.26301e-35, s=0.8114]

Processing phenotype [ENSG00000250415.1] [63/276]
  * #variants in cis = 1
  * Best hit: [id=5_internal_11224, d=0, pv=0.0174452, s=0.1903]

Processing phenotype [ENSG00000145555.10] [64/276]
  * #variants in cis = 1
  * Best hit: [id=5_internal_11224, d=291145, pv=0.717409, s=0.0287]

Processing phenotype [ENSG00000206814.1] [65/276]
  * #variants in cis = 1
  * Best hit: [id=5_internal_11224, d=472568, pv=0.0956813, s=-0.1325]

Processing phenotype [ENSG00000215196.3] [66/276]
  * #variants in cis = 1
  * Best hit: [id=5_internal_11224, d=572281, pv=0.610501, s=-0.0400]

Processing phenotype [ENSG00000176788.6] [67/276]
  * #variants in cis = 1
  * Best hit: [id=5_internal_11224, d=-572442, pv=0.300968, s=0.0850]

Processing phenotype [ENSG00000252908.1] [68/276]
  * #variants in cis = 1
  * Best hit: [id=5_internal_11224, d=-595493, pv=0.424608, s=-0.0604]

Processing phenotype [ENSG00000248223.1] [69/276]
  * #variants in cis = 1
  * Best hit: [id=5_internal_11224, d=-708792, pv=0.212173, s=-0.0979]

Processing phenotype [ENSG00000223361.5] [70/276]
  * #variants in cis = 1
  * Best hit: [id=5_internal_11224, d=709506, pv=0.285596, s=-0.0840]

Processing phenotype [ENSG00000248455.1] [71/276]
  * #variants in cis = 1
  * Best hit: [id=5_internal_11224, d=-758901, pv=0.102667, s=-0.1307]

Processing phenotype [ENSG00000249662.1] [72/276]
  * #variants in cis = 1
  * Best hit: [id=5_internal_11224, d=-798892, pv=0.918918, s=-0.0081]

Processing phenotype [ENSG00000248693.1] [73/276]
  * #variants in cis = 0

Processing phenotype [ENSG00000183666.11] [74/276]
  * #variants in cis = 1
  * Best hit: [id=5_internal_8734, d=138104, pv=1.11481e-07, s=0.3954]

Processing phenotype [ENSG00000233974.3] [75/276]
  * #variants in cis = 1
  * Best hit: [id=5_internal_8734, d=0, pv=9.41405e-07, s=0.3799]

Processing phenotype [ENSG00000213430.5] [76/276]
  * #variants in cis = 1
  * Best hit: [id=5_internal_8734, d=-386072, pv=0.640844, s=0.0368]

Processing phenotype [ENSG00000251593.1] [77/276]
  * #variants in cis = 0

Processing phenotype [ENSG00000113360.12] [78/276]
  * #variants in cis = 1
  * Best hit: [id=5_internal_12929, d=-322554, pv=0.0747519, s=0.1436]

Processing phenotype [ENSG00000082213.13] [79/276]
  * #variants in cis = 1
  * Best hit: [id=5_internal_12929, d=322484, pv=0.444799, s=-0.0605]

Processing phenotype [ENSG00000133401.11] [80/276]
  * #variants in cis = 1
  * Best hit: [id=5_internal_12929, d=215340, pv=0.416205, s=-0.0652]

Processing phenotype [ENSG00000250764.1] [81/276]
  * #variants in cis = 1
  * Best hit: [id=5_internal_12929, d=87521, pv=0.35261, s=-0.0743]

Processing phenotype [ENSG00000200065.1] [82/276]
  * #variants in cis = 1
  * Best hit: [id=5_internal_12929, d=-100318, pv=0.394309, s=0.0701]

Processing phenotype [ENSG00000113384.8] [83/276]
  * #variants in cis = 1
  * Best hit: [id=5_internal_12929, d=139930, pv=0.739972, s=0.0268]

Processing phenotype [ENSG00000230829.3] [84/276]
  * #variants in cis = 1
  * Best hit: [id=5_internal_12929, d=-187512, pv=0.832819, s=-0.0175]

Processing phenotype [ENSG00000199731.1] [85/276]
  * #variants in cis = 1
  * Best hit: [id=5_internal_12929, d=200455, pv=0.858311, s=-0.0139]

Processing phenotype [ENSG00000207052.1] [86/276]
  * #variants in cis = 1
  * Best hit: [id=5_internal_12929, d=-275242, pv=0.00143452, s=0.2550]

Processing phenotype [ENSG00000150712.6] [87/276]
  * #variants in cis = 1
  * Best hit: [id=5_internal_12929, d=278589, pv=0.409633, s=0.0671]

Processing phenotype [ENSG00000222961.1] [88/276]
  * #variants in cis = 1
  * Best hit: [id=5_internal_12929, d=345047, pv=0.027348, s=-0.1785]

Processing phenotype [ENSG00000207956.1] [89/276]
  * #variants in cis = 1
  * Best hit: [id=5_internal_12929, d=360055, pv=0.214573, s=0.1024]

Processing phenotype [ENSG00000056097.11] [90/276]
  * #variants in cis = 1
  * Best hit: [id=5_internal_12929, d=410341, pv=0.0586174, s=-0.1484]

Processing phenotype [ENSG00000249142.1] [91/276]
  * #variants in cis = 1
  * Best hit: [id=5_internal_12929, d=-488338, pv=0.73414, s=0.0277]

Processing phenotype [ENSG00000113387.7] [92/276]
  * #variants in cis = 1
  * Best hit: [id=5_internal_12929, d=-497213, pv=0.948172, s=0.0053]

Processing phenotype [ENSG00000240376.1] [93/276]
  * #variants in cis = 0

Processing phenotype [ENSG00000249572.1] [94/276]
  * #variants in cis = 1
  * Best hit: [id=5_internal_8477, d=-738852, pv=0.896007, s=0.0105]

Processing phenotype [ENSG00000113407.9] [95/276]
  * #variants in cis = 1
  * Best hit: [id=5_internal_8477, d=738775, pv=0.811305, s=-0.0191]

Processing phenotype [ENSG00000250767.1] [96/276]
  * #variants in cis = 1
  * Best hit: [id=5_internal_8477, d=-181748, pv=0.295003, s=-0.0878]

Processing phenotype [ENSG00000242110.3] [97/276]
  * #variants in cis = 1
  * Best hit: [id=5_internal_8477, d=-171357, pv=0.629212, s=-0.0393]

Processing phenotype [ENSG00000082196.15] [98/276]
  * #variants in cis = 1
  * Best hit: [id=5_internal_8477, d=-54944, pv=0.454686, s=-0.0606]

Processing phenotype [ENSG00000215156.4] [99/276]
  * #variants in cis = 1
  * Best hit: [id=5_internal_8477, d=0, pv=3.85707e-20, s=0.6248]

Processing phenotype [ENSG00000215158.5] [100/276]
  * #variants in cis = 1
  * Best hit: [id=5_internal_8477, d=50674, pv=0.169828, s=0.1063]

Processing phenotype [ENSG00000205838.8] [101/276]
  * #variants in cis = 5
  * Best hit: [id=5_internal_8820, d=954210, pv=0.00378033, s=0.2324]

Processing phenotype [ENSG00000113460.8] [102/276]
  * #variants in cis = 5
  * Best hit: [id=5_internal_9200, d=891145, pv=0.200798, s=-0.1020]

Processing phenotype [ENSG00000113456.14] [103/276]
  * #variants in cis = 5
  * Best hit: [id=5_internal_8477, d=724867, pv=0.451787, s=0.0600]

Processing phenotype [ENSG00000168724.10] [104/276]
  * #variants in cis = 5
  * Best hit: [id=5_internal_10352, d=728433, pv=0.00429219, s=-0.2199]

Processing phenotype [ENSG00000250886.1] [105/276]
  * #variants in cis = 6
  * Best hit: [id=5_internal_8907, d=984501, pv=0.127306, s=0.1286]

Processing phenotype [ENSG00000113494.12] [106/276]
  * #variants in cis = 5
  * Best hit: [id=5_internal_10352, d=-427337, pv=0.212368, s=0.0993]

Processing phenotype [ENSG00000152582.8] [107/276]
  * #variants in cis = 5
  * Best hit: [id=5_internal_10352, d=40185, pv=0.00335367, s=0.2256]

Processing phenotype [ENSG00000168685.10] [108/276]
  * #variants in cis = 5
  * Best hit: [id=5_internal_10352, d=0, pv=4.85068e-05, s=0.3220]

Processing phenotype [ENSG00000164187.6] [109/276]
  * #variants in cis = 7
  * Best hit: [id=5_internal_8907, d=77563, pv=0.0124337, s=0.1978]

Processing phenotype [ENSG00000145604.11] [110/276]
  * #variants in cis = 7
  * Best hit: [id=5_internal_9200, d=-314391, pv=0.171842, s=-0.1103]

Processing phenotype [ENSG00000245711.2] [111/276]
  * #variants in cis = 7
  * Best hit: [id=5_internal_10338, d=-422845, pv=0.143525, s=-0.1195]

Processing phenotype [ENSG00000152620.8] [112/276]
  * #variants in cis = 7
  * Best hit: [id=5_internal_8480, d=-635372, pv=0.0169756, s=0.1888]

Processing phenotype [ENSG00000079215.8] [113/276]
  * #variants in cis = 7
  * Best hit: [id=5_internal_10338, d=-808145, pv=0.0786955, s=0.1381]

Processing phenotype [ENSG00000250155.1] [114/276]
  * #variants in cis = 7
  * Best hit: [id=5_internal_10338, d=926985, pv=0.0712074, s=-0.1400]

Processing phenotype [ENSG00000248044.1] [115/276]
  * #variants in cis = 3
  * Best hit: [id=5_internal_8907, d=802259, pv=0.3232, s=0.0819]

Processing phenotype [ENSG00000164190.11] [116/276]
  * #variants in cis = 3
  * Best hit: [id=5_internal_9962, d=233470, pv=0.228334, s=-0.0955]

Processing phenotype [ENSG00000249850.1] [117/276]
  * #variants in cis = 3
  * Best hit: [id=5_internal_8907, d=-810808, pv=0.394104, s=-0.0699]

Processing phenotype [ENSG00000244073.1] [118/276]
  * #variants in cis = 2
  * Best hit: [id=5_internal_9962, d=25173, pv=0.776816, s=0.0227]

Processing phenotype [ENSG00000228212.1] [119/276]
  * #variants in cis = 2
  * Best hit: [id=5_internal_8480, d=-282515, pv=0.523885, s=0.0530]

Processing phenotype [ENSG00000197603.8] [120/276]
  * #variants in cis = 2
  * Best hit: [id=5_internal_9962, d=50479, pv=0.229773, s=0.0982]

Processing phenotype [ENSG00000251880.1] [121/276]
  * #variants in cis = 2
  * Best hit: [id=5_internal_9962, d=-128186, pv=0.032679, s=0.1709]

Processing phenotype [ENSG00000113569.11] [122/276]
  * #variants in cis = 2
  * Best hit: [id=5_internal_8480, d=444332, pv=0.519097, s=0.0530]

Processing phenotype [ENSG00000082068.4] [123/276]
  * #variants in cis = 2
  * Best hit: [id=5_internal_8480, d=-452363, pv=0.283955, s=0.0891]

Processing phenotype [ENSG00000248216.1] [124/276]
  * #variants in cis = 2
  * Best hit: [id=5_internal_9962, d=307908, pv=0.143531, s=0.1201]

Processing phenotype [ENSG00000222743.1] [125/276]
  * #variants in cis = 2
  * Best hit: [id=5_internal_9962, d=421139, pv=0.170931, s=0.1042]

Processing phenotype [ENSG00000206743.1] [126/276]
  * #variants in cis = 2
  * Best hit: [id=5_internal_9962, d=501488, pv=0.782582, s=-0.0224]

Processing phenotype [ENSG00000145623.8] [127/276]
  * #variants in cis = 0

Processing phenotype [ENSG00000249089.1] [128/276]
  * #variants in cis = 0

Processing phenotype [ENSG00000164327.8] [129/276]
  * #variants in cis = 0

Processing phenotype [ENSG00000269215.1] [130/276]
  * #variants in cis = 0

Processing phenotype [ENSG00000251215.1] [131/276]
  * #variants in cis = 0

Processing phenotype [ENSG00000082074.11] [132/276]
  * #variants in cis = 0

Processing phenotype [ENSG00000113600.6] [133/276]
  * #variants in cis = 3
  * Best hit: [id=5_internal_9985, d=-899040, pv=0.0193344, s=0.1876]

Processing phenotype [ENSG00000153071.10] [134/276]
  * #variants in cis = 3
  * Best hit: [id=5_internal_9985, d=-861608, pv=0.0374217, s=0.1632]

Processing phenotype [ENSG00000171522.5] [135/276]
  * #variants in cis = 4
  * Best hit: [id=5_internal_9985, d=-236392, pv=0.355259, s=0.0682]

Processing phenotype [ENSG00000113638.8] [136/276]
  * #variants in cis = 4
  * Best hit: [id=5_internal_9985, d=312869, pv=0.297625, s=0.0847]

Processing phenotype [ENSG00000212567.1] [137/276]
  * #variants in cis = 4
  * Best hit: [id=5_internal_11109, d=97558, pv=0.176622, s=-0.1104]

Processing phenotype [ENSG00000132356.7] [138/276]
  * #variants in cis = 4
  * Best hit: [id=5_internal_11109, d=105728, pv=0.267749, s=-0.0856]

Processing phenotype [ENSG00000212296.1] [139/276]
  * #variants in cis = 4
  * Best hit: [id=5_internal_8874, d=141547, pv=0.0417832, s=0.1627]

Processing phenotype [ENSG00000145592.9] [140/276]
  * #variants in cis = 4
  * Best hit: [id=5_internal_8874, d=144147, pv=0.430575, s=-0.0635]

Processing phenotype [ENSG00000132357.9] [141/276]
  * #variants in cis = 4
  * Best hit: [id=5_internal_9985, d=-398078, pv=0.109814, s=-0.1273]

Processing phenotype [ENSG00000248668.1] [142/276]
  * #variants in cis = 2
  * Best hit: [id=5_internal_8620, d=0, pv=0.00307565, s=0.2324]

Processing phenotype [ENSG00000083720.8] [143/276]
  * #variants in cis = 2
  * Best hit: [id=5_internal_8620, d=0, pv=0.0134471, s=0.1903]

Processing phenotype [ENSG00000205765.4] [144/276]
  * #variants in cis = 2
  * Best hit: [id=5_internal_8620, d=0, pv=0.744217, s=0.0257]

Processing phenotype [ENSG00000151876.8] [145/276]
  * #variants in cis = 2
  * Best hit: [id=5_internal_9420, d=793188, pv=0.145027, s=0.1132]

Processing phenotype [ENSG00000198865.5] [146/276]
  * #variants in cis = 3
  * Best hit: [id=5_internal_9420, d=0, pv=0.0175479, s=0.1878]

Processing phenotype [ENSG00000250722.1] [147/276]
  * #variants in cis = 3
  * Best hit: [id=5_internal_9420, d=129191, pv=0.0100868, s=0.2070]

Processing phenotype [ENSG00000251131.1] [148/276]
  * #variants in cis = 2
  * Best hit: [id=5_internal_8377, d=0, pv=0.00156599, s=0.2517]

Processing phenotype [ENSG00000215068.3] [149/276]
  * #variants in cis = 2
  * Best hit: [id=5_internal_9420, d=-283374, pv=0.439373, s=0.0603]

Processing phenotype [ENSG00000177721.3] [150/276]
  * #variants in cis = 2
  * Best hit: [id=5_internal_9420, d=284969, pv=0.31609, s=0.0800]

Processing phenotype [ENSG00000172262.6] [151/276]
  * #variants in cis = 2
  * Best hit: [id=5_internal_8377, d=0, pv=0.0913174, s=-0.1385]

Processing phenotype [ENSG00000177738.3] [152/276]
  * #variants in cis = 2
  * Best hit: [id=5_internal_8377, d=0, pv=0.000230401, s=0.2927]

Processing phenotype [ENSG00000177453.3] [153/276]
  * #variants in cis = 2
  * Best hit: [id=5_internal_8377, d=-123389, pv=0.00460872, s=-0.2191]

Processing phenotype [ENSG00000261604.1] [154/276]
  * #variants in cis = 2
  * Best hit: [id=5_internal_8377, d=-218919, pv=0.377088, s=-0.0709]

Processing phenotype [ENSG00000112972.10] [155/276]
  * #variants in cis = 2
  * Best hit: [id=5_internal_8377, d=244830, pv=0.477382, s=-0.0571]

Processing phenotype [ENSG00000151882.7] [156/276]
  * #variants in cis = 2
  * Best hit: [id=5_internal_8377, d=343709, pv=0.184744, s=0.1077]

Processing phenotype [ENSG00000151881.10] [157/276]
  * #variants in cis = 2
  * Best hit: [id=5_internal_9420, d=725692, pv=0.109548, s=0.1256]

Processing phenotype [ENSG00000249492.1] [158/276]
  * #variants in cis = 2
  * Best hit: [id=5_internal_8377, d=-415277, pv=0.499452, s=0.0546]

Processing phenotype [ENSG00000249855.1] [159/276]
  * #variants in cis = 2
  * Best hit: [id=5_internal_9420, d=738253, pv=0.866893, s=0.0130]

Processing phenotype [ENSG00000248554.1] [160/276]
  * #variants in cis = 2
  * Best hit: [id=5_internal_9420, d=-752857, pv=0.404063, s=0.0678]

Processing phenotype [ENSG00000172244.3] [161/276]
  * #variants in cis = 2
  * Best hit: [id=5_internal_8377, d=446463, pv=0.298059, s=-0.0845]

Processing phenotype [ENSG00000248240.1] [162/276]
  * #variants in cis = 2
  * Best hit: [id=5_internal_8377, d=-446592, pv=0.337428, s=0.0737]

Processing phenotype [ENSG00000172239.9] [163/276]
  * #variants in cis = 2
  * Best hit: [id=5_internal_8377, d=489076, pv=0.134878, s=-0.1186]

Processing phenotype [ENSG00000249286.1] [164/276]
  * #variants in cis = 2
  * Best hit: [id=5_internal_8377, d=519541, pv=0.766745, s=-0.0242]

Processing phenotype [ENSG00000112992.11] [165/276]
  * #variants in cis = 2
  * Best hit: [id=5_internal_8377, d=-534011, pv=0.251459, s=0.0870]

Processing phenotype [ENSG00000248092.2] [166/276]
  * #variants in cis = 2
  * Best hit: [id=5_internal_8377, d=534548, pv=0.577277, s=0.0432]

Processing phenotype [ENSG00000224993.2] [167/276]
  * #variants in cis = 2
  * Best hit: [id=5_internal_8377, d=598550, pv=0.0204549, s=0.1798]

Processing phenotype [ENSG00000112996.5] [168/276]
  * #variants in cis = 0

Processing phenotype [ENSG00000170571.6] [169/276]
  * #variants in cis = 5
  * Best hit: [id=5_internal_8307, d=0, pv=1.3485e-08, s=0.4321]

Processing phenotype [ENSG00000151883.11] [170/276]
  * #variants in cis = 5
  * Best hit: [id=5_internal_8629, d=0, pv=1.92979e-26, s=0.7096]

Processing phenotype [ENSG00000249405.1] [171/276]
  * #variants in cis = 5
  * Best hit: [id=5_internal_8498, d=293422, pv=0.0178404, s=0.1843]

Processing phenotype [ENSG00000213949.3] [172/276]
  * #variants in cis = 1
  * Best hit: [id=5_internal_11056, d=0, pv=0.0215209, s=0.1789]

Processing phenotype [ENSG00000152684.10] [173/276]
  * #variants in cis = 1
  * Best hit: [id=5_internal_11056, d=0, pv=0.888812, s=0.0112]

Processing phenotype [ENSG00000248898.1] [174/276]
  * #variants in cis = 1
  * Best hit: [id=5_internal_11056, d=0, pv=0.37624, s=0.0695]

Processing phenotype [ENSG00000241809.1] [175/276]
  * #variants in cis = 1
  * Best hit: [id=5_internal_11056, d=-115486, pv=0.445323, s=0.0599]

Processing phenotype [ENSG00000164171.5] [176/276]
  * #variants in cis = 1
  * Best hit: [id=5_internal_11056, d=-200904, pv=0.106288, s=0.1274]

Processing phenotype [ENSG00000247796.2] [177/276]
  * #variants in cis = 1
  * Best hit: [id=5_internal_11056, d=-321420, pv=0.601659, s=0.0412]

Processing phenotype [ENSG00000164172.14] [178/276]
  * #variants in cis = 1
  * Best hit: [id=5_internal_11056, d=321641, pv=0.0586647, s=0.1522]

Processing phenotype [ENSG00000164258.7] [179/276]
  * #variants in cis = 1
  * Best hit: [id=5_internal_11056, d=-772211, pv=0.91616, s=-0.0085]

Processing phenotype [ENSG00000238508.1] [180/276]
  * #variants in cis = 1
  * Best hit: [id=5_internal_11056, d=-821165, pv=0.235303, s=0.0974]

Processing phenotype [ENSG00000250854.1] [181/276]
  * #variants in cis = 1
  * Best hit: [id=5_internal_11056, d=883823, pv=0.705771, s=-0.0295]

Processing phenotype [ENSG00000222960.1] [182/276]
  * #variants in cis = 0

Processing phenotype [ENSG00000207627.1] [183/276]
  * #variants in cis = 0

Processing phenotype [ENSG00000241230.2] [184/276]
  * #variants in cis = 1
  * Best hit: [id=5_internal_9803, d=-988485, pv=0.544234, s=0.0492]

Processing phenotype [ENSG00000265421.1] [185/276]
  * #variants in cis = 1
  * Best hit: [id=5_internal_9803, d=-961210, pv=0.158733, s=0.1169]

Processing phenotype [ENSG00000185305.5] [186/276]
  * #variants in cis = 1
  * Best hit: [id=5_internal_9803, d=-726211, pv=0.79204, s=0.0213]

Processing phenotype [ENSG00000249069.2] [187/276]
  * #variants in cis = 1
  * Best hit: [id=5_internal_9803, d=715849, pv=0.96547, s=-0.0034]

Processing phenotype [ENSG00000178996.8] [188/276]
  * #variants in cis = 1
  * Best hit: [id=5_internal_9803, d=519034, pv=0.559419, s=0.0469]

Processing phenotype [ENSG00000113088.5] [189/276]
  * #variants in cis = 4
  * Best hit: [id=5_internal_9803, d=12542, pv=0.0126704, s=0.2035]

Processing phenotype [ENSG00000240535.3] [190/276]
  * #variants in cis = 4
  * Best hit: [id=5_internal_9803, d=-2525, pv=0.0127102, s=0.2048]

Processing phenotype [ENSG00000145649.7] [191/276]
  * #variants in cis = 4
  * Best hit: [id=5_internal_9803, d=-111, pv=0.00354863, s=0.2304]

Processing phenotype [ENSG00000251307.1] [192/276]
  * #variants in cis = 4
  * Best hit: [id=5_internal_11702, d=387169, pv=0.0393932, s=0.1610]

Processing phenotype [ENSG00000067248.5] [193/276]
  * #variants in cis = 6
  * Best hit: [id=5_internal_8403, d=-665454, pv=0.0530454, s=-0.1521]

Processing phenotype [ENSG00000039123.11] [194/276]
  * #variants in cis = 6
  * Best hit: [id=5_internal_12954, d=962965, pv=0.241996, s=0.0930]

Processing phenotype [ENSG00000250853.1] [195/276]
  * #variants in cis = 6
  * Best hit: [id=5_internal_12954, d=-740024, pv=0.353838, s=-0.0733]

Processing phenotype [ENSG00000067113.12] [196/276]
  * #variants in cis = 6
  * Best hit: [id=5_internal_11702, d=-86053, pv=0.0639845, s=0.1472]

Processing phenotype [ENSG00000177058.7] [197/276]
  * #variants in cis = 6
  * Best hit: [id=5_internal_12954, d=-497531, pv=0.15464, s=0.1137]

Processing phenotype [ENSG00000199322.1] [198/276]
  * #variants in cis = 6
  * Best hit: [id=5_internal_13163, d=191615, pv=0.128272, s=0.1215]

Processing phenotype [ENSG00000164509.9] [199/276]
  * #variants in cis = 6
  * Best hit: [id=5_internal_8403, d=121797, pv=0.206281, s=0.1018]

Processing phenotype [ENSG00000262211.1] [200/276]
  * #variants in cis = 6
  * Best hit: [id=5_internal_13163, d=32941, pv=4.40186e-10, s=0.4853]

Processing phenotype [ENSG00000264281.2] [201/276]
  * #variants in cis = 6
  * Best hit: [id=5_internal_13163, d=24454, pv=0.0610585, s=0.1550]

Processing phenotype [ENSG00000134352.15] [202/276]
  * #variants in cis = 6
  * Best hit: [id=5_internal_13163, d=0, pv=6.96487e-12, s=0.5281]

Processing phenotype [ENSG00000227908.3] [203/276]
  * #variants in cis = 6
  * Best hit: [id=5_internal_13163, d=0, pv=0.00973428, s=0.1988]

Processing phenotype [ENSG00000164512.12] [204/276]
  * #variants in cis = 5
  * Best hit: [id=5_internal_13163, d=42024, pv=2.89894e-05, s=0.3268]

Processing phenotype [ENSG00000265665.1] [205/276]
  * #variants in cis = 6
  * Best hit: [id=5_internal_8693, d=-993992, pv=0.0295917, s=0.1691]

Processing phenotype [ENSG00000267982.1] [206/276]
  * #variants in cis = 6
  * Best hit: [id=5_internal_12954, d=0, pv=0.013906, s=0.2008]

Processing phenotype [ENSG00000248727.1] [207/276]
  * #variants in cis = 6
  * Best hit: [id=5_internal_9110, d=164875, pv=0.0225055, s=0.1863]

Processing phenotype [ENSG00000226221.1] [208/276]
  * #variants in cis = 6
  * Best hit: [id=5_internal_12954, d=0, pv=0.0484604, s=-0.1521]

Processing phenotype [ENSG00000225940.1] [209/276]
  * #variants in cis = 6
  * Best hit: [id=5_internal_8693, d=-844898, pv=0.16997, s=0.1128]

Processing phenotype [ENSG00000228650.1] [210/276]
  * #variants in cis = 5
  * Best hit: [id=5_internal_12954, d=0, pv=0.00297082, s=-0.2356]

Processing phenotype [ENSG00000095015.5] [211/276]
  * #variants in cis = 5
  * Best hit: [id=5_internal_8403, d=-741242, pv=0.0240851, s=0.1765]

Processing phenotype [ENSG00000238717.1] [212/276]
  * #variants in cis = 5
  * Best hit: [id=5_internal_9110, d=-540077, pv=0.168878, s=-0.1092]

Processing phenotype [ENSG00000237705.1] [213/276]
  * #variants in cis = 5
  * Best hit: [id=5_internal_8403, d=787832, pv=0.0437601, s=0.1623]

Processing phenotype [ENSG00000155542.6] [214/276]
  * #variants in cis = 5
  * Best hit: [id=5_internal_8403, d=-834928, pv=0.225087, s=0.0964]

Processing phenotype [ENSG00000225230.1] [215/276]
  * #variants in cis = 5
  * Best hit: [id=5_internal_12954, d=32888, pv=0.0579869, s=-0.1513]

Processing phenotype [ENSG00000235635.1] [216/276]
  * #variants in cis = 5
  * Best hit: [id=5_internal_9110, d=-624236, pv=0.384603, s=-0.0673]

Processing phenotype [ENSG00000155545.14] [217/276]
  * #variants in cis = 5
  * Best hit: [id=5_internal_8403, d=897343, pv=0.64088, s=-0.0376]

Processing phenotype [ENSG00000062194.10] [218/276]
  * #variants in cis = 4
  * Best hit: [id=5_internal_12954, d=-296122, pv=0.00896925, s=0.1993]

Processing phenotype [ENSG00000145632.10] [219/276]
  * #variants in cis = 3
  * Best hit: [id=5_internal_11001, d=-808439, pv=0.13456, s=-0.1193]

Processing phenotype [ENSG00000175857.4] [220/276]
  * #variants in cis = 3
  * Best hit: [id=5_internal_8693, d=-995148, pv=0.152818, s=0.1148]

Processing phenotype [ENSG00000250127.1] [221/276]
  * #variants in cis = 2
  * Best hit: [id=5_internal_8206, d=-476240, pv=0.260022, s=0.0887]

Processing phenotype [ENSG00000152932.6] [222/276]
  * #variants in cis = 2
  * Best hit: [id=5_internal_11001, d=686478, pv=0.0937532, s=-0.1303]

Processing phenotype [ENSG00000247345.2] [223/276]
  * #variants in cis = 3
  * Best hit: [id=5_internal_8206, d=0, pv=0.000212078, s=0.2790]

Processing phenotype [ENSG00000251306.1] [224/276]
  * #variants in cis = 3
  * Best hit: [id=5_internal_10889, d=221730, pv=5.61676e-12, s=0.4914]

Processing phenotype [ENSG00000248935.1] [225/276]
  * #variants in cis = 3
  * Best hit: [id=5_internal_10889, d=-220855, pv=2.91751e-13, s=0.5265]

Processing phenotype [ENSG00000213896.4] [226/276]
  * #variants in cis = 2
  * Best hit: [id=5_internal_10889, d=629882, pv=0.0993858, s=-0.1289]

Processing phenotype [ENSG00000214244.4] [227/276]
  * #variants in cis = 2
  * Best hit: [id=5_internal_10889, d=660345, pv=0.0539633, s=-0.1466]

Processing phenotype [ENSG00000152931.6] [228/276]
  * #variants in cis = 2
  * Best hit: [id=5_internal_8958, d=780423, pv=0.178278, s=-0.1034]

Processing phenotype [ENSG00000113448.12] [229/276]
  * #variants in cis = 2
  * Best hit: [id=5_internal_10889, d=721726, pv=0.0082377, s=0.2123]

Processing phenotype [ENSG00000035499.8] [230/276]
  * #variants in cis = 2
  * Best hit: [id=5_internal_10889, d=899796, pv=0.0105808, s=-0.2057]

Processing phenotype [ENSG00000164181.9] [231/276]
  * #variants in cis = 1
  * Best hit: [id=5_internal_8958, d=-423747, pv=0.126466, s=0.1279]

Processing phenotype [ENSG00000215032.2] [232/276]
  * #variants in cis = 1
  * Best hit: [id=5_internal_8958, d=-374559, pv=0.629842, s=0.0387]

Processing phenotype [ENSG00000233847.1] [233/276]
  * #variants in cis = 1
  * Best hit: [id=5_internal_8958, d=350646, pv=0.0910691, s=0.1376]

Processing phenotype [ENSG00000049167.9] [234/276]
  * #variants in cis = 1
  * Best hit: [id=5_internal_8958, d=-323063, pv=0.797568, s=-0.0210]

Processing phenotype [ENSG00000164182.6] [235/276]
  * #variants in cis = 1
  * Best hit: [id=5_internal_8958, d=323007, pv=0.513305, s=0.0521]

Processing phenotype [ENSG00000269267.1] [236/276]
  * #variants in cis = 1
  * Best hit: [id=5_internal_8958, d=-152201, pv=0.813677, s=0.0193]

Processing phenotype [ENSG00000251279.1] [237/276]
  * #variants in cis = 1
  * Best hit: [id=5_internal_8958, d=106066, pv=0.0697664, s=-0.1425]

Processing phenotype [ENSG00000188725.3] [238/276]
  * #variants in cis = 1
  * Best hit: [id=5_internal_8958, d=-105662, pv=0.0621324, s=0.1487]

Processing phenotype [ENSG00000130449.5] [239/276]
  * #variants in cis = 2
  * Best hit: [id=5_internal_8958, d=-53914, pv=0.255517, s=0.0918]

Processing phenotype [ENSG00000251682.1] [240/276]
  * #variants in cis = 3
  * Best hit: [id=5_internal_8724, d=999340, pv=0.700291, s=-0.0323]

Processing phenotype [ENSG00000250461.1] [241/276]
  * #variants in cis = 3
  * Best hit: [id=5_internal_8724, d=971354, pv=0.688634, s=-0.0326]

Processing phenotype [ENSG00000213891.3] [242/276]
  * #variants in cis = 3
  * Best hit: [id=5_internal_8958, d=113512, pv=0.286102, s=0.0843]

Processing phenotype [ENSG00000068796.11] [243/276]
  * #variants in cis = 4
  * Best hit: [id=5_internal_8724, d=40304, pv=0.0103932, s=0.1939]

Processing phenotype [ENSG00000086189.5] [244/276]
  * #variants in cis = 4
  * Best hit: [id=5_internal_8724, d=53288, pv=0.137087, s=0.1175]

Processing phenotype [ENSG00000086200.11] [245/276]
  * #variants in cis = 4
  * Best hit: [id=5_internal_8755, d=-68780, pv=0.307885, s=-0.0802]

Processing phenotype [ENSG00000241991.1] [246/276]
  * #variants in cis = 4
  * Best hit: [id=5_internal_8255, d=-15811, pv=0.0330354, s=-0.1674]

Processing phenotype [ENSG00000240436.1] [247/276]
  * #variants in cis = 4
  * Best hit: [id=5_internal_8755, d=241079, pv=0.515941, s=0.0527]

Processing phenotype [ENSG00000186105.7] [248/276]
  * #variants in cis = 4
  * Best hit: [id=5_internal_8724, d=-228084, pv=0.135425, s=-0.1227]

Processing phenotype [ENSG00000242547.2] [249/276]
  * #variants in cis = 1
  * Best hit: [id=5_internal_9674, d=495113, pv=0.288464, s=-0.0876]

Processing phenotype [ENSG00000145642.7] [250/276]
  * #variants in cis = 1
  * Best hit: [id=5_internal_9674, d=344309, pv=0.132584, s=0.1193]

Processing phenotype [ENSG00000153006.9] [251/276]
  * #variants in cis = 1
  * Best hit: [id=5_internal_9674, d=-265932, pv=0.501036, s=0.0543]

Processing phenotype [ENSG00000153015.10] [252/276]
  * #variants in cis = 1
  * Best hit: [id=5_internal_9674, d=265687, pv=0.785056, s=0.0225]

Processing phenotype [ENSG00000049192.10] [253/276]
  * #variants in cis = 1
  * Best hit: [id=5_internal_9674, d=0, pv=0.121244, s=0.1200]

Processing phenotype [ENSG00000123219.7] [254/276]
  * #variants in cis = 1
  * Best hit: [id=5_internal_9674, d=0, pv=0.299825, s=0.0844]

Processing phenotype [ENSG00000113593.7] [255/276]
  * #variants in cis = 1
  * Best hit: [id=5_internal_9674, d=0, pv=0.23413, s=0.0973]

Processing phenotype [ENSG00000207352.1] [256/276]
  * #variants in cis = 1
  * Best hit: [id=5_internal_9674, d=37813, pv=0.527736, s=-0.0518]

Processing phenotype [ENSG00000113597.12] [257/276]
  * #variants in cis = 1
  * Best hit: [id=5_internal_9674, d=-57768, pv=0.0857837, s=0.1345]

Processing phenotype [ENSG00000253251.1] [258/276]
  * #variants in cis = 1
  * Best hit: [id=5_internal_9674, d=-57817, pv=0.336975, s=-0.0767]

Processing phenotype [ENSG00000113595.10] [259/276]
  * #variants in cis = 1
  * Best hit: [id=5_internal_9674, d=59027, pv=0.304218, s=0.0802]

Processing phenotype [ENSG00000123213.17] [260/276]
  * #variants in cis = 1
  * Best hit: [id=5_internal_9674, d=-155248, pv=0.0304333, s=-0.1650]

Processing phenotype [ENSG00000197860.5] [261/276]
  * #variants in cis = 1
  * Best hit: [id=5_internal_9674, d=156087, pv=0.152116, s=-0.1123]

Processing phenotype [ENSG00000251648.2] [262/276]
  * #variants in cis = 1
  * Best hit: [id=5_internal_9674, d=-166025, pv=0.159218, s=0.1142]

Processing phenotype [ENSG00000112851.10] [263/276]
  * #variants in cis = 1
  * Best hit: [id=5_internal_9674, d=-359528, pv=0.777048, s=-0.0220]

Processing phenotype [ENSG00000252904.1] [264/276]
  * #variants in cis = 1
  * Best hit: [id=5_internal_9674, d=394372, pv=0.57808, s=0.0461]

Processing phenotype [ENSG00000153914.11] [265/276]
  * #variants in cis = 2
  * Best hit: [id=5_internal_8796, d=879153, pv=0.364967, s=0.0694]

Processing phenotype [ENSG00000253744.1] [266/276]
  * #variants in cis = 2
  * Best hit: [id=5_internal_8796, d=-874329, pv=0.237837, s=-0.0950]

Processing phenotype [ENSG00000251391.3] [267/276]
  * #variants in cis = 3
  * Best hit: [id=5_internal_12154, d=960505, pv=0.0154271, s=0.1918]

Processing phenotype [ENSG00000069020.13] [268/276]
  * #variants in cis = 4
  * Best hit: [id=5_internal_12154, d=560446, pv=1.35889e-08, s=0.4347]

Processing phenotype [ENSG00000134061.4] [269/276]
  * #variants in cis = 4
  * Best hit: [id=5_internal_12154, d=0, pv=6.46795e-06, s=0.3499]

Processing phenotype [ENSG00000145675.10] [270/276]
  * #variants in cis = 6
  * Best hit: [id=5_internal_8188, d=715, pv=0.00253804, s=0.2424]

Processing phenotype [ENSG00000248884.1] [271/276]
  * #variants in cis = 4
  * Best hit: [id=5_internal_8188, d=154171, pv=0.00434009, s=0.2172]

Processing phenotype [ENSG00000145740.14] [272/276]
  * #variants in cis = 4
  * Best hit: [id=5_internal_8188, d=-813336, pv=0.0307091, s=-0.1696]

Processing phenotype [ENSG00000248664.1] [273/276]
  * #variants in cis = 4
  * Best hit: [id=5_internal_8361, d=846246, pv=0.0434264, s=0.1629]

Processing phenotype [ENSG00000134057.10] [274/276]
  * #variants in cis = 4
  * Best hit: [id=5_internal_8188, d=-886700, pv=0.251284, s=0.0880]

Processing phenotype [ENSG00000153044.5] [275/276]
  * #variants in cis = 4
  * Best hit: [id=5_internal_9223, d=-304448, pv=0.0991051, s=0.1248]

Processing phenotype [ENSG00000134056.6] [276/276]
  * #variants in cis = 4
  * Best hit: [id=5_internal_9801, d=388094, pv=0.0256855, s=0.1769]

Running time: 1 seconds
