Sender: LSF System <lsfadmin@cpt05>
Subject: Job 974426: </data/unige/funpopgen/odelanea/SGX/V2/binaries/qtltools/bin/QTLtools cis --vcf /data/unige/funpopgen/grey2/SYSCID/BLUEPRINT_DATA/CRD/THREE_CELL_TYPES/CLOMICS/CELL_TYPE_COMPARISON_GENE_CRD_ASSOCIATIONS/quantify/72_vs_73_ALL.ALLchr.mean.txt.gz --bed /data/unige/funpopgen/grey2/SYSCID/BLUEPRINT_DATA/CRD/THREE_CELL_TYPES/QTL_TOOLS/EGAD00001002674_v3.0/EGAD00001002674_RNA.PC10.bed.gz --nominal /data/unige/funpopgen/grey2/SYSCID/BLUEPRINT_DATA/CRD/THREE_CELL_TYPES/CLOMICS/CELL_TYPE_COMPARISON_GENE_CRD_ASSOCIATIONS/mapping_aCRD_gene/72_vs_73/gene_CRD_mean_permutations.thresholds.txt --chunk 5 100 --out /data/unige/funpopgen/grey2/SYSCID/BLUEPRINT_DATA/CRD/THREE_CELL_TYPES/CLOMICS/CELL_TYPE_COMPARISON_GENE_CRD_ASSOCIATIONS/mapping_aCRD_gene/72_vs_73/mapping_gene_CRD_mean_chunk5\.txt> in cluster <ug> Done

Job </data/unige/funpopgen/odelanea/SGX/V2/binaries/qtltools/bin/QTLtools cis --vcf /data/unige/funpopgen/grey2/SYSCID/BLUEPRINT_DATA/CRD/THREE_CELL_TYPES/CLOMICS/CELL_TYPE_COMPARISON_GENE_CRD_ASSOCIATIONS/quantify/72_vs_73_ALL.ALLchr.mean.txt.gz --bed /data/unige/funpopgen/grey2/SYSCID/BLUEPRINT_DATA/CRD/THREE_CELL_TYPES/QTL_TOOLS/EGAD00001002674_v3.0/EGAD00001002674_RNA.PC10.bed.gz --nominal /data/unige/funpopgen/grey2/SYSCID/BLUEPRINT_DATA/CRD/THREE_CELL_TYPES/CLOMICS/CELL_TYPE_COMPARISON_GENE_CRD_ASSOCIATIONS/mapping_aCRD_gene/72_vs_73/gene_CRD_mean_permutations.thresholds.txt --chunk 5 100 --out /data/unige/funpopgen/grey2/SYSCID/BLUEPRINT_DATA/CRD/THREE_CELL_TYPES/CLOMICS/CELL_TYPE_COMPARISON_GENE_CRD_ASSOCIATIONS/mapping_aCRD_gene/72_vs_73/mapping_gene_CRD_mean_chunk5\.txt> was submitted from host <cpt01> by user <grey2> in cluster <ug>.
Job was executed on host(s) <cpt05>, in queue <normal>, as user <grey2> in cluster <ug>.
</home/grey2> was used as the home directory.
</data/unige/funpopgen/grey2/SYSCID/BLUEPRINT_DATA/CRD/THREE_CELL_TYPES/CLOMICS/CELL_TYPE_COMPARISON_GENE_CRD_ASSOCIATIONS> was used as the working directory.
Started at Thu Mar 21 13:43:09 2019
Results reported at Thu Mar 21 13:43:14 2019

Your job looked like:

------------------------------------------------------------
# LSBATCH: User input
/data/unige/funpopgen/odelanea/SGX/V2/binaries/qtltools/bin/QTLtools cis --vcf /data/unige/funpopgen/grey2/SYSCID/BLUEPRINT_DATA/CRD/THREE_CELL_TYPES/CLOMICS/CELL_TYPE_COMPARISON_GENE_CRD_ASSOCIATIONS/quantify/72_vs_73_ALL.ALLchr.mean.txt.gz --bed /data/unige/funpopgen/grey2/SYSCID/BLUEPRINT_DATA/CRD/THREE_CELL_TYPES/QTL_TOOLS/EGAD00001002674_v3.0/EGAD00001002674_RNA.PC10.bed.gz --nominal /data/unige/funpopgen/grey2/SYSCID/BLUEPRINT_DATA/CRD/THREE_CELL_TYPES/CLOMICS/CELL_TYPE_COMPARISON_GENE_CRD_ASSOCIATIONS/mapping_aCRD_gene/72_vs_73/gene_CRD_mean_permutations.thresholds.txt --chunk 5 100 --out /data/unige/funpopgen/grey2/SYSCID/BLUEPRINT_DATA/CRD/THREE_CELL_TYPES/CLOMICS/CELL_TYPE_COMPARISON_GENE_CRD_ASSOCIATIONS/mapping_aCRD_gene/72_vs_73/mapping_gene_CRD_mean_chunk5\.txt

------------------------------------------------------------

Successfully completed.

Resource usage summary:

    CPU time :               1.60 sec.
    Max Memory :             2.88 MB
    Average Memory :         2.88 MB
    Total Requested Memory : -
    Delta Memory :           -
    (Delta: the difference between total requested memory and actual max usage.)
    Max Swap :               31 MB

    Max Processes :          1
    Max Threads :            1

The output (if any) follows:


[32mQTLtools[0m
  * Authors : Olivier DELANEAU / Halit ONGEN / Emmanouil DERMITZAKIS
  * Contact : olivier.delaneau@gmail.com / halit.ongen@unige.ch / Emmanouil.Dermitzakis@unige.ch
  * Webpage : https://qtltools.github.io/qtltools/
  * Version : 1.1
  * Date    : 21/03/2019 - 13:43:12
  * Citation: A complete tool set for molecular QTL discovery and analysis, https://doi.org/10.1101/068635

[32mMAPPING QTL IN CIS[0m
  * TASK: Report all nominal associations with p below thresholds in [/data/unige/funpopgen/grey2/SYSCID/BLUEPRINT_DATA/CRD/THREE_CELL_TYPES/CLOMICS/CELL_TYPE_COMPARISON_GENE_CRD_ASSOCIATIONS/mapping_aCRD_gene/72_vs_73/gene_CRD_mean_permutations.thresholds.txt]
  * Linear model: Phe ~ Var
  * Cis-window size is 1000000 bp
  * Chunk = [5/100]

Scanning phenotype data in [/data/unige/funpopgen/grey2/SYSCID/BLUEPRINT_DATA/CRD/THREE_CELL_TYPES/QTL_TOOLS/EGAD00001002674_v3.0/EGAD00001002674_RNA.PC10.bed.gz]
  * 26159 phenotypes included
  * 13004 phenotypes are on the negative strand

Initialize random number generator
  * Built-in seed is 15112011
  * First Integer = 30554
  * First Double = 0.0126695

Reading sample list from [/data/unige/funpopgen/grey2/SYSCID/BLUEPRINT_DATA/CRD/THREE_CELL_TYPES/QTL_TOOLS/EGAD00001002674_v3.0/EGAD00001002674_RNA.PC10.bed.gz]
  * #samples = 194

Reading sample list from [/data/unige/funpopgen/grey2/SYSCID/BLUEPRINT_DATA/CRD/THREE_CELL_TYPES/CLOMICS/CELL_TYPE_COMPARISON_GENE_CRD_ASSOCIATIONS/quantify/72_vs_73_ALL.ALLchr.mean.txt.gz]
  * #samples = 160

Merging sample sets from all input files
  * #files = 2
  * #samples in all files = 158
  * #samples NOT in all files (i.e. ignored) = 38

Reading phenotype data in [/data/unige/funpopgen/grey2/SYSCID/BLUEPRINT_DATA/CRD/THREE_CELL_TYPES/QTL_TOOLS/EGAD00001002674_v3.0/EGAD00001002674_RNA.PC10.bed.gz]
  * target region [13:19801572-48894611]
  * 226 phenotypes included
  * 120 phenotypes are on the negative strand

Reading genotype data in [/data/unige/funpopgen/grey2/SYSCID/BLUEPRINT_DATA/CRD/THREE_CELL_TYPES/CLOMICS/CELL_TYPE_COMPARISON_GENE_CRD_ASSOCIATIONS/quantify/72_vs_73_ALL.ALLchr.mean.txt.gz]
  * File format detected: BED
  * 158 samples included
  * 4 samples without phenotype data
  * target region [13:18801572-49894611]
  * 49 variants included

Reading nominal thresholds in [/data/unige/funpopgen/grey2/SYSCID/BLUEPRINT_DATA/CRD/THREE_CELL_TYPES/CLOMICS/CELL_TYPE_COMPARISON_GENE_CRD_ASSOCIATIONS/mapping_aCRD_gene/72_vs_73/gene_CRD_mean_permutations.thresholds.txt]
  * #phenotypes set = 226

Processing phenotype [ENSG00000227879.2] [1/226]
  * #variants in cis = 2
  * Best hit: [id=13_internal_3747, d=-634207, pv=0.261141, s=0.0902]

Processing phenotype [ENSG00000224976.2] [2/226]
  * #variants in cis = 2
  * Best hit: [id=13_internal_3747, d=512502, pv=0.174718, s=0.1079]

Processing phenotype [ENSG00000196199.8] [3/226]
  * #variants in cis = 4
  * Best hit: [id=13_internal_5983, d=484480, pv=0.0563735, s=0.1560]

Processing phenotype [ENSG00000257110.1] [4/226]
  * #variants in cis = 4
  * Best hit: [id=13_internal_4607, d=-848159, pv=0.0111869, s=0.2000]

Processing phenotype [ENSG00000226352.2] [5/226]
  * #variants in cis = 4
  * Best hit: [id=13_internal_3747, d=187015, pv=0.221921, s=0.0981]

Processing phenotype [ENSG00000237644.1] [6/226]
  * #variants in cis = 4
  * Best hit: [id=13_internal_4607, d=842526, pv=0.185649, s=0.1060]

Processing phenotype [ENSG00000269591.1] [7/226]
  * #variants in cis = 4
  * Best hit: [id=13_internal_4215, d=830555, pv=0.113763, s=0.1267]

Processing phenotype [ENSG00000265624.1] [8/226]
  * #variants in cis = 4
  * Best hit: [id=13_internal_4215, d=-787708, pv=0.282736, s=-0.0849]

Processing phenotype [ENSG00000121390.13] [9/226]
  * #variants in cis = 4
  * Best hit: [id=13_internal_4215, d=-741960, pv=0.454768, s=-0.0603]

Processing phenotype [ENSG00000233469.1] [10/226]
  * #variants in cis = 4
  * Best hit: [id=13_internal_4215, d=-706343, pv=0.368044, s=0.0712]

Processing phenotype [ENSG00000223576.1] [11/226]
  * #variants in cis = 4
  * Best hit: [id=13_internal_4607, d=678080, pv=0.131705, s=0.1218]

Processing phenotype [ENSG00000132950.14] [12/226]
  * #variants in cis = 4
  * Best hit: [id=13_internal_3747, d=0, pv=0.130609, s=0.1226]

Processing phenotype [ENSG00000121741.10] [13/226]
  * #variants in cis = 4
  * Best hit: [id=13_internal_5983, d=159458, pv=0.00872086, s=0.2117]

Processing phenotype [ENSG00000237672.1] [14/226]
  * #variants in cis = 4
  * Best hit: [id=13_internal_4607, d=-449080, pv=0.11341, s=0.1317]

Processing phenotype [ENSG00000230625.1] [15/226]
  * #variants in cis = 4
  * Best hit: [id=13_internal_4607, d=443691, pv=0.165587, s=0.1086]

Processing phenotype [ENSG00000165474.5] [16/226]
  * #variants in cis = 4
  * Best hit: [id=13_internal_5983, d=55517, pv=0.0567112, s=0.1446]

Processing phenotype [ENSG00000121742.11] [17/226]
  * #variants in cis = 4
  * Best hit: [id=13_internal_4607, d=-288822, pv=0.0823001, s=-0.1313]

Processing phenotype [ENSG00000165475.9] [18/226]
  * #variants in cis = 4
  * Best hit: [id=13_internal_4215, d=0, pv=0.0011172, s=0.2497]

Processing phenotype [ENSG00000032742.13] [19/226]
  * #variants in cis = 4
  * Best hit: [id=13_internal_4215, d=0, pv=2.84931e-05, s=0.3283]

Processing phenotype [ENSG00000238286.1] [20/226]
  * #variants in cis = 4
  * Best hit: [id=13_internal_4215, d=-38622, pv=0.00124195, s=0.2548]

Processing phenotype [ENSG00000222726.1] [21/226]
  * #variants in cis = 4
  * Best hit: [id=13_internal_4215, d=-43515, pv=0.18686, s=0.1045]

Processing phenotype [ENSG00000172458.4] [22/226]
  * #variants in cis = 5
  * Best hit: [id=13_internal_3747, d=-739658, pv=0.235173, s=-0.0936]

Processing phenotype [ENSG00000150456.5] [23/226]
  * #variants in cis = 5
  * Best hit: [id=13_internal_3747, d=811489, pv=0.139342, s=0.1147]

Processing phenotype [ENSG00000132953.12] [24/226]
  * #variants in cis = 5
  * Best hit: [id=13_internal_4607, d=334113, pv=0.0197166, s=0.1798]

Processing phenotype [ENSG00000213621.3] [25/226]
  * #variants in cis = 5
  * Best hit: [id=13_internal_4607, d=-392375, pv=0.152722, s=-0.1109]

Processing phenotype [ENSG00000251902.1] [26/226]
  * #variants in cis = 4
  * Best hit: [id=13_internal_4163, d=-669747, pv=0.0440483, s=-0.1561]

Processing phenotype [ENSG00000233851.1] [27/226]
  * #variants in cis = 4
  * Best hit: [id=13_internal_4607, d=-436222, pv=0.142854, s=0.1146]

Processing phenotype [ENSG00000201821.1] [28/226]
  * #variants in cis = 4
  * Best hit: [id=13_internal_5983, d=901286, pv=0.125572, s=0.1235]

Processing phenotype [ENSG00000150457.6] [29/226]
  * #variants in cis = 4
  * Best hit: [id=13_internal_4607, d=492644, pv=0.214507, s=-0.0962]

Processing phenotype [ENSG00000252128.1] [30/226]
  * #variants in cis = 3
  * Best hit: [id=13_internal_4163, d=-529257, pv=0.0155926, s=0.1976]

Processing phenotype [ENSG00000150459.6] [31/226]
  * #variants in cis = 3
  * Best hit: [id=13_internal_4607, d=-571579, pv=0.146184, s=-0.1157]

Processing phenotype [ENSG00000263607.1] [32/226]
  * #variants in cis = 3
  * Best hit: [id=13_internal_4163, d=-526724, pv=0.0344886, s=0.1739]

Processing phenotype [ENSG00000165480.11] [33/226]
  * #variants in cis = 3
  * Best hit: [id=13_internal_4215, d=607956, pv=0.386314, s=0.0713]

Processing phenotype [ENSG00000173141.4] [34/226]
  * #variants in cis = 3
  * Best hit: [id=13_internal_4607, d=-607710, pv=0.254092, s=-0.0921]

Processing phenotype [ENSG00000244054.1] [35/226]
  * #variants in cis = 3
  * Best hit: [id=13_internal_4215, d=-729493, pv=0.0155672, s=0.1898]

Processing phenotype [ENSG00000233325.2] [36/226]
  * #variants in cis = 3
  * Best hit: [id=13_internal_4163, d=370955, pv=0.15033, s=-0.1120]

Processing phenotype [ENSG00000215571.4] [37/226]
  * #variants in cis = 3
  * Best hit: [id=13_internal_4607, d=-750157, pv=0.217421, s=-0.0956]

Processing phenotype [ENSG00000224429.1] [38/226]
  * #variants in cis = 3
  * Best hit: [id=13_internal_4607, d=779786, pv=0.175962, s=-0.1054]

Processing phenotype [ENSG00000235076.2] [39/226]
  * #variants in cis = 3
  * Best hit: [id=13_internal_4607, d=-789438, pv=0.358827, s=-0.0779]

Processing phenotype [ENSG00000215570.2] [40/226]
  * #variants in cis = 3
  * Best hit: [id=13_internal_4607, d=806276, pv=0.538688, s=-0.0481]

Processing phenotype [ENSG00000236953.1] [41/226]
  * #variants in cis = 3
  * Best hit: [id=13_internal_4607, d=808939, pv=0.226996, s=0.0980]

Processing phenotype [ENSG00000180776.11] [42/226]
  * #variants in cis = 3
  * Best hit: [id=13_internal_4163, d=-209844, pv=0.553316, s=-0.0477]

Processing phenotype [ENSG00000238878.1] [43/226]
  * #variants in cis = 3
  * Best hit: [id=13_internal_4607, d=958965, pv=0.294983, s=-0.0857]

Processing phenotype [ENSG00000230022.1] [44/226]
  * #variants in cis = 3
  * Best hit: [id=13_internal_4607, d=-961755, pv=0.220666, s=0.0948]

Processing phenotype [ENSG00000207518.1] [45/226]
  * #variants in cis = 3
  * Best hit: [id=13_internal_4215, d=982764, pv=0.246, s=-0.0963]

Processing phenotype [ENSG00000165487.8] [46/226]
  * #variants in cis = 1
  * Best hit: [id=13_internal_4163, d=-65000, pv=0.236787, s=0.0956]

Processing phenotype [ENSG00000226525.4] [47/226]
  * #variants in cis = 1
  * Best hit: [id=13_internal_4163, d=-40199, pv=0.779126, s=-0.0222]

Processing phenotype [ENSG00000102678.6] [48/226]
  * #variants in cis = 1
  * Best hit: [id=13_internal_4163, d=0, pv=0.00158241, s=0.2443]

Processing phenotype [ENSG00000232163.2] [49/226]
  * #variants in cis = 0

Processing phenotype [ENSG00000151835.9] [50/226]
  * #variants in cis = 0

Processing phenotype [ENSG00000027001.7] [51/226]
  * #variants in cis = 1
  * Best hit: [id=13_internal_4159, d=-708304, pv=0.847161, s=0.0153]

Processing phenotype [ENSG00000182957.9] [52/226]
  * #variants in cis = 1
  * Best hit: [id=13_internal_4159, d=437001, pv=0.3558, s=0.0736]

Processing phenotype [ENSG00000227213.1] [53/226]
  * #variants in cis = 2
  * Best hit: [id=13_internal_4159, d=-343285, pv=0.160919, s=-0.1139]

Processing phenotype [ENSG00000240654.1] [54/226]
  * #variants in cis = 2
  * Best hit: [id=13_internal_4159, d=290558, pv=0.556144, s=0.0461]

Processing phenotype [ENSG00000238179.1] [55/226]
  * #variants in cis = 2
  * Best hit: [id=13_internal_4159, d=178174, pv=0.555579, s=0.0463]

Processing phenotype [ENSG00000102699.5] [56/226]
  * #variants in cis = 2
  * Best hit: [id=13_internal_4272, d=-720062, pv=0.240908, s=0.0951]

Processing phenotype [ENSG00000151849.10] [57/226]
  * #variants in cis = 4
  * Best hit: [id=13_internal_4159, d=295678, pv=0.179259, s=-0.1097]

Processing phenotype [ENSG00000253771.1] [58/226]
  * #variants in cis = 4
  * Best hit: [id=13_internal_4272, d=-264385, pv=0.0367104, s=0.1679]

Processing phenotype [ENSG00000151846.6] [59/226]
  * #variants in cis = 5
  * Best hit: [id=13_internal_4228, d=776945, pv=0.361356, s=-0.0729]

Processing phenotype [ENSG00000221324.1] [60/226]
  * #variants in cis = 5
  * Best hit: [id=13_internal_4272, d=0, pv=0.0492163, s=0.1596]

Processing phenotype [ENSG00000139505.10] [61/226]
  * #variants in cis = 5
  * Best hit: [id=13_internal_4272, d=37988, pv=0.000696728, s=0.2601]

Processing phenotype [ENSG00000260509.1] [62/226]
  * #variants in cis = 5
  * Best hit: [id=13_internal_4228, d=572689, pv=0.0348396, s=0.1673]

Processing phenotype [ENSG00000139496.11] [63/226]
  * #variants in cis = 5
  * Best hit: [id=13_internal_4272, d=-51503, pv=0.158009, s=0.1124]

Processing phenotype [ENSG00000127870.12] [64/226]
  * #variants in cis = 6
  * Best hit: [id=13_internal_5142, d=247518, pv=0.128804, s=-0.1261]

Processing phenotype [ENSG00000132964.6] [65/226]
  * #variants in cis = 5
  * Best hit: [id=13_internal_3783, d=466581, pv=0.0314417, s=0.1662]

Processing phenotype [ENSG00000132970.8] [66/226]
  * #variants in cis = 9
  * Best hit: [id=13_internal_5142, d=-582567, pv=0.0288231, s=0.1762]

Processing phenotype [ENSG00000232162.1] [67/226]
  * #variants in cis = 7
  * Best hit: [id=13_internal_3831, d=314139, pv=0.216445, s=-0.0951]

Processing phenotype [ENSG00000152484.9] [68/226]
  * #variants in cis = 7
  * Best hit: [id=13_internal_3916, d=-251806, pv=0.026493, s=0.1780]

Processing phenotype [ENSG00000230641.1] [69/226]
  * #variants in cis = 7
  * Best hit: [id=13_internal_4260, d=-687966, pv=0.130924, s=-0.1190]

Processing phenotype [ENSG00000234772.1] [70/226]
  * #variants in cis = 7
  * Best hit: [id=13_internal_4074, d=-28610, pv=0.133957, s=0.1224]

Processing phenotype [ENSG00000122026.6] [71/226]
  * #variants in cis = 7
  * Best hit: [id=13_internal_4074, d=14112, pv=0.0133673, s=0.1877]

Processing phenotype [ENSG00000207500.1] [72/226]
  * #variants in cis = 7
  * Best hit: [id=13_internal_3977, d=346721, pv=0.260369, s=-0.0901]

Processing phenotype [ENSG00000207051.1] [73/226]
  * #variants in cis = 7
  * Best hit: [id=13_internal_4445, d=2554, pv=0.0551384, s=0.1518]

Processing phenotype [ENSG00000122035.6] [74/226]
  * #variants in cis = 7
  * Best hit: [id=13_internal_4445, d=0, pv=1.39264e-08, s=0.4255]

Processing phenotype [ENSG00000122034.8] [75/226]
  * #variants in cis = 7
  * Best hit: [id=13_internal_4074, d=-117114, pv=0.00876612, s=-0.2046]

Processing phenotype [ENSG00000203602.1] [76/226]
  * #variants in cis = 7
  * Best hit: [id=13_internal_4445, d=130533, pv=0.00208165, s=-0.2406]

Processing phenotype [ENSG00000122033.9] [77/226]
  * #variants in cis = 7
  * Best hit: [id=13_internal_4445, d=146520, pv=0.018646, s=0.1874]

Processing phenotype [ENSG00000139517.6] [78/226]
  * #variants in cis = 8
  * Best hit: [id=13_internal_3783, d=833428, pv=0.03737, s=-0.1687]

Processing phenotype [ENSG00000186184.11] [79/226]
  * #variants in cis = 8
  * Best hit: [id=13_internal_3831, d=-136500, pv=0.0420968, s=0.1617]

Processing phenotype [ENSG00000180389.6] [80/226]
  * #variants in cis = 8
  * Best hit: [id=13_internal_4018, d=543920, pv=0.00940407, s=0.2135]

Processing phenotype [ENSG00000122025.10] [81/226]
  * #variants in cis = 8
  * Best hit: [id=13_internal_4717, d=-649685, pv=0.0635431, s=-0.1493]

Processing phenotype [ENSG00000261485.1] [82/226]
  * #variants in cis = 8
  * Best hit: [id=13_internal_3977, d=511543, pv=0.0181272, s=-0.1778]

Processing phenotype [ENSG00000152520.9] [83/226]
  * #variants in cis = 8
  * Best hit: [id=13_internal_3916, d=-686229, pv=0.23181, s=-0.0980]

Processing phenotype [ENSG00000232587.1] [84/226]
  * #variants in cis = 8
  * Best hit: [id=13_internal_4445, d=-910431, pv=0.0394356, s=-0.1697]

Processing phenotype [ENSG00000200840.1] [85/226]
  * #variants in cis = 8
  * Best hit: [id=13_internal_4445, d=-928419, pv=0.00584873, s=-0.2171]

Processing phenotype [ENSG00000102755.6] [86/226]
  * #variants in cis = 4
  * Best hit: [id=13_internal_4018, d=0, pv=0.0599447, s=0.1536]

Processing phenotype [ENSG00000235472.1] [87/226]
  * #variants in cis = 4
  * Best hit: [id=13_internal_4717, d=151444, pv=0.444626, s=-0.0607]

Processing phenotype [ENSG00000132963.7] [88/226]
  * #variants in cis = 3
  * Best hit: [id=13_internal_4018, d=-152389, pv=0.218347, s=-0.1019]

Processing phenotype [ENSG00000139508.10] [89/226]
  * #variants in cis = 3
  * Best hit: [id=13_internal_4717, d=-31307, pv=0.0766888, s=0.1440]

Processing phenotype [ENSG00000132938.14] [90/226]
  * #variants in cis = 5
  * Best hit: [id=13_internal_4717, d=-268735, pv=0.438187, s=0.0625]

Processing phenotype [ENSG00000139514.8] [91/226]
  * #variants in cis = 6
  * Best hit: [id=13_internal_3970, d=-328080, pv=0.00780911, s=0.2191]

Processing phenotype [ENSG00000122042.9] [92/226]
  * #variants in cis = 6
  * Best hit: [id=13_internal_3989, d=-517729, pv=0.0487892, s=0.1552]

Processing phenotype [ENSG00000102781.9] [93/226]
  * #variants in cis = 6
  * Best hit: [id=13_internal_3989, d=-60929, pv=0.0016611, s=0.2526]

Processing phenotype [ENSG00000238121.1] [94/226]
  * #variants in cis = 6
  * Best hit: [id=13_internal_3988, d=0, pv=0.0810839, s=0.1401]

Processing phenotype [ENSG00000225039.1] [95/226]
  * #variants in cis = 6
  * Best hit: [id=13_internal_4907, d=-200718, pv=0.0524535, s=-0.1545]

Processing phenotype [ENSG00000224117.1] [96/226]
  * #variants in cis = 6
  * Best hit: [id=13_internal_3988, d=-163339, pv=0.0158372, s=-0.1899]

Processing phenotype [ENSG00000189403.9] [97/226]
  * #variants in cis = 6
  * Best hit: [id=13_internal_4060, d=194075, pv=0.0132116, s=0.1957]

Processing phenotype [ENSG00000132952.7] [98/226]
  * #variants in cis = 6
  * Best hit: [id=13_internal_3988, d=-227362, pv=0.337291, s=0.0757]

Processing phenotype [ENSG00000132965.5] [99/226]
  * #variants in cis = 6
  * Best hit: [id=13_internal_3989, d=-344890, pv=0.16995, s=-0.1107]

Processing phenotype [ENSG00000120694.14] [100/226]
  * #variants in cis = 7
  * Best hit: [id=13_internal_4310, d=-713883, pv=0.0996743, s=0.1343]

Processing phenotype [ENSG00000187676.6] [101/226]
  * #variants in cis = 7
  * Best hit: [id=13_internal_5603, d=828656, pv=0.110833, s=0.1276]

Processing phenotype [ENSG00000229427.1] [102/226]
  * #variants in cis = 7
  * Best hit: [id=13_internal_4310, d=564982, pv=0.715494, s=-0.0292]

Processing phenotype [ENSG00000133105.3] [103/226]
  * #variants in cis = 3
  * Best hit: [id=13_internal_5645, d=60670, pv=2.61075e-12, s=0.5152]

Processing phenotype [ENSG00000229715.4] [104/226]
  * #variants in cis = 5
  * Best hit: [id=13_internal_5645, d=0, pv=0.00384211, s=0.2207]

Processing phenotype [ENSG00000235822.1] [105/226]
  * #variants in cis = 5
  * Best hit: [id=13_internal_5645, d=-53602, pv=0.203416, s=0.1035]

Processing phenotype [ENSG00000073910.14] [106/226]
  * #variants in cis = 5
  * Best hit: [id=13_internal_5645, d=-99217, pv=0.00045751, s=0.2829]

Processing phenotype [ENSG00000237637.1] [107/226]
  * #variants in cis = 5
  * Best hit: [id=13_internal_5603, d=0, pv=0.122469, s=0.1241]

Processing phenotype [ENSG00000230633.1] [108/226]
  * #variants in cis = 5
  * Best hit: [id=13_internal_5603, d=-178513, pv=0.00219598, s=0.2469]

Processing phenotype [ENSG00000189167.6] [109/226]
  * #variants in cis = 5
  * Best hit: [id=13_internal_4310, d=393624, pv=0.284758, s=0.0864]

Processing phenotype [ENSG00000139618.9] [110/226]
  * #variants in cis = 5
  * Best hit: [id=13_internal_4349, d=475621, pv=0.00900156, s=0.2160]

Processing phenotype [ENSG00000215515.2] [111/226]
  * #variants in cis = 5
  * Best hit: [id=13_internal_4349, d=406435, pv=0.155443, s=0.1142]

Processing phenotype [ENSG00000212293.1] [112/226]
  * #variants in cis = 5
  * Best hit: [id=13_internal_3864, d=-362345, pv=0.151161, s=0.1172]

Processing phenotype [ENSG00000139597.11] [113/226]
  * #variants in cis = 5
  * Best hit: [id=13_internal_4349, d=-358141, pv=0.158547, s=-0.1174]

Processing phenotype [ENSG00000229800.1] [114/226]
  * #variants in cis = 5
  * Best hit: [id=13_internal_5645, d=-545191, pv=0.266515, s=0.0917]

Processing phenotype [ENSG00000139617.10] [115/226]
  * #variants in cis = 5
  * Best hit: [id=13_internal_5645, d=548555, pv=0.139892, s=0.1209]

Processing phenotype [ENSG00000230905.1] [116/226]
  * #variants in cis = 5
  * Best hit: [id=13_internal_3864, d=-284369, pv=0.188507, s=0.1068]

Processing phenotype [ENSG00000244754.3] [117/226]
  * #variants in cis = 5
  * Best hit: [id=13_internal_5645, d=606750, pv=0.181598, s=-0.1080]

Processing phenotype [ENSG00000083642.14] [118/226]
  * #variants in cis = 5
  * Best hit: [id=13_internal_5645, d=-654344, pv=0.0050107, s=0.2073]

Processing phenotype [ENSG00000207325.1] [119/226]
  * #variants in cis = 5
  * Best hit: [id=13_internal_3864, d=-19308, pv=0.168172, s=-0.1105]

Processing phenotype [ENSG00000133116.6] [120/226]
  * #variants in cis = 3
  * Best hit: [id=13_internal_3864, d=-223152, pv=0.116418, s=0.1268]

Processing phenotype [ENSG00000236581.2] [121/226]
  * #variants in cis = 2
  * Best hit: [id=13_internal_3864, d=-484635, pv=0.471431, s=-0.0575]

Processing phenotype [ENSG00000249121.1] [122/226]
  * #variants in cis = 2
  * Best hit: [id=13_internal_4349, d=473545, pv=0.391045, s=0.0688]

Processing phenotype [ENSG00000227911.1] [123/226]
  * #variants in cis = 2
  * Best hit: [id=13_internal_4349, d=-521655, pv=0.33125, s=0.0802]

Processing phenotype [ENSG00000133121.15] [124/226]
  * #variants in cis = 2
  * Best hit: [id=13_internal_3864, d=557712, pv=0.586893, s=0.0419]

Processing phenotype [ENSG00000230490.1] [125/226]
  * #variants in cis = 2
  * Best hit: [id=13_internal_4349, d=864577, pv=0.251122, s=0.0956]

Processing phenotype [ENSG00000133119.8] [126/226]
  * #variants in cis = 0

Processing phenotype [ENSG00000252397.1] [127/226]
  * #variants in cis = 0

Processing phenotype [ENSG00000172915.13] [128/226]
  * #variants in cis = 0

Processing phenotype [ENSG00000180660.6] [129/226]
  * #variants in cis = 0

Processing phenotype [ENSG00000120664.6] [130/226]
  * #variants in cis = 1
  * Best hit: [id=13_internal_5344, d=626622, pv=0.0275646, s=-0.1737]

Processing phenotype [ENSG00000133104.7] [131/226]
  * #variants in cis = 1
  * Best hit: [id=13_internal_5344, d=-602873, pv=0.946797, s=-0.0052]

Processing phenotype [ENSG00000133111.3] [132/226]
  * #variants in cis = 1
  * Best hit: [id=13_internal_5344, d=153829, pv=0.975926, s=-0.0024]

Processing phenotype [ENSG00000120693.9] [133/226]
  * #variants in cis = 1
  * Best hit: [id=13_internal_5344, d=-52288, pv=0.287949, s=-0.0865]

Processing phenotype [ENSG00000226161.1] [134/226]
  * #variants in cis = 1
  * Best hit: [id=13_internal_5344, d=-33559, pv=0.637983, s=0.0388]

Processing phenotype [ENSG00000120699.7] [135/226]
  * #variants in cis = 1
  * Best hit: [id=13_internal_5344, d=-19992, pv=0.290586, s=0.0838]

Processing phenotype [ENSG00000120697.4] [136/226]
  * #variants in cis = 1
  * Best hit: [id=13_internal_5344, d=21437, pv=0.504362, s=-0.0529]

Processing phenotype [ENSG00000221100.1] [137/226]
  * #variants in cis = 1
  * Best hit: [id=13_internal_5344, d=55968, pv=0.077755, s=0.1374]

Processing phenotype [ENSG00000102710.14] [138/226]
  * #variants in cis = 1
  * Best hit: [id=13_internal_5344, d=80889, pv=3.66031e-09, s=0.4482]

Processing phenotype [ENSG00000180138.6] [139/226]
  * #variants in cis = 1
  * Best hit: [id=13_internal_5344, d=126842, pv=0.410221, s=0.0638]

Processing phenotype [ENSG00000223685.1] [140/226]
  * #variants in cis = 0

Processing phenotype [ENSG00000120686.7] [141/226]
  * #variants in cis = 0

Processing phenotype [ENSG00000120685.13] [142/226]
  * #variants in cis = 0

Processing phenotype [ENSG00000188811.7] [143/226]
  * #variants in cis = 0

Processing phenotype [ENSG00000183722.7] [144/226]
  * #variants in cis = 3
  * Best hit: [id=13_internal_3719, d=-957959, pv=0.34194, s=0.0749]

Processing phenotype [ENSG00000133103.11] [145/226]
  * #variants in cis = 3
  * Best hit: [id=13_internal_3722, d=530278, pv=0.348441, s=-0.0767]

Processing phenotype [ENSG00000264171.1] [146/226]
  * #variants in cis = 3
  * Best hit: [id=13_internal_3719, d=-897352, pv=0.0496352, s=-0.1562]

Processing phenotype [ENSG00000215483.4] [147/226]
  * #variants in cis = 5
  * Best hit: [id=13_internal_3894, d=271107, pv=0.040238, s=0.1616]

Processing phenotype [ENSG00000269120.1] [148/226]
  * #variants in cis = 7
  * Best hit: [id=13_internal_3926, d=-953395, pv=0.302929, s=0.0821]

Processing phenotype [ENSG00000229456.1] [149/226]
  * #variants in cis = 7
  * Best hit: [id=13_internal_3719, d=0, pv=3.14598e-05, s=0.3187]

Processing phenotype [ENSG00000150907.5] [150/226]
  * #variants in cis = 7
  * Best hit: [id=13_internal_3719, d=1549, pv=2.08865e-14, s=0.5460]

Processing phenotype [ENSG00000102738.6] [151/226]
  * #variants in cis = 7
  * Best hit: [id=13_internal_4059, d=-715990, pv=0.0039208, s=-0.2270]

Processing phenotype [ENSG00000102743.9] [152/226]
  * #variants in cis = 7
  * Best hit: [id=13_internal_3881, d=554179, pv=0.0417201, s=0.1664]

Processing phenotype [ENSG00000207652.1] [153/226]
  * #variants in cis = 7
  * Best hit: [id=13_internal_3926, d=679816, pv=0.00996008, s=0.2044]

Processing phenotype [ENSG00000176268.5] [154/226]
  * #variants in cis = 7
  * Best hit: [id=13_internal_4059, d=-623261, pv=0.106822, s=-0.1334]

Processing phenotype [ENSG00000168852.7] [155/226]
  * #variants in cis = 7
  * Best hit: [id=13_internal_3722, d=711556, pv=0.191891, s=0.1039]

Processing phenotype [ENSG00000239827.2] [156/226]
  * #variants in cis = 7
  * Best hit: [id=13_internal_3881, d=-421817, pv=0.144296, s=0.1156]

Processing phenotype [ENSG00000229473.2] [157/226]
  * #variants in cis = 7
  * Best hit: [id=13_internal_4059, d=-493832, pv=0.279491, s=-0.0873]

Processing phenotype [ENSG00000120688.7] [158/226]
  * #variants in cis = 7
  * Best hit: [id=13_internal_3894, d=-851374, pv=0.230994, s=0.0929]

Processing phenotype [ENSG00000120690.9] [159/226]
  * #variants in cis = 7
  * Best hit: [id=13_internal_4059, d=-425723, pv=0.146518, s=0.1174]

Processing phenotype [ENSG00000244264.2] [160/226]
  * #variants in cis = 7
  * Best hit: [id=13_internal_3881, d=221715, pv=0.0309343, s=-0.1741]

Processing phenotype [ENSG00000165572.6] [161/226]
  * #variants in cis = 7
  * Best hit: [id=13_internal_5579, d=-124750, pv=0.049907, s=-0.1596]

Processing phenotype [ENSG00000215482.2] [162/226]
  * #variants in cis = 7
  * Best hit: [id=13_internal_3881, d=-172443, pv=0.18522, s=-0.1072]

Processing phenotype [ENSG00000120696.8] [163/226]
  * #variants in cis = 7
  * Best hit: [id=13_internal_3926, d=-296016, pv=0.0265286, s=-0.1807]

Processing phenotype [ENSG00000120662.10] [164/226]
  * #variants in cis = 5
  * Best hit: [id=13_internal_3881, d=-79985, pv=0.0929173, s=0.1400]

Processing phenotype [ENSG00000172766.14] [165/226]
  * #variants in cis = 5
  * Best hit: [id=13_internal_5579, d=0, pv=0.00663762, s=0.2174]

Processing phenotype [ENSG00000223280.1] [166/226]
  * #variants in cis = 5
  * Best hit: [id=13_internal_3719, d=689610, pv=0.205421, s=-0.1007]

Processing phenotype [ENSG00000102760.12] [167/226]
  * #variants in cis = 5
  * Best hit: [id=13_internal_5579, d=-91614, pv=0.120008, s=-0.1200]

Processing phenotype [ENSG00000264190.1] [168/226]
  * #variants in cis = 5
  * Best hit: [id=13_internal_3881, d=195498, pv=0.00744149, s=0.2166]

Processing phenotype [ENSG00000241406.2] [169/226]
  * #variants in cis = 4
  * Best hit: [id=13_internal_3881, d=-434780, pv=0.211028, s=-0.1026]

Processing phenotype [ENSG00000229696.1] [170/226]
  * #variants in cis = 4
  * Best hit: [id=13_internal_4059, d=-427740, pv=0.043698, s=0.1692]

Processing phenotype [ENSG00000102763.10] [171/226]
  * #variants in cis = 4
  * Best hit: [id=13_internal_3926, d=457781, pv=0.0909637, s=0.1350]

Processing phenotype [ENSG00000102780.11] [172/226]
  * #variants in cis = 6
  * Best hit: [id=13_internal_3881, d=-667143, pv=0.0341486, s=0.1677]

Processing phenotype [ENSG00000231530.1] [173/226]
  * #variants in cis = 7
  * Best hit: [id=13_internal_5579, d=678302, pv=0.0149351, s=-0.1913]

Processing phenotype [ENSG00000237263.1] [174/226]
  * #variants in cis = 7
  * Best hit: [id=13_internal_3881, d=698196, pv=0.0751084, s=0.1452]

Processing phenotype [ENSG00000023516.7] [175/226]
  * #variants in cis = 7
  * Best hit: [id=13_internal_4059, d=-774295, pv=0.0696731, s=0.1438]

Processing phenotype [ENSG00000226176.1] [176/226]
  * #variants in cis = 7
  * Best hit: [id=13_internal_4217, d=748346, pv=0.0263991, s=0.1834]

Processing phenotype [ENSG00000238025.1] [177/226]
  * #variants in cis = 3
  * Best hit: [id=13_internal_4201, d=42856, pv=1.81598e-07, s=0.3996]

Processing phenotype [ENSG00000133106.10] [178/226]
  * #variants in cis = 3
  * Best hit: [id=13_internal_4201, d=6260, pv=5.77775e-10, s=0.4649]

Processing phenotype [ENSG00000120675.4] [179/226]
  * #variants in cis = 3
  * Best hit: [id=13_internal_4020, d=19214, pv=2.069e-23, s=0.6882]

Processing phenotype [ENSG00000179630.5] [180/226]
  * #variants in cis = 3
  * Best hit: [id=13_internal_4201, d=-893273, pv=0.00557723, s=0.2144]

Processing phenotype [ENSG00000151773.6] [181/226]
  * #variants in cis = 3
  * Best hit: [id=13_internal_4020, d=820631, pv=0.628981, s=0.0395]

Processing phenotype [ENSG00000179611.2] [182/226]
  * #variants in cis = 3
  * Best hit: [id=13_internal_4201, d=-982413, pv=0.729603, s=0.0271]

Processing phenotype [ENSG00000225727.1] [183/226]
  * #variants in cis = 1
  * Best hit: [id=13_internal_4905, d=957651, pv=0.579514, s=0.0437]

Processing phenotype [ENSG00000102804.9] [184/226]
  * #variants in cis = 1
  * Best hit: [id=13_internal_4905, d=-817711, pv=0.269555, s=0.0864]

Processing phenotype [ENSG00000083635.7] [185/226]
  * #variants in cis = 1
  * Best hit: [id=13_internal_4905, d=-405376, pv=0.367243, s=0.0699]

Processing phenotype [ENSG00000133114.12] [186/226]
  * #variants in cis = 1
  * Best hit: [id=13_internal_4905, d=405307, pv=0.0774359, s=0.1436]

Processing phenotype [ENSG00000265802.1] [187/226]
  * #variants in cis = 1
  * Best hit: [id=13_internal_4905, d=392709, pv=0.316206, s=0.0779]

Processing phenotype [ENSG00000188342.7] [188/226]
  * #variants in cis = 1
  * Best hit: [id=13_internal_4905, d=274344, pv=0.123881, s=0.1281]

Processing phenotype [ENSG00000201061.1] [189/226]
  * #variants in cis = 1
  * Best hit: [id=13_internal_4905, d=271766, pv=0.984244, s=-0.0016]

Processing phenotype [ENSG00000252055.1] [190/226]
  * #variants in cis = 1
  * Best hit: [id=13_internal_4905, d=-256894, pv=0.0586365, s=0.1516]

Processing phenotype [ENSG00000180332.5] [191/226]
  * #variants in cis = 1
  * Best hit: [id=13_internal_4905, d=-193819, pv=0.378895, s=0.0729]

Processing phenotype [ENSG00000253051.1] [192/226]
  * #variants in cis = 2
  * Best hit: [id=13_internal_4905, d=-58412, pv=0.149049, s=-0.1095]

Processing phenotype [ENSG00000199477.1] [193/226]
  * #variants in cis = 2
  * Best hit: [id=13_internal_3824, d=-955141, pv=0.340683, s=0.0771]

Processing phenotype [ENSG00000255137.1] [194/226]
  * #variants in cis = 2
  * Best hit: [id=13_internal_3824, d=-955141, pv=0.340683, s=0.0771]

Processing phenotype [ENSG00000170919.9] [195/226]
  * #variants in cis = 2
  * Best hit: [id=13_internal_3824, d=951405, pv=0.410262, s=0.0674]

Processing phenotype [ENSG00000133112.12] [196/226]
  * #variants in cis = 2
  * Best hit: [id=13_internal_3824, d=-951380, pv=0.00944682, s=0.2121]

Processing phenotype [ENSG00000228886.1] [197/226]
  * #variants in cis = 2
  * Best hit: [id=13_internal_3824, d=942427, pv=0.0179901, s=0.1850]

Processing phenotype [ENSG00000214455.3] [198/226]
  * #variants in cis = 3
  * Best hit: [id=13_internal_5488, d=-960597, pv=0.288278, s=0.0862]

Processing phenotype [ENSG00000251015.1] [199/226]
  * #variants in cis = 3
  * Best hit: [id=13_internal_5488, d=933702, pv=0.104976, s=-0.1288]

Processing phenotype [ENSG00000174032.12] [200/226]
  * #variants in cis = 3
  * Best hit: [id=13_internal_3824, d=-874295, pv=0.111705, s=0.1283]

Processing phenotype [ENSG00000136152.10] [201/226]
  * #variants in cis = 3
  * Best hit: [id=13_internal_3824, d=827825, pv=0.301881, s=0.0839]

Processing phenotype [ENSG00000165837.7] [202/226]
  * #variants in cis = 4
  * Best hit: [id=13_internal_4905, d=216115, pv=0.0518726, s=-0.1502]

Processing phenotype [ENSG00000123200.12] [203/226]
  * #variants in cis = 4
  * Best hit: [id=13_internal_3824, d=-239991, pv=0.0601621, s=0.1548]

Processing phenotype [ENSG00000235903.1] [204/226]
  * #variants in cis = 4
  * Best hit: [id=13_internal_5488, d=256971, pv=0.157961, s=-0.1161]

Processing phenotype [ENSG00000080618.9] [205/226]
  * #variants in cis = 4
  * Best hit: [id=13_internal_3824, d=-187674, pv=0.118858, s=-0.1251]

Processing phenotype [ENSG00000240767.2] [206/226]
  * #variants in cis = 4
  * Best hit: [id=13_internal_5092, d=-405312, pv=0.481208, s=0.0571]

Processing phenotype [ENSG00000136167.8] [207/226]
  * #variants in cis = 4
  * Best hit: [id=13_internal_5092, d=-363189, pv=0.159348, s=-0.1064]

Processing phenotype [ENSG00000173988.8] [208/226]
  * #variants in cis = 4
  * Best hit: [id=13_internal_5092, d=363112, pv=0.437284, s=0.0619]

Processing phenotype [ENSG00000261097.1] [209/226]
  * #variants in cis = 4
  * Best hit: [id=13_internal_3824, d=0, pv=0.109339, s=0.1247]

Processing phenotype [ENSG00000223336.1] [210/226]
  * #variants in cis = 4
  * Best hit: [id=13_internal_3824, d=52562, pv=0.366399, s=-0.0710]

Processing phenotype [ENSG00000102445.13] [211/226]
  * #variants in cis = 3
  * Best hit: [id=13_internal_3824, d=116162, pv=0.00281752, s=0.2376]

Processing phenotype [ENSG00000241353.2] [212/226]
  * #variants in cis = 3
  * Best hit: [id=13_internal_3824, d=116162, pv=0.00377957, s=0.2305]

Processing phenotype [ENSG00000136141.9] [213/226]
  * #variants in cis = 3
  * Best hit: [id=13_internal_3824, d=-231140, pv=0.345781, s=-0.0768]

Processing phenotype [ENSG00000139684.8] [214/226]
  * #variants in cis = 3
  * Best hit: [id=13_internal_5488, d=426304, pv=0.0982934, s=-0.1293]

Processing phenotype [ENSG00000234145.1] [215/226]
  * #variants in cis = 3
  * Best hit: [id=13_internal_5518, d=636077, pv=0.114245, s=-0.1246]

Processing phenotype [ENSG00000234689.1] [216/226]
  * #variants in cis = 3
  * Best hit: [id=13_internal_4843, d=-641971, pv=0.554859, s=-0.0462]

Processing phenotype [ENSG00000260388.1] [217/226]
  * #variants in cis = 3
  * Best hit: [id=13_internal_5166, d=-194195, pv=0.273373, s=0.0850]

Processing phenotype [ENSG00000227848.1] [218/226]
  * #variants in cis = 3
  * Best hit: [id=13_internal_5166, d=125427, pv=0.12141, s=0.1229]

Processing phenotype [ENSG00000136159.2] [219/226]
  * #variants in cis = 3
  * Best hit: [id=13_internal_4843, d=511760, pv=0.11062, s=0.1191]

Processing phenotype [ENSG00000136143.8] [220/226]
  * #variants in cis = 3
  * Best hit: [id=13_internal_5518, d=-361547, pv=0.289935, s=-0.0847]

Processing phenotype [ENSG00000229111.1] [221/226]
  * #variants in cis = 3
  * Best hit: [id=13_internal_5518, d=322399, pv=0.217238, s=0.0964]

Processing phenotype [ENSG00000136146.9] [222/226]
  * #variants in cis = 3
  * Best hit: [id=13_internal_5518, d=-304405, pv=0.492917, s=0.0551]

Processing phenotype [ENSG00000136156.7] [223/226]
  * #variants in cis = 3
  * Best hit: [id=13_internal_5166, d=0, pv=2.8793e-06, s=0.3511]

Processing phenotype [ENSG00000231473.2] [224/226]
  * #variants in cis = 3
  * Best hit: [id=13_internal_4843, d=-245666, pv=0.197746, s=-0.0986]

Processing phenotype [ENSG00000139687.9] [225/226]
  * #variants in cis = 3
  * Best hit: [id=13_internal_5518, d=95785, pv=0.0319229, s=0.1725]

Processing phenotype [ENSG00000238086.4] [226/226]
  * #variants in cis = 3
  * Best hit: [id=13_internal_5518, d=-79061, pv=0.448799, s=0.0600]

Running time: 1 seconds
