Sender: LSF System <lsfadmin@cpt09>
Subject: Job 974521: </data/unige/funpopgen/odelanea/SGX/V2/binaries/qtltools/bin/QTLtools cis --vcf /data/unige/funpopgen/grey2/SYSCID/BLUEPRINT_DATA/CRD/THREE_CELL_TYPES/CLOMICS/CELL_TYPE_COMPARISON_GENE_CRD_ASSOCIATIONS/quantify/72_vs_73_ALL.ALLchr.mean.txt.gz --bed /data/unige/funpopgen/grey2/SYSCID/BLUEPRINT_DATA/CRD/THREE_CELL_TYPES/QTL_TOOLS/EGAD00001002674_v3.0/EGAD00001002674_RNA.PC10.bed.gz --nominal /data/unige/funpopgen/grey2/SYSCID/BLUEPRINT_DATA/CRD/THREE_CELL_TYPES/CLOMICS/CELL_TYPE_COMPARISON_GENE_CRD_ASSOCIATIONS/mapping_aCRD_gene/72_vs_73/gene_CRD_mean_permutations.thresholds.txt --chunk 100 100 --out /data/unige/funpopgen/grey2/SYSCID/BLUEPRINT_DATA/CRD/THREE_CELL_TYPES/CLOMICS/CELL_TYPE_COMPARISON_GENE_CRD_ASSOCIATIONS/mapping_aCRD_gene/72_vs_73/mapping_gene_CRD_mean_chunk100\.txt> in cluster <ug> Done

Job </data/unige/funpopgen/odelanea/SGX/V2/binaries/qtltools/bin/QTLtools cis --vcf /data/unige/funpopgen/grey2/SYSCID/BLUEPRINT_DATA/CRD/THREE_CELL_TYPES/CLOMICS/CELL_TYPE_COMPARISON_GENE_CRD_ASSOCIATIONS/quantify/72_vs_73_ALL.ALLchr.mean.txt.gz --bed /data/unige/funpopgen/grey2/SYSCID/BLUEPRINT_DATA/CRD/THREE_CELL_TYPES/QTL_TOOLS/EGAD00001002674_v3.0/EGAD00001002674_RNA.PC10.bed.gz --nominal /data/unige/funpopgen/grey2/SYSCID/BLUEPRINT_DATA/CRD/THREE_CELL_TYPES/CLOMICS/CELL_TYPE_COMPARISON_GENE_CRD_ASSOCIATIONS/mapping_aCRD_gene/72_vs_73/gene_CRD_mean_permutations.thresholds.txt --chunk 100 100 --out /data/unige/funpopgen/grey2/SYSCID/BLUEPRINT_DATA/CRD/THREE_CELL_TYPES/CLOMICS/CELL_TYPE_COMPARISON_GENE_CRD_ASSOCIATIONS/mapping_aCRD_gene/72_vs_73/mapping_gene_CRD_mean_chunk100\.txt> was submitted from host <cpt01> by user <grey2> in cluster <ug>.
Job was executed on host(s) <cpt09>, in queue <normal>, as user <grey2> in cluster <ug>.
</home/grey2> was used as the home directory.
</data/unige/funpopgen/grey2/SYSCID/BLUEPRINT_DATA/CRD/THREE_CELL_TYPES/CLOMICS/CELL_TYPE_COMPARISON_GENE_CRD_ASSOCIATIONS> was used as the working directory.
Started at Thu Mar 21 13:44:49 2019
Results reported at Thu Mar 21 13:44:54 2019

Your job looked like:

------------------------------------------------------------
# LSBATCH: User input
/data/unige/funpopgen/odelanea/SGX/V2/binaries/qtltools/bin/QTLtools cis --vcf /data/unige/funpopgen/grey2/SYSCID/BLUEPRINT_DATA/CRD/THREE_CELL_TYPES/CLOMICS/CELL_TYPE_COMPARISON_GENE_CRD_ASSOCIATIONS/quantify/72_vs_73_ALL.ALLchr.mean.txt.gz --bed /data/unige/funpopgen/grey2/SYSCID/BLUEPRINT_DATA/CRD/THREE_CELL_TYPES/QTL_TOOLS/EGAD00001002674_v3.0/EGAD00001002674_RNA.PC10.bed.gz --nominal /data/unige/funpopgen/grey2/SYSCID/BLUEPRINT_DATA/CRD/THREE_CELL_TYPES/CLOMICS/CELL_TYPE_COMPARISON_GENE_CRD_ASSOCIATIONS/mapping_aCRD_gene/72_vs_73/gene_CRD_mean_permutations.thresholds.txt --chunk 100 100 --out /data/unige/funpopgen/grey2/SYSCID/BLUEPRINT_DATA/CRD/THREE_CELL_TYPES/CLOMICS/CELL_TYPE_COMPARISON_GENE_CRD_ASSOCIATIONS/mapping_aCRD_gene/72_vs_73/mapping_gene_CRD_mean_chunk100\.txt

------------------------------------------------------------

Successfully completed.

Resource usage summary:

    CPU time :               1.65 sec.
    Max Memory :             3.16 MB
    Average Memory :         3.16 MB
    Total Requested Memory : -
    Delta Memory :           -
    (Delta: the difference between total requested memory and actual max usage.)
    Max Swap :               32 MB

    Max Processes :          1
    Max Threads :            1

The output (if any) follows:


[32mQTLtools[0m
  * Authors : Olivier DELANEAU / Halit ONGEN / Emmanouil DERMITZAKIS
  * Contact : olivier.delaneau@gmail.com / halit.ongen@unige.ch / Emmanouil.Dermitzakis@unige.ch
  * Webpage : https://qtltools.github.io/qtltools/
  * Version : 1.1
  * Date    : 21/03/2019 - 13:44:52
  * Citation: A complete tool set for molecular QTL discovery and analysis, https://doi.org/10.1101/068635

[32mMAPPING QTL IN CIS[0m
  * TASK: Report all nominal associations with p below thresholds in [/data/unige/funpopgen/grey2/SYSCID/BLUEPRINT_DATA/CRD/THREE_CELL_TYPES/CLOMICS/CELL_TYPE_COMPARISON_GENE_CRD_ASSOCIATIONS/mapping_aCRD_gene/72_vs_73/gene_CRD_mean_permutations.thresholds.txt]
  * Linear model: Phe ~ Var
  * Cis-window size is 1000000 bp
  * Chunk = [100/100]

Scanning phenotype data in [/data/unige/funpopgen/grey2/SYSCID/BLUEPRINT_DATA/CRD/THREE_CELL_TYPES/QTL_TOOLS/EGAD00001002674_v3.0/EGAD00001002674_RNA.PC10.bed.gz]
  * 26159 phenotypes included
  * 13004 phenotypes are on the negative strand

Initialize random number generator
  * Built-in seed is 15112011
  * First Integer = 30554
  * First Double = 0.0126695

Reading sample list from [/data/unige/funpopgen/grey2/SYSCID/BLUEPRINT_DATA/CRD/THREE_CELL_TYPES/QTL_TOOLS/EGAD00001002674_v3.0/EGAD00001002674_RNA.PC10.bed.gz]
  * #samples = 194

Reading sample list from [/data/unige/funpopgen/grey2/SYSCID/BLUEPRINT_DATA/CRD/THREE_CELL_TYPES/CLOMICS/CELL_TYPE_COMPARISON_GENE_CRD_ASSOCIATIONS/quantify/72_vs_73_ALL.ALLchr.mean.txt.gz]
  * #samples = 160

Merging sample sets from all input files
  * #files = 2
  * #samples in all files = 158
  * #samples NOT in all files (i.e. ignored) = 38

Reading phenotype data in [/data/unige/funpopgen/grey2/SYSCID/BLUEPRINT_DATA/CRD/THREE_CELL_TYPES/QTL_TOOLS/EGAD00001002674_v3.0/EGAD00001002674_RNA.PC10.bed.gz]
  * target region [11:60102304-65082289]
  * 186 phenotypes included
  * 97 phenotypes are on the negative strand

Reading genotype data in [/data/unige/funpopgen/grey2/SYSCID/BLUEPRINT_DATA/CRD/THREE_CELL_TYPES/CLOMICS/CELL_TYPE_COMPARISON_GENE_CRD_ASSOCIATIONS/quantify/72_vs_73_ALL.ALLchr.mean.txt.gz]
  * File format detected: BED
  * 158 samples included
  * 4 samples without phenotype data
  * target region [11:59102304-66082289]
  * 38 variants included

Reading nominal thresholds in [/data/unige/funpopgen/grey2/SYSCID/BLUEPRINT_DATA/CRD/THREE_CELL_TYPES/CLOMICS/CELL_TYPE_COMPARISON_GENE_CRD_ASSOCIATIONS/mapping_aCRD_gene/72_vs_73/gene_CRD_mean_permutations.thresholds.txt]
  * #phenotypes set = 186

Processing phenotype [ENSG00000166926.4] [1/186]
  * #variants in cis = 9
  * Best hit: [id=11_internal_8512, d=-515180, pv=0.0289866, s=-0.1766]

Processing phenotype [ENSG00000166927.7] [2/186]
  * #variants in cis = 10
  * Best hit: [id=11_internal_8890, d=974665, pv=0.0525794, s=0.1526]

Processing phenotype [ENSG00000166928.6] [3/186]
  * #variants in cis = 10
  * Best hit: [id=11_internal_8512, d=-558879, pv=0.036955, s=-0.1643]

Processing phenotype [ENSG00000156738.13] [4/186]
  * #variants in cis = 10
  * Best hit: [id=11_internal_8833, d=658974, pv=0.0589988, s=0.1494]

Processing phenotype [ENSG00000110104.6] [5/186]
  * #variants in cis = 9
  * Best hit: [id=11_internal_7577, d=61489, pv=0.0384342, s=0.1666]

Processing phenotype [ENSG00000255959.1] [6/186]
  * #variants in cis = 9
  * Best hit: [id=11_internal_8890, d=-510182, pv=0.0170335, s=-0.1905]

Processing phenotype [ENSG00000256813.1] [7/186]
  * #variants in cis = 9
  * Best hit: [id=11_internal_8890, d=-502066, pv=0.0141367, s=0.1976]

Processing phenotype [ENSG00000183134.4] [8/186]
  * #variants in cis = 9
  * Best hit: [id=11_internal_8890, d=-497176, pv=0.029822, s=0.1762]

Processing phenotype [ENSG00000149506.6] [9/186]
  * #variants in cis = 9
  * Best hit: [id=11_internal_8833, d=247164, pv=0.0240794, s=0.1804]

Processing phenotype [ENSG00000110107.4] [10/186]
  * #variants in cis = 10
  * Best hit: [id=11_internal_8170, d=-63456, pv=0.0295797, s=0.1847]

Processing phenotype [ENSG00000257052.1] [11/186]
  * #variants in cis = 10
  * Best hit: [id=11_internal_8170, d=63255, pv=0.0376042, s=0.1702]

Processing phenotype [ENSG00000110108.4] [12/186]
  * #variants in cis = 10
  * Best hit: [id=11_internal_7944, d=900655, pv=0.105258, s=-0.1278]

Processing phenotype [ENSG00000006118.10] [13/186]
  * #variants in cis = 10
  * Best hit: [id=11_internal_7577, d=-8321, pv=0.00235532, s=0.2409]

Processing phenotype [ENSG00000256196.1] [14/186]
  * #variants in cis = 10
  * Best hit: [id=11_internal_7577, d=9255, pv=0.0267022, s=0.1769]

Processing phenotype [ENSG00000110446.5] [15/186]
  * #variants in cis = 10
  * Best hit: [id=11_internal_8890, d=-400618, pv=0.184851, s=0.1050]

Processing phenotype [ENSG00000013725.10] [16/186]
  * #variants in cis = 10
  * Best hit: [id=11_internal_7642, d=0, pv=2.44059e-05, s=0.3324]

Processing phenotype [ENSG00000256733.1] [17/186]
  * #variants in cis = 10
  * Best hit: [id=11_internal_10233, d=0, pv=0.0282925, s=0.1745]

Processing phenotype [ENSG00000110448.6] [18/186]
  * #variants in cis = 10
  * Best hit: [id=11_internal_10233, d=0, pv=2.28452e-05, s=0.3384]

Processing phenotype [ENSG00000167987.6] [19/186]
  * #variants in cis = 10
  * Best hit: [id=11_internal_8833, d=30132, pv=0.0166457, s=0.1859]

Processing phenotype [ENSG00000229183.4] [20/186]
  * #variants in cis = 9
  * Best hit: [id=11_internal_10233, d=-100095, pv=0.0823136, s=0.1393]

Processing phenotype [ENSG00000256713.2] [21/186]
  * #variants in cis = 9
  * Best hit: [id=11_internal_7577, d=-324900, pv=0.113187, s=-0.1308]

Processing phenotype [ENSG00000167992.8] [22/186]
  * #variants in cis = 9
  * Best hit: [id=11_internal_8170, d=265320, pv=0.16517, s=0.1088]

Processing phenotype [ENSG00000149476.10] [23/186]
  * #variants in cis = 9
  * Best hit: [id=11_internal_7577, d=-417068, pv=0.173618, s=0.1060]

Processing phenotype [ENSG00000167986.9] [24/186]
  * #variants in cis = 9
  * Best hit: [id=11_internal_8890, d=-10552, pv=0.171061, s=0.1064]

Processing phenotype [ENSG00000149483.6] [25/186]
  * #variants in cis = 9
  * Best hit: [id=11_internal_8833, d=-230516, pv=0.329518, s=0.0757]

Processing phenotype [ENSG00000162144.4] [26/186]
  * #variants in cis = 9
  * Best hit: [id=11_internal_10485, d=268476, pv=0.19614, s=0.1000]

Processing phenotype [ENSG00000187049.5] [27/186]
  * #variants in cis = 9
  * Best hit: [id=11_internal_8775, d=498921, pv=0.0755358, s=-0.1371]

Processing phenotype [ENSG00000256591.1] [28/186]
  * #variants in cis = 10
  * Best hit: [id=11_internal_8775, d=461388, pv=0.0767558, s=-0.1372]

Processing phenotype [ENSG00000149532.11] [29/186]
  * #variants in cis = 10
  * Best hit: [id=11_internal_8833, d=298546, pv=0.112965, s=-0.1284]

Processing phenotype [ENSG00000167985.2] [30/186]
  * #variants in cis = 10
  * Best hit: [id=11_internal_8775, d=460566, pv=0.0322275, s=-0.1721]

Processing phenotype [ENSG00000240823.2] [31/186]
  * #variants in cis = 10
  * Best hit: [id=11_internal_10485, d=-350307, pv=0.0830338, s=0.1427]

Processing phenotype [ENSG00000162148.6] [32/186]
  * #variants in cis = 10
  * Best hit: [id=11_internal_8890, d=-116615, pv=0.0912713, s=0.1298]

Processing phenotype [ENSG00000134780.5] [33/186]
  * #variants in cis = 13
  * Best hit: [id=11_internal_7922, d=909354, pv=0.0199756, s=-0.1799]

Processing phenotype [ENSG00000124920.9] [34/186]
  * #variants in cis = 14
  * Best hit: [id=11_internal_7944, d=61887, pv=2.23145e-05, s=0.3332]

Processing phenotype [ENSG00000124915.6] [35/186]
  * #variants in cis = 14
  * Best hit: [id=11_internal_10427, d=-641618, pv=0.0698699, s=0.1455]

Processing phenotype [ENSG00000256428.1] [36/186]
  * #variants in cis = 14
  * Best hit: [id=11_internal_10485, d=696780, pv=0.0448269, s=0.1556]

Processing phenotype [ENSG00000207601.1] [37/186]
  * #variants in cis = 14
  * Best hit: [id=11_internal_8170, d=762457, pv=0.479391, s=0.0581]

Processing phenotype [ENSG00000168496.3] [38/186]
  * #variants in cis = 14
  * Best hit: [id=11_internal_7642, d=-678764, pv=0.0583552, s=0.1499]

Processing phenotype [ENSG00000134825.8] [39/186]
  * #variants in cis = 14
  * Best hit: [id=11_internal_7944, d=-21727, pv=0.0244364, s=0.1738]

Processing phenotype [ENSG00000134824.9] [40/186]
  * #variants in cis = 14
  * Best hit: [id=11_internal_7944, d=21549, pv=1.7888e-25, s=0.6777]

Processing phenotype [ENSG00000256914.1] [41/186]
  * #variants in cis = 14
  * Best hit: [id=11_internal_7944, d=0, pv=0.00563158, s=0.2208]

Processing phenotype [ENSG00000149485.11] [42/186]
  * #variants in cis = 14
  * Best hit: [id=11_internal_7944, d=0, pv=3.69761e-14, s=0.5578]

Processing phenotype [ENSG00000221968.4] [43/186]
  * #variants in cis = 14
  * Best hit: [id=11_internal_10427, d=-507222, pv=0.00625016, s=-0.2201]

Processing phenotype [ENSG00000167995.11] [44/186]
  * #variants in cis = 13
  * Best hit: [id=11_internal_7922, d=639966, pv=0.0028255, s=-0.2346]

Processing phenotype [ENSG00000167996.11] [45/186]
  * #variants in cis = 13
  * Best hit: [id=11_internal_7922, d=-622127, pv=0.00262336, s=-0.2347]

Processing phenotype [ENSG00000269089.1] [46/186]
  * #variants in cis = 13
  * Best hit: [id=11_internal_7922, d=621806, pv=0.0616159, s=-0.1461]

Processing phenotype [ENSG00000149503.8] [47/186]
  * #variants in cis = 9
  * Best hit: [id=11_internal_8890, d=-759468, pv=0.0217414, s=0.1850]

Processing phenotype [ENSG00000162174.8] [48/186]
  * #variants in cis = 8
  * Best hit: [id=11_internal_10427, d=61825, pv=0.0206167, s=-0.1892]

Processing phenotype [ENSG00000255118.1] [49/186]
  * #variants in cis = 8
  * Best hit: [id=11_internal_8890, d=973585, pv=0.0412073, s=-0.1631]

Processing phenotype [ENSG00000254454.2] [50/186]
  * #variants in cis = 7
  * Best hit: [id=11_internal_8775, d=-288869, pv=0.0242802, s=0.1763]

Processing phenotype [ENSG00000255126.1] [51/186]
  * #variants in cis = 7
  * Best hit: [id=11_internal_8775, d=311095, pv=0.0224845, s=0.1829]

Processing phenotype [ENSG00000149021.2] [52/186]
  * #variants in cis = 7
  * Best hit: [id=11_internal_10427, d=0, pv=3.65899e-07, s=0.4029]

Processing phenotype [ENSG00000255446.1] [53/186]
  * #variants in cis = 7
  * Best hit: [id=11_internal_10427, d=0, pv=3.81392e-11, s=0.5047]

Processing phenotype [ENSG00000238861.1] [54/186]
  * #variants in cis = 7
  * Best hit: [id=11_internal_8389, d=264837, pv=0.0015569, s=-0.2499]

Processing phenotype [ENSG00000250659.2] [55/186]
  * #variants in cis = 8
  * Best hit: [id=11_internal_10427, d=-90419, pv=0.252717, s=-0.0916]

Processing phenotype [ENSG00000257058.1] [56/186]
  * #variants in cis = 8
  * Best hit: [id=11_internal_8389, d=182473, pv=0.0739312, s=-0.1431]

Processing phenotype [ENSG00000124942.8] [57/186]
  * #variants in cis = 8
  * Best hit: [id=11_internal_10427, d=109354, pv=0.06031, s=0.1464]

Processing phenotype [ENSG00000254772.5] [58/186]
  * #variants in cis = 8
  * Best hit: [id=11_internal_7922, d=-14858, pv=0.111901, s=-0.1206]

Processing phenotype [ENSG00000255508.3] [59/186]
  * #variants in cis = 8
  * Best hit: [id=11_internal_7922, d=0, pv=0.111991, s=-0.1203]

Processing phenotype [ENSG00000149016.11] [60/186]
  * #variants in cis = 8
  * Best hit: [id=11_internal_8389, d=-136295, pv=0.0513066, s=0.1482]

Processing phenotype [ENSG00000149480.2] [61/186]
  * #variants in cis = 8
  * Best hit: [id=11_internal_7922, d=0, pv=0.206456, s=0.0978]

Processing phenotype [ENSG00000254964.1] [62/186]
  * #variants in cis = 8
  * Best hit: [id=11_internal_7944, d=-769069, pv=0.338962, s=0.0749]

Processing phenotype [ENSG00000149489.4] [63/186]
  * #variants in cis = 8
  * Best hit: [id=11_internal_7759, d=52458, pv=0.00550304, s=0.2191]

Processing phenotype [ENSG00000149499.6] [64/186]
  * #variants in cis = 8
  * Best hit: [id=11_internal_7759, d=-51415, pv=0.275421, s=-0.0890]

Processing phenotype [ENSG00000149541.5] [65/186]
  * #variants in cis = 8
  * Best hit: [id=11_internal_7922, d=0, pv=0.0439673, s=0.1520]

Processing phenotype [ENSG00000089597.11] [66/186]
  * #variants in cis = 8
  * Best hit: [id=11_internal_8389, d=-81840, pv=0.0198637, s=-0.1827]

Processing phenotype [ENSG00000185085.2] [67/186]
  * #variants in cis = 8
  * Best hit: [id=11_internal_8389, d=-75170, pv=0.278238, s=-0.0833]

Processing phenotype [ENSG00000255432.1] [68/186]
  * #variants in cis = 8
  * Best hit: [id=11_internal_8202, d=-864350, pv=0.190248, s=0.0990]

Processing phenotype [ENSG00000214756.3] [69/186]
  * #variants in cis = 8
  * Best hit: [id=11_internal_8202, d=864219, pv=0.199599, s=-0.1055]

Processing phenotype [ENSG00000206597.1] [70/186]
  * #variants in cis = 8
  * Best hit: [id=11_internal_7844, d=0, pv=0.222418, s=-0.1004]

Processing phenotype [ENSG00000204922.4] [71/186]
  * #variants in cis = 8
  * Best hit: [id=11_internal_8389, d=58199, pv=0.223223, s=0.0923]

Processing phenotype [ENSG00000162194.8] [72/186]
  * #variants in cis = 8
  * Best hit: [id=11_internal_7944, d=835163, pv=0.0445361, s=0.1571]

Processing phenotype [ENSG00000162191.9] [73/186]
  * #variants in cis = 8
  * Best hit: [id=11_internal_7759, d=0, pv=0.0639328, s=0.1469]

Processing phenotype [ENSG00000177363.4] [74/186]
  * #variants in cis = 8
  * Best hit: [id=11_internal_8389, d=-38573, pv=0.375331, s=-0.0717]

Processing phenotype [ENSG00000162188.5] [75/186]
  * #variants in cis = 8
  * Best hit: [id=11_internal_8202, d=821870, pv=0.0601461, s=0.1452]

Processing phenotype [ENSG00000168000.9] [76/186]
  * #variants in cis = 8
  * Best hit: [id=11_internal_7922, d=0, pv=0.528869, s=-0.0482]

Processing phenotype [ENSG00000214753.2] [77/186]
  * #variants in cis = 8
  * Best hit: [id=11_internal_8775, d=645072, pv=0.0578633, s=0.1515]

Processing phenotype [ENSG00000234857.2] [78/186]
  * #variants in cis = 8
  * Best hit: [id=11_internal_7922, d=0, pv=0.0543127, s=-0.1557]

Processing phenotype [ENSG00000162222.9] [79/186]
  * #variants in cis = 8
  * Best hit: [id=11_internal_8389, d=403, pv=0.0608853, s=-0.1484]

Processing phenotype [ENSG00000185670.7] [80/186]
  * #variants in cis = 8
  * Best hit: [id=11_internal_8389, d=0, pv=0.307272, s=-0.0789]

Processing phenotype [ENSG00000168002.7] [81/186]
  * #variants in cis = 8
  * Best hit: [id=11_internal_10427, d=-314651, pv=0.211033, s=0.0994]

Processing phenotype [ENSG00000162227.3] [82/186]
  * #variants in cis = 8
  * Best hit: [id=11_internal_7844, d=0, pv=0.134956, s=-0.1172]

Processing phenotype [ENSG00000267811.1] [83/186]
  * #variants in cis = 8
  * Best hit: [id=11_internal_8775, d=689329, pv=0.0216296, s=0.1760]

Processing phenotype [ENSG00000269176.1] [84/186]
  * #variants in cis = 8
  * Best hit: [id=11_internal_7944, d=949693, pv=0.143193, s=0.1201]

Processing phenotype [ENSG00000185475.4] [85/186]
  * #variants in cis = 8
  * Best hit: [id=11_internal_7944, d=-950323, pv=0.00991046, s=-0.2084]

Processing phenotype [ENSG00000168569.7] [86/186]
  * #variants in cis = 8
  * Best hit: [id=11_internal_8389, d=19201, pv=0.17359, s=0.1073]

Processing phenotype [ENSG00000162231.8] [87/186]
  * #variants in cis = 8
  * Best hit: [id=11_internal_8389, d=33482, pv=0.116717, s=-0.1232]

Processing phenotype [ENSG00000269463.1] [88/186]
  * #variants in cis = 8
  * Best hit: [id=11_internal_10427, d=361170, pv=0.0872146, s=0.1357]

Processing phenotype [ENSG00000252361.1] [89/186]
  * #variants in cis = 8
  * Best hit: [id=11_internal_7844, d=0, pv=0.162937, s=-0.1083]

Processing phenotype [ENSG00000264442.1] [90/186]
  * #variants in cis = 8
  * Best hit: [id=11_internal_7922, d=86409, pv=0.12993, s=-0.1235]

Processing phenotype [ENSG00000162236.7] [91/186]
  * #variants in cis = 8
  * Best hit: [id=11_internal_8389, d=59268, pv=0.0803046, s=-0.1359]

Processing phenotype [ENSG00000256690.1] [92/186]
  * #variants in cis = 8
  * Best hit: [id=11_internal_7944, d=-995142, pv=0.0547663, s=0.1486]

Processing phenotype [ENSG00000133316.9] [93/186]
  * #variants in cis = 7
  * Best hit: [id=11_internal_7922, d=111129, pv=0.243939, s=-0.0912]

Processing phenotype [ENSG00000222328.1] [94/186]
  * #variants in cis = 7
  * Best hit: [id=11_internal_7922, d=111129, pv=0.246865, s=-0.0906]

Processing phenotype [ENSG00000207487.1] [95/186]
  * #variants in cis = 7
  * Best hit: [id=11_internal_8202, d=-676493, pv=0.175366, s=0.1100]

Processing phenotype [ENSG00000201669.1] [96/186]
  * #variants in cis = 7
  * Best hit: [id=11_internal_8202, d=-676133, pv=0.109609, s=-0.1287]

Processing phenotype [ENSG00000207424.1] [97/186]
  * #variants in cis = 7
  * Best hit: [id=11_internal_7844, d=0, pv=0.0296521, s=0.1684]

Processing phenotype [ENSG00000206653.1] [98/186]
  * #variants in cis = 7
  * Best hit: [id=11_internal_8389, d=81148, pv=0.0794631, s=0.1379]

Processing phenotype [ENSG00000252140.1] [99/186]
  * #variants in cis = 7
  * Best hit: [id=11_internal_8775, d=772008, pv=0.0672872, s=0.1458]

Processing phenotype [ENSG00000207437.1] [100/186]
  * #variants in cis = 7
  * Best hit: [id=11_internal_7844, d=0, pv=0.0487965, s=0.1484]

Processing phenotype [ENSG00000200851.1] [101/186]
  * #variants in cis = 7
  * Best hit: [id=11_internal_7844, d=0, pv=0.0341891, s=0.1656]

Processing phenotype [ENSG00000206874.1] [102/186]
  * #variants in cis = 7
  * Best hit: [id=11_internal_7844, d=0, pv=0.000225207, s=0.2894]

Processing phenotype [ENSG00000202477.1] [103/186]
  * #variants in cis = 7
  * Best hit: [id=11_internal_7922, d=124950, pv=0.0017169, s=0.2439]

Processing phenotype [ENSG00000255717.1] [104/186]
  * #variants in cis = 7
  * Best hit: [id=11_internal_7844, d=0, pv=0.0247079, s=0.1735]

Processing phenotype [ENSG00000168003.12] [105/186]
  * #variants in cis = 7
  * Best hit: [id=11_internal_7844, d=0, pv=0.0143145, s=0.1919]

Processing phenotype [ENSG00000133317.10] [106/186]
  * #variants in cis = 10
  * Best hit: [id=11_internal_7844, d=-649248, pv=0.0569338, s=0.1492]

Processing phenotype [ENSG00000133321.6] [107/186]
  * #variants in cis = 10
  * Best hit: [id=11_internal_8202, d=0, pv=0.000919684, s=0.2583]

Processing phenotype [ENSG00000176485.6] [108/186]
  * #variants in cis = 10
  * Best hit: [id=11_internal_7759, d=861825, pv=0.140866, s=-0.1113]

Processing phenotype [ENSG00000256789.1] [109/186]
  * #variants in cis = 10
  * Best hit: [id=11_internal_7908, d=313472, pv=0.207797, s=-0.0950]

Processing phenotype [ENSG00000184743.8] [110/186]
  * #variants in cis = 10
  * Best hit: [id=11_internal_8202, d=132482, pv=0.229599, s=-0.0939]

Processing phenotype [ENSG00000133318.9] [111/186]
  * #variants in cis = 10
  * Best hit: [id=11_internal_8389, d=-908626, pv=0.0239993, s=-0.1758]

Processing phenotype [ENSG00000188070.7] [112/186]
  * #variants in cis = 11
  * Best hit: [id=11_internal_8202, d=229202, pv=0.208177, s=0.1000]

Processing phenotype [ENSG00000168005.4] [113/186]
  * #variants in cis = 12
  * Best hit: [id=11_internal_7503, d=945351, pv=0.017536, s=-0.1951]

Processing phenotype [ENSG00000256280.1] [114/186]
  * #variants in cis = 12
  * Best hit: [id=11_internal_8202, d=295504, pv=0.0393495, s=0.1650]

Processing phenotype [ENSG00000072518.15] [115/186]
  * #variants in cis = 12
  * Best hit: [id=11_internal_8492, d=884007, pv=0.124016, s=-0.1167]

Processing phenotype [ENSG00000202089.1] [116/186]
  * #variants in cis = 11
  * Best hit: [id=11_internal_8492, d=-840250, pv=0.0236105, s=-0.1846]

Processing phenotype [ENSG00000167771.5] [117/186]
  * #variants in cis = 11
  * Best hit: [id=11_internal_7670, d=-823564, pv=0.116374, s=-0.1252]

Processing phenotype [ENSG00000110583.8] [118/186]
  * #variants in cis = 11
  * Best hit: [id=11_internal_7908, d=12190, pv=0.00753208, s=-0.2135]

Processing phenotype [ENSG00000176340.3] [119/186]
  * #variants in cis = 11
  * Best hit: [id=11_internal_7670, d=765801, pv=0.00172357, s=0.2534]

Processing phenotype [ENSG00000256100.1] [120/186]
  * #variants in cis = 11
  * Best hit: [id=11_internal_7670, d=765788, pv=0.00416295, s=0.2241]

Processing phenotype [ENSG00000167770.7] [121/186]
  * #variants in cis = 11
  * Best hit: [id=11_internal_7823, d=255865, pv=0.00705266, s=0.2101]

Processing phenotype [ENSG00000126500.3] [122/186]
  * #variants in cis = 12
  * Best hit: [id=11_internal_8032, d=690112, pv=0.304898, s=0.0806]

Processing phenotype [ENSG00000133315.6] [123/186]
  * #variants in cis = 12
  * Best hit: [id=11_internal_8202, d=626667, pv=0.0978377, s=0.1236]

Processing phenotype [ENSG00000168439.11] [124/186]
  * #variants in cis = 12
  * Best hit: [id=11_internal_7670, d=555136, pv=0.139294, s=-0.1170]

Processing phenotype [ENSG00000149781.8] [125/186]
  * #variants in cis = 12
  * Best hit: [id=11_internal_7908, d=-198041, pv=0.137133, s=-0.1185]

Processing phenotype [ENSG00000149761.4] [126/186]
  * #variants in cis = 13
  * Best hit: [id=11_internal_7908, d=-217304, pv=0.0527541, s=-0.1618]

Processing phenotype [ENSG00000149743.9] [127/186]
  * #variants in cis = 13
  * Best hit: [id=11_internal_7908, d=217617, pv=0.0403705, s=-0.1643]

Processing phenotype [ENSG00000110011.9] [128/186]
  * #variants in cis = 13
  * Best hit: [id=11_internal_9342, d=977417, pv=0.0680859, s=-0.1523]

Processing phenotype [ENSG00000256116.1] [129/186]
  * #variants in cis = 13
  * Best hit: [id=11_internal_7908, d=225715, pv=0.0014107, s=-0.2583]

Processing phenotype [ENSG00000173511.5] [130/186]
  * #variants in cis = 13
  * Best hit: [id=11_internal_8008, d=51244, pv=0.03039, s=-0.1678]

Processing phenotype [ENSG00000173486.8] [131/186]
  * #variants in cis = 13
  * Best hit: [id=11_internal_9342, d=966692, pv=0.0141977, s=-0.1969]

Processing phenotype [ENSG00000256940.1] [132/186]
  * #variants in cis = 13
  * Best hit: [id=11_internal_8492, d=476971, pv=0.026861, s=0.1761]

Processing phenotype [ENSG00000173457.6] [133/186]
  * #variants in cis = 13
  * Best hit: [id=11_internal_7823, d=0, pv=0.000382561, s=-0.2625]

Processing phenotype [ENSG00000257086.1] [134/186]
  * #variants in cis = 13
  * Best hit: [id=11_internal_8492, d=-473441, pv=0.0350936, s=0.1673]

Processing phenotype [ENSG00000149782.7] [135/186]
  * #variants in cis = 13
  * Best hit: [id=11_internal_7841, d=548455, pv=0.0201402, s=-0.1811]

Processing phenotype [ENSG00000173264.9] [136/186]
  * #variants in cis = 13
  * Best hit: [id=11_internal_7841, d=529916, pv=0.0324237, s=0.1614]

Processing phenotype [ENSG00000002330.9] [137/186]
  * #variants in cis = 13
  * Best hit: [id=11_internal_7670, d=-455704, pv=0.00565463, s=0.2082]

Processing phenotype [ENSG00000257069.1] [138/186]
  * #variants in cis = 13
  * Best hit: [id=11_internal_9342, d=915973, pv=0.0633008, s=-0.1521]

Processing phenotype [ENSG00000219435.3] [139/186]
  * #variants in cis = 13
  * Best hit: [id=11_internal_9342, d=907304, pv=0.0494799, s=-0.1611]

Processing phenotype [ENSG00000173153.9] [140/186]
  * #variants in cis = 13
  * Best hit: [id=11_internal_7670, d=434836, pv=0.0118079, s=0.1946]

Processing phenotype [ENSG00000173113.2] [141/186]
  * #variants in cis = 13
  * Best hit: [id=11_internal_7643, d=-65800, pv=0.261254, s=-0.0873]

Processing phenotype [ENSG00000126432.9] [142/186]
  * #variants in cis = 13
  * Best hit: [id=11_internal_7643, d=65796, pv=0.0102484, s=-0.2068]

Processing phenotype [ENSG00000236935.1] [143/186]
  * #variants in cis = 13
  * Best hit: [id=11_internal_7643, d=-54380, pv=0.006162, s=-0.2253]

Processing phenotype [ENSG00000168071.16] [144/186]
  * #variants in cis = 13
  * Best hit: [id=11_internal_10218, d=-440478, pv=0.0361548, s=-0.1646]

Processing phenotype [ENSG00000162302.8] [145/186]
  * #variants in cis = 13
  * Best hit: [id=11_internal_7643, d=24736, pv=1.0867e-26, s=0.7072]

Processing phenotype [ENSG00000221273.1] [146/186]
  * #variants in cis = 13
  * Best hit: [id=11_internal_8008, d=-66420, pv=0.0430157, s=0.1558]

Processing phenotype [ENSG00000231680.1] [147/186]
  * #variants in cis = 14
  * Best hit: [id=11_internal_7643, d=0, pv=6.57976e-30, s=0.7540]

Processing phenotype [ENSG00000181908.4] [148/186]
  * #variants in cis = 15
  * Best hit: [id=11_internal_7643, d=-51718, pv=5.93498e-14, s=0.5621]

Processing phenotype [ENSG00000110076.14] [149/186]
  * #variants in cis = 17
  * Best hit: [id=11_internal_7643, d=325832, pv=0.0524383, s=-0.1545]

Processing phenotype [ENSG00000068831.14] [150/186]
  * #variants in cis = 17
  * Best hit: [id=11_internal_7670, d=0, pv=0.0142427, s=0.1898]

Processing phenotype [ENSG00000068976.9] [151/186]
  * #variants in cis = 17
  * Best hit: [id=11_internal_7645, d=-710104, pv=0.0177134, s=-0.1893]

Processing phenotype [ENSG00000168066.16] [152/186]
  * #variants in cis = 17
  * Best hit: [id=11_internal_8492, d=47980, pv=0.00200014, s=-0.2483]

Processing phenotype [ENSG00000269038.1] [153/186]
  * #variants in cis = 17
  * Best hit: [id=11_internal_11361, d=297383, pv=0.0564913, s=-0.1587]

Processing phenotype [ENSG00000269290.1] [154/186]
  * #variants in cis = 17
  * Best hit: [id=11_internal_7503, d=0, pv=0.00502267, s=0.2239]

Processing phenotype [ENSG00000168067.7] [155/186]
  * #variants in cis = 17
  * Best hit: [id=11_internal_7841, d=0, pv=0.00167868, s=0.2361]

Processing phenotype [ENSG00000133895.9] [156/186]
  * #variants in cis = 17
  * Best hit: [id=11_internal_7670, d=28981, pv=0.0748778, s=-0.1356]

Processing phenotype [ENSG00000171219.8] [157/186]
  * #variants in cis = 17
  * Best hit: [id=11_internal_7908, d=835932, pv=0.00128681, s=0.2609]

Processing phenotype [ENSG00000110047.12] [158/186]
  * #variants in cis = 17
  * Best hit: [id=11_internal_10218, d=988551, pv=0.0105852, s=-0.2013]

Processing phenotype [ENSG00000229719.1] [159/186]
  * #variants in cis = 17
  * Best hit: [id=11_internal_7643, d=496093, pv=0.127424, s=-0.1224]

Processing phenotype [ENSG00000268844.1] [160/186]
  * #variants in cis = 17
  * Best hit: [id=11_internal_7841, d=-17512, pv=0.0213208, s=0.1863]

Processing phenotype [ENSG00000110046.8] [161/186]
  * #variants in cis = 16
  * Best hit: [id=11_internal_7841, d=35790, pv=0.0132113, s=0.1975]

Processing phenotype [ENSG00000068971.8] [162/186]
  * #variants in cis = 16
  * Best hit: [id=11_internal_7841, d=-36093, pv=0.0479927, s=0.1652]

Processing phenotype [ENSG00000149735.2] [163/186]
  * #variants in cis = 16
  * Best hit: [id=11_internal_9342, d=-271807, pv=0.017121, s=-0.1893]

Processing phenotype [ENSG00000168070.7] [164/186]
  * #variants in cis = 16
  * Best hit: [id=11_internal_7643, d=574729, pv=0.00265122, s=-0.2404]

Processing phenotype [ENSG00000168062.5] [165/186]
  * #variants in cis = 16
  * Best hit: [id=11_internal_7841, d=115585, pv=0.01595, s=0.1924]

Processing phenotype [ENSG00000213465.3] [166/186]
  * #variants in cis = 15
  * Best hit: [id=11_internal_11361, d=62224, pv=0.00649596, s=-0.2121]

Processing phenotype [ENSG00000110025.7] [167/186]
  * #variants in cis = 15
  * Best hit: [id=11_internal_7701, d=549317, pv=0.000851653, s=-0.2672]

Processing phenotype [ENSG00000168061.9] [168/186]
  * #variants in cis = 15
  * Best hit: [id=11_internal_9342, d=166794, pv=0.0390117, s=0.1591]

Processing phenotype [ENSG00000168060.10] [169/186]
  * #variants in cis = 15
  * Best hit: [id=11_internal_7670, d=276236, pv=0.00248852, s=0.2259]

Processing phenotype [ENSG00000146670.5] [170/186]
  * #variants in cis = 17
  * Best hit: [id=11_internal_7643, d=686808, pv=0.000272151, s=-0.2841]

Processing phenotype [ENSG00000162300.6] [171/186]
  * #variants in cis = 17
  * Best hit: [id=11_internal_7547, d=551792, pv=0.152988, s=0.1101]

Processing phenotype [ENSG00000149823.3] [172/186]
  * #variants in cis = 17
  * Best hit: [id=11_internal_7841, d=-207864, pv=0.032446, s=0.1690]

Processing phenotype [ENSG00000187066.3] [173/186]
  * #variants in cis = 17
  * Best hit: [id=11_internal_7547, d=-546640, pv=0.0589187, s=0.1429]

Processing phenotype [ENSG00000254501.1] [174/186]
  * #variants in cis = 17
  * Best hit: [id=11_internal_9412, d=-276782, pv=0.0556678, s=-0.1451]

Processing phenotype [ENSG00000149809.10] [175/186]
  * #variants in cis = 17
  * Best hit: [id=11_internal_8492, d=-381039, pv=0.0890633, s=-0.1350]

Processing phenotype [ENSG00000255173.1] [176/186]
  * #variants in cis = 17
  * Best hit: [id=11_internal_7701, d=446342, pv=0.0307354, s=0.1784]

Processing phenotype [ENSG00000174276.5] [177/186]
  * #variants in cis = 17
  * Best hit: [id=11_internal_7701, d=-445801, pv=0.00847045, s=0.2105]

Processing phenotype [ENSG00000149792.4] [178/186]
  * #variants in cis = 17
  * Best hit: [id=11_internal_9412, d=266294, pv=0.0300896, s=0.1696]

Processing phenotype [ENSG00000149806.6] [179/186]
  * #variants in cis = 17
  * Best hit: [id=11_internal_8081, d=-954091, pv=0.0408179, s=0.1656]

Processing phenotype [ENSG00000162298.12] [180/186]
  * #variants in cis = 17
  * Best hit: [id=11_internal_8081, d=-942032, pv=0.0142974, s=0.1904]

Processing phenotype [ENSG00000255200.1] [181/186]
  * #variants in cis = 17
  * Best hit: [id=11_internal_9342, d=-31226, pv=0.000710414, s=0.2701]

Processing phenotype [ENSG00000014216.10] [182/186]
  * #variants in cis = 17
  * Best hit: [id=11_internal_7520, d=885653, pv=0.0111934, s=-0.1885]

Processing phenotype [ENSG00000254614.1] [183/186]
  * #variants in cis = 17
  * Best hit: [id=11_internal_9342, d=-25862, pv=8.73762e-09, s=0.4399]

Processing phenotype [ENSG00000197847.8] [184/186]
  * #variants in cis = 17
  * Best hit: [id=11_internal_9342, d=0, pv=0.00807991, s=-0.2020]

Processing phenotype [ENSG00000014138.4] [185/186]
  * #variants in cis = 16
  * Best hit: [id=11_internal_8008, d=-959579, pv=0.0408249, s=0.1632]

Processing phenotype [ENSG00000149798.3] [186/186]
  * #variants in cis = 16
  * Best hit: [id=11_internal_7520, d=751401, pv=0.0099371, s=-0.1934]

Running time: 1 seconds
