Sender: LSF System <lsfadmin@cpt07>
Subject: Job 974514: </data/unige/funpopgen/odelanea/SGX/V2/binaries/qtltools/bin/QTLtools cis --vcf /data/unige/funpopgen/grey2/SYSCID/BLUEPRINT_DATA/CRD/THREE_CELL_TYPES/CLOMICS/CELL_TYPE_COMPARISON_GENE_CRD_ASSOCIATIONS/quantify/72_vs_73_ALL.ALLchr.mean.txt.gz --bed /data/unige/funpopgen/grey2/SYSCID/BLUEPRINT_DATA/CRD/THREE_CELL_TYPES/QTL_TOOLS/EGAD00001002674_v3.0/EGAD00001002674_RNA.PC10.bed.gz --nominal /data/unige/funpopgen/grey2/SYSCID/BLUEPRINT_DATA/CRD/THREE_CELL_TYPES/CLOMICS/CELL_TYPE_COMPARISON_GENE_CRD_ASSOCIATIONS/mapping_aCRD_gene/72_vs_73/gene_CRD_mean_permutations.thresholds.txt --chunk 93 100 --out /data/unige/funpopgen/grey2/SYSCID/BLUEPRINT_DATA/CRD/THREE_CELL_TYPES/CLOMICS/CELL_TYPE_COMPARISON_GENE_CRD_ASSOCIATIONS/mapping_aCRD_gene/72_vs_73/mapping_gene_CRD_mean_chunk93\.txt> in cluster <ug> Done

Job </data/unige/funpopgen/odelanea/SGX/V2/binaries/qtltools/bin/QTLtools cis --vcf /data/unige/funpopgen/grey2/SYSCID/BLUEPRINT_DATA/CRD/THREE_CELL_TYPES/CLOMICS/CELL_TYPE_COMPARISON_GENE_CRD_ASSOCIATIONS/quantify/72_vs_73_ALL.ALLchr.mean.txt.gz --bed /data/unige/funpopgen/grey2/SYSCID/BLUEPRINT_DATA/CRD/THREE_CELL_TYPES/QTL_TOOLS/EGAD00001002674_v3.0/EGAD00001002674_RNA.PC10.bed.gz --nominal /data/unige/funpopgen/grey2/SYSCID/BLUEPRINT_DATA/CRD/THREE_CELL_TYPES/CLOMICS/CELL_TYPE_COMPARISON_GENE_CRD_ASSOCIATIONS/mapping_aCRD_gene/72_vs_73/gene_CRD_mean_permutations.thresholds.txt --chunk 93 100 --out /data/unige/funpopgen/grey2/SYSCID/BLUEPRINT_DATA/CRD/THREE_CELL_TYPES/CLOMICS/CELL_TYPE_COMPARISON_GENE_CRD_ASSOCIATIONS/mapping_aCRD_gene/72_vs_73/mapping_gene_CRD_mean_chunk93\.txt> was submitted from host <cpt01> by user <grey2> in cluster <ug>.
Job was executed on host(s) <cpt07>, in queue <normal>, as user <grey2> in cluster <ug>.
</home/grey2> was used as the home directory.
</data/unige/funpopgen/grey2/SYSCID/BLUEPRINT_DATA/CRD/THREE_CELL_TYPES/CLOMICS/CELL_TYPE_COMPARISON_GENE_CRD_ASSOCIATIONS> was used as the working directory.
Started at Thu Mar 21 13:44:49 2019
Results reported at Thu Mar 21 13:44:54 2019

Your job looked like:

------------------------------------------------------------
# LSBATCH: User input
/data/unige/funpopgen/odelanea/SGX/V2/binaries/qtltools/bin/QTLtools cis --vcf /data/unige/funpopgen/grey2/SYSCID/BLUEPRINT_DATA/CRD/THREE_CELL_TYPES/CLOMICS/CELL_TYPE_COMPARISON_GENE_CRD_ASSOCIATIONS/quantify/72_vs_73_ALL.ALLchr.mean.txt.gz --bed /data/unige/funpopgen/grey2/SYSCID/BLUEPRINT_DATA/CRD/THREE_CELL_TYPES/QTL_TOOLS/EGAD00001002674_v3.0/EGAD00001002674_RNA.PC10.bed.gz --nominal /data/unige/funpopgen/grey2/SYSCID/BLUEPRINT_DATA/CRD/THREE_CELL_TYPES/CLOMICS/CELL_TYPE_COMPARISON_GENE_CRD_ASSOCIATIONS/mapping_aCRD_gene/72_vs_73/gene_CRD_mean_permutations.thresholds.txt --chunk 93 100 --out /data/unige/funpopgen/grey2/SYSCID/BLUEPRINT_DATA/CRD/THREE_CELL_TYPES/CLOMICS/CELL_TYPE_COMPARISON_GENE_CRD_ASSOCIATIONS/mapping_aCRD_gene/72_vs_73/mapping_gene_CRD_mean_chunk93\.txt

------------------------------------------------------------

Successfully completed.

Resource usage summary:

    CPU time :               1.52 sec.
    Max Memory :             2.73 MB
    Average Memory :         2.73 MB
    Total Requested Memory : -
    Delta Memory :           -
    (Delta: the difference between total requested memory and actual max usage.)
    Max Swap :               31 MB

    Max Processes :          1
    Max Threads :            1

The output (if any) follows:


[32mQTLtools[0m
  * Authors : Olivier DELANEAU / Halit ONGEN / Emmanouil DERMITZAKIS
  * Contact : olivier.delaneau@gmail.com / halit.ongen@unige.ch / Emmanouil.Dermitzakis@unige.ch
  * Webpage : https://qtltools.github.io/qtltools/
  * Version : 1.1
  * Date    : 21/03/2019 - 13:44:52
  * Citation: A complete tool set for molecular QTL discovery and analysis, https://doi.org/10.1101/068635

[32mMAPPING QTL IN CIS[0m
  * TASK: Report all nominal associations with p below thresholds in [/data/unige/funpopgen/grey2/SYSCID/BLUEPRINT_DATA/CRD/THREE_CELL_TYPES/CLOMICS/CELL_TYPE_COMPARISON_GENE_CRD_ASSOCIATIONS/mapping_aCRD_gene/72_vs_73/gene_CRD_mean_permutations.thresholds.txt]
  * Linear model: Phe ~ Var
  * Cis-window size is 1000000 bp
  * Chunk = [93/100]

Scanning phenotype data in [/data/unige/funpopgen/grey2/SYSCID/BLUEPRINT_DATA/CRD/THREE_CELL_TYPES/QTL_TOOLS/EGAD00001002674_v3.0/EGAD00001002674_RNA.PC10.bed.gz]
  * 26159 phenotypes included
  * 13004 phenotypes are on the negative strand

Initialize random number generator
  * Built-in seed is 15112011
  * First Integer = 30554
  * First Double = 0.0126695

Reading sample list from [/data/unige/funpopgen/grey2/SYSCID/BLUEPRINT_DATA/CRD/THREE_CELL_TYPES/QTL_TOOLS/EGAD00001002674_v3.0/EGAD00001002674_RNA.PC10.bed.gz]
  * #samples = 194

Reading sample list from [/data/unige/funpopgen/grey2/SYSCID/BLUEPRINT_DATA/CRD/THREE_CELL_TYPES/CLOMICS/CELL_TYPE_COMPARISON_GENE_CRD_ASSOCIATIONS/quantify/72_vs_73_ALL.ALLchr.mean.txt.gz]
  * #samples = 160

Merging sample sets from all input files
  * #files = 2
  * #samples in all files = 158
  * #samples NOT in all files (i.e. ignored) = 38

Reading phenotype data in [/data/unige/funpopgen/grey2/SYSCID/BLUEPRINT_DATA/CRD/THREE_CELL_TYPES/QTL_TOOLS/EGAD00001002674_v3.0/EGAD00001002674_RNA.PC10.bed.gz]
  * target region [2:29005383-61404553]
  * 209 phenotypes included
  * 106 phenotypes are on the negative strand

Reading genotype data in [/data/unige/funpopgen/grey2/SYSCID/BLUEPRINT_DATA/CRD/THREE_CELL_TYPES/CLOMICS/CELL_TYPE_COMPARISON_GENE_CRD_ASSOCIATIONS/quantify/72_vs_73_ALL.ALLchr.mean.txt.gz]
  * File format detected: BED
  * 158 samples included
  * 4 samples without phenotype data
  * target region [2:28005383-62404553]
  * 63 variants included

Reading nominal thresholds in [/data/unige/funpopgen/grey2/SYSCID/BLUEPRINT_DATA/CRD/THREE_CELL_TYPES/CLOMICS/CELL_TYPE_COMPARISON_GENE_CRD_ASSOCIATIONS/mapping_aCRD_gene/72_vs_73/gene_CRD_mean_permutations.thresholds.txt]
  * #phenotypes set = 209

Processing phenotype [ENSG00000163806.11] [1/209]
  * #variants in cis = 9
  * Best hit: [id=2_internal_13076, d=-150426, pv=0.00306643, s=0.2314]

Processing phenotype [ENSG00000171103.6] [2/209]
  * #variants in cis = 9
  * Best hit: [id=2_internal_15025, d=873153, pv=0.132329, s=0.1193]

Processing phenotype [ENSG00000163811.7] [3/209]
  * #variants in cis = 9
  * Best hit: [id=2_internal_13802, d=-267793, pv=0.194305, s=-0.1041]

Processing phenotype [ENSG00000264994.1] [4/209]
  * #variants in cis = 9
  * Best hit: [id=2_internal_15286, d=-660281, pv=0.0706512, s=-0.1461]

Processing phenotype [ENSG00000265145.1] [5/209]
  * #variants in cis = 9
  * Best hit: [id=2_internal_15025, d=-929919, pv=0.0556112, s=-0.1569]

Processing phenotype [ENSG00000222224.1] [6/209]
  * #variants in cis = 9
  * Best hit: [id=2_internal_15286, d=673957, pv=0.308817, s=0.0830]

Processing phenotype [ENSG00000265706.1] [7/209]
  * #variants in cis = 9
  * Best hit: [id=2_internal_13611, d=-319070, pv=0.190815, s=0.1030]

Processing phenotype [ENSG00000189350.7] [8/209]
  * #variants in cis = 9
  * Best hit: [id=2_internal_14358, d=42327, pv=1.15833e-18, s=0.6420]

Processing phenotype [ENSG00000179270.5] [9/209]
  * #variants in cis = 8
  * Best hit: [id=2_internal_14358, d=54947, pv=1.26621e-06, s=0.3821]

Processing phenotype [ENSG00000115295.14] [10/209]
  * #variants in cis = 8
  * Best hit: [id=2_internal_14358, d=-78380, pv=7.81454e-12, s=0.4991]

Processing phenotype [ENSG00000171094.11] [11/209]
  * #variants in cis = 11
  * Best hit: [id=2_internal_14622, d=801540, pv=3.78431e-07, s=0.3921]

Processing phenotype [ENSG00000233862.1] [12/209]
  * #variants in cis = 9
  * Best hit: [id=2_internal_14714, d=0, pv=0.0441338, s=-0.1655]

Processing phenotype [ENSG00000119801.8] [13/209]
  * #variants in cis = 9
  * Best hit: [id=2_internal_14252, d=83343, pv=0.0218474, s=-0.1807]

Processing phenotype [ENSG00000213626.7] [14/209]
  * #variants in cis = 9
  * Best hit: [id=2_internal_14252, d=0, pv=0.00205839, s=0.2423]

Processing phenotype [ENSG00000256261.1] [15/209]
  * #variants in cis = 9
  * Best hit: [id=2_internal_14252, d=0, pv=0.000677988, s=0.2637]

Processing phenotype [ENSG00000172954.9] [16/209]
  * #variants in cis = 10
  * Best hit: [id=2_internal_15811, d=-158127, pv=0.0984741, s=0.1283]

Processing phenotype [ENSG00000158089.10] [17/209]
  * #variants in cis = 9
  * Best hit: [id=2_internal_14755, d=-161602, pv=0.112274, s=0.1235]

Processing phenotype [ENSG00000214711.5] [18/209]
  * #variants in cis = 8
  * Best hit: [id=2_internal_14755, d=-82946, pv=0.00218548, s=0.2423]

Processing phenotype [ENSG00000013016.10] [19/209]
  * #variants in cis = 8
  * Best hit: [id=2_internal_14755, d=82790, pv=0.00139477, s=0.2542]

Processing phenotype [ENSG00000237007.3] [20/209]
  * #variants in cis = 3
  * Best hit: [id=2_internal_14755, d=500374, pv=0.649032, s=-0.0364]

Processing phenotype [ENSG00000242272.1] [21/209]
  * #variants in cis = 3
  * Best hit: [id=2_internal_19812, d=896226, pv=0.746378, s=0.0262]

Processing phenotype [ENSG00000221326.1] [22/209]
  * #variants in cis = 3
  * Best hit: [id=2_internal_16145, d=-338502, pv=0.0584968, s=0.1477]

Processing phenotype [ENSG00000162959.8] [23/209]
  * #variants in cis = 2
  * Best hit: [id=2_internal_14755, d=688168, pv=0.64805, s=-0.0349]

Processing phenotype [ENSG00000162961.9] [24/209]
  * #variants in cis = 2
  * Best hit: [id=2_internal_16145, d=-218639, pv=0.490514, s=0.0537]

Processing phenotype [ENSG00000021574.7] [25/209]
  * #variants in cis = 2
  * Best hit: [id=2_internal_16145, d=194840, pv=0.271127, s=0.0873]

Processing phenotype [ENSG00000152683.10] [26/209]
  * #variants in cis = 2
  * Best hit: [id=2_internal_14755, d=-842802, pv=0.427977, s=-0.0628]

Processing phenotype [ENSG00000229816.1] [27/209]
  * #variants in cis = 2
  * Best hit: [id=2_internal_16145, d=56851, pv=0.104359, s=-0.1265]

Processing phenotype [ENSG00000091106.14] [28/209]
  * #variants in cis = 2
  * Best hit: [id=2_internal_16145, d=0, pv=0.00388544, s=-0.2179]

Processing phenotype [ENSG00000119820.5] [29/209]
  * #variants in cis = 2
  * Best hit: [id=2_internal_16145, d=0, pv=0.42908, s=-0.0633]

Processing phenotype [ENSG00000115760.9] [30/209]
  * #variants in cis = 1
  * Best hit: [id=2_internal_16145, d=-77853, pv=0.228011, s=-0.0986]

Processing phenotype [ENSG00000230046.1] [31/209]
  * #variants in cis = 1
  * Best hit: [id=2_internal_16145, d=100424, pv=0.340586, s=0.0737]

Processing phenotype [ENSG00000207653.1] [32/209]
  * #variants in cis = 1
  * Best hit: [id=2_internal_16145, d=-252977, pv=0.78794, s=0.0227]

Processing phenotype [ENSG00000018699.7] [33/209]
  * #variants in cis = 1
  * Best hit: [id=2_internal_16145, d=-348856, pv=0.169296, s=0.1046]

Processing phenotype [ENSG00000049323.10] [34/209]
  * #variants in cis = 1
  * Best hit: [id=2_internal_16145, d=-667796, pv=0.357544, s=0.0756]

Processing phenotype [ENSG00000152689.13] [35/209]
  * #variants in cis = 0

Processing phenotype [ENSG00000237133.1] [36/209]
  * #variants in cis = 0

Processing phenotype [ENSG00000119812.14] [37/209]
  * #variants in cis = 0

Processing phenotype [ENSG00000150938.5] [38/209]
  * #variants in cis = 1
  * Best hit: [id=2_internal_14267, d=951166, pv=0.356807, s=-0.0738]

Processing phenotype [ENSG00000217075.1] [39/209]
  * #variants in cis = 3
  * Best hit: [id=2_internal_14267, d=-754824, pv=0.0319166, s=-0.1763]

Processing phenotype [ENSG00000256845.1] [40/209]
  * #variants in cis = 3
  * Best hit: [id=2_internal_14267, d=-715539, pv=0.103275, s=0.1310]

Processing phenotype [ENSG00000171055.10] [41/209]
  * #variants in cis = 3
  * Best hit: [id=2_internal_20494, d=-768087, pv=0.131469, s=0.1196]

Processing phenotype [ENSG00000268688.1] [42/209]
  * #variants in cis = 5
  * Best hit: [id=2_internal_15963, d=-611687, pv=0.151551, s=0.1131]

Processing phenotype [ENSG00000252756.1] [43/209]
  * #variants in cis = 5
  * Best hit: [id=2_internal_14267, d=-439597, pv=0.0958575, s=0.1347]

Processing phenotype [ENSG00000252518.1] [44/209]
  * #variants in cis = 6
  * Best hit: [id=2_internal_14267, d=347730, pv=0.26976, s=0.0884]

Processing phenotype [ENSG00000115808.7] [45/209]
  * #variants in cis = 6
  * Best hit: [id=2_internal_14267, d=-340620, pv=0.169604, s=0.1089]

Processing phenotype [ENSG00000008869.7] [46/209]
  * #variants in cis = 6
  * Best hit: [id=2_internal_20494, d=-329832, pv=0.311955, s=-0.0802]

Processing phenotype [ENSG00000152133.9] [47/209]
  * #variants in cis = 6
  * Best hit: [id=2_internal_20494, d=329723, pv=0.0800546, s=-0.1421]

Processing phenotype [ENSG00000224891.1] [48/209]
  * #variants in cis = 6
  * Best hit: [id=2_internal_20494, d=265644, pv=0.0107132, s=0.2063]

Processing phenotype [ENSG00000055332.11] [49/209]
  * #variants in cis = 6
  * Best hit: [id=2_internal_15963, d=-296009, pv=0.0158645, s=-0.1977]

Processing phenotype [ENSG00000218739.4] [50/209]
  * #variants in cis = 7
  * Best hit: [id=2_internal_20494, d=217686, pv=0.0614537, s=0.1468]

Processing phenotype [ENSG00000138068.6] [51/209]
  * #variants in cis = 7
  * Best hit: [id=2_internal_15963, d=-256476, pv=0.0176912, s=-0.1915]

Processing phenotype [ENSG00000243788.2] [52/209]
  * #variants in cis = 7
  * Best hit: [id=2_internal_15963, d=239607, pv=0.0827068, s=-0.1430]

Processing phenotype [ENSG00000003509.11] [53/209]
  * #variants in cis = 7
  * Best hit: [id=2_internal_20494, d=182543, pv=0.0937031, s=-0.1342]

Processing phenotype [ENSG00000115816.9] [54/209]
  * #variants in cis = 7
  * Best hit: [id=2_internal_15963, d=-221361, pv=0.0855342, s=-0.1391]

Processing phenotype [ENSG00000115825.5] [55/209]
  * #variants in cis = 8
  * Best hit: [id=2_internal_14267, d=374, pv=1.4262e-05, s=0.3447]

Processing phenotype [ENSG00000115828.11] [56/209]
  * #variants in cis = 8
  * Best hit: [id=2_internal_14267, d=-20140, pv=0.107722, s=0.1259]

Processing phenotype [ENSG00000236213.1] [57/209]
  * #variants in cis = 8
  * Best hit: [id=2_internal_20494, d=0, pv=0.000446956, s=0.2790]

Processing phenotype [ENSG00000163171.6] [58/209]
  * #variants in cis = 10
  * Best hit: [id=2_internal_20494, d=0, pv=0.000429879, s=0.2762]

Processing phenotype [ENSG00000225402.1] [59/209]
  * #variants in cis = 10
  * Best hit: [id=2_internal_14682, d=373175, pv=0.0104289, s=0.1950]

Processing phenotype [ENSG00000237803.1] [60/209]
  * #variants in cis = 10
  * Best hit: [id=2_internal_14446, d=0, pv=0.0376836, s=0.1562]

Processing phenotype [ENSG00000115841.15] [61/209]
  * #variants in cis = 10
  * Best hit: [id=2_internal_14682, d=266903, pv=0.0055974, s=0.2142]

Processing phenotype [ENSG00000235848.2] [62/209]
  * #variants in cis = 10
  * Best hit: [id=2_internal_16755, d=-580573, pv=0.0932712, s=-0.1318]

Processing phenotype [ENSG00000232973.4] [63/209]
  * #variants in cis = 10
  * Best hit: [id=2_internal_20494, d=-265856, pv=0.0258611, s=0.1683]

Processing phenotype [ENSG00000138061.7] [64/209]
  * #variants in cis = 11
  * Best hit: [id=2_internal_14682, d=-80189, pv=0.00725533, s=0.2017]

Processing phenotype [ENSG00000229160.1] [65/209]
  * #variants in cis = 13
  * Best hit: [id=2_internal_14446, d=241759, pv=0.0449153, s=0.1623]

Processing phenotype [ENSG00000199603.1] [66/209]
  * #variants in cis = 13
  * Best hit: [id=2_internal_13953, d=-294609, pv=0.0826465, s=-0.1367]

Processing phenotype [ENSG00000227292.1] [67/209]
  * #variants in cis = 13
  * Best hit: [id=2_internal_14682, d=20322, pv=0.0256681, s=0.1768]

Processing phenotype [ENSG00000119787.9] [68/209]
  * #variants in cis = 12
  * Best hit: [id=2_internal_15571, d=0, pv=0.00010331, s=0.3097]

Processing phenotype [ENSG00000213553.3] [69/209]
  * #variants in cis = 11
  * Best hit: [id=2_internal_13962, d=636690, pv=0.133925, s=0.1208]

Processing phenotype [ENSG00000235586.1] [70/209]
  * #variants in cis = 11
  * Best hit: [id=2_internal_14682, d=-382330, pv=0.262033, s=0.0878]

Processing phenotype [ENSG00000143889.10] [71/209]
  * #variants in cis = 11
  * Best hit: [id=2_internal_16755, d=-44029, pv=0.035088, s=0.1573]

Processing phenotype [ENSG00000143891.12] [72/209]
  * #variants in cis = 11
  * Best hit: [id=2_internal_16755, d=0, pv=0.0119196, s=0.1930]

Processing phenotype [ENSG00000115875.14] [73/209]
  * #variants in cis = 11
  * Best hit: [id=2_internal_15207, d=40706, pv=0.0432323, s=0.1714]

Processing phenotype [ENSG00000152147.5] [74/209]
  * #variants in cis = 11
  * Best hit: [id=2_internal_13962, d=366934, pv=0.149979, s=-0.1118]

Processing phenotype [ENSG00000223922.1] [75/209]
  * #variants in cis = 9
  * Best hit: [id=2_internal_15207, d=100866, pv=0.0198904, s=0.1823]

Processing phenotype [ENSG00000225284.1] [76/209]
  * #variants in cis = 8
  * Best hit: [id=2_internal_15571, d=-472225, pv=0.13778, s=-0.1264]

Processing phenotype [ENSG00000163214.15] [77/209]
  * #variants in cis = 8
  * Best hit: [id=2_internal_13962, d=-242535, pv=0.0011379, s=-0.2580]

Processing phenotype [ENSG00000188010.8] [78/209]
  * #variants in cis = 8
  * Best hit: [id=2_internal_15207, d=-165173, pv=0.0405856, s=0.1630]

Processing phenotype [ENSG00000214694.6] [79/209]
  * #variants in cis = 8
  * Best hit: [id=2_internal_16755, d=-195029, pv=0.0516686, s=0.1539]

Processing phenotype [ENSG00000229692.2] [80/209]
  * #variants in cis = 7
  * Best hit: [id=2_internal_15562, d=-132563, pv=0.275403, s=0.0860]

Processing phenotype [ENSG00000206985.1] [81/209]
  * #variants in cis = 7
  * Best hit: [id=2_internal_13962, d=35880, pv=0.365766, s=0.0698]

Processing phenotype [ENSG00000225900.1] [82/209]
  * #variants in cis = 7
  * Best hit: [id=2_internal_15562, d=-27975, pv=0.0969975, s=-0.1347]

Processing phenotype [ENSG00000115904.8] [83/209]
  * #variants in cis = 7
  * Best hit: [id=2_internal_15562, d=-2075, pv=0.00507702, s=0.2194]

Processing phenotype [ENSG00000205111.4] [84/209]
  * #variants in cis = 6
  * Best hit: [id=2_internal_15571, d=840092, pv=0.406367, s=-0.0687]

Processing phenotype [ENSG00000252473.1] [85/209]
  * #variants in cis = 6
  * Best hit: [id=2_internal_15562, d=138693, pv=0.0168913, s=0.1879]

Processing phenotype [ENSG00000252239.1] [86/209]
  * #variants in cis = 5
  * Best hit: [id=2_internal_15207, d=682829, pv=0.261399, s=-0.0920]

Processing phenotype [ENSG00000231312.2] [87/209]
  * #variants in cis = 5
  * Best hit: [id=2_internal_13962, d=-217953, pv=0.486645, s=0.0526]

Processing phenotype [ENSG00000011566.9] [88/209]
  * #variants in cis = 5
  * Best hit: [id=2_internal_14320, d=55876, pv=0.0527801, s=-0.1519]

Processing phenotype [ENSG00000138050.10] [89/209]
  * #variants in cis = 3
  * Best hit: [id=2_internal_13962, d=560582, pv=0.146134, s=-0.1170]

Processing phenotype [ENSG00000227028.2] [90/209]
  * #variants in cis = 3
  * Best hit: [id=2_internal_15562, d=-641354, pv=0.223263, s=0.0947]

Processing phenotype [ENSG00000268898.1] [91/209]
  * #variants in cis = 1
  * Best hit: [id=2_internal_14320, d=-879570, pv=0.973257, s=0.0027]

Processing phenotype [ENSG00000183023.13] [92/209]
  * #variants in cis = 0

Processing phenotype [ENSG00000143924.14] [93/209]
  * #variants in cis = 10
  * Best hit: [id=2_internal_13131, d=-26166, pv=2.0988e-11, s=0.4996]

Processing phenotype [ENSG00000224875.2] [94/209]
  * #variants in cis = 10
  * Best hit: [id=2_internal_13131, d=27117, pv=4.31299e-06, s=0.3700]

Processing phenotype [ENSG00000115944.9] [95/209]
  * #variants in cis = 10
  * Best hit: [id=2_internal_18359, d=49874, pv=0.0102673, s=0.1989]

Processing phenotype [ENSG00000057935.9] [96/209]
  * #variants in cis = 11
  * Best hit: [id=2_internal_13806, d=71841, pv=0.035427, s=0.1588]

Processing phenotype [ENSG00000162881.5] [97/209]
  * #variants in cis = 11
  * Best hit: [id=2_internal_14308, d=93543, pv=0.0850285, s=0.1300]

Processing phenotype [ENSG00000162882.10] [98/209]
  * #variants in cis = 11
  * Best hit: [id=2_internal_16727, d=-662053, pv=0.00174976, s=0.2396]

Processing phenotype [ENSG00000226491.1] [99/209]
  * #variants in cis = 11
  * Best hit: [id=2_internal_13807, d=-211033, pv=0.000352734, s=0.2764]

Processing phenotype [ENSG00000232202.1] [100/209]
  * #variants in cis = 11
  * Best hit: [id=2_internal_16279, d=132690, pv=0.00325518, s=0.2365]

Processing phenotype [ENSG00000231826.1] [101/209]
  * #variants in cis = 11
  * Best hit: [id=2_internal_13807, d=0, pv=0.144284, s=0.1159]

Processing phenotype [ENSG00000230587.1] [102/209]
  * #variants in cis = 11
  * Best hit: [id=2_internal_13806, d=437432, pv=0.251872, s=0.0921]

Processing phenotype [ENSG00000152518.5] [103/209]
  * #variants in cis = 10
  * Best hit: [id=2_internal_15909, d=561910, pv=0.110971, s=-0.1314]

Processing phenotype [ENSG00000234936.1] [104/209]
  * #variants in cis = 10
  * Best hit: [id=2_internal_18359, d=-910436, pv=0.0898082, s=-0.1354]

Processing phenotype [ENSG00000252804.1] [105/209]
  * #variants in cis = 9
  * Best hit: [id=2_internal_16727, d=46340, pv=3.59199e-07, s=0.3873]

Processing phenotype [ENSG00000115970.13] [106/209]
  * #variants in cis = 9
  * Best hit: [id=2_internal_16727, d=111174, pv=0.0567148, s=0.1504]

Processing phenotype [ENSG00000152527.9] [107/209]
  * #variants in cis = 9
  * Best hit: [id=2_internal_13807, d=-595120, pv=0.0326491, s=-0.1686]

Processing phenotype [ENSG00000138036.12] [108/209]
  * #variants in cis = 5
  * Best hit: [id=2_internal_16727, d=-289167, pv=0.265536, s=0.0892]

Processing phenotype [ENSG00000200924.1] [109/209]
  * #variants in cis = 4
  * Best hit: [id=2_internal_13486, d=-773808, pv=0.0724195, s=0.1447]

Processing phenotype [ENSG00000138095.14] [110/209]
  * #variants in cis = 6
  * Best hit: [id=2_internal_14372, d=790997, pv=0.003703, s=0.2299]

Processing phenotype [ENSG00000138032.16] [111/209]
  * #variants in cis = 4
  * Best hit: [id=2_internal_14372, d=-962961, pv=0.443025, s=-0.0629]

Processing phenotype [ENSG00000239052.1] [112/209]
  * #variants in cis = 3
  * Best hit: [id=2_internal_13556, d=-688655, pv=0.384246, s=0.0685]

Processing phenotype [ENSG00000138079.9] [113/209]
  * #variants in cis = 3
  * Best hit: [id=2_internal_13556, d=652856, pv=0.319143, s=-0.0783]

Processing phenotype [ENSG00000138078.11] [114/209]
  * #variants in cis = 3
  * Best hit: [id=2_internal_16727, d=876990, pv=0.283799, s=-0.0850]

Processing phenotype [ENSG00000143919.10] [115/209]
  * #variants in cis = 3
  * Best hit: [id=2_internal_13556, d=566366, pv=0.440271, s=0.0621]

Processing phenotype [ENSG00000239396.2] [116/209]
  * #variants in cis = 7
  * Best hit: [id=2_internal_14853, d=-706228, pv=0.0713014, s=0.1485]

Processing phenotype [ENSG00000068784.8] [117/209]
  * #variants in cis = 7
  * Best hit: [id=2_internal_16338, d=-865188, pv=0.0639064, s=0.1454]

Processing phenotype [ENSG00000171132.9] [118/209]
  * #variants in cis = 7
  * Best hit: [id=2_internal_16958, d=190131, pv=7.42641e-05, s=0.3127]

Processing phenotype [ENSG00000228481.1] [119/209]
  * #variants in cis = 7
  * Best hit: [id=2_internal_16958, d=-166000, pv=0.000178743, s=0.2860]

Processing phenotype [ENSG00000233829.1] [120/209]
  * #variants in cis = 8
  * Best hit: [id=2_internal_19655, d=-12572, pv=0.139982, s=-0.1153]

Processing phenotype [ENSG00000232696.1] [121/209]
  * #variants in cis = 7
  * Best hit: [id=2_internal_17236, d=-787816, pv=0.043709, s=-0.1566]

Processing phenotype [ENSG00000231336.1] [122/209]
  * #variants in cis = 7
  * Best hit: [id=2_internal_17236, d=-698666, pv=0.170972, s=-0.1080]

Processing phenotype [ENSG00000116016.9] [123/209]
  * #variants in cis = 6
  * Best hit: [id=2_internal_19655, d=-239752, pv=0.0811393, s=0.1355]

Processing phenotype [ENSG00000253515.1] [124/209]
  * #variants in cis = 5
  * Best hit: [id=2_internal_16338, d=0, pv=0.141114, s=0.1218]

Processing phenotype [ENSG00000119729.6] [125/209]
  * #variants in cis = 5
  * Best hit: [id=2_internal_16338, d=0, pv=6.77457e-06, s=0.3605]

Processing phenotype [ENSG00000250565.2] [126/209]
  * #variants in cis = 5
  * Best hit: [id=2_internal_17236, d=-324087, pv=0.189925, s=0.1044]

Processing phenotype [ENSG00000250116.2] [127/209]
  * #variants in cis = 5
  * Best hit: [id=2_internal_16338, d=8580, pv=0.00261258, s=0.2408]

Processing phenotype [ENSG00000119878.5] [128/209]
  * #variants in cis = 5
  * Best hit: [id=2_internal_14853, d=-309707, pv=0.380894, s=0.0720]

Processing phenotype [ENSG00000151665.8] [129/209]
  * #variants in cis = 5
  * Best hit: [id=2_internal_16338, d=45461, pv=0.00729192, s=0.2169]

Processing phenotype [ENSG00000171150.7] [130/209]
  * #variants in cis = 5
  * Best hit: [id=2_internal_17236, d=167692, pv=0.534705, s=0.0504]

Processing phenotype [ENSG00000260977.1] [131/209]
  * #variants in cis = 5
  * Best hit: [id=2_internal_16338, d=-206125, pv=0.165726, s=-0.1126]

Processing phenotype [ENSG00000222005.4] [132/209]
  * #variants in cis = 5
  * Best hit: [id=2_internal_19655, d=-762753, pv=0.278117, s=0.0891]

Processing phenotype [ENSG00000239332.1] [133/209]
  * #variants in cis = 5
  * Best hit: [id=2_internal_14853, d=-509988, pv=0.13108, s=-0.1224]

Processing phenotype [ENSG00000228925.1] [134/209]
  * #variants in cis = 4
  * Best hit: [id=2_internal_14853, d=-592566, pv=0.225585, s=0.1007]

Processing phenotype [ENSG00000068724.11] [135/209]
  * #variants in cis = 4
  * Best hit: [id=2_internal_17236, d=-38889, pv=0.392497, s=0.0681]

Processing phenotype [ENSG00000180398.7] [136/209]
  * #variants in cis = 4
  * Best hit: [id=2_internal_16338, d=370197, pv=0.163853, s=-0.1111]

Processing phenotype [ENSG00000233845.1] [137/209]
  * #variants in cis = 4
  * Best hit: [id=2_internal_16338, d=468866, pv=0.0439494, s=-0.1529]

Processing phenotype [ENSG00000225187.1] [138/209]
  * #variants in cis = 3
  * Best hit: [id=2_internal_14853, d=-761113, pv=0.256157, s=-0.0919]

Processing phenotype [ENSG00000239605.3] [139/209]
  * #variants in cis = 3
  * Best hit: [id=2_internal_17236, d=278110, pv=0.185537, s=-0.1064]

Processing phenotype [ENSG00000143933.11] [140/209]
  * #variants in cis = 3
  * Best hit: [id=2_internal_17236, d=299333, pv=0.434222, s=-0.0624]

Processing phenotype [ENSG00000236824.1] [141/209]
  * #variants in cis = 2
  * Best hit: [id=2_internal_16338, d=-759402, pv=0.308355, s=0.0787]

Processing phenotype [ENSG00000095002.8] [142/209]
  * #variants in cis = 2
  * Best hit: [id=2_internal_16338, d=-831311, pv=0.100319, s=0.1256]

Processing phenotype [ENSG00000230979.2] [143/209]
  * #variants in cis = 1
  * Best hit: [id=2_internal_17236, d=813978, pv=0.161976, s=0.1091]

Processing phenotype [ENSG00000224058.2] [144/209]
  * #variants in cis = 1
  * Best hit: [id=2_internal_17236, d=854767, pv=0.553164, s=-0.0433]

Processing phenotype [ENSG00000116062.8] [145/209]
  * #variants in cis = 1
  * Best hit: [id=2_internal_17236, d=-905814, pv=0.444321, s=-0.0594]

Processing phenotype [ENSG00000235369.1] [146/209]
  * #variants in cis = 1
  * Best hit: [id=2_internal_17236, d=920823, pv=0.856829, s=0.0144]

Processing phenotype [ENSG00000236549.1] [147/209]
  * #variants in cis = 0

Processing phenotype [ENSG00000233230.1] [148/209]
  * #variants in cis = 0

Processing phenotype [ENSG00000138081.15] [149/209]
  * #variants in cis = 0

Processing phenotype [ENSG00000230773.2] [150/209]
  * #variants in cis = 0

Processing phenotype [ENSG00000170802.10] [151/209]
  * #variants in cis = 0

Processing phenotype [ENSG00000251889.1] [152/209]
  * #variants in cis = 0

Processing phenotype [ENSG00000162869.11] [153/209]
  * #variants in cis = 0

Processing phenotype [ENSG00000202227.1] [154/209]
  * #variants in cis = 0

Processing phenotype [ENSG00000243244.1] [155/209]
  * #variants in cis = 0

Processing phenotype [ENSG00000205011.3] [156/209]
  * #variants in cis = 0

Processing phenotype [ENSG00000068781.15] [157/209]
  * #variants in cis = 0

Processing phenotype [ENSG00000179915.15] [158/209]
  * #variants in cis = 0

Processing phenotype [ENSG00000143942.4] [159/209]
  * #variants in cis = 2
  * Best hit: [id=2_internal_16554, d=200341, pv=0.7174, s=-0.0289]

Processing phenotype [ENSG00000068912.9] [160/209]
  * #variants in cis = 2
  * Best hit: [id=2_internal_16554, d=181089, pv=0.0309365, s=0.1748]

Processing phenotype [ENSG00000265452.1] [161/209]
  * #variants in cis = 2
  * Best hit: [id=2_internal_16554, d=-118928, pv=0.14304, s=0.1095]

Processing phenotype [ENSG00000119737.5] [162/209]
  * #variants in cis = 2
  * Best hit: [id=2_internal_14986, d=-2116, pv=0.580647, s=0.0455]

Processing phenotype [ENSG00000115239.15] [163/209]
  * #variants in cis = 2
  * Best hit: [id=2_internal_16554, d=-107973, pv=0.62466, s=0.0396]

Processing phenotype [ENSG00000239235.3] [164/209]
  * #variants in cis = 5
  * Best hit: [id=2_internal_16554, d=0, pv=0.014262, s=0.1906]

Processing phenotype [ENSG00000068878.10] [165/209]
  * #variants in cis = 5
  * Best hit: [id=2_internal_14986, d=56620, pv=0.0392817, s=0.1620]

Processing phenotype [ENSG00000235937.1] [166/209]
  * #variants in cis = 5
  * Best hit: [id=2_internal_19824, d=-866518, pv=0.0997052, s=-0.1341]

Processing phenotype [ENSG00000233266.1] [167/209]
  * #variants in cis = 5
  * Best hit: [id=2_internal_14490, d=904124, pv=0.0341586, s=-0.1746]

Processing phenotype [ENSG00000241114.1] [168/209]
  * #variants in cis = 5
  * Best hit: [id=2_internal_16554, d=0, pv=0.0438775, s=0.1613]

Processing phenotype [ENSG00000170634.7] [169/209]
  * #variants in cis = 5
  * Best hit: [id=2_internal_14490, d=840055, pv=0.130104, s=-0.1204]

Processing phenotype [ENSG00000178021.9] [170/209]
  * #variants in cis = 5
  * Best hit: [id=2_internal_14986, d=342052, pv=0.403734, s=-0.0658]

Processing phenotype [ENSG00000115306.10] [171/209]
  * #variants in cis = 5
  * Best hit: [id=2_internal_16554, d=0, pv=2.26086e-05, s=0.3347]

Processing phenotype [ENSG00000238018.1] [172/209]
  * #variants in cis = 6
  * Best hit: [id=2_internal_16554, d=27015, pv=0.0155148, s=0.1918]

Processing phenotype [ENSG00000214595.6] [173/209]
  * #variants in cis = 6
  * Best hit: [id=2_internal_14490, d=231959, pv=0.289678, s=-0.0879]

Processing phenotype [ENSG00000200086.1] [174/209]
  * #variants in cis = 5
  * Best hit: [id=2_internal_14490, d=30279, pv=0.0928518, s=-0.1344]

Processing phenotype [ENSG00000115310.13] [175/209]
  * #variants in cis = 5
  * Best hit: [id=2_internal_19824, d=98431, pv=0.0730919, s=0.1459]

Processing phenotype [ENSG00000203327.2] [176/209]
  * #variants in cis = 5
  * Best hit: [id=2_internal_14490, d=231884, pv=0.21836, s=0.0942]

Processing phenotype [ENSG00000227799.1] [177/209]
  * #variants in cis = 5
  * Best hit: [id=2_internal_16310, d=-174733, pv=0.163866, s=0.1040]

Processing phenotype [ENSG00000143947.8] [178/209]
  * #variants in cis = 5
  * Best hit: [id=2_internal_16554, d=-596125, pv=0.0498937, s=-0.1503]

Processing phenotype [ENSG00000162994.11] [179/209]
  * #variants in cis = 5
  * Best hit: [id=2_internal_14490, d=248321, pv=0.262917, s=0.0867]

Processing phenotype [ENSG00000085760.9] [180/209]
  * #variants in cis = 5
  * Best hit: [id=2_internal_16310, d=219800, pv=0.487049, s=0.0549]

Processing phenotype [ENSG00000162997.11] [181/209]
  * #variants in cis = 5
  * Best hit: [id=2_internal_19824, d=-268129, pv=0.194268, s=-0.1036]

Processing phenotype [ENSG00000206964.1] [182/209]
  * #variants in cis = 5
  * Best hit: [id=2_internal_16310, d=-236471, pv=0.198386, s=-0.1019]

Processing phenotype [ENSG00000240401.3] [183/209]
  * #variants in cis = 5
  * Best hit: [id=2_internal_16554, d=-672714, pv=0.139152, s=0.1150]

Processing phenotype [ENSG00000115355.11] [184/209]
  * #variants in cis = 5
  * Best hit: [id=2_internal_14490, d=435679, pv=0.030589, s=0.1710]

Processing phenotype [ENSG00000163001.7] [185/209]
  * #variants in cis = 5
  * Best hit: [id=2_internal_16375, d=61769, pv=0.200233, s=-0.1031]

Processing phenotype [ENSG00000212175.1] [186/209]
  * #variants in cis = 5
  * Best hit: [id=2_internal_16554, d=-929925, pv=0.152949, s=-0.1179]

Processing phenotype [ENSG00000138041.11] [187/209]
  * #variants in cis = 5
  * Best hit: [id=2_internal_16310, d=569332, pv=0.098521, s=-0.1294]

Processing phenotype [ENSG00000138035.9] [188/209]
  * #variants in cis = 4
  * Best hit: [id=2_internal_14490, d=709667, pv=0.332257, s=0.0800]

Processing phenotype [ENSG00000028116.12] [189/209]
  * #variants in cis = 0

Processing phenotype [ENSG00000251738.1] [190/209]
  * #variants in cis = 0

Processing phenotype [ENSG00000115392.7] [191/209]
  * #variants in cis = 0

Processing phenotype [ENSG00000233426.2] [192/209]
  * #variants in cis = 0

Processing phenotype [ENSG00000233723.2] [193/209]
  * #variants in cis = 0

Processing phenotype [ENSG00000231043.2] [194/209]
  * #variants in cis = 0

Processing phenotype [ENSG00000233953.1] [195/209]
  * #variants in cis = 3
  * Best hit: [id=2_internal_15046, d=0, pv=0.00875404, s=0.2177]

Processing phenotype [ENSG00000119866.16] [196/209]
  * #variants in cis = 3
  * Best hit: [id=2_internal_15046, d=11944, pv=0.00121509, s=0.2567]

Processing phenotype [ENSG00000115421.8] [197/209]
  * #variants in cis = 3
  * Best hit: [id=2_internal_15046, d=-214607, pv=0.0137142, s=0.1925]

Processing phenotype [ENSG00000228414.2] [198/209]
  * #variants in cis = 4
  * Best hit: [id=2_internal_15046, d=339691, pv=0.398988, s=0.0668]

Processing phenotype [ENSG00000162924.8] [199/209]
  * #variants in cis = 4
  * Best hit: [id=2_internal_15046, d=-339898, pv=0.00185206, s=0.2514]

Processing phenotype [ENSG00000201076.1] [200/209]
  * #variants in cis = 4
  * Best hit: [id=2_internal_15046, d=-369680, pv=0.0355362, s=0.1646]

Processing phenotype [ENSG00000267520.1] [201/209]
  * #variants in cis = 4
  * Best hit: [id=2_internal_15046, d=-384286, pv=0.00176432, s=0.2399]

Processing phenotype [ENSG00000237522.1] [202/209]
  * #variants in cis = 4
  * Best hit: [id=2_internal_19489, d=380556, pv=0.0103554, s=-0.2049]

Processing phenotype [ENSG00000232713.2] [203/209]
  * #variants in cis = 4
  * Best hit: [id=2_internal_15046, d=396981, pv=0.372997, s=0.0701]

Processing phenotype [ENSG00000162928.7] [204/209]
  * #variants in cis = 4
  * Best hit: [id=2_internal_14078, d=745710, pv=0.230172, s=0.1002]

Processing phenotype [ENSG00000162927.8] [205/209]
  * #variants in cis = 4
  * Best hit: [id=2_internal_15046, d=476631, pv=0.0569605, s=0.1525]

Processing phenotype [ENSG00000162929.9] [206/209]
  * #variants in cis = 4
  * Best hit: [id=2_internal_14078, d=697064, pv=0.495665, s=0.0524]

Processing phenotype [ENSG00000212978.4] [207/209]
  * #variants in cis = 4
  * Best hit: [id=2_internal_17242, d=995280, pv=0.212414, s=0.0984]

Processing phenotype [ENSG00000237651.2] [208/209]
  * #variants in cis = 4
  * Best hit: [id=2_internal_14078, d=617827, pv=0.258097, s=0.0913]

Processing phenotype [ENSG00000173209.17] [209/209]
  * #variants in cis = 3
  * Best hit: [id=2_internal_15046, d=-635795, pv=0.332565, s=-0.0777]

Running time: 1 seconds
