Sender: LSF System <lsfadmin@cpt13>
Subject: Job 974475: </data/unige/funpopgen/odelanea/SGX/V2/binaries/qtltools/bin/QTLtools cis --vcf /data/unige/funpopgen/grey2/SYSCID/BLUEPRINT_DATA/CRD/THREE_CELL_TYPES/CLOMICS/CELL_TYPE_COMPARISON_GENE_CRD_ASSOCIATIONS/quantify/72_vs_73_ALL.ALLchr.mean.txt.gz --bed /data/unige/funpopgen/grey2/SYSCID/BLUEPRINT_DATA/CRD/THREE_CELL_TYPES/QTL_TOOLS/EGAD00001002674_v3.0/EGAD00001002674_RNA.PC10.bed.gz --nominal /data/unige/funpopgen/grey2/SYSCID/BLUEPRINT_DATA/CRD/THREE_CELL_TYPES/CLOMICS/CELL_TYPE_COMPARISON_GENE_CRD_ASSOCIATIONS/mapping_aCRD_gene/72_vs_73/gene_CRD_mean_permutations.thresholds.txt --chunk 54 100 --out /data/unige/funpopgen/grey2/SYSCID/BLUEPRINT_DATA/CRD/THREE_CELL_TYPES/CLOMICS/CELL_TYPE_COMPARISON_GENE_CRD_ASSOCIATIONS/mapping_aCRD_gene/72_vs_73/mapping_gene_CRD_mean_chunk54\.txt> in cluster <ug> Done

Job </data/unige/funpopgen/odelanea/SGX/V2/binaries/qtltools/bin/QTLtools cis --vcf /data/unige/funpopgen/grey2/SYSCID/BLUEPRINT_DATA/CRD/THREE_CELL_TYPES/CLOMICS/CELL_TYPE_COMPARISON_GENE_CRD_ASSOCIATIONS/quantify/72_vs_73_ALL.ALLchr.mean.txt.gz --bed /data/unige/funpopgen/grey2/SYSCID/BLUEPRINT_DATA/CRD/THREE_CELL_TYPES/QTL_TOOLS/EGAD00001002674_v3.0/EGAD00001002674_RNA.PC10.bed.gz --nominal /data/unige/funpopgen/grey2/SYSCID/BLUEPRINT_DATA/CRD/THREE_CELL_TYPES/CLOMICS/CELL_TYPE_COMPARISON_GENE_CRD_ASSOCIATIONS/mapping_aCRD_gene/72_vs_73/gene_CRD_mean_permutations.thresholds.txt --chunk 54 100 --out /data/unige/funpopgen/grey2/SYSCID/BLUEPRINT_DATA/CRD/THREE_CELL_TYPES/CLOMICS/CELL_TYPE_COMPARISON_GENE_CRD_ASSOCIATIONS/mapping_aCRD_gene/72_vs_73/mapping_gene_CRD_mean_chunk54\.txt> was submitted from host <cpt01> by user <grey2> in cluster <ug>.
Job was executed on host(s) <cpt13>, in queue <normal>, as user <grey2> in cluster <ug>.
</home/grey2> was used as the home directory.
</data/unige/funpopgen/grey2/SYSCID/BLUEPRINT_DATA/CRD/THREE_CELL_TYPES/CLOMICS/CELL_TYPE_COMPARISON_GENE_CRD_ASSOCIATIONS> was used as the working directory.
Started at Thu Mar 21 13:44:09 2019
Results reported at Thu Mar 21 13:44:14 2019

Your job looked like:

------------------------------------------------------------
# LSBATCH: User input
/data/unige/funpopgen/odelanea/SGX/V2/binaries/qtltools/bin/QTLtools cis --vcf /data/unige/funpopgen/grey2/SYSCID/BLUEPRINT_DATA/CRD/THREE_CELL_TYPES/CLOMICS/CELL_TYPE_COMPARISON_GENE_CRD_ASSOCIATIONS/quantify/72_vs_73_ALL.ALLchr.mean.txt.gz --bed /data/unige/funpopgen/grey2/SYSCID/BLUEPRINT_DATA/CRD/THREE_CELL_TYPES/QTL_TOOLS/EGAD00001002674_v3.0/EGAD00001002674_RNA.PC10.bed.gz --nominal /data/unige/funpopgen/grey2/SYSCID/BLUEPRINT_DATA/CRD/THREE_CELL_TYPES/CLOMICS/CELL_TYPE_COMPARISON_GENE_CRD_ASSOCIATIONS/mapping_aCRD_gene/72_vs_73/gene_CRD_mean_permutations.thresholds.txt --chunk 54 100 --out /data/unige/funpopgen/grey2/SYSCID/BLUEPRINT_DATA/CRD/THREE_CELL_TYPES/CLOMICS/CELL_TYPE_COMPARISON_GENE_CRD_ASSOCIATIONS/mapping_aCRD_gene/72_vs_73/mapping_gene_CRD_mean_chunk54\.txt

------------------------------------------------------------

Successfully completed.

Resource usage summary:

    CPU time :               1.63 sec.
    Max Memory :             2.11 MB
    Average Memory :         2.11 MB
    Total Requested Memory : -
    Delta Memory :           -
    (Delta: the difference between total requested memory and actual max usage.)
    Max Swap :               31 MB

    Max Processes :          1
    Max Threads :            1

The output (if any) follows:


[32mQTLtools[0m
  * Authors : Olivier DELANEAU / Halit ONGEN / Emmanouil DERMITZAKIS
  * Contact : olivier.delaneau@gmail.com / halit.ongen@unige.ch / Emmanouil.Dermitzakis@unige.ch
  * Webpage : https://qtltools.github.io/qtltools/
  * Version : 1.1
  * Date    : 21/03/2019 - 13:44:12
  * Citation: A complete tool set for molecular QTL discovery and analysis, https://doi.org/10.1101/068635

[32mMAPPING QTL IN CIS[0m
  * TASK: Report all nominal associations with p below thresholds in [/data/unige/funpopgen/grey2/SYSCID/BLUEPRINT_DATA/CRD/THREE_CELL_TYPES/CLOMICS/CELL_TYPE_COMPARISON_GENE_CRD_ASSOCIATIONS/mapping_aCRD_gene/72_vs_73/gene_CRD_mean_permutations.thresholds.txt]
  * Linear model: Phe ~ Var
  * Cis-window size is 1000000 bp
  * Chunk = [54/100]

Scanning phenotype data in [/data/unige/funpopgen/grey2/SYSCID/BLUEPRINT_DATA/CRD/THREE_CELL_TYPES/QTL_TOOLS/EGAD00001002674_v3.0/EGAD00001002674_RNA.PC10.bed.gz]
  * 26159 phenotypes included
  * 13004 phenotypes are on the negative strand

Initialize random number generator
  * Built-in seed is 15112011
  * First Integer = 30554
  * First Double = 0.0126695

Reading sample list from [/data/unige/funpopgen/grey2/SYSCID/BLUEPRINT_DATA/CRD/THREE_CELL_TYPES/QTL_TOOLS/EGAD00001002674_v3.0/EGAD00001002674_RNA.PC10.bed.gz]
  * #samples = 194

Reading sample list from [/data/unige/funpopgen/grey2/SYSCID/BLUEPRINT_DATA/CRD/THREE_CELL_TYPES/CLOMICS/CELL_TYPE_COMPARISON_GENE_CRD_ASSOCIATIONS/quantify/72_vs_73_ALL.ALLchr.mean.txt.gz]
  * #samples = 160

Merging sample sets from all input files
  * #files = 2
  * #samples in all files = 158
  * #samples NOT in all files (i.e. ignored) = 38

Reading phenotype data in [/data/unige/funpopgen/grey2/SYSCID/BLUEPRINT_DATA/CRD/THREE_CELL_TYPES/QTL_TOOLS/EGAD00001002674_v3.0/EGAD00001002674_RNA.PC10.bed.gz]
  * target region [12:104697517-133787772]
  * 363 phenotypes included
  * 175 phenotypes are on the negative strand

Reading genotype data in [/data/unige/funpopgen/grey2/SYSCID/BLUEPRINT_DATA/CRD/THREE_CELL_TYPES/CLOMICS/CELL_TYPE_COMPARISON_GENE_CRD_ASSOCIATIONS/quantify/72_vs_73_ALL.ALLchr.mean.txt.gz]
  * File format detected: BED
  * 158 samples included
  * 4 samples without phenotype data
  * target region [12:103697517-134787772]
  * 52 variants included

Reading nominal thresholds in [/data/unige/funpopgen/grey2/SYSCID/BLUEPRINT_DATA/CRD/THREE_CELL_TYPES/CLOMICS/CELL_TYPE_COMPARISON_GENE_CRD_ASSOCIATIONS/mapping_aCRD_gene/72_vs_73/gene_CRD_mean_permutations.thresholds.txt]
  * #phenotypes set = 363

Processing phenotype [ENSG00000255150.1] [1/363]
  * #variants in cis = 5
  * Best hit: [id=12_internal_13149, d=154907, pv=0.238351, s=-0.0916]

Processing phenotype [ENSG00000171310.6] [2/363]
  * #variants in cis = 5
  * Best hit: [id=12_internal_10890, d=142973, pv=0.373289, s=-0.0729]

Processing phenotype [ENSG00000258111.1] [3/363]
  * #variants in cis = 4
  * Best hit: [id=12_internal_13149, d=0, pv=0.327291, s=0.0798]

Processing phenotype [ENSG00000264295.1] [4/363]
  * #variants in cis = 4
  * Best hit: [id=12_internal_9835, d=-91518, pv=0.12293, s=-0.1222]

Processing phenotype [ENSG00000136052.5] [5/363]
  * #variants in cis = 3
  * Best hit: [id=12_internal_9835, d=458629, pv=0.352549, s=-0.0754]

Processing phenotype [ENSG00000151131.5] [6/363]
  * #variants in cis = 3
  * Best hit: [id=12_internal_9835, d=-486195, pv=0.169936, s=-0.1104]

Processing phenotype [ENSG00000136010.9] [7/363]
  * #variants in cis = 3
  * Best hit: [id=12_internal_9835, d=584462, pv=0.000356238, s=-0.2828]

Processing phenotype [ENSG00000257999.1] [8/363]
  * #variants in cis = 3
  * Best hit: [id=12_internal_13149, d=353265, pv=0.738071, s=0.0270]

Processing phenotype [ENSG00000136051.9] [9/363]
  * #variants in cis = 3
  * Best hit: [id=12_internal_10890, d=-493036, pv=0.327496, s=-0.0772]

Processing phenotype [ENSG00000235162.4] [10/363]
  * #variants in cis = 4
  * Best hit: [id=12_internal_13149, d=-481376, pv=0.075776, s=-0.1420]

Processing phenotype [ENSG00000136044.7] [11/363]
  * #variants in cis = 4
  * Best hit: [id=12_internal_13149, d=482324, pv=0.165888, s=-0.1068]

Processing phenotype [ENSG00000258355.1] [12/363]
  * #variants in cis = 2
  * Best hit: [id=12_internal_9451, d=0, pv=0.000655411, s=0.2702]

Processing phenotype [ENSG00000166046.6] [13/363]
  * #variants in cis = 2
  * Best hit: [id=12_internal_9451, d=-54436, pv=0.557643, s=0.0475]

Processing phenotype [ENSG00000136026.9] [14/363]
  * #variants in cis = 2
  * Best hit: [id=12_internal_9451, d=56786, pv=2.08153e-07, s=0.4016]

Processing phenotype [ENSG00000013503.4] [15/363]
  * #variants in cis = 3
  * Best hit: [id=12_internal_9451, d=-110165, pv=0.0810465, s=0.1382]

Processing phenotype [ENSG00000111785.14] [16/363]
  * #variants in cis = 3
  * Best hit: [id=12_internal_9451, d=-527102, pv=0.627761, s=0.0382]

Processing phenotype [ENSG00000257545.1] [17/363]
  * #variants in cis = 3
  * Best hit: [id=12_internal_9260, d=20265, pv=0.169491, s=0.1100]

Processing phenotype [ENSG00000151135.5] [18/363]
  * #variants in cis = 3
  * Best hit: [id=12_internal_9451, d=-708226, pv=0.657298, s=-0.0363]

Processing phenotype [ENSG00000120832.5] [19/363]
  * #variants in cis = 3
  * Best hit: [id=12_internal_9260, d=232513, pv=0.0152633, s=-0.1851]

Processing phenotype [ENSG00000257548.1] [20/363]
  * #variants in cis = 4
  * Best hit: [id=12_internal_9260, d=-338645, pv=0.0147393, s=0.1947]

Processing phenotype [ENSG00000008405.7] [21/363]
  * #variants in cis = 4
  * Best hit: [id=12_internal_13365, d=-232734, pv=0.0421265, s=0.1563]

Processing phenotype [ENSG00000151136.10] [22/363]
  * #variants in cis = 3
  * Best hit: [id=12_internal_13365, d=8151, pv=1.33783e-25, s=0.7263]

Processing phenotype [ENSG00000222302.1] [23/363]
  * #variants in cis = 3
  * Best hit: [id=12_internal_13365, d=0, pv=0.00902854, s=0.1990]

Processing phenotype [ENSG00000257579.1] [24/363]
  * #variants in cis = 4
  * Best hit: [id=12_internal_13365, d=107155, pv=1.29723e-14, s=0.5780]

Processing phenotype [ENSG00000222160.1] [25/363]
  * #variants in cis = 4
  * Best hit: [id=12_internal_13365, d=-140223, pv=0.0162721, s=0.1880]

Processing phenotype [ENSG00000136045.6] [26/363]
  * #variants in cis = 4
  * Best hit: [id=12_internal_9260, d=-931078, pv=0.415189, s=-0.0603]

Processing phenotype [ENSG00000240441.1] [27/363]
  * #variants in cis = 5
  * Best hit: [id=12_internal_13365, d=-209033, pv=0.132454, s=0.1146]

Processing phenotype [ENSG00000258136.1] [28/363]
  * #variants in cis = 5
  * Best hit: [id=12_internal_12827, d=980379, pv=0.0999094, s=-0.1340]

Processing phenotype [ENSG00000110851.7] [29/363]
  * #variants in cis = 4
  * Best hit: [id=12_internal_12827, d=-955662, pv=0.0191875, s=-0.1844]

Processing phenotype [ENSG00000174600.9] [30/363]
  * #variants in cis = 4
  * Best hit: [id=12_internal_9842, d=0, pv=4.77583e-17, s=0.6168]

Processing phenotype [ENSG00000198855.2] [31/363]
  * #variants in cis = 3
  * Best hit: [id=12_internal_13478, d=21640, pv=0.0496448, s=0.1517]

Processing phenotype [ENSG00000075856.7] [32/363]
  * #variants in cis = 3
  * Best hit: [id=12_internal_13478, d=0, pv=0.0588445, s=0.1547]

Processing phenotype [ENSG00000136003.11] [33/363]
  * #variants in cis = 3
  * Best hit: [id=12_internal_12827, d=154353, pv=0.116504, s=-0.1290]

Processing phenotype [ENSG00000183160.8] [34/363]
  * #variants in cis = 3
  * Best hit: [id=12_internal_13478, d=21556, pv=0.428097, s=0.0632]

Processing phenotype [ENSG00000257221.1] [35/363]
  * #variants in cis = 3
  * Best hit: [id=12_internal_9842, d=-288490, pv=0.0449098, s=-0.1637]

Processing phenotype [ENSG00000110876.8] [36/363]
  * #variants in cis = 3
  * Best hit: [id=12_internal_9842, d=293762, pv=0.0425579, s=0.1557]

Processing phenotype [ENSG00000238457.1] [37/363]
  * #variants in cis = 3
  * Best hit: [id=12_internal_13478, d=-91684, pv=0.443827, s=-0.0604]

Processing phenotype [ENSG00000110880.6] [38/363]
  * #variants in cis = 3
  * Best hit: [id=12_internal_12827, d=4447, pv=0.0545119, s=0.1510]

Processing phenotype [ENSG00000264043.1] [39/363]
  * #variants in cis = 3
  * Best hit: [id=12_internal_13478, d=203654, pv=0.0173181, s=-0.1883]

Processing phenotype [ENSG00000207622.1] [40/363]
  * #variants in cis = 3
  * Best hit: [id=12_internal_12827, d=109857, pv=0.010082, s=0.2039]

Processing phenotype [ENSG00000084112.9] [41/363]
  * #variants in cis = 3
  * Best hit: [id=12_internal_9842, d=517393, pv=0.0105715, s=0.2014]

Processing phenotype [ENSG00000110887.3] [42/363]
  * #variants in cis = 3
  * Best hit: [id=12_internal_12827, d=-131783, pv=0.456002, s=0.0565]

Processing phenotype [ENSG00000135093.7] [43/363]
  * #variants in cis = 3
  * Best hit: [id=12_internal_9842, d=-726921, pv=0.0725306, s=0.1405]

Processing phenotype [ENSG00000256262.1] [44/363]
  * #variants in cis = 3
  * Best hit: [id=12_internal_12827, d=370832, pv=0.114634, s=-0.1266]

Processing phenotype [ENSG00000212138.1] [45/363]
  * #variants in cis = 3
  * Best hit: [id=12_internal_13478, d=-527251, pv=0.000300195, s=0.2832]

Processing phenotype [ENSG00000189046.5] [46/363]
  * #variants in cis = 3
  * Best hit: [id=12_internal_12827, d=410511, pv=0.0429823, s=0.1626]

Processing phenotype [ENSG00000076248.5] [47/363]
  * #variants in cis = 3
  * Best hit: [id=12_internal_9842, d=-801406, pv=0.492048, s=0.0576]

Processing phenotype [ENSG00000256139.1] [48/363]
  * #variants in cis = 3
  * Best hit: [id=12_internal_13478, d=-578483, pv=0.113954, s=-0.1290]

Processing phenotype [ENSG00000076555.11] [49/363]
  * #variants in cis = 3
  * Best hit: [id=12_internal_13478, d=-583860, pv=0.0274734, s=-0.1786]

Processing phenotype [ENSG00000174527.4] [50/363]
  * #variants in cis = 2
  * Best hit: [id=12_internal_13478, d=-855984, pv=0.982211, s=0.0018]

Processing phenotype [ENSG00000255655.1] [51/363]
  * #variants in cis = 2
  * Best hit: [id=12_internal_13478, d=914762, pv=0.271901, s=-0.0875]

Processing phenotype [ENSG00000151148.8] [52/363]
  * #variants in cis = 2
  * Best hit: [id=12_internal_12827, d=-794282, pv=0.501598, s=-0.0533]

Processing phenotype [ENSG00000110906.8] [53/363]
  * #variants in cis = 2
  * Best hit: [id=12_internal_12827, d=794424, pv=0.499775, s=0.0550]

Processing phenotype [ENSG00000110921.7] [54/363]
  * #variants in cis = 2
  * Best hit: [id=12_internal_14114, d=978477, pv=0.168673, s=-0.1064]

Processing phenotype [ENSG00000139428.5] [55/363]
  * #variants in cis = 2
  * Best hit: [id=12_internal_12827, d=890754, pv=0.275341, s=-0.0814]

Processing phenotype [ENSG00000139438.5] [56/363]
  * #variants in cis = 2
  * Best hit: [id=12_internal_14114, d=837504, pv=0.0126591, s=0.1976]

Processing phenotype [ENSG00000111199.6] [57/363]
  * #variants in cis = 3
  * Best hit: [id=12_internal_14114, d=-718325, pv=0.479129, s=0.0557]

Processing phenotype [ENSG00000256351.1] [58/363]
  * #variants in cis = 3
  * Best hit: [id=12_internal_9599, d=-748556, pv=0.428585, s=0.0632]

Processing phenotype [ENSG00000241413.2] [59/363]
  * #variants in cis = 3
  * Best hit: [id=12_internal_9556, d=-851829, pv=0.149198, s=0.1136]

Processing phenotype [ENSG00000139433.4] [60/363]
  * #variants in cis = 3
  * Best hit: [id=12_internal_9599, d=-728488, pv=0.422165, s=-0.0667]

Processing phenotype [ENSG00000249094.2] [61/363]
  * #variants in cis = 3
  * Best hit: [id=12_internal_9556, d=837662, pv=0.0751546, s=0.1364]

Processing phenotype [ENSG00000139437.13] [62/363]
  * #variants in cis = 4
  * Best hit: [id=12_internal_9599, d=708712, pv=0.0224778, s=-0.1771]

Processing phenotype [ENSG00000139436.14] [63/363]
  * #variants in cis = 4
  * Best hit: [id=12_internal_9599, d=-612587, pv=0.0444876, s=-0.1532]

Processing phenotype [ENSG00000076513.11] [64/363]
  * #variants in cis = 4
  * Best hit: [id=12_internal_9535, d=894954, pv=0.50462, s=0.0551]

Processing phenotype [ENSG00000174456.7] [65/363]
  * #variants in cis = 4
  * Best hit: [id=12_internal_14114, d=-478046, pv=0.364077, s=-0.0739]

Processing phenotype [ENSG00000122970.11] [66/363]
  * #variants in cis = 4
  * Best hit: [id=12_internal_9535, d=769805, pv=0.165339, s=0.1100]

Processing phenotype [ENSG00000174437.10] [67/363]
  * #variants in cis = 4
  * Best hit: [id=12_internal_14114, d=270976, pv=0.0440172, s=0.1625]

Processing phenotype [ENSG00000264626.1] [68/363]
  * #variants in cis = 4
  * Best hit: [id=12_internal_9556, d=-357592, pv=0.0203228, s=0.1814]

Processing phenotype [ENSG00000196510.6] [69/363]
  * #variants in cis = 4
  * Best hit: [id=12_internal_14114, d=-148002, pv=0.00440311, s=-0.2180]

Processing phenotype [ENSG00000258210.1] [70/363]
  * #variants in cis = 5
  * Best hit: [id=12_internal_14114, d=-106184, pv=0.132846, s=-0.1197]

Processing phenotype [ENSG00000111229.10] [71/363]
  * #variants in cis = 5
  * Best hit: [id=12_internal_9599, d=-158554, pv=0.0871009, s=-0.1378]

Processing phenotype [ENSG00000241680.1] [72/363]
  * #variants in cis = 5
  * Best hit: [id=12_internal_8613, d=945474, pv=0.0964897, s=0.1338]

Processing phenotype [ENSG00000204856.7] [73/363]
  * #variants in cis = 5
  * Best hit: [id=12_internal_14114, d=83368, pv=0.0219481, s=0.1847]

Processing phenotype [ENSG00000111231.3] [74/363]
  * #variants in cis = 5
  * Best hit: [id=12_internal_14114, d=-82518, pv=0.0657221, s=0.1443]

Processing phenotype [ENSG00000257760.1] [75/363]
  * #variants in cis = 5
  * Best hit: [id=12_internal_8613, d=-937194, pv=0.123414, s=0.1200]

Processing phenotype [ENSG00000202335.1] [76/363]
  * #variants in cis = 5
  * Best hit: [id=12_internal_9535, d=-397719, pv=0.277728, s=-0.0862]

Processing phenotype [ENSG00000151164.14] [77/363]
  * #variants in cis = 5
  * Best hit: [id=12_internal_14114, d=50077, pv=0.0230287, s=-0.1876]

Processing phenotype [ENSG00000111237.12] [78/363]
  * #variants in cis = 5
  * Best hit: [id=12_internal_14114, d=-49615, pv=0.0755408, s=-0.1442]

Processing phenotype [ENSG00000196850.4] [79/363]
  * #variants in cis = 5
  * Best hit: [id=12_internal_8613, d=-823142, pv=0.245286, s=0.0953]

Processing phenotype [ENSG00000204852.9] [80/363]
  * #variants in cis = 5
  * Best hit: [id=12_internal_9556, d=104311, pv=0.169065, s=0.1060]

Processing phenotype [ENSG00000122986.9] [81/363]
  * #variants in cis = 5
  * Best hit: [id=12_internal_9556, d=-13388, pv=0.158601, s=0.1091]

Processing phenotype [ENSG00000186298.7] [82/363]
  * #variants in cis = 5
  * Best hit: [id=12_internal_14114, d=42895, pv=0.00187426, s=-0.2477]

Processing phenotype [ENSG00000111249.8] [83/363]
  * #variants in cis = 5
  * Best hit: [id=12_internal_9556, d=-304923, pv=0.0688784, s=-0.1455]

Processing phenotype [ENSG00000198324.9] [84/363]
  * #variants in cis = 6
  * Best hit: [id=12_internal_9001, d=-789124, pv=0.016583, s=0.1872]

Processing phenotype [ENSG00000257595.1] [85/363]
  * #variants in cis = 6
  * Best hit: [id=12_internal_8613, d=37181, pv=0.0666284, s=-0.1395]

Processing phenotype [ENSG00000257539.1] [86/363]
  * #variants in cis = 6
  * Best hit: [id=12_internal_8613, d=24595, pv=0.0206792, s=-0.1817]

Processing phenotype [ENSG00000111252.5] [87/363]
  * #variants in cis = 6
  * Best hit: [id=12_internal_9599, d=-790701, pv=0.0606374, s=0.1524]

Processing phenotype [ENSG00000239071.1] [88/363]
  * #variants in cis = 7
  * Best hit: [id=12_internal_9599, d=949636, pv=0.0129302, s=-0.1975]

Processing phenotype [ENSG00000238168.4] [89/363]
  * #variants in cis = 7
  * Best hit: [id=12_internal_8613, d=-129018, pv=0.0678515, s=-0.1424]

Processing phenotype [ENSG00000258099.1] [90/363]
  * #variants in cis = 7
  * Best hit: [id=12_internal_9535, d=-692585, pv=0.241919, s=-0.0967]

Processing phenotype [ENSG00000204842.8] [91/363]
  * #variants in cis = 7
  * Best hit: [id=12_internal_9243, d=-824116, pv=0.0439717, s=-0.1571]

Processing phenotype [ENSG00000258359.1] [92/363]
  * #variants in cis = 6
  * Best hit: [id=12_internal_9535, d=763449, pv=0.0184318, s=0.1873]

Processing phenotype [ENSG00000089234.10] [93/363]
  * #variants in cis = 6
  * Best hit: [id=12_internal_9556, d=956885, pv=0.0493966, s=-0.1572]

Processing phenotype [ENSG00000111271.9] [94/363]
  * #variants in cis = 6
  * Best hit: [id=12_internal_14114, d=-986008, pv=0.0398204, s=0.1645]

Processing phenotype [ENSG00000257767.1] [95/363]
  * #variants in cis = 4
  * Best hit: [id=12_internal_9001, d=402579, pv=0.0483052, s=0.1604]

Processing phenotype [ENSG00000111275.6] [96/363]
  * #variants in cis = 4
  * Best hit: [id=12_internal_9001, d=391358, pv=0.12126, s=0.1268]

Processing phenotype [ENSG00000257877.1] [97/363]
  * #variants in cis = 4
  * Best hit: [id=12_internal_8613, d=-360436, pv=0.111824, s=-0.1296]

Processing phenotype [ENSG00000248594.2] [98/363]
  * #variants in cis = 4
  * Best hit: [id=12_internal_9001, d=-316838, pv=0.263208, s=0.0926]

Processing phenotype [ENSG00000089022.8] [99/363]
  * #variants in cis = 4
  * Best hit: [id=12_internal_8613, d=-389621, pv=0.230816, s=-0.0960]

Processing phenotype [ENSG00000234608.2] [100/363]
  * #variants in cis = 4
  * Best hit: [id=12_internal_9243, d=-580890, pv=0.175989, s=0.1095]

Processing phenotype [ENSG00000244060.2] [101/363]
  * #variants in cis = 4
  * Best hit: [id=12_internal_9535, d=973336, pv=0.259715, s=-0.0896]

Processing phenotype [ENSG00000229186.2] [102/363]
  * #variants in cis = 4
  * Best hit: [id=12_internal_9535, d=-992350, pv=0.0135342, s=-0.1947]

Processing phenotype [ENSG00000226469.1] [103/363]
  * #variants in cis = 4
  * Best hit: [id=12_internal_8816, d=975201, pv=0.026325, s=0.1773]

Processing phenotype [ENSG00000258373.1] [104/363]
  * #variants in cis = 5
  * Best hit: [id=12_internal_8613, d=-540639, pv=0.0514563, s=0.1512]

Processing phenotype [ENSG00000198270.6] [105/363]
  * #variants in cis = 5
  * Best hit: [id=12_internal_9001, d=-145114, pv=0.0879189, s=0.1365]

Processing phenotype [ENSG00000089248.6] [106/363]
  * #variants in cis = 5
  * Best hit: [id=12_internal_8613, d=-560959, pv=0.000230226, s=-0.2717]

Processing phenotype [ENSG00000266370.1] [107/363]
  * #variants in cis = 5
  * Best hit: [id=12_internal_8613, d=585358, pv=0.107321, s=-0.1293]

Processing phenotype [ENSG00000258323.1] [108/363]
  * #variants in cis = 6
  * Best hit: [id=12_internal_9001, d=94336, pv=0.0935179, s=0.1391]

Processing phenotype [ENSG00000200688.1] [109/363]
  * #variants in cis = 6
  * Best hit: [id=12_internal_8816, d=833115, pv=0.00919649, s=-0.2049]

Processing phenotype [ENSG00000111300.5] [110/363]
  * #variants in cis = 6
  * Best hit: [id=12_internal_8816, d=-793197, pv=0.00260421, s=-0.2348]

Processing phenotype [ENSG00000135148.7] [111/363]
  * #variants in cis = 6
  * Best hit: [id=12_internal_8816, d=776718, pv=0.00176248, s=0.2559]

Processing phenotype [ENSG00000200135.1] [112/363]
  * #variants in cis = 7
  * Best hit: [id=12_internal_9243, d=274432, pv=0.28926, s=-0.0864]

Processing phenotype [ENSG00000257494.1] [113/363]
  * #variants in cis = 8
  * Best hit: [id=12_internal_9733, d=806010, pv=0.301531, s=0.0797]

Processing phenotype [ENSG00000201428.1] [114/363]
  * #variants in cis = 8
  * Best hit: [id=12_internal_8613, d=-814720, pv=0.00503787, s=-0.2164]

Processing phenotype [ENSG00000213152.5] [115/363]
  * #variants in cis = 8
  * Best hit: [id=12_internal_10422, d=-916984, pv=0.191369, s=-0.1061]

Processing phenotype [ENSG00000257658.1] [116/363]
  * #variants in cis = 8
  * Best hit: [id=12_internal_10422, d=897888, pv=0.101286, s=0.1295]

Processing phenotype [ENSG00000173064.5] [117/363]
  * #variants in cis = 8
  * Best hit: [id=12_internal_8816, d=-520127, pv=0.0203955, s=-0.1790]

Processing phenotype [ENSG00000179295.11] [118/363]
  * #variants in cis = 8
  * Best hit: [id=12_internal_8816, d=483868, pv=0.000898872, s=-0.2689]

Processing phenotype [ENSG00000089009.9] [119/363]
  * #variants in cis = 8
  * Best hit: [id=12_internal_8816, d=-483381, pv=0.0151914, s=-0.1809]

Processing phenotype [ENSG00000089169.9] [120/363]
  * #variants in cis = 7
  * Best hit: [id=12_internal_8816, d=331839, pv=0.0403503, s=-0.1681]

Processing phenotype [ENSG00000089127.8] [121/363]
  * #variants in cis = 7
  * Best hit: [id=12_internal_8816, d=0, pv=0.000236094, s=0.2950]

Processing phenotype [ENSG00000111331.8] [122/363]
  * #variants in cis = 7
  * Best hit: [id=12_internal_8816, d=-28220, pv=0.00558675, s=0.2246]

Processing phenotype [ENSG00000111335.8] [123/363]
  * #variants in cis = 7
  * Best hit: [id=12_internal_8816, d=-68263, pv=0.0028144, s=0.2426]

Processing phenotype [ENSG00000257452.1] [124/363]
  * #variants in cis = 7
  * Best hit: [id=12_internal_8816, d=107619, pv=0.00606066, s=0.2215]

Processing phenotype [ENSG00000135144.3] [125/363]
  * #variants in cis = 7
  * Best hit: [id=12_internal_9001, d=-893732, pv=0.21172, s=0.1007]

Processing phenotype [ENSG00000186710.7] [126/363]
  * #variants in cis = 7
  * Best hit: [id=12_internal_10176, d=-167148, pv=0.243004, s=-0.0938]

Processing phenotype [ENSG00000199899.1] [127/363]
  * #variants in cis = 7
  * Best hit: [id=12_internal_9227, d=3203, pv=0.00501147, s=0.2160]

Processing phenotype [ENSG00000233796.1] [128/363]
  * #variants in cis = 7
  * Best hit: [id=12_internal_10176, d=-176041, pv=0.204607, s=-0.1014]

Processing phenotype [ENSG00000201208.1] [129/363]
  * #variants in cis = 6
  * Best hit: [id=12_internal_9243, d=746863, pv=0.432375, s=-0.0629]

Processing phenotype [ENSG00000123064.8] [130/363]
  * #variants in cis = 6
  * Best hit: [id=12_internal_9227, d=31821, pv=0.180846, s=0.1060]

Processing phenotype [ENSG00000139405.9] [131/363]
  * #variants in cis = 6
  * Best hit: [id=12_internal_9227, d=-31868, pv=0.151226, s=-0.1196]

Processing phenotype [ENSG00000257286.1] [132/363]
  * #variants in cis = 6
  * Best hit: [id=12_internal_8816, d=282029, pv=0.131524, s=-0.1223]

Processing phenotype [ENSG00000186815.8] [133/363]
  * #variants in cis = 6
  * Best hit: [id=12_internal_10422, d=0, pv=0.0162127, s=0.1961]

Processing phenotype [ENSG00000166578.5] [134/363]
  * #variants in cis = 6
  * Best hit: [id=12_internal_10422, d=0, pv=0.0152425, s=0.1902]

Processing phenotype [ENSG00000151176.3] [135/363]
  * #variants in cis = 6
  * Best hit: [id=12_internal_8816, d=-448434, pv=0.0343032, s=-0.1675]

Processing phenotype [ENSG00000089060.7] [136/363]
  * #variants in cis = 6
  * Best hit: [id=12_internal_10422, d=94587, pv=0.12494, s=0.1223]

Processing phenotype [ENSG00000139410.10] [137/363]
  * #variants in cis = 6
  * Best hit: [id=12_internal_8816, d=-512105, pv=0.00404744, s=0.2148]

Processing phenotype [ENSG00000135094.6] [138/363]
  * #variants in cis = 6
  * Best hit: [id=12_internal_8816, d=516169, pv=0.142239, s=0.1158]

Processing phenotype [ENSG00000257359.1] [139/363]
  * #variants in cis = 4
  * Best hit: [id=12_internal_10422, d=-667663, pv=0.419615, s=-0.0655]

Processing phenotype [ENSG00000122965.6] [140/363]
  * #variants in cis = 4
  * Best hit: [id=12_internal_10176, d=983661, pv=0.0328401, s=0.1686]

Processing phenotype [ENSG00000258034.1] [141/363]
  * #variants in cis = 0

Processing phenotype [ENSG00000200665.1] [142/363]
  * #variants in cis = 0

Processing phenotype [ENSG00000207967.1] [143/363]
  * #variants in cis = 0

Processing phenotype [ENSG00000257979.1] [144/363]
  * #variants in cis = 0

Processing phenotype [ENSG00000258337.1] [145/363]
  * #variants in cis = 0

Processing phenotype [ENSG00000263768.1] [146/363]
  * #variants in cis = 0

Processing phenotype [ENSG00000123066.3] [147/363]
  * #variants in cis = 0

Processing phenotype [ENSG00000196668.3] [148/363]
  * #variants in cis = 0

Processing phenotype [ENSG00000258102.1] [149/363]
  * #variants in cis = 0

Processing phenotype [ENSG00000171471.5] [150/363]
  * #variants in cis = 0

Processing phenotype [ENSG00000258249.1] [151/363]
  * #variants in cis = 0

Processing phenotype [ENSG00000111412.4] [152/363]
  * #variants in cis = 0

Processing phenotype [ENSG00000135119.10] [153/363]
  * #variants in cis = 0

Processing phenotype [ENSG00000174989.7] [154/363]
  * #variants in cis = 0

Processing phenotype [ENSG00000257279.1] [155/363]
  * #variants in cis = 0

Processing phenotype [ENSG00000088992.13] [156/363]
  * #variants in cis = 0

Processing phenotype [ENSG00000258285.1] [157/363]
  * #variants in cis = 0

Processing phenotype [ENSG00000135108.10] [158/363]
  * #variants in cis = 0

Processing phenotype [ENSG00000111445.9] [159/363]
  * #variants in cis = 0

Processing phenotype [ENSG00000176871.4] [160/363]
  * #variants in cis = 0

Processing phenotype [ENSG00000089220.4] [161/363]
  * #variants in cis = 0

Processing phenotype [ENSG00000176834.9] [162/363]
  * #variants in cis = 0

Processing phenotype [ENSG00000221280.1] [163/363]
  * #variants in cis = 0

Processing phenotype [ENSG00000240342.2] [164/363]
  * #variants in cis = 0

Processing phenotype [ENSG00000135090.9] [165/363]
  * #variants in cis = 0

Processing phenotype [ENSG00000111707.7] [166/363]
  * #variants in cis = 0

Processing phenotype [ENSG00000244112.2] [167/363]
  * #variants in cis = 1
  * Best hit: [id=12_internal_8876, d=994239, pv=0.115917, s=-0.1225]

Processing phenotype [ENSG00000111725.6] [168/363]
  * #variants in cis = 1
  * Best hit: [id=12_internal_8876, d=320343, pv=0.180685, s=0.1097]

Processing phenotype [ENSG00000248636.2] [169/363]
  * #variants in cis = 1
  * Best hit: [id=12_internal_8876, d=-320017, pv=0.465407, s=-0.0570]

Processing phenotype [ENSG00000122966.9] [170/363]
  * #variants in cis = 1
  * Best hit: [id=12_internal_8876, d=-110806, pv=0.481736, s=-0.0566]

Processing phenotype [ENSG00000135127.7] [171/363]
  * #variants in cis = 1
  * Best hit: [id=12_internal_8876, d=0, pv=0.0320119, s=0.1711]

Processing phenotype [ENSG00000111737.7] [172/363]
  * #variants in cis = 1
  * Best hit: [id=12_internal_8876, d=29400, pv=0.161461, s=0.1096]

Processing phenotype [ENSG00000266704.1] [173/363]
  * #variants in cis = 1
  * Best hit: [id=12_internal_8876, d=67397, pv=0.341813, s=-0.0740]

Processing phenotype [ENSG00000263913.1] [174/363]
  * #variants in cis = 1
  * Best hit: [id=12_internal_8876, d=84024, pv=0.0591739, s=-0.1483]

Processing phenotype [ENSG00000089154.6] [175/363]
  * #variants in cis = 1
  * Best hit: [id=12_internal_8876, d=106607, pv=0.438312, s=-0.0632]

Processing phenotype [ENSG00000089157.11] [176/363]
  * #variants in cis = 1
  * Best hit: [id=12_internal_8876, d=113132, pv=0.810083, s=0.0185]

Processing phenotype [ENSG00000255857.1] [177/363]
  * #variants in cis = 1
  * Best hit: [id=12_internal_8876, d=-113188, pv=0.887456, s=0.0111]

Processing phenotype [ENSG00000240925.1] [178/363]
  * #variants in cis = 1
  * Best hit: [id=12_internal_8876, d=-159357, pv=0.738646, s=0.0276]

Processing phenotype [ENSG00000089159.11] [179/363]
  * #variants in cis = 1
  * Best hit: [id=12_internal_8876, d=177668, pv=0.507992, s=0.0542]

Processing phenotype [ENSG00000202538.1] [180/363]
  * #variants in cis = 1
  * Best hit: [id=12_internal_8876, d=203800, pv=0.588935, s=-0.0422]

Processing phenotype [ENSG00000200795.1] [181/363]
  * #variants in cis = 1
  * Best hit: [id=12_internal_8876, d=205134, pv=0.751197, s=0.0256]

Processing phenotype [ENSG00000089163.4] [182/363]
  * #variants in cis = 1
  * Best hit: [id=12_internal_8876, d=-214213, pv=0.548657, s=0.0492]

Processing phenotype [ENSG00000111775.2] [183/363]
  * #variants in cis = 1
  * Best hit: [id=12_internal_8876, d=-349987, pv=0.55372, s=-0.0457]

Processing phenotype [ENSG00000111780.8] [184/363]
  * #variants in cis = 1
  * Best hit: [id=12_internal_8876, d=-350095, pv=0.653548, s=-0.0336]

Processing phenotype [ENSG00000170855.3] [185/363]
  * #variants in cis = 1
  * Best hit: [id=12_internal_8876, d=358309, pv=0.000954907, s=0.2622]

Processing phenotype [ENSG00000257218.1] [186/363]
  * #variants in cis = 1
  * Best hit: [id=12_internal_8876, d=-358335, pv=0.811482, s=-0.0187]

Processing phenotype [ENSG00000219355.2] [187/363]
  * #variants in cis = 1
  * Best hit: [id=12_internal_8876, d=362700, pv=0.343781, s=-0.0785]

Processing phenotype [ENSG00000111786.3] [188/363]
  * #variants in cis = 1
  * Best hit: [id=12_internal_8876, d=381690, pv=0.924736, s=0.0073]

Processing phenotype [ENSG00000088986.6] [189/363]
  * #variants in cis = 1
  * Best hit: [id=12_internal_8876, d=-381747, pv=0.325232, s=-0.0779]

Processing phenotype [ENSG00000248008.2] [190/363]
  * #variants in cis = 1
  * Best hit: [id=12_internal_8876, d=407837, pv=0.0534425, s=0.1523]

Processing phenotype [ENSG00000241030.1] [191/363]
  * #variants in cis = 1
  * Best hit: [id=12_internal_8876, d=435340, pv=0.990077, s=-0.0010]

Processing phenotype [ENSG00000022840.9] [192/363]
  * #variants in cis = 1
  * Best hit: [id=12_internal_8876, d=-445377, pv=0.942346, s=-0.0057]

Processing phenotype [ENSG00000110871.10] [193/363]
  * #variants in cis = 1
  * Best hit: [id=12_internal_8876, d=446331, pv=0.41637, s=0.0651]

Processing phenotype [ENSG00000167272.6] [194/363]
  * #variants in cis = 1
  * Best hit: [id=12_internal_8876, d=493295, pv=0.481645, s=0.0567]

Processing phenotype [ENSG00000110917.3] [195/363]
  * #variants in cis = 1
  * Best hit: [id=12_internal_8876, d=-598766, pv=0.710521, s=0.0296]

Processing phenotype [ENSG00000256364.1] [196/363]
  * #variants in cis = 1
  * Best hit: [id=12_internal_8876, d=611438, pv=0.826922, s=0.0173]

Processing phenotype [ENSG00000175970.6] [197/363]
  * #variants in cis = 1
  * Best hit: [id=12_internal_8876, d=-622332, pv=0.930689, s=0.0069]

Processing phenotype [ENSG00000265455.1] [198/363]
  * #variants in cis = 1
  * Best hit: [id=12_internal_8876, d=-635090, pv=0.362216, s=0.0735]

Processing phenotype [ENSG00000256569.1] [199/363]
  * #variants in cis = 1
  * Best hit: [id=12_internal_8876, d=635536, pv=0.596651, s=0.0422]

Processing phenotype [ENSG00000122971.4] [200/363]
  * #variants in cis = 1
  * Best hit: [id=12_internal_8876, d=-637632, pv=0.0124127, s=0.2040]

Processing phenotype [ENSG00000255946.1] [201/363]
  * #variants in cis = 1
  * Best hit: [id=12_internal_8876, d=673489, pv=0.414826, s=-0.0630]

Processing phenotype [ENSG00000213137.3] [202/363]
  * #variants in cis = 2
  * Best hit: [id=12_internal_9319, d=-927383, pv=0.404797, s=0.0677]

Processing phenotype [ENSG00000157837.11] [203/363]
  * #variants in cis = 2
  * Best hit: [id=12_internal_9319, d=-868659, pv=0.13867, s=-0.1178]

Processing phenotype [ENSG00000231313.2] [204/363]
  * #variants in cis = 2
  * Best hit: [id=12_internal_9319, d=858630, pv=0.655872, s=-0.0353]

Processing phenotype [ENSG00000135100.10] [205/363]
  * #variants in cis = 2
  * Best hit: [id=12_internal_8876, d=-890440, pv=0.246985, s=0.0925]

Processing phenotype [ENSG00000157895.5] [206/363]
  * #variants in cis = 3
  * Best hit: [id=12_internal_9772, d=-966307, pv=0.493123, s=0.0550]

Processing phenotype [ENSG00000135114.7] [207/363]
  * #variants in cis = 3
  * Best hit: [id=12_internal_9772, d=-943567, pv=0.12478, s=0.1247]

Processing phenotype [ENSG00000089041.11] [208/363]
  * #variants in cis = 3
  * Best hit: [id=12_internal_9772, d=849990, pv=0.089928, s=-0.1386]

Processing phenotype [ENSG00000257053.1] [209/363]
  * #variants in cis = 3
  * Best hit: [id=12_internal_9772, d=833799, pv=0.171871, s=0.1057]

Processing phenotype [ENSG00000261827.1] [210/363]
  * #variants in cis = 3
  * Best hit: [id=12_internal_9772, d=795253, pv=0.366266, s=-0.0721]

Processing phenotype [ENSG00000135124.9] [211/363]
  * #variants in cis = 3
  * Best hit: [id=12_internal_9332, d=866639, pv=0.579531, s=0.0444]

Processing phenotype [ENSG00000110931.13] [212/363]
  * #variants in cis = 3
  * Best hit: [id=12_internal_9319, d=-474722, pv=0.351528, s=0.0763]

Processing phenotype [ENSG00000089053.7] [213/363]
  * #variants in cis = 3
  * Best hit: [id=12_internal_9332, d=-676600, pv=0.177454, s=-0.1077]

Processing phenotype [ENSG00000170633.12] [214/363]
  * #variants in cis = 3
  * Best hit: [id=12_internal_9772, d=582768, pv=0.198943, s=0.0981]

Processing phenotype [ENSG00000256742.1] [215/363]
  * #variants in cis = 5
  * Best hit: [id=12_internal_9319, d=192136, pv=0.364466, s=-0.0706]

Processing phenotype [ENSG00000089094.11] [216/363]
  * #variants in cis = 5
  * Best hit: [id=12_internal_9332, d=-495379, pv=0.0604204, s=-0.1508]

Processing phenotype [ENSG00000182500.7] [217/363]
  * #variants in cis = 5
  * Best hit: [id=12_internal_9772, d=356157, pv=0.155594, s=-0.1087]

Processing phenotype [ENSG00000139714.8] [218/363]
  * #variants in cis = 5
  * Best hit: [id=12_internal_10153, d=-758955, pv=0.0982161, s=-0.1289]

Processing phenotype [ENSG00000188735.7] [219/363]
  * #variants in cis = 5
  * Best hit: [id=12_internal_9332, d=363641, pv=0.0313698, s=-0.1697]

Processing phenotype [ENSG00000139725.2] [220/363]
  * #variants in cis = 5
  * Best hit: [id=12_internal_9332, d=-282038, pv=0.0403317, s=-0.1658]

Processing phenotype [ENSG00000256392.1] [221/363]
  * #variants in cis = 5
  * Best hit: [id=12_internal_9772, d=-179303, pv=0.0449201, s=0.1643]

Processing phenotype [ENSG00000212694.4] [222/363]
  * #variants in cis = 5
  * Best hit: [id=12_internal_9772, d=-178800, pv=0.11987, s=0.1274]

Processing phenotype [ENSG00000139718.5] [223/363]
  * #variants in cis = 5
  * Best hit: [id=12_internal_9772, d=178526, pv=0.163161, s=0.1103]

Processing phenotype [ENSG00000158104.6] [224/363]
  * #variants in cis = 5
  * Best hit: [id=12_internal_9772, d=-119110, pv=0.0139939, s=-0.1934]

Processing phenotype [ENSG00000110801.8] [225/363]
  * #variants in cis = 5
  * Best hit: [id=12_internal_9772, d=93975, pv=0.160229, s=-0.1040]

Processing phenotype [ENSG00000256950.1] [226/363]
  * #variants in cis = 5
  * Best hit: [id=12_internal_9772, d=93920, pv=0.267981, s=-0.0834]

Processing phenotype [ENSG00000257020.1] [227/363]
  * #variants in cis = 5
  * Best hit: [id=12_internal_9319, d=123911, pv=0.279419, s=0.0855]

Processing phenotype [ENSG00000239082.1] [228/363]
  * #variants in cis = 5
  * Best hit: [id=12_internal_9772, d=74603, pv=0.0879654, s=0.1361]

Processing phenotype [ENSG00000158023.5] [229/363]
  * #variants in cis = 5
  * Best hit: [id=12_internal_9772, d=64844, pv=0.0264689, s=0.1780]

Processing phenotype [ENSG00000110987.4] [230/363]
  * #variants in cis = 5
  * Best hit: [id=12_internal_9772, d=-4772, pv=1.16742e-20, s=0.6636]

Processing phenotype [ENSG00000256546.1] [231/363]
  * #variants in cis = 6
  * Best hit: [id=12_internal_9319, d=-286223, pv=0.268673, s=-0.0859]

Processing phenotype [ENSG00000175727.7] [232/363]
  * #variants in cis = 6
  * Best hit: [id=12_internal_9772, d=-64072, pv=0.0937959, s=0.1399]

Processing phenotype [ENSG00000158113.8] [233/363]
  * #variants in cis = 11
  * Best hit: [id=12_internal_12340, d=223948, pv=0.0209248, s=0.1846]

Processing phenotype [ENSG00000176383.8] [234/363]
  * #variants in cis = 11
  * Best hit: [id=12_internal_9332, d=-77263, pv=0.0419906, s=0.1517]

Processing phenotype [ENSG00000184047.11] [235/363]
  * #variants in cis = 11
  * Best hit: [id=12_internal_10153, d=-157411, pv=0.0243223, s=-0.1649]

Processing phenotype [ENSG00000223456.2] [236/363]
  * #variants in cis = 11
  * Best hit: [id=12_internal_10378, d=-832374, pv=0.0323585, s=0.1715]

Processing phenotype [ENSG00000256861.1] [237/363]
  * #variants in cis = 11
  * Best hit: [id=12_internal_10378, d=-821679, pv=0.0213908, s=-0.1702]

Processing phenotype [ENSG00000139719.4] [238/363]
  * #variants in cis = 11
  * Best hit: [id=12_internal_9332, d=140241, pv=0.155309, s=0.1094]

Processing phenotype [ENSG00000256304.1] [239/363]
  * #variants in cis = 11
  * Best hit: [id=12_internal_9772, d=356327, pv=0.0614833, s=-0.1461]

Processing phenotype [ENSG00000214760.2] [240/363]
  * #variants in cis = 11
  * Best hit: [id=12_internal_11090, d=718772, pv=0.0839056, s=-0.1352]

Processing phenotype [ENSG00000257097.1] [241/363]
  * #variants in cis = 11
  * Best hit: [id=12_internal_9910, d=689588, pv=0.0437786, s=-0.1567]

Processing phenotype [ENSG00000130779.14] [242/363]
  * #variants in cis = 11
  * Best hit: [id=12_internal_8626, d=-638921, pv=0.00295771, s=-0.2361]

Processing phenotype [ENSG00000252192.1] [243/363]
  * #variants in cis = 12
  * Best hit: [id=12_internal_10939, d=-487194, pv=0.0284836, s=0.1707]

Processing phenotype [ENSG00000033030.9] [244/363]
  * #variants in cis = 12
  * Best hit: [id=12_internal_9319, d=770529, pv=0.149027, s=-0.1111]

Processing phenotype [ENSG00000111011.11] [245/363]
  * #variants in cis = 12
  * Best hit: [id=12_internal_8626, d=-534553, pv=0.0106016, s=-0.1898]

Processing phenotype [ENSG00000184445.6] [246/363]
  * #variants in cis = 12
  * Best hit: [id=12_internal_12340, d=-125250, pv=0.000446741, s=0.2806]

Processing phenotype [ENSG00000256249.1] [247/363]
  * #variants in cis = 12
  * Best hit: [id=12_internal_9319, d=-956683, pv=0.111296, s=0.1261]

Processing phenotype [ENSG00000182782.7] [248/363]
  * #variants in cis = 12
  * Best hit: [id=12_internal_9319, d=972901, pv=0.0324004, s=0.1650]

Processing phenotype [ENSG00000255398.2] [249/363]
  * #variants in cis = 12
  * Best hit: [id=12_internal_9319, d=986450, pv=0.143077, s=0.1140]

Processing phenotype [ENSG00000196917.4] [250/363]
  * #variants in cis = 11
  * Best hit: [id=12_internal_12340, d=328847, pv=0.00296057, s=0.2386]

Processing phenotype [ENSG00000139726.6] [251/363]
  * #variants in cis = 11
  * Best hit: [id=12_internal_8626, d=308779, pv=0.0535087, s=-0.1506]

Processing phenotype [ENSG00000206914.1] [252/363]
  * #variants in cis = 11
  * Best hit: [id=12_internal_11090, d=315453, pv=0.0338311, s=-0.1672]

Processing phenotype [ENSG00000130783.9] [253/363]
  * #variants in cis = 11
  * Best hit: [id=12_internal_10939, d=205108, pv=0.099628, s=0.1362]

Processing phenotype [ENSG00000130787.9] [254/363]
  * #variants in cis = 11
  * Best hit: [id=12_internal_10939, d=144982, pv=0.0437635, s=0.1616]

Processing phenotype [ENSG00000256152.1] [255/363]
  * #variants in cis = 11
  * Best hit: [id=12_internal_9772, d=-897326, pv=0.145079, s=-0.1163]

Processing phenotype [ENSG00000139722.2] [256/363]
  * #variants in cis = 11
  * Best hit: [id=12_internal_12340, d=494448, pv=0.0774499, s=0.1420]

Processing phenotype [ENSG00000111325.12] [257/363]
  * #variants in cis = 10
  * Best hit: [id=12_internal_10153, d=-552594, pv=0.116724, s=-0.1193]

Processing phenotype [ENSG00000256028.2] [258/363]
  * #variants in cis = 10
  * Best hit: [id=12_internal_11090, d=108232, pv=0.000856813, s=0.2450]

Processing phenotype [ENSG00000182196.8] [259/363]
  * #variants in cis = 10
  * Best hit: [id=12_internal_11090, d=103766, pv=0.00133069, s=0.2349]

Processing phenotype [ENSG00000150967.12] [260/363]
  * #variants in cis = 10
  * Best hit: [id=12_internal_12890, d=-460001, pv=0.0966122, s=-0.1318]

Processing phenotype [ENSG00000251497.2] [261/363]
  * #variants in cis = 10
  * Best hit: [id=12_internal_9910, d=3746, pv=0.179819, s=0.1090]

Processing phenotype [ENSG00000090975.8] [262/363]
  * #variants in cis = 9
  * Best hit: [id=12_internal_8626, d=5789, pv=0.000335675, s=0.2827]

Processing phenotype [ENSG00000130921.3] [263/363]
  * #variants in cis = 9
  * Best hit: [id=12_internal_10378, d=0, pv=0.0623232, s=0.1439]

Processing phenotype [ENSG00000051825.9] [264/363]
  * #variants in cis = 9
  * Best hit: [id=12_internal_8626, d=99788, pv=0.0121318, s=0.2035]

Processing phenotype [ENSG00000235423.3] [265/363]
  * #variants in cis = 9
  * Best hit: [id=12_internal_8842, d=9560, pv=0.0169464, s=0.1912]

Processing phenotype [ENSG00000111328.2] [266/363]
  * #variants in cis = 9
  * Best hit: [id=12_internal_8842, d=20411, pv=0.0185216, s=0.1871]

Processing phenotype [ENSG00000207189.1] [267/363]
  * #variants in cis = 9
  * Best hit: [id=12_internal_10378, d=100166, pv=0.29602, s=0.0820]

Processing phenotype [ENSG00000139697.6] [268/363]
  * #variants in cis = 9
  * Best hit: [id=12_internal_12340, d=948445, pv=0.0278375, s=0.1757]

Processing phenotype [ENSG00000256092.1] [269/363]
  * #variants in cis = 9
  * Best hit: [id=12_internal_12890, d=76697, pv=0.099892, s=-0.1300]

Processing phenotype [ENSG00000183955.8] [270/363]
  * #variants in cis = 9
  * Best hit: [id=12_internal_11090, d=-243112, pv=0.0239091, s=-0.1768]

Processing phenotype [ENSG00000150977.9] [271/363]
  * #variants in cis = 7
  * Best hit: [id=12_internal_12890, d=-4933, pv=0.421711, s=0.0637]

Processing phenotype [ENSG00000184209.13] [272/363]
  * #variants in cis = 7
  * Best hit: [id=12_internal_11090, d=-316980, pv=0.0322398, s=-0.1663]

Processing phenotype [ENSG00000188026.7] [273/363]
  * #variants in cis = 8
  * Best hit: [id=12_internal_8842, d=281795, pv=0.0124356, s=0.1903]

Processing phenotype [ENSG00000086598.5] [274/363]
  * #variants in cis = 8
  * Best hit: [id=12_internal_10939, d=-460371, pv=0.0357013, s=-0.1674]

Processing phenotype [ENSG00000247373.2] [275/363]
  * #variants in cis = 8
  * Best hit: [id=12_internal_8842, d=333192, pv=0.174675, s=-0.1018]

Processing phenotype [ENSG00000111364.10] [276/363]
  * #variants in cis = 8
  * Best hit: [id=12_internal_10939, d=-477917, pv=0.0989472, s=-0.1285]

Processing phenotype [ENSG00000206897.1] [277/363]
  * #variants in cis = 8
  * Best hit: [id=12_internal_8842, d=-364785, pv=0.311276, s=0.0811]

Processing phenotype [ENSG00000111361.7] [278/363]
  * #variants in cis = 8
  * Best hit: [id=12_internal_10378, d=384832, pv=0.0977241, s=-0.1266]

Processing phenotype [ENSG00000111358.8] [279/363]
  * #variants in cis = 8
  * Best hit: [id=12_internal_9910, d=-509699, pv=0.0494826, s=0.1569]

Processing phenotype [ENSG00000168778.7] [280/363]
  * #variants in cis = 8
  * Best hit: [id=12_internal_12890, d=-186704, pv=0.179663, s=0.1089]

Processing phenotype [ENSG00000255839.1] [281/363]
  * #variants in cis = 8
  * Best hit: [id=12_internal_9910, d=584257, pv=0.0166078, s=-0.1924]

Processing phenotype [ENSG00000185344.8] [282/363]
  * #variants in cis = 8
  * Best hit: [id=12_internal_10378, d=-463384, pv=0.0168385, s=-0.1806]

Processing phenotype [ENSG00000239215.1] [283/363]
  * #variants in cis = 8
  * Best hit: [id=12_internal_9499, d=-772439, pv=0.489645, s=-0.0547]

Processing phenotype [ENSG00000197653.10] [284/363]
  * #variants in cis = 8
  * Best hit: [id=12_internal_10378, d=-513561, pv=0.033691, s=0.1689]

Processing phenotype [ENSG00000250091.2] [285/363]
  * #variants in cis = 8
  * Best hit: [id=12_internal_12890, d=450575, pv=0.152564, s=-0.1135]

Processing phenotype [ENSG00000179195.10] [286/363]
  * #variants in cis = 8
  * Best hit: [id=12_internal_10378, d=-722911, pv=0.0133802, s=0.1992]

Processing phenotype [ENSG00000119242.4] [287/363]
  * #variants in cis = 8
  * Best hit: [id=12_internal_10378, d=723897, pv=0.0047691, s=0.2230]

Processing phenotype [ENSG00000255906.1] [288/363]
  * #variants in cis = 8
  * Best hit: [id=12_internal_10378, d=-724307, pv=0.0876576, s=0.1304]

Processing phenotype [ENSG00000256827.1] [289/363]
  * #variants in cis = 8
  * Best hit: [id=12_internal_12890, d=521816, pv=0.0829054, s=0.1329]

Processing phenotype [ENSG00000178882.8] [290/363]
  * #variants in cis = 3
  * Best hit: [id=12_internal_9845, d=759737, pv=0.334729, s=-0.0740]

Processing phenotype [ENSG00000255965.1] [291/363]
  * #variants in cis = 3
  * Best hit: [id=12_internal_9845, d=665520, pv=0.140775, s=-0.1187]

Processing phenotype [ENSG00000214650.2] [292/363]
  * #variants in cis = 2
  * Best hit: [id=12_internal_9845, d=535679, pv=0.118215, s=-0.1271]

Processing phenotype [ENSG00000196498.9] [293/363]
  * #variants in cis = 2
  * Best hit: [id=12_internal_9845, d=-481312, pv=0.0259092, s=-0.1775]

Processing phenotype [ENSG00000246139.2] [294/363]
  * #variants in cis = 2
  * Best hit: [id=12_internal_9845, d=-170898, pv=0.177236, s=0.1100]

Processing phenotype [ENSG00000073060.9] [295/363]
  * #variants in cis = 2
  * Best hit: [id=12_internal_9499, d=323407, pv=0.524408, s=-0.0523]

Processing phenotype [ENSG00000265345.1] [296/363]
  * #variants in cis = 2
  * Best hit: [id=12_internal_9845, d=133354, pv=0.244788, s=-0.0943]

Processing phenotype [ENSG00000150991.9] [297/363]
  * #variants in cis = 2
  * Best hit: [id=12_internal_9845, d=-131533, pv=0.148165, s=-0.1127]

Processing phenotype [ENSG00000241129.2] [298/363]
  * #variants in cis = 2
  * Best hit: [id=12_internal_9499, d=376634, pv=0.287171, s=0.0825]

Processing phenotype [ENSG00000150990.3] [299/363]
  * #variants in cis = 2
  * Best hit: [id=12_internal_9845, d=-59779, pv=0.125827, s=0.1213]

Processing phenotype [ENSG00000184992.9] [300/363]
  * #variants in cis = 2
  * Best hit: [id=12_internal_9499, d=-434439, pv=0.345184, s=-0.0714]

Processing phenotype [ENSG00000081760.12] [301/363]
  * #variants in cis = 2
  * Best hit: [id=12_internal_9845, d=0, pv=0.182907, s=0.1074]

Processing phenotype [ENSG00000189238.4] [302/363]
  * #variants in cis = 1
  * Best hit: [id=12_internal_9070, d=419650, pv=0.333365, s=0.0746]

Processing phenotype [ENSG00000256128.1] [303/363]
  * #variants in cis = 1
  * Best hit: [id=12_internal_9070, d=-373509, pv=0.375669, s=0.0698]

Processing phenotype [ENSG00000239776.2] [304/363]
  * #variants in cis = 1
  * Best hit: [id=12_internal_9070, d=0, pv=0.622383, s=-0.0396]

Processing phenotype [ENSG00000256292.1] [305/363]
  * #variants in cis = 1
  * Best hit: [id=12_internal_9070, d=117437, pv=0.000922764, s=0.2368]

Processing phenotype [ENSG00000139370.6] [306/363]
  * #variants in cis = 1
  * Best hit: [id=12_internal_13514, d=0, pv=0.880466, s=-0.0120]

Processing phenotype [ENSG00000151948.7] [307/363]
  * #variants in cis = 1
  * Best hit: [id=12_internal_13514, d=-21115, pv=0.0857715, s=0.1313]

Processing phenotype [ENSG00000255838.1] [308/363]
  * #variants in cis = 1
  * Best hit: [id=12_internal_13514, d=112891, pv=0.824694, s=0.0179]

Processing phenotype [ENSG00000256581.1] [309/363]
  * #variants in cis = 1
  * Best hit: [id=12_internal_13514, d=-181024, pv=0.704447, s=0.0284]

Processing phenotype [ENSG00000151952.10] [310/363]
  * #variants in cis = 0

Processing phenotype [ENSG00000256250.1] [311/363]
  * #variants in cis = 3
  * Best hit: [id=12_internal_9410, d=700082, pv=0.856967, s=0.0144]

Processing phenotype [ENSG00000256299.1] [312/363]
  * #variants in cis = 3
  * Best hit: [id=12_internal_8787, d=-660832, pv=0.45721, s=-0.0606]

Processing phenotype [ENSG00000111450.9] [313/363]
  * #variants in cis = 3
  * Best hit: [id=12_internal_10886, d=-390559, pv=0.133221, s=0.1188]

Processing phenotype [ENSG00000132341.5] [314/363]
  * #variants in cis = 3
  * Best hit: [id=12_internal_10886, d=357946, pv=0.0947066, s=0.1316]

Processing phenotype [ENSG00000111452.8] [315/363]
  * #variants in cis = 3
  * Best hit: [id=12_internal_9410, d=556781, pv=0.4116, s=-0.0640]

Processing phenotype [ENSG00000256204.1] [316/363]
  * #variants in cis = 3
  * Best hit: [id=12_internal_8787, d=495892, pv=0.303944, s=0.0805]

Processing phenotype [ENSG00000256151.1] [317/363]
  * #variants in cis = 3
  * Best hit: [id=12_internal_10886, d=-235849, pv=0.30695, s=0.0807]

Processing phenotype [ENSG00000268091.1] [318/363]
  * #variants in cis = 3
  * Best hit: [id=12_internal_8787, d=-443230, pv=0.12752, s=-0.1251]

Processing phenotype [ENSG00000256810.1] [319/363]
  * #variants in cis = 3
  * Best hit: [id=12_internal_10886, d=-194338, pv=0.16045, s=0.1121]

Processing phenotype [ENSG00000061936.5] [320/363]
  * #variants in cis = 9
  * Best hit: [id=12_internal_9410, d=-101298, pv=0.115707, s=0.1230]

Processing phenotype [ENSG00000255933.1] [321/363]
  * #variants in cis = 9
  * Best hit: [id=12_internal_9088, d=-616559, pv=0.0928821, s=-0.1295]

Processing phenotype [ENSG00000200483.1] [322/363]
  * #variants in cis = 10
  * Best hit: [id=12_internal_8787, d=303103, pv=0.0392597, s=0.1589]

Processing phenotype [ENSG00000198598.2] [323/363]
  * #variants in cis = 10
  * Best hit: [id=12_internal_8939, d=821134, pv=0.0560493, s=-0.1559]

Processing phenotype [ENSG00000256955.1] [324/363]
  * #variants in cis = 10
  * Best hit: [id=12_internal_10886, d=-625633, pv=0.216955, s=0.0957]

Processing phenotype [ENSG00000177169.3] [325/363]
  * #variants in cis = 10
  * Best hit: [id=12_internal_9088, d=479955, pv=0.0133712, s=0.1902]

Processing phenotype [ENSG00000177192.8] [326/363]
  * #variants in cis = 11
  * Best hit: [id=12_internal_9320, d=638257, pv=0.147392, s=-0.1198]

Processing phenotype [ENSG00000255992.1] [327/363]
  * #variants in cis = 11
  * Best hit: [id=12_internal_13047, d=-600292, pv=0.024261, s=-0.1865]

Processing phenotype [ENSG00000183495.8] [328/363]
  * #variants in cis = 11
  * Best hit: [id=12_internal_9366, d=827353, pv=0.00102895, s=0.2628]

Processing phenotype [ENSG00000264581.1] [329/363]
  * #variants in cis = 12
  * Best hit: [id=12_internal_8787, d=489510, pv=0.00998578, s=0.1976]

Processing phenotype [ENSG00000208892.1] [330/363]
  * #variants in cis = 12
  * Best hit: [id=12_internal_9072, d=947562, pv=0.0516548, s=0.1599]

Processing phenotype [ENSG00000257000.1] [331/363]
  * #variants in cis = 12
  * Best hit: [id=12_internal_8787, d=568195, pv=0.0821274, s=0.1396]

Processing phenotype [ENSG00000185684.8] [332/363]
  * #variants in cis = 12
  * Best hit: [id=12_internal_9088, d=290323, pv=0.0144333, s=-0.1958]

Processing phenotype [ENSG00000256804.1] [333/363]
  * #variants in cis = 12
  * Best hit: [id=12_internal_9088, d=-247842, pv=0.0057458, s=-0.2144]

Processing phenotype [ENSG00000185163.5] [334/363]
  * #variants in cis = 12
  * Best hit: [id=12_internal_11275, d=-780861, pv=0.212063, s=-0.1014]

Processing phenotype [ENSG00000184967.2] [335/363]
  * #variants in cis = 12
  * Best hit: [id=12_internal_9366, d=632865, pv=0.0260119, s=-0.1786]

Processing phenotype [ENSG00000256576.1] [336/363]
  * #variants in cis = 12
  * Best hit: [id=12_internal_9088, d=-184911, pv=0.00551293, s=0.2189]

Processing phenotype [ENSG00000269676.1] [337/363]
  * #variants in cis = 10
  * Best hit: [id=12_internal_12558, d=0, pv=1.33634e-06, s=0.3588]

Processing phenotype [ENSG00000112787.7] [338/363]
  * #variants in cis = 10
  * Best hit: [id=12_internal_9320, d=0, pv=0.000219265, s=0.2820]

Processing phenotype [ENSG00000187848.8] [339/363]
  * #variants in cis = 9
  * Best hit: [id=12_internal_9320, d=-129020, pv=0.00194855, s=0.2427]

Processing phenotype [ENSG00000176894.5] [340/363]
  * #variants in cis = 9
  * Best hit: [id=12_internal_9088, d=-343488, pv=0.0674022, s=-0.1377]

Processing phenotype [ENSG00000256632.2] [341/363]
  * #variants in cis = 9
  * Best hit: [id=12_internal_8972, d=-592547, pv=0.0946617, s=-0.1279]

Processing phenotype [ENSG00000247077.2] [342/363]
  * #variants in cis = 9
  * Best hit: [id=12_internal_9366, d=-21038, pv=0.0430333, s=0.1643]

Processing phenotype [ENSG00000256108.1] [343/363]
  * #variants in cis = 9
  * Best hit: [id=12_internal_9320, d=-255396, pv=0.0285627, s=0.1715]

Processing phenotype [ENSG00000176915.10] [344/363]
  * #variants in cis = 9
  * Best hit: [id=12_internal_9320, d=272128, pv=0.0448988, s=0.1587]

Processing phenotype [ENSG00000232888.3] [345/363]
  * #variants in cis = 9
  * Best hit: [id=12_internal_8939, d=-224278, pv=0.136144, s=0.1198]

Processing phenotype [ENSG00000090615.7] [346/363]
  * #variants in cis = 9
  * Best hit: [id=12_internal_9088, d=484740, pv=0.059079, s=-0.1448]

Processing phenotype [ENSG00000177084.10] [347/363]
  * #variants in cis = 9
  * Best hit: [id=12_internal_13047, d=388369, pv=0.396304, s=0.0631]

Processing phenotype [ENSG00000257072.1] [348/363]
  * #variants in cis = 9
  * Best hit: [id=12_internal_11275, d=0, pv=0.0232926, s=0.1796]

Processing phenotype [ENSG00000236617.2] [349/363]
  * #variants in cis = 9
  * Best hit: [id=12_internal_13047, d=-439410, pv=0.260218, s=-0.0864]

Processing phenotype [ENSG00000072609.11] [350/363]
  * #variants in cis = 9
  * Best hit: [id=12_internal_9072, d=0, pv=0.0277793, s=0.1670]

Processing phenotype [ENSG00000256429.1] [351/363]
  * #variants in cis = 9
  * Best hit: [id=12_internal_8972, d=860802, pv=0.111586, s=0.1284]

Processing phenotype [ENSG00000196458.5] [352/363]
  * #variants in cis = 9
  * Best hit: [id=12_internal_9366, d=266525, pv=0.0678796, s=0.1474]

Processing phenotype [ENSG00000198393.3] [353/363]
  * #variants in cis = 9
  * Best hit: [id=12_internal_8972, d=-890863, pv=0.00981185, s=-0.2099]

Processing phenotype [ENSG00000252269.1] [354/363]
  * #variants in cis = 9
  * Best hit: [id=12_internal_8939, d=393879, pv=0.0504178, s=0.1587]

Processing phenotype [ENSG00000198040.6] [355/363]
  * #variants in cis = 9
  * Best hit: [id=12_internal_9072, d=-49957, pv=0.0598575, s=0.1403]

Processing phenotype [ENSG00000196387.5] [356/363]
  * #variants in cis = 9
  * Best hit: [id=12_internal_9072, d=-92503, pv=0.00408628, s=0.2192]

Processing phenotype [ENSG00000200066.1] [357/363]
  * #variants in cis = 9
  * Best hit: [id=12_internal_13047, d=639183, pv=0.0124146, s=0.1973]

Processing phenotype [ENSG00000240991.3] [358/363]
  * #variants in cis = 8
  * Best hit: [id=12_internal_9366, d=-435698, pv=0.177022, s=-0.1060]

Processing phenotype [ENSG00000214029.3] [359/363]
  * #variants in cis = 8
  * Best hit: [id=12_internal_13047, d=682041, pv=0.0222968, s=-0.1729]

Processing phenotype [ENSG00000256223.1] [360/363]
  * #variants in cis = 8
  * Best hit: [id=12_internal_9072, d=-143240, pv=0.0145953, s=0.1872]

Processing phenotype [ENSG00000090612.16] [361/363]
  * #variants in cis = 8
  * Best hit: [id=12_internal_9072, d=-143649, pv=0.0787948, s=0.1381]

Processing phenotype [ENSG00000256825.4] [362/363]
  * #variants in cis = 8
  * Best hit: [id=12_internal_9366, d=-441203, pv=0.0126399, s=-0.1946]

Processing phenotype [ENSG00000255748.1] [363/363]
  * #variants in cis = 8
  * Best hit: [id=12_internal_11275, d=305800, pv=0.0669704, s=-0.1479]

Running time: 1 seconds
