Sender: LSF System <lsfadmin@cpt10>
Subject: Job 973954: </data/unige/funpopgen/odelanea/SGX/V2/binaries/qtltools/bin/QTLtools cis --vcf /data/unige/funpopgen/grey2/SYSCID/BLUEPRINT_DATA/CRD/THREE_CELL_TYPES/CLOMICS/CELL_TYPE_COMPARISON_GENE_CRD_ASSOCIATIONS/quantify/73_vs_72_ALL.ALLchr.mean.txt.gz --bed /data/unige/funpopgen/grey2/SYSCID/BLUEPRINT_DATA/CRD/THREE_CELL_TYPES/QTL_TOOLS/EGAD00001002671_v3.0/EGAD00001002671_RNA.PC10.bed.gz --permute 200 --chunk 11 100 --out /data/unige/funpopgen/grey2/SYSCID/BLUEPRINT_DATA/CRD/THREE_CELL_TYPES/CLOMICS/CELL_TYPE_COMPARISON_GENE_CRD_ASSOCIATIONS/mapping_aCRD_gene/73_vs_72/gene_CRD_mean_chunk11\.txt> in cluster <ug> Done

Job </data/unige/funpopgen/odelanea/SGX/V2/binaries/qtltools/bin/QTLtools cis --vcf /data/unige/funpopgen/grey2/SYSCID/BLUEPRINT_DATA/CRD/THREE_CELL_TYPES/CLOMICS/CELL_TYPE_COMPARISON_GENE_CRD_ASSOCIATIONS/quantify/73_vs_72_ALL.ALLchr.mean.txt.gz --bed /data/unige/funpopgen/grey2/SYSCID/BLUEPRINT_DATA/CRD/THREE_CELL_TYPES/QTL_TOOLS/EGAD00001002671_v3.0/EGAD00001002671_RNA.PC10.bed.gz --permute 200 --chunk 11 100 --out /data/unige/funpopgen/grey2/SYSCID/BLUEPRINT_DATA/CRD/THREE_CELL_TYPES/CLOMICS/CELL_TYPE_COMPARISON_GENE_CRD_ASSOCIATIONS/mapping_aCRD_gene/73_vs_72/gene_CRD_mean_chunk11\.txt> was submitted from host <frt.ug.vital-it.ch> by user <grey2> in cluster <ug>.
Job was executed on host(s) <cpt10>, in queue <normal>, as user <grey2> in cluster <ug>.
</home/grey2> was used as the home directory.
</data/unige/funpopgen/grey2/SYSCID/BLUEPRINT_DATA/CRD/THREE_CELL_TYPES/CLOMICS/CELL_TYPE_COMPARISON_GENE_CRD_ASSOCIATIONS> was used as the working directory.
Started at Thu Mar 21 11:24:09 2019
Results reported at Thu Mar 21 11:24:15 2019

Your job looked like:

------------------------------------------------------------
# LSBATCH: User input
/data/unige/funpopgen/odelanea/SGX/V2/binaries/qtltools/bin/QTLtools cis --vcf /data/unige/funpopgen/grey2/SYSCID/BLUEPRINT_DATA/CRD/THREE_CELL_TYPES/CLOMICS/CELL_TYPE_COMPARISON_GENE_CRD_ASSOCIATIONS/quantify/73_vs_72_ALL.ALLchr.mean.txt.gz --bed /data/unige/funpopgen/grey2/SYSCID/BLUEPRINT_DATA/CRD/THREE_CELL_TYPES/QTL_TOOLS/EGAD00001002671_v3.0/EGAD00001002671_RNA.PC10.bed.gz --permute 200 --chunk 11 100 --out /data/unige/funpopgen/grey2/SYSCID/BLUEPRINT_DATA/CRD/THREE_CELL_TYPES/CLOMICS/CELL_TYPE_COMPARISON_GENE_CRD_ASSOCIATIONS/mapping_aCRD_gene/73_vs_72/gene_CRD_mean_chunk11\.txt

------------------------------------------------------------

Successfully completed.

Resource usage summary:

    CPU time :               2.50 sec.
    Max Memory :             3.14 MB
    Average Memory :         3.14 MB
    Total Requested Memory : -
    Delta Memory :           -
    (Delta: the difference between total requested memory and actual max usage.)
    Max Swap :               32 MB

    Max Processes :          1
    Max Threads :            1

The output (if any) follows:


[32mQTLtools[0m
  * Authors : Olivier DELANEAU / Halit ONGEN / Emmanouil DERMITZAKIS
  * Contact : olivier.delaneau@gmail.com / halit.ongen@unige.ch / Emmanouil.Dermitzakis@unige.ch
  * Webpage : https://qtltools.github.io/qtltools/
  * Version : 1.1
  * Date    : 21/03/2019 - 11:24:12
  * Citation: A complete tool set for molecular QTL discovery and analysis, https://doi.org/10.1101/068635

[32mMAPPING QTL IN CIS[0m
  * TASK: Perform 200 permutations
  * Linear model: Phe ~ Var
  * Cis-window size is 1000000 bp
  * Chunk = [11/100]

Scanning phenotype data in [/data/unige/funpopgen/grey2/SYSCID/BLUEPRINT_DATA/CRD/THREE_CELL_TYPES/QTL_TOOLS/EGAD00001002671_v3.0/EGAD00001002671_RNA.PC10.bed.gz]
  * 24372 phenotypes included
  * 12152 phenotypes are on the negative strand

Initialize random number generator
  * Built-in seed is 15112011
  * First Integer = 30554
  * First Double = 0.0126695

Reading sample list from [/data/unige/funpopgen/grey2/SYSCID/BLUEPRINT_DATA/CRD/THREE_CELL_TYPES/QTL_TOOLS/EGAD00001002671_v3.0/EGAD00001002671_RNA.PC10.bed.gz]
  * #samples = 169

Reading sample list from [/data/unige/funpopgen/grey2/SYSCID/BLUEPRINT_DATA/CRD/THREE_CELL_TYPES/CLOMICS/CELL_TYPE_COMPARISON_GENE_CRD_ASSOCIATIONS/quantify/73_vs_72_ALL.ALLchr.mean.txt.gz]
  * #samples = 94

Merging sample sets from all input files
  * #files = 2
  * #samples in all files = 91
  * #samples NOT in all files (i.e. ignored) = 81

Reading phenotype data in [/data/unige/funpopgen/grey2/SYSCID/BLUEPRINT_DATA/CRD/THREE_CELL_TYPES/QTL_TOOLS/EGAD00001002671_v3.0/EGAD00001002671_RNA.PC10.bed.gz]
  * target region [19:68403-5791236]
  * 215 phenotypes included
  * 115 phenotypes are on the negative strand

Reading genotype data in [/data/unige/funpopgen/grey2/SYSCID/BLUEPRINT_DATA/CRD/THREE_CELL_TYPES/CLOMICS/CELL_TYPE_COMPARISON_GENE_CRD_ASSOCIATIONS/quantify/73_vs_72_ALL.ALLchr.mean.txt.gz]
  * File format detected: BED
  * 91 samples included
  * 5 samples without phenotype data
  * target region [19:0-6791236]
  * 58 variants included

Processing phenotype [ENSG00000267111.1] [1/215]
  * #variants in cis = 11
  * Best hit: [id=19_internal_8421, d=598391, pv=0.137532, s=-0.1646]
  * Beta parameters: [s1=1.00026, s2=9.04666]
  * Adjusted p-values: [emp=0.781095, beta=0.79201]

Processing phenotype [ENSG00000225373.2] [2/215]
  * #variants in cis = 11
  * Best hit: [id=19_internal_7471, d=-912727, pv=0.0948621, s=0.1850]
  * Beta parameters: [s1=0.895078, s2=10.524]
  * Adjusted p-values: [emp=0.606965, beta=0.620425]

Processing phenotype [ENSG00000267124.1] [3/215]
  * #variants in cis = 16
  * Best hit: [id=19_internal_7471, d=678120, pv=0.141049, s=0.1581]
  * Beta parameters: [s1=1.09799, s2=14.402]
  * Adjusted p-values: [emp=0.905473, beta=0.901676]

Processing phenotype [ENSG00000105556.4] [4/215]
  * #variants in cis = 17
  * Best hit: [id=19_internal_6847, d=-690136, pv=0.301518, s=0.1228]
  * Beta parameters: [s1=0.910956, s2=16.0058]
  * Adjusted p-values: [emp=1, beta=0.996523]

Processing phenotype [ENSG00000099866.9] [5/215]
  * #variants in cis = 17
  * Best hit: [id=19_internal_8421, d=177618, pv=0.061447, s=0.2050]
  * Beta parameters: [s1=0.999994, s2=12.07]
  * Adjusted p-values: [emp=0.621891, beta=0.628278]

Processing phenotype [ENSG00000141933.8] [6/215]
  * #variants in cis = 17
  * Best hit: [id=19_internal_8421, d=159495, pv=0.0480356, s=-0.2066]
  * Beta parameters: [s1=1.01419, s2=15.4228]
  * Adjusted p-values: [emp=0.552239, beta=0.563961]

Processing phenotype [ENSG00000266933.1] [7/215]
  * #variants in cis = 17
  * Best hit: [id=19_internal_6847, d=-527121, pv=0.0229905, s=0.2389]
  * Beta parameters: [s1=1.07537, s2=14.2054]
  * Adjusted p-values: [emp=0.373134, beta=0.348443]

Processing phenotype [ENSG00000099804.3] [8/215]
  * #variants in cis = 17
  * Best hit: [id=19_internal_9738, d=11422, pv=0.00779623, s=0.3059]
  * Beta parameters: [s1=1.04352, s2=14.0411]
  * Adjusted p-values: [emp=0.164179, beta=0.146474]

Processing phenotype [ENSG00000197540.2] [9/215]
  * #variants in cis = 17
  * Best hit: [id=19_internal_9738, d=0, pv=9.09551e-06, s=0.4553]
  * Beta parameters: [s1=0.949536, s2=19.7369]
  * Adjusted p-values: [emp=0.00497512, beta=7.32291e-05]

Processing phenotype [ENSG00000172270.13] [10/215]
  * #variants in cis = 17
  * Best hit: [id=19_internal_7757, d=283965, pv=0.10037, s=-0.1637]
  * Beta parameters: [s1=1.08434, s2=17.7615]
  * Adjusted p-values: [emp=0.880597, beta=0.856901]

Processing phenotype [ENSG00000267751.1] [11/215]
  * #variants in cis = 17
  * Best hit: [id=19_internal_7820, d=-248701, pv=0.0103272, s=-0.2555]
  * Beta parameters: [s1=0.909497, s2=20.2485]
  * Adjusted p-values: [emp=0.109453, beta=0.115327]

Processing phenotype [ENSG00000267276.1] [12/215]
  * #variants in cis = 17
  * Best hit: [id=19_internal_8676, d=76303, pv=0.0439899, s=-0.2177]
  * Beta parameters: [s1=1.04169, s2=13.1185]
  * Adjusted p-values: [emp=0.537313, beta=0.514844]

Processing phenotype [ENSG00000099822.2] [13/215]
  * #variants in cis = 17
  * Best hit: [id=19_internal_8676, d=-82698, pv=0.02169, s=-0.2263]
  * Beta parameters: [s1=0.933221, s2=14.1224]
  * Adjusted p-values: [emp=0.318408, beta=0.315154]

Processing phenotype [ENSG00000099821.7] [14/215]
  * #variants in cis = 17
  * Best hit: [id=19_internal_8676, d=126373, pv=0.000109141, s=-0.4036]
  * Beta parameters: [s1=0.896027, s2=16.6337]
  * Adjusted p-values: [emp=0.00497512, beta=0.0018949]

Processing phenotype [ENSG00000070423.12] [15/215]
  * #variants in cis = 18
  * Best hit: [id=19_internal_9738, d=78363, pv=0.0553503, s=0.2273]
  * Beta parameters: [s1=0.948497, s2=14.1536]
  * Adjusted p-values: [emp=0.641791, beta=0.649562]

Processing phenotype [ENSG00000070404.4] [16/215]
  * #variants in cis = 18
  * Best hit: [id=19_internal_7820, d=144524, pv=0.0317162, s=-0.2321]
  * Beta parameters: [s1=1.01288, s2=18.1131]
  * Adjusted p-values: [emp=0.452736, beta=0.44395]

Processing phenotype [ENSG00000185198.6] [17/215]
  * #variants in cis = 18
  * Best hit: [id=19_internal_8676, d=188265, pv=0.0114433, s=-0.2664]
  * Beta parameters: [s1=0.962631, s2=14.6627]
  * Adjusted p-values: [emp=0.223881, beta=0.203564]

Processing phenotype [ENSG00000011304.11] [18/215]
  * #variants in cis = 18
  * Best hit: [id=19_internal_6407, d=313818, pv=0.0362744, s=-0.2207]
  * Beta parameters: [s1=1.00052, s2=16.9496]
  * Adjusted p-values: [emp=0.467662, beta=0.456431]

Processing phenotype [ENSG00000265767.1] [19/215]
  * #variants in cis = 18
  * Best hit: [id=19_internal_7757, d=50322, pv=0.0926727, s=0.1793]
  * Beta parameters: [s1=0.888419, s2=23.27]
  * Adjusted p-values: [emp=0.825871, beta=0.84281]

Processing phenotype [ENSG00000129951.13] [20/215]
  * #variants in cis = 18
  * Best hit: [id=19_internal_6847, d=-212956, pv=0.38161, s=-0.0976]
  * Beta parameters: [s1=0.932477, s2=19.2581]
  * Adjusted p-values: [emp=1, beta=0.999856]

Processing phenotype [ENSG00000197766.2] [21/215]
  * #variants in cis = 18
  * Best hit: [id=19_internal_7757, d=0, pv=1.04865e-07, s=0.4970]
  * Beta parameters: [s1=1.14573, s2=18.648]
  * Adjusted p-values: [emp=0.00497512, beta=9.13991e-08]

Processing phenotype [ENSG00000175221.9] [22/215]
  * #variants in cis = 18
  * Best hit: [id=19_internal_7757, d=0, pv=8.33744e-05, s=0.3560]
  * Beta parameters: [s1=0.948286, s2=16.9824]
  * Adjusted p-values: [emp=0.00497512, beta=0.00200726]

Processing phenotype [ENSG00000207507.1] [23/215]
  * #variants in cis = 18
  * Best hit: [id=19_internal_6407, d=217409, pv=0.0894233, s=0.1772]
  * Beta parameters: [s1=1.10133, s2=14.2018]
  * Adjusted p-values: [emp=0.81592, beta=0.799718]

Processing phenotype [ENSG00000267158.1] [24/215]
  * #variants in cis = 18
  * Best hit: [id=19_internal_6407, d=217409, pv=0.0894233, s=0.1772]
  * Beta parameters: [s1=0.971051, s2=15.5549]
  * Adjusted p-values: [emp=0.766169, beta=0.759823]

Processing phenotype [ENSG00000198858.5] [25/215]
  * #variants in cis = 20
  * Best hit: [id=19_internal_7757, d=16001, pv=2.09127e-05, s=0.4420]
  * Beta parameters: [s1=0.929514, s2=18.7103]
  * Adjusted p-values: [emp=0.00497512, beta=0.000510232]

Processing phenotype [ENSG00000116014.4] [26/215]
  * #variants in cis = 20
  * Best hit: [id=19_internal_7757, d=-20048, pv=1.59468e-07, s=0.5141]
  * Beta parameters: [s1=1.09797, s2=14.0123]
  * Adjusted p-values: [emp=0.00497512, beta=7.4875e-06]

Processing phenotype [ENSG00000116017.5] [27/215]
  * #variants in cis = 20
  * Best hit: [id=19_internal_8421, d=-253022, pv=0.0381543, s=-0.2284]
  * Beta parameters: [s1=0.972774, s2=13.3593]
  * Adjusted p-values: [emp=0.542289, beta=0.520752]

Processing phenotype [ENSG00000065268.4] [28/215]
  * #variants in cis = 22
  * Best hit: [id=19_internal_7471, d=519, pv=0.00092956, s=0.3886]
  * Beta parameters: [s1=0.88959, s2=18.1194]
  * Adjusted p-values: [emp=0.0348259, beta=0.0254992]

Processing phenotype [ENSG00000116032.5] [29/215]
  * #variants in cis = 22
  * Best hit: [id=19_internal_8095, d=893777, pv=0.0553519, s=0.2010]
  * Beta parameters: [s1=1.0241, s2=17.2576]
  * Adjusted p-values: [emp=0.681592, beta=0.660011]

Processing phenotype [ENSG00000182087.7] [30/215]
  * #variants in cis = 22
  * Best hit: [id=19_internal_7507, d=-631994, pv=0.00944783, s=-0.2855]
  * Beta parameters: [s1=0.910077, s2=23.3227]
  * Adjusted p-values: [emp=0.164179, beta=0.153429]

Processing phenotype [ENSG00000207357.1] [31/215]
  * #variants in cis = 22
  * Best hit: [id=19_internal_6407, d=89372, pv=0.121056, s=0.1613]
  * Beta parameters: [s1=0.946831, s2=16.4508]
  * Adjusted p-values: [emp=0.940299, beta=0.918655]

Processing phenotype [ENSG00000267358.1] [32/215]
  * #variants in cis = 22
  * Best hit: [id=19_internal_6407, d=89372, pv=0.121056, s=0.1613]
  * Beta parameters: [s1=0.880096, s2=21.4332]
  * Adjusted p-values: [emp=0.915423, beta=0.90807]

Processing phenotype [ENSG00000064666.9] [33/215]
  * #variants in cis = 22
  * Best hit: [id=19_internal_7026, d=0, pv=0.0047639, s=0.3104]
  * Beta parameters: [s1=1.15484, s2=17.4863]
  * Adjusted p-values: [emp=0.104478, beta=0.0978847]

Processing phenotype [ENSG00000267020.1] [34/215]
  * #variants in cis = 22
  * Best hit: [id=19_internal_7026, d=0, pv=0.026456, s=0.2493]
  * Beta parameters: [s1=0.973519, s2=16.5482]
  * Adjusted p-values: [emp=0.422886, beta=0.448766]

Processing phenotype [ENSG00000064687.8] [35/215]
  * #variants in cis = 22
  * Best hit: [id=19_internal_7026, d=0, pv=3.09441e-07, s=0.5291]
  * Beta parameters: [s1=0.944618, s2=18.0843]
  * Adjusted p-values: [emp=0.00497512, beta=1.75211e-05]

Processing phenotype [ENSG00000180448.6] [36/215]
  * #variants in cis = 22
  * Best hit: [id=19_internal_7757, d=-168683, pv=0.0244091, s=-0.2419]
  * Beta parameters: [s1=0.992458, s2=17.7515]
  * Adjusted p-values: [emp=0.427861, beta=0.403643]

Processing phenotype [ENSG00000099817.7] [37/215]
  * #variants in cis = 22
  * Best hit: [id=19_internal_7658, d=413357, pv=0.0308562, s=-0.2125]
  * Beta parameters: [s1=1.03802, s2=20.2319]
  * Adjusted p-values: [emp=0.462687, beta=0.468904]

Processing phenotype [ENSG00000167468.11] [38/215]
  * #variants in cis = 22
  * Best hit: [id=19_internal_8676, d=-596741, pv=0.0491274, s=-0.2051]
  * Beta parameters: [s1=1.02403, s2=17.6534]
  * Adjusted p-values: [emp=0.636816, beta=0.633336]

Processing phenotype [ENSG00000064932.11] [39/215]
  * #variants in cis = 22
  * Best hit: [id=19_internal_5894, d=17278, pv=0.00383136, s=0.2966]
  * Beta parameters: [s1=0.962403, s2=16.2685]
  * Adjusted p-values: [emp=0.0646766, beta=0.0729075]

Processing phenotype [ENSG00000118046.10] [40/215]
  * #variants in cis = 22
  * Best hit: [id=19_internal_8095, d=704789, pv=0.0699619, s=-0.1952]
  * Beta parameters: [s1=1.07743, s2=17.6995]
  * Adjusted p-values: [emp=0.781095, beta=0.748744]

Processing phenotype [ENSG00000099625.8] [41/215]
  * #variants in cis = 22
  * Best hit: [id=19_internal_6819, d=109668, pv=0.0362423, s=-0.2288]
  * Beta parameters: [s1=1.01724, s2=23.5406]
  * Adjusted p-values: [emp=0.507463, beta=0.488175]

Processing phenotype [ENSG00000099624.3] [42/215]
  * #variants in cis = 22
  * Best hit: [id=19_internal_8871, d=-896386, pv=0.020723, s=0.2635]
  * Beta parameters: [s1=0.95085, s2=17.0602]
  * Adjusted p-values: [emp=0.338308, beta=0.355573]

Processing phenotype [ENSG00000167470.7] [43/215]
  * #variants in cis = 22
  * Best hit: [id=19_internal_8095, d=645643, pv=0.0835108, s=0.1904]
  * Beta parameters: [s1=0.972268, s2=26.4071]
  * Adjusted p-values: [emp=0.890547, beta=0.882207]

Processing phenotype [ENSG00000099622.9] [44/215]
  * #variants in cis = 22
  * Best hit: [id=19_internal_8095, d=634811, pv=0.0784131, s=0.1971]
  * Beta parameters: [s1=0.90449, s2=17.4656]
  * Adjusted p-values: [emp=0.781095, beta=0.781466]

Processing phenotype [ENSG00000267493.2] [45/215]
  * #variants in cis = 22
  * Best hit: [id=19_internal_7026, d=226456, pv=0.0465727, s=-0.2269]
  * Beta parameters: [s1=1.07876, s2=18.0005]
  * Adjusted p-values: [emp=0.606965, beta=0.60691]

Processing phenotype [ENSG00000228300.8] [46/215]
  * #variants in cis = 22
  * Best hit: [id=19_internal_5968, d=664310, pv=0.0932448, s=-0.1698]
  * Beta parameters: [s1=1.17882, s2=15.6198]
  * Adjusted p-values: [emp=0.845771, beta=0.836148]

Processing phenotype [ENSG00000226593.2] [47/215]
  * #variants in cis = 22
  * Best hit: [id=19_internal_8676, d=-768825, pv=0.0197894, s=-0.2430]
  * Beta parameters: [s1=0.954345, s2=18.4787]
  * Adjusted p-values: [emp=0.348259, beta=0.358513]

Processing phenotype [ENSG00000160953.10] [48/215]
  * #variants in cis = 22
  * Best hit: [id=19_internal_5968, d=653446, pv=0.00518872, s=0.2778]
  * Beta parameters: [s1=1.1506, s2=22.5169]
  * Adjusted p-values: [emp=0.0746269, beta=0.0851391]

Processing phenotype [ENSG00000267755.1] [49/215]
  * #variants in cis = 22
  * Best hit: [id=19_internal_5977, d=0, pv=0.0844481, s=0.1880]
  * Beta parameters: [s1=1.02565, s2=27.9129]
  * Adjusted p-values: [emp=0.850746, beta=0.859658]

Processing phenotype [ENSG00000115286.14] [50/215]
  * #variants in cis = 22
  * Best hit: [id=19_internal_6135, d=-200649, pv=0.0216758, s=0.2595]
  * Beta parameters: [s1=0.993371, s2=17.9701]
  * Adjusted p-values: [emp=0.328358, beta=0.344266]

Processing phenotype [ENSG00000176936.3] [51/215]
  * #variants in cis = 22
  * Best hit: [id=19_internal_7471, d=392260, pv=0.00868749, s=-0.2873]
  * Beta parameters: [s1=1.03208, s2=18.3449]
  * Adjusted p-values: [emp=0.169154, beta=0.161334]

Processing phenotype [ENSG00000248015.2] [52/215]
  * #variants in cis = 22
  * Best hit: [id=19_internal_6135, d=213589, pv=0.00308058, s=0.3157]
  * Beta parameters: [s1=0.893745, s2=22.0174]
  * Adjusted p-values: [emp=0.079602, beta=0.0766588]

Processing phenotype [ENSG00000130005.7] [53/215]
  * #variants in cis = 22
  * Best hit: [id=19_internal_8095, d=-492626, pv=0.00461087, s=-0.3117]
  * Beta parameters: [s1=1.08208, s2=19.0569]
  * Adjusted p-values: [emp=0.0995025, beta=0.0986765]

Processing phenotype [ENSG00000071626.11] [54/215]
  * #variants in cis = 22
  * Best hit: [id=19_internal_6305, d=546407, pv=0.105952, s=0.1857]
  * Beta parameters: [s1=0.9884, s2=22.1618]
  * Adjusted p-values: [emp=0.910448, beta=0.906295]

Processing phenotype [ENSG00000267759.1] [55/215]
  * #variants in cis = 22
  * Best hit: [id=19_internal_7705, d=910949, pv=0.00666303, s=0.2696]
  * Beta parameters: [s1=1.00211, s2=13.4268]
  * Adjusted p-values: [emp=0.169154, beta=0.17024]

Processing phenotype [ENSG00000115268.4] [56/215]
  * #variants in cis = 22
  * Best hit: [id=19_internal_7026, d=-394574, pv=0.0345323, s=0.2075]
  * Beta parameters: [s1=1.03301, s2=20.7586]
  * Adjusted p-values: [emp=0.547264, beta=0.543795]

Processing phenotype [ENSG00000268798.1] [57/215]
  * #variants in cis = 22
  * Best hit: [id=19_internal_7026, d=-397054, pv=0.035261, s=-0.2329]
  * Beta parameters: [s1=1.05118, s2=22.4903]
  * Adjusted p-values: [emp=0.572139, beta=0.568206]

Processing phenotype [ENSG00000115266.7] [58/215]
  * #variants in cis = 22
  * Best hit: [id=19_internal_6305, d=507691, pv=0.00837004, s=0.2987]
  * Beta parameters: [s1=1.06516, s2=17.7565]
  * Adjusted p-values: [emp=0.159204, beta=0.14701]

Processing phenotype [ENSG00000267317.1] [59/215]
  * #variants in cis = 22
  * Best hit: [id=19_internal_7471, d=465374, pv=0.120163, s=-0.1670]
  * Beta parameters: [s1=0.902978, s2=23.3532]
  * Adjusted p-values: [emp=0.965174, beta=0.941288]

Processing phenotype [ENSG00000119559.11] [60/215]
  * #variants in cis = 22
  * Best hit: [id=19_internal_6819, d=351197, pv=0.0262045, s=0.2329]
  * Beta parameters: [s1=1.05303, s2=26.8146]
  * Adjusted p-values: [emp=0.457711, beta=0.436449]

Processing phenotype [ENSG00000115257.10] [61/215]
  * #variants in cis = 22
  * Best hit: [id=19_internal_9627, d=122059, pv=0.0151303, s=-0.2354]
  * Beta parameters: [s1=0.886787, s2=21.2844]
  * Adjusted p-values: [emp=0.243781, beta=0.226439]

Processing phenotype [ENSG00000115255.6] [62/215]
  * #variants in cis = 22
  * Best hit: [id=19_internal_6135, d=-308288, pv=0.154128, s=-0.1609]
  * Beta parameters: [s1=0.855604, s2=25.2967]
  * Adjusted p-values: [emp=0.9801, beta=0.977762]

Processing phenotype [ENSG00000267092.1] [63/215]
  * #variants in cis = 22
  * Best hit: [id=19_internal_7471, d=-510991, pv=0.00436267, s=0.3081]
  * Beta parameters: [s1=0.881291, s2=22.9435]
  * Adjusted p-values: [emp=0.0945274, beta=0.0857515]

Processing phenotype [ENSG00000185761.6] [64/215]
  * #variants in cis = 22
  * Best hit: [id=19_internal_7471, d=516213, pv=0.0157036, s=0.2517]
  * Beta parameters: [s1=0.916753, s2=20.3592]
  * Adjusted p-values: [emp=0.273632, beta=0.286216]

Processing phenotype [ENSG00000181588.14] [65/215]
  * #variants in cis = 23
  * Best hit: [id=19_internal_9738, d=983211, pv=0.193911, s=-0.1261]
  * Beta parameters: [s1=0.939271, s2=16.2474]
  * Adjusted p-values: [emp=0.9801, beta=0.980141]

Processing phenotype [ENSG00000267161.1] [66/215]
  * #variants in cis = 23
  * Best hit: [id=19_internal_7201, d=-922341, pv=0.202999, s=-0.1428]
  * Beta parameters: [s1=1.08972, s2=21.6593]
  * Adjusted p-values: [emp=0.99005, beta=0.992304]

Processing phenotype [ENSG00000266926.1] [67/215]
  * #variants in cis = 23
  * Best hit: [id=19_internal_5968, d=-357014, pv=0.0767391, s=-0.1744]
  * Beta parameters: [s1=0.885338, s2=24.6071]
  * Adjusted p-values: [emp=0.800995, beta=0.818036]

Processing phenotype [ENSG00000071655.10] [68/215]
  * #variants in cis = 22
  * Best hit: [id=19_internal_7507, d=-60229, pv=0.11292, s=-0.1637]
  * Beta parameters: [s1=1.02769, s2=14.8186]
  * Adjusted p-values: [emp=0.875622, beta=0.879403]

Processing phenotype [ENSG00000127540.5] [69/215]
  * #variants in cis = 22
  * Best hit: [id=19_internal_6407, d=389776, pv=0.0272543, s=0.2191]
  * Beta parameters: [s1=1.11921, s2=15.6974]
  * Adjusted p-values: [emp=0.457711, beta=0.45416]

Processing phenotype [ENSG00000267059.1] [70/215]
  * #variants in cis = 22
  * Best hit: [id=19_internal_7507, d=-47628, pv=0.062605, s=-0.1882]
  * Beta parameters: [s1=1.04901, s2=20.7798]
  * Adjusted p-values: [emp=0.746269, beta=0.730991]

Processing phenotype [ENSG00000071564.10] [71/215]
  * #variants in cis = 22
  * Best hit: [id=19_internal_7026, d=608820, pv=0.0116362, s=0.2661]
  * Beta parameters: [s1=1.04969, s2=22.2352]
  * Adjusted p-values: [emp=0.238806, beta=0.207875]

Processing phenotype [ENSG00000130270.10] [72/215]
  * #variants in cis = 21
  * Best hit: [id=19_internal_7026, d=768491, pv=0.0241679, s=-0.2543]
  * Beta parameters: [s1=1.15312, s2=18.1553]
  * Adjusted p-values: [emp=0.427861, beta=0.40878]

Processing phenotype [ENSG00000267007.1] [73/215]
  * #variants in cis = 21
  * Best hit: [id=19_internal_6135, d=-632371, pv=0.00540993, s=0.2711]
  * Beta parameters: [s1=1.04191, s2=24.8024]
  * Adjusted p-values: [emp=0.104478, beta=0.0768074]

Processing phenotype [ENSG00000223244.1] [74/215]
  * #variants in cis = 21
  * Best hit: [id=19_internal_6407, d=600533, pv=0.0344939, s=-0.2280]
  * Beta parameters: [s1=0.952307, s2=18.0524]
  * Adjusted p-values: [emp=0.472637, beta=0.475307]

Processing phenotype [ENSG00000267244.1] [75/215]
  * #variants in cis = 21
  * Best hit: [id=19_internal_7757, d=-924849, pv=0.113293, s=-0.1720]
  * Beta parameters: [s1=0.980235, s2=16.2239]
  * Adjusted p-values: [emp=0.880597, beta=0.877358]

Processing phenotype [ENSG00000079313.7] [76/215]
  * #variants in cis = 22
  * Best hit: [id=19_internal_7705, d=-476397, pv=0.00764083, s=0.2615]
  * Beta parameters: [s1=1.1107, s2=23.904]
  * Adjusted p-values: [emp=0.129353, beta=0.114104]

Processing phenotype [ENSG00000267125.1] [77/215]
  * #variants in cis = 22
  * Best hit: [id=19_internal_7820, d=-998589, pv=0.0339569, s=0.2292]
  * Beta parameters: [s1=0.947975, s2=21.6635]
  * Adjusted p-values: [emp=0.477612, beta=0.492736]

Processing phenotype [ENSG00000267141.1] [78/215]
  * #variants in cis = 21
  * Best hit: [id=19_internal_9627, d=-491557, pv=0.0360407, s=-0.2327]
  * Beta parameters: [s1=0.924247, s2=22.4907]
  * Adjusted p-values: [emp=0.457711, beta=0.468131]

Processing phenotype [ENSG00000129911.4] [79/215]
  * #variants in cis = 21
  * Best hit: [id=19_internal_8913, d=-793953, pv=0.0203221, s=0.2519]
  * Beta parameters: [s1=1.00521, s2=20.1975]
  * Adjusted p-values: [emp=0.338308, beta=0.324461]

Processing phenotype [ENSG00000267232.1] [80/215]
  * #variants in cis = 21
  * Best hit: [id=19_internal_6407, d=-659311, pv=0.02247, s=0.2415]
  * Beta parameters: [s1=1.0295, s2=21.3929]
  * Adjusted p-values: [emp=0.358209, beta=0.345811]

Processing phenotype [ENSG00000261526.1] [81/215]
  * #variants in cis = 21
  * Best hit: [id=19_internal_6407, d=660464, pv=0.0283839, s=0.2319]
  * Beta parameters: [s1=1.08882, s2=20.479]
  * Adjusted p-values: [emp=0.482587, beta=0.467095]

Processing phenotype [ENSG00000129968.11] [82/215]
  * #variants in cis = 21
  * Best hit: [id=19_internal_6305, d=-68445, pv=0.095186, s=0.1768]
  * Beta parameters: [s1=0.921092, s2=21.0678]
  * Adjusted p-values: [emp=0.895522, beta=0.888043]

Processing phenotype [ENSG00000227500.5] [83/215]
  * #variants in cis = 21
  * Best hit: [id=19_internal_6305, d=48778, pv=0.0492308, s=-0.2272]
  * Beta parameters: [s1=0.997434, s2=14.7697]
  * Adjusted p-values: [emp=0.597015, beta=0.612546]

Processing phenotype [ENSG00000213638.3] [84/215]
  * #variants in cis = 21
  * Best hit: [id=19_internal_6035, d=0, pv=0.052576, s=0.1919]
  * Beta parameters: [s1=1.0532, s2=17.6233]
  * Adjusted p-values: [emp=0.636816, beta=0.630411]

Processing phenotype [ENSG00000198683.2] [85/215]
  * #variants in cis = 21
  * Best hit: [id=19_internal_7507, d=-252304, pv=0.0730463, s=-0.2045]
  * Beta parameters: [s1=1.01917, s2=19.8187]
  * Adjusted p-values: [emp=0.830846, beta=0.801626]

Processing phenotype [ENSG00000133275.11] [86/215]
  * #variants in cis = 21
  * Best hit: [id=19_internal_6305, d=12803, pv=0.0142392, s=0.2679]
  * Beta parameters: [s1=0.948488, s2=24.7865]
  * Adjusted p-values: [emp=0.233831, beta=0.236766]

Processing phenotype [ENSG00000180846.4] [87/215]
  * #variants in cis = 21
  * Best hit: [id=19_internal_7705, d=-370264, pv=0.00807975, s=0.2575]
  * Beta parameters: [s1=1.02295, s2=15.8321]
  * Adjusted p-values: [emp=0.159204, beta=0.164512]

Processing phenotype [ENSG00000267283.1] [88/215]
  * #variants in cis = 22
  * Best hit: [id=19_internal_8248, d=898166, pv=0.00514899, s=-0.2833]
  * Beta parameters: [s1=1.08364, s2=16.7898]
  * Adjusted p-values: [emp=0.119403, beta=0.113203]

Processing phenotype [ENSG00000133243.4] [89/215]
  * #variants in cis = 21
  * Best hit: [id=19_internal_5977, d=622390, pv=0.0183867, s=0.2246]
  * Beta parameters: [s1=0.928593, s2=16.3757]
  * Adjusted p-values: [emp=0.298507, beta=0.336797]

Processing phenotype [ENSG00000099875.10] [90/215]
  * #variants in cis = 19
  * Best hit: [id=19_internal_5968, d=0, pv=0.139126, s=0.1621]
  * Beta parameters: [s1=0.982415, s2=12.997]
  * Adjusted p-values: [emp=0.905473, beta=0.90281]

Processing phenotype [ENSG00000099840.8] [91/215]
  * #variants in cis = 20
  * Best hit: [id=19_internal_5968, d=0, pv=0.0375187, s=0.1977]
  * Beta parameters: [s1=0.897504, s2=16.2371]
  * Adjusted p-values: [emp=0.497512, beta=0.517875]

Processing phenotype [ENSG00000172081.9] [92/215]
  * #variants in cis = 20
  * Best hit: [id=19_internal_6035, d=190335, pv=0.0212609, s=0.2254]
  * Beta parameters: [s1=0.99082, s2=16.4147]
  * Adjusted p-values: [emp=0.368159, beta=0.341367]

Processing phenotype [ENSG00000104885.11] [93/215]
  * #variants in cis = 19
  * Best hit: [id=19_internal_6305, d=-206384, pv=0.012482, s=0.2545]
  * Beta parameters: [s1=0.962944, s2=12.6325]
  * Adjusted p-values: [emp=0.21393, beta=0.212071]

Processing phenotype [ENSG00000065000.11] [94/215]
  * #variants in cis = 19
  * Best hit: [id=19_internal_6305, d=206700, pv=0.0184667, s=0.2633]
  * Beta parameters: [s1=1.03439, s2=17.9823]
  * Adjusted p-values: [emp=0.318408, beta=0.294559]

Processing phenotype [ENSG00000267122.1] [95/215]
  * #variants in cis = 18
  * Best hit: [id=19_internal_8913, d=-441956, pv=0.079908, s=0.1949]
  * Beta parameters: [s1=0.982898, s2=16.0684]
  * Adjusted p-values: [emp=0.701493, beta=0.7421]

Processing phenotype [ENSG00000104897.4] [96/215]
  * #variants in cis = 17
  * Best hit: [id=19_internal_6305, d=-278756, pv=0.07918, s=0.2033]
  * Beta parameters: [s1=0.963278, s2=18.9218]
  * Adjusted p-values: [emp=0.761194, beta=0.766727]

Processing phenotype [ENSG00000104886.4] [97/215]
  * #variants in cis = 17
  * Best hit: [id=19_internal_6560, d=-734069, pv=0.000746267, s=0.3434]
  * Beta parameters: [s1=0.976985, s2=15.1817]
  * Adjusted p-values: [emp=0.0149254, beta=0.0162645]

Processing phenotype [ENSG00000104899.3] [98/215]
  * #variants in cis = 17
  * Best hit: [id=19_internal_7201, d=249149, pv=0.206801, s=-0.1293]
  * Beta parameters: [s1=0.976398, s2=16.798]
  * Adjusted p-values: [emp=0.975124, beta=0.973477]

Processing phenotype [ENSG00000104904.6] [99/215]
  * #variants in cis = 17
  * Best hit: [id=19_internal_8095, d=-358830, pv=0.14937, s=0.1616]
  * Beta parameters: [s1=0.902422, s2=15.3767]
  * Adjusted p-values: [emp=0.940299, beta=0.913392]

Processing phenotype [ENSG00000167476.5] [100/215]
  * #variants in cis = 17
  * Best hit: [id=19_internal_6035, d=363421, pv=0.09819, s=-0.1819]
  * Beta parameters: [s1=0.9282, s2=20.8559]
  * Adjusted p-values: [emp=0.830846, beta=0.841016]

Processing phenotype [ENSG00000267621.1] [101/215]
  * #variants in cis = 17
  * Best hit: [id=19_internal_7705, d=-53904, pv=0.00511187, s=0.3069]
  * Beta parameters: [s1=1.05121, s2=14.8929]
  * Adjusted p-values: [emp=0.0845771, beta=0.0956943]

Processing phenotype [ENSG00000188305.4] [102/215]
  * #variants in cis = 17
  * Best hit: [id=19_internal_7705, d=-42668, pv=0.0727338, s=0.1922]
  * Beta parameters: [s1=1.10476, s2=14.4272]
  * Adjusted p-values: [emp=0.716418, beta=0.694112]

Processing phenotype [ENSG00000220008.2] [103/215]
  * #variants in cis = 17
  * Best hit: [id=19_internal_6305, d=350392, pv=0.0502472, s=0.2209]
  * Beta parameters: [s1=1.05037, s2=15.5721]
  * Adjusted p-values: [emp=0.562189, beta=0.556859]

Processing phenotype [ENSG00000130332.9] [104/215]
  * #variants in cis = 17
  * Best hit: [id=19_internal_7201, d=-169200, pv=0.0173423, s=0.2544]
  * Beta parameters: [s1=0.9631, s2=18.7479]
  * Adjusted p-values: [emp=0.238806, beta=0.231182]

Processing phenotype [ENSG00000005206.10] [105/215]
  * #variants in cis = 17
  * Best hit: [id=19_internal_9093, d=804054, pv=0.0238935, s=0.2653]
  * Beta parameters: [s1=1.21148, s2=12.6364]
  * Adjusted p-values: [emp=0.422886, beta=0.394401]

Processing phenotype [ENSG00000267331.1] [106/215]
  * #variants in cis = 17
  * Best hit: [id=19_internal_9093, d=-776893, pv=0.0683197, s=0.1898]
  * Beta parameters: [s1=0.971884, s2=11.9564]
  * Adjusted p-values: [emp=0.641791, beta=0.668358]

Processing phenotype [ENSG00000178297.8] [107/215]
  * #variants in cis = 18
  * Best hit: [id=19_internal_6591, d=450748, pv=0.0660228, s=-0.2043]
  * Beta parameters: [s1=0.929436, s2=18.1323]
  * Adjusted p-values: [emp=0.666667, beta=0.683162]

Processing phenotype [ENSG00000099800.3] [108/215]
  * #variants in cis = 17
  * Best hit: [id=19_internal_5968, d=255674, pv=0.0262907, s=0.2459]
  * Beta parameters: [s1=1.03379, s2=17.7239]
  * Adjusted p-values: [emp=0.308458, beta=0.335981]

Processing phenotype [ENSG00000176619.5] [109/215]
  * #variants in cis = 17
  * Best hit: [id=19_internal_5998, d=406594, pv=0.0551012, s=0.2119]
  * Beta parameters: [s1=0.841477, s2=18.9024]
  * Adjusted p-values: [emp=0.59204, beta=0.611601]

Processing phenotype [ENSG00000099860.4] [110/215]
  * #variants in cis = 17
  * Best hit: [id=19_internal_7201, d=21695, pv=0.0021909, s=0.3369]
  * Beta parameters: [s1=0.901499, s2=14.4725]
  * Adjusted p-values: [emp=0.0447761, beta=0.0395976]

Processing phenotype [ENSG00000267749.1] [111/215]
  * #variants in cis = 19
  * Best hit: [id=19_internal_6305, d=686087, pv=0.0427866, s=0.2259]
  * Beta parameters: [s1=1.00945, s2=15.3365]
  * Adjusted p-values: [emp=0.537313, beta=0.51307]

Processing phenotype [ENSG00000176533.8] [112/215]
  * #variants in cis = 19
  * Best hit: [id=19_internal_8913, d=0, pv=0.0161714, s=0.2576]
  * Beta parameters: [s1=0.915444, s2=22.0444]
  * Adjusted p-values: [emp=0.199005, beta=0.204392]

Processing phenotype [ENSG00000261342.1] [113/215]
  * #variants in cis = 19
  * Best hit: [id=19_internal_6859, d=-786725, pv=0.120998, s=-0.1641]
  * Beta parameters: [s1=1.04758, s2=13.2502]
  * Adjusted p-values: [emp=0.845771, beta=0.848291]

Processing phenotype [ENSG00000267001.1] [114/215]
  * #variants in cis = 19
  * Best hit: [id=19_internal_6591, d=-100471, pv=0.0475445, s=0.2193]
  * Beta parameters: [s1=1.06021, s2=21.7237]
  * Adjusted p-values: [emp=0.567164, beta=0.573311]

Processing phenotype [ENSG00000141873.6] [115/215]
  * #variants in cis = 19
  * Best hit: [id=19_internal_5998, d=689750, pv=0.0462397, s=0.2198]
  * Beta parameters: [s1=1.12505, s2=20.5861]
  * Adjusted p-values: [emp=0.537313, beta=0.528281]

Processing phenotype [ENSG00000104969.5] [116/215]
  * #variants in cis = 19
  * Best hit: [id=19_internal_6995, d=-801693, pv=0.0694261, s=0.1916]
  * Beta parameters: [s1=0.97226, s2=22.2698]
  * Adjusted p-values: [emp=0.701493, beta=0.70797]

Processing phenotype [ENSG00000172009.10] [117/215]
  * #variants in cis = 19
  * Best hit: [id=19_internal_8913, d=-8424, pv=0.0704821, s=-0.2008]
  * Beta parameters: [s1=0.91547, s2=16.6809]
  * Adjusted p-values: [emp=0.726368, beta=0.722554]

Processing phenotype [ENSG00000172006.7] [118/215]
  * #variants in cis = 21
  * Best hit: [id=19_internal_7201, d=-311292, pv=0.0222324, s=0.2534]
  * Beta parameters: [s1=1.07584, s2=20.72]
  * Adjusted p-values: [emp=0.343284, beta=0.363233]

Processing phenotype [ENSG00000186300.7] [119/215]
  * #variants in cis = 21
  * Best hit: [id=19_internal_8095, d=-930744, pv=0.120475, s=0.1647]
  * Beta parameters: [s1=0.953692, s2=18.1205]
  * Adjusted p-values: [emp=0.935323, beta=0.911232]

Processing phenotype [ENSG00000267063.1] [120/215]
  * #variants in cis = 21
  * Best hit: [id=19_internal_6653, d=-523587, pv=0.0361057, s=-0.2214]
  * Beta parameters: [s1=0.872497, s2=20.4274]
  * Adjusted p-values: [emp=0.527363, beta=0.524723]

Processing phenotype [ENSG00000171970.8] [121/215]
  * #variants in cis = 21
  * Best hit: [id=19_internal_6787, d=899343, pv=0.0925721, s=0.1796]
  * Beta parameters: [s1=1.02028, s2=19.026]
  * Adjusted p-values: [emp=0.875622, beta=0.863438]

Processing phenotype [ENSG00000253392.2] [122/215]
  * #variants in cis = 19
  * Best hit: [id=19_internal_5968, d=754587, pv=0.00892611, s=-0.2706]
  * Beta parameters: [s1=1.09608, s2=19.3786]
  * Adjusted p-values: [emp=0.134328, beta=0.119407]

Processing phenotype [ENSG00000175691.8] [123/215]
  * #variants in cis = 20
  * Best hit: [id=19_internal_7121, d=-731589, pv=0.0531695, s=0.2363]
  * Beta parameters: [s1=1.1463, s2=17.0825]
  * Adjusted p-values: [emp=0.696517, beta=0.65654]

Processing phenotype [ENSG00000104953.13] [124/215]
  * #variants in cis = 19
  * Best hit: [id=19_internal_6560, d=0, pv=0.0462479, s=-0.2187]
  * Beta parameters: [s1=0.892757, s2=15.3821]
  * Adjusted p-values: [emp=0.542289, beta=0.557499]

Processing phenotype [ENSG00000065717.10] [125/215]
  * #variants in cis = 21
  * Best hit: [id=19_internal_6339, d=479179, pv=0.0210215, s=0.2727]
  * Beta parameters: [s1=1.03564, s2=16.8369]
  * Adjusted p-values: [emp=0.378109, beta=0.363609]

Processing phenotype [ENSG00000267469.1] [126/215]
  * #variants in cis = 20
  * Best hit: [id=19_internal_7184, d=891001, pv=0.0635802, s=0.1959]
  * Beta parameters: [s1=0.975398, s2=12.814]
  * Adjusted p-values: [emp=0.671642, beta=0.707839]

Processing phenotype [ENSG00000104964.10] [127/215]
  * #variants in cis = 20
  * Best hit: [id=19_internal_6591, d=161514, pv=0.114557, s=-0.1695]
  * Beta parameters: [s1=0.944093, s2=15.8999]
  * Adjusted p-values: [emp=0.865672, beta=0.875462]

Processing phenotype [ENSG00000088256.4] [128/215]
  * #variants in cis = 20
  * Best hit: [id=19_internal_6339, d=-525954, pv=0.0724999, s=0.1735]
  * Beta parameters: [s1=0.973123, s2=13.8534]
  * Adjusted p-values: [emp=0.721393, beta=0.736027]

Processing phenotype [ENSG00000267139.1] [129/215]
  * #variants in cis = 20
  * Best hit: [id=19_internal_6339, d=550848, pv=0.0415027, s=0.2150]
  * Beta parameters: [s1=1.003, s2=16.5768]
  * Adjusted p-values: [emp=0.562189, beta=0.553183]

Processing phenotype [ENSG00000267688.1] [130/215]
  * #variants in cis = 20
  * Best hit: [id=19_internal_9093, d=-10545, pv=0.166318, s=-0.1325]
  * Beta parameters: [s1=0.923241, s2=12.9417]
  * Adjusted p-values: [emp=0.960199, beta=0.944392]

Processing phenotype [ENSG00000060558.3] [131/215]
  * #variants in cis = 20
  * Best hit: [id=19_internal_8248, d=-246750, pv=0.0158595, s=-0.2650]
  * Beta parameters: [s1=1.00307, s2=16.2488]
  * Adjusted p-values: [emp=0.248756, beta=0.241476]

Processing phenotype [ENSG00000267551.2] [132/215]
  * #variants in cis = 20
  * Best hit: [id=19_internal_6740, d=50412, pv=0.0136439, s=-0.2522]
  * Beta parameters: [s1=1.00094, s2=18.0336]
  * Adjusted p-values: [emp=0.238806, beta=0.210142]

Processing phenotype [ENSG00000125910.4] [133/215]
  * #variants in cis = 19
  * Best hit: [id=19_internal_6829, d=644189, pv=0.0479797, s=-0.2211]
  * Beta parameters: [s1=0.87223, s2=17.7223]
  * Adjusted p-values: [emp=0.522388, beta=0.561435]

Processing phenotype [ENSG00000125912.6] [134/215]
  * #variants in cis = 19
  * Best hit: [id=19_internal_7121, d=490997, pv=0.00506385, s=0.3230]
  * Beta parameters: [s1=0.952754, s2=15.2225]
  * Adjusted p-values: [emp=0.0995025, beta=0.0925591]

Processing phenotype [ENSG00000161082.8] [135/215]
  * #variants in cis = 19
  * Best hit: [id=19_internal_6560, d=-240045, pv=0.0342284, s=-0.2401]
  * Beta parameters: [s1=0.976827, s2=18.6096]
  * Adjusted p-values: [emp=0.477612, beta=0.474458]

Processing phenotype [ENSG00000141905.13] [136/215]
  * #variants in cis = 20
  * Best hit: [id=19_internal_6764, d=659410, pv=0.0479801, s=0.2214]
  * Beta parameters: [s1=1.09078, s2=19.5651]
  * Adjusted p-values: [emp=0.616915, beta=0.600601]

Processing phenotype [ENSG00000095932.5] [137/215]
  * #variants in cis = 20
  * Best hit: [id=19_internal_6787, d=-319699, pv=0.015878, s=0.2553]
  * Beta parameters: [s1=0.992524, s2=17.9339]
  * Adjusted p-values: [emp=0.263682, beta=0.247686]

Processing phenotype [ENSG00000129932.3] [138/215]
  * #variants in cis = 20
  * Best hit: [id=19_internal_6834, d=-479205, pv=0.0436953, s=-0.2279]
  * Beta parameters: [s1=0.803174, s2=19.7713]
  * Adjusted p-values: [emp=0.58209, beta=0.624437]

Processing phenotype [ENSG00000105325.9] [139/215]
  * #variants in cis = 20
  * Best hit: [id=19_internal_6653, d=-99097, pv=0.0176722, s=0.2490]
  * Beta parameters: [s1=0.934322, s2=19.2319]
  * Adjusted p-values: [emp=0.323383, beta=0.287306]

Processing phenotype [ENSG00000183397.5] [140/215]
  * #variants in cis = 19
  * Best hit: [id=19_internal_7184, d=404757, pv=0.00122496, s=0.3110]
  * Beta parameters: [s1=1.01209, s2=19.6288]
  * Adjusted p-values: [emp=0.0248756, beta=0.021944]

Processing phenotype [ENSG00000267436.1] [141/215]
  * #variants in cis = 19
  * Best hit: [id=19_internal_7121, d=132361, pv=0.00182581, s=0.3334]
  * Beta parameters: [s1=1.03522, s2=21.4655]
  * Adjusted p-values: [emp=0.0248756, beta=0.0258623]

Processing phenotype [ENSG00000064961.14] [142/215]
  * #variants in cis = 19
  * Best hit: [id=19_internal_6829, d=243758, pv=0.0886773, s=-0.1926]
  * Beta parameters: [s1=1.0915, s2=17.0691]
  * Adjusted p-values: [emp=0.80597, beta=0.802751]

Processing phenotype [ENSG00000161091.8] [143/215]
  * #variants in cis = 19
  * Best hit: [id=19_internal_7121, d=-102270, pv=0.00349381, s=0.3146]
  * Beta parameters: [s1=0.991938, s2=17.9855]
  * Adjusted p-values: [emp=0.079602, beta=0.0721112]

Processing phenotype [ENSG00000179855.5] [144/215]
  * #variants in cis = 20
  * Best hit: [id=19_internal_6591, d=-683960, pv=0.0132402, s=-0.2562]
  * Beta parameters: [s1=0.988955, s2=12.8923]
  * Adjusted p-values: [emp=0.238806, beta=0.242742]

Processing phenotype [ENSG00000006638.7] [145/215]
  * #variants in cis = 20
  * Best hit: [id=19_internal_6829, d=-209695, pv=0.0565259, s=-0.1930]
  * Beta parameters: [s1=1.0961, s2=16.7173]
  * Adjusted p-values: [emp=0.696517, beta=0.683443]

Processing phenotype [ENSG00000226800.4] [146/215]
  * #variants in cis = 20
  * Best hit: [id=19_internal_6764, d=411726, pv=0.021683, s=0.2477]
  * Beta parameters: [s1=0.986579, s2=21.7169]
  * Adjusted p-values: [emp=0.373134, beta=0.367063]

Processing phenotype [ENSG00000105298.9] [147/215]
  * #variants in cis = 20
  * Best hit: [id=19_internal_6764, d=-392158, pv=0.0153259, s=0.2714]
  * Beta parameters: [s1=1.03375, s2=15.9326]
  * Adjusted p-values: [emp=0.268657, beta=0.258248]

Processing phenotype [ENSG00000186111.4] [148/215]
  * #variants in cis = 20
  * Best hit: [id=19_internal_7121, d=11068, pv=0.00370024, s=0.3167]
  * Beta parameters: [s1=1.00815, s2=14.7687]
  * Adjusted p-values: [emp=0.119403, beta=0.0892294]

Processing phenotype [ENSG00000105289.10] [149/215]
  * #variants in cis = 20
  * Best hit: [id=19_internal_8248, d=-818666, pv=0.013264, s=0.2578]
  * Beta parameters: [s1=0.90793, s2=18.6482]
  * Adjusted p-values: [emp=0.199005, beta=0.220989]

Processing phenotype [ENSG00000267205.1] [150/215]
  * #variants in cis = 20
  * Best hit: [id=19_internal_6560, d=-769182, pv=0.0752561, s=0.1942]
  * Beta parameters: [s1=0.92193, s2=21.3215]
  * Adjusted p-values: [emp=0.731343, beta=0.756465]

Processing phenotype [ENSG00000267138.1] [151/215]
  * #variants in cis = 20
  * Best hit: [id=19_internal_6834, d=-223486, pv=0.0544698, s=-0.1941]
  * Beta parameters: [s1=0.877589, s2=24.8359]
  * Adjusted p-values: [emp=0.686567, beta=0.691781]

Processing phenotype [ENSG00000011132.7] [152/215]
  * #variants in cis = 20
  * Best hit: [id=19_internal_7184, d=-182212, pv=0.054913, s=0.2076]
  * Beta parameters: [s1=1.05111, s2=18.3678]
  * Adjusted p-values: [emp=0.636816, beta=0.627218]

Processing phenotype [ENSG00000183617.4] [153/215]
  * #variants in cis = 20
  * Best hit: [id=19_internal_7766, d=501588, pv=0.0186489, s=0.2398]
  * Beta parameters: [s1=0.99727, s2=16.9258]
  * Adjusted p-values: [emp=0.298507, beta=0.313666]

Processing phenotype [ENSG00000173976.11] [154/215]
  * #variants in cis = 20
  * Best hit: [id=19_internal_6834, d=-207910, pv=0.147149, s=0.1628]
  * Beta parameters: [s1=1.0479, s2=23.246]
  * Adjusted p-values: [emp=0.950249, beta=0.96366]

Processing phenotype [ENSG00000007264.9] [155/215]
  * #variants in cis = 19
  * Best hit: [id=19_internal_9093, d=645838, pv=0.0196811, s=-0.2652]
  * Beta parameters: [s1=1.00415, s2=18.6543]
  * Adjusted p-values: [emp=0.288557, beta=0.285707]

Processing phenotype [ENSG00000105278.6] [156/215]
  * #variants in cis = 20
  * Best hit: [id=19_internal_6834, d=-111113, pv=0.0105555, s=0.2552]
  * Beta parameters: [s1=1.0211, s2=19.3245]
  * Adjusted p-values: [emp=0.20398, beta=0.192751]

Processing phenotype [ENSG00000207733.1] [157/215]
  * #variants in cis = 19
  * Best hit: [id=19_internal_8220, d=562157, pv=0.0694204, s=0.1694]
  * Beta parameters: [s1=0.997727, s2=21.9023]
  * Adjusted p-values: [emp=0.721393, beta=0.718353]

Processing phenotype [ENSG00000167657.7] [158/215]
  * #variants in cis = 19
  * Best hit: [id=19_internal_6764, d=-47850, pv=0.00590558, s=0.2938]
  * Beta parameters: [s1=0.979259, s2=15.7513]
  * Adjusted p-values: [emp=0.119403, beta=0.112516]

Processing phenotype [ENSG00000206775.1] [159/215]
  * #variants in cis = 19
  * Best hit: [id=19_internal_6030, d=-384682, pv=0.0236125, s=0.2225]
  * Beta parameters: [s1=1.02852, s2=18.9971]
  * Adjusted p-values: [emp=0.373134, beta=0.372067]

Processing phenotype [ENSG00000167658.11] [160/215]
  * #variants in cis = 19
  * Best hit: [id=19_internal_6787, d=169516, pv=0.0479146, s=0.2121]
  * Beta parameters: [s1=1.04109, s2=15.2068]
  * Adjusted p-values: [emp=0.621891, beta=0.6099]

Processing phenotype [ENSG00000105229.2] [161/215]
  * #variants in cis = 19
  * Best hit: [id=19_internal_7121, d=-318235, pv=0.0161543, s=0.2510]
  * Beta parameters: [s1=1.00397, s2=15.5511]
  * Adjusted p-values: [emp=0.293532, beta=0.278238]

Processing phenotype [ENSG00000205147.3] [162/215]
  * #variants in cis = 20
  * Best hit: [id=19_internal_7121, d=353745, pv=0.00170219, s=0.3274]
  * Beta parameters: [s1=1.01724, s2=17.913]
  * Adjusted p-values: [emp=0.0348259, beta=0.0342971]

Processing phenotype [ENSG00000268670.1] [163/215]
  * #variants in cis = 20
  * Best hit: [id=19_internal_6764, d=26828, pv=0.0377961, s=0.2077]
  * Beta parameters: [s1=1.04169, s2=20.5578]
  * Adjusted p-values: [emp=0.532338, beta=0.516945]

Processing phenotype [ENSG00000178951.4] [164/215]
  * #variants in cis = 20
  * Best hit: [id=19_internal_6995, d=457416, pv=0.0344985, s=0.2186]
  * Beta parameters: [s1=1.00844, s2=19.2533]
  * Adjusted p-values: [emp=0.547264, beta=0.535877]

Processing phenotype [ENSG00000126934.8] [165/215]
  * #variants in cis = 19
  * Best hit: [id=19_internal_7184, d=171763, pv=0.042644, s=-0.2129]
  * Beta parameters: [s1=0.965887, s2=19.2618]
  * Adjusted p-values: [emp=0.58209, beta=0.560581]

Processing phenotype [ENSG00000077463.10] [166/215]
  * #variants in cis = 19
  * Best hit: [id=19_internal_6765, d=-711890, pv=0.0830664, s=-0.1998]
  * Beta parameters: [s1=1.02638, s2=18.7677]
  * Adjusted p-values: [emp=0.825871, beta=0.829353]

Processing phenotype [ENSG00000089847.8] [167/215]
  * #variants in cis = 19
  * Best hit: [id=19_internal_6414, d=374604, pv=0.121778, s=-0.1565]
  * Beta parameters: [s1=0.963715, s2=15.744]
  * Adjusted p-values: [emp=0.915423, beta=0.907493]

Processing phenotype [ENSG00000105248.11] [168/215]
  * #variants in cis = 19
  * Best hit: [id=19_internal_8220, d=-847723, pv=0.019811, s=-0.2541]
  * Beta parameters: [s1=0.998295, s2=16.4189]
  * Adjusted p-values: [emp=0.303483, beta=0.304197]

Processing phenotype [ENSG00000105251.6] [169/215]
  * #variants in cis = 19
  * Best hit: [id=19_internal_6653, d=-871424, pv=0.0416179, s=-0.2265]
  * Beta parameters: [s1=1.01916, s2=20.7962]
  * Adjusted p-values: [emp=0.562189, beta=0.517333]

Processing phenotype [ENSG00000167664.4] [170/215]
  * #variants in cis = 19
  * Best hit: [id=19_internal_7184, d=350065, pv=0.00202791, s=-0.2925]
  * Beta parameters: [s1=0.986622, s2=17.0778]
  * Adjusted p-values: [emp=0.0298507, beta=0.042099]

Processing phenotype [ENSG00000105255.6] [171/215]
  * #variants in cis = 19
  * Best hit: [id=19_internal_7766, d=-36685, pv=0.00403598, s=0.3040]
  * Beta parameters: [s1=0.972797, s2=12.9719]
  * Adjusted p-values: [emp=0.0945274, beta=0.0867075]

Processing phenotype [ENSG00000178078.6] [172/215]
  * #variants in cis = 19
  * Best hit: [id=19_internal_6764, d=306864, pv=0.0634006, s=-0.1974]
  * Beta parameters: [s1=0.879613, s2=19.8486]
  * Adjusted p-values: [emp=0.666667, beta=0.683122]

Processing phenotype [ENSG00000008382.11] [173/215]
  * #variants in cis = 19
  * Best hit: [id=19_internal_6414, d=214431, pv=0.075398, s=0.1788]
  * Beta parameters: [s1=1.03817, s2=16.9254]
  * Adjusted p-values: [emp=0.776119, beta=0.768055]

Processing phenotype [ENSG00000269807.1] [174/215]
  * #variants in cis = 19
  * Best hit: [id=19_internal_7766, d=86142, pv=0.0792063, s=0.1643]
  * Beta parameters: [s1=1.09681, s2=16.6667]
  * Adjusted p-values: [emp=0.80597, beta=0.794203]

Processing phenotype [ENSG00000269318.1] [175/215]
  * #variants in cis = 19
  * Best hit: [id=19_internal_6653, d=951271, pv=0.107563, s=0.1714]
  * Beta parameters: [s1=0.976658, s2=21.3737]
  * Adjusted p-values: [emp=0.845771, beta=0.862815]

Processing phenotype [ENSG00000267980.1] [176/215]
  * #variants in cis = 19
  * Best hit: [id=19_internal_7766, d=-95874, pv=0.133603, s=-0.1554]
  * Beta parameters: [s1=1.02892, s2=24.7036]
  * Adjusted p-values: [emp=0.955224, beta=0.951814]

Processing phenotype [ENSG00000141985.5] [177/215]
  * #variants in cis = 18
  * Best hit: [id=19_internal_7766, d=132632, pv=0.0137658, s=-0.2693]
  * Beta parameters: [s1=1.04307, s2=18.0442]
  * Adjusted p-values: [emp=0.258706, beta=0.248817]

Processing phenotype [ENSG00000167670.11] [178/215]
  * #variants in cis = 18
  * Best hit: [id=19_internal_7184, d=-450296, pv=0.0689602, s=0.1993]
  * Beta parameters: [s1=0.968148, s2=13.9915]
  * Adjusted p-values: [emp=0.721393, beta=0.719976]

Processing phenotype [ENSG00000267255.1] [179/215]
  * #variants in cis = 17
  * Best hit: [id=19_internal_6030, d=35331, pv=0.0302107, s=0.2568]
  * Beta parameters: [s1=1.01871, s2=20.649]
  * Adjusted p-values: [emp=0.477612, beta=0.442142]

Processing phenotype [ENSG00000266437.1] [180/215]
  * #variants in cis = 17
  * Best hit: [id=19_internal_6765, d=448516, pv=0.0389276, s=-0.2073]
  * Beta parameters: [s1=1.01672, s2=16.153]
  * Adjusted p-values: [emp=0.457711, beta=0.448308]

Processing phenotype [ENSG00000267030.1] [181/215]
  * #variants in cis = 17
  * Best hit: [id=19_internal_7766, d=-179389, pv=0.167896, s=0.1493]
  * Beta parameters: [s1=0.905786, s2=15.7562]
  * Adjusted p-values: [emp=0.945274, beta=0.951639]

Processing phenotype [ENSG00000267769.1] [182/215]
  * #variants in cis = 17
  * Best hit: [id=19_internal_7871, d=683575, pv=0.00763598, s=0.2597]
  * Beta parameters: [s1=1.11905, s2=12.7345]
  * Adjusted p-values: [emp=0.169154, beta=0.132838]

Processing phenotype [ENSG00000167671.7] [183/215]
  * #variants in cis = 17
  * Best hit: [id=19_internal_6829, d=634957, pv=0.0162997, s=-0.2730]
  * Beta parameters: [s1=0.933402, s2=19.9058]
  * Adjusted p-values: [emp=0.233831, beta=0.234993]

Processing phenotype [ENSG00000267011.1] [184/215]
  * #variants in cis = 17
  * Best hit: [id=19_internal_6030, d=75890, pv=0.0237092, s=0.2379]
  * Beta parameters: [s1=0.949207, s2=18.3407]
  * Adjusted p-values: [emp=0.353234, beta=0.359891]

Processing phenotype [ENSG00000167674.10] [185/215]
  * #variants in cis = 17
  * Best hit: [id=19_internal_6859, d=-951028, pv=0.00544576, s=0.3036]
  * Beta parameters: [s1=1.04378, s2=18.211]
  * Adjusted p-values: [emp=0.0945274, beta=0.0714577]

Processing phenotype [ENSG00000220693.2] [186/215]
  * #variants in cis = 17
  * Best hit: [id=19_internal_6834, d=-429453, pv=0.00780186, s=0.2723]
  * Beta parameters: [s1=1.04228, s2=15.2209]
  * Adjusted p-values: [emp=0.139303, beta=0.139849]

Processing phenotype [ENSG00000167676.3] [187/215]
  * #variants in cis = 17
  * Best hit: [id=19_internal_7121, d=828307, pv=0.00422931, s=0.3221]
  * Beta parameters: [s1=1.09571, s2=16.6744]
  * Adjusted p-values: [emp=0.0696517, beta=0.0719578]

Processing phenotype [ENSG00000214456.4] [188/215]
  * #variants in cis = 16
  * Best hit: [id=19_internal_6030, d=139636, pv=0.0951061, s=0.1834]
  * Beta parameters: [s1=0.892504, s2=18.3905]
  * Adjusted p-values: [emp=0.776119, beta=0.788364]

Processing phenotype [ENSG00000267385.1] [189/215]
  * #variants in cis = 16
  * Best hit: [id=19_internal_6030, d=144479, pv=0.000303077, s=0.3965]
  * Beta parameters: [s1=1.03166, s2=13.9613]
  * Adjusted p-values: [emp=0.00995025, beta=0.00628359]

Processing phenotype [ENSG00000185361.4] [190/215]
  * #variants in cis = 15
  * Best hit: [id=19_internal_6414, d=-2617, pv=0.0333298, s=0.2267]
  * Beta parameters: [s1=1.07973, s2=15.0801]
  * Adjusted p-values: [emp=0.402985, beta=0.356176]

Processing phenotype [ENSG00000268565.1] [191/215]
  * #variants in cis = 15
  * Best hit: [id=19_internal_7766, d=387624, pv=0.0388058, s=-0.2154]
  * Beta parameters: [s1=0.91813, s2=11.9262]
  * Adjusted p-values: [emp=0.437811, beta=0.425437]

Processing phenotype [ENSG00000074842.3] [192/215]
  * #variants in cis = 15
  * Best hit: [id=19_internal_7121, d=980973, pv=0.16986, s=0.1393]
  * Beta parameters: [s1=0.900615, s2=12.2719]
  * Adjusted p-values: [emp=0.905473, beta=0.908214]

Processing phenotype [ENSG00000205790.1] [193/215]
  * #variants in cis = 15
  * Best hit: [id=19_internal_6765, d=215197, pv=0.0362915, s=0.2261]
  * Beta parameters: [s1=1.07542, s2=13.8558]
  * Adjusted p-values: [emp=0.457711, beta=0.423558]

Processing phenotype [ENSG00000142002.12] [194/215]
  * #variants in cis = 15
  * Best hit: [id=19_internal_6787, d=908734, pv=0.178922, s=-0.1427]
  * Beta parameters: [s1=0.963096, s2=15.6571]
  * Adjusted p-values: [emp=0.955224, beta=0.949358]

Processing phenotype [ENSG00000141965.3] [195/215]
  * #variants in cis = 15
  * Best hit: [id=19_internal_6765, d=102763, pv=0.0345762, s=0.2493]
  * Beta parameters: [s1=0.926542, s2=13.167]
  * Adjusted p-values: [emp=0.41791, beta=0.431833]

Processing phenotype [ENSG00000269604.1] [196/215]
  * #variants in cis = 15
  * Best hit: [id=19_internal_6765, d=-98920, pv=0.0256021, s=0.2619]
  * Beta parameters: [s1=1.07309, s2=12.981]
  * Adjusted p-values: [emp=0.263682, beta=0.278156]

Processing phenotype [ENSG00000127666.8] [197/215]
  * #variants in cis = 14
  * Best hit: [id=19_internal_7871, d=-305870, pv=0.0285871, s=0.2383]
  * Beta parameters: [s1=0.88521, s2=17.7254]
  * Adjusted p-values: [emp=0.328358, beta=0.330305]

Processing phenotype [ENSG00000267484.1] [198/215]
  * #variants in cis = 14
  * Best hit: [id=19_internal_7184, d=-885981, pv=0.00598503, s=-0.2879]
  * Beta parameters: [s1=1.12401, s2=14.1835]
  * Adjusted p-values: [emp=0.0646766, beta=0.068909]

Processing phenotype [ENSG00000105355.4] [199/215]
  * #variants in cis = 14
  * Best hit: [id=19_internal_7766, d=599868, pv=0.00741019, s=-0.2730]
  * Beta parameters: [s1=0.916674, s2=17.7466]
  * Adjusted p-values: [emp=0.0995025, beta=0.112425]

Processing phenotype [ENSG00000221535.1] [200/215]
  * #variants in cis = 14
  * Best hit: [id=19_internal_6030, d=493710, pv=0.0245284, s=-0.2376]
  * Beta parameters: [s1=0.965718, s2=14.8209]
  * Adjusted p-values: [emp=0.268657, beta=0.274425]

Processing phenotype [ENSG00000205784.2] [201/215]
  * #variants in cis = 14
  * Best hit: [id=19_internal_6765, d=0, pv=0.00271141, s=0.3477]
  * Beta parameters: [s1=1.20259, s2=15.9045]
  * Adjusted p-values: [emp=0.0149254, beta=0.0178296]

Processing phenotype [ENSG00000034063.8] [202/215]
  * #variants in cis = 14
  * Best hit: [id=19_internal_6765, d=0, pv=0.0875714, s=0.2068]
  * Beta parameters: [s1=1.01905, s2=14.5795]
  * Adjusted p-values: [emp=0.716418, beta=0.722592]

Processing phenotype [ENSG00000127663.9] [203/215]
  * #variants in cis = 14
  * Best hit: [id=19_internal_7871, d=168461, pv=0.0446629, s=0.2219]
  * Beta parameters: [s1=0.958047, s2=14.1312]
  * Adjusted p-values: [emp=0.427861, beta=0.411516]

Processing phenotype [ENSG00000105426.10] [204/215]
  * #variants in cis = 14
  * Best hit: [id=19_internal_7871, d=0, pv=0.00207147, s=0.3110]
  * Beta parameters: [s1=1.24823, s2=15.3685]
  * Adjusted p-values: [emp=0.0248756, beta=0.0240963]

Processing phenotype [ENSG00000223573.2] [205/215]
  * #variants in cis = 14
  * Best hit: [id=19_internal_6171, d=561457, pv=0.0673875, s=0.1955]
  * Beta parameters: [s1=1.1493, s2=13.7609]
  * Adjusted p-values: [emp=0.597015, beta=0.600341]

Processing phenotype [ENSG00000233270.1] [206/215]
  * #variants in cis = 14
  * Best hit: [id=19_internal_6857, d=-479116, pv=0.0172103, s=-0.2255]
  * Beta parameters: [s1=0.882817, s2=16.0222]
  * Adjusted p-values: [emp=0.303483, beta=0.282847]

Processing phenotype [ENSG00000160633.8] [207/215]
  * #variants in cis = 15
  * Best hit: [id=19_internal_7906, d=980594, pv=0.00376628, s=0.2924]
  * Beta parameters: [s1=0.87264, s2=13.8279]
  * Adjusted p-values: [emp=0.0547264, beta=0.0458763]

Processing phenotype [ENSG00000130254.7] [208/215]
  * #variants in cis = 15
  * Best hit: [id=19_internal_5985, d=-55382, pv=0.0219682, s=-0.2215]
  * Beta parameters: [s1=1.00243, s2=15.3542]
  * Adjusted p-values: [emp=0.258706, beta=0.267905]

Processing phenotype [ENSG00000130255.8] [209/215]
  * #variants in cis = 13
  * Best hit: [id=19_internal_7871, d=-333529, pv=0.100227, s=-0.1855]
  * Beta parameters: [s1=0.959748, s2=12.9242]
  * Adjusted p-values: [emp=0.746269, beta=0.757024]

Processing phenotype [ENSG00000167733.9] [210/215]
  * #variants in cis = 13
  * Best hit: [id=19_internal_6765, d=-775499, pv=0.221252, s=-0.1388]
  * Beta parameters: [s1=0.945442, s2=11.7158]
  * Adjusted p-values: [emp=0.950249, beta=0.952161]

Processing phenotype [ENSG00000174917.4] [211/215]
  * #variants in cis = 13
  * Best hit: [id=19_internal_7906, d=-922733, pv=0.0167356, s=-0.2495]
  * Beta parameters: [s1=0.969731, s2=11.4792]
  * Adjusted p-values: [emp=0.18408, beta=0.165054]

Processing phenotype [ENSG00000196365.7] [212/215]
  * #variants in cis = 13
  * Best hit: [id=19_internal_7004, d=-105786, pv=0.0822802, s=0.1851]
  * Beta parameters: [s1=1.09282, s2=14.9525]
  * Adjusted p-values: [emp=0.666667, beta=0.649542]

Processing phenotype [ENSG00000212123.3] [213/215]
  * #variants in cis = 13
  * Best hit: [id=19_internal_6765, d=879660, pv=0.0323122, s=-0.2239]
  * Beta parameters: [s1=0.982686, s2=12.8198]
  * Adjusted p-values: [emp=0.41791, beta=0.421126]

Processing phenotype [ENSG00000267157.1] [214/215]
  * #variants in cis = 13
  * Best hit: [id=19_internal_9114, d=-712654, pv=0.00198892, s=0.3113]
  * Beta parameters: [s1=1.06973, s2=10.2795]
  * Adjusted p-values: [emp=0.0348259, beta=0.0270543]

Processing phenotype [ENSG00000141994.10] [215/215]
  * #variants in cis = 13
  * Best hit: [id=19_internal_6796, d=948892, pv=0.00592376, s=0.3016]
  * Beta parameters: [s1=1.04579, s2=12.8407]
  * Adjusted p-values: [emp=0.0646766, beta=0.0579032]

Running time: 2 seconds
