Sender: LSF System <lsfadmin@cpt05>
Subject: Job 974000: </data/unige/funpopgen/odelanea/SGX/V2/binaries/qtltools/bin/QTLtools cis --vcf /data/unige/funpopgen/grey2/SYSCID/BLUEPRINT_DATA/CRD/THREE_CELL_TYPES/CLOMICS/CELL_TYPE_COMPARISON_GENE_CRD_ASSOCIATIONS/quantify/73_vs_72_ALL.ALLchr.mean.txt.gz --bed /data/unige/funpopgen/grey2/SYSCID/BLUEPRINT_DATA/CRD/THREE_CELL_TYPES/QTL_TOOLS/EGAD00001002671_v3.0/EGAD00001002671_RNA.PC10.bed.gz --permute 200 --chunk 57 100 --out /data/unige/funpopgen/grey2/SYSCID/BLUEPRINT_DATA/CRD/THREE_CELL_TYPES/CLOMICS/CELL_TYPE_COMPARISON_GENE_CRD_ASSOCIATIONS/mapping_aCRD_gene/73_vs_72/gene_CRD_mean_chunk57\.txt> in cluster <ug> Done

Job </data/unige/funpopgen/odelanea/SGX/V2/binaries/qtltools/bin/QTLtools cis --vcf /data/unige/funpopgen/grey2/SYSCID/BLUEPRINT_DATA/CRD/THREE_CELL_TYPES/CLOMICS/CELL_TYPE_COMPARISON_GENE_CRD_ASSOCIATIONS/quantify/73_vs_72_ALL.ALLchr.mean.txt.gz --bed /data/unige/funpopgen/grey2/SYSCID/BLUEPRINT_DATA/CRD/THREE_CELL_TYPES/QTL_TOOLS/EGAD00001002671_v3.0/EGAD00001002671_RNA.PC10.bed.gz --permute 200 --chunk 57 100 --out /data/unige/funpopgen/grey2/SYSCID/BLUEPRINT_DATA/CRD/THREE_CELL_TYPES/CLOMICS/CELL_TYPE_COMPARISON_GENE_CRD_ASSOCIATIONS/mapping_aCRD_gene/73_vs_72/gene_CRD_mean_chunk57\.txt> was submitted from host <frt.ug.vital-it.ch> by user <grey2> in cluster <ug>.
Job was executed on host(s) <cpt05>, in queue <normal>, as user <grey2> in cluster <ug>.
</home/grey2> was used as the home directory.
</data/unige/funpopgen/grey2/SYSCID/BLUEPRINT_DATA/CRD/THREE_CELL_TYPES/CLOMICS/CELL_TYPE_COMPARISON_GENE_CRD_ASSOCIATIONS> was used as the working directory.
Started at Thu Mar 21 11:24:39 2019
Results reported at Thu Mar 21 11:24:46 2019

Your job looked like:

------------------------------------------------------------
# LSBATCH: User input
/data/unige/funpopgen/odelanea/SGX/V2/binaries/qtltools/bin/QTLtools cis --vcf /data/unige/funpopgen/grey2/SYSCID/BLUEPRINT_DATA/CRD/THREE_CELL_TYPES/CLOMICS/CELL_TYPE_COMPARISON_GENE_CRD_ASSOCIATIONS/quantify/73_vs_72_ALL.ALLchr.mean.txt.gz --bed /data/unige/funpopgen/grey2/SYSCID/BLUEPRINT_DATA/CRD/THREE_CELL_TYPES/QTL_TOOLS/EGAD00001002671_v3.0/EGAD00001002671_RNA.PC10.bed.gz --permute 200 --chunk 57 100 --out /data/unige/funpopgen/grey2/SYSCID/BLUEPRINT_DATA/CRD/THREE_CELL_TYPES/CLOMICS/CELL_TYPE_COMPARISON_GENE_CRD_ASSOCIATIONS/mapping_aCRD_gene/73_vs_72/gene_CRD_mean_chunk57\.txt

------------------------------------------------------------

Successfully completed.

Resource usage summary:

    CPU time :               3.14 sec.
    Max Memory :             2.89 MB
    Average Memory :         2.89 MB
    Total Requested Memory : -
    Delta Memory :           -
    (Delta: the difference between total requested memory and actual max usage.)
    Max Swap :               31 MB

    Max Processes :          1
    Max Threads :            1

The output (if any) follows:


[32mQTLtools[0m
  * Authors : Olivier DELANEAU / Halit ONGEN / Emmanouil DERMITZAKIS
  * Contact : olivier.delaneau@gmail.com / halit.ongen@unige.ch / Emmanouil.Dermitzakis@unige.ch
  * Webpage : https://qtltools.github.io/qtltools/
  * Version : 1.1
  * Date    : 21/03/2019 - 11:24:42
  * Citation: A complete tool set for molecular QTL discovery and analysis, https://doi.org/10.1101/068635

[32mMAPPING QTL IN CIS[0m
  * TASK: Perform 200 permutations
  * Linear model: Phe ~ Var
  * Cis-window size is 1000000 bp
  * Chunk = [57/100]

Scanning phenotype data in [/data/unige/funpopgen/grey2/SYSCID/BLUEPRINT_DATA/CRD/THREE_CELL_TYPES/QTL_TOOLS/EGAD00001002671_v3.0/EGAD00001002671_RNA.PC10.bed.gz]
  * 24372 phenotypes included
  * 12152 phenotypes are on the negative strand

Initialize random number generator
  * Built-in seed is 15112011
  * First Integer = 30554
  * First Double = 0.0126695

Reading sample list from [/data/unige/funpopgen/grey2/SYSCID/BLUEPRINT_DATA/CRD/THREE_CELL_TYPES/QTL_TOOLS/EGAD00001002671_v3.0/EGAD00001002671_RNA.PC10.bed.gz]
  * #samples = 169

Reading sample list from [/data/unige/funpopgen/grey2/SYSCID/BLUEPRINT_DATA/CRD/THREE_CELL_TYPES/CLOMICS/CELL_TYPE_COMPARISON_GENE_CRD_ASSOCIATIONS/quantify/73_vs_72_ALL.ALLchr.mean.txt.gz]
  * #samples = 94

Merging sample sets from all input files
  * #files = 2
  * #samples in all files = 91
  * #samples NOT in all files (i.e. ignored) = 81

Reading phenotype data in [/data/unige/funpopgen/grey2/SYSCID/BLUEPRINT_DATA/CRD/THREE_CELL_TYPES/QTL_TOOLS/EGAD00001002671_v3.0/EGAD00001002671_RNA.PC10.bed.gz]
  * target region [12:27485787-56660642]
  * 322 phenotypes included
  * 178 phenotypes are on the negative strand

Reading genotype data in [/data/unige/funpopgen/grey2/SYSCID/BLUEPRINT_DATA/CRD/THREE_CELL_TYPES/CLOMICS/CELL_TYPE_COMPARISON_GENE_CRD_ASSOCIATIONS/quantify/73_vs_72_ALL.ALLchr.mean.txt.gz]
  * File format detected: BED
  * 91 samples included
  * 5 samples without phenotype data
  * target region [12:26485787-57660642]
  * 113 variants included

Processing phenotype [ENSG00000029153.10] [1/322]
  * #variants in cis = 8
  * Best hit: [id=12_internal_9641, d=856129, pv=0.00354711, s=-0.2993]
  * Beta parameters: [s1=0.98292, s2=6.30658]
  * Adjusted p-values: [emp=0.0497512, beta=0.0504236]

Processing phenotype [ENSG00000110841.9] [2/322]
  * #variants in cis = 7
  * Best hit: [id=12_internal_11004, d=61992, pv=0.0434543, s=0.2118]
  * Beta parameters: [s1=1.01348, s2=6.23166]
  * Adjusted p-values: [emp=0.253731, beta=0.277243]

Processing phenotype [ENSG00000061794.8] [3/322]
  * #variants in cis = 6
  * Best hit: [id=12_internal_9668, d=-834780, pv=0.34599, s=-0.1062]
  * Beta parameters: [s1=1.07068, s2=5.9796]
  * Adjusted p-values: [emp=0.930348, beta=0.933288]

Processing phenotype [ENSG00000252585.1] [4/322]
  * #variants in cis = 7
  * Best hit: [id=12_internal_11004, d=-151275, pv=0.415624, s=0.0839]
  * Beta parameters: [s1=0.971875, s2=6.73986]
  * Adjusted p-values: [emp=0.970149, beta=0.97384]

Processing phenotype [ENSG00000205693.3] [5/322]
  * #variants in cis = 7
  * Best hit: [id=12_internal_12556, d=-49768, pv=0.0134148, s=0.2705]
  * Beta parameters: [s1=0.962987, s2=6.51589]
  * Adjusted p-values: [emp=0.119403, beta=0.0884952]

Processing phenotype [ENSG00000087448.5] [6/322]
  * #variants in cis = 7
  * Best hit: [id=12_internal_12556, d=41024, pv=7.13311e-08, s=0.5811]
  * Beta parameters: [s1=0.940175, s2=6.78179]
  * Adjusted p-values: [emp=0.00497512, beta=1.15225e-06]

Processing phenotype [ENSG00000256747.1] [7/322]
  * #variants in cis = 7
  * Best hit: [id=12_internal_12556, d=-39977, pv=2.25269e-05, s=0.4604]
  * Beta parameters: [s1=0.965041, s2=7.83218]
  * Adjusted p-values: [emp=0.00497512, beta=0.000110146]

Processing phenotype [ENSG00000256512.1] [8/322]
  * #variants in cis = 7
  * Best hit: [id=12_internal_12556, d=-20336, pv=4.72647e-05, s=0.4435]
  * Beta parameters: [s1=0.961423, s2=8.19838]
  * Adjusted p-values: [emp=0.00497512, beta=0.000294555]

Processing phenotype [ENSG00000123106.6] [9/322]
  * #variants in cis = 4
  * Best hit: [id=12_internal_9641, d=55734, pv=0.308813, s=0.1129]
  * Maximum Likelihood estimation failed, use Moment Matching instead!
  * Beta parameters: [s1=0.999899, s2=4.50898]
  * Adjusted p-values: [emp=0.825871, beta=0.801144]

Processing phenotype [ENSG00000247934.3] [10/322]
  * #variants in cis = 7
  * Best hit: [id=12_internal_9641, d=0, pv=0.0150762, s=0.2540]
  * Beta parameters: [s1=0.96578, s2=6.60255]
  * Adjusted p-values: [emp=0.0945274, beta=0.0961866]

Processing phenotype [ENSG00000252237.1] [11/322]
  * #variants in cis = 7
  * Best hit: [id=12_internal_9941, d=-856718, pv=0.0369367, s=0.2225]
  * Beta parameters: [s1=0.88275, s2=7.00245]
  * Adjusted p-values: [emp=0.208955, beta=0.231424]

Processing phenotype [ENSG00000244712.1] [12/322]
  * #variants in cis = 8
  * Best hit: [id=12_internal_11004, d=963542, pv=0.0622223, s=-0.1934]
  * Beta parameters: [s1=0.900194, s2=9.38419]
  * Adjusted p-values: [emp=0.40796, beta=0.433327]

Processing phenotype [ENSG00000064763.5] [13/322]
  * #variants in cis = 6
  * Best hit: [id=12_internal_9941, d=27078, pv=0.00439616, s=0.2775]
  * Beta parameters: [s1=0.947084, s2=6.2346]
  * Adjusted p-values: [emp=0.0447761, beta=0.0279371]

Processing phenotype [ENSG00000257176.1] [14/322]
  * #variants in cis = 5
  * Best hit: [id=12_internal_9941, d=115666, pv=0.00107847, s=0.3139]
  * Beta parameters: [s1=1.04727, s2=6.8998]
  * Adjusted p-values: [emp=0.00995025, beta=0.00277052]

Processing phenotype [ENSG00000087502.13] [15/322]
  * #variants in cis = 5
  * Best hit: [id=12_internal_9107, d=137035, pv=0.0349868, s=0.2325]
  * Maximum Likelihood estimation failed, use Moment Matching instead!
  * Beta parameters: [s1=1.00004, s2=4.28678]
  * Adjusted p-values: [emp=0.179104, beta=0.172017]

Processing phenotype [ENSG00000257599.1] [16/322]
  * #variants in cis = 5
  * Best hit: [id=12_internal_9706, d=37354, pv=0.0191521, s=0.2415]
  * Maximum Likelihood estimation failed, use Moment Matching instead!
  * Beta parameters: [s1=0.999904, s2=5.06838]
  * Adjusted p-values: [emp=0.0995025, beta=0.0819214]

Processing phenotype [ENSG00000187950.4] [17/322]
  * #variants in cis = 5
  * Best hit: [id=12_internal_9675, d=285690, pv=0.000728998, s=0.3428]
  * Beta parameters: [s1=0.971496, s2=5.80657]
  * Adjusted p-values: [emp=0.00497512, beta=0.0021859]

Processing phenotype [ENSG00000133704.5] [18/322]
  * #variants in cis = 7
  * Best hit: [id=12_internal_10072, d=-657829, pv=0.0548658, s=-0.2034]
  * Beta parameters: [s1=1.0474, s2=5.83175]
  * Adjusted p-values: [emp=0.363184, beta=0.318231]

Processing phenotype [ENSG00000110888.13] [19/322]
  * #variants in cis = 8
  * Best hit: [id=12_internal_10998, d=-361884, pv=0.0907572, s=-0.1759]
  * Beta parameters: [s1=0.995979, s2=8.6073]
  * Adjusted p-values: [emp=0.557214, beta=0.549062]

Processing phenotype [ENSG00000110900.10] [20/322]
  * #variants in cis = 8
  * Best hit: [id=12_internal_10370, d=799963, pv=0.15158, s=0.1386]
  * Beta parameters: [s1=1.00392, s2=8.45491]
  * Adjusted p-values: [emp=0.731343, beta=0.733731]

Processing phenotype [ENSG00000013573.12] [21/322]
  * #variants in cis = 9
  * Best hit: [id=12_internal_9349, d=0, pv=9.56402e-10, s=0.6034]
  * Beta parameters: [s1=1.02375, s2=9.13239]
  * Adjusted p-values: [emp=0.00497512, beta=4.90519e-09]

Processing phenotype [ENSG00000245614.2] [22/322]
  * #variants in cis = 9
  * Best hit: [id=12_internal_10072, d=-279968, pv=0.0890892, s=0.1713]
  * Beta parameters: [s1=0.918473, s2=8.38738]
  * Adjusted p-values: [emp=0.547264, beta=0.549504]

Processing phenotype [ENSG00000212533.1] [23/322]
  * #variants in cis = 9
  * Best hit: [id=12_internal_9349, d=0, pv=2.74537e-05, s=0.4005]
  * Beta parameters: [s1=1.02291, s2=7.69831]
  * Adjusted p-values: [emp=0.00497512, beta=0.000338587]

Processing phenotype [ENSG00000177359.13] [24/322]
  * #variants in cis = 10
  * Best hit: [id=12_internal_11266, d=-744504, pv=0.100807, s=-0.1842]
  * Beta parameters: [s1=0.810335, s2=10.2508]
  * Adjusted p-values: [emp=0.587065, beta=0.630197]

Processing phenotype [ENSG00000243517.1] [25/322]
  * #variants in cis = 11
  * Best hit: [id=12_internal_9559, d=-272395, pv=0.095479, s=0.1772]
  * Beta parameters: [s1=0.99774, s2=10.6668]
  * Adjusted p-values: [emp=0.671642, beta=0.662768]

Processing phenotype [ENSG00000238661.1] [26/322]
  * #variants in cis = 11
  * Best hit: [id=12_internal_13298, d=-479711, pv=0.328297, s=0.0932]
  * Beta parameters: [s1=0.928582, s2=12.4268]
  * Adjusted p-values: [emp=0.99005, beta=0.986731]

Processing phenotype [ENSG00000256176.1] [27/322]
  * #variants in cis = 11
  * Best hit: [id=12_internal_9559, d=213375, pv=0.0160947, s=-0.2541]
  * Beta parameters: [s1=1.05248, s2=10.3966]
  * Adjusted p-values: [emp=0.134328, beta=0.140041]

Processing phenotype [ENSG00000177340.4] [28/322]
  * #variants in cis = 11
  * Best hit: [id=12_internal_12474, d=361520, pv=0.00267117, s=-0.3307]
  * Beta parameters: [s1=1.09818, s2=14.069]
  * Adjusted p-values: [emp=0.0248756, beta=0.0210403]

Processing phenotype [ENSG00000139146.9] [29/322]
  * #variants in cis = 11
  * Best hit: [id=12_internal_10370, d=-399333, pv=0.114944, s=-0.1488]
  * Beta parameters: [s1=1.05862, s2=12.8243]
  * Adjusted p-values: [emp=0.691542, beta=0.69407]

Processing phenotype [ENSG00000170456.10] [30/322]
  * #variants in cis = 17
  * Best hit: [id=12_internal_13298, d=767091, pv=0.0229161, s=0.2201]
  * Beta parameters: [s1=1.08186, s2=18.6877]
  * Adjusted p-values: [emp=0.308458, beta=0.293658]

Processing phenotype [ENSG00000139160.9] [31/322]
  * #variants in cis = 17
  * Best hit: [id=12_internal_12474, d=38676, pv=0.04839, s=0.2270]
  * Beta parameters: [s1=0.991896, s2=17.7007]
  * Adjusted p-values: [emp=0.567164, beta=0.550054]

Processing phenotype [ENSG00000151743.6] [32/322]
  * #variants in cis = 18
  * Best hit: [id=12_internal_12474, d=0, pv=0.0128969, s=0.2763]
  * Beta parameters: [s1=0.999414, s2=15.3535]
  * Adjusted p-values: [emp=0.263682, beta=0.240914]

Processing phenotype [ENSG00000188375.3] [33/322]
  * #variants in cis = 18
  * Best hit: [id=12_internal_11646, d=-323034, pv=0.0108575, s=-0.2369]
  * Beta parameters: [s1=1.01135, s2=19.9378]
  * Adjusted p-values: [emp=0.154229, beta=0.142547]

Processing phenotype [ENSG00000174718.7] [34/322]
  * #variants in cis = 18
  * Best hit: [id=12_internal_11266, d=-176, pv=0.00500896, s=0.3102]
  * Beta parameters: [s1=0.968007, s2=17.2371]
  * Adjusted p-values: [emp=0.104478, beta=0.100394]

Processing phenotype [ENSG00000257094.1] [35/322]
  * #variants in cis = 18
  * Best hit: [id=12_internal_10370, d=-36401, pv=0.0366562, s=0.2356]
  * Beta parameters: [s1=1.042, s2=17.8375]
  * Adjusted p-values: [emp=0.482587, beta=0.492876]

Processing phenotype [ENSG00000151746.8] [36/322]
  * #variants in cis = 18
  * Best hit: [id=12_internal_10072, d=-735374, pv=0.0209387, s=-0.2374]
  * Beta parameters: [s1=0.878991, s2=17.0613]
  * Adjusted p-values: [emp=0.288557, beta=0.288923]

Processing phenotype [ENSG00000257530.1] [37/322]
  * #variants in cis = 18
  * Best hit: [id=12_internal_9360, d=-103838, pv=0.0178306, s=-0.2735]
  * Beta parameters: [s1=1.21059, s2=21.3726]
  * Adjusted p-values: [emp=0.263682, beta=0.263946]

Processing phenotype [ENSG00000258134.1] [38/322]
  * #variants in cis = 18
  * Best hit: [id=12_internal_10087, d=-335993, pv=0.0123123, s=-0.2588]
  * Beta parameters: [s1=0.928435, s2=23.6132]
  * Adjusted p-values: [emp=0.169154, beta=0.182552]

Processing phenotype [ENSG00000139132.10] [39/322]
  * #variants in cis = 15
  * Best hit: [id=12_internal_10087, d=164618, pv=0.0151346, s=0.2682]
  * Beta parameters: [s1=1.12757, s2=13.4088]
  * Adjusted p-values: [emp=0.21393, beta=0.203342]

Processing phenotype [ENSG00000087470.13] [40/322]
  * #variants in cis = 15
  * Best hit: [id=12_internal_11035, d=163968, pv=0.0225431, s=-0.2669]
  * Beta parameters: [s1=0.859273, s2=12.8798]
  * Adjusted p-values: [emp=0.273632, beta=0.285376]

Processing phenotype [ENSG00000257643.1] [41/322]
  * #variants in cis = 15
  * Best hit: [id=12_internal_11894, d=688474, pv=0.116331, s=-0.1711]
  * Beta parameters: [s1=1.07102, s2=14.5412]
  * Adjusted p-values: [emp=0.850746, beta=0.850878]

Processing phenotype [ENSG00000201563.1] [42/322]
  * #variants in cis = 15
  * Best hit: [id=12_internal_11646, d=439221, pv=0.0495074, s=0.2126]
  * Beta parameters: [s1=0.96137, s2=14.0527]
  * Adjusted p-values: [emp=0.517413, beta=0.497936]

Processing phenotype [ENSG00000257511.1] [43/322]
  * #variants in cis = 15
  * Best hit: [id=12_internal_10119, d=202043, pv=0.0346696, s=-0.2059]
  * Beta parameters: [s1=1.17187, s2=15.0346]
  * Adjusted p-values: [emp=0.38806, beta=0.378068]

Processing phenotype [ENSG00000139131.8] [44/322]
  * #variants in cis = 15
  * Best hit: [id=12_internal_10119, d=230558, pv=0.113686, s=-0.1694]
  * Beta parameters: [s1=1.08711, s2=14.2913]
  * Adjusted p-values: [emp=0.79602, beta=0.81215]

Processing phenotype [ENSG00000057294.9] [45/322]
  * #variants in cis = 14
  * Best hit: [id=12_internal_11894, d=892466, pv=0.103135, s=-0.1631]
  * Beta parameters: [s1=0.893866, s2=12.0896]
  * Adjusted p-values: [emp=0.751244, beta=0.769054]

Processing phenotype [ENSG00000139133.2] [46/322]
  * #variants in cis = 2
  * Best hit: [id=12_internal_9312, d=-387050, pv=0.234077, s=-0.1232]
  * Maximum Likelihood estimation failed, use Moment Matching instead!
  * Beta parameters: [s1=1.00006, s2=2.36344]
  * Adjusted p-values: [emp=0.412935, beta=0.418505]

Processing phenotype [ENSG00000264446.1] [47/322]
  * #variants in cis = 2
  * Best hit: [id=12_internal_9312, d=392131, pv=0.366659, s=-0.0892]
  * Maximum Likelihood estimation failed, use Moment Matching instead!
  * Beta parameters: [s1=0.999983, s2=2.06694]
  * Adjusted p-values: [emp=0.661692, beta=0.626028]

Processing phenotype [ENSG00000256538.1] [48/322]
  * #variants in cis = 2
  * Best hit: [id=12_internal_9763, d=642555, pv=0.428894, s=0.0846]
  * Maximum Likelihood estimation failed, use Moment Matching instead!
  * Beta parameters: [s1=0.999978, s2=1.84478]
  * Adjusted p-values: [emp=0.636816, beta=0.63965]

Processing phenotype [ENSG00000245482.2] [49/322]
  * #variants in cis = 2
  * Best hit: [id=12_internal_9763, d=-633576, pv=0.580357, s=0.0583]
  * Maximum Likelihood estimation failed, use Moment Matching instead!
  * Beta parameters: [s1=1, s2=1.8898]
  * Adjusted p-values: [emp=0.81592, beta=0.822376]

Processing phenotype [ENSG00000175548.4] [50/322]
  * #variants in cis = 2
  * Best hit: [id=12_internal_10314, d=-677783, pv=0.000835084, s=-0.3597]
  * Maximum Likelihood estimation failed, use Moment Matching instead!
  * Beta parameters: [s1=0.99997, s2=1.99298]
  * Adjusted p-values: [emp=0.00995025, beta=0.00219713]

Processing phenotype [ENSG00000266333.1] [51/322]
  * #variants in cis = 2
  * Best hit: [id=12_internal_10314, d=682865, pv=0.4393, s=-0.0791]
  * Maximum Likelihood estimation failed, use Moment Matching instead!
  * Beta parameters: [s1=1.00003, s2=1.79376]
  * Adjusted p-values: [emp=0.641791, beta=0.624051]

Processing phenotype [ENSG00000139117.9] [52/322]
  * #variants in cis = 2
  * Best hit: [id=12_internal_10665, d=-938462, pv=0.135836, s=-0.1578]
  * Maximum Likelihood estimation failed, use Moment Matching instead!
  * Beta parameters: [s1=0.999959, s2=1.86871]
  * Adjusted p-values: [emp=0.238806, beta=0.230159]

Processing phenotype [ENSG00000139116.13] [53/322]
  * #variants in cis = 6
  * Best hit: [id=12_internal_10603, d=-731616, pv=0.0437924, s=-0.2008]
  * Maximum Likelihood estimation failed, use Moment Matching instead!
  * Beta parameters: [s1=1.00008, s2=5.3187]
  * Adjusted p-values: [emp=0.233831, beta=0.229033]

Processing phenotype [ENSG00000255991.2] [54/322]
  * #variants in cis = 6
  * Best hit: [id=12_internal_10102, d=-689854, pv=0.0873741, s=0.1916]
  * Beta parameters: [s1=0.956669, s2=5.50104]
  * Adjusted p-values: [emp=0.383085, beta=0.364262]

Processing phenotype [ENSG00000173208.3] [55/322]
  * #variants in cis = 7
  * Best hit: [id=12_internal_10665, d=-226141, pv=0.231311, s=-0.1353]
  * Beta parameters: [s1=0.969307, s2=6.01759]
  * Adjusted p-values: [emp=0.850746, beta=0.824678]

Processing phenotype [ENSG00000180116.10] [56/322]
  * #variants in cis = 7
  * Best hit: [id=12_internal_10665, d=219725, pv=0.0436634, s=-0.2288]
  * Beta parameters: [s1=1.07609, s2=7.48012]
  * Adjusted p-values: [emp=0.263682, beta=0.235304]

Processing phenotype [ENSG00000248865.1] [57/322]
  * #variants in cis = 7
  * Best hit: [id=12_internal_13871, d=-81286, pv=0.178344, s=0.1372]
  * Beta parameters: [s1=1.05429, s2=6.17095]
  * Adjusted p-values: [emp=0.791045, beta=0.753976]

Processing phenotype [ENSG00000151229.7] [58/322]
  * #variants in cis = 6
  * Best hit: [id=12_internal_13871, d=0, pv=0.0141168, s=0.2773]
  * Beta parameters: [s1=1.04242, s2=6.95999]
  * Adjusted p-values: [emp=0.0696517, beta=0.0846243]

Processing phenotype [ENSG00000188906.9] [59/322]
  * #variants in cis = 6
  * Best hit: [id=12_internal_12435, d=131827, pv=0.0424258, s=-0.2227]
  * Beta parameters: [s1=1.08158, s2=6.96911]
  * Adjusted p-values: [emp=0.288557, beta=0.254897]

Processing phenotype [ENSG00000151233.6] [60/322]
  * #variants in cis = 7
  * Best hit: [id=12_internal_11584, d=211021, pv=0.091414, s=-0.1963]
  * Beta parameters: [s1=1.05059, s2=7.49093]
  * Adjusted p-values: [emp=0.507463, beta=0.471394]

Processing phenotype [ENSG00000269367.1] [61/322]
  * #variants in cis = 7
  * Best hit: [id=12_internal_10715, d=237600, pv=0.0975154, s=0.1864]
  * Beta parameters: [s1=1.00938, s2=9.0797]
  * Adjusted p-values: [emp=0.537313, beta=0.51882]

Processing phenotype [ENSG00000015153.10] [62/322]
  * #variants in cis = 7
  * Best hit: [id=12_internal_9175, d=0, pv=0.0505197, s=0.2223]
  * Beta parameters: [s1=0.997962, s2=6.23453]
  * Adjusted p-values: [emp=0.303483, beta=0.295119]

Processing phenotype [ENSG00000134283.12] [63/322]
  * #variants in cis = 7
  * Best hit: [id=12_internal_12337, d=8529, pv=0.0313543, s=0.2431]
  * Beta parameters: [s1=0.933557, s2=7.96686]
  * Adjusted p-values: [emp=0.169154, beta=0.159961]

Processing phenotype [ENSG00000139168.3] [64/322]
  * #variants in cis = 7
  * Best hit: [id=12_internal_9968, d=102992, pv=0.0087987, s=0.2554]
  * Maximum Likelihood estimation failed, use Moment Matching instead!
  * Beta parameters: [s1=0.999926, s2=5.45628]
  * Adjusted p-values: [emp=0.0497512, beta=0.0824966]

Processing phenotype [ENSG00000252917.1] [65/322]
  * #variants in cis = 7
  * Best hit: [id=12_internal_11584, d=413356, pv=0.0414037, s=0.2118]
  * Beta parameters: [s1=0.925865, s2=7.52437]
  * Adjusted p-values: [emp=0.293532, beta=0.267578]

Processing phenotype [ENSG00000257376.1] [66/322]
  * #variants in cis = 7
  * Best hit: [id=12_internal_9284, d=6215, pv=0.102705, s=-0.1642]
  * Beta parameters: [s1=0.962238, s2=5.80162]
  * Adjusted p-values: [emp=0.532338, beta=0.534971]

Processing phenotype [ENSG00000257225.1] [67/322]
  * #variants in cis = 7
  * Best hit: [id=12_internal_9175, d=-131421, pv=0.0143658, s=-0.2447]
  * Beta parameters: [s1=1.01191, s2=5.77827]
  * Adjusted p-values: [emp=0.119403, beta=0.112518]

Processing phenotype [ENSG00000139174.6] [68/322]
  * #variants in cis = 7
  * Best hit: [id=12_internal_9175, d=262410, pv=0.0259938, s=-0.2269]
  * Beta parameters: [s1=1.08063, s2=6.54729]
  * Adjusted p-values: [emp=0.124378, beta=0.143145]

Processing phenotype [ENSG00000257742.1] [69/322]
  * #variants in cis = 1
  * Best hit: [id=12_internal_10715, d=384567, pv=0.159477, s=-0.1517]
  * Maximum Likelihood estimation failed, use Moment Matching instead!
  * Beta parameters: [s1=0.999944, s2=1.00343]
  * Adjusted p-values: [emp=0.129353, beta=0.128907]

Processing phenotype [ENSG00000257896.1] [70/322]
  * #variants in cis = 1
  * Best hit: [id=12_internal_10715, d=-397195, pv=0.640759, s=-0.0453]
  * Maximum Likelihood estimation failed, use Moment Matching instead!
  * Beta parameters: [s1=1.00004, s2=1.11737]
  * Adjusted p-values: [emp=0.666667, beta=0.648479]

Processing phenotype [ENSG00000129317.10] [71/322]
  * #variants in cis = 1
  * Best hit: [id=12_internal_10715, d=419384, pv=0.842042, s=0.0208]
  * Maximum Likelihood estimation failed, use Moment Matching instead!
  * Beta parameters: [s1=0.999947, s2=1.08073]
  * Adjusted p-values: [emp=0.840796, beta=0.840797]

Processing phenotype [ENSG00000198001.9] [72/322]
  * #variants in cis = 1
  * Best hit: [id=12_internal_10715, d=-419511, pv=0.509344, s=0.0694]
  * Maximum Likelihood estimation failed, use Moment Matching instead!
  * Beta parameters: [s1=0.999975, s2=1.05948]
  * Adjusted p-values: [emp=0.442786, beta=0.466263]

Processing phenotype [ENSG00000151239.9] [73/322]
  * #variants in cis = 1
  * Best hit: [id=12_internal_10715, d=466942, pv=0.431491, s=0.0876]
  * Maximum Likelihood estimation failed, use Moment Matching instead!
  * Beta parameters: [s1=1.00007, s2=1.01478]
  * Adjusted p-values: [emp=0.457711, beta=0.439118]

Processing phenotype [ENSG00000139173.5] [74/322]
  * #variants in cis = 1
  * Best hit: [id=12_internal_10715, d=-496534, pv=0.268098, s=0.1207]
  * Maximum Likelihood estimation failed, use Moment Matching instead!
  * Beta parameters: [s1=0.999972, s2=1.00606]
  * Adjusted p-values: [emp=0.228856, beta=0.225109]

Processing phenotype [ENSG00000258212.1] [75/322]
  * #variants in cis = 1
  * Best hit: [id=12_internal_10715, d=670710, pv=0.619605, s=0.0530]
  * Maximum Likelihood estimation failed, use Moment Matching instead!
  * Beta parameters: [s1=1.00005, s2=1.16722]
  * Adjusted p-values: [emp=0.61194, beta=0.611773]

Processing phenotype [ENSG00000257864.1] [76/322]
  * #variants in cis = 2
  * Best hit: [id=12_internal_10715, d=909551, pv=0.363022, s=0.0973]
  * Maximum Likelihood estimation failed, use Moment Matching instead!
  * Beta parameters: [s1=1.00001, s2=2.1798]
  * Adjusted p-values: [emp=0.587065, beta=0.62117]

Processing phenotype [ENSG00000257947.1] [77/322]
  * #variants in cis = 2
  * Best hit: [id=12_internal_11612, d=-917345, pv=0.466807, s=0.0764]
  * Maximum Likelihood estimation failed, use Moment Matching instead!
  * Beta parameters: [s1=1.00004, s2=1.98255]
  * Adjusted p-values: [emp=0.686567, beta=0.720173]

Processing phenotype [ENSG00000184613.6] [78/322]
  * #variants in cis = 3
  * Best hit: [id=12_internal_9899, d=-634298, pv=0.117051, s=-0.1707]
  * Maximum Likelihood estimation failed, use Moment Matching instead!
  * Beta parameters: [s1=0.99997, s2=3.33441]
  * Adjusted p-values: [emp=0.288557, beta=0.301143]

Processing phenotype [ENSG00000177119.11] [79/322]
  * #variants in cis = 5
  * Best hit: [id=12_internal_9126, d=988943, pv=0.00463132, s=-0.3173]
  * Maximum Likelihood estimation failed, use Moment Matching instead!
  * Beta parameters: [s1=0.999942, s2=4.94829]
  * Adjusted p-values: [emp=0.0348259, beta=0.0278645]

Processing phenotype [ENSG00000134297.6] [80/322]
  * #variants in cis = 5
  * Best hit: [id=12_internal_9272, d=-293062, pv=0.00459205, s=-0.2853]
  * Maximum Likelihood estimation failed, use Moment Matching instead!
  * Beta parameters: [s1=0.999989, s2=4.99641]
  * Adjusted p-values: [emp=0.039801, beta=0.0252828]

Processing phenotype [ENSG00000189079.10] [81/322]
  * #variants in cis = 7
  * Best hit: [id=12_internal_9899, d=-151080, pv=0.147519, s=-0.1543]
  * Maximum Likelihood estimation failed, use Moment Matching instead!
  * Beta parameters: [s1=1.00003, s2=5.55065]
  * Adjusted p-values: [emp=0.666667, beta=0.656273]

Processing phenotype [ENSG00000265093.1] [82/322]
  * #variants in cis = 7
  * Best hit: [id=12_internal_9126, d=330901, pv=0.00885529, s=0.2816]
  * Beta parameters: [s1=0.933093, s2=8.14995]
  * Adjusted p-values: [emp=0.0696517, beta=0.0507631]

Processing phenotype [ENSG00000139218.12] [83/322]
  * #variants in cis = 8
  * Best hit: [id=12_internal_9126, d=-212810, pv=0.0766105, s=0.1952]
  * Beta parameters: [s1=1.01749, s2=7.021]
  * Adjusted p-values: [emp=0.482587, beta=0.464904]

Processing phenotype [ENSG00000111371.10] [84/322]
  * #variants in cis = 9
  * Best hit: [id=12_internal_9899, d=691432, pv=0.0021867, s=-0.3522]
  * Beta parameters: [s1=0.953823, s2=7.59988]
  * Adjusted p-values: [emp=0.0248756, beta=0.027198]

Processing phenotype [ENSG00000258096.1] [85/322]
  * #variants in cis = 9
  * Best hit: [id=12_internal_10285, d=-130799, pv=0.341424, s=0.1122]
  * Beta parameters: [s1=0.948606, s2=11.8348]
  * Adjusted p-values: [emp=0.99005, beta=0.986386]

Processing phenotype [ENSG00000134294.9] [86/322]
  * #variants in cis = 9
  * Best hit: [id=12_internal_9272, d=828429, pv=0.417092, s=0.0931]
  * Beta parameters: [s1=0.942336, s2=12.763]
  * Adjusted p-values: [emp=1, beta=0.997263]

Processing phenotype [ENSG00000257261.1] [87/322]
  * #variants in cis = 9
  * Best hit: [id=12_internal_9226, d=61829, pv=0.000117437, s=0.4341]
  * Beta parameters: [s1=0.940651, s2=6.94765]
  * Adjusted p-values: [emp=0.00995025, beta=0.0019181]

Processing phenotype [ENSG00000257496.1] [88/322]
  * #variants in cis = 9
  * Best hit: [id=12_internal_9226, d=-58517, pv=0.00150205, s=0.3119]
  * Beta parameters: [s1=0.979539, s2=7.3756]
  * Adjusted p-values: [emp=0.0248756, beta=0.0203183]

Processing phenotype [ENSG00000139209.11] [89/322]
  * #variants in cis = 10
  * Best hit: [id=12_internal_9226, d=347701, pv=0.000160988, s=0.3901]
  * Beta parameters: [s1=1.09066, s2=8.53434]
  * Adjusted p-values: [emp=0.00497512, beta=0.00171352]

Processing phenotype [ENSG00000179715.8] [90/322]
  * #variants in cis = 11
  * Best hit: [id=12_internal_13211, d=0, pv=0.0258538, s=0.2596]
  * Beta parameters: [s1=0.937992, s2=9.95157]
  * Adjusted p-values: [emp=0.199005, beta=0.219287]

Processing phenotype [ENSG00000139211.5] [91/322]
  * #variants in cis = 11
  * Best hit: [id=12_internal_9126, d=807493, pv=0.0524183, s=-0.1963]
  * Beta parameters: [s1=1.00101, s2=11.1282]
  * Adjusted p-values: [emp=0.432836, beta=0.430379]

Processing phenotype [ENSG00000258352.1] [92/322]
  * #variants in cis = 11
  * Best hit: [id=12_internal_10875, d=0, pv=0.0168605, s=0.2452]
  * Beta parameters: [s1=0.91144, s2=10.4864]
  * Adjusted p-values: [emp=0.164179, beta=0.180953]

Processing phenotype [ENSG00000263838.1] [93/322]
  * #variants in cis = 11
  * Best hit: [id=12_internal_13211, d=0, pv=0.0331524, s=0.2110]
  * Beta parameters: [s1=0.945298, s2=9.8606]
  * Adjusted p-values: [emp=0.313433, beta=0.315103]

Processing phenotype [ENSG00000247774.2] [94/322]
  * #variants in cis = 11
  * Best hit: [id=12_internal_13211, d=0, pv=0.0185833, s=0.2616]
  * Beta parameters: [s1=1.0099, s2=12.8434]
  * Adjusted p-values: [emp=0.139303, beta=0.151416]

Processing phenotype [ENSG00000258181.1] [95/322]
  * #variants in cis = 10
  * Best hit: [id=12_internal_13211, d=0, pv=0.0020698, s=0.3085]
  * Beta parameters: [s1=0.987565, s2=9.24523]
  * Adjusted p-values: [emp=0.0199005, beta=0.0177357]

Processing phenotype [ENSG00000257925.1] [96/322]
  * #variants in cis = 9
  * Best hit: [id=12_internal_10578, d=-435023, pv=0.0528586, s=-0.2126]
  * Beta parameters: [s1=1.04321, s2=10.8463]
  * Adjusted p-values: [emp=0.373134, beta=0.349176]

Processing phenotype [ENSG00000258116.1] [97/322]
  * #variants in cis = 9
  * Best hit: [id=12_internal_13211, d=0, pv=0.00146979, s=0.3277]
  * Beta parameters: [s1=1.00263, s2=8.1649]
  * Adjusted p-values: [emp=0.0248756, beta=0.0157978]

Processing phenotype [ENSG00000005175.5] [98/322]
  * #variants in cis = 7
  * Best hit: [id=12_internal_10318, d=749037, pv=0.00733197, s=-0.2622]
  * Beta parameters: [s1=0.942008, s2=5.98732]
  * Adjusted p-values: [emp=0.0995025, beta=0.0866611]

Processing phenotype [ENSG00000257433.1] [99/322]
  * #variants in cis = 7
  * Best hit: [id=12_internal_10318, d=-749061, pv=0.240232, s=0.1249]
  * Beta parameters: [s1=0.896448, s2=7.35614]
  * Adjusted p-values: [emp=0.845771, beta=0.86142]

Processing phenotype [ENSG00000111405.4] [100/322]
  * #variants in cis = 7
  * Best hit: [id=12_internal_13211, d=327239, pv=0.0218042, s=-0.2497]
  * Beta parameters: [s1=0.935361, s2=7.82778]
  * Adjusted p-values: [emp=0.154229, beta=0.118638]

Processing phenotype [ENSG00000211584.9] [101/322]
  * #variants in cis = 7
  * Best hit: [id=12_internal_12272, d=283339, pv=0.100948, s=-0.1704]
  * Beta parameters: [s1=0.93804, s2=6.22835]
  * Adjusted p-values: [emp=0.497512, beta=0.513022]

Processing phenotype [ENSG00000079337.10] [102/322]
  * #variants in cis = 8
  * Best hit: [id=12_internal_10875, d=570764, pv=0.522767, s=0.0684]
  * Beta parameters: [s1=0.909443, s2=7.26363]
  * Adjusted p-values: [emp=1, beta=0.996362]

Processing phenotype [ENSG00000268069.1] [103/322]
  * #variants in cis = 8
  * Best hit: [id=12_internal_10578, d=-17437, pv=0.0092501, s=0.2831]
  * Beta parameters: [s1=1.04818, s2=6.65216]
  * Adjusted p-values: [emp=0.0547264, beta=0.0607673]

Processing phenotype [ENSG00000061273.12] [104/322]
  * #variants in cis = 8
  * Best hit: [id=12_internal_12970, d=299766, pv=0.0397241, s=-0.2249]
  * Beta parameters: [s1=0.97215, s2=7.03001]
  * Adjusted p-values: [emp=0.273632, beta=0.256615]

Processing phenotype [ENSG00000205537.2] [105/322]
  * #variants in cis = 8
  * Best hit: [id=12_internal_12970, d=-349283, pv=0.260988, s=0.1090]
  * Beta parameters: [s1=0.995845, s2=7.21413]
  * Adjusted p-values: [emp=0.895522, beta=0.892171]

Processing phenotype [ENSG00000111424.6] [106/322]
  * #variants in cis = 8
  * Best hit: [id=12_internal_9793, d=104209, pv=0.0514784, s=0.2023]
  * Beta parameters: [s1=1.03921, s2=7.18238]
  * Adjusted p-values: [emp=0.348259, beta=0.33799]

Processing phenotype [ENSG00000134291.7] [107/322]
  * #variants in cis = 7
  * Best hit: [id=12_internal_12272, d=73686, pv=0.128957, s=-0.1664]
  * Beta parameters: [s1=0.923323, s2=7.55689]
  * Adjusted p-values: [emp=0.572139, beta=0.573121]

Processing phenotype [ENSG00000139219.13] [108/322]
  * #variants in cis = 7
  * Best hit: [id=12_internal_13211, d=606158, pv=0.0753764, s=0.1916]
  * Beta parameters: [s1=0.962723, s2=5.89224]
  * Adjusted p-values: [emp=0.437811, beta=0.434731]

Processing phenotype [ENSG00000240399.1] [109/322]
  * #variants in cis = 7
  * Best hit: [id=12_internal_9211, d=-708988, pv=0.156685, s=0.1457]
  * Beta parameters: [s1=0.93893, s2=8.39568]
  * Adjusted p-values: [emp=0.641791, beta=0.64501]

Processing phenotype [ENSG00000226138.3] [110/322]
  * #variants in cis = 7
  * Best hit: [id=12_internal_13211, d=-686722, pv=0.0310678, s=-0.2265]
  * Beta parameters: [s1=0.947653, s2=7.72055]
  * Adjusted p-values: [emp=0.154229, beta=0.160985]

Processing phenotype [ENSG00000152556.11] [111/322]
  * #variants in cis = 8
  * Best hit: [id=12_internal_9211, d=659440, pv=0.0459681, s=-0.2130]
  * Beta parameters: [s1=1.01342, s2=9.92187]
  * Adjusted p-values: [emp=0.253731, beta=0.230297]

Processing phenotype [ENSG00000079387.9] [112/322]
  * #variants in cis = 8
  * Best hit: [id=12_internal_9211, d=-658271, pv=0.161476, s=-0.1631]
  * Beta parameters: [s1=0.963164, s2=6.08051]
  * Adjusted p-values: [emp=0.641791, beta=0.66002]

Processing phenotype [ENSG00000177981.6] [113/322]
  * #variants in cis = 9
  * Best hit: [id=12_internal_9793, d=342374, pv=0.0287733, s=-0.2228]
  * Beta parameters: [s1=0.989316, s2=7.39298]
  * Adjusted p-values: [emp=0.199005, beta=0.21103]

Processing phenotype [ENSG00000177875.3] [114/322]
  * #variants in cis = 9
  * Best hit: [id=12_internal_9793, d=-344744, pv=0.252597, s=0.1426]
  * Beta parameters: [s1=0.861426, s2=8.83379]
  * Adjusted p-values: [emp=0.940299, beta=0.924139]

Processing phenotype [ENSG00000269514.1] [115/322]
  * #variants in cis = 9
  * Best hit: [id=12_internal_12272, d=0, pv=0.156091, s=-0.1521]
  * Beta parameters: [s1=0.881839, s2=6.50395]
  * Adjusted p-values: [emp=0.706468, beta=0.713403]

Processing phenotype [ENSG00000172640.2] [116/322]
  * #variants in cis = 8
  * Best hit: [id=12_internal_12970, d=670021, pv=0.125449, s=0.1638]
  * Beta parameters: [s1=0.993877, s2=7.82439]
  * Adjusted p-values: [emp=0.587065, beta=0.582768]

Processing phenotype [ENSG00000187166.1] [117/322]
  * #variants in cis = 8
  * Best hit: [id=12_internal_10578, d=-561494, pv=0.0469382, s=0.1952]
  * Beta parameters: [s1=0.9422, s2=7.71208]
  * Adjusted p-values: [emp=0.298507, beta=0.288967]

Processing phenotype [ENSG00000167528.8] [118/322]
  * #variants in cis = 8
  * Best hit: [id=12_internal_12970, d=818048, pv=0.00641727, s=0.2982]
  * Beta parameters: [s1=0.99701, s2=6.90535]
  * Adjusted p-values: [emp=0.0547264, beta=0.0391334]

Processing phenotype [ENSG00000221491.2] [119/322]
  * #variants in cis = 7
  * Best hit: [id=12_internal_10897, d=-773795, pv=0.096199, s=-0.1804]
  * Beta parameters: [s1=0.897108, s2=8.09512]
  * Adjusted p-values: [emp=0.462687, beta=0.478132]

Processing phenotype [ENSG00000206612.1] [120/322]
  * #variants in cis = 7
  * Best hit: [id=12_internal_10897, d=-771531, pv=0.116811, s=-0.1704]
  * Beta parameters: [s1=0.905719, s2=5.76476]
  * Adjusted p-values: [emp=0.537313, beta=0.568793]

Processing phenotype [ENSG00000207313.1] [121/322]
  * #variants in cis = 7
  * Best hit: [id=12_internal_10578, d=900107, pv=0.0256544, s=-0.2368]
  * Beta parameters: [s1=1.08401, s2=6.92769]
  * Adjusted p-values: [emp=0.149254, beta=0.146716]

Processing phenotype [ENSG00000139620.8] [122/322]
  * #variants in cis = 7
  * Best hit: [id=12_internal_12272, d=235425, pv=0.0203351, s=0.2531]
  * Beta parameters: [s1=0.910881, s2=7.31365]
  * Adjusted p-values: [emp=0.154229, beta=0.110475]

Processing phenotype [ENSG00000129315.5] [123/322]
  * #variants in cis = 7
  * Best hit: [id=12_internal_10578, d=949412, pv=0.240664, s=0.1272]
  * Beta parameters: [s1=0.942599, s2=5.84511]
  * Adjusted p-values: [emp=0.810945, beta=0.818644]

Processing phenotype [ENSG00000174233.7] [124/322]
  * #variants in cis = 6
  * Best hit: [id=12_internal_9211, d=8007, pv=0.0708567, s=0.1938]
  * Maximum Likelihood estimation failed, use Moment Matching instead!
  * Beta parameters: [s1=0.999995, s2=5.25088]
  * Adjusted p-values: [emp=0.363184, beta=0.345235]

Processing phenotype [ENSG00000167535.3] [125/322]
  * #variants in cis = 6
  * Best hit: [id=12_internal_10061, d=315063, pv=0.135095, s=-0.1697]
  * Maximum Likelihood estimation failed, use Moment Matching instead!
  * Beta parameters: [s1=0.999922, s2=5.53904]
  * Adjusted p-values: [emp=0.567164, beta=0.55378]

Processing phenotype [ENSG00000174243.4] [126/322]
  * #variants in cis = 5
  * Best hit: [id=12_internal_10897, d=-575471, pv=0.0799949, s=0.1918]
  * Maximum Likelihood estimation failed, use Moment Matching instead!
  * Beta parameters: [s1=1.00007, s2=5.08096]
  * Adjusted p-values: [emp=0.323383, beta=0.327399]

Processing phenotype [ENSG00000172602.5] [127/322]
  * #variants in cis = 5
  * Best hit: [id=12_internal_10061, d=-262959, pv=0.565844, s=-0.0623]
  * Beta parameters: [s1=0.955151, s2=5.92062]
  * Adjusted p-values: [emp=0.9801, beta=0.989871]

Processing phenotype [ENSG00000239617.1] [128/322]
  * #variants in cis = 5
  * Best hit: [id=12_internal_9211, d=122783, pv=0.177414, s=-0.1507]
  * Beta parameters: [s1=1.00471, s2=5.58127]
  * Adjusted p-values: [emp=0.676617, beta=0.64493]

Processing phenotype [ENSG00000139537.6] [129/322]
  * #variants in cis = 5
  * Best hit: [id=12_internal_8994, d=199400, pv=0.0390191, s=-0.2294]
  * Maximum Likelihood estimation failed, use Moment Matching instead!
  * Beta parameters: [s1=1.00007, s2=4.46564]
  * Adjusted p-values: [emp=0.159204, beta=0.158824]

Processing phenotype [ENSG00000134285.6] [130/322]
  * #variants in cis = 5
  * Best hit: [id=12_internal_8994, d=-177036, pv=0.27463, s=0.1226]
  * Maximum Likelihood estimation failed, use Moment Matching instead!
  * Beta parameters: [s1=0.999955, s2=5.31894]
  * Adjusted p-values: [emp=0.766169, beta=0.735143]

Processing phenotype [ENSG00000255863.1] [131/322]
  * #variants in cis = 5
  * Best hit: [id=12_internal_8994, d=-163847, pv=0.344034, s=0.1076]
  * Beta parameters: [s1=0.894616, s2=5.86312]
  * Adjusted p-values: [emp=0.895522, beta=0.903956]

Processing phenotype [ENSG00000224453.2] [132/322]
  * #variants in cis = 6
  * Best hit: [id=12_internal_10061, d=-171393, pv=0.441512, s=-0.0801]
  * Maximum Likelihood estimation failed, use Moment Matching instead!
  * Beta parameters: [s1=1.00003, s2=4.8275]
  * Adjusted p-values: [emp=0.940299, beta=0.949361]

Processing phenotype [ENSG00000134287.4] [133/322]
  * #variants in cis = 6
  * Best hit: [id=12_internal_10061, d=-171306, pv=0.196584, s=-0.1372]
  * Beta parameters: [s1=1.02778, s2=5.65312]
  * Adjusted p-values: [emp=0.696517, beta=0.696415]

Processing phenotype [ENSG00000169884.9] [134/322]
  * #variants in cis = 6
  * Best hit: [id=12_internal_12272, d=524950, pv=7.49678e-07, s=0.4917]
  * Beta parameters: [s1=0.897138, s2=6.24494]
  * Adjusted p-values: [emp=0.00497512, beta=4.63524e-06]

Processing phenotype [ENSG00000125084.7] [135/322]
  * #variants in cis = 7
  * Best hit: [id=12_internal_12272, d=-531802, pv=0.00893093, s=0.2670]
  * Beta parameters: [s1=0.961625, s2=7.28082]
  * Adjusted p-values: [emp=0.0597015, beta=0.0511371]

Processing phenotype [ENSG00000257913.1] [136/322]
  * #variants in cis = 7
  * Best hit: [id=12_internal_9625, d=975809, pv=0.0350072, s=-0.2221]
  * Beta parameters: [s1=0.788589, s2=9.87225]
  * Adjusted p-values: [emp=0.18408, beta=0.202215]

Processing phenotype [ENSG00000181929.6] [137/322]
  * #variants in cis = 7
  * Best hit: [id=12_internal_10061, d=-109660, pv=0.0198839, s=0.2498]
  * Beta parameters: [s1=0.809682, s2=7.01552]
  * Adjusted p-values: [emp=0.129353, beta=0.123181]

Processing phenotype [ENSG00000167548.10] [138/322]
  * #variants in cis = 7
  * Best hit: [id=12_internal_9625, d=-914402, pv=0.0717554, s=-0.1919]
  * Beta parameters: [s1=0.918796, s2=6.64641]
  * Adjusted p-values: [emp=0.368159, beta=0.380924]

Processing phenotype [ENSG00000167550.6] [139/322]
  * #variants in cis = 7
  * Best hit: [id=12_internal_9625, d=-904151, pv=0.0539387, s=0.1983]
  * Beta parameters: [s1=0.920339, s2=7.41486]
  * Adjusted p-values: [emp=0.258706, beta=0.262934]

Processing phenotype [ENSG00000139549.2] [140/322]
  * #variants in cis = 7
  * Best hit: [id=12_internal_9211, d=313789, pv=0.122382, s=0.1581]
  * Beta parameters: [s1=1.0102, s2=6.33373]
  * Adjusted p-values: [emp=0.597015, beta=0.593211]

Processing phenotype [ENSG00000139636.11] [141/322]
  * #variants in cis = 7
  * Best hit: [id=12_internal_8994, d=0, pv=0.0875761, s=0.1720]
  * Beta parameters: [s1=0.997302, s2=6.28808]
  * Adjusted p-values: [emp=0.467662, beta=0.460372]

Processing phenotype [ENSG00000258017.1] [142/322]
  * #variants in cis = 7
  * Best hit: [id=12_internal_10897, d=300531, pv=0.0569186, s=0.2120]
  * Beta parameters: [s1=0.93006, s2=5.54743]
  * Adjusted p-values: [emp=0.323383, beta=0.333734]

Processing phenotype [ENSG00000123416.10] [143/322]
  * #variants in cis = 7
  * Best hit: [id=12_internal_10897, d=-296916, pv=0.0476078, s=0.2205]
  * Beta parameters: [s1=0.906239, s2=7.61993]
  * Adjusted p-values: [emp=0.243781, beta=0.266725]

Processing phenotype [ENSG00000167553.10] [144/322]
  * #variants in cis = 7
  * Best hit: [id=12_internal_9625, d=785440, pv=0.0103791, s=-0.2876]
  * Beta parameters: [s1=1.07692, s2=7.09394]
  * Adjusted p-values: [emp=0.0696517, beta=0.0677242]

Processing phenotype [ENSG00000167552.8] [145/322]
  * #variants in cis = 7
  * Best hit: [id=12_internal_9625, d=-784852, pv=0.00410652, s=-0.3188]
  * Beta parameters: [s1=1.06597, s2=7.0474]
  * Adjusted p-values: [emp=0.0348259, beta=0.0287114]

Processing phenotype [ENSG00000258232.1] [146/322]
  * #variants in cis = 8
  * Best hit: [id=12_internal_10897, d=-155007, pv=0.0159133, s=0.2276]
  * Beta parameters: [s1=0.989863, s2=8.55483]
  * Adjusted p-values: [emp=0.129353, beta=0.129402]

Processing phenotype [ENSG00000135451.8] [147/322]
  * #variants in cis = 8
  * Best hit: [id=12_internal_10897, d=105077, pv=0.0829287, s=0.1884]
  * Beta parameters: [s1=1.04859, s2=6.72142]
  * Adjusted p-values: [emp=0.502488, beta=0.471235]

Processing phenotype [ENSG00000123352.12] [148/322]
  * #variants in cis = 8
  * Best hit: [id=12_internal_9779, d=575142, pv=0.217408, s=-0.1251]
  * Beta parameters: [s1=1.01463, s2=6.45959]
  * Adjusted p-values: [emp=0.81592, beta=0.812736]

Processing phenotype [ENSG00000257954.1] [149/322]
  * #variants in cis = 8
  * Best hit: [id=12_internal_9211, d=-608486, pv=0.00271088, s=-0.3161]
  * Beta parameters: [s1=1.03453, s2=9.39691]
  * Adjusted p-values: [emp=0.0149254, beta=0.0129989]

Processing phenotype [ENSG00000135519.5] [150/322]
  * #variants in cis = 8
  * Best hit: [id=12_internal_9625, d=435019, pv=0.00382676, s=-0.3216]
  * Beta parameters: [s1=1.11952, s2=9.79268]
  * Adjusted p-values: [emp=0.0248756, beta=0.0172087]

Processing phenotype [ENSG00000187778.9] [151/322]
  * #variants in cis = 8
  * Best hit: [id=12_internal_9779, d=-373573, pv=0.028551, s=-0.2344]
  * Beta parameters: [s1=0.863994, s2=7.82445]
  * Adjusted p-values: [emp=0.169154, beta=0.186454]

Processing phenotype [ENSG00000110844.8] [152/322]
  * #variants in cis = 8
  * Best hit: [id=12_internal_9160, d=641790, pv=0.065395, s=-0.1888]
  * Beta parameters: [s1=0.97653, s2=8.72083]
  * Adjusted p-values: [emp=0.402985, beta=0.396227]

Processing phenotype [ENSG00000257964.1] [153/322]
  * #variants in cis = 8
  * Best hit: [id=12_internal_10897, d=27559, pv=0.337412, s=-0.0952]
  * Beta parameters: [s1=0.87511, s2=8.29891]
  * Adjusted p-values: [emp=0.975124, beta=0.969988]

Processing phenotype [ENSG00000199237.1] [154/322]
  * #variants in cis = 9
  * Best hit: [id=12_internal_9779, d=348622, pv=0.163635, s=0.1368]
  * Beta parameters: [s1=1.0075, s2=9.24992]
  * Adjusted p-values: [emp=0.791045, beta=0.802309]

Processing phenotype [ENSG00000258284.1] [155/322]
  * #variants in cis = 9
  * Best hit: [id=12_internal_8969, d=942213, pv=0.0092952, s=0.2684]
  * Beta parameters: [s1=1.03282, s2=8.49895]
  * Adjusted p-values: [emp=0.0995025, beta=0.0939174]

Processing phenotype [ENSG00000257243.1] [156/322]
  * #variants in cis = 9
  * Best hit: [id=12_internal_9779, d=346578, pv=0.0599732, s=-0.2029]
  * Beta parameters: [s1=0.936148, s2=8.82469]
  * Adjusted p-values: [emp=0.412935, beta=0.39421]

Processing phenotype [ENSG00000135436.4] [157/322]
  * #variants in cis = 9
  * Best hit: [id=12_internal_10897, d=55693, pv=0.0198047, s=-0.2420]
  * Beta parameters: [s1=1.07544, s2=8.44312]
  * Adjusted p-values: [emp=0.174129, beta=0.16861]

Processing phenotype [ENSG00000139644.7] [158/322]
  * #variants in cis = 9
  * Best hit: [id=12_internal_8994, d=-543971, pv=0.0747689, s=0.2010]
  * Beta parameters: [s1=0.948449, s2=10.4802]
  * Adjusted p-values: [emp=0.472637, beta=0.510609]

Processing phenotype [ENSG00000161791.9] [159/322]
  * #variants in cis = 9
  * Best hit: [id=12_internal_9779, d=-233561, pv=0.158084, s=-0.1501]
  * Beta parameters: [s1=1.02065, s2=8.42435]
  * Adjusted p-values: [emp=0.791045, beta=0.769713]

Processing phenotype [ENSG00000258057.1] [160/322]
  * #variants in cis = 8
  * Best hit: [id=12_internal_8994, d=-664788, pv=0.025365, s=-0.2298]
  * Beta parameters: [s1=1.03196, s2=7.5087]
  * Adjusted p-values: [emp=0.179104, beta=0.157903]

Processing phenotype [ENSG00000167566.12] [161/322]
  * #variants in cis = 8
  * Best hit: [id=12_internal_9625, d=-145426, pv=0.0944922, s=-0.1747]
  * Beta parameters: [s1=1.04096, s2=8.01804]
  * Adjusted p-values: [emp=0.517413, beta=0.51035]

Processing phenotype [ENSG00000186666.4] [162/322]
  * #variants in cis = 8
  * Best hit: [id=12_internal_10897, d=293183, pv=0.216925, s=-0.1263]
  * Beta parameters: [s1=1.00252, s2=8.24008]
  * Adjusted p-values: [emp=0.865672, beta=0.877538]

Processing phenotype [ENSG00000161800.8] [163/322]
  * #variants in cis = 8
  * Best hit: [id=12_internal_10897, d=483190, pv=0.0446483, s=-0.2064]
  * Beta parameters: [s1=1.07979, s2=6.6859]
  * Adjusted p-values: [emp=0.338308, beta=0.327277]

Processing phenotype [ENSG00000110881.6] [164/322]
  * #variants in cis = 8
  * Best hit: [id=12_internal_8969, d=478756, pv=0.171363, s=-0.1550]
  * Beta parameters: [s1=0.972263, s2=8.71238]
  * Adjusted p-values: [emp=0.800995, beta=0.821877]

Processing phenotype [ENSG00000066117.10] [165/322]
  * #variants in cis = 8
  * Best hit: [id=12_internal_9625, d=-104495, pv=0.406411, s=-0.0858]
  * Beta parameters: [s1=0.985751, s2=8.31369]
  * Adjusted p-values: [emp=0.99005, beta=0.986536]

Processing phenotype [ENSG00000167588.8] [166/322]
  * #variants in cis = 8
  * Best hit: [id=12_internal_10061, d=-868074, pv=0.0568013, s=-0.1812]
  * Beta parameters: [s1=0.951416, s2=9.19103]
  * Adjusted p-values: [emp=0.39801, beta=0.393262]

Processing phenotype [ENSG00000178449.2] [167/322]
  * #variants in cis = 8
  * Best hit: [id=12_internal_9160, d=98029, pv=0.211217, s=-0.1323]
  * Beta parameters: [s1=0.997812, s2=10.028]
  * Adjusted p-values: [emp=0.905473, beta=0.896973]

Processing phenotype [ENSG00000257755.1] [168/322]
  * #variants in cis = 8
  * Best hit: [id=12_internal_8969, d=424050, pv=0.0231895, s=-0.2277]
  * Beta parameters: [s1=0.878848, s2=9.24553]
  * Adjusted p-values: [emp=0.154229, beta=0.149091]

Processing phenotype [ENSG00000257291.1] [169/322]
  * #variants in cis = 8
  * Best hit: [id=12_internal_8969, d=377603, pv=0.0290145, s=-0.2388]
  * Beta parameters: [s1=1.01698, s2=8.31922]
  * Adjusted p-values: [emp=0.199005, beta=0.187679]

Processing phenotype [ENSG00000139624.8] [170/322]
  * #variants in cis = 7
  * Best hit: [id=12_internal_10897, d=617559, pv=0.163242, s=-0.1473]
  * Beta parameters: [s1=0.937098, s2=7.63135]
  * Adjusted p-values: [emp=0.691542, beta=0.701874]

Processing phenotype [ENSG00000257298.1] [171/322]
  * #variants in cis = 7
  * Best hit: [id=12_internal_8969, d=-344941, pv=0.112858, s=0.1635]
  * Beta parameters: [s1=0.845119, s2=6.57729]
  * Adjusted p-values: [emp=0.552239, beta=0.595521]

Processing phenotype [ENSG00000050405.8] [172/322]
  * #variants in cis = 6
  * Best hit: [id=12_internal_9625, d=303093, pv=0.103145, s=-0.1737]
  * Maximum Likelihood estimation failed, use Moment Matching instead!
  * Beta parameters: [s1=0.999914, s2=5.53901]
  * Adjusted p-values: [emp=0.427861, beta=0.467909]

Processing phenotype [ENSG00000161813.15] [173/322]
  * #variants in cis = 7
  * Best hit: [id=12_internal_11846, d=975080, pv=0.230101, s=0.1258]
  * Beta parameters: [s1=1.03308, s2=9.20457]
  * Adjusted p-values: [emp=0.880597, beta=0.886899]

Processing phenotype [ENSG00000185958.5] [174/322]
  * #variants in cis = 7
  * Best hit: [id=12_internal_11846, d=-970841, pv=0.0755897, s=0.1913]
  * Beta parameters: [s1=1.01458, s2=8.26871]
  * Adjusted p-values: [emp=0.41791, beta=0.406319]

Processing phenotype [ENSG00000066084.8] [175/322]
  * #variants in cis = 7
  * Best hit: [id=12_internal_8969, d=31319, pv=0.0238039, s=0.2514]
  * Beta parameters: [s1=1.00098, s2=7.31755]
  * Adjusted p-values: [emp=0.119403, beta=0.1297]

Processing phenotype [ENSG00000207136.1] [176/322]
  * #variants in cis = 6
  * Best hit: [id=12_internal_8969, d=-81022, pv=0.070231, s=0.1827]
  * Beta parameters: [s1=0.976017, s2=5.6529]
  * Adjusted p-values: [emp=0.363184, beta=0.376741]

Processing phenotype [ENSG00000200183.1] [177/322]
  * #variants in cis = 6
  * Best hit: [id=12_internal_10946, d=-20987, pv=0.157644, s=-0.1648]
  * Beta parameters: [s1=0.982688, s2=5.48977]
  * Adjusted p-values: [emp=0.646766, beta=0.628658]

Processing phenotype [ENSG00000200428.1] [178/322]
  * #variants in cis = 7
  * Best hit: [id=12_internal_10946, d=-107582, pv=0.0624742, s=0.2018]
  * Beta parameters: [s1=1.04143, s2=6.92512]
  * Adjusted p-values: [emp=0.432836, beta=0.392941]

Processing phenotype [ENSG00000123268.4] [179/322]
  * #variants in cis = 7
  * Best hit: [id=12_internal_8969, d=-211459, pv=0.074013, s=0.2049]
  * Beta parameters: [s1=1.08324, s2=6.71277]
  * Adjusted p-values: [emp=0.437811, beta=0.424579]

Processing phenotype [ENSG00000185432.10] [180/322]
  * #variants in cis = 10
  * Best hit: [id=12_internal_13502, d=895467, pv=0.222605, s=-0.1339]
  * Beta parameters: [s1=0.954415, s2=9.56687]
  * Adjusted p-values: [emp=0.905473, beta=0.910507]

Processing phenotype [ENSG00000206830.1] [181/322]
  * #variants in cis = 10
  * Best hit: [id=12_internal_10304, d=-669829, pv=0.156397, s=0.1562]
  * Beta parameters: [s1=1.12189, s2=9.71947]
  * Adjusted p-values: [emp=0.820896, beta=0.816964]

Processing phenotype [ENSG00000110911.10] [182/322]
  * #variants in cis = 10
  * Best hit: [id=12_internal_11846, d=-338897, pv=0.288871, s=0.1077]
  * Beta parameters: [s1=0.941463, s2=8.83878]
  * Adjusted p-values: [emp=0.945274, beta=0.954729]

Processing phenotype [ENSG00000050426.10] [183/322]
  * #variants in cis = 11
  * Best hit: [id=12_internal_8652, d=803212, pv=0.0119284, s=-0.2607]
  * Beta parameters: [s1=0.993815, s2=9.48174]
  * Adjusted p-values: [emp=0.129353, beta=0.138138]

Processing phenotype [ENSG00000110925.2] [184/322]
  * #variants in cis = 11
  * Best hit: [id=12_internal_9617, d=-948638, pv=0.0905971, s=-0.1550]
  * Beta parameters: [s1=0.930237, s2=8.44646]
  * Adjusted p-values: [emp=0.61194, beta=0.604593]

Processing phenotype [ENSG00000257246.1] [185/322]
  * #variants in cis = 12
  * Best hit: [id=12_internal_11351, d=-884687, pv=0.0676842, s=-0.1970]
  * Beta parameters: [s1=0.912029, s2=10.6252]
  * Adjusted p-values: [emp=0.562189, beta=0.55238]

Processing phenotype [ENSG00000200953.1] [186/322]
  * #variants in cis = 12
  * Best hit: [id=12_internal_10946, d=520991, pv=0.0170168, s=-0.2467]
  * Beta parameters: [s1=0.909835, s2=12.899]
  * Adjusted p-values: [emp=0.149254, beta=0.151046]

Processing phenotype [ENSG00000199824.1] [187/322]
  * #variants in cis = 12
  * Best hit: [id=12_internal_13569, d=742007, pv=0.0727875, s=0.1791]
  * Beta parameters: [s1=1.04193, s2=9.97976]
  * Adjusted p-values: [emp=0.557214, beta=0.566321]

Processing phenotype [ENSG00000135457.5] [188/322]
  * #variants in cis = 13
  * Best hit: [id=12_internal_10946, d=537157, pv=0.0107251, s=-0.2920]
  * Beta parameters: [s1=0.95835, s2=11.522]
  * Adjusted p-values: [emp=0.104478, beta=0.10368]

Processing phenotype [ENSG00000184271.11] [189/322]
  * #variants in cis = 13
  * Best hit: [id=12_internal_8652, d=-633480, pv=0.00734189, s=-0.2715]
  * Beta parameters: [s1=0.925315, s2=9.68366]
  * Adjusted p-values: [emp=0.114428, beta=0.0927263]

Processing phenotype [ENSG00000183283.9] [190/322]
  * #variants in cis = 14
  * Best hit: [id=12_internal_9617, d=794009, pv=0.0199454, s=-0.2346]
  * Beta parameters: [s1=0.922228, s2=10.7384]
  * Adjusted p-values: [emp=0.21393, beta=0.236889]

Processing phenotype [ENSG00000170545.11] [191/322]
  * #variants in cis = 13
  * Best hit: [id=12_internal_12018, d=-950934, pv=0.0146625, s=0.2575]
  * Beta parameters: [s1=0.874062, s2=10.2043]
  * Adjusted p-values: [emp=0.174129, beta=0.206695]

Processing phenotype [ENSG00000110934.5] [192/322]
  * #variants in cis = 13
  * Best hit: [id=12_internal_13502, d=-494270, pv=0.0254218, s=0.2521]
  * Beta parameters: [s1=1.02385, s2=10.1572]
  * Adjusted p-values: [emp=0.273632, beta=0.276138]

Processing phenotype [ENSG00000139610.1] [193/322]
  * #variants in cis = 13
  * Best hit: [id=12_internal_12018, d=-874673, pv=0.096266, s=-0.1796]
  * Beta parameters: [s1=1.04451, s2=14.1675]
  * Adjusted p-values: [emp=0.736318, beta=0.718918]

Processing phenotype [ENSG00000050438.10] [194/322]
  * #variants in cis = 13
  * Best hit: [id=12_internal_11846, d=0, pv=0.00226174, s=0.3361]
  * Beta parameters: [s1=1.09782, s2=12.9466]
  * Adjusted p-values: [emp=0.0248756, beta=0.0236776]

Processing phenotype [ENSG00000139629.10] [195/322]
  * #variants in cis = 13
  * Best hit: [id=12_internal_11846, d=0, pv=0.000428618, s=0.3757]
  * Beta parameters: [s1=1.09573, s2=13.3325]
  * Adjusted p-values: [emp=0.00497512, beta=0.00329395]

Processing phenotype [ENSG00000196876.7] [196/322]
  * #variants in cis = 14
  * Best hit: [id=12_internal_10304, d=93803, pv=0.0507253, s=0.2053]
  * Beta parameters: [s1=0.972202, s2=14.9692]
  * Adjusted p-values: [emp=0.472637, beta=0.493247]

Processing phenotype [ENSG00000260415.2] [197/322]
  * #variants in cis = 13
  * Best hit: [id=12_internal_11846, d=-413346, pv=0.126887, s=0.1467]
  * Beta parameters: [s1=1.13905, s2=12.0281]
  * Adjusted p-values: [emp=0.771144, beta=0.794324]

Processing phenotype [ENSG00000260122.1] [198/322]
  * #variants in cis = 13
  * Best hit: [id=12_internal_13569, d=-94307, pv=0.00183978, s=0.2904]
  * Beta parameters: [s1=0.877878, s2=10.8289]
  * Adjusted p-values: [emp=0.0348259, beta=0.0203241]

Processing phenotype [ENSG00000261586.1] [199/322]
  * #variants in cis = 13
  * Best hit: [id=12_internal_10304, d=-110977, pv=0.0626552, s=0.1986]
  * Beta parameters: [s1=1.1468, s2=10.5159]
  * Adjusted p-values: [emp=0.616915, beta=0.578059]

Processing phenotype [ENSG00000261308.1] [200/322]
  * #variants in cis = 13
  * Best hit: [id=12_internal_12018, d=-398937, pv=0.0534073, s=-0.2181]
  * Beta parameters: [s1=0.992312, s2=13.2899]
  * Adjusted p-values: [emp=0.482587, beta=0.468387]

Processing phenotype [ENSG00000260473.1] [201/322]
  * #variants in cis = 13
  * Best hit: [id=12_internal_12018, d=397849, pv=0.120892, s=-0.1659]
  * Beta parameters: [s1=1.1087, s2=12.1858]
  * Adjusted p-values: [emp=0.820896, beta=0.789293]

Processing phenotype [ENSG00000135503.7] [202/322]
  * #variants in cis = 14
  * Best hit: [id=12_internal_12018, d=269685, pv=0.0271093, s=-0.2317]
  * Beta parameters: [s1=0.942253, s2=11.8614]
  * Adjusted p-values: [emp=0.308458, beta=0.298638]

Processing phenotype [ENSG00000161835.6] [203/322]
  * #variants in cis = 14
  * Best hit: [id=12_internal_9796, d=487454, pv=0.00244787, s=0.3400]
  * Beta parameters: [s1=0.956555, s2=14.0624]
  * Adjusted p-values: [emp=0.0348259, beta=0.0315692]

Processing phenotype [ENSG00000123358.14] [204/322]
  * #variants in cis = 14
  * Best hit: [id=12_internal_8652, d=-99025, pv=0.170214, s=-0.1423]
  * Beta parameters: [s1=0.929279, s2=11.9137]
  * Adjusted p-values: [emp=0.895522, beta=0.903564]

Processing phenotype [ENSG00000259884.1] [205/322]
  * #variants in cis = 15
  * Best hit: [id=12_internal_8652, d=135696, pv=0.0337772, s=-0.2104]
  * Beta parameters: [s1=1.02924, s2=11.3595]
  * Adjusted p-values: [emp=0.373134, beta=0.382368]

Processing phenotype [ENSG00000123395.10] [206/322]
  * #variants in cis = 16
  * Best hit: [id=12_internal_9796, d=425148, pv=0.0291878, s=0.2364]
  * Beta parameters: [s1=1.01791, s2=16.9755]
  * Adjusted p-values: [emp=0.363184, beta=0.367766]

Processing phenotype [ENSG00000257663.1] [207/322]
  * #variants in cis = 16
  * Best hit: [id=12_internal_9402, d=-36315, pv=0.0131, s=0.2679]
  * Beta parameters: [s1=1.0273, s2=17.1634]
  * Adjusted p-values: [emp=0.119403, beta=0.120954]

Processing phenotype [ENSG00000170484.5] [208/322]
  * #variants in cis = 17
  * Best hit: [id=12_internal_11351, d=520543, pv=0.0454516, s=-0.2002]
  * Beta parameters: [s1=0.961463, s2=15.894]
  * Adjusted p-values: [emp=0.492537, beta=0.496244]

Processing phenotype [ENSG00000257495.1] [209/322]
  * #variants in cis = 17
  * Best hit: [id=12_internal_10250, d=592783, pv=0.00363087, s=-0.2824]
  * Beta parameters: [s1=0.925003, s2=13.0602]
  * Adjusted p-values: [emp=0.079602, beta=0.0696972]

Processing phenotype [ENSG00000170486.6] [210/322]
  * #variants in cis = 17
  * Best hit: [id=12_internal_10250, d=-592712, pv=0.0177903, s=-0.2342]
  * Beta parameters: [s1=0.953347, s2=14.1851]
  * Adjusted p-values: [emp=0.293532, beta=0.239111]

Processing phenotype [ENSG00000186049.4] [211/322]
  * #variants in cis = 17
  * Best hit: [id=12_internal_10250, d=-575691, pv=0.0102438, s=-0.2550]
  * Beta parameters: [s1=1.00818, s2=13.8481]
  * Adjusted p-values: [emp=0.144279, beta=0.135711]

Processing phenotype [ENSG00000258120.1] [212/322]
  * #variants in cis = 17
  * Best hit: [id=12_internal_10250, d=-559794, pv=0.00251912, s=-0.3408]
  * Beta parameters: [s1=0.986064, s2=16.911]
  * Adjusted p-values: [emp=0.0497512, beta=0.0382126]

Processing phenotype [ENSG00000172867.3] [213/322]
  * #variants in cis = 17
  * Best hit: [id=12_internal_11433, d=34101, pv=2.56493e-06, s=0.4994]
  * Beta parameters: [s1=1.26003, s2=15.0651]
  * Adjusted p-values: [emp=0.00497512, beta=3.43413e-05]

Processing phenotype [ENSG00000167768.4] [214/322]
  * #variants in cis = 17
  * Best hit: [id=12_internal_10406, d=475852, pv=0.00608515, s=0.2938]
  * Beta parameters: [s1=0.957395, s2=13.8653]
  * Adjusted p-values: [emp=0.104478, beta=0.103359]

Processing phenotype [ENSG00000189182.5] [215/322]
  * #variants in cis = 17
  * Best hit: [id=12_internal_12018, d=394428, pv=0.145664, s=-0.1508]
  * Beta parameters: [s1=0.947679, s2=15.0708]
  * Adjusted p-values: [emp=0.910448, beta=0.917727]

Processing phenotype [ENSG00000111057.6] [216/322]
  * #variants in cis = 16
  * Best hit: [id=12_internal_10673, d=-37729, pv=0.000547063, s=0.3666]
  * Beta parameters: [s1=1.06344, s2=12.4995]
  * Adjusted p-values: [emp=0.00995025, beta=0.00998897]

Processing phenotype [ENSG00000170421.6] [217/322]
  * #variants in cis = 16
  * Best hit: [id=12_internal_10673, d=38812, pv=0.00551841, s=0.2906]
  * Beta parameters: [s1=0.986632, s2=13.2639]
  * Adjusted p-values: [emp=0.114428, beta=0.0939541]

Processing phenotype [ENSG00000265039.1] [218/322]
  * #variants in cis = 16
  * Best hit: [id=12_internal_10673, d=-40566, pv=0.165691, s=0.1430]
  * Beta parameters: [s1=0.96034, s2=11.7815]
  * Adjusted p-values: [emp=0.895522, beta=0.906306]

Processing phenotype [ENSG00000225410.1] [219/322]
  * #variants in cis = 16
  * Best hit: [id=12_internal_13215, d=-112918, pv=0.00373928, s=0.2828]
  * Beta parameters: [s1=1.04586, s2=12.3664]
  * Adjusted p-values: [emp=0.0547264, beta=0.0488267]

Processing phenotype [ENSG00000063046.13] [220/322]
  * #variants in cis = 16
  * Best hit: [id=12_internal_9617, d=-952920, pv=0.0151192, s=0.2538]
  * Beta parameters: [s1=1.00392, s2=13.2715]
  * Adjusted p-values: [emp=0.21393, beta=0.197483]

Processing phenotype [ENSG00000257475.1] [221/322]
  * #variants in cis = 16
  * Best hit: [id=12_internal_10406, d=-807541, pv=0.00158829, s=0.3129]
  * Beta parameters: [s1=0.961749, s2=13.938]
  * Adjusted p-values: [emp=0.0547264, beta=0.0322718]

Processing phenotype [ENSG00000111077.11] [222/322]
  * #variants in cis = 15
  * Best hit: [id=12_internal_9796, d=-514819, pv=0.0375746, s=-0.2265]
  * Beta parameters: [s1=0.936917, s2=15.484]
  * Adjusted p-values: [emp=0.437811, beta=0.435372]

Processing phenotype [ENSG00000257337.1] [223/322]
  * #variants in cis = 13
  * Best hit: [id=12_internal_10436, d=-884187, pv=0.170764, s=0.1439]
  * Beta parameters: [s1=0.894992, s2=9.93911]
  * Adjusted p-values: [emp=0.905473, beta=0.888274]

Processing phenotype [ENSG00000167778.4] [224/322]
  * #variants in cis = 13
  * Best hit: [id=12_internal_10406, d=874865, pv=0.0555286, s=0.2063]
  * Beta parameters: [s1=0.914025, s2=11.0758]
  * Adjusted p-values: [emp=0.487562, beta=0.520858]

Processing phenotype [ENSG00000167780.7] [225/322]
  * #variants in cis = 13
  * Best hit: [id=12_internal_13215, d=0, pv=0.000512767, s=0.3720]
  * Beta parameters: [s1=0.900775, s2=8.67463]
  * Adjusted p-values: [emp=0.0298507, beta=0.0112309]

Processing phenotype [ENSG00000257790.1] [226/322]
  * #variants in cis = 12
  * Best hit: [id=12_internal_11433, d=-535209, pv=0.0826881, s=-0.1841]
  * Beta parameters: [s1=0.91853, s2=11.8611]
  * Adjusted p-values: [emp=0.606965, beta=0.6138]

Processing phenotype [ENSG00000257808.1] [227/322]
  * #variants in cis = 12
  * Best hit: [id=12_internal_13830, d=804225, pv=0.041521, s=0.2180]
  * Beta parameters: [s1=0.945171, s2=10.8261]
  * Adjusted p-values: [emp=0.353234, beta=0.357055]

Processing phenotype [ENSG00000257479.1] [228/322]
  * #variants in cis = 12
  * Best hit: [id=12_internal_9796, d=644278, pv=0.146939, s=-0.1587]
  * Beta parameters: [s1=0.883912, s2=12.9161]
  * Adjusted p-values: [emp=0.820896, beta=0.846042]

Processing phenotype [ENSG00000139651.8] [229/322]
  * #variants in cis = 12
  * Best hit: [id=12_internal_12018, d=-871665, pv=0.108445, s=0.1489]
  * Beta parameters: [s1=1.08097, s2=9.76011]
  * Adjusted p-values: [emp=0.751244, beta=0.740933]

Processing phenotype [ENSG00000139631.13] [230/322]
  * #variants in cis = 12
  * Best hit: [id=12_internal_10436, d=-757274, pv=0.0852867, s=-0.1878]
  * Beta parameters: [s1=1.00809, s2=9.21488]
  * Adjusted p-values: [emp=0.616915, beta=0.623342]

Processing phenotype [ENSG00000139626.10] [231/322]
  * #variants in cis = 12
  * Best hit: [id=12_internal_11536, d=-983664, pv=0.00492242, s=0.2989]
  * Beta parameters: [s1=0.954207, s2=9.72101]
  * Adjusted p-values: [emp=0.0646766, beta=0.0709713]

Processing phenotype [ENSG00000172819.12] [232/322]
  * #variants in cis = 11
  * Best hit: [id=12_internal_11536, d=-957991, pv=0.00495834, s=0.2736]
  * Beta parameters: [s1=1.09321, s2=10.8871]
  * Adjusted p-values: [emp=0.0248756, beta=0.0330729]

Processing phenotype [ENSG00000182544.7] [233/322]
  * #variants in cis = 11
  * Best hit: [id=12_internal_9796, d=-719101, pv=0.179515, s=0.1501]
  * Beta parameters: [s1=0.956368, s2=10.2526]
  * Adjusted p-values: [emp=0.880597, beta=0.863393]

Processing phenotype [ENSG00000135476.7] [234/322]
  * #variants in cis = 11
  * Best hit: [id=12_internal_8729, d=96188, pv=0.0996869, s=-0.1671]
  * Beta parameters: [s1=1.00645, s2=9.95203]
  * Adjusted p-values: [emp=0.631841, beta=0.636271]

Processing phenotype [ENSG00000123349.8] [235/322]
  * #variants in cis = 11
  * Best hit: [id=12_internal_10436, d=643334, pv=0.0268939, s=-0.2497]
  * Beta parameters: [s1=0.981375, s2=10.814]
  * Adjusted p-values: [emp=0.243781, beta=0.228329]

Processing phenotype [ENSG00000139637.9] [236/322]
  * #variants in cis = 11
  * Best hit: [id=12_internal_10250, d=0, pv=0.0265181, s=0.2399]
  * Beta parameters: [s1=1.04973, s2=8.81233]
  * Adjusted p-values: [emp=0.253731, beta=0.265706]

Processing phenotype [ENSG00000257605.1] [237/322]
  * #variants in cis = 11
  * Best hit: [id=12_internal_11433, d=682251, pv=0.054442, s=-0.2103]
  * Beta parameters: [s1=0.884676, s2=12.4526]
  * Adjusted p-values: [emp=0.41791, beta=0.426234]

Processing phenotype [ENSG00000094914.8] [238/322]
  * #variants in cis = 10
  * Best hit: [id=12_internal_10673, d=413722, pv=0.0087125, s=-0.2827]
  * Beta parameters: [s1=1.03973, s2=9.16612]
  * Adjusted p-values: [emp=0.0696517, beta=0.0694066]

Processing phenotype [ENSG00000170374.4] [239/322]
  * #variants in cis = 10
  * Best hit: [id=12_internal_10436, d=-593310, pv=0.0152391, s=-0.2611]
  * Beta parameters: [s1=1.04567, s2=9.31858]
  * Adjusted p-values: [emp=0.129353, beta=0.121386]

Processing phenotype [ENSG00000185591.5] [240/322]
  * #variants in cis = 10
  * Best hit: [id=12_internal_13830, d=583635, pv=0.288175, s=-0.1123]
  * Beta parameters: [s1=0.932599, s2=8.24685]
  * Adjusted p-values: [emp=0.935323, beta=0.950334]

Processing phenotype [ENSG00000205352.6] [241/322]
  * #variants in cis = 11
  * Best hit: [id=12_internal_9832, d=-401976, pv=0.107723, s=-0.1559]
  * Beta parameters: [s1=1.05391, s2=9.59591]
  * Adjusted p-values: [emp=0.671642, beta=0.676456]

Processing phenotype [ENSG00000197111.9] [242/322]
  * #variants in cis = 11
  * Best hit: [id=12_internal_10250, d=-115716, pv=0.0920665, s=-0.1897]
  * Beta parameters: [s1=0.989272, s2=11.5197]
  * Adjusted p-values: [emp=0.661692, beta=0.662287]

Processing phenotype [ENSG00000257379.1] [243/322]
  * #variants in cis = 11
  * Best hit: [id=12_internal_10250, d=-115716, pv=0.118934, s=-0.1791]
  * Beta parameters: [s1=0.965206, s2=11.0779]
  * Adjusted p-values: [emp=0.701493, beta=0.721023]

Processing phenotype [ENSG00000258351.1] [244/322]
  * #variants in cis = 12
  * Best hit: [id=12_internal_9057, d=-910670, pv=0.0835911, s=0.1647]
  * Beta parameters: [s1=0.901009, s2=9.37064]
  * Adjusted p-values: [emp=0.597015, beta=0.610526]

Processing phenotype [ENSG00000139625.8] [245/322]
  * #variants in cis = 12
  * Best hit: [id=12_internal_10673, d=588921, pv=0.0677417, s=-0.1750]
  * Beta parameters: [s1=0.90544, s2=12.7635]
  * Adjusted p-values: [emp=0.547264, beta=0.558182]

Processing phenotype [ENSG00000139546.6] [246/322]
  * #variants in cis = 12
  * Best hit: [id=12_internal_9816, d=961431, pv=0.0596043, s=-0.1919]
  * Beta parameters: [s1=1.03973, s2=12.4035]
  * Adjusted p-values: [emp=0.502488, beta=0.507136]

Processing phenotype [ENSG00000139574.6] [247/322]
  * #variants in cis = 12
  * Best hit: [id=12_internal_13215, d=376293, pv=0.0248737, s=0.2461]
  * Beta parameters: [s1=0.89046, s2=10.6944]
  * Adjusted p-values: [emp=0.233831, beta=0.250503]

Processing phenotype [ENSG00000257117.1] [248/322]
  * #variants in cis = 12
  * Best hit: [id=12_internal_8729, d=-123017, pv=0.00661877, s=-0.2668]
  * Beta parameters: [s1=1.06951, s2=11.3035]
  * Adjusted p-values: [emp=0.0895522, beta=0.0763674]

Processing phenotype [ENSG00000257550.1] [249/322]
  * #variants in cis = 12
  * Best hit: [id=12_internal_13830, d=449827, pv=0.000197093, s=-0.3490]
  * Beta parameters: [s1=0.964466, s2=13.8868]
  * Adjusted p-values: [emp=0.00497512, beta=0.00132316]

Processing phenotype [ENSG00000267281.1] [250/322]
  * #variants in cis = 11
  * Best hit: [id=12_internal_10436, d=-312646, pv=0.0941657, s=0.1837]
  * Beta parameters: [s1=0.962569, s2=8.8147]
  * Adjusted p-values: [emp=0.572139, beta=0.57898]

Processing phenotype [ENSG00000170653.14] [251/322]
  * #variants in cis = 11
  * Best hit: [id=12_internal_13830, d=-337396, pv=0.00913868, s=-0.2578]
  * Beta parameters: [s1=1.09019, s2=10.5945]
  * Adjusted p-values: [emp=0.0895522, beta=0.0809375]

Processing phenotype [ENSG00000135390.12] [252/322]
  * #variants in cis = 11
  * Best hit: [id=12_internal_9057, d=-704005, pv=0.0141494, s=0.2521]
  * Beta parameters: [s1=0.997701, s2=9.8846]
  * Adjusted p-values: [emp=0.159204, beta=0.159019]

Processing phenotype [ENSG00000012822.10] [253/322]
  * #variants in cis = 12
  * Best hit: [id=12_internal_10673, d=816603, pv=0.138896, s=-0.1506]
  * Beta parameters: [s1=1.05155, s2=9.17258]
  * Adjusted p-values: [emp=0.81592, beta=0.803621]

Processing phenotype [ENSG00000250654.2] [254/322]
  * #variants in cis = 11
  * Best hit: [id=12_internal_10250, d=755878, pv=0.00192937, s=-0.3073]
  * Beta parameters: [s1=1.02179, s2=11.9173]
  * Adjusted p-values: [emp=0.0199005, beta=0.0155808]

Processing phenotype [ENSG00000260470.1] [255/322]
  * #variants in cis = 10
  * Best hit: [id=12_internal_9238, d=-556645, pv=0.00153324, s=-0.3503]
  * Beta parameters: [s1=0.954387, s2=12.2287]
  * Adjusted p-values: [emp=0.00995025, beta=0.0112076]

Processing phenotype [ENSG00000257534.1] [256/322]
  * #variants in cis = 10
  * Best hit: [id=12_internal_9238, d=-539418, pv=0.0071689, s=-0.2726]
  * Beta parameters: [s1=1.067, s2=7.72267]
  * Adjusted p-values: [emp=0.0895522, beta=0.0912272]

Processing phenotype [ENSG00000123415.9] [257/322]
  * #variants in cis = 10
  * Best hit: [id=12_internal_9238, d=-514876, pv=0.0820666, s=-0.1799]
  * Beta parameters: [s1=0.911981, s2=9.28346]
  * Adjusted p-values: [emp=0.562189, beta=0.584002]

Processing phenotype [ENSG00000265371.1] [258/322]
  * #variants in cis = 10
  * Best hit: [id=12_internal_10436, d=201455, pv=0.0358994, s=0.2121]
  * Beta parameters: [s1=1.02448, s2=7.79763]
  * Adjusted p-values: [emp=0.343284, beta=0.322088]

Processing phenotype [ENSG00000241785.2] [259/322]
  * #variants in cis = 10
  * Best hit: [id=12_internal_8729, d=870664, pv=0.0681402, s=-0.1983]
  * Beta parameters: [s1=0.943604, s2=9.95469]
  * Adjusted p-values: [emp=0.507463, beta=0.53639]

Processing phenotype [ENSG00000257596.1] [260/322]
  * #variants in cis = 10
  * Best hit: [id=12_internal_9057, d=118798, pv=0.0319085, s=-0.2188]
  * Beta parameters: [s1=1.00012, s2=8.35465]
  * Adjusted p-values: [emp=0.353234, beta=0.291254]

Processing phenotype [ENSG00000258344.1] [261/322]
  * #variants in cis = 10
  * Best hit: [id=12_internal_13653, d=552930, pv=0.00847621, s=-0.2378]
  * Beta parameters: [s1=1.01661, s2=8.3838]
  * Adjusted p-values: [emp=0.0895522, beta=0.0861449]

Processing phenotype [ENSG00000094916.8] [262/322]
  * #variants in cis = 10
  * Best hit: [id=12_internal_9057, d=-101242, pv=0.0104949, s=-0.2414]
  * Beta parameters: [s1=0.963828, s2=8.76299]
  * Adjusted p-values: [emp=0.079602, beta=0.0796837]

Processing phenotype [ENSG00000135486.11] [263/322]
  * #variants in cis = 10
  * Best hit: [id=12_internal_9057, d=101220, pv=0.195584, s=0.1293]
  * Beta parameters: [s1=0.834263, s2=9.90831]
  * Adjusted p-values: [emp=0.895522, beta=0.891062]

Processing phenotype [ENSG00000123405.9] [264/322]
  * #variants in cis = 10
  * Best hit: [id=12_internal_9238, d=-402749, pv=0.254245, s=-0.1301]
  * Beta parameters: [s1=1.04361, s2=8.33763]
  * Adjusted p-values: [emp=0.935323, beta=0.933976]

Processing phenotype [ENSG00000111481.5] [265/322]
  * #variants in cis = 10
  * Best hit: [id=12_internal_9816, d=161150, pv=0.0133552, s=-0.2455]
  * Beta parameters: [s1=1.09166, s2=8.84913]
  * Adjusted p-values: [emp=0.129353, beta=0.13568]

Processing phenotype [ENSG00000258137.1] [266/322]
  * #variants in cis = 9
  * Best hit: [id=12_internal_13830, d=-225753, pv=0.068735, s=-0.1675]
  * Beta parameters: [s1=1.01683, s2=8.94474]
  * Adjusted p-values: [emp=0.442786, beta=0.435407]

Processing phenotype [ENSG00000258086.1] [267/322]
  * #variants in cis = 9
  * Best hit: [id=12_internal_9816, d=108560, pv=0.0689081, s=0.1888]
  * Beta parameters: [s1=0.905521, s2=8.65965]
  * Adjusted p-values: [emp=0.368159, beta=0.400321]

Processing phenotype [ENSG00000161642.13] [268/322]
  * #variants in cis = 8
  * Best hit: [id=12_internal_10436, d=361277, pv=0.0287521, s=0.2246]
  * Beta parameters: [s1=1.08816, s2=7.50909]
  * Adjusted p-values: [emp=0.233831, beta=0.221304]

Processing phenotype [ENSG00000161638.6] [269/322]
  * #variants in cis = 8
  * Best hit: [id=12_internal_9057, d=0, pv=0.0523964, s=0.2065]
  * Beta parameters: [s1=1.0695, s2=7.07022]
  * Adjusted p-values: [emp=0.308458, beta=0.295937]

Processing phenotype [ENSG00000170627.5] [270/322]
  * #variants in cis = 9
  * Best hit: [id=12_internal_10818, d=-129433, pv=0.168632, s=-0.1484]
  * Beta parameters: [s1=0.952063, s2=8.00974]
  * Adjusted p-values: [emp=0.78607, beta=0.806256]

Processing phenotype [ENSG00000123338.8] [271/322]
  * #variants in cis = 9
  * Best hit: [id=12_internal_9238, d=206159, pv=0.19248, s=0.1223]
  * Beta parameters: [s1=1.04373, s2=6.65769]
  * Adjusted p-values: [emp=0.825871, beta=0.827074]

Processing phenotype [ENSG00000257824.1] [272/322]
  * #variants in cis = 9
  * Best hit: [id=12_internal_13830, d=416197, pv=0.0275981, s=-0.2176]
  * Beta parameters: [s1=1.02292, s2=10.1442]
  * Adjusted p-values: [emp=0.218905, beta=0.219951]

Processing phenotype [ENSG00000123360.7] [273/322]
  * #variants in cis = 9
  * Best hit: [id=12_internal_13830, d=-421442, pv=0.0239095, s=0.2293]
  * Beta parameters: [s1=0.966889, s2=9.02236]
  * Adjusted p-values: [emp=0.169154, beta=0.171822]

Processing phenotype [ENSG00000135447.11] [274/322]
  * #variants in cis = 9
  * Best hit: [id=12_internal_11536, d=390502, pv=0.0252726, s=0.2358]
  * Beta parameters: [s1=1.01056, s2=9.11013]
  * Adjusted p-values: [emp=0.208955, beta=0.218227]

Processing phenotype [ENSG00000135426.9] [275/322]
  * #variants in cis = 14
  * Best hit: [id=12_internal_13653, d=0, pv=7.00762e-06, s=0.4502]
  * Beta parameters: [s1=0.940108, s2=12.3643]
  * Adjusted p-values: [emp=0.00497512, beta=8.63143e-05]

Processing phenotype [ENSG00000179899.7] [276/322]
  * #variants in cis = 13
  * Best hit: [id=12_internal_9238, d=697503, pv=0.0252742, s=-0.2374]
  * Beta parameters: [s1=0.921893, s2=14.9057]
  * Adjusted p-values: [emp=0.273632, beta=0.291463]

Processing phenotype [ENSG00000258311.1] [277/322]
  * #variants in cis = 12
  * Best hit: [id=12_internal_9238, d=-998690, pv=0.129254, s=-0.1655]
  * Beta parameters: [s1=0.941941, s2=10.8982]
  * Adjusted p-values: [emp=0.78607, beta=0.772153]

Processing phenotype [ENSG00000135441.3] [278/322]
  * #variants in cis = 12
  * Best hit: [id=12_internal_13653, d=-678578, pv=0.145416, s=-0.1557]
  * Beta parameters: [s1=1.11605, s2=11.2383]
  * Adjusted p-values: [emp=0.870647, beta=0.863793]

Processing phenotype [ENSG00000135424.11] [279/322]
  * #variants in cis = 12
  * Best hit: [id=12_internal_9426, d=58715, pv=0.0428871, s=-0.2165]
  * Beta parameters: [s1=1.08508, s2=11.1707]
  * Adjusted p-values: [emp=0.328358, beta=0.331947]

Processing phenotype [ENSG00000135437.5] [280/322]
  * #variants in cis = 11
  * Best hit: [id=12_internal_8617, d=575598, pv=0.16464, s=-0.1464]
  * Beta parameters: [s1=1.02197, s2=10.5684]
  * Adjusted p-values: [emp=0.860697, beta=0.862562]

Processing phenotype [ENSG00000258056.1] [281/322]
  * #variants in cis = 11
  * Best hit: [id=12_internal_9946, d=0, pv=0.0916861, s=0.1872]
  * Beta parameters: [s1=1.1013, s2=10.1594]
  * Adjusted p-values: [emp=0.706468, beta=0.691471]

Processing phenotype [ENSG00000135404.6] [282/322]
  * #variants in cis = 11
  * Best hit: [id=12_internal_10961, d=-88509, pv=0.12255, s=0.1586]
  * Beta parameters: [s1=0.97289, s2=12.3219]
  * Adjusted p-values: [emp=0.721393, beta=0.727625]

Processing phenotype [ENSG00000135414.5] [283/322]
  * #variants in cis = 11
  * Best hit: [id=12_internal_13653, d=-705822, pv=0.138892, s=-0.1596]
  * Beta parameters: [s1=0.967097, s2=8.91647]
  * Adjusted p-values: [emp=0.766169, beta=0.780767]

Processing phenotype [ENSG00000257509.1] [284/322]
  * #variants in cis = 11
  * Best hit: [id=12_internal_8949, d=-352567, pv=0.0309712, s=0.2215]
  * Beta parameters: [s1=1.06066, s2=9.85627]
  * Adjusted p-values: [emp=0.323383, beta=0.300129]

Processing phenotype [ENSG00000205323.4] [285/322]
  * #variants in cis = 11
  * Best hit: [id=12_internal_9946, d=86558, pv=0.0979012, s=0.1780]
  * Beta parameters: [s1=0.995571, s2=8.63306]
  * Adjusted p-values: [emp=0.676617, beta=0.651539]

Processing phenotype [ENSG00000123353.5] [286/322]
  * #variants in cis = 11
  * Best hit: [id=12_internal_8949, d=297276, pv=0.29318, s=-0.1075]
  * Beta parameters: [s1=0.927938, s2=10.363]
  * Adjusted p-values: [emp=0.970149, beta=0.966965]

Processing phenotype [ENSG00000257390.1] [287/322]
  * #variants in cis = 11
  * Best hit: [id=12_internal_9946, d=96348, pv=0.146867, s=0.1583]
  * Beta parameters: [s1=0.923199, s2=10.8557]
  * Adjusted p-values: [emp=0.810945, beta=0.817608]

Processing phenotype [ENSG00000182796.8] [288/322]
  * #variants in cis = 11
  * Best hit: [id=12_internal_11202, d=12389, pv=0.0142983, s=0.2313]
  * Beta parameters: [s1=1.10255, s2=11.8704]
  * Adjusted p-values: [emp=0.154229, beta=0.15249]

Processing phenotype [ENSG00000135392.11] [289/322]
  * #variants in cis = 11
  * Best hit: [id=12_internal_13653, d=793366, pv=0.00727753, s=-0.2895]
  * Beta parameters: [s1=0.949152, s2=11.5126]
  * Adjusted p-values: [emp=0.0696517, beta=0.0622489]

Processing phenotype [ENSG00000123342.11] [290/322]
  * #variants in cis = 11
  * Best hit: [id=12_internal_11202, d=0, pv=0.0038897, s=0.2716]
  * Beta parameters: [s1=1.07325, s2=14.0982]
  * Adjusted p-values: [emp=0.0447761, beta=0.0286703]

Processing phenotype [ENSG00000065357.14] [291/322]
  * #variants in cis = 11
  * Best hit: [id=12_internal_8617, d=368646, pv=0.0276682, s=-0.2287]
  * Beta parameters: [s1=0.955797, s2=11.0031]
  * Adjusted p-values: [emp=0.308458, beta=0.305505]

Processing phenotype [ENSG00000170473.12] [292/322]
  * #variants in cis = 12
  * Best hit: [id=12_internal_11202, d=83317, pv=0.0139528, s=0.2598]
  * Beta parameters: [s1=0.964327, s2=11.3842]
  * Adjusted p-values: [emp=0.139303, beta=0.127204]

Processing phenotype [ENSG00000258862.1] [293/322]
  * #variants in cis = 12
  * Best hit: [id=12_internal_10388, d=319969, pv=0.0526866, s=0.2007]
  * Beta parameters: [s1=0.952513, s2=12.6324]
  * Adjusted p-values: [emp=0.412935, beta=0.423384]

Processing phenotype [ENSG00000123374.6] [294/322]
  * #variants in cis = 12
  * Best hit: [id=12_internal_10388, d=-332638, pv=0.0775007, s=0.1854]
  * Beta parameters: [s1=1.00471, s2=9.57758]
  * Adjusted p-values: [emp=0.562189, beta=0.564231]

Processing phenotype [ENSG00000258554.1] [295/322]
  * #variants in cis = 12
  * Best hit: [id=12_internal_9784, d=-707785, pv=0.0978103, s=0.1639]
  * Beta parameters: [s1=0.849856, s2=15.2018]
  * Adjusted p-values: [emp=0.701493, beta=0.716185]

Processing phenotype [ENSG00000185664.9] [296/322]
  * #variants in cis = 12
  * Best hit: [id=12_internal_9946, d=242117, pv=0.0254214, s=0.2151]
  * Beta parameters: [s1=0.942066, s2=12.7856]
  * Adjusted p-values: [emp=0.233831, beta=0.249509]

Processing phenotype [ENSG00000111540.10] [297/322]
  * #variants in cis = 12
  * Best hit: [id=12_internal_9784, d=701346, pv=0.286927, s=0.1210]
  * Beta parameters: [s1=1.04865, s2=9.93847]
  * Adjusted p-values: [emp=0.970149, beta=0.972175]

Processing phenotype [ENSG00000237493.2] [298/322]
  * #variants in cis = 12
  * Best hit: [id=12_internal_9946, d=249837, pv=0.0837594, s=0.1681]
  * Beta parameters: [s1=0.930497, s2=9.92407]
  * Adjusted p-values: [emp=0.676617, beta=0.6659]

Processing phenotype [ENSG00000255990.1] [299/322]
  * #variants in cis = 12
  * Best hit: [id=12_internal_8617, d=303758, pv=0.287405, s=0.1209]
  * Beta parameters: [s1=1.12606, s2=11.5817]
  * Adjusted p-values: [emp=0.975124, beta=0.982529]

Processing phenotype [ENSG00000139531.7] [300/322]
  * #variants in cis = 12
  * Best hit: [id=12_internal_13653, d=-959722, pv=0.0121417, s=-0.2521]
  * Beta parameters: [s1=0.985294, s2=15.7209]
  * Adjusted p-values: [emp=0.134328, beta=0.129322]

Processing phenotype [ENSG00000123411.10] [301/322]
  * #variants in cis = 12
  * Best hit: [id=12_internal_12899, d=-288672, pv=0.0021338, s=-0.3006]
  * Beta parameters: [s1=1.21404, s2=14.7445]
  * Adjusted p-values: [emp=0.0149254, beta=0.0161044]

Processing phenotype [ENSG00000197728.5] [302/322]
  * #variants in cis = 11
  * Best hit: [id=12_internal_10388, d=-407722, pv=0.324931, s=-0.0943]
  * Beta parameters: [s1=0.898003, s2=13.0642]
  * Adjusted p-values: [emp=0.99005, beta=0.986416]

Processing phenotype [ENSG00000065361.8] [303/322]
  * #variants in cis = 11
  * Best hit: [id=12_internal_9946, d=-348659, pv=0.207083, s=0.1218]
  * Beta parameters: [s1=1.06298, s2=12.3095]
  * Adjusted p-values: [emp=0.950249, beta=0.937551]

Processing phenotype [ENSG00000257411.1] [304/322]
  * #variants in cis = 12
  * Best hit: [id=12_internal_9146, d=826501, pv=0.00914902, s=0.2676]
  * Beta parameters: [s1=0.967886, s2=11.9161]
  * Adjusted p-values: [emp=0.114428, beta=0.10106]

Processing phenotype [ENSG00000170515.8] [305/322]
  * #variants in cis = 12
  * Best hit: [id=12_internal_9146, d=823513, pv=0.00814673, s=0.2743]
  * Beta parameters: [s1=1.01272, s2=11.5363]
  * Adjusted p-values: [emp=0.0696517, beta=0.0653559]

Processing phenotype [ENSG00000257553.1] [306/322]
  * #variants in cis = 12
  * Best hit: [id=12_internal_12899, d=394918, pv=0.0278326, s=-0.2506]
  * Beta parameters: [s1=1.01032, s2=11.368]
  * Adjusted p-values: [emp=0.263682, beta=0.274806]

Processing phenotype [ENSG00000229117.4] [307/322]
  * #variants in cis = 12
  * Best hit: [id=12_internal_10388, d=-482455, pv=0.115588, s=-0.1817]
  * Beta parameters: [s1=0.990529, s2=11.088]
  * Adjusted p-values: [emp=0.761194, beta=0.762301]

Processing phenotype [ENSG00000135482.2] [308/322]
  * #variants in cis = 12
  * Best hit: [id=12_internal_9946, d=-386961, pv=0.0605573, s=0.2094]
  * Beta parameters: [s1=0.88283, s2=13.3234]
  * Adjusted p-values: [emp=0.472637, beta=0.508088]

Processing phenotype [ENSG00000139641.8] [309/322]
  * #variants in cis = 12
  * Best hit: [id=12_internal_10388, d=-484119, pv=0.0668154, s=-0.2042]
  * Beta parameters: [s1=1.09325, s2=9.932]
  * Adjusted p-values: [emp=0.616915, beta=0.584179]

Processing phenotype [ENSG00000258345.1] [310/322]
  * #variants in cis = 12
  * Best hit: [id=12_internal_9089, d=-965751, pv=0.007229, s=0.2881]
  * Beta parameters: [s1=1.09898, s2=11.3989]
  * Adjusted p-values: [emp=0.0696517, beta=0.0710862]

Processing phenotype [ENSG00000258317.1] [311/322]
  * #variants in cis = 12
  * Best hit: [id=12_internal_10272, d=-350256, pv=0.00722028, s=-0.3062]
  * Beta parameters: [s1=0.974024, s2=8.8092]
  * Adjusted p-values: [emp=0.0895522, beta=0.0814497]

Processing phenotype [ENSG00000196465.5] [312/322]
  * #variants in cis = 13
  * Best hit: [id=12_internal_11202, d=-302955, pv=0.104207, s=0.1699]
  * Beta parameters: [s1=1.0829, s2=12.6385]
  * Adjusted p-values: [emp=0.761194, beta=0.739834]

Processing phenotype [ENSG00000257309.1] [313/322]
  * #variants in cis = 13
  * Best hit: [id=12_internal_10388, d=-523319, pv=0.0486236, s=-0.2213]
  * Beta parameters: [s1=0.977959, s2=13.0482]
  * Adjusted p-values: [emp=0.482587, beta=0.475407]

Processing phenotype [ENSG00000092841.13] [314/322]
  * #variants in cis = 13
  * Best hit: [id=12_internal_10388, d=-524030, pv=0.012064, s=-0.2850]
  * Beta parameters: [s1=0.975628, s2=13.4082]
  * Adjusted p-values: [emp=0.174129, beta=0.165862]

Processing phenotype [ENSG00000257809.1] [315/322]
  * #variants in cis = 13
  * Best hit: [id=12_internal_8949, d=13528, pv=0.0562702, s=0.2029]
  * Beta parameters: [s1=1.12844, s2=14.0033]
  * Adjusted p-values: [emp=0.562189, beta=0.518008]

Processing phenotype [ENSG00000139613.7] [316/322]
  * #variants in cis = 14
  * Best hit: [id=12_internal_11202, d=340266, pv=0.049055, s=-0.2079]
  * Beta parameters: [s1=0.912514, s2=15.6448]
  * Adjusted p-values: [emp=0.497512, beta=0.508172]

Processing phenotype [ENSG00000258199.1] [317/322]
  * #variants in cis = 14
  * Best hit: [id=12_internal_9089, d=-895406, pv=0.0400293, s=-0.2081]
  * Beta parameters: [s1=0.986713, s2=11.9798]
  * Adjusted p-values: [emp=0.462687, beta=0.441295]

Processing phenotype [ENSG00000181852.12] [318/322]
  * #variants in cis = 14
  * Best hit: [id=12_internal_10272, d=-257942, pv=0.0474104, s=-0.2141]
  * Beta parameters: [s1=1.11404, s2=11.7128]
  * Adjusted p-values: [emp=0.552239, beta=0.50655]

Processing phenotype [ENSG00000139579.7] [319/322]
  * #variants in cis = 14
  * Best hit: [id=12_internal_10388, d=-587884, pv=0.0892567, s=-0.1768]
  * Beta parameters: [s1=0.938007, s2=11.6221]
  * Adjusted p-values: [emp=0.681592, beta=0.707987]

Processing phenotype [ENSG00000139540.7] [320/322]
  * #variants in cis = 15
  * Best hit: [id=12_internal_10388, d=-595918, pv=0.0377965, s=-0.1955]
  * Beta parameters: [s1=1.10308, s2=18.0006]
  * Adjusted p-values: [emp=0.39801, beta=0.403813]

Processing phenotype [ENSG00000139645.8] [321/322]
  * #variants in cis = 15
  * Best hit: [id=12_internal_10186, d=-965888, pv=0.0376132, s=0.2044]
  * Beta parameters: [s1=0.940252, s2=12.9413]
  * Adjusted p-values: [emp=0.437811, beta=0.437907]

Processing phenotype [ENSG00000135469.9] [322/322]
  * #variants in cis = 15
  * Best hit: [id=12_internal_9146, d=660974, pv=0.0893322, s=-0.1759]
  * Beta parameters: [s1=1.01047, s2=11.4892]
  * Adjusted p-values: [emp=0.711443, beta=0.72999]

Running time: 3 seconds
