Sender: LSF System <lsfadmin@cpt16>
Subject: Job 974020: </data/unige/funpopgen/odelanea/SGX/V2/binaries/qtltools/bin/QTLtools cis --vcf /data/unige/funpopgen/grey2/SYSCID/BLUEPRINT_DATA/CRD/THREE_CELL_TYPES/CLOMICS/CELL_TYPE_COMPARISON_GENE_CRD_ASSOCIATIONS/quantify/73_vs_72_ALL.ALLchr.mean.txt.gz --bed /data/unige/funpopgen/grey2/SYSCID/BLUEPRINT_DATA/CRD/THREE_CELL_TYPES/QTL_TOOLS/EGAD00001002671_v3.0/EGAD00001002671_RNA.PC10.bed.gz --permute 200 --chunk 77 100 --out /data/unige/funpopgen/grey2/SYSCID/BLUEPRINT_DATA/CRD/THREE_CELL_TYPES/CLOMICS/CELL_TYPE_COMPARISON_GENE_CRD_ASSOCIATIONS/mapping_aCRD_gene/73_vs_72/gene_CRD_mean_chunk77\.txt> in cluster <ug> Done

Job </data/unige/funpopgen/odelanea/SGX/V2/binaries/qtltools/bin/QTLtools cis --vcf /data/unige/funpopgen/grey2/SYSCID/BLUEPRINT_DATA/CRD/THREE_CELL_TYPES/CLOMICS/CELL_TYPE_COMPARISON_GENE_CRD_ASSOCIATIONS/quantify/73_vs_72_ALL.ALLchr.mean.txt.gz --bed /data/unige/funpopgen/grey2/SYSCID/BLUEPRINT_DATA/CRD/THREE_CELL_TYPES/QTL_TOOLS/EGAD00001002671_v3.0/EGAD00001002671_RNA.PC10.bed.gz --permute 200 --chunk 77 100 --out /data/unige/funpopgen/grey2/SYSCID/BLUEPRINT_DATA/CRD/THREE_CELL_TYPES/CLOMICS/CELL_TYPE_COMPARISON_GENE_CRD_ASSOCIATIONS/mapping_aCRD_gene/73_vs_72/gene_CRD_mean_chunk77\.txt> was submitted from host <frt.ug.vital-it.ch> by user <grey2> in cluster <ug>.
Job was executed on host(s) <cpt16>, in queue <normal>, as user <grey2> in cluster <ug>.
</home/grey2> was used as the home directory.
</data/unige/funpopgen/grey2/SYSCID/BLUEPRINT_DATA/CRD/THREE_CELL_TYPES/CLOMICS/CELL_TYPE_COMPARISON_GENE_CRD_ASSOCIATIONS> was used as the working directory.
Started at Thu Mar 21 11:24:59 2019
Results reported at Thu Mar 21 11:25:05 2019

Your job looked like:

------------------------------------------------------------
# LSBATCH: User input
/data/unige/funpopgen/odelanea/SGX/V2/binaries/qtltools/bin/QTLtools cis --vcf /data/unige/funpopgen/grey2/SYSCID/BLUEPRINT_DATA/CRD/THREE_CELL_TYPES/CLOMICS/CELL_TYPE_COMPARISON_GENE_CRD_ASSOCIATIONS/quantify/73_vs_72_ALL.ALLchr.mean.txt.gz --bed /data/unige/funpopgen/grey2/SYSCID/BLUEPRINT_DATA/CRD/THREE_CELL_TYPES/QTL_TOOLS/EGAD00001002671_v3.0/EGAD00001002671_RNA.PC10.bed.gz --permute 200 --chunk 77 100 --out /data/unige/funpopgen/grey2/SYSCID/BLUEPRINT_DATA/CRD/THREE_CELL_TYPES/CLOMICS/CELL_TYPE_COMPARISON_GENE_CRD_ASSOCIATIONS/mapping_aCRD_gene/73_vs_72/gene_CRD_mean_chunk77\.txt

------------------------------------------------------------

Successfully completed.

Resource usage summary:

    CPU time :               2.47 sec.
    Max Memory :             3.04 MB
    Average Memory :         3.04 MB
    Total Requested Memory : -
    Delta Memory :           -
    (Delta: the difference between total requested memory and actual max usage.)
    Max Swap :               31 MB

    Max Processes :          1
    Max Threads :            1

The output (if any) follows:


[32mQTLtools[0m
  * Authors : Olivier DELANEAU / Halit ONGEN / Emmanouil DERMITZAKIS
  * Contact : olivier.delaneau@gmail.com / halit.ongen@unige.ch / Emmanouil.Dermitzakis@unige.ch
  * Webpage : https://qtltools.github.io/qtltools/
  * Version : 1.1
  * Date    : 21/03/2019 - 11:25:02
  * Citation: A complete tool set for molecular QTL discovery and analysis, https://doi.org/10.1101/068635

[32mMAPPING QTL IN CIS[0m
  * TASK: Perform 200 permutations
  * Linear model: Phe ~ Var
  * Cis-window size is 1000000 bp
  * Chunk = [77/100]

Scanning phenotype data in [/data/unige/funpopgen/grey2/SYSCID/BLUEPRINT_DATA/CRD/THREE_CELL_TYPES/QTL_TOOLS/EGAD00001002671_v3.0/EGAD00001002671_RNA.PC10.bed.gz]
  * 24372 phenotypes included
  * 12152 phenotypes are on the negative strand

Initialize random number generator
  * Built-in seed is 15112011
  * First Integer = 30554
  * First Double = 0.0126695

Reading sample list from [/data/unige/funpopgen/grey2/SYSCID/BLUEPRINT_DATA/CRD/THREE_CELL_TYPES/QTL_TOOLS/EGAD00001002671_v3.0/EGAD00001002671_RNA.PC10.bed.gz]
  * #samples = 169

Reading sample list from [/data/unige/funpopgen/grey2/SYSCID/BLUEPRINT_DATA/CRD/THREE_CELL_TYPES/CLOMICS/CELL_TYPE_COMPARISON_GENE_CRD_ASSOCIATIONS/quantify/73_vs_72_ALL.ALLchr.mean.txt.gz]
  * #samples = 94

Merging sample sets from all input files
  * #files = 2
  * #samples in all files = 91
  * #samples NOT in all files (i.e. ignored) = 81

Reading phenotype data in [/data/unige/funpopgen/grey2/SYSCID/BLUEPRINT_DATA/CRD/THREE_CELL_TYPES/QTL_TOOLS/EGAD00001002671_v3.0/EGAD00001002671_RNA.PC10.bed.gz]
  * target region [10:103113820-135455590]
  * 229 phenotypes included
  * 111 phenotypes are on the negative strand

Reading genotype data in [/data/unige/funpopgen/grey2/SYSCID/BLUEPRINT_DATA/CRD/THREE_CELL_TYPES/CLOMICS/CELL_TYPE_COMPARISON_GENE_CRD_ASSOCIATIONS/quantify/73_vs_72_ALL.ALLchr.mean.txt.gz]
  * File format detected: BED
  * 91 samples included
  * 5 samples without phenotype data
  * target region [10:102113820-136455590]
  * 112 variants included

Processing phenotype [ENSG00000166167.13] [1/229]
  * #variants in cis = 9
  * Best hit: [id=10_internal_11848, d=-60750, pv=0.211665, s=-0.1438]
  * Beta parameters: [s1=1.02611, s2=9.73793]
  * Adjusted p-values: [emp=0.900498, beta=0.898067]

Processing phenotype [ENSG00000222414.1] [2/229]
  * #variants in cis = 9
  * Best hit: [id=10_internal_9321, d=-463328, pv=0.0332836, s=-0.2026]
  * Beta parameters: [s1=1.07249, s2=9.17201]
  * Adjusted p-values: [emp=0.308458, beta=0.26137]

Processing phenotype [ENSG00000166171.8] [3/229]
  * #variants in cis = 11
  * Best hit: [id=10_internal_11848, d=-277247, pv=0.119491, s=0.1547]
  * Beta parameters: [s1=1.00954, s2=10.8044]
  * Adjusted p-values: [emp=0.741294, beta=0.728007]

Processing phenotype [ENSG00000166169.11] [4/229]
  * #variants in cis = 11
  * Best hit: [id=10_internal_11848, d=294957, pv=0.0141733, s=0.2350]
  * Beta parameters: [s1=0.856798, s2=12.1369]
  * Adjusted p-values: [emp=0.144279, beta=0.141198]

Processing phenotype [ENSG00000222051.1] [5/229]
  * #variants in cis = 12
  * Best hit: [id=10_internal_9321, d=205504, pv=0.107887, s=0.1780]
  * Beta parameters: [s1=1.02845, s2=11.7565]
  * Adjusted p-values: [emp=0.716418, beta=0.721197]

Processing phenotype [ENSG00000107829.8] [6/229]
  * #variants in cis = 12
  * Best hit: [id=10_internal_9385, d=-904147, pv=0.0672576, s=-0.2065]
  * Beta parameters: [s1=1.02481, s2=9.35543]
  * Adjusted p-values: [emp=0.522388, beta=0.540883]

Processing phenotype [ENSG00000107833.6] [7/229]
  * #variants in cis = 14
  * Best hit: [id=10_internal_9321, d=-44950, pv=0.00391645, s=-0.3104]
  * Beta parameters: [s1=0.943967, s2=12.1491]
  * Adjusted p-values: [emp=0.079602, beta=0.0734843]

Processing phenotype [ENSG00000229793.1] [8/229]
  * #variants in cis = 14
  * Best hit: [id=10_internal_7680, d=36056, pv=0.122129, s=-0.1744]
  * Beta parameters: [s1=1.08665, s2=16.4997]
  * Adjusted p-values: [emp=0.860697, beta=0.860256]

Processing phenotype [ENSG00000198408.7] [9/229]
  * #variants in cis = 14
  * Best hit: [id=10_internal_9447, d=-148843, pv=0.0332064, s=-0.2110]
  * Beta parameters: [s1=1.16967, s2=15.3954]
  * Adjusted p-values: [emp=0.412935, beta=0.381224]

Processing phenotype [ENSG00000226009.1] [10/229]
  * #variants in cis = 14
  * Best hit: [id=10_internal_8744, d=245166, pv=0.173167, s=0.1406]
  * Beta parameters: [s1=0.887134, s2=14.8743]
  * Adjusted p-values: [emp=0.935323, beta=0.936182]

Processing phenotype [ENSG00000120049.13] [11/229]
  * #variants in cis = 14
  * Best hit: [id=10_internal_10288, d=-605239, pv=0.00998926, s=0.2717]
  * Beta parameters: [s1=1.12321, s2=13.7032]
  * Adjusted p-values: [emp=0.129353, beta=0.124175]

Processing phenotype [ENSG00000120029.8] [12/229]
  * #variants in cis = 14
  * Best hit: [id=10_internal_7957, d=-724850, pv=0.0213631, s=0.2417]
  * Beta parameters: [s1=0.967879, s2=12.9183]
  * Adjusted p-values: [emp=0.243781, beta=0.25256]

Processing phenotype [ENSG00000166189.6] [13/229]
  * #variants in cis = 14
  * Best hit: [id=10_internal_8744, d=0, pv=0.0149262, s=0.2618]
  * Beta parameters: [s1=1.03507, s2=13.2759]
  * Adjusted p-values: [emp=0.164179, beta=0.174345]

Processing phenotype [ENSG00000198728.6] [14/229]
  * #variants in cis = 14
  * Best hit: [id=10_internal_7957, d=-660590, pv=0.114597, s=-0.1685]
  * Beta parameters: [s1=1.11937, s2=12.7304]
  * Adjusted p-values: [emp=0.830846, beta=0.82134]

Processing phenotype [ENSG00000228091.1] [15/229]
  * #variants in cis = 14
  * Best hit: [id=10_internal_11581, d=147593, pv=0.0484673, s=0.2227]
  * Beta parameters: [s1=1.27551, s2=13.0724]
  * Adjusted p-values: [emp=0.512438, beta=0.49726]

Processing phenotype [ENSG00000148840.6] [16/229]
  * #variants in cis = 14
  * Best hit: [id=10_internal_9385, d=466470, pv=0.12356, s=-0.1707]
  * Beta parameters: [s1=0.993267, s2=12.5064]
  * Adjusted p-values: [emp=0.865672, beta=0.857824]

Processing phenotype [ENSG00000166197.11] [17/229]
  * #variants in cis = 14
  * Best hit: [id=10_internal_9402, d=266370, pv=0.20354, s=0.1430]
  * Beta parameters: [s1=1.00974, s2=15.8985]
  * Adjusted p-values: [emp=0.960199, beta=0.964447]

Processing phenotype [ENSG00000107862.4] [18/229]
  * #variants in cis = 14
  * Best hit: [id=10_internal_7957, d=535511, pv=0.0284931, s=-0.2066]
  * Beta parameters: [s1=0.989175, s2=15.2908]
  * Adjusted p-values: [emp=0.368159, beta=0.352871]

Processing phenotype [ENSG00000077150.13] [19/229]
  * #variants in cis = 13
  * Best hit: [id=10_internal_9470, d=-406251, pv=0.00183334, s=0.3054]
  * Beta parameters: [s1=0.987819, s2=12.3373]
  * Adjusted p-values: [emp=0.0248756, beta=0.0295921]

Processing phenotype [ENSG00000107872.8] [20/229]
  * #variants in cis = 13
  * Best hit: [id=10_internal_10745, d=353191, pv=0.00375801, s=-0.3072]
  * Beta parameters: [s1=0.923571, s2=14.7586]
  * Adjusted p-values: [emp=0.0447761, beta=0.0462871]

Processing phenotype [ENSG00000059915.11] [21/229]
  * #variants in cis = 13
  * Best hit: [id=10_internal_10499, d=445793, pv=0.0159537, s=-0.2555]
  * Beta parameters: [s1=1.02045, s2=12.8699]
  * Adjusted p-values: [emp=0.199005, beta=0.188781]

Processing phenotype [ENSG00000107874.5] [22/229]
  * #variants in cis = 13
  * Best hit: [id=10_internal_9321, d=587237, pv=0.0302263, s=-0.2349]
  * Beta parameters: [s1=0.9877, s2=14.636]
  * Adjusted p-values: [emp=0.333333, beta=0.354918]

Processing phenotype [ENSG00000269609.1] [23/229]
  * #variants in cis = 14
  * Best hit: [id=10_internal_9402, d=-11170, pv=0.0956497, s=0.1750]
  * Beta parameters: [s1=1.11946, s2=12.4325]
  * Adjusted p-values: [emp=0.825871, beta=0.790546]

Processing phenotype [ENSG00000120055.5] [24/229]
  * #variants in cis = 14
  * Best hit: [id=10_internal_10745, d=-320837, pv=0.0936367, s=-0.1581]
  * Beta parameters: [s1=0.931312, s2=15.8426]
  * Adjusted p-values: [emp=0.671642, beta=0.717835]

Processing phenotype [ENSG00000138111.8] [25/229]
  * #variants in cis = 14
  * Best hit: [id=10_internal_8744, d=-374801, pv=0.0123213, s=-0.2499]
  * Beta parameters: [s1=0.913702, s2=12.4745]
  * Adjusted p-values: [emp=0.174129, beta=0.184276]

Processing phenotype [ENSG00000243628.1] [26/229]
  * #variants in cis = 14
  * Best hit: [id=10_internal_9385, d=138105, pv=0.00458602, s=-0.2677]
  * Beta parameters: [s1=1.006, s2=16.8004]
  * Adjusted p-values: [emp=0.039801, beta=0.0481863]

Processing phenotype [ENSG00000138107.6] [27/229]
  * #variants in cis = 15
  * Best hit: [id=10_internal_8744, d=416134, pv=0.0286724, s=-0.2581]
  * Beta parameters: [s1=0.952647, s2=13.0007]
  * Adjusted p-values: [emp=0.363184, beta=0.375324]

Processing phenotype [ENSG00000107882.7] [28/229]
  * #variants in cis = 15
  * Best hit: [id=10_internal_10288, d=-39619, pv=0.0494923, s=0.2049]
  * Beta parameters: [s1=0.977382, s2=18.5463]
  * Adjusted p-values: [emp=0.517413, beta=0.513657]

Processing phenotype [ENSG00000242311.2] [29/229]
  * #variants in cis = 15
  * Best hit: [id=10_internal_11581, d=-244366, pv=0.0280958, s=0.2263]
  * Beta parameters: [s1=1.01884, s2=13.2351]
  * Adjusted p-values: [emp=0.338308, beta=0.306924]

Processing phenotype [ENSG00000228657.1] [30/229]
  * #variants in cis = 16
  * Best hit: [id=10_internal_9258, d=35021, pv=0.0252259, s=-0.2460]
  * Beta parameters: [s1=1.01425, s2=19.1206]
  * Adjusted p-values: [emp=0.393035, beta=0.369771]

Processing phenotype [ENSG00000171206.7] [31/229]
  * #variants in cis = 16
  * Best hit: [id=10_internal_9402, d=-205848, pv=0.00594165, s=-0.2901]
  * Beta parameters: [s1=1.02727, s2=18.5207]
  * Adjusted p-values: [emp=0.0696517, beta=0.0591611]

Processing phenotype [ENSG00000138175.7] [32/229]
  * #variants in cis = 18
  * Best hit: [id=10_internal_9321, d=868983, pv=0.00760561, s=-0.2830]
  * Beta parameters: [s1=1.06778, s2=20.5355]
  * Adjusted p-values: [emp=0.129353, beta=0.100705]

Processing phenotype [ENSG00000156398.6] [33/229]
  * #variants in cis = 18
  * Best hit: [id=10_internal_7680, d=-793028, pv=0.0355952, s=-0.2269]
  * Beta parameters: [s1=0.921795, s2=18.0468]
  * Adjusted p-values: [emp=0.502488, beta=0.492007]

Processing phenotype [ENSG00000166272.12] [34/229]
  * #variants in cis = 18
  * Best hit: [id=10_internal_8483, d=806829, pv=0.0149038, s=-0.2694]
  * Beta parameters: [s1=1.07585, s2=17.0526]
  * Adjusted p-values: [emp=0.243781, beta=0.231696]

Processing phenotype [ENSG00000203886.4] [35/229]
  * #variants in cis = 19
  * Best hit: [id=10_internal_7680, d=-911209, pv=0.0999307, s=0.1884]
  * Beta parameters: [s1=0.93334, s2=21.864]
  * Adjusted p-values: [emp=0.890547, beta=0.884588]

Processing phenotype [ENSG00000148795.4] [36/229]
  * #variants in cis = 19
  * Best hit: [id=10_internal_10288, d=373165, pv=0.0365574, s=0.2224]
  * Beta parameters: [s1=0.990955, s2=21.7946]
  * Adjusted p-values: [emp=0.547264, beta=0.488812]

Processing phenotype [ENSG00000166275.10] [37/229]
  * #variants in cis = 19
  * Best hit: [id=10_internal_7957, d=-34075, pv=0.00467156, s=0.3173]
  * Beta parameters: [s1=1.05816, s2=19.7688]
  * Adjusted p-values: [emp=0.0746269, beta=0.0664533]

Processing phenotype [ENSG00000201080.1] [38/229]
  * #variants in cis = 19
  * Best hit: [id=10_internal_8483, d=682378, pv=0.0744383, s=-0.1831]
  * Beta parameters: [s1=0.929579, s2=20.7348]
  * Adjusted p-values: [emp=0.771144, beta=0.771]

Processing phenotype [ENSG00000214435.3] [39/229]
  * #variants in cis = 19
  * Best hit: [id=10_internal_7957, d=-49368, pv=0.0232764, s=0.2477]
  * Beta parameters: [s1=1.02095, s2=18.8173]
  * Adjusted p-values: [emp=0.368159, beta=0.380764]

Processing phenotype [ENSG00000148842.11] [40/229]
  * #variants in cis = 20
  * Best hit: [id=10_internal_9326, d=758884, pv=0.0461412, s=-0.2280]
  * Beta parameters: [s1=1.04006, s2=22.5791]
  * Adjusted p-values: [emp=0.646766, beta=0.62946]

Processing phenotype [ENSG00000237827.1] [41/229]
  * #variants in cis = 15
  * Best hit: [id=10_internal_10288, d=661048, pv=0.0154297, s=-0.2499]
  * Beta parameters: [s1=1.04371, s2=14.6518]
  * Adjusted p-values: [emp=0.20398, beta=0.216177]

Processing phenotype [ENSG00000213277.3] [42/229]
  * #variants in cis = 15
  * Best hit: [id=10_internal_7957, d=-355406, pv=0.0521946, s=0.2158]
  * Beta parameters: [s1=1.0364, s2=15.0955]
  * Adjusted p-values: [emp=0.567164, beta=0.55801]

Processing phenotype [ENSG00000076685.14] [43/229]
  * #variants in cis = 15
  * Best hit: [id=10_internal_7957, d=373151, pv=0.126194, s=0.1624]
  * Beta parameters: [s1=0.899975, s2=10.9309]
  * Adjusted p-values: [emp=0.800995, beta=0.796445]

Processing phenotype [ENSG00000156374.8] [44/229]
  * #variants in cis = 15
  * Best hit: [id=10_internal_10288, d=886766, pv=0.00191532, s=0.3570]
  * Beta parameters: [s1=0.911167, s2=17.6095]
  * Adjusted p-values: [emp=0.039801, beta=0.0335803]

Processing phenotype [ENSG00000148835.9] [45/229]
  * #variants in cis = 15
  * Best hit: [id=10_internal_10957, d=65343, pv=0.0634303, s=0.1814]
  * Beta parameters: [s1=0.941992, s2=14.4477]
  * Adjusted p-values: [emp=0.59204, beta=0.59958]

Processing phenotype [ENSG00000221767.1] [46/229]
  * #variants in cis = 15
  * Best hit: [id=10_internal_8446, d=-851553, pv=0.0119942, s=-0.2695]
  * Beta parameters: [s1=0.851093, s2=22.2567]
  * Adjusted p-values: [emp=0.179104, beta=0.148025]

Processing phenotype [ENSG00000173915.8] [47/229]
  * #variants in cis = 15
  * Best hit: [id=10_internal_10745, d=576056, pv=0.276364, s=-0.1199]
  * Beta parameters: [s1=1.22977, s2=11.9775]
  * Adjusted p-values: [emp=0.975124, beta=0.985475]

Processing phenotype [ENSG00000148843.8] [48/229]
  * #variants in cis = 15
  * Best hit: [id=10_internal_10957, d=36662, pv=0.0181195, s=-0.2470]
  * Beta parameters: [s1=1.01002, s2=15.1867]
  * Adjusted p-values: [emp=0.218905, beta=0.25725]

Processing phenotype [ENSG00000138172.6] [49/229]
  * #variants in cis = 14
  * Best hit: [id=10_internal_10957, d=0, pv=0.000111999, s=0.3947]
  * Beta parameters: [s1=1.09398, s2=13.5046]
  * Adjusted p-values: [emp=0.00497512, beta=0.00136797]

Processing phenotype [ENSG00000107954.6] [50/229]
  * #variants in cis = 13
  * Best hit: [id=10_internal_11808, d=0, pv=0.000147728, s=0.4003]
  * Beta parameters: [s1=1.08482, s2=11.1028]
  * Adjusted p-values: [emp=0.00497512, beta=0.00123084]

Processing phenotype [ENSG00000222503.1] [51/229]
  * #variants in cis = 11
  * Best hit: [id=10_internal_9326, d=4039, pv=0.00721399, s=0.2717]
  * Beta parameters: [s1=0.926231, s2=11.0254]
  * Adjusted p-values: [emp=0.0895522, beta=0.0780897]

Processing phenotype [ENSG00000107957.11] [52/229]
  * #variants in cis = 9
  * Best hit: [id=10_internal_11045, d=95681, pv=0.00597633, s=0.2954]
  * Beta parameters: [s1=0.951233, s2=8.10999]
  * Adjusted p-values: [emp=0.0696517, beta=0.0729063]

Processing phenotype [ENSG00000260461.1] [53/229]
  * #variants in cis = 9
  * Best hit: [id=10_internal_10395, d=-8132, pv=0.0232391, s=0.2236]
  * Beta parameters: [s1=0.997909, s2=8.95574]
  * Adjusted p-values: [emp=0.21393, beta=0.207772]

Processing phenotype [ENSG00000107960.6] [54/229]
  * #variants in cis = 9
  * Best hit: [id=10_internal_10395, d=21690, pv=2.46079e-06, s=0.4832]
  * Beta parameters: [s1=1.09294, s2=11.2463]
  * Adjusted p-values: [emp=0.00497512, beta=3.76667e-06]

Processing phenotype [ENSG00000065613.9] [55/229]
  * #variants in cis = 9
  * Best hit: [id=10_internal_10395, d=-70686, pv=0.102003, s=0.1763]
  * Beta parameters: [s1=1.12282, s2=8.99037]
  * Adjusted p-values: [emp=0.641791, beta=0.590368]

Processing phenotype [ENSG00000065618.12] [56/229]
  * #variants in cis = 9
  * Best hit: [id=10_internal_10395, d=189487, pv=0.0382997, s=0.2118]
  * Beta parameters: [s1=0.99774, s2=7.98764]
  * Adjusted p-values: [emp=0.298507, beta=0.280492]

Processing phenotype [ENSG00000156384.10] [57/229]
  * #variants in cis = 9
  * Best hit: [id=10_internal_8483, d=-562418, pv=0.0100464, s=0.2642]
  * Beta parameters: [s1=0.959755, s2=11.1111]
  * Adjusted p-values: [emp=0.079602, beta=0.0778471]

Processing phenotype [ENSG00000197748.8] [58/229]
  * #variants in cis = 9
  * Best hit: [id=10_internal_8353, d=442030, pv=0.0648642, s=0.1937]
  * Beta parameters: [s1=0.898661, s2=8.65194]
  * Adjusted p-values: [emp=0.383085, beta=0.413041]

Processing phenotype [ENSG00000148834.8] [59/229]
  * #variants in cis = 9
  * Best hit: [id=10_internal_8483, d=-675716, pv=0.0334072, s=-0.2225]
  * Beta parameters: [s1=0.935286, s2=10.597]
  * Adjusted p-values: [emp=0.228856, beta=0.215166]

Processing phenotype [ENSG00000266852.1] [60/229]
  * #variants in cis = 9
  * Best hit: [id=10_internal_10395, d=371904, pv=0.00571194, s=0.2991]
  * Beta parameters: [s1=1.02377, s2=9.36884]
  * Adjusted p-values: [emp=0.0547264, beta=0.0490603]

Processing phenotype [ENSG00000065621.8] [61/229]
  * #variants in cis = 9
  * Best hit: [id=10_internal_10395, d=-372358, pv=0.0912339, s=-0.1766]
  * Beta parameters: [s1=0.932535, s2=8.94344]
  * Adjusted p-values: [emp=0.567164, beta=0.574132]

Processing phenotype [ENSG00000228261.1] [62/229]
  * #variants in cis = 9
  * Best hit: [id=10_internal_9443, d=-285318, pv=0.0662367, s=0.2027]
  * Beta parameters: [s1=1.06994, s2=10.685]
  * Adjusted p-values: [emp=0.532338, beta=0.520683]

Processing phenotype [ENSG00000148841.10] [63/229]
  * #variants in cis = 9
  * Best hit: [id=10_internal_11808, d=643583, pv=0.0570271, s=0.2144]
  * Beta parameters: [s1=1.03745, s2=8.42171]
  * Adjusted p-values: [emp=0.393035, beta=0.398385]

Processing phenotype [ENSG00000156395.8] [64/229]
  * #variants in cis = 7
  * Best hit: [id=10_internal_8446, d=-371099, pv=0.100763, s=0.1678]
  * Beta parameters: [s1=0.918677, s2=7.27445]
  * Adjusted p-values: [emp=0.482587, beta=0.484534]

Processing phenotype [ENSG00000223279.1] [65/229]
  * #variants in cis = 9
  * Best hit: [id=10_internal_9212, d=880207, pv=0.0117507, s=-0.2415]
  * Beta parameters: [s1=1.04625, s2=9.50311]
  * Adjusted p-values: [emp=0.0845771, beta=0.0824664]

Processing phenotype [ENSG00000108039.12] [66/229]
  * #variants in cis = 9
  * Best hit: [id=10_internal_8997, d=19220, pv=2.26611e-09, s=0.5872]
  * Beta parameters: [s1=0.969181, s2=7.75239]
  * Adjusted p-values: [emp=0.00497512, beta=3.38351e-08]

Processing phenotype [ENSG00000203876.4] [67/229]
  * #variants in cis = 9
  * Best hit: [id=10_internal_9236, d=12990, pv=0.150027, s=0.1459]
  * Beta parameters: [s1=0.997951, s2=7.83903]
  * Adjusted p-values: [emp=0.726368, beta=0.719421]

Processing phenotype [ENSG00000148700.8] [68/229]
  * #variants in cis = 9
  * Best hit: [id=10_internal_9236, d=-55467, pv=7.55199e-06, s=0.4515]
  * Beta parameters: [s1=0.946721, s2=8.74652]
  * Adjusted p-values: [emp=0.00497512, beta=7.32285e-05]

Processing phenotype [ENSG00000226734.1] [69/229]
  * #variants in cis = 10
  * Best hit: [id=10_internal_9230, d=-577375, pv=0.164479, s=0.1538]
  * Beta parameters: [s1=1.07833, s2=9.00288]
  * Adjusted p-values: [emp=0.810945, beta=0.81558]

Processing phenotype [ENSG00000119950.15] [70/229]
  * #variants in cis = 10
  * Best hit: [id=10_internal_9101, d=0, pv=1.99109e-07, s=0.5372]
  * Beta parameters: [s1=0.978205, s2=11.1808]
  * Adjusted p-values: [emp=0.00497512, beta=1.28279e-06]

Processing phenotype [ENSG00000228417.1] [71/229]
  * #variants in cis = 10
  * Best hit: [id=10_internal_9101, d=0, pv=0.000364595, s=0.3521]
  * Beta parameters: [s1=1.03324, s2=8.92774]
  * Adjusted p-values: [emp=0.00497512, beta=0.0037091]

Processing phenotype [ENSG00000214067.2] [72/229]
  * #variants in cis = 10
  * Best hit: [id=10_internal_9230, d=459737, pv=0.0161511, s=-0.2618]
  * Beta parameters: [s1=0.861676, s2=9.03227]
  * Adjusted p-values: [emp=0.21393, beta=0.196194]

Processing phenotype [ENSG00000119953.7] [73/229]
  * #variants in cis = 10
  * Best hit: [id=10_internal_8817, d=-337824, pv=0.0122885, s=-0.2976]
  * Beta parameters: [s1=1.0114, s2=12.4534]
  * Adjusted p-values: [emp=0.104478, beta=0.0997419]

Processing phenotype [ENSG00000138166.4] [74/229]
  * #variants in cis = 10
  * Best hit: [id=10_internal_12040, d=0, pv=0.0533406, s=0.2030]
  * Beta parameters: [s1=1.11815, s2=9.25339]
  * Adjusted p-values: [emp=0.457711, beta=0.434943]

Processing phenotype [ENSG00000225461.1] [75/229]
  * #variants in cis = 10
  * Best hit: [id=10_internal_8508, d=411006, pv=0.215889, s=-0.1361]
  * Beta parameters: [s1=0.955813, s2=9.3725]
  * Adjusted p-values: [emp=0.905473, beta=0.893766]

Processing phenotype [ENSG00000108055.9] [76/229]
  * #variants in cis = 10
  * Best hit: [id=10_internal_12040, d=-58148, pv=0.332297, s=-0.1095]
  * Beta parameters: [s1=1.00654, s2=9.84209]
  * Adjusted p-values: [emp=0.9801, beta=0.980066]

Processing phenotype [ENSG00000239125.1] [77/229]
  * #variants in cis = 10
  * Best hit: [id=10_internal_8997, d=-672027, pv=0.00402771, s=-0.3182]
  * Beta parameters: [s1=0.985464, s2=9.78685]
  * Adjusted p-values: [emp=0.0646766, beta=0.0576558]

Processing phenotype [ENSG00000203867.7] [78/229]
  * #variants in cis = 10
  * Best hit: [id=10_internal_10387, d=157677, pv=0.0725258, s=0.1956]
  * Beta parameters: [s1=1.02505, s2=10.1823]
  * Adjusted p-values: [emp=0.577114, beta=0.562481]

Processing phenotype [ENSG00000232470.1] [79/229]
  * #variants in cis = 10
  * Best hit: [id=10_internal_10387, d=0, pv=0.00389578, s=0.3095]
  * Beta parameters: [s1=1.01179, s2=8.40381]
  * Adjusted p-values: [emp=0.0447761, beta=0.0377396]

Processing phenotype [ENSG00000150593.11] [80/229]
  * #variants in cis = 10
  * Best hit: [id=10_internal_10387, d=0, pv=0.00341474, s=0.3080]
  * Beta parameters: [s1=1.11429, s2=9.08964]
  * Adjusted p-values: [emp=0.0199005, beta=0.029492]

Processing phenotype [ENSG00000203497.2] [81/229]
  * #variants in cis = 10
  * Best hit: [id=10_internal_10387, d=265, pv=0.0163551, s=0.2275]
  * Beta parameters: [s1=0.993587, s2=8.82505]
  * Adjusted p-values: [emp=0.139303, beta=0.155406]

Processing phenotype [ENSG00000265827.1] [82/229]
  * #variants in cis = 10
  * Best hit: [id=10_internal_9230, d=-149519, pv=0.247022, s=-0.1257]
  * Beta parameters: [s1=1.08871, s2=7.4664]
  * Adjusted p-values: [emp=0.915423, beta=0.916568]

Processing phenotype [ENSG00000214413.2] [83/229]
  * #variants in cis = 9
  * Best hit: [id=10_internal_10387, d=47306, pv=0.00825498, s=0.2708]
  * Beta parameters: [s1=1.04146, s2=8.92862]
  * Adjusted p-values: [emp=0.0696517, beta=0.0707169]

Processing phenotype [ENSG00000108061.7] [84/229]
  * #variants in cis = 9
  * Best hit: [id=10_internal_10387, d=-47575, pv=0.151339, s=-0.1423]
  * Beta parameters: [s1=0.997311, s2=7.8569]
  * Adjusted p-values: [emp=0.746269, beta=0.741976]

Processing phenotype [ENSG00000234118.1] [85/229]
  * #variants in cis = 9
  * Best hit: [id=10_internal_9230, d=188662, pv=0.134494, s=-0.1478]
  * Beta parameters: [s1=0.894801, s2=9.75964]
  * Adjusted p-values: [emp=0.711443, beta=0.728156]

Processing phenotype [ENSG00000221214.1] [86/229]
  * #variants in cis = 8
  * Best hit: [id=10_internal_9212, d=-203361, pv=0.194476, s=-0.1346]
  * Beta parameters: [s1=1.04929, s2=8.37374]
  * Adjusted p-values: [emp=0.81592, beta=0.806071]

Processing phenotype [ENSG00000119927.9] [87/229]
  * #variants in cis = 6
  * Best hit: [id=10_internal_9347, d=-811619, pv=0.0103715, s=-0.2568]
  * Beta parameters: [s1=1.07805, s2=6.18906]
  * Adjusted p-values: [emp=0.0497512, beta=0.0421196]

Processing phenotype [ENSG00000197142.6] [88/229]
  * #variants in cis = 8
  * Best hit: [id=10_internal_8094, d=0, pv=0.0024196, s=0.3125]
  * Beta parameters: [s1=0.899176, s2=8.49658]
  * Adjusted p-values: [emp=0.039801, beta=0.0246537]

Processing phenotype [ENSG00000232934.2] [89/229]
  * #variants in cis = 8
  * Best hit: [id=10_internal_9565, d=-711233, pv=0.119099, s=-0.1582]
  * Beta parameters: [s1=1.01461, s2=7.70113]
  * Adjusted p-values: [emp=0.572139, beta=0.579208]

Processing phenotype [ENSG00000023041.7] [90/229]
  * #variants in cis = 8
  * Best hit: [id=10_internal_8290, d=-873470, pv=0.155058, s=0.1481]
  * Beta parameters: [s1=0.946139, s2=6.62306]
  * Adjusted p-values: [emp=0.721393, beta=0.705981]

Processing phenotype [ENSG00000151532.9] [91/229]
  * #variants in cis = 8
  * Best hit: [id=10_internal_12048, d=364780, pv=0.0612256, s=0.1887]
  * Beta parameters: [s1=0.81766, s2=8.62385]
  * Adjusted p-values: [emp=0.308458, beta=0.349569]

Processing phenotype [ENSG00000234017.1] [92/229]
  * #variants in cis = 9
  * Best hit: [id=10_internal_8094, d=100770, pv=0.228614, s=0.1205]
  * Beta parameters: [s1=0.835718, s2=9.12688]
  * Adjusted p-values: [emp=0.900498, beta=0.886053]

Processing phenotype [ENSG00000233340.1] [93/229]
  * #variants in cis = 9
  * Best hit: [id=10_internal_9129, d=-555200, pv=0.0510572, s=-0.1854]
  * Beta parameters: [s1=0.939742, s2=11.3421]
  * Adjusted p-values: [emp=0.303483, beta=0.309671]

Processing phenotype [ENSG00000234221.1] [94/229]
  * #variants in cis = 9
  * Best hit: [id=10_internal_8290, d=632778, pv=0.0160821, s=0.2463]
  * Beta parameters: [s1=1.03595, s2=8.47557]
  * Adjusted p-values: [emp=0.139303, beta=0.117713]

Processing phenotype [ENSG00000260917.1] [95/229]
  * #variants in cis = 9
  * Best hit: [id=10_internal_9129, d=409529, pv=0.148393, s=-0.1488]
  * Beta parameters: [s1=0.963104, s2=9.0531]
  * Adjusted p-values: [emp=0.741294, beta=0.75665]

Processing phenotype [ENSG00000225292.1] [96/229]
  * #variants in cis = 10
  * Best hit: [id=10_internal_12048, d=0, pv=0.073173, s=-0.1828]
  * Beta parameters: [s1=1.03039, s2=9.29255]
  * Adjusted p-values: [emp=0.507463, beta=0.516669]

Processing phenotype [ENSG00000148737.11] [97/229]
  * #variants in cis = 10
  * Best hit: [id=10_internal_12048, d=0, pv=6.43758e-05, s=0.4090]
  * Beta parameters: [s1=0.943756, s2=9.26181]
  * Adjusted p-values: [emp=0.00497512, beta=0.000800893]

Processing phenotype [ENSG00000233547.1] [98/229]
  * #variants in cis = 10
  * Best hit: [id=10_internal_12048, d=0, pv=0.00296701, s=0.3201]
  * Beta parameters: [s1=0.968226, s2=10.1136]
  * Adjusted p-values: [emp=0.0248756, beta=0.0244244]

Processing phenotype [ENSG00000237996.1] [99/229]
  * #variants in cis = 12
  * Best hit: [id=10_internal_12048, d=-38899, pv=0.0335941, s=0.2154]
  * Beta parameters: [s1=0.861258, s2=11.1749]
  * Adjusted p-values: [emp=0.358209, beta=0.33773]

Processing phenotype [ENSG00000165806.13] [100/229]
  * #variants in cis = 12
  * Best hit: [id=10_internal_9565, d=-527071, pv=0.13038, s=0.1536]
  * Beta parameters: [s1=1.01139, s2=10.6601]
  * Adjusted p-values: [emp=0.781095, beta=0.799245]

Processing phenotype [ENSG00000234393.1] [101/229]
  * #variants in cis = 12
  * Best hit: [id=10_internal_9347, d=667556, pv=0.112939, s=0.1560]
  * Beta parameters: [s1=1.0852, s2=11.0434]
  * Adjusted p-values: [emp=0.781095, beta=0.745022]

Processing phenotype [ENSG00000198924.3] [102/229]
  * #variants in cis = 12
  * Best hit: [id=10_internal_8017, d=349531, pv=0.0656379, s=0.2031]
  * Beta parameters: [s1=1.10227, s2=10.8003]
  * Adjusted p-values: [emp=0.532338, beta=0.50884]

Processing phenotype [ENSG00000196865.4] [103/229]
  * #variants in cis = 12
  * Best hit: [id=10_internal_9436, d=-793526, pv=0.0388724, s=0.2307]
  * Beta parameters: [s1=0.954282, s2=12.4712]
  * Adjusted p-values: [emp=0.358209, beta=0.345984]

Processing phenotype [ENSG00000234631.1] [104/229]
  * #variants in cis = 14
  * Best hit: [id=10_internal_8017, d=-409919, pv=0.0244361, s=-0.2373]
  * Beta parameters: [s1=1.01744, s2=15.0584]
  * Adjusted p-values: [emp=0.278607, beta=0.279042]

Processing phenotype [ENSG00000238742.1] [105/229]
  * #variants in cis = 10
  * Best hit: [id=10_internal_9129, d=937716, pv=0.0683923, s=-0.1932]
  * Beta parameters: [s1=0.87809, s2=8.99877]
  * Adjusted p-values: [emp=0.457711, beta=0.447889]

Processing phenotype [ENSG00000165813.12] [106/229]
  * #variants in cis = 10
  * Best hit: [id=10_internal_10383, d=-464690, pv=0.0742727, s=0.1960]
  * Beta parameters: [s1=1.12533, s2=8.41809]
  * Adjusted p-values: [emp=0.577114, beta=0.541926]

Processing phenotype [ENSG00000095627.5] [107/229]
  * #variants in cis = 10
  * Best hit: [id=10_internal_8290, d=-796509, pv=0.247589, s=-0.1213]
  * Beta parameters: [s1=0.987099, s2=8.81265]
  * Adjusted p-values: [emp=0.930348, beta=0.923798]

Processing phenotype [ENSG00000169129.9] [108/229]
  * #variants in cis = 7
  * Best hit: [id=10_internal_11570, d=359030, pv=0.128028, s=-0.1723]
  * Beta parameters: [s1=1.16402, s2=7.82856]
  * Adjusted p-values: [emp=0.691542, beta=0.660517]

Processing phenotype [ENSG00000242912.2] [109/229]
  * #variants in cis = 7
  * Best hit: [id=10_internal_8017, d=919215, pv=0.444152, s=0.0808]
  * Beta parameters: [s1=0.989719, s2=5.58199]
  * Adjusted p-values: [emp=0.965174, beta=0.972155]

Processing phenotype [ENSG00000229668.1] [110/229]
  * #variants in cis = 7
  * Best hit: [id=10_internal_11570, d=456621, pv=0.295651, s=-0.1074]
  * Beta parameters: [s1=1.0096, s2=7.86945]
  * Adjusted p-values: [emp=0.920398, beta=0.935476]

Processing phenotype [ENSG00000099204.13] [111/229]
  * #variants in cis = 6
  * Best hit: [id=10_internal_10383, d=0, pv=0.355326, s=0.0946]
  * Beta parameters: [s1=1.02153, s2=6.19147]
  * Adjusted p-values: [emp=0.910448, beta=0.937387]

Processing phenotype [ENSG00000151553.10] [112/229]
  * #variants in cis = 6
  * Best hit: [id=10_internal_10383, d=-76278, pv=0.0458765, s=-0.2035]
  * Beta parameters: [s1=0.986795, s2=5.63248]
  * Adjusted p-values: [emp=0.288557, beta=0.267262]

Processing phenotype [ENSG00000165832.4] [113/229]
  * #variants in cis = 5
  * Best hit: [id=10_internal_12673, d=0, pv=0.284765, s=0.1137]
  * Maximum Likelihood estimation failed, use Moment Matching instead!
  * Beta parameters: [s1=1.00005, s2=5.34126]
  * Adjusted p-values: [emp=0.835821, beta=0.846424]

Processing phenotype [ENSG00000187164.12] [114/229]
  * #variants in cis = 8
  * Best hit: [id=10_internal_8614, d=-59995, pv=0.074226, s=-0.1903]
  * Beta parameters: [s1=0.960356, s2=7.47488]
  * Adjusted p-values: [emp=0.497512, beta=0.50891]

Processing phenotype [ENSG00000165646.7] [115/229]
  * #variants in cis = 8
  * Best hit: [id=10_internal_8597, d=0, pv=9.79536e-05, s=0.4247]
  * Beta parameters: [s1=1.00492, s2=9.46698]
  * Adjusted p-values: [emp=0.00497512, beta=0.000324993]

Processing phenotype [ENSG00000165650.7] [116/229]
  * #variants in cis = 8
  * Best hit: [id=10_internal_11503, d=0, pv=0.0191762, s=0.2606]
  * Beta parameters: [s1=1.09403, s2=7.81321]
  * Adjusted p-values: [emp=0.139303, beta=0.139397]

Processing phenotype [ENSG00000231104.2] [117/229]
  * #variants in cis = 10
  * Best hit: [id=10_internal_8597, d=-642738, pv=0.15517, s=0.1453]
  * Beta parameters: [s1=1.07605, s2=10.0267]
  * Adjusted p-values: [emp=0.820896, beta=0.807802]

Processing phenotype [ENSG00000177640.11] [118/229]
  * #variants in cis = 10
  * Best hit: [id=10_internal_8614, d=-837644, pv=0.094844, s=0.1846]
  * Beta parameters: [s1=1.09189, s2=10.8442]
  * Adjusted p-values: [emp=0.651741, beta=0.649746]

Processing phenotype [ENSG00000107560.6] [119/229]
  * #variants in cis = 10
  * Best hit: [id=10_internal_8614, d=837968, pv=0.134527, s=-0.1626]
  * Beta parameters: [s1=0.88382, s2=11.4427]
  * Adjusted p-values: [emp=0.78607, beta=0.783401]

Processing phenotype [ENSG00000243540.1] [120/229]
  * #variants in cis = 10
  * Best hit: [id=10_internal_12350, d=763698, pv=0.0432378, s=0.2142]
  * Beta parameters: [s1=1.00585, s2=8.73108]
  * Adjusted p-values: [emp=0.323383, beta=0.332807]

Processing phenotype [ENSG00000165669.7] [121/229]
  * #variants in cis = 9
  * Best hit: [id=10_internal_8597, d=967580, pv=0.289036, s=-0.1085]
  * Beta parameters: [s1=1.03955, s2=7.92332]
  * Adjusted p-values: [emp=0.950249, beta=0.947352]

Processing phenotype [ENSG00000151893.9] [122/229]
  * #variants in cis = 8
  * Best hit: [id=10_internal_10384, d=-114533, pv=0.0952775, s=-0.1654]
  * Beta parameters: [s1=0.97051, s2=8.03565]
  * Adjusted p-values: [emp=0.542289, beta=0.543613]

Processing phenotype [ENSG00000236058.2] [123/229]
  * #variants in cis = 10
  * Best hit: [id=10_internal_10347, d=-208419, pv=0.077703, s=-0.1779]
  * Beta parameters: [s1=1.07352, s2=8.47085]
  * Adjusted p-values: [emp=0.562189, beta=0.529061]

Processing phenotype [ENSG00000188613.5] [124/229]
  * #variants in cis = 10
  * Best hit: [id=10_internal_9194, d=484971, pv=0.0637304, s=0.2121]
  * Beta parameters: [s1=1.01159, s2=9.43741]
  * Adjusted p-values: [emp=0.512438, beta=0.486052]

Processing phenotype [ENSG00000207468.1] [125/229]
  * #variants in cis = 10
  * Best hit: [id=10_internal_8930, d=-416802, pv=0.193491, s=-0.1388]
  * Beta parameters: [s1=0.996277, s2=11.5152]
  * Adjusted p-values: [emp=0.895522, beta=0.902019]

Processing phenotype [ENSG00000222588.1] [126/229]
  * #variants in cis = 10
  * Best hit: [id=10_internal_8417, d=-452208, pv=0.0771497, s=0.1757]
  * Beta parameters: [s1=1.0193, s2=8.8436]
  * Adjusted p-values: [emp=0.542289, beta=0.567458]

Processing phenotype [ENSG00000107581.6] [127/229]
  * #variants in cis = 10
  * Best hit: [id=10_internal_10347, d=-137, pv=0.000105826, s=0.4326]
  * Beta parameters: [s1=1.01672, s2=11.3045]
  * Adjusted p-values: [emp=0.00497512, beta=0.000766654]

Processing phenotype [ENSG00000119979.10] [128/229]
  * #variants in cis = 10
  * Best hit: [id=10_internal_10347, d=0, pv=4.31114e-07, s=0.5272]
  * Beta parameters: [s1=0.993499, s2=10.0697]
  * Adjusted p-values: [emp=0.00497512, beta=7.39376e-06]

Processing phenotype [ENSG00000183605.11] [129/229]
  * #variants in cis = 10
  * Best hit: [id=10_internal_12162, d=-40187, pv=0.100632, s=-0.1854]
  * Beta parameters: [s1=1.10079, s2=9.28066]
  * Adjusted p-values: [emp=0.666667, beta=0.645447]

Processing phenotype [ENSG00000165672.5] [130/229]
  * #variants in cis = 10
  * Best hit: [id=10_internal_10443, d=-653499, pv=0.0125163, s=-0.2778]
  * Beta parameters: [s1=0.970476, s2=11.1224]
  * Adjusted p-values: [emp=0.199005, beta=0.164183]

Processing phenotype [ENSG00000198873.9] [131/229]
  * #variants in cis = 10
  * Best hit: [id=10_internal_12162, d=0, pv=9.71878e-10, s=0.6503]
  * Beta parameters: [s1=0.854407, s2=12.5192]
  * Adjusted p-values: [emp=0.00497512, beta=4.33795e-09]

Processing phenotype [ENSG00000228485.1] [132/229]
  * #variants in cis = 10
  * Best hit: [id=10_internal_8417, d=304788, pv=0.0659533, s=-0.1989]
  * Beta parameters: [s1=0.879874, s2=10.257]
  * Adjusted p-values: [emp=0.432836, beta=0.448135]

Processing phenotype [ENSG00000242853.2] [133/229]
  * #variants in cis = 10
  * Best hit: [id=10_internal_8417, d=300462, pv=0.17363, s=-0.1451]
  * Beta parameters: [s1=0.92516, s2=11.0165]
  * Adjusted p-values: [emp=0.845771, beta=0.860599]

Processing phenotype [ENSG00000236426.2] [134/229]
  * #variants in cis = 10
  * Best hit: [id=10_internal_12162, d=0, pv=0.0992161, s=0.1780]
  * Beta parameters: [s1=1.12021, s2=8.91442]
  * Adjusted p-values: [emp=0.686567, beta=0.662206]

Processing phenotype [ENSG00000148908.10] [135/229]
  * #variants in cis = 10
  * Best hit: [id=10_internal_8417, d=0, pv=0.0941685, s=0.1798]
  * Beta parameters: [s1=1.02435, s2=10.2287]
  * Adjusted p-values: [emp=0.651741, beta=0.661947]

Processing phenotype [ENSG00000233177.1] [136/229]
  * #variants in cis = 10
  * Best hit: [id=10_internal_9480, d=263572, pv=0.0273199, s=0.2500]
  * Beta parameters: [s1=1.18269, s2=12.8188]
  * Adjusted p-values: [emp=0.233831, beta=0.236915]

Processing phenotype [ENSG00000151923.12] [137/229]
  * #variants in cis = 10
  * Best hit: [id=10_internal_9480, d=-238347, pv=0.000472202, s=0.3802]
  * Beta parameters: [s1=0.944298, s2=9.55587]
  * Adjusted p-values: [emp=0.00995025, beta=0.00411705]

Processing phenotype [ENSG00000151929.5] [138/229]
  * #variants in cis = 11
  * Best hit: [id=10_internal_8930, d=-167291, pv=0.0723313, s=-0.1904]
  * Beta parameters: [s1=1.06741, s2=11.8009]
  * Adjusted p-values: [emp=0.60199, beta=0.590108]

Processing phenotype [ENSG00000224489.1] [139/229]
  * #variants in cis = 12
  * Best hit: [id=10_internal_8417, d=180967, pv=0.0159873, s=0.2555]
  * Beta parameters: [s1=0.928395, s2=9.28643]
  * Adjusted p-values: [emp=0.20398, beta=0.191754]

Processing phenotype [ENSG00000198825.7] [140/229]
  * #variants in cis = 12
  * Best hit: [id=10_internal_9480, d=109279, pv=0.0636145, s=0.1920]
  * Beta parameters: [s1=0.992709, s2=11.8224]
  * Adjusted p-values: [emp=0.512438, beta=0.509646]

Processing phenotype [ENSG00000197771.8] [141/229]
  * #variants in cis = 11
  * Best hit: [id=10_internal_9342, d=-817138, pv=0.00959857, s=0.2818]
  * Beta parameters: [s1=0.930584, s2=9.56727]
  * Adjusted p-values: [emp=0.114428, beta=0.122336]

Processing phenotype [ENSG00000107651.8] [142/229]
  * #variants in cis = 11
  * Best hit: [id=10_internal_9368, d=932075, pv=0.113315, s=0.1703]
  * Beta parameters: [s1=0.869094, s2=11.4694]
  * Adjusted p-values: [emp=0.691542, beta=0.715498]

Processing phenotype [ENSG00000229304.1] [143/229]
  * #variants in cis = 11
  * Best hit: [id=10_internal_10384, d=-953898, pv=0.22996, s=-0.1133]
  * Beta parameters: [s1=0.926493, s2=12.686]
  * Adjusted p-values: [emp=0.950249, beta=0.948057]

Processing phenotype [ENSG00000220842.5] [144/229]
  * #variants in cis = 10
  * Best hit: [id=10_internal_12162, d=939233, pv=0.0458544, s=0.2052]
  * Beta parameters: [s1=0.998657, s2=9.59607]
  * Adjusted p-values: [emp=0.363184, beta=0.351942]

Processing phenotype [ENSG00000120008.10] [145/229]
  * #variants in cis = 5
  * Best hit: [id=10_internal_9368, d=0, pv=0.065476, s=0.2047]
  * Maximum Likelihood estimation failed, use Moment Matching instead!
  * Beta parameters: [s1=1.0001, s2=5.29921]
  * Adjusted p-values: [emp=0.233831, beta=0.248923]

Processing phenotype [ENSG00000236762.1] [146/229]
  * #variants in cis = 5
  * Best hit: [id=10_internal_12842, d=0, pv=0.147211, s=0.1447]
  * Maximum Likelihood estimation failed, use Moment Matching instead!
  * Beta parameters: [s1=0.999937, s2=5.53807]
  * Adjusted p-values: [emp=0.587065, beta=0.576141]

Processing phenotype [ENSG00000226864.1] [147/229]
  * #variants in cis = 2
  * Best hit: [id=10_internal_8682, d=30, pv=0.11727, s=0.1736]
  * Maximum Likelihood estimation failed, use Moment Matching instead!
  * Beta parameters: [s1=0.999965, s2=2.13946]
  * Adjusted p-values: [emp=0.179104, beta=0.174867]

Processing phenotype [ENSG00000107669.12] [148/229]
  * #variants in cis = 2
  * Best hit: [id=10_internal_12842, d=0, pv=0.253604, s=0.1228]
  * Maximum Likelihood estimation failed, use Moment Matching instead!
  * Beta parameters: [s1=1.00006, s2=2.16702]
  * Adjusted p-values: [emp=0.432836, beta=0.46372]

Processing phenotype [ENSG00000107672.8] [149/229]
  * #variants in cis = 2
  * Best hit: [id=10_internal_12842, d=0, pv=0.383355, s=0.0886]
  * Maximum Likelihood estimation failed, use Moment Matching instead!
  * Beta parameters: [s1=0.999942, s2=2.58038]
  * Adjusted p-values: [emp=0.641791, beta=0.630022]

Processing phenotype [ENSG00000107679.9] [150/229]
  * #variants in cis = 3
  * Best hit: [id=10_internal_8682, d=-430886, pv=0.0703638, s=0.2004]
  * Maximum Likelihood estimation failed, use Moment Matching instead!
  * Beta parameters: [s1=0.999953, s2=2.58046]
  * Adjusted p-values: [emp=0.19403, beta=0.22177]

Processing phenotype [ENSG00000138161.8] [151/229]
  * #variants in cis = 3
  * Best hit: [id=10_internal_12842, d=334321, pv=0.0884486, s=0.1807]
  * Maximum Likelihood estimation failed, use Moment Matching instead!
  * Beta parameters: [s1=0.999932, s2=2.2919]
  * Adjusted p-values: [emp=0.233831, beta=0.232799]

Processing phenotype [ENSG00000213185.2] [152/229]
  * #variants in cis = 3
  * Best hit: [id=10_internal_12842, d=334332, pv=0.328053, s=0.0971]
  * Maximum Likelihood estimation failed, use Moment Matching instead!
  * Beta parameters: [s1=0.999949, s2=2.61333]
  * Adjusted p-values: [emp=0.646766, beta=0.642817]

Processing phenotype [ENSG00000255624.1] [153/229]
  * #variants in cis = 3
  * Best hit: [id=10_internal_8682, d=-935959, pv=0.385105, s=0.0882]
  * Maximum Likelihood estimation failed, use Moment Matching instead!
  * Beta parameters: [s1=0.999918, s2=3.05069]
  * Adjusted p-values: [emp=0.791045, beta=0.778555]

Processing phenotype [ENSG00000179988.8] [154/229]
  * #variants in cis = 2
  * Best hit: [id=10_internal_10013, d=178312, pv=0.320436, s=0.1086]
  * Maximum Likelihood estimation failed, use Moment Matching instead!
  * Beta parameters: [s1=1.00004, s2=1.67521]
  * Adjusted p-values: [emp=0.507463, beta=0.532674]

Processing phenotype [ENSG00000119965.8] [155/229]
  * #variants in cis = 2
  * Best hit: [id=10_internal_10013, d=-178290, pv=0.454946, s=-0.0782]
  * Maximum Likelihood estimation failed, use Moment Matching instead!
  * Beta parameters: [s1=1, s2=2.44226]
  * Adjusted p-values: [emp=0.711443, beta=0.730099]

Processing phenotype [ENSG00000095574.7] [156/229]
  * #variants in cis = 4
  * Best hit: [id=10_internal_11143, d=-985280, pv=0.503043, s=0.0784]
  * Maximum Likelihood estimation failed, use Moment Matching instead!
  * Beta parameters: [s1=1.00009, s2=3.57971]
  * Adjusted p-values: [emp=0.935323, beta=0.930723]

Processing phenotype [ENSG00000196177.7] [157/229]
  * #variants in cis = 4
  * Best hit: [id=10_internal_8033, d=985723, pv=0.691827, s=-0.0455]
  * Maximum Likelihood estimation failed, use Moment Matching instead!
  * Beta parameters: [s1=0.999999, s2=4.2514]
  * Adjusted p-values: [emp=0.99005, beta=0.991185]

Processing phenotype [ENSG00000154473.11] [158/229]
  * #variants in cis = 5
  * Best hit: [id=10_internal_12842, d=-608968, pv=0.32908, s=-0.1101]
  * Maximum Likelihood estimation failed, use Moment Matching instead!
  * Beta parameters: [s1=0.999988, s2=4.19067]
  * Adjusted p-values: [emp=0.830846, beta=0.84696]

Processing phenotype [ENSG00000227586.4] [159/229]
  * #variants in cis = 5
  * Best hit: [id=10_internal_12842, d=626570, pv=0.143899, s=0.1535]
  * Maximum Likelihood estimation failed, use Moment Matching instead!
  * Beta parameters: [s1=1.00004, s2=4.1569]
  * Adjusted p-values: [emp=0.447761, beta=0.441791]

Processing phenotype [ENSG00000230131.1] [160/229]
  * #variants in cis = 6
  * Best hit: [id=10_internal_8033, d=638252, pv=0.0848277, s=0.1815]
  * Beta parameters: [s1=1.0274, s2=5.76957]
  * Adjusted p-values: [emp=0.338308, beta=0.339768]

Processing phenotype [ENSG00000182022.13] [161/229]
  * #variants in cis = 10
  * Best hit: [id=10_internal_11143, d=0, pv=5.69599e-06, s=0.4366]
  * Beta parameters: [s1=0.907496, s2=7.97011]
  * Adjusted p-values: [emp=0.00497512, beta=6.59984e-05]

Processing phenotype [ENSG00000065154.7] [162/229]
  * #variants in cis = 10
  * Best hit: [id=10_internal_11143, d=76167, pv=0.00519254, s=-0.2924]
  * Beta parameters: [s1=1.06463, s2=10.0484]
  * Adjusted p-values: [emp=0.0248756, beta=0.0342932]

Processing phenotype [ENSG00000107902.9] [163/229]
  * #variants in cis = 10
  * Best hit: [id=10_internal_10013, d=-855902, pv=0.185698, s=0.1430]
  * Beta parameters: [s1=0.878353, s2=10.6468]
  * Adjusted p-values: [emp=0.860697, beta=0.859204]

Processing phenotype [ENSG00000229455.2] [164/229]
  * #variants in cis = 10
  * Best hit: [id=10_internal_8870, d=-115057, pv=0.182063, s=0.1171]
  * Beta parameters: [s1=0.976718, s2=10.8716]
  * Adjusted p-values: [emp=0.860697, beta=0.858993]

Processing phenotype [ENSG00000233334.2] [165/229]
  * #variants in cis = 9
  * Best hit: [id=10_internal_9093, d=0, pv=0.0103186, s=0.2800]
  * Beta parameters: [s1=1.10396, s2=9.29768]
  * Adjusted p-values: [emp=0.0547264, beta=0.0489585]

Processing phenotype [ENSG00000189319.9] [166/229]
  * #variants in cis = 9
  * Best hit: [id=10_internal_9093, d=32681, pv=5.83705e-07, s=0.5164]
  * Beta parameters: [s1=0.918272, s2=8.25271]
  * Adjusted p-values: [emp=0.00497512, beta=5.1907e-06]

Processing phenotype [ENSG00000199466.1] [167/229]
  * #variants in cis = 9
  * Best hit: [id=10_internal_9179, d=-667348, pv=0.32808, s=0.0987]
  * Beta parameters: [s1=0.843517, s2=8.15244]
  * Adjusted p-values: [emp=0.970149, beta=0.956587]

Processing phenotype [ENSG00000258539.1] [168/229]
  * #variants in cis = 9
  * Best hit: [id=10_internal_9093, d=80139, pv=1.21579e-05, s=0.4681]
  * Beta parameters: [s1=1.02244, s2=9.88482]
  * Adjusted p-values: [emp=0.00497512, beta=2.16757e-05]

Processing phenotype [ENSG00000203791.7] [169/229]
  * #variants in cis = 9
  * Best hit: [id=10_internal_8870, d=170325, pv=0.0423187, s=0.2318]
  * Beta parameters: [s1=1.04895, s2=8.23045]
  * Adjusted p-values: [emp=0.328358, beta=0.305209]

Processing phenotype [ENSG00000165660.6] [170/229]
  * #variants in cis = 9
  * Best hit: [id=10_internal_9179, d=-702937, pv=0.13969, s=0.1485]
  * Beta parameters: [s1=1.11843, s2=7.79419]
  * Adjusted p-values: [emp=0.751244, beta=0.713901]

Processing phenotype [ENSG00000203457.3] [171/229]
  * #variants in cis = 9
  * Best hit: [id=10_internal_11143, d=-461955, pv=0.065287, s=0.1972]
  * Beta parameters: [s1=1.12545, s2=8.89549]
  * Adjusted p-values: [emp=0.467662, beta=0.395097]

Processing phenotype [ENSG00000207494.1] [172/229]
  * #variants in cis = 9
  * Best hit: [id=10_internal_8870, d=193510, pv=0.2539, s=-0.1067]
  * Beta parameters: [s1=1.12638, s2=8.62107]
  * Adjusted p-values: [emp=0.890547, beta=0.908641]

Processing phenotype [ENSG00000249456.1] [173/229]
  * #variants in cis = 10
  * Best hit: [id=10_internal_8033, d=-751147, pv=0.087295, s=-0.1646]
  * Beta parameters: [s1=1.07293, s2=9.63408]
  * Adjusted p-values: [emp=0.61194, beta=0.599652]

Processing phenotype [ENSG00000237866.1] [174/229]
  * #variants in cis = 10
  * Best hit: [id=10_internal_9179, d=832545, pv=0.0102503, s=-0.2722]
  * Beta parameters: [s1=1.14171, s2=8.46552]
  * Adjusted p-values: [emp=0.0547264, beta=0.0722332]

Processing phenotype [ENSG00000019995.6] [175/229]
  * #variants in cis = 10
  * Best hit: [id=10_internal_8870, d=-320571, pv=0.0315589, s=-0.2239]
  * Beta parameters: [s1=0.855673, s2=8.295]
  * Adjusted p-values: [emp=0.278607, beta=0.268449]

Processing phenotype [ENSG00000226899.1] [176/229]
  * #variants in cis = 10
  * Best hit: [id=10_internal_10197, d=-109656, pv=0.0396087, s=0.2256]
  * Beta parameters: [s1=0.956437, s2=8.26096]
  * Adjusted p-values: [emp=0.323383, beta=0.322754]

Processing phenotype [ENSG00000175029.11] [177/229]
  * #variants in cis = 10
  * Best hit: [id=10_internal_9093, d=449582, pv=0.273, s=0.1098]
  * Beta parameters: [s1=0.929086, s2=8.20804]
  * Adjusted p-values: [emp=0.955224, beta=0.939823]

Processing phenotype [ENSG00000228021.2] [178/229]
  * #variants in cis = 5
  * Best hit: [id=10_internal_8466, d=-939891, pv=0.154529, s=0.1410]
  * Maximum Likelihood estimation failed, use Moment Matching instead!
  * Beta parameters: [s1=0.999979, s2=5.04034]
  * Adjusted p-values: [emp=0.502488, beta=0.506969]

Processing phenotype [ENSG00000234134.1] [179/229]
  * #variants in cis = 4
  * Best hit: [id=10_internal_8421, d=-166296, pv=0.524778, s=-0.0572]
  * Maximum Likelihood estimation failed, use Moment Matching instead!
  * Beta parameters: [s1=0.999963, s2=4.01374]
  * Adjusted p-values: [emp=0.965174, beta=0.957472]

Processing phenotype [ENSG00000107938.13] [180/229]
  * #variants in cis = 4
  * Best hit: [id=10_internal_10197, d=-560366, pv=0.113894, s=-0.1590]
  * Maximum Likelihood estimation failed, use Moment Matching instead!
  * Beta parameters: [s1=1.00006, s2=3.80455]
  * Adjusted p-values: [emp=0.368159, beta=0.36109]

Processing phenotype [ENSG00000224023.6] [181/229]
  * #variants in cis = 4
  * Best hit: [id=10_internal_8466, d=976228, pv=0.637794, s=0.0493]
  * Maximum Likelihood estimation failed, use Moment Matching instead!
  * Beta parameters: [s1=1.00009, s2=4.21754]
  * Adjusted p-values: [emp=0.9801, beta=0.985931]

Processing phenotype [ENSG00000236991.2] [182/229]
  * #variants in cis = 3
  * Best hit: [id=10_internal_10197, d=592961, pv=0.174665, s=-0.1371]
  * Maximum Likelihood estimation failed, use Moment Matching instead!
  * Beta parameters: [s1=1.00007, s2=2.85924]
  * Adjusted p-values: [emp=0.437811, beta=0.417316]

Processing phenotype [ENSG00000214294.3] [183/229]
  * #variants in cis = 3
  * Best hit: [id=10_internal_8421, d=128878, pv=0.336391, s=0.0931]
  * Maximum Likelihood estimation failed, use Moment Matching instead!
  * Beta parameters: [s1=0.999913, s2=2.60231]
  * Adjusted p-values: [emp=0.731343, beta=0.692476]

Processing phenotype [ENSG00000154485.4] [184/229]
  * #variants in cis = 3
  * Best hit: [id=10_internal_10197, d=616672, pv=0.220743, s=0.1133]
  * Maximum Likelihood estimation failed, use Moment Matching instead!
  * Beta parameters: [s1=1.00003, s2=2.68233]
  * Adjusted p-values: [emp=0.492537, beta=0.495988]

Processing phenotype [ENSG00000188690.7] [185/229]
  * #variants in cis = 3
  * Best hit: [id=10_internal_10197, d=664099, pv=0.212026, s=0.1420]
  * Maximum Likelihood estimation failed, use Moment Matching instead!
  * Beta parameters: [s1=0.99989, s2=3.14878]
  * Adjusted p-values: [emp=0.532338, beta=0.546292]

Processing phenotype [ENSG00000107949.12] [186/229]
  * #variants in cis = 3
  * Best hit: [id=10_internal_8421, d=62115, pv=0.526259, s=0.0638]
  * Maximum Likelihood estimation failed, use Moment Matching instead!
  * Beta parameters: [s1=1.00005, s2=4.3087]
  * Adjusted p-values: [emp=0.920398, beta=0.908641]

Processing phenotype [ENSG00000089876.7] [187/229]
  * #variants in cis = 3
  * Best hit: [id=10_internal_10073, d=-138271, pv=0.0476149, s=0.2184]
  * Maximum Likelihood estimation failed, use Moment Matching instead!
  * Beta parameters: [s1=0.999995, s2=2.63268]
  * Adjusted p-values: [emp=0.119403, beta=0.146261]

Processing phenotype [ENSG00000203780.6] [188/229]
  * #variants in cis = 3
  * Best hit: [id=10_internal_10073, d=138168, pv=0.00491635, s=0.2973]
  * Maximum Likelihood estimation failed, use Moment Matching instead!
  * Beta parameters: [s1=1.00001, s2=2.69299]
  * Adjusted p-values: [emp=0.0348259, beta=0.0153809]

Processing phenotype [ENSG00000148848.9] [189/229]
  * #variants in cis = 4
  * Best hit: [id=10_internal_10073, d=239629, pv=0.0021908, s=0.3105]
  * Maximum Likelihood estimation failed, use Moment Matching instead!
  * Beta parameters: [s1=1.00004, s2=4.84662]
  * Adjusted p-values: [emp=0.00497512, beta=0.0026253]

Processing phenotype [ENSG00000150760.8] [190/229]
  * #variants in cis = 5
  * Best hit: [id=10_internal_10073, d=-756583, pv=0.309131, s=0.1140]
  * Maximum Likelihood estimation failed, use Moment Matching instead!
  * Beta parameters: [s1=1.00003, s2=5.82008]
  * Adjusted p-values: [emp=0.835821, beta=0.827926]

Processing phenotype [ENSG00000132334.12] [191/229]
  * #variants in cis = 10
  * Best hit: [id=10_internal_12331, d=252026, pv=0.00962094, s=0.2676]
  * Beta parameters: [s1=0.960622, s2=9.50294]
  * Adjusted p-values: [emp=0.119403, beta=0.100331]

Processing phenotype [ENSG00000148773.8] [192/229]
  * #variants in cis = 10
  * Best hit: [id=10_internal_12224, d=693415, pv=0.00943326, s=-0.2645]
  * Beta parameters: [s1=1.10424, s2=11.0341]
  * Adjusted p-values: [emp=0.0597015, beta=0.0554447]

Processing phenotype [ENSG00000170430.9] [193/229]
  * #variants in cis = 1
  * Best hit: [id=10_internal_12562, d=236463, pv=0.671383, s=-0.0447]
  * Maximum Likelihood estimation failed, use Moment Matching instead!
  * Beta parameters: [s1=0.999983, s2=0.955719]
  * Adjusted p-values: [emp=0.681592, beta=0.673231]

Processing phenotype [ENSG00000237224.2] [194/229]
  * #variants in cis = 2
  * Best hit: [id=10_internal_12562, d=-2090, pv=0.0565863, s=-0.2013]
  * Maximum Likelihood estimation failed, use Moment Matching instead!
  * Beta parameters: [s1=0.9999, s2=2.03633]
  * Adjusted p-values: [emp=0.124378, beta=0.143605]

Processing phenotype [ENSG00000227374.1] [195/229]
  * #variants in cis = 2
  * Best hit: [id=10_internal_8631, d=860921, pv=0.757739, s=-0.0322]
  * Maximum Likelihood estimation failed, use Moment Matching instead!
  * Beta parameters: [s1=1.00002, s2=2.22301]
  * Adjusted p-values: [emp=0.965174, beta=0.944553]

Processing phenotype [ENSG00000228671.1] [196/229]
  * #variants in cis = 2
  * Best hit: [id=10_internal_12562, d=0, pv=0.153452, s=0.1380]
  * Maximum Likelihood estimation failed, use Moment Matching instead!
  * Beta parameters: [s1=0.999996, s2=2.06523]
  * Adjusted p-values: [emp=0.303483, beta=0.324036]

Processing phenotype [ENSG00000233122.1] [197/229]
  * #variants in cis = 2
  * Best hit: [id=10_internal_8631, d=523756, pv=0.594085, s=-0.0581]
  * Maximum Likelihood estimation failed, use Moment Matching instead!
  * Beta parameters: [s1=0.999967, s2=2.29871]
  * Adjusted p-values: [emp=0.855721, beta=0.871481]

Processing phenotype [ENSG00000237489.2] [198/229]
  * #variants in cis = 2
  * Best hit: [id=10_internal_12562, d=137819, pv=0.0174766, s=0.2313]
  * Maximum Likelihood estimation failed, use Moment Matching instead!
  * Beta parameters: [s1=0.999976, s2=1.85405]
  * Adjusted p-values: [emp=0.0298507, beta=0.0430592]

Processing phenotype [ENSG00000108010.7] [199/229]
  * #variants in cis = 2
  * Best hit: [id=10_internal_12562, d=-163401, pv=0.743883, s=0.0334]
  * Maximum Likelihood estimation failed, use Moment Matching instead!
  * Beta parameters: [s1=0.999963, s2=1.7422]
  * Adjusted p-values: [emp=0.930348, beta=0.922141]

Processing phenotype [ENSG00000203417.2] [200/229]
  * #variants in cis = 2
  * Best hit: [id=10_internal_12562, d=-213183, pv=0.701204, s=0.0369]
  * Maximum Likelihood estimation failed, use Moment Matching instead!
  * Beta parameters: [s1=1.00006, s2=1.79363]
  * Adjusted p-values: [emp=0.885572, beta=0.891272]

Processing phenotype [ENSG00000175470.14] [201/229]
  * #variants in cis = 10
  * Best hit: [id=10_internal_8432, d=640466, pv=0.0731389, s=-0.1721]
  * Beta parameters: [s1=1.04814, s2=9.98354]
  * Adjusted p-values: [emp=0.517413, beta=0.521568]

Processing phenotype [ENSG00000176171.7] [202/229]
  * #variants in cis = 10
  * Best hit: [id=10_internal_8619, d=0, pv=0.0176589, s=0.2299]
  * Beta parameters: [s1=0.951819, s2=8.88107]
  * Adjusted p-values: [emp=0.164179, beta=0.166452]

Processing phenotype [ENSG00000188385.7] [203/229]
  * #variants in cis = 10
  * Best hit: [id=10_internal_10545, d=120929, pv=0.00577746, s=0.3054]
  * Beta parameters: [s1=0.924606, s2=9.20859]
  * Adjusted p-values: [emp=0.0696517, beta=0.0640663]

Processing phenotype [ENSG00000235010.1] [204/229]
  * #variants in cis = 11
  * Best hit: [id=10_internal_10545, d=-39638, pv=0.00509881, s=0.3034]
  * Beta parameters: [s1=0.906587, s2=10.1338]
  * Adjusted p-values: [emp=0.0646766, beta=0.0693283]

Processing phenotype [ENSG00000151640.7] [205/229]
  * #variants in cis = 11
  * Best hit: [id=10_internal_10545, d=38700, pv=0.0249527, s=0.2414]
  * Beta parameters: [s1=0.976171, s2=9.7765]
  * Adjusted p-values: [emp=0.283582, beta=0.266508]

Processing phenotype [ENSG00000165752.11] [206/229]
  * #variants in cis = 13
  * Best hit: [id=10_internal_10545, d=0, pv=0.0525526, s=0.2122]
  * Beta parameters: [s1=1.04125, s2=12.6935]
  * Adjusted p-values: [emp=0.527363, beta=0.499996]

Processing phenotype [ENSG00000148814.13] [207/229]
  * #variants in cis = 13
  * Best hit: [id=10_internal_10545, d=0, pv=2.90815e-05, s=0.4260]
  * Beta parameters: [s1=0.897564, s2=11.0724]
  * Adjusted p-values: [emp=0.00497512, beta=0.000460457]

Processing phenotype [ENSG00000171813.10] [208/229]
  * #variants in cis = 13
  * Best hit: [id=10_internal_9074, d=2987, pv=0.0961369, s=0.1813]
  * Beta parameters: [s1=1.11379, s2=13.8469]
  * Adjusted p-values: [emp=0.761194, beta=0.741365]

Processing phenotype [ENSG00000180066.5] [209/229]
  * #variants in cis = 13
  * Best hit: [id=10_internal_8554, d=812739, pv=0.0557824, s=0.2089]
  * Beta parameters: [s1=1.08221, s2=14.5571]
  * Adjusted p-values: [emp=0.527363, beta=0.509254]

Processing phenotype [ENSG00000068383.13] [210/229]
  * #variants in cis = 13
  * Best hit: [id=10_internal_8533, d=0, pv=0.000347763, s=0.3922]
  * Beta parameters: [s1=1.08119, s2=14.6705]
  * Adjusted p-values: [emp=0.00497512, beta=0.00253599]

Processing phenotype [ENSG00000234531.2] [211/229]
  * #variants in cis = 13
  * Best hit: [id=10_internal_8533, d=190549, pv=0.127954, s=0.1585]
  * Beta parameters: [s1=1.03713, s2=13.9398]
  * Adjusted p-values: [emp=0.825871, beta=0.816687]

Processing phenotype [ENSG00000151651.11] [212/229]
  * #variants in cis = 11
  * Best hit: [id=10_internal_8554, d=0, pv=0.0160379, s=0.2465]
  * Beta parameters: [s1=0.99854, s2=10.3621]
  * Adjusted p-values: [emp=0.18408, beta=0.169765]

Processing phenotype [ENSG00000235245.1] [213/229]
  * #variants in cis = 11
  * Best hit: [id=10_internal_8730, d=57203, pv=0.00154725, s=-0.3397]
  * Beta parameters: [s1=0.951276, s2=11.8241]
  * Adjusted p-values: [emp=0.00995025, beta=0.0135999]

Processing phenotype [ENSG00000198546.9] [214/229]
  * #variants in cis = 11
  * Best hit: [id=10_internal_8554, d=0, pv=0.18527, s=0.1387]
  * Beta parameters: [s1=0.997303, s2=9.65665]
  * Adjusted p-values: [emp=0.920398, beta=0.891887]

Processing phenotype [ENSG00000130640.8] [215/229]
  * #variants in cis = 11
  * Best hit: [id=10_internal_10741, d=253181, pv=0.233911, s=0.1242]
  * Beta parameters: [s1=1.09079, s2=9.62846]
  * Adjusted p-values: [emp=0.940299, beta=0.938428]

Processing phenotype [ENSG00000130643.4] [216/229]
  * #variants in cis = 11
  * Best hit: [id=10_internal_10545, d=946324, pv=0.0333218, s=0.2541]
  * Beta parameters: [s1=1.00692, s2=10.7555]
  * Adjusted p-values: [emp=0.298507, beta=0.282102]

Processing phenotype [ENSG00000230306.1] [217/229]
  * #variants in cis = 11
  * Best hit: [id=10_internal_10741, d=285750, pv=0.0158508, s=-0.2290]
  * Beta parameters: [s1=1.14003, s2=9.19339]
  * Adjusted p-values: [emp=0.129353, beta=0.139445]

Processing phenotype [ENSG00000165828.9] [218/229]
  * #variants in cis = 11
  * Best hit: [id=10_internal_8432, d=-757249, pv=0.138867, s=0.1753]
  * Beta parameters: [s1=1.04391, s2=8.79717]
  * Adjusted p-values: [emp=0.78607, beta=0.774457]

Processing phenotype [ENSG00000226699.1] [219/229]
  * #variants in cis = 11
  * Best hit: [id=10_internal_8730, d=111952, pv=0.0636271, s=-0.2015]
  * Beta parameters: [s1=0.945588, s2=10.4807]
  * Adjusted p-values: [emp=0.532338, beta=0.535504]

Processing phenotype [ENSG00000148803.7] [220/229]
  * #variants in cis = 11
  * Best hit: [id=10_internal_10741, d=298869, pv=0.00906137, s=-0.2749]
  * Beta parameters: [s1=1.08694, s2=9.98824]
  * Adjusted p-values: [emp=0.104478, beta=0.105555]

Processing phenotype [ENSG00000127884.4] [221/229]
  * #variants in cis = 11
  * Best hit: [id=10_internal_10741, d=314533, pv=0.180958, s=0.1509]
  * Beta parameters: [s1=1.08397, s2=8.66192]
  * Adjusted p-values: [emp=0.870647, beta=0.860326]

Processing phenotype [ENSG00000148832.10] [222/229]
  * #variants in cis = 11
  * Best hit: [id=10_internal_9074, d=-925294, pv=0.06311, s=0.1953]
  * Beta parameters: [s1=1.01593, s2=9.39271]
  * Adjusted p-values: [emp=0.492537, beta=0.477274]

Processing phenotype [ENSG00000254536.1] [223/229]
  * #variants in cis = 9
  * Best hit: [id=10_internal_8554, d=-80635, pv=0.0354593, s=-0.2319]
  * Beta parameters: [s1=0.997687, s2=9.45305]
  * Adjusted p-values: [emp=0.273632, beta=0.276731]

Processing phenotype [ENSG00000148824.13] [224/229]
  * #variants in cis = 9
  * Best hit: [id=10_internal_8554, d=-83895, pv=0.0114735, s=-0.2687]
  * Beta parameters: [s1=0.855728, s2=11.9007]
  * Adjusted p-values: [emp=0.0696517, beta=0.0655135]

Processing phenotype [ENSG00000214279.6] [225/229]
  * #variants in cis = 7
  * Best hit: [id=10_internal_8554, d=-143729, pv=0.00532681, s=0.2909]
  * Beta parameters: [s1=1.12308, s2=7.39873]
  * Adjusted p-values: [emp=0.00995025, beta=0.0228335]

Processing phenotype [ENSG00000130649.5] [226/229]
  * #variants in cis = 7
  * Best hit: [id=10_internal_8554, d=-210207, pv=0.000111424, s=0.4114]
  * Maximum Likelihood estimation failed, use Moment Matching instead!
  * Beta parameters: [s1=1.00001, s2=6.05588]
  * Adjusted p-values: [emp=0.00497512, beta=0.000917827]

Processing phenotype [ENSG00000171772.10] [227/229]
  * #variants in cis = 7
  * Best hit: [id=10_internal_8554, d=259173, pv=0.0206913, s=0.2602]
  * Beta parameters: [s1=1.06721, s2=6.86596]
  * Adjusted p-values: [emp=0.129353, beta=0.121244]

Processing phenotype [ENSG00000203772.6] [228/229]
  * #variants in cis = 7
  * Best hit: [id=10_internal_8432, d=979515, pv=0.0214625, s=0.2321]
  * Beta parameters: [s1=1.00607, s2=7.12941]
  * Adjusted p-values: [emp=0.144279, beta=0.1369]

Processing phenotype [ENSG00000233435.1] [229/229]
  * #variants in cis = 4
  * Best hit: [id=10_internal_11555, d=-386935, pv=0.173996, s=-0.1416]
  * Maximum Likelihood estimation failed, use Moment Matching instead!
  * Beta parameters: [s1=1.00005, s2=3.95732]
  * Adjusted p-values: [emp=0.522388, beta=0.496689]

Running time: 2 seconds
