Sender: LSF System <lsfadmin@cpt03>
Subject: Job 974022: </data/unige/funpopgen/odelanea/SGX/V2/binaries/qtltools/bin/QTLtools cis --vcf /data/unige/funpopgen/grey2/SYSCID/BLUEPRINT_DATA/CRD/THREE_CELL_TYPES/CLOMICS/CELL_TYPE_COMPARISON_GENE_CRD_ASSOCIATIONS/quantify/73_vs_72_ALL.ALLchr.mean.txt.gz --bed /data/unige/funpopgen/grey2/SYSCID/BLUEPRINT_DATA/CRD/THREE_CELL_TYPES/QTL_TOOLS/EGAD00001002671_v3.0/EGAD00001002671_RNA.PC10.bed.gz --permute 200 --chunk 79 100 --out /data/unige/funpopgen/grey2/SYSCID/BLUEPRINT_DATA/CRD/THREE_CELL_TYPES/CLOMICS/CELL_TYPE_COMPARISON_GENE_CRD_ASSOCIATIONS/mapping_aCRD_gene/73_vs_72/gene_CRD_mean_chunk79\.txt> in cluster <ug> Done

Job </data/unige/funpopgen/odelanea/SGX/V2/binaries/qtltools/bin/QTLtools cis --vcf /data/unige/funpopgen/grey2/SYSCID/BLUEPRINT_DATA/CRD/THREE_CELL_TYPES/CLOMICS/CELL_TYPE_COMPARISON_GENE_CRD_ASSOCIATIONS/quantify/73_vs_72_ALL.ALLchr.mean.txt.gz --bed /data/unige/funpopgen/grey2/SYSCID/BLUEPRINT_DATA/CRD/THREE_CELL_TYPES/QTL_TOOLS/EGAD00001002671_v3.0/EGAD00001002671_RNA.PC10.bed.gz --permute 200 --chunk 79 100 --out /data/unige/funpopgen/grey2/SYSCID/BLUEPRINT_DATA/CRD/THREE_CELL_TYPES/CLOMICS/CELL_TYPE_COMPARISON_GENE_CRD_ASSOCIATIONS/mapping_aCRD_gene/73_vs_72/gene_CRD_mean_chunk79\.txt> was submitted from host <frt.ug.vital-it.ch> by user <grey2> in cluster <ug>.
Job was executed on host(s) <cpt03>, in queue <normal>, as user <grey2> in cluster <ug>.
</home/grey2> was used as the home directory.
</data/unige/funpopgen/grey2/SYSCID/BLUEPRINT_DATA/CRD/THREE_CELL_TYPES/CLOMICS/CELL_TYPE_COMPARISON_GENE_CRD_ASSOCIATIONS> was used as the working directory.
Started at Thu Mar 21 11:24:59 2019
Results reported at Thu Mar 21 11:25:05 2019

Your job looked like:

------------------------------------------------------------
# LSBATCH: User input
/data/unige/funpopgen/odelanea/SGX/V2/binaries/qtltools/bin/QTLtools cis --vcf /data/unige/funpopgen/grey2/SYSCID/BLUEPRINT_DATA/CRD/THREE_CELL_TYPES/CLOMICS/CELL_TYPE_COMPARISON_GENE_CRD_ASSOCIATIONS/quantify/73_vs_72_ALL.ALLchr.mean.txt.gz --bed /data/unige/funpopgen/grey2/SYSCID/BLUEPRINT_DATA/CRD/THREE_CELL_TYPES/QTL_TOOLS/EGAD00001002671_v3.0/EGAD00001002671_RNA.PC10.bed.gz --permute 200 --chunk 79 100 --out /data/unige/funpopgen/grey2/SYSCID/BLUEPRINT_DATA/CRD/THREE_CELL_TYPES/CLOMICS/CELL_TYPE_COMPARISON_GENE_CRD_ASSOCIATIONS/mapping_aCRD_gene/73_vs_72/gene_CRD_mean_chunk79\.txt

------------------------------------------------------------

Successfully completed.

Resource usage summary:

    CPU time :               2.41 sec.
    Max Memory :             3.12 MB
    Average Memory :         3.12 MB
    Total Requested Memory : -
    Delta Memory :           -
    (Delta: the difference between total requested memory and actual max usage.)
    Max Swap :               31 MB

    Max Processes :          1
    Max Threads :            1

The output (if any) follows:


[32mQTLtools[0m
  * Authors : Olivier DELANEAU / Halit ONGEN / Emmanouil DERMITZAKIS
  * Contact : olivier.delaneau@gmail.com / halit.ongen@unige.ch / Emmanouil.Dermitzakis@unige.ch
  * Webpage : https://qtltools.github.io/qtltools/
  * Version : 1.1
  * Date    : 21/03/2019 - 11:25:02
  * Citation: A complete tool set for molecular QTL discovery and analysis, https://doi.org/10.1101/068635

[32mMAPPING QTL IN CIS[0m
  * TASK: Perform 200 permutations
  * Linear model: Phe ~ Var
  * Cis-window size is 1000000 bp
  * Chunk = [79/100]

Scanning phenotype data in [/data/unige/funpopgen/grey2/SYSCID/BLUEPRINT_DATA/CRD/THREE_CELL_TYPES/QTL_TOOLS/EGAD00001002671_v3.0/EGAD00001002671_RNA.PC10.bed.gz]
  * 24372 phenotypes included
  * 12152 phenotypes are on the negative strand

Initialize random number generator
  * Built-in seed is 15112011
  * First Integer = 30554
  * First Double = 0.0126695

Reading sample list from [/data/unige/funpopgen/grey2/SYSCID/BLUEPRINT_DATA/CRD/THREE_CELL_TYPES/QTL_TOOLS/EGAD00001002671_v3.0/EGAD00001002671_RNA.PC10.bed.gz]
  * #samples = 169

Reading sample list from [/data/unige/funpopgen/grey2/SYSCID/BLUEPRINT_DATA/CRD/THREE_CELL_TYPES/CLOMICS/CELL_TYPE_COMPARISON_GENE_CRD_ASSOCIATIONS/quantify/73_vs_72_ALL.ALLchr.mean.txt.gz]
  * #samples = 94

Merging sample sets from all input files
  * #files = 2
  * #samples in all files = 91
  * #samples NOT in all files (i.e. ignored) = 81

Reading phenotype data in [/data/unige/funpopgen/grey2/SYSCID/BLUEPRINT_DATA/CRD/THREE_CELL_TYPES/QTL_TOOLS/EGAD00001002671_v3.0/EGAD00001002671_RNA.PC10.bed.gz]
  * target region [15:79102829-102519298]
  * 220 phenotypes included
  * 116 phenotypes are on the negative strand

Reading genotype data in [/data/unige/funpopgen/grey2/SYSCID/BLUEPRINT_DATA/CRD/THREE_CELL_TYPES/CLOMICS/CELL_TYPE_COMPARISON_GENE_CRD_ASSOCIATIONS/quantify/73_vs_72_ALL.ALLchr.mean.txt.gz]
  * File format detected: BED
  * 91 samples included
  * 5 samples without phenotype data
  * target region [15:78102829-103519298]
  * 102 variants included

Processing phenotype [ENSG00000185787.10] [1/220]
  * #variants in cis = 6
  * Best hit: [id=15_internal_8618, d=-347136, pv=0.359277, s=0.1038]
  * Beta parameters: [s1=0.968851, s2=6.01836]
  * Adjusted p-values: [emp=0.920398, beta=0.923403]

Processing phenotype [ENSG00000252061.1] [2/220]
  * #variants in cis = 9
  * Best hit: [id=15_internal_8119, d=107902, pv=0.0843033, s=-0.1845]
  * Beta parameters: [s1=0.971513, s2=7.7058]
  * Adjusted p-values: [emp=0.482587, beta=0.482948]

Processing phenotype [ENSG00000103811.11] [3/220]
  * #variants in cis = 9
  * Best hit: [id=15_internal_7072, d=0, pv=0.128633, s=0.1668]
  * Beta parameters: [s1=1.08309, s2=7.77735]
  * Adjusted p-values: [emp=0.706468, beta=0.677754]

Processing phenotype [ENSG00000166557.8] [4/220]
  * #variants in cis = 10
  * Best hit: [id=15_internal_8119, d=-520028, pv=0.0328449, s=-0.2358]
  * Beta parameters: [s1=1.03206, s2=8.58998]
  * Adjusted p-values: [emp=0.308458, beta=0.295256]

Processing phenotype [ENSG00000261712.1] [5/220]
  * #variants in cis = 10
  * Best hit: [id=15_internal_6349, d=-407531, pv=0.102106, s=-0.1655]
  * Beta parameters: [s1=0.94555, s2=10.6422]
  * Adjusted p-values: [emp=0.60199, beta=0.613193]

Processing phenotype [ENSG00000169330.4] [6/220]
  * #variants in cis = 10
  * Best hit: [id=15_internal_8119, d=-641482, pv=0.119517, s=-0.1645]
  * Beta parameters: [s1=1.04384, s2=7.78789]
  * Adjusted p-values: [emp=0.701493, beta=0.694428]

Processing phenotype [ENSG00000259548.1] [7/220]
  * #variants in cis = 10
  * Best hit: [id=15_internal_6226, d=-600885, pv=0.131197, s=0.1509]
  * Beta parameters: [s1=1.05305, s2=10.1636]
  * Adjusted p-values: [emp=0.741294, beta=0.714026]

Processing phenotype [ENSG00000261229.1] [8/220]
  * #variants in cis = 10
  * Best hit: [id=15_internal_7072, d=891974, pv=0.093289, s=0.1752]
  * Beta parameters: [s1=0.922711, s2=10.2232]
  * Adjusted p-values: [emp=0.616915, beta=0.620432]

Processing phenotype [ENSG00000136371.5] [9/220]
  * #variants in cis = 10
  * Best hit: [id=15_internal_6051, d=0, pv=0.0470749, s=0.2118]
  * Beta parameters: [s1=1.06134, s2=9.17572]
  * Adjusted p-values: [emp=0.393035, beta=0.365317]

Processing phenotype [ENSG00000259642.1] [10/220]
  * #variants in cis = 10
  * Best hit: [id=15_internal_6751, d=-30130, pv=0.0258985, s=0.2299]
  * Beta parameters: [s1=1.01622, s2=9.25616]
  * Adjusted p-values: [emp=0.258706, beta=0.2139]

Processing phenotype [ENSG00000257028.1] [11/220]
  * #variants in cis = 10
  * Best hit: [id=15_internal_6090, d=549302, pv=0.0123292, s=-0.2571]
  * Beta parameters: [s1=1.14827, s2=9.97696]
  * Adjusted p-values: [emp=0.114428, beta=0.10574]

Processing phenotype [ENSG00000180953.7] [12/220]
  * #variants in cis = 10
  * Best hit: [id=15_internal_6751, d=31061, pv=0.000592215, s=0.3633]
  * Beta parameters: [s1=0.850518, s2=12.4093]
  * Adjusted p-values: [emp=0.00995025, beta=0.00211553]

Processing phenotype [ENSG00000259332.2] [13/220]
  * #variants in cis = 10
  * Best hit: [id=15_internal_6226, d=-510685, pv=0.0460257, s=-0.1998]
  * Beta parameters: [s1=1.01059, s2=8.83643]
  * Adjusted p-values: [emp=0.348259, beta=0.352128]

Processing phenotype [ENSG00000140379.7] [14/220]
  * #variants in cis = 9
  * Best hit: [id=15_internal_5555, d=46412, pv=0.0870548, s=0.1766]
  * Beta parameters: [s1=1.00277, s2=7.77429]
  * Adjusted p-values: [emp=0.512438, beta=0.536197]

Processing phenotype [ENSG00000086666.14] [15/220]
  * #variants in cis = 8
  * Best hit: [id=15_internal_7010, d=92164, pv=0.0585859, s=0.2248]
  * Beta parameters: [s1=0.906396, s2=8.57962]
  * Adjusted p-values: [emp=0.313433, beta=0.309492]

Processing phenotype [ENSG00000103876.7] [16/220]
  * #variants in cis = 9
  * Best hit: [id=15_internal_7010, d=0, pv=0.0114093, s=0.2666]
  * Beta parameters: [s1=0.918522, s2=9.06533]
  * Adjusted p-values: [emp=0.104478, beta=0.0982624]

Processing phenotype [ENSG00000259417.2] [17/220]
  * #variants in cis = 10
  * Best hit: [id=15_internal_6226, d=-182226, pv=0.136689, s=-0.1440]
  * Beta parameters: [s1=1.0059, s2=9.27251]
  * Adjusted p-values: [emp=0.756219, beta=0.734976]

Processing phenotype [ENSG00000136379.7] [18/220]
  * #variants in cis = 12
  * Best hit: [id=15_internal_7002, d=589095, pv=0.0889068, s=0.1822]
  * Beta parameters: [s1=1.04988, s2=10.0705]
  * Adjusted p-values: [emp=0.616915, beta=0.622372]

Processing phenotype [ENSG00000103888.11] [19/220]
  * #variants in cis = 12
  * Best hit: [id=15_internal_6090, d=-288809, pv=0.0868442, s=-0.1828]
  * Beta parameters: [s1=1.00561, s2=12.6836]
  * Adjusted p-values: [emp=0.666667, beta=0.663376]

Processing phenotype [ENSG00000259649.1] [20/220]
  * #variants in cis = 11
  * Best hit: [id=15_internal_6450, d=-428198, pv=0.00949515, s=0.2995]
  * Beta parameters: [s1=1.06194, s2=13.6265]
  * Adjusted p-values: [emp=0.0696517, beta=0.0912638]

Processing phenotype [ENSG00000259546.1] [21/220]
  * #variants in cis = 11
  * Best hit: [id=15_internal_6008, d=-218323, pv=0.166547, s=0.1545]
  * Beta parameters: [s1=1.04341, s2=12.0332]
  * Adjusted p-values: [emp=0.860697, beta=0.876981]

Processing phenotype [ENSG00000117899.6] [22/220]
  * #variants in cis = 10
  * Best hit: [id=15_internal_7010, d=826728, pv=0.0499845, s=-0.2206]
  * Beta parameters: [s1=0.860756, s2=9.26269]
  * Adjusted p-values: [emp=0.338308, beta=0.358218]

Processing phenotype [ENSG00000140406.2] [23/220]
  * #variants in cis = 9
  * Best hit: [id=15_internal_8218, d=97217, pv=0.118012, s=-0.1563]
  * Beta parameters: [s1=1.03366, s2=8.65682]
  * Adjusted p-values: [emp=0.626866, beta=0.639382]

Processing phenotype [ENSG00000172349.12] [24/220]
  * #variants in cis = 9
  * Best hit: [id=15_internal_7002, d=109204, pv=0.0692842, s=0.2064]
  * Beta parameters: [s1=1.07828, s2=8.49794]
  * Adjusted p-values: [emp=0.472637, beta=0.457649]

Processing phenotype [ENSG00000259190.1] [25/220]
  * #variants in cis = 9
  * Best hit: [id=15_internal_7002, d=33276, pv=0.0138524, s=0.2824]
  * Beta parameters: [s1=1.01901, s2=9.06292]
  * Adjusted p-values: [emp=0.0945274, beta=0.111979]

Processing phenotype [ENSG00000172345.8] [26/220]
  * #variants in cis = 9
  * Best hit: [id=15_internal_7002, d=47320, pv=0.0113682, s=0.2940]
  * Beta parameters: [s1=1.08524, s2=8.68938]
  * Adjusted p-values: [emp=0.139303, beta=0.116086]

Processing phenotype [ENSG00000259343.1] [27/220]
  * #variants in cis = 9
  * Best hit: [id=15_internal_6450, d=13598, pv=0.0534005, s=0.2000]
  * Beta parameters: [s1=0.959737, s2=7.80425]
  * Adjusted p-values: [emp=0.38806, beta=0.386715]

Processing phenotype [ENSG00000188869.8] [28/220]
  * #variants in cis = 9
  * Best hit: [id=15_internal_7002, d=97350, pv=0.0925124, s=0.1743]
  * Beta parameters: [s1=1.0815, s2=10.0797]
  * Adjusted p-values: [emp=0.60199, beta=0.575845]

Processing phenotype [ENSG00000259372.1] [29/220]
  * #variants in cis = 9
  * Best hit: [id=15_internal_6450, d=0, pv=0.158288, s=0.1532]
  * Beta parameters: [s1=0.896182, s2=10.5013]
  * Adjusted p-values: [emp=0.761194, beta=0.781454]

Processing phenotype [ENSG00000183496.5] [30/220]
  * #variants in cis = 7
  * Best hit: [id=15_internal_7411, d=0, pv=0.00602095, s=0.3039]
  * Beta parameters: [s1=0.971806, s2=7.26429]
  * Adjusted p-values: [emp=0.0447761, beta=0.034506]

Processing phenotype [ENSG00000259518.1] [31/220]
  * #variants in cis = 7
  * Best hit: [id=15_internal_7002, d=-811731, pv=0.324682, s=-0.0932]
  * Beta parameters: [s1=0.978066, s2=6.26712]
  * Adjusted p-values: [emp=0.940299, beta=0.92079]

Processing phenotype [ENSG00000140598.9] [32/220]
  * #variants in cis = 6
  * Best hit: [id=15_internal_7002, d=985900, pv=0.0515481, s=0.2105]
  * Beta parameters: [s1=1.00226, s2=6.12709]
  * Adjusted p-values: [emp=0.338308, beta=0.327492]

Processing phenotype [ENSG00000188659.5] [33/220]
  * #variants in cis = 6
  * Best hit: [id=15_internal_7354, d=759857, pv=0.0570045, s=0.2027]
  * Beta parameters: [s1=1.11734, s2=6.34841]
  * Adjusted p-values: [emp=0.268657, beta=0.277313]

Processing phenotype [ENSG00000259785.1] [34/220]
  * #variants in cis = 5
  * Best hit: [id=15_internal_7354, d=724117, pv=0.119663, s=0.1609]
  * Maximum Likelihood estimation failed, use Moment Matching instead!
  * Beta parameters: [s1=1.00005, s2=4.58806]
  * Adjusted p-values: [emp=0.507463, beta=0.494618]

Processing phenotype [ENSG00000237550.3] [35/220]
  * #variants in cis = 5
  * Best hit: [id=15_internal_8801, d=-790087, pv=0.149127, s=-0.1560]
  * Maximum Likelihood estimation failed, use Moment Matching instead!
  * Beta parameters: [s1=1.00009, s2=5.39827]
  * Adjusted p-values: [emp=0.597015, beta=0.596899]

Processing phenotype [ENSG00000184779.8] [36/220]
  * #variants in cis = 6
  * Best hit: [id=15_internal_6450, d=392560, pv=0.118891, s=-0.1516]
  * Beta parameters: [s1=1.15165, s2=7.43815]
  * Adjusted p-values: [emp=0.60199, beta=0.551741]

Processing phenotype [ENSG00000196648.6] [37/220]
  * #variants in cis = 7
  * Best hit: [id=15_internal_6450, d=-666298, pv=0.064891, s=-0.2070]
  * Beta parameters: [s1=1.00743, s2=9.00688]
  * Adjusted p-values: [emp=0.378109, beta=0.362934]

Processing phenotype [ENSG00000230903.4] [38/220]
  * #variants in cis = 7
  * Best hit: [id=15_internal_7354, d=-189692, pv=0.045143, s=0.2100]
  * Beta parameters: [s1=1.06418, s2=6.84085]
  * Adjusted p-values: [emp=0.243781, beta=0.265204]

Processing phenotype [ENSG00000182774.6] [39/220]
  * #variants in cis = 7
  * Best hit: [id=15_internal_7411, d=869763, pv=0.0168416, s=-0.2551]
  * Beta parameters: [s1=1.15241, s2=8.58276]
  * Adjusted p-values: [emp=0.0945274, beta=0.112914]

Processing phenotype [ENSG00000260836.1] [40/220]
  * #variants in cis = 7
  * Best hit: [id=15_internal_6450, d=792270, pv=0.0904193, s=-0.1692]
  * Beta parameters: [s1=1.07899, s2=6.72309]
  * Adjusted p-values: [emp=0.58209, beta=0.537568]

Processing phenotype [ENSG00000214575.5] [41/220]
  * #variants in cis = 7
  * Best hit: [id=15_internal_5834, d=-442882, pv=0.22684, s=-0.1232]
  * Beta parameters: [s1=0.918917, s2=7.40205]
  * Adjusted p-values: [emp=0.800995, beta=0.816484]

Processing phenotype [ENSG00000103723.8] [42/220]
  * #variants in cis = 6
  * Best hit: [id=15_internal_5790, d=-655042, pv=0.177481, s=-0.1474]
  * Beta parameters: [s1=0.951953, s2=5.89761]
  * Adjusted p-values: [emp=0.696517, beta=0.693156]

Processing phenotype [ENSG00000259315.1] [43/220]
  * #variants in cis = 6
  * Best hit: [id=15_internal_5834, d=-352838, pv=0.0405011, s=-0.2214]
  * Beta parameters: [s1=1.0185, s2=6.26377]
  * Adjusted p-values: [emp=0.218905, beta=0.196393]

Processing phenotype [ENSG00000259442.1] [44/220]
  * #variants in cis = 6
  * Best hit: [id=15_internal_7354, d=-62870, pv=0.0163472, s=0.2508]
  * Beta parameters: [s1=1.00868, s2=5.7461]
  * Adjusted p-values: [emp=0.0845771, beta=0.0950605]

Processing phenotype [ENSG00000250988.3] [45/220]
  * #variants in cis = 6
  * Best hit: [id=15_internal_5790, d=614392, pv=0.177443, s=0.1562]
  * Beta parameters: [s1=0.950273, s2=5.59692]
  * Adjusted p-values: [emp=0.681592, beta=0.679886]

Processing phenotype [ENSG00000186628.8] [46/220]
  * #variants in cis = 5
  * Best hit: [id=15_internal_5790, d=-558886, pv=0.00947108, s=0.2829]
  * Maximum Likelihood estimation failed, use Moment Matching instead!
  * Beta parameters: [s1=1.00009, s2=5.38254]
  * Adjusted p-values: [emp=0.039801, beta=0.0555381]

Processing phenotype [ENSG00000156232.6] [47/220]
  * #variants in cis = 5
  * Best hit: [id=15_internal_5834, d=282114, pv=0.498316, s=-0.0722]
  * Maximum Likelihood estimation failed, use Moment Matching instead!
  * Beta parameters: [s1=0.999982, s2=4.95564]
  * Adjusted p-values: [emp=0.970149, beta=0.970162]

Processing phenotype [ENSG00000103942.8] [48/220]
  * #variants in cis = 4
  * Best hit: [id=15_internal_7354, d=304556, pv=0.132089, s=-0.1557]
  * Maximum Likelihood estimation failed, use Moment Matching instead!
  * Beta parameters: [s1=1.00007, s2=3.75649]
  * Adjusted p-values: [emp=0.442786, beta=0.425449]

Processing phenotype [ENSG00000169612.3] [49/220]
  * #variants in cis = 4
  * Best hit: [id=15_internal_5790, d=378749, pv=0.0106788, s=-0.2399]
  * Maximum Likelihood estimation failed, use Moment Matching instead!
  * Beta parameters: [s1=1.00001, s2=4.24447]
  * Adjusted p-values: [emp=0.0497512, beta=0.0386173]

Processing phenotype [ENSG00000169609.8] [50/220]
  * #variants in cis = 4
  * Best hit: [id=15_internal_5834, d=-80101, pv=0.0302181, s=-0.2318]
  * Maximum Likelihood estimation failed, use Moment Matching instead!
  * Beta parameters: [s1=0.999972, s2=3.35292]
  * Adjusted p-values: [emp=0.144279, beta=0.142458]

Processing phenotype [ENSG00000260608.1] [51/220]
  * #variants in cis = 4
  * Best hit: [id=15_internal_8801, d=0, pv=0.55945, s=0.0630]
  * Maximum Likelihood estimation failed, use Moment Matching instead!
  * Beta parameters: [s1=0.999924, s2=3.7834]
  * Adjusted p-values: [emp=0.960199, beta=0.956602]

Processing phenotype [ENSG00000249214.2] [52/220]
  * #variants in cis = 4
  * Best hit: [id=15_internal_7354, d=-334049, pv=0.463437, s=0.0695]
  * Maximum Likelihood estimation failed, use Moment Matching instead!
  * Beta parameters: [s1=1.00004, s2=4.05569]
  * Adjusted p-values: [emp=0.935323, beta=0.923732]

Processing phenotype [ENSG00000259767.1] [53/220]
  * #variants in cis = 4
  * Best hit: [id=15_internal_7354, d=342983, pv=0.366204, s=0.0905]
  * Maximum Likelihood estimation failed, use Moment Matching instead!
  * Beta parameters: [s1=1.00003, s2=3.58033]
  * Adjusted p-values: [emp=0.810945, beta=0.816113]

Processing phenotype [ENSG00000259308.2] [54/220]
  * #variants in cis = 4
  * Best hit: [id=15_internal_8801, d=0, pv=0.0123565, s=0.2403]
  * Maximum Likelihood estimation failed, use Moment Matching instead!
  * Beta parameters: [s1=0.999984, s2=4.1631]
  * Adjusted p-values: [emp=0.0447761, beta=0.0550766]

Processing phenotype [ENSG00000064726.5] [55/220]
  * #variants in cis = 4
  * Best hit: [id=15_internal_8801, d=13737, pv=0.129085, s=-0.1702]
  * Maximum Likelihood estimation failed, use Moment Matching instead!
  * Beta parameters: [s1=0.999947, s2=3.26747]
  * Adjusted p-values: [emp=0.422886, beta=0.445105]

Processing phenotype [ENSG00000136404.11] [56/220]
  * #variants in cis = 4
  * Best hit: [id=15_internal_5790, d=257549, pv=0.00516809, s=0.2817]
  * Maximum Likelihood estimation failed, use Moment Matching instead!
  * Beta parameters: [s1=1.00001, s2=3.91665]
  * Adjusted p-values: [emp=0.0348259, beta=0.0222668]

Processing phenotype [ENSG00000166503.4] [57/220]
  * #variants in cis = 4
  * Best hit: [id=15_internal_5790, d=-156938, pv=0.0298902, s=0.2098]
  * Maximum Likelihood estimation failed, use Moment Matching instead!
  * Beta parameters: [s1=1.00009, s2=4.35141]
  * Adjusted p-values: [emp=0.104478, beta=0.116308]

Processing phenotype [ENSG00000259726.1] [58/220]
  * #variants in cis = 6
  * Best hit: [id=15_internal_5965, d=383316, pv=0.0130236, s=0.2569]
  * Maximum Likelihood estimation failed, use Moment Matching instead!
  * Beta parameters: [s1=0.999934, s2=4.28404]
  * Adjusted p-values: [emp=0.0845771, beta=0.110078]

Processing phenotype [ENSG00000225151.5] [59/220]
  * #variants in cis = 6
  * Best hit: [id=15_internal_5965, d=-339930, pv=0.103669, s=0.1704]
  * Beta parameters: [s1=0.886718, s2=6.27473]
  * Adjusted p-values: [emp=0.467662, beta=0.495671]

Processing phenotype [ENSG00000184206.7] [60/220]
  * #variants in cis = 6
  * Best hit: [id=15_internal_5626, d=620742, pv=0.00416946, s=0.3006]
  * Beta parameters: [s1=0.992471, s2=5.87323]
  * Adjusted p-values: [emp=0.0298507, beta=0.0313368]

Processing phenotype [ENSG00000230373.4] [61/220]
  * #variants in cis = 8
  * Best hit: [id=15_internal_6815, d=-267155, pv=0.0833591, s=0.1582]
  * Beta parameters: [s1=0.763319, s2=8.77585]
  * Adjusted p-values: [emp=0.517413, beta=0.539283]

Processing phenotype [ENSG00000259244.1] [62/220]
  * #variants in cis = 9
  * Best hit: [id=15_internal_8834, d=-769248, pv=0.283825, s=0.1181]
  * Beta parameters: [s1=0.994801, s2=8.78531]
  * Adjusted p-values: [emp=0.935323, beta=0.941218]

Processing phenotype [ENSG00000259728.1] [63/220]
  * #variants in cis = 9
  * Best hit: [id=15_internal_8834, d=725548, pv=0.116373, s=0.1660]
  * Beta parameters: [s1=0.959806, s2=8.17477]
  * Adjusted p-values: [emp=0.621891, beta=0.613113]

Processing phenotype [ENSG00000189136.4] [64/220]
  * #variants in cis = 9
  * Best hit: [id=15_internal_6815, d=-212753, pv=0.25525, s=0.1179]
  * Beta parameters: [s1=1.05529, s2=7.38591]
  * Adjusted p-values: [emp=0.890547, beta=0.908903]

Processing phenotype [ENSG00000176371.9] [65/220]
  * #variants in cis = 9
  * Best hit: [id=15_internal_8587, d=424953, pv=0.127519, s=-0.1518]
  * Beta parameters: [s1=0.925368, s2=7.03596]
  * Adjusted p-values: [emp=0.686567, beta=0.696145]

Processing phenotype [ENSG00000256278.1] [66/220]
  * #variants in cis = 9
  * Best hit: [id=15_internal_6815, d=-169000, pv=0.0412474, s=0.2009]
  * Beta parameters: [s1=0.895783, s2=8.029]
  * Adjusted p-values: [emp=0.258706, beta=0.26053]

Processing phenotype [ENSG00000176700.15] [67/220]
  * #variants in cis = 9
  * Best hit: [id=15_internal_5965, d=64138, pv=0.0151438, s=-0.2510]
  * Beta parameters: [s1=1.11633, s2=7.7954]
  * Adjusted p-values: [emp=0.124378, beta=0.115781]

Processing phenotype [ENSG00000254779.4] [68/220]
  * #variants in cis = 9
  * Best hit: [id=15_internal_5626, d=348162, pv=0.0424369, s=0.1960]
  * Beta parameters: [s1=1.03587, s2=9.20424]
  * Adjusted p-values: [emp=0.323383, beta=0.311213]

Processing phenotype [ENSG00000254414.1] [69/220]
  * #variants in cis = 9
  * Best hit: [id=15_internal_6815, d=-149982, pv=0.0558351, s=-0.1934]
  * Beta parameters: [s1=1.00681, s2=8.06168]
  * Adjusted p-values: [emp=0.427861, beta=0.412859]

Processing phenotype [ENSG00000177082.8] [70/220]
  * #variants in cis = 9
  * Best hit: [id=15_internal_5965, d=-41246, pv=0.0231399, s=-0.2505]
  * Beta parameters: [s1=0.922428, s2=7.64789]
  * Adjusted p-values: [emp=0.144279, beta=0.183114]

Processing phenotype [ENSG00000197696.5] [71/220]
  * #variants in cis = 9
  * Best hit: [id=15_internal_6980, d=-784408, pv=0.0360894, s=0.2332]
  * Beta parameters: [s1=0.906905, s2=7.66499]
  * Adjusted p-values: [emp=0.283582, beta=0.27552]

Processing phenotype [ENSG00000259654.1] [72/220]
  * #variants in cis = 10
  * Best hit: [id=15_internal_8133, d=901880, pv=0.0577524, s=-0.1720]
  * Beta parameters: [s1=1.06954, s2=8.77024]
  * Adjusted p-values: [emp=0.512438, beta=0.470582]

Processing phenotype [ENSG00000140612.9] [73/220]
  * #variants in cis = 11
  * Best hit: [id=15_internal_8133, d=-871048, pv=0.079487, s=0.1852]
  * Beta parameters: [s1=0.946747, s2=11.0569]
  * Adjusted p-values: [emp=0.616915, beta=0.63624]

Processing phenotype [ENSG00000166716.5] [74/220]
  * #variants in cis = 11
  * Best hit: [id=15_internal_5965, d=-692, pv=0.0240661, s=0.2348]
  * Beta parameters: [s1=1.05803, s2=10.2964]
  * Adjusted p-values: [emp=0.218905, beta=0.22424]

Processing phenotype [ENSG00000259415.1] [75/220]
  * #variants in cis = 11
  * Best hit: [id=15_internal_8834, d=543075, pv=0.0927997, s=0.1820]
  * Beta parameters: [s1=1.02438, s2=9.36211]
  * Adjusted p-values: [emp=0.626866, beta=0.629518]

Processing phenotype [ENSG00000136383.6] [76/220]
  * #variants in cis = 11
  * Best hit: [id=15_internal_5626, d=165356, pv=0.0123859, s=0.2538]
  * Beta parameters: [s1=1.04713, s2=9.56969]
  * Adjusted p-values: [emp=0.124378, beta=0.122549]

Processing phenotype [ENSG00000073417.10] [77/220]
  * #variants in cis = 12
  * Best hit: [id=15_internal_5626, d=1596, pv=0.00762501, s=0.2632]
  * Beta parameters: [s1=0.874167, s2=9.87193]
  * Adjusted p-values: [emp=0.109453, beta=0.113358]

Processing phenotype [ENSG00000259295.2] [78/220]
  * #variants in cis = 12
  * Best hit: [id=15_internal_6980, d=251533, pv=0.00675114, s=-0.2695]
  * Beta parameters: [s1=1.03267, s2=9.50845]
  * Adjusted p-values: [emp=0.114428, beta=0.0957423]

Processing phenotype [ENSG00000229212.3] [79/220]
  * #variants in cis = 12
  * Best hit: [id=15_internal_6980, d=-208176, pv=0.035576, s=-0.2158]
  * Beta parameters: [s1=0.933337, s2=10.459]
  * Adjusted p-values: [emp=0.333333, beta=0.329183]

Processing phenotype [ENSG00000259451.1] [80/220]
  * #variants in cis = 12
  * Best hit: [id=15_internal_8587, d=273263, pv=0.0219667, s=0.2428]
  * Beta parameters: [s1=1.03308, s2=10.3514]
  * Adjusted p-values: [emp=0.258706, beta=0.235867]

Processing phenotype [ENSG00000218052.3] [81/220]
  * #variants in cis = 12
  * Best hit: [id=15_internal_5626, d=291579, pv=0.0375822, s=0.2186]
  * Beta parameters: [s1=1.11389, s2=11.0556]
  * Adjusted p-values: [emp=0.368159, beta=0.332238]

Processing phenotype [ENSG00000170776.15] [82/220]
  * #variants in cis = 12
  * Best hit: [id=15_internal_7601, d=6511, pv=0.00677133, s=0.3173]
  * Beta parameters: [s1=0.960806, s2=13.3727]
  * Adjusted p-values: [emp=0.0945274, beta=0.0728549]

Processing phenotype [ENSG00000259630.2] [83/220]
  * #variants in cis = 12
  * Best hit: [id=15_internal_8587, d=-372975, pv=0.00147708, s=0.3226]
  * Beta parameters: [s1=1.00645, s2=11.2345]
  * Adjusted p-values: [emp=0.0348259, beta=0.0189658]

Processing phenotype [ENSG00000259375.1] [84/220]
  * #variants in cis = 12
  * Best hit: [id=15_internal_7601, d=164954, pv=0.000329868, s=0.3884]
  * Beta parameters: [s1=1.01672, s2=10.7437]
  * Adjusted p-values: [emp=0.00497512, beta=0.00298289]

Processing phenotype [ENSG00000259276.1] [85/220]
  * #variants in cis = 12
  * Best hit: [id=15_internal_6641, d=41495, pv=0.00776488, s=0.3117]
  * Beta parameters: [s1=0.85301, s2=13.9437]
  * Adjusted p-values: [emp=0.0845771, beta=0.0714693]

Processing phenotype [ENSG00000202081.1] [86/220]
  * #variants in cis = 12
  * Best hit: [id=15_internal_5972, d=-32787, pv=0.22677, s=-0.1333]
  * Beta parameters: [s1=1.11344, s2=12.663]
  * Adjusted p-values: [emp=0.950249, beta=0.960191]

Processing phenotype [ENSG00000259367.1] [87/220]
  * #variants in cis = 12
  * Best hit: [id=15_internal_6641, d=84754, pv=0.022447, s=0.2462]
  * Beta parameters: [s1=0.969697, s2=11.4538]
  * Adjusted p-values: [emp=0.238806, beta=0.218311]

Processing phenotype [ENSG00000259453.1] [88/220]
  * #variants in cis = 12
  * Best hit: [id=15_internal_6980, d=-236493, pv=0.074039, s=0.1811]
  * Beta parameters: [s1=1.10078, s2=11.6542]
  * Adjusted p-values: [emp=0.562189, beta=0.545918]

Processing phenotype [ENSG00000259544.1] [89/220]
  * #variants in cis = 12
  * Best hit: [id=15_internal_7601, d=312003, pv=0.00677148, s=0.3109]
  * Beta parameters: [s1=0.961538, s2=11.5922]
  * Adjusted p-values: [emp=0.0597015, beta=0.0580034]

Processing phenotype [ENSG00000259407.1] [90/220]
  * #variants in cis = 11
  * Best hit: [id=15_internal_6641, d=164087, pv=0.0472985, s=0.2309]
  * Beta parameters: [s1=0.992048, s2=11.2999]
  * Adjusted p-values: [emp=0.393035, beta=0.398481]

Processing phenotype [ENSG00000259762.1] [91/220]
  * #variants in cis = 11
  * Best hit: [id=15_internal_8101, d=-172096, pv=0.0247744, s=0.2286]
  * Beta parameters: [s1=0.934042, s2=10.0759]
  * Adjusted p-values: [emp=0.223881, beta=0.202389]

Processing phenotype [ENSG00000259416.2] [92/220]
  * #variants in cis = 11
  * Best hit: [id=15_internal_5972, d=45436, pv=0.12804, s=-0.1635]
  * Beta parameters: [s1=1.08658, s2=9.84362]
  * Adjusted p-values: [emp=0.736318, beta=0.740866]

Processing phenotype [ENSG00000259195.1] [93/220]
  * #variants in cis = 11
  * Best hit: [id=15_internal_6815, d=-941291, pv=0.0654314, s=-0.1729]
  * Beta parameters: [s1=0.977567, s2=11.8671]
  * Adjusted p-values: [emp=0.452736, beta=0.481704]

Processing phenotype [ENSG00000183655.11] [94/220]
  * #variants in cis = 11
  * Best hit: [id=15_internal_8133, d=186748, pv=0.00568888, s=0.2805]
  * Beta parameters: [s1=1.04197, s2=10.3265]
  * Adjusted p-values: [emp=0.0696517, beta=0.0731955]

Processing phenotype [ENSG00000259494.1] [95/220]
  * #variants in cis = 6
  * Best hit: [id=15_internal_9061, d=-894099, pv=0.281082, s=-0.1149]
  * Beta parameters: [s1=1.00848, s2=5.79074]
  * Adjusted p-values: [emp=0.855721, beta=0.855233]

Processing phenotype [ENSG00000181991.11] [96/220]
  * #variants in cis = 6
  * Best hit: [id=15_internal_8467, d=619383, pv=0.36211, s=0.0922]
  * Beta parameters: [s1=0.931971, s2=6.59586]
  * Adjusted p-values: [emp=0.950249, beta=0.941696]

Processing phenotype [ENSG00000173867.7] [97/220]
  * #variants in cis = 6
  * Best hit: [id=15_internal_5839, d=-545754, pv=0.0930893, s=0.1673]
  * Maximum Likelihood estimation failed, use Moment Matching instead!
  * Beta parameters: [s1=0.999878, s2=5.17504]
  * Adjusted p-values: [emp=0.452736, beta=0.457102]

Processing phenotype [ENSG00000140543.9] [98/220]
  * #variants in cis = 6
  * Best hit: [id=15_internal_5935, d=-158202, pv=0.253876, s=-0.1169]
  * Beta parameters: [s1=0.937352, s2=5.45549]
  * Adjusted p-values: [emp=0.800995, beta=0.821502]

Processing phenotype [ENSG00000181026.13] [99/220]
  * #variants in cis = 6
  * Best hit: [id=15_internal_7365, d=-608711, pv=0.132069, s=-0.1564]
  * Beta parameters: [s1=0.968817, s2=6.00498]
  * Adjusted p-values: [emp=0.60199, beta=0.604085]

Processing phenotype [ENSG00000172183.10] [100/220]
  * #variants in cis = 6
  * Best hit: [id=15_internal_8467, d=450683, pv=0.0272975, s=-0.2415]
  * Beta parameters: [s1=1.08198, s2=6.28]
  * Adjusted p-values: [emp=0.134328, beta=0.140021]

Processing phenotype [ENSG00000157766.11] [101/220]
  * #variants in cis = 9
  * Best hit: [id=15_internal_8467, d=283393, pv=0.0448148, s=-0.2314]
  * Beta parameters: [s1=1.04245, s2=8.32361]
  * Adjusted p-values: [emp=0.358209, beta=0.362664]

Processing phenotype [ENSG00000140511.7] [102/220]
  * #variants in cis = 10
  * Best hit: [id=15_internal_7365, d=883041, pv=0.0567476, s=-0.1975]
  * Beta parameters: [s1=1.02844, s2=10.557]
  * Adjusted p-values: [emp=0.378109, beta=0.409355]

Processing phenotype [ENSG00000140545.10] [103/220]
  * #variants in cis = 10
  * Best hit: [id=15_internal_6599, d=655527, pv=0.0633536, s=0.1874]
  * Beta parameters: [s1=1.02055, s2=10.1604]
  * Adjusted p-values: [emp=0.40796, beta=0.403701]

Processing phenotype [ENSG00000140526.12] [104/220]
  * #variants in cis = 11
  * Best hit: [id=15_internal_5839, d=-11058, pv=0.142744, s=0.1620]
  * Beta parameters: [s1=1.00854, s2=9.83972]
  * Adjusted p-values: [emp=0.825871, beta=0.803329]

Processing phenotype [ENSG00000259699.2] [105/220]
  * #variants in cis = 11
  * Best hit: [id=15_internal_5707, d=-644086, pv=0.00796595, s=-0.2692]
  * Beta parameters: [s1=1.14238, s2=10.0623]
  * Adjusted p-values: [emp=0.0547264, beta=0.0742681]

Processing phenotype [ENSG00000259948.2] [106/220]
  * #variants in cis = 13
  * Best hit: [id=15_internal_6769, d=-952612, pv=0.0945393, s=-0.1839]
  * Beta parameters: [s1=0.907169, s2=14.7152]
  * Adjusted p-values: [emp=0.756219, beta=0.753007]

Processing phenotype [ENSG00000140522.7] [107/220]
  * #variants in cis = 13
  * Best hit: [id=15_internal_6217, d=-939571, pv=0.0641121, s=0.1971]
  * Beta parameters: [s1=1.04798, s2=13.2095]
  * Adjusted p-values: [emp=0.572139, beta=0.560552]

Processing phenotype [ENSG00000140525.13] [108/220]
  * #variants in cis = 14
  * Best hit: [id=15_internal_6769, d=910431, pv=0.0387629, s=-0.2192]
  * Beta parameters: [s1=0.906095, s2=14.4219]
  * Adjusted p-values: [emp=0.402985, beta=0.412742]

Processing phenotype [ENSG00000140521.6] [109/220]
  * #variants in cis = 13
  * Best hit: [id=15_internal_6217, d=-826461, pv=0.0225763, s=-0.2578]
  * Beta parameters: [s1=1.00092, s2=11.9558]
  * Adjusted p-values: [emp=0.19403, beta=0.230267]

Processing phenotype [ENSG00000255571.2] [110/220]
  * #variants in cis = 13
  * Best hit: [id=15_internal_8467, d=-209854, pv=0.12223, s=-0.1530]
  * Beta parameters: [s1=1.05356, s2=11.6897]
  * Adjusted p-values: [emp=0.810945, beta=0.829728]

Processing phenotype [ENSG00000140534.9] [111/220]
  * #variants in cis = 16
  * Best hit: [id=15_internal_5935, d=-849034, pv=0.0060245, s=-0.3036]
  * Beta parameters: [s1=0.949143, s2=15.4375]
  * Adjusted p-values: [emp=0.0945274, beta=0.0827452]

Processing phenotype [ENSG00000166813.10] [112/220]
  * #variants in cis = 16
  * Best hit: [id=15_internal_5935, d=929003, pv=0.0345833, s=-0.2263]
  * Beta parameters: [s1=0.833197, s2=16.4068]
  * Adjusted p-values: [emp=0.447761, beta=0.444035]

Processing phenotype [ENSG00000166819.7] [113/220]
  * #variants in cis = 16
  * Best hit: [id=15_internal_6684, d=-771738, pv=0.0321007, s=0.2346]
  * Beta parameters: [s1=1.06515, s2=16.5736]
  * Adjusted p-values: [emp=0.40796, beta=0.381891]

Processing phenotype [ENSG00000166821.4] [114/220]
  * #variants in cis = 17
  * Best hit: [id=15_internal_8008, d=-839676, pv=0.00903717, s=-0.2642]
  * Beta parameters: [s1=1.03578, s2=15.7622]
  * Adjusted p-values: [emp=0.129353, beta=0.136086]

Processing phenotype [ENSG00000259677.1] [115/220]
  * #variants in cis = 19
  * Best hit: [id=15_internal_6769, d=277839, pv=0.0465845, s=-0.2076]
  * Beta parameters: [s1=1.01802, s2=19.6179]
  * Adjusted p-values: [emp=0.597015, beta=0.582629]

Processing phenotype [ENSG00000157823.11] [116/220]
  * #variants in cis = 20
  * Best hit: [id=15_internal_6684, d=-556822, pv=0.0568186, s=-0.2202]
  * Beta parameters: [s1=1.03377, s2=15.7126]
  * Adjusted p-values: [emp=0.676617, beta=0.664763]

Processing phenotype [ENSG00000250021.2] [117/220]
  * #variants in cis = 20
  * Best hit: [id=15_internal_6684, d=-538282, pv=0.0499464, s=-0.2172]
  * Beta parameters: [s1=0.875571, s2=21.5939]
  * Adjusted p-values: [emp=0.621891, beta=0.636343]

Processing phenotype [ENSG00000140548.5] [118/220]
  * #variants in cis = 21
  * Best hit: [id=15_internal_6397, d=841992, pv=0.0667485, s=-0.1714]
  * Beta parameters: [s1=1.02486, s2=17.3345]
  * Adjusted p-values: [emp=0.741294, beta=0.772015]

Processing phenotype [ENSG00000259291.1] [119/220]
  * #variants in cis = 20
  * Best hit: [id=15_internal_6769, d=-72172, pv=0.0814715, s=-0.1678]
  * Beta parameters: [s1=1.03648, s2=19.0396]
  * Adjusted p-values: [emp=0.771144, beta=0.772483]

Processing phenotype [ENSG00000182054.5] [120/220]
  * #variants in cis = 20
  * Best hit: [id=15_internal_6882, d=0, pv=0.0690427, s=0.1963]
  * Beta parameters: [s1=1.0254, s2=20.2559]
  * Adjusted p-values: [emp=0.766169, beta=0.786233]

Processing phenotype [ENSG00000185033.10] [121/220]
  * #variants in cis = 19
  * Best hit: [id=15_internal_6217, d=717, pv=0.00286324, s=0.3253]
  * Beta parameters: [s1=0.925655, s2=27.9487]
  * Adjusted p-values: [emp=0.0547264, beta=0.0431598]

Processing phenotype [ENSG00000225193.5] [122/220]
  * #variants in cis = 19
  * Best hit: [id=15_internal_6217, d=-12535, pv=0.00157292, s=0.3235]
  * Beta parameters: [s1=1.01507, s2=15.919]
  * Adjusted p-values: [emp=0.039801, beta=0.0299794]

Processing phenotype [ENSG00000183208.8] [123/220]
  * #variants in cis = 19
  * Best hit: [id=15_internal_6769, d=0, pv=0.139238, s=-0.1516]
  * Beta parameters: [s1=0.989044, s2=22.2018]
  * Adjusted p-values: [emp=0.955224, beta=0.93713]

Processing phenotype [ENSG00000185043.6] [124/220]
  * #variants in cis = 19
  * Best hit: [id=15_internal_6044, d=391323, pv=0.0148649, s=0.2474]
  * Beta parameters: [s1=0.953107, s2=18.1923]
  * Adjusted p-values: [emp=0.228856, beta=0.236745]

Processing phenotype [ENSG00000259894.1] [125/220]
  * #variants in cis = 20
  * Best hit: [id=15_internal_6101, d=159931, pv=0.116489, s=-0.1635]
  * Beta parameters: [s1=1.00234, s2=16.4167]
  * Adjusted p-values: [emp=0.910448, beta=0.908276]

Processing phenotype [ENSG00000213471.4] [126/220]
  * #variants in cis = 20
  * Best hit: [id=15_internal_7418, d=435670, pv=0.0650326, s=0.1941]
  * Beta parameters: [s1=0.954415, s2=23.4641]
  * Adjusted p-values: [emp=0.686567, beta=0.708967]

Processing phenotype [ENSG00000261147.1] [127/220]
  * #variants in cis = 20
  * Best hit: [id=15_internal_7684, d=584964, pv=0.103239, s=0.1898]
  * Beta parameters: [s1=0.844138, s2=14.6331]
  * Adjusted p-values: [emp=0.860697, beta=0.854199]

Processing phenotype [ENSG00000182768.7] [128/220]
  * #variants in cis = 20
  * Best hit: [id=15_internal_6882, d=-69175, pv=0.190086, s=-0.1416]
  * Beta parameters: [s1=0.921569, s2=21.4937]
  * Adjusted p-values: [emp=0.9801, beta=0.974528]

Processing phenotype [ENSG00000228998.3] [129/220]
  * #variants in cis = 20
  * Best hit: [id=15_internal_6604, d=-336052, pv=0.00574347, s=-0.2985]
  * Beta parameters: [s1=1.04168, s2=21.1558]
  * Adjusted p-values: [emp=0.079602, beta=0.0804564]

Processing phenotype [ENSG00000196391.6] [130/220]
  * #variants in cis = 22
  * Best hit: [id=15_internal_6734, d=-498742, pv=0.141857, s=0.1423]
  * Beta parameters: [s1=1.03036, s2=19.6771]
  * Adjusted p-values: [emp=0.960199, beta=0.948213]

Processing phenotype [ENSG00000140575.8] [131/220]
  * #variants in cis = 23
  * Best hit: [id=15_internal_9061, d=-945448, pv=0.00590431, s=-0.2982]
  * Beta parameters: [s1=1.02935, s2=23.7341]
  * Adjusted p-values: [emp=0.104478, beta=0.103237]

Processing phenotype [ENSG00000259177.1] [132/220]
  * #variants in cis = 23
  * Best hit: [id=15_internal_7418, d=-287319, pv=0.0229912, s=-0.2334]
  * Beta parameters: [s1=0.842025, s2=21.9288]
  * Adjusted p-values: [emp=0.373134, beta=0.397042]

Processing phenotype [ENSG00000140577.11] [133/220]
  * #variants in cis = 22
  * Best hit: [id=15_internal_8008, d=533, pv=0.000933479, s=0.3586]
  * Beta parameters: [s1=1.10581, s2=25.7302]
  * Adjusted p-values: [emp=0.00995025, beta=0.0119994]

Processing phenotype [ENSG00000259212.1] [134/220]
  * #variants in cis = 23
  * Best hit: [id=15_internal_6397, d=-246937, pv=0.0508286, s=-0.1945]
  * Beta parameters: [s1=0.961845, s2=24.4607]
  * Adjusted p-values: [emp=0.701493, beta=0.710247]

Processing phenotype [ENSG00000259314.1] [135/220]
  * #variants in cis = 23
  * Best hit: [id=15_internal_8008, d=0, pv=0.036581, s=0.2148]
  * Beta parameters: [s1=0.964934, s2=23.4671]
  * Adjusted p-values: [emp=0.577114, beta=0.56283]

Processing phenotype [ENSG00000259746.1] [136/220]
  * #variants in cis = 23
  * Best hit: [id=15_internal_5762, d=255631, pv=0.0349236, s=-0.2194]
  * Beta parameters: [s1=0.899415, s2=21.0955]
  * Adjusted p-values: [emp=0.502488, beta=0.536584]

Processing phenotype [ENSG00000259736.1] [137/220]
  * #variants in cis = 24
  * Best hit: [id=15_internal_6044, d=874416, pv=0.00241688, s=0.2977]
  * Beta parameters: [s1=0.965593, s2=22.4991]
  * Adjusted p-values: [emp=0.0597015, beta=0.0526343]

Processing phenotype [ENSG00000197299.6] [138/220]
  * #variants in cis = 24
  * Best hit: [id=15_internal_6734, d=-863823, pv=0.00934031, s=-0.2563]
  * Beta parameters: [s1=1.02886, s2=22.0019]
  * Adjusted p-values: [emp=0.233831, beta=0.20311]

Processing phenotype [ENSG00000140564.6] [139/220]
  * #variants in cis = 22
  * Best hit: [id=15_internal_8127, d=515260, pv=0.0233974, s=0.2427]
  * Beta parameters: [s1=0.965478, s2=26.6717]
  * Adjusted p-values: [emp=0.517413, beta=0.470608]

Processing phenotype [ENSG00000259260.1] [140/220]
  * #variants in cis = 22
  * Best hit: [id=15_internal_6217, d=689419, pv=0.0102163, s=-0.2649]
  * Beta parameters: [s1=0.823716, s2=19.5728]
  * Adjusted p-values: [emp=0.21393, beta=0.209544]

Processing phenotype [ENSG00000182511.7] [141/220]
  * #variants in cis = 22
  * Best hit: [id=15_internal_7684, d=-7571, pv=0.0052718, s=0.3082]
  * Beta parameters: [s1=1.07577, s2=17.8509]
  * Adjusted p-values: [emp=0.0845771, beta=0.0931169]

Processing phenotype [ENSG00000196547.9] [142/220]
  * #variants in cis = 21
  * Best hit: [id=15_internal_8127, d=481634, pv=0.0354561, s=0.2143]
  * Beta parameters: [s1=1.01935, s2=18.1597]
  * Adjusted p-values: [emp=0.527363, beta=0.524512]

Processing phenotype [ENSG00000259661.1] [143/220]
  * #variants in cis = 21
  * Best hit: [id=15_internal_8215, d=-773236, pv=0.0431629, s=0.2063]
  * Beta parameters: [s1=1.00597, s2=16.1893]
  * Adjusted p-values: [emp=0.631841, beta=0.61408]

Processing phenotype [ENSG00000140553.11] [144/220]
  * #variants in cis = 21
  * Best hit: [id=15_internal_8008, d=-287582, pv=0.0150659, s=0.2532]
  * Beta parameters: [s1=0.942702, s2=17.6189]
  * Adjusted p-values: [emp=0.323383, beta=0.287323]

Processing phenotype [ENSG00000184508.6] [145/220]
  * #variants in cis = 21
  * Best hit: [id=15_internal_6504, d=0, pv=0.00326982, s=0.3175]
  * Beta parameters: [s1=0.956116, s2=17.9403]
  * Adjusted p-values: [emp=0.0945274, beta=0.0848704]

Processing phenotype [ENSG00000166965.8] [146/220]
  * #variants in cis = 21
  * Best hit: [id=15_internal_6397, d=-89909, pv=0.0604271, s=0.1916]
  * Beta parameters: [s1=1.04427, s2=21.7839]
  * Adjusted p-values: [emp=0.766169, beta=0.751831]

Processing phenotype [ENSG00000258384.1] [147/220]
  * #variants in cis = 21
  * Best hit: [id=15_internal_6101, d=534470, pv=0.0350647, s=-0.2370]
  * Beta parameters: [s1=1.12128, s2=19.2078]
  * Adjusted p-values: [emp=0.522388, beta=0.506245]

Processing phenotype [ENSG00000258725.1] [148/220]
  * #variants in cis = 21
  * Best hit: [id=15_internal_6397, d=-101384, pv=0.181714, s=0.1241]
  * Beta parameters: [s1=1.00376, s2=19.1033]
  * Adjusted p-values: [emp=0.99005, beta=0.983848]

Processing phenotype [ENSG00000198901.9] [149/220]
  * #variants in cis = 21
  * Best hit: [id=15_internal_7418, d=292848, pv=0.0401794, s=-0.1909]
  * Beta parameters: [s1=1.08828, s2=17.1851]
  * Adjusted p-values: [emp=0.537313, beta=0.53311]

Processing phenotype [ENSG00000184056.9] [150/220]
  * #variants in cis = 22
  * Best hit: [id=15_internal_6882, d=826117, pv=0.148533, s=-0.1448]
  * Beta parameters: [s1=1.18848, s2=22.7196]
  * Adjusted p-values: [emp=0.955224, beta=0.969336]

Processing phenotype [ENSG00000214432.5] [151/220]
  * #variants in cis = 22
  * Best hit: [id=15_internal_6997, d=526557, pv=0.153104, s=0.1543]
  * Beta parameters: [s1=0.842082, s2=21.4481]
  * Adjusted p-values: [emp=0.9801, beta=0.967076]

Processing phenotype [ENSG00000185518.7] [152/220]
  * #variants in cis = 22
  * Best hit: [id=15_internal_6997, d=449226, pv=0.000652103, s=0.3414]
  * Beta parameters: [s1=0.890054, s2=15.7449]
  * Adjusted p-values: [emp=0.0547264, beta=0.0343866]

Processing phenotype [ENSG00000258551.1] [153/220]
  * #variants in cis = 18
  * Best hit: [id=15_internal_8127, d=0, pv=8.44557e-05, s=0.3975]
  * Beta parameters: [s1=0.946842, s2=15.3858]
  * Adjusted p-values: [emp=0.00497512, beta=0.000935946]

Processing phenotype [ENSG00000176463.8] [154/220]
  * #variants in cis = 16
  * Best hit: [id=15_internal_7745, d=80316, pv=0.00502022, s=0.2984]
  * Beta parameters: [s1=0.971879, s2=13.0648]
  * Adjusted p-values: [emp=0.0646766, beta=0.0702551]

Processing phenotype [ENSG00000258761.1] [155/220]
  * #variants in cis = 16
  * Best hit: [id=15_internal_6933, d=89288, pv=0.0775775, s=0.1811]
  * Beta parameters: [s1=0.920952, s2=14.7411]
  * Adjusted p-values: [emp=0.656716, beta=0.658259]

Processing phenotype [ENSG00000260661.1] [156/220]
  * #variants in cis = 15
  * Best hit: [id=15_internal_8215, d=624257, pv=0.136374, s=-0.1582]
  * Beta parameters: [s1=0.920965, s2=12.2581]
  * Adjusted p-values: [emp=0.860697, beta=0.851817]

Processing phenotype [ENSG00000253954.2] [157/220]
  * #variants in cis = 11
  * Best hit: [id=15_internal_6914, d=0, pv=0.00625553, s=-0.2938]
  * Beta parameters: [s1=0.997861, s2=11.1227]
  * Adjusted p-values: [emp=0.0547264, beta=0.0535987]

Processing phenotype [ENSG00000260361.1] [158/220]
  * #variants in cis = 11
  * Best hit: [id=15_internal_6933, d=698344, pv=0.0119245, s=0.2674]
  * Beta parameters: [s1=0.984651, s2=11.9061]
  * Adjusted p-values: [emp=0.119403, beta=0.118392]

Processing phenotype [ENSG00000258382.1] [159/220]
  * #variants in cis = 11
  * Best hit: [id=15_internal_5971, d=-228226, pv=0.00245357, s=0.3112]
  * Beta parameters: [s1=1.00212, s2=11.4409]
  * Adjusted p-values: [emp=0.0199005, beta=0.0265353]

Processing phenotype [ENSG00000258527.1] [160/220]
  * #variants in cis = 11
  * Best hit: [id=15_internal_6933, d=-712499, pv=0.0343664, s=0.2223]
  * Beta parameters: [s1=1.02405, s2=15.3888]
  * Adjusted p-values: [emp=0.328358, beta=0.304962]

Processing phenotype [ENSG00000258922.1] [161/220]
  * #variants in cis = 11
  * Best hit: [id=15_internal_7745, d=763891, pv=0.00467649, s=-0.3102]
  * Beta parameters: [s1=1.11374, s2=10.4945]
  * Adjusted p-values: [emp=0.039801, beta=0.0435173]

Processing phenotype [ENSG00000185442.6] [162/220]
  * #variants in cis = 11
  * Best hit: [id=15_internal_6048, d=74610, pv=3.58374e-07, s=0.5072]
  * Beta parameters: [s1=1.05418, s2=10.4031]
  * Adjusted p-values: [emp=0.00497512, beta=1.26402e-06]

Processing phenotype [ENSG00000173575.11] [163/220]
  * #variants in cis = 11
  * Best hit: [id=15_internal_5971, d=133991, pv=0.105235, s=0.1825]
  * Beta parameters: [s1=0.947797, s2=10.0478]
  * Adjusted p-values: [emp=0.716418, beta=0.705416]

Processing phenotype [ENSG00000264173.1] [164/220]
  * #variants in cis = 11
  * Best hit: [id=15_internal_7745, d=-859723, pv=0.0721942, s=0.1868]
  * Beta parameters: [s1=0.997883, s2=10.0364]
  * Adjusted p-values: [emp=0.577114, beta=0.589599]

Processing phenotype [ENSG00000140563.10] [165/220]
  * #variants in cis = 4
  * Best hit: [id=15_internal_8831, d=0, pv=0.000509175, s=0.3965]
  * Maximum Likelihood estimation failed, use Moment Matching instead!
  * Beta parameters: [s1=1.00002, s2=4.44771]
  * Adjusted p-values: [emp=0.00995025, beta=0.000660411]

Processing phenotype [ENSG00000260359.1] [166/220]
  * #variants in cis = 3
  * Best hit: [id=15_internal_8831, d=-92411, pv=0.0065017, s=0.2903]
  * Maximum Likelihood estimation failed, use Moment Matching instead!
  * Beta parameters: [s1=0.999948, s2=2.55054]
  * Adjusted p-values: [emp=0.0298507, beta=0.0251505]

Processing phenotype [ENSG00000260521.2] [167/220]
  * #variants in cis = 3
  * Best hit: [id=15_internal_8831, d=-467074, pv=0.293251, s=0.1144]
  * Maximum Likelihood estimation failed, use Moment Matching instead!
  * Beta parameters: [s1=0.999915, s2=3.06494]
  * Adjusted p-values: [emp=0.676617, beta=0.671326]

Processing phenotype [ENSG00000140450.7] [168/220]
  * #variants in cis = 4
  * Best hit: [id=15_internal_7505, d=39879, pv=5.97307e-08, s=0.5078]
  * Maximum Likelihood estimation failed, use Moment Matching instead!
  * Beta parameters: [s1=0.999965, s2=4.59878]
  * Adjusted p-values: [emp=0.00497512, beta=3.1426e-08]

Processing phenotype [ENSG00000259424.1] [169/220]
  * #variants in cis = 13
  * Best hit: [id=15_internal_8052, d=-693518, pv=0.0123609, s=0.2455]
  * Beta parameters: [s1=0.967895, s2=11.7764]
  * Adjusted p-values: [emp=0.154229, beta=0.143033]

Processing phenotype [ENSG00000140443.9] [170/220]
  * #variants in cis = 13
  * Best hit: [id=15_internal_8052, d=691918, pv=0.00966872, s=0.2565]
  * Beta parameters: [s1=1.01598, s2=13.4289]
  * Adjusted p-values: [emp=0.109453, beta=0.124943]

Processing phenotype [ENSG00000264480.1] [171/220]
  * #variants in cis = 13
  * Best hit: [id=15_internal_5551, d=688862, pv=0.187008, s=-0.1384]
  * Beta parameters: [s1=1.04315, s2=11.3355]
  * Adjusted p-values: [emp=0.940299, beta=0.912463]

Processing phenotype [ENSG00000259621.1] [172/220]
  * #variants in cis = 14
  * Best hit: [id=15_internal_8052, d=-447354, pv=0.2078, s=0.1309]
  * Beta parameters: [s1=0.878455, s2=12.8983]
  * Adjusted p-values: [emp=0.965174, beta=0.951182]

Processing phenotype [ENSG00000183571.9] [173/220]
  * #variants in cis = 14
  * Best hit: [id=15_internal_7670, d=-357920, pv=0.0644799, s=0.1979]
  * Beta parameters: [s1=0.86316, s2=15.1932]
  * Adjusted p-values: [emp=0.542289, beta=0.585994]

Processing phenotype [ENSG00000182253.10] [174/220]
  * #variants in cis = 13
  * Best hit: [id=15_internal_7382, d=334195, pv=0.0557905, s=0.2102]
  * Beta parameters: [s1=0.981109, s2=11.0043]
  * Adjusted p-values: [emp=0.497512, beta=0.47363]

Processing phenotype [ENSG00000259475.1] [175/220]
  * #variants in cis = 13
  * Best hit: [id=15_internal_8693, d=195817, pv=0.0199443, s=0.2409]
  * Beta parameters: [s1=1.16078, s2=10.6017]
  * Adjusted p-values: [emp=0.238806, beta=0.206073]

Processing phenotype [ENSG00000261054.1] [176/220]
  * #variants in cis = 13
  * Best hit: [id=15_internal_7382, d=-300604, pv=0.0458123, s=0.2182]
  * Beta parameters: [s1=1.08952, s2=9.92778]
  * Adjusted p-values: [emp=0.402985, beta=0.417629]

Processing phenotype [ENSG00000261616.1] [177/220]
  * #variants in cis = 13
  * Best hit: [id=15_internal_6996, d=-9528, pv=0.00753473, s=0.2973]
  * Beta parameters: [s1=1.00291, s2=16.0972]
  * Adjusted p-values: [emp=0.0995025, beta=0.088831]

Processing phenotype [ENSG00000103852.8] [178/220]
  * #variants in cis = 12
  * Best hit: [id=15_internal_7670, d=-117516, pv=0.0779316, s=0.1909]
  * Beta parameters: [s1=1.03348, s2=10.5246]
  * Adjusted p-values: [emp=0.587065, beta=0.598422]

Processing phenotype [ENSG00000168904.10] [179/220]
  * #variants in cis = 12
  * Best hit: [id=15_internal_8614, d=554874, pv=0.127809, s=0.1637]
  * Beta parameters: [s1=1.00999, s2=9.3678]
  * Adjusted p-values: [emp=0.721393, beta=0.741727]

Processing phenotype [ENSG00000259706.1] [180/220]
  * #variants in cis = 12
  * Best hit: [id=15_internal_7591, d=344187, pv=0.03681, s=-0.2174]
  * Beta parameters: [s1=0.977217, s2=8.85869]
  * Adjusted p-values: [emp=0.283582, beta=0.312692]

Processing phenotype [ENSG00000259228.1] [181/220]
  * #variants in cis = 12
  * Best hit: [id=15_internal_7382, d=-146834, pv=0.0534153, s=0.1984]
  * Beta parameters: [s1=1.03177, s2=10.8922]
  * Adjusted p-values: [emp=0.537313, beta=0.517961]

Processing phenotype [ENSG00000259257.1] [182/220]
  * #variants in cis = 12
  * Best hit: [id=15_internal_8693, d=-427849, pv=0.123414, s=0.1591]
  * Beta parameters: [s1=1.02519, s2=9.41983]
  * Adjusted p-values: [emp=0.746269, beta=0.736999]

Processing phenotype [ENSG00000259590.1] [183/220]
  * #variants in cis = 13
  * Best hit: [id=15_internal_7591, d=-205226, pv=0.0743604, s=0.1953]
  * Beta parameters: [s1=0.975982, s2=12.0466]
  * Adjusted p-values: [emp=0.60199, beta=0.603365]

Processing phenotype [ENSG00000259760.1] [184/220]
  * #variants in cis = 13
  * Best hit: [id=15_internal_7591, d=-200504, pv=0.0796602, s=0.1734]
  * Beta parameters: [s1=0.994806, s2=13.1544]
  * Adjusted p-values: [emp=0.621891, beta=0.594478]

Processing phenotype [ENSG00000068305.12] [185/220]
  * #variants in cis = 13
  * Best hit: [id=15_internal_6254, d=135183, pv=3.04655e-06, s=0.4831]
  * Beta parameters: [s1=1.01647, s2=12.2003]
  * Adjusted p-values: [emp=0.00497512, beta=2.24783e-05]

Processing phenotype [ENSG00000201724.1] [186/220]
  * #variants in cis = 14
  * Best hit: [id=15_internal_5870, d=226239, pv=0.00626994, s=0.2822]
  * Beta parameters: [s1=1.03747, s2=12.2317]
  * Adjusted p-values: [emp=0.0845771, beta=0.0723303]

Processing phenotype [ENSG00000214397.2] [187/220]
  * #variants in cis = 14
  * Best hit: [id=15_internal_5551, d=230561, pv=0.0109302, s=0.2587]
  * Beta parameters: [s1=0.937196, s2=11.0981]
  * Adjusted p-values: [emp=0.144279, beta=0.15377]

Processing phenotype [ENSG00000183060.10] [188/220]
  * #variants in cis = 14
  * Best hit: [id=15_internal_6254, d=74757, pv=0.000317176, s=0.3737]
  * Beta parameters: [s1=0.99765, s2=13.1295]
  * Adjusted p-values: [emp=0.00497512, beta=0.00294051]

Processing phenotype [ENSG00000259655.1] [189/220]
  * #variants in cis = 14
  * Best hit: [id=15_internal_8614, d=15109, pv=0.000115219, s=0.3791]
  * Beta parameters: [s1=1.00801, s2=12.3184]
  * Adjusted p-values: [emp=0.00995025, beta=0.00123713]

Processing phenotype [ENSG00000182397.9] [190/220]
  * #variants in cis = 14
  * Best hit: [id=15_internal_8614, d=0, pv=0.00246707, s=0.3178]
  * Beta parameters: [s1=1.0764, s2=11.5769]
  * Adjusted p-values: [emp=0.0298507, beta=0.0377166]

Processing phenotype [ENSG00000259363.1] [191/220]
  * #variants in cis = 14
  * Best hit: [id=15_internal_6582, d=785168, pv=0.326339, s=0.1079]
  * Beta parameters: [s1=1.03454, s2=9.90547]
  * Adjusted p-values: [emp=0.99005, beta=0.989924]

Processing phenotype [ENSG00000254744.3] [192/220]
  * #variants in cis = 14
  * Best hit: [id=15_internal_8614, d=0, pv=0.0190328, s=0.2232]
  * Beta parameters: [s1=1.06185, s2=17.1106]
  * Adjusted p-values: [emp=0.19403, beta=0.207973]

Processing phenotype [ENSG00000259219.1] [193/220]
  * #variants in cis = 14
  * Best hit: [id=15_internal_8614, d=0, pv=0.0234525, s=0.2503]
  * Beta parameters: [s1=0.990186, s2=12.1895]
  * Adjusted p-values: [emp=0.243781, beta=0.246713]

Processing phenotype [ENSG00000259356.1] [194/220]
  * #variants in cis = 15
  * Best hit: [id=15_internal_8614, d=-13554, pv=0.0390415, s=0.2264]
  * Beta parameters: [s1=1.04016, s2=14.7453]
  * Adjusted p-values: [emp=0.447761, beta=0.45533]

Processing phenotype [ENSG00000140470.9] [195/220]
  * #variants in cis = 14
  * Best hit: [id=15_internal_8311, d=-7503, pv=0.00386701, s=0.3356]
  * Beta parameters: [s1=1.02593, s2=13.1321]
  * Adjusted p-values: [emp=0.0547264, beta=0.0503263]

Processing phenotype [ENSG00000189419.5] [196/220]
  * #variants in cis = 14
  * Best hit: [id=15_internal_8311, d=0, pv=0.00549393, s=0.2888]
  * Beta parameters: [s1=0.932197, s2=13.5621]
  * Adjusted p-values: [emp=0.079602, beta=0.082645]

Processing phenotype [ENSG00000154227.8] [197/220]
  * #variants in cis = 9
  * Best hit: [id=15_internal_6582, d=-47196, pv=0.037909, s=-0.2275]
  * Beta parameters: [s1=0.902064, s2=8.11474]
  * Adjusted p-values: [emp=0.248756, beta=0.24257]

Processing phenotype [ENSG00000251819.1] [198/220]
  * #variants in cis = 9
  * Best hit: [id=15_internal_7591, d=918472, pv=0.453304, s=-0.0726]
  * Beta parameters: [s1=1.01936, s2=8.04251]
  * Adjusted p-values: [emp=1, beta=0.992925]

Processing phenotype [ENSG00000259540.1] [199/220]
  * #variants in cis = 9
  * Best hit: [id=15_internal_6254, d=-899873, pv=0.126326, s=0.1613]
  * Beta parameters: [s1=1.05746, s2=10.5647]
  * Adjusted p-values: [emp=0.661692, beta=0.672683]

Processing phenotype [ENSG00000259205.2] [200/220]
  * #variants in cis = 9
  * Best hit: [id=15_internal_6254, d=900150, pv=0.357007, s=0.0930]
  * Beta parameters: [s1=1.01909, s2=9.00064]
  * Adjusted p-values: [emp=0.985075, beta=0.979011]

Processing phenotype [ENSG00000183475.8] [201/220]
  * #variants in cis = 9
  * Best hit: [id=15_internal_8766, d=414558, pv=0.0469332, s=0.2137]
  * Beta parameters: [s1=0.80246, s2=9.18913]
  * Adjusted p-values: [emp=0.278607, beta=0.31039]

Processing phenotype [ENSG00000140471.12] [202/220]
  * #variants in cis = 9
  * Best hit: [id=15_internal_6254, d=944426, pv=7.14286e-05, s=0.4040]
  * Beta parameters: [s1=1.02705, s2=7.00307]
  * Adjusted p-values: [emp=0.00995025, beta=0.00110342]

Processing phenotype [ENSG00000212306.1] [203/220]
  * #variants in cis = 7
  * Best hit: [id=15_internal_8614, d=-525811, pv=0.0746117, s=-0.1905]
  * Beta parameters: [s1=1.01865, s2=7.58187]
  * Adjusted p-values: [emp=0.38806, beta=0.384206]

Processing phenotype [ENSG00000259381.2] [204/220]
  * #variants in cis = 8
  * Best hit: [id=15_internal_8766, d=-370437, pv=0.00275296, s=0.3138]
  * Beta parameters: [s1=1.03643, s2=6.64978]
  * Adjusted p-values: [emp=0.0248756, beta=0.0196609]

Processing phenotype [ENSG00000232386.4] [205/220]
  * #variants in cis = 7
  * Best hit: [id=15_internal_6582, d=-235637, pv=0.0242395, s=0.2126]
  * Beta parameters: [s1=1.01765, s2=8.23251]
  * Adjusted p-values: [emp=0.139303, beta=0.122923]

Processing phenotype [ENSG00000154237.8] [206/220]
  * #variants in cis = 7
  * Best hit: [id=15_internal_6582, d=-305291, pv=0.0774349, s=-0.1850]
  * Beta parameters: [s1=0.871924, s2=6.98361]
  * Adjusted p-values: [emp=0.457711, beta=0.44956]

Processing phenotype [ENSG00000131873.5] [207/220]
  * #variants in cis = 7
  * Best hit: [id=15_internal_8443, d=0, pv=0.144116, s=0.1637]
  * Beta parameters: [s1=0.965172, s2=6.82834]
  * Adjusted p-values: [emp=0.646766, beta=0.667712]

Processing phenotype [ENSG00000131871.9] [208/220]
  * #variants in cis = 7
  * Best hit: [id=15_internal_8311, d=703983, pv=0.20307, s=0.1350]
  * Beta parameters: [s1=1.03746, s2=7.13712]
  * Adjusted p-values: [emp=0.79602, beta=0.778154]

Processing phenotype [ENSG00000131876.12] [209/220]
  * #variants in cis = 7
  * Best hit: [id=15_internal_8766, d=223871, pv=0.0646312, s=-0.2043]
  * Beta parameters: [s1=0.996763, s2=7.04477]
  * Adjusted p-values: [emp=0.358209, beta=0.358294]

Processing phenotype [ENSG00000259172.1] [210/220]
  * #variants in cis = 7
  * Best hit: [id=15_internal_6582, d=-681495, pv=0.0333801, s=-0.2192]
  * Maximum Likelihood estimation failed, use Moment Matching instead!
  * Beta parameters: [s1=1.00004, s2=5.32514]
  * Adjusted p-values: [emp=0.20398, beta=0.21816]

Processing phenotype [ENSG00000140479.12] [211/220]
  * #variants in cis = 7
  * Best hit: [id=15_internal_6582, d=911276, pv=0.194843, s=-0.1393]
  * Beta parameters: [s1=1.07323, s2=7.47461]
  * Adjusted p-values: [emp=0.771144, beta=0.765244]

Processing phenotype [ENSG00000252614.1] [212/220]
  * #variants in cis = 5
  * Best hit: [id=15_internal_6936, d=-313485, pv=0.290646, s=0.1120]
  * Maximum Likelihood estimation failed, use Moment Matching instead!
  * Beta parameters: [s1=1.00011, s2=4.46072]
  * Adjusted p-values: [emp=0.80597, beta=0.824855]

Processing phenotype [ENSG00000184277.8] [213/220]
  * #variants in cis = 5
  * Best hit: [id=15_internal_6936, d=-309406, pv=0.0837798, s=-0.1862]
  * Maximum Likelihood estimation failed, use Moment Matching instead!
  * Beta parameters: [s1=0.999932, s2=4.08258]
  * Adjusted p-values: [emp=0.402985, beta=0.406981]

Processing phenotype [ENSG00000185418.11] [214/220]
  * #variants in cis = 5
  * Best hit: [id=15_internal_6936, d=-237193, pv=0.180612, s=-0.1488]
  * Beta parameters: [s1=0.937453, s2=5.93565]
  * Adjusted p-values: [emp=0.676617, beta=0.638112]

Processing phenotype [ENSG00000259658.1] [215/220]
  * #variants in cis = 5
  * Best hit: [id=15_internal_6799, d=86857, pv=0.00342885, s=0.2861]
  * Maximum Likelihood estimation failed, use Moment Matching instead!
  * Beta parameters: [s1=1.00001, s2=4.89347]
  * Adjusted p-values: [emp=0.0149254, beta=0.0238979]

Processing phenotype [ENSG00000259660.2] [216/220]
  * #variants in cis = 5
  * Best hit: [id=15_internal_6936, d=210765, pv=0.0185167, s=0.2409]
  * Maximum Likelihood estimation failed, use Moment Matching instead!
  * Beta parameters: [s1=0.999956, s2=4.5545]
  * Adjusted p-values: [emp=0.104478, beta=0.090786]

Processing phenotype [ENSG00000240927.2] [217/220]
  * #variants in cis = 5
  * Best hit: [id=15_internal_9022, d=813150, pv=0.209132, s=0.1288]
  * Maximum Likelihood estimation failed, use Moment Matching instead!
  * Beta parameters: [s1=0.999941, s2=4.68645]
  * Adjusted p-values: [emp=0.696517, beta=0.69328]

Processing phenotype [ENSG00000259236.1] [218/220]
  * #variants in cis = 5
  * Best hit: [id=15_internal_6936, d=-179808, pv=0.150785, s=0.1539]
  * Maximum Likelihood estimation failed, use Moment Matching instead!
  * Beta parameters: [s1=1.00002, s2=4.62734]
  * Adjusted p-values: [emp=0.542289, beta=0.538944]

Processing phenotype [ENSG00000185596.11] [219/220]
  * #variants in cis = 4
  * Best hit: [id=15_internal_6936, d=644, pv=5.49084e-08, s=0.5439]
  * Maximum Likelihood estimation failed, use Moment Matching instead!
  * Beta parameters: [s1=0.999938, s2=4.09659]
  * Adjusted p-values: [emp=0.00497512, beta=2.10811e-07]

Processing phenotype [ENSG00000248472.4] [220/220]
  * #variants in cis = 4
  * Best hit: [id=15_internal_6936, d=12766, pv=0.027005, s=0.2511]
  * Maximum Likelihood estimation failed, use Moment Matching instead!
  * Beta parameters: [s1=0.999982, s2=3.22151]
  * Adjusted p-values: [emp=0.119403, beta=0.130625]

Running time: 2 seconds
