Sender: LSF System <lsfadmin@cpt09>
Subject: Job 974013: </data/unige/funpopgen/odelanea/SGX/V2/binaries/qtltools/bin/QTLtools cis --vcf /data/unige/funpopgen/grey2/SYSCID/BLUEPRINT_DATA/CRD/THREE_CELL_TYPES/CLOMICS/CELL_TYPE_COMPARISON_GENE_CRD_ASSOCIATIONS/quantify/73_vs_72_ALL.ALLchr.mean.txt.gz --bed /data/unige/funpopgen/grey2/SYSCID/BLUEPRINT_DATA/CRD/THREE_CELL_TYPES/QTL_TOOLS/EGAD00001002671_v3.0/EGAD00001002671_RNA.PC10.bed.gz --permute 200 --chunk 70 100 --out /data/unige/funpopgen/grey2/SYSCID/BLUEPRINT_DATA/CRD/THREE_CELL_TYPES/CLOMICS/CELL_TYPE_COMPARISON_GENE_CRD_ASSOCIATIONS/mapping_aCRD_gene/73_vs_72/gene_CRD_mean_chunk70\.txt> in cluster <ug> Done

Job </data/unige/funpopgen/odelanea/SGX/V2/binaries/qtltools/bin/QTLtools cis --vcf /data/unige/funpopgen/grey2/SYSCID/BLUEPRINT_DATA/CRD/THREE_CELL_TYPES/CLOMICS/CELL_TYPE_COMPARISON_GENE_CRD_ASSOCIATIONS/quantify/73_vs_72_ALL.ALLchr.mean.txt.gz --bed /data/unige/funpopgen/grey2/SYSCID/BLUEPRINT_DATA/CRD/THREE_CELL_TYPES/QTL_TOOLS/EGAD00001002671_v3.0/EGAD00001002671_RNA.PC10.bed.gz --permute 200 --chunk 70 100 --out /data/unige/funpopgen/grey2/SYSCID/BLUEPRINT_DATA/CRD/THREE_CELL_TYPES/CLOMICS/CELL_TYPE_COMPARISON_GENE_CRD_ASSOCIATIONS/mapping_aCRD_gene/73_vs_72/gene_CRD_mean_chunk70\.txt> was submitted from host <frt.ug.vital-it.ch> by user <grey2> in cluster <ug>.
Job was executed on host(s) <cpt09>, in queue <normal>, as user <grey2> in cluster <ug>.
</home/grey2> was used as the home directory.
</data/unige/funpopgen/grey2/SYSCID/BLUEPRINT_DATA/CRD/THREE_CELL_TYPES/CLOMICS/CELL_TYPE_COMPARISON_GENE_CRD_ASSOCIATIONS> was used as the working directory.
Started at Thu Mar 21 11:24:49 2019
Results reported at Thu Mar 21 11:24:55 2019

Your job looked like:

------------------------------------------------------------
# LSBATCH: User input
/data/unige/funpopgen/odelanea/SGX/V2/binaries/qtltools/bin/QTLtools cis --vcf /data/unige/funpopgen/grey2/SYSCID/BLUEPRINT_DATA/CRD/THREE_CELL_TYPES/CLOMICS/CELL_TYPE_COMPARISON_GENE_CRD_ASSOCIATIONS/quantify/73_vs_72_ALL.ALLchr.mean.txt.gz --bed /data/unige/funpopgen/grey2/SYSCID/BLUEPRINT_DATA/CRD/THREE_CELL_TYPES/QTL_TOOLS/EGAD00001002671_v3.0/EGAD00001002671_RNA.PC10.bed.gz --permute 200 --chunk 70 100 --out /data/unige/funpopgen/grey2/SYSCID/BLUEPRINT_DATA/CRD/THREE_CELL_TYPES/CLOMICS/CELL_TYPE_COMPARISON_GENE_CRD_ASSOCIATIONS/mapping_aCRD_gene/73_vs_72/gene_CRD_mean_chunk70\.txt

------------------------------------------------------------

Successfully completed.

Resource usage summary:

    CPU time :               2.65 sec.
    Max Memory :             3.27 MB
    Average Memory :         3.27 MB
    Total Requested Memory : -
    Delta Memory :           -
    (Delta: the difference between total requested memory and actual max usage.)
    Max Swap :               32 MB

    Max Processes :          1
    Max Threads :            1

The output (if any) follows:


[32mQTLtools[0m
  * Authors : Olivier DELANEAU / Halit ONGEN / Emmanouil DERMITZAKIS
  * Contact : olivier.delaneau@gmail.com / halit.ongen@unige.ch / Emmanouil.Dermitzakis@unige.ch
  * Webpage : https://qtltools.github.io/qtltools/
  * Version : 1.1
  * Date    : 21/03/2019 - 11:24:52
  * Citation: A complete tool set for molecular QTL discovery and analysis, https://doi.org/10.1101/068635

[32mMAPPING QTL IN CIS[0m
  * TASK: Perform 200 permutations
  * Linear model: Phe ~ Var
  * Cis-window size is 1000000 bp
  * Chunk = [70/100]

Scanning phenotype data in [/data/unige/funpopgen/grey2/SYSCID/BLUEPRINT_DATA/CRD/THREE_CELL_TYPES/QTL_TOOLS/EGAD00001002671_v3.0/EGAD00001002671_RNA.PC10.bed.gz]
  * 24372 phenotypes included
  * 12152 phenotypes are on the negative strand

Initialize random number generator
  * Built-in seed is 15112011
  * First Integer = 30554
  * First Double = 0.0126695

Reading sample list from [/data/unige/funpopgen/grey2/SYSCID/BLUEPRINT_DATA/CRD/THREE_CELL_TYPES/QTL_TOOLS/EGAD00001002671_v3.0/EGAD00001002671_RNA.PC10.bed.gz]
  * #samples = 169

Reading sample list from [/data/unige/funpopgen/grey2/SYSCID/BLUEPRINT_DATA/CRD/THREE_CELL_TYPES/CLOMICS/CELL_TYPE_COMPARISON_GENE_CRD_ASSOCIATIONS/quantify/73_vs_72_ALL.ALLchr.mean.txt.gz]
  * #samples = 94

Merging sample sets from all input files
  * #files = 2
  * #samples in all files = 91
  * #samples NOT in all files (i.e. ignored) = 81

Reading phenotype data in [/data/unige/funpopgen/grey2/SYSCID/BLUEPRINT_DATA/CRD/THREE_CELL_TYPES/QTL_TOOLS/EGAD00001002671_v3.0/EGAD00001002671_RNA.PC10.bed.gz]
  * target region [5:148737205-180708376]
  * 260 phenotypes included
  * 127 phenotypes are on the negative strand

Reading genotype data in [/data/unige/funpopgen/grey2/SYSCID/BLUEPRINT_DATA/CRD/THREE_CELL_TYPES/CLOMICS/CELL_TYPE_COMPARISON_GENE_CRD_ASSOCIATIONS/quantify/73_vs_72_ALL.ALLchr.mean.txt.gz]
  * File format detected: BED
  * 91 samples included
  * 5 samples without phenotype data
  * target region [5:147737205-181708376]
  * 134 variants included

Processing phenotype [ENSG00000253618.1] [1/260]
  * #variants in cis = 16
  * Best hit: [id=5_internal_10246, d=-62770, pv=0.00703592, s=0.2766]
  * Beta parameters: [s1=0.993973, s2=16.7866]
  * Adjusted p-values: [emp=0.0746269, beta=0.0713424]

Processing phenotype [ENSG00000145882.6] [2/260]
  * #variants in cis = 16
  * Best hit: [id=5_internal_11857, d=-95940, pv=0.0490764, s=0.2094]
  * Beta parameters: [s1=0.881686, s2=17.1093]
  * Adjusted p-values: [emp=0.532338, beta=0.531565]

Processing phenotype [ENSG00000253865.1] [3/260]
  * #variants in cis = 16
  * Best hit: [id=5_internal_12242, d=-308313, pv=0.0585641, s=-0.1962]
  * Beta parameters: [s1=1.02374, s2=12.4899]
  * Adjusted p-values: [emp=0.59204, beta=0.561841]

Processing phenotype [ENSG00000127743.5] [4/260]
  * #variants in cis = 16
  * Best hit: [id=5_internal_9428, d=661979, pv=0.00648978, s=0.2829]
  * Beta parameters: [s1=0.93771, s2=17.6628]
  * Adjusted p-values: [emp=0.0895522, beta=0.0944775]

Processing phenotype [ENSG00000230551.3] [5/260]
  * #variants in cis = 19
  * Best hit: [id=5_internal_9615, d=231566, pv=0.00324303, s=0.3004]
  * Beta parameters: [s1=1.0158, s2=14.9769]
  * Adjusted p-values: [emp=0.079602, beta=0.0733814]

Processing phenotype [ENSG00000241112.1] [6/260]
  * #variants in cis = 20
  * Best hit: [id=5_internal_9610, d=630081, pv=0.0184263, s=0.2449]
  * Beta parameters: [s1=0.990679, s2=20.8526]
  * Adjusted p-values: [emp=0.323383, beta=0.303707]

Processing phenotype [ENSG00000113712.10] [7/260]
  * #variants in cis = 20
  * Best hit: [id=5_internal_9615, d=278340, pv=0.00990055, s=0.2662]
  * Beta parameters: [s1=1.10652, s2=18.4545]
  * Adjusted p-values: [emp=0.179104, beta=0.175427]

Processing phenotype [ENSG00000183111.7] [8/260]
  * #variants in cis = 20
  * Best hit: [id=5_internal_9076, d=7464, pv=0.0718252, s=0.1890]
  * Beta parameters: [s1=0.865918, s2=23.4612]
  * Adjusted p-values: [emp=0.810945, beta=0.813493]

Processing phenotype [ENSG00000155846.12] [9/260]
  * #variants in cis = 22
  * Best hit: [id=5_internal_9428, d=-988075, pv=0.0613477, s=0.2003]
  * Beta parameters: [s1=1.02043, s2=17.937]
  * Adjusted p-values: [emp=0.731343, beta=0.733558]

Processing phenotype [ENSG00000132915.6] [10/260]
  * #variants in cis = 19
  * Best hit: [id=5_internal_9615, d=671689, pv=0.066453, s=0.1700]
  * Beta parameters: [s1=1.08161, s2=20.4413]
  * Adjusted p-values: [emp=0.751244, beta=0.759161]

Processing phenotype [ENSG00000155850.7] [11/260]
  * #variants in cis = 19
  * Best hit: [id=5_internal_10310, d=495943, pv=0.145633, s=0.1685]
  * Beta parameters: [s1=1.04782, s2=18.0551]
  * Adjusted p-values: [emp=0.955224, beta=0.947524]

Processing phenotype [ENSG00000113716.8] [12/260]
  * #variants in cis = 19
  * Best hit: [id=5_internal_10246, d=-568449, pv=0.00274781, s=-0.3509]
  * Beta parameters: [s1=0.90046, s2=15.4969]
  * Adjusted p-values: [emp=0.0845771, beta=0.0631578]

Processing phenotype [ENSG00000164296.6] [13/260]
  * #variants in cis = 19
  * Best hit: [id=5_internal_12683, d=-450882, pv=0.0415938, s=-0.2153]
  * Beta parameters: [s1=1.03096, s2=18.7116]
  * Adjusted p-values: [emp=0.527363, beta=0.520893]

Processing phenotype [ENSG00000248696.1] [14/260]
  * #variants in cis = 20
  * Best hit: [id=5_internal_11947, d=-151871, pv=0.0457007, s=0.1876]
  * Beta parameters: [s1=0.891935, s2=19.7285]
  * Adjusted p-values: [emp=0.636816, beta=0.663353]

Processing phenotype [ENSG00000241907.1] [15/260]
  * #variants in cis = 20
  * Best hit: [id=5_internal_9076, d=458493, pv=0.0294833, s=0.2252]
  * Beta parameters: [s1=1.04285, s2=25.6547]
  * Adjusted p-values: [emp=0.467662, beta=0.473617]

Processing phenotype [ENSG00000238369.1] [16/260]
  * #variants in cis = 20
  * Best hit: [id=5_internal_10248, d=729385, pv=0.100175, s=-0.1773]
  * Beta parameters: [s1=0.938524, s2=24.5943]
  * Adjusted p-values: [emp=0.890547, beta=0.882676]

Processing phenotype [ENSG00000214485.5] [17/260]
  * #variants in cis = 19
  * Best hit: [id=5_internal_12296, d=609102, pv=0.0232912, s=0.2324]
  * Beta parameters: [s1=0.912341, s2=22.1091]
  * Adjusted p-values: [emp=0.308458, beta=0.325665]

Processing phenotype [ENSG00000182578.9] [18/260]
  * #variants in cis = 20
  * Best hit: [id=5_internal_8632, d=-990276, pv=0.0435909, s=-0.2294]
  * Beta parameters: [s1=0.934376, s2=24.0377]
  * Adjusted p-values: [emp=0.59204, beta=0.612345]

Processing phenotype [ENSG00000070814.12] [19/260]
  * #variants in cis = 22
  * Best hit: [id=5_internal_10310, d=99041, pv=0.255871, s=-0.1248]
  * Beta parameters: [s1=1.01454, s2=15.9679]
  * Adjusted p-values: [emp=1, beta=0.994191]

Processing phenotype [ENSG00000019582.10] [20/260]
  * #variants in cis = 22
  * Best hit: [id=5_internal_9096, d=-599672, pv=0.0930635, s=-0.1920]
  * Beta parameters: [s1=0.933573, s2=23.7084]
  * Adjusted p-values: [emp=0.890547, beta=0.874949]

Processing phenotype [ENSG00000164587.7] [21/260]
  * #variants in cis = 21
  * Best hit: [id=5_internal_10483, d=-673379, pv=0.11569, s=0.1757]
  * Beta parameters: [s1=1.09375, s2=19.5853]
  * Adjusted p-values: [emp=0.915423, beta=0.931144]

Processing phenotype [ENSG00000070614.9] [22/260]
  * #variants in cis = 22
  * Best hit: [id=5_internal_10310, d=0, pv=0.0135909, s=0.2823]
  * Beta parameters: [s1=1.1217, s2=24.9018]
  * Adjusted p-values: [emp=0.258706, beta=0.243102]

Processing phenotype [ENSG00000164591.9] [23/260]
  * #variants in cis = 21
  * Best hit: [id=5_internal_10310, d=-144137, pv=0.0887719, s=0.2011]
  * Beta parameters: [s1=0.923389, s2=26.8634]
  * Adjusted p-values: [emp=0.875622, beta=0.889404]

Processing phenotype [ENSG00000086589.7] [24/260]
  * #variants in cis = 22
  * Best hit: [id=5_internal_10310, d=184370, pv=0.0728915, s=-0.1955]
  * Beta parameters: [s1=0.939533, s2=21.4106]
  * Adjusted p-values: [emp=0.771144, beta=0.769473]

Processing phenotype [ENSG00000132912.8] [25/260]
  * #variants in cis = 23
  * Best hit: [id=5_internal_8942, d=264964, pv=0.00981516, s=-0.2546]
  * Beta parameters: [s1=0.956484, s2=21.711]
  * Adjusted p-values: [emp=0.189055, beta=0.191446]

Processing phenotype [ENSG00000256235.1] [26/260]
  * #variants in cis = 23
  * Best hit: [id=5_internal_9389, d=492511, pv=0.0372991, s=-0.2302]
  * Beta parameters: [s1=0.938755, s2=29.5562]
  * Adjusted p-values: [emp=0.527363, beta=0.534757]

Processing phenotype [ENSG00000269636.1] [27/260]
  * #variants in cis = 23
  * Best hit: [id=5_internal_9389, d=492152, pv=0.0356318, s=-0.2295]
  * Beta parameters: [s1=1.0662, s2=23.0656]
  * Adjusted p-values: [emp=0.552239, beta=0.53822]

Processing phenotype [ENSG00000237693.3] [28/260]
  * #variants in cis = 23
  * Best hit: [id=5_internal_12683, d=-320419, pv=0.00122618, s=0.3210]
  * Beta parameters: [s1=1.02249, s2=26.1232]
  * Adjusted p-values: [emp=0.0348259, beta=0.0278412]

Processing phenotype [ENSG00000145908.8] [29/260]
  * #variants in cis = 23
  * Best hit: [id=5_internal_11796, d=-333077, pv=0.00016127, s=0.4106]
  * Beta parameters: [s1=1.10442, s2=22.6872]
  * Adjusted p-values: [emp=0.00995025, beta=0.00313174]

Processing phenotype [ENSG00000211445.6] [30/260]
  * #variants in cis = 23
  * Best hit: [id=5_internal_12007, d=172531, pv=0.0117651, s=0.2732]
  * Beta parameters: [s1=0.963099, s2=18.505]
  * Adjusted p-values: [emp=0.238806, beta=0.23618]

Processing phenotype [ENSG00000145901.10] [31/260]
  * #variants in cis = 21
  * Best hit: [id=5_internal_9642, d=230647, pv=0.0697528, s=0.1695]
  * Beta parameters: [s1=1.17722, s2=17.0025]
  * Adjusted p-values: [emp=0.756219, beta=0.762193]

Processing phenotype [ENSG00000197043.8] [32/260]
  * #variants in cis = 20
  * Best hit: [id=5_internal_11796, d=-80179, pv=0.0375123, s=0.2240]
  * Beta parameters: [s1=0.992805, s2=18.612]
  * Adjusted p-values: [emp=0.507463, beta=0.506714]

Processing phenotype [ENSG00000196743.4] [33/260]
  * #variants in cis = 20
  * Best hit: [id=5_internal_12007, d=0, pv=3.63065e-05, s=-0.4184]
  * Beta parameters: [s1=1.13786, s2=17.6826]
  * Adjusted p-values: [emp=0.00497512, beta=0.000652746]

Processing phenotype [ENSG00000198624.8] [34/260]
  * #variants in cis = 20
  * Best hit: [id=5_internal_12007, d=0, pv=0.000143494, s=0.3663]
  * Beta parameters: [s1=1.0107, s2=16.4456]
  * Adjusted p-values: [emp=0.0149254, beta=0.00341735]

Processing phenotype [ENSG00000123643.7] [35/260]
  * #variants in cis = 19
  * Best hit: [id=5_internal_11890, d=-913985, pv=0.0091435, s=0.2643]
  * Beta parameters: [s1=1.06776, s2=17.0617]
  * Adjusted p-values: [emp=0.169154, beta=0.177676]

Processing phenotype [ENSG00000086570.8] [36/260]
  * #variants in cis = 15
  * Best hit: [id=5_internal_12296, d=838702, pv=0.0399552, s=-0.2004]
  * Beta parameters: [s1=1.02805, s2=13.7714]
  * Adjusted p-values: [emp=0.422886, beta=0.415059]

Processing phenotype [ENSG00000113140.6] [37/260]
  * #variants in cis = 15
  * Best hit: [id=5_internal_9389, d=388224, pv=0.0309417, s=-0.2333]
  * Beta parameters: [s1=1.00028, s2=15.2663]
  * Adjusted p-values: [emp=0.39801, beta=0.365473]

Processing phenotype [ENSG00000253921.1] [38/260]
  * #variants in cis = 13
  * Best hit: [id=5_internal_9725, d=-66432, pv=0.0426166, s=-0.2124]
  * Beta parameters: [s1=0.769584, s2=14.4476]
  * Adjusted p-values: [emp=0.452736, beta=0.486674]

Processing phenotype [ENSG00000213433.5] [39/260]
  * #variants in cis = 13
  * Best hit: [id=5_internal_9096, d=740479, pv=0.0488947, s=-0.2159]
  * Beta parameters: [s1=1.06145, s2=10.1]
  * Adjusted p-values: [emp=0.522388, beta=0.504115]

Processing phenotype [ENSG00000145907.10] [40/260]
  * #variants in cis = 13
  * Best hit: [id=5_internal_8632, d=-612171, pv=0.0114026, s=0.2817]
  * Beta parameters: [s1=0.859482, s2=12.3305]
  * Adjusted p-values: [emp=0.169154, beta=0.14833]

Processing phenotype [ENSG00000177556.7] [41/260]
  * #variants in cis = 13
  * Best hit: [id=5_internal_12653, d=24747, pv=0.0294329, s=0.2215]
  * Beta parameters: [s1=0.941884, s2=13.2406]
  * Adjusted p-values: [emp=0.288557, beta=0.290113]

Processing phenotype [ENSG00000145888.6] [42/260]
  * #variants in cis = 12
  * Best hit: [id=5_internal_9624, d=171418, pv=0.00670664, s=0.2757]
  * Beta parameters: [s1=1.12031, s2=9.79094]
  * Adjusted p-values: [emp=0.0696517, beta=0.0686059]

Processing phenotype [ENSG00000254226.1] [43/260]
  * #variants in cis = 12
  * Best hit: [id=5_internal_9407, d=-761894, pv=0.0372851, s=0.2181]
  * Beta parameters: [s1=1.08272, s2=10.3964]
  * Adjusted p-values: [emp=0.343284, beta=0.346122]

Processing phenotype [ENSG00000037749.7] [44/260]
  * #variants in cis = 5
  * Best hit: [id=5_internal_12642, d=35962, pv=0.113055, s=0.1797]
  * Maximum Likelihood estimation failed, use Moment Matching instead!
  * Beta parameters: [s1=0.99997, s2=4.59518]
  * Adjusted p-values: [emp=0.412935, beta=0.434263]

Processing phenotype [ENSG00000055147.13] [45/260]
  * #variants in cis = 5
  * Best hit: [id=5_internal_12642, d=-35932, pv=0.08508, s=-0.1721]
  * Maximum Likelihood estimation failed, use Moment Matching instead!
  * Beta parameters: [s1=0.999975, s2=4.88444]
  * Adjusted p-values: [emp=0.353234, beta=0.351564]

Processing phenotype [ENSG00000164574.11] [46/260]
  * #variants in cis = 5
  * Best hit: [id=5_internal_12642, d=0, pv=2.34305e-16, s=0.7229]
  * Maximum Likelihood estimation failed, use Moment Matching instead!
  * Beta parameters: [s1=1.00006, s2=5.31117]
  * Adjusted p-values: [emp=0.00497512, beta=3.23011e-16]

Processing phenotype [ENSG00000253119.1] [47/260]
  * #variants in cis = 6
  * Best hit: [id=5_internal_12642, d=48080, pv=0.00724, s=0.2661]
  * Beta parameters: [s1=1.00878, s2=6.16012]
  * Adjusted p-values: [emp=0.0597015, beta=0.0495681]

Processing phenotype [ENSG00000245275.2] [48/260]
  * #variants in cis = 6
  * Best hit: [id=5_internal_12642, d=155478, pv=0.000650341, s=0.3403]
  * Beta parameters: [s1=0.933606, s2=6.15964]
  * Adjusted p-values: [emp=0.00497512, beta=0.0016242]

Processing phenotype [ENSG00000164576.6] [49/260]
  * #variants in cis = 6
  * Best hit: [id=5_internal_8766, d=856875, pv=0.00384826, s=0.3247]
  * Maximum Likelihood estimation failed, use Moment Matching instead!
  * Beta parameters: [s1=1.00008, s2=5.3534]
  * Adjusted p-values: [emp=0.0149254, beta=0.0240187]

Processing phenotype [ENSG00000155506.12] [50/260]
  * #variants in cis = 6
  * Best hit: [id=5_internal_9409, d=-233175, pv=0.240319, s=-0.1302]
  * Beta parameters: [s1=1.01493, s2=6.40556]
  * Adjusted p-values: [emp=0.830846, beta=0.834158]

Processing phenotype [ENSG00000155508.9] [51/260]
  * #variants in cis = 6
  * Best hit: [id=5_internal_12642, d=-567181, pv=0.717063, s=-0.0406]
  * Beta parameters: [s1=1.00465, s2=5.94058]
  * Adjusted p-values: [emp=1, beta=0.999262]

Processing phenotype [ENSG00000170271.6] [52/260]
  * #variants in cis = 6
  * Best hit: [id=5_internal_11882, d=70242, pv=0.0884729, s=0.1711]
  * Maximum Likelihood estimation failed, use Moment Matching instead!
  * Beta parameters: [s1=0.999992, s2=6.60159]
  * Adjusted p-values: [emp=0.412935, beta=0.424582]

Processing phenotype [ENSG00000082516.8] [53/260]
  * #variants in cis = 6
  * Best hit: [id=5_internal_8766, d=-364623, pv=0.400804, s=-0.0970]
  * Maximum Likelihood estimation failed, use Moment Matching instead!
  * Beta parameters: [s1=0.999985, s2=5.31018]
  * Adjusted p-values: [emp=0.955224, beta=0.953767]

Processing phenotype [ENSG00000082515.12] [54/260]
  * #variants in cis = 6
  * Best hit: [id=5_internal_9478, d=-628322, pv=0.0326274, s=-0.2293]
  * Beta parameters: [s1=1.01237, s2=6.40607]
  * Adjusted p-values: [emp=0.199005, beta=0.18159]

Processing phenotype [ENSG00000170624.8] [55/260]
  * #variants in cis = 1
  * Best hit: [id=5_internal_8766, d=-482709, pv=0.462574, s=-0.0801]
  * Maximum Likelihood estimation failed, use Moment Matching instead!
  * Beta parameters: [s1=0.999948, s2=0.972124]
  * Adjusted p-values: [emp=0.422886, beta=0.421041]

Processing phenotype [ENSG00000231989.2] [56/260]
  * #variants in cis = 7
  * Best hit: [id=5_internal_12562, d=394952, pv=0.0215265, s=0.2496]
  * Beta parameters: [s1=1.03464, s2=6.96723]
  * Adjusted p-values: [emp=0.169154, beta=0.137043]

Processing phenotype [ENSG00000145850.4] [57/260]
  * #variants in cis = 7
  * Best hit: [id=5_internal_11377, d=-214233, pv=0.259998, s=-0.1240]
  * Beta parameters: [s1=0.973209, s2=8.29448]
  * Adjusted p-values: [emp=0.870647, beta=0.868797]

Processing phenotype [ENSG00000113249.8] [58/260]
  * #variants in cis = 7
  * Best hit: [id=5_internal_9676, d=-40632, pv=0.0940334, s=0.1779]
  * Beta parameters: [s1=0.951273, s2=5.76687]
  * Adjusted p-values: [emp=0.482587, beta=0.460823]

Processing phenotype [ENSG00000135077.4] [59/260]
  * #variants in cis = 7
  * Best hit: [id=5_internal_9676, d=29171, pv=3.05607e-05, s=0.4112]
  * Beta parameters: [s1=1.13005, s2=6.68976]
  * Adjusted p-values: [emp=0.00497512, beta=0.000172824]

Processing phenotype [ENSG00000113263.8] [60/260]
  * #variants in cis = 7
  * Best hit: [id=5_internal_11377, d=34555, pv=0.265086, s=0.1247]
  * Beta parameters: [s1=0.987259, s2=6.30749]
  * Adjusted p-values: [emp=0.895522, beta=0.873234]

Processing phenotype [ENSG00000155868.7] [61/260]
  * #variants in cis = 7
  * Best hit: [id=5_internal_12980, d=-380174, pv=0.365078, s=0.0963]
  * Beta parameters: [s1=0.958529, s2=8.96446]
  * Adjusted p-values: [emp=0.975124, beta=0.970725]

Processing phenotype [ENSG00000253980.1] [62/260]
  * #variants in cis = 8
  * Best hit: [id=5_internal_12562, d=-21111, pv=0.0290849, s=0.2235]
  * Beta parameters: [s1=0.962921, s2=8.6262]
  * Adjusted p-values: [emp=0.169154, beta=0.183322]

Processing phenotype [ENSG00000222086.1] [63/260]
  * #variants in cis = 8
  * Best hit: [id=5_internal_9995, d=-237649, pv=0.0364419, s=-0.2264]
  * Beta parameters: [s1=0.907432, s2=7.83517]
  * Adjusted p-values: [emp=0.288557, beta=0.267062]

Processing phenotype [ENSG00000055163.14] [64/260]
  * #variants in cis = 8
  * Best hit: [id=5_internal_12562, d=0, pv=0.0127381, s=0.2666]
  * Beta parameters: [s1=1.07834, s2=7.57707]
  * Adjusted p-values: [emp=0.104478, beta=0.0817778]

Processing phenotype [ENSG00000253653.1] [65/260]
  * #variants in cis = 8
  * Best hit: [id=5_internal_12980, d=-272569, pv=0.12065, s=-0.1635]
  * Beta parameters: [s1=0.913447, s2=6.62673]
  * Adjusted p-values: [emp=0.552239, beta=0.603795]

Processing phenotype [ENSG00000172568.4] [66/260]
  * #variants in cis = 8
  * Best hit: [id=5_internal_12562, d=0, pv=0.148412, s=0.1410]
  * Beta parameters: [s1=1.01139, s2=6.63368]
  * Adjusted p-values: [emp=0.661692, beta=0.669224]

Processing phenotype [ENSG00000204823.3] [67/260]
  * #variants in cis = 8
  * Best hit: [id=5_internal_9676, d=-262040, pv=0.132118, s=0.1621]
  * Beta parameters: [s1=1.00931, s2=6.9354]
  * Adjusted p-values: [emp=0.741294, beta=0.702378]

Processing phenotype [ENSG00000248544.2] [68/260]
  * #variants in cis = 8
  * Best hit: [id=5_internal_9995, d=-88000, pv=0.155341, s=-0.1544]
  * Beta parameters: [s1=0.969674, s2=7.64063]
  * Adjusted p-values: [emp=0.731343, beta=0.745153]

Processing phenotype [ENSG00000172548.10] [69/260]
  * #variants in cis = 9
  * Best hit: [id=5_internal_9995, d=12931, pv=0.00630145, s=0.2951]
  * Beta parameters: [s1=0.98248, s2=10.8171]
  * Adjusted p-values: [emp=0.0547264, beta=0.0489194]

Processing phenotype [ENSG00000251405.2] [70/260]
  * #variants in cis = 9
  * Best hit: [id=5_internal_10321, d=-714835, pv=0.208509, s=-0.1385]
  * Beta parameters: [s1=1.05977, s2=8.05471]
  * Adjusted p-values: [emp=0.860697, beta=0.850846]

Processing phenotype [ENSG00000135074.11] [71/260]
  * #variants in cis = 9
  * Best hit: [id=5_internal_9995, d=39623, pv=0.00112722, s=0.3372]
  * Beta parameters: [s1=0.851209, s2=10.9174]
  * Adjusted p-values: [emp=0.0149254, beta=0.00863787]

Processing phenotype [ENSG00000039600.6] [72/260]
  * #variants in cis = 9
  * Best hit: [id=5_internal_12980, d=56966, pv=0.0733332, s=0.1854]
  * Beta parameters: [s1=1.07997, s2=8.19305]
  * Adjusted p-values: [emp=0.517413, beta=0.504008]

Processing phenotype [ENSG00000113272.9] [73/260]
  * #variants in cis = 9
  * Best hit: [id=5_internal_11377, d=-500936, pv=0.0662015, s=0.1847]
  * Beta parameters: [s1=1.03321, s2=10.3273]
  * Adjusted p-values: [emp=0.437811, beta=0.449458]

Processing phenotype [ENSG00000268432.1] [74/260]
  * #variants in cis = 9
  * Best hit: [id=5_internal_12980, d=120205, pv=0.0669492, s=0.1816]
  * Beta parameters: [s1=1.03553, s2=10.1148]
  * Adjusted p-values: [emp=0.41791, beta=0.437328]

Processing phenotype [ENSG00000155858.5] [75/260]
  * #variants in cis = 9
  * Best hit: [id=5_internal_9995, d=-207543, pv=0.00132427, s=-0.3650]
  * Beta parameters: [s1=1.08194, s2=9.16687]
  * Adjusted p-values: [emp=0.0149254, beta=0.00694488]

Processing phenotype [ENSG00000253630.1] [76/260]
  * #variants in cis = 9
  * Best hit: [id=5_internal_10608, d=523689, pv=0.0313943, s=-0.2201]
  * Beta parameters: [s1=1.02639, s2=9.52395]
  * Adjusted p-values: [emp=0.208955, beta=0.216486]

Processing phenotype [ENSG00000206819.1] [77/260]
  * #variants in cis = 9
  * Best hit: [id=5_internal_12562, d=-445917, pv=0.0818618, s=-0.1824]
  * Beta parameters: [s1=1.09701, s2=11.2169]
  * Adjusted p-values: [emp=0.557214, beta=0.532838]

Processing phenotype [ENSG00000113282.9] [78/260]
  * #variants in cis = 9
  * Best hit: [id=5_internal_9995, d=323023, pv=0.0245243, s=0.2553]
  * Beta parameters: [s1=0.965895, s2=6.81901]
  * Adjusted p-values: [emp=0.179104, beta=0.190622]

Processing phenotype [ENSG00000222626.1] [79/260]
  * #variants in cis = 10
  * Best hit: [id=5_internal_11095, d=-454431, pv=0.0785902, s=0.2000]
  * Beta parameters: [s1=1.03171, s2=9.32383]
  * Adjusted p-values: [emp=0.542289, beta=0.522501]

Processing phenotype [ENSG00000145860.5] [80/260]
  * #variants in cis = 7
  * Best hit: [id=5_internal_9715, d=-811138, pv=0.0404794, s=-0.2371]
  * Beta parameters: [s1=0.988093, s2=7.14064]
  * Adjusted p-values: [emp=0.308458, beta=0.304417]

Processing phenotype [ENSG00000164332.6] [81/260]
  * #variants in cis = 7
  * Best hit: [id=5_internal_12539, d=-155745, pv=0.0210277, s=-0.2287]
  * Beta parameters: [s1=0.975969, s2=7.38128]
  * Adjusted p-values: [emp=0.174129, beta=0.151243]

Processing phenotype [ENSG00000113312.5] [82/260]
  * #variants in cis = 8
  * Best hit: [id=5_internal_11129, d=812840, pv=0.0054964, s=0.3115]
  * Beta parameters: [s1=0.950591, s2=6.95383]
  * Adjusted p-values: [emp=0.0597015, beta=0.0421841]

Processing phenotype [ENSG00000223908.4] [83/260]
  * #variants in cis = 8
  * Best hit: [id=5_internal_11129, d=-797908, pv=0.181622, s=-0.1312]
  * Beta parameters: [s1=1.01685, s2=9.3471]
  * Adjusted p-values: [emp=0.825871, beta=0.821006]

Processing phenotype [ENSG00000170234.7] [84/260]
  * #variants in cis = 7
  * Best hit: [id=5_internal_11119, d=648916, pv=0.262512, s=0.1177]
  * Beta parameters: [s1=0.855846, s2=10.0206]
  * Adjusted p-values: [emp=0.930348, beta=0.929584]

Processing phenotype [ENSG00000254373.1] [85/260]
  * #variants in cis = 6
  * Best hit: [id=5_internal_11119, d=-787746, pv=0.197116, s=0.1479]
  * Maximum Likelihood estimation failed, use Moment Matching instead!
  * Beta parameters: [s1=0.999941, s2=5.11747]
  * Adjusted p-values: [emp=0.776119, beta=0.746855]

Processing phenotype [ENSG00000221886.3] [86/260]
  * #variants in cis = 6
  * Best hit: [id=5_internal_9715, d=354455, pv=0.0447366, s=0.2279]
  * Beta parameters: [s1=0.923015, s2=7.13048]
  * Adjusted p-values: [emp=0.179104, beta=0.181428]

Processing phenotype [ENSG00000164609.5] [87/260]
  * #variants in cis = 6
  * Best hit: [id=5_internal_12171, d=-18939, pv=0.252079, s=-0.1265]
  * Beta parameters: [s1=1.07066, s2=6.65514]
  * Adjusted p-values: [emp=0.855721, beta=0.871467]

Processing phenotype [ENSG00000164611.8] [88/260]
  * #variants in cis = 6
  * Best hit: [id=5_internal_9715, d=-376180, pv=0.0310762, s=0.2471]
  * Maximum Likelihood estimation failed, use Moment Matching instead!
  * Beta parameters: [s1=0.999898, s2=5.3546]
  * Adjusted p-values: [emp=0.154229, beta=0.155329]

Processing phenotype [ENSG00000253522.1] [89/260]
  * #variants in cis = 6
  * Best hit: [id=5_internal_12171, d=0, pv=0.00194378, s=0.3443]
  * Beta parameters: [s1=0.997065, s2=5.90289]
  * Adjusted p-values: [emp=0.0149254, beta=0.0138165]

Processing phenotype [ENSG00000113328.14] [90/260]
  * #variants in cis = 6
  * Best hit: [id=5_internal_12141, d=456842, pv=0.144429, s=-0.1614]
  * Maximum Likelihood estimation failed, use Moment Matching instead!
  * Beta parameters: [s1=0.999966, s2=6.4533]
  * Adjusted p-values: [emp=0.557214, beta=0.58902]

Processing phenotype [ENSG00000268800.1] [91/260]
  * #variants in cis = 6
  * Best hit: [id=5_internal_12141, d=-447596, pv=0.161047, s=-0.1456]
  * Beta parameters: [s1=1.1047, s2=6.58974]
  * Adjusted p-values: [emp=0.626866, beta=0.63252]

Processing phenotype [ENSG00000170584.5] [92/260]
  * #variants in cis = 6
  * Best hit: [id=5_internal_10775, d=51171, pv=0.292312, s=-0.1103]
  * Beta parameters: [s1=1.04765, s2=6.16098]
  * Adjusted p-values: [emp=0.865672, beta=0.86134]

Processing phenotype [ENSG00000072571.14] [93/260]
  * #variants in cis = 6
  * Best hit: [id=5_internal_9421, d=428870, pv=0.018519, s=-0.2367]
  * Beta parameters: [s1=1.04476, s2=5.96064]
  * Adjusted p-values: [emp=0.109453, beta=0.104592]

Processing phenotype [ENSG00000038274.11] [94/260]
  * #variants in cis = 6
  * Best hit: [id=5_internal_11922, d=-122866, pv=0.198341, s=-0.1472]
  * Maximum Likelihood estimation failed, use Moment Matching instead!
  * Beta parameters: [s1=1.00002, s2=5.38919]
  * Adjusted p-values: [emp=0.741294, beta=0.728128]

Processing phenotype [ENSG00000229119.3] [95/260]
  * #variants in cis = 1
  * Best hit: [id=5_internal_8943, d=-975922, pv=0.587107, s=0.0513]
  * Maximum Likelihood estimation failed, use Moment Matching instead!
  * Beta parameters: [s1=1.00005, s2=0.897887]
  * Adjusted p-values: [emp=0.562189, beta=0.537484]

Processing phenotype [ENSG00000113645.8] [96/260]
  * #variants in cis = 1
  * Best hit: [id=5_internal_12494, d=0, pv=6.94927e-09, s=0.5636]
  * Maximum Likelihood estimation failed, use Moment Matching instead!
  * Beta parameters: [s1=1.00007, s2=0.97679]
  * Adjusted p-values: [emp=0.00497512, beta=9.13062e-08]

Processing phenotype [ENSG00000113643.4] [97/260]
  * #variants in cis = 1
  * Best hit: [id=5_internal_12494, d=0, pv=0.0533179, s=0.2077]
  * Maximum Likelihood estimation failed, use Moment Matching instead!
  * Beta parameters: [s1=0.999973, s2=0.866678]
  * Adjusted p-values: [emp=0.0348259, beta=0.043554]

Processing phenotype [ENSG00000253861.1] [98/260]
  * #variants in cis = 1
  * Best hit: [id=5_internal_12494, d=0, pv=0.0178648, s=-0.2428]
  * Maximum Likelihood estimation failed, use Moment Matching instead!
  * Beta parameters: [s1=1.00004, s2=1.03098]
  * Adjusted p-values: [emp=0.00995025, beta=0.0134149]

Processing phenotype [ENSG00000120137.6] [99/260]
  * #variants in cis = 1
  * Best hit: [id=5_internal_12494, d=0, pv=0.0364883, s=-0.2128]
  * Maximum Likelihood estimation failed, use Moment Matching instead!
  * Beta parameters: [s1=0.999985, s2=0.956924]
  * Adjusted p-values: [emp=0.0348259, beta=0.0319185]

Processing phenotype [ENSG00000233913.6] [100/260]
  * #variants in cis = 1
  * Best hit: [id=5_internal_12494, d=0, pv=0.344272, s=-0.0925]
  * Maximum Likelihood estimation failed, use Moment Matching instead!
  * Beta parameters: [s1=1.00004, s2=0.874752]
  * Adjusted p-values: [emp=0.313433, beta=0.322032]

Processing phenotype [ENSG00000040275.12] [101/260]
  * #variants in cis = 12
  * Best hit: [id=5_internal_12494, d=-788707, pv=0.0989763, s=-0.1647]
  * Beta parameters: [s1=0.99582, s2=12.8214]
  * Adjusted p-values: [emp=0.711443, beta=0.701245]

Processing phenotype [ENSG00000134516.11] [102/260]
  * #variants in cis = 12
  * Best hit: [id=5_internal_12494, d=-842320, pv=0.167095, s=0.1425]
  * Beta parameters: [s1=1.05949, s2=11.1634]
  * Adjusted p-values: [emp=0.890547, beta=0.901948]

Processing phenotype [ENSG00000253269.1] [103/260]
  * #variants in cis = 12
  * Best hit: [id=5_internal_11669, d=-715377, pv=0.053691, s=-0.1842]
  * Beta parameters: [s1=1.09242, s2=12.6867]
  * Adjusted p-values: [emp=0.412935, beta=0.43717]

Processing phenotype [ENSG00000204767.3] [104/260]
  * #variants in cis = 11
  * Best hit: [id=5_internal_11182, d=95362, pv=0.0768422, s=0.1963]
  * Beta parameters: [s1=0.868676, s2=11.8014]
  * Adjusted p-values: [emp=0.59204, beta=0.60503]

Processing phenotype [ENSG00000263831.1] [105/260]
  * #variants in cis = 11
  * Best hit: [id=5_internal_10752, d=-341212, pv=0.0397825, s=-0.2149]
  * Beta parameters: [s1=0.988389, s2=13.3277]
  * Adjusted p-values: [emp=0.358209, beta=0.3447]

Processing phenotype [ENSG00000168269.7] [106/260]
  * #variants in cis = 11
  * Best hit: [id=5_internal_11277, d=280645, pv=0.0706193, s=0.1807]
  * Beta parameters: [s1=0.953257, s2=11.1822]
  * Adjusted p-values: [emp=0.552239, beta=0.561346]

Processing phenotype [ENSG00000249601.2] [107/260]
  * #variants in cis = 11
  * Best hit: [id=5_internal_8473, d=-59992, pv=0.182583, s=-0.1281]
  * Beta parameters: [s1=0.961446, s2=12.5235]
  * Adjusted p-values: [emp=0.895522, beta=0.878074]

Processing phenotype [ENSG00000234511.4] [108/260]
  * #variants in cis = 11
  * Best hit: [id=5_internal_8473, d=26686, pv=0.00395624, s=-0.3064]
  * Beta parameters: [s1=1.06776, s2=8.74021]
  * Adjusted p-values: [emp=0.0646766, beta=0.060041]

Processing phenotype [ENSG00000043462.7] [109/260]
  * #variants in cis = 11
  * Best hit: [id=5_internal_10752, d=610951, pv=0.118716, s=0.1632]
  * Beta parameters: [s1=1.02157, s2=9.17647]
  * Adjusted p-values: [emp=0.666667, beta=0.67312]

Processing phenotype [ENSG00000235172.3] [110/260]
  * #variants in cis = 12
  * Best hit: [id=5_internal_9266, d=977099, pv=0.041728, s=-0.2206]
  * Beta parameters: [s1=0.937866, s2=13.7618]
  * Adjusted p-values: [emp=0.447761, beta=0.422468]

Processing phenotype [ENSG00000181163.9] [111/260]
  * #variants in cis = 12
  * Best hit: [id=5_internal_11125, d=-833412, pv=0.0027249, s=-0.3108]
  * Beta parameters: [s1=0.972735, s2=11.1879]
  * Adjusted p-values: [emp=0.0547264, beta=0.0305408]

Processing phenotype [ENSG00000156427.7] [112/260]
  * #variants in cis = 12
  * Best hit: [id=5_internal_11995, d=-926947, pv=0.088208, s=-0.1939]
  * Beta parameters: [s1=0.886351, s2=14.0799]
  * Adjusted p-values: [emp=0.721393, beta=0.7186]

Processing phenotype [ENSG00000072803.13] [113/260]
  * #variants in cis = 13
  * Best hit: [id=5_internal_9587, d=-402472, pv=0.0410292, s=-0.2208]
  * Beta parameters: [s1=0.873967, s2=13.5757]
  * Adjusted p-values: [emp=0.383085, beta=0.407238]

Processing phenotype [ENSG00000266671.1] [114/260]
  * #variants in cis = 13
  * Best hit: [id=5_internal_12990, d=204501, pv=0.124843, s=0.1605]
  * Beta parameters: [s1=1.09177, s2=13.1695]
  * Adjusted p-values: [emp=0.820896, beta=0.806635]

Processing phenotype [ENSG00000072786.7] [115/260]
  * #variants in cis = 13
  * Best hit: [id=5_internal_8502, d=-605015, pv=0.147859, s=-0.1626]
  * Beta parameters: [s1=0.890038, s2=10.1165]
  * Adjusted p-values: [emp=0.825871, beta=0.837164]

Processing phenotype [ENSG00000253218.1] [116/260]
  * #variants in cis = 13
  * Best hit: [id=5_internal_10994, d=-105605, pv=0.0669937, s=0.1932]
  * Beta parameters: [s1=1.04759, s2=12.7034]
  * Adjusted p-values: [emp=0.557214, beta=0.562237]

Processing phenotype [ENSG00000168246.5] [117/260]
  * #variants in cis = 13
  * Best hit: [id=5_internal_10485, d=434793, pv=0.00267447, s=-0.3228]
  * Beta parameters: [s1=0.932306, s2=11.8655]
  * Adjusted p-values: [emp=0.0497512, beta=0.0381278]

Processing phenotype [ENSG00000174705.7] [118/260]
  * #variants in cis = 14
  * Best hit: [id=5_internal_9258, d=-869532, pv=0.00130983, s=0.3298]
  * Beta parameters: [s1=0.957164, s2=16.6929]
  * Adjusted p-values: [emp=0.00995025, beta=0.0190069]

Processing phenotype [ENSG00000214357.4] [119/260]
  * #variants in cis = 13
  * Best hit: [id=5_internal_13039, d=75163, pv=0.0614038, s=-0.1853]
  * Beta parameters: [s1=0.993853, s2=19.0634]
  * Adjusted p-values: [emp=0.537313, beta=0.53803]

Processing phenotype [ENSG00000253683.1] [120/260]
  * #variants in cis = 13
  * Best hit: [id=5_internal_8502, d=-136689, pv=0.0846428, s=0.1865]
  * Beta parameters: [s1=0.935949, s2=14.1663]
  * Adjusted p-values: [emp=0.676617, beta=0.701722]

Processing phenotype [ENSG00000253736.1] [121/260]
  * #variants in cis = 15
  * Best hit: [id=5_internal_13039, d=0, pv=0.140765, s=0.1531]
  * Beta parameters: [s1=1.01114, s2=15.9494]
  * Adjusted p-values: [emp=0.875622, beta=0.867315]

Processing phenotype [ENSG00000120129.5] [122/260]
  * #variants in cis = 15
  * Best hit: [id=5_internal_9719, d=0, pv=0.00226007, s=0.3421]
  * Beta parameters: [s1=1.07556, s2=14.8669]
  * Adjusted p-values: [emp=0.0149254, beta=0.019835]

Processing phenotype [ENSG00000113719.11] [123/260]
  * #variants in cis = 16
  * Best hit: [id=5_internal_9898, d=-100408, pv=0.0498808, s=-0.2191]
  * Beta parameters: [s1=1.05444, s2=15.7379]
  * Adjusted p-values: [emp=0.572139, beta=0.554028]

Processing phenotype [ENSG00000254295.1] [124/260]
  * #variants in cis = 16
  * Best hit: [id=5_internal_9393, d=947104, pv=0.0191709, s=0.2607]
  * Beta parameters: [s1=0.940314, s2=17.7232]
  * Adjusted p-values: [emp=0.233831, beta=0.232711]

Processing phenotype [ENSG00000037241.3] [125/260]
  * #variants in cis = 16
  * Best hit: [id=5_internal_8521, d=-298017, pv=0.0904603, s=-0.1946]
  * Beta parameters: [s1=1.03612, s2=10.7544]
  * Adjusted p-values: [emp=0.791045, beta=0.745735]

Processing phenotype [ENSG00000204758.3] [126/260]
  * #variants in cis = 16
  * Best hit: [id=5_internal_11217, d=-869770, pv=0.043703, s=0.1767]
  * Beta parameters: [s1=0.993086, s2=18.0126]
  * Adjusted p-values: [emp=0.557214, beta=0.542578]

Processing phenotype [ENSG00000253785.1] [127/260]
  * #variants in cis = 16
  * Best hit: [id=5_internal_10994, d=-513244, pv=0.0559724, s=0.1896]
  * Beta parameters: [s1=0.994055, s2=18.5586]
  * Adjusted p-values: [emp=0.597015, beta=0.583804]

Processing phenotype [ENSG00000113732.4] [128/260]
  * #variants in cis = 16
  * Best hit: [id=5_internal_9719, d=-94900, pv=0.152624, s=-0.1540]
  * Beta parameters: [s1=0.942549, s2=14.9141]
  * Adjusted p-values: [emp=0.925373, beta=0.909636]

Processing phenotype [ENSG00000254328.1] [129/260]
  * #variants in cis = 16
  * Best hit: [id=5_internal_11541, d=-702961, pv=0.00811028, s=0.2782]
  * Beta parameters: [s1=0.909648, s2=14.7662]
  * Adjusted p-values: [emp=0.109453, beta=0.121974]

Processing phenotype [ENSG00000212402.1] [130/260]
  * #variants in cis = 16
  * Best hit: [id=5_internal_9898, d=-286861, pv=0.0476764, s=0.1952]
  * Beta parameters: [s1=0.93421, s2=19.487]
  * Adjusted p-values: [emp=0.562189, beta=0.570921]

Processing phenotype [ENSG00000164463.8] [131/260]
  * #variants in cis = 16
  * Best hit: [id=5_internal_9898, d=-322485, pv=0.102937, s=-0.1776]
  * Beta parameters: [s1=0.954768, s2=15.3755]
  * Adjusted p-values: [emp=0.776119, beta=0.798148]

Processing phenotype [ENSG00000253439.1] [132/260]
  * #variants in cis = 16
  * Best hit: [id=5_internal_11541, d=802491, pv=0.0513121, s=-0.2198]
  * Beta parameters: [s1=1.05571, s2=21.489]
  * Adjusted p-values: [emp=0.587065, beta=0.573216]

Processing phenotype [ENSG00000113734.13] [133/260]
  * #variants in cis = 16
  * Best hit: [id=5_internal_8456, d=568842, pv=0.00562087, s=-0.3000]
  * Beta parameters: [s1=0.949305, s2=18.4097]
  * Adjusted p-values: [emp=0.0995025, beta=0.0698603]

Processing phenotype [ENSG00000253172.1] [134/260]
  * #variants in cis = 16
  * Best hit: [id=5_internal_8456, d=-568245, pv=0.0342357, s=-0.2129]
  * Beta parameters: [s1=0.984364, s2=13.5714]
  * Adjusted p-values: [emp=0.41791, beta=0.426703]

Processing phenotype [ENSG00000253955.1] [135/260]
  * #variants in cis = 12
  * Best hit: [id=5_internal_8502, d=-771085, pv=0.021269, s=-0.2259]
  * Beta parameters: [s1=1.0088, s2=9.91963]
  * Adjusted p-values: [emp=0.228856, beta=0.235242]

Processing phenotype [ENSG00000145919.6] [136/260]
  * #variants in cis = 12
  * Best hit: [id=5_internal_8456, d=-96624, pv=0.23361, s=0.1436]
  * Beta parameters: [s1=0.960164, s2=10.705]
  * Adjusted p-values: [emp=0.950249, beta=0.944869]

Processing phenotype [ENSG00000113742.8] [137/260]
  * #variants in cis = 9
  * Best hit: [id=5_internal_8456, d=-167359, pv=0.235487, s=0.1277]
  * Beta parameters: [s1=1.04815, s2=9.1847]
  * Adjusted p-values: [emp=0.930348, beta=0.916821]

Processing phenotype [ENSG00000164466.7] [138/260]
  * #variants in cis = 3
  * Best hit: [id=5_internal_9567, d=98755, pv=0.116566, s=0.1761]
  * Maximum Likelihood estimation failed, use Moment Matching instead!
  * Beta parameters: [s1=1.00005, s2=2.84479]
  * Adjusted p-values: [emp=0.308458, beta=0.308523]

Processing phenotype [ENSG00000113749.5] [139/260]
  * #variants in cis = 4
  * Best hit: [id=5_internal_11123, d=-192690, pv=0.0553819, s=0.2026]
  * Maximum Likelihood estimation failed, use Moment Matching instead!
  * Beta parameters: [s1=1.00003, s2=4.0252]
  * Adjusted p-values: [emp=0.243781, beta=0.216081]

Processing phenotype [ENSG00000145920.10] [140/260]
  * #variants in cis = 5
  * Best hit: [id=5_internal_13871, d=949123, pv=0.0889723, s=-0.2022]
  * Maximum Likelihood estimation failed, use Moment Matching instead!
  * Beta parameters: [s1=1.00004, s2=4.06839]
  * Adjusted p-values: [emp=0.298507, beta=0.313592]

Processing phenotype [ENSG00000266083.1] [141/260]
  * #variants in cis = 6
  * Best hit: [id=5_internal_12752, d=-579270, pv=0.178216, s=0.1499]
  * Beta parameters: [s1=0.920794, s2=6.30974]
  * Adjusted p-values: [emp=0.681592, beta=0.709352]

Processing phenotype [ENSG00000250820.1] [142/260]
  * #variants in cis = 6
  * Best hit: [id=5_internal_11123, d=493198, pv=0.145154, s=0.1563]
  * Beta parameters: [s1=1.00349, s2=5.62055]
  * Adjusted p-values: [emp=0.60199, beta=0.595286]

Processing phenotype [ENSG00000051596.5] [143/260]
  * #variants in cis = 6
  * Best hit: [id=5_internal_11123, d=569340, pv=0.041887, s=0.2327]
  * Maximum Likelihood estimation failed, use Moment Matching instead!
  * Beta parameters: [s1=0.999987, s2=4.99303]
  * Adjusted p-values: [emp=0.268657, beta=0.271359]

Processing phenotype [ENSG00000250992.1] [144/260]
  * #variants in cis = 6
  * Best hit: [id=5_internal_11123, d=-575404, pv=0.407326, s=0.0877]
  * Beta parameters: [s1=0.95769, s2=5.67085]
  * Adjusted p-values: [emp=0.970149, beta=0.950195]

Processing phenotype [ENSG00000182230.7] [145/260]
  * #variants in cis = 6
  * Best hit: [id=5_internal_9567, d=-468909, pv=0.0524271, s=-0.1899]
  * Beta parameters: [s1=1.06059, s2=6.71029]
  * Adjusted p-values: [emp=0.278607, beta=0.250656]

Processing phenotype [ENSG00000248469.1] [146/260]
  * #variants in cis = 6
  * Best hit: [id=5_internal_12638, d=361347, pv=0.228498, s=0.1254]
  * Maximum Likelihood estimation failed, use Moment Matching instead!
  * Beta parameters: [s1=1.00008, s2=5.10554]
  * Adjusted p-values: [emp=0.781095, beta=0.776353]

Processing phenotype [ENSG00000251458.1] [147/260]
  * #variants in cis = 6
  * Best hit: [id=5_internal_11123, d=666121, pv=0.0309716, s=0.2301]
  * Maximum Likelihood estimation failed, use Moment Matching instead!
  * Beta parameters: [s1=0.999931, s2=5.19586]
  * Adjusted p-values: [emp=0.179104, beta=0.16602]

Processing phenotype [ENSG00000248596.1] [148/260]
  * #variants in cis = 6
  * Best hit: [id=5_internal_9567, d=607515, pv=0.075015, s=-0.1910]
  * Beta parameters: [s1=1.03627, s2=6.10834]
  * Adjusted p-values: [emp=0.378109, beta=0.374314]

Processing phenotype [ENSG00000170085.13] [149/260]
  * #variants in cis = 6
  * Best hit: [id=5_internal_11123, d=-773022, pv=0.0296604, s=0.2314]
  * Beta parameters: [s1=0.899786, s2=7.21764]
  * Adjusted p-values: [emp=0.159204, beta=0.154301]

Processing phenotype [ENSG00000251667.1] [150/260]
  * #variants in cis = 6
  * Best hit: [id=5_internal_9567, d=-716283, pv=0.28055, s=0.1062]
  * Beta parameters: [s1=1.01639, s2=5.93389]
  * Adjusted p-values: [emp=0.855721, beta=0.860519]

Processing phenotype [ENSG00000250909.1] [151/260]
  * #variants in cis = 7
  * Best hit: [id=5_internal_11123, d=-882601, pv=0.0577163, s=0.2189]
  * Beta parameters: [s1=0.925214, s2=8.22643]
  * Adjusted p-values: [emp=0.293532, beta=0.300071]

Processing phenotype [ENSG00000251414.1] [152/260]
  * #variants in cis = 7
  * Best hit: [id=5_internal_9567, d=-762426, pv=0.116634, s=0.1703]
  * Beta parameters: [s1=1.03119, s2=6.62089]
  * Adjusted p-values: [emp=0.542289, beta=0.538412]

Processing phenotype [ENSG00000122203.10] [153/260]
  * #variants in cis = 7
  * Best hit: [id=5_internal_9106, d=-955336, pv=0.273589, s=-0.1274]
  * Beta parameters: [s1=0.997052, s2=7.19892]
  * Adjusted p-values: [emp=0.915423, beta=0.908375]

Processing phenotype [ENSG00000175414.6] [154/260]
  * #variants in cis = 7
  * Best hit: [id=5_internal_12638, d=-664794, pv=0.14887, s=0.1403]
  * Maximum Likelihood estimation failed, use Moment Matching instead!
  * Beta parameters: [s1=1.00002, s2=5.18066]
  * Adjusted p-values: [emp=0.681592, beta=0.641053]

Processing phenotype [ENSG00000146066.2] [155/260]
  * #variants in cis = 7
  * Best hit: [id=5_internal_9106, d=928559, pv=0.00227049, s=-0.3304]
  * Beta parameters: [s1=0.990528, s2=7.99343]
  * Adjusted p-values: [emp=0.0149254, beta=0.00916678]

Processing phenotype [ENSG00000048162.15] [156/260]
  * #variants in cis = 7
  * Best hit: [id=5_internal_9106, d=-928331, pv=0.00070552, s=-0.3554]
  * Beta parameters: [s1=1.03648, s2=6.70869]
  * Adjusted p-values: [emp=0.00995025, beta=0.00769829]

Processing phenotype [ENSG00000175416.8] [157/260]
  * #variants in cis = 9
  * Best hit: [id=5_internal_10756, d=-992551, pv=0.11904, s=-0.1749]
  * Beta parameters: [s1=1.03523, s2=9.56191]
  * Adjusted p-values: [emp=0.651741, beta=0.660282]

Processing phenotype [ENSG00000113194.8] [158/260]
  * #variants in cis = 10
  * Best hit: [id=5_internal_9106, d=869678, pv=0.0475765, s=0.2294]
  * Beta parameters: [s1=1.00843, s2=10.4839]
  * Adjusted p-values: [emp=0.383085, beta=0.350108]

Processing phenotype [ENSG00000146083.7] [159/260]
  * #variants in cis = 9
  * Best hit: [id=5_internal_12638, d=837349, pv=0.00348663, s=-0.3156]
  * Beta parameters: [s1=1.05113, s2=8.13466]
  * Adjusted p-values: [emp=0.0248756, beta=0.0378023]

Processing phenotype [ENSG00000074276.6] [160/260]
  * #variants in cis = 9
  * Best hit: [id=5_internal_12752, d=0, pv=0.0133586, s=0.2471]
  * Beta parameters: [s1=0.76748, s2=10.3988]
  * Adjusted p-values: [emp=0.109453, beta=0.0972956]

Processing phenotype [ENSG00000243959.2] [161/260]
  * #variants in cis = 9
  * Best hit: [id=5_internal_9448, d=-261518, pv=0.00128092, s=0.3431]
  * Beta parameters: [s1=1.13876, s2=10.1855]
  * Adjusted p-values: [emp=0.00497512, beta=0.00989479]

Processing phenotype [ENSG00000169258.6] [162/260]
  * #variants in cis = 8
  * Best hit: [id=5_internal_8304, d=-816812, pv=0.0111645, s=-0.2473]
  * Beta parameters: [s1=1.04739, s2=6.34876]
  * Adjusted p-values: [emp=0.124378, beta=0.112146]

Processing phenotype [ENSG00000048140.13] [163/260]
  * #variants in cis = 8
  * Best hit: [id=5_internal_9106, d=669919, pv=0.0746274, s=0.1912]
  * Beta parameters: [s1=1.01061, s2=8.12715]
  * Adjusted p-values: [emp=0.522388, beta=0.492333]

Processing phenotype [ENSG00000087206.12] [164/260]
  * #variants in cis = 8
  * Best hit: [id=5_internal_8817, d=-381187, pv=0.0778537, s=0.1906]
  * Beta parameters: [s1=1.08174, s2=11.797]
  * Adjusted p-values: [emp=0.522388, beta=0.496862]

Processing phenotype [ENSG00000113761.7] [165/260]
  * #variants in cis = 8
  * Best hit: [id=5_internal_12752, d=-464535, pv=0.282486, s=0.1145]
  * Beta parameters: [s1=0.91252, s2=6.7738]
  * Adjusted p-values: [emp=0.915423, beta=0.908047]

Processing phenotype [ENSG00000251666.1] [166/260]
  * #variants in cis = 8
  * Best hit: [id=5_internal_9106, d=265592, pv=0.349452, s=0.0962]
  * Beta parameters: [s1=0.954478, s2=9.66007]
  * Adjusted p-values: [emp=0.975124, beta=0.977211]

Processing phenotype [ENSG00000160867.10] [167/260]
  * #variants in cis = 8
  * Best hit: [id=5_internal_8304, d=340059, pv=0.21773, s=0.1361]
  * Beta parameters: [s1=0.840976, s2=7.96856]
  * Adjusted p-values: [emp=0.865672, beta=0.856221]

Processing phenotype [ENSG00000165671.13] [168/260]
  * #variants in cis = 9
  * Best hit: [id=5_internal_12752, d=-574864, pv=0.0126833, s=-0.2880]
  * Beta parameters: [s1=1.04983, s2=8.267]
  * Adjusted p-values: [emp=0.114428, beta=0.115903]

Processing phenotype [ENSG00000240729.1] [169/260]
  * #variants in cis = 12
  * Best hit: [id=5_internal_9151, d=407171, pv=0.00791782, s=-0.2742]
  * Beta parameters: [s1=0.871063, s2=9.61394]
  * Adjusted p-values: [emp=0.109453, beta=0.101575]

Processing phenotype [ENSG00000169228.9] [170/260]
  * #variants in cis = 12
  * Best hit: [id=5_internal_9151, d=-368193, pv=0.0272306, s=0.2454]
  * Beta parameters: [s1=0.979837, s2=9.52276]
  * Adjusted p-values: [emp=0.338308, beta=0.338483]

Processing phenotype [ENSG00000169230.5] [171/260]
  * #variants in cis = 12
  * Best hit: [id=5_internal_9106, d=13532, pv=0.23417, s=0.1324]
  * Beta parameters: [s1=1.00694, s2=18.4963]
  * Adjusted p-values: [emp=0.9801, beta=0.983935]

Processing phenotype [ENSG00000213347.6] [172/260]
  * #variants in cis = 12
  * Best hit: [id=5_internal_9151, d=-359180, pv=0.0659115, s=0.2026]
  * Beta parameters: [s1=0.892194, s2=12.19]
  * Adjusted p-values: [emp=0.517413, beta=0.511699]

Processing phenotype [ENSG00000239393.1] [173/260]
  * #variants in cis = 12
  * Best hit: [id=5_internal_9106, d=-21093, pv=0.0540825, s=-0.1976]
  * Beta parameters: [s1=0.898053, s2=11.6113]
  * Adjusted p-values: [emp=0.393035, beta=0.427145]

Processing phenotype [ENSG00000169223.10] [174/260]
  * #variants in cis = 12
  * Best hit: [id=5_internal_13871, d=0, pv=0.160312, s=-0.1413]
  * Beta parameters: [s1=0.907459, s2=11.4101]
  * Adjusted p-values: [emp=0.855721, beta=0.848355]

Processing phenotype [ENSG00000169220.13] [175/260]
  * #variants in cis = 12
  * Best hit: [id=5_internal_13871, d=0, pv=0.101285, s=-0.1872]
  * Beta parameters: [s1=1.00432, s2=10.9279]
  * Adjusted p-values: [emp=0.711443, beta=0.711597]

Processing phenotype [ENSG00000198055.6] [176/260]
  * #variants in cis = 12
  * Best hit: [id=5_internal_8304, d=23741, pv=0.0942943, s=-0.1951]
  * Beta parameters: [s1=0.948525, s2=10.4138]
  * Adjusted p-values: [emp=0.671642, beta=0.679536]

Processing phenotype [ENSG00000131187.5] [177/260]
  * #variants in cis = 12
  * Best hit: [id=5_internal_8817, d=0, pv=0.111422, s=0.1708]
  * Beta parameters: [s1=0.839306, s2=11.0056]
  * Adjusted p-values: [emp=0.686567, beta=0.729714]

Processing phenotype [ENSG00000131188.7] [178/260]
  * #variants in cis = 12
  * Best hit: [id=5_internal_9448, d=-627799, pv=0.0351548, s=0.2076]
  * Beta parameters: [s1=0.877274, s2=13.8647]
  * Adjusted p-values: [emp=0.313433, beta=0.320464]

Processing phenotype [ENSG00000246334.2] [179/260]
  * #variants in cis = 12
  * Best hit: [id=5_internal_9632, d=-733445, pv=0.0179037, s=0.2760]
  * Beta parameters: [s1=1.05481, s2=15.0982]
  * Adjusted p-values: [emp=0.179104, beta=0.179473]

Processing phenotype [ENSG00000113758.9] [180/260]
  * #variants in cis = 12
  * Best hit: [id=5_internal_10756, d=0, pv=0.0244245, s=0.2253]
  * Beta parameters: [s1=0.995244, s2=12.1805]
  * Adjusted p-values: [emp=0.21393, beta=0.205051]

Processing phenotype [ENSG00000196923.9] [181/260]
  * #variants in cis = 12
  * Best hit: [id=5_internal_9632, d=-683538, pv=0.0276073, s=0.2359]
  * Beta parameters: [s1=1.0317, s2=10.8511]
  * Adjusted p-values: [emp=0.293532, beta=0.288147]

Processing phenotype [ENSG00000146094.9] [182/260]
  * #variants in cis = 12
  * Best hit: [id=5_internal_8304, d=0, pv=0.0293411, s=0.2449]
  * Beta parameters: [s1=0.916478, s2=13.7355]
  * Adjusted p-values: [emp=0.338308, beta=0.329318]

Processing phenotype [ENSG00000183258.7] [183/260]
  * #variants in cis = 12
  * Best hit: [id=5_internal_10420, d=-590727, pv=0.156693, s=0.1619]
  * Beta parameters: [s1=0.951835, s2=13.6625]
  * Adjusted p-values: [emp=0.895522, beta=0.895627]

Processing phenotype [ENSG00000146067.11] [184/260]
  * #variants in cis = 12
  * Best hit: [id=5_internal_12752, d=996380, pv=0.0500385, s=-0.2059]
  * Beta parameters: [s1=1.1102, s2=11.4783]
  * Adjusted p-values: [emp=0.477612, beta=0.455474]

Processing phenotype [ENSG00000184840.7] [185/260]
  * #variants in cis = 11
  * Best hit: [id=5_internal_9106, d=-267178, pv=0.0270164, s=-0.2500]
  * Beta parameters: [s1=0.979214, s2=10.0299]
  * Adjusted p-values: [emp=0.278607, beta=0.26247]

Processing phenotype [ENSG00000027847.9] [186/260]
  * #variants in cis = 11
  * Best hit: [id=5_internal_9151, d=71837, pv=0.0231857, s=-0.2601]
  * Beta parameters: [s1=1.01258, s2=10.2777]
  * Adjusted p-values: [emp=0.228856, beta=0.19963]

Processing phenotype [ENSG00000247679.2] [187/260]
  * #variants in cis = 11
  * Best hit: [id=5_internal_9632, d=569891, pv=0.0010887, s=0.3540]
  * Beta parameters: [s1=0.846614, s2=10.8401]
  * Adjusted p-values: [emp=0.0199005, beta=0.0159701]

Processing phenotype [ENSG00000246596.2] [188/260]
  * #variants in cis = 13
  * Best hit: [id=5_internal_9632, d=-508935, pv=0.0155771, s=0.2751]
  * Beta parameters: [s1=0.893862, s2=12.2683]
  * Adjusted p-values: [emp=0.20398, beta=0.186319]

Processing phenotype [ENSG00000249849.1] [189/260]
  * #variants in cis = 13
  * Best hit: [id=5_internal_9151, d=0, pv=0.0525261, s=0.2012]
  * Beta parameters: [s1=0.900045, s2=11.9468]
  * Adjusted p-values: [emp=0.462687, beta=0.45838]

Processing phenotype [ENSG00000249109.1] [190/260]
  * #variants in cis = 13
  * Best hit: [id=5_internal_9632, d=398947, pv=0.0654636, s=0.1967]
  * Beta parameters: [s1=0.941305, s2=12.3813]
  * Adjusted p-values: [emp=0.58209, beta=0.579861]

Processing phenotype [ENSG00000170074.15] [191/260]
  * #variants in cis = 13
  * Best hit: [id=5_internal_9151, d=0, pv=0.218553, s=0.1245]
  * Beta parameters: [s1=0.987487, s2=11.7127]
  * Adjusted p-values: [emp=0.935323, beta=0.950794]

Processing phenotype [ENSG00000248943.1] [192/260]
  * #variants in cis = 13
  * Best hit: [id=5_internal_8304, d=290154, pv=0.000820529, s=-0.3460]
  * Beta parameters: [s1=0.995065, s2=12.5689]
  * Adjusted p-values: [emp=0.0199005, beta=0.00854706]

Processing phenotype [ENSG00000170089.9] [193/260]
  * #variants in cis = 13
  * Best hit: [id=5_internal_12659, d=827897, pv=0.0174335, s=0.2654]
  * Beta parameters: [s1=1.03345, s2=13.0964]
  * Adjusted p-values: [emp=0.189055, beta=0.17407]

Processing phenotype [ENSG00000214351.5] [194/260]
  * #variants in cis = 12
  * Best hit: [id=5_internal_8304, d=324456, pv=0.0510008, s=-0.2246]
  * Beta parameters: [s1=0.994941, s2=10.727]
  * Adjusted p-values: [emp=0.537313, beta=0.508354]

Processing phenotype [ENSG00000249704.1] [195/260]
  * #variants in cis = 12
  * Best hit: [id=5_internal_10756, d=-375212, pv=0.30087, s=0.1005]
  * Beta parameters: [s1=1.03499, s2=11.0425]
  * Adjusted p-values: [emp=0.985075, beta=0.984381]

Processing phenotype [ENSG00000249186.1] [196/260]
  * #variants in cis = 12
  * Best hit: [id=5_internal_9632, d=-309950, pv=0.00124275, s=0.3394]
  * Beta parameters: [s1=1.07229, s2=10.6906]
  * Adjusted p-values: [emp=0.0248756, beta=0.0162011]

Processing phenotype [ENSG00000250963.1] [197/260]
  * #variants in cis = 12
  * Best hit: [id=5_internal_9208, d=327269, pv=0.000514206, s=0.3750]
  * Beta parameters: [s1=1.00203, s2=14.3405]
  * Adjusted p-values: [emp=0.00497512, beta=0.003953]

Processing phenotype [ENSG00000250101.1] [198/260]
  * #variants in cis = 12
  * Best hit: [id=5_internal_10420, d=168574, pv=0.013946, s=0.2720]
  * Beta parameters: [s1=1.03522, s2=10.7217]
  * Adjusted p-values: [emp=0.149254, beta=0.145992]

Processing phenotype [ENSG00000249684.1] [199/260]
  * #variants in cis = 12
  * Best hit: [id=5_internal_10756, d=-469407, pv=0.0761664, s=0.2009]
  * Beta parameters: [s1=0.97181, s2=12.8666]
  * Adjusted p-values: [emp=0.641791, beta=0.643864]

Processing phenotype [ENSG00000249129.1] [200/260]
  * #variants in cis = 12
  * Best hit: [id=5_internal_10420, d=136880, pv=0.150754, s=0.1492]
  * Beta parameters: [s1=0.831364, s2=10.7866]
  * Adjusted p-values: [emp=0.855721, beta=0.85117]

Processing phenotype [ENSG00000204677.6] [201/260]
  * #variants in cis = 12
  * Best hit: [id=5_internal_9151, d=0, pv=0.0348675, s=0.2149]
  * Beta parameters: [s1=0.941401, s2=9.41159]
  * Adjusted p-values: [emp=0.38806, beta=0.401498]

Processing phenotype [ENSG00000218227.3] [202/260]
  * #variants in cis = 12
  * Best hit: [id=5_internal_10756, d=-574676, pv=0.0895574, s=0.1782]
  * Beta parameters: [s1=0.87515, s2=10.3223]
  * Adjusted p-values: [emp=0.636816, beta=0.67031]

Processing phenotype [ENSG00000145911.5] [203/260]
  * #variants in cis = 12
  * Best hit: [id=5_internal_9208, d=99086, pv=0.0387812, s=-0.2156]
  * Beta parameters: [s1=1.03195, s2=11.493]
  * Adjusted p-values: [emp=0.373134, beta=0.348836]

Processing phenotype [ENSG00000145916.14] [204/260]
  * #variants in cis = 12
  * Best hit: [id=5_internal_10756, d=-650068, pv=0.0101429, s=0.2833]
  * Beta parameters: [s1=0.931827, s2=12.745]
  * Adjusted p-values: [emp=0.109453, beta=0.0990229]

Processing phenotype [ENSG00000145912.4] [205/260]
  * #variants in cis = 12
  * Best hit: [id=5_internal_10756, d=673039, pv=0.0195487, s=0.2337]
  * Beta parameters: [s1=0.990325, s2=11.0593]
  * Adjusted p-values: [emp=0.20398, beta=0.217915]

Processing phenotype [ENSG00000197451.6] [206/260]
  * #variants in cis = 12
  * Best hit: [id=5_internal_8525, d=419352, pv=0.122878, s=0.1573]
  * Beta parameters: [s1=0.994998, s2=9.74811]
  * Adjusted p-values: [emp=0.706468, beta=0.73777]

Processing phenotype [ENSG00000175309.10] [207/260]
  * #variants in cis = 12
  * Best hit: [id=5_internal_10955, d=0, pv=0.0169318, s=-0.2588]
  * Beta parameters: [s1=1.07345, s2=11.3078]
  * Adjusted p-values: [emp=0.223881, beta=0.206075]

Processing phenotype [ENSG00000050767.11] [208/260]
  * #variants in cis = 12
  * Best hit: [id=5_internal_8525, d=-33304, pv=0.0183119, s=-0.2578]
  * Beta parameters: [s1=1.00829, s2=8.5726]
  * Adjusted p-values: [emp=0.233831, beta=0.227633]

Processing phenotype [ENSG00000252464.1] [209/260]
  * #variants in cis = 12
  * Best hit: [id=5_internal_10870, d=-931064, pv=0.0202076, s=0.2309]
  * Beta parameters: [s1=1.0626, s2=15.2313]
  * Adjusted p-values: [emp=0.174129, beta=0.178235]

Processing phenotype [ENSG00000113240.8] [210/260]
  * #variants in cis = 12
  * Best hit: [id=5_internal_13871, d=39110, pv=0.0220209, s=-0.2437]
  * Beta parameters: [s1=1.06719, s2=13.3932]
  * Adjusted p-values: [emp=0.199005, beta=0.218973]

Processing phenotype [ENSG00000169131.6] [211/260]
  * #variants in cis = 13
  * Best hit: [id=5_internal_12659, d=0, pv=0.0959599, s=-0.1777]
  * Beta parameters: [s1=1.15508, s2=12.1833]
  * Adjusted p-values: [emp=0.711443, beta=0.703055]

Processing phenotype [ENSG00000178338.6] [212/260]
  * #variants in cis = 16
  * Best hit: [id=5_internal_10420, d=-741104, pv=0.0701983, s=-0.1947]
  * Beta parameters: [s1=1.0279, s2=15.0383]
  * Adjusted p-values: [emp=0.686567, beta=0.693037]

Processing phenotype [ENSG00000206624.1] [213/260]
  * #variants in cis = 16
  * Best hit: [id=5_internal_9054, d=649208, pv=0.0392806, s=-0.2200]
  * Beta parameters: [s1=1.0667, s2=16.2944]
  * Adjusted p-values: [emp=0.532338, beta=0.515004]

Processing phenotype [ENSG00000198939.3] [214/260]
  * #variants in cis = 16
  * Best hit: [id=5_internal_9208, d=-672202, pv=0.128426, s=-0.1632]
  * Beta parameters: [s1=1.04717, s2=13.9849]
  * Adjusted p-values: [emp=0.875622, beta=0.882992]

Processing phenotype [ENSG00000234284.2] [215/260]
  * #variants in cis = 15
  * Best hit: [id=5_internal_10420, d=-904903, pv=0.0551899, s=-0.2174]
  * Beta parameters: [s1=0.874067, s2=13.1671]
  * Adjusted p-values: [emp=0.572139, beta=0.581705]

Processing phenotype [ENSG00000177932.6] [216/260]
  * #variants in cis = 15
  * Best hit: [id=5_internal_13871, d=-468910, pv=0.0269002, s=-0.2344]
  * Beta parameters: [s1=0.934075, s2=13.2907]
  * Adjusted p-values: [emp=0.378109, beta=0.376979]

Processing phenotype [ENSG00000253144.1] [217/260]
  * #variants in cis = 16
  * Best hit: [id=5_internal_8525, d=0, pv=0.032947, s=-0.2305]
  * Beta parameters: [s1=0.969674, s2=16.6633]
  * Adjusted p-values: [emp=0.383085, beta=0.40445]

Processing phenotype [ENSG00000176783.10] [218/260]
  * #variants in cis = 13
  * Best hit: [id=5_internal_9467, d=-120, pv=0.0210443, s=0.2384]
  * Beta parameters: [s1=1.04891, s2=14.1369]
  * Adjusted p-values: [emp=0.218905, beta=0.215419]

Processing phenotype [ENSG00000249140.1] [219/260]
  * #variants in cis = 13
  * Best hit: [id=5_internal_9467, d=-21718, pv=0.000181998, s=0.3697]
  * Beta parameters: [s1=0.923361, s2=11.9197]
  * Adjusted p-values: [emp=0.00497512, beta=0.00464521]

Processing phenotype [ENSG00000244945.1] [220/260]
  * #variants in cis = 12
  * Best hit: [id=5_internal_9467, d=53303, pv=0.0714462, s=0.1903]
  * Beta parameters: [s1=0.923716, s2=13.047]
  * Adjusted p-values: [emp=0.562189, beta=0.560583]

Processing phenotype [ENSG00000169045.13] [221/260]
  * #variants in cis = 12
  * Best hit: [id=5_internal_8375, d=-168198, pv=0.0216595, s=0.2378]
  * Beta parameters: [s1=0.997252, s2=9.28659]
  * Adjusted p-values: [emp=0.19403, beta=0.222708]

Processing phenotype [ENSG00000127022.10] [222/260]
  * #variants in cis = 12
  * Best hit: [id=5_internal_8980, d=29251, pv=0.0281492, s=0.2225]
  * Beta parameters: [s1=0.932248, s2=12.3817]
  * Adjusted p-values: [emp=0.313433, beta=0.2817]

Processing phenotype [ENSG00000225051.3] [223/260]
  * #variants in cis = 12
  * Best hit: [id=5_internal_9054, d=-92671, pv=0.0592303, s=0.1947]
  * Beta parameters: [s1=1.07583, s2=10.1944]
  * Adjusted p-values: [emp=0.537313, beta=0.504972]

Processing phenotype [ENSG00000204659.4] [224/260]
  * #variants in cis = 12
  * Best hit: [id=5_internal_12659, d=876134, pv=0.00559777, s=-0.3228]
  * Beta parameters: [s1=0.851992, s2=11.9834]
  * Adjusted p-values: [emp=0.114428, beta=0.0908482]

Processing phenotype [ENSG00000161021.7] [225/260]
  * #variants in cis = 12
  * Best hit: [id=5_internal_9467, d=-182412, pv=0.169596, s=-0.1499]
  * Beta parameters: [s1=0.926357, s2=11.9424]
  * Adjusted p-values: [emp=0.860697, beta=0.869195]

Processing phenotype [ENSG00000213316.5] [226/260]
  * #variants in cis = 13
  * Best hit: [id=5_internal_10870, d=-233440, pv=0.305373, s=-0.1082]
  * Beta parameters: [s1=0.983008, s2=15.3724]
  * Adjusted p-values: [emp=0.995025, beta=0.994226]

Processing phenotype [ENSG00000221394.1] [227/260]
  * #variants in cis = 13
  * Best hit: [id=5_internal_12659, d=993505, pv=0.0113329, s=-0.2458]
  * Beta parameters: [s1=0.9475, s2=15.0109]
  * Adjusted p-values: [emp=0.144279, beta=0.157155]

Processing phenotype [ENSG00000161011.15] [228/260]
  * #variants in cis = 12
  * Best hit: [id=5_internal_8687, d=35809, pv=0.033966, s=0.2380]
  * Beta parameters: [s1=1.03125, s2=10.8736]
  * Adjusted p-values: [emp=0.343284, beta=0.353172]

Processing phenotype [ENSG00000161013.12] [229/260]
  * #variants in cis = 12
  * Best hit: [id=5_internal_8597, d=-272908, pv=0.0724789, s=-0.1960]
  * Beta parameters: [s1=1.10197, s2=11.1044]
  * Adjusted p-values: [emp=0.626866, beta=0.623767]

Processing phenotype [ENSG00000222448.1] [230/260]
  * #variants in cis = 13
  * Best hit: [id=5_internal_9054, d=-259470, pv=0.0331052, s=0.2088]
  * Beta parameters: [s1=0.974138, s2=12.8385]
  * Adjusted p-values: [emp=0.373134, beta=0.376291]

Processing phenotype [ENSG00000245317.2] [231/260]
  * #variants in cis = 13
  * Best hit: [id=5_internal_8748, d=925468, pv=0.0571165, s=-0.1934]
  * Beta parameters: [s1=1.09905, s2=13.3136]
  * Adjusted p-values: [emp=0.507463, beta=0.495629]

Processing phenotype [ENSG00000161010.10] [232/260]
  * #variants in cis = 13
  * Best hit: [id=5_internal_8597, d=-217687, pv=0.0280493, s=0.2366]
  * Beta parameters: [s1=0.929789, s2=14.217]
  * Adjusted p-values: [emp=0.268657, beta=0.277564]

Processing phenotype [ENSG00000197226.8] [233/260]
  * #variants in cis = 14
  * Best hit: [id=5_internal_9054, d=321497, pv=0.0612861, s=0.1829]
  * Beta parameters: [s1=1.03116, s2=12.8978]
  * Adjusted p-values: [emp=0.577114, beta=0.563331]

Processing phenotype [ENSG00000249412.1] [234/260]
  * #variants in cis = 14
  * Best hit: [id=5_internal_9054, d=-377253, pv=0.104136, s=0.1627]
  * Beta parameters: [s1=1.07645, s2=13.348]
  * Adjusted p-values: [emp=0.761194, beta=0.749205]

Processing phenotype [ENSG00000113269.7] [235/260]
  * #variants in cis = 14
  * Best hit: [id=5_internal_9054, d=485756, pv=0.0365365, s=0.2165]
  * Beta parameters: [s1=0.931339, s2=18.1993]
  * Adjusted p-values: [emp=0.412935, beta=0.431134]

Processing phenotype [ENSG00000229721.3] [236/260]
  * #variants in cis = 17
  * Best hit: [id=5_internal_13331, d=713284, pv=0.239104, s=0.1106]
  * Beta parameters: [s1=0.972684, s2=18.1853]
  * Adjusted p-values: [emp=0.99005, beta=0.989564]

Processing phenotype [ENSG00000253908.1] [237/260]
  * #variants in cis = 17
  * Best hit: [id=5_internal_8375, d=-434661, pv=0.0292766, s=0.2280]
  * Beta parameters: [s1=1.01937, s2=14.0348]
  * Adjusted p-values: [emp=0.353234, beta=0.354228]

Processing phenotype [ENSG00000050748.12] [238/260]
  * #variants in cis = 17
  * Best hit: [id=5_internal_9054, d=705737, pv=0.0370636, s=0.2162]
  * Beta parameters: [s1=1.16995, s2=14.4932]
  * Adjusted p-values: [emp=0.557214, beta=0.521325]

Processing phenotype [ENSG00000248367.1] [239/260]
  * #variants in cis = 17
  * Best hit: [id=5_internal_8597, d=-206837, pv=0.0962047, s=-0.1899]
  * Beta parameters: [s1=1.00536, s2=18.4384]
  * Adjusted p-values: [emp=0.791045, beta=0.780708]

Processing phenotype [ENSG00000131459.8] [240/260]
  * #variants in cis = 17
  * Best hit: [id=5_internal_9052, d=-750825, pv=0.0304818, s=-0.2269]
  * Beta parameters: [s1=1.15717, s2=16.0524]
  * Adjusted p-values: [emp=0.41791, beta=0.391613]

Processing phenotype [ENSG00000113300.7] [241/260]
  * #variants in cis = 17
  * Best hit: [id=5_internal_8375, d=-671393, pv=0.24028, s=-0.1177]
  * Beta parameters: [s1=1.00478, s2=17.8403]
  * Adjusted p-values: [emp=0.995025, beta=0.992971]

Processing phenotype [ENSG00000037280.11] [242/260]
  * #variants in cis = 13
  * Best hit: [id=5_internal_9307, d=885418, pv=0.248076, s=0.1243]
  * Beta parameters: [s1=1.00004, s2=10.7425]
  * Adjusted p-values: [emp=0.935323, beta=0.955841]

Processing phenotype [ENSG00000260841.1] [243/260]
  * #variants in cis = 10
  * Best hit: [id=5_internal_10476, d=-399419, pv=0.0393226, s=0.2227]
  * Beta parameters: [s1=0.994807, s2=13.5264]
  * Adjusted p-values: [emp=0.353234, beta=0.367946]

Processing phenotype [ENSG00000131446.11] [244/260]
  * #variants in cis = 10
  * Best hit: [id=5_internal_8687, d=961964, pv=0.0447868, s=0.2244]
  * Beta parameters: [s1=0.909254, s2=9.91393]
  * Adjusted p-values: [emp=0.378109, beta=0.400464]

Processing phenotype [ENSG00000245060.2] [245/260]
  * #variants in cis = 9
  * Best hit: [id=5_internal_9052, d=273255, pv=7.99522e-05, s=-0.4541]
  * Beta parameters: [s1=0.923818, s2=8.49749]
  * Adjusted p-values: [emp=0.00995025, beta=0.000817512]

Processing phenotype [ENSG00000196670.9] [246/260]
  * #variants in cis = 8
  * Best hit: [id=5_internal_11733, d=-11216, pv=0.0133148, s=-0.2655]
  * Beta parameters: [s1=0.881893, s2=8.72984]
  * Adjusted p-values: [emp=0.119403, beta=0.100749]

Processing phenotype [ENSG00000250222.1] [247/260]
  * #variants in cis = 7
  * Best hit: [id=5_internal_11733, d=-137573, pv=0.447889, s=0.0846]
  * Beta parameters: [s1=0.949339, s2=7.16382]
  * Adjusted p-values: [emp=0.99005, beta=0.988875]

Processing phenotype [ENSG00000250900.2] [248/260]
  * #variants in cis = 7
  * Best hit: [id=5_internal_12406, d=-840865, pv=0.0280512, s=0.2197]
  * Beta parameters: [s1=1.04693, s2=8.12585]
  * Adjusted p-values: [emp=0.18408, beta=0.162828]

Processing phenotype [ENSG00000146054.13] [249/260]
  * #variants in cis = 7
  * Best hit: [id=5_internal_11733, d=150942, pv=0.303085, s=-0.1116]
  * Beta parameters: [s1=0.968466, s2=6.19632]
  * Adjusted p-values: [emp=0.905473, beta=0.897418]

Processing phenotype [ENSG00000248514.1] [250/260]
  * #variants in cis = 7
  * Best hit: [id=5_internal_12406, d=851489, pv=0.395478, s=0.0893]
  * Beta parameters: [s1=0.887897, s2=9.29174]
  * Adjusted p-values: [emp=0.985075, beta=0.982902]

Processing phenotype [ENSG00000146063.14] [251/260]
  * #variants in cis = 7
  * Best hit: [id=5_internal_8483, d=-388790, pv=0.12535, s=-0.1658]
  * Beta parameters: [s1=1.04446, s2=6.81169]
  * Adjusted p-values: [emp=0.59204, beta=0.585247]

Processing phenotype [ENSG00000247049.2] [252/260]
  * #variants in cis = 7
  * Best hit: [id=5_internal_8483, d=396976, pv=0.187496, s=-0.1468]
  * Beta parameters: [s1=1.04011, s2=5.9882]
  * Adjusted p-values: [emp=0.751244, beta=0.732153]

Processing phenotype [ENSG00000208342.1] [253/260]
  * #variants in cis = 7
  * Best hit: [id=5_internal_12406, d=887261, pv=0.174149, s=-0.1480]
  * Beta parameters: [s1=0.809412, s2=8.72974]
  * Adjusted p-values: [emp=0.776119, beta=0.775945]

Processing phenotype [ENSG00000264549.1] [254/260]
  * #variants in cis = 7
  * Best hit: [id=5_internal_12406, d=888748, pv=0.0757701, s=0.2016]
  * Beta parameters: [s1=0.942194, s2=6.87058]
  * Adjusted p-values: [emp=0.457711, beta=0.453504]

Processing phenotype [ENSG00000233937.2] [255/260]
  * #variants in cis = 7
  * Best hit: [id=5_internal_12534, d=-60902, pv=0.168616, s=0.1458]
  * Beta parameters: [s1=1.06447, s2=8.02531]
  * Adjusted p-values: [emp=0.78607, beta=0.747878]

Processing phenotype [ENSG00000204628.7] [256/260]
  * #variants in cis = 7
  * Best hit: [id=5_internal_8483, d=414387, pv=0.0699171, s=-0.2012]
  * Beta parameters: [s1=1.05286, s2=6.22027]
  * Adjusted p-values: [emp=0.39801, beta=0.387203]

Processing phenotype [ENSG00000268397.1] [257/260]
  * #variants in cis = 7
  * Best hit: [id=5_internal_12534, d=-70099, pv=0.261616, s=0.1311]
  * Beta parameters: [s1=0.912237, s2=6.94866]
  * Adjusted p-values: [emp=0.865672, beta=0.869689]

Processing phenotype [ENSG00000183718.3] [258/260]
  * #variants in cis = 7
  * Best hit: [id=5_internal_8748, d=458604, pv=0.124921, s=0.1604]
  * Beta parameters: [s1=1.04436, s2=7.63065]
  * Adjusted p-values: [emp=0.666667, beta=0.668483]

Processing phenotype [ENSG00000248275.1] [259/260]
  * #variants in cis = 7
  * Best hit: [id=5_internal_12406, d=-906582, pv=0.230422, s=-0.1302]
  * Beta parameters: [s1=1.08286, s2=7.12045]
  * Adjusted p-values: [emp=0.850746, beta=0.837792]

Processing phenotype [ENSG00000248103.1] [260/260]
  * #variants in cis = 7
  * Best hit: [id=5_internal_12534, d=-95755, pv=0.0809441, s=0.1820]
  * Beta parameters: [s1=0.952721, s2=8.34613]
  * Adjusted p-values: [emp=0.452736, beta=0.487985]

Running time: 2 seconds
