Sender: LSF System <lsfadmin@cpt16>
Subject: Job 973964: </data/unige/funpopgen/odelanea/SGX/V2/binaries/qtltools/bin/QTLtools cis --vcf /data/unige/funpopgen/grey2/SYSCID/BLUEPRINT_DATA/CRD/THREE_CELL_TYPES/CLOMICS/CELL_TYPE_COMPARISON_GENE_CRD_ASSOCIATIONS/quantify/73_vs_72_ALL.ALLchr.mean.txt.gz --bed /data/unige/funpopgen/grey2/SYSCID/BLUEPRINT_DATA/CRD/THREE_CELL_TYPES/QTL_TOOLS/EGAD00001002671_v3.0/EGAD00001002671_RNA.PC10.bed.gz --permute 200 --chunk 21 100 --out /data/unige/funpopgen/grey2/SYSCID/BLUEPRINT_DATA/CRD/THREE_CELL_TYPES/CLOMICS/CELL_TYPE_COMPARISON_GENE_CRD_ASSOCIATIONS/mapping_aCRD_gene/73_vs_72/gene_CRD_mean_chunk21\.txt> in cluster <ug> Done

Job </data/unige/funpopgen/odelanea/SGX/V2/binaries/qtltools/bin/QTLtools cis --vcf /data/unige/funpopgen/grey2/SYSCID/BLUEPRINT_DATA/CRD/THREE_CELL_TYPES/CLOMICS/CELL_TYPE_COMPARISON_GENE_CRD_ASSOCIATIONS/quantify/73_vs_72_ALL.ALLchr.mean.txt.gz --bed /data/unige/funpopgen/grey2/SYSCID/BLUEPRINT_DATA/CRD/THREE_CELL_TYPES/QTL_TOOLS/EGAD00001002671_v3.0/EGAD00001002671_RNA.PC10.bed.gz --permute 200 --chunk 21 100 --out /data/unige/funpopgen/grey2/SYSCID/BLUEPRINT_DATA/CRD/THREE_CELL_TYPES/CLOMICS/CELL_TYPE_COMPARISON_GENE_CRD_ASSOCIATIONS/mapping_aCRD_gene/73_vs_72/gene_CRD_mean_chunk21\.txt> was submitted from host <frt.ug.vital-it.ch> by user <grey2> in cluster <ug>.
Job was executed on host(s) <cpt16>, in queue <normal>, as user <grey2> in cluster <ug>.
</home/grey2> was used as the home directory.
</data/unige/funpopgen/grey2/SYSCID/BLUEPRINT_DATA/CRD/THREE_CELL_TYPES/CLOMICS/CELL_TYPE_COMPARISON_GENE_CRD_ASSOCIATIONS> was used as the working directory.
Started at Thu Mar 21 11:24:19 2019
Results reported at Thu Mar 21 11:24:24 2019

Your job looked like:

------------------------------------------------------------
# LSBATCH: User input
/data/unige/funpopgen/odelanea/SGX/V2/binaries/qtltools/bin/QTLtools cis --vcf /data/unige/funpopgen/grey2/SYSCID/BLUEPRINT_DATA/CRD/THREE_CELL_TYPES/CLOMICS/CELL_TYPE_COMPARISON_GENE_CRD_ASSOCIATIONS/quantify/73_vs_72_ALL.ALLchr.mean.txt.gz --bed /data/unige/funpopgen/grey2/SYSCID/BLUEPRINT_DATA/CRD/THREE_CELL_TYPES/QTL_TOOLS/EGAD00001002671_v3.0/EGAD00001002671_RNA.PC10.bed.gz --permute 200 --chunk 21 100 --out /data/unige/funpopgen/grey2/SYSCID/BLUEPRINT_DATA/CRD/THREE_CELL_TYPES/CLOMICS/CELL_TYPE_COMPARISON_GENE_CRD_ASSOCIATIONS/mapping_aCRD_gene/73_vs_72/gene_CRD_mean_chunk21\.txt

------------------------------------------------------------

Successfully completed.

Resource usage summary:

    CPU time :               2.31 sec.
    Max Memory :             3.04 MB
    Average Memory :         3.04 MB
    Total Requested Memory : -
    Delta Memory :           -
    (Delta: the difference between total requested memory and actual max usage.)
    Max Swap :               31 MB

    Max Processes :          1
    Max Threads :            1

The output (if any) follows:


[32mQTLtools[0m
  * Authors : Olivier DELANEAU / Halit ONGEN / Emmanouil DERMITZAKIS
  * Contact : olivier.delaneau@gmail.com / halit.ongen@unige.ch / Emmanouil.Dermitzakis@unige.ch
  * Webpage : https://qtltools.github.io/qtltools/
  * Version : 1.1
  * Date    : 21/03/2019 - 11:24:22
  * Citation: A complete tool set for molecular QTL discovery and analysis, https://doi.org/10.1101/068635

[32mMAPPING QTL IN CIS[0m
  * TASK: Perform 200 permutations
  * Linear model: Phe ~ Var
  * Cis-window size is 1000000 bp
  * Chunk = [21/100]

Scanning phenotype data in [/data/unige/funpopgen/grey2/SYSCID/BLUEPRINT_DATA/CRD/THREE_CELL_TYPES/QTL_TOOLS/EGAD00001002671_v3.0/EGAD00001002671_RNA.PC10.bed.gz]
  * 24372 phenotypes included
  * 12152 phenotypes are on the negative strand

Initialize random number generator
  * Built-in seed is 15112011
  * First Integer = 30554
  * First Double = 0.0126695

Reading sample list from [/data/unige/funpopgen/grey2/SYSCID/BLUEPRINT_DATA/CRD/THREE_CELL_TYPES/QTL_TOOLS/EGAD00001002671_v3.0/EGAD00001002671_RNA.PC10.bed.gz]
  * #samples = 169

Reading sample list from [/data/unige/funpopgen/grey2/SYSCID/BLUEPRINT_DATA/CRD/THREE_CELL_TYPES/CLOMICS/CELL_TYPE_COMPARISON_GENE_CRD_ASSOCIATIONS/quantify/73_vs_72_ALL.ALLchr.mean.txt.gz]
  * #samples = 94

Merging sample sets from all input files
  * #files = 2
  * #samples in all files = 91
  * #samples NOT in all files (i.e. ignored) = 81

Reading phenotype data in [/data/unige/funpopgen/grey2/SYSCID/BLUEPRINT_DATA/CRD/THREE_CELL_TYPES/QTL_TOOLS/EGAD00001002671_v3.0/EGAD00001002671_RNA.PC10.bed.gz]
  * target region [8:163707-30241944]
  * 203 phenotypes included
  * 95 phenotypes are on the negative strand

Reading genotype data in [/data/unige/funpopgen/grey2/SYSCID/BLUEPRINT_DATA/CRD/THREE_CELL_TYPES/CLOMICS/CELL_TYPE_COMPARISON_GENE_CRD_ASSOCIATIONS/quantify/73_vs_72_ALL.ALLchr.mean.txt.gz]
  * File format detected: BED
  * 91 samples included
  * 5 samples without phenotype data
  * target region [8:0-31241944]
  * 129 variants included

Processing phenotype [ENSG00000223508.4] [1/203]
  * #variants in cis = 4
  * Best hit: [id=8_internal_10742, d=-437038, pv=0.219395, s=0.1219]
  * Maximum Likelihood estimation failed, use Moment Matching instead!
  * Beta parameters: [s1=0.999983, s2=4.46777]
  * Adjusted p-values: [emp=0.636816, beta=0.638507]

Processing phenotype [ENSG00000172748.7] [2/203]
  * #variants in cis = 4
  * Best hit: [id=8_internal_9267, d=396878, pv=0.586109, s=-0.0559]
  * Maximum Likelihood estimation failed, use Moment Matching instead!
  * Beta parameters: [s1=0.999942, s2=4.2608]
  * Adjusted p-values: [emp=0.975124, beta=0.971802]

Processing phenotype [ENSG00000147364.11] [3/203]
  * #variants in cis = 4
  * Best hit: [id=8_internal_9267, d=222587, pv=0.0255765, s=0.2337]
  * Maximum Likelihood estimation failed, use Moment Matching instead!
  * Beta parameters: [s1=0.999984, s2=4.59659]
  * Adjusted p-values: [emp=0.129353, beta=0.0663253]

Processing phenotype [ENSG00000180190.7] [4/203]
  * #variants in cis = 4
  * Best hit: [id=8_internal_9267, d=-83234, pv=0.177679, s=0.1441]
  * Maximum Likelihood estimation failed, use Moment Matching instead!
  * Beta parameters: [s1=0.999974, s2=4.88451]
  * Adjusted p-values: [emp=0.597015, beta=0.59677]

Processing phenotype [ENSG00000254207.1] [5/203]
  * #variants in cis = 4
  * Best hit: [id=8_internal_10742, d=0, pv=0.0726486, s=-0.1902]
  * Maximum Likelihood estimation failed, use Moment Matching instead!
  * Beta parameters: [s1=1.00011, s2=4.10019]
  * Adjusted p-values: [emp=0.283582, beta=0.295445]

Processing phenotype [ENSG00000104714.9] [6/203]
  * #variants in cis = 4
  * Best hit: [id=8_internal_10742, d=0, pv=2.27803e-05, s=0.4595]
  * Maximum Likelihood estimation failed, use Moment Matching instead!
  * Beta parameters: [s1=1.00001, s2=4.24784]
  * Adjusted p-values: [emp=0.00497512, beta=9.58601e-05]

Processing phenotype [ENSG00000182372.6] [7/203]
  * #variants in cis = 11
  * Best hit: [id=8_internal_9449, d=3522, pv=3.36551e-07, s=0.5249]
  * Beta parameters: [s1=1.07322, s2=7.01905]
  * Adjusted p-values: [emp=0.00497512, beta=1.64671e-05]

Processing phenotype [ENSG00000253982.1] [8/203]
  * #variants in cis = 11
  * Best hit: [id=8_internal_7046, d=7828, pv=1.05308e-09, s=0.6439]
  * Beta parameters: [s1=0.967034, s2=8.07703]
  * Adjusted p-values: [emp=0.00497512, beta=3.08341e-08]

Processing phenotype [ENSG00000104728.11] [9/203]
  * #variants in cis = 11
  * Best hit: [id=8_internal_9694, d=0, pv=8.72138e-05, s=0.4061]
  * Beta parameters: [s1=1.06966, s2=8.48481]
  * Adjusted p-values: [emp=0.00497512, beta=0.000962665]

Processing phenotype [ENSG00000253696.1] [10/203]
  * #variants in cis = 11
  * Best hit: [id=8_internal_9780, d=129576, pv=0.0222931, s=0.2481]
  * Beta parameters: [s1=1.02076, s2=9.38749]
  * Adjusted p-values: [emp=0.164179, beta=0.186985]

Processing phenotype [ENSG00000176595.3] [11/203]
  * #variants in cis = 11
  * Best hit: [id=8_internal_9243, d=0, pv=1.30562e-06, s=0.5497]
  * Beta parameters: [s1=1.14813, s2=9.56616]
  * Adjusted p-values: [emp=0.00497512, beta=5.57114e-06]

Processing phenotype [ENSG00000253764.1] [12/203]
  * #variants in cis = 11
  * Best hit: [id=8_internal_9780, d=-126336, pv=0.00154911, s=0.3312]
  * Beta parameters: [s1=0.992262, s2=9.5534]
  * Adjusted p-values: [emp=0.0149254, beta=0.00940131]

Processing phenotype [ENSG00000036448.5] [13/203]
  * #variants in cis = 11
  * Best hit: [id=8_internal_8479, d=94703, pv=3.00139e-08, s=0.5745]
  * Beta parameters: [s1=1.05191, s2=8.56663]
  * Adjusted p-values: [emp=0.00497512, beta=9.48362e-07]

Processing phenotype [ENSG00000254319.1] [14/203]
  * #variants in cis = 11
  * Best hit: [id=8_internal_7474, d=0, pv=1.57093e-10, s=0.5954]
  * Beta parameters: [s1=0.846371, s2=9.6642]
  * Adjusted p-values: [emp=0.00497512, beta=4.1136e-09]

Processing phenotype [ENSG00000147316.8] [15/203]
  * #variants in cis = 5
  * Best hit: [id=8_internal_6991, d=948089, pv=0.67644, s=-0.0469]
  * Beta parameters: [s1=0.965895, s2=5.29671]
  * Adjusted p-values: [emp=1, beta=0.997332]

Processing phenotype [ENSG00000246089.2] [16/203]
  * #variants in cis = 5
  * Best hit: [id=8_internal_7630, d=-8387, pv=0.182262, s=-0.1570]
  * Maximum Likelihood estimation failed, use Moment Matching instead!
  * Beta parameters: [s1=1.00006, s2=5.32185]
  * Adjusted p-values: [emp=0.651741, beta=0.680936]

Processing phenotype [ENSG00000253550.1] [17/203]
  * #variants in cis = 5
  * Best hit: [id=8_internal_6991, d=-880393, pv=0.321613, s=0.0931]
  * Maximum Likelihood estimation failed, use Moment Matching instead!
  * Beta parameters: [s1=1.00001, s2=4.72099]
  * Adjusted p-values: [emp=0.850746, beta=0.847952]

Processing phenotype [ENSG00000091879.9] [18/203]
  * #variants in cis = 5
  * Best hit: [id=8_internal_7630, d=0, pv=0.00802929, s=0.2993]
  * Maximum Likelihood estimation failed, use Moment Matching instead!
  * Beta parameters: [s1=0.999959, s2=3.93869]
  * Adjusted p-values: [emp=0.0547264, beta=0.0636264]

Processing phenotype [ENSG00000249898.3] [19/203]
  * #variants in cis = 5
  * Best hit: [id=8_internal_9932, d=145630, pv=0.0510991, s=0.2193]
  * Maximum Likelihood estimation failed, use Moment Matching instead!
  * Beta parameters: [s1=1.00011, s2=5.19831]
  * Adjusted p-values: [emp=0.258706, beta=0.258546]

Processing phenotype [ENSG00000155189.7] [20/203]
  * #variants in cis = 5
  * Best hit: [id=8_internal_7630, d=-16502, pv=0.0787297, s=0.1899]
  * Beta parameters: [s1=1.0719, s2=6.78197]
  * Adjusted p-values: [emp=0.373134, beta=0.351756]

Processing phenotype [ENSG00000215374.4] [21/203]
  * #variants in cis = 13
  * Best hit: [id=8_internal_6991, d=0, pv=3.02694e-06, s=0.4800]
  * Beta parameters: [s1=0.875473, s2=12.174]
  * Adjusted p-values: [emp=0.00497512, beta=9.13927e-05]

Processing phenotype [ENSG00000253893.1] [22/203]
  * #variants in cis = 15
  * Best hit: [id=8_internal_7049, d=0, pv=1.69184e-07, s=0.5120]
  * Beta parameters: [s1=1.1668, s2=13.4816]
  * Adjusted p-values: [emp=0.00497512, beta=1.37665e-06]

Processing phenotype [ENSG00000173295.3] [23/203]
  * #variants in cis = 15
  * Best hit: [id=8_internal_7049, d=0, pv=1.13228e-13, s=0.6877]
  * Beta parameters: [s1=1.15128, s2=13.0571]
  * Adjusted p-values: [emp=0.00497512, beta=6.17552e-13]

Processing phenotype [ENSG00000253981.1] [24/203]
  * #variants in cis = 15
  * Best hit: [id=8_internal_7049, d=0, pv=2.55183e-08, s=0.5777]
  * Beta parameters: [s1=0.823684, s2=13.7003]
  * Adjusted p-values: [emp=0.00497512, beta=8.57127e-07]

Processing phenotype [ENSG00000182319.5] [25/203]
  * #variants in cis = 15
  * Best hit: [id=8_internal_8525, d=0, pv=1.66936e-05, s=0.4489]
  * Beta parameters: [s1=1.02732, s2=13.7418]
  * Adjusted p-values: [emp=0.00497512, beta=0.000342416]

Processing phenotype [ENSG00000147324.6] [26/203]
  * #variants in cis = 14
  * Best hit: [id=8_internal_11746, d=0, pv=0.00889973, s=0.2959]
  * Beta parameters: [s1=0.905065, s2=14.3284]
  * Adjusted p-values: [emp=0.129353, beta=0.104649]

Processing phenotype [ENSG00000233609.3] [27/203]
  * #variants in cis = 15
  * Best hit: [id=8_internal_7049, d=-670768, pv=0.0179199, s=-0.2417]
  * Beta parameters: [s1=0.992429, s2=19.4121]
  * Adjusted p-values: [emp=0.208955, beta=0.209786]

Processing phenotype [ENSG00000104626.10] [28/203]
  * #variants in cis = 15
  * Best hit: [id=8_internal_7947, d=-625528, pv=0.06205, s=-0.1892]
  * Beta parameters: [s1=0.925601, s2=11.7984]
  * Adjusted p-values: [emp=0.587065, beta=0.604343]

Processing phenotype [ENSG00000254340.1] [29/203]
  * #variants in cis = 15
  * Best hit: [id=8_internal_8926, d=-791058, pv=0.00226474, s=0.3230]
  * Beta parameters: [s1=1.03224, s2=14.2478]
  * Adjusted p-values: [emp=0.0348259, beta=0.0362468]

Processing phenotype [ENSG00000173281.4] [30/203]
  * #variants in cis = 15
  * Best hit: [id=8_internal_8042, d=-746425, pv=0.204475, s=0.1328]
  * Beta parameters: [s1=0.930696, s2=17.3443]
  * Adjusted p-values: [emp=0.975124, beta=0.973303]

Processing phenotype [ENSG00000253426.1] [31/203]
  * #variants in cis = 15
  * Best hit: [id=8_internal_10511, d=0, pv=0.0543251, s=-0.1887]
  * Beta parameters: [s1=0.901626, s2=11.2412]
  * Adjusted p-values: [emp=0.507463, beta=0.534272]

Processing phenotype [ENSG00000173273.10] [32/203]
  * #variants in cis = 9
  * Best hit: [id=8_internal_7304, d=0, pv=0.0285429, s=0.2509]
  * Beta parameters: [s1=0.974231, s2=8.74836]
  * Adjusted p-values: [emp=0.233831, beta=0.230914]

Processing phenotype [ENSG00000260093.1] [33/203]
  * #variants in cis = 7
  * Best hit: [id=8_internal_7304, d=0, pv=0.0240098, s=0.2514]
  * Beta parameters: [s1=1.05965, s2=8.35623]
  * Adjusted p-values: [emp=0.154229, beta=0.160746]

Processing phenotype [ENSG00000175806.10] [34/203]
  * #variants in cis = 7
  * Best hit: [id=8_internal_7304, d=0, pv=0.000160702, s=0.4148]
  * Beta parameters: [s1=0.999442, s2=6.87347]
  * Adjusted p-values: [emp=0.0149254, beta=0.00160743]

Processing phenotype [ENSG00000249848.1] [35/203]
  * #variants in cis = 5
  * Best hit: [id=8_internal_7304, d=0, pv=0.16237, s=0.1339]
  * Beta parameters: [s1=0.920586, s2=5.50438]
  * Adjusted p-values: [emp=0.502488, beta=0.528552]

Processing phenotype [ENSG00000261451.1] [36/203]
  * #variants in cis = 5
  * Best hit: [id=8_internal_8429, d=166659, pv=0.514386, s=-0.0695]
  * Maximum Likelihood estimation failed, use Moment Matching instead!
  * Beta parameters: [s1=0.999917, s2=4.61908]
  * Adjusted p-values: [emp=0.965174, beta=0.961779]

Processing phenotype [ENSG00000253641.1] [37/203]
  * #variants in cis = 6
  * Best hit: [id=8_internal_8429, d=125766, pv=0.267713, s=-0.1198]
  * Maximum Likelihood estimation failed, use Moment Matching instead!
  * Beta parameters: [s1=1.00003, s2=5.54089]
  * Adjusted p-values: [emp=0.820896, beta=0.824225]

Processing phenotype [ENSG00000253678.1] [38/203]
  * #variants in cis = 6
  * Best hit: [id=8_internal_6956, d=-249479, pv=0.195831, s=-0.1137]
  * Beta parameters: [s1=0.85808, s2=6.2356]
  * Adjusted p-values: [emp=0.676617, beta=0.690587]

Processing phenotype [ENSG00000253649.1] [39/203]
  * #variants in cis = 6
  * Best hit: [id=8_internal_8429, d=-52746, pv=0.00569745, s=-0.2789]
  * Beta parameters: [s1=0.96933, s2=5.65948]
  * Adjusted p-values: [emp=0.039801, beta=0.0343274]

Processing phenotype [ENSG00000248896.2] [40/203]
  * #variants in cis = 7
  * Best hit: [id=8_internal_10619, d=286247, pv=0.179108, s=-0.1494]
  * Beta parameters: [s1=0.886868, s2=7.50708]
  * Adjusted p-values: [emp=0.726368, beta=0.758411]

Processing phenotype [ENSG00000258724.1] [41/203]
  * #variants in cis = 11
  * Best hit: [id=8_internal_8429, d=122826, pv=0.0129248, s=0.2370]
  * Beta parameters: [s1=0.939754, s2=11.1599]
  * Adjusted p-values: [emp=0.124378, beta=0.118163]

Processing phenotype [ENSG00000171056.6] [42/203]
  * #variants in cis = 11
  * Best hit: [id=8_internal_8429, d=122826, pv=0.00858102, s=0.2529]
  * Beta parameters: [s1=1.01883, s2=7.5996]
  * Adjusted p-values: [emp=0.079602, beta=0.0807315]

Processing phenotype [ENSG00000254093.3] [43/203]
  * #variants in cis = 11
  * Best hit: [id=8_internal_8429, d=122863, pv=0.0550566, s=0.1949]
  * Beta parameters: [s1=1.01975, s2=9.02552]
  * Adjusted p-values: [emp=0.432836, beta=0.415773]

Processing phenotype [ENSG00000255310.1] [44/203]
  * #variants in cis = 14
  * Best hit: [id=8_internal_7304, d=746436, pv=0.00142449, s=-0.3383]
  * Beta parameters: [s1=1.01327, s2=11.3551]
  * Adjusted p-values: [emp=0.0149254, beta=0.0202814]

Processing phenotype [ENSG00000254936.3] [45/203]
  * #variants in cis = 14
  * Best hit: [id=8_internal_10619, d=0, pv=0.0108948, s=0.2860]
  * Beta parameters: [s1=1.01957, s2=9.2355]
  * Adjusted p-values: [emp=0.159204, beta=0.156892]

Processing phenotype [ENSG00000215346.3] [46/203]
  * #variants in cis = 14
  * Best hit: [id=8_internal_7304, d=766753, pv=0.0741723, s=-0.1929]
  * Beta parameters: [s1=0.922583, s2=13.7578]
  * Adjusted p-values: [emp=0.58209, beta=0.5645]

Processing phenotype [ENSG00000254556.1] [47/203]
  * #variants in cis = 14
  * Best hit: [id=8_internal_7304, d=775125, pv=0.00760653, s=-0.2749]
  * Beta parameters: [s1=1.02291, s2=13.7017]
  * Adjusted p-values: [emp=0.0597015, beta=0.0611803]

Processing phenotype [ENSG00000231965.4] [48/203]
  * #variants in cis = 14
  * Best hit: [id=8_internal_7304, d=-811568, pv=0.0810686, s=-0.1695]
  * Beta parameters: [s1=0.931561, s2=11.2082]
  * Adjusted p-values: [emp=0.686567, beta=0.679806]

Processing phenotype [ENSG00000171044.6] [49/203]
  * #variants in cis = 15
  * Best hit: [id=8_internal_10619, d=0, pv=0.00319156, s=0.3095]
  * Beta parameters: [s1=1.05387, s2=12.7098]
  * Adjusted p-values: [emp=0.0497512, beta=0.0505771]

Processing phenotype [ENSG00000104643.5] [50/203]
  * #variants in cis = 15
  * Best hit: [id=8_internal_8422, d=592198, pv=0.0200874, s=-0.2515]
  * Beta parameters: [s1=0.956038, s2=12.8316]
  * Adjusted p-values: [emp=0.263682, beta=0.232312]

Processing phenotype [ENSG00000246477.2] [51/203]
  * #variants in cis = 15
  * Best hit: [id=8_internal_8293, d=-629615, pv=0.0374873, s=0.2305]
  * Beta parameters: [s1=0.81563, s2=14.5037]
  * Adjusted p-values: [emp=0.437811, beta=0.457555]

Processing phenotype [ENSG00000177710.5] [52/203]
  * #variants in cis = 15
  * Best hit: [id=8_internal_7385, d=863216, pv=0.000689499, s=-0.3251]
  * Beta parameters: [s1=0.990325, s2=12.7248]
  * Adjusted p-values: [emp=0.00995025, beta=0.00898585]

Processing phenotype [ENSG00000154316.10] [53/203]
  * #variants in cis = 15
  * Best hit: [id=8_internal_6956, d=-518973, pv=0.0445674, s=0.1925]
  * Beta parameters: [s1=0.874158, s2=12.9456]
  * Adjusted p-values: [emp=0.482587, beta=0.493981]

Processing phenotype [ENSG00000136573.7] [54/203]
  * #variants in cis = 14
  * Best hit: [id=8_internal_8002, d=0, pv=0.00242984, s=0.2745]
  * Beta parameters: [s1=0.916842, s2=14.0437]
  * Adjusted p-values: [emp=0.0497512, beta=0.0372227]

Processing phenotype [ENSG00000255518.1] [55/203]
  * #variants in cis = 14
  * Best hit: [id=8_internal_8002, d=63731, pv=0.029401, s=0.2188]
  * Beta parameters: [s1=0.889303, s2=14.6966]
  * Adjusted p-values: [emp=0.348259, beta=0.350659]

Processing phenotype [ENSG00000255354.1] [56/203]
  * #variants in cis = 14
  * Best hit: [id=8_internal_8002, d=65729, pv=0.00578447, s=0.2532]
  * Beta parameters: [s1=0.979113, s2=13.3767]
  * Adjusted p-values: [emp=0.0845771, beta=0.0689718]

Processing phenotype [ENSG00000154328.10] [57/203]
  * #variants in cis = 15
  * Best hit: [id=8_internal_7896, d=26464, pv=1.59971e-05, s=0.4420]
  * Beta parameters: [s1=1.01926, s2=14.2754]
  * Adjusted p-values: [emp=0.00497512, beta=0.000127215]

Processing phenotype [ENSG00000079459.7] [58/203]
  * #variants in cis = 15
  * Best hit: [id=8_internal_7498, d=21747, pv=1.7497e-12, s=0.6581]
  * Beta parameters: [s1=0.995888, s2=12.1221]
  * Adjusted p-values: [emp=0.00497512, beta=3.49459e-11]

Processing phenotype [ENSG00000255046.1] [59/203]
  * #variants in cis = 15
  * Best hit: [id=8_internal_7498, d=-14752, pv=0.0518688, s=0.2089]
  * Beta parameters: [s1=1.0133, s2=12.0489]
  * Adjusted p-values: [emp=0.517413, beta=0.514991]

Processing phenotype [ENSG00000164733.15] [60/203]
  * #variants in cis = 14
  * Best hit: [id=8_internal_10815, d=0, pv=7.27613e-08, s=0.5230]
  * Beta parameters: [s1=1.03617, s2=8.73345]
  * Adjusted p-values: [emp=0.00497512, beta=1.02134e-05]

Processing phenotype [ENSG00000255052.2] [61/203]
  * #variants in cis = 15
  * Best hit: [id=8_internal_7605, d=471448, pv=0.00135117, s=0.3384]
  * Beta parameters: [s1=0.961711, s2=11.3996]
  * Adjusted p-values: [emp=0.0248756, beta=0.0320766]

Processing phenotype [ENSG00000254923.1] [62/203]
  * #variants in cis = 15
  * Best hit: [id=8_internal_7605, d=-457925, pv=0.00597457, s=0.2958]
  * Beta parameters: [s1=0.926287, s2=17.9754]
  * Adjusted p-values: [emp=0.0597015, beta=0.0555759]

Processing phenotype [ENSG00000226430.3] [63/203]
  * #variants in cis = 15
  * Best hit: [id=8_internal_7498, d=283346, pv=0.0665513, s=-0.1998]
  * Beta parameters: [s1=1.01337, s2=12.7208]
  * Adjusted p-values: [emp=0.656716, beta=0.628221]

Processing phenotype [ENSG00000223443.2] [64/203]
  * #variants in cis = 15
  * Best hit: [id=8_internal_7605, d=-448146, pv=0.0176846, s=0.2432]
  * Beta parameters: [s1=1.0518, s2=15.9519]
  * Adjusted p-values: [emp=0.233831, beta=0.238068]

Processing phenotype [ENSG00000254866.2] [65/203]
  * #variants in cis = 15
  * Best hit: [id=8_internal_7605, d=-436089, pv=0.00896338, s=0.2605]
  * Beta parameters: [s1=0.858781, s2=14.0667]
  * Adjusted p-values: [emp=0.124378, beta=0.126424]

Processing phenotype [ENSG00000205879.4] [66/203]
  * #variants in cis = 15
  * Best hit: [id=8_internal_7605, d=-408648, pv=0.0142646, s=0.2369]
  * Beta parameters: [s1=0.937327, s2=14.4837]
  * Adjusted p-values: [emp=0.18408, beta=0.181951]

Processing phenotype [ENSG00000249889.1] [67/203]
  * #variants in cis = 15
  * Best hit: [id=8_internal_7896, d=-353319, pv=0.0543413, s=0.1917]
  * Beta parameters: [s1=0.985242, s2=12.4237]
  * Adjusted p-values: [emp=0.567164, beta=0.577579]

Processing phenotype [ENSG00000255495.1] [68/203]
  * #variants in cis = 15
  * Best hit: [id=8_internal_7605, d=392756, pv=0.011136, s=0.2562]
  * Beta parameters: [s1=0.936413, s2=12.0727]
  * Adjusted p-values: [emp=0.169154, beta=0.174621]

Processing phenotype [ENSG00000186523.9] [69/203]
  * #variants in cis = 15
  * Best hit: [id=8_internal_7385, d=0, pv=0.000122139, s=0.3944]
  * Beta parameters: [s1=0.907167, s2=14.9591]
  * Adjusted p-values: [emp=0.00497512, beta=0.00147866]

Processing phenotype [ENSG00000254527.1] [70/203]
  * #variants in cis = 15
  * Best hit: [id=8_internal_7385, d=0, pv=4.6536e-12, s=0.6787]
  * Beta parameters: [s1=0.937525, s2=13.1268]
  * Adjusted p-values: [emp=0.00497512, beta=1.30094e-10]

Processing phenotype [ENSG00000227888.2] [71/203]
  * #variants in cis = 14
  * Best hit: [id=8_internal_10815, d=-458835, pv=0.00450469, s=0.3137]
  * Beta parameters: [s1=0.985665, s2=11.5821]
  * Adjusted p-values: [emp=0.0597015, beta=0.0584323]

Processing phenotype [ENSG00000251402.2] [72/203]
  * #variants in cis = 14
  * Best hit: [id=8_internal_7605, d=-169133, pv=0.0132829, s=0.2471]
  * Beta parameters: [s1=0.930137, s2=15.751]
  * Adjusted p-values: [emp=0.169154, beta=0.144222]

Processing phenotype [ENSG00000145002.8] [73/203]
  * #variants in cis = 14
  * Best hit: [id=8_internal_7385, d=0, pv=0.00790567, s=0.2708]
  * Beta parameters: [s1=1.0289, s2=16.0074]
  * Adjusted p-values: [emp=0.0696517, beta=0.0805726]

Processing phenotype [ENSG00000205873.2] [74/203]
  * #variants in cis = 14
  * Best hit: [id=8_internal_7385, d=0, pv=1.23659e-10, s=0.5779]
  * Beta parameters: [s1=1.04862, s2=12.7331]
  * Adjusted p-values: [emp=0.00497512, beta=3.46749e-09]

Processing phenotype [ENSG00000242607.1] [75/203]
  * #variants in cis = 13
  * Best hit: [id=8_internal_7605, d=-16093, pv=5.32262e-06, s=0.4017]
  * Beta parameters: [s1=1.11836, s2=12.8315]
  * Adjusted p-values: [emp=0.00497512, beta=4.90807e-05]

Processing phenotype [ENSG00000238460.1] [76/203]
  * #variants in cis = 13
  * Best hit: [id=8_internal_7605, d=9218, pv=0.00813056, s=0.2623]
  * Beta parameters: [s1=0.95921, s2=11.7396]
  * Adjusted p-values: [emp=0.129353, beta=0.126353]

Processing phenotype [ENSG00000255122.1] [77/203]
  * #variants in cis = 13
  * Best hit: [id=8_internal_7605, d=6936, pv=0.0175494, s=0.2274]
  * Beta parameters: [s1=0.975896, s2=13.5299]
  * Adjusted p-values: [emp=0.174129, beta=0.186642]

Processing phenotype [ENSG00000154359.8] [78/203]
  * #variants in cis = 12
  * Best hit: [id=8_internal_9474, d=904903, pv=0.0140347, s=-0.2781]
  * Beta parameters: [s1=1.04252, s2=8.93503]
  * Adjusted p-values: [emp=0.144279, beta=0.133156]

Processing phenotype [ENSG00000164741.9] [79/203]
  * #variants in cis = 3
  * Best hit: [id=8_internal_9828, d=0, pv=0.0022756, s=0.3475]
  * Maximum Likelihood estimation failed, use Moment Matching instead!
  * Beta parameters: [s1=0.999972, s2=2.65707]
  * Adjusted p-values: [emp=0.00995025, beta=0.01317]

Processing phenotype [ENSG00000155970.7] [80/203]
  * #variants in cis = 5
  * Best hit: [id=8_internal_8502, d=-13052, pv=1.7627e-07, s=0.5437]
  * Maximum Likelihood estimation failed, use Moment Matching instead!
  * Beta parameters: [s1=1.0001, s2=4.56707]
  * Adjusted p-values: [emp=0.00497512, beta=1.74255e-06]

Processing phenotype [ENSG00000249258.2] [81/203]
  * #variants in cis = 6
  * Best hit: [id=8_internal_8502, d=-116995, pv=0.000345945, s=0.3543]
  * Beta parameters: [s1=0.932242, s2=5.85681]
  * Adjusted p-values: [emp=0.00497512, beta=0.00281101]

Processing phenotype [ENSG00000244113.1] [82/203]
  * #variants in cis = 6
  * Best hit: [id=8_internal_7883, d=-424715, pv=0.202533, s=-0.1191]
  * Beta parameters: [s1=0.958028, s2=5.58274]
  * Adjusted p-values: [emp=0.721393, beta=0.728445]

Processing phenotype [ENSG00000104219.8] [83/203]
  * #variants in cis = 6
  * Best hit: [id=8_internal_9112, d=0, pv=0.00192575, s=0.3043]
  * Maximum Likelihood estimation failed, use Moment Matching instead!
  * Beta parameters: [s1=1.00003, s2=5.25073]
  * Adjusted p-values: [emp=0.0199005, beta=0.00915397]

Processing phenotype [ENSG00000155975.5] [84/203]
  * #variants in cis = 7
  * Best hit: [id=8_internal_9112, d=-41668, pv=0.084608, s=0.1826]
  * Beta parameters: [s1=1.15642, s2=8.32833]
  * Adjusted p-values: [emp=0.522388, beta=0.475847]

Processing phenotype [ENSG00000198791.7] [85/203]
  * #variants in cis = 7
  * Best hit: [id=8_internal_7642, d=-948825, pv=0.0363519, s=0.2136]
  * Beta parameters: [s1=1.09938, s2=8.4083]
  * Adjusted p-values: [emp=0.208955, beta=0.206265]

Processing phenotype [ENSG00000003987.9] [86/203]
  * #variants in cis = 7
  * Best hit: [id=8_internal_9732, d=780823, pv=0.27048, s=0.1138]
  * Beta parameters: [s1=0.891024, s2=8.18707]
  * Adjusted p-values: [emp=0.915423, beta=0.909929]

Processing phenotype [ENSG00000104213.7] [87/203]
  * #variants in cis = 7
  * Best hit: [id=8_internal_7883, d=0, pv=0.000155383, s=0.4158]
  * Beta parameters: [s1=1.01184, s2=6.66683]
  * Adjusted p-values: [emp=0.00497512, beta=0.00191817]

Processing phenotype [ENSG00000129422.9] [88/203]
  * #variants in cis = 7
  * Best hit: [id=8_internal_7883, d=101734, pv=0.000698155, s=0.3409]
  * Beta parameters: [s1=1.05167, s2=7.56668]
  * Adjusted p-values: [emp=0.00995025, beta=0.00487929]

Processing phenotype [ENSG00000078674.12] [89/203]
  * #variants in cis = 8
  * Best hit: [id=8_internal_8502, d=-908654, pv=0.110399, s=-0.1731]
  * Beta parameters: [s1=0.860292, s2=6.37425]
  * Adjusted p-values: [emp=0.572139, beta=0.593123]

Processing phenotype [ENSG00000245281.2] [90/203]
  * #variants in cis = 9
  * Best hit: [id=8_internal_7731, d=982550, pv=0.208879, s=-0.1321]
  * Beta parameters: [s1=1.04937, s2=8.28645]
  * Adjusted p-values: [emp=0.850746, beta=0.878648]

Processing phenotype [ENSG00000104763.12] [91/203]
  * #variants in cis = 9
  * Best hit: [id=8_internal_7522, d=20914, pv=0.117146, s=0.1806]
  * Beta parameters: [s1=1.00434, s2=7.99032]
  * Adjusted p-values: [emp=0.661692, beta=0.659282]

Processing phenotype [ENSG00000171428.9] [92/203]
  * #variants in cis = 9
  * Best hit: [id=8_internal_7731, d=896941, pv=0.0368272, s=0.2221]
  * Beta parameters: [s1=0.987242, s2=7.77121]
  * Adjusted p-values: [emp=0.313433, beta=0.279336]

Processing phenotype [ENSG00000156011.12] [93/203]
  * #variants in cis = 11
  * Best hit: [id=8_internal_11060, d=-269884, pv=0.000292942, s=0.3532]
  * Beta parameters: [s1=0.93792, s2=10.6261]
  * Adjusted p-values: [emp=0.00497512, beta=0.0055112]

Processing phenotype [ENSG00000104611.7] [94/203]
  * #variants in cis = 10
  * Best hit: [id=8_internal_11060, d=40996, pv=9.90805e-08, s=0.5663]
  * Beta parameters: [s1=0.884833, s2=11.3219]
  * Adjusted p-values: [emp=0.00497512, beta=1.12155e-06]

Processing phenotype [ENSG00000253270.1] [95/203]
  * #variants in cis = 10
  * Best hit: [id=8_internal_11060, d=0, pv=2.54778e-08, s=0.5783]
  * Beta parameters: [s1=1.00465, s2=12.3744]
  * Adjusted p-values: [emp=0.00497512, beta=3.07222e-08]

Processing phenotype [ENSG00000147408.10] [96/203]
  * #variants in cis = 9
  * Best hit: [id=8_internal_11060, d=0, pv=5.30718e-16, s=0.7345]
  * Beta parameters: [s1=0.964412, s2=8.15054]
  * Adjusted p-values: [emp=0.00497512, beta=6.34478e-14]

Processing phenotype [ENSG00000104613.6] [97/203]
  * #variants in cis = 9
  * Best hit: [id=8_internal_11060, d=-58075, pv=2.42117e-07, s=0.5301]
  * Beta parameters: [s1=0.952963, s2=7.96369]
  * Adjusted p-values: [emp=0.00497512, beta=4.4408e-06]

Processing phenotype [ENSG00000147416.6] [98/203]
  * #variants in cis = 7
  * Best hit: [id=8_internal_11632, d=-41117, pv=0.228115, s=0.1244]
  * Beta parameters: [s1=0.956514, s2=6.40787]
  * Adjusted p-values: [emp=0.845771, beta=0.831943]

Processing phenotype [ENSG00000061337.11] [99/203]
  * #variants in cis = 6
  * Best hit: [id=8_internal_11060, d=544898, pv=0.102335, s=0.1794]
  * Beta parameters: [s1=0.99779, s2=6.30548]
  * Adjusted p-values: [emp=0.527363, beta=0.524561]

Processing phenotype [ENSG00000168546.5] [100/203]
  * #variants in cis = 11
  * Best hit: [id=8_internal_9280, d=-10568, pv=0.00377598, s=0.3059]
  * Beta parameters: [s1=1.08874, s2=11.3309]
  * Adjusted p-values: [emp=0.039801, beta=0.0260148]

Processing phenotype [ENSG00000147443.7] [101/203]
  * #variants in cis = 11
  * Best hit: [id=8_internal_9280, d=14773, pv=0.000581753, s=0.3565]
  * Beta parameters: [s1=1.03283, s2=9.84572]
  * Adjusted p-values: [emp=0.0149254, beta=0.00909424]

Processing phenotype [ENSG00000130227.11] [102/203]
  * #variants in cis = 11
  * Best hit: [id=8_internal_10171, d=0, pv=0.143465, s=-0.1484]
  * Beta parameters: [s1=1.02483, s2=11.22]
  * Adjusted p-values: [emp=0.840796, beta=0.809309]

Processing phenotype [ENSG00000158806.9] [103/203]
  * #variants in cis = 15
  * Best hit: [id=8_internal_8546, d=186193, pv=0.000103464, s=0.3804]
  * Beta parameters: [s1=1.09609, s2=12.4321]
  * Adjusted p-values: [emp=0.00497512, beta=0.00138574]

Processing phenotype [ENSG00000158815.6] [104/203]
  * #variants in cis = 15
  * Best hit: [id=8_internal_8138, d=493003, pv=0.0518001, s=-0.1989]
  * Beta parameters: [s1=1.11892, s2=16.9222]
  * Adjusted p-values: [emp=0.507463, beta=0.506994]

Processing phenotype [ENSG00000158856.12] [105/203]
  * #variants in cis = 15
  * Best hit: [id=8_internal_9280, d=-149908, pv=0.179637, s=0.1507]
  * Beta parameters: [s1=1.15357, s2=13.729]
  * Adjusted p-values: [emp=0.950249, beta=0.952464]

Processing phenotype [ENSG00000158863.16] [106/203]
  * #variants in cis = 16
  * Best hit: [id=8_internal_7957, d=891218, pv=0.106996, s=0.1654]
  * Beta parameters: [s1=1.0457, s2=13.2]
  * Adjusted p-values: [emp=0.810945, beta=0.838911]

Processing phenotype [ENSG00000256586.1] [107/203]
  * #variants in cis = 16
  * Best hit: [id=8_internal_7758, d=-140126, pv=0.31484, s=-0.1043]
  * Beta parameters: [s1=0.962779, s2=20.473]
  * Adjusted p-values: [emp=1, beta=0.999148]

Processing phenotype [ENSG00000173566.9] [108/203]
  * #variants in cis = 16
  * Best hit: [id=8_internal_8303, d=-835457, pv=0.0948354, s=-0.1739]
  * Beta parameters: [s1=0.818432, s2=18.0443]
  * Adjusted p-values: [emp=0.800995, beta=0.813448]

Processing phenotype [ENSG00000168476.7] [109/203]
  * #variants in cis = 16
  * Best hit: [id=8_internal_9700, d=444888, pv=0.0603015, s=-0.2020]
  * Beta parameters: [s1=1.1435, s2=13.5316]
  * Adjusted p-values: [emp=0.686567, beta=0.64523]

Processing phenotype [ENSG00000168487.13] [110/203]
  * #variants in cis = 16
  * Best hit: [id=8_internal_8303, d=780140, pv=0.0133555, s=-0.2806]
  * Beta parameters: [s1=1.14064, s2=17.4088]
  * Adjusted p-values: [emp=0.174129, beta=0.167254]

Processing phenotype [ENSG00000168495.7] [111/203]
  * #variants in cis = 18
  * Best hit: [id=8_internal_7656, d=931340, pv=0.00531717, s=0.3011]
  * Beta parameters: [s1=0.978411, s2=22.4196]
  * Adjusted p-values: [emp=0.079602, beta=0.067285]

Processing phenotype [ENSG00000254064.1] [112/203]
  * #variants in cis = 18
  * Best hit: [id=8_internal_8125, d=272018, pv=0.140358, s=-0.1527]
  * Beta parameters: [s1=1.0109, s2=16.4674]
  * Adjusted p-values: [emp=0.940299, beta=0.92531]

Processing phenotype [ENSG00000197181.7] [113/203]
  * #variants in cis = 18
  * Best hit: [id=8_internal_9280, d=-376212, pv=0.033889, s=-0.2182]
  * Beta parameters: [s1=0.935489, s2=19.8602]
  * Adjusted p-values: [emp=0.38806, beta=0.396123]

Processing phenotype [ENSG00000104635.8] [114/203]
  * #variants in cis = 19
  * Best hit: [id=8_internal_8138, d=168150, pv=0.0125102, s=-0.2430]
  * Beta parameters: [s1=0.986035, s2=20.1681]
  * Adjusted p-values: [emp=0.248756, beta=0.196554]

Processing phenotype [ENSG00000120910.10] [115/203]
  * #variants in cis = 20
  * Best hit: [id=8_internal_8138, d=94580, pv=0.00166501, s=0.3406]
  * Beta parameters: [s1=0.900789, s2=16.0517]
  * Adjusted p-values: [emp=0.0696517, beta=0.0550154]

Processing phenotype [ENSG00000254272.1] [116/203]
  * #variants in cis = 20
  * Best hit: [id=8_internal_8303, d=452245, pv=0.071752, s=0.1991]
  * Beta parameters: [s1=1.03564, s2=13.4461]
  * Adjusted p-values: [emp=0.736318, beta=0.733534]

Processing phenotype [ENSG00000120896.9] [117/203]
  * #variants in cis = 21
  * Best hit: [id=8_internal_8138, d=0, pv=0.0113163, s=0.2590]
  * Beta parameters: [s1=0.973427, s2=24.8752]
  * Adjusted p-values: [emp=0.18408, beta=0.173675]

Processing phenotype [ENSG00000251034.1] [118/203]
  * #variants in cis = 21
  * Best hit: [id=8_internal_6696, d=-816797, pv=0.00389232, s=0.3127]
  * Beta parameters: [s1=1.17624, s2=20.4098]
  * Adjusted p-values: [emp=0.0547264, beta=0.0614348]

Processing phenotype [ENSG00000254230.1] [119/203]
  * #variants in cis = 21
  * Best hit: [id=8_internal_10171, d=646166, pv=0.0620737, s=0.1969]
  * Beta parameters: [s1=1.09377, s2=30.3123]
  * Adjusted p-values: [emp=0.810945, beta=0.771631]

Processing phenotype [ENSG00000120913.18] [120/203]
  * #variants in cis = 22
  * Best hit: [id=8_internal_9593, d=-162798, pv=0.0166204, s=0.2598]
  * Beta parameters: [s1=0.969283, s2=19.3728]
  * Adjusted p-values: [emp=0.283582, beta=0.28693]

Processing phenotype [ENSG00000248235.2] [121/203]
  * #variants in cis = 22
  * Best hit: [id=8_internal_7113, d=493701, pv=0.00881475, s=-0.2750]
  * Beta parameters: [s1=1.07706, s2=20.4792]
  * Adjusted p-values: [emp=0.144279, beta=0.164389]

Processing phenotype [ENSG00000241852.5] [122/203]
  * #variants in cis = 22
  * Best hit: [id=8_internal_8138, d=-43996, pv=0.00635137, s=-0.2785]
  * Beta parameters: [s1=0.94491, s2=21.8045]
  * Adjusted p-values: [emp=0.104478, beta=0.10921]

Processing phenotype [ENSG00000158941.12] [123/203]
  * #variants in cis = 22
  * Best hit: [id=8_internal_9593, d=-189151, pv=0.00110724, s=0.3440]
  * Beta parameters: [s1=1.04854, s2=26.1387]
  * Adjusted p-values: [emp=0.0199005, beta=0.0223889]

Processing phenotype [ENSG00000253200.1] [124/203]
  * #variants in cis = 22
  * Best hit: [id=8_internal_9593, d=201176, pv=0.0349493, s=0.2368]
  * Beta parameters: [s1=0.925005, s2=21.9987]
  * Adjusted p-values: [emp=0.567164, beta=0.543901]

Processing phenotype [ENSG00000147439.7] [125/203]
  * #variants in cis = 22
  * Best hit: [id=8_internal_8946, d=-730967, pv=0.0374395, s=-0.2277]
  * Beta parameters: [s1=1.00697, s2=19.3768]
  * Adjusted p-values: [emp=0.547264, beta=0.539686]

Processing phenotype [ENSG00000179388.8] [126/203]
  * #variants in cis = 22
  * Best hit: [id=8_internal_8914, d=-323980, pv=0.0239885, s=0.2280]
  * Beta parameters: [s1=0.943735, s2=19.8616]
  * Adjusted p-values: [emp=0.368159, beta=0.370364]

Processing phenotype [ENSG00000008853.12] [127/203]
  * #variants in cis = 20
  * Best hit: [id=8_internal_8320, d=718584, pv=0.000590879, s=-0.3407]
  * Beta parameters: [s1=1.0022, s2=20.5052]
  * Adjusted p-values: [emp=0.00995025, beta=0.00906209]

Processing phenotype [ENSG00000245025.2] [128/203]
  * #variants in cis = 19
  * Best hit: [id=8_internal_8914, d=0, pv=0.00283228, s=-0.3068]
  * Beta parameters: [s1=1.05235, s2=18.9513]
  * Adjusted p-values: [emp=0.0447761, beta=0.0492222]

Processing phenotype [ENSG00000246130.1] [129/203]
  * #variants in cis = 19
  * Best hit: [id=8_internal_7198, d=-360914, pv=0.0810608, s=0.1973]
  * Beta parameters: [s1=1.04191, s2=20.4193]
  * Adjusted p-values: [emp=0.791045, beta=0.806509]

Processing phenotype [ENSG00000120889.8] [130/203]
  * #variants in cis = 19
  * Best hit: [id=8_internal_8327, d=-657228, pv=0.053248, s=0.2071]
  * Beta parameters: [s1=1.04584, s2=19.6184]
  * Adjusted p-values: [emp=0.656716, beta=0.655423]

Processing phenotype [ENSG00000173535.9] [131/203]
  * #variants in cis = 19
  * Best hit: [id=8_internal_8320, d=621646, pv=0.00253462, s=-0.3175]
  * Beta parameters: [s1=1.00728, s2=22.9359]
  * Adjusted p-values: [emp=0.0497512, beta=0.0404541]

Processing phenotype [ENSG00000173530.5] [132/203]
  * #variants in cis = 19
  * Best hit: [id=8_internal_8914, d=118761, pv=0.0864858, s=-0.1981]
  * Beta parameters: [s1=1.07081, s2=15.8601]
  * Adjusted p-values: [emp=0.776119, beta=0.768282]

Processing phenotype [ENSG00000253930.1] [133/203]
  * #variants in cis = 19
  * Best hit: [id=8_internal_8124, d=21347, pv=0.00220615, s=0.3343]
  * Beta parameters: [s1=0.965109, s2=16.2632]
  * Adjusted p-values: [emp=0.079602, beta=0.0542617]

Processing phenotype [ENSG00000243265.1] [134/203]
  * #variants in cis = 19
  * Best hit: [id=8_internal_6696, d=155284, pv=0.0488551, s=0.1806]
  * Beta parameters: [s1=1.1581, s2=16.2888]
  * Adjusted p-values: [emp=0.621891, beta=0.592205]

Processing phenotype [ENSG00000246582.2] [135/203]
  * #variants in cis = 19
  * Best hit: [id=8_internal_8124, d=0, pv=0.0762903, s=0.2039]
  * Beta parameters: [s1=0.946632, s2=18.0939]
  * Adjusted p-values: [emp=0.79602, beta=0.798944]

Processing phenotype [ENSG00000104689.5] [136/203]
  * #variants in cis = 19
  * Best hit: [id=8_internal_8124, d=0, pv=0.0011221, s=0.3533]
  * Beta parameters: [s1=1.00466, s2=14.9668]
  * Adjusted p-values: [emp=0.0248756, beta=0.0285074]

Processing phenotype [ENSG00000250714.2] [137/203]
  * #variants in cis = 19
  * Best hit: [id=8_internal_8914, d=185646, pv=0.0984287, s=0.1763]
  * Beta parameters: [s1=1.09615, s2=21.9851]
  * Adjusted p-values: [emp=0.855721, beta=0.886779]

Processing phenotype [ENSG00000147457.9] [138/203]
  * #variants in cis = 18
  * Best hit: [id=8_internal_8303, d=-266838, pv=0.130556, s=-0.1603]
  * Beta parameters: [s1=1.04432, s2=17.3469]
  * Adjusted p-values: [emp=0.915423, beta=0.909848]

Processing phenotype [ENSG00000104679.6] [139/203]
  * #variants in cis = 18
  * Best hit: [id=8_internal_6696, d=92082, pv=0.00617646, s=0.2759]
  * Beta parameters: [s1=1.12457, s2=17.184]
  * Adjusted p-values: [emp=0.119403, beta=0.108419]

Processing phenotype [ENSG00000253837.1] [140/203]
  * #variants in cis = 18
  * Best hit: [id=8_internal_8303, d=-359372, pv=0.00895634, s=0.2595]
  * Beta parameters: [s1=1.10592, s2=16.2633]
  * Adjusted p-values: [emp=0.179104, beta=0.148601]

Processing phenotype [ENSG00000134013.10] [141/203]
  * #variants in cis = 18
  * Best hit: [id=8_internal_8303, d=448529, pv=0.0164217, s=0.2467]
  * Beta parameters: [s1=0.872263, s2=24.9512]
  * Adjusted p-values: [emp=0.228856, beta=0.215153]

Processing phenotype [ENSG00000197217.8] [142/203]
  * #variants in cis = 18
  * Best hit: [id=8_internal_7433, d=455172, pv=0.121915, s=-0.1758]
  * Beta parameters: [s1=1.01413, s2=17.7636]
  * Adjusted p-values: [emp=0.905473, beta=0.904607]

Processing phenotype [ENSG00000253390.1] [143/203]
  * #variants in cis = 18
  * Best hit: [id=8_internal_8138, d=-902996, pv=0.0670908, s=-0.1784]
  * Beta parameters: [s1=0.969044, s2=23.673]
  * Adjusted p-values: [emp=0.776119, beta=0.758767]

Processing phenotype [ENSG00000147454.8] [144/203]
  * #variants in cis = 18
  * Best hit: [id=8_internal_7988, d=-779148, pv=0.0193243, s=-0.2609]
  * Beta parameters: [s1=0.94222, s2=19.7005]
  * Adjusted p-values: [emp=0.328358, beta=0.332709]

Processing phenotype [ENSG00000215298.3] [145/203]
  * #variants in cis = 17
  * Best hit: [id=8_internal_7988, d=-822987, pv=0.0138939, s=-0.2789]
  * Beta parameters: [s1=0.94174, s2=16.8751]
  * Adjusted p-values: [emp=0.179104, beta=0.172519]

Processing phenotype [ENSG00000167034.9] [146/203]
  * #variants in cis = 17
  * Best hit: [id=8_internal_8327, d=-43480, pv=0.00723853, s=0.2462]
  * Beta parameters: [s1=1.05862, s2=17.8346]
  * Adjusted p-values: [emp=0.164179, beta=0.134589]

Processing phenotype [ENSG00000042980.8] [147/203]
  * #variants in cis = 11
  * Best hit: [id=8_internal_6862, d=889625, pv=0.14393, s=-0.1620]
  * Beta parameters: [s1=1.08201, s2=9.90979]
  * Adjusted p-values: [emp=0.820896, beta=0.818308]

Processing phenotype [ENSG00000253535.1] [148/203]
  * #variants in cis = 6
  * Best hit: [id=8_internal_8556, d=-542535, pv=0.0876758, s=0.1800]
  * Beta parameters: [s1=1.03758, s2=5.69073]
  * Adjusted p-values: [emp=0.492537, beta=0.474996]

Processing phenotype [ENSG00000104722.8] [149/203]
  * #variants in cis = 6
  * Best hit: [id=8_internal_7506, d=217, pv=0.00721706, s=0.2903]
  * Beta parameters: [s1=1.01705, s2=6.61756]
  * Adjusted p-values: [emp=0.039801, beta=0.0361323]

Processing phenotype [ENSG00000104725.9] [150/203]
  * #variants in cis = 6
  * Best hit: [id=8_internal_8558, d=-320250, pv=0.0651102, s=0.1698]
  * Beta parameters: [s1=1.03976, s2=5.70208]
  * Adjusted p-values: [emp=0.363184, beta=0.336263]

Processing phenotype [ENSG00000147459.12] [151/203]
  * #variants in cis = 6
  * Best hit: [id=8_internal_8556, d=269883, pv=0.00819613, s=-0.2903]
  * Maximum Likelihood estimation failed, use Moment Matching instead!
  * Beta parameters: [s1=0.999974, s2=5.00432]
  * Adjusted p-values: [emp=0.0547264, beta=0.0656813]

Processing phenotype [ENSG00000147437.5] [152/203]
  * #variants in cis = 6
  * Best hit: [id=8_internal_7906, d=-957358, pv=0.382115, s=-0.0909]
  * Beta parameters: [s1=1.01318, s2=6.03712]
  * Adjusted p-values: [emp=0.930348, beta=0.933768]

Processing phenotype [ENSG00000253476.1] [153/203]
  * #variants in cis = 6
  * Best hit: [id=8_internal_8558, d=143805, pv=0.054184, s=-0.1978]
  * Beta parameters: [s1=1.08042, s2=7.99424]
  * Adjusted p-values: [emp=0.298507, beta=0.304516]

Processing phenotype [ENSG00000104756.11] [154/203]
  * #variants in cis = 7
  * Best hit: [id=8_internal_6862, d=255707, pv=0.365533, s=0.1009]
  * Beta parameters: [s1=0.991036, s2=6.39959]
  * Adjusted p-values: [emp=0.945274, beta=0.955867]

Processing phenotype [ENSG00000184661.8] [155/203]
  * #variants in cis = 7
  * Best hit: [id=8_internal_7906, d=923015, pv=0.329196, s=0.1080]
  * Beta parameters: [s1=1.0215, s2=6.22752]
  * Adjusted p-values: [emp=0.935323, beta=0.929584]

Processing phenotype [ENSG00000221914.3] [156/203]
  * #variants in cis = 5
  * Best hit: [id=8_internal_8556, d=-783030, pv=0.43623, s=0.0875]
  * Maximum Likelihood estimation failed, use Moment Matching instead!
  * Beta parameters: [s1=0.999959, s2=5.96767]
  * Adjusted p-values: [emp=0.965174, beta=0.961642]

Processing phenotype [ENSG00000104765.10] [157/203]
  * #variants in cis = 5
  * Best hit: [id=8_internal_8556, d=-874437, pv=0.24603, s=-0.1271]
  * Maximum Likelihood estimation failed, use Moment Matching instead!
  * Beta parameters: [s1=0.999923, s2=4.50733]
  * Adjusted p-values: [emp=0.751244, beta=0.738037]

Processing phenotype [ENSG00000228451.3] [158/203]
  * #variants in cis = 5
  * Best hit: [id=8_internal_9770, d=43303, pv=0.217088, s=-0.1396]
  * Maximum Likelihood estimation failed, use Moment Matching instead!
  * Beta parameters: [s1=1.00001, s2=4.2626]
  * Adjusted p-values: [emp=0.646766, beta=0.664921]

Processing phenotype [ENSG00000254362.1] [159/203]
  * #variants in cis = 7
  * Best hit: [id=8_internal_7586, d=977149, pv=0.0915086, s=-0.1794]
  * Beta parameters: [s1=1.06172, s2=7.21819]
  * Adjusted p-values: [emp=0.477612, beta=0.469512]

Processing phenotype [ENSG00000092964.11] [160/203]
  * #variants in cis = 6
  * Best hit: [id=8_internal_8717, d=-57621, pv=0.140002, s=0.1492]
  * Beta parameters: [s1=1.03019, s2=6.47301]
  * Adjusted p-values: [emp=0.606965, beta=0.60069]

Processing phenotype [ENSG00000253899.1] [161/203]
  * #variants in cis = 8
  * Best hit: [id=8_internal_8531, d=-544778, pv=0.0460922, s=-0.2143]
  * Beta parameters: [s1=1.14387, s2=9.39547]
  * Adjusted p-values: [emp=0.278607, beta=0.28743]

Processing phenotype [ENSG00000104228.8] [162/203]
  * #variants in cis = 9
  * Best hit: [id=8_internal_9749, d=-586228, pv=0.0254679, s=0.2504]
  * Beta parameters: [s1=0.999051, s2=11.2326]
  * Adjusted p-values: [emp=0.149254, beta=0.159806]

Processing phenotype [ENSG00000120899.13] [163/203]
  * #variants in cis = 9
  * Best hit: [id=8_internal_9770, d=-971833, pv=0.00555241, s=0.2946]
  * Beta parameters: [s1=1.12097, s2=9.07245]
  * Adjusted p-values: [emp=0.0646766, beta=0.0555363]

Processing phenotype [ENSG00000120903.5] [164/203]
  * #variants in cis = 10
  * Best hit: [id=8_internal_7440, d=39679, pv=0.239719, s=0.1203]
  * Beta parameters: [s1=0.952595, s2=10.0793]
  * Adjusted p-values: [emp=0.920398, beta=0.925137]

Processing phenotype [ENSG00000120915.9] [165/203]
  * #variants in cis = 10
  * Best hit: [id=8_internal_7906, d=-975231, pv=0.0782762, s=0.1904]
  * Beta parameters: [s1=1.05115, s2=9.70564]
  * Adjusted p-values: [emp=0.58209, beta=0.588313]

Processing phenotype [ENSG00000234770.1] [166/203]
  * #variants in cis = 10
  * Best hit: [id=8_internal_7586, d=-107986, pv=0.0366936, s=0.2173]
  * Beta parameters: [s1=0.943616, s2=9.68125]
  * Adjusted p-values: [emp=0.298507, beta=0.272656]

Processing phenotype [ENSG00000120885.14] [167/203]
  * #variants in cis = 9
  * Best hit: [id=8_internal_7586, d=162743, pv=0.00618052, s=0.2983]
  * Beta parameters: [s1=1.0105, s2=10.8231]
  * Adjusted p-values: [emp=0.039801, beta=0.0370405]

Processing phenotype [ENSG00000253875.1] [168/203]
  * #variants in cis = 11
  * Best hit: [id=8_internal_6905, d=649754, pv=0.13741, s=-0.1536]
  * Beta parameters: [s1=0.899917, s2=10.2756]
  * Adjusted p-values: [emp=0.781095, beta=0.808991]

Processing phenotype [ENSG00000171320.10] [169/203]
  * #variants in cis = 12
  * Best hit: [id=8_internal_7817, d=742343, pv=0.0117278, s=-0.2729]
  * Beta parameters: [s1=1.03023, s2=13.2292]
  * Adjusted p-values: [emp=0.159204, beta=0.148325]

Processing phenotype [ENSG00000147419.12] [170/203]
  * #variants in cis = 12
  * Best hit: [id=8_internal_6905, d=-610439, pv=0.247283, s=-0.1319]
  * Beta parameters: [s1=1.07509, s2=13.2841]
  * Adjusted p-values: [emp=0.955224, beta=0.962554]

Processing phenotype [ENSG00000189233.7] [171/203]
  * #variants in cis = 15
  * Best hit: [id=8_internal_9017, d=-549970, pv=0.0964803, s=-0.1682]
  * Beta parameters: [s1=0.927039, s2=13.995]
  * Adjusted p-values: [emp=0.800995, beta=0.803705]

Processing phenotype [ENSG00000134014.11] [172/203]
  * #variants in cis = 15
  * Best hit: [id=8_internal_8285, d=926943, pv=0.0724946, s=-0.1969]
  * Beta parameters: [s1=1.01685, s2=14.5816]
  * Adjusted p-values: [emp=0.661692, beta=0.638142]

Processing phenotype [ENSG00000239198.1] [173/203]
  * #variants in cis = 18
  * Best hit: [id=8_internal_7817, d=214609, pv=0.0880836, s=0.1710]
  * Beta parameters: [s1=1.06566, s2=20.2609]
  * Adjusted p-values: [emp=0.830846, beta=0.839206]

Processing phenotype [ENSG00000168081.4] [174/203]
  * #variants in cis = 18
  * Best hit: [id=8_internal_7817, d=197306, pv=0.231571, s=-0.1259]
  * Beta parameters: [s1=0.897681, s2=18.28]
  * Adjusted p-values: [emp=0.995025, beta=0.9921]

Processing phenotype [ENSG00000186918.9] [175/203]
  * #variants in cis = 18
  * Best hit: [id=8_internal_7817, d=-111591, pv=0.0225164, s=-0.2404]
  * Beta parameters: [s1=1.02622, s2=27.2898]
  * Adjusted p-values: [emp=0.323383, beta=0.309217]

Processing phenotype [ENSG00000214050.3] [176/203]
  * #variants in cis = 17
  * Best hit: [id=8_internal_7817, d=-23974, pv=0.0113577, s=-0.2714]
  * Beta parameters: [s1=0.95751, s2=16.5742]
  * Adjusted p-values: [emp=0.179104, beta=0.181439]

Processing phenotype [ENSG00000104290.6] [177/203]
  * #variants in cis = 17
  * Best hit: [id=8_internal_7817, d=20080, pv=0.0338389, s=0.2367]
  * Beta parameters: [s1=0.940682, s2=15.117]
  * Adjusted p-values: [emp=0.437811, beta=0.446551]

Processing phenotype [ENSG00000012232.4] [178/203]
  * #variants in cis = 19
  * Best hit: [id=8_internal_8779, d=584000, pv=0.0563112, s=0.2095]
  * Beta parameters: [s1=1.05568, s2=17.4728]
  * Adjusted p-values: [emp=0.626866, beta=0.611179]

Processing phenotype [ENSG00000246339.3] [179/203]
  * #variants in cis = 18
  * Best hit: [id=8_internal_8779, d=-483005, pv=0.065456, s=0.1915]
  * Beta parameters: [s1=0.94957, s2=20.7959]
  * Adjusted p-values: [emp=0.661692, beta=0.684014]

Processing phenotype [ENSG00000254034.1] [180/203]
  * #variants in cis = 19
  * Best hit: [id=8_internal_9017, d=-160475, pv=0.03311, s=-0.2343]
  * Beta parameters: [s1=1.05093, s2=18.0139]
  * Adjusted p-values: [emp=0.472637, beta=0.478407]

Processing phenotype [ENSG00000242958.1] [181/203]
  * #variants in cis = 19
  * Best hit: [id=8_internal_8243, d=-27042, pv=0.0376296, s=0.2260]
  * Beta parameters: [s1=1.03086, s2=17.3792]
  * Adjusted p-values: [emp=0.477612, beta=0.483752]

Processing phenotype [ENSG00000259412.1] [182/203]
  * #variants in cis = 19
  * Best hit: [id=8_internal_9749, d=-873161, pv=0.0339795, s=0.2227]
  * Beta parameters: [s1=1.0403, s2=20.8333]
  * Adjusted p-values: [emp=0.487562, beta=0.493738]

Processing phenotype [ENSG00000104299.10] [183/203]
  * #variants in cis = 19
  * Best hit: [id=8_internal_7844, d=-671870, pv=0.0576274, s=-0.1860]
  * Beta parameters: [s1=0.996097, s2=15.1375]
  * Adjusted p-values: [emp=0.661692, beta=0.654157]

Processing phenotype [ENSG00000147421.12] [184/203]
  * #variants in cis = 19
  * Best hit: [id=8_internal_9594, d=856807, pv=0.0261164, s=0.2318]
  * Beta parameters: [s1=0.942207, s2=21.6716]
  * Adjusted p-values: [emp=0.422886, beta=0.415789]

Processing phenotype [ENSG00000259196.1] [185/203]
  * #variants in cis = 19
  * Best hit: [id=8_internal_8285, d=66940, pv=0.0332996, s=-0.2371]
  * Beta parameters: [s1=0.981817, s2=20.2033]
  * Adjusted p-values: [emp=0.422886, beta=0.433818]

Processing phenotype [ENSG00000200719.1] [186/203]
  * #variants in cis = 19
  * Best hit: [id=8_internal_7980, d=-945457, pv=0.0428312, s=0.2106]
  * Beta parameters: [s1=1.03014, s2=20.3252]
  * Adjusted p-values: [emp=0.537313, beta=0.541267]

Processing phenotype [ENSG00000259599.1] [187/203]
  * #variants in cis = 19
  * Best hit: [id=8_internal_9017, d=-414850, pv=0.00703463, s=0.2842]
  * Beta parameters: [s1=1.0415, s2=13.2045]
  * Adjusted p-values: [emp=0.139303, beta=0.150387]

Processing phenotype [ENSG00000259366.1] [188/203]
  * #variants in cis = 20
  * Best hit: [id=8_internal_7471, d=-587386, pv=0.00735765, s=0.2586]
  * Beta parameters: [s1=1.15088, s2=16.5168]
  * Adjusted p-values: [emp=0.129353, beta=0.140075]

Processing phenotype [ENSG00000259607.1] [189/203]
  * #variants in cis = 20
  * Best hit: [id=8_internal_10874, d=341023, pv=0.0482922, s=0.1997]
  * Beta parameters: [s1=1.02838, s2=16.3762]
  * Adjusted p-values: [emp=0.631841, beta=0.629564]

Processing phenotype [ENSG00000254129.1] [190/203]
  * #variants in cis = 20
  * Best hit: [id=8_internal_9594, d=636628, pv=0.0146512, s=-0.2529]
  * Beta parameters: [s1=0.965863, s2=21.7788]
  * Adjusted p-values: [emp=0.253731, beta=0.235245]

Processing phenotype [ENSG00000253770.1] [191/203]
  * #variants in cis = 20
  * Best hit: [id=8_internal_8779, d=0, pv=0.0557886, s=-0.1777]
  * Beta parameters: [s1=0.954326, s2=16.0216]
  * Adjusted p-values: [emp=0.646766, beta=0.685026]

Processing phenotype [ENSG00000197892.8] [192/203]
  * #variants in cis = 20
  * Best hit: [id=8_internal_8779, d=0, pv=0.00776866, s=0.2694]
  * Beta parameters: [s1=0.95852, s2=20.6308]
  * Adjusted p-values: [emp=0.144279, beta=0.133632]

Processing phenotype [ENSG00000120875.4] [193/203]
  * #variants in cis = 19
  * Best hit: [id=8_internal_7471, d=882119, pv=0.00294575, s=-0.3170]
  * Beta parameters: [s1=0.930381, s2=15.1409]
  * Adjusted p-values: [emp=0.0746269, beta=0.0719582]

Processing phenotype [ENSG00000253632.1] [194/203]
  * #variants in cis = 16
  * Best hit: [id=8_internal_9017, d=-889645, pv=0.0641698, s=-0.1998]
  * Beta parameters: [s1=1.01875, s2=24.7867]
  * Adjusted p-values: [emp=0.616915, beta=0.655463]

Processing phenotype [ENSG00000254013.1] [195/203]
  * #variants in cis = 12
  * Best hit: [id=8_internal_7291, d=-737057, pv=0.00233226, s=-0.3157]
  * Beta parameters: [s1=0.975665, s2=13.0945]
  * Adjusted p-values: [emp=0.0199005, beta=0.0221935]

Processing phenotype [ENSG00000133872.9] [196/203]
  * #variants in cis = 11
  * Best hit: [id=8_internal_9594, d=245481, pv=0.0163814, s=0.2736]
  * Beta parameters: [s1=0.888369, s2=11.1786]
  * Adjusted p-values: [emp=0.104478, beta=0.113446]

Processing phenotype [ENSG00000104660.13] [197/203]
  * #variants in cis = 11
  * Best hit: [id=8_internal_9684, d=0, pv=0.00415502, s=0.2954]
  * Beta parameters: [s1=0.980761, s2=10.7584]
  * Adjusted p-values: [emp=0.0348259, beta=0.0358238]

Processing phenotype [ENSG00000241511.1] [198/203]
  * #variants in cis = 11
  * Best hit: [id=8_internal_10874, d=624773, pv=0.0159921, s=0.2669]
  * Beta parameters: [s1=1.0597, s2=12.178]
  * Adjusted p-values: [emp=0.169154, beta=0.154506]

Processing phenotype [ENSG00000177669.3] [199/203]
  * #variants in cis = 10
  * Best hit: [id=8_internal_7291, d=854030, pv=0.211687, s=0.1337]
  * Beta parameters: [s1=0.901456, s2=10.8111]
  * Adjusted p-values: [emp=0.915423, beta=0.917723]

Processing phenotype [ENSG00000104671.3] [200/203]
  * #variants in cis = 10
  * Best hit: [id=8_internal_9594, d=-318571, pv=0.110929, s=0.1661]
  * Beta parameters: [s1=0.974238, s2=11.9776]
  * Adjusted p-values: [emp=0.711443, beta=0.691636]

Processing phenotype [ENSG00000253708.1] [201/203]
  * #variants in cis = 10
  * Best hit: [id=8_internal_7986, d=-410731, pv=0.242031, s=-0.1204]
  * Beta parameters: [s1=1.06162, s2=9.64407]
  * Adjusted p-values: [emp=0.910448, beta=0.913134]

Processing phenotype [ENSG00000127589.4] [202/203]
  * #variants in cis = 8
  * Best hit: [id=8_internal_7844, d=-715551, pv=0.144444, s=0.1522]
  * Beta parameters: [s1=1.05592, s2=8.52113]
  * Adjusted p-values: [emp=0.716418, beta=0.714332]

Processing phenotype [ENSG00000157110.11] [203/203]
  * #variants in cis = 8
  * Best hit: [id=8_internal_9594, d=-546702, pv=0.0386538, s=0.2221]
  * Beta parameters: [s1=1.03471, s2=7.78615]
  * Adjusted p-values: [emp=0.293532, beta=0.280001]

Running time: 2 seconds
