Sender: LSF System <lsfadmin@cpt09>
Subject: Job 974613: </data/unige/funpopgen/odelanea/SGX/V2/binaries/qtltools/bin/QTLtools cis --vcf /data/unige/funpopgen/grey2/SYSCID/BLUEPRINT_DATA/CRD/THREE_CELL_TYPES/CLOMICS/CELL_TYPE_COMPARISON_GENE_CRD_ASSOCIATIONS/quantify/73_vs_72_ALL.ALLchr.mean.txt.gz --bed /data/unige/funpopgen/grey2/SYSCID/BLUEPRINT_DATA/CRD/THREE_CELL_TYPES/QTL_TOOLS/EGAD00001002671_v3.0/EGAD00001002671_RNA.PC10.bed.gz --nominal /data/unige/funpopgen/grey2/SYSCID/BLUEPRINT_DATA/CRD/THREE_CELL_TYPES/CLOMICS/CELL_TYPE_COMPARISON_GENE_CRD_ASSOCIATIONS/mapping_aCRD_gene/73_vs_72/gene_CRD_mean_permutations.thresholds.txt --chunk 92 100 --out /data/unige/funpopgen/grey2/SYSCID/BLUEPRINT_DATA/CRD/THREE_CELL_TYPES/CLOMICS/CELL_TYPE_COMPARISON_GENE_CRD_ASSOCIATIONS/mapping_aCRD_gene/73_vs_72/mapping_gene_CRD_mean_chunk92\.txt> in cluster <ug> Done

Job </data/unige/funpopgen/odelanea/SGX/V2/binaries/qtltools/bin/QTLtools cis --vcf /data/unige/funpopgen/grey2/SYSCID/BLUEPRINT_DATA/CRD/THREE_CELL_TYPES/CLOMICS/CELL_TYPE_COMPARISON_GENE_CRD_ASSOCIATIONS/quantify/73_vs_72_ALL.ALLchr.mean.txt.gz --bed /data/unige/funpopgen/grey2/SYSCID/BLUEPRINT_DATA/CRD/THREE_CELL_TYPES/QTL_TOOLS/EGAD00001002671_v3.0/EGAD00001002671_RNA.PC10.bed.gz --nominal /data/unige/funpopgen/grey2/SYSCID/BLUEPRINT_DATA/CRD/THREE_CELL_TYPES/CLOMICS/CELL_TYPE_COMPARISON_GENE_CRD_ASSOCIATIONS/mapping_aCRD_gene/73_vs_72/gene_CRD_mean_permutations.thresholds.txt --chunk 92 100 --out /data/unige/funpopgen/grey2/SYSCID/BLUEPRINT_DATA/CRD/THREE_CELL_TYPES/CLOMICS/CELL_TYPE_COMPARISON_GENE_CRD_ASSOCIATIONS/mapping_aCRD_gene/73_vs_72/mapping_gene_CRD_mean_chunk92\.txt> was submitted from host <cpt01> by user <grey2> in cluster <ug>.
Job was executed on host(s) <cpt09>, in queue <normal>, as user <grey2> in cluster <ug>.
</home/grey2> was used as the home directory.
</data/unige/funpopgen/grey2/SYSCID/BLUEPRINT_DATA/CRD/THREE_CELL_TYPES/CLOMICS/CELL_TYPE_COMPARISON_GENE_CRD_ASSOCIATIONS> was used as the working directory.
Started at Thu Mar 21 13:46:39 2019
Results reported at Thu Mar 21 13:46:41 2019

Your job looked like:

------------------------------------------------------------
# LSBATCH: User input
/data/unige/funpopgen/odelanea/SGX/V2/binaries/qtltools/bin/QTLtools cis --vcf /data/unige/funpopgen/grey2/SYSCID/BLUEPRINT_DATA/CRD/THREE_CELL_TYPES/CLOMICS/CELL_TYPE_COMPARISON_GENE_CRD_ASSOCIATIONS/quantify/73_vs_72_ALL.ALLchr.mean.txt.gz --bed /data/unige/funpopgen/grey2/SYSCID/BLUEPRINT_DATA/CRD/THREE_CELL_TYPES/QTL_TOOLS/EGAD00001002671_v3.0/EGAD00001002671_RNA.PC10.bed.gz --nominal /data/unige/funpopgen/grey2/SYSCID/BLUEPRINT_DATA/CRD/THREE_CELL_TYPES/CLOMICS/CELL_TYPE_COMPARISON_GENE_CRD_ASSOCIATIONS/mapping_aCRD_gene/73_vs_72/gene_CRD_mean_permutations.thresholds.txt --chunk 92 100 --out /data/unige/funpopgen/grey2/SYSCID/BLUEPRINT_DATA/CRD/THREE_CELL_TYPES/CLOMICS/CELL_TYPE_COMPARISON_GENE_CRD_ASSOCIATIONS/mapping_aCRD_gene/73_vs_72/mapping_gene_CRD_mean_chunk92\.txt

------------------------------------------------------------

Successfully completed.

Resource usage summary:

    CPU time :               1.31 sec.
    Max Memory :             13.36 MB
    Average Memory :         13.36 MB
    Total Requested Memory : -
    Delta Memory :           -
    (Delta: the difference between total requested memory and actual max usage.)
    Max Swap :               346 MB

    Max Processes :          4
    Max Threads :            5

The output (if any) follows:


[32mQTLtools[0m
  * Authors : Olivier DELANEAU / Halit ONGEN / Emmanouil DERMITZAKIS
  * Contact : olivier.delaneau@gmail.com / halit.ongen@unige.ch / Emmanouil.Dermitzakis@unige.ch
  * Webpage : https://qtltools.github.io/qtltools/
  * Version : 1.1
  * Date    : 21/03/2019 - 13:46:40
  * Citation: A complete tool set for molecular QTL discovery and analysis, https://doi.org/10.1101/068635

[32mMAPPING QTL IN CIS[0m
  * TASK: Report all nominal associations with p below thresholds in [/data/unige/funpopgen/grey2/SYSCID/BLUEPRINT_DATA/CRD/THREE_CELL_TYPES/CLOMICS/CELL_TYPE_COMPARISON_GENE_CRD_ASSOCIATIONS/mapping_aCRD_gene/73_vs_72/gene_CRD_mean_permutations.thresholds.txt]
  * Linear model: Phe ~ Var
  * Cis-window size is 1000000 bp
  * Chunk = [92/100]

Scanning phenotype data in [/data/unige/funpopgen/grey2/SYSCID/BLUEPRINT_DATA/CRD/THREE_CELL_TYPES/QTL_TOOLS/EGAD00001002671_v3.0/EGAD00001002671_RNA.PC10.bed.gz]
  * 24372 phenotypes included
  * 12152 phenotypes are on the negative strand

Initialize random number generator
  * Built-in seed is 15112011
  * First Integer = 30554
  * First Double = 0.0126695

Reading sample list from [/data/unige/funpopgen/grey2/SYSCID/BLUEPRINT_DATA/CRD/THREE_CELL_TYPES/QTL_TOOLS/EGAD00001002671_v3.0/EGAD00001002671_RNA.PC10.bed.gz]
  * #samples = 169

Reading sample list from [/data/unige/funpopgen/grey2/SYSCID/BLUEPRINT_DATA/CRD/THREE_CELL_TYPES/CLOMICS/CELL_TYPE_COMPARISON_GENE_CRD_ASSOCIATIONS/quantify/73_vs_72_ALL.ALLchr.mean.txt.gz]
  * #samples = 94

Merging sample sets from all input files
  * #files = 2
  * #samples in all files = 91
  * #samples NOT in all files (i.e. ignored) = 81

Reading phenotype data in [/data/unige/funpopgen/grey2/SYSCID/BLUEPRINT_DATA/CRD/THREE_CELL_TYPES/QTL_TOOLS/EGAD00001002671_v3.0/EGAD00001002671_RNA.PC10.bed.gz]
  * target region [17:29151794-38673278]
  * 201 phenotypes included
  * 96 phenotypes are on the negative strand

Reading genotype data in [/data/unige/funpopgen/grey2/SYSCID/BLUEPRINT_DATA/CRD/THREE_CELL_TYPES/CLOMICS/CELL_TYPE_COMPARISON_GENE_CRD_ASSOCIATIONS/quantify/73_vs_72_ALL.ALLchr.mean.txt.gz]
  * File format detected: BED
  * 91 samples included
  * 5 samples without phenotype data
  * target region [17:28151794-39673278]
  * 56 variants included

Reading nominal thresholds in [/data/unige/funpopgen/grey2/SYSCID/BLUEPRINT_DATA/CRD/THREE_CELL_TYPES/CLOMICS/CELL_TYPE_COMPARISON_GENE_CRD_ASSOCIATIONS/mapping_aCRD_gene/73_vs_72/gene_CRD_mean_permutations.thresholds.txt]
  * #phenotypes set = 201

Processing phenotype [ENSG00000176390.10] [1/201]
  * #variants in cis = 10
  * Best hit: [id=17_internal_9580, d=499543, pv=0.0248386, s=0.2469]

Processing phenotype [ENSG00000176208.4] [2/201]
  * #variants in cis = 10
  * Best hit: [id=17_internal_9554, d=7923, pv=0.0277603, s=0.2306]

Processing phenotype [ENSG00000265334.1] [3/201]
  * #variants in cis = 10
  * Best hit: [id=17_internal_11877, d=-695054, pv=0.00929852, s=-0.2481]

Processing phenotype [ENSG00000263531.1] [4/201]
  * #variants in cis = 10
  * Best hit: [id=17_internal_11877, d=-693142, pv=0.0192442, s=-0.2303]

Processing phenotype [ENSG00000184060.6] [5/201]
  * #variants in cis = 10
  * Best hit: [id=17_internal_11877, d=651738, pv=0.145773, s=-0.1504]

Processing phenotype [ENSG00000172171.6] [6/201]
  * #variants in cis = 10
  * Best hit: [id=17_internal_9554, d=0, pv=0.149611, s=0.1419]

Processing phenotype [ENSG00000181481.9] [7/201]
  * #variants in cis = 10
  * Best hit: [id=17_internal_9554, d=-29299, pv=0.144275, s=-0.1767]

Processing phenotype [ENSG00000264456.1] [8/201]
  * #variants in cis = 10
  * Best hit: [id=17_internal_11877, d=586430, pv=0.0748461, s=-0.1791]

Processing phenotype [ENSG00000266865.2] [9/201]
  * #variants in cis = 10
  * Best hit: [id=17_internal_11877, d=549585, pv=0.0468138, s=0.2146]

Processing phenotype [ENSG00000265798.2] [10/201]
  * #variants in cis = 10
  * Best hit: [id=17_internal_13033, d=-390042, pv=0.256752, s=-0.1103]

Processing phenotype [ENSG00000196712.11] [11/201]
  * #variants in cis = 10
  * Best hit: [id=17_internal_8405, d=-856011, pv=0.0194177, s=0.2539]

Processing phenotype [ENSG00000264107.1] [12/201]
  * #variants in cis = 10
  * Best hit: [id=17_internal_8921, d=703587, pv=0.0711637, s=0.1984]

Processing phenotype [ENSG00000266371.1] [13/201]
  * #variants in cis = 8
  * Best hit: [id=17_internal_13033, d=315981, pv=0.0227084, s=-0.2298]

Processing phenotype [ENSG00000126861.4] [14/201]
  * #variants in cis = 8
  * Best hit: [id=17_internal_12083, d=-941578, pv=0.131385, s=0.1571]

Processing phenotype [ENSG00000185862.5] [15/201]
  * #variants in cis = 8
  * Best hit: [id=17_internal_13033, d=-135051, pv=0.0434686, s=-0.2000]

Processing phenotype [ENSG00000265118.1] [16/201]
  * #variants in cis = 8
  * Best hit: [id=17_internal_12083, d=-920286, pv=0.126152, s=0.1606]

Processing phenotype [ENSG00000126860.6] [17/201]
  * #variants in cis = 8
  * Best hit: [id=17_internal_12083, d=-917233, pv=0.138735, s=0.1544]

Processing phenotype [ENSG00000131242.11] [18/201]
  * #variants in cis = 6
  * Best hit: [id=17_internal_13033, d=57539, pv=3.74705e-08, s=0.5122]

Processing phenotype [ENSG00000264862.1] [19/201]
  * #variants in cis = 7
  * Best hit: [id=17_internal_11569, d=964968, pv=0.333543, s=0.0948]

Processing phenotype [ENSG00000266459.1] [20/201]
  * #variants in cis = 7
  * Best hit: [id=17_internal_13033, d=-21659, pv=0.00298065, s=0.3092]

Processing phenotype [ENSG00000172301.6] [21/201]
  * #variants in cis = 7
  * Best hit: [id=17_internal_10699, d=-602172, pv=0.139149, s=-0.1531]

Processing phenotype [ENSG00000263990.1] [22/201]
  * #variants in cis = 7
  * Best hit: [id=17_internal_11877, d=-30841, pv=0.0350985, s=-0.2178]

Processing phenotype [ENSG00000108651.5] [23/201]
  * #variants in cis = 7
  * Best hit: [id=17_internal_10699, d=-559744, pv=0.012757, s=-0.2720]

Processing phenotype [ENSG00000178691.6] [24/201]
  * #variants in cis = 7
  * Best hit: [id=17_internal_11877, d=-93933, pv=0.286133, s=0.1198]

Processing phenotype [ENSG00000253058.1] [25/201]
  * #variants in cis = 6
  * Best hit: [id=17_internal_11569, d=-519466, pv=0.0629498, s=0.2025]

Processing phenotype [ENSG00000185158.8] [26/201]
  * #variants in cis = 6
  * Best hit: [id=17_internal_11877, d=-164787, pv=0.026966, s=0.2307]

Processing phenotype [ENSG00000266777.1] [27/201]
  * #variants in cis = 6
  * Best hit: [id=17_internal_11358, d=705821, pv=0.238902, s=-0.1333]

Processing phenotype [ENSG00000126858.12] [28/201]
  * #variants in cis = 6
  * Best hit: [id=17_internal_10699, d=319055, pv=0.0764221, s=0.1966]

Processing phenotype [ENSG00000214708.4] [29/201]
  * #variants in cis = 6
  * Best hit: [id=17_internal_10699, d=-318374, pv=0.381184, s=-0.0898]

Processing phenotype [ENSG00000265293.1] [30/201]
  * #variants in cis = 6
  * Best hit: [id=17_internal_11569, d=-331893, pv=0.0593007, s=0.1956]

Processing phenotype [ENSG00000269402.1] [31/201]
  * #variants in cis = 6
  * Best hit: [id=17_internal_10699, d=-281643, pv=0.0499706, s=-0.1966]

Processing phenotype [ENSG00000266282.1] [32/201]
  * #variants in cis = 6
  * Best hit: [id=17_internal_11358, d=-517687, pv=0.19414, s=-0.1442]

Processing phenotype [ENSG00000265794.1] [33/201]
  * #variants in cis = 6
  * Best hit: [id=17_internal_13033, d=-811208, pv=0.151563, s=0.1451]

Processing phenotype [ENSG00000265139.1] [34/201]
  * #variants in cis = 6
  * Best hit: [id=17_internal_11569, d=154958, pv=0.591825, s=-0.0541]

Processing phenotype [ENSG00000108666.5] [35/201]
  * #variants in cis = 6
  * Best hit: [id=17_internal_12083, d=50961, pv=0.0489735, s=-0.2091]

Processing phenotype [ENSG00000207928.1] [36/201]
  * #variants in cis = 6
  * Best hit: [id=17_internal_10699, d=111400, pv=0.0231629, s=0.2272]

Processing phenotype [ENSG00000010244.11] [37/201]
  * #variants in cis = 6
  * Best hit: [id=17_internal_10699, d=111392, pv=0.50482, s=-0.0669]

Processing phenotype [ENSG00000266385.1] [38/201]
  * #variants in cis = 6
  * Best hit: [id=17_internal_13033, d=-897994, pv=0.337887, s=0.0962]

Processing phenotype [ENSG00000264083.1] [39/201]
  * #variants in cis = 6
  * Best hit: [id=17_internal_13033, d=-917744, pv=0.0257961, s=0.2189]

Processing phenotype [ENSG00000108671.5] [40/201]
  * #variants in cis = 6
  * Best hit: [id=17_internal_10699, d=17249, pv=0.0365933, s=-0.2256]

Processing phenotype [ENSG00000176749.4] [41/201]
  * #variants in cis = 6
  * Best hit: [id=17_internal_11569, d=0, pv=6.63884e-14, s=0.6594]

Processing phenotype [ENSG00000266718.1] [42/201]
  * #variants in cis = 6
  * Best hit: [id=17_internal_11569, d=0, pv=0.00259007, s=0.3163]

Processing phenotype [ENSG00000226377.1] [43/201]
  * #variants in cis = 5
  * Best hit: [id=17_internal_10699, d=-400802, pv=0.484826, s=-0.0726]

Processing phenotype [ENSG00000176658.11] [44/201]
  * #variants in cis = 5
  * Best hit: [id=17_internal_10699, d=401220, pv=0.112327, s=-0.1724]

Processing phenotype [ENSG00000226049.3] [45/201]
  * #variants in cis = 6
  * Best hit: [id=17_internal_9182, d=48263, pv=0.657768, s=0.0502]

Processing phenotype [ENSG00000181291.5] [46/201]
  * #variants in cis = 12
  * Best hit: [id=17_internal_9226, d=398540, pv=0.00195974, s=0.3596]

Processing phenotype [ENSG00000198783.4] [47/201]
  * #variants in cis = 13
  * Best hit: [id=17_internal_9878, d=583654, pv=0.0939657, s=0.1813]

Processing phenotype [ENSG00000005156.7] [48/201]
  * #variants in cis = 13
  * Best hit: [id=17_internal_9226, d=0, pv=0.0513543, s=0.2225]

Processing phenotype [ENSG00000132141.9] [49/201]
  * #variants in cis = 13
  * Best hit: [id=17_internal_9226, d=0, pv=0.0655301, s=-0.2043]

Processing phenotype [ENSG00000224113.2] [50/201]
  * #variants in cis = 12
  * Best hit: [id=17_internal_10275, d=358914, pv=0.0723949, s=-0.1857]

Processing phenotype [ENSG00000238858.1] [51/201]
  * #variants in cis = 13
  * Best hit: [id=17_internal_9334, d=-104633, pv=0.105529, s=-0.1497]

Processing phenotype [ENSG00000267457.1] [52/201]
  * #variants in cis = 13
  * Best hit: [id=17_internal_9226, d=0, pv=0.185787, s=-0.1400]

Processing phenotype [ENSG00000243423.1] [53/201]
  * #variants in cis = 13
  * Best hit: [id=17_internal_13084, d=-662427, pv=0.0978529, s=-0.1580]

Processing phenotype [ENSG00000092871.12] [54/201]
  * #variants in cis = 14
  * Best hit: [id=17_internal_10275, d=-274683, pv=0.0923529, s=-0.1905]

Processing phenotype [ENSG00000253084.1] [55/201]
  * #variants in cis = 15
  * Best hit: [id=17_internal_9334, d=65218, pv=0.0134727, s=-0.2504]

Processing phenotype [ENSG00000252328.1] [56/201]
  * #variants in cis = 15
  * Best hit: [id=17_internal_9226, d=8671, pv=0.0168963, s=0.2646]

Processing phenotype [ENSG00000267618.1] [57/201]
  * #variants in cis = 15
  * Best hit: [id=17_internal_9435, d=-561624, pv=0.0153403, s=-0.2667]

Processing phenotype [ENSG00000185379.16] [58/201]
  * #variants in cis = 15
  * Best hit: [id=17_internal_8769, d=-111370, pv=0.0031889, s=-0.3034]

Processing phenotype [ENSG00000073598.5] [59/201]
  * #variants in cis = 15
  * Best hit: [id=17_internal_9757, d=364484, pv=0.0102388, s=-0.2529]

Processing phenotype [ENSG00000073536.13] [60/201]
  * #variants in cis = 15
  * Best hit: [id=17_internal_8769, d=-90577, pv=0.00333282, s=-0.3024]

Processing phenotype [ENSG00000141161.7] [61/201]
  * #variants in cis = 15
  * Best hit: [id=17_internal_9334, d=11310, pv=0.0175864, s=-0.2465]

Processing phenotype [ENSG00000266981.1] [62/201]
  * #variants in cis = 16
  * Best hit: [id=17_internal_8769, d=44370, pv=0.0245443, s=0.2381]

Processing phenotype [ENSG00000267744.1] [63/201]
  * #variants in cis = 16
  * Best hit: [id=17_internal_8769, d=41931, pv=0.0639593, s=0.1892]

Processing phenotype [ENSG00000164729.6] [64/201]
  * #variants in cis = 16
  * Best hit: [id=17_internal_9226, d=105407, pv=0.0714559, s=-0.1961]

Processing phenotype [ENSG00000266947.1] [65/201]
  * #variants in cis = 16
  * Best hit: [id=17_internal_8212, d=-906010, pv=0.126034, s=-0.1619]

Processing phenotype [ENSG00000166750.5] [66/201]
  * #variants in cis = 16
  * Best hit: [id=17_internal_8769, d=0, pv=9.06424e-05, s=0.4068]

Processing phenotype [ENSG00000267364.1] [67/201]
  * #variants in cis = 16
  * Best hit: [id=17_internal_10023, d=0, pv=0.000958962, s=0.3867]

Processing phenotype [ENSG00000172716.12] [68/201]
  * #variants in cis = 15
  * Best hit: [id=17_internal_10275, d=0, pv=0.0109796, s=0.2938]

Processing phenotype [ENSG00000267547.1] [69/201]
  * #variants in cis = 15
  * Best hit: [id=17_internal_8294, d=-685376, pv=0.0558526, s=0.2070]

Processing phenotype [ENSG00000267648.1] [70/201]
  * #variants in cis = 15
  * Best hit: [id=17_internal_8212, d=-741155, pv=0.0409741, s=0.2291]

Processing phenotype [ENSG00000267745.1] [71/201]
  * #variants in cis = 15
  * Best hit: [id=17_internal_13084, d=995458, pv=0.00434594, s=-0.3135]

Processing phenotype [ENSG00000267102.1] [72/201]
  * #variants in cis = 15
  * Best hit: [id=17_internal_8212, d=-738745, pv=0.0184906, s=0.2605]

Processing phenotype [ENSG00000172123.8] [73/201]
  * #variants in cis = 14
  * Best hit: [id=17_internal_8212, d=-715690, pv=0.0233457, s=0.2419]

Processing phenotype [ENSG00000154760.9] [74/201]
  * #variants in cis = 14
  * Best hit: [id=17_internal_9757, d=-37226, pv=0.000571649, s=0.3429]

Processing phenotype [ENSG00000267312.1] [75/201]
  * #variants in cis = 14
  * Best hit: [id=17_internal_9757, d=-25513, pv=0.00184266, s=0.3395]

Processing phenotype [ENSG00000267554.1] [76/201]
  * #variants in cis = 14
  * Best hit: [id=17_internal_9757, d=-15435, pv=0.000774782, s=0.3607]

Processing phenotype [ENSG00000267349.1] [77/201]
  * #variants in cis = 14
  * Best hit: [id=17_internal_9334, d=-239201, pv=0.00115603, s=0.3336]

Processing phenotype [ENSG00000267046.1] [78/201]
  * #variants in cis = 14
  * Best hit: [id=17_internal_9757, d=0, pv=0.00317426, s=0.3134]

Processing phenotype [ENSG00000267369.1] [79/201]
  * #variants in cis = 14
  * Best hit: [id=17_internal_9226, d=-409232, pv=0.00489507, s=-0.3012]

Processing phenotype [ENSG00000267074.1] [80/201]
  * #variants in cis = 14
  * Best hit: [id=17_internal_9226, d=421284, pv=0.0237694, s=-0.2431]

Processing phenotype [ENSG00000255987.1] [81/201]
  * #variants in cis = 14
  * Best hit: [id=17_internal_9757, d=16335, pv=0.00318023, s=0.3077]

Processing phenotype [ENSG00000205045.4] [82/201]
  * #variants in cis = 14
  * Best hit: [id=17_internal_9757, d=39010, pv=1.56918e-05, s=0.4394]

Processing phenotype [ENSG00000267359.1] [83/201]
  * #variants in cis = 14
  * Best hit: [id=17_internal_9226, d=-464219, pv=0.0890763, s=-0.1990]

Processing phenotype [ENSG00000236320.3] [84/201]
  * #variants in cis = 14
  * Best hit: [id=17_internal_9226, d=469112, pv=0.0162434, s=-0.2527]

Processing phenotype [ENSG00000242660.1] [85/201]
  * #variants in cis = 14
  * Best hit: [id=17_internal_9878, d=0, pv=0.153125, s=-0.1532]

Processing phenotype [ENSG00000267321.1] [86/201]
  * #variants in cis = 14
  * Best hit: [id=17_internal_8294, d=521629, pv=0.0311908, s=0.2388]

Processing phenotype [ENSG00000207297.1] [87/201]
  * #variants in cis = 14
  * Best hit: [id=17_internal_8294, d=516092, pv=0.110525, s=0.1510]

Processing phenotype [ENSG00000006125.12] [88/201]
  * #variants in cis = 14
  * Best hit: [id=17_internal_9334, d=-339253, pv=0.0108849, s=0.2708]

Processing phenotype [ENSG00000108733.5] [89/201]
  * #variants in cis = 14
  * Best hit: [id=17_internal_9034, d=711675, pv=0.0510867, s=0.2096]

Processing phenotype [ENSG00000267592.1] [90/201]
  * #variants in cis = 14
  * Best hit: [id=17_internal_9034, d=729940, pv=0.198088, s=-0.1309]

Processing phenotype [ENSG00000267003.1] [91/201]
  * #variants in cis = 14
  * Best hit: [id=17_internal_9034, d=817715, pv=0.0158936, s=0.2574]

Processing phenotype [ENSG00000239520.1] [92/201]
  * #variants in cis = 14
  * Best hit: [id=17_internal_8294, d=369861, pv=0.0647019, s=-0.1888]

Processing phenotype [ENSG00000141150.3] [93/201]
  * #variants in cis = 14
  * Best hit: [id=17_internal_10023, d=-382402, pv=0.0147901, s=-0.2252]

Processing phenotype [ENSG00000132139.8] [94/201]
  * #variants in cis = 14
  * Best hit: [id=17_internal_9757, d=254027, pv=0.0221361, s=0.2116]

Processing phenotype [ENSG00000266911.1] [95/201]
  * #variants in cis = 14
  * Best hit: [id=17_internal_9034, d=891137, pv=0.0102073, s=-0.2703]

Processing phenotype [ENSG00000154768.4] [96/201]
  * #variants in cis = 14
  * Best hit: [id=17_internal_9334, d=-522104, pv=0.0038499, s=0.2951]

Processing phenotype [ENSG00000129270.11] [97/201]
  * #variants in cis = 14
  * Best hit: [id=17_internal_9226, d=706706, pv=0.048612, s=-0.1979]

Processing phenotype [ENSG00000172660.7] [98/201]
  * #variants in cis = 14
  * Best hit: [id=17_internal_9878, d=-218351, pv=0.078271, s=-0.1876]

Processing phenotype [ENSG00000267347.1] [99/201]
  * #variants in cis = 14
  * Best hit: [id=17_internal_9435, d=-108543, pv=0.135662, s=0.1564]

Processing phenotype [ENSG00000267025.1] [100/201]
  * #variants in cis = 14
  * Best hit: [id=17_internal_9878, d=239189, pv=0.14977, s=-0.1500]

Processing phenotype [ENSG00000267326.1] [101/201]
  * #variants in cis = 14
  * Best hit: [id=17_internal_9973, d=-155797, pv=0.0277281, s=0.2297]

Processing phenotype [ENSG00000172653.6] [102/201]
  * #variants in cis = 13
  * Best hit: [id=17_internal_8294, d=-220873, pv=0.00107286, s=0.3416]

Processing phenotype [ENSG00000161570.4] [103/201]
  * #variants in cis = 13
  * Best hit: [id=17_internal_8294, d=-208971, pv=0.00175706, s=0.3253]

Processing phenotype [ENSG00000223255.1] [104/201]
  * #variants in cis = 13
  * Best hit: [id=17_internal_12179, d=0, pv=0.111377, s=0.1730]

Processing phenotype [ENSG00000129277.9] [105/201]
  * #variants in cis = 12
  * Best hit: [id=17_internal_8212, d=45009, pv=0.00378713, s=0.3121]

Processing phenotype [ENSG00000108278.7] [106/201]
  * #variants in cis = 9
  * Best hit: [id=17_internal_9878, d=-924365, pv=0.012832, s=0.2589]

Processing phenotype [ENSG00000252912.1] [107/201]
  * #variants in cis = 9
  * Best hit: [id=17_internal_8265, d=410388, pv=0.00657888, s=0.2674]

Processing phenotype [ENSG00000184886.3] [108/201]
  * #variants in cis = 9
  * Best hit: [id=17_internal_9435, d=-853987, pv=0.255789, s=0.1100]

Processing phenotype [ENSG00000141140.12] [109/201]
  * #variants in cis = 9
  * Best hit: [id=17_internal_8212, d=256777, pv=0.104213, s=0.1618]

Processing phenotype [ENSG00000005955.8] [110/201]
  * #variants in cis = 9
  * Best hit: [id=17_internal_8265, d=-463959, pv=0.238174, s=0.1224]

Processing phenotype [ENSG00000236002.3] [111/201]
  * #variants in cis = 8
  * Best hit: [id=17_internal_8975, d=-505262, pv=0.0929614, s=0.1826]

Processing phenotype [ENSG00000108272.9] [112/201]
  * #variants in cis = 8
  * Best hit: [id=17_internal_9973, d=-549708, pv=0.105874, s=-0.1593]

Processing phenotype [ENSG00000129282.8] [113/201]
  * #variants in cis = 8
  * Best hit: [id=17_internal_8265, d=-521223, pv=0.245703, s=0.1216]

Processing phenotype [ENSG00000267067.1] [114/201]
  * #variants in cis = 8
  * Best hit: [id=17_internal_8212, d=-348020, pv=0.0240924, s=0.2351]

Processing phenotype [ENSG00000267785.1] [115/201]
  * #variants in cis = 7
  * Best hit: [id=17_internal_8265, d=-642116, pv=0.310778, s=0.1001]

Processing phenotype [ENSG00000108270.6] [116/201]
  * #variants in cis = 8
  * Best hit: [id=17_internal_12491, d=795388, pv=0.0579985, s=0.2011]

Processing phenotype [ENSG00000267306.1] [117/201]
  * #variants in cis = 8
  * Best hit: [id=17_internal_12491, d=764097, pv=0.00755956, s=0.2747]

Processing phenotype [ENSG00000267798.1] [118/201]
  * #variants in cis = 8
  * Best hit: [id=17_internal_8212, d=-713390, pv=0.0565489, s=-0.1968]

Processing phenotype [ENSG00000267479.1] [119/201]
  * #variants in cis = 9
  * Best hit: [id=17_internal_8294, d=-960280, pv=0.146264, s=-0.1389]

Processing phenotype [ENSG00000266895.1] [120/201]
  * #variants in cis = 8
  * Best hit: [id=17_internal_10703, d=-344133, pv=0.186012, s=-0.1314]

Processing phenotype [ENSG00000239581.1] [121/201]
  * #variants in cis = 6
  * Best hit: [id=17_internal_10703, d=-255859, pv=0.293359, s=-0.1090]

Processing phenotype [ENSG00000254982.1] [122/201]
  * #variants in cis = 6
  * Best hit: [id=17_internal_8357, d=-870115, pv=0.253633, s=0.1276]

Processing phenotype [ENSG00000167230.6] [123/201]
  * #variants in cis = 8
  * Best hit: [id=17_internal_8975, d=-250850, pv=0.0178766, s=-0.2535]

Processing phenotype [ENSG00000266942.1] [124/201]
  * #variants in cis = 8
  * Best hit: [id=17_internal_8627, d=970479, pv=0.128375, s=0.1543]

Processing phenotype [ENSG00000132142.15] [125/201]
  * #variants in cis = 8
  * Best hit: [id=17_internal_12457, d=-530263, pv=0.263725, s=0.1172]

Processing phenotype [ENSG00000108264.12] [126/201]
  * #variants in cis = 8
  * Best hit: [id=17_internal_12457, d=530207, pv=0.00525971, s=-0.2831]

Processing phenotype [ENSG00000267562.1] [127/201]
  * #variants in cis = 8
  * Best hit: [id=17_internal_12491, d=287290, pv=0.108949, s=0.1576]

Processing phenotype [ENSG00000161326.8] [128/201]
  * #variants in cis = 8
  * Best hit: [id=17_internal_8975, d=-367859, pv=0.124408, s=-0.1762]

Processing phenotype [ENSG00000006114.11] [129/201]
  * #variants in cis = 8
  * Best hit: [id=17_internal_9620, d=-601262, pv=0.0503943, s=0.2114]

Processing phenotype [ENSG00000267542.1] [130/201]
  * #variants in cis = 8
  * Best hit: [id=17_internal_8627, d=744513, pv=0.0691361, s=0.1967]

Processing phenotype [ENSG00000267668.1] [131/201]
  * #variants in cis = 8
  * Best hit: [id=17_internal_9620, d=567830, pv=0.0926663, s=0.1683]

Processing phenotype [ENSG00000141141.10] [132/201]
  * #variants in cis = 8
  * Best hit: [id=17_internal_12491, d=-98070, pv=0.0191254, s=-0.2400]

Processing phenotype [ENSG00000185128.11] [133/201]
  * #variants in cis = 10
  * Best hit: [id=17_internal_9778, d=961294, pv=0.121002, s=-0.1631]

Processing phenotype [ENSG00000197681.8] [134/201]
  * #variants in cis = 10
  * Best hit: [id=17_internal_12457, d=0, pv=0.0454813, s=-0.2008]

Processing phenotype [ENSG00000174093.6] [135/201]
  * #variants in cis = 10
  * Best hit: [id=17_internal_12491, d=15983, pv=0.112599, s=-0.1675]

Processing phenotype [ENSG00000174100.5] [136/201]
  * #variants in cis = 10
  * Best hit: [id=17_internal_11089, d=694190, pv=0.0689332, s=0.1993]

Processing phenotype [ENSG00000188888.7] [137/201]
  * #variants in cis = 10
  * Best hit: [id=17_internal_9778, d=-745535, pv=0.0749613, s=-0.1974]

Processing phenotype [ENSG00000174111.8] [138/201]
  * #variants in cis = 11
  * Best hit: [id=17_internal_12491, d=-102236, pv=0.0272571, s=0.2350]

Processing phenotype [ENSG00000179294.5] [139/201]
  * #variants in cis = 11
  * Best hit: [id=17_internal_8357, d=446211, pv=0.120687, s=0.1716]

Processing phenotype [ENSG00000261005.1] [140/201]
  * #variants in cis = 10
  * Best hit: [id=17_internal_8627, d=0, pv=0.0164448, s=0.2402]

Processing phenotype [ENSG00000108292.12] [141/201]
  * #variants in cis = 10
  * Best hit: [id=17_internal_11089, d=285384, pv=0.0222655, s=-0.2633]

Processing phenotype [ENSG00000266040.1] [142/201]
  * #variants in cis = 10
  * Best hit: [id=17_internal_9620, d=280036, pv=0.00572446, s=-0.2821]

Processing phenotype [ENSG00000263975.1] [143/201]
  * #variants in cis = 10
  * Best hit: [id=17_internal_11089, d=-270654, pv=0.0470199, s=-0.2341]

Processing phenotype [ENSG00000269094.1] [144/201]
  * #variants in cis = 10
  * Best hit: [id=17_internal_11089, d=-262728, pv=0.0625831, s=-0.2231]

Processing phenotype [ENSG00000230055.2] [145/201]
  * #variants in cis = 10
  * Best hit: [id=17_internal_9778, d=358777, pv=0.0857833, s=-0.1756]

Processing phenotype [ENSG00000056661.9] [146/201]
  * #variants in cis = 10
  * Best hit: [id=17_internal_11649, d=16976, pv=0.121096, s=0.1583]

Processing phenotype [ENSG00000108294.4] [147/201]
  * #variants in cis = 10
  * Best hit: [id=17_internal_9620, d=-326511, pv=0.105156, s=0.1728]

Processing phenotype [ENSG00000252278.1] [148/201]
  * #variants in cis = 10
  * Best hit: [id=17_internal_12491, d=505778, pv=0.0256876, s=-0.2154]

Processing phenotype [ENSG00000141720.7] [149/201]
  * #variants in cis = 11
  * Best hit: [id=17_internal_12457, d=542295, pv=0.0442155, s=-0.2196]

Processing phenotype [ENSG00000108296.6] [150/201]
  * #variants in cis = 11
  * Best hit: [id=17_internal_8706, d=-941128, pv=0.0104777, s=0.2516]

Processing phenotype [ENSG00000252699.1] [151/201]
  * #variants in cis = 12
  * Best hit: [id=17_internal_8627, d=143860, pv=0.0445084, s=-0.2101]

Processing phenotype [ENSG00000199293.1] [152/201]
  * #variants in cis = 12
  * Best hit: [id=17_internal_8357, d=624271, pv=0.067256, s=-0.2046]

Processing phenotype [ENSG00000125691.8] [153/201]
  * #variants in cis = 12
  * Best hit: [id=17_internal_8706, d=-912766, pv=0.101455, s=-0.1882]

Processing phenotype [ENSG00000244086.1] [154/201]
  * #variants in cis = 12
  * Best hit: [id=17_internal_8706, d=911295, pv=0.104689, s=0.1674]

Processing phenotype [ENSG00000002834.13] [155/201]
  * #variants in cis = 12
  * Best hit: [id=17_internal_9778, d=219153, pv=0.00627893, s=-0.2961]

Processing phenotype [ENSG00000263466.1] [156/201]
  * #variants in cis = 12
  * Best hit: [id=17_internal_11089, d=-86326, pv=0.0173871, s=-0.2585]

Processing phenotype [ENSG00000265784.1] [157/201]
  * #variants in cis = 12
  * Best hit: [id=17_internal_9778, d=-167243, pv=0.00029022, s=-0.3951]

Processing phenotype [ENSG00000263874.1] [158/201]
  * #variants in cis = 12
  * Best hit: [id=17_internal_8357, d=-696445, pv=0.0717525, s=-0.1773]

Processing phenotype [ENSG00000263818.1] [159/201]
  * #variants in cis = 13
  * Best hit: [id=17_internal_9778, d=31993, pv=0.0950994, s=0.1914]

Processing phenotype [ENSG00000161381.9] [160/201]
  * #variants in cis = 13
  * Best hit: [id=17_internal_9778, d=33968, pv=0.0102571, s=0.2833]

Processing phenotype [ENSG00000266101.1] [161/201]
  * #variants in cis = 14
  * Best hit: [id=17_internal_9391, d=132828, pv=0.105547, s=0.1717]

Processing phenotype [ENSG00000067191.11] [162/201]
  * #variants in cis = 14
  * Best hit: [id=17_internal_8784, d=-761028, pv=0.0326223, s=-0.2350]

Processing phenotype [ENSG00000108298.5] [163/201]
  * #variants in cis = 14
  * Best hit: [id=17_internal_8784, d=758448, pv=0.0657978, s=0.1979]

Processing phenotype [ENSG00000265460.2] [164/201]
  * #variants in cis = 14
  * Best hit: [id=17_internal_7832, d=963114, pv=0.0746503, s=-0.1916]

Processing phenotype [ENSG00000266753.1] [165/201]
  * #variants in cis = 13
  * Best hit: [id=17_internal_11649, d=521456, pv=0.0334966, s=-0.2360]

Processing phenotype [ENSG00000266469.1] [166/201]
  * #variants in cis = 12
  * Best hit: [id=17_internal_9778, d=-281367, pv=0.147744, s=-0.1573]

Processing phenotype [ENSG00000108306.7] [167/201]
  * #variants in cis = 12
  * Best hit: [id=17_internal_11089, d=374647, pv=0.164039, s=-0.1496]

Processing phenotype [ENSG00000125686.7] [168/201]
  * #variants in cis = 11
  * Best hit: [id=17_internal_8887, d=-716310, pv=0.128725, s=-0.1639]

Processing phenotype [ENSG00000167258.8] [169/201]
  * #variants in cis = 11
  * Best hit: [id=17_internal_7832, d=740069, pv=0.0268524, s=0.2357]

Processing phenotype [ENSG00000223091.1] [170/201]
  * #variants in cis = 12
  * Best hit: [id=17_internal_11649, d=749749, pv=0.0700506, s=-0.1830]

Processing phenotype [ENSG00000131771.8] [171/201]
  * #variants in cis = 14
  * Best hit: [id=17_internal_9391, d=-307510, pv=0.00580437, s=-0.3003]

Processing phenotype [ENSG00000131748.11] [172/201]
  * #variants in cis = 14
  * Best hit: [id=17_internal_9281, d=210261, pv=0.01262, s=-0.2619]

Processing phenotype [ENSG00000173991.5] [173/201]
  * #variants in cis = 14
  * Best hit: [id=17_internal_7832, d=537393, pv=0.00863462, s=0.2616]

Processing phenotype [ENSG00000141744.3] [174/201]
  * #variants in cis = 14
  * Best hit: [id=17_internal_9391, d=-348751, pv=0.0377185, s=0.2194]

Processing phenotype [ENSG00000141736.8] [175/201]
  * #variants in cis = 14
  * Best hit: [id=17_internal_8298, d=868350, pv=0.0235286, s=-0.2469]

Processing phenotype [ENSG00000161395.8] [176/201]
  * #variants in cis = 14
  * Best hit: [id=17_internal_11376, d=315356, pv=0.0452949, s=-0.2068]

Processing phenotype [ENSG00000141741.7] [177/201]
  * #variants in cis = 13
  * Best hit: [id=17_internal_8298, d=-825477, pv=0.0532049, s=-0.2080]

Processing phenotype [ENSG00000264198.1] [178/201]
  * #variants in cis = 12
  * Best hit: [id=17_internal_8706, d=-2773, pv=2.44566e-06, s=0.4680]

Processing phenotype [ENSG00000264663.1] [179/201]
  * #variants in cis = 12
  * Best hit: [id=17_internal_8298, d=-720184, pv=0.142363, s=0.1465]

Processing phenotype [ENSG00000161405.12] [180/201]
  * #variants in cis = 12
  * Best hit: [id=17_internal_8706, d=41814, pv=3.77925e-06, s=0.4507]

Processing phenotype [ENSG00000073605.13] [181/201]
  * #variants in cis = 14
  * Best hit: [id=17_internal_8344, d=-567851, pv=0.00462046, s=-0.2989]

Processing phenotype [ENSG00000172057.5] [182/201]
  * #variants in cis = 15
  * Best hit: [id=17_internal_9281, d=59088, pv=0.0180573, s=0.2629]

Processing phenotype [ENSG00000264968.1] [183/201]
  * #variants in cis = 15
  * Best hit: [id=17_internal_11089, d=-899866, pv=0.0626993, s=-0.2166]

Processing phenotype [ENSG00000167914.6] [184/201]
  * #variants in cis = 15
  * Best hit: [id=17_internal_8784, d=0, pv=2.97261e-06, s=0.4632]

Processing phenotype [ENSG00000108344.10] [185/201]
  * #variants in cis = 15
  * Best hit: [id=17_internal_11937, d=928216, pv=0.0799503, s=0.1982]

Processing phenotype [ENSG00000126351.8] [186/201]
  * #variants in cis = 14
  * Best hit: [id=17_internal_8706, d=-235916, pv=0.0494548, s=-0.2267]

Processing phenotype [ENSG00000008838.12] [187/201]
  * #variants in cis = 14
  * Best hit: [id=17_internal_8784, d=77576, pv=0.0237233, s=-0.2393]

Processing phenotype [ENSG00000126368.5] [188/201]
  * #variants in cis = 14
  * Best hit: [id=17_internal_8201, d=-378668, pv=0.053706, s=0.2157]

Processing phenotype [ENSG00000188895.6] [189/201]
  * #variants in cis = 13
  * Best hit: [id=17_internal_8298, d=433966, pv=0.13513, s=0.1687]

Processing phenotype [ENSG00000108349.9] [190/201]
  * #variants in cis = 13
  * Best hit: [id=17_internal_9391, d=-821088, pv=0.00988363, s=0.2818]

Processing phenotype [ENSG00000221555.1] [191/201]
  * #variants in cis = 13
  * Best hit: [id=17_internal_8784, d=-166497, pv=0.0615349, s=-0.1951]

Processing phenotype [ENSG00000108352.6] [192/201]
  * #variants in cis = 13
  * Best hit: [id=17_internal_11937, d=732003, pv=0.00256765, s=0.2764]

Processing phenotype [ENSG00000171475.9] [193/201]
  * #variants in cis = 13
  * Best hit: [id=17_internal_8304, d=692243, pv=0.122572, s=-0.1743]

Processing phenotype [ENSG00000094804.5] [194/201]
  * #variants in cis = 13
  * Best hit: [id=17_internal_11937, d=621381, pv=0.00998926, s=0.2735]

Processing phenotype [ENSG00000131759.13] [195/201]
  * #variants in cis = 13
  * Best hit: [id=17_internal_8298, d=247073, pv=0.0313198, s=0.2431]

Processing phenotype [ENSG00000265666.1] [196/201]
  * #variants in cis = 12
  * Best hit: [id=17_internal_8344, d=-145776, pv=0.0714111, s=0.1950]

Processing phenotype [ENSG00000266208.1] [197/201]
  * #variants in cis = 12
  * Best hit: [id=17_internal_11376, d=-979213, pv=0.0657424, s=0.1984]

Processing phenotype [ENSG00000131747.10] [198/201]
  * #variants in cis = 11
  * Best hit: [id=17_internal_12142, d=-503164, pv=0.0293621, s=0.2388]

Processing phenotype [ENSG00000141753.5] [199/201]
  * #variants in cis = 11
  * Best hit: [id=17_internal_11937, d=465564, pv=0.0480338, s=0.2290]

Processing phenotype [ENSG00000131746.8] [200/201]
  * #variants in cis = 12
  * Best hit: [id=17_internal_8887, d=330186, pv=0.179889, s=-0.1491]

Processing phenotype [ENSG00000266088.1] [201/201]
  * #variants in cis = 12
  * Best hit: [id=17_internal_11973, d=962221, pv=0.0541191, s=0.1835]

Running time: 1 seconds
