Sender: LSF System <lsfadmin@cpt13>
Subject: Job 974581: </data/unige/funpopgen/odelanea/SGX/V2/binaries/qtltools/bin/QTLtools cis --vcf /data/unige/funpopgen/grey2/SYSCID/BLUEPRINT_DATA/CRD/THREE_CELL_TYPES/CLOMICS/CELL_TYPE_COMPARISON_GENE_CRD_ASSOCIATIONS/quantify/73_vs_72_ALL.ALLchr.mean.txt.gz --bed /data/unige/funpopgen/grey2/SYSCID/BLUEPRINT_DATA/CRD/THREE_CELL_TYPES/QTL_TOOLS/EGAD00001002671_v3.0/EGAD00001002671_RNA.PC10.bed.gz --nominal /data/unige/funpopgen/grey2/SYSCID/BLUEPRINT_DATA/CRD/THREE_CELL_TYPES/CLOMICS/CELL_TYPE_COMPARISON_GENE_CRD_ASSOCIATIONS/mapping_aCRD_gene/73_vs_72/gene_CRD_mean_permutations.thresholds.txt --chunk 60 100 --out /data/unige/funpopgen/grey2/SYSCID/BLUEPRINT_DATA/CRD/THREE_CELL_TYPES/CLOMICS/CELL_TYPE_COMPARISON_GENE_CRD_ASSOCIATIONS/mapping_aCRD_gene/73_vs_72/mapping_gene_CRD_mean_chunk60\.txt> in cluster <ug> Done

Job </data/unige/funpopgen/odelanea/SGX/V2/binaries/qtltools/bin/QTLtools cis --vcf /data/unige/funpopgen/grey2/SYSCID/BLUEPRINT_DATA/CRD/THREE_CELL_TYPES/CLOMICS/CELL_TYPE_COMPARISON_GENE_CRD_ASSOCIATIONS/quantify/73_vs_72_ALL.ALLchr.mean.txt.gz --bed /data/unige/funpopgen/grey2/SYSCID/BLUEPRINT_DATA/CRD/THREE_CELL_TYPES/QTL_TOOLS/EGAD00001002671_v3.0/EGAD00001002671_RNA.PC10.bed.gz --nominal /data/unige/funpopgen/grey2/SYSCID/BLUEPRINT_DATA/CRD/THREE_CELL_TYPES/CLOMICS/CELL_TYPE_COMPARISON_GENE_CRD_ASSOCIATIONS/mapping_aCRD_gene/73_vs_72/gene_CRD_mean_permutations.thresholds.txt --chunk 60 100 --out /data/unige/funpopgen/grey2/SYSCID/BLUEPRINT_DATA/CRD/THREE_CELL_TYPES/CLOMICS/CELL_TYPE_COMPARISON_GENE_CRD_ASSOCIATIONS/mapping_aCRD_gene/73_vs_72/mapping_gene_CRD_mean_chunk60\.txt> was submitted from host <cpt01> by user <grey2> in cluster <ug>.
Job was executed on host(s) <cpt13>, in queue <normal>, as user <grey2> in cluster <ug>.
</home/grey2> was used as the home directory.
</data/unige/funpopgen/grey2/SYSCID/BLUEPRINT_DATA/CRD/THREE_CELL_TYPES/CLOMICS/CELL_TYPE_COMPARISON_GENE_CRD_ASSOCIATIONS> was used as the working directory.
Started at Thu Mar 21 13:46:04 2019
Results reported at Thu Mar 21 13:46:06 2019

Your job looked like:

------------------------------------------------------------
# LSBATCH: User input
/data/unige/funpopgen/odelanea/SGX/V2/binaries/qtltools/bin/QTLtools cis --vcf /data/unige/funpopgen/grey2/SYSCID/BLUEPRINT_DATA/CRD/THREE_CELL_TYPES/CLOMICS/CELL_TYPE_COMPARISON_GENE_CRD_ASSOCIATIONS/quantify/73_vs_72_ALL.ALLchr.mean.txt.gz --bed /data/unige/funpopgen/grey2/SYSCID/BLUEPRINT_DATA/CRD/THREE_CELL_TYPES/QTL_TOOLS/EGAD00001002671_v3.0/EGAD00001002671_RNA.PC10.bed.gz --nominal /data/unige/funpopgen/grey2/SYSCID/BLUEPRINT_DATA/CRD/THREE_CELL_TYPES/CLOMICS/CELL_TYPE_COMPARISON_GENE_CRD_ASSOCIATIONS/mapping_aCRD_gene/73_vs_72/gene_CRD_mean_permutations.thresholds.txt --chunk 60 100 --out /data/unige/funpopgen/grey2/SYSCID/BLUEPRINT_DATA/CRD/THREE_CELL_TYPES/CLOMICS/CELL_TYPE_COMPARISON_GENE_CRD_ASSOCIATIONS/mapping_aCRD_gene/73_vs_72/mapping_gene_CRD_mean_chunk60\.txt

------------------------------------------------------------

Successfully completed.

Resource usage summary:

    CPU time :               1.29 sec.
    Max Memory :             5.13 MB
    Average Memory :         5.13 MB
    Total Requested Memory : -
    Delta Memory :           -
    (Delta: the difference between total requested memory and actual max usage.)
    Max Swap :               239 MB

    Max Processes :          4
    Max Threads :            5

The output (if any) follows:


[32mQTLtools[0m
  * Authors : Olivier DELANEAU / Halit ONGEN / Emmanouil DERMITZAKIS
  * Contact : olivier.delaneau@gmail.com / halit.ongen@unige.ch / Emmanouil.Dermitzakis@unige.ch
  * Webpage : https://qtltools.github.io/qtltools/
  * Version : 1.1
  * Date    : 21/03/2019 - 13:46:05
  * Citation: A complete tool set for molecular QTL discovery and analysis, https://doi.org/10.1101/068635

[32mMAPPING QTL IN CIS[0m
  * TASK: Report all nominal associations with p below thresholds in [/data/unige/funpopgen/grey2/SYSCID/BLUEPRINT_DATA/CRD/THREE_CELL_TYPES/CLOMICS/CELL_TYPE_COMPARISON_GENE_CRD_ASSOCIATIONS/mapping_aCRD_gene/73_vs_72/gene_CRD_mean_permutations.thresholds.txt]
  * Linear model: Phe ~ Var
  * Cis-window size is 1000000 bp
  * Chunk = [60/100]

Scanning phenotype data in [/data/unige/funpopgen/grey2/SYSCID/BLUEPRINT_DATA/CRD/THREE_CELL_TYPES/QTL_TOOLS/EGAD00001002671_v3.0/EGAD00001002671_RNA.PC10.bed.gz]
  * 24372 phenotypes included
  * 12152 phenotypes are on the negative strand

Initialize random number generator
  * Built-in seed is 15112011
  * First Integer = 30554
  * First Double = 0.0126695

Reading sample list from [/data/unige/funpopgen/grey2/SYSCID/BLUEPRINT_DATA/CRD/THREE_CELL_TYPES/QTL_TOOLS/EGAD00001002671_v3.0/EGAD00001002671_RNA.PC10.bed.gz]
  * #samples = 169

Reading sample list from [/data/unige/funpopgen/grey2/SYSCID/BLUEPRINT_DATA/CRD/THREE_CELL_TYPES/CLOMICS/CELL_TYPE_COMPARISON_GENE_CRD_ASSOCIATIONS/quantify/73_vs_72_ALL.ALLchr.mean.txt.gz]
  * #samples = 94

Merging sample sets from all input files
  * #files = 2
  * #samples in all files = 91
  * #samples NOT in all files (i.e. ignored) = 81

Reading phenotype data in [/data/unige/funpopgen/grey2/SYSCID/BLUEPRINT_DATA/CRD/THREE_CELL_TYPES/QTL_TOOLS/EGAD00001002671_v3.0/EGAD00001002671_RNA.PC10.bed.gz]
  * target region [1:63153969-110881128]
  * 307 phenotypes included
  * 130 phenotypes are on the negative strand

Reading genotype data in [/data/unige/funpopgen/grey2/SYSCID/BLUEPRINT_DATA/CRD/THREE_CELL_TYPES/CLOMICS/CELL_TYPE_COMPARISON_GENE_CRD_ASSOCIATIONS/quantify/73_vs_72_ALL.ALLchr.mean.txt.gz]
  * File format detected: BED
  * 91 samples included
  * 5 samples without phenotype data
  * target region [1:62153969-111881128]
  * 145 variants included

Reading nominal thresholds in [/data/unige/funpopgen/grey2/SYSCID/BLUEPRINT_DATA/CRD/THREE_CELL_TYPES/CLOMICS/CELL_TYPE_COMPARISON_GENE_CRD_ASSOCIATIONS/mapping_aCRD_gene/73_vs_72/gene_CRD_mean_permutations.thresholds.txt]
  * #phenotypes set = 307

Processing phenotype [ENSG00000116641.11] [1/307]
  * #variants in cis = 4
  * Best hit: [id=1_internal_25050, d=0, pv=0.000843999, s=0.3710]

Processing phenotype [ENSG00000235545.1] [2/307]
  * #variants in cis = 4
  * Best hit: [id=1_internal_24769, d=-331121, pv=0.218049, s=0.1235]

Processing phenotype [ENSG00000125703.9] [3/307]
  * #variants in cis = 4
  * Best hit: [id=1_internal_17209, d=0, pv=0.110581, s=0.1699]

Processing phenotype [ENSG00000088035.9] [4/307]
  * #variants in cis = 3
  * Best hit: [id=1_internal_25050, d=-580256, pv=0.0770375, s=0.1876]

Processing phenotype [ENSG00000203965.7] [5/307]
  * #variants in cis = 3
  * Best hit: [id=1_internal_25050, d=-736038, pv=0.0264016, s=0.2419]

Processing phenotype [ENSG00000116652.4] [6/307]
  * #variants in cis = 3
  * Best hit: [id=1_internal_25050, d=-761630, pv=0.0274912, s=0.2129]

Processing phenotype [ENSG00000079739.10] [7/307]
  * #variants in cis = 3
  * Best hit: [id=1_internal_22176, d=0, pv=0.0290507, s=0.2272]

Processing phenotype [ENSG00000142856.12] [8/307]
  * #variants in cis = 3
  * Best hit: [id=1_internal_22176, d=0, pv=0.00534046, s=0.2752]

Processing phenotype [ENSG00000244256.2] [9/307]
  * #variants in cis = 3
  * Best hit: [id=1_internal_25050, d=-868409, pv=0.485948, s=0.0702]

Processing phenotype [ENSG00000158966.9] [10/307]
  * #variants in cis = 3
  * Best hit: [id=1_internal_19905, d=298392, pv=0.152466, s=0.1573]

Processing phenotype [ENSG00000162437.10] [11/307]
  * #variants in cis = 3
  * Best hit: [id=1_internal_19905, d=24042, pv=0.238424, s=0.1327]

Processing phenotype [ENSG00000234784.2] [12/307]
  * #variants in cis = 4
  * Best hit: [id=1_internal_23284, d=242022, pv=0.193526, s=-0.1364]

Processing phenotype [ENSG00000233877.2] [13/307]
  * #variants in cis = 4
  * Best hit: [id=1_internal_23284, d=218486, pv=0.289684, s=0.1053]

Processing phenotype [ENSG00000162434.7] [14/307]
  * #variants in cis = 4
  * Best hit: [id=1_internal_23284, d=-193961, pv=0.24219, s=0.1337]

Processing phenotype [ENSG00000185031.6] [15/307]
  * #variants in cis = 4
  * Best hit: [id=1_internal_17515, d=-539025, pv=0.194301, s=0.1371]

Processing phenotype [ENSG00000226891.1] [16/307]
  * #variants in cis = 4
  * Best hit: [id=1_internal_18004, d=-808755, pv=0.524037, s=0.0661]

Processing phenotype [ENSG00000265996.1] [17/307]
  * #variants in cis = 4
  * Best hit: [id=1_internal_18004, d=-753389, pv=0.228651, s=0.1213]

Processing phenotype [ENSG00000231485.1] [18/307]
  * #variants in cis = 4
  * Best hit: [id=1_internal_17515, d=-457375, pv=0.378913, s=-0.0965]

Processing phenotype [ENSG00000116675.10] [19/307]
  * #variants in cis = 4
  * Best hit: [id=1_internal_18004, d=563012, pv=0.168196, s=0.1468]

Processing phenotype [ENSG00000116678.14] [20/307]
  * #variants in cis = 9
  * Best hit: [id=1_internal_18004, d=390666, pv=0.0276167, s=-0.2459]

Processing phenotype [ENSG00000213625.4] [21/307]
  * #variants in cis = 9
  * Best hit: [id=1_internal_19905, d=-630127, pv=0.0717624, s=0.1886]

Processing phenotype [ENSG00000224570.1] [22/307]
  * #variants in cis = 10
  * Best hit: [id=1_internal_17515, d=0, pv=0.012838, s=0.2605]

Processing phenotype [ENSG00000184588.13] [23/307]
  * #variants in cis = 9
  * Best hit: [id=1_internal_17515, d=-99807, pv=0.000880985, s=-0.3766]

Processing phenotype [ENSG00000152763.11] [24/307]
  * #variants in cis = 10
  * Best hit: [id=1_internal_20639, d=-807713, pv=0.0566484, s=-0.2138]

Processing phenotype [ENSG00000198160.10] [25/307]
  * #variants in cis = 10
  * Best hit: [id=1_internal_17983, d=-571790, pv=0.0411356, s=0.2297]

Processing phenotype [ENSG00000116704.6] [26/307]
  * #variants in cis = 10
  * Best hit: [id=1_internal_24879, d=735824, pv=0.0289621, s=-0.2275]

Processing phenotype [ENSG00000081985.6] [27/307]
  * #variants in cis = 12
  * Best hit: [id=1_internal_23978, d=-885511, pv=0.0975058, s=0.1732]

Processing phenotype [ENSG00000223263.1] [28/307]
  * #variants in cis = 11
  * Best hit: [id=1_internal_22322, d=-651675, pv=0.169325, s=-0.1436]

Processing phenotype [ENSG00000142864.10] [29/307]
  * #variants in cis = 10
  * Best hit: [id=1_internal_17660, d=-823574, pv=0.00705209, s=-0.3040]

Processing phenotype [ENSG00000116717.7] [30/307]
  * #variants in cis = 9
  * Best hit: [id=1_internal_17660, d=568928, pv=0.0915654, s=-0.1794]

Processing phenotype [ENSG00000229133.1] [31/307]
  * #variants in cis = 7
  * Best hit: [id=1_internal_23667, d=487836, pv=0.325269, s=0.1128]

Processing phenotype [ENSG00000033122.13] [32/307]
  * #variants in cis = 2
  * Best hit: [id=1_internal_24313, d=0, pv=8.53277e-05, s=0.4107]

Processing phenotype [ENSG00000244389.2] [33/307]
  * #variants in cis = 3
  * Best hit: [id=1_internal_20214, d=-637385, pv=0.550032, s=-0.0647]

Processing phenotype [ENSG00000066557.5] [34/307]
  * #variants in cis = 3
  * Best hit: [id=1_internal_24313, d=121725, pv=0.0887667, s=0.1834]

Processing phenotype [ENSG00000116754.9] [35/307]
  * #variants in cis = 3
  * Best hit: [id=1_internal_20214, d=612143, pv=0.271157, s=-0.1285]

Processing phenotype [ENSG00000228988.1] [36/307]
  * #variants in cis = 3
  * Best hit: [id=1_internal_20214, d=-596802, pv=0.533391, s=-0.0699]

Processing phenotype [ENSG00000118454.8] [37/307]
  * #variants in cis = 3
  * Best hit: [id=1_internal_16634, d=0, pv=0.0541005, s=0.2160]

Processing phenotype [ENSG00000197568.9] [38/307]
  * #variants in cis = 3
  * Best hit: [id=1_internal_20214, d=463020, pv=0.0919082, s=-0.1769]

Processing phenotype [ENSG00000226088.1] [39/307]
  * #variants in cis = 3
  * Best hit: [id=1_internal_16634, d=0, pv=0.0857063, s=0.1691]

Processing phenotype [ENSG00000116761.7] [40/307]
  * #variants in cis = 3
  * Best hit: [id=1_internal_16634, d=0, pv=0.00479142, s=0.3002]

Processing phenotype [ENSG00000050628.15] [41/307]
  * #variants in cis = 4
  * Best hit: [id=1_internal_20214, d=0, pv=0.226725, s=0.1347]

Processing phenotype [ENSG00000235079.1] [42/307]
  * #variants in cis = 4
  * Best hit: [id=1_internal_24313, d=-964960, pv=0.129941, s=-0.1659]

Processing phenotype [ENSG00000207721.1] [43/307]
  * #variants in cis = 4
  * Best hit: [id=1_internal_16634, d=655776, pv=0.174211, s=-0.1443]

Processing phenotype [ENSG00000132485.8] [44/307]
  * #variants in cis = 4
  * Best hit: [id=1_internal_20214, d=32654, pv=0.199971, s=-0.1439]

Processing phenotype [ENSG00000229956.4] [45/307]
  * #variants in cis = 4
  * Best hit: [id=1_internal_16634, d=-669384, pv=0.0190484, s=0.2414]

Processing phenotype [ENSG00000233994.2] [46/307]
  * #variants in cis = 1
  * Best hit: [id=1_internal_25804, d=0, pv=0.0694639, s=-0.1960]

Processing phenotype [ENSG00000172260.8] [47/307]
  * #variants in cis = 1
  * Best hit: [id=1_internal_25804, d=0, pv=0.626785, s=0.0554]

Processing phenotype [ENSG00000162620.11] [48/307]
  * #variants in cis = 1
  * Best hit: [id=1_internal_16340, d=560559, pv=0.311583, s=-0.1137]

Processing phenotype [ENSG00000254685.1] [49/307]
  * #variants in cis = 1
  * Best hit: [id=1_internal_16340, d=-560610, pv=0.935195, s=-0.0091]

Processing phenotype [ENSG00000259030.1] [50/307]
  * #variants in cis = 1
  * Best hit: [id=1_internal_16340, d=-560614, pv=0.136373, s=0.1586]

Processing phenotype [ENSG00000116783.9] [51/307]
  * #variants in cis = 1
  * Best hit: [id=1_internal_16340, d=-560625, pv=0.238504, s=0.1231]

Processing phenotype [ENSG00000237324.2] [52/307]
  * #variants in cis = 1
  * Best hit: [id=1_internal_16340, d=741174, pv=0.817012, s=0.0254]

Processing phenotype [ENSG00000162623.10] [53/307]
  * #variants in cis = 0

Processing phenotype [ENSG00000116791.9] [54/307]
  * #variants in cis = 0

Processing phenotype [ENSG00000117054.8] [55/307]
  * #variants in cis = 2
  * Best hit: [id=1_internal_24457, d=304627, pv=0.297324, s=0.1143]

Processing phenotype [ENSG00000181227.2] [56/307]
  * #variants in cis = 2
  * Best hit: [id=1_internal_24457, d=-284202, pv=0.125406, s=0.1700]

Processing phenotype [ENSG00000137955.11] [57/307]
  * #variants in cis = 2
  * Best hit: [id=1_internal_24457, d=242784, pv=0.593722, s=-0.0632]

Processing phenotype [ENSG00000206620.1] [58/307]
  * #variants in cis = 2
  * Best hit: [id=1_internal_24457, d=241906, pv=0.0466212, s=-0.2283]

Processing phenotype [ENSG00000207241.1] [59/307]
  * #variants in cis = 2
  * Best hit: [id=1_internal_24672, d=469712, pv=0.0545766, s=-0.2057]

Processing phenotype [ENSG00000201487.1] [60/307]
  * #variants in cis = 2
  * Best hit: [id=1_internal_24457, d=239501, pv=0.674778, s=-0.0509]

Processing phenotype [ENSG00000057468.6] [61/307]
  * #variants in cis = 2
  * Best hit: [id=1_internal_24457, d=232096, pv=0.49233, s=0.0728]

Processing phenotype [ENSG00000184005.9] [62/307]
  * #variants in cis = 2
  * Best hit: [id=1_internal_24457, d=0, pv=6.53971e-15, s=0.6836]

Processing phenotype [ENSG00000226415.1] [63/307]
  * #variants in cis = 9
  * Best hit: [id=1_internal_17447, d=489014, pv=0.0269083, s=-0.2338]

Processing phenotype [ENSG00000117069.10] [64/307]
  * #variants in cis = 9
  * Best hit: [id=1_internal_24672, d=0, pv=0.0279298, s=0.2228]

Processing phenotype [ENSG00000230498.1] [65/307]
  * #variants in cis = 10
  * Best hit: [id=1_internal_21842, d=199230, pv=0.141276, s=-0.1448]

Processing phenotype [ENSG00000226084.4] [66/307]
  * #variants in cis = 10
  * Best hit: [id=1_internal_17049, d=97986, pv=0.00217546, s=0.2985]

Processing phenotype [ENSG00000228187.1] [67/307]
  * #variants in cis = 10
  * Best hit: [id=1_internal_19116, d=344009, pv=0.077413, s=0.1676]

Processing phenotype [ENSG00000142892.10] [68/307]
  * #variants in cis = 10
  * Best hit: [id=1_internal_25853, d=-192643, pv=0.0130158, s=0.2721]

Processing phenotype [ENSG00000154027.14] [69/307]
  * #variants in cis = 10
  * Best hit: [id=1_internal_25853, d=130022, pv=0.086536, s=0.1902]

Processing phenotype [ENSG00000233099.1] [70/307]
  * #variants in cis = 9
  * Best hit: [id=1_internal_17447, d=0, pv=0.0768463, s=0.1844]

Processing phenotype [ENSG00000251767.1] [71/307]
  * #variants in cis = 9
  * Best hit: [id=1_internal_16927, d=505771, pv=0.0601448, s=-0.1902]

Processing phenotype [ENSG00000251785.1] [72/307]
  * #variants in cis = 10
  * Best hit: [id=1_internal_16927, d=311227, pv=0.0884081, s=-0.1722]

Processing phenotype [ENSG00000243437.2] [73/307]
  * #variants in cis = 11
  * Best hit: [id=1_internal_17447, d=-138840, pv=0.0996631, s=-0.1623]

Processing phenotype [ENSG00000036549.8] [74/307]
  * #variants in cis = 11
  * Best hit: [id=1_internal_25853, d=126582, pv=0.040057, s=0.2089]

Processing phenotype [ENSG00000077254.10] [75/307]
  * #variants in cis = 11
  * Best hit: [id=1_internal_25853, d=203015, pv=0.0943556, s=0.1805]

Processing phenotype [ENSG00000180488.8] [76/307]
  * #variants in cis = 11
  * Best hit: [id=1_internal_21842, d=-490958, pv=0.138395, s=0.1617]

Processing phenotype [ENSG00000222849.1] [77/307]
  * #variants in cis = 11
  * Best hit: [id=1_internal_18280, d=837528, pv=0.0222227, s=-0.2546]

Processing phenotype [ENSG00000219201.3] [78/307]
  * #variants in cis = 11
  * Best hit: [id=1_internal_16034, d=-663615, pv=0.127077, s=0.1478]

Processing phenotype [ENSG00000235613.2] [79/307]
  * #variants in cis = 11
  * Best hit: [id=1_internal_19116, d=-302767, pv=0.00227478, s=0.3312]

Processing phenotype [ENSG00000232015.1] [80/307]
  * #variants in cis = 11
  * Best hit: [id=1_internal_17049, d=-613238, pv=0.175481, s=-0.1412]

Processing phenotype [ENSG00000162614.13] [81/307]
  * #variants in cis = 11
  * Best hit: [id=1_internal_19116, d=-344170, pv=0.0762985, s=-0.1861]

Processing phenotype [ENSG00000235927.2] [82/307]
  * #variants in cis = 11
  * Best hit: [id=1_internal_17447, d=383055, pv=0.134978, s=-0.1381]

Processing phenotype [ENSG00000162613.12] [83/307]
  * #variants in cis = 10
  * Best hit: [id=1_internal_19020, d=451713, pv=0.00489011, s=-0.2839]

Processing phenotype [ENSG00000162616.7] [84/307]
  * #variants in cis = 10
  * Best hit: [id=1_internal_24734, d=-443507, pv=0.0712695, s=0.2069]

Processing phenotype [ENSG00000137960.5] [85/307]
  * #variants in cis = 10
  * Best hit: [id=1_internal_18280, d=637891, pv=0.103133, s=0.1917]

Processing phenotype [ENSG00000137959.10] [86/307]
  * #variants in cis = 3
  * Best hit: [id=1_internal_18280, d=0, pv=5.72135e-07, s=0.5149]

Processing phenotype [ENSG00000137965.6] [87/307]
  * #variants in cis = 3
  * Best hit: [id=1_internal_18280, d=0, pv=1.37369e-07, s=0.5565]

Processing phenotype [ENSG00000229752.1] [88/307]
  * #variants in cis = 1
  * Best hit: [id=1_internal_25423, d=0, pv=0.565775, s=-0.0575]

Processing phenotype [ENSG00000233008.1] [89/307]
  * #variants in cis = 5
  * Best hit: [id=1_internal_20494, d=-569277, pv=0.00149445, s=-0.3237]

Processing phenotype [ENSG00000137941.12] [90/307]
  * #variants in cis = 6
  * Best hit: [id=1_internal_17378, d=-859659, pv=0.291434, s=-0.1195]

Processing phenotype [ENSG00000142875.14] [91/307]
  * #variants in cis = 6
  * Best hit: [id=1_internal_24012, d=11676, pv=0.0859614, s=0.1967]

Processing phenotype [ENSG00000213540.3] [92/307]
  * #variants in cis = 6
  * Best hit: [id=1_internal_24012, d=3997, pv=0.158575, s=0.1487]

Processing phenotype [ENSG00000226970.2] [93/307]
  * #variants in cis = 6
  * Best hit: [id=1_internal_17378, d=614475, pv=0.00942523, s=-0.2721]

Processing phenotype [ENSG00000203943.4] [94/307]
  * #variants in cis = 6
  * Best hit: [id=1_internal_18209, d=554936, pv=0.5045, s=0.0732]

Processing phenotype [ENSG00000117133.6] [95/307]
  * #variants in cis = 6
  * Best hit: [id=1_internal_18209, d=374043, pv=0.157475, s=0.1684]

Processing phenotype [ENSG00000122432.11] [96/307]
  * #variants in cis = 6
  * Best hit: [id=1_internal_19334, d=-644836, pv=0.260873, s=0.1235]

Processing phenotype [ENSG00000174021.6] [97/307]
  * #variants in cis = 6
  * Best hit: [id=1_internal_19334, d=645110, pv=0.0904516, s=0.2026]

Processing phenotype [ENSG00000117151.7] [98/307]
  * #variants in cis = 6
  * Best hit: [id=1_internal_18209, d=-278822, pv=0.231451, s=0.1383]

Processing phenotype [ENSG00000117155.11] [99/307]
  * #variants in cis = 6
  * Best hit: [id=1_internal_24012, d=264889, pv=0.199796, s=0.1445]

Processing phenotype [ENSG00000171517.5] [100/307]
  * #variants in cis = 5
  * Best hit: [id=1_internal_18209, d=2956, pv=1.63212e-06, s=0.4803]

Processing phenotype [ENSG00000153898.8] [101/307]
  * #variants in cis = 5
  * Best hit: [id=1_internal_20566, d=0, pv=7.98637e-05, s=0.3792]

Processing phenotype [ENSG00000162643.8] [102/307]
  * #variants in cis = 5
  * Best hit: [id=1_internal_17378, d=-84901, pv=0.0793834, s=0.2051]

Processing phenotype [ENSG00000055732.7] [103/307]
  * #variants in cis = 5
  * Best hit: [id=1_internal_18209, d=158242, pv=0.0043132, s=0.3097]

Processing phenotype [ENSG00000097096.8] [104/307]
  * #variants in cis = 6
  * Best hit: [id=1_internal_20566, d=138439, pv=0.117543, s=0.1785]

Processing phenotype [ENSG00000162642.9] [105/307]
  * #variants in cis = 6
  * Best hit: [id=1_internal_17378, d=345426, pv=0.0308263, s=0.2437]

Processing phenotype [ENSG00000223254.1] [106/307]
  * #variants in cis = 6
  * Best hit: [id=1_internal_21300, d=872705, pv=0.159272, s=-0.1419]

Processing phenotype [ENSG00000142867.7] [107/307]
  * #variants in cis = 6
  * Best hit: [id=1_internal_20566, d=215481, pv=0.129239, s=0.1596]

Processing phenotype [ENSG00000142871.11] [108/307]
  * #variants in cis = 4
  * Best hit: [id=1_internal_18209, d=-690504, pv=0.0721986, s=0.1889]

Processing phenotype [ENSG00000117174.6] [109/307]
  * #variants in cis = 4
  * Best hit: [id=1_internal_21300, d=-428568, pv=0.168286, s=0.1497]

Processing phenotype [ENSG00000171502.10] [110/307]
  * #variants in cis = 3
  * Best hit: [id=1_internal_18310, d=-989489, pv=0.55305, s=-0.0654]

Processing phenotype [ENSG00000122417.10] [111/307]
  * #variants in cis = 4
  * Best hit: [id=1_internal_21300, d=56163, pv=0.0736056, s=0.1987]

Processing phenotype [ENSG00000153923.6] [112/307]
  * #variants in cis = 5
  * Best hit: [id=1_internal_17777, d=661132, pv=0.0856968, s=0.1819]

Processing phenotype [ENSG00000261737.1] [113/307]
  * #variants in cis = 5
  * Best hit: [id=1_internal_17777, d=-590943, pv=0.460118, s=0.0809]

Processing phenotype [ENSG00000097033.9] [114/307]
  * #variants in cis = 5
  * Best hit: [id=1_internal_16688, d=67851, pv=0.00813387, s=0.2816]

Processing phenotype [ENSG00000183291.11] [115/307]
  * #variants in cis = 5
  * Best hit: [id=1_internal_20829, d=-487085, pv=0.380006, s=0.1003]

Processing phenotype [ENSG00000153936.12] [116/307]
  * #variants in cis = 5
  * Best hit: [id=1_internal_16688, d=-124383, pv=0.368369, s=-0.1020]

Processing phenotype [ENSG00000267734.1] [117/307]
  * #variants in cis = 5
  * Best hit: [id=1_internal_18310, d=-211541, pv=0.180456, s=0.1338]

Processing phenotype [ENSG00000224198.1] [118/307]
  * #variants in cis = 5
  * Best hit: [id=1_internal_17777, d=-350663, pv=0.100114, s=-0.1714]

Processing phenotype [ENSG00000267561.1] [119/307]
  * #variants in cis = 5
  * Best hit: [id=1_internal_18310, d=153423, pv=0.281503, s=-0.1132]

Processing phenotype [ENSG00000235251.2] [120/307]
  * #variants in cis = 5
  * Best hit: [id=1_internal_20829, d=-355638, pv=0.185235, s=-0.1496]

Processing phenotype [ENSG00000225568.1] [121/307]
  * #variants in cis = 5
  * Best hit: [id=1_internal_18310, d=100557, pv=0.227913, s=0.1333]

Processing phenotype [ENSG00000267272.1] [122/307]
  * #variants in cis = 5
  * Best hit: [id=1_internal_20829, d=271744, pv=0.044447, s=-0.1986]

Processing phenotype [ENSG00000143013.7] [123/307]
  * #variants in cis = 5
  * Best hit: [id=1_internal_20829, d=73041, pv=0.0726252, s=0.1979]

Processing phenotype [ENSG00000065243.14] [124/307]
  * #variants in cis = 12
  * Best hit: [id=1_internal_18444, d=743727, pv=0.0087162, s=-0.2737]

Processing phenotype [ENSG00000237505.1] [125/307]
  * #variants in cis = 12
  * Best hit: [id=1_internal_18444, d=-742745, pv=0.0598641, s=0.1724]

Processing phenotype [ENSG00000207234.1] [126/307]
  * #variants in cis = 12
  * Best hit: [id=1_internal_18444, d=611170, pv=0.00270788, s=-0.3066]

Processing phenotype [ENSG00000241975.1] [127/307]
  * #variants in cis = 12
  * Best hit: [id=1_internal_18180, d=798083, pv=0.133, s=-0.1499]

Processing phenotype [ENSG00000137947.7] [128/307]
  * #variants in cis = 14
  * Best hit: [id=1_internal_17138, d=0, pv=0.0175311, s=-0.2331]

Processing phenotype [ENSG00000235308.1] [129/307]
  * #variants in cis = 15
  * Best hit: [id=1_internal_18402, d=427301, pv=0.116587, s=0.1774]

Processing phenotype [ENSG00000137944.12] [130/307]
  * #variants in cis = 15
  * Best hit: [id=1_internal_18444, d=-434996, pv=0.0853653, s=-0.1965]

Processing phenotype [ENSG00000213516.5] [131/307]
  * #variants in cis = 15
  * Best hit: [id=1_internal_20869, d=-895040, pv=0.0319351, s=-0.2337]

Processing phenotype [ENSG00000202385.1] [132/307]
  * #variants in cis = 15
  * Best hit: [id=1_internal_18016, d=-16658, pv=0.0297845, s=-0.2323]

Processing phenotype [ENSG00000117226.7] [133/307]
  * #variants in cis = 15
  * Best hit: [id=1_internal_18444, d=-405055, pv=0.0281129, s=-0.2189]

Processing phenotype [ENSG00000117228.9] [134/307]
  * #variants in cis = 15
  * Best hit: [id=1_internal_19075, d=0, pv=1.9492e-06, s=0.4752]

Processing phenotype [ENSG00000234518.1] [135/307]
  * #variants in cis = 15
  * Best hit: [id=1_internal_18444, d=-323182, pv=0.00513408, s=0.2962]

Processing phenotype [ENSG00000162645.8] [136/307]
  * #variants in cis = 15
  * Best hit: [id=1_internal_19075, d=0, pv=7.90814e-05, s=0.4313]

Processing phenotype [ENSG00000213512.1] [137/307]
  * #variants in cis = 15
  * Best hit: [id=1_internal_19075, d=0, pv=0.0167456, s=0.2444]

Processing phenotype [ENSG00000162654.8] [138/307]
  * #variants in cis = 15
  * Best hit: [id=1_internal_19075, d=0, pv=5.82165e-07, s=0.5137]

Processing phenotype [ENSG00000237568.1] [139/307]
  * #variants in cis = 15
  * Best hit: [id=1_internal_19075, d=0, pv=0.000315107, s=0.3828]

Processing phenotype [ENSG00000154451.10] [140/307]
  * #variants in cis = 15
  * Best hit: [id=1_internal_18016, d=0, pv=0.0002502, s=0.4072]

Processing phenotype [ENSG00000233235.1] [141/307]
  * #variants in cis = 16
  * Best hit: [id=1_internal_18402, d=26149, pv=0.0105357, s=0.2263]

Processing phenotype [ENSG00000183347.12] [142/307]
  * #variants in cis = 16
  * Best hit: [id=1_internal_19075, d=0, pv=0.000492695, s=0.3393]

Processing phenotype [ENSG00000225492.2] [143/307]
  * #variants in cis = 16
  * Best hit: [id=1_internal_18016, d=-94166, pv=0.00139338, s=0.3410]

Processing phenotype [ENSG00000197147.7] [144/307]
  * #variants in cis = 16
  * Best hit: [id=1_internal_18666, d=0, pv=0.0194896, s=0.2515]

Processing phenotype [ENSG00000251289.1] [145/307]
  * #variants in cis = 16
  * Best hit: [id=1_internal_19075, d=-176222, pv=0.0298148, s=-0.2220]

Processing phenotype [ENSG00000230735.1] [146/307]
  * #variants in cis = 16
  * Best hit: [id=1_internal_19075, d=-221459, pv=0.0061107, s=0.2549]

Processing phenotype [ENSG00000231999.2] [147/307]
  * #variants in cis = 16
  * Best hit: [id=1_internal_18180, d=0, pv=0.0677839, s=0.2040]

Processing phenotype [ENSG00000171488.9] [148/307]
  * #variants in cis = 16
  * Best hit: [id=1_internal_25239, d=0, pv=0.00226422, s=0.3280]

Processing phenotype [ENSG00000226394.2] [149/307]
  * #variants in cis = 16
  * Best hit: [id=1_internal_19075, d=253087, pv=0.0662192, s=0.1898]

Processing phenotype [ENSG00000231613.1] [150/307]
  * #variants in cis = 17
  * Best hit: [id=1_internal_21260, d=-931938, pv=0.00837041, s=0.2588]

Processing phenotype [ENSG00000171492.10] [151/307]
  * #variants in cis = 17
  * Best hit: [id=1_internal_18268, d=31769, pv=1.85382e-08, s=0.5779]

Processing phenotype [ENSG00000162664.11] [152/307]
  * #variants in cis = 16
  * Best hit: [id=1_internal_20869, d=-102818, pv=0.0454738, s=0.2133]

Processing phenotype [ENSG00000232236.1] [153/307]
  * #variants in cis = 16
  * Best hit: [id=1_internal_18180, d=281223, pv=0.0107083, s=0.2455]

Processing phenotype [ENSG00000232882.1] [154/307]
  * #variants in cis = 10
  * Best hit: [id=1_internal_21755, d=-916198, pv=0.0188198, s=-0.2412]

Processing phenotype [ENSG00000122482.16] [155/307]
  * #variants in cis = 8
  * Best hit: [id=1_internal_16826, d=-524989, pv=0.0802032, s=-0.1922]

Processing phenotype [ENSG00000097046.8] [156/307]
  * #variants in cis = 11
  * Best hit: [id=1_internal_16826, d=46410, pv=0.0235436, s=0.2410]

Processing phenotype [ENSG00000229067.1] [157/307]
  * #variants in cis = 12
  * Best hit: [id=1_internal_18512, d=824192, pv=0.00921334, s=0.2660]

Processing phenotype [ENSG00000239794.2] [158/307]
  * #variants in cis = 12
  * Best hit: [id=1_internal_18508, d=253419, pv=0.172403, s=-0.1390]

Processing phenotype [ENSG00000069702.6] [159/307]
  * #variants in cis = 14
  * Best hit: [id=1_internal_18876, d=191842, pv=0.000913478, s=0.3542]

Processing phenotype [ENSG00000230667.4] [160/307]
  * #variants in cis = 14
  * Best hit: [id=1_internal_18876, d=360918, pv=0.11516, s=-0.1479]

Processing phenotype [ENSG00000189195.5] [161/307]
  * #variants in cis = 14
  * Best hit: [id=1_internal_18508, d=-503650, pv=0.211317, s=-0.1300]

Processing phenotype [ENSG00000224678.3] [162/307]
  * #variants in cis = 14
  * Best hit: [id=1_internal_18512, d=-308567, pv=0.183092, s=0.1438]

Processing phenotype [ENSG00000233401.1] [163/307]
  * #variants in cis = 14
  * Best hit: [id=1_internal_18031, d=184890, pv=0.00337646, s=0.2946]

Processing phenotype [ENSG00000069712.9] [164/307]
  * #variants in cis = 14
  * Best hit: [id=1_internal_16826, d=-609553, pv=0.15477, s=-0.1585]

Processing phenotype [ENSG00000203910.4] [165/307]
  * #variants in cis = 14
  * Best hit: [id=1_internal_18508, d=-641285, pv=0.030219, s=-0.2397]

Processing phenotype [ENSG00000122484.7] [166/307]
  * #variants in cis = 14
  * Best hit: [id=1_internal_18037, d=-201748, pv=0.126182, s=0.1732]

Processing phenotype [ENSG00000174842.12] [167/307]
  * #variants in cis = 14
  * Best hit: [id=1_internal_18031, d=-11204, pv=0.16415, s=0.1459]

Processing phenotype [ENSG00000261311.1] [168/307]
  * #variants in cis = 14
  * Best hit: [id=1_internal_18508, d=-822319, pv=0.120575, s=-0.1539]

Processing phenotype [ENSG00000162676.7] [169/307]
  * #variants in cis = 14
  * Best hit: [id=1_internal_18031, d=18850, pv=5.32388e-07, s=0.4980]

Processing phenotype [ENSG00000067208.9] [170/307]
  * #variants in cis = 15
  * Best hit: [id=1_internal_18031, d=324378, pv=0.0122157, s=-0.2506]

Processing phenotype [ENSG00000122406.7] [171/307]
  * #variants in cis = 15
  * Best hit: [id=1_internal_20709, d=839399, pv=0.036988, s=0.2042]

Processing phenotype [ENSG00000206680.1] [172/307]
  * #variants in cis = 15
  * Best hit: [id=1_internal_18037, d=-740072, pv=0.0565918, s=-0.2162]

Processing phenotype [ENSG00000251795.1] [173/307]
  * #variants in cis = 15
  * Best hit: [id=1_internal_23750, d=-93542, pv=0.0461773, s=-0.2047]

Processing phenotype [ENSG00000207523.1] [174/307]
  * #variants in cis = 15
  * Best hit: [id=1_internal_23750, d=-96243, pv=0.0334088, s=-0.2310]

Processing phenotype [ENSG00000207022.1] [175/307]
  * #variants in cis = 15
  * Best hit: [id=1_internal_22227, d=317761, pv=0.0777322, s=-0.1769]

Processing phenotype [ENSG00000229052.1] [176/307]
  * #variants in cis = 15
  * Best hit: [id=1_internal_23750, d=-186869, pv=0.0131838, s=0.2611]

Processing phenotype [ENSG00000154511.7] [177/307]
  * #variants in cis = 16
  * Best hit: [id=1_internal_22536, d=0, pv=0.0140777, s=0.2600]

Processing phenotype [ENSG00000143033.12] [178/307]
  * #variants in cis = 17
  * Best hit: [id=1_internal_18678, d=796659, pv=0.0933906, s=-0.1901]

Processing phenotype [ENSG00000122483.13] [179/307]
  * #variants in cis = 17
  * Best hit: [id=1_internal_22536, d=-197321, pv=0.0205659, s=-0.2597]

Processing phenotype [ENSG00000117500.8] [180/307]
  * #variants in cis = 17
  * Best hit: [id=1_internal_23750, d=436252, pv=0.00662234, s=-0.3045]

Processing phenotype [ENSG00000237003.1] [181/307]
  * #variants in cis = 17
  * Best hit: [id=1_internal_19922, d=-765308, pv=0.0424608, s=0.1922]

Processing phenotype [ENSG00000229567.1] [182/307]
  * #variants in cis = 16
  * Best hit: [id=1_internal_22228, d=240313, pv=0.0271521, s=-0.2444]

Processing phenotype [ENSG00000117505.7] [183/307]
  * #variants in cis = 17
  * Best hit: [id=1_internal_22228, d=-307072, pv=0.282351, s=-0.1229]

Processing phenotype [ENSG00000223745.1] [184/307]
  * #variants in cis = 17
  * Best hit: [id=1_internal_22228, d=307209, pv=0.0114436, s=0.2623]

Processing phenotype [ENSG00000229635.1] [185/307]
  * #variants in cis = 17
  * Best hit: [id=1_internal_17063, d=-318081, pv=0.104758, s=-0.1552]

Processing phenotype [ENSG00000137942.11] [186/307]
  * #variants in cis = 17
  * Best hit: [id=1_internal_22228, d=-409285, pv=0.138262, s=0.1554]

Processing phenotype [ENSG00000224093.1] [187/307]
  * #variants in cis = 15
  * Best hit: [id=1_internal_23750, d=-847723, pv=0.0353405, s=-0.2071]

Processing phenotype [ENSG00000230439.2] [188/307]
  * #variants in cis = 16
  * Best hit: [id=1_internal_20709, d=78894, pv=0.0342034, s=0.2181]

Processing phenotype [ENSG00000211575.1] [189/307]
  * #variants in cis = 16
  * Best hit: [id=1_internal_16935, d=830649, pv=0.00662764, s=-0.3113]

Processing phenotype [ENSG00000137936.11] [190/307]
  * #variants in cis = 16
  * Best hit: [id=1_internal_26124, d=-490675, pv=0.0120329, s=0.2391]

Processing phenotype [ENSG00000260464.1] [191/307]
  * #variants in cis = 16
  * Best hit: [id=1_internal_22228, d=-808357, pv=0.00101096, s=0.3461]

Processing phenotype [ENSG00000067334.8] [192/307]
  * #variants in cis = 16
  * Best hit: [id=1_internal_19922, d=-76451, pv=0.0554495, s=0.2005]

Processing phenotype [ENSG00000023909.5] [193/307]
  * #variants in cis = 16
  * Best hit: [id=1_internal_18678, d=0, pv=0.00534075, s=0.2970]

Processing phenotype [ENSG00000234099.1] [194/307]
  * #variants in cis = 16
  * Best hit: [id=1_internal_22536, d=941346, pv=0.0275291, s=0.2343]

Processing phenotype [ENSG00000117528.7] [195/307]
  * #variants in cis = 13
  * Best hit: [id=1_internal_19922, d=-72253, pv=0.0135461, s=0.2800]

Processing phenotype [ENSG00000117519.11] [196/307]
  * #variants in cis = 8
  * Best hit: [id=1_internal_24899, d=260395, pv=0.0360315, s=0.2193]

Processing phenotype [ENSG00000235501.1] [197/307]
  * #variants in cis = 8
  * Best hit: [id=1_internal_23970, d=-623016, pv=0.133856, s=-0.1593]

Processing phenotype [ENSG00000250094.1] [198/307]
  * #variants in cis = 7
  * Best hit: [id=1_internal_24168, d=253144, pv=0.25447, s=-0.1299]

Processing phenotype [ENSG00000230427.1] [199/307]
  * #variants in cis = 7
  * Best hit: [id=1_internal_24899, d=-394713, pv=0.160639, s=-0.1395]

Processing phenotype [ENSG00000172339.7] [200/307]
  * #variants in cis = 7
  * Best hit: [id=1_internal_18014, d=239305, pv=0.34841, s=0.1096]

Processing phenotype [ENSG00000152078.5] [201/307]
  * #variants in cis = 7
  * Best hit: [id=1_internal_19922, d=-771214, pv=0.216085, s=-0.1271]

Processing phenotype [ENSG00000122481.12] [202/307]
  * #variants in cis = 7
  * Best hit: [id=1_internal_24899, d=-567272, pv=0.280181, s=0.1249]

Processing phenotype [ENSG00000228852.2] [203/307]
  * #variants in cis = 7
  * Best hit: [id=1_internal_18014, d=430414, pv=0.0120941, s=-0.2400]

Processing phenotype [ENSG00000228502.1] [204/307]
  * #variants in cis = 4
  * Best hit: [id=1_internal_18593, d=0, pv=0.0320432, s=0.2271]

Processing phenotype [ENSG00000137970.7] [205/307]
  * #variants in cis = 4
  * Best hit: [id=1_internal_17421, d=-3469, pv=0.127525, s=-0.1677]

Processing phenotype [ENSG00000117569.13] [206/307]
  * #variants in cis = 4
  * Best hit: [id=1_internal_17295, d=523981, pv=0.050066, s=0.2123]

Processing phenotype [ENSG00000232878.1] [207/307]
  * #variants in cis = 6
  * Best hit: [id=1_internal_17015, d=750973, pv=0.0051625, s=0.2738]

Processing phenotype [ENSG00000232542.1] [208/307]
  * #variants in cis = 9
  * Best hit: [id=1_internal_21770, d=-872939, pv=0.0834053, s=-0.1982]

Processing phenotype [ENSG00000228057.1] [209/307]
  * #variants in cis = 9
  * Best hit: [id=1_internal_17295, d=-292484, pv=0.0183601, s=0.2608]

Processing phenotype [ENSG00000226128.1] [210/307]
  * #variants in cis = 8
  * Best hit: [id=1_internal_21591, d=801792, pv=0.00659591, s=-0.2563]

Processing phenotype [ENSG00000230718.1] [211/307]
  * #variants in cis = 7
  * Best hit: [id=1_internal_16974, d=72528, pv=0.306185, s=-0.0995]

Processing phenotype [ENSG00000235777.1] [212/307]
  * #variants in cis = 7
  * Best hit: [id=1_internal_18726, d=525921, pv=0.0285704, s=0.2223]

Processing phenotype [ENSG00000188641.8] [213/307]
  * #variants in cis = 8
  * Best hit: [id=1_internal_17015, d=792, pv=0.00294874, s=0.3363]

Processing phenotype [ENSG00000156869.7] [214/307]
  * #variants in cis = 8
  * Best hit: [id=1_internal_17649, d=0, pv=0.0214143, s=0.2685]

Processing phenotype [ENSG00000162688.11] [215/307]
  * #variants in cis = 8
  * Best hit: [id=1_internal_18262, d=530124, pv=0.0721293, s=-0.1963]

Processing phenotype [ENSG00000117620.7] [216/307]
  * #variants in cis = 7
  * Best hit: [id=1_internal_17508, d=551899, pv=0.272005, s=0.1297]

Processing phenotype [ENSG00000228084.1] [217/307]
  * #variants in cis = 7
  * Best hit: [id=1_internal_18262, d=-410344, pv=0.0215244, s=0.2520]

Processing phenotype [ENSG00000212248.1] [218/307]
  * #variants in cis = 7
  * Best hit: [id=1_internal_17508, d=542749, pv=0.233044, s=-0.1356]

Processing phenotype [ENSG00000202259.1] [219/307]
  * #variants in cis = 7
  * Best hit: [id=1_internal_17649, d=233306, pv=0.0226871, s=0.2304]

Processing phenotype [ENSG00000261254.1] [220/307]
  * #variants in cis = 9
  * Best hit: [id=1_internal_18746, d=379197, pv=0.0612196, s=0.2081]

Processing phenotype [ENSG00000156875.9] [221/307]
  * #variants in cis = 9
  * Best hit: [id=1_internal_17740, d=-663781, pv=0.0864968, s=0.1860]

Processing phenotype [ENSG00000241073.1] [222/307]
  * #variants in cis = 9
  * Best hit: [id=1_internal_17649, d=317038, pv=0.0713532, s=-0.1978]

Processing phenotype [ENSG00000226952.1] [223/307]
  * #variants in cis = 9
  * Best hit: [id=1_internal_17508, d=422449, pv=0.31806, s=0.1036]

Processing phenotype [ENSG00000156876.8] [224/307]
  * #variants in cis = 9
  * Best hit: [id=1_internal_17649, d=365522, pv=0.143351, s=-0.1654]

Processing phenotype [ENSG00000122435.5] [225/307]
  * #variants in cis = 9
  * Best hit: [id=1_internal_17740, d=-758834, pv=0.0409004, s=0.2202]

Processing phenotype [ENSG00000122477.8] [226/307]
  * #variants in cis = 10
  * Best hit: [id=1_internal_15859, d=-207355, pv=0.078815, s=0.1951]

Processing phenotype [ENSG00000225169.1] [227/307]
  * #variants in cis = 10
  * Best hit: [id=1_internal_17649, d=-445860, pv=0.00757844, s=-0.2716]

Processing phenotype [ENSG00000230287.2] [228/307]
  * #variants in cis = 10
  * Best hit: [id=1_internal_17508, d=272598, pv=0.124178, s=0.1563]

Processing phenotype [ENSG00000137992.9] [229/307]
  * #variants in cis = 10
  * Best hit: [id=1_internal_17291, d=-912087, pv=0.132359, s=-0.1712]

Processing phenotype [ENSG00000224616.1] [230/307]
  * #variants in cis = 11
  * Best hit: [id=1_internal_15859, d=-119450, pv=0.0326882, s=-0.2233]

Processing phenotype [ENSG00000137996.8] [231/307]
  * #variants in cis = 11
  * Best hit: [id=1_internal_19776, d=750633, pv=0.0915147, s=-0.1889]

Processing phenotype [ENSG00000207750.1] [232/307]
  * #variants in cis = 11
  * Best hit: [id=1_internal_17291, d=880680, pv=0.0643757, s=0.1829]

Processing phenotype [ENSG00000079335.13] [233/307]
  * #variants in cis = 11
  * Best hit: [id=1_internal_18746, d=64735, pv=9.89976e-07, s=0.4951]

Processing phenotype [ENSG00000234332.1] [234/307]
  * #variants in cis = 10
  * Best hit: [id=1_internal_18746, d=-15737, pv=0.00191689, s=0.3258]

Processing phenotype [ENSG00000228086.1] [235/307]
  * #variants in cis = 10
  * Best hit: [id=1_internal_18262, d=66061, pv=1.62448e-06, s=0.5093]

Processing phenotype [ENSG00000162694.9] [236/307]
  * #variants in cis = 9
  * Best hit: [id=1_internal_19776, d=-120842, pv=0.00707649, s=0.3169]

Processing phenotype [ENSG00000162695.6] [237/307]
  * #variants in cis = 9
  * Best hit: [id=1_internal_15859, d=-479269, pv=0.115844, s=-0.1779]

Processing phenotype [ENSG00000230946.3] [238/307]
  * #variants in cis = 9
  * Best hit: [id=1_internal_17291, d=-219926, pv=0.0699776, s=-0.1940]

Processing phenotype [ENSG00000269175.1] [239/307]
  * #variants in cis = 9
  * Best hit: [id=1_internal_24676, d=-305597, pv=0.21371, s=-0.1259]

Processing phenotype [ENSG00000235795.1] [240/307]
  * #variants in cis = 9
  * Best hit: [id=1_internal_24676, d=-310865, pv=0.0245252, s=-0.2422]

Processing phenotype [ENSG00000233184.1] [241/307]
  * #variants in cis = 9
  * Best hit: [id=1_internal_17527, d=0, pv=0.0581192, s=0.1993]

Processing phenotype [ENSG00000117543.14] [242/307]
  * #variants in cis = 9
  * Best hit: [id=1_internal_24676, d=341480, pv=0.341655, s=-0.1021]

Processing phenotype [ENSG00000225938.1] [243/307]
  * #variants in cis = 9
  * Best hit: [id=1_internal_17443, d=-20328, pv=0.0818621, s=0.2076]

Processing phenotype [ENSG00000170989.8] [244/307]
  * #variants in cis = 9
  * Best hit: [id=1_internal_17443, d=19968, pv=0.0570016, s=0.2158]

Processing phenotype [ENSG00000260940.1] [245/307]
  * #variants in cis = 9
  * Best hit: [id=1_internal_24676, d=-558550, pv=0.0892911, s=0.2051]

Processing phenotype [ENSG00000228399.1] [246/307]
  * #variants in cis = 9
  * Best hit: [id=1_internal_19776, d=-235533, pv=0.257073, s=0.1009]

Processing phenotype [ENSG00000183298.4] [247/307]
  * #variants in cis = 4
  * Best hit: [id=1_internal_17527, d=758388, pv=0.0522069, s=0.1890]

Processing phenotype [ENSG00000185946.10] [248/307]
  * #variants in cis = 0

Processing phenotype [ENSG00000240038.2] [249/307]
  * #variants in cis = 0

Processing phenotype [ENSG00000236085.1] [250/307]
  * #variants in cis = 0

Processing phenotype [ENSG00000232952.1] [251/307]
  * #variants in cis = 0

Processing phenotype [ENSG00000198890.5] [252/307]
  * #variants in cis = 5
  * Best hit: [id=1_internal_16912, d=814666, pv=0.178122, s=0.1468]

Processing phenotype [ENSG00000224550.1] [253/307]
  * #variants in cis = 6
  * Best hit: [id=1_internal_20228, d=406455, pv=0.265319, s=-0.1185]

Processing phenotype [ENSG00000134215.11] [254/307]
  * #variants in cis = 9
  * Best hit: [id=1_internal_24702, d=6431, pv=1.4011e-08, s=0.5614]

Processing phenotype [ENSG00000260879.1] [255/307]
  * #variants in cis = 11
  * Best hit: [id=1_internal_24702, d=-241213, pv=0.143849, s=0.1695]

Processing phenotype [ENSG00000085491.11] [256/307]
  * #variants in cis = 11
  * Best hit: [id=1_internal_24702, d=242136, pv=0.017585, s=0.2797]

Processing phenotype [ENSG00000162636.11] [257/307]
  * #variants in cis = 13
  * Best hit: [id=1_internal_17928, d=21769, pv=0.000189536, s=0.3680]

Processing phenotype [ENSG00000162639.11] [258/307]
  * #variants in cis = 15
  * Best hit: [id=1_internal_17928, d=67369, pv=0.181336, s=0.1381]

Processing phenotype [ENSG00000134186.7] [259/307]
  * #variants in cis = 15
  * Best hit: [id=1_internal_19012, d=-548486, pv=0.130768, s=0.1569]

Processing phenotype [ENSG00000143107.4] [260/307]
  * #variants in cis = 15
  * Best hit: [id=1_internal_24241, d=585900, pv=0.0778107, s=-0.1778]

Processing phenotype [ENSG00000116266.6] [261/307]
  * #variants in cis = 15
  * Best hit: [id=1_internal_18483, d=516636, pv=0.244305, s=0.1264]

Processing phenotype [ENSG00000228076.2] [262/307]
  * #variants in cis = 15
  * Best hit: [id=1_internal_18090, d=-316825, pv=0.134018, s=0.1580]

Processing phenotype [ENSG00000121957.7] [263/307]
  * #variants in cis = 16
  * Best hit: [id=1_internal_22620, d=235064, pv=0.036842, s=0.1965]

Processing phenotype [ENSG00000162641.13] [264/307]
  * #variants in cis = 13
  * Best hit: [id=1_internal_16574, d=370517, pv=0.0295114, s=0.2476]

Processing phenotype [ENSG00000121940.11] [265/307]
  * #variants in cis = 13
  * Best hit: [id=1_internal_16574, d=370522, pv=0.0626178, s=-0.2033]

Processing phenotype [ENSG00000244716.2] [266/307]
  * #variants in cis = 13
  * Best hit: [id=1_internal_18843, d=367804, pv=0.0048143, s=-0.2565]

Processing phenotype [ENSG00000228665.2] [267/307]
  * #variants in cis = 13
  * Best hit: [id=1_internal_18090, d=54342, pv=0.213461, s=0.1294]

Processing phenotype [ENSG00000085433.11] [268/307]
  * #variants in cis = 13
  * Best hit: [id=1_internal_18483, d=-221082, pv=0.0321765, s=0.2119]

Processing phenotype [ENSG00000197780.4] [269/307]
  * #variants in cis = 13
  * Best hit: [id=1_internal_18090, d=-8407, pv=0.113008, s=0.1824]

Processing phenotype [ENSG00000215717.4] [270/307]
  * #variants in cis = 13
  * Best hit: [id=1_internal_24219, d=-963149, pv=0.0525294, s=0.2149]

Processing phenotype [ENSG00000238881.1] [271/307]
  * #variants in cis = 13
  * Best hit: [id=1_internal_22620, d=10221, pv=0.0354904, s=0.2407]

Processing phenotype [ENSG00000251484.2] [272/307]
  * #variants in cis = 13
  * Best hit: [id=1_internal_18843, d=-255294, pv=0.164449, s=-0.1425]

Processing phenotype [ENSG00000116299.11] [273/307]
  * #variants in cis = 13
  * Best hit: [id=1_internal_18843, d=246381, pv=0.0628314, s=-0.1980]

Processing phenotype [ENSG00000179902.8] [274/307]
  * #variants in cis = 13
  * Best hit: [id=1_internal_19012, d=970020, pv=0.0833398, s=0.1773]

Processing phenotype [ENSG00000031698.8] [275/307]
  * #variants in cis = 11
  * Best hit: [id=1_internal_18090, d=-116994, pv=0.0081614, s=0.3038]

Processing phenotype [ENSG00000143126.6] [276/307]
  * #variants in cis = 12
  * Best hit: [id=1_internal_18090, d=-153095, pv=0.0191327, s=-0.2430]

Processing phenotype [ENSG00000134222.11] [277/307]
  * #variants in cis = 14
  * Best hit: [id=1_internal_23716, d=325582, pv=0.0492472, s=0.2251]

Processing phenotype [ENSG00000134243.7] [278/307]
  * #variants in cis = 14
  * Best hit: [id=1_internal_16574, d=804984, pv=0.0443523, s=-0.2242]

Processing phenotype [ENSG00000143106.8] [279/307]
  * #variants in cis = 15
  * Best hit: [id=1_internal_18090, d=329516, pv=0.0154502, s=0.2574]

Processing phenotype [ENSG00000143028.7] [280/307]
  * #variants in cis = 15
  * Best hit: [id=1_internal_17928, d=-872401, pv=0.115091, s=-0.1528]

Processing phenotype [ENSG00000162650.10] [281/307]
  * #variants in cis = 15
  * Best hit: [id=1_internal_18090, d=-386555, pv=0.000721651, s=0.3649]

Processing phenotype [ENSG00000174151.9] [282/307]
  * #variants in cis = 15
  * Best hit: [id=1_internal_19101, d=161026, pv=0.0132733, s=-0.2565]

Processing phenotype [ENSG00000181754.6] [283/307]
  * #variants in cis = 15
  * Best hit: [id=1_internal_16574, d=916771, pv=0.0766531, s=-0.2085]

Processing phenotype [ENSG00000156097.8] [284/307]
  * #variants in cis = 15
  * Best hit: [id=1_internal_19101, d=115206, pv=0.00588803, s=-0.2872]

Processing phenotype [ENSG00000254942.1] [285/307]
  * #variants in cis = 15
  * Best hit: [id=1_internal_18483, d=259084, pv=0.0530307, s=0.2296]

Processing phenotype [ENSG00000065135.7] [286/307]
  * #variants in cis = 15
  * Best hit: [id=1_internal_18483, d=-263858, pv=0.0218878, s=0.2531]

Processing phenotype [ENSG00000206832.1] [287/307]
  * #variants in cis = 15
  * Best hit: [id=1_internal_19101, d=-63438, pv=0.0100731, s=0.2712]

Processing phenotype [ENSG00000225113.1] [288/307]
  * #variants in cis = 13
  * Best hit: [id=1_internal_24241, d=-282300, pv=0.0102676, s=0.2752]

Processing phenotype [ENSG00000207709.2] [289/307]
  * #variants in cis = 13
  * Best hit: [id=1_internal_24241, d=-284968, pv=0.00192086, s=-0.3250]

Processing phenotype [ENSG00000134183.7] [290/307]
  * #variants in cis = 13
  * Best hit: [id=1_internal_24241, d=299132, pv=0.0162991, s=0.2650]

Processing phenotype [ENSG00000116337.11] [291/307]
  * #variants in cis = 14
  * Best hit: [id=1_internal_22620, d=-415589, pv=0.0232537, s=-0.2555]

Processing phenotype [ENSG00000228703.1] [292/307]
  * #variants in cis = 14
  * Best hit: [id=1_internal_18843, d=243273, pv=0.00811831, s=0.2776]

Processing phenotype [ENSG00000235045.2] [293/307]
  * #variants in cis = 14
  * Best hit: [id=1_internal_22620, d=-450855, pv=0.0218908, s=-0.2424]

Processing phenotype [ENSG00000168765.10] [294/307]
  * #variants in cis = 14
  * Best hit: [id=1_internal_19101, d=0, pv=0.00303617, s=0.2675]

Processing phenotype [ENSG00000213366.7] [295/307]
  * #variants in cis = 14
  * Best hit: [id=1_internal_19101, d=0, pv=4.39257e-06, s=0.4758]

Processing phenotype [ENSG00000241720.1] [296/307]
  * #variants in cis = 14
  * Best hit: [id=1_internal_19101, d=0, pv=0.003858, s=0.3204]

Processing phenotype [ENSG00000134202.6] [297/307]
  * #variants in cis = 15
  * Best hit: [id=1_internal_18843, d=354730, pv=0.0573931, s=0.2108]

Processing phenotype [ENSG00000184371.9] [298/307]
  * #variants in cis = 15
  * Best hit: [id=1_internal_24154, d=0, pv=0.0210208, s=0.2454]

Processing phenotype [ENSG00000168710.13] [299/307]
  * #variants in cis = 15
  * Best hit: [id=1_internal_20159, d=277030, pv=0.0294626, s=-0.2298]

Processing phenotype [ENSG00000143093.9] [300/307]
  * #variants in cis = 15
  * Best hit: [id=1_internal_17647, d=207464, pv=0.110476, s=0.1720]

Processing phenotype [ENSG00000258686.1] [301/307]
  * #variants in cis = 15
  * Best hit: [id=1_internal_17647, d=197870, pv=0.119424, s=0.1677]

Processing phenotype [ENSG00000258634.2] [302/307]
  * #variants in cis = 15
  * Best hit: [id=1_internal_23778, d=557119, pv=0.00753636, s=0.2778]

Processing phenotype [ENSG00000156150.5] [303/307]
  * #variants in cis = 15
  * Best hit: [id=1_internal_22126, d=458122, pv=0.0843083, s=-0.1733]

Processing phenotype [ENSG00000197106.5] [304/307]
  * #variants in cis = 15
  * Best hit: [id=1_internal_19101, d=-461334, pv=0.0705784, s=-0.1885]

Processing phenotype [ENSG00000224965.1] [305/307]
  * #variants in cis = 15
  * Best hit: [id=1_internal_18843, d=822955, pv=0.0369568, s=0.2235]

Processing phenotype [ENSG00000116396.9] [306/307]
  * #variants in cis = 15
  * Best hit: [id=1_internal_23778, d=404116, pv=0.0251123, s=-0.2477]

Processing phenotype [ENSG00000162775.9] [307/307]
  * #variants in cis = 14
  * Best hit: [id=1_internal_17759, d=812703, pv=0.0322292, s=0.2335]

Running time: 1 seconds
