Sender: LSF System <lsfadmin@cpt15>
Subject: Job 974541: </data/unige/funpopgen/odelanea/SGX/V2/binaries/qtltools/bin/QTLtools cis --vcf /data/unige/funpopgen/grey2/SYSCID/BLUEPRINT_DATA/CRD/THREE_CELL_TYPES/CLOMICS/CELL_TYPE_COMPARISON_GENE_CRD_ASSOCIATIONS/quantify/73_vs_72_ALL.ALLchr.mean.txt.gz --bed /data/unige/funpopgen/grey2/SYSCID/BLUEPRINT_DATA/CRD/THREE_CELL_TYPES/QTL_TOOLS/EGAD00001002671_v3.0/EGAD00001002671_RNA.PC10.bed.gz --nominal /data/unige/funpopgen/grey2/SYSCID/BLUEPRINT_DATA/CRD/THREE_CELL_TYPES/CLOMICS/CELL_TYPE_COMPARISON_GENE_CRD_ASSOCIATIONS/mapping_aCRD_gene/73_vs_72/gene_CRD_mean_permutations.thresholds.txt --chunk 20 100 --out /data/unige/funpopgen/grey2/SYSCID/BLUEPRINT_DATA/CRD/THREE_CELL_TYPES/CLOMICS/CELL_TYPE_COMPARISON_GENE_CRD_ASSOCIATIONS/mapping_aCRD_gene/73_vs_72/mapping_gene_CRD_mean_chunk20\.txt> in cluster <ug> Done

Job </data/unige/funpopgen/odelanea/SGX/V2/binaries/qtltools/bin/QTLtools cis --vcf /data/unige/funpopgen/grey2/SYSCID/BLUEPRINT_DATA/CRD/THREE_CELL_TYPES/CLOMICS/CELL_TYPE_COMPARISON_GENE_CRD_ASSOCIATIONS/quantify/73_vs_72_ALL.ALLchr.mean.txt.gz --bed /data/unige/funpopgen/grey2/SYSCID/BLUEPRINT_DATA/CRD/THREE_CELL_TYPES/QTL_TOOLS/EGAD00001002671_v3.0/EGAD00001002671_RNA.PC10.bed.gz --nominal /data/unige/funpopgen/grey2/SYSCID/BLUEPRINT_DATA/CRD/THREE_CELL_TYPES/CLOMICS/CELL_TYPE_COMPARISON_GENE_CRD_ASSOCIATIONS/mapping_aCRD_gene/73_vs_72/gene_CRD_mean_permutations.thresholds.txt --chunk 20 100 --out /data/unige/funpopgen/grey2/SYSCID/BLUEPRINT_DATA/CRD/THREE_CELL_TYPES/CLOMICS/CELL_TYPE_COMPARISON_GENE_CRD_ASSOCIATIONS/mapping_aCRD_gene/73_vs_72/mapping_gene_CRD_mean_chunk20\.txt> was submitted from host <cpt01> by user <grey2> in cluster <ug>.
Job was executed on host(s) <cpt15>, in queue <normal>, as user <grey2> in cluster <ug>.
</home/grey2> was used as the home directory.
</data/unige/funpopgen/grey2/SYSCID/BLUEPRINT_DATA/CRD/THREE_CELL_TYPES/CLOMICS/CELL_TYPE_COMPARISON_GENE_CRD_ASSOCIATIONS> was used as the working directory.
Started at Thu Mar 21 13:45:14 2019
Results reported at Thu Mar 21 13:45:17 2019

Your job looked like:

------------------------------------------------------------
# LSBATCH: User input
/data/unige/funpopgen/odelanea/SGX/V2/binaries/qtltools/bin/QTLtools cis --vcf /data/unige/funpopgen/grey2/SYSCID/BLUEPRINT_DATA/CRD/THREE_CELL_TYPES/CLOMICS/CELL_TYPE_COMPARISON_GENE_CRD_ASSOCIATIONS/quantify/73_vs_72_ALL.ALLchr.mean.txt.gz --bed /data/unige/funpopgen/grey2/SYSCID/BLUEPRINT_DATA/CRD/THREE_CELL_TYPES/QTL_TOOLS/EGAD00001002671_v3.0/EGAD00001002671_RNA.PC10.bed.gz --nominal /data/unige/funpopgen/grey2/SYSCID/BLUEPRINT_DATA/CRD/THREE_CELL_TYPES/CLOMICS/CELL_TYPE_COMPARISON_GENE_CRD_ASSOCIATIONS/mapping_aCRD_gene/73_vs_72/gene_CRD_mean_permutations.thresholds.txt --chunk 20 100 --out /data/unige/funpopgen/grey2/SYSCID/BLUEPRINT_DATA/CRD/THREE_CELL_TYPES/CLOMICS/CELL_TYPE_COMPARISON_GENE_CRD_ASSOCIATIONS/mapping_aCRD_gene/73_vs_72/mapping_gene_CRD_mean_chunk20\.txt

------------------------------------------------------------

Successfully completed.

Resource usage summary:

    CPU time :               1.33 sec.
    Max Memory :             3.32 MB
    Average Memory :         3.32 MB
    Total Requested Memory : -
    Delta Memory :           -
    (Delta: the difference between total requested memory and actual max usage.)
    Max Swap :               32 MB

    Max Processes :          1
    Max Threads :            1

The output (if any) follows:


[32mQTLtools[0m
  * Authors : Olivier DELANEAU / Halit ONGEN / Emmanouil DERMITZAKIS
  * Contact : olivier.delaneau@gmail.com / halit.ongen@unige.ch / Emmanouil.Dermitzakis@unige.ch
  * Webpage : https://qtltools.github.io/qtltools/
  * Version : 1.1
  * Date    : 21/03/2019 - 13:45:16
  * Citation: A complete tool set for molecular QTL discovery and analysis, https://doi.org/10.1101/068635

[32mMAPPING QTL IN CIS[0m
  * TASK: Report all nominal associations with p below thresholds in [/data/unige/funpopgen/grey2/SYSCID/BLUEPRINT_DATA/CRD/THREE_CELL_TYPES/CLOMICS/CELL_TYPE_COMPARISON_GENE_CRD_ASSOCIATIONS/mapping_aCRD_gene/73_vs_72/gene_CRD_mean_permutations.thresholds.txt]
  * Linear model: Phe ~ Var
  * Cis-window size is 1000000 bp
  * Chunk = [20/100]

Scanning phenotype data in [/data/unige/funpopgen/grey2/SYSCID/BLUEPRINT_DATA/CRD/THREE_CELL_TYPES/QTL_TOOLS/EGAD00001002671_v3.0/EGAD00001002671_RNA.PC10.bed.gz]
  * 24372 phenotypes included
  * 12152 phenotypes are on the negative strand

Initialize random number generator
  * Built-in seed is 15112011
  * First Integer = 30554
  * First Double = 0.0126695

Reading sample list from [/data/unige/funpopgen/grey2/SYSCID/BLUEPRINT_DATA/CRD/THREE_CELL_TYPES/QTL_TOOLS/EGAD00001002671_v3.0/EGAD00001002671_RNA.PC10.bed.gz]
  * #samples = 169

Reading sample list from [/data/unige/funpopgen/grey2/SYSCID/BLUEPRINT_DATA/CRD/THREE_CELL_TYPES/CLOMICS/CELL_TYPE_COMPARISON_GENE_CRD_ASSOCIATIONS/quantify/73_vs_72_ALL.ALLchr.mean.txt.gz]
  * #samples = 94

Merging sample sets from all input files
  * #files = 2
  * #samples in all files = 91
  * #samples NOT in all files (i.e. ignored) = 81

Reading phenotype data in [/data/unige/funpopgen/grey2/SYSCID/BLUEPRINT_DATA/CRD/THREE_CELL_TYPES/QTL_TOOLS/EGAD00001002671_v3.0/EGAD00001002671_RNA.PC10.bed.gz]
  * target region [7:149466-43769316]
  * 303 phenotypes included
  * 151 phenotypes are on the negative strand

Reading genotype data in [/data/unige/funpopgen/grey2/SYSCID/BLUEPRINT_DATA/CRD/THREE_CELL_TYPES/CLOMICS/CELL_TYPE_COMPARISON_GENE_CRD_ASSOCIATIONS/quantify/73_vs_72_ALL.ALLchr.mean.txt.gz]
  * File format detected: BED
  * 91 samples included
  * 5 samples without phenotype data
  * target region [7:0-44769316]
  * 185 variants included

Reading nominal thresholds in [/data/unige/funpopgen/grey2/SYSCID/BLUEPRINT_DATA/CRD/THREE_CELL_TYPES/CLOMICS/CELL_TYPE_COMPARISON_GENE_CRD_ASSOCIATIONS/mapping_aCRD_gene/73_vs_72/gene_CRD_mean_permutations.thresholds.txt]
  * #phenotypes set = 303

Processing phenotype [ENSG00000242474.1] [1/303]
  * #variants in cis = 15
  * Best hit: [id=7_internal_8308, d=0, pv=0.0579573, s=0.2147]

Processing phenotype [ENSG00000240859.1] [2/303]
  * #variants in cis = 15
  * Best hit: [id=7_internal_8694, d=798762, pv=0.107924, s=-0.1716]

Processing phenotype [ENSG00000237181.1] [3/303]
  * #variants in cis = 18
  * Best hit: [id=7_internal_8018, d=437864, pv=0.0579722, s=-0.1835]

Processing phenotype [ENSG00000164818.11] [4/303]
  * #variants in cis = 18
  * Best hit: [id=7_internal_12176, d=-701945, pv=0.0369256, s=-0.2336]

Processing phenotype [ENSG00000188191.9] [5/303]
  * #variants in cis = 18
  * Best hit: [id=7_internal_8792, d=-836188, pv=0.00176354, s=-0.3357]

Processing phenotype [ENSG00000164828.13] [6/303]
  * #variants in cis = 19
  * Best hit: [id=7_internal_8792, d=747947, pv=0.0236107, s=0.2415]

Processing phenotype [ENSG00000239857.1] [7/303]
  * #variants in cis = 20
  * Best hit: [id=7_internal_9853, d=653105, pv=0.0229098, s=-0.2475]

Processing phenotype [ENSG00000105963.8] [8/303]
  * #variants in cis = 20
  * Best hit: [id=7_internal_8327, d=0, pv=0.015792, s=-0.2775]

Processing phenotype [ENSG00000240230.1] [9/303]
  * #variants in cis = 21
  * Best hit: [id=7_internal_8887, d=884808, pv=0.00973628, s=-0.2568]

Processing phenotype [ENSG00000073067.9] [10/303]
  * #variants in cis = 21
  * Best hit: [id=7_internal_8694, d=-50345, pv=0.0363069, s=0.2105]

Processing phenotype [ENSG00000164849.7] [11/303]
  * #variants in cis = 18
  * Best hit: [id=7_internal_8327, d=-68161, pv=0.0434322, s=-0.2163]

Processing phenotype [ENSG00000257607.1] [12/303]
  * #variants in cis = 18
  * Best hit: [id=7_internal_9853, d=-470397, pv=0.026487, s=-0.2362]

Processing phenotype [ENSG00000164850.10] [13/303]
  * #variants in cis = 18
  * Best hit: [id=7_internal_11941, d=-911286, pv=0.0148607, s=0.2486]

Processing phenotype [ENSG00000146540.9] [14/303]
  * #variants in cis = 15
  * Best hit: [id=7_internal_12997, d=-680271, pv=0.0383479, s=-0.2193]

Processing phenotype [ENSG00000229043.1] [15/303]
  * #variants in cis = 15
  * Best hit: [id=7_internal_11941, d=-989104, pv=0.0937126, s=0.1837]

Processing phenotype [ENSG00000178381.7] [16/303]
  * #variants in cis = 15
  * Best hit: [id=7_internal_11941, d=989837, pv=0.170919, s=0.1384]

Processing phenotype [ENSG00000164877.14] [17/303]
  * #variants in cis = 16
  * Best hit: [id=7_internal_8942, d=-772377, pv=0.0433312, s=-0.1994]

Processing phenotype [ENSG00000164880.11] [18/303]
  * #variants in cis = 15
  * Best hit: [id=7_internal_8792, d=-57986, pv=0.0497343, s=0.2218]

Processing phenotype [ENSG00000198517.5] [19/303]
  * #variants in cis = 17
  * Best hit: [id=7_internal_12286, d=-468087, pv=0.00731651, s=0.3048]

Processing phenotype [ENSG00000256005.1] [20/303]
  * #variants in cis = 17
  * Best hit: [id=7_internal_8694, d=-607557, pv=0.0208217, s=0.2683]

Processing phenotype [ENSG00000241340.1] [21/303]
  * #variants in cis = 17
  * Best hit: [id=7_internal_13072, d=758829, pv=0.0978116, s=-0.1646]

Processing phenotype [ENSG00000241181.1] [22/303]
  * #variants in cis = 17
  * Best hit: [id=7_internal_8018, d=483276, pv=0.030736, s=-0.2104]

Processing phenotype [ENSG00000164855.10] [23/303]
  * #variants in cis = 17
  * Best hit: [id=7_internal_8327, d=584406, pv=0.0386228, s=0.2140]

Processing phenotype [ENSG00000230487.3] [24/303]
  * #variants in cis = 17
  * Best hit: [id=7_internal_9853, d=-13523, pv=0.0588612, s=0.1891]

Processing phenotype [ENSG00000157778.4] [25/303]
  * #variants in cis = 17
  * Best hit: [id=7_internal_8021, d=-945635, pv=0.0198202, s=-0.2513]

Processing phenotype [ENSG00000176349.7] [26/303]
  * #variants in cis = 20
  * Best hit: [id=7_internal_12997, d=0, pv=0.00012678, s=0.3929]

Processing phenotype [ENSG00000002822.10] [27/303]
  * #variants in cis = 19
  * Best hit: [id=7_internal_12997, d=112034, pv=8.02469e-06, s=0.4861]

Processing phenotype [ENSG00000122687.13] [28/303]
  * #variants in cis = 19
  * Best hit: [id=7_internal_10210, d=488413, pv=0.0152337, s=-0.2687]

Processing phenotype [ENSG00000106268.11] [29/303]
  * #variants in cis = 19
  * Best hit: [id=7_internal_11489, d=0, pv=0.104344, s=0.1646]

Processing phenotype [ENSG00000106263.13] [30/303]
  * #variants in cis = 19
  * Best hit: [id=7_internal_9282, d=248037, pv=0.00593804, s=-0.2851]

Processing phenotype [ENSG00000106266.4] [31/303]
  * #variants in cis = 19
  * Best hit: [id=7_internal_10214, d=-333168, pv=0.0140168, s=0.2714]

Processing phenotype [ENSG00000136213.7] [32/303]
  * #variants in cis = 19
  * Best hit: [id=7_internal_12997, d=-282379, pv=0.0459963, s=0.2064]

Processing phenotype [ENSG00000175873.3] [33/303]
  * #variants in cis = 19
  * Best hit: [id=7_internal_9031, d=-341619, pv=0.0306826, s=0.2029]

Processing phenotype [ENSG00000236734.2] [34/303]
  * #variants in cis = 19
  * Best hit: [id=7_internal_9282, d=-125230, pv=0.058793, s=0.1728]

Processing phenotype [ENSG00000106003.8] [35/303]
  * #variants in cis = 19
  * Best hit: [id=7_internal_8782, d=0, pv=0.0411873, s=0.2380]

Processing phenotype [ENSG00000264357.1] [36/303]
  * #variants in cis = 19
  * Best hit: [id=7_internal_8782, d=0, pv=0.0375393, s=0.2165]

Processing phenotype [ENSG00000106009.11] [37/303]
  * #variants in cis = 19
  * Best hit: [id=7_internal_8816, d=-171777, pv=0.0075425, s=0.2854]

Processing phenotype [ENSG00000106012.12] [38/303]
  * #variants in cis = 18
  * Best hit: [id=7_internal_10214, d=128489, pv=0.028422, s=-0.2442]

Processing phenotype [ENSG00000136295.10] [39/303]
  * #variants in cis = 17
  * Best hit: [id=7_internal_10214, d=55536, pv=0.00321134, s=0.3049]

Processing phenotype [ENSG00000174945.8] [40/303]
  * #variants in cis = 17
  * Best hit: [id=7_internal_11610, d=48699, pv=0.00986125, s=0.2889]

Processing phenotype [ENSG00000228246.1] [41/303]
  * #variants in cis = 17
  * Best hit: [id=7_internal_8708, d=-114321, pv=0.0142732, s=0.2588]

Processing phenotype [ENSG00000233202.1] [42/303]
  * #variants in cis = 16
  * Best hit: [id=7_internal_8782, d=-115695, pv=0.0647392, s=0.1897]

Processing phenotype [ENSG00000231357.1] [43/303]
  * #variants in cis = 16
  * Best hit: [id=7_internal_9031, d=-739476, pv=0.0777142, s=-0.1751]

Processing phenotype [ENSG00000146535.8] [44/303]
  * #variants in cis = 16
  * Best hit: [id=7_internal_11396, d=-383210, pv=0.0811289, s=0.2046]

Processing phenotype [ENSG00000237286.1] [45/303]
  * #variants in cis = 16
  * Best hit: [id=7_internal_12219, d=34086, pv=0.000860526, s=0.3657]

Processing phenotype [ENSG00000201794.1] [46/303]
  * #variants in cis = 15
  * Best hit: [id=7_internal_8816, d=-186618, pv=0.173896, s=-0.1402]

Processing phenotype [ENSG00000198286.5] [47/303]
  * #variants in cis = 15
  * Best hit: [id=7_internal_12219, d=0, pv=0.000248952, s=0.4178]

Processing phenotype [ENSG00000146555.14] [48/303]
  * #variants in cis = 11
  * Best hit: [id=7_internal_11396, d=0, pv=0.00921946, s=0.2792]

Processing phenotype [ENSG00000164916.8] [49/303]
  * #variants in cis = 14
  * Best hit: [id=7_internal_12235, d=58998, pv=0.0348489, s=0.2255]

Processing phenotype [ENSG00000238781.1] [50/303]
  * #variants in cis = 14
  * Best hit: [id=7_internal_12078, d=451829, pv=0.0219756, s=-0.2389]

Processing phenotype [ENSG00000242802.2] [51/303]
  * #variants in cis = 14
  * Best hit: [id=7_internal_10136, d=718631, pv=0.0179519, s=0.2586]

Processing phenotype [ENSG00000213935.3] [52/303]
  * #variants in cis = 14
  * Best hit: [id=7_internal_8874, d=-509273, pv=0.00685136, s=0.2831]

Processing phenotype [ENSG00000157927.12] [53/303]
  * #variants in cis = 14
  * Best hit: [id=7_internal_12140, d=-333803, pv=0.00340797, s=0.3012]

Processing phenotype [ENSG00000196204.7] [54/303]
  * #variants in cis = 14
  * Best hit: [id=7_internal_12078, d=167321, pv=1.40405e-10, s=0.6942]

Processing phenotype [ENSG00000146587.12] [55/303]
  * #variants in cis = 14
  * Best hit: [id=7_internal_12078, d=157591, pv=1.38117e-13, s=0.7392]

Processing phenotype [ENSG00000159904.7] [56/303]
  * #variants in cis = 16
  * Best hit: [id=7_internal_12078, d=0, pv=7.25848e-16, s=0.7755]

Processing phenotype [ENSG00000157954.10] [57/303]
  * #variants in cis = 16
  * Best hit: [id=7_internal_12078, d=-16080, pv=1.4017e-10, s=0.6801]

Processing phenotype [ENSG00000164638.5] [58/303]
  * #variants in cis = 17
  * Best hit: [id=7_internal_9928, d=126395, pv=0.0255447, s=0.2246]

Processing phenotype [ENSG00000182095.10] [59/303]
  * #variants in cis = 18
  * Best hit: [id=7_internal_10136, d=-68839, pv=0.1357, s=0.1646]

Processing phenotype [ENSG00000234432.2] [60/303]
  * #variants in cis = 18
  * Best hit: [id=7_internal_9074, d=27009, pv=0.145816, s=-0.1468]

Processing phenotype [ENSG00000230733.2] [61/303]
  * #variants in cis = 17
  * Best hit: [id=7_internal_9118, d=55397, pv=0.00920973, s=-0.2979]

Processing phenotype [ENSG00000155034.14] [62/303]
  * #variants in cis = 17
  * Best hit: [id=7_internal_8874, d=71133, pv=0.119306, s=0.1633]

Processing phenotype [ENSG00000263900.1] [63/303]
  * #variants in cis = 17
  * Best hit: [id=7_internal_12285, d=-610323, pv=0.120454, s=-0.1614]

Processing phenotype [ENSG00000075624.9] [64/303]
  * #variants in cis = 17
  * Best hit: [id=7_internal_12285, d=-574725, pv=0.142013, s=-0.1485]

Processing phenotype [ENSG00000075618.12] [65/303]
  * #variants in cis = 18
  * Best hit: [id=7_internal_9928, d=-178941, pv=0.0264679, s=0.2323]

Processing phenotype [ENSG00000237738.1] [66/303]
  * #variants in cis = 18
  * Best hit: [id=7_internal_9603, d=187202, pv=0.0246864, s=0.2140]

Processing phenotype [ENSG00000011275.14] [67/303]
  * #variants in cis = 18
  * Best hit: [id=7_internal_10178, d=170930, pv=0.0257658, s=-0.2502]

Processing phenotype [ENSG00000235944.3] [68/303]
  * #variants in cis = 18
  * Best hit: [id=7_internal_10084, d=184094, pv=0.064334, s=0.1934]

Processing phenotype [ENSG00000265040.1] [69/303]
  * #variants in cis = 18
  * Best hit: [id=7_internal_9074, d=470132, pv=0.0122113, s=0.2648]

Processing phenotype [ENSG00000122543.6] [70/303]
  * #variants in cis = 18
  * Best hit: [id=7_internal_9118, d=-315678, pv=0.0571925, s=0.1902]

Processing phenotype [ENSG00000122674.8] [71/303]
  * #variants in cis = 18
  * Best hit: [id=7_internal_10807, d=448352, pv=0.0186854, s=0.2665]

Processing phenotype [ENSG00000155026.11] [72/303]
  * #variants in cis = 18
  * Best hit: [id=7_internal_9118, d=406534, pv=0.123982, s=0.1502]

Processing phenotype [ENSG00000122512.9] [73/303]
  * #variants in cis = 18
  * Best hit: [id=7_internal_12985, d=-610946, pv=0.0124064, s=0.2654]

Processing phenotype [ENSG00000106305.5] [74/303]
  * #variants in cis = 18
  * Best hit: [id=7_internal_10084, d=0, pv=0.00461162, s=0.3087]

Processing phenotype [ENSG00000207217.1] [75/303]
  * #variants in cis = 18
  * Best hit: [id=7_internal_9473, d=-456473, pv=0.14178, s=0.1513]

Processing phenotype [ENSG00000157999.5] [76/303]
  * #variants in cis = 18
  * Best hit: [id=7_internal_10178, d=-420567, pv=0.0179614, s=0.2726]

Processing phenotype [ENSG00000240718.2] [77/303]
  * #variants in cis = 18
  * Best hit: [id=7_internal_8632, d=-657667, pv=0.00617416, s=-0.2799]

Processing phenotype [ENSG00000086232.7] [78/303]
  * #variants in cis = 18
  * Best hit: [id=7_internal_12985, d=-560841, pv=0.0346828, s=0.2289]

Processing phenotype [ENSG00000231704.1] [79/303]
  * #variants in cis = 18
  * Best hit: [id=7_internal_10807, d=265974, pv=0.0499682, s=-0.2089]

Processing phenotype [ENSG00000106346.7] [80/303]
  * #variants in cis = 18
  * Best hit: [id=7_internal_12285, d=33625, pv=0.0950819, s=-0.1707]

Processing phenotype [ENSG00000008256.11] [81/303]
  * #variants in cis = 18
  * Best hit: [id=7_internal_9674, d=14286, pv=0.0225021, s=0.2274]

Processing phenotype [ENSG00000178397.8] [82/303]
  * #variants in cis = 18
  * Best hit: [id=7_internal_9473, d=788577, pv=0.164468, s=-0.1475]

Processing phenotype [ENSG00000136238.13] [83/303]
  * #variants in cis = 18
  * Best hit: [id=7_internal_8874, d=-931858, pv=0.0195368, s=0.2348]

Processing phenotype [ENSG00000269781.1] [84/303]
  * #variants in cis = 16
  * Best hit: [id=7_internal_8632, d=222396, pv=0.0244598, s=0.2406]

Processing phenotype [ENSG00000164535.9] [85/303]
  * #variants in cis = 16
  * Best hit: [id=7_internal_9118, d=920041, pv=0.0750956, s=-0.1894]

Processing phenotype [ENSG00000136240.5] [86/303]
  * #variants in cis = 16
  * Best hit: [id=7_internal_12285, d=340138, pv=0.00659235, s=-0.2940]

Processing phenotype [ENSG00000215045.4] [87/303]
  * #variants in cis = 14
  * Best hit: [id=7_internal_10807, d=124468, pv=0.0512917, s=0.2146]

Processing phenotype [ENSG00000136247.10] [88/303]
  * #variants in cis = 12
  * Best hit: [id=7_internal_10084, d=-517523, pv=0.109045, s=-0.1865]

Processing phenotype [ENSG00000232581.1] [89/303]
  * #variants in cis = 12
  * Best hit: [id=7_internal_9674, d=330616, pv=0.0386155, s=-0.2195]

Processing phenotype [ENSG00000146576.8] [90/303]
  * #variants in cis = 12
  * Best hit: [id=7_internal_8832, d=871631, pv=0.0269964, s=-0.2458]

Processing phenotype [ENSG00000236609.3] [91/303]
  * #variants in cis = 11
  * Best hit: [id=7_internal_8632, d=90070, pv=0.0715899, s=0.1881]

Processing phenotype [ENSG00000205903.2] [92/303]
  * #variants in cis = 11
  * Best hit: [id=7_internal_10084, d=-577411, pv=0.0166417, s=0.2516]

Processing phenotype [ENSG00000260054.1] [93/303]
  * #variants in cis = 10
  * Best hit: [id=7_internal_10084, d=-594953, pv=0.0173321, s=0.2551]

Processing phenotype [ENSG00000228010.1] [94/303]
  * #variants in cis = 10
  * Best hit: [id=7_internal_12285, d=-519870, pv=0.0436111, s=-0.2159]

Processing phenotype [ENSG00000198580.6] [95/303]
  * #variants in cis = 11
  * Best hit: [id=7_internal_8997, d=994299, pv=0.177698, s=-0.1376]

Processing phenotype [ENSG00000265245.1] [96/303]
  * #variants in cis = 11
  * Best hit: [id=7_internal_10807, d=-265009, pv=0.11504, s=-0.1816]

Processing phenotype [ENSG00000164631.14] [97/303]
  * #variants in cis = 11
  * Best hit: [id=7_internal_8632, d=0, pv=0.247124, s=0.1310]

Processing phenotype [ENSG00000187953.6] [98/303]
  * #variants in cis = 11
  * Best hit: [id=7_internal_8832, d=751520, pv=0.0490273, s=-0.2103]

Processing phenotype [ENSG00000169402.11] [99/303]
  * #variants in cis = 11
  * Best hit: [id=7_internal_10957, d=371855, pv=0.163753, s=-0.1433]

Processing phenotype [ENSG00000226150.2] [100/303]
  * #variants in cis = 11
  * Best hit: [id=7_internal_8832, d=-664706, pv=0.248273, s=-0.1147]

Processing phenotype [ENSG00000146574.10] [101/303]
  * #variants in cis = 11
  * Best hit: [id=7_internal_8832, d=-634878, pv=0.0313495, s=-0.2513]

Processing phenotype [ENSG00000106392.5] [102/303]
  * #variants in cis = 9
  * Best hit: [id=7_internal_8832, d=304714, pv=0.152906, s=-0.1532]

Processing phenotype [ENSG00000230825.1] [103/303]
  * #variants in cis = 9
  * Best hit: [id=7_internal_10957, d=-77292, pv=0.0381446, s=0.2108]

Processing phenotype [ENSG00000215018.5] [104/303]
  * #variants in cis = 7
  * Best hit: [id=7_internal_9406, d=894996, pv=0.52075, s=0.0623]

Processing phenotype [ENSG00000164654.11] [105/303]
  * #variants in cis = 7
  * Best hit: [id=7_internal_8832, d=-76633, pv=0.136689, s=0.1566]

Processing phenotype [ENSG00000219545.4] [106/303]
  * #variants in cis = 7
  * Best hit: [id=7_internal_12985, d=-975783, pv=0.0305439, s=0.2332]

Processing phenotype [ENSG00000106399.7] [107/303]
  * #variants in cis = 5
  * Best hit: [id=7_internal_8832, d=228368, pv=0.0597035, s=0.2287]

Processing phenotype [ENSG00000269721.1] [108/303]
  * #variants in cis = 4
  * Best hit: [id=7_internal_8832, d=252296, pv=0.314746, s=-0.1152]

Processing phenotype [ENSG00000234718.5] [109/303]
  * #variants in cis = 4
  * Best hit: [id=7_internal_8832, d=252334, pv=0.360866, s=-0.1016]

Processing phenotype [ENSG00000201747.1] [110/303]
  * #variants in cis = 4
  * Best hit: [id=7_internal_8997, d=-230051, pv=0.243457, s=0.1156]

Processing phenotype [ENSG00000214998.2] [111/303]
  * #variants in cis = 4
  * Best hit: [id=7_internal_10957, d=732587, pv=0.00841488, s=0.2809]

Processing phenotype [ENSG00000234141.1] [112/303]
  * #variants in cis = 4
  * Best hit: [id=7_internal_10957, d=772847, pv=0.0133899, s=-0.2549]

Processing phenotype [ENSG00000106415.8] [113/303]
  * #variants in cis = 4
  * Best hit: [id=7_internal_10957, d=-790932, pv=0.282926, s=-0.1167]

Processing phenotype [ENSG00000233108.1] [114/303]
  * #variants in cis = 4
  * Best hit: [id=7_internal_8832, d=479664, pv=0.341141, s=0.1036]

Processing phenotype [ENSG00000233264.2] [115/303]
  * #variants in cis = 4
  * Best hit: [id=7_internal_10933, d=-788987, pv=0.458479, s=0.0712]

Processing phenotype [ENSG00000003147.13] [116/303]
  * #variants in cis = 2
  * Best hit: [id=7_internal_8997, d=586218, pv=0.463872, s=-0.0765]

Processing phenotype [ENSG00000229091.2] [117/303]
  * #variants in cis = 1
  * Best hit: [id=7_internal_9225, d=978361, pv=0.569123, s=-0.0550]

Processing phenotype [ENSG00000189043.5] [118/303]
  * #variants in cis = 1
  * Best hit: [id=7_internal_9225, d=-489416, pv=0.170731, s=-0.1484]

Processing phenotype [ENSG00000106443.10] [119/303]
  * #variants in cis = 1
  * Best hit: [id=7_internal_9225, d=455800, pv=0.651743, s=0.0497]

Processing phenotype [ENSG00000230370.1] [120/303]
  * #variants in cis = 1
  * Best hit: [id=7_internal_9225, d=-422796, pv=0.436758, s=-0.0794]

Processing phenotype [ENSG00000230333.2] [121/303]
  * #variants in cis = 2
  * Best hit: [id=7_internal_11229, d=884423, pv=0.673487, s=0.0417]

Processing phenotype [ENSG00000106460.13] [122/303]
  * #variants in cis = 3
  * Best hit: [id=7_internal_9225, d=-378460, pv=0.0428639, s=0.2259]

Processing phenotype [ENSG00000146530.7] [123/303]
  * #variants in cis = 3
  * Best hit: [id=7_internal_8838, d=-281534, pv=0.236782, s=0.1214]

Processing phenotype [ENSG00000006747.10] [124/303]
  * #variants in cis = 3
  * Best hit: [id=7_internal_8838, d=114898, pv=0.000301275, s=0.3667]

Processing phenotype [ENSG00000122644.8] [125/303]
  * #variants in cis = 3
  * Best hit: [id=7_internal_9225, d=-854074, pv=0.368346, s=0.0986]

Processing phenotype [ENSG00000229688.3] [126/303]
  * #variants in cis = 9
  * Best hit: [id=7_internal_9994, d=722777, pv=0.214211, s=-0.1260]

Processing phenotype [ENSG00000214960.5] [127/303]
  * #variants in cis = 8
  * Best hit: [id=7_internal_9467, d=15833, pv=0.241394, s=0.1142]

Processing phenotype [ENSG00000106524.4] [128/303]
  * #variants in cis = 8
  * Best hit: [id=7_internal_10272, d=-381008, pv=0.0154094, s=-0.2720]

Processing phenotype [ENSG00000136261.10] [129/303]
  * #variants in cis = 8
  * Best hit: [id=7_internal_8922, d=472391, pv=0.0336822, s=0.2431]

Processing phenotype [ENSG00000235837.1] [130/303]
  * #variants in cis = 8
  * Best hit: [id=7_internal_8922, d=-398624, pv=0.132847, s=0.1720]

Processing phenotype [ENSG00000106537.7] [131/303]
  * #variants in cis = 8
  * Best hit: [id=7_internal_8922, d=364987, pv=0.0585413, s=0.2023]

Processing phenotype [ENSG00000106546.8] [132/303]
  * #variants in cis = 9
  * Best hit: [id=7_internal_11503, d=0, pv=5.40427e-06, s=0.5232]

Processing phenotype [ENSG00000237773.1] [133/303]
  * #variants in cis = 9
  * Best hit: [id=7_internal_11503, d=0, pv=3.4847e-05, s=0.4615]

Processing phenotype [ENSG00000071189.16] [134/303]
  * #variants in cis = 9
  * Best hit: [id=7_internal_9234, d=-347275, pv=0.0146163, s=0.2727]

Processing phenotype [ENSG00000048052.16] [135/303]
  * #variants in cis = 6
  * Best hit: [id=7_internal_8922, d=-932342, pv=0.342669, s=0.1002]

Processing phenotype [ENSG00000265932.1] [136/303]
  * #variants in cis = 7
  * Best hit: [id=7_internal_10173, d=-702127, pv=0.101444, s=0.1752]

Processing phenotype [ENSG00000105849.5] [137/303]
  * #variants in cis = 7
  * Best hit: [id=7_internal_9838, d=-728344, pv=0.0851392, s=0.1839]

Processing phenotype [ENSG00000213860.3] [138/303]
  * #variants in cis = 8
  * Best hit: [id=7_internal_9110, d=461625, pv=0.097658, s=0.1800]

Processing phenotype [ENSG00000243004.1] [139/303]
  * #variants in cis = 8
  * Best hit: [id=7_internal_9935, d=0, pv=0.221927, s=0.1311]

Processing phenotype [ENSG00000183742.7] [140/303]
  * #variants in cis = 8
  * Best hit: [id=7_internal_11346, d=-232613, pv=0.230073, s=0.1399]

Processing phenotype [ENSG00000219451.3] [141/303]
  * #variants in cis = 11
  * Best hit: [id=7_internal_10537, d=-661736, pv=0.0461047, s=-0.2149]

Processing phenotype [ENSG00000105866.8] [142/303]
  * #variants in cis = 8
  * Best hit: [id=7_internal_9107, d=0, pv=0.147537, s=0.1649]

Processing phenotype [ENSG00000105877.12] [143/303]
  * #variants in cis = 6
  * Best hit: [id=7_internal_12144, d=353148, pv=0.000106644, s=0.4243]

Processing phenotype [ENSG00000164649.15] [144/303]
  * #variants in cis = 9
  * Best hit: [id=7_internal_12144, d=0, pv=7.34077e-06, s=0.4742]

Processing phenotype [ENSG00000233476.2] [145/303]
  * #variants in cis = 11
  * Best hit: [id=7_internal_11525, d=-37736, pv=0.345114, s=-0.1043]

Processing phenotype [ENSG00000196683.6] [146/303]
  * #variants in cis = 10
  * Best hit: [id=7_internal_9054, d=0, pv=0.00153286, s=0.3218]

Processing phenotype [ENSG00000228649.3] [147/303]
  * #variants in cis = 10
  * Best hit: [id=7_internal_9726, d=-263005, pv=0.0414575, s=-0.2168]

Processing phenotype [ENSG00000221740.1] [148/303]
  * #variants in cis = 10
  * Best hit: [id=7_internal_11519, d=22374, pv=0.173664, s=-0.1376]

Processing phenotype [ENSG00000226329.2] [149/303]
  * #variants in cis = 10
  * Best hit: [id=7_internal_8551, d=-127853, pv=0.0598597, s=0.1890]

Processing phenotype [ENSG00000122591.7] [150/303]
  * #variants in cis = 10
  * Best hit: [id=7_internal_11525, d=286164, pv=0.270183, s=0.1259]

Processing phenotype [ENSG00000230658.1] [151/303]
  * #variants in cis = 9
  * Best hit: [id=7_internal_9831, d=-99734, pv=0.0252197, s=0.2336]

Processing phenotype [ENSG00000122550.12] [152/303]
  * #variants in cis = 9
  * Best hit: [id=7_internal_9831, d=99703, pv=0.0452607, s=0.2007]

Processing phenotype [ENSG00000230042.1] [153/303]
  * #variants in cis = 9
  * Best hit: [id=7_internal_9726, d=-537927, pv=0.015676, s=-0.2562]

Processing phenotype [ENSG00000214871.3] [154/303]
  * #variants in cis = 9
  * Best hit: [id=7_internal_11525, d=-443175, pv=0.043763, s=-0.2315]

Processing phenotype [ENSG00000136243.12] [155/303]
  * #variants in cis = 9
  * Best hit: [id=7_internal_8401, d=0, pv=0.00413672, s=0.3181]

Processing phenotype [ENSG00000226816.2] [156/303]
  * #variants in cis = 9
  * Best hit: [id=7_internal_9831, d=0, pv=4.53744e-11, s=0.6282]

Processing phenotype [ENSG00000156928.4] [157/303]
  * #variants in cis = 9
  * Best hit: [id=7_internal_9831, d=-49959, pv=0.0269569, s=-0.2326]

Processing phenotype [ENSG00000136231.8] [158/303]
  * #variants in cis = 9
  * Best hit: [id=7_internal_8551, d=447718, pv=0.08971, s=-0.1852]

Processing phenotype [ENSG00000232818.2] [159/303]
  * #variants in cis = 8
  * Best hit: [id=7_internal_8551, d=-467724, pv=0.0412103, s=0.2025]

Processing phenotype [ENSG00000164548.6] [160/303]
  * #variants in cis = 8
  * Best hit: [id=7_internal_11525, d=804075, pv=0.0902465, s=-0.1691]

Processing phenotype [ENSG00000169193.7] [161/303]
  * #variants in cis = 7
  * Best hit: [id=7_internal_11525, d=-869413, pv=0.022759, s=-0.2651]

Processing phenotype [ENSG00000227436.1] [162/303]
  * #variants in cis = 7
  * Best hit: [id=7_internal_8401, d=-435682, pv=0.0433041, s=-0.1978]

Processing phenotype [ENSG00000188732.6] [163/303]
  * #variants in cis = 7
  * Best hit: [id=7_internal_9831, d=-431350, pv=0.394559, s=-0.0937]

Processing phenotype [ENSG00000234286.1] [164/303]
  * #variants in cis = 7
  * Best hit: [id=7_internal_9831, d=432006, pv=0.22523, s=0.1287]

Processing phenotype [ENSG00000196335.8] [165/303]
  * #variants in cis = 8
  * Best hit: [id=7_internal_11519, d=-823563, pv=0.0235392, s=-0.2234]

Processing phenotype [ENSG00000105926.9] [166/303]
  * #variants in cis = 5
  * Best hit: [id=7_internal_8653, d=389212, pv=0.129432, s=0.1693]

Processing phenotype [ENSG00000105928.9] [167/303]
  * #variants in cis = 6
  * Best hit: [id=7_internal_10338, d=-169106, pv=0.0394212, s=0.2176]

Processing phenotype [ENSG00000070882.8] [168/303]
  * #variants in cis = 8
  * Best hit: [id=7_internal_10338, d=14765, pv=0.000419511, s=0.3728]

Processing phenotype [ENSG00000172115.4] [169/303]
  * #variants in cis = 8
  * Best hit: [id=7_internal_9160, d=212449, pv=0.0680303, s=0.2217]

Processing phenotype [ENSG00000153790.7] [170/303]
  * #variants in cis = 8
  * Best hit: [id=7_internal_9160, d=267444, pv=0.173648, s=0.1474]

Processing phenotype [ENSG00000239622.1] [171/303]
  * #variants in cis = 10
  * Best hit: [id=7_internal_10277, d=902064, pv=0.0213159, s=0.2707]

Processing phenotype [ENSG00000223561.2] [172/303]
  * #variants in cis = 10
  * Best hit: [id=7_internal_9627, d=106446, pv=0.000784899, s=0.3486]

Processing phenotype [ENSG00000050344.7] [173/303]
  * #variants in cis = 9
  * Best hit: [id=7_internal_11459, d=0, pv=7.04019e-08, s=0.5412]

Processing phenotype [ENSG00000122565.13] [174/303]
  * #variants in cis = 9
  * Best hit: [id=7_internal_8517, d=921548, pv=0.0328535, s=0.2341]

Processing phenotype [ENSG00000122566.16] [175/303]
  * #variants in cis = 9
  * Best hit: [id=7_internal_8517, d=-921181, pv=0.0348316, s=0.2334]

Processing phenotype [ENSG00000086300.11] [176/303]
  * #variants in cis = 11
  * Best hit: [id=7_internal_9627, d=-647373, pv=0.000341638, s=0.3844]

Processing phenotype [ENSG00000225792.1] [177/303]
  * #variants in cis = 11
  * Best hit: [id=7_internal_12732, d=-308776, pv=0.00177627, s=-0.3376]

Processing phenotype [ENSG00000122548.3] [178/303]
  * #variants in cis = 11
  * Best hit: [id=7_internal_12732, d=-146690, pv=0.00495522, s=-0.3131]

Processing phenotype [ENSG00000005020.8] [179/303]
  * #variants in cis = 10
  * Best hit: [id=7_internal_12732, d=0, pv=0.005634, s=-0.2990]

Processing phenotype [ENSG00000233429.5] [180/303]
  * #variants in cis = 11
  * Best hit: [id=7_internal_8748, d=-756050, pv=0.00281874, s=0.2851]

Processing phenotype [ENSG00000105991.7] [181/303]
  * #variants in cis = 11
  * Best hit: [id=7_internal_12732, d=0, pv=0.00417096, s=0.2586]

Processing phenotype [ENSG00000105996.5] [182/303]
  * #variants in cis = 11
  * Best hit: [id=7_internal_8748, d=763214, pv=0.000539768, s=0.3281]

Processing phenotype [ENSG00000253552.3] [183/303]
  * #variants in cis = 11
  * Best hit: [id=7_internal_8757, d=39182, pv=0.014144, s=-0.2549]

Processing phenotype [ENSG00000254369.2] [184/303]
  * #variants in cis = 11
  * Best hit: [id=7_internal_8757, d=16982, pv=0.0239144, s=0.2598]

Processing phenotype [ENSG00000105997.16] [185/303]
  * #variants in cis = 11
  * Best hit: [id=7_internal_9089, d=-742397, pv=0.0495526, s=-0.2113]

Processing phenotype [ENSG00000253187.2] [186/303]
  * #variants in cis = 10
  * Best hit: [id=7_internal_8821, d=43958, pv=0.087203, s=-0.1935]

Processing phenotype [ENSG00000078399.11] [187/303]
  * #variants in cis = 10
  * Best hit: [id=7_internal_12732, d=67132, pv=0.00512333, s=-0.2931]

Processing phenotype [ENSG00000253293.3] [188/303]
  * #variants in cis = 10
  * Best hit: [id=7_internal_8821, d=-32316, pv=0.0238282, s=-0.2498]

Processing phenotype [ENSG00000233830.2] [189/303]
  * #variants in cis = 9
  * Best hit: [id=7_internal_8436, d=-603127, pv=0.137126, s=0.1619]

Processing phenotype [ENSG00000106049.3] [190/303]
  * #variants in cis = 10
  * Best hit: [id=7_internal_9917, d=290087, pv=0.0348565, s=0.2433]

Processing phenotype [ENSG00000106052.8] [191/303]
  * #variants in cis = 10
  * Best hit: [id=7_internal_8436, d=322645, pv=0.000776139, s=0.3760]

Processing phenotype [ENSG00000229893.1] [192/303]
  * #variants in cis = 10
  * Best hit: [id=7_internal_9563, d=595113, pv=0.0437178, s=-0.2146]

Processing phenotype [ENSG00000234336.2] [193/303]
  * #variants in cis = 12
  * Best hit: [id=7_internal_8436, d=-89601, pv=0.00365375, s=0.3242]

Processing phenotype [ENSG00000153814.7] [194/303]
  * #variants in cis = 12
  * Best hit: [id=7_internal_9089, d=278050, pv=2.07096e-08, s=0.6025]

Processing phenotype [ENSG00000106069.14] [195/303]
  * #variants in cis = 10
  * Best hit: [id=7_internal_13047, d=34166, pv=0.00290323, s=0.3160]

Processing phenotype [ENSG00000106066.9] [196/303]
  * #variants in cis = 11
  * Best hit: [id=7_internal_9891, d=-757903, pv=0.0400696, s=-0.2298]

Processing phenotype [ENSG00000227855.2] [197/303]
  * #variants in cis = 14
  * Best hit: [id=7_internal_9207, d=13375, pv=0.00795062, s=0.2652]

Processing phenotype [ENSG00000227014.1] [198/303]
  * #variants in cis = 11
  * Best hit: [id=7_internal_8954, d=-893074, pv=0.0497726, s=-0.1984]

Processing phenotype [ENSG00000136193.11] [199/303]
  * #variants in cis = 11
  * Best hit: [id=7_internal_9891, d=0, pv=0.00802732, s=0.2672]

Processing phenotype [ENSG00000106080.6] [200/303]
  * #variants in cis = 12
  * Best hit: [id=7_internal_9719, d=-444531, pv=0.0815937, s=0.1837]

Processing phenotype [ENSG00000106086.12] [201/303]
  * #variants in cis = 12
  * Best hit: [id=7_internal_12864, d=271337, pv=0.0648127, s=0.2152]

Processing phenotype [ENSG00000231519.1] [202/303]
  * #variants in cis = 12
  * Best hit: [id=7_internal_13047, d=730983, pv=0.013134, s=0.2501]

Processing phenotype [ENSG00000180354.11] [203/303]
  * #variants in cis = 10
  * Best hit: [id=7_internal_13112, d=34381, pv=0.0242682, s=0.2463]

Processing phenotype [ENSG00000230751.1] [204/303]
  * #variants in cis = 10
  * Best hit: [id=7_internal_9132, d=-256295, pv=0.0464442, s=0.2118]

Processing phenotype [ENSG00000251660.1] [205/303]
  * #variants in cis = 9
  * Best hit: [id=7_internal_13112, d=11660, pv=0.00077784, s=0.3464]

Processing phenotype [ENSG00000225907.1] [206/303]
  * #variants in cis = 9
  * Best hit: [id=7_internal_13112, d=1387, pv=0.0645528, s=-0.1914]

Processing phenotype [ENSG00000227017.1] [207/303]
  * #variants in cis = 9
  * Best hit: [id=7_internal_13047, d=834882, pv=0.248028, s=-0.1183]

Processing phenotype [ENSG00000180233.9] [208/303]
  * #variants in cis = 9
  * Best hit: [id=7_internal_13112, d=-30489, pv=0.14015, s=0.1564]

Processing phenotype [ENSG00000235859.4] [209/303]
  * #variants in cis = 8
  * Best hit: [id=7_internal_12864, d=-18138, pv=0.00100216, s=0.3710]

Processing phenotype [ENSG00000106100.6] [210/303]
  * #variants in cis = 9
  * Best hit: [id=7_internal_9212, d=173468, pv=0.00150219, s=0.3160]

Processing phenotype [ENSG00000244480.1] [211/303]
  * #variants in cis = 9
  * Best hit: [id=7_internal_9891, d=533712, pv=0.134058, s=0.1578]

Processing phenotype [ENSG00000264520.1] [212/303]
  * #variants in cis = 9
  * Best hit: [id=7_internal_9212, d=-220415, pv=0.0751124, s=0.1827]

Processing phenotype [ENSG00000226874.1] [213/303]
  * #variants in cis = 9
  * Best hit: [id=7_internal_9891, d=-553230, pv=0.108277, s=0.1679]

Processing phenotype [ENSG00000263683.1] [214/303]
  * #variants in cis = 9
  * Best hit: [id=7_internal_9212, d=-244901, pv=0.13481, s=0.1592]

Processing phenotype [ENSG00000234133.2] [215/303]
  * #variants in cis = 9
  * Best hit: [id=7_internal_9891, d=559958, pv=0.12964, s=0.1635]

Processing phenotype [ENSG00000006625.13] [216/303]
  * #variants in cis = 9
  * Best hit: [id=7_internal_9212, d=246163, pv=0.189147, s=0.1414]

Processing phenotype [ENSG00000236455.2] [217/303]
  * #variants in cis = 9
  * Best hit: [id=7_internal_9891, d=595149, pv=0.0135793, s=0.2847]

Processing phenotype [ENSG00000106105.9] [218/303]
  * #variants in cis = 9
  * Best hit: [id=7_internal_9238, d=400374, pv=0.0605944, s=0.2059]

Processing phenotype [ENSG00000196295.5] [219/303]
  * #variants in cis = 9
  * Best hit: [id=7_internal_9891, d=603986, pv=0.0740547, s=0.2007]

Processing phenotype [ENSG00000241644.2] [220/303]
  * #variants in cis = 8
  * Best hit: [id=7_internal_9132, d=-813410, pv=0.122543, s=0.1658]

Processing phenotype [ENSG00000106113.14] [221/303]
  * #variants in cis = 8
  * Best hit: [id=7_internal_9212, d=394813, pv=0.426164, s=0.0824]

Processing phenotype [ENSG00000254959.2] [222/303]
  * #variants in cis = 8
  * Best hit: [id=7_internal_9398, d=725999, pv=0.0975407, s=0.1665]

Processing phenotype [ENSG00000106125.14] [223/303]
  * #variants in cis = 8
  * Best hit: [id=7_internal_9398, d=706719, pv=0.103212, s=0.1669]

Processing phenotype [ENSG00000250424.3] [224/303]
  * #variants in cis = 8
  * Best hit: [id=7_internal_9719, d=-373004, pv=0.0824999, s=-0.1986]

Processing phenotype [ENSG00000240583.6] [225/303]
  * #variants in cis = 8
  * Best hit: [id=7_internal_9132, d=-968819, pv=0.0225077, s=0.2335]

Processing phenotype [ENSG00000106355.5] [226/303]
  * #variants in cis = 3
  * Best hit: [id=7_internal_8834, d=603754, pv=0.151047, s=0.1585]

Processing phenotype [ENSG00000105778.13] [227/303]
  * #variants in cis = 3
  * Best hit: [id=7_internal_8736, d=461479, pv=0.0575262, s=-0.1961]

Processing phenotype [ENSG00000229358.2] [228/303]
  * #variants in cis = 2
  * Best hit: [id=7_internal_8834, d=870258, pv=0.596537, s=-0.0605]

Processing phenotype [ENSG00000170852.6] [229/303]
  * #variants in cis = 1
  * Best hit: [id=7_internal_8736, d=-62774, pv=0.685968, s=-0.0448]

Processing phenotype [ENSG00000205763.9] [230/303]
  * #variants in cis = 1
  * Best hit: [id=7_internal_8736, d=-13729, pv=0.686156, s=0.0436]

Processing phenotype [ENSG00000122642.6] [231/303]
  * #variants in cis = 1
  * Best hit: [id=7_internal_8736, d=0, pv=0.974039, s=-0.0037]

Processing phenotype [ENSG00000237059.1] [232/303]
  * #variants in cis = 1
  * Best hit: [id=7_internal_8736, d=-42708, pv=0.0661253, s=0.1775]

Processing phenotype [ENSG00000229054.1] [233/303]
  * #variants in cis = 1
  * Best hit: [id=7_internal_8736, d=63031, pv=0.213764, s=-0.1276]

Processing phenotype [ENSG00000241420.2] [234/303]
  * #variants in cis = 1
  * Best hit: [id=7_internal_8736, d=72739, pv=0.729857, s=0.0333]

Processing phenotype [ENSG00000122643.13] [235/303]
  * #variants in cis = 1
  * Best hit: [id=7_internal_8736, d=89446, pv=0.352269, s=0.0982]

Processing phenotype [ENSG00000164610.4] [236/303]
  * #variants in cis = 1
  * Best hit: [id=7_internal_8736, d=136050, pv=0.534652, s=0.0679]

Processing phenotype [ENSG00000122507.16] [237/303]
  * #variants in cis = 1
  * Best hit: [id=7_internal_8736, d=-155893, pv=0.694923, s=-0.0426]

Processing phenotype [ENSG00000224946.1] [238/303]
  * #variants in cis = 1
  * Best hit: [id=7_internal_8736, d=303740, pv=0.239107, s=-0.1332]

Processing phenotype [ENSG00000238090.1] [239/303]
  * #variants in cis = 1
  * Best hit: [id=7_internal_8736, d=-406613, pv=0.710031, s=0.0404]

Processing phenotype [ENSG00000173862.3] [240/303]
  * #variants in cis = 1
  * Best hit: [id=7_internal_8736, d=-752630, pv=0.210478, s=-0.1293]

Processing phenotype [ENSG00000227481.1] [241/303]
  * #variants in cis = 1
  * Best hit: [id=7_internal_8736, d=758713, pv=0.506772, s=-0.0694]

Processing phenotype [ENSG00000236494.1] [242/303]
  * #variants in cis = 1
  * Best hit: [id=7_internal_8736, d=829805, pv=0.585547, s=-0.0563]

Processing phenotype [ENSG00000173852.9] [243/303]
  * #variants in cis = 3
  * Best hit: [id=7_internal_9846, d=0, pv=0.0073775, s=0.2941]

Processing phenotype [ENSG00000122557.4] [244/303]
  * #variants in cis = 13
  * Best hit: [id=7_internal_11825, d=-693784, pv=0.0350363, s=0.2093]

Processing phenotype [ENSG00000227544.2] [245/303]
  * #variants in cis = 13
  * Best hit: [id=7_internal_9055, d=800143, pv=0.0102217, s=0.2521]

Processing phenotype [ENSG00000228878.2] [246/303]
  * #variants in cis = 13
  * Best hit: [id=7_internal_11044, d=-342196, pv=0.0457509, s=-0.2241]

Processing phenotype [ENSG00000122545.12] [247/303]
  * #variants in cis = 13
  * Best hit: [id=7_internal_11825, d=587987, pv=0.0692536, s=0.1781]

Processing phenotype [ENSG00000221156.1] [248/303]
  * #variants in cis = 13
  * Best hit: [id=7_internal_8183, d=-266145, pv=0.00700725, s=0.2672]

Processing phenotype [ENSG00000226102.2] [249/303]
  * #variants in cis = 14
  * Best hit: [id=7_internal_11825, d=442625, pv=0.191463, s=-0.1382]

Processing phenotype [ENSG00000122547.6] [250/303]
  * #variants in cis = 18
  * Best hit: [id=7_internal_11089, d=0, pv=7.48554e-08, s=0.5663]

Processing phenotype [ENSG00000011426.6] [251/303]
  * #variants in cis = 21
  * Best hit: [id=7_internal_9348, d=972332, pv=0.040885, s=-0.2343]

Processing phenotype [ENSG00000164542.8] [252/303]
  * #variants in cis = 21
  * Best hit: [id=7_internal_11089, d=100755, pv=0.0599082, s=0.1870]

Processing phenotype [ENSG00000230539.1] [253/303]
  * #variants in cis = 20
  * Best hit: [id=7_internal_10653, d=-76665, pv=4.90911e-08, s=0.5419]

Processing phenotype [ENSG00000136250.7] [254/303]
  * #variants in cis = 22
  * Best hit: [id=7_internal_10653, d=11684, pv=1.37217e-11, s=0.6700]

Processing phenotype [ENSG00000235728.1] [255/303]
  * #variants in cis = 23
  * Best hit: [id=7_internal_10527, d=477783, pv=0.00153965, s=0.3530]

Processing phenotype [ENSG00000225739.1] [256/303]
  * #variants in cis = 23
  * Best hit: [id=7_internal_11108, d=296944, pv=0.0576272, s=-0.1859]

Processing phenotype [ENSG00000230831.1] [257/303]
  * #variants in cis = 23
  * Best hit: [id=7_internal_9348, d=523170, pv=0.0158193, s=0.2742]

Processing phenotype [ENSG00000221325.1] [258/303]
  * #variants in cis = 23
  * Best hit: [id=7_internal_9348, d=-442710, pv=0.140453, s=0.1505]

Processing phenotype [ENSG00000224101.1] [259/303]
  * #variants in cis = 23
  * Best hit: [id=7_internal_9055, d=-370904, pv=0.0754784, s=-0.1780]

Processing phenotype [ENSG00000221157.1] [260/303]
  * #variants in cis = 22
  * Best hit: [id=7_internal_9854, d=489188, pv=0.0285358, s=0.2321]

Processing phenotype [ENSG00000224706.1] [261/303]
  * #variants in cis = 22
  * Best hit: [id=7_internal_9396, d=99272, pv=0.00172676, s=-0.3240]

Processing phenotype [ENSG00000238772.1] [262/303]
  * #variants in cis = 23
  * Best hit: [id=7_internal_10590, d=55780, pv=0.0421071, s=0.2234]

Processing phenotype [ENSG00000213744.3] [263/303]
  * #variants in cis = 26
  * Best hit: [id=7_internal_10372, d=269735, pv=0.00199795, s=-0.3230]

Processing phenotype [ENSG00000200113.1] [264/303]
  * #variants in cis = 25
  * Best hit: [id=7_internal_8947, d=748762, pv=0.07828, s=0.1814]

Processing phenotype [ENSG00000201566.1] [265/303]
  * #variants in cis = 25
  * Best hit: [id=7_internal_8947, d=733275, pv=0.0749444, s=-0.1713]

Processing phenotype [ENSG00000155849.11] [266/303]
  * #variants in cis = 25
  * Best hit: [id=7_internal_10527, d=0, pv=2.99078e-05, s=0.4253]

Processing phenotype [ENSG00000086289.7] [267/303]
  * #variants in cis = 23
  * Best hit: [id=7_internal_12480, d=0, pv=0.0169799, s=-0.2562]

Processing phenotype [ENSG00000010270.9] [268/303]
  * #variants in cis = 18
  * Best hit: [id=7_internal_10257, d=165997, pv=0.0593621, s=0.1981]

Processing phenotype [ENSG00000227191.2] [269/303]
  * #variants in cis = 16
  * Best hit: [id=7_internal_11020, d=5462, pv=3.07743e-05, s=0.4250]

Processing phenotype [ENSG00000211688.1] [270/303]
  * #variants in cis = 16
  * Best hit: [id=7_internal_8965, d=664632, pv=0.0403624, s=0.2133]

Processing phenotype [ENSG00000211689.2] [271/303]
  * #variants in cis = 16
  * Best hit: [id=7_internal_9412, d=0, pv=1.27219e-06, s=0.4916]

Processing phenotype [ENSG00000211694.2] [272/303]
  * #variants in cis = 16
  * Best hit: [id=7_internal_11020, d=56212, pv=2.07375e-05, s=0.4096]

Processing phenotype [ENSG00000211695.2] [273/303]
  * #variants in cis = 16
  * Best hit: [id=7_internal_11020, d=74751, pv=0.0527918, s=0.2014]

Processing phenotype [ENSG00000211697.2] [274/303]
  * #variants in cis = 16
  * Best hit: [id=7_internal_10257, d=0, pv=0.000158526, s=0.3897]

Processing phenotype [ENSG00000211698.2] [275/303]
  * #variants in cis = 16
  * Best hit: [id=7_internal_10257, d=0, pv=3.94059e-05, s=0.4182]

Processing phenotype [ENSG00000211699.2] [276/303]
  * #variants in cis = 16
  * Best hit: [id=7_internal_10257, d=0, pv=9.874e-09, s=0.5607]

Processing phenotype [ENSG00000233306.2] [277/303]
  * #variants in cis = 16
  * Best hit: [id=7_internal_11020, d=119408, pv=0.00474104, s=0.2876]

Processing phenotype [ENSG00000211701.2] [278/303]
  * #variants in cis = 16
  * Best hit: [id=7_internal_10257, d=0, pv=9.03523e-06, s=0.4570]

Processing phenotype [ENSG00000078053.12] [279/303]
  * #variants in cis = 14
  * Best hit: [id=7_internal_10257, d=259099, pv=0.00171155, s=0.3199]

Processing phenotype [ENSG00000164556.7] [280/303]
  * #variants in cis = 13
  * Best hit: [id=7_internal_9412, d=367826, pv=0.0200642, s=0.2235]

Processing phenotype [ENSG00000006715.11] [281/303]
  * #variants in cis = 12
  * Best hit: [id=7_internal_10454, d=252518, pv=0.0506183, s=-0.2127]

Processing phenotype [ENSG00000241127.3] [282/303]
  * #variants in cis = 7
  * Best hit: [id=7_internal_11551, d=954936, pv=0.124075, s=-0.1626]

Processing phenotype [ENSG00000236015.1] [283/303]
  * #variants in cis = 7
  * Best hit: [id=7_internal_10710, d=-127972, pv=0.0512629, s=0.2106]

Processing phenotype [ENSG00000006451.3] [284/303]
  * #variants in cis = 8
  * Best hit: [id=7_internal_9093, d=-669261, pv=0.125932, s=-0.1650]

Processing phenotype [ENSG00000228554.1] [285/303]
  * #variants in cis = 7
  * Best hit: [id=7_internal_11551, d=-818016, pv=0.0590607, s=-0.1842]

Processing phenotype [ENSG00000188185.6] [286/303]
  * #variants in cis = 7
  * Best hit: [id=7_internal_9516, d=847390, pv=0.348623, s=0.1014]

Processing phenotype [ENSG00000233225.2] [287/303]
  * #variants in cis = 7
  * Best hit: [id=7_internal_11551, d=688098, pv=0.186406, s=-0.1270]

Processing phenotype [ENSG00000175741.4] [288/303]
  * #variants in cis = 7
  * Best hit: [id=7_internal_10710, d=118395, pv=0.261266, s=0.1074]

Processing phenotype [ENSG00000259826.1] [289/303]
  * #variants in cis = 7
  * Best hit: [id=7_internal_9760, d=429554, pv=0.0472212, s=-0.2117]

Processing phenotype [ENSG00000065883.10] [290/303]
  * #variants in cis = 7
  * Best hit: [id=7_internal_10710, d=-213376, pv=0.0937512, s=0.1909]

Processing phenotype [ENSG00000199273.1] [291/303]
  * #variants in cis = 8
  * Best hit: [id=7_internal_10710, d=391571, pv=0.0329871, s=0.2155]

Processing phenotype [ENSG00000168303.5] [292/303]
  * #variants in cis = 8
  * Best hit: [id=7_internal_11717, d=-285094, pv=0.258266, s=-0.1251]

Processing phenotype [ENSG00000175600.10] [293/303]
  * #variants in cis = 8
  * Best hit: [id=7_internal_10643, d=992824, pv=0.0463799, s=-0.2162]

Processing phenotype [ENSG00000248711.1] [294/303]
  * #variants in cis = 8
  * Best hit: [id=7_internal_10435, d=853658, pv=0.20805, s=-0.1481]

Processing phenotype [ENSG00000203446.2] [295/303]
  * #variants in cis = 8
  * Best hit: [id=7_internal_11717, d=0, pv=0.0733611, s=0.1832]

Processing phenotype [ENSG00000261019.1] [296/303]
  * #variants in cis = 5
  * Best hit: [id=7_internal_9494, d=-209867, pv=0.083417, s=-0.1782]

Processing phenotype [ENSG00000136197.7] [297/303]
  * #variants in cis = 5
  * Best hit: [id=7_internal_9661, d=-813747, pv=0.015087, s=-0.2493]

Processing phenotype [ENSG00000234983.1] [298/303]
  * #variants in cis = 5
  * Best hit: [id=7_internal_9494, d=193765, pv=0.00216013, s=-0.3251]

Processing phenotype [ENSG00000256646.3] [299/303]
  * #variants in cis = 5
  * Best hit: [id=7_internal_10585, d=-788730, pv=0.108636, s=-0.1734]

Processing phenotype [ENSG00000106591.3] [300/303]
  * #variants in cis = 5
  * Best hit: [id=7_internal_11533, d=-19383, pv=0.0749209, s=0.1997]

Processing phenotype [ENSG00000106588.6] [301/303]
  * #variants in cis = 5
  * Best hit: [id=7_internal_10585, d=-788681, pv=0.0495652, s=-0.2128]

Processing phenotype [ENSG00000164543.5] [302/303]
  * #variants in cis = 6
  * Best hit: [id=7_internal_8875, d=403005, pv=0.155898, s=0.1528]

Processing phenotype [ENSG00000106603.12] [303/303]
  * #variants in cis = 9
  * Best hit: [id=7_internal_10585, d=0, pv=0.0197482, s=-0.2223]

Running time: 1 seconds
