Sender: LSF System <lsfadmin@cpt11>
Subject: Job 974180: </data/unige/funpopgen/odelanea/SGX/V2/binaries/qtltools/bin/QTLtools cis --vcf /data/unige/funpopgen/grey2/SYSCID/BLUEPRINT_DATA/CRD/THREE_CELL_TYPES/CLOMICS/CELL_TYPE_COMPARISON_GENE_CRD_ASSOCIATIONS/quantify/72_vs_70_ALL.ALLchr.mean.txt.gz --bed /data/unige/funpopgen/grey2/SYSCID/BLUEPRINT_DATA/CRD/THREE_CELL_TYPES/QTL_TOOLS/EGAD00001002674_v3.0/EGAD00001002674_RNA.PC10.bed.gz --permute 200 --chunk 37 100 --out /data/unige/funpopgen/grey2/SYSCID/BLUEPRINT_DATA/CRD/THREE_CELL_TYPES/CLOMICS/CELL_TYPE_COMPARISON_GENE_CRD_ASSOCIATIONS/mapping_aCRD_gene/72_vs_70/gene_CRD_mean_chunk37\.txt> in cluster <ug> Done

Job </data/unige/funpopgen/odelanea/SGX/V2/binaries/qtltools/bin/QTLtools cis --vcf /data/unige/funpopgen/grey2/SYSCID/BLUEPRINT_DATA/CRD/THREE_CELL_TYPES/CLOMICS/CELL_TYPE_COMPARISON_GENE_CRD_ASSOCIATIONS/quantify/72_vs_70_ALL.ALLchr.mean.txt.gz --bed /data/unige/funpopgen/grey2/SYSCID/BLUEPRINT_DATA/CRD/THREE_CELL_TYPES/QTL_TOOLS/EGAD00001002674_v3.0/EGAD00001002674_RNA.PC10.bed.gz --permute 200 --chunk 37 100 --out /data/unige/funpopgen/grey2/SYSCID/BLUEPRINT_DATA/CRD/THREE_CELL_TYPES/CLOMICS/CELL_TYPE_COMPARISON_GENE_CRD_ASSOCIATIONS/mapping_aCRD_gene/72_vs_70/gene_CRD_mean_chunk37\.txt> was submitted from host <frt.ug.vital-it.ch> by user <grey2> in cluster <ug>.
Job was executed on host(s) <cpt11>, in queue <normal>, as user <grey2> in cluster <ug>.
</home/grey2> was used as the home directory.
</data/unige/funpopgen/grey2/SYSCID/BLUEPRINT_DATA/CRD/THREE_CELL_TYPES/CLOMICS/CELL_TYPE_COMPARISON_GENE_CRD_ASSOCIATIONS> was used as the working directory.
Started at Thu Mar 21 11:26:49 2019
Results reported at Thu Mar 21 11:26:56 2019

Your job looked like:

------------------------------------------------------------
# LSBATCH: User input
/data/unige/funpopgen/odelanea/SGX/V2/binaries/qtltools/bin/QTLtools cis --vcf /data/unige/funpopgen/grey2/SYSCID/BLUEPRINT_DATA/CRD/THREE_CELL_TYPES/CLOMICS/CELL_TYPE_COMPARISON_GENE_CRD_ASSOCIATIONS/quantify/72_vs_70_ALL.ALLchr.mean.txt.gz --bed /data/unige/funpopgen/grey2/SYSCID/BLUEPRINT_DATA/CRD/THREE_CELL_TYPES/QTL_TOOLS/EGAD00001002674_v3.0/EGAD00001002674_RNA.PC10.bed.gz --permute 200 --chunk 37 100 --out /data/unige/funpopgen/grey2/SYSCID/BLUEPRINT_DATA/CRD/THREE_CELL_TYPES/CLOMICS/CELL_TYPE_COMPARISON_GENE_CRD_ASSOCIATIONS/mapping_aCRD_gene/72_vs_70/gene_CRD_mean_chunk37\.txt

------------------------------------------------------------

Successfully completed.

Resource usage summary:

    CPU time :               3.52 sec.
    Max Memory :             2.15 MB
    Average Memory :         2.15 MB
    Total Requested Memory : -
    Delta Memory :           -
    (Delta: the difference between total requested memory and actual max usage.)
    Max Swap :               30 MB

    Max Processes :          1
    Max Threads :            1

The output (if any) follows:


[32mQTLtools[0m
  * Authors : Olivier DELANEAU / Halit ONGEN / Emmanouil DERMITZAKIS
  * Contact : olivier.delaneau@gmail.com / halit.ongen@unige.ch / Emmanouil.Dermitzakis@unige.ch
  * Webpage : https://qtltools.github.io/qtltools/
  * Version : 1.1
  * Date    : 21/03/2019 - 11:26:52
  * Citation: A complete tool set for molecular QTL discovery and analysis, https://doi.org/10.1101/068635

[32mMAPPING QTL IN CIS[0m
  * TASK: Perform 200 permutations
  * Linear model: Phe ~ Var
  * Cis-window size is 1000000 bp
  * Chunk = [37/100]

Scanning phenotype data in [/data/unige/funpopgen/grey2/SYSCID/BLUEPRINT_DATA/CRD/THREE_CELL_TYPES/QTL_TOOLS/EGAD00001002674_v3.0/EGAD00001002674_RNA.PC10.bed.gz]
  * 26159 phenotypes included
  * 13004 phenotypes are on the negative strand

Initialize random number generator
  * Built-in seed is 15112011
  * First Integer = 30554
  * First Double = 0.0126695

Reading sample list from [/data/unige/funpopgen/grey2/SYSCID/BLUEPRINT_DATA/CRD/THREE_CELL_TYPES/QTL_TOOLS/EGAD00001002674_v3.0/EGAD00001002674_RNA.PC10.bed.gz]
  * #samples = 194

Reading sample list from [/data/unige/funpopgen/grey2/SYSCID/BLUEPRINT_DATA/CRD/THREE_CELL_TYPES/CLOMICS/CELL_TYPE_COMPARISON_GENE_CRD_ASSOCIATIONS/quantify/72_vs_70_ALL.ALLchr.mean.txt.gz]
  * #samples = 160

Merging sample sets from all input files
  * #files = 2
  * #samples in all files = 158
  * #samples NOT in all files (i.e. ignored) = 38

Reading phenotype data in [/data/unige/funpopgen/grey2/SYSCID/BLUEPRINT_DATA/CRD/THREE_CELL_TYPES/QTL_TOOLS/EGAD00001002674_v3.0/EGAD00001002674_RNA.PC10.bed.gz]
  * target region [7:86974831-123389121]
  * 312 phenotypes included
  * 166 phenotypes are on the negative strand

Reading genotype data in [/data/unige/funpopgen/grey2/SYSCID/BLUEPRINT_DATA/CRD/THREE_CELL_TYPES/CLOMICS/CELL_TYPE_COMPARISON_GENE_CRD_ASSOCIATIONS/quantify/72_vs_70_ALL.ALLchr.mean.txt.gz]
  * File format detected: BED
  * 158 samples included
  * 4 samples without phenotype data
  * target region [7:85974831-124389121]
  * 69 variants included

Processing phenotype [ENSG00000182165.12] [1/312]
  * #variants in cis = 3
  * Best hit: [id=7_internal_8843, d=-981039, pv=0.025209, s=-0.1664]
  * Maximum Likelihood estimation failed, use Moment Matching instead!
  * Beta parameters: [s1=0.999969, s2=3.19295]
  * Adjusted p-values: [emp=0.0597015, beta=0.0405776]

Processing phenotype [ENSG00000005469.7] [2/312]
  * #variants in cis = 3
  * Best hit: [id=7_internal_8696, d=958772, pv=0.0994688, s=-0.1324]
  * Maximum Likelihood estimation failed, use Moment Matching instead!
  * Beta parameters: [s1=1.00004, s2=3.18053]
  * Adjusted p-values: [emp=0.228856, beta=0.202463]

Processing phenotype [ENSG00000005471.11] [3/312]
  * #variants in cis = 3
  * Best hit: [id=7_internal_8696, d=-824018, pv=0.26571, s=0.0912]
  * Maximum Likelihood estimation failed, use Moment Matching instead!
  * Beta parameters: [s1=1.00003, s2=2.49839]
  * Adjusted p-values: [emp=0.567164, beta=0.584135]

Processing phenotype [ENSG00000105784.11] [4/312]
  * #variants in cis = 3
  * Best hit: [id=7_internal_12823, d=615583, pv=0.177639, s=0.1074]
  * Maximum Likelihood estimation failed, use Moment Matching instead!
  * Beta parameters: [s1=0.999999, s2=3.12122]
  * Adjusted p-values: [emp=0.447761, beta=0.456622]

Processing phenotype [ENSG00000085563.9] [5/312]
  * #variants in cis = 3
  * Best hit: [id=7_internal_12823, d=-529836, pv=0.0341604, s=-0.1730]
  * Maximum Likelihood estimation failed, use Moment Matching instead!
  * Beta parameters: [s1=1.00001, s2=2.41278]
  * Adjusted p-values: [emp=0.109453, beta=0.117146]

Processing phenotype [ENSG00000006634.3] [6/312]
  * #variants in cis = 3
  * Best hit: [id=7_internal_8843, d=450339, pv=0.145385, s=0.1151]
  * Maximum Likelihood estimation failed, use Moment Matching instead!
  * Beta parameters: [s1=1.00004, s2=2.30491]
  * Adjusted p-values: [emp=0.373134, beta=0.379058]

Processing phenotype [ENSG00000075303.8] [7/312]
  * #variants in cis = 3
  * Best hit: [id=7_internal_8843, d=-450198, pv=0.014667, s=0.2018]
  * Maximum Likelihood estimation failed, use Moment Matching instead!
  * Beta parameters: [s1=0.999953, s2=2.56247]
  * Adjusted p-values: [emp=0.0845771, beta=0.0624011]

Processing phenotype [ENSG00000008277.10] [8/312]
  * #variants in cis = 3
  * Best hit: [id=7_internal_8696, d=370311, pv=0.0212981, s=0.1847]
  * Maximum Likelihood estimation failed, use Moment Matching instead!
  * Beta parameters: [s1=1.00002, s2=2.70576]
  * Adjusted p-values: [emp=0.0547264, beta=0.061781]

Processing phenotype [ENSG00000254003.1] [9/312]
  * #variants in cis = 3
  * Best hit: [id=7_internal_8696, d=87794, pv=0.0775936, s=0.1419]
  * Maximum Likelihood estimation failed, use Moment Matching instead!
  * Beta parameters: [s1=0.999992, s2=2.96233]
  * Adjusted p-values: [emp=0.19403, beta=0.192975]

Processing phenotype [ENSG00000228113.3] [10/312]
  * #variants in cis = 3
  * Best hit: [id=7_internal_12823, d=23773, pv=1.22029e-23, s=0.6725]
  * Maximum Likelihood estimation failed, use Moment Matching instead!
  * Beta parameters: [s1=0.999992, s2=2.41226]
  * Adjusted p-values: [emp=0.00497512, beta=7.85823e-24]

Processing phenotype [ENSG00000075142.9] [11/312]
  * #variants in cis = 3
  * Best hit: [id=7_internal_8696, d=-77461, pv=0.000253634, s=0.2909]
  * Maximum Likelihood estimation failed, use Moment Matching instead!
  * Beta parameters: [s1=0.999968, s2=3.11776]
  * Adjusted p-values: [emp=0.00497512, beta=0.000260845]

Processing phenotype [ENSG00000264868.1] [12/312]
  * #variants in cis = 3
  * Best hit: [id=7_internal_12823, d=0, pv=1.08898e-23, s=0.6689]
  * Maximum Likelihood estimation failed, use Moment Matching instead!
  * Beta parameters: [s1=1.00004, s2=2.63182]
  * Adjusted p-values: [emp=0.00497512, beta=4.60132e-21]

Processing phenotype [ENSG00000127954.8] [13/312]
  * #variants in cis = 3
  * Best hit: [id=7_internal_12823, d=0, pv=4.94231e-24, s=0.6745]
  * Maximum Likelihood estimation failed, use Moment Matching instead!
  * Beta parameters: [s1=0.999972, s2=3.38254]
  * Adjusted p-values: [emp=0.00497512, beta=3.84428e-28]

Processing phenotype [ENSG00000105792.15] [14/312]
  * #variants in cis = 1
  * Best hit: [id=7_internal_8415, d=322264, pv=0.607659, s=0.0423]
  * Maximum Likelihood estimation failed, use Moment Matching instead!
  * Beta parameters: [s1=1.00002, s2=1.21081]
  * Adjusted p-values: [emp=0.626866, beta=0.634183]

Processing phenotype [ENSG00000105793.10] [15/312]
  * #variants in cis = 2
  * Best hit: [id=7_internal_10878, d=989964, pv=0.341183, s=-0.0782]
  * Maximum Likelihood estimation failed, use Moment Matching instead!
  * Beta parameters: [s1=1.00003, s2=1.97281]
  * Adjusted p-values: [emp=0.562189, beta=0.562584]

Processing phenotype [ENSG00000157224.8] [16/312]
  * #variants in cis = 2
  * Best hit: [id=7_internal_10878, d=941466, pv=0.67173, s=-0.0333]
  * Maximum Likelihood estimation failed, use Moment Matching instead!
  * Beta parameters: [s1=1, s2=2.25221]
  * Adjusted p-values: [emp=0.915423, beta=0.908459]

Processing phenotype [ENSG00000058091.12] [17/312]
  * #variants in cis = 2
  * Best hit: [id=7_internal_8415, d=101014, pv=0.0138731, s=0.1898]
  * Maximum Likelihood estimation failed, use Moment Matching instead!
  * Beta parameters: [s1=0.999967, s2=1.78875]
  * Adjusted p-values: [emp=0.0348259, beta=0.0302049]

Processing phenotype [ENSG00000223969.1] [18/312]
  * #variants in cis = 2
  * Best hit: [id=7_internal_8415, d=14057, pv=0.152869, s=0.1120]
  * Maximum Likelihood estimation failed, use Moment Matching instead!
  * Beta parameters: [s1=1, s2=2.03543]
  * Adjusted p-values: [emp=0.273632, beta=0.276221]

Processing phenotype [ENSG00000238739.1] [19/312]
  * #variants in cis = 2
  * Best hit: [id=7_internal_8415, d=23812, pv=0.00260256, s=0.2398]
  * Maximum Likelihood estimation failed, use Moment Matching instead!
  * Beta parameters: [s1=1.00003, s2=1.78006]
  * Adjusted p-values: [emp=0.0149254, beta=0.00727059]

Processing phenotype [ENSG00000223584.1] [20/312]
  * #variants in cis = 2
  * Best hit: [id=7_internal_8415, d=-48610, pv=0.188413, s=0.1056]
  * Maximum Likelihood estimation failed, use Moment Matching instead!
  * Beta parameters: [s1=0.99999, s2=2.45353]
  * Adjusted p-values: [emp=0.273632, beta=0.288041]

Processing phenotype [ENSG00000226254.1] [21/312]
  * #variants in cis = 3
  * Best hit: [id=7_internal_8415, d=-524079, pv=0.0103308, s=0.2017]
  * Maximum Likelihood estimation failed, use Moment Matching instead!
  * Beta parameters: [s1=0.999965, s2=3.09443]
  * Adjusted p-values: [emp=0.0497512, beta=0.0320953]

Processing phenotype [ENSG00000157240.2] [22/312]
  * #variants in cis = 3
  * Best hit: [id=7_internal_10878, d=60718, pv=4.32701e-25, s=0.7272]
  * Maximum Likelihood estimation failed, use Moment Matching instead!
  * Beta parameters: [s1=1, s2=3.37056]
  * Adjusted p-values: [emp=0.00497512, beta=2.05789e-27]

Processing phenotype [ENSG00000242870.1] [23/312]
  * #variants in cis = 4
  * Best hit: [id=7_internal_8974, d=-565851, pv=0.0199686, s=-0.1918]
  * Maximum Likelihood estimation failed, use Moment Matching instead!
  * Beta parameters: [s1=0.999982, s2=3.85981]
  * Adjusted p-values: [emp=0.0895522, beta=0.0484687]

Processing phenotype [ENSG00000127989.8] [24/312]
  * #variants in cis = 4
  * Best hit: [id=7_internal_12980, d=0, pv=0.235133, s=0.0928]
  * Maximum Likelihood estimation failed, use Moment Matching instead!
  * Beta parameters: [s1=0.999986, s2=3.41004]
  * Adjusted p-values: [emp=0.701493, beta=0.663998]

Processing phenotype [ENSG00000127914.12] [25/312]
  * #variants in cis = 4
  * Best hit: [id=7_internal_12980, d=0, pv=0.00670354, s=0.2105]
  * Maximum Likelihood estimation failed, use Moment Matching instead!
  * Beta parameters: [s1=0.999977, s2=4.44485]
  * Adjusted p-values: [emp=0.0298507, beta=0.0200224]

Processing phenotype [ENSG00000188693.7] [26/312]
  * #variants in cis = 5
  * Best hit: [id=7_internal_8974, d=311937, pv=0.0461269, s=0.1524]
  * Maximum Likelihood estimation failed, use Moment Matching instead!
  * Beta parameters: [s1=0.999964, s2=4.60005]
  * Adjusted p-values: [emp=0.228856, beta=0.253428]

Processing phenotype [ENSG00000001630.11] [27/312]
  * #variants in cis = 6
  * Best hit: [id=7_internal_8974, d=-303589, pv=0.0650582, s=0.1546]
  * Beta parameters: [s1=1.01513, s2=6.29174]
  * Adjusted p-values: [emp=0.283582, beta=0.283298]

Processing phenotype [ENSG00000240720.3] [28/312]
  * #variants in cis = 6
  * Best hit: [id=7_internal_8974, d=-267010, pv=0.0560551, s=0.1604]
  * Beta parameters: [s1=1.02235, s2=6.36397]
  * Adjusted p-values: [emp=0.273632, beta=0.285586]

Processing phenotype [ENSG00000200769.1] [29/312]
  * #variants in cis = 6
  * Best hit: [id=7_internal_12980, d=148426, pv=0.172643, s=-0.1111]
  * Beta parameters: [s1=0.879067, s2=5.80588]
  * Adjusted p-values: [emp=0.641791, beta=0.660095]

Processing phenotype [ENSG00000221520.1] [30/312]
  * #variants in cis = 6
  * Best hit: [id=7_internal_8974, d=-242443, pv=0.206678, s=0.1030]
  * Beta parameters: [s1=1.02401, s2=6.37418]
  * Adjusted p-values: [emp=0.781095, beta=0.773273]

Processing phenotype [ENSG00000243107.1] [31/312]
  * #variants in cis = 6
  * Best hit: [id=7_internal_12980, d=152949, pv=0.0495713, s=-0.1637]
  * Beta parameters: [s1=0.902335, s2=6.20073]
  * Adjusted p-values: [emp=0.253731, beta=0.250853]

Processing phenotype [ENSG00000001631.10] [32/312]
  * #variants in cis = 6
  * Best hit: [id=7_internal_11952, d=-893906, pv=0.425759, s=-0.0623]
  * Maximum Likelihood estimation failed, use Moment Matching instead!
  * Beta parameters: [s1=1.00004, s2=5.19517]
  * Adjusted p-values: [emp=0.955224, beta=0.9536]

Processing phenotype [ENSG00000001629.5] [33/312]
  * #variants in cis = 6
  * Best hit: [id=7_internal_12980, d=-192326, pv=0.147841, s=-0.1172]
  * Maximum Likelihood estimation failed, use Moment Matching instead!
  * Beta parameters: [s1=1.00001, s2=5.35489]
  * Adjusted p-values: [emp=0.60199, beta=0.591378]

Processing phenotype [ENSG00000157259.6] [34/312]
  * #variants in cis = 6
  * Best hit: [id=7_internal_8974, d=0, pv=0.182742, s=0.1075]
  * Maximum Likelihood estimation failed, use Moment Matching instead!
  * Beta parameters: [s1=1.00003, s2=5.24892]
  * Adjusted p-values: [emp=0.666667, beta=0.672209]

Processing phenotype [ENSG00000244055.1] [35/312]
  * #variants in cis = 6
  * Best hit: [id=7_internal_9485, d=348266, pv=0.0283625, s=0.1813]
  * Beta parameters: [s1=0.968923, s2=6.28236]
  * Adjusted p-values: [emp=0.169154, beta=0.170154]

Processing phenotype [ENSG00000242950.1] [36/312]
  * #variants in cis = 6
  * Best hit: [id=7_internal_9485, d=-334406, pv=0.0934186, s=0.1396]
  * Beta parameters: [s1=0.986175, s2=5.44163]
  * Adjusted p-values: [emp=0.427861, beta=0.43125]

Processing phenotype [ENSG00000127980.11] [37/312]
  * #variants in cis = 5
  * Best hit: [id=7_internal_9485, d=-277299, pv=0.00109065, s=0.2497]
  * Maximum Likelihood estimation failed, use Moment Matching instead!
  * Beta parameters: [s1=1.00002, s2=4.34281]
  * Adjusted p-values: [emp=0.00995025, beta=0.00913894]

Processing phenotype [ENSG00000127993.10] [38/312]
  * #variants in cis = 5
  * Best hit: [id=7_internal_12980, d=-474865, pv=0.271948, s=-0.0874]
  * Maximum Likelihood estimation failed, use Moment Matching instead!
  * Beta parameters: [s1=0.99998, s2=4.60128]
  * Adjusted p-values: [emp=0.80597, beta=0.79492]

Processing phenotype [ENSG00000234545.3] [39/312]
  * #variants in cis = 5
  * Best hit: [id=7_internal_12980, d=536486, pv=0.0451539, s=-0.1554]
  * Maximum Likelihood estimation failed, use Moment Matching instead!
  * Beta parameters: [s1=1.00004, s2=4.50112]
  * Adjusted p-values: [emp=0.263682, beta=0.267359]

Processing phenotype [ENSG00000237819.1] [40/312]
  * #variants in cis = 5
  * Best hit: [id=7_internal_8974, d=-305096, pv=0.24749, s=0.0919]
  * Maximum Likelihood estimation failed, use Moment Matching instead!
  * Beta parameters: [s1=1.00002, s2=8.27102]
  * Adjusted p-values: [emp=0.716418, beta=0.748226]

Processing phenotype [ENSG00000105810.5] [41/312]
  * #variants in cis = 5
  * Best hit: [id=7_internal_8406, d=-279329, pv=0.0739589, s=-0.1414]
  * Maximum Likelihood estimation failed, use Moment Matching instead!
  * Beta parameters: [s1=0.999994, s2=4.89678]
  * Adjusted p-values: [emp=0.323383, beta=0.329483]

Processing phenotype [ENSG00000266794.1] [42/312]
  * #variants in cis = 5
  * Best hit: [id=7_internal_8974, d=439912, pv=0.0762119, s=-0.1397]
  * Maximum Likelihood estimation failed, use Moment Matching instead!
  * Beta parameters: [s1=0.999956, s2=5.22241]
  * Adjusted p-values: [emp=0.283582, beta=0.276395]

Processing phenotype [ENSG00000205413.3] [43/312]
  * #variants in cis = 4
  * Best hit: [id=7_internal_11952, d=-22050, pv=0.0291186, s=-0.1701]
  * Maximum Likelihood estimation failed, use Moment Matching instead!
  * Beta parameters: [s1=1.00001, s2=3.57087]
  * Adjusted p-values: [emp=0.109453, beta=0.121459]

Processing phenotype [ENSG00000177409.7] [44/312]
  * #variants in cis = 4
  * Best hit: [id=7_internal_11952, d=0, pv=0.0244301, s=-0.1787]
  * Maximum Likelihood estimation failed, use Moment Matching instead!
  * Beta parameters: [s1=1.00002, s2=4.80444]
  * Adjusted p-values: [emp=0.0945274, beta=0.0740076]

Processing phenotype [ENSG00000004766.11] [45/312]
  * #variants in cis = 5
  * Best hit: [id=7_internal_9358, d=928179, pv=0.0161788, s=0.1976]
  * Beta parameters: [s1=0.959398, s2=5.67262]
  * Adjusted p-values: [emp=0.079602, beta=0.0820694]

Processing phenotype [ENSG00000004948.9] [46/312]
  * #variants in cis = 4
  * Best hit: [id=7_internal_11952, d=422430, pv=0.23658, s=0.0944]
  * Maximum Likelihood estimation failed, use Moment Matching instead!
  * Beta parameters: [s1=0.999963, s2=3.22474]
  * Adjusted p-values: [emp=0.636816, beta=0.635032]

Processing phenotype [ENSG00000127920.4] [47/312]
  * #variants in cis = 3
  * Best hit: [id=7_internal_9358, d=238821, pv=0.142854, s=-0.1208]
  * Maximum Likelihood estimation failed, use Moment Matching instead!
  * Beta parameters: [s1=1.00001, s2=3.02917]
  * Adjusted p-values: [emp=0.383085, beta=0.400324]

Processing phenotype [ENSG00000241247.1] [48/312]
  * #variants in cis = 3
  * Best hit: [id=7_internal_11952, d=816090, pv=0.16458, s=0.1092]
  * Maximum Likelihood estimation failed, use Moment Matching instead!
  * Beta parameters: [s1=1.00004, s2=3.17804]
  * Adjusted p-values: [emp=0.39801, beta=0.410447]

Processing phenotype [ENSG00000236861.2] [49/312]
  * #variants in cis = 3
  * Best hit: [id=7_internal_11952, d=-817142, pv=0.261887, s=0.0892]
  * Maximum Likelihood estimation failed, use Moment Matching instead!
  * Beta parameters: [s1=1.00003, s2=3.06794]
  * Adjusted p-values: [emp=0.631841, beta=0.616463]

Processing phenotype [ENSG00000105829.6] [50/312]
  * #variants in cis = 3
  * Best hit: [id=7_internal_9358, d=-156138, pv=0.376688, s=0.0719]
  * Maximum Likelihood estimation failed, use Moment Matching instead!
  * Beta parameters: [s1=0.999975, s2=2.81683]
  * Adjusted p-values: [emp=0.726368, beta=0.733316]

Processing phenotype [ENSG00000127995.12] [51/312]
  * #variants in cis = 1
  * Best hit: [id=7_internal_9358, d=-113611, pv=0.733153, s=-0.0272]
  * Maximum Likelihood estimation failed, use Moment Matching instead!
  * Beta parameters: [s1=1, s2=0.963327]
  * Adjusted p-values: [emp=0.741294, beta=0.734566]

Processing phenotype [ENSG00000105854.8] [52/312]
  * #variants in cis = 4
  * Best hit: [id=7_internal_11974, d=-76634, pv=0.469531, s=0.0594]
  * Maximum Likelihood estimation failed, use Moment Matching instead!
  * Beta parameters: [s1=0.999979, s2=4.32574]
  * Adjusted p-values: [emp=0.925373, beta=0.929556]

Processing phenotype [ENSG00000004799.7] [53/312]
  * #variants in cis = 4
  * Best hit: [id=7_internal_10899, d=-709439, pv=0.195513, s=0.0983]
  * Maximum Likelihood estimation failed, use Moment Matching instead!
  * Beta parameters: [s1=0.99997, s2=4.19155]
  * Adjusted p-values: [emp=0.606965, beta=0.589526]

Processing phenotype [ENSG00000231170.1] [54/312]
  * #variants in cis = 4
  * Best hit: [id=7_internal_10096, d=644995, pv=0.131181, s=0.1122]
  * Maximum Likelihood estimation failed, use Moment Matching instead!
  * Beta parameters: [s1=1.00002, s2=3.78457]
  * Adjusted p-values: [emp=0.40796, beta=0.419632]

Processing phenotype [ENSG00000158560.10] [55/312]
  * #variants in cis = 4
  * Best hit: [id=7_internal_10899, d=533376, pv=0.177337, s=0.1081]
  * Maximum Likelihood estimation failed, use Moment Matching instead!
  * Beta parameters: [s1=1.00005, s2=3.88874]
  * Adjusted p-values: [emp=0.547264, beta=0.543399]

Processing phenotype [ENSG00000208025.1] [56/312]
  * #variants in cis = 4
  * Best hit: [id=7_internal_12277, d=-30867, pv=0.0033707, s=0.2335]
  * Maximum Likelihood estimation failed, use Moment Matching instead!
  * Beta parameters: [s1=0.999973, s2=3.15279]
  * Adjusted p-values: [emp=0.0348259, beta=0.0287314]

Processing phenotype [ENSG00000237551.1] [57/312]
  * #variants in cis = 4
  * Best hit: [id=7_internal_12277, d=0, pv=0.00234047, s=0.2429]
  * Maximum Likelihood estimation failed, use Moment Matching instead!
  * Beta parameters: [s1=1.00005, s2=3.71065]
  * Adjusted p-values: [emp=0.0298507, beta=0.00854474]

Processing phenotype [ENSG00000220987.1] [58/312]
  * #variants in cis = 4
  * Best hit: [id=7_internal_12277, d=0, pv=2.44947e-05, s=0.3295]
  * Maximum Likelihood estimation failed, use Moment Matching instead!
  * Beta parameters: [s1=0.999954, s2=4.24512]
  * Adjusted p-values: [emp=0.00497512, beta=5.97875e-05]

Processing phenotype [ENSG00000004864.8] [59/312]
  * #variants in cis = 4
  * Best hit: [id=7_internal_12277, d=0, pv=4.14048e-11, s=0.4843]
  * Maximum Likelihood estimation failed, use Moment Matching instead!
  * Beta parameters: [s1=1.00001, s2=4.33466]
  * Adjusted p-values: [emp=0.00497512, beta=1.33681e-10]

Processing phenotype [ENSG00000127922.5] [60/312]
  * #variants in cis = 3
  * Best hit: [id=7_internal_10096, d=392923, pv=0.303128, s=-0.0827]
  * Maximum Likelihood estimation failed, use Moment Matching instead!
  * Beta parameters: [s1=1.00004, s2=2.8842]
  * Adjusted p-values: [emp=0.606965, beta=0.647041]

Processing phenotype [ENSG00000196636.7] [61/312]
  * #variants in cis = 5
  * Best hit: [id=7_internal_10096, d=-799622, pv=0.329157, s=0.0796]
  * Maximum Likelihood estimation failed, use Moment Matching instead!
  * Beta parameters: [s1=0.999998, s2=4.36426]
  * Adjusted p-values: [emp=0.781095, beta=0.807219]

Processing phenotype [ENSG00000224551.1] [62/312]
  * #variants in cis = 5
  * Best hit: [id=7_internal_12277, d=812354, pv=0.0450244, s=0.1575]
  * Maximum Likelihood estimation failed, use Moment Matching instead!
  * Beta parameters: [s1=0.999963, s2=4.04344]
  * Adjusted p-values: [emp=0.293532, beta=0.253308]

Processing phenotype [ENSG00000070669.12] [63/312]
  * #variants in cis = 2
  * Best hit: [id=7_internal_8802, d=0, pv=0.00672647, s=0.2037]
  * Maximum Likelihood estimation failed, use Moment Matching instead!
  * Beta parameters: [s1=0.999972, s2=2.21454]
  * Adjusted p-values: [emp=0.0199005, beta=0.00757153]

Processing phenotype [ENSG00000237818.1] [64/312]
  * #variants in cis = 2
  * Best hit: [id=7_internal_8802, d=25939, pv=0.131474, s=0.1156]
  * Maximum Likelihood estimation failed, use Moment Matching instead!
  * Beta parameters: [s1=0.999967, s2=2.09916]
  * Adjusted p-values: [emp=0.308458, beta=0.281293]

Processing phenotype [ENSG00000238228.1] [65/312]
  * #variants in cis = 2
  * Best hit: [id=7_internal_8802, d=74822, pv=0.00440623, s=0.2195]
  * Maximum Likelihood estimation failed, use Moment Matching instead!
  * Beta parameters: [s1=0.999978, s2=1.70959]
  * Adjusted p-values: [emp=0.0149254, beta=0.0125789]

Processing phenotype [ENSG00000266668.1] [66/312]
  * #variants in cis = 2
  * Best hit: [id=7_internal_9023, d=-141426, pv=0.145401, s=0.1144]
  * Maximum Likelihood estimation failed, use Moment Matching instead!
  * Beta parameters: [s1=0.999955, s2=2.30702]
  * Adjusted p-values: [emp=0.293532, beta=0.2937]

Processing phenotype [ENSG00000183444.9] [67/312]
  * #variants in cis = 2
  * Best hit: [id=7_internal_8802, d=93847, pv=0.101174, s=0.1275]
  * Maximum Likelihood estimation failed, use Moment Matching instead!
  * Beta parameters: [s1=1.00003, s2=2.0817]
  * Adjusted p-values: [emp=0.228856, beta=0.21318]

Processing phenotype [ENSG00000243554.1] [68/312]
  * #variants in cis = 2
  * Best hit: [id=7_internal_9023, d=-133653, pv=0.605351, s=-0.0412]
  * Maximum Likelihood estimation failed, use Moment Matching instead!
  * Beta parameters: [s1=0.999998, s2=1.72657]
  * Adjusted p-values: [emp=0.766169, beta=0.797543]

Processing phenotype [ENSG00000164715.5] [69/312]
  * #variants in cis = 2
  * Best hit: [id=7_internal_9023, d=0, pv=0.000102765, s=0.3130]
  * Maximum Likelihood estimation failed, use Moment Matching instead!
  * Beta parameters: [s1=1.00003, s2=1.82206]
  * Adjusted p-values: [emp=0.00497512, beta=0.000251513]

Processing phenotype [ENSG00000180535.2] [70/312]
  * #variants in cis = 2
  * Best hit: [id=7_internal_8802, d=-339078, pv=0.392192, s=0.0663]
  * Maximum Likelihood estimation failed, use Moment Matching instead!
  * Beta parameters: [s1=1.00002, s2=1.80202]
  * Adjusted p-values: [emp=0.577114, beta=0.582461]

Processing phenotype [ENSG00000205356.5] [71/312]
  * #variants in cis = 2
  * Best hit: [id=7_internal_8802, d=379075, pv=0.0226835, s=-0.1741]
  * Maximum Likelihood estimation failed, use Moment Matching instead!
  * Beta parameters: [s1=0.999975, s2=2.33356]
  * Adjusted p-values: [emp=0.0547264, beta=0.0329762]

Processing phenotype [ENSG00000164713.5] [72/312]
  * #variants in cis = 2
  * Best hit: [id=7_internal_8802, d=-379203, pv=0.0593775, s=-0.1538]
  * Maximum Likelihood estimation failed, use Moment Matching instead!
  * Beta parameters: [s1=1.00003, s2=2.18668]
  * Adjusted p-values: [emp=0.119403, beta=0.100492]

Processing phenotype [ENSG00000214389.2] [73/312]
  * #variants in cis = 2
  * Best hit: [id=7_internal_9023, d=268576, pv=0.378589, s=0.0704]
  * Maximum Likelihood estimation failed, use Moment Matching instead!
  * Beta parameters: [s1=0.999959, s2=2.02757]
  * Adjusted p-values: [emp=0.616915, beta=0.629029]

Processing phenotype [ENSG00000006453.9] [74/312]
  * #variants in cis = 2
  * Best hit: [id=7_internal_9023, d=283060, pv=0.109688, s=-0.1285]
  * Maximum Likelihood estimation failed, use Moment Matching instead!
  * Beta parameters: [s1=1.00001, s2=2.35222]
  * Adjusted p-values: [emp=0.21393, beta=0.227995]

Processing phenotype [ENSG00000196367.7] [75/312]
  * #variants in cis = 4
  * Best hit: [id=7_internal_9023, d=-728236, pv=0.0303246, s=-0.1761]
  * Maximum Likelihood estimation failed, use Moment Matching instead!
  * Beta parameters: [s1=1.00002, s2=3.8351]
  * Adjusted p-values: [emp=0.119403, beta=0.138677]

Processing phenotype [ENSG00000266019.1] [76/312]
  * #variants in cis = 4
  * Best hit: [id=7_internal_9023, d=-731953, pv=0.458475, s=-0.0601]
  * Maximum Likelihood estimation failed, use Moment Matching instead!
  * Beta parameters: [s1=1, s2=5.15783]
  * Adjusted p-values: [emp=0.960199, beta=0.947239]

Processing phenotype [ENSG00000238459.1] [77/312]
  * #variants in cis = 4
  * Best hit: [id=7_internal_8802, d=980225, pv=0.00498278, s=-0.2161]
  * Maximum Likelihood estimation failed, use Moment Matching instead!
  * Beta parameters: [s1=1.00004, s2=4.44916]
  * Adjusted p-values: [emp=0.0149254, beta=0.0232102]

Processing phenotype [ENSG00000238109.1] [78/312]
  * #variants in cis = 4
  * Best hit: [id=7_internal_9191, d=-996645, pv=0.32484, s=0.0798]
  * Maximum Likelihood estimation failed, use Moment Matching instead!
  * Beta parameters: [s1=0.999969, s2=3.64384]
  * Adjusted p-values: [emp=0.800995, beta=0.787749]

Processing phenotype [ENSG00000242687.2] [79/312]
  * #variants in cis = 4
  * Best hit: [id=7_internal_9191, d=983410, pv=0.276692, s=-0.0795]
  * Maximum Likelihood estimation failed, use Moment Matching instead!
  * Beta parameters: [s1=0.999954, s2=4.34048]
  * Adjusted p-values: [emp=0.791045, beta=0.755161]

Processing phenotype [ENSG00000198742.5] [80/312]
  * #variants in cis = 6
  * Best hit: [id=7_internal_9023, d=994403, pv=0.212286, s=0.0993]
  * Maximum Likelihood estimation failed, use Moment Matching instead!
  * Beta parameters: [s1=1.00004, s2=6.3557]
  * Adjusted p-values: [emp=0.701493, beta=0.723583]

Processing phenotype [ENSG00000241685.3] [81/312]
  * #variants in cis = 6
  * Best hit: [id=7_internal_11648, d=692900, pv=0.0893114, s=0.1362]
  * Maximum Likelihood estimation failed, use Moment Matching instead!
  * Beta parameters: [s1=1.00005, s2=5.40417]
  * Adjusted p-values: [emp=0.41791, beta=0.444824]

Processing phenotype [ENSG00000130429.7] [82/312]
  * #variants in cis = 7
  * Best hit: [id=7_internal_9388, d=763208, pv=0.124285, s=-0.1206]
  * Beta parameters: [s1=0.940147, s2=7.66853]
  * Adjusted p-values: [emp=0.587065, beta=0.599978]

Processing phenotype [ENSG00000106245.5] [83/312]
  * #variants in cis = 7
  * Best hit: [id=7_internal_9901, d=467719, pv=0.0675145, s=-0.1440]
  * Beta parameters: [s1=0.961572, s2=7.64834]
  * Adjusted p-values: [emp=0.368159, beta=0.359898]

Processing phenotype [ENSG00000106244.8] [84/312]
  * #variants in cis = 7
  * Best hit: [id=7_internal_8467, d=-942301, pv=0.369959, s=0.0737]
  * Beta parameters: [s1=1.03978, s2=6.89752]
  * Adjusted p-values: [emp=0.960199, beta=0.956507]

Processing phenotype [ENSG00000239133.1] [85/312]
  * #variants in cis = 7
  * Best hit: [id=7_internal_9191, d=-582497, pv=0.236462, s=0.0954]
  * Beta parameters: [s1=0.995848, s2=5.50735]
  * Adjusted p-values: [emp=0.80597, beta=0.820668]

Processing phenotype [ENSG00000160917.9] [86/312]
  * #variants in cis = 7
  * Best hit: [id=7_internal_9901, d=437438, pv=0.174143, s=0.1134]
  * Beta parameters: [s1=1.16706, s2=7.22496]
  * Adjusted p-values: [emp=0.771144, beta=0.751796]

Processing phenotype [ENSG00000214314.1] [87/312]
  * #variants in cis = 7
  * Best hit: [id=7_internal_9901, d=433431, pv=0.0351135, s=0.1647]
  * Beta parameters: [s1=0.987361, s2=6.84275]
  * Adjusted p-values: [emp=0.233831, beta=0.229482]

Processing phenotype [ENSG00000228335.1] [88/312]
  * #variants in cis = 7
  * Best hit: [id=7_internal_9191, d=-553079, pv=0.178542, s=0.1101]
  * Beta parameters: [s1=0.972723, s2=8.75761]
  * Adjusted p-values: [emp=0.761194, beta=0.787204]

Processing phenotype [ENSG00000248919.1] [89/312]
  * #variants in cis = 8
  * Best hit: [id=7_internal_9191, d=-530411, pv=0.0393283, s=0.1557]
  * Beta parameters: [s1=0.933273, s2=8.29567]
  * Adjusted p-values: [emp=0.263682, beta=0.288406]

Processing phenotype [ENSG00000106246.10] [90/312]
  * #variants in cis = 8
  * Best hit: [id=7_internal_9191, d=-530378, pv=0.00522116, s=0.2191]
  * Beta parameters: [s1=1.06234, s2=8.58529]
  * Adjusted p-values: [emp=0.0348259, beta=0.0331523]

Processing phenotype [ENSG00000241468.3] [91/312]
  * #variants in cis = 8
  * Best hit: [id=7_internal_12417, d=-780299, pv=0.0898067, s=0.1324]
  * Beta parameters: [s1=1.03596, s2=10.5864]
  * Adjusted p-values: [emp=0.542289, beta=0.554277]

Processing phenotype [ENSG00000198556.9] [92/312]
  * #variants in cis = 8
  * Best hit: [id=7_internal_10612, d=971652, pv=0.12294, s=0.1125]
  * Beta parameters: [s1=1.12545, s2=8.33645]
  * Adjusted p-values: [emp=0.701493, beta=0.652852]

Processing phenotype [ENSG00000160908.14] [93/312]
  * #variants in cis = 8
  * Best hit: [id=7_internal_9388, d=-637133, pv=0.185285, s=0.1009]
  * Beta parameters: [s1=0.987462, s2=7.20245]
  * Adjusted p-values: [emp=0.78607, beta=0.782328]

Processing phenotype [ENSG00000196652.7] [94/312]
  * #variants in cis = 8
  * Best hit: [id=7_internal_8467, d=846479, pv=0.0980699, s=-0.1312]
  * Beta parameters: [s1=1.0899, s2=7.84154]
  * Adjusted p-values: [emp=0.547264, beta=0.551293]

Processing phenotype [ENSG00000197343.5] [95/312]
  * #variants in cis = 8
  * Best hit: [id=7_internal_9191, d=438169, pv=0.207164, s=0.0963]
  * Beta parameters: [s1=1.04349, s2=6.66926]
  * Adjusted p-values: [emp=0.81592, beta=0.804884]

Processing phenotype [ENSG00000221909.2] [96/312]
  * #variants in cis = 8
  * Best hit: [id=7_internal_9191, d=-438039, pv=0.0971571, s=0.1295]
  * Beta parameters: [s1=1.06403, s2=7.32354]
  * Adjusted p-values: [emp=0.58209, beta=0.575802]

Processing phenotype [ENSG00000244219.1] [97/312]
  * #variants in cis = 8
  * Best hit: [id=7_internal_10612, d=846427, pv=0.104985, s=-0.1293]
  * Beta parameters: [s1=1.03933, s2=6.99151]
  * Adjusted p-values: [emp=0.567164, beta=0.550712]

Processing phenotype [ENSG00000197037.6] [98/312]
  * #variants in cis = 8
  * Best hit: [id=7_internal_12225, d=16243, pv=0.0205029, s=0.1849]
  * Beta parameters: [s1=1.01456, s2=7.1164]
  * Adjusted p-values: [emp=0.169154, beta=0.175263]

Processing phenotype [ENSG00000224448.1] [99/312]
  * #variants in cis = 8
  * Best hit: [id=7_internal_8467, d=-712363, pv=0.271841, s=-0.0874]
  * Beta parameters: [s1=1.12931, s2=7.43843]
  * Adjusted p-values: [emp=0.885572, beta=0.896023]

Processing phenotype [ENSG00000106258.9] [100/312]
  * #variants in cis = 8
  * Best hit: [id=7_internal_9388, d=-457459, pv=0.351477, s=-0.0772]
  * Beta parameters: [s1=1.04957, s2=8.71812]
  * Adjusted p-values: [emp=0.965174, beta=0.972257]

Processing phenotype [ENSG00000160870.8] [101/312]
  * #variants in cis = 8
  * Best hit: [id=7_internal_9388, d=-402261, pv=0.0195183, s=-0.1924]
  * Beta parameters: [s1=0.932781, s2=8.11022]
  * Adjusted p-values: [emp=0.19403, beta=0.178042]

Processing phenotype [ENSG00000146833.11] [102/312]
  * #variants in cis = 10
  * Best hit: [id=7_internal_9802, d=-881896, pv=0.028546, s=0.1687]
  * Beta parameters: [s1=1.12692, s2=12.1446]
  * Adjusted p-values: [emp=0.218905, beta=0.2174]

Processing phenotype [ENSG00000106261.12] [103/312]
  * #variants in cis = 10
  * Best hit: [id=7_internal_8467, d=335549, pv=0.110431, s=0.1263]
  * Beta parameters: [s1=1.03891, s2=14.72]
  * Adjusted p-values: [emp=0.696517, beta=0.691939]

Processing phenotype [ENSG00000166529.10] [104/312]
  * #variants in cis = 10
  * Best hit: [id=7_internal_10612, d=394726, pv=0.0122069, s=0.1920]
  * Beta parameters: [s1=1.09003, s2=8.64547]
  * Adjusted p-values: [emp=0.139303, beta=0.128122]

Processing phenotype [ENSG00000166526.12] [105/312]
  * #variants in cis = 10
  * Best hit: [id=7_internal_10612, d=-361945, pv=0.0197969, s=0.1778]
  * Beta parameters: [s1=1.05596, s2=8.08131]
  * Adjusted p-values: [emp=0.169154, beta=0.1896]

Processing phenotype [ENSG00000168090.5] [106/312]
  * #variants in cis = 10
  * Best hit: [id=7_internal_8467, d=262176, pv=0.0270737, s=0.1751]
  * Beta parameters: [s1=0.862785, s2=11.3202]
  * Adjusted p-values: [emp=0.243781, beta=0.234544]

Processing phenotype [ENSG00000207547.1] [107/312]
  * #variants in cis = 10
  * Best hit: [id=7_internal_9191, d=79532, pv=0.0153436, s=0.1862]
  * Beta parameters: [s1=0.962608, s2=8.80391]
  * Adjusted p-values: [emp=0.159204, beta=0.161325]

Processing phenotype [ENSG00000207757.1] [108/312]
  * #variants in cis = 10
  * Best hit: [id=7_internal_9388, d=-43610, pv=0.0584191, s=-0.1509]
  * Beta parameters: [s1=0.916261, s2=9.51435]
  * Adjusted p-values: [emp=0.432836, beta=0.4508]

Processing phenotype [ENSG00000208036.1] [109/312]
  * #variants in cis = 10
  * Best hit: [id=7_internal_11648, d=52074, pv=0.0280887, s=-0.1702]
  * Beta parameters: [s1=1.01704, s2=10.86]
  * Adjusted p-values: [emp=0.248756, beta=0.233847]

Processing phenotype [ENSG00000221838.5] [110/312]
  * #variants in cis = 10
  * Best hit: [id=7_internal_10612, d=342944, pv=0.00827563, s=0.1975]
  * Beta parameters: [s1=0.940151, s2=11.3983]
  * Adjusted p-values: [emp=0.0895522, beta=0.0753307]

Processing phenotype [ENSG00000166508.13] [111/312]
  * #variants in cis = 10
  * Best hit: [id=7_internal_11648, d=59940, pv=0.0332084, s=0.1633]
  * Beta parameters: [s1=0.885899, s2=8.87675]
  * Adjusted p-values: [emp=0.303483, beta=0.307113]

Processing phenotype [ENSG00000166997.3] [112/312]
  * #variants in cis = 10
  * Best hit: [id=7_internal_9191, d=-105502, pv=0.0751529, s=0.1421]
  * Beta parameters: [s1=0.887382, s2=10.5579]
  * Adjusted p-values: [emp=0.472637, beta=0.526614]

Processing phenotype [ENSG00000106290.10] [113/312]
  * #variants in cis = 10
  * Best hit: [id=7_internal_12225, d=453339, pv=0.267541, s=-0.0840]
  * Beta parameters: [s1=1.10444, s2=10.9223]
  * Adjusted p-values: [emp=0.9801, beta=0.970392]

Processing phenotype [ENSG00000214309.3] [114/312]
  * #variants in cis = 10
  * Best hit: [id=7_internal_12417, d=119936, pv=0.0443841, s=-0.1571]
  * Beta parameters: [s1=1.1192, s2=9.64298]
  * Adjusted p-values: [emp=0.363184, beta=0.341323]

Processing phenotype [ENSG00000242798.1] [115/312]
  * #variants in cis = 10
  * Best hit: [id=7_internal_9344, d=-671501, pv=0.0304461, s=0.1696]
  * Beta parameters: [s1=0.932827, s2=10.7982]
  * Adjusted p-values: [emp=0.278607, beta=0.281435]

Processing phenotype [ENSG00000188186.6] [116/312]
  * #variants in cis = 10
  * Best hit: [id=7_internal_9344, d=649733, pv=0.0223542, s=-0.1736]
  * Beta parameters: [s1=0.948332, s2=11.9113]
  * Adjusted p-values: [emp=0.164179, beta=0.164706]

Processing phenotype [ENSG00000266154.1] [117/312]
  * #variants in cis = 10
  * Best hit: [id=7_internal_9191, d=142558, pv=0.21613, s=0.0942]
  * Beta parameters: [s1=0.955391, s2=11.8343]
  * Adjusted p-values: [emp=0.935323, beta=0.927887]

Processing phenotype [ENSG00000146826.10] [118/312]
  * #variants in cis = 10
  * Best hit: [id=7_internal_10612, d=-285778, pv=0.235121, s=0.0964]
  * Beta parameters: [s1=1.02072, s2=8.35963]
  * Adjusted p-values: [emp=0.895522, beta=0.892358]

Processing phenotype [ENSG00000197093.6] [119/312]
  * #variants in cis = 10
  * Best hit: [id=7_internal_9344, d=-629890, pv=0.0164376, s=-0.1958]
  * Beta parameters: [s1=1.03491, s2=8.23426]
  * Adjusted p-values: [emp=0.189055, beta=0.157376]

Processing phenotype [ENSG00000213420.3] [120/312]
  * #variants in cis = 10
  * Best hit: [id=7_internal_8467, d=-173758, pv=0.0454142, s=-0.1601]
  * Beta parameters: [s1=0.899322, s2=10.2414]
  * Adjusted p-values: [emp=0.383085, beta=0.393096]

Processing phenotype [ENSG00000066923.12] [121/312]
  * #variants in cis = 10
  * Best hit: [id=7_internal_9388, d=-33512, pv=0.171476, s=0.1122]
  * Beta parameters: [s1=0.896628, s2=11.3304]
  * Adjusted p-values: [emp=0.880597, beta=0.854495]

Processing phenotype [ENSG00000213413.2] [122/312]
  * #variants in cis = 11
  * Best hit: [id=7_internal_9344, d=580399, pv=0.265248, s=-0.0909]
  * Beta parameters: [s1=1.01508, s2=8.97983]
  * Adjusted p-values: [emp=0.935323, beta=0.952191]

Processing phenotype [ENSG00000222482.1] [123/312]
  * #variants in cis = 11
  * Best hit: [id=7_internal_10612, d=-224373, pv=0.112909, s=-0.1235]
  * Beta parameters: [s1=1.02301, s2=11.7335]
  * Adjusted p-values: [emp=0.766169, beta=0.763726]

Processing phenotype [ENSG00000239521.2] [124/312]
  * #variants in cis = 11
  * Best hit: [id=7_internal_12417, d=0, pv=0.0963119, s=0.1386]
  * Beta parameters: [s1=0.885715, s2=10.0761]
  * Adjusted p-values: [emp=0.621891, beta=0.645967]

Processing phenotype [ENSG00000160844.6] [125/312]
  * #variants in cis = 11
  * Best hit: [id=7_internal_12417, d=0, pv=0.0395255, s=0.1704]
  * Beta parameters: [s1=0.989157, s2=10.4333]
  * Adjusted p-values: [emp=0.358209, beta=0.343242]

Processing phenotype [ENSG00000214300.5] [126/312]
  * #variants in cis = 12
  * Best hit: [id=7_internal_9191, d=-293591, pv=0.0227616, s=0.1785]
  * Beta parameters: [s1=0.990464, s2=9.90117]
  * Adjusted p-values: [emp=0.313433, beta=0.294532]

Processing phenotype [ENSG00000121716.12] [127/312]
  * #variants in cis = 12
  * Best hit: [id=7_internal_12417, d=-17520, pv=1.90739e-10, s=-0.5012]
  * Beta parameters: [s1=1.04328, s2=12.5346]
  * Adjusted p-values: [emp=0.00497512, beta=2.40179e-09]

Processing phenotype [ENSG00000242294.1] [128/312]
  * #variants in cis = 12
  * Best hit: [id=7_internal_12417, d=-17566, pv=1.60428e-08, s=-0.4406]
  * Beta parameters: [s1=1.07348, s2=11.1554]
  * Adjusted p-values: [emp=0.00497512, beta=2.78435e-07]

Processing phenotype [ENSG00000078319.7] [129/312]
  * #variants in cis = 12
  * Best hit: [id=7_internal_11648, d=299908, pv=0.00580984, s=0.2138]
  * Beta parameters: [s1=0.913657, s2=12.4855]
  * Adjusted p-values: [emp=0.0696517, beta=0.0617955]

Processing phenotype [ENSG00000235333.3] [130/312]
  * #variants in cis = 12
  * Best hit: [id=7_internal_12417, d=-33801, pv=9.8174e-11, s=-0.4807]
  * Beta parameters: [s1=1.00599, s2=14.8488]
  * Adjusted p-values: [emp=0.00497512, beta=4.16741e-10]

Processing phenotype [ENSG00000085514.10] [131/312]
  * #variants in cis = 12
  * Best hit: [id=7_internal_9191, d=-353419, pv=0.056088, s=-0.1489]
  * Beta parameters: [s1=0.817205, s2=14.2735]
  * Adjusted p-values: [emp=0.477612, beta=0.515134]

Processing phenotype [ENSG00000233389.2] [132/312]
  * #variants in cis = 12
  * Best hit: [id=7_internal_9344, d=397532, pv=0.0321594, s=-0.1623]
  * Beta parameters: [s1=1.06204, s2=11.7848]
  * Adjusted p-values: [emp=0.293532, beta=0.284411]

Processing phenotype [ENSG00000146834.8] [133/312]
  * #variants in cis = 13
  * Best hit: [id=7_internal_12417, d=-110231, pv=0.0917478, s=0.1368]
  * Beta parameters: [s1=1.06159, s2=12.4878]
  * Adjusted p-values: [emp=0.771144, beta=0.751458]

Processing phenotype [ENSG00000078487.13] [134/312]
  * #variants in cis = 13
  * Best hit: [id=7_internal_11648, d=386992, pv=0.0238791, s=-0.1797]
  * Beta parameters: [s1=1.03081, s2=9.49977]
  * Adjusted p-values: [emp=0.238806, beta=0.260139]

Processing phenotype [ENSG00000241357.1] [135/312]
  * #variants in cis = 13
  * Best hit: [id=7_internal_8467, d=-44352, pv=0.0360449, s=-0.1633]
  * Beta parameters: [s1=1.04103, s2=13.0508]
  * Adjusted p-values: [emp=0.40796, beta=0.378353]

Processing phenotype [ENSG00000240211.1] [136/312]
  * #variants in cis = 13
  * Best hit: [id=7_internal_11882, d=971964, pv=0.0460056, s=-0.1530]
  * Beta parameters: [s1=1.15062, s2=12.0407]
  * Adjusted p-values: [emp=0.497512, beta=0.458982]

Processing phenotype [ENSG00000160813.2] [137/312]
  * #variants in cis = 13
  * Best hit: [id=7_internal_8467, d=45660, pv=0.0247647, s=-0.1777]
  * Beta parameters: [s1=1.03459, s2=21.9343]
  * Adjusted p-values: [emp=0.298507, beta=0.283846]

Processing phenotype [ENSG00000185955.4] [138/312]
  * #variants in cis = 13
  * Best hit: [id=7_internal_8467, d=73366, pv=0.0059708, s=0.2135]
  * Beta parameters: [s1=1.02022, s2=11.2294]
  * Adjusted p-values: [emp=0.0646766, beta=0.0718028]

Processing phenotype [ENSG00000166925.4] [139/312]
  * #variants in cis = 13
  * Best hit: [id=7_internal_11648, d=437279, pv=0.10995, s=-0.1242]
  * Beta parameters: [s1=0.94622, s2=13.6875]
  * Adjusted p-values: [emp=0.791045, beta=0.772189]

Processing phenotype [ENSG00000106351.8] [140/312]
  * #variants in cis = 13
  * Best hit: [id=7_internal_10612, d=-88044, pv=0.015838, s=-0.1872]
  * Beta parameters: [s1=0.804435, s2=13.5036]
  * Adjusted p-values: [emp=0.21393, beta=0.18244]

Processing phenotype [ENSG00000184414.2] [141/312]
  * #variants in cis = 13
  * Best hit: [id=7_internal_8849, d=637560, pv=0.094082, s=-0.1305]
  * Beta parameters: [s1=0.979221, s2=12.1892]
  * Adjusted p-values: [emp=0.751244, beta=0.742738]

Processing phenotype [ENSG00000205307.6] [142/312]
  * #variants in cis = 13
  * Best hit: [id=7_internal_10612, d=122480, pv=0.072247, s=-0.1431]
  * Beta parameters: [s1=0.997159, s2=18.0906]
  * Adjusted p-values: [emp=0.636816, beta=0.62808]

Processing phenotype [ENSG00000106336.8] [143/312]
  * #variants in cis = 13
  * Best hit: [id=7_internal_11648, d=-541982, pv=1.71724e-05, s=-0.3394]
  * Beta parameters: [s1=0.950367, s2=12.3654]
  * Adjusted p-values: [emp=0.00497512, beta=0.000135227]

Processing phenotype [ENSG00000077454.11] [144/312]
  * #variants in cis = 13
  * Best hit: [id=7_internal_11648, d=544153, pv=0.0785086, s=-0.1397]
  * Beta parameters: [s1=1.06736, s2=12.9867]
  * Adjusted p-values: [emp=0.701493, beta=0.683035]

Processing phenotype [ENSG00000106333.8] [145/312]
  * #variants in cis = 13
  * Best hit: [id=7_internal_8849, d=605514, pv=0.0249603, s=0.1733]
  * Beta parameters: [s1=0.892441, s2=14.5019]
  * Adjusted p-values: [emp=0.263682, beta=0.248754]

Processing phenotype [ENSG00000224729.4] [146/312]
  * #variants in cis = 13
  * Best hit: [id=7_internal_11648, d=562206, pv=0.000129575, s=-0.2955]
  * Beta parameters: [s1=1.04719, s2=11.1508]
  * Adjusted p-values: [emp=0.00497512, beta=0.00127777]

Processing phenotype [ENSG00000106330.7] [147/312]
  * #variants in cis = 13
  * Best hit: [id=7_internal_9344, d=186538, pv=0.0610933, s=-0.1480]
  * Beta parameters: [s1=1.00962, s2=11.7567]
  * Adjusted p-values: [emp=0.467662, beta=0.48613]

Processing phenotype [ENSG00000106327.8] [148/312]
  * #variants in cis = 13
  * Best hit: [id=7_internal_9344, d=-155861, pv=0.0229394, s=-0.1736]
  * Beta parameters: [s1=0.980355, s2=12.1865]
  * Adjusted p-values: [emp=0.263682, beta=0.265426]

Processing phenotype [ENSG00000172354.5] [149/312]
  * #variants in cis = 12
  * Best hit: [id=7_internal_9802, d=127965, pv=0.00215994, s=0.2367]
  * Beta parameters: [s1=0.934941, s2=9.2667]
  * Adjusted p-values: [emp=0.0298507, beta=0.0381432]

Processing phenotype [ENSG00000146830.8] [150/312]
  * #variants in cis = 12
  * Best hit: [id=7_internal_9802, d=-112048, pv=0.0711947, s=0.1416]
  * Beta parameters: [s1=0.942643, s2=11.7577]
  * Adjusted p-values: [emp=0.522388, beta=0.558154]

Processing phenotype [ENSG00000172336.4] [151/312]
  * #variants in cis = 12
  * Best hit: [id=7_internal_10612, d=-254886, pv=0.0303157, s=-0.1695]
  * Beta parameters: [s1=1.2312, s2=10.2448]
  * Adjusted p-values: [emp=0.288557, beta=0.287623]

Processing phenotype [ENSG00000146828.12] [152/312]
  * #variants in cis = 14
  * Best hit: [id=7_internal_9344, d=0, pv=0.0660532, s=0.1435]
  * Beta parameters: [s1=0.77778, s2=18.7358]
  * Adjusted p-values: [emp=0.567164, beta=0.606831]

Processing phenotype [ENSG00000196411.5] [153/312]
  * #variants in cis = 14
  * Best hit: [id=7_internal_9344, d=0, pv=4.52793e-10, s=0.4762]
  * Beta parameters: [s1=0.990966, s2=12.9189]
  * Adjusted p-values: [emp=0.00497512, beta=4.03175e-09]

Processing phenotype [ENSG00000087077.7] [154/312]
  * #variants in cis = 15
  * Best hit: [id=7_internal_9388, d=-723086, pv=0.0261706, s=0.1728]
  * Beta parameters: [s1=1.11616, s2=14.7698]
  * Adjusted p-values: [emp=0.308458, beta=0.303952]

Processing phenotype [ENSG00000087087.14] [155/312]
  * #variants in cis = 15
  * Best hit: [id=7_internal_9191, d=-860999, pv=0.026742, s=0.1811]
  * Beta parameters: [s1=1.14259, s2=13.8234]
  * Adjusted p-values: [emp=0.338308, beta=0.340931]

Processing phenotype [ENSG00000176125.3] [156/312]
  * #variants in cis = 15
  * Best hit: [id=7_internal_11215, d=-386285, pv=0.0317216, s=0.1722]
  * Beta parameters: [s1=0.904689, s2=13.9481]
  * Adjusted p-values: [emp=0.353234, beta=0.365593]

Processing phenotype [ENSG00000205277.5] [157/312]
  * #variants in cis = 14
  * Best hit: [id=7_internal_9344, d=-187420, pv=0.154568, s=-0.1144]
  * Beta parameters: [s1=0.955903, s2=13.5667]
  * Adjusted p-values: [emp=0.900498, beta=0.882026]

Processing phenotype [ENSG00000227053.1] [158/312]
  * #variants in cis = 13
  * Best hit: [id=7_internal_9388, d=919215, pv=0.0551291, s=0.1512]
  * Beta parameters: [s1=0.933802, s2=16.9932]
  * Adjusted p-values: [emp=0.502488, beta=0.507835]

Processing phenotype [ENSG00000169871.8] [159/312]
  * #variants in cis = 13
  * Best hit: [id=7_internal_9388, d=-987046, pv=0.0276683, s=0.1722]
  * Beta parameters: [s1=1.1433, s2=12.3152]
  * Adjusted p-values: [emp=0.263682, beta=0.244492]

Processing phenotype [ENSG00000260336.1] [160/312]
  * #variants in cis = 13
  * Best hit: [id=7_internal_9344, d=-311844, pv=0.00653412, s=0.2193]
  * Beta parameters: [s1=0.949675, s2=14.8645]
  * Adjusted p-values: [emp=0.0746269, beta=0.0829821]

Processing phenotype [ENSG00000106366.6] [161/312]
  * #variants in cis = 12
  * Best hit: [id=7_internal_12417, d=-854188, pv=0.0742414, s=-0.1514]
  * Beta parameters: [s1=0.960169, s2=12.7457]
  * Adjusted p-values: [emp=0.616915, beta=0.626061]

Processing phenotype [ENSG00000106367.9] [162/312]
  * #variants in cis = 12
  * Best hit: [id=7_internal_12417, d=-881496, pv=0.144998, s=0.1193]
  * Beta parameters: [s1=0.881878, s2=11.7018]
  * Adjusted p-values: [emp=0.855721, beta=0.843581]

Processing phenotype [ENSG00000106400.7] [163/312]
  * #variants in cis = 12
  * Best hit: [id=7_internal_11215, d=12675, pv=0.0080694, s=0.2082]
  * Beta parameters: [s1=1.07038, s2=10.5359]
  * Adjusted p-values: [emp=0.0945274, beta=0.0887151]

Processing phenotype [ENSG00000106397.7] [164/312]
  * #variants in cis = 12
  * Best hit: [id=7_internal_12417, d=945519, pv=0.0350298, s=-0.1677]
  * Beta parameters: [s1=1.10946, s2=11.9269]
  * Adjusted p-values: [emp=0.338308, beta=0.343334]

Processing phenotype [ENSG00000106404.9] [165/312]
  * #variants in cis = 12
  * Best hit: [id=7_internal_11215, d=0, pv=0.00947456, s=-0.2021]
  * Beta parameters: [s1=1.17082, s2=10.2819]
  * Adjusted p-values: [emp=0.119403, beta=0.104878]

Processing phenotype [ENSG00000214253.4] [166/312]
  * #variants in cis = 12
  * Best hit: [id=7_internal_11215, d=5839, pv=0.00276694, s=0.2266]
  * Beta parameters: [s1=1.01675, s2=10.1011]
  * Adjusted p-values: [emp=0.0298507, beta=0.0311428]

Processing phenotype [ENSG00000128581.11] [167/312]
  * #variants in cis = 11
  * Best hit: [id=7_internal_9196, d=-495672, pv=0.0322912, s=-0.1740]
  * Beta parameters: [s1=1.02289, s2=10.9775]
  * Adjusted p-values: [emp=0.313433, beta=0.294643]

Processing phenotype [ENSG00000257923.3] [168/312]
  * #variants in cis = 12
  * Best hit: [id=7_internal_10242, d=-71929, pv=0.0309312, s=0.1709]
  * Beta parameters: [s1=1.06479, s2=10.2044]
  * Adjusted p-values: [emp=0.363184, beta=0.342717]

Processing phenotype [ENSG00000259294.1] [169/312]
  * #variants in cis = 12
  * Best hit: [id=7_internal_12544, d=0, pv=0.0206488, s=0.1834]
  * Beta parameters: [s1=0.878879, s2=11.2785]
  * Adjusted p-values: [emp=0.288557, beta=0.253267]

Processing phenotype [ENSG00000259263.1] [170/312]
  * #variants in cis = 14
  * Best hit: [id=7_internal_11215, d=907985, pv=0.0677591, s=-0.1469]
  * Beta parameters: [s1=0.955605, s2=14.1871]
  * Adjusted p-values: [emp=0.626866, beta=0.609463]

Processing phenotype [ENSG00000230110.3] [171/312]
  * #variants in cis = 14
  * Best hit: [id=7_internal_9345, d=-285781, pv=0.127274, s=-0.1204]
  * Beta parameters: [s1=0.961567, s2=13.9014]
  * Adjusted p-values: [emp=0.855721, beta=0.839684]

Processing phenotype [ENSG00000258040.1] [172/312]
  * #variants in cis = 14
  * Best hit: [id=7_internal_9196, d=-299187, pv=0.0525175, s=-0.1509]
  * Beta parameters: [s1=1.02038, s2=16.1139]
  * Adjusted p-values: [emp=0.512438, beta=0.536672]

Processing phenotype [ENSG00000259643.1] [173/312]
  * #variants in cis = 14
  * Best hit: [id=7_internal_11694, d=-106342, pv=0.0578985, s=0.1508]
  * Beta parameters: [s1=1.00399, s2=13.8069]
  * Adjusted p-values: [emp=0.572139, beta=0.568014]

Processing phenotype [ENSG00000256295.2] [174/312]
  * #variants in cis = 13
  * Best hit: [id=7_internal_12070, d=-699841, pv=0.033571, s=-0.1721]
  * Beta parameters: [s1=0.997101, s2=18.3927]
  * Adjusted p-values: [emp=0.293532, beta=0.279275]

Processing phenotype [ENSG00000258093.1] [175/312]
  * #variants in cis = 13
  * Best hit: [id=7_internal_13228, d=-320963, pv=0.0748155, s=0.1433]
  * Beta parameters: [s1=0.972782, s2=14.6696]
  * Adjusted p-values: [emp=0.577114, beta=0.587745]

Processing phenotype [ENSG00000252824.1] [176/312]
  * #variants in cis = 13
  * Best hit: [id=7_internal_12070, d=-692716, pv=0.119076, s=-0.1269]
  * Beta parameters: [s1=0.956205, s2=14.9622]
  * Adjusted p-values: [emp=0.850746, beta=0.809548]

Processing phenotype [ENSG00000264642.1] [177/312]
  * #variants in cis = 13
  * Best hit: [id=7_internal_9780, d=-736792, pv=0.103313, s=0.1317]
  * Beta parameters: [s1=1.02593, s2=9.94732]
  * Adjusted p-values: [emp=0.666667, beta=0.678998]

Processing phenotype [ENSG00000160999.8] [178/312]
  * #variants in cis = 12
  * Best hit: [id=7_internal_13228, d=224666, pv=0.0716734, s=0.1409]
  * Beta parameters: [s1=0.930083, s2=10.92]
  * Adjusted p-values: [emp=0.522388, beta=0.541035]

Processing phenotype [ENSG00000166667.8] [179/312]
  * #variants in cis = 12
  * Best hit: [id=7_internal_13228, d=-156182, pv=2.68656e-14, s=0.5660]
  * Beta parameters: [s1=1.03869, s2=13.1267]
  * Adjusted p-values: [emp=0.00497512, beta=1.99045e-14]

Processing phenotype [ENSG00000128563.9] [180/312]
  * #variants in cis = 12
  * Best hit: [id=7_internal_8311, d=31300, pv=0.0065822, s=0.2060]
  * Beta parameters: [s1=1.07593, s2=11.5956]
  * Adjusted p-values: [emp=0.0696517, beta=0.0819123]

Processing phenotype [ENSG00000239969.1] [181/312]
  * #variants in cis = 12
  * Best hit: [id=7_internal_9345, d=85789, pv=0.109077, s=0.1336]
  * Beta parameters: [s1=1.0828, s2=13.6399]
  * Adjusted p-values: [emp=0.761194, beta=0.752274]

Processing phenotype [ENSG00000239486.1] [182/312]
  * #variants in cis = 12
  * Best hit: [id=7_internal_8703, d=-20086, pv=0.000549698, s=0.2740]
  * Beta parameters: [s1=0.924792, s2=10.9192]
  * Adjusted p-values: [emp=0.0149254, beta=0.0076966]

Processing phenotype [ENSG00000221510.1] [183/312]
  * #variants in cis = 12
  * Best hit: [id=7_internal_11882, d=898642, pv=0.0182929, s=0.1920]
  * Beta parameters: [s1=1.09685, s2=14.2555]
  * Adjusted p-values: [emp=0.159204, beta=0.162073]

Processing phenotype [ENSG00000160991.10] [184/312]
  * #variants in cis = 12
  * Best hit: [id=7_internal_8703, d=0, pv=4.01474e-15, s=0.5836]
  * Beta parameters: [s1=0.999393, s2=10.571]
  * Adjusted p-values: [emp=0.00497512, beta=3.77551e-13]

Processing phenotype [ENSG00000239480.1] [185/312]
  * #variants in cis = 12
  * Best hit: [id=7_internal_8703, d=0, pv=7.40475e-05, s=0.3212]
  * Beta parameters: [s1=0.963988, s2=10.4991]
  * Adjusted p-values: [emp=0.00497512, beta=0.00119493]

Processing phenotype [ENSG00000160993.3] [186/312]
  * #variants in cis = 12
  * Best hit: [id=7_internal_13228, d=-47748, pv=0.00411544, s=-0.2188]
  * Beta parameters: [s1=0.858409, s2=9.73729]
  * Adjusted p-values: [emp=0.0696517, beta=0.0586913]

Processing phenotype [ENSG00000161036.5] [187/312]
  * #variants in cis = 12
  * Best hit: [id=7_internal_9196, d=-598987, pv=0.344091, s=-0.0737]
  * Beta parameters: [s1=1.09683, s2=10.1928]
  * Adjusted p-values: [emp=0.985075, beta=0.987654]

Processing phenotype [ENSG00000266715.1] [188/312]
  * #variants in cis = 12
  * Best hit: [id=7_internal_9077, d=247152, pv=0.0143319, s=-0.1903]
  * Beta parameters: [s1=1.03906, s2=13.7304]
  * Adjusted p-values: [emp=0.124378, beta=0.137024]

Processing phenotype [ENSG00000005075.11] [189/312]
  * #variants in cis = 12
  * Best hit: [id=7_internal_12070, d=-410806, pv=0.0367419, s=0.1721]
  * Beta parameters: [s1=1.13914, s2=13.8574]
  * Adjusted p-values: [emp=0.39801, beta=0.33651]

Processing phenotype [ENSG00000264132.1] [190/312]
  * #variants in cis = 12
  * Best hit: [id=7_internal_9345, d=-12222, pv=0.126892, s=-0.1222]
  * Beta parameters: [s1=0.907923, s2=11.3645]
  * Adjusted p-values: [emp=0.800995, beta=0.788433]

Processing phenotype [ENSG00000256604.1] [191/312]
  * #variants in cis = 12
  * Best hit: [id=7_internal_9345, d=12790, pv=0.104374, s=-0.1315]
  * Beta parameters: [s1=0.896492, s2=10.7461]
  * Adjusted p-values: [emp=0.726368, beta=0.728641]

Processing phenotype [ENSG00000170667.9] [192/312]
  * #variants in cis = 11
  * Best hit: [id=7_internal_13228, d=0, pv=2.15309e-18, s=0.6332]
  * Beta parameters: [s1=1.00827, s2=9.46551]
  * Adjusted p-values: [emp=0.00497512, beta=1.45447e-16]

Processing phenotype [ENSG00000205238.5] [193/312]
  * #variants in cis = 11
  * Best hit: [id=7_internal_13228, d=0, pv=8.17007e-15, s=0.5643]
  * Beta parameters: [s1=1.034, s2=12.0812]
  * Adjusted p-values: [emp=0.00497512, beta=5.75166e-15]

Processing phenotype [ENSG00000168255.12] [194/312]
  * #variants in cis = 11
  * Best hit: [id=7_internal_13228, d=0, pv=1.18506e-32, s=0.7909]
  * Beta parameters: [s1=1.00407, s2=10.8785]
  * Adjusted p-values: [emp=0.00497512, beta=8.82383e-33]

Processing phenotype [ENSG00000267368.1] [195/312]
  * #variants in cis = 11
  * Best hit: [id=7_internal_13228, d=0, pv=1.89387e-15, s=0.5839]
  * Beta parameters: [s1=1.09904, s2=9.647]
  * Adjusted p-values: [emp=0.00497512, beta=1.0798e-14]

Processing phenotype [ENSG00000205236.6] [196/312]
  * #variants in cis = 11
  * Best hit: [id=7_internal_13228, d=0, pv=1.78979e-20, s=0.6477]
  * Beta parameters: [s1=0.962503, s2=10.9763]
  * Adjusted p-values: [emp=0.00497512, beta=7.99368e-19]

Processing phenotype [ENSG00000105808.11] [197/312]
  * #variants in cis = 11
  * Best hit: [id=7_internal_13228, d=0, pv=1.3181e-24, s=0.7056]
  * Beta parameters: [s1=0.976967, s2=13.8491]
  * Adjusted p-values: [emp=0.00497512, beta=3.21777e-26]

Processing phenotype [ENSG00000267645.1] [198/312]
  * #variants in cis = 11
  * Best hit: [id=7_internal_13228, d=0, pv=2.91931e-14, s=0.5631]
  * Beta parameters: [s1=0.842805, s2=11.685]
  * Adjusted p-values: [emp=0.00497512, beta=1.77796e-13]

Processing phenotype [ENSG00000228049.4] [199/312]
  * #variants in cis = 11
  * Best hit: [id=7_internal_13228, d=0, pv=4.18093e-16, s=0.5924]
  * Beta parameters: [s1=1.18284, s2=11.8915]
  * Adjusted p-values: [emp=0.00497512, beta=6.23106e-16]

Processing phenotype [ENSG00000205233.4] [200/312]
  * #variants in cis = 11
  * Best hit: [id=7_internal_13228, d=7024, pv=3.87658e-11, s=0.4956]
  * Beta parameters: [s1=1.04086, s2=11.0913]
  * Adjusted p-values: [emp=0.00497512, beta=3.19939e-11]

Processing phenotype [ENSG00000233297.4] [201/312]
  * #variants in cis = 11
  * Best hit: [id=7_internal_13228, d=18622, pv=0.000102855, s=0.2955]
  * Beta parameters: [s1=1.07492, s2=10.9601]
  * Adjusted p-values: [emp=0.00497512, beta=0.00102497]

Processing phenotype [ENSG00000222011.4] [202/312]
  * #variants in cis = 10
  * Best hit: [id=7_internal_9077, d=0, pv=1.14579e-06, s=0.3736]
  * Beta parameters: [s1=0.970538, s2=6.95407]
  * Adjusted p-values: [emp=0.00497512, beta=0.000112329]

Processing phenotype [ENSG00000213385.3] [203/312]
  * #variants in cis = 10
  * Best hit: [id=7_internal_8703, d=-309311, pv=0.0582721, s=-0.1482]
  * Beta parameters: [s1=1.00994, s2=8.39786]
  * Adjusted p-values: [emp=0.437811, beta=0.454247]

Processing phenotype [ENSG00000128606.8] [204/312]
  * #variants in cis = 8
  * Best hit: [id=7_internal_9077, d=-162409, pv=0.040069, s=0.1568]
  * Beta parameters: [s1=0.934014, s2=7.63846]
  * Adjusted p-values: [emp=0.333333, beta=0.322739]

Processing phenotype [ENSG00000161040.12] [205/312]
  * #variants in cis = 7
  * Best hit: [id=7_internal_9077, d=324257, pv=0.000445748, s=0.2815]
  * Beta parameters: [s1=0.9295, s2=10.14]
  * Adjusted p-values: [emp=0.00497512, beta=0.00119278]

Processing phenotype [ENSG00000170632.9] [206/312]
  * #variants in cis = 7
  * Best hit: [id=7_internal_9077, d=-324299, pv=0.000284038, s=0.2784]
  * Beta parameters: [s1=1.04608, s2=6.16864]
  * Adjusted p-values: [emp=0.00497512, beta=0.00301001]

Processing phenotype [ENSG00000233025.1] [207/312]
  * #variants in cis = 7
  * Best hit: [id=7_internal_9077, d=339028, pv=0.00386915, s=0.2341]
  * Beta parameters: [s1=1.06236, s2=7.54207]
  * Adjusted p-values: [emp=0.0298507, beta=0.032203]

Processing phenotype [ENSG00000224415.1] [208/312]
  * #variants in cis = 7
  * Best hit: [id=7_internal_9780, d=0, pv=0.100798, s=0.1297]
  * Beta parameters: [s1=1.12544, s2=6.56908]
  * Adjusted p-values: [emp=0.482587, beta=0.491917]

Processing phenotype [ENSG00000161048.7] [209/312]
  * #variants in cis = 7
  * Best hit: [id=7_internal_9077, d=398978, pv=0.000217261, s=0.2882]
  * Maximum Likelihood estimation failed, use Moment Matching instead!
  * Beta parameters: [s1=0.999983, s2=5.45958]
  * Adjusted p-values: [emp=0.00995025, beta=0.00236714]

Processing phenotype [ENSG00000170629.9] [210/312]
  * #variants in cis = 7
  * Best hit: [id=7_internal_9780, d=129935, pv=0.136567, s=-0.1242]
  * Beta parameters: [s1=0.986567, s2=6.59472]
  * Adjusted p-values: [emp=0.597015, beta=0.615796]

Processing phenotype [ENSG00000105819.9] [211/312]
  * #variants in cis = 7
  * Best hit: [id=7_internal_8311, d=-851405, pv=0.0407263, s=0.1561]
  * Beta parameters: [s1=0.977583, s2=6.73718]
  * Adjusted p-values: [emp=0.248756, beta=0.26263]

Processing phenotype [ENSG00000161057.6] [212/312]
  * #variants in cis = 7
  * Best hit: [id=7_internal_9345, d=-876396, pv=0.0354501, s=-0.1726]
  * Beta parameters: [s1=1.07327, s2=6.40127]
  * Adjusted p-values: [emp=0.228856, beta=0.221407]

Processing phenotype [ENSG00000105821.10] [213/312]
  * #variants in cis = 7
  * Best hit: [id=7_internal_8703, d=899038, pv=0.209294, s=0.0987]
  * Beta parameters: [s1=1.11752, s2=6.75709]
  * Adjusted p-values: [emp=0.855721, beta=0.823951]

Processing phenotype [ENSG00000235354.1] [214/312]
  * #variants in cis = 7
  * Best hit: [id=7_internal_9345, d=-880743, pv=0.0495099, s=-0.1576]
  * Beta parameters: [s1=1.03206, s2=5.62636]
  * Adjusted p-values: [emp=0.318408, beta=0.299415]

Processing phenotype [ENSG00000170615.10] [215/312]
  * #variants in cis = 5
  * Best hit: [id=7_internal_12070, d=386236, pv=0.204178, s=0.1018]
  * Maximum Likelihood estimation failed, use Moment Matching instead!
  * Beta parameters: [s1=0.999963, s2=4.23521]
  * Adjusted p-values: [emp=0.656716, beta=0.649871]

Processing phenotype [ENSG00000164815.6] [216/312]
  * #variants in cis = 1
  * Best hit: [id=7_internal_12105, d=-972504, pv=0.153086, s=-0.1115]
  * Maximum Likelihood estimation failed, use Moment Matching instead!
  * Beta parameters: [s1=0.999971, s2=1.16241]
  * Adjusted p-values: [emp=0.124378, beta=0.11442]

Processing phenotype [ENSG00000197258.5] [217/312]
  * #variants in cis = 2
  * Best hit: [id=7_internal_12419, d=674397, pv=0.581754, s=-0.0437]
  * Maximum Likelihood estimation failed, use Moment Matching instead!
  * Beta parameters: [s1=1.00002, s2=2.12645]
  * Adjusted p-values: [emp=0.830846, beta=0.817154]

Processing phenotype [ENSG00000243352.2] [218/312]
  * #variants in cis = 3
  * Best hit: [id=7_internal_12105, d=268635, pv=0.218478, s=0.0959]
  * Maximum Likelihood estimation failed, use Moment Matching instead!
  * Beta parameters: [s1=0.999958, s2=3.48855]
  * Adjusted p-values: [emp=0.507463, beta=0.514477]

Processing phenotype [ENSG00000237513.1] [219/312]
  * #variants in cis = 3
  * Best hit: [id=7_internal_12105, d=239489, pv=0.0445398, s=0.1538]
  * Maximum Likelihood estimation failed, use Moment Matching instead!
  * Beta parameters: [s1=0.999994, s2=3.21334]
  * Adjusted p-values: [emp=0.119403, beta=0.103463]

Processing phenotype [ENSG00000251911.1] [220/312]
  * #variants in cis = 3
  * Best hit: [id=7_internal_11007, d=701172, pv=0.0061489, s=-0.2203]
  * Maximum Likelihood estimation failed, use Moment Matching instead!
  * Beta parameters: [s1=0.999969, s2=3.28363]
  * Adjusted p-values: [emp=0.0149254, beta=0.0130846]

Processing phenotype [ENSG00000228393.3] [221/312]
  * #variants in cis = 3
  * Best hit: [id=7_internal_12419, d=-329102, pv=0.232039, s=-0.0940]
  * Maximum Likelihood estimation failed, use Moment Matching instead!
  * Beta parameters: [s1=0.999968, s2=3.14837]
  * Adjusted p-values: [emp=0.577114, beta=0.545673]

Processing phenotype [ENSG00000005483.14] [222/312]
  * #variants in cis = 3
  * Best hit: [id=7_internal_11007, d=658280, pv=0.00219334, s=0.2362]
  * Maximum Likelihood estimation failed, use Moment Matching instead!
  * Beta parameters: [s1=1.00002, s2=3.40402]
  * Adjusted p-values: [emp=0.00995025, beta=0.00343504]

Processing phenotype [ENSG00000239569.1] [223/312]
  * #variants in cis = 3
  * Best hit: [id=7_internal_12105, d=-166231, pv=0.113634, s=0.1239]
  * Maximum Likelihood estimation failed, use Moment Matching instead!
  * Beta parameters: [s1=0.999969, s2=2.68691]
  * Adjusted p-values: [emp=0.348259, beta=0.335332]

Processing phenotype [ENSG00000213361.2] [224/312]
  * #variants in cis = 3
  * Best hit: [id=7_internal_12419, d=97494, pv=0.306029, s=0.0799]
  * Maximum Likelihood estimation failed, use Moment Matching instead!
  * Beta parameters: [s1=0.999958, s2=2.85374]
  * Adjusted p-values: [emp=0.621891, beta=0.626812]

Processing phenotype [ENSG00000244490.1] [225/312]
  * #variants in cis = 7
  * Best hit: [id=7_internal_12419, d=40624, pv=0.0846068, s=0.1338]
  * Beta parameters: [s1=0.949239, s2=6.94533]
  * Adjusted p-values: [emp=0.497512, beta=0.494279]

Processing phenotype [ENSG00000242154.1] [226/312]
  * #variants in cis = 7
  * Best hit: [id=7_internal_12419, d=37869, pv=0.00787205, s=0.2154]
  * Beta parameters: [s1=0.980416, s2=7.17106]
  * Adjusted p-values: [emp=0.0497512, beta=0.0412217]

Processing phenotype [ENSG00000201179.1] [227/312]
  * #variants in cis = 7
  * Best hit: [id=7_internal_12419, d=9356, pv=0.187041, s=0.1053]
  * Beta parameters: [s1=0.920791, s2=6.814]
  * Adjusted p-values: [emp=0.761194, beta=0.772341]

Processing phenotype [ENSG00000135250.12] [228/312]
  * #variants in cis = 9
  * Best hit: [id=7_internal_12419, d=0, pv=2.98046e-05, s=0.3311]
  * Beta parameters: [s1=1.07972, s2=9.01458]
  * Adjusted p-values: [emp=0.00497512, beta=0.000101298]

Processing phenotype [ENSG00000091127.8] [229/312]
  * #variants in cis = 9
  * Best hit: [id=7_internal_8123, d=-754904, pv=0.0112456, s=-0.2017]
  * Beta parameters: [s1=1.07325, s2=9.12494]
  * Adjusted p-values: [emp=0.0995025, beta=0.124096]

Processing phenotype [ENSG00000135249.3] [230/312]
  * #variants in cis = 9
  * Best hit: [id=7_internal_8123, d=745086, pv=0.246194, s=-0.0948]
  * Beta parameters: [s1=1.0552, s2=9.65256]
  * Adjusted p-values: [emp=0.940299, beta=0.930084]

Processing phenotype [ENSG00000231167.3] [231/312]
  * #variants in cis = 9
  * Best hit: [id=7_internal_12149, d=-706186, pv=0.0600846, s=0.1506]
  * Beta parameters: [s1=0.98975, s2=7.48447]
  * Adjusted p-values: [emp=0.39801, beta=0.366253]

Processing phenotype [ENSG00000185055.6] [232/312]
  * #variants in cis = 9
  * Best hit: [id=7_internal_12105, d=217885, pv=0.0607726, s=-0.1449]
  * Beta parameters: [s1=0.892385, s2=9.11162]
  * Adjusted p-values: [emp=0.402985, beta=0.413295]

Processing phenotype [ENSG00000226624.1] [233/312]
  * #variants in cis = 10
  * Best hit: [id=7_internal_8170, d=523147, pv=0.208488, s=-0.1024]
  * Beta parameters: [s1=0.989376, s2=8.63058]
  * Adjusted p-values: [emp=0.855721, beta=0.86979]

Processing phenotype [ENSG00000146776.10] [234/312]
  * #variants in cis = 10
  * Best hit: [id=7_internal_11007, d=156873, pv=0.00201342, s=0.2536]
  * Beta parameters: [s1=1.10497, s2=10.9497]
  * Adjusted p-values: [emp=0.00497512, beta=0.0147934]

Processing phenotype [ENSG00000128536.11] [235/312]
  * #variants in cis = 10
  * Best hit: [id=7_internal_12105, d=-493805, pv=0.0594339, s=0.1531]
  * Beta parameters: [s1=1.07287, s2=10.669]
  * Adjusted p-values: [emp=0.497512, beta=0.456448]

Processing phenotype [ENSG00000008282.3] [236/312]
  * #variants in cis = 11
  * Best hit: [id=7_internal_8282, d=-136830, pv=0.0684904, s=-0.1388]
  * Beta parameters: [s1=1.14073, s2=9.64795]
  * Adjusted p-values: [emp=0.512438, beta=0.508816]

Processing phenotype [ENSG00000105835.7] [237/312]
  * #variants in cis = 11
  * Best hit: [id=7_internal_8170, d=-56313, pv=0.000407038, s=0.2807]
  * Beta parameters: [s1=1.00077, s2=12.3719]
  * Adjusted p-values: [emp=0.00995025, beta=0.00255297]

Processing phenotype [ENSG00000243438.1] [238/312]
  * #variants in cis = 11
  * Best hit: [id=7_internal_8170, d=27414, pv=0.020774, s=0.1921]
  * Beta parameters: [s1=0.887897, s2=14.2726]
  * Adjusted p-values: [emp=0.159204, beta=0.170845]

Processing phenotype [ENSG00000177820.5] [239/312]
  * #variants in cis = 10
  * Best hit: [id=7_internal_8473, d=-901948, pv=0.0330243, s=-0.1697]
  * Beta parameters: [s1=1.0972, s2=10.2071]
  * Adjusted p-values: [emp=0.313433, beta=0.308036]

Processing phenotype [ENSG00000253276.1] [240/312]
  * #variants in cis = 10
  * Best hit: [id=7_internal_8123, d=232526, pv=0.0993705, s=0.1295]
  * Beta parameters: [s1=1.00914, s2=10.3425]
  * Adjusted p-values: [emp=0.631841, beta=0.633374]

Processing phenotype [ENSG00000105851.6] [241/312]
  * #variants in cis = 9
  * Best hit: [id=7_internal_8123, d=-436807, pv=0.112549, s=-0.1276]
  * Beta parameters: [s1=0.972249, s2=8.89711]
  * Adjusted p-values: [emp=0.641791, beta=0.650813]

Processing phenotype [ENSG00000005249.7] [242/312]
  * #variants in cis = 9
  * Best hit: [id=7_internal_8123, d=-616178, pv=0.0599141, s=-0.1532]
  * Beta parameters: [s1=0.969196, s2=6.99283]
  * Adjusted p-values: [emp=0.378109, beta=0.416759]

Processing phenotype [ENSG00000243193.2] [243/312]
  * #variants in cis = 9
  * Best hit: [id=7_internal_11402, d=857381, pv=0.167928, s=-0.1065]
  * Beta parameters: [s1=0.926453, s2=7.38332]
  * Adjusted p-values: [emp=0.80597, beta=0.811935]

Processing phenotype [ENSG00000105856.8] [244/312]
  * #variants in cis = 9
  * Best hit: [id=7_internal_10060, d=-272089, pv=0.0321483, s=0.1651]
  * Beta parameters: [s1=0.987965, s2=9.40211]
  * Adjusted p-values: [emp=0.233831, beta=0.248239]

Processing phenotype [ENSG00000228341.1] [245/312]
  * #variants in cis = 4
  * Best hit: [id=7_internal_10060, d=-553211, pv=0.255282, s=-0.0877]
  * Maximum Likelihood estimation failed, use Moment Matching instead!
  * Beta parameters: [s1=0.999965, s2=5.10238]
  * Adjusted p-values: [emp=0.726368, beta=0.734691]

Processing phenotype [ENSG00000172209.4] [246/312]
  * #variants in cis = 3
  * Best hit: [id=7_internal_8473, d=92827, pv=0.00447345, s=0.2216]
  * Maximum Likelihood estimation failed, use Moment Matching instead!
  * Beta parameters: [s1=1.00001, s2=2.47289]
  * Adjusted p-values: [emp=0.0149254, beta=0.0193484]

Processing phenotype [ENSG00000105865.6] [247/312]
  * #variants in cis = 4
  * Best hit: [id=7_internal_9350, d=-868412, pv=0.718485, s=0.0286]
  * Maximum Likelihood estimation failed, use Moment Matching instead!
  * Beta parameters: [s1=1.00004, s2=3.84546]
  * Adjusted p-values: [emp=0.99005, beta=0.992271]

Processing phenotype [ENSG00000164597.7] [248/312]
  * #variants in cis = 4
  * Best hit: [id=7_internal_7973, d=-959626, pv=0.0171082, s=0.1856]
  * Maximum Likelihood estimation failed, use Moment Matching instead!
  * Beta parameters: [s1=0.999987, s2=3.97723]
  * Adjusted p-values: [emp=0.0746269, beta=0.0605493]

Processing phenotype [ENSG00000075790.6] [249/312]
  * #variants in cis = 4
  * Best hit: [id=7_internal_8473, d=0, pv=0.00945831, s=0.2084]
  * Maximum Likelihood estimation failed, use Moment Matching instead!
  * Beta parameters: [s1=1, s2=4.34066]
  * Adjusted p-values: [emp=0.0497512, beta=0.0374925]

Processing phenotype [ENSG00000238832.1] [250/312]
  * #variants in cis = 4
  * Best hit: [id=7_internal_10060, d=-706491, pv=0.0176262, s=-0.1800]
  * Maximum Likelihood estimation failed, use Moment Matching instead!
  * Beta parameters: [s1=1.00002, s2=4.03451]
  * Adjusted p-values: [emp=0.079602, beta=0.0765037]

Processing phenotype [ENSG00000250474.1] [251/312]
  * #variants in cis = 4
  * Best hit: [id=7_internal_10060, d=-731681, pv=0.227343, s=-0.0978]
  * Maximum Likelihood estimation failed, use Moment Matching instead!
  * Beta parameters: [s1=1.00004, s2=3.88929]
  * Adjusted p-values: [emp=0.616915, beta=0.609338]

Processing phenotype [ENSG00000091137.6] [252/312]
  * #variants in cis = 4
  * Best hit: [id=7_internal_9350, d=-965563, pv=0.122447, s=-0.1236]
  * Maximum Likelihood estimation failed, use Moment Matching instead!
  * Beta parameters: [s1=1.00005, s2=3.77999]
  * Adjusted p-values: [emp=0.487562, beta=0.46429]

Processing phenotype [ENSG00000233705.2] [253/312]
  * #variants in cis = 4
  * Best hit: [id=7_internal_7973, d=-861989, pv=0.0670202, s=0.1473]
  * Maximum Likelihood estimation failed, use Moment Matching instead!
  * Beta parameters: [s1=1.00003, s2=3.6438]
  * Adjusted p-values: [emp=0.263682, beta=0.2668]

Processing phenotype [ENSG00000241292.1] [254/312]
  * #variants in cis = 3
  * Best hit: [id=7_internal_7973, d=781338, pv=0.178035, s=0.1055]
  * Maximum Likelihood estimation failed, use Moment Matching instead!
  * Beta parameters: [s1=0.999978, s2=3.6487]
  * Adjusted p-values: [emp=0.373134, beta=0.396733]

Processing phenotype [ENSG00000241764.1] [255/312]
  * #variants in cis = 3
  * Best hit: [id=7_internal_7973, d=781323, pv=0.0170632, s=0.1846]
  * Maximum Likelihood estimation failed, use Moment Matching instead!
  * Beta parameters: [s1=1.00003, s2=2.56551]
  * Adjusted p-values: [emp=0.0696517, beta=0.0649056]

Processing phenotype [ENSG00000105879.5] [256/312]
  * #variants in cis = 3
  * Best hit: [id=7_internal_10060, d=-846825, pv=0.29715, s=-0.0823]
  * Maximum Likelihood estimation failed, use Moment Matching instead!
  * Beta parameters: [s1=0.999976, s2=2.89584]
  * Adjusted p-values: [emp=0.646766, beta=0.646793]

Processing phenotype [ENSG00000091140.6] [257/312]
  * #variants in cis = 3
  * Best hit: [id=7_internal_10060, d=-994098, pv=0.140523, s=-0.1205]
  * Maximum Likelihood estimation failed, use Moment Matching instead!
  * Beta parameters: [s1=1.00003, s2=2.82196]
  * Adjusted p-values: [emp=0.348259, beta=0.356804]

Processing phenotype [ENSG00000091136.9] [258/312]
  * #variants in cis = 2
  * Best hit: [id=7_internal_8473, d=422186, pv=0.380665, s=0.0725]
  * Maximum Likelihood estimation failed, use Moment Matching instead!
  * Beta parameters: [s1=0.999993, s2=1.86795]
  * Adjusted p-values: [emp=0.59204, beta=0.584632]

Processing phenotype [ENSG00000231006.1] [259/312]
  * #variants in cis = 2
  * Best hit: [id=7_internal_8473, d=-929163, pv=0.111856, s=0.1244]
  * Maximum Likelihood estimation failed, use Moment Matching instead!
  * Beta parameters: [s1=1.00002, s2=1.85181]
  * Adjusted p-values: [emp=0.228856, beta=0.223519]

Processing phenotype [ENSG00000128590.4] [260/312]
  * #variants in cis = 2
  * Best hit: [id=7_internal_8473, d=-988498, pv=0.0868581, s=0.1327]
  * Maximum Likelihood estimation failed, use Moment Matching instead!
  * Beta parameters: [s1=0.999991, s2=2.3143]
  * Adjusted p-values: [emp=0.21393, beta=0.169247]

Processing phenotype [ENSG00000135241.11] [261/312]
  * #variants in cis = 2
  * Best hit: [id=7_internal_8473, d=988596, pv=0.172624, s=0.1096]
  * Maximum Likelihood estimation failed, use Moment Matching instead!
  * Beta parameters: [s1=0.999968, s2=1.91775]
  * Adjusted p-values: [emp=0.318408, beta=0.333842]

Processing phenotype [ENSG00000177683.8] [262/312]
  * #variants in cis = 2
  * Best hit: [id=7_internal_7973, d=0, pv=0.539096, s=-0.0497]
  * Maximum Likelihood estimation failed, use Moment Matching instead!
  * Beta parameters: [s1=0.99995, s2=1.61338]
  * Adjusted p-values: [emp=0.736318, beta=0.745845]

Processing phenotype [ENSG00000228540.1] [263/312]
  * #variants in cis = 1
  * Best hit: [id=7_internal_9272, d=-506710, pv=0.444492, s=0.0588]
  * Maximum Likelihood estimation failed, use Moment Matching instead!
  * Beta parameters: [s1=1.00001, s2=1.09323]
  * Adjusted p-values: [emp=0.402985, beta=0.413081]

Processing phenotype [ENSG00000173114.7] [264/312]
  * #variants in cis = 2
  * Best hit: [id=7_internal_9272, d=141529, pv=0.492725, s=0.0532]
  * Maximum Likelihood estimation failed, use Moment Matching instead!
  * Beta parameters: [s1=0.999963, s2=1.67467]
  * Adjusted p-values: [emp=0.716418, beta=0.716798]

Processing phenotype [ENSG00000238922.1] [265/312]
  * #variants in cis = 2
  * Best hit: [id=7_internal_11462, d=-877203, pv=0.697527, s=-0.0317]
  * Maximum Likelihood estimation failed, use Moment Matching instead!
  * Beta parameters: [s1=0.999975, s2=1.94696]
  * Adjusted p-values: [emp=0.905473, beta=0.900616]

Processing phenotype [ENSG00000243621.1] [266/312]
  * #variants in cis = 2
  * Best hit: [id=7_internal_9272, d=-70212, pv=0.0808439, s=0.1416]
  * Maximum Likelihood estimation failed, use Moment Matching instead!
  * Beta parameters: [s1=1.00002, s2=2.04995]
  * Adjusted p-values: [emp=0.149254, beta=0.146003]

Processing phenotype [ENSG00000227948.3] [267/312]
  * #variants in cis = 2
  * Best hit: [id=7_internal_9272, d=-86656, pv=0.0399716, s=0.1571]
  * Maximum Likelihood estimation failed, use Moment Matching instead!
  * Beta parameters: [s1=0.999963, s2=1.80121]
  * Adjusted p-values: [emp=0.0895522, beta=0.0731443]

Processing phenotype [ENSG00000184903.5] [268/312]
  * #variants in cis = 5
  * Best hit: [id=7_internal_8255, d=-857788, pv=0.275619, s=0.0854]
  * Maximum Likelihood estimation failed, use Moment Matching instead!
  * Beta parameters: [s1=0.999981, s2=4.46336]
  * Adjusted p-values: [emp=0.776119, beta=0.75951]

Processing phenotype [ENSG00000225572.1] [269/312]
  * #variants in cis = 5
  * Best hit: [id=7_internal_11462, d=178044, pv=0.122275, s=0.1211]
  * Maximum Likelihood estimation failed, use Moment Matching instead!
  * Beta parameters: [s1=0.99999, s2=4.23719]
  * Adjusted p-values: [emp=0.41791, beta=0.422282]

Processing phenotype [ENSG00000222346.1] [270/312]
  * #variants in cis = 8
  * Best hit: [id=7_internal_8377, d=-466142, pv=0.281098, s=0.0872]
  * Beta parameters: [s1=0.991064, s2=6.19361]
  * Adjusted p-values: [emp=0.915423, beta=0.902457]

Processing phenotype [ENSG00000234358.1] [271/312]
  * #variants in cis = 8
  * Best hit: [id=7_internal_8508, d=-904791, pv=0.0914406, s=0.1292]
  * Beta parameters: [s1=0.980338, s2=7.43739]
  * Adjusted p-values: [emp=0.507463, beta=0.499772]

Processing phenotype [ENSG00000128512.14] [272/312]
  * #variants in cis = 8
  * Best hit: [id=7_internal_11462, d=92971, pv=0.0148375, s=0.1935]
  * Beta parameters: [s1=0.976028, s2=5.9435]
  * Adjusted p-values: [emp=0.144279, beta=0.124805]

Processing phenotype [ENSG00000198839.5] [273/312]
  * #variants in cis = 8
  * Best hit: [id=7_internal_8253, d=670623, pv=0.000191865, s=-0.2865]
  * Beta parameters: [s1=1.00053, s2=6.55653]
  * Adjusted p-values: [emp=0.00497512, beta=0.00205101]

Processing phenotype [ENSG00000202406.1] [274/312]
  * #variants in cis = 8
  * Best hit: [id=7_internal_8253, d=588588, pv=0.316708, s=-0.0821]
  * Beta parameters: [s1=0.915123, s2=8.81314]
  * Adjusted p-values: [emp=0.960199, beta=0.954469]

Processing phenotype [ENSG00000226851.1] [275/312]
  * #variants in cis = 7
  * Best hit: [id=7_internal_11462, d=296183, pv=0.0352257, s=0.1663]
  * Beta parameters: [s1=1.08117, s2=7.72399]
  * Adjusted p-values: [emp=0.199005, beta=0.178432]

Processing phenotype [ENSG00000006652.9] [276/312]
  * #variants in cis = 7
  * Best hit: [id=7_internal_8377, d=0, pv=2.89279e-16, s=0.5847]
  * Beta parameters: [s1=0.997728, s2=7.13863]
  * Adjusted p-values: [emp=0.00497512, beta=3.33341e-15]

Processing phenotype [ENSG00000181016.4] [277/312]
  * #variants in cis = 7
  * Best hit: [id=7_internal_8377, d=-30420, pv=8.95033e-10, s=0.4691]
  * Beta parameters: [s1=0.955179, s2=5.81641]
  * Adjusted p-values: [emp=0.00497512, beta=1.67503e-08]

Processing phenotype [ENSG00000146802.6] [278/312]
  * #variants in cis = 7
  * Best hit: [id=7_internal_8253, d=-86619, pv=0.211593, s=0.1006]
  * Beta parameters: [s1=0.972281, s2=6.49531]
  * Adjusted p-values: [emp=0.751244, beta=0.747529]

Processing phenotype [ENSG00000164603.7] [279/312]
  * #variants in cis = 7
  * Best hit: [id=7_internal_8508, d=56180, pv=0.113797, s=0.1258]
  * Maximum Likelihood estimation failed, use Moment Matching instead!
  * Beta parameters: [s1=0.999955, s2=6.20306]
  * Adjusted p-values: [emp=0.502488, beta=0.513311]

Processing phenotype [ENSG00000164604.7] [280/312]
  * #variants in cis = 7
  * Best hit: [id=7_internal_8891, d=656889, pv=0.501385, s=-0.0537]
  * Maximum Likelihood estimation failed, use Moment Matching instead!
  * Beta parameters: [s1=0.999954, s2=5.46346]
  * Adjusted p-values: [emp=0.9801, beta=0.98023]

Processing phenotype [ENSG00000214194.4] [281/312]
  * #variants in cis = 6
  * Best hit: [id=7_internal_8377, d=668180, pv=0.329143, s=0.0762]
  * Maximum Likelihood estimation failed, use Moment Matching instead!
  * Beta parameters: [s1=0.999951, s2=5.0618]
  * Adjusted p-values: [emp=0.885572, beta=0.880802]

Processing phenotype [ENSG00000135272.5] [282/312]
  * #variants in cis = 5
  * Best hit: [id=7_internal_9895, d=0, pv=1.33178e-07, s=0.4031]
  * Maximum Likelihood estimation failed, use Moment Matching instead!
  * Beta parameters: [s1=1.00002, s2=5.3275]
  * Adjusted p-values: [emp=0.00497512, beta=4.52423e-08]

Processing phenotype [ENSG00000225535.2] [283/312]
  * #variants in cis = 6
  * Best hit: [id=7_internal_9099, d=934092, pv=0.0164069, s=-0.1891]
  * Beta parameters: [s1=1.02387, s2=6.46798]
  * Adjusted p-values: [emp=0.109453, beta=0.107975]

Processing phenotype [ENSG00000105967.11] [284/312]
  * #variants in cis = 3
  * Best hit: [id=7_internal_11713, d=-51270, pv=0.0982629, s=-0.1286]
  * Maximum Likelihood estimation failed, use Moment Matching instead!
  * Beta parameters: [s1=0.999962, s2=3.7676]
  * Adjusted p-values: [emp=0.263682, beta=0.253162]

Processing phenotype [ENSG00000135269.13] [285/312]
  * #variants in cis = 3
  * Best hit: [id=7_internal_9099, d=-178227, pv=0.0304916, s=-0.1730]
  * Maximum Likelihood estimation failed, use Moment Matching instead!
  * Beta parameters: [s1=0.999948, s2=3.00132]
  * Adjusted p-values: [emp=0.0547264, beta=0.0854295]

Processing phenotype [ENSG00000243243.1] [286/312]
  * #variants in cis = 3
  * Best hit: [id=7_internal_11713, d=0, pv=2.84795e-05, s=0.3334]
  * Maximum Likelihood estimation failed, use Moment Matching instead!
  * Beta parameters: [s1=0.999991, s2=3.48022]
  * Adjusted p-values: [emp=0.00497512, beta=2.30606e-05]

Processing phenotype [ENSG00000237813.2] [287/312]
  * #variants in cis = 3
  * Best hit: [id=7_internal_11713, d=0, pv=0.000165604, s=0.3037]
  * Maximum Likelihood estimation failed, use Moment Matching instead!
  * Beta parameters: [s1=0.999977, s2=3.22927]
  * Adjusted p-values: [emp=0.00497512, beta=0.000241033]

Processing phenotype [ENSG00000198898.6] [288/312]
  * #variants in cis = 3
  * Best hit: [id=7_internal_9823, d=-899051, pv=0.158696, s=-0.1138]
  * Maximum Likelihood estimation failed, use Moment Matching instead!
  * Beta parameters: [s1=1.00002, s2=2.93147]
  * Adjusted p-values: [emp=0.41791, beta=0.41562]

Processing phenotype [ENSG00000235945.1] [289/312]
  * #variants in cis = 3
  * Best hit: [id=7_internal_9099, d=844110, pv=0.0673225, s=-0.1412]
  * Maximum Likelihood estimation failed, use Moment Matching instead!
  * Beta parameters: [s1=0.999997, s2=2.72162]
  * Adjusted p-values: [emp=0.18408, beta=0.192587]

Processing phenotype [ENSG00000252115.1] [290/312]
  * #variants in cis = 3
  * Best hit: [id=7_internal_9099, d=877698, pv=0.200774, s=-0.1019]
  * Maximum Likelihood estimation failed, use Moment Matching instead!
  * Beta parameters: [s1=0.999991, s2=3.12807]
  * Adjusted p-values: [emp=0.487562, beta=0.486044]

Processing phenotype [ENSG00000004866.13] [291/312]
  * #variants in cis = 2
  * Best hit: [id=7_internal_9099, d=-920972, pv=0.309607, s=0.0832]
  * Maximum Likelihood estimation failed, use Moment Matching instead!
  * Beta parameters: [s1=0.999983, s2=2.22663]
  * Adjusted p-values: [emp=0.482587, beta=0.519024]

Processing phenotype [ENSG00000214188.5] [292/312]
  * #variants in cis = 2
  * Best hit: [id=7_internal_9099, d=-921633, pv=0.136457, s=0.1193]
  * Maximum Likelihood estimation failed, use Moment Matching instead!
  * Beta parameters: [s1=0.999991, s2=2.21711]
  * Adjusted p-values: [emp=0.233831, beta=0.237356]

Processing phenotype [ENSG00000227199.1] [293/312]
  * #variants in cis = 2
  * Best hit: [id=7_internal_9099, d=922068, pv=0.0927588, s=0.1356]
  * Maximum Likelihood estimation failed, use Moment Matching instead!
  * Beta parameters: [s1=0.999969, s2=1.78206]
  * Adjusted p-values: [emp=0.208955, beta=0.189076]

Processing phenotype [ENSG00000228368.1] [294/312]
  * #variants in cis = 2
  * Best hit: [id=7_internal_11713, d=466454, pv=0.25496, s=0.0920]
  * Maximum Likelihood estimation failed, use Moment Matching instead!
  * Beta parameters: [s1=1.00004, s2=1.70176]
  * Adjusted p-values: [emp=0.41791, beta=0.415512]

Processing phenotype [ENSG00000213050.4] [295/312]
  * #variants in cis = 2
  * Best hit: [id=7_internal_9099, d=940645, pv=0.544384, s=-0.0505]
  * Maximum Likelihood estimation failed, use Moment Matching instead!
  * Beta parameters: [s1=0.999974, s2=1.83738]
  * Adjusted p-values: [emp=0.791045, beta=0.763606]

Processing phenotype [ENSG00000226367.1] [296/312]
  * #variants in cis = 1
  * Best hit: [id=7_internal_11713, d=645462, pv=0.547615, s=-0.0488]
  * Maximum Likelihood estimation failed, use Moment Matching instead!
  * Beta parameters: [s1=1.00001, s2=0.856916]
  * Adjusted p-values: [emp=0.552239, beta=0.568885]

Processing phenotype [ENSG00000227532.1] [297/312]
  * #variants in cis = 1
  * Best hit: [id=7_internal_11713, d=686722, pv=0.257246, s=-0.0936]
  * Maximum Likelihood estimation failed, use Moment Matching instead!
  * Beta parameters: [s1=1.00001, s2=0.993216]
  * Adjusted p-values: [emp=0.288557, beta=0.261837]

Processing phenotype [ENSG00000077063.6] [298/312]
  * #variants in cis = 0

Processing phenotype [ENSG00000128534.3] [299/312]
  * #variants in cis = 0

Processing phenotype [ENSG00000071243.11] [300/312]
  * #variants in cis = 0

Processing phenotype [ENSG00000106034.13] [301/312]
  * #variants in cis = 0

Processing phenotype [ENSG00000234927.1] [302/312]
  * #variants in cis = 0

Processing phenotype [ENSG00000207090.1] [303/312]
  * #variants in cis = 0

Processing phenotype [ENSG00000002745.8] [304/312]
  * #variants in cis = 0

Processing phenotype [ENSG00000196937.5] [305/312]
  * #variants in cis = 0

Processing phenotype [ENSG00000234985.2] [306/312]
  * #variants in cis = 0

Processing phenotype [ENSG00000008311.10] [307/312]
  * #variants in cis = 0

Processing phenotype [ENSG00000164675.6] [308/312]
  * #variants in cis = 0

Processing phenotype [ENSG00000128609.10] [309/312]
  * #variants in cis = 0

Processing phenotype [ENSG00000146809.8] [310/312]
  * #variants in cis = 0

Processing phenotype [ENSG00000170807.11] [311/312]
  * #variants in cis = 0

Processing phenotype [ENSG00000106299.6] [312/312]
  * #variants in cis = 0

Running time: 3 seconds
