Sender: LSF System <lsfadmin@cpt06>
Subject: Job 974181: </data/unige/funpopgen/odelanea/SGX/V2/binaries/qtltools/bin/QTLtools cis --vcf /data/unige/funpopgen/grey2/SYSCID/BLUEPRINT_DATA/CRD/THREE_CELL_TYPES/CLOMICS/CELL_TYPE_COMPARISON_GENE_CRD_ASSOCIATIONS/quantify/72_vs_70_ALL.ALLchr.mean.txt.gz --bed /data/unige/funpopgen/grey2/SYSCID/BLUEPRINT_DATA/CRD/THREE_CELL_TYPES/QTL_TOOLS/EGAD00001002674_v3.0/EGAD00001002674_RNA.PC10.bed.gz --permute 200 --chunk 38 100 --out /data/unige/funpopgen/grey2/SYSCID/BLUEPRINT_DATA/CRD/THREE_CELL_TYPES/CLOMICS/CELL_TYPE_COMPARISON_GENE_CRD_ASSOCIATIONS/mapping_aCRD_gene/72_vs_70/gene_CRD_mean_chunk38\.txt> in cluster <ug> Done

Job </data/unige/funpopgen/odelanea/SGX/V2/binaries/qtltools/bin/QTLtools cis --vcf /data/unige/funpopgen/grey2/SYSCID/BLUEPRINT_DATA/CRD/THREE_CELL_TYPES/CLOMICS/CELL_TYPE_COMPARISON_GENE_CRD_ASSOCIATIONS/quantify/72_vs_70_ALL.ALLchr.mean.txt.gz --bed /data/unige/funpopgen/grey2/SYSCID/BLUEPRINT_DATA/CRD/THREE_CELL_TYPES/QTL_TOOLS/EGAD00001002674_v3.0/EGAD00001002674_RNA.PC10.bed.gz --permute 200 --chunk 38 100 --out /data/unige/funpopgen/grey2/SYSCID/BLUEPRINT_DATA/CRD/THREE_CELL_TYPES/CLOMICS/CELL_TYPE_COMPARISON_GENE_CRD_ASSOCIATIONS/mapping_aCRD_gene/72_vs_70/gene_CRD_mean_chunk38\.txt> was submitted from host <frt.ug.vital-it.ch> by user <grey2> in cluster <ug>.
Job was executed on host(s) <cpt06>, in queue <normal>, as user <grey2> in cluster <ug>.
</home/grey2> was used as the home directory.
</data/unige/funpopgen/grey2/SYSCID/BLUEPRINT_DATA/CRD/THREE_CELL_TYPES/CLOMICS/CELL_TYPE_COMPARISON_GENE_CRD_ASSOCIATIONS> was used as the working directory.
Started at Thu Mar 21 11:26:49 2019
Results reported at Thu Mar 21 11:26:56 2019

Your job looked like:

------------------------------------------------------------
# LSBATCH: User input
/data/unige/funpopgen/odelanea/SGX/V2/binaries/qtltools/bin/QTLtools cis --vcf /data/unige/funpopgen/grey2/SYSCID/BLUEPRINT_DATA/CRD/THREE_CELL_TYPES/CLOMICS/CELL_TYPE_COMPARISON_GENE_CRD_ASSOCIATIONS/quantify/72_vs_70_ALL.ALLchr.mean.txt.gz --bed /data/unige/funpopgen/grey2/SYSCID/BLUEPRINT_DATA/CRD/THREE_CELL_TYPES/QTL_TOOLS/EGAD00001002674_v3.0/EGAD00001002674_RNA.PC10.bed.gz --permute 200 --chunk 38 100 --out /data/unige/funpopgen/grey2/SYSCID/BLUEPRINT_DATA/CRD/THREE_CELL_TYPES/CLOMICS/CELL_TYPE_COMPARISON_GENE_CRD_ASSOCIATIONS/mapping_aCRD_gene/72_vs_70/gene_CRD_mean_chunk38\.txt

------------------------------------------------------------

Successfully completed.

Resource usage summary:

    CPU time :               3.27 sec.
    Max Memory :             2.57 MB
    Average Memory :         2.57 MB
    Total Requested Memory : -
    Delta Memory :           -
    (Delta: the difference between total requested memory and actual max usage.)
    Max Swap :               30 MB

    Max Processes :          1
    Max Threads :            1

The output (if any) follows:


[32mQTLtools[0m
  * Authors : Olivier DELANEAU / Halit ONGEN / Emmanouil DERMITZAKIS
  * Contact : olivier.delaneau@gmail.com / halit.ongen@unige.ch / Emmanouil.Dermitzakis@unige.ch
  * Webpage : https://qtltools.github.io/qtltools/
  * Version : 1.1
  * Date    : 21/03/2019 - 11:26:52
  * Citation: A complete tool set for molecular QTL discovery and analysis, https://doi.org/10.1101/068635

[32mMAPPING QTL IN CIS[0m
  * TASK: Perform 200 permutations
  * Linear model: Phe ~ Var
  * Cis-window size is 1000000 bp
  * Chunk = [38/100]

Scanning phenotype data in [/data/unige/funpopgen/grey2/SYSCID/BLUEPRINT_DATA/CRD/THREE_CELL_TYPES/QTL_TOOLS/EGAD00001002674_v3.0/EGAD00001002674_RNA.PC10.bed.gz]
  * 26159 phenotypes included
  * 13004 phenotypes are on the negative strand

Initialize random number generator
  * Built-in seed is 15112011
  * First Integer = 30554
  * First Double = 0.0126695

Reading sample list from [/data/unige/funpopgen/grey2/SYSCID/BLUEPRINT_DATA/CRD/THREE_CELL_TYPES/QTL_TOOLS/EGAD00001002674_v3.0/EGAD00001002674_RNA.PC10.bed.gz]
  * #samples = 194

Reading sample list from [/data/unige/funpopgen/grey2/SYSCID/BLUEPRINT_DATA/CRD/THREE_CELL_TYPES/CLOMICS/CELL_TYPE_COMPARISON_GENE_CRD_ASSOCIATIONS/quantify/72_vs_70_ALL.ALLchr.mean.txt.gz]
  * #samples = 160

Merging sample sets from all input files
  * #files = 2
  * #samples in all files = 158
  * #samples NOT in all files (i.e. ignored) = 38

Reading phenotype data in [/data/unige/funpopgen/grey2/SYSCID/BLUEPRINT_DATA/CRD/THREE_CELL_TYPES/QTL_TOOLS/EGAD00001002674_v3.0/EGAD00001002674_RNA.PC10.bed.gz]
  * target region [5:114601214-147250245]
  * 277 phenotypes included
  * 130 phenotypes are on the negative strand

Reading genotype data in [/data/unige/funpopgen/grey2/SYSCID/BLUEPRINT_DATA/CRD/THREE_CELL_TYPES/CLOMICS/CELL_TYPE_COMPARISON_GENE_CRD_ASSOCIATIONS/quantify/72_vs_70_ALL.ALLchr.mean.txt.gz]
  * File format detected: BED
  * 158 samples included
  * 4 samples without phenotype data
  * target region [5:113601214-148250245]
  * 91 variants included

Processing phenotype [ENSG00000243304.2] [1/277]
  * #variants in cis = 9
  * Best hit: [id=5_internal_8987, d=-869916, pv=0.0879744, s=0.1306]
  * Beta parameters: [s1=0.993303, s2=10.9692]
  * Adjusted p-values: [emp=0.557214, beta=0.560893]

Processing phenotype [ENSG00000250197.1] [2/277]
  * #variants in cis = 9
  * Best hit: [id=5_internal_12591, d=-620652, pv=0.0480688, s=0.1599]
  * Beta parameters: [s1=1.10397, s2=8.541]
  * Adjusted p-values: [emp=0.383085, beta=0.343869]

Processing phenotype [ENSG00000164221.8] [3/277]
  * #variants in cis = 9
  * Best hit: [id=5_internal_12849, d=24251, pv=0.132612, s=-0.1253]
  * Beta parameters: [s1=1.03604, s2=10.2592]
  * Adjusted p-values: [emp=0.716418, beta=0.736962]

Processing phenotype [ENSG00000250444.1] [4/277]
  * #variants in cis = 9
  * Best hit: [id=5_internal_8728, d=-17204, pv=0.00172706, s=0.2446]
  * Beta parameters: [s1=0.960411, s2=9.78151]
  * Adjusted p-values: [emp=0.0199005, beta=0.0143999]

Processing phenotype [ENSG00000145780.6] [5/277]
  * #variants in cis = 9
  * Best hit: [id=5_internal_8728, d=50021, pv=0.00284814, s=0.2430]
  * Beta parameters: [s1=0.897611, s2=10.1125]
  * Adjusted p-values: [emp=0.0447761, beta=0.021035]

Processing phenotype [ENSG00000249249.1] [6/277]
  * #variants in cis = 9
  * Best hit: [id=5_internal_12849, d=-329477, pv=0.0504646, s=0.1591]
  * Beta parameters: [s1=1.0282, s2=8.29147]
  * Adjusted p-values: [emp=0.40796, beta=0.391397]

Processing phenotype [ENSG00000251201.4] [7/277]
  * #variants in cis = 9
  * Best hit: [id=5_internal_12849, d=353581, pv=0.041585, s=0.1611]
  * Beta parameters: [s1=1.06147, s2=7.56265]
  * Adjusted p-values: [emp=0.363184, beta=0.355325]

Processing phenotype [ENSG00000243414.4] [8/277]
  * #variants in cis = 9
  * Best hit: [id=5_internal_12849, d=353599, pv=0.0321068, s=0.1696]
  * Beta parameters: [s1=1.08334, s2=8.58933]
  * Adjusted p-values: [emp=0.253731, beta=0.245435]

Processing phenotype [ENSG00000134970.13] [9/277]
  * #variants in cis = 9
  * Best hit: [id=5_internal_8728, d=138119, pv=0.0493345, s=0.1564]
  * Beta parameters: [s1=1.0316, s2=9.52645]
  * Adjusted p-values: [emp=0.333333, beta=0.342638]

Processing phenotype [ENSG00000177879.10] [10/277]
  * #variants in cis = 9
  * Best hit: [id=5_internal_12591, d=68501, pv=1.42107e-08, s=0.4137]
  * Beta parameters: [s1=0.974777, s2=7.64351]
  * Adjusted p-values: [emp=0.00497512, beta=5.25385e-07]

Processing phenotype [ENSG00000145782.8] [11/277]
  * #variants in cis = 9
  * Best hit: [id=5_internal_9709, d=-243571, pv=0.00367091, s=-0.2297]
  * Beta parameters: [s1=0.9159, s2=10.7328]
  * Adjusted p-values: [emp=0.0447761, beta=0.032546]

Processing phenotype [ENSG00000185641.5] [12/277]
  * #variants in cis = 9
  * Best hit: [id=5_internal_8727, d=-31786, pv=0.142576, s=0.1166]
  * Beta parameters: [s1=0.915216, s2=9.92191]
  * Adjusted p-values: [emp=0.731343, beta=0.743479]

Processing phenotype [ENSG00000145781.4] [13/277]
  * #variants in cis = 9
  * Best hit: [id=5_internal_13662, d=49819, pv=0.008593, s=-0.2018]
  * Beta parameters: [s1=1.03062, s2=10.6754]
  * Adjusted p-values: [emp=0.0945274, beta=0.0877529]

Processing phenotype [ENSG00000212457.1] [14/277]
  * #variants in cis = 9
  * Best hit: [id=5_internal_11240, d=0, pv=0.0310514, s=-0.1740]
  * Beta parameters: [s1=0.943444, s2=8.98977]
  * Adjusted p-values: [emp=0.283582, beta=0.269543]

Processing phenotype [ENSG00000232916.1] [15/277]
  * #variants in cis = 9
  * Best hit: [id=5_internal_8987, d=0, pv=0.186059, s=0.1031]
  * Beta parameters: [s1=0.999995, s2=7.61428]
  * Adjusted p-values: [emp=0.830846, beta=0.831418]

Processing phenotype [ENSG00000250015.1] [16/277]
  * #variants in cis = 7
  * Best hit: [id=5_internal_8727, d=76977, pv=0.0205642, s=-0.1818]
  * Beta parameters: [s1=1.0428, s2=7.04579]
  * Adjusted p-values: [emp=0.154229, beta=0.143929]

Processing phenotype [ENSG00000256121.1] [17/277]
  * #variants in cis = 7
  * Best hit: [id=5_internal_13662, d=0, pv=0.0191261, s=0.1919]
  * Beta parameters: [s1=1.02768, s2=7.5545]
  * Adjusted p-values: [emp=0.114428, beta=0.134677]

Processing phenotype [ENSG00000248445.1] [18/277]
  * #variants in cis = 7
  * Best hit: [id=5_internal_13662, d=0, pv=7.08746e-05, s=0.3105]
  * Beta parameters: [s1=1.04436, s2=7.91575]
  * Adjusted p-values: [emp=0.00497512, beta=0.00050921]

Processing phenotype [ENSG00000092421.12] [19/277]
  * #variants in cis = 6
  * Best hit: [id=5_internal_13662, d=119026, pv=6.9382e-09, s=0.4314]
  * Maximum Likelihood estimation failed, use Moment Matching instead!
  * Beta parameters: [s1=0.999948, s2=5.35471]
  * Adjusted p-values: [emp=0.00497512, beta=6.39802e-08]

Processing phenotype [ENSG00000197744.5] [20/277]
  * #variants in cis = 7
  * Best hit: [id=5_internal_8387, d=295274, pv=0.0143051, s=0.1926]
  * Beta parameters: [s1=0.961683, s2=6.30579]
  * Adjusted p-values: [emp=0.0845771, beta=0.087692]

Processing phenotype [ENSG00000169570.4] [21/277]
  * #variants in cis = 7
  * Best hit: [id=5_internal_8810, d=-662122, pv=0.27898, s=0.0847]
  * Beta parameters: [s1=1.07723, s2=6.56484]
  * Adjusted p-values: [emp=0.905473, beta=0.880428]

Processing phenotype [ENSG00000172869.10] [22/277]
  * #variants in cis = 8
  * Best hit: [id=5_internal_8260, d=229743, pv=0.0906543, s=-0.1342]
  * Beta parameters: [s1=0.89612, s2=8.29736]
  * Adjusted p-values: [emp=0.477612, beta=0.521384]

Processing phenotype [ENSG00000248885.1] [23/277]
  * #variants in cis = 9
  * Best hit: [id=5_internal_8810, d=-522223, pv=0.0340121, s=-0.1724]
  * Beta parameters: [s1=1.01061, s2=9.09099]
  * Adjusted p-values: [emp=0.283582, beta=0.268083]

Processing phenotype [ENSG00000248979.2] [24/277]
  * #variants in cis = 9
  * Best hit: [id=5_internal_8387, d=-136188, pv=0.0127734, s=0.1969]
  * Beta parameters: [s1=0.966597, s2=7.52872]
  * Adjusted p-values: [emp=0.0995025, beta=0.101095]

Processing phenotype [ENSG00000206786.1] [25/277]
  * #variants in cis = 9
  * Best hit: [id=5_internal_10202, d=897753, pv=0.0717017, s=0.1507]
  * Beta parameters: [s1=0.907052, s2=10.4557]
  * Adjusted p-values: [emp=0.437811, beta=0.457454]

Processing phenotype [ENSG00000264536.1] [26/277]
  * #variants in cis = 9
  * Best hit: [id=5_internal_8810, d=496030, pv=0.102096, s=-0.1333]
  * Beta parameters: [s1=1.07822, s2=8.94674]
  * Adjusted p-values: [emp=0.59204, beta=0.589203]

Processing phenotype [ENSG00000145779.6] [27/277]
  * #variants in cis = 9
  * Best hit: [id=5_internal_12555, d=166305, pv=0.0166854, s=0.1978]
  * Beta parameters: [s1=1.00443, s2=9.6884]
  * Adjusted p-values: [emp=0.154229, beta=0.156491]

Processing phenotype [ENSG00000243333.2] [28/277]
  * #variants in cis = 9
  * Best hit: [id=5_internal_8810, d=-344036, pv=0.194427, s=0.1012]
  * Beta parameters: [s1=1.12017, s2=9.15881]
  * Adjusted p-values: [emp=0.870647, beta=0.864539]

Processing phenotype [ENSG00000133835.9] [29/277]
  * #variants in cis = 9
  * Best hit: [id=5_internal_12555, d=0, pv=1.70252e-09, s=0.4676]
  * Beta parameters: [s1=1.00615, s2=6.88359]
  * Adjusted p-values: [emp=0.00497512, beta=9.91524e-08]

Processing phenotype [ENSG00000239084.1] [30/277]
  * #variants in cis = 9
  * Best hit: [id=5_internal_8387, d=96822, pv=0.0640275, s=0.1561]
  * Beta parameters: [s1=0.948552, s2=9.29741]
  * Adjusted p-values: [emp=0.437811, beta=0.465739]

Processing phenotype [ENSG00000184838.10] [31/277]
  * #variants in cis = 4
  * Best hit: [id=5_internal_8586, d=0, pv=0.00479019, s=0.2254]
  * Maximum Likelihood estimation failed, use Moment Matching instead!
  * Beta parameters: [s1=0.999955, s2=3.79961]
  * Adjusted p-values: [emp=0.0248756, beta=0.0303138]

Processing phenotype [ENSG00000151304.5] [32/277]
  * #variants in cis = 2
  * Best hit: [id=5_internal_9592, d=349646, pv=0.0865406, s=0.1412]
  * Maximum Likelihood estimation failed, use Moment Matching instead!
  * Beta parameters: [s1=1.00002, s2=1.79244]
  * Adjusted p-values: [emp=0.19403, beta=0.18804]

Processing phenotype [ENSG00000113083.8] [33/277]
  * #variants in cis = 2
  * Best hit: [id=5_internal_9019, d=0, pv=0.235111, s=0.0949]
  * Maximum Likelihood estimation failed, use Moment Matching instead!
  * Beta parameters: [s1=0.999978, s2=1.76716]
  * Adjusted p-values: [emp=0.383085, beta=0.379498]

Processing phenotype [ENSG00000164185.4] [34/277]
  * #variants in cis = 2
  * Best hit: [id=5_internal_9019, d=0, pv=0.108327, s=0.1283]
  * Maximum Likelihood estimation failed, use Moment Matching instead!
  * Beta parameters: [s1=1.00003, s2=1.91818]
  * Adjusted p-values: [emp=0.189055, beta=0.187194]

Processing phenotype [ENSG00000205302.2] [35/277]
  * #variants in cis = 2
  * Best hit: [id=5_internal_9019, d=0, pv=0.0109392, s=0.2024]
  * Maximum Likelihood estimation failed, use Moment Matching instead!
  * Beta parameters: [s1=1.00001, s2=2.18685]
  * Adjusted p-values: [emp=0.0199005, beta=0.0298787]

Processing phenotype [ENSG00000212114.1] [36/277]
  * #variants in cis = 2
  * Best hit: [id=5_internal_9019, d=0, pv=0.277422, s=0.0918]
  * Maximum Likelihood estimation failed, use Moment Matching instead!
  * Beta parameters: [s1=0.999984, s2=1.82474]
  * Adjusted p-values: [emp=0.437811, beta=0.445488]

Processing phenotype [ENSG00000252295.1] [37/277]
  * #variants in cis = 2
  * Best hit: [id=5_internal_9592, d=-418634, pv=0.234602, s=0.0993]
  * Maximum Likelihood estimation failed, use Moment Matching instead!
  * Beta parameters: [s1=1.00002, s2=1.92604]
  * Adjusted p-values: [emp=0.472637, beta=0.457647]

Processing phenotype [ENSG00000260686.1] [38/277]
  * #variants in cis = 2
  * Best hit: [id=5_internal_9019, d=0, pv=0.014904, s=0.1938]
  * Maximum Likelihood estimation failed, use Moment Matching instead!
  * Beta parameters: [s1=1.00002, s2=2.17618]
  * Adjusted p-values: [emp=0.039801, beta=0.020175]

Processing phenotype [ENSG00000064652.6] [39/277]
  * #variants in cis = 2
  * Best hit: [id=5_internal_9019, d=0, pv=0.0203163, s=0.1834]
  * Maximum Likelihood estimation failed, use Moment Matching instead!
  * Beta parameters: [s1=0.999978, s2=1.78407]
  * Adjusted p-values: [emp=0.0696517, beta=0.0385182]

Processing phenotype [ENSG00000239103.1] [40/277]
  * #variants in cis = 2
  * Best hit: [id=5_internal_9592, d=632149, pv=0.612264, s=0.0410]
  * Maximum Likelihood estimation failed, use Moment Matching instead!
  * Beta parameters: [s1=1, s2=2.21553]
  * Adjusted p-values: [emp=0.855721, beta=0.857937]

Processing phenotype [ENSG00000250539.1] [41/277]
  * #variants in cis = 1
  * Best hit: [id=5_internal_9019, d=311501, pv=0.782945, s=-0.0230]
  * Maximum Likelihood estimation failed, use Moment Matching instead!
  * Beta parameters: [s1=0.999966, s2=0.938595]
  * Adjusted p-values: [emp=0.746269, beta=0.754658]

Processing phenotype [ENSG00000168944.10] [42/277]
  * #variants in cis = 1
  * Best hit: [id=5_internal_9019, d=332749, pv=0.611524, s=0.0412]
  * Maximum Likelihood estimation failed, use Moment Matching instead!
  * Beta parameters: [s1=0.999973, s2=0.991051]
  * Adjusted p-values: [emp=0.577114, beta=0.565528]

Processing phenotype [ENSG00000151292.13] [43/277]
  * #variants in cis = 1
  * Best hit: [id=5_internal_9019, d=-421256, pv=0.214341, s=0.0951]
  * Maximum Likelihood estimation failed, use Moment Matching instead!
  * Beta parameters: [s1=1.00001, s2=0.878916]
  * Adjusted p-values: [emp=0.208955, beta=0.205735]

Processing phenotype [ENSG00000168916.10] [44/277]
  * #variants in cis = 4
  * Best hit: [id=5_internal_13110, d=0, pv=0.163369, s=0.1091]
  * Maximum Likelihood estimation failed, use Moment Matching instead!
  * Beta parameters: [s1=1.00004, s2=4.28761]
  * Adjusted p-values: [emp=0.507463, beta=0.532437]

Processing phenotype [ENSG00000155324.5] [45/277]
  * #variants in cis = 3
  * Best hit: [id=5_internal_10967, d=387312, pv=0.609311, s=-0.0430]
  * Maximum Likelihood estimation failed, use Moment Matching instead!
  * Beta parameters: [s1=0.999996, s2=2.7307]
  * Adjusted p-values: [emp=0.935323, beta=0.92826]

Processing phenotype [ENSG00000250602.1] [46/277]
  * #variants in cis = 3
  * Best hit: [id=5_internal_9034, d=-261741, pv=0.630169, s=0.0388]
  * Maximum Likelihood estimation failed, use Moment Matching instead!
  * Beta parameters: [s1=0.999998, s2=2.83307]
  * Adjusted p-values: [emp=0.950249, beta=0.948564]

Processing phenotype [ENSG00000164904.10] [47/277]
  * #variants in cis = 3
  * Best hit: [id=5_internal_9579, d=-316433, pv=0.162128, s=-0.1080]
  * Maximum Likelihood estimation failed, use Moment Matching instead!
  * Beta parameters: [s1=1.00001, s2=2.82107]
  * Adjusted p-values: [emp=0.457711, beta=0.455161]

Processing phenotype [ENSG00000164902.9] [48/277]
  * #variants in cis = 3
  * Best hit: [id=5_internal_9579, d=311583, pv=0.0756197, s=0.1454]
  * Maximum Likelihood estimation failed, use Moment Matching instead!
  * Beta parameters: [s1=0.999959, s2=2.94751]
  * Adjusted p-values: [emp=0.20398, beta=0.211723]

Processing phenotype [ENSG00000251072.2] [49/277]
  * #variants in cis = 4
  * Best hit: [id=5_internal_9034, d=0, pv=0.0787972, s=0.1343]
  * Maximum Likelihood estimation failed, use Moment Matching instead!
  * Beta parameters: [s1=0.99999, s2=4.93854]
  * Adjusted p-values: [emp=0.263682, beta=0.254978]

Processing phenotype [ENSG00000113368.6] [50/277]
  * #variants in cis = 4
  * Best hit: [id=5_internal_10269, d=873118, pv=0.00638677, s=-0.2162]
  * Maximum Likelihood estimation failed, use Moment Matching instead!
  * Beta parameters: [s1=1.00004, s2=4.04853]
  * Adjusted p-values: [emp=0.0348259, beta=0.0213797]

Processing phenotype [ENSG00000173926.5] [51/277]
  * #variants in cis = 4
  * Best hit: [id=5_internal_9034, d=211579, pv=0.155113, s=0.1131]
  * Maximum Likelihood estimation failed, use Moment Matching instead!
  * Beta parameters: [s1=1.00002, s2=3.70544]
  * Adjusted p-values: [emp=0.467662, beta=0.475283]

Processing phenotype [ENSG00000258953.3] [52/277]
  * #variants in cis = 4
  * Best hit: [id=5_internal_9034, d=254251, pv=0.157673, s=0.1170]
  * Maximum Likelihood estimation failed, use Moment Matching instead!
  * Beta parameters: [s1=0.999941, s2=3.59088]
  * Adjusted p-values: [emp=0.512438, beta=0.493871]

Processing phenotype [ENSG00000164241.8] [53/277]
  * #variants in cis = 4
  * Best hit: [id=5_internal_9034, d=254263, pv=0.243801, s=0.0962]
  * Maximum Likelihood estimation failed, use Moment Matching instead!
  * Beta parameters: [s1=1.00001, s2=4.43276]
  * Adjusted p-values: [emp=0.696517, beta=0.680934]

Processing phenotype [ENSG00000164244.15] [54/277]
  * #variants in cis = 6
  * Best hit: [id=5_internal_10269, d=132132, pv=0.032069, s=0.1751]
  * Beta parameters: [s1=0.925256, s2=6.03645]
  * Adjusted p-values: [emp=0.144279, beta=0.152526]

Processing phenotype [ENSG00000230561.3] [55/277]
  * #variants in cis = 6
  * Best hit: [id=5_internal_9193, d=370649, pv=0.0108544, s=0.2070]
  * Beta parameters: [s1=0.986415, s2=6.61228]
  * Adjusted p-values: [emp=0.0597015, beta=0.0507142]

Processing phenotype [ENSG00000245937.2] [56/277]
  * #variants in cis = 4
  * Best hit: [id=5_internal_9193, d=0, pv=3.08708e-11, s=0.4963]
  * Maximum Likelihood estimation failed, use Moment Matching instead!
  * Beta parameters: [s1=0.999989, s2=4.41623]
  * Adjusted p-values: [emp=0.00497512, beta=5.11825e-11]

Processing phenotype [ENSG00000064651.9] [57/277]
  * #variants in cis = 4
  * Best hit: [id=5_internal_9193, d=0, pv=1.54143e-09, s=0.4505]
  * Maximum Likelihood estimation failed, use Moment Matching instead!
  * Beta parameters: [s1=1.00001, s2=3.47883]
  * Adjusted p-values: [emp=0.00497512, beta=1.64023e-07]

Processing phenotype [ENSG00000250329.1] [58/277]
  * #variants in cis = 4
  * Best hit: [id=5_internal_9193, d=-22022, pv=0.00376019, s=0.2337]
  * Maximum Likelihood estimation failed, use Moment Matching instead!
  * Beta parameters: [s1=1.00003, s2=5.07215]
  * Adjusted p-values: [emp=0.00995025, beta=0.00337277]

Processing phenotype [ENSG00000207290.1] [59/277]
  * #variants in cis = 4
  * Best hit: [id=5_internal_12128, d=0, pv=7.35631e-07, s=0.3701]
  * Maximum Likelihood estimation failed, use Moment Matching instead!
  * Beta parameters: [s1=1.00003, s2=4.27602]
  * Adjusted p-values: [emp=0.00497512, beta=1.3134e-06]

Processing phenotype [ENSG00000113396.8] [60/277]
  * #variants in cis = 4
  * Best hit: [id=5_internal_12128, d=0, pv=2.88034e-12, s=0.5302]
  * Maximum Likelihood estimation failed, use Moment Matching instead!
  * Beta parameters: [s1=0.999988, s2=4.31266]
  * Adjusted p-values: [emp=0.00497512, beta=4.93767e-12]

Processing phenotype [ENSG00000138829.6] [61/277]
  * #variants in cis = 4
  * Best hit: [id=5_internal_12128, d=120010, pv=4.62197e-32, s=0.7943]
  * Maximum Likelihood estimation failed, use Moment Matching instead!
  * Beta parameters: [s1=1.00001, s2=4.29905]
  * Adjusted p-values: [emp=0.00497512, beta=5.8131e-35]

Processing phenotype [ENSG00000066583.6] [62/277]
  * #variants in cis = 2
  * Best hit: [id=5_internal_9016, d=0, pv=6.64369e-05, s=0.3157]
  * Maximum Likelihood estimation failed, use Moment Matching instead!
  * Beta parameters: [s1=1.00001, s2=1.50737]
  * Adjusted p-values: [emp=0.00497512, beta=0.000427379]

Processing phenotype [ENSG00000244192.1] [63/277]
  * #variants in cis = 8
  * Best hit: [id=5_internal_9071, d=275297, pv=0.301306, s=0.0827]
  * Beta parameters: [s1=1.01447, s2=8.86868]
  * Adjusted p-values: [emp=0.945274, beta=0.95266]

Processing phenotype [ENSG00000186687.11] [64/277]
  * #variants in cis = 9
  * Best hit: [id=5_internal_10773, d=583447, pv=0.16525, s=-0.1125]
  * Beta parameters: [s1=1.0269, s2=7.95308]
  * Adjusted p-values: [emp=0.80597, beta=0.784962]

Processing phenotype [ENSG00000169567.7] [65/277]
  * #variants in cis = 9
  * Best hit: [id=5_internal_9308, d=-168401, pv=0.00352038, s=0.2134]
  * Beta parameters: [s1=1.01586, s2=7.40403]
  * Adjusted p-values: [emp=0.0348259, beta=0.0332985]

Processing phenotype [ENSG00000158985.9] [66/277]
  * #variants in cis = 9
  * Best hit: [id=5_internal_9071, d=19701, pv=0.00538985, s=0.2238]
  * Beta parameters: [s1=1.03418, s2=7.53717]
  * Adjusted p-values: [emp=0.0597015, beta=0.0512094]

Processing phenotype [ENSG00000158987.14] [67/277]
  * #variants in cis = 12
  * Best hit: [id=5_internal_9308, d=235997, pv=0.0878726, s=0.1354]
  * Beta parameters: [s1=0.887928, s2=10.6334]
  * Adjusted p-values: [emp=0.616915, beta=0.648238]

Processing phenotype [ENSG00000217128.6] [68/277]
  * #variants in cis = 13
  * Best hit: [id=5_internal_10314, d=-272111, pv=0.00132884, s=-0.2353]
  * Beta parameters: [s1=1.03403, s2=13.2805]
  * Adjusted p-values: [emp=0.0149254, beta=0.0130529]

Processing phenotype [ENSG00000234758.1] [69/277]
  * #variants in cis = 14
  * Best hit: [id=5_internal_8802, d=-398472, pv=0.0203108, s=0.1882]
  * Beta parameters: [s1=0.940595, s2=14.0713]
  * Adjusted p-values: [emp=0.223881, beta=0.21718]

Processing phenotype [ENSG00000239642.1] [70/277]
  * #variants in cis = 14
  * Best hit: [id=5_internal_8811, d=-346936, pv=0.00730758, s=-0.2192]
  * Beta parameters: [s1=0.994979, s2=14.3275]
  * Adjusted p-values: [emp=0.0895522, beta=0.0850978]

Processing phenotype [ENSG00000164398.8] [71/277]
  * #variants in cis = 14
  * Best hit: [id=5_internal_10465, d=281956, pv=0.0216234, s=0.1854]
  * Beta parameters: [s1=1.05662, s2=13.2141]
  * Adjusted p-values: [emp=0.21393, beta=0.221436]

Processing phenotype [ENSG00000131435.8] [72/277]
  * #variants in cis = 15
  * Best hit: [id=5_internal_8589, d=127249, pv=0.00551842, s=-0.2171]
  * Beta parameters: [s1=1.20615, s2=11.5056]
  * Adjusted p-values: [emp=0.0746269, beta=0.0805957]

Processing phenotype [ENSG00000197208.5] [73/277]
  * #variants in cis = 15
  * Best hit: [id=5_internal_10326, d=-876616, pv=0.0583263, s=0.1409]
  * Beta parameters: [s1=0.997678, s2=15.3445]
  * Adjusted p-values: [emp=0.572139, beta=0.583342]

Processing phenotype [ENSG00000072682.12] [74/277]
  * #variants in cis = 15
  * Best hit: [id=5_internal_9381, d=855967, pv=0.150464, s=0.1127]
  * Beta parameters: [s1=1.03067, s2=13.232]
  * Adjusted p-values: [emp=0.900498, beta=0.902386]

Processing phenotype [ENSG00000197375.7] [75/277]
  * #variants in cis = 15
  * Best hit: [id=5_internal_8589, d=15169, pv=0.000462763, s=-0.2691]
  * Beta parameters: [s1=0.988321, s2=14.4971]
  * Adjusted p-values: [emp=0.00497512, beta=0.00973929]

Processing phenotype [ENSG00000233006.1] [76/277]
  * #variants in cis = 15
  * Best hit: [id=5_internal_10326, d=952088, pv=0.170108, s=0.1105]
  * Beta parameters: [s1=0.876056, s2=15.5453]
  * Adjusted p-values: [emp=0.955224, beta=0.942399]

Processing phenotype [ENSG00000197536.6] [77/277]
  * #variants in cis = 13
  * Best hit: [id=5_internal_8589, d=0, pv=0.0532246, s=0.1560]
  * Beta parameters: [s1=0.865132, s2=11.2616]
  * Adjusted p-values: [emp=0.477612, beta=0.512894]

Processing phenotype [ENSG00000238160.1] [78/277]
  * #variants in cis = 12
  * Best hit: [id=5_internal_8811, d=0, pv=1.40576e-05, s=0.3257]
  * Beta parameters: [s1=0.918083, s2=12.8032]
  * Adjusted p-values: [emp=0.00497512, beta=0.00020811]

Processing phenotype [ENSG00000202533.1] [79/277]
  * #variants in cis = 12
  * Best hit: [id=5_internal_12289, d=415148, pv=0.0167183, s=0.1902]
  * Beta parameters: [s1=1.11065, s2=12.1207]
  * Adjusted p-values: [emp=0.179104, beta=0.180529]

Processing phenotype [ENSG00000234290.1] [80/277]
  * #variants in cis = 12
  * Best hit: [id=5_internal_10773, d=705799, pv=0.180271, s=-0.1077]
  * Beta parameters: [s1=0.994944, s2=12.5424]
  * Adjusted p-values: [emp=0.875622, beta=0.885356]

Processing phenotype [ENSG00000125347.8] [81/277]
  * #variants in cis = 12
  * Best hit: [id=5_internal_8811, d=0, pv=0.0057182, s=0.2268]
  * Beta parameters: [s1=1.03965, s2=10.6428]
  * Adjusted p-values: [emp=0.079602, beta=0.0772446]

Processing phenotype [ENSG00000113522.9] [82/277]
  * #variants in cis = 11
  * Best hit: [id=5_internal_9908, d=99636, pv=0.00140309, s=0.2607]
  * Beta parameters: [s1=0.915134, s2=8.48298]
  * Adjusted p-values: [emp=0.0547264, beta=0.0282953]

Processing phenotype [ENSG00000113525.5] [83/277]
  * #variants in cis = 11
  * Best hit: [id=5_internal_9936, d=116162, pv=0.0046119, s=0.2294]
  * Beta parameters: [s1=0.952611, s2=9.72315]
  * Adjusted p-values: [emp=0.0547264, beta=0.059393]

Processing phenotype [ENSG00000223442.1] [84/277]
  * #variants in cis = 11
  * Best hit: [id=5_internal_10773, d=897028, pv=0.0705815, s=0.1462]
  * Beta parameters: [s1=1.02108, s2=9.07482]
  * Adjusted p-values: [emp=0.567164, beta=0.547553]

Processing phenotype [ENSG00000131437.10] [85/277]
  * #variants in cis = 9
  * Best hit: [id=5_internal_9908, d=0, pv=0.204192, s=0.1044]
  * Beta parameters: [s1=0.899614, s2=8.548]
  * Adjusted p-values: [emp=0.81592, beta=0.845404]

Processing phenotype [ENSG00000205089.3] [86/277]
  * #variants in cis = 9
  * Best hit: [id=5_internal_9908, d=0, pv=0.000650208, s=0.2730]
  * Beta parameters: [s1=0.901428, s2=9.14382]
  * Adjusted p-values: [emp=0.0149254, beta=0.00448082]

Processing phenotype [ENSG00000164402.9] [87/277]
  * #variants in cis = 8
  * Best hit: [id=5_internal_9908, d=0, pv=0.00163107, s=0.2538]
  * Beta parameters: [s1=1.019, s2=8.20446]
  * Adjusted p-values: [emp=0.00995025, beta=0.0147032]

Processing phenotype [ENSG00000198944.4] [88/277]
  * #variants in cis = 8
  * Best hit: [id=5_internal_9908, d=0, pv=3.18235e-06, s=0.3726]
  * Beta parameters: [s1=1.00943, s2=9.74075]
  * Adjusted p-values: [emp=0.00497512, beta=1.5317e-05]

Processing phenotype [ENSG00000164403.9] [89/277]
  * #variants in cis = 8
  * Best hit: [id=5_internal_9908, d=4048, pv=1.07379e-09, s=0.4661]
  * Beta parameters: [s1=1.08725, s2=7.3628]
  * Adjusted p-values: [emp=0.00497512, beta=7.07606e-08]

Processing phenotype [ENSG00000164405.6] [90/277]
  * #variants in cis = 8
  * Best hit: [id=5_internal_10314, d=-612348, pv=0.0412123, s=-0.1653]
  * Beta parameters: [s1=1.08898, s2=8.12219]
  * Adjusted p-values: [emp=0.199005, beta=0.205457]

Processing phenotype [ENSG00000164404.4] [91/277]
  * #variants in cis = 8
  * Best hit: [id=5_internal_10314, d=612672, pv=0.10706, s=-0.1302]
  * Beta parameters: [s1=0.867671, s2=7.74764]
  * Adjusted p-values: [emp=0.59204, beta=0.61135]

Processing phenotype [ENSG00000164406.7] [92/277]
  * #variants in cis = 8
  * Best hit: [id=5_internal_9908, d=-45472, pv=0.204486, s=0.1013]
  * Beta parameters: [s1=0.937755, s2=7.90377]
  * Adjusted p-values: [emp=0.845771, beta=0.830104]

Processing phenotype [ENSG00000235253.1] [93/277]
  * #variants in cis = 8
  * Best hit: [id=5_internal_9936, d=-502256, pv=0.0367601, s=-0.1616]
  * Beta parameters: [s1=0.998681, s2=6.52036]
  * Adjusted p-values: [emp=0.273632, beta=0.254174]

Processing phenotype [ENSG00000202417.1] [94/277]
  * #variants in cis = 8
  * Best hit: [id=5_internal_9190, d=193942, pv=0.0213768, s=-0.1765]
  * Beta parameters: [s1=0.996013, s2=7.91114]
  * Adjusted p-values: [emp=0.164179, beta=0.152765]

Processing phenotype [ENSG00000225364.1] [95/277]
  * #variants in cis = 8
  * Best hit: [id=5_internal_9190, d=190791, pv=0.043491, s=-0.1546]
  * Beta parameters: [s1=1.01446, s2=6.84038]
  * Adjusted p-values: [emp=0.318408, beta=0.328234]

Processing phenotype [ENSG00000072364.8] [96/277]
  * #variants in cis = 8
  * Best hit: [id=5_internal_9908, d=136784, pv=0.000605081, s=0.2663]
  * Beta parameters: [s1=1.04701, s2=7.41885]
  * Adjusted p-values: [emp=0.00497512, beta=0.00391723]

Processing phenotype [ENSG00000248648.1] [97/277]
  * #variants in cis = 8
  * Best hit: [id=5_internal_9190, d=136165, pv=0.0239285, s=-0.1804]
  * Beta parameters: [s1=0.909629, s2=8.12903]
  * Adjusted p-values: [emp=0.18408, beta=0.192667]

Processing phenotype [ENSG00000155329.7] [98/277]
  * #variants in cis = 8
  * Best hit: [id=5_internal_9936, d=585928, pv=0.311801, s=0.0819]
  * Beta parameters: [s1=0.970135, s2=8.02929]
  * Adjusted p-values: [emp=0.960199, beta=0.952021]

Processing phenotype [ENSG00000170606.9] [99/277]
  * #variants in cis = 9
  * Best hit: [id=5_internal_9936, d=-611286, pv=0.159735, s=0.1122]
  * Beta parameters: [s1=0.979233, s2=9.26626]
  * Adjusted p-values: [emp=0.766169, beta=0.78951]

Processing phenotype [ENSG00000113583.6] [100/277]
  * #variants in cis = 4
  * Best hit: [id=5_internal_12214, d=-60152, pv=0.186593, s=-0.1057]
  * Maximum Likelihood estimation failed, use Moment Matching instead!
  * Beta parameters: [s1=0.999979, s2=4.06202]
  * Adjusted p-values: [emp=0.577114, beta=0.54354]

Processing phenotype [ENSG00000213585.6] [101/277]
  * #variants in cis = 4
  * Best hit: [id=5_internal_12214, d=-23806, pv=0.0120777, s=-0.1875]
  * Maximum Likelihood estimation failed, use Moment Matching instead!
  * Beta parameters: [s1=0.999957, s2=3.92754]
  * Adjusted p-values: [emp=0.039801, beta=0.0525576]

Processing phenotype [ENSG00000081059.15] [102/277]
  * #variants in cis = 5
  * Best hit: [id=5_internal_12214, d=0, pv=0.0831325, s=0.1364]
  * Maximum Likelihood estimation failed, use Moment Matching instead!
  * Beta parameters: [s1=1.00002, s2=4.06972]
  * Adjusted p-values: [emp=0.353234, beta=0.323844]

Processing phenotype [ENSG00000266751.1] [103/277]
  * #variants in cis = 4
  * Best hit: [id=5_internal_12214, d=-78017, pv=0.282196, s=0.0847]
  * Maximum Likelihood estimation failed, use Moment Matching instead!
  * Beta parameters: [s1=0.999997, s2=3.77879]
  * Adjusted p-values: [emp=0.691542, beta=0.721033]

Processing phenotype [ENSG00000113558.12] [104/277]
  * #variants in cis = 4
  * Best hit: [id=5_internal_12201, d=-210180, pv=0.174626, s=-0.1046]
  * Maximum Likelihood estimation failed, use Moment Matching instead!
  * Beta parameters: [s1=1.00006, s2=3.89892]
  * Adjusted p-values: [emp=0.577114, beta=0.553259]

Processing phenotype [ENSG00000113575.5] [105/277]
  * #variants in cis = 4
  * Best hit: [id=5_internal_12201, d=-210109, pv=0.0899088, s=-0.1315]
  * Maximum Likelihood estimation failed, use Moment Matching instead!
  * Beta parameters: [s1=0.999964, s2=4.29821]
  * Adjusted p-values: [emp=0.303483, beta=0.284127]

Processing phenotype [ENSG00000006837.6] [106/277]
  * #variants in cis = 4
  * Best hit: [id=5_internal_12201, d=-65204, pv=0.122093, s=-0.1209]
  * Maximum Likelihood estimation failed, use Moment Matching instead!
  * Beta parameters: [s1=1.00002, s2=4.04812]
  * Adjusted p-values: [emp=0.447761, beta=0.443825]

Processing phenotype [ENSG00000119048.3] [107/277]
  * #variants in cis = 4
  * Best hit: [id=5_internal_9108, d=-849634, pv=0.185531, s=-0.1036]
  * Maximum Likelihood estimation failed, use Moment Matching instead!
  * Beta parameters: [s1=0.999969, s2=3.93461]
  * Adjusted p-values: [emp=0.567164, beta=0.58344]

Processing phenotype [ENSG00000248559.1] [108/277]
  * #variants in cis = 4
  * Best hit: [id=5_internal_12201, d=36756, pv=0.111448, s=-0.1273]
  * Maximum Likelihood estimation failed, use Moment Matching instead!
  * Beta parameters: [s1=1.00003, s2=3.61923]
  * Adjusted p-values: [emp=0.383085, beta=0.385448]

Processing phenotype [ENSG00000237190.3] [109/277]
  * #variants in cis = 4
  * Best hit: [id=5_internal_12201, d=-24353, pv=0.0274409, s=-0.1803]
  * Maximum Likelihood estimation failed, use Moment Matching instead!
  * Beta parameters: [s1=1, s2=4.81576]
  * Adjusted p-values: [emp=0.0646766, beta=0.0823427]

Processing phenotype [ENSG00000250994.1] [110/277]
  * #variants in cis = 4
  * Best hit: [id=5_internal_12201, d=0, pv=0.0330134, s=0.1659]
  * Maximum Likelihood estimation failed, use Moment Matching instead!
  * Beta parameters: [s1=1.00004, s2=4.32557]
  * Adjusted p-values: [emp=0.134328, beta=0.126311]

Processing phenotype [ENSG00000043143.15] [111/277]
  * #variants in cis = 4
  * Best hit: [id=5_internal_12201, d=0, pv=1.48235e-07, s=0.4061]
  * Maximum Likelihood estimation failed, use Moment Matching instead!
  * Beta parameters: [s1=0.999948, s2=3.95218]
  * Adjusted p-values: [emp=0.00497512, beta=8.88328e-07]

Processing phenotype [ENSG00000113615.8] [112/277]
  * #variants in cis = 4
  * Best hit: [id=5_internal_12214, d=-501048, pv=0.101698, s=0.1315]
  * Maximum Likelihood estimation failed, use Moment Matching instead!
  * Beta parameters: [s1=0.999959, s2=3.32021]
  * Adjusted p-values: [emp=0.378109, beta=0.376478]

Processing phenotype [ENSG00000152700.9] [113/277]
  * #variants in cis = 4
  * Best hit: [id=5_internal_9722, d=-839384, pv=0.532546, s=0.0510]
  * Maximum Likelihood estimation failed, use Moment Matching instead!
  * Beta parameters: [s1=0.999945, s2=3.62256]
  * Adjusted p-values: [emp=0.945274, beta=0.942798]

Processing phenotype [ENSG00000222266.1] [114/277]
  * #variants in cis = 4
  * Best hit: [id=5_internal_12201, d=-186991, pv=0.0664082, s=-0.1445]
  * Maximum Likelihood estimation failed, use Moment Matching instead!
  * Beta parameters: [s1=1.00002, s2=3.62151]
  * Adjusted p-values: [emp=0.268657, beta=0.223421]

Processing phenotype [ENSG00000164615.3] [115/277]
  * #variants in cis = 4
  * Best hit: [id=5_internal_12201, d=-210009, pv=0.583694, s=0.0443]
  * Maximum Likelihood estimation failed, use Moment Matching instead!
  * Beta parameters: [s1=0.999981, s2=3.61659]
  * Adjusted p-values: [emp=0.970149, beta=0.965134]

Processing phenotype [ENSG00000145833.11] [116/277]
  * #variants in cis = 4
  * Best hit: [id=5_internal_12214, d=-611038, pv=0.344397, s=0.0765]
  * Maximum Likelihood estimation failed, use Moment Matching instead!
  * Beta parameters: [s1=0.999996, s2=4.29339]
  * Adjusted p-values: [emp=0.79602, beta=0.796024]

Processing phenotype [ENSG00000241179.1] [117/277]
  * #variants in cis = 4
  * Best hit: [id=5_internal_9934, d=-223438, pv=0.0596624, s=-0.1516]
  * Maximum Likelihood estimation failed, use Moment Matching instead!
  * Beta parameters: [s1=0.999996, s2=3.07673]
  * Adjusted p-values: [emp=0.248756, beta=0.261215]

Processing phenotype [ENSG00000181904.8] [118/277]
  * #variants in cis = 4
  * Best hit: [id=5_internal_12201, d=-317188, pv=0.0285718, s=0.1735]
  * Maximum Likelihood estimation failed, use Moment Matching instead!
  * Beta parameters: [s1=0.999959, s2=4.61438]
  * Adjusted p-values: [emp=0.0995025, beta=0.0974849]

Processing phenotype [ENSG00000113621.10] [119/277]
  * #variants in cis = 4
  * Best hit: [id=5_internal_9722, d=614852, pv=0.345936, s=0.0731]
  * Maximum Likelihood estimation failed, use Moment Matching instead!
  * Beta parameters: [s1=1.00002, s2=4.85932]
  * Adjusted p-values: [emp=0.835821, beta=0.841091]

Processing phenotype [ENSG00000132570.10] [120/277]
  * #variants in cis = 4
  * Best hit: [id=5_internal_9722, d=583749, pv=0.117428, s=-0.1240]
  * Maximum Likelihood estimation failed, use Moment Matching instead!
  * Beta parameters: [s1=1.00003, s2=3.67753]
  * Adjusted p-values: [emp=0.38806, beta=0.391089]

Processing phenotype [ENSG00000244921.2] [121/277]
  * #variants in cis = 4
  * Best hit: [id=5_internal_9722, d=-564606, pv=0.470339, s=-0.0587]
  * Maximum Likelihood estimation failed, use Moment Matching instead!
  * Beta parameters: [s1=0.999991, s2=4.50374]
  * Adjusted p-values: [emp=0.940299, beta=0.935388]

Processing phenotype [ENSG00000249119.1] [122/277]
  * #variants in cis = 4
  * Best hit: [id=5_internal_9722, d=564532, pv=0.00783535, s=-0.2133]
  * Maximum Likelihood estimation failed, use Moment Matching instead!
  * Beta parameters: [s1=1.00006, s2=3.73436]
  * Adjusted p-values: [emp=0.0447761, beta=0.0430206]

Processing phenotype [ENSG00000248923.1] [123/277]
  * #variants in cis = 4
  * Best hit: [id=5_internal_9722, d=-562196, pv=0.242309, s=-0.0971]
  * Maximum Likelihood estimation failed, use Moment Matching instead!
  * Beta parameters: [s1=1.00004, s2=3.2622]
  * Adjusted p-values: [emp=0.651741, beta=0.662112]

Processing phenotype [ENSG00000247627.2] [124/277]
  * #variants in cis = 4
  * Best hit: [id=5_internal_12201, d=399544, pv=0.120173, s=0.1290]
  * Maximum Likelihood estimation failed, use Moment Matching instead!
  * Beta parameters: [s1=1.00002, s2=3.96347]
  * Adjusted p-values: [emp=0.348259, beta=0.372167]

Processing phenotype [ENSG00000263963.1] [125/277]
  * #variants in cis = 4
  * Best hit: [id=5_internal_12201, d=-399547, pv=0.0981482, s=-0.1349]
  * Maximum Likelihood estimation failed, use Moment Matching instead!
  * Beta parameters: [s1=1.00004, s2=4.28483]
  * Adjusted p-values: [emp=0.368159, beta=0.354741]

Processing phenotype [ENSG00000198868.3] [126/277]
  * #variants in cis = 4
  * Best hit: [id=5_internal_12201, d=399834, pv=0.220757, s=-0.1016]
  * Maximum Likelihood estimation failed, use Moment Matching instead!
  * Beta parameters: [s1=0.999969, s2=3.66986]
  * Adjusted p-values: [emp=0.58209, beta=0.59918]

Processing phenotype [ENSG00000249192.1] [127/277]
  * #variants in cis = 4
  * Best hit: [id=5_internal_12214, d=780786, pv=0.504797, s=0.0537]
  * Maximum Likelihood estimation failed, use Moment Matching instead!
  * Beta parameters: [s1=1, s2=4.14896]
  * Adjusted p-values: [emp=0.935323, beta=0.93139]

Processing phenotype [ENSG00000152705.6] [128/277]
  * #variants in cis = 4
  * Best hit: [id=5_internal_9934, d=60664, pv=0.184861, s=0.1048]
  * Maximum Likelihood estimation failed, use Moment Matching instead!
  * Beta parameters: [s1=0.999959, s2=3.90933]
  * Adjusted p-values: [emp=0.572139, beta=0.565062]

Processing phenotype [ENSG00000224186.3] [129/277]
  * #variants in cis = 5
  * Best hit: [id=5_internal_12201, d=-504788, pv=0.108786, s=-0.1292]
  * Maximum Likelihood estimation failed, use Moment Matching instead!
  * Beta parameters: [s1=1.00003, s2=4.59299]
  * Adjusted p-values: [emp=0.467662, beta=0.437832]

Processing phenotype [ENSG00000113648.12] [130/277]
  * #variants in cis = 5
  * Best hit: [id=5_internal_12201, d=871422, pv=0.0320986, s=-0.1716]
  * Maximum Likelihood estimation failed, use Moment Matching instead!
  * Beta parameters: [s1=1.00004, s2=4.44497]
  * Adjusted p-values: [emp=0.199005, beta=0.181727]

Processing phenotype [ENSG00000251380.2] [131/277]
  * #variants in cis = 5
  * Best hit: [id=5_internal_12396, d=-550450, pv=0.0482018, s=-0.1525]
  * Maximum Likelihood estimation failed, use Moment Matching instead!
  * Beta parameters: [s1=1.00002, s2=5.39274]
  * Adjusted p-values: [emp=0.164179, beta=0.143823]

Processing phenotype [ENSG00000249639.1] [132/277]
  * #variants in cis = 5
  * Best hit: [id=5_internal_12396, d=547185, pv=0.10118, s=-0.1274]
  * Maximum Likelihood estimation failed, use Moment Matching instead!
  * Beta parameters: [s1=0.999993, s2=4.74696]
  * Adjusted p-values: [emp=0.427861, beta=0.394089]

Processing phenotype [ENSG00000255833.1] [133/277]
  * #variants in cis = 5
  * Best hit: [id=5_internal_12396, d=-545399, pv=0.0298937, s=-0.1704]
  * Beta parameters: [s1=0.821992, s2=6.67663]
  * Adjusted p-values: [emp=0.144279, beta=0.138037]

Processing phenotype [ENSG00000120708.10] [134/277]
  * #variants in cis = 4
  * Best hit: [id=5_internal_12396, d=0, pv=1.23547e-11, s=0.5022]
  * Maximum Likelihood estimation failed, use Moment Matching instead!
  * Beta parameters: [s1=1.00001, s2=3.78318]
  * Adjusted p-values: [emp=0.00497512, beta=1.08558e-10]

Processing phenotype [ENSG00000202030.1] [135/277]
  * #variants in cis = 4
  * Best hit: [id=5_internal_9406, d=-110787, pv=0.0460733, s=-0.1629]
  * Maximum Likelihood estimation failed, use Moment Matching instead!
  * Beta parameters: [s1=1.00006, s2=3.46474]
  * Adjusted p-values: [emp=0.174129, beta=0.191906]

Processing phenotype [ENSG00000113658.11] [136/277]
  * #variants in cis = 4
  * Best hit: [id=5_internal_9934, d=-860401, pv=0.0723955, s=0.1413]
  * Maximum Likelihood estimation failed, use Moment Matching instead!
  * Beta parameters: [s1=1, s2=4.22897]
  * Adjusted p-values: [emp=0.288557, beta=0.296185]

Processing phenotype [ENSG00000164621.5] [137/277]
  * #variants in cis = 4
  * Best hit: [id=5_internal_9722, d=598279, pv=0.29396, s=-0.0870]
  * Maximum Likelihood estimation failed, use Moment Matching instead!
  * Beta parameters: [s1=1.00006, s2=3.48]
  * Adjusted p-values: [emp=0.716418, beta=0.713428]

Processing phenotype [ENSG00000152377.8] [138/277]
  * #variants in cis = 7
  * Best hit: [id=5_internal_10180, d=-497261, pv=0.301176, s=0.0790]
  * Beta parameters: [s1=0.858287, s2=9.62136]
  * Adjusted p-values: [emp=0.960199, beta=0.955836]

Processing phenotype [ENSG00000146021.10] [139/277]
  * #variants in cis = 7
  * Best hit: [id=5_internal_8468, d=-600471, pv=0.183355, s=-0.1064]
  * Beta parameters: [s1=0.920341, s2=7.79025]
  * Adjusted p-values: [emp=0.766169, beta=0.746368]

Processing phenotype [ENSG00000177733.4] [140/277]
  * #variants in cis = 8
  * Best hit: [id=5_internal_12502, d=-611786, pv=0.129056, s=0.1166]
  * Beta parameters: [s1=0.962275, s2=6.90068]
  * Adjusted p-values: [emp=0.621891, beta=0.615844]

Processing phenotype [ENSG00000226306.5] [141/277]
  * #variants in cis = 8
  * Best hit: [id=5_internal_10180, d=294447, pv=0.0401763, s=0.1603]
  * Beta parameters: [s1=1.08849, s2=6.86907]
  * Adjusted p-values: [emp=0.348259, beta=0.322705]

Processing phenotype [ENSG00000120729.5] [142/277]
  * #variants in cis = 8
  * Best hit: [id=5_internal_8468, d=468770, pv=0.151987, s=-0.1180]
  * Beta parameters: [s1=0.926294, s2=7.47909]
  * Adjusted p-values: [emp=0.716418, beta=0.716886]

Processing phenotype [ENSG00000078795.12] [143/277]
  * #variants in cis = 8
  * Best hit: [id=5_internal_9260, d=864790, pv=0.197912, s=-0.1018]
  * Beta parameters: [s1=1.06208, s2=8.20834]
  * Adjusted p-values: [emp=0.860697, beta=0.854445]

Processing phenotype [ENSG00000250159.1] [144/277]
  * #variants in cis = 8
  * Best hit: [id=5_internal_8749, d=-449091, pv=0.0540046, s=-0.1577]
  * Beta parameters: [s1=1.03976, s2=6.46825]
  * Adjusted p-values: [emp=0.348259, beta=0.329561]

Processing phenotype [ENSG00000266475.1] [145/277]
  * #variants in cis = 8
  * Best hit: [id=5_internal_9328, d=396881, pv=0.0752631, s=-0.1467]
  * Beta parameters: [s1=0.988549, s2=8.5301]
  * Adjusted p-values: [emp=0.482587, beta=0.473817]

Processing phenotype [ENSG00000246323.2] [146/277]
  * #variants in cis = 8
  * Best hit: [id=5_internal_9328, d=-449097, pv=0.163157, s=-0.1138]
  * Beta parameters: [s1=0.939661, s2=8.06849]
  * Adjusted p-values: [emp=0.741294, beta=0.765939]

Processing phenotype [ENSG00000250260.1] [147/277]
  * #variants in cis = 8
  * Best hit: [id=5_internal_12502, d=326937, pv=0.229455, s=0.0959]
  * Beta parameters: [s1=1.09826, s2=7.19044]
  * Adjusted p-values: [emp=0.855721, beta=0.85631]

Processing phenotype [ENSG00000031003.6] [148/277]
  * #variants in cis = 8
  * Best hit: [id=5_internal_8127, d=0, pv=0.0495855, s=0.1553]
  * Beta parameters: [s1=0.927035, s2=6.47277]
  * Adjusted p-values: [emp=0.338308, beta=0.351713]

Processing phenotype [ENSG00000112984.7] [149/277]
  * #variants in cis = 8
  * Best hit: [id=5_internal_8749, d=159708, pv=0.0122206, s=0.1958]
  * Beta parameters: [s1=1.10474, s2=7.30391]
  * Adjusted p-values: [emp=0.079602, beta=0.0903639]

Processing phenotype [ENSG00000112983.13] [150/277]
  * #variants in cis = 8
  * Best hit: [id=5_internal_10180, d=64437, pv=0.126988, s=-0.1212]
  * Beta parameters: [s1=1.02742, s2=7.48796]
  * Adjusted p-values: [emp=0.656716, beta=0.661668]

Processing phenotype [ENSG00000094880.6] [151/277]
  * #variants in cis = 9
  * Best hit: [id=5_internal_9260, d=-539415, pv=0.0033731, s=0.2336]
  * Beta parameters: [s1=0.978424, s2=8.97197]
  * Adjusted p-values: [emp=0.0298507, beta=0.0326902]

Processing phenotype [ENSG00000120709.6] [152/277]
  * #variants in cis = 9
  * Best hit: [id=5_internal_8468, d=4626, pv=0.0906762, s=-0.1268]
  * Beta parameters: [s1=1.02778, s2=7.71012]
  * Adjusted p-values: [emp=0.572139, beta=0.568183]

Processing phenotype [ENSG00000158402.14] [153/277]
  * #variants in cis = 9
  * Best hit: [id=5_internal_12506, d=-851423, pv=0.232098, s=0.0917]
  * Beta parameters: [s1=0.953017, s2=8.90586]
  * Adjusted p-values: [emp=0.915423, beta=0.92024]

Processing phenotype [ENSG00000249971.1] [154/277]
  * #variants in cis = 9
  * Best hit: [id=5_internal_10180, d=235092, pv=0.0555515, s=0.1438]
  * Beta parameters: [s1=1.1071, s2=9.12025]
  * Adjusted p-values: [emp=0.38806, beta=0.384805]

Processing phenotype [ENSG00000120733.9] [155/277]
  * #variants in cis = 9
  * Best hit: [id=5_internal_12502, d=13540, pv=0.0423418, s=0.1646]
  * Beta parameters: [s1=1.06568, s2=9.49681]
  * Adjusted p-values: [emp=0.318408, beta=0.307527]

Processing phenotype [ENSG00000120738.7] [156/277]
  * #variants in cis = 9
  * Best hit: [id=5_internal_8468, d=0, pv=0.0398331, s=-0.1670]
  * Beta parameters: [s1=0.896142, s2=9.5269]
  * Adjusted p-values: [emp=0.243781, beta=0.277654]

Processing phenotype [ENSG00000241458.1] [157/277]
  * #variants in cis = 9
  * Best hit: [id=5_internal_9406, d=-974208, pv=0.0794123, s=0.1368]
  * Beta parameters: [s1=0.832703, s2=11.4893]
  * Adjusted p-values: [emp=0.427861, beta=0.488476]

Processing phenotype [ENSG00000120705.8] [158/277]
  * #variants in cis = 8
  * Best hit: [id=5_internal_8749, d=190715, pv=0.0276095, s=0.1723]
  * Beta parameters: [s1=1.14302, s2=7.57533]
  * Adjusted p-values: [emp=0.19403, beta=0.185896]

Processing phenotype [ENSG00000197830.2] [159/277]
  * #variants in cis = 8
  * Best hit: [id=5_internal_10180, d=432754, pv=0.00220088, s=-0.2269]
  * Beta parameters: [s1=0.990458, s2=10.2597]
  * Adjusted p-values: [emp=0.0199005, beta=0.0110786]

Processing phenotype [ENSG00000232129.1] [160/277]
  * #variants in cis = 8
  * Best hit: [id=5_internal_9260, d=200597, pv=0.0075155, s=0.2090]
  * Beta parameters: [s1=0.925194, s2=6.75934]
  * Adjusted p-values: [emp=0.0746269, beta=0.0671353]

Processing phenotype [ENSG00000222937.1] [161/277]
  * #variants in cis = 8
  * Best hit: [id=5_internal_12506, d=-630739, pv=0.112148, s=0.1229]
  * Beta parameters: [s1=0.903931, s2=7.32404]
  * Adjusted p-values: [emp=0.552239, beta=0.558053]

Processing phenotype [ENSG00000206989.1] [162/277]
  * #variants in cis = 8
  * Best hit: [id=5_internal_10180, d=446561, pv=0.178254, s=-0.1048]
  * Beta parameters: [s1=1.05527, s2=6.85883]
  * Adjusted p-values: [emp=0.761194, beta=0.754637]

Processing phenotype [ENSG00000113013.8] [163/277]
  * #variants in cis = 8
  * Best hit: [id=5_internal_8468, d=0, pv=0.132241, s=-0.1176]
  * Beta parameters: [s1=0.903579, s2=9.52124]
  * Adjusted p-values: [emp=0.666667, beta=0.676568]

Processing phenotype [ENSG00000044115.15] [164/277]
  * #variants in cis = 7
  * Best hit: [id=5_internal_9260, d=141791, pv=5.29789e-07, s=0.3834]
  * Beta parameters: [s1=1.0265, s2=7.03827]
  * Adjusted p-values: [emp=0.00497512, beta=1.35391e-06]

Processing phenotype [ENSG00000265361.1] [165/277]
  * #variants in cis = 9
  * Best hit: [id=5_internal_12502, d=-270836, pv=0.0187283, s=-0.1978]
  * Beta parameters: [s1=0.88439, s2=9.00467]
  * Adjusted p-values: [emp=0.154229, beta=0.156769]

Processing phenotype [ENSG00000146006.5] [166/277]
  * #variants in cis = 9
  * Best hit: [id=5_internal_8127, d=329738, pv=0.0170754, s=0.1945]
  * Beta parameters: [s1=0.861152, s2=8.04771]
  * Adjusted p-values: [emp=0.159204, beta=0.154163]

Processing phenotype [ENSG00000201532.1] [167/277]
  * #variants in cis = 10
  * Best hit: [id=5_internal_12502, d=-518945, pv=0.0641582, s=-0.1501]
  * Beta parameters: [s1=1.08808, s2=10.3423]
  * Adjusted p-values: [emp=0.567164, beta=0.533114]

Processing phenotype [ENSG00000249593.2] [168/277]
  * #variants in cis = 10
  * Best hit: [id=5_internal_12502, d=-519263, pv=0.0278731, s=-0.1718]
  * Beta parameters: [s1=1.04683, s2=10.1235]
  * Adjusted p-values: [emp=0.228856, beta=0.223522]

Processing phenotype [ENSG00000242683.1] [169/277]
  * #variants in cis = 10
  * Best hit: [id=5_internal_8948, d=-953131, pv=0.0675619, s=0.1411]
  * Beta parameters: [s1=0.971958, s2=11.3683]
  * Adjusted p-values: [emp=0.467662, beta=0.445345]

Processing phenotype [ENSG00000015479.13] [170/277]
  * #variants in cis = 12
  * Best hit: [id=5_internal_10041, d=950304, pv=0.0227219, s=0.1773]
  * Beta parameters: [s1=1.1076, s2=9.26716]
  * Adjusted p-values: [emp=0.243781, beta=0.226098]

Processing phenotype [ENSG00000252213.1] [171/277]
  * #variants in cis = 12
  * Best hit: [id=5_internal_8749, d=-923595, pv=0.00397465, s=0.2351]
  * Beta parameters: [s1=0.924234, s2=9.69467]
  * Adjusted p-values: [emp=0.0746269, beta=0.062633]

Processing phenotype [ENSG00000200959.1] [172/277]
  * #variants in cis = 12
  * Best hit: [id=5_internal_10041, d=945275, pv=0.0349135, s=0.1718]
  * Beta parameters: [s1=0.945221, s2=9.52686]
  * Adjusted p-values: [emp=0.298507, beta=0.313439]

Processing phenotype [ENSG00000120725.8] [173/277]
  * #variants in cis = 12
  * Best hit: [id=5_internal_12502, d=800173, pv=0.0379855, s=-0.1693]
  * Beta parameters: [s1=1.00005, s2=13.0548]
  * Adjusted p-values: [emp=0.323383, beta=0.321462]

Processing phenotype [ENSG00000199545.1] [174/277]
  * #variants in cis = 12
  * Best hit: [id=5_internal_9260, d=-492155, pv=0.0198176, s=-0.1838]
  * Beta parameters: [s1=0.997408, s2=11.3187]
  * Adjusted p-values: [emp=0.233831, beta=0.232882]

Processing phenotype [ENSG00000253015.1] [175/277]
  * #variants in cis = 12
  * Best hit: [id=5_internal_8127, d=787735, pv=0.258692, s=-0.0932]
  * Beta parameters: [s1=0.95184, s2=11.3806]
  * Adjusted p-values: [emp=0.970149, beta=0.966272]

Processing phenotype [ENSG00000120727.6] [176/277]
  * #variants in cis = 12
  * Best hit: [id=5_internal_12506, d=-133587, pv=0.053367, s=-0.1575]
  * Beta parameters: [s1=1.10402, s2=10.9728]
  * Adjusted p-values: [emp=0.497512, beta=0.478766]

Processing phenotype [ENSG00000249758.1] [177/277]
  * #variants in cis = 12
  * Best hit: [id=5_internal_12506, d=161717, pv=0.0115226, s=-0.2056]
  * Beta parameters: [s1=1.04493, s2=9.20351]
  * Adjusted p-values: [emp=0.139303, beta=0.129605]

Processing phenotype [ENSG00000170482.12] [178/277]
  * #variants in cis = 12
  * Best hit: [id=5_internal_12502, d=891169, pv=0.0649863, s=0.1406]
  * Beta parameters: [s1=0.965061, s2=14.2282]
  * Adjusted p-values: [emp=0.477612, beta=0.497772]

Processing phenotype [ENSG00000170476.11] [179/277]
  * #variants in cis = 12
  * Best hit: [id=5_internal_12502, d=896697, pv=0.0565656, s=-0.1482]
  * Beta parameters: [s1=1.03045, s2=12.4063]
  * Adjusted p-values: [emp=0.497512, beta=0.528427]

Processing phenotype [ENSG00000228672.2] [180/277]
  * #variants in cis = 12
  * Best hit: [id=5_internal_8663, d=-792603, pv=0.0170418, s=-0.1882]
  * Beta parameters: [s1=1.103, s2=10.7597]
  * Adjusted p-values: [emp=0.208955, beta=0.198863]

Processing phenotype [ENSG00000170469.6] [181/277]
  * #variants in cis = 12
  * Best hit: [id=5_internal_8663, d=-783711, pv=0.0223098, s=-0.1856]
  * Beta parameters: [s1=0.9697, s2=11.5083]
  * Adjusted p-values: [emp=0.273632, beta=0.264463]

Processing phenotype [ENSG00000170464.5] [182/277]
  * #variants in cis = 12
  * Best hit: [id=5_internal_9260, d=636794, pv=0.0663448, s=-0.1469]
  * Beta parameters: [s1=1.07519, s2=12.4102]
  * Adjusted p-values: [emp=0.547264, beta=0.513721]

Processing phenotype [ENSG00000184584.8] [183/277]
  * #variants in cis = 11
  * Best hit: [id=5_internal_8468, d=949897, pv=0.0899348, s=0.1293]
  * Beta parameters: [s1=0.928847, s2=7.92094]
  * Adjusted p-values: [emp=0.587065, beta=0.588308]

Processing phenotype [ENSG00000131508.11] [184/277]
  * #variants in cis = 10
  * Best hit: [id=5_internal_12477, d=108382, pv=0.0094855, s=-0.2111]
  * Beta parameters: [s1=0.981403, s2=8.71981]
  * Adjusted p-values: [emp=0.079602, beta=0.0812906]

Processing phenotype [ENSG00000171604.7] [185/277]
  * #variants in cis = 13
  * Best hit: [id=5_internal_12477, d=0, pv=7.28753e-08, s=0.4064]
  * Beta parameters: [s1=1.04649, s2=11.2661]
  * Adjusted p-values: [emp=0.00497512, beta=1.65427e-06]

Processing phenotype [ENSG00000250635.1] [186/277]
  * #variants in cis = 13
  * Best hit: [id=5_internal_12506, d=485624, pv=0.029241, s=-0.1746]
  * Beta parameters: [s1=0.928293, s2=15.6134]
  * Adjusted p-values: [emp=0.273632, beta=0.301937]

Processing phenotype [ENSG00000249526.1] [187/277]
  * #variants in cis = 13
  * Best hit: [id=5_internal_10246, d=633786, pv=0.0251495, s=0.1797]
  * Beta parameters: [s1=0.925496, s2=12.4074]
  * Adjusted p-values: [emp=0.253731, beta=0.277816]

Processing phenotype [ENSG00000185129.4] [188/277]
  * #variants in cis = 12
  * Best hit: [id=5_internal_12506, d=-943673, pv=0.00771535, s=-0.2083]
  * Beta parameters: [s1=0.957723, s2=13.8692]
  * Adjusted p-values: [emp=0.0646766, beta=0.0599045]

Processing phenotype [ENSG00000245146.2] [189/277]
  * #variants in cis = 12
  * Best hit: [id=5_internal_10233, d=0, pv=0.00063302, s=0.2679]
  * Beta parameters: [s1=1.11359, s2=10.1489]
  * Adjusted p-values: [emp=0.00995025, beta=0.00624755]

Processing phenotype [ENSG00000182700.3] [190/277]
  * #variants in cis = 12
  * Best hit: [id=5_internal_9937, d=419686, pv=0.100247, s=0.1308]
  * Beta parameters: [s1=1.04865, s2=9.97886]
  * Adjusted p-values: [emp=0.736318, beta=0.715466]

Processing phenotype [ENSG00000254363.1] [191/277]
  * #variants in cis = 12
  * Best hit: [id=5_internal_11186, d=-113177, pv=0.0426591, s=-0.1620]
  * Beta parameters: [s1=1.07947, s2=9.93688]
  * Adjusted p-values: [emp=0.373134, beta=0.373806]

Processing phenotype [ENSG00000120306.5] [192/277]
  * #variants in cis = 11
  * Best hit: [id=5_internal_10041, d=5518, pv=2.97186e-05, s=0.3270]
  * Beta parameters: [s1=0.892214, s2=9.39288]
  * Adjusted p-values: [emp=0.00995025, beta=0.000690049]

Processing phenotype [ENSG00000250069.1] [193/277]
  * #variants in cis = 11
  * Best hit: [id=5_internal_10041, d=0, pv=0.00394884, s=0.2192]
  * Beta parameters: [s1=0.977135, s2=12.5163]
  * Adjusted p-values: [emp=0.0248756, beta=0.02923]

Processing phenotype [ENSG00000113068.5] [194/277]
  * #variants in cis = 11
  * Best hit: [id=5_internal_10246, d=-15310, pv=0.00162761, s=0.2327]
  * Beta parameters: [s1=0.834319, s2=14.4043]
  * Adjusted p-values: [emp=0.0199005, beta=0.0154316]

Processing phenotype [ENSG00000113070.6] [195/277]
  * #variants in cis = 11
  * Best hit: [id=5_internal_9013, d=-241443, pv=0.000870352, s=-0.2544]
  * Beta parameters: [s1=1.01144, s2=10.229]
  * Adjusted p-values: [emp=0.00497512, beta=0.00871718]

Processing phenotype [ENSG00000113073.9] [196/277]
  * #variants in cis = 11
  * Best hit: [id=5_internal_10041, d=-103044, pv=0.0010741, s=0.2548]
  * Beta parameters: [s1=0.935893, s2=8.88087]
  * Adjusted p-values: [emp=0.00995025, beta=0.00948205]

Processing phenotype [ENSG00000249637.1] [197/277]
  * #variants in cis = 11
  * Best hit: [id=5_internal_8948, d=432028, pv=0.0462892, s=-0.1649]
  * Beta parameters: [s1=0.975961, s2=10.0883]
  * Adjusted p-values: [emp=0.41791, beta=0.384433]

Processing phenotype [ENSG00000131503.16] [198/277]
  * #variants in cis = 11
  * Best hit: [id=5_internal_8189, d=184908, pv=0.225322, s=0.0983]
  * Beta parameters: [s1=0.954091, s2=9.17071]
  * Adjusted p-values: [emp=0.935323, beta=0.926678]

Processing phenotype [ENSG00000254996.1] [199/277]
  * #variants in cis = 11
  * Best hit: [id=5_internal_8189, d=184814, pv=0.174719, s=0.1102]
  * Beta parameters: [s1=1.02149, s2=9.16544]
  * Adjusted p-values: [emp=0.845771, beta=0.854806]

Processing phenotype [ENSG00000200051.1] [200/277]
  * #variants in cis = 12
  * Best hit: [id=5_internal_10246, d=178659, pv=0.231142, s=0.0917]
  * Beta parameters: [s1=0.984647, s2=10.2793]
  * Adjusted p-values: [emp=0.955224, beta=0.947388]

Processing phenotype [ENSG00000243056.1] [201/277]
  * #variants in cis = 12
  * Best hit: [id=5_internal_9013, d=40408, pv=0.0045194, s=0.2048]
  * Beta parameters: [s1=0.866549, s2=11.3687]
  * Adjusted p-values: [emp=0.0696517, beta=0.0535642]

Processing phenotype [ENSG00000213523.4] [202/277]
  * #variants in cis = 12
  * Best hit: [id=5_internal_9013, d=-29764, pv=0.000335433, s=0.2621]
  * Beta parameters: [s1=1.08311, s2=9.08607]
  * Adjusted p-values: [emp=0.00995025, beta=0.00430057]

Processing phenotype [ENSG00000176087.10] [203/277]
  * #variants in cis = 13
  * Best hit: [id=5_internal_9013, d=23618, pv=0.00279546, s=0.2270]
  * Beta parameters: [s1=0.968148, s2=11.194]
  * Adjusted p-values: [emp=0.039801, beta=0.0429508]

Processing phenotype [ENSG00000200235.1] [204/277]
  * #variants in cis = 13
  * Best hit: [id=5_internal_9937, d=-8219, pv=0.00694189, s=0.2093]
  * Beta parameters: [s1=1.01932, s2=14.5412]
  * Adjusted p-values: [emp=0.0646766, beta=0.0605097]

Processing phenotype [ENSG00000251453.1] [205/277]
  * #variants in cis = 13
  * Best hit: [id=5_internal_9937, d=-10056, pv=0.00154733, s=0.2536]
  * Beta parameters: [s1=0.973566, s2=15.634]
  * Adjusted p-values: [emp=0.0199005, beta=0.010102]

Processing phenotype [ENSG00000113108.13] [206/277]
  * #variants in cis = 13
  * Best hit: [id=5_internal_9013, d=0, pv=5.34484e-05, s=0.2928]
  * Beta parameters: [s1=0.900915, s2=11.4441]
  * Adjusted p-values: [emp=0.00995025, beta=0.00121052]

Processing phenotype [ENSG00000240518.2] [207/277]
  * #variants in cis = 13
  * Best hit: [id=5_internal_9013, d=0, pv=5.46635e-05, s=0.2924]
  * Beta parameters: [s1=1.00045, s2=9.78101]
  * Adjusted p-values: [emp=0.00497512, beta=0.00123851]

Processing phenotype [ENSG00000170458.9] [208/277]
  * #variants in cis = 13
  * Best hit: [id=5_internal_8948, d=664362, pv=0.168882, s=-0.1103]
  * Beta parameters: [s1=0.967778, s2=11.6568]
  * Adjusted p-values: [emp=0.870647, beta=0.875081]

Processing phenotype [ENSG00000113119.8] [209/277]
  * #variants in cis = 14
  * Best hit: [id=5_internal_9013, d=-3538, pv=0.0198989, s=0.1793]
  * Beta parameters: [s1=1.05496, s2=12.5931]
  * Adjusted p-values: [emp=0.21393, beta=0.209985]

Processing phenotype [ENSG00000113141.10] [210/277]
  * #variants in cis = 14
  * Best hit: [id=5_internal_10041, d=-389900, pv=0.0188438, s=0.1886]
  * Beta parameters: [s1=0.931709, s2=15.3026]
  * Adjusted p-values: [emp=0.21393, beta=0.211572]

Processing phenotype [ENSG00000131495.4] [211/277]
  * #variants in cis = 14
  * Best hit: [id=5_internal_8851, d=-986874, pv=0.0736014, s=0.1412]
  * Beta parameters: [s1=0.975768, s2=11.8712]
  * Adjusted p-values: [emp=0.661692, beta=0.652017]

Processing phenotype [ENSG00000264052.1] [212/277]
  * #variants in cis = 14
  * Best hit: [id=5_internal_8851, d=986815, pv=0.172747, s=0.1086]
  * Beta parameters: [s1=1.08253, s2=15.8257]
  * Adjusted p-values: [emp=0.920398, beta=0.938397]

Processing phenotype [ENSG00000120314.14] [213/277]
  * #variants in cis = 15
  * Best hit: [id=5_internal_9146, d=0, pv=0.118678, s=0.1193]
  * Beta parameters: [s1=0.92053, s2=14.7694]
  * Adjusted p-values: [emp=0.81592, beta=0.838335]

Processing phenotype [ENSG00000256453.1] [214/277]
  * #variants in cis = 15
  * Best hit: [id=5_internal_8189, d=57368, pv=0.162768, s=0.1091]
  * Beta parameters: [s1=1.01411, s2=16.6576]
  * Adjusted p-values: [emp=0.910448, beta=0.924617]

Processing phenotype [ENSG00000112855.10] [215/277]
  * #variants in cis = 15
  * Best hit: [id=5_internal_8189, d=-75208, pv=0.0303135, s=-0.1635]
  * Beta parameters: [s1=0.896605, s2=12.4239]
  * Adjusted p-values: [emp=0.343284, beta=0.365289]

Processing phenotype [ENSG00000170445.8] [216/277]
  * #variants in cis = 15
  * Best hit: [id=5_internal_8851, d=-942635, pv=0.0746817, s=0.1388]
  * Beta parameters: [s1=0.901783, s2=15.7046]
  * Adjusted p-values: [emp=0.626866, beta=0.660637]

Processing phenotype [ENSG00000146007.5] [217/277]
  * #variants in cis = 14
  * Best hit: [id=5_internal_9080, d=861511, pv=0.127831, s=0.1221]
  * Beta parameters: [s1=1.04722, s2=19.5805]
  * Adjusted p-values: [emp=0.855721, beta=0.864012]

Processing phenotype [ENSG00000199990.1] [218/277]
  * #variants in cis = 14
  * Best hit: [id=5_internal_8663, d=-434841, pv=0.0578064, s=0.1493]
  * Beta parameters: [s1=0.971879, s2=14.9622]
  * Adjusted p-values: [emp=0.587065, beta=0.567296]

Processing phenotype [ENSG00000202515.1] [219/277]
  * #variants in cis = 14
  * Best hit: [id=5_internal_10233, d=-610720, pv=0.185262, s=0.1043]
  * Beta parameters: [s1=0.973279, s2=12.6259]
  * Adjusted p-values: [emp=0.925373, beta=0.925593]

Processing phenotype [ENSG00000120329.4] [220/277]
  * #variants in cis = 11
  * Best hit: [id=5_internal_9733, d=-344977, pv=0.0821354, s=-0.1402]
  * Beta parameters: [s1=1.04259, s2=9.54605]
  * Adjusted p-values: [emp=0.567164, beta=0.557614]

Processing phenotype [ENSG00000178913.5] [221/277]
  * #variants in cis = 11
  * Best hit: [id=5_internal_9146, d=654548, pv=0.0131161, s=-0.1962]
  * Beta parameters: [s1=1.01416, s2=11.302]
  * Adjusted p-values: [emp=0.174129, beta=0.145754]

Processing phenotype [ENSG00000255729.1] [222/277]
  * #variants in cis = 11
  * Best hit: [id=5_internal_8851, d=-313905, pv=0.00438761, s=0.2243]
  * Beta parameters: [s1=1.0312, s2=9.64725]
  * Adjusted p-values: [emp=0.0447761, beta=0.0452749]

Processing phenotype [ENSG00000204956.4] [223/277]
  * #variants in cis = 11
  * Best hit: [id=5_internal_8189, d=-714449, pv=0.00222158, s=-0.2397]
  * Beta parameters: [s1=1.062, s2=12.9378]
  * Adjusted p-values: [emp=0.0248756, beta=0.0158178]

Processing phenotype [ENSG00000081853.13] [224/277]
  * #variants in cis = 11
  * Best hit: [id=5_internal_8189, d=-722736, pv=0.00239926, s=-0.2382]
  * Beta parameters: [s1=1.00111, s2=11.9755]
  * Adjusted p-values: [emp=0.039801, beta=0.0245371]

Processing phenotype [ENSG00000254245.1] [225/277]
  * #variants in cis = 11
  * Best hit: [id=5_internal_8189, d=-727798, pv=0.00223287, s=-0.2399]
  * Beta parameters: [s1=1.22428, s2=9.01724]
  * Adjusted p-values: [emp=0.00995025, beta=0.0196643]

Processing phenotype [ENSG00000254221.1] [226/277]
  * #variants in cis = 10
  * Best hit: [id=5_internal_8189, d=-734025, pv=0.00310268, s=-0.2320]
  * Beta parameters: [s1=0.963138, s2=8.41602]
  * Adjusted p-values: [emp=0.0447761, beta=0.0357053]

Processing phenotype [ENSG00000262576.1] [227/277]
  * #variants in cis = 10
  * Best hit: [id=5_internal_8189, d=-738965, pv=0.00253732, s=-0.2357]
  * Beta parameters: [s1=0.988406, s2=9.42123]
  * Adjusted p-values: [emp=0.0248756, beta=0.0239893]

Processing phenotype [ENSG00000253910.1] [228/277]
  * #variants in cis = 11
  * Best hit: [id=5_internal_8189, d=-743900, pv=0.00288685, s=-0.2342]
  * Beta parameters: [s1=1.05964, s2=8.38696]
  * Adjusted p-values: [emp=0.0298507, beta=0.0364907]

Processing phenotype [ENSG00000253485.1] [229/277]
  * #variants in cis = 11
  * Best hit: [id=5_internal_8189, d=-748095, pv=0.00222094, s=-0.2407]
  * Beta parameters: [s1=0.905907, s2=9.22403]
  * Adjusted p-values: [emp=0.0199005, beta=0.0246813]

Processing phenotype [ENSG00000262209.1] [230/277]
  * #variants in cis = 11
  * Best hit: [id=5_internal_8189, d=-754028, pv=0.00229388, s=-0.2400]
  * Beta parameters: [s1=0.983478, s2=11.5642]
  * Adjusted p-values: [emp=0.0248756, beta=0.0215864]

Processing phenotype [ENSG00000253731.1] [231/277]
  * #variants in cis = 11
  * Best hit: [id=5_internal_8189, d=-757848, pv=0.00188653, s=-0.2459]
  * Beta parameters: [s1=0.955552, s2=8.8287]
  * Adjusted p-values: [emp=0.0298507, beta=0.0249874]

Processing phenotype [ENSG00000253537.1] [232/277]
  * #variants in cis = 11
  * Best hit: [id=5_internal_8189, d=-766664, pv=0.00237217, s=-0.2385]
  * Beta parameters: [s1=1.04428, s2=11.2804]
  * Adjusted p-values: [emp=0.0348259, beta=0.0284091]

Processing phenotype [ENSG00000253953.1] [233/277]
  * #variants in cis = 11
  * Best hit: [id=5_internal_8189, d=-771649, pv=0.0026432, s=-0.2361]
  * Beta parameters: [s1=0.988371, s2=12.578]
  * Adjusted p-values: [emp=0.0348259, beta=0.0234475]

Processing phenotype [ENSG00000253767.1] [234/277]
  * #variants in cis = 11
  * Best hit: [id=5_internal_8189, d=-776578, pv=0.00204034, s=-0.2419]
  * Beta parameters: [s1=0.971849, s2=10.1702]
  * Adjusted p-values: [emp=0.0298507, beta=0.0283959]

Processing phenotype [ENSG00000261934.1] [235/277]
  * #variants in cis = 11
  * Best hit: [id=5_internal_8189, d=-786717, pv=0.00126258, s=-0.2527]
  * Beta parameters: [s1=1.16397, s2=9.64049]
  * Adjusted p-values: [emp=0.00995025, beta=0.0101876]

Processing phenotype [ENSG00000253305.1] [236/277]
  * #variants in cis = 11
  * Best hit: [id=5_internal_8189, d=-791967, pv=0.0019141, s=-0.2424]
  * Beta parameters: [s1=0.899389, s2=9.55061]
  * Adjusted p-values: [emp=0.0248756, beta=0.0237968]

Processing phenotype [ENSG00000253846.1] [237/277]
  * #variants in cis = 11
  * Best hit: [id=5_internal_8189, d=-796940, pv=0.00197446, s=-0.2426]
  * Beta parameters: [s1=1.10876, s2=9.48987]
  * Adjusted p-values: [emp=0.0348259, beta=0.0259795]

Processing phenotype [ENSG00000254122.1] [238/277]
  * #variants in cis = 11
  * Best hit: [id=5_internal_8189, d=-801624, pv=0.00369485, s=-0.2274]
  * Beta parameters: [s1=0.959648, s2=10.3978]
  * Adjusted p-values: [emp=0.0497512, beta=0.0411403]

Processing phenotype [ENSG00000253873.1] [239/277]
  * #variants in cis = 11
  * Best hit: [id=5_internal_8189, d=-804959, pv=0.000686367, s=-0.2653]
  * Beta parameters: [s1=0.89261, s2=11.3196]
  * Adjusted p-values: [emp=0.00995025, beta=0.00717483]

Processing phenotype [ENSG00000253159.1] [240/277]
  * #variants in cis = 11
  * Best hit: [id=5_internal_8189, d=-814382, pv=0.00184574, s=-0.2437]
  * Beta parameters: [s1=0.874982, s2=10.9794]
  * Adjusted p-values: [emp=0.0447761, beta=0.0268938]

Processing phenotype [ENSG00000240184.2] [241/277]
  * #variants in cis = 11
  * Best hit: [id=5_internal_8189, d=-859777, pv=0.00327236, s=-0.2298]
  * Beta parameters: [s1=0.97273, s2=9.8302]
  * Adjusted p-values: [emp=0.039801, beta=0.0360672]

Processing phenotype [ENSG00000242419.1] [242/277]
  * #variants in cis = 11
  * Best hit: [id=5_internal_8189, d=-868938, pv=0.0048602, s=-0.2240]
  * Beta parameters: [s1=0.980001, s2=11.9325]
  * Adjusted p-values: [emp=0.0646766, beta=0.0523534]

Processing phenotype [ENSG00000240764.2] [243/277]
  * #variants in cis = 11
  * Best hit: [id=5_internal_8189, d=-873005, pv=0.00778649, s=-0.2115]
  * Beta parameters: [s1=0.998877, s2=9.04841]
  * Adjusted p-values: [emp=0.119403, beta=0.112325]

Processing phenotype [ENSG00000246422.2] [244/277]
  * #variants in cis = 11
  * Best hit: [id=5_internal_9267, d=-34672, pv=0.0210762, s=-0.1935]
  * Beta parameters: [s1=1.07349, s2=11.5284]
  * Adjusted p-values: [emp=0.18408, beta=0.176129]

Processing phenotype [ENSG00000240974.1] [245/277]
  * #variants in cis = 10
  * Best hit: [id=5_internal_9080, d=0, pv=0.0146208, s=-0.1994]
  * Beta parameters: [s1=0.986874, s2=10.1519]
  * Adjusted p-values: [emp=0.134328, beta=0.135875]

Processing phenotype [ENSG00000228737.1] [246/277]
  * #variants in cis = 9
  * Best hit: [id=5_internal_11952, d=737189, pv=0.149403, s=0.1091]
  * Beta parameters: [s1=1.07166, s2=8.56513]
  * Adjusted p-values: [emp=0.766169, beta=0.735629]

Processing phenotype [ENSG00000131504.11] [247/277]
  * #variants in cis = 9
  * Best hit: [id=5_internal_9146, d=952840, pv=0.133307, s=-0.1221]
  * Beta parameters: [s1=1.04826, s2=8.44514]
  * Adjusted p-values: [emp=0.721393, beta=0.725786]

Processing phenotype [ENSG00000171720.4] [248/277]
  * #variants in cis = 8
  * Best hit: [id=5_internal_8851, d=0, pv=0.136234, s=0.1078]
  * Beta parameters: [s1=1.05976, s2=7.90948]
  * Adjusted p-values: [emp=0.686567, beta=0.671219]

Processing phenotype [ENSG00000164620.4] [249/277]
  * #variants in cis = 8
  * Best hit: [id=5_internal_8851, d=0, pv=0.00520347, s=0.2158]
  * Beta parameters: [s1=0.973982, s2=8.64914]
  * Adjusted p-values: [emp=0.0597015, beta=0.0466025]

Processing phenotype [ENSG00000197948.5] [250/277]
  * #variants in cis = 8
  * Best hit: [id=5_internal_8851, d=0, pv=0.0104791, s=0.2011]
  * Beta parameters: [s1=0.912661, s2=7.41323]
  * Adjusted p-values: [emp=0.104478, beta=0.103509]

Processing phenotype [ENSG00000120318.10] [251/277]
  * #variants in cis = 7
  * Best hit: [id=5_internal_9733, d=0, pv=9.25939e-06, s=0.3461]
  * Beta parameters: [s1=0.984151, s2=8.06014]
  * Adjusted p-values: [emp=0.00497512, beta=2.24758e-05]

Processing phenotype [ENSG00000081791.4] [252/277]
  * #variants in cis = 10
  * Best hit: [id=5_internal_11265, d=0, pv=1.16847e-11, s=0.4874]
  * Beta parameters: [s1=0.986689, s2=12.1148]
  * Adjusted p-values: [emp=0.00497512, beta=2.46888e-11]

Processing phenotype [ENSG00000013561.13] [253/277]
  * #variants in cis = 10
  * Best hit: [id=5_internal_9048, d=812802, pv=0.218566, s=0.0984]
  * Beta parameters: [s1=1.04879, s2=11.4]
  * Adjusted p-values: [emp=0.945274, beta=0.934671]

Processing phenotype [ENSG00000113555.4] [254/277]
  * #variants in cis = 10
  * Best hit: [id=5_internal_11265, d=7838, pv=9.45131e-16, s=0.5933]
  * Beta parameters: [s1=1.0348, s2=11.1132]
  * Adjusted p-values: [emp=0.00497512, beta=2.01435e-15]

Processing phenotype [ENSG00000254099.1] [255/277]
  * #variants in cis = 10
  * Best hit: [id=5_internal_11265, d=20786, pv=0.0371478, s=-0.1692]
  * Beta parameters: [s1=0.920859, s2=13.4202]
  * Adjusted p-values: [emp=0.338308, beta=0.32876]

Processing phenotype [ENSG00000113552.11] [256/277]
  * #variants in cis = 10
  * Best hit: [id=5_internal_9258, d=108578, pv=0.0853432, s=-0.1362]
  * Beta parameters: [s1=0.940212, s2=10.1005]
  * Adjusted p-values: [emp=0.572139, beta=0.564659]

Processing phenotype [ENSG00000131507.8] [257/277]
  * #variants in cis = 10
  * Best hit: [id=5_internal_11818, d=660738, pv=0.0310219, s=-0.1755]
  * Beta parameters: [s1=0.972902, s2=11.1285]
  * Adjusted p-values: [emp=0.288557, beta=0.27876]

Processing phenotype [ENSG00000145819.11] [258/277]
  * #variants in cis = 6
  * Best hit: [id=5_internal_9258, d=-865921, pv=0.0703683, s=0.1495]
  * Maximum Likelihood estimation failed, use Moment Matching instead!
  * Beta parameters: [s1=1.00005, s2=5.04771]
  * Adjusted p-values: [emp=0.378109, beta=0.372911]

Processing phenotype [ENSG00000226272.1] [259/277]
  * #variants in cis = 6
  * Best hit: [id=5_internal_9149, d=-31722, pv=0.0278103, s=0.1718]
  * Beta parameters: [s1=0.905901, s2=6.99742]
  * Adjusted p-values: [emp=0.124378, beta=0.165869]

Processing phenotype [ENSG00000230789.1] [260/277]
  * #variants in cis = 5
  * Best hit: [id=5_internal_12857, d=942356, pv=0.313916, s=0.0809]
  * Maximum Likelihood estimation failed, use Moment Matching instead!
  * Beta parameters: [s1=1, s2=6.08788]
  * Adjusted p-values: [emp=0.860697, beta=0.844091]

Processing phenotype [ENSG00000231579.3] [261/277]
  * #variants in cis = 5
  * Best hit: [id=5_internal_9048, d=0, pv=0.0160598, s=0.1891]
  * Maximum Likelihood estimation failed, use Moment Matching instead!
  * Beta parameters: [s1=1.00005, s2=4.78536]
  * Adjusted p-values: [emp=0.0895522, beta=0.0773944]

Processing phenotype [ENSG00000113580.10] [262/277]
  * #variants in cis = 4
  * Best hit: [id=5_internal_9048, d=32819, pv=0.388369, s=0.0708]
  * Maximum Likelihood estimation failed, use Moment Matching instead!
  * Beta parameters: [s1=0.999999, s2=3.78755]
  * Adjusted p-values: [emp=0.850746, beta=0.849154]

Processing phenotype [ENSG00000249881.1] [263/277]
  * #variants in cis = 4
  * Best hit: [id=5_internal_9149, d=-537514, pv=0.0120144, s=-0.2050]
  * Maximum Likelihood estimation failed, use Moment Matching instead!
  * Beta parameters: [s1=1.00001, s2=4.23165]
  * Adjusted p-values: [emp=0.0547264, beta=0.0630713]

Processing phenotype [ENSG00000145817.11] [264/277]
  * #variants in cis = 2
  * Best hit: [id=5_internal_12857, d=0, pv=2.32069e-11, s=0.4903]
  * Maximum Likelihood estimation failed, use Moment Matching instead!
  * Beta parameters: [s1=1.00003, s2=1.87149]
  * Adjusted p-values: [emp=0.00497512, beta=2.77572e-11]

Processing phenotype [ENSG00000186314.7] [265/277]
  * #variants in cis = 2
  * Best hit: [id=5_internal_9915, d=-100871, pv=0.831353, s=-0.0167]
  * Maximum Likelihood estimation failed, use Moment Matching instead!
  * Beta parameters: [s1=1.00001, s2=2.18556]
  * Adjusted p-values: [emp=0.99005, beta=0.979452]

Processing phenotype [ENSG00000251556.1] [266/277]
  * #variants in cis = 3
  * Best hit: [id=5_internal_9915, d=-57723, pv=0.00782339, s=0.2161]
  * Maximum Likelihood estimation failed, use Moment Matching instead!
  * Beta parameters: [s1=1.00003, s2=3.38329]
  * Adjusted p-values: [emp=0.0298507, beta=0.0132268]

Processing phenotype [ENSG00000173261.4] [267/277]
  * #variants in cis = 3
  * Best hit: [id=5_internal_9915, d=62686, pv=0.815058, s=-0.0192]
  * Maximum Likelihood estimation failed, use Moment Matching instead!
  * Beta parameters: [s1=1.00001, s2=2.53897]
  * Adjusted p-values: [emp=0.99005, beta=0.988184]

Processing phenotype [ENSG00000133706.13] [268/277]
  * #variants in cis = 3
  * Best hit: [id=5_internal_9915, d=140977, pv=0.00012455, s=0.3001]
  * Maximum Likelihood estimation failed, use Moment Matching instead!
  * Beta parameters: [s1=0.99999, s2=3.69513]
  * Adjusted p-values: [emp=0.00497512, beta=0.000288138]

Processing phenotype [ENSG00000091009.6] [269/277]
  * #variants in cis = 3
  * Best hit: [id=5_internal_9915, d=-161867, pv=0.000810505, s=0.2659]
  * Maximum Likelihood estimation failed, use Moment Matching instead!
  * Beta parameters: [s1=1.00001, s2=2.85294]
  * Adjusted p-values: [emp=0.00497512, beta=0.00282748]

Processing phenotype [ENSG00000238374.1] [270/277]
  * #variants in cis = 4
  * Best hit: [id=5_internal_10464, d=-631716, pv=0.424938, s=0.0629]
  * Maximum Likelihood estimation failed, use Moment Matching instead!
  * Beta parameters: [s1=1, s2=4.53115]
  * Adjusted p-values: [emp=0.895522, beta=0.907082]

Processing phenotype [ENSG00000113649.7] [271/277]
  * #variants in cis = 4
  * Best hit: [id=5_internal_9915, d=-405628, pv=0.00128678, s=0.2469]
  * Maximum Likelihood estimation failed, use Moment Matching instead!
  * Beta parameters: [s1=0.999987, s2=4.26993]
  * Adjusted p-values: [emp=0.00497512, beta=0.00459097]

Processing phenotype [ENSG00000173250.2] [272/277]
  * #variants in cis = 4
  * Best hit: [id=5_internal_9915, d=474507, pv=0.387968, s=0.0673]
  * Maximum Likelihood estimation failed, use Moment Matching instead!
  * Beta parameters: [s1=1.00005, s2=4.10379]
  * Adjusted p-values: [emp=0.870647, beta=0.863984]

Processing phenotype [ENSG00000241291.2] [273/277]
  * #variants in cis = 4
  * Best hit: [id=5_internal_12751, d=-577478, pv=0.131768, s=0.1184]
  * Maximum Likelihood estimation failed, use Moment Matching instead!
  * Beta parameters: [s1=1.00003, s2=4.03685]
  * Adjusted p-values: [emp=0.39801, beta=0.38705]

Processing phenotype [ENSG00000156475.13] [274/277]
  * #variants in cis = 3
  * Best hit: [id=5_internal_10464, d=194215, pv=0.388991, s=-0.0701]
  * Maximum Likelihood estimation failed, use Moment Matching instead!
  * Beta parameters: [s1=0.999954, s2=3.54142]
  * Adjusted p-values: [emp=0.830846, beta=0.8076]

Processing phenotype [ENSG00000113657.8] [275/277]
  * #variants in cis = 3
  * Best hit: [id=5_internal_9047, d=-675215, pv=0.0867865, s=0.1359]
  * Maximum Likelihood estimation failed, use Moment Matching instead!
  * Beta parameters: [s1=1.00002, s2=3.48082]
  * Adjusted p-values: [emp=0.179104, beta=0.171399]

Processing phenotype [ENSG00000176049.11] [276/277]
  * #variants in cis = 4
  * Best hit: [id=5_internal_9720, d=-963247, pv=0.718579, s=0.0292]
  * Maximum Likelihood estimation failed, use Moment Matching instead!
  * Beta parameters: [s1=0.999983, s2=3.48433]
  * Adjusted p-values: [emp=0.985075, beta=0.988395]

Processing phenotype [ENSG00000164265.4] [277/277]
  * #variants in cis = 5
  * Best hit: [id=5_internal_12751, d=-442587, pv=0.0399965, s=0.1576]
  * Maximum Likelihood estimation failed, use Moment Matching instead!
  * Beta parameters: [s1=1.00004, s2=5.25883]
  * Adjusted p-values: [emp=0.179104, beta=0.169]

Running time: 3 seconds
