Sender: LSF System <lsfadmin@cpt05>
Subject: Job 974174: </data/unige/funpopgen/odelanea/SGX/V2/binaries/qtltools/bin/QTLtools cis --vcf /data/unige/funpopgen/grey2/SYSCID/BLUEPRINT_DATA/CRD/THREE_CELL_TYPES/CLOMICS/CELL_TYPE_COMPARISON_GENE_CRD_ASSOCIATIONS/quantify/72_vs_70_ALL.ALLchr.mean.txt.gz --bed /data/unige/funpopgen/grey2/SYSCID/BLUEPRINT_DATA/CRD/THREE_CELL_TYPES/QTL_TOOLS/EGAD00001002674_v3.0/EGAD00001002674_RNA.PC10.bed.gz --permute 200 --chunk 31 100 --out /data/unige/funpopgen/grey2/SYSCID/BLUEPRINT_DATA/CRD/THREE_CELL_TYPES/CLOMICS/CELL_TYPE_COMPARISON_GENE_CRD_ASSOCIATIONS/mapping_aCRD_gene/72_vs_70/gene_CRD_mean_chunk31\.txt> in cluster <ug> Done

Job </data/unige/funpopgen/odelanea/SGX/V2/binaries/qtltools/bin/QTLtools cis --vcf /data/unige/funpopgen/grey2/SYSCID/BLUEPRINT_DATA/CRD/THREE_CELL_TYPES/CLOMICS/CELL_TYPE_COMPARISON_GENE_CRD_ASSOCIATIONS/quantify/72_vs_70_ALL.ALLchr.mean.txt.gz --bed /data/unige/funpopgen/grey2/SYSCID/BLUEPRINT_DATA/CRD/THREE_CELL_TYPES/QTL_TOOLS/EGAD00001002674_v3.0/EGAD00001002674_RNA.PC10.bed.gz --permute 200 --chunk 31 100 --out /data/unige/funpopgen/grey2/SYSCID/BLUEPRINT_DATA/CRD/THREE_CELL_TYPES/CLOMICS/CELL_TYPE_COMPARISON_GENE_CRD_ASSOCIATIONS/mapping_aCRD_gene/72_vs_70/gene_CRD_mean_chunk31\.txt> was submitted from host <frt.ug.vital-it.ch> by user <grey2> in cluster <ug>.
Job was executed on host(s) <cpt05>, in queue <normal>, as user <grey2> in cluster <ug>.
</home/grey2> was used as the home directory.
</data/unige/funpopgen/grey2/SYSCID/BLUEPRINT_DATA/CRD/THREE_CELL_TYPES/CLOMICS/CELL_TYPE_COMPARISON_GENE_CRD_ASSOCIATIONS> was used as the working directory.
Started at Thu Mar 21 11:26:39 2019
Results reported at Thu Mar 21 11:26:46 2019

Your job looked like:

------------------------------------------------------------
# LSBATCH: User input
/data/unige/funpopgen/odelanea/SGX/V2/binaries/qtltools/bin/QTLtools cis --vcf /data/unige/funpopgen/grey2/SYSCID/BLUEPRINT_DATA/CRD/THREE_CELL_TYPES/CLOMICS/CELL_TYPE_COMPARISON_GENE_CRD_ASSOCIATIONS/quantify/72_vs_70_ALL.ALLchr.mean.txt.gz --bed /data/unige/funpopgen/grey2/SYSCID/BLUEPRINT_DATA/CRD/THREE_CELL_TYPES/QTL_TOOLS/EGAD00001002674_v3.0/EGAD00001002674_RNA.PC10.bed.gz --permute 200 --chunk 31 100 --out /data/unige/funpopgen/grey2/SYSCID/BLUEPRINT_DATA/CRD/THREE_CELL_TYPES/CLOMICS/CELL_TYPE_COMPARISON_GENE_CRD_ASSOCIATIONS/mapping_aCRD_gene/72_vs_70/gene_CRD_mean_chunk31\.txt

------------------------------------------------------------

Successfully completed.

Resource usage summary:

    CPU time :               3.78 sec.
    Max Memory :             2.88 MB
    Average Memory :         2.88 MB
    Total Requested Memory : -
    Delta Memory :           -
    (Delta: the difference between total requested memory and actual max usage.)
    Max Swap :               31 MB

    Max Processes :          1
    Max Threads :            1

The output (if any) follows:


[32mQTLtools[0m
  * Authors : Olivier DELANEAU / Halit ONGEN / Emmanouil DERMITZAKIS
  * Contact : olivier.delaneau@gmail.com / halit.ongen@unige.ch / Emmanouil.Dermitzakis@unige.ch
  * Webpage : https://qtltools.github.io/qtltools/
  * Version : 1.1
  * Date    : 21/03/2019 - 11:26:43
  * Citation: A complete tool set for molecular QTL discovery and analysis, https://doi.org/10.1101/068635

[32mMAPPING QTL IN CIS[0m
  * TASK: Perform 200 permutations
  * Linear model: Phe ~ Var
  * Cis-window size is 1000000 bp
  * Chunk = [31/100]

Scanning phenotype data in [/data/unige/funpopgen/grey2/SYSCID/BLUEPRINT_DATA/CRD/THREE_CELL_TYPES/QTL_TOOLS/EGAD00001002674_v3.0/EGAD00001002674_RNA.PC10.bed.gz]
  * 26159 phenotypes included
  * 13004 phenotypes are on the negative strand

Initialize random number generator
  * Built-in seed is 15112011
  * First Integer = 30554
  * First Double = 0.0126695

Reading sample list from [/data/unige/funpopgen/grey2/SYSCID/BLUEPRINT_DATA/CRD/THREE_CELL_TYPES/QTL_TOOLS/EGAD00001002674_v3.0/EGAD00001002674_RNA.PC10.bed.gz]
  * #samples = 194

Reading sample list from [/data/unige/funpopgen/grey2/SYSCID/BLUEPRINT_DATA/CRD/THREE_CELL_TYPES/CLOMICS/CELL_TYPE_COMPARISON_GENE_CRD_ASSOCIATIONS/quantify/72_vs_70_ALL.ALLchr.mean.txt.gz]
  * #samples = 160

Merging sample sets from all input files
  * #files = 2
  * #samples in all files = 158
  * #samples NOT in all files (i.e. ignored) = 38

Reading phenotype data in [/data/unige/funpopgen/grey2/SYSCID/BLUEPRINT_DATA/CRD/THREE_CELL_TYPES/QTL_TOOLS/EGAD00001002674_v3.0/EGAD00001002674_RNA.PC10.bed.gz]
  * target region [12:56693926-104659056]
  * 361 phenotypes included
  * 183 phenotypes are on the negative strand

Reading genotype data in [/data/unige/funpopgen/grey2/SYSCID/BLUEPRINT_DATA/CRD/THREE_CELL_TYPES/CLOMICS/CELL_TYPE_COMPARISON_GENE_CRD_ASSOCIATIONS/quantify/72_vs_70_ALL.ALLchr.mean.txt.gz]
  * File format detected: BED
  * 158 samples included
  * 4 samples without phenotype data
  * target region [12:55693926-105659056]
  * 114 variants included

Processing phenotype [ENSG00000257303.1] [1/361]
  * #variants in cis = 6
  * Best hit: [id=12_internal_10466, d=-648354, pv=0.0556533, s=0.1562]
  * Maximum Likelihood estimation failed, use Moment Matching instead!
  * Beta parameters: [s1=1.00002, s2=4.98709]
  * Adjusted p-values: [emp=0.268657, beta=0.257696]

Processing phenotype [ENSG00000062485.13] [2/361]
  * #variants in cis = 6
  * Best hit: [id=12_internal_9432, d=165987, pv=0.319669, s=0.0761]
  * Beta parameters: [s1=0.960466, s2=5.53377]
  * Adjusted p-values: [emp=0.885572, beta=0.883598]

Processing phenotype [ENSG00000257740.1] [3/361]
  * #variants in cis = 6
  * Best hit: [id=12_internal_9048, d=-657040, pv=0.0284725, s=-0.1800]
  * Beta parameters: [s1=0.884932, s2=6.12718]
  * Adjusted p-values: [emp=0.174129, beta=0.17431]

Processing phenotype [ENSG00000144785.4] [4/361]
  * #variants in cis = 6
  * Best hit: [id=12_internal_9048, d=664231, pv=0.0137123, s=0.1897]
  * Maximum Likelihood estimation failed, use Moment Matching instead!
  * Beta parameters: [s1=1.00006, s2=4.52873]
  * Adjusted p-values: [emp=0.079602, beta=0.0978589]

Processing phenotype [ENSG00000257727.1] [5/361]
  * #variants in cis = 6
  * Best hit: [id=12_internal_12772, d=682205, pv=0.14242, s=-0.1144]
  * Beta parameters: [s1=0.987174, s2=6.42861]
  * Adjusted p-values: [emp=0.626866, beta=0.637292]

Processing phenotype [ENSG00000135473.10] [6/361]
  * #variants in cis = 6
  * Best hit: [id=12_internal_9048, d=682225, pv=0.131659, s=0.1200]
  * Beta parameters: [s1=0.982694, s2=5.77982]
  * Adjusted p-values: [emp=0.507463, beta=0.525309]

Processing phenotype [ENSG00000110944.4] [7/361]
  * #variants in cis = 6
  * Best hit: [id=12_internal_9432, d=-204474, pv=0.027478, s=-0.1666]
  * Maximum Likelihood estimation failed, use Moment Matching instead!
  * Beta parameters: [s1=0.999934, s2=5.48899]
  * Adjusted p-values: [emp=0.159204, beta=0.166095]

Processing phenotype [ENSG00000252206.1] [8/361]
  * #variants in cis = 6
  * Best hit: [id=12_internal_12772, d=718319, pv=0.0684707, s=0.1462]
  * Maximum Likelihood estimation failed, use Moment Matching instead!
  * Beta parameters: [s1=1.00005, s2=4.69577]
  * Adjusted p-values: [emp=0.358209, beta=0.36225]

Processing phenotype [ENSG00000170581.8] [9/361]
  * #variants in cis = 6
  * Best hit: [id=12_internal_12772, d=726024, pv=0.0161909, s=0.1936]
  * Maximum Likelihood estimation failed, use Moment Matching instead!
  * Beta parameters: [s1=1.00003, s2=4.78027]
  * Adjusted p-values: [emp=0.124378, beta=0.10661]

Processing phenotype [ENSG00000175336.8] [10/361]
  * #variants in cis = 6
  * Best hit: [id=12_internal_9483, d=-904884, pv=0.206973, s=0.1026]
  * Maximum Likelihood estimation failed, use Moment Matching instead!
  * Beta parameters: [s1=1, s2=4.56847]
  * Adjusted p-values: [emp=0.746269, beta=0.72976]

Processing phenotype [ENSG00000111602.7] [11/361]
  * #variants in cis = 6
  * Best hit: [id=12_internal_12772, d=815272, pv=0.404437, s=0.0671]
  * Maximum Likelihood estimation failed, use Moment Matching instead!
  * Beta parameters: [s1=0.999985, s2=4.54652]
  * Adjusted p-values: [emp=0.930348, beta=0.922015]

Processing phenotype [ENSG00000176422.10] [12/361]
  * #variants in cis = 8
  * Best hit: [id=12_internal_12772, d=-834386, pv=0.335087, s=-0.0796]
  * Beta parameters: [s1=1.06687, s2=7.70808]
  * Adjusted p-values: [emp=0.960199, beta=0.953818]

Processing phenotype [ENSG00000135517.5] [13/361]
  * #variants in cis = 8
  * Best hit: [id=12_internal_9048, d=817338, pv=0.323542, s=-0.0785]
  * Maximum Likelihood estimation failed, use Moment Matching instead!
  * Beta parameters: [s1=0.999942, s2=5.23699]
  * Adjusted p-values: [emp=0.920398, beta=0.91642]

Processing phenotype [ENSG00000135423.8] [14/361]
  * #variants in cis = 8
  * Best hit: [id=12_internal_9048, d=836586, pv=0.0824186, s=0.1403]
  * Beta parameters: [s1=1.04897, s2=8.5199]
  * Adjusted p-values: [emp=0.537313, beta=0.510069]

Processing phenotype [ENSG00000076067.6] [15/361]
  * #variants in cis = 9
  * Best hit: [id=12_internal_9048, d=-870101, pv=0.00905759, s=-0.2057]
  * Beta parameters: [s1=1.11653, s2=10.1082]
  * Adjusted p-values: [emp=0.0646766, beta=0.0696803]

Processing phenotype [ENSG00000201579.1] [16/361]
  * #variants in cis = 9
  * Best hit: [id=12_internal_8951, d=869579, pv=0.0551199, s=-0.1553]
  * Beta parameters: [s1=1.05895, s2=9.10035]
  * Adjusted p-values: [emp=0.437811, beta=0.419102]

Processing phenotype [ENSG00000076108.7] [17/361]
  * #variants in cis = 9
  * Best hit: [id=12_internal_9048, d=984988, pv=0.123705, s=0.1260]
  * Beta parameters: [s1=0.971502, s2=7.69044]
  * Adjusted p-values: [emp=0.681592, beta=0.671565]

Processing phenotype [ENSG00000207031.1] [18/361]
  * #variants in cis = 9
  * Best hit: [id=12_internal_9483, d=-622606, pv=0.259902, s=0.0893]
  * Beta parameters: [s1=0.925405, s2=6.72076]
  * Adjusted p-values: [emp=0.905473, beta=0.900871]

Processing phenotype [ENSG00000110955.3] [19/361]
  * #variants in cis = 9
  * Best hit: [id=12_internal_9996, d=-806656, pv=0.275886, s=-0.0805]
  * Beta parameters: [s1=1.07124, s2=9.52005]
  * Adjusted p-values: [emp=0.935323, beta=0.953965]

Processing phenotype [ENSG00000241217.2] [20/361]
  * #variants in cis = 7
  * Best hit: [id=12_internal_12751, d=-826529, pv=0.117781, s=-0.1208]
  * Beta parameters: [s1=1.0701, s2=6.80686]
  * Adjusted p-values: [emp=0.61194, beta=0.596144]

Processing phenotype [ENSG00000110958.10] [21/361]
  * #variants in cis = 7
  * Best hit: [id=12_internal_9483, d=-579332, pv=0.0591711, s=-0.1570]
  * Beta parameters: [s1=0.97811, s2=6.76283]
  * Adjusted p-values: [emp=0.333333, beta=0.356316]

Processing phenotype [ENSG00000196531.6] [22/361]
  * #variants in cis = 7
  * Best hit: [id=12_internal_8951, d=-726469, pv=0.000199206, s=-0.2823]
  * Beta parameters: [s1=0.971563, s2=7.37438]
  * Adjusted p-values: [emp=0.00497512, beta=0.00129643]

Processing phenotype [ENSG00000025423.7] [23/361]
  * #variants in cis = 7
  * Best hit: [id=12_internal_9996, d=700509, pv=0.00494071, s=-0.2127]
  * Beta parameters: [s1=0.994541, s2=5.79138]
  * Adjusted p-values: [emp=0.0746269, beta=0.0557078]

Processing phenotype [ENSG00000198056.7] [24/361]
  * #variants in cis = 7
  * Best hit: [id=12_internal_8951, d=-705724, pv=0.100964, s=0.1280]
  * Beta parameters: [s1=0.912145, s2=6.84521]
  * Adjusted p-values: [emp=0.492537, beta=0.511148]

Processing phenotype [ENSG00000139547.6] [25/361]
  * #variants in cis = 9
  * Best hit: [id=12_internal_9996, d=-493296, pv=0.0395316, s=0.1590]
  * Beta parameters: [s1=1.03754, s2=7.63061]
  * Adjusted p-values: [emp=0.368159, beta=0.36033]

Processing phenotype [ENSG00000166856.1] [26/361]
  * #variants in cis = 9
  * Best hit: [id=12_internal_11229, d=780604, pv=0.0261912, s=0.1764]
  * Beta parameters: [s1=0.935323, s2=10.622]
  * Adjusted p-values: [emp=0.21393, beta=0.225522]

Processing phenotype [ENSG00000258442.1] [27/361]
  * #variants in cis = 9
  * Best hit: [id=12_internal_9483, d=271448, pv=0.246369, s=-0.0915]
  * Beta parameters: [s1=0.889153, s2=10.817]
  * Adjusted p-values: [emp=0.960199, beta=0.937827]

Processing phenotype [ENSG00000268162.1] [28/361]
  * #variants in cis = 9
  * Best hit: [id=12_internal_11306, d=-570700, pv=0.0886912, s=-0.1368]
  * Beta parameters: [s1=0.872379, s2=8.42602]
  * Adjusted p-values: [emp=0.58209, beta=0.598424]

Processing phenotype [ENSG00000166860.2] [29/361]
  * #variants in cis = 9
  * Best hit: [id=12_internal_11306, d=580185, pv=0.0455051, s=0.1630]
  * Beta parameters: [s1=1.14476, s2=6.95352]
  * Adjusted p-values: [emp=0.328358, beta=0.308156]

Processing phenotype [ENSG00000166863.7] [30/361]
  * #variants in cis = 9
  * Best hit: [id=12_internal_10107, d=-581240, pv=0.034577, s=-0.1605]
  * Beta parameters: [s1=1.0703, s2=6.95159]
  * Adjusted p-values: [emp=0.288557, beta=0.266766]

Processing phenotype [ENSG00000166866.8] [31/361]
  * #variants in cis = 9
  * Best hit: [id=12_internal_11229, d=-723852, pv=0.0202688, s=0.1788]
  * Beta parameters: [s1=1.15319, s2=10.1674]
  * Adjusted p-values: [emp=0.154229, beta=0.150746]

Processing phenotype [ENSG00000166881.5] [32/361]
  * #variants in cis = 9
  * Best hit: [id=12_internal_9996, d=-364608, pv=0.0972401, s=0.1313]
  * Beta parameters: [s1=0.937748, s2=7.75886]
  * Adjusted p-values: [emp=0.616915, beta=0.612939]

Processing phenotype [ENSG00000166886.8] [33/361]
  * #variants in cis = 9
  * Best hit: [id=12_internal_9483, d=178814, pv=0.297415, s=-0.0829]
  * Beta parameters: [s1=1.01632, s2=7.89676]
  * Adjusted p-values: [emp=0.920398, beta=0.94788]

Processing phenotype [ENSG00000123384.9] [34/361]
  * #variants in cis = 9
  * Best hit: [id=12_internal_11229, d=646558, pv=0.164195, s=-0.1138]
  * Beta parameters: [s1=0.941862, s2=11.2309]
  * Adjusted p-values: [emp=0.80597, beta=0.797182]

Processing phenotype [ENSG00000166888.5] [35/361]
  * #variants in cis = 9
  * Best hit: [id=12_internal_12751, d=-365137, pv=0.145109, s=0.1178]
  * Beta parameters: [s1=1.03086, s2=7.86982]
  * Adjusted p-values: [emp=0.726368, beta=0.721003]

Processing phenotype [ENSG00000259125.1] [36/361]
  * #variants in cis = 8
  * Best hit: [id=12_internal_11229, d=-627432, pv=0.0047902, s=-0.2240]
  * Beta parameters: [s1=0.949773, s2=8.65126]
  * Adjusted p-values: [emp=0.0348259, beta=0.0276817]

Processing phenotype [ENSG00000221365.1] [37/361]
  * #variants in cis = 8
  * Best hit: [id=12_internal_10107, d=415620, pv=0.0219741, s=-0.1772]
  * Beta parameters: [s1=1.00996, s2=9.55913]
  * Adjusted p-values: [emp=0.139303, beta=0.150496]

Processing phenotype [ENSG00000182199.6] [38/361]
  * #variants in cis = 8
  * Best hit: [id=12_internal_9996, d=223344, pv=0.079464, s=0.1305]
  * Beta parameters: [s1=0.926646, s2=7.29648]
  * Adjusted p-values: [emp=0.477612, beta=0.469609]

Processing phenotype [ENSG00000185633.6] [39/361]
  * #variants in cis = 8
  * Best hit: [id=12_internal_10107, d=-369409, pv=0.0111013, s=-0.2019]
  * Beta parameters: [s1=1.00254, s2=8.5704]
  * Adjusted p-values: [emp=0.0945274, beta=0.0913546]

Processing phenotype [ENSG00000185482.3] [40/361]
  * #variants in cis = 8
  * Best hit: [id=12_internal_9483, d=-16515, pv=0.0429097, s=0.1632]
  * Beta parameters: [s1=0.952271, s2=8.42501]
  * Adjusted p-values: [emp=0.353234, beta=0.338943]

Processing phenotype [ENSG00000258830.1] [41/361]
  * #variants in cis = 8
  * Best hit: [id=12_internal_9483, d=0, pv=0.0269998, s=-0.1753]
  * Beta parameters: [s1=1.09304, s2=8.20899]
  * Adjusted p-values: [emp=0.174129, beta=0.175634]

Processing phenotype [ENSG00000201198.1] [42/361]
  * #variants in cis = 8
  * Best hit: [id=12_internal_9996, d=37375, pv=0.463265, s=0.0593]
  * Beta parameters: [s1=1.02057, s2=7.43089]
  * Adjusted p-values: [emp=0.985075, beta=0.990525]

Processing phenotype [ENSG00000268367.1] [43/361]
  * #variants in cis = 8
  * Best hit: [id=12_internal_8951, d=41683, pv=0.00373092, s=-0.2258]
  * Beta parameters: [s1=0.941955, s2=8.81359]
  * Adjusted p-values: [emp=0.0348259, beta=0.0200759]

Processing phenotype [ENSG00000179912.14] [44/361]
  * #variants in cis = 7
  * Best hit: [id=12_internal_9483, d=90010, pv=0.0472647, s=-0.1611]
  * Beta parameters: [s1=0.96289, s2=6.8154]
  * Adjusted p-values: [emp=0.318408, beta=0.303737]

Processing phenotype [ENSG00000258001.1] [45/361]
  * #variants in cis = 7
  * Best hit: [id=12_internal_9996, d=21555, pv=0.0820963, s=-0.1419]
  * Beta parameters: [s1=1.0091, s2=7.92587]
  * Adjusted p-values: [emp=0.487562, beta=0.475209]

Processing phenotype [ENSG00000139269.2] [46/361]
  * #variants in cis = 7
  * Best hit: [id=12_internal_9996, d=348, pv=0.0264712, s=0.1740]
  * Beta parameters: [s1=1.01334, s2=6.57729]
  * Adjusted p-values: [emp=0.159204, beta=0.158707]

Processing phenotype [ENSG00000111087.5] [47/361]
  * #variants in cis = 7
  * Best hit: [id=12_internal_8951, d=0, pv=0.055269, s=-0.1494]
  * Beta parameters: [s1=1.09706, s2=8.63505]
  * Adjusted p-values: [emp=0.303483, beta=0.3147]

Processing phenotype [ENSG00000166986.8] [48/361]
  * #variants in cis = 7
  * Best hit: [id=12_internal_9491, d=304172, pv=0.0743949, s=-0.1392]
  * Beta parameters: [s1=1.03755, s2=7.41867]
  * Adjusted p-values: [emp=0.373134, beta=0.352264]

Processing phenotype [ENSG00000123329.13] [49/361]
  * #variants in cis = 7
  * Best hit: [id=12_internal_8951, d=0, pv=0.0531222, s=0.1534]
  * Beta parameters: [s1=0.979857, s2=5.96072]
  * Adjusted p-values: [emp=0.323383, beta=0.325946]

Processing phenotype [ENSG00000252865.1] [50/361]
  * #variants in cis = 7
  * Best hit: [id=12_internal_11229, d=263987, pv=0.0646554, s=-0.1431]
  * Beta parameters: [s1=0.91251, s2=6.04536]
  * Adjusted p-values: [emp=0.343284, beta=0.349295]

Processing phenotype [ENSG00000208028.1] [51/361]
  * #variants in cis = 7
  * Best hit: [id=12_internal_12751, d=17670, pv=0.0105745, s=-0.2088]
  * Beta parameters: [s1=0.997096, s2=7.91344]
  * Adjusted p-values: [emp=0.0298507, beta=0.0452132]

Processing phenotype [ENSG00000175197.5] [52/361]
  * #variants in cis = 7
  * Best hit: [id=12_internal_9483, d=179522, pv=0.0252862, s=0.1788]
  * Beta parameters: [s1=0.997853, s2=8.65262]
  * Adjusted p-values: [emp=0.169154, beta=0.151228]

Processing phenotype [ENSG00000166987.10] [53/361]
  * #variants in cis = 7
  * Best hit: [id=12_internal_9483, d=-179715, pv=0.0593621, s=-0.1515]
  * Beta parameters: [s1=0.944508, s2=7.58645]
  * Adjusted p-values: [emp=0.383085, beta=0.393134]

Processing phenotype [ENSG00000175203.10] [54/361]
  * #variants in cis = 7
  * Best hit: [id=12_internal_9996, d=90743, pv=0.124186, s=-0.1131]
  * Beta parameters: [s1=1.10121, s2=8.92206]
  * Adjusted p-values: [emp=0.631841, beta=0.61913]

Processing phenotype [ENSG00000166908.13] [55/361]
  * #variants in cis = 7
  * Best hit: [id=12_internal_9483, d=-250179, pv=0.00422458, s=0.2279]
  * Beta parameters: [s1=1.08612, s2=6.37832]
  * Adjusted p-values: [emp=0.0199005, beta=0.0340368]

Processing phenotype [ENSG00000178498.11] [56/361]
  * #variants in cis = 7
  * Best hit: [id=12_internal_10107, d=5502, pv=0.127332, s=0.1194]
  * Beta parameters: [s1=0.950839, s2=8.33087]
  * Adjusted p-values: [emp=0.631841, beta=0.653963]

Processing phenotype [ENSG00000135506.11] [57/361]
  * #variants in cis = 7
  * Best hit: [id=12_internal_8951, d=-166526, pv=0.0744225, s=0.1402]
  * Beta parameters: [s1=0.959435, s2=7.03228]
  * Adjusted p-values: [emp=0.442786, beta=0.41783]

Processing phenotype [ENSG00000257342.1] [58/361]
  * #variants in cis = 7
  * Best hit: [id=12_internal_8951, d=194081, pv=0.033631, s=0.1722]
  * Beta parameters: [s1=0.997416, s2=7.4081]
  * Adjusted p-values: [emp=0.179104, beta=0.193057]

Processing phenotype [ENSG00000257499.1] [59/361]
  * #variants in cis = 7
  * Best hit: [id=12_internal_12751, d=224076, pv=0.0435809, s=0.1628]
  * Beta parameters: [s1=0.956466, s2=7.62521]
  * Adjusted p-values: [emp=0.288557, beta=0.319086]

Processing phenotype [ENSG00000255737.2] [60/361]
  * #variants in cis = 7
  * Best hit: [id=12_internal_9996, d=-269683, pv=0.0347092, s=-0.1647]
  * Beta parameters: [s1=1.03286, s2=7.3108]
  * Adjusted p-values: [emp=0.20398, beta=0.207955]

Processing phenotype [ENSG00000135452.5] [61/361]
  * #variants in cis = 7
  * Best hit: [id=12_internal_11229, d=37038, pv=0.244382, s=-0.0951]
  * Beta parameters: [s1=1.02362, s2=6.5859]
  * Adjusted p-values: [emp=0.835821, beta=0.838282]

Processing phenotype [ENSG00000135439.6] [62/361]
  * #variants in cis = 7
  * Best hit: [id=12_internal_9996, d=285569, pv=0.0267441, s=-0.1718]
  * Beta parameters: [s1=1.02582, s2=9.41988]
  * Adjusted p-values: [emp=0.179104, beta=0.164478]

Processing phenotype [ENSG00000139266.5] [63/361]
  * #variants in cis = 7
  * Best hit: [id=12_internal_8951, d=-227669, pv=0.10699, s=-0.1249]
  * Beta parameters: [s1=1.09075, s2=8.33915]
  * Adjusted p-values: [emp=0.587065, beta=0.553622]

Processing phenotype [ENSG00000135446.11] [64/361]
  * #variants in cis = 7
  * Best hit: [id=12_internal_12751, d=254424, pv=0.444587, s=0.0614]
  * Beta parameters: [s1=1.03898, s2=6.65283]
  * Adjusted p-values: [emp=0.9801, beta=0.984083]

Processing phenotype [ENSG00000111012.4] [65/361]
  * #variants in cis = 7
  * Best hit: [id=12_internal_10107, d=133282, pv=0.229718, s=-0.0987]
  * Beta parameters: [s1=1.01933, s2=7.38764]
  * Adjusted p-values: [emp=0.845771, beta=0.847924]

Processing phenotype [ENSG00000257152.1] [66/361]
  * #variants in cis = 7
  * Best hit: [id=12_internal_8951, d=241557, pv=0.170687, s=-0.1052]
  * Beta parameters: [s1=1.0805, s2=7.76301]
  * Adjusted p-values: [emp=0.78607, beta=0.779882]

Processing phenotype [ENSG00000123427.11] [67/361]
  * #variants in cis = 7
  * Best hit: [id=12_internal_11229, d=3559, pv=1.26215e-07, s=0.3959]
  * Beta parameters: [s1=0.985695, s2=8.71319]
  * Adjusted p-values: [emp=0.00497512, beta=7.11861e-07]

Processing phenotype [ENSG00000037897.12] [68/361]
  * #variants in cis = 7
  * Best hit: [id=12_internal_9483, d=431798, pv=0.110304, s=-0.1209]
  * Beta parameters: [s1=1.00248, s2=6.61923]
  * Adjusted p-values: [emp=0.547264, beta=0.561634]

Processing phenotype [ENSG00000257921.1] [69/361]
  * #variants in cis = 7
  * Best hit: [id=12_internal_11229, d=2023, pv=0.00762677, s=-0.2081]
  * Beta parameters: [s1=1.06959, s2=7.36143]
  * Adjusted p-values: [emp=0.0447761, beta=0.0519735]

Processing phenotype [ENSG00000123297.11] [70/361]
  * #variants in cis = 7
  * Best hit: [id=12_internal_11229, d=0, pv=0.0112744, s=-0.1962]
  * Beta parameters: [s1=0.976819, s2=6.39867]
  * Adjusted p-values: [emp=0.0646766, beta=0.0607058]

Processing phenotype [ENSG00000135407.6] [71/361]
  * #variants in cis = 7
  * Best hit: [id=12_internal_11229, d=34829, pv=0.067796, s=0.1433]
  * Beta parameters: [s1=0.935531, s2=6.77281]
  * Adjusted p-values: [emp=0.373134, beta=0.367893]

Processing phenotype [ENSG00000207789.1] [72/361]
  * #variants in cis = 7
  * Best hit: [id=12_internal_12751, d=323103, pv=0.0227758, s=0.1827]
  * Maximum Likelihood estimation failed, use Moment Matching instead!
  * Beta parameters: [s1=1.00006, s2=5.15463]
  * Adjusted p-values: [emp=0.164179, beta=0.199297]

Processing phenotype [ENSG00000257953.1] [73/361]
  * #variants in cis = 7
  * Best hit: [id=12_internal_9483, d=-496097, pv=0.000908933, s=0.2578]
  * Maximum Likelihood estimation failed, use Moment Matching instead!
  * Beta parameters: [s1=1.00006, s2=5.4455]
  * Adjusted p-values: [emp=0.0199005, beta=0.0155171]

Processing phenotype [ENSG00000175215.5] [74/361]
  * #variants in cis = 7
  * Best hit: [id=12_internal_8951, d=319310, pv=0.121012, s=0.1215]
  * Beta parameters: [s1=0.982827, s2=8.36631]
  * Adjusted p-values: [emp=0.646766, beta=0.653019]

Processing phenotype [ENSG00000257698.1] [75/361]
  * #variants in cis = 7
  * Best hit: [id=12_internal_9483, d=595180, pv=0.106497, s=0.1328]
  * Beta parameters: [s1=0.802059, s2=7.07384]
  * Adjusted p-values: [emp=0.497512, beta=0.514557]

Processing phenotype [ENSG00000166896.3] [76/361]
  * #variants in cis = 7
  * Best hit: [id=12_internal_9483, d=-600546, pv=0.12784, s=0.1182]
  * Beta parameters: [s1=0.993217, s2=9.34585]
  * Adjusted p-values: [emp=0.651741, beta=0.64194]

Processing phenotype [ENSG00000118596.7] [77/361]
  * #variants in cis = 0

Processing phenotype [ENSG00000257146.1] [78/361]
  * #variants in cis = 0

Processing phenotype [ENSG00000257528.1] [79/361]
  * #variants in cis = 12
  * Best hit: [id=12_internal_8529, d=329507, pv=0.0117935, s=0.2007]
  * Beta parameters: [s1=0.854363, s2=10.0954]
  * Adjusted p-values: [emp=0.139303, beta=0.126767]

Processing phenotype [ENSG00000213363.4] [80/361]
  * #variants in cis = 12
  * Best hit: [id=12_internal_10499, d=-299584, pv=1.79461e-05, s=0.3378]
  * Beta parameters: [s1=1.0133, s2=11.5822]
  * Adjusted p-values: [emp=0.00497512, beta=0.000122385]

Processing phenotype [ENSG00000252883.1] [81/361]
  * #variants in cis = 12
  * Best hit: [id=12_internal_10499, d=-203800, pv=0.00102714, s=0.2653]
  * Beta parameters: [s1=1.0093, s2=10.4433]
  * Adjusted p-values: [emp=0.00995025, beta=0.0130046]

Processing phenotype [ENSG00000257880.1] [82/361]
  * #variants in cis = 12
  * Best hit: [id=12_internal_8887, d=-64890, pv=0.000986582, s=0.2610]
  * Beta parameters: [s1=1.17081, s2=10.2841]
  * Adjusted p-values: [emp=0.00497512, beta=0.00781743]

Processing phenotype [ENSG00000258316.1] [83/361]
  * #variants in cis = 13
  * Best hit: [id=12_internal_8978, d=-492521, pv=0.0376076, s=0.1642]
  * Beta parameters: [s1=0.98828, s2=10.3031]
  * Adjusted p-values: [emp=0.343284, beta=0.36344]

Processing phenotype [ENSG00000135655.9] [84/361]
  * #variants in cis = 13
  * Best hit: [id=12_internal_8529, d=-496, pv=8.58423e-11, s=0.4786]
  * Beta parameters: [s1=1.15866, s2=11.2124]
  * Adjusted p-values: [emp=0.00497512, beta=8.75507e-10]

Processing phenotype [ENSG00000198673.6] [85/361]
  * #variants in cis = 13
  * Best hit: [id=12_internal_8561, d=-28630, pv=9.2923e-08, s=0.4121]
  * Beta parameters: [s1=0.88207, s2=9.68762]
  * Adjusted p-values: [emp=0.00497512, beta=4.49945e-06]

Processing phenotype [ENSG00000200814.1] [86/361]
  * #variants in cis = 13
  * Best hit: [id=12_internal_8529, d=74355, pv=2.57436e-05, s=0.3277]
  * Beta parameters: [s1=1.04844, s2=12.8654]
  * Adjusted p-values: [emp=0.00497512, beta=0.000302718]

Processing phenotype [ENSG00000061987.10] [87/361]
  * #variants in cis = 13
  * Best hit: [id=12_internal_8561, d=-129143, pv=0.0041877, s=-0.2287]
  * Beta parameters: [s1=0.98512, s2=15.3462]
  * Adjusted p-values: [emp=0.0497512, beta=0.0510106]

Processing phenotype [ENSG00000257568.1] [88/361]
  * #variants in cis = 13
  * Best hit: [id=12_internal_9808, d=-665059, pv=0.10047, s=0.1319]
  * Beta parameters: [s1=0.873119, s2=12.7329]
  * Adjusted p-values: [emp=0.736318, beta=0.733646]

Processing phenotype [ENSG00000202034.1] [89/361]
  * #variants in cis = 13
  * Best hit: [id=12_internal_8561, d=208005, pv=0.0188508, s=-0.1837]
  * Beta parameters: [s1=0.987393, s2=9.65192]
  * Adjusted p-values: [emp=0.199005, beta=0.193569]

Processing phenotype [ENSG00000257354.1] [90/361]
  * #variants in cis = 13
  * Best hit: [id=12_internal_8887, d=-348859, pv=0.0219661, s=-0.1840]
  * Beta parameters: [s1=0.990753, s2=10.9539]
  * Adjusted p-values: [emp=0.263682, beta=0.233089]

Processing phenotype [ENSG00000221949.2] [91/361]
  * #variants in cis = 13
  * Best hit: [id=12_internal_8887, d=349541, pv=0.0196377, s=-0.1835]
  * Beta parameters: [s1=1.0686, s2=9.85519]
  * Adjusted p-values: [emp=0.228856, beta=0.242501]

Processing phenotype [ENSG00000199179.1] [92/361]
  * #variants in cis = 13
  * Best hit: [id=12_internal_8887, d=-349793, pv=0.000207446, s=-0.2934]
  * Beta parameters: [s1=1.01043, s2=11.3034]
  * Adjusted p-values: [emp=0.00497512, beta=0.00320994]

Processing phenotype [ENSG00000241941.2] [93/361]
  * #variants in cis = 13
  * Best hit: [id=12_internal_10499, d=-287578, pv=0.0182146, s=0.1879]
  * Beta parameters: [s1=1.02283, s2=10.8571]
  * Adjusted p-values: [emp=0.19403, beta=0.189187]

Processing phenotype [ENSG00000213352.3] [94/361]
  * #variants in cis = 13
  * Best hit: [id=12_internal_9808, d=394764, pv=0.106133, s=-0.1243]
  * Beta parameters: [s1=1.02403, s2=14.6282]
  * Adjusted p-values: [emp=0.761194, beta=0.761373]

Processing phenotype [ENSG00000111110.6] [95/361]
  * #variants in cis = 13
  * Best hit: [id=12_internal_13239, d=0, pv=3.7342e-09, s=0.4283]
  * Beta parameters: [s1=1.17548, s2=10.3382]
  * Adjusted p-values: [emp=0.00497512, beta=5.15546e-08]

Processing phenotype [ENSG00000139239.6] [96/361]
  * #variants in cis = 13
  * Best hit: [id=12_internal_9808, d=184676, pv=0.0139823, s=-0.1936]
  * Beta parameters: [s1=0.870972, s2=13.0891]
  * Adjusted p-values: [emp=0.189055, beta=0.155111]

Processing phenotype [ENSG00000177990.7] [97/361]
  * #variants in cis = 8
  * Best hit: [id=12_internal_8625, d=-961040, pv=0.033115, s=0.1691]
  * Beta parameters: [s1=0.944742, s2=7.27079]
  * Adjusted p-values: [emp=0.20398, beta=0.20014]

Processing phenotype [ENSG00000118600.6] [98/361]
  * #variants in cis = 6
  * Best hit: [id=12_internal_8625, d=850176, pv=0.313002, s=0.0786]
  * Beta parameters: [s1=1.07485, s2=6.42854]
  * Adjusted p-values: [emp=0.900498, beta=0.907351]

Processing phenotype [ENSG00000249753.2] [99/361]
  * #variants in cis = 6
  * Best hit: [id=12_internal_9291, d=-933686, pv=0.0185482, s=-0.1851]
  * Maximum Likelihood estimation failed, use Moment Matching instead!
  * Beta parameters: [s1=1.00005, s2=5.32415]
  * Adjusted p-values: [emp=0.114428, beta=0.107018]

Processing phenotype [ENSG00000255642.1] [100/361]
  * #variants in cis = 6
  * Best hit: [id=12_internal_10172, d=760380, pv=0.130998, s=-0.1227]
  * Beta parameters: [s1=0.995718, s2=6.6428]
  * Adjusted p-values: [emp=0.562189, beta=0.560152]

Processing phenotype [ENSG00000255850.1] [101/361]
  * #variants in cis = 6
  * Best hit: [id=12_internal_9291, d=-907248, pv=0.0715124, s=0.1416]
  * Maximum Likelihood estimation failed, use Moment Matching instead!
  * Beta parameters: [s1=1.00005, s2=5.29061]
  * Adjusted p-values: [emp=0.39801, beta=0.393568]

Processing phenotype [ENSG00000196935.4] [102/361]
  * #variants in cis = 6
  * Best hit: [id=12_internal_10172, d=738108, pv=0.208825, s=0.1003]
  * Beta parameters: [s1=0.931738, s2=5.39106]
  * Adjusted p-values: [emp=0.721393, beta=0.732825]

Processing phenotype [ENSG00000242087.2] [103/361]
  * #variants in cis = 6
  * Best hit: [id=12_internal_8625, d=-757935, pv=0.204385, s=0.0977]
  * Beta parameters: [s1=1.0228, s2=5.58653]
  * Adjusted p-values: [emp=0.691542, beta=0.693792]

Processing phenotype [ENSG00000256571.1] [104/361]
  * #variants in cis = 6
  * Best hit: [id=12_internal_9291, d=850617, pv=0.0699079, s=0.1425]
  * Beta parameters: [s1=0.938551, s2=6.98388]
  * Adjusted p-values: [emp=0.383085, beta=0.389919]

Processing phenotype [ENSG00000256399.1] [105/361]
  * #variants in cis = 6
  * Best hit: [id=12_internal_8625, d=-741381, pv=0.0711915, s=0.1421]
  * Maximum Likelihood estimation failed, use Moment Matching instead!
  * Beta parameters: [s1=1.00005, s2=5.16362]
  * Adjusted p-values: [emp=0.328358, beta=0.34126]

Processing phenotype [ENSG00000255886.1] [106/361]
  * #variants in cis = 5
  * Best hit: [id=12_internal_8625, d=-532361, pv=0.138686, s=0.1192]
  * Maximum Likelihood estimation failed, use Moment Matching instead!
  * Beta parameters: [s1=1.00002, s2=5.35777]
  * Adjusted p-values: [emp=0.502488, beta=0.51296]

Processing phenotype [ENSG00000255817.1] [107/361]
  * #variants in cis = 5
  * Best hit: [id=12_internal_10015, d=-439298, pv=0.0347814, s=0.1658]
  * Maximum Likelihood estimation failed, use Moment Matching instead!
  * Beta parameters: [s1=0.999946, s2=4.32891]
  * Adjusted p-values: [emp=0.199005, beta=0.210586]

Processing phenotype [ENSG00000255629.1] [108/361]
  * #variants in cis = 5
  * Best hit: [id=12_internal_10172, d=-434544, pv=0.077224, s=0.1440]
  * Maximum Likelihood estimation failed, use Moment Matching instead!
  * Beta parameters: [s1=0.999999, s2=4.9107]
  * Adjusted p-values: [emp=0.323383, beta=0.326876]

Processing phenotype [ENSG00000174206.8] [109/361]
  * #variants in cis = 7
  * Best hit: [id=12_internal_10172, d=-360105, pv=0.126056, s=0.1221]
  * Beta parameters: [s1=0.976778, s2=7.2726]
  * Adjusted p-values: [emp=0.61194, beta=0.619018]

Processing phenotype [ENSG00000243024.2] [110/361]
  * #variants in cis = 7
  * Best hit: [id=12_internal_9808, d=-811179, pv=0.0331775, s=0.1740]
  * Beta parameters: [s1=0.945436, s2=7.33095]
  * Adjusted p-values: [emp=0.174129, beta=0.184261]

Processing phenotype [ENSG00000184575.7] [111/361]
  * #variants in cis = 7
  * Best hit: [id=12_internal_10309, d=776153, pv=0.0360137, s=-0.1681]
  * Beta parameters: [s1=1.04413, s2=7.37747]
  * Adjusted p-values: [emp=0.199005, beta=0.214149]

Processing phenotype [ENSG00000255566.1] [112/361]
  * #variants in cis = 6
  * Best hit: [id=12_internal_11110, d=-726771, pv=0.0641669, s=0.1480]
  * Beta parameters: [s1=1.08759, s2=6.1629]
  * Adjusted p-values: [emp=0.293532, beta=0.265532]

Processing phenotype [ENSG00000183735.5] [113/361]
  * #variants in cis = 6
  * Best hit: [id=12_internal_10172, d=130521, pv=0.0396146, s=-0.1628]
  * Beta parameters: [s1=0.928964, s2=6.5673]
  * Adjusted p-values: [emp=0.228856, beta=0.222322]

Processing phenotype [ENSG00000256670.1] [114/361]
  * #variants in cis = 7
  * Best hit: [id=12_internal_10015, d=39900, pv=0.0279914, s=0.1756]
  * Beta parameters: [s1=1.01583, s2=7.84905]
  * Adjusted p-values: [emp=0.139303, beta=0.168134]

Processing phenotype [ENSG00000153179.7] [115/361]
  * #variants in cis = 7
  * Best hit: [id=12_internal_8625, d=19466, pv=0.0894534, s=0.1359]
  * Beta parameters: [s1=0.917342, s2=5.96561]
  * Adjusted p-values: [emp=0.422886, beta=0.442078]

Processing phenotype [ENSG00000207546.1] [116/361]
  * #variants in cis = 7
  * Best hit: [id=12_internal_8625, d=7470, pv=0.217336, s=-0.1005]
  * Beta parameters: [s1=0.92846, s2=7.39722]
  * Adjusted p-values: [emp=0.825871, beta=0.820442]

Processing phenotype [ENSG00000225195.2] [117/361]
  * #variants in cis = 7
  * Best hit: [id=12_internal_11110, d=541757, pv=0.169511, s=-0.1120]
  * Beta parameters: [s1=1.04221, s2=6.35387]
  * Adjusted p-values: [emp=0.711443, beta=0.717776]

Processing phenotype [ENSG00000256314.1] [118/361]
  * #variants in cis = 7
  * Best hit: [id=12_internal_10015, d=85460, pv=0.0656184, s=0.1543]
  * Beta parameters: [s1=1.12611, s2=6.77239]
  * Adjusted p-values: [emp=0.343284, beta=0.335377]

Processing phenotype [ENSG00000268028.1] [119/361]
  * #variants in cis = 7
  * Best hit: [id=12_internal_10309, d=-483954, pv=0.0382109, s=0.1646]
  * Beta parameters: [s1=1.13299, s2=6.62781]
  * Adjusted p-values: [emp=0.223881, beta=0.231592]

Processing phenotype [ENSG00000135677.5] [120/361]
  * #variants in cis = 7
  * Best hit: [id=12_internal_9291, d=0, pv=0.0247934, s=0.1722]
  * Beta parameters: [s1=1.03465, s2=7.28197]
  * Adjusted p-values: [emp=0.199005, beta=0.175989]

Processing phenotype [ENSG00000111490.8] [121/361]
  * #variants in cis = 7
  * Best hit: [id=12_internal_9291, d=0, pv=1.73676e-06, s=0.3721]
  * Beta parameters: [s1=0.984867, s2=8.42481]
  * Adjusted p-values: [emp=0.00497512, beta=4.8645e-06]

Processing phenotype [ENSG00000243020.1] [122/361]
  * #variants in cis = 7
  * Best hit: [id=12_internal_9291, d=86123, pv=0.0198174, s=0.1765]
  * Beta parameters: [s1=1.12686, s2=6.4485]
  * Adjusted p-values: [emp=0.114428, beta=0.111655]

Processing phenotype [ENSG00000255693.1] [123/361]
  * #variants in cis = 8
  * Best hit: [id=12_internal_9291, d=-100818, pv=0.0341911, s=0.1662]
  * Beta parameters: [s1=1.01839, s2=7.18595]
  * Adjusted p-values: [emp=0.228856, beta=0.257382]

Processing phenotype [ENSG00000174106.2] [124/361]
  * #variants in cis = 10
  * Best hit: [id=12_internal_9291, d=-386995, pv=0.0333512, s=-0.1657]
  * Beta parameters: [s1=1.05477, s2=8.43021]
  * Adjusted p-values: [emp=0.333333, beta=0.337146]

Processing phenotype [ENSG00000174099.6] [125/361]
  * #variants in cis = 11
  * Best hit: [id=12_internal_10172, d=-668300, pv=0.0656989, s=0.1376]
  * Beta parameters: [s1=0.997874, s2=12.4108]
  * Adjusted p-values: [emp=0.572139, beta=0.571688]

Processing phenotype [ENSG00000250280.2] [126/361]
  * #variants in cis = 11
  * Best hit: [id=12_internal_9190, d=599670, pv=0.0607313, s=0.1534]
  * Beta parameters: [s1=0.957556, s2=12.8692]
  * Adjusted p-values: [emp=0.512438, beta=0.524228]

Processing phenotype [ENSG00000149948.9] [127/361]
  * #variants in cis = 8
  * Best hit: [id=12_internal_11038, d=302833, pv=0.02245, s=0.1822]
  * Beta parameters: [s1=1.04705, s2=7.27653]
  * Adjusted p-values: [emp=0.159204, beta=0.170232]

Processing phenotype [ENSG00000197301.3] [128/361]
  * #variants in cis = 8
  * Best hit: [id=12_internal_11038, d=-244797, pv=0.000710749, s=0.2780]
  * Beta parameters: [s1=1.0237, s2=9.24576]
  * Adjusted p-values: [emp=0.00995025, beta=0.00404039]

Processing phenotype [ENSG00000239335.4] [129/361]
  * #variants in cis = 9
  * Best hit: [id=12_internal_10012, d=-632480, pv=0.057107, s=-0.1477]
  * Beta parameters: [s1=1.02041, s2=9.15611]
  * Adjusted p-values: [emp=0.402985, beta=0.412672]

Processing phenotype [ENSG00000139233.2] [130/361]
  * #variants in cis = 9
  * Best hit: [id=12_internal_10012, d=632497, pv=0.14754, s=-0.1169]
  * Beta parameters: [s1=0.956653, s2=9.60904]
  * Adjusted p-values: [emp=0.726368, beta=0.742206]

Processing phenotype [ENSG00000228144.2] [131/361]
  * #variants in cis = 9
  * Best hit: [id=12_internal_10309, d=979908, pv=0.047208, s=-0.1609]
  * Beta parameters: [s1=1.0015, s2=7.92097]
  * Adjusted p-values: [emp=0.368159, beta=0.388809]

Processing phenotype [ENSG00000155957.11] [132/361]
  * #variants in cis = 9
  * Best hit: [id=12_internal_11038, d=0, pv=0.0289833, s=0.1771]
  * Beta parameters: [s1=0.950874, s2=9.25191]
  * Adjusted p-values: [emp=0.189055, beta=0.214575]

Processing phenotype [ENSG00000090376.4] [133/361]
  * #variants in cis = 9
  * Best hit: [id=12_internal_10773, d=189857, pv=0.16241, s=0.1124]
  * Beta parameters: [s1=1.15503, s2=9.45822]
  * Adjusted p-values: [emp=0.79602, beta=0.81652]

Processing phenotype [ENSG00000225422.3] [134/361]
  * #variants in cis = 7
  * Best hit: [id=12_internal_9935, d=-43074, pv=0.135944, s=0.1204]
  * Beta parameters: [s1=0.971832, s2=6.44372]
  * Adjusted p-values: [emp=0.606965, beta=0.618721]

Processing phenotype [ENSG00000266539.1] [135/361]
  * #variants in cis = 7
  * Best hit: [id=12_internal_8692, d=0, pv=0.0134898, s=0.1970]
  * Beta parameters: [s1=0.982075, s2=7.90302]
  * Adjusted p-values: [emp=0.079602, beta=0.0839318]

Processing phenotype [ENSG00000256072.1] [136/361]
  * #variants in cis = 7
  * Best hit: [id=12_internal_10773, d=-121302, pv=0.0911963, s=0.1345]
  * Beta parameters: [s1=0.951694, s2=7.06307]
  * Adjusted p-values: [emp=0.517413, beta=0.522016]

Processing phenotype [ENSG00000127311.5] [137/361]
  * #variants in cis = 7
  * Best hit: [id=12_internal_9935, d=0, pv=1.11271e-25, s=0.6927]
  * Beta parameters: [s1=0.903685, s2=6.64708]
  * Adjusted p-values: [emp=0.00497512, beta=7.10158e-23]

Processing phenotype [ENSG00000238528.1] [138/361]
  * #variants in cis = 7
  * Best hit: [id=12_internal_9935, d=-29513, pv=6.13382e-12, s=0.4889]
  * Beta parameters: [s1=0.943145, s2=8.02478]
  * Adjusted p-values: [emp=0.00497512, beta=1.6929e-12]

Processing phenotype [ENSG00000155974.7] [139/361]
  * #variants in cis = 6
  * Best hit: [id=12_internal_9935, d=487980, pv=1.46054e-14, s=0.5617]
  * Beta parameters: [s1=0.944667, s2=6.33599]
  * Adjusted p-values: [emp=0.00497512, beta=4.24863e-14]

Processing phenotype [ENSG00000111530.7] [140/361]
  * #variants in cis = 4
  * Best hit: [id=12_internal_9202, d=-198891, pv=0.0829316, s=-0.1332]
  * Maximum Likelihood estimation failed, use Moment Matching instead!
  * Beta parameters: [s1=1.00003, s2=4.2741]
  * Adjusted p-values: [emp=0.283582, beta=0.264512]

Processing phenotype [ENSG00000127334.10] [141/361]
  * #variants in cis = 3
  * Best hit: [id=12_internal_9353, d=708381, pv=0.150877, s=0.1149]
  * Maximum Likelihood estimation failed, use Moment Matching instead!
  * Beta parameters: [s1=0.999985, s2=3.71386]
  * Adjusted p-values: [emp=0.39801, beta=0.376306]

Processing phenotype [ENSG00000235872.2] [142/361]
  * #variants in cis = 3
  * Best hit: [id=12_internal_10589, d=-595288, pv=0.241926, s=0.0981]
  * Maximum Likelihood estimation failed, use Moment Matching instead!
  * Beta parameters: [s1=0.999976, s2=2.90483]
  * Adjusted p-values: [emp=0.532338, beta=0.558721]

Processing phenotype [ENSG00000255733.1] [143/361]
  * #variants in cis = 6
  * Best hit: [id=12_internal_10949, d=696516, pv=0.207556, s=0.1022]
  * Beta parameters: [s1=1.05976, s2=7.14755]
  * Adjusted p-values: [emp=0.791045, beta=0.791932]

Processing phenotype [ENSG00000111537.4] [144/361]
  * #variants in cis = 5
  * Best hit: [id=12_internal_10219, d=-623457, pv=0.0510674, s=0.1588]
  * Maximum Likelihood estimation failed, use Moment Matching instead!
  * Beta parameters: [s1=1.00004, s2=4.45938]
  * Adjusted p-values: [emp=0.223881, beta=0.221982]

Processing phenotype [ENSG00000111554.10] [145/361]
  * #variants in cis = 6
  * Best hit: [id=12_internal_10589, d=58239, pv=4.9279e-07, s=0.3891]
  * Beta parameters: [s1=0.95008, s2=6.1427]
  * Adjusted p-values: [emp=0.00497512, beta=6.32138e-06]

Processing phenotype [ENSG00000251301.2] [146/361]
  * #variants in cis = 6
  * Best hit: [id=12_internal_9353, d=39025, pv=0.0400241, s=0.1630]
  * Beta parameters: [s1=0.873109, s2=5.45215]
  * Adjusted p-values: [emp=0.228856, beta=0.219381]

Processing phenotype [ENSG00000127314.12] [147/361]
  * #variants in cis = 6
  * Best hit: [id=12_internal_9353, d=-198201, pv=7.88337e-05, s=0.2951]
  * Beta parameters: [s1=1.17474, s2=6.62075]
  * Adjusted p-values: [emp=0.00497512, beta=0.0002403]

Processing phenotype [ENSG00000234040.3] [148/361]
  * #variants in cis = 6
  * Best hit: [id=12_internal_9351, d=-323868, pv=0.00400889, s=0.2187]
  * Beta parameters: [s1=1.01223, s2=6.46851]
  * Adjusted p-values: [emp=0.0248756, beta=0.018554]

Processing phenotype [ENSG00000206650.1] [149/361]
  * #variants in cis = 6
  * Best hit: [id=12_internal_10949, d=-58586, pv=0.0318372, s=-0.1663]
  * Beta parameters: [s1=0.886341, s2=6.72038]
  * Adjusted p-values: [emp=0.174129, beta=0.16391]

Processing phenotype [ENSG00000234925.2] [150/361]
  * #variants in cis = 6
  * Best hit: [id=12_internal_10589, d=368851, pv=0.0903096, s=0.1320]
  * Beta parameters: [s1=0.950562, s2=5.95667]
  * Adjusted p-values: [emp=0.457711, beta=0.447289]

Processing phenotype [ENSG00000241825.2] [151/361]
  * #variants in cis = 6
  * Best hit: [id=12_internal_10589, d=-410453, pv=0.285598, s=-0.0862]
  * Maximum Likelihood estimation failed, use Moment Matching instead!
  * Beta parameters: [s1=0.999942, s2=5.06051]
  * Adjusted p-values: [emp=0.850746, beta=0.846583]

Processing phenotype [ENSG00000111581.5] [152/361]
  * #variants in cis = 6
  * Best hit: [id=12_internal_10219, d=96470, pv=0.0440194, s=0.1589]
  * Maximum Likelihood estimation failed, use Moment Matching instead!
  * Beta parameters: [s1=1.00002, s2=5.57758]
  * Adjusted p-values: [emp=0.233831, beta=0.225545]

Processing phenotype [ENSG00000247363.2] [153/361]
  * #variants in cis = 6
  * Best hit: [id=12_internal_10949, d=0, pv=0.0401557, s=0.1635]
  * Beta parameters: [s1=0.9997, s2=6.94947]
  * Adjusted p-values: [emp=0.18408, beta=0.186509]

Processing phenotype [ENSG00000233560.2] [154/361]
  * #variants in cis = 6
  * Best hit: [id=12_internal_10219, d=77570, pv=0.0557577, s=-0.1468]
  * Beta parameters: [s1=1.13883, s2=6.40667]
  * Adjusted p-values: [emp=0.288557, beta=0.287412]

Processing phenotype [ENSG00000175782.7] [155/361]
  * #variants in cis = 6
  * Best hit: [id=12_internal_10589, d=-471964, pv=0.196778, s=-0.1024]
  * Maximum Likelihood estimation failed, use Moment Matching instead!
  * Beta parameters: [s1=0.999964, s2=4.73519]
  * Adjusted p-values: [emp=0.716418, beta=0.712194]

Processing phenotype [ENSG00000251695.2] [156/361]
  * #variants in cis = 6
  * Best hit: [id=12_internal_10219, d=0, pv=0.0118024, s=0.1989]
  * Beta parameters: [s1=1.01888, s2=5.66683]
  * Adjusted p-values: [emp=0.0895522, beta=0.0796666]

Processing phenotype [ENSG00000256678.1] [157/361]
  * #variants in cis = 6
  * Best hit: [id=12_internal_10949, d=58278, pv=0.427852, s=0.0651]
  * Beta parameters: [s1=1.09429, s2=6.45709]
  * Adjusted p-values: [emp=0.970149, beta=0.973899]

Processing phenotype [ENSG00000135679.16] [158/361]
  * #variants in cis = 6
  * Best hit: [id=12_internal_10219, d=0, pv=0.000214331, s=0.2769]
  * Beta parameters: [s1=1.04887, s2=5.97177]
  * Adjusted p-values: [emp=0.00497512, beta=0.00122105]

Processing phenotype [ENSG00000256325.1] [159/361]
  * #variants in cis = 6
  * Best hit: [id=12_internal_9353, d=-415480, pv=0.0812183, s=0.1417]
  * Beta parameters: [s1=0.969269, s2=5.6169]
  * Adjusted p-values: [emp=0.402985, beta=0.414823]

Processing phenotype [ENSG00000256664.1] [160/361]
  * #variants in cis = 6
  * Best hit: [id=12_internal_10219, d=-25219, pv=0.000213036, s=0.2766]
  * Maximum Likelihood estimation failed, use Moment Matching instead!
  * Beta parameters: [s1=1.00003, s2=5.5155]
  * Adjusted p-values: [emp=0.00497512, beta=0.00151274]

Processing phenotype [ENSG00000257181.1] [161/361]
  * #variants in cis = 6
  * Best hit: [id=12_internal_10219, d=26510, pv=0.000154911, s=0.2904]
  * Beta parameters: [s1=1.06778, s2=5.95052]
  * Adjusted p-values: [emp=0.00497512, beta=0.00235494]

Processing phenotype [ENSG00000257289.1] [162/361]
  * #variants in cis = 7
  * Best hit: [id=12_internal_9351, d=37251, pv=0.0400275, s=0.1589]
  * Beta parameters: [s1=0.908192, s2=5.936]
  * Adjusted p-values: [emp=0.253731, beta=0.246257]

Processing phenotype [ENSG00000257336.1] [163/361]
  * #variants in cis = 7
  * Best hit: [id=12_internal_10949, d=210476, pv=0.157748, s=-0.1138]
  * Beta parameters: [s1=0.945304, s2=6.0274]
  * Adjusted p-values: [emp=0.666667, beta=0.666913]

Processing phenotype [ENSG00000135678.6] [164/361]
  * #variants in cis = 7
  * Best hit: [id=12_internal_9351, d=6602, pv=3.87243e-05, s=0.3231]
  * Beta parameters: [s1=1.05431, s2=6.68169]
  * Adjusted p-values: [emp=0.00497512, beta=0.000670296]

Processing phenotype [ENSG00000111605.12] [165/361]
  * #variants in cis = 7
  * Best hit: [id=12_internal_11147, d=50929, pv=0.0976236, s=0.1297]
  * Beta parameters: [s1=1.10041, s2=7.70476]
  * Adjusted p-values: [emp=0.522388, beta=0.50859]

Processing phenotype [ENSG00000257818.1] [166/361]
  * #variants in cis = 6
  * Best hit: [id=12_internal_11147, d=6069, pv=0.0611656, s=0.1475]
  * Beta parameters: [s1=0.86104, s2=6.0731]
  * Adjusted p-values: [emp=0.268657, beta=0.304395]

Processing phenotype [ENSG00000090382.2] [167/361]
  * #variants in cis = 6
  * Best hit: [id=12_internal_11147, d=0, pv=8.61792e-11, s=0.5005]
  * Beta parameters: [s1=1.06949, s2=6.26595]
  * Adjusted p-values: [emp=0.00497512, beta=6.0881e-10]

Processing phenotype [ENSG00000257764.1] [168/361]
  * #variants in cis = 6
  * Best hit: [id=12_internal_11147, d=0, pv=3.97236e-10, s=0.4883]
  * Beta parameters: [s1=1.07814, s2=6.52039]
  * Adjusted p-values: [emp=0.00497512, beta=1.07289e-09]

Processing phenotype [ENSG00000127337.2] [169/361]
  * #variants in cis = 6
  * Best hit: [id=12_internal_11147, d=0, pv=4.29302e-10, s=0.4870]
  * Beta parameters: [s1=1.00816, s2=5.54877]
  * Adjusted p-values: [emp=0.00497512, beta=6.31927e-09]

Processing phenotype [ENSG00000166225.4] [170/361]
  * #variants in cis = 5
  * Best hit: [id=12_internal_11147, d=-108132, pv=0.108072, s=0.1256]
  * Maximum Likelihood estimation failed, use Moment Matching instead!
  * Beta parameters: [s1=0.999994, s2=5.37272]
  * Adjusted p-values: [emp=0.502488, beta=0.507578]

Processing phenotype [ENSG00000166226.7] [171/361]
  * #variants in cis = 5
  * Best hit: [id=12_internal_10949, d=-838133, pv=0.395547, s=0.0682]
  * Maximum Likelihood estimation failed, use Moment Matching instead!
  * Beta parameters: [s1=0.999968, s2=4.93915]
  * Adjusted p-values: [emp=0.910448, beta=0.919325]

Processing phenotype [ENSG00000247131.1] [172/361]
  * #variants in cis = 5
  * Best hit: [id=12_internal_11147, d=376351, pv=0.187478, s=-0.1046]
  * Maximum Likelihood estimation failed, use Moment Matching instead!
  * Beta parameters: [s1=1.00005, s2=4.25142]
  * Adjusted p-values: [emp=0.631841, beta=0.630859]

Processing phenotype [ENSG00000127328.17] [173/361]
  * #variants in cis = 5
  * Best hit: [id=12_internal_9351, d=-773713, pv=0.181333, s=-0.1059]
  * Maximum Likelihood estimation failed, use Moment Matching instead!
  * Beta parameters: [s1=1.00001, s2=5.29727]
  * Adjusted p-values: [emp=0.666667, beta=0.653784]

Processing phenotype [ENSG00000258052.1] [174/361]
  * #variants in cis = 4
  * Best hit: [id=12_internal_10266, d=98864, pv=0.238409, s=-0.0962]
  * Maximum Likelihood estimation failed, use Moment Matching instead!
  * Beta parameters: [s1=1.00004, s2=4.94346]
  * Adjusted p-values: [emp=0.666667, beta=0.678627]

Processing phenotype [ENSG00000257613.1] [175/361]
  * #variants in cis = 2
  * Best hit: [id=12_internal_11147, d=859645, pv=0.178925, s=0.1071]
  * Maximum Likelihood estimation failed, use Moment Matching instead!
  * Beta parameters: [s1=0.999978, s2=1.80399]
  * Adjusted p-values: [emp=0.338308, beta=0.328719]

Processing phenotype [ENSG00000111596.7] [176/361]
  * #variants in cis = 2
  * Best hit: [id=12_internal_10266, d=-45398, pv=0.145275, s=0.1158]
  * Maximum Likelihood estimation failed, use Moment Matching instead!
  * Beta parameters: [s1=1, s2=2.08749]
  * Adjusted p-values: [emp=0.303483, beta=0.285723]

Processing phenotype [ENSG00000257815.1] [177/361]
  * #variants in cis = 2
  * Best hit: [id=12_internal_11147, d=881143, pv=0.523228, s=0.0511]
  * Maximum Likelihood estimation failed, use Moment Matching instead!
  * Beta parameters: [s1=1.00001, s2=2.02737]
  * Adjusted p-values: [emp=0.79602, beta=0.784763]

Processing phenotype [ENSG00000135643.4] [178/361]
  * #variants in cis = 1
  * Best hit: [id=12_internal_10266, d=-168680, pv=0.949713, s=0.0050]
  * Maximum Likelihood estimation failed, use Moment Matching instead!
  * Beta parameters: [s1=1.00001, s2=1.00414]
  * Adjusted p-values: [emp=0.940299, beta=0.952417]

Processing phenotype [ENSG00000127329.10] [179/361]
  * #variants in cis = 1
  * Best hit: [id=12_internal_10266, d=439844, pv=0.0967187, s=0.1353]
  * Maximum Likelihood estimation failed, use Moment Matching instead!
  * Beta parameters: [s1=0.999976, s2=1.01841]
  * Adjusted p-values: [emp=0.124378, beta=0.116986]

Processing phenotype [ENSG00000212461.1] [180/361]
  * #variants in cis = 0

Processing phenotype [ENSG00000173451.2] [181/361]
  * #variants in cis = 0

Processing phenotype [ENSG00000133858.11] [182/361]
  * #variants in cis = 0

Processing phenotype [ENSG00000258064.1] [183/361]
  * #variants in cis = 0

Processing phenotype [ENSG00000139291.8] [184/361]
  * #variants in cis = 0

Processing phenotype [ENSG00000257515.1] [185/361]
  * #variants in cis = 0

Processing phenotype [ENSG00000080371.4] [186/361]
  * #variants in cis = 0

Processing phenotype [ENSG00000257410.1] [187/361]
  * #variants in cis = 0

Processing phenotype [ENSG00000121749.11] [188/361]
  * #variants in cis = 0

Processing phenotype [ENSG00000257802.1] [189/361]
  * #variants in cis = 0

Processing phenotype [ENSG00000072657.4] [190/361]
  * #variants in cis = 0

Processing phenotype [ENSG00000236333.2] [191/361]
  * #variants in cis = 0

Processing phenotype [ENSG00000253719.2] [192/361]
  * #variants in cis = 2
  * Best hit: [id=12_internal_11543, d=971036, pv=0.42364, s=0.0617]
  * Maximum Likelihood estimation failed, use Moment Matching instead!
  * Beta parameters: [s1=0.999955, s2=2.14959]
  * Adjusted p-values: [emp=0.686567, beta=0.695454]

Processing phenotype [ENSG00000257386.1] [193/361]
  * #variants in cis = 2
  * Best hit: [id=12_internal_11543, d=-970174, pv=0.458646, s=0.0583]
  * Maximum Likelihood estimation failed, use Moment Matching instead!
  * Beta parameters: [s1=1.00001, s2=2.21364]
  * Adjusted p-values: [emp=0.721393, beta=0.714105]

Processing phenotype [ENSG00000173401.5] [194/361]
  * #variants in cis = 7
  * Best hit: [id=12_internal_9821, d=109272, pv=1.60847e-05, s=-0.3201]
  * Beta parameters: [s1=1.03828, s2=8.11275]
  * Adjusted p-values: [emp=0.00497512, beta=5.34214e-05]

Processing phenotype [ENSG00000180881.15] [195/361]
  * #variants in cis = 8
  * Best hit: [id=12_internal_9821, d=-52983, pv=8.25724e-11, s=-0.4965]
  * Beta parameters: [s1=1.0464, s2=7.75382]
  * Adjusted p-values: [emp=0.00497512, beta=5.26098e-10]

Processing phenotype [ENSG00000180481.6] [196/361]
  * #variants in cis = 8
  * Best hit: [id=12_internal_9821, d=52841, pv=9.3082e-10, s=0.4625]
  * Beta parameters: [s1=1.07593, s2=8.35976]
  * Adjusted p-values: [emp=0.00497512, beta=7.03032e-10]

Processing phenotype [ENSG00000139278.5] [197/361]
  * #variants in cis = 9
  * Best hit: [id=12_internal_9821, d=0, pv=5.36605e-12, s=0.5186]
  * Beta parameters: [s1=1.07112, s2=8.81282]
  * Adjusted p-values: [emp=0.00497512, beta=1.16019e-11]

Processing phenotype [ENSG00000257497.1] [198/361]
  * #variants in cis = 9
  * Best hit: [id=12_internal_9821, d=0, pv=0.00270619, s=0.2448]
  * Beta parameters: [s1=0.859223, s2=11.355]
  * Adjusted p-values: [emp=0.0298507, beta=0.0200765]

Processing phenotype [ENSG00000111615.8] [199/361]
  * #variants in cis = 9
  * Best hit: [id=12_internal_9821, d=17652, pv=6.2455e-12, s=0.5136]
  * Beta parameters: [s1=1.00826, s2=6.84316]
  * Adjusted p-values: [emp=0.00497512, beta=1.58459e-10]

Processing phenotype [ENSG00000257453.1] [200/361]
  * #variants in cis = 10
  * Best hit: [id=12_internal_11543, d=-95359, pv=0.00667957, s=0.2120]
  * Beta parameters: [s1=1.09136, s2=8.87928]
  * Adjusted p-values: [emp=0.0696517, beta=0.0639486]

Processing phenotype [ENSG00000257839.1] [201/361]
  * #variants in cis = 10
  * Best hit: [id=12_internal_12696, d=-5363, pv=0.000621437, s=0.2698]
  * Beta parameters: [s1=0.901123, s2=9.42311]
  * Adjusted p-values: [emp=0.0149254, beta=0.00876643]

Processing phenotype [ENSG00000139289.8] [202/361]
  * #variants in cis = 10
  * Best hit: [id=12_internal_11543, d=98797, pv=0.00537323, s=0.2179]
  * Beta parameters: [s1=1.03771, s2=8.52244]
  * Adjusted p-values: [emp=0.079602, beta=0.0722773]

Processing phenotype [ENSG00000257941.1] [203/361]
  * #variants in cis = 10
  * Best hit: [id=12_internal_9992, d=683098, pv=0.00152825, s=0.2420]
  * Beta parameters: [s1=0.94752, s2=8.63062]
  * Adjusted p-values: [emp=0.0149254, beta=0.0145498]

Processing phenotype [ENSG00000187109.8] [204/361]
  * #variants in cis = 11
  * Best hit: [id=12_internal_9992, d=-655603, pv=8.01622e-08, s=0.4111]
  * Beta parameters: [s1=1.04777, s2=8.78336]
  * Adjusted p-values: [emp=0.00497512, beta=5.19975e-06]

Processing phenotype [ENSG00000179941.5] [205/361]
  * #variants in cis = 11
  * Best hit: [id=12_internal_14333, d=-94737, pv=1.06065e-08, s=0.4206]
  * Beta parameters: [s1=0.88418, s2=11.7384]
  * Adjusted p-values: [emp=0.00497512, beta=4.43742e-07]

Processing phenotype [ENSG00000091039.12] [206/361]
  * #variants in cis = 10
  * Best hit: [id=12_internal_14333, d=0, pv=2.39298e-15, s=0.5625]
  * Beta parameters: [s1=0.857603, s2=13.2165]
  * Adjusted p-values: [emp=0.00497512, beta=4.29622e-15]

Processing phenotype [ENSG00000257526.1] [207/361]
  * #variants in cis = 10
  * Best hit: [id=12_internal_14333, d=0, pv=5.52194e-09, s=0.4405]
  * Beta parameters: [s1=0.892247, s2=9.7948]
  * Adjusted p-values: [emp=0.00497512, beta=1.44646e-07]

Processing phenotype [ENSG00000186908.10] [208/361]
  * #variants in cis = 10
  * Best hit: [id=12_internal_9992, d=0, pv=9.17925e-14, s=0.5255]
  * Beta parameters: [s1=0.997851, s2=9.8584]
  * Adjusted p-values: [emp=0.00497512, beta=9.85459e-13]

Processing phenotype [ENSG00000257445.1] [209/361]
  * #variants in cis = 10
  * Best hit: [id=12_internal_9646, d=-700891, pv=0.204476, s=0.1016]
  * Beta parameters: [s1=0.89566, s2=8.83454]
  * Adjusted p-values: [emp=0.905473, beta=0.882141]

Processing phenotype [ENSG00000175183.5] [210/361]
  * #variants in cis = 10
  * Best hit: [id=12_internal_14333, d=256572, pv=0.00468202, s=0.2130]
  * Beta parameters: [s1=1.10329, s2=8.70228]
  * Adjusted p-values: [emp=0.0447761, beta=0.036898]

Processing phenotype [ENSG00000165891.11] [211/361]
  * #variants in cis = 8
  * Best hit: [id=12_internal_12762, d=0, pv=0.0739512, s=0.1400]
  * Beta parameters: [s1=0.85757, s2=6.63867]
  * Adjusted p-values: [emp=0.457711, beta=0.460455]

Processing phenotype [ENSG00000067798.9] [212/361]
  * #variants in cis = 2
  * Best hit: [id=12_internal_9170, d=166294, pv=0.000646906, s=0.2708]
  * Maximum Likelihood estimation failed, use Moment Matching instead!
  * Beta parameters: [s1=1.00002, s2=2.01427]
  * Adjusted p-values: [emp=0.00497512, beta=0.000652814]

Processing phenotype [ENSG00000067715.9] [213/361]
  * #variants in cis = 1
  * Best hit: [id=12_internal_9170, d=-828991, pv=0.11046, s=0.1320]
  * Maximum Likelihood estimation failed, use Moment Matching instead!
  * Beta parameters: [s1=0.999993, s2=0.960894]
  * Adjusted p-values: [emp=0.0845771, beta=0.0832943]

Processing phenotype [ENSG00000258048.1] [214/361]
  * #variants in cis = 0

Processing phenotype [ENSG00000177425.6] [215/361]
  * #variants in cis = 0

Processing phenotype [ENSG00000269531.1] [216/361]
  * #variants in cis = 0

Processing phenotype [ENSG00000258044.1] [217/361]
  * #variants in cis = 0

Processing phenotype [ENSG00000201942.1] [218/361]
  * #variants in cis = 0

Processing phenotype [ENSG00000257557.1] [219/361]
  * #variants in cis = 0

Processing phenotype [ENSG00000058272.11] [220/361]
  * #variants in cis = 0

Processing phenotype [ENSG00000257741.1] [221/361]
  * #variants in cis = 1
  * Best hit: [id=12_internal_12826, d=995166, pv=0.604223, s=0.0402]
  * Maximum Likelihood estimation failed, use Moment Matching instead!
  * Beta parameters: [s1=0.999974, s2=1.08001]
  * Adjusted p-values: [emp=0.621891, beta=0.651527]

Processing phenotype [ENSG00000207763.1] [222/361]
  * #variants in cis = 1
  * Best hit: [id=12_internal_12826, d=-925691, pv=0.0144789, s=0.1941]
  * Maximum Likelihood estimation failed, use Moment Matching instead!
  * Beta parameters: [s1=1.00002, s2=1.20335]
  * Adjusted p-values: [emp=0.0199005, beta=0.0143121]

Processing phenotype [ENSG00000258215.1] [223/361]
  * #variants in cis = 1
  * Best hit: [id=12_internal_12826, d=-896812, pv=0.0617498, s=0.1554]
  * Maximum Likelihood estimation failed, use Moment Matching instead!
  * Beta parameters: [s1=0.999959, s2=0.894838]
  * Adjusted p-values: [emp=0.0547264, beta=0.0690122]

Processing phenotype [ENSG00000208022.1] [224/361]
  * #variants in cis = 1
  * Best hit: [id=12_internal_12826, d=-822487, pv=0.546668, s=0.0492]
  * Maximum Likelihood estimation failed, use Moment Matching instead!
  * Beta parameters: [s1=1.00001, s2=1.06316]
  * Adjusted p-values: [emp=0.587065, beta=0.596143]

Processing phenotype [ENSG00000111058.3] [225/361]
  * #variants in cis = 1
  * Best hit: [id=12_internal_12826, d=820505, pv=0.142021, s=0.1173]
  * Maximum Likelihood estimation failed, use Moment Matching instead!
  * Beta parameters: [s1=1.00002, s2=1.04945]
  * Adjusted p-values: [emp=0.114428, beta=0.141945]

Processing phenotype [ENSG00000111052.3] [226/361]
  * #variants in cis = 1
  * Best hit: [id=12_internal_12826, d=-820395, pv=0.0438513, s=0.1645]
  * Maximum Likelihood estimation failed, use Moment Matching instead!
  * Beta parameters: [s1=1.00002, s2=0.950419]
  * Adjusted p-values: [emp=0.079602, beta=0.0539786]

Processing phenotype [ENSG00000127720.3] [227/361]
  * #variants in cis = 2
  * Best hit: [id=12_internal_12826, d=-325355, pv=0.48626, s=-0.0542]
  * Maximum Likelihood estimation failed, use Moment Matching instead!
  * Beta parameters: [s1=1.00003, s2=1.55707]
  * Adjusted p-values: [emp=0.666667, beta=0.673201]

Processing phenotype [ENSG00000133773.7] [228/361]
  * #variants in cis = 2
  * Best hit: [id=12_internal_12729, d=-323296, pv=0.355401, s=-0.0735]
  * Maximum Likelihood estimation failed, use Moment Matching instead!
  * Beta parameters: [s1=1.00001, s2=2.21531]
  * Adjusted p-values: [emp=0.641791, beta=0.634615]

Processing phenotype [ENSG00000257875.1] [229/361]
  * #variants in cis = 2
  * Best hit: [id=12_internal_12729, d=213645, pv=0.130166, s=-0.1218]
  * Maximum Likelihood estimation failed, use Moment Matching instead!
  * Beta parameters: [s1=0.999959, s2=1.96033]
  * Adjusted p-values: [emp=0.238806, beta=0.224228]

Processing phenotype [ENSG00000179104.3] [230/361]
  * #variants in cis = 2
  * Best hit: [id=12_internal_12729, d=0, pv=0.0250533, s=0.1784]
  * Maximum Likelihood estimation failed, use Moment Matching instead!
  * Beta parameters: [s1=0.999959, s2=1.99903]
  * Adjusted p-values: [emp=0.0447761, beta=0.0525236]

Processing phenotype [ENSG00000252220.1] [231/361]
  * #variants in cis = 2
  * Best hit: [id=12_internal_12729, d=0, pv=0.376776, s=0.0713]
  * Maximum Likelihood estimation failed, use Moment Matching instead!
  * Beta parameters: [s1=0.999994, s2=2.24691]
  * Adjusted p-values: [emp=0.636816, beta=0.634803]

Processing phenotype [ENSG00000133641.11] [232/361]
  * #variants in cis = 1
  * Best hit: [id=12_internal_9827, d=398448, pv=0.712964, s=0.0300]
  * Maximum Likelihood estimation failed, use Moment Matching instead!
  * Beta parameters: [s1=1.00002, s2=1.01785]
  * Adjusted p-values: [emp=0.736318, beta=0.72185]

Processing phenotype [ENSG00000257752.1] [233/361]
  * #variants in cis = 2
  * Best hit: [id=12_internal_13062, d=-992468, pv=0.150897, s=-0.1129]
  * Maximum Likelihood estimation failed, use Moment Matching instead!
  * Beta parameters: [s1=1.00001, s2=2.2468]
  * Adjusted p-values: [emp=0.243781, beta=0.248556]

Processing phenotype [ENSG00000198707.8] [234/361]
  * #variants in cis = 2
  * Best hit: [id=12_internal_9827, d=-290078, pv=0.108667, s=0.1251]
  * Maximum Likelihood estimation failed, use Moment Matching instead!
  * Beta parameters: [s1=1, s2=2.47091]
  * Adjusted p-values: [emp=0.169154, beta=0.166179]

Processing phenotype [ENSG00000139324.7] [235/361]
  * #variants in cis = 2
  * Best hit: [id=12_internal_13062, d=908750, pv=0.158232, s=0.1133]
  * Maximum Likelihood estimation failed, use Moment Matching instead!
  * Beta parameters: [s1=1.00002, s2=2.15707]
  * Adjusted p-values: [emp=0.298507, beta=0.298332]

Processing phenotype [ENSG00000049130.8] [236/361]
  * #variants in cis = 7
  * Best hit: [id=12_internal_9827, d=0, pv=0.00409601, s=0.2310]
  * Beta parameters: [s1=0.971499, s2=7.99305]
  * Adjusted p-values: [emp=0.0298507, beta=0.0333935]

Processing phenotype [ENSG00000246363.2] [237/361]
  * #variants in cis = 11
  * Best hit: [id=12_internal_9458, d=-159150, pv=0.140433, s=0.1162]
  * Beta parameters: [s1=1.0374, s2=10.8647]
  * Adjusted p-values: [emp=0.800995, beta=0.797327]

Processing phenotype [ENSG00000257156.1] [238/361]
  * #variants in cis = 11
  * Best hit: [id=12_internal_9458, d=102427, pv=0.0284084, s=0.1740]
  * Beta parameters: [s1=0.949093, s2=11.3039]
  * Adjusted p-values: [emp=0.243781, beta=0.239288]

Processing phenotype [ENSG00000139318.6] [239/361]
  * #variants in cis = 11
  * Best hit: [id=12_internal_9458, d=146145, pv=0.0106661, s=0.2082]
  * Beta parameters: [s1=1.01357, s2=11.1864]
  * Adjusted p-values: [emp=0.109453, beta=0.10296]

Processing phenotype [ENSG00000226982.4] [240/361]
  * #variants in cis = 11
  * Best hit: [id=12_internal_13062, d=-164164, pv=0.199528, s=0.1031]
  * Beta parameters: [s1=0.969716, s2=10.8124]
  * Adjusted p-values: [emp=0.925373, beta=0.910784]

Processing phenotype [ENSG00000257594.1] [241/361]
  * #variants in cis = 11
  * Best hit: [id=12_internal_9458, d=317680, pv=0.0172335, s=0.1938]
  * Beta parameters: [s1=1.02149, s2=9.40624]
  * Adjusted p-values: [emp=0.159204, beta=0.167063]

Processing phenotype [ENSG00000139323.9] [242/361]
  * #variants in cis = 11
  * Best hit: [id=12_internal_9458, d=318898, pv=0.0210765, s=0.1874]
  * Beta parameters: [s1=1.03216, s2=10.3234]
  * Adjusted p-values: [emp=0.223881, beta=0.229744]

Processing phenotype [ENSG00000259075.1] [243/361]
  * #variants in cis = 11
  * Best hit: [id=12_internal_9458, d=319136, pv=0.0301265, s=0.1777]
  * Beta parameters: [s1=1.00543, s2=9.48837]
  * Adjusted p-values: [emp=0.323383, beta=0.297586]

Processing phenotype [ENSG00000258302.1] [244/361]
  * #variants in cis = 11
  * Best hit: [id=12_internal_10011, d=130275, pv=0.0973828, s=0.1352]
  * Beta parameters: [s1=1.04636, s2=10.7431]
  * Adjusted p-values: [emp=0.696517, beta=0.669851]

Processing phenotype [ENSG00000266347.1] [245/361]
  * #variants in cis = 11
  * Best hit: [id=12_internal_10590, d=-138084, pv=0.0920883, s=0.1366]
  * Beta parameters: [s1=0.972357, s2=10.6849]
  * Adjusted p-values: [emp=0.59204, beta=0.595686]

Processing phenotype [ENSG00000070961.10] [246/361]
  * #variants in cis = 10
  * Best hit: [id=12_internal_8759, d=0, pv=0.00228279, s=0.2373]
  * Beta parameters: [s1=1.08462, s2=9.75876]
  * Adjusted p-values: [emp=0.0149254, beta=0.0159228]

Processing phenotype [ENSG00000257725.1] [247/361]
  * #variants in cis = 10
  * Best hit: [id=12_internal_13062, d=-611764, pv=0.00650707, s=-0.2186]
  * Beta parameters: [s1=0.980792, s2=8.02168]
  * Adjusted p-values: [emp=0.0845771, beta=0.0758254]

Processing phenotype [ENSG00000257242.1] [248/361]
  * #variants in cis = 9
  * Best hit: [id=12_internal_8863, d=25530, pv=2.59064e-07, s=0.3999]
  * Beta parameters: [s1=0.963111, s2=8.1043]
  * Adjusted p-values: [emp=0.00497512, beta=7.12308e-06]

Processing phenotype [ENSG00000257922.1] [249/361]
  * #variants in cis = 9
  * Best hit: [id=12_internal_8863, d=27849, pv=6.09793e-06, s=0.3380]
  * Beta parameters: [s1=1.26963, s2=8.54577]
  * Adjusted p-values: [emp=0.00497512, beta=5.25006e-05]

Processing phenotype [ENSG00000245904.2] [250/361]
  * #variants in cis = 9
  * Best hit: [id=12_internal_8863, d=-28189, pv=1.72316e-06, s=0.3756]
  * Beta parameters: [s1=1.06594, s2=9.88242]
  * Adjusted p-values: [emp=0.00497512, beta=5.65309e-06]

Processing phenotype [ENSG00000133639.3] [251/361]
  * #variants in cis = 9
  * Best hit: [id=12_internal_8863, d=28513, pv=2.53021e-07, s=0.3957]
  * Beta parameters: [s1=0.881096, s2=11.4627]
  * Adjusted p-values: [emp=0.00497512, beta=1.42824e-06]

Processing phenotype [ENSG00000205056.7] [252/361]
  * #variants in cis = 10
  * Best hit: [id=12_internal_10560, d=623225, pv=0.0198757, s=0.1805]
  * Beta parameters: [s1=1.01149, s2=13.6989]
  * Adjusted p-values: [emp=0.124378, beta=0.131138]

Processing phenotype [ENSG00000187510.3] [253/361]
  * #variants in cis = 10
  * Best hit: [id=12_internal_9263, d=391220, pv=0.274407, s=-0.0886]
  * Beta parameters: [s1=0.949104, s2=12.4274]
  * Adjusted p-values: [emp=0.9801, beta=0.973721]

Processing phenotype [ENSG00000258012.1] [254/361]
  * #variants in cis = 10
  * Best hit: [id=12_internal_8863, d=-740695, pv=0.136593, s=-0.1165]
  * Beta parameters: [s1=1.08706, s2=9.48308]
  * Adjusted p-values: [emp=0.810945, beta=0.779154]

Processing phenotype [ENSG00000257195.1] [255/361]
  * #variants in cis = 10
  * Best hit: [id=12_internal_9572, d=-103465, pv=0.0134379, s=-0.1933]
  * Beta parameters: [s1=0.985307, s2=11.2137]
  * Adjusted p-values: [emp=0.0895522, beta=0.101951]

Processing phenotype [ENSG00000102189.12] [256/361]
  * #variants in cis = 10
  * Best hit: [id=12_internal_12136, d=26993, pv=0.000423944, s=0.2791]
  * Beta parameters: [s1=0.977094, s2=12.7733]
  * Adjusted p-values: [emp=0.00995025, beta=0.00285637]

Processing phenotype [ENSG00000257322.1] [257/361]
  * #variants in cis = 13
  * Best hit: [id=12_internal_10560, d=119509, pv=0.0151851, s=0.1874]
  * Beta parameters: [s1=0.972959, s2=12.3453]
  * Adjusted p-values: [emp=0.19403, beta=0.189191]

Processing phenotype [ENSG00000173598.9] [258/361]
  * #variants in cis = 13
  * Best hit: [id=12_internal_9569, d=-131528, pv=0.000666178, s=0.2591]
  * Beta parameters: [s1=1.05653, s2=15.4353]
  * Adjusted p-values: [emp=0.00995025, beta=0.00766043]

Processing phenotype [ENSG00000177889.5] [259/361]
  * #variants in cis = 13
  * Best hit: [id=12_internal_9311, d=195298, pv=0.067226, s=-0.1424]
  * Beta parameters: [s1=0.918106, s2=13.3184]
  * Adjusted p-values: [emp=0.567164, beta=0.5794]

Processing phenotype [ENSG00000198015.7] [260/361]
  * #variants in cis = 13
  * Best hit: [id=12_internal_9806, d=0, pv=0.00719616, s=0.2096]
  * Beta parameters: [s1=0.985685, s2=14.2754]
  * Adjusted p-values: [emp=0.079602, beta=0.101273]

Processing phenotype [ENSG00000243015.2] [261/361]
  * #variants in cis = 13
  * Best hit: [id=12_internal_9806, d=0, pv=0.00472281, s=0.2248]
  * Beta parameters: [s1=0.923618, s2=13.3943]
  * Adjusted p-values: [emp=0.0447761, beta=0.0529111]

Processing phenotype [ENSG00000120833.9] [262/361]
  * #variants in cis = 13
  * Best hit: [id=12_internal_9352, d=580059, pv=0.0121665, s=0.1959]
  * Beta parameters: [s1=1.02955, s2=13.8964]
  * Adjusted p-values: [emp=0.164179, beta=0.153206]

Processing phenotype [ENSG00000169372.7] [263/361]
  * #variants in cis = 15
  * Best hit: [id=12_internal_9136, d=490786, pv=0.213638, s=0.0974]
  * Beta parameters: [s1=1.07998, s2=13.9296]
  * Adjusted p-values: [emp=0.975124, beta=0.971813]

Processing phenotype [ENSG00000258274.1] [264/361]
  * #variants in cis = 15
  * Best hit: [id=12_internal_9569, d=491468, pv=0.171033, s=-0.1122]
  * Beta parameters: [s1=1.09253, s2=14.9318]
  * Adjusted p-values: [emp=0.920398, beta=0.944722]

Processing phenotype [ENSG00000257196.1] [265/361]
  * #variants in cis = 16
  * Best hit: [id=12_internal_10040, d=806201, pv=0.0229991, s=0.1778]
  * Beta parameters: [s1=0.960263, s2=15.3975]
  * Adjusted p-values: [emp=0.363184, beta=0.363521]

Processing phenotype [ENSG00000264978.1] [266/361]
  * #variants in cis = 16
  * Best hit: [id=12_internal_13518, d=930701, pv=0.0282821, s=0.1751]
  * Beta parameters: [s1=1.00234, s2=13.3638]
  * Adjusted p-values: [emp=0.368159, beta=0.370704]

Processing phenotype [ENSG00000258303.1] [267/361]
  * #variants in cis = 16
  * Best hit: [id=12_internal_9806, d=-305344, pv=0.0426597, s=-0.1638]
  * Beta parameters: [s1=1.0646, s2=13.857]
  * Adjusted p-values: [emp=0.462687, beta=0.461783]

Processing phenotype [ENSG00000257283.1] [268/361]
  * #variants in cis = 15
  * Best hit: [id=12_internal_10437, d=-659069, pv=0.0480723, s=-0.1473]
  * Beta parameters: [s1=0.972883, s2=19.9349]
  * Adjusted p-values: [emp=0.547264, beta=0.525004]

Processing phenotype [ENSG00000136040.4] [269/361]
  * #variants in cis = 13
  * Best hit: [id=12_internal_10988, d=-9171, pv=2.42618e-05, s=0.3260]
  * Beta parameters: [s1=0.924766, s2=10.8916]
  * Adjusted p-values: [emp=0.00497512, beta=0.000680127]

Processing phenotype [ENSG00000258035.1] [270/361]
  * #variants in cis = 13
  * Best hit: [id=12_internal_10018, d=32863, pv=0.00827242, s=0.2026]
  * Beta parameters: [s1=1.10959, s2=10.057]
  * Adjusted p-values: [emp=0.124378, beta=0.110714]

Processing phenotype [ENSG00000258172.1] [271/361]
  * #variants in cis = 11
  * Best hit: [id=12_internal_10150, d=128621, pv=0.0255328, s=0.1734]
  * Beta parameters: [s1=0.91901, s2=10.7816]
  * Adjusted p-values: [emp=0.218905, beta=0.222737]

Processing phenotype [ENSG00000258365.1] [272/361]
  * #variants in cis = 11
  * Best hit: [id=12_internal_10150, d=134270, pv=0.0115716, s=0.1963]
  * Beta parameters: [s1=0.969753, s2=9.36176]
  * Adjusted p-values: [emp=0.144279, beta=0.141291]

Processing phenotype [ENSG00000244391.2] [273/361]
  * #variants in cis = 11
  * Best hit: [id=12_internal_9352, d=-150719, pv=0.0865785, s=0.1419]
  * Beta parameters: [s1=0.997812, s2=11.9446]
  * Adjusted p-values: [emp=0.626866, beta=0.61356]

Processing phenotype [ENSG00000213250.5] [274/361]
  * #variants in cis = 11
  * Best hit: [id=12_internal_10988, d=285417, pv=0.0305931, s=-0.1699]
  * Beta parameters: [s1=0.993451, s2=11.9861]
  * Adjusted p-values: [emp=0.273632, beta=0.288313]

Processing phenotype [ENSG00000173588.9] [275/361]
  * #variants in cis = 11
  * Best hit: [id=12_internal_10988, d=320436, pv=0.000173621, s=0.3054]
  * Beta parameters: [s1=0.993607, s2=12.8169]
  * Adjusted p-values: [emp=0.00497512, beta=0.000970021]

Processing phenotype [ENSG00000258357.1] [276/361]
  * #variants in cis = 11
  * Best hit: [id=12_internal_9136, d=311255, pv=0.0525065, s=-0.1558]
  * Beta parameters: [s1=1.03514, s2=11.261]
  * Adjusted p-values: [emp=0.412935, beta=0.414739]

Processing phenotype [ENSG00000236349.1] [277/361]
  * #variants in cis = 10
  * Best hit: [id=12_internal_13518, d=213536, pv=0.0106148, s=0.1984]
  * Beta parameters: [s1=0.964821, s2=9.96556]
  * Adjusted p-values: [emp=0.104478, beta=0.102208]

Processing phenotype [ENSG00000257847.1] [278/361]
  * #variants in cis = 10
  * Best hit: [id=12_internal_10437, d=11851, pv=2.9968e-05, s=0.3247]
  * Beta parameters: [s1=0.973965, s2=10.0164]
  * Adjusted p-values: [emp=0.00497512, beta=0.000267129]

Processing phenotype [ENSG00000057704.6] [279/361]
  * #variants in cis = 10
  * Best hit: [id=12_internal_10437, d=0, pv=1.84767e-12, s=0.5236]
  * Beta parameters: [s1=0.948604, s2=10.5204]
  * Adjusted p-values: [emp=0.00497512, beta=5.07834e-12]

Processing phenotype [ENSG00000184752.8] [280/361]
  * #variants in cis = 10
  * Best hit: [id=12_internal_9069, d=196616, pv=0.00667911, s=0.2154]
  * Beta parameters: [s1=1.02018, s2=11.8055]
  * Adjusted p-values: [emp=0.0696517, beta=0.0625233]

Processing phenotype [ENSG00000120798.11] [281/361]
  * #variants in cis = 10
  * Best hit: [id=12_internal_10150, d=925129, pv=0.0738802, s=-0.1468]
  * Beta parameters: [s1=1.14587, s2=8.97942]
  * Adjusted p-values: [emp=0.572139, beta=0.529775]

Processing phenotype [ENSG00000257121.1] [282/361]
  * #variants in cis = 11
  * Best hit: [id=12_internal_10018, d=-947350, pv=0.0332155, s=-0.1593]
  * Beta parameters: [s1=1.14983, s2=8.88462]
  * Adjusted p-values: [emp=0.348259, beta=0.341288]

Processing phenotype [ENSG00000237774.3] [283/361]
  * #variants in cis = 11
  * Best hit: [id=12_internal_10150, d=-977186, pv=0.0552498, s=-0.1483]
  * Beta parameters: [s1=0.982606, s2=10.1075]
  * Adjusted p-values: [emp=0.472637, beta=0.444311]

Processing phenotype [ENSG00000180263.9] [284/361]
  * #variants in cis = 5
  * Best hit: [id=12_internal_10040, d=538837, pv=0.442887, s=-0.0610]
  * Maximum Likelihood estimation failed, use Moment Matching instead!
  * Beta parameters: [s1=1.00002, s2=5.0485]
  * Adjusted p-values: [emp=0.950249, beta=0.938889]

Processing phenotype [ENSG00000028203.13] [285/361]
  * #variants in cis = 5
  * Best hit: [id=12_internal_13518, d=-382944, pv=0.00439574, s=0.2296]
  * Maximum Likelihood estimation failed, use Moment Matching instead!
  * Beta parameters: [s1=1.00001, s2=4.52223]
  * Adjusted p-values: [emp=0.0298507, beta=0.0193502]

Processing phenotype [ENSG00000257666.1] [286/361]
  * #variants in cis = 6
  * Best hit: [id=12_internal_10437, d=595809, pv=0.00960346, s=-0.2123]
  * Beta parameters: [s1=0.913159, s2=6.19742]
  * Adjusted p-values: [emp=0.079602, beta=0.0610446]

Processing phenotype [ENSG00000212535.1] [287/361]
  * #variants in cis = 6
  * Best hit: [id=12_internal_10040, d=-612047, pv=0.139257, s=-0.1182]
  * Beta parameters: [s1=0.954929, s2=5.78594]
  * Adjusted p-values: [emp=0.517413, beta=0.505424]

Processing phenotype [ENSG00000111142.9] [288/361]
  * #variants in cis = 7
  * Best hit: [id=12_internal_10040, d=-794875, pv=0.18173, s=-0.1063]
  * Beta parameters: [s1=0.985606, s2=6.6696]
  * Adjusted p-values: [emp=0.686567, beta=0.702726]

Processing phenotype [ENSG00000136014.7] [289/361]
  * #variants in cis = 7
  * Best hit: [id=12_internal_12169, d=-855540, pv=0.0567894, s=0.1565]
  * Beta parameters: [s1=1.01189, s2=6.01854]
  * Adjusted p-values: [emp=0.283582, beta=0.297706]

Processing phenotype [ENSG00000139343.6] [290/361]
  * #variants in cis = 3
  * Best hit: [id=12_internal_12169, d=548100, pv=0.142943, s=0.1138]
  * Maximum Likelihood estimation failed, use Moment Matching instead!
  * Beta parameters: [s1=0.999995, s2=2.86877]
  * Adjusted p-values: [emp=0.338308, beta=0.334211]

Processing phenotype [ENSG00000165972.8] [291/361]
  * #variants in cis = 4
  * Best hit: [id=12_internal_11997, d=-150337, pv=0.0592257, s=-0.1532]
  * Maximum Likelihood estimation failed, use Moment Matching instead!
  * Beta parameters: [s1=1.00005, s2=3.28616]
  * Adjusted p-values: [emp=0.21393, beta=0.211193]

Processing phenotype [ENSG00000139344.3] [292/361]
  * #variants in cis = 4
  * Best hit: [id=12_internal_8580, d=279986, pv=0.073305, s=0.1428]
  * Maximum Likelihood estimation failed, use Moment Matching instead!
  * Beta parameters: [s1=1.00006, s2=3.66439]
  * Adjusted p-values: [emp=0.278607, beta=0.284612]

Processing phenotype [ENSG00000084110.6] [293/361]
  * #variants in cis = 4
  * Best hit: [id=12_internal_12169, d=-410663, pv=0.0904327, s=0.1299]
  * Maximum Likelihood estimation failed, use Moment Matching instead!
  * Beta parameters: [s1=1.00007, s2=3.38787]
  * Adjusted p-values: [emp=0.353234, beta=0.340872]

Processing phenotype [ENSG00000257878.1] [294/361]
  * #variants in cis = 4
  * Best hit: [id=12_internal_11997, d=96790, pv=0.0549549, s=0.1474]
  * Maximum Likelihood estimation failed, use Moment Matching instead!
  * Beta parameters: [s1=1.00001, s2=3.47932]
  * Adjusted p-values: [emp=0.243781, beta=0.229962]

Processing phenotype [ENSG00000257715.1] [295/361]
  * #variants in cis = 4
  * Best hit: [id=12_internal_8580, d=197956, pv=0.285076, s=0.0836]
  * Maximum Likelihood estimation failed, use Moment Matching instead!
  * Beta parameters: [s1=0.999993, s2=4.35447]
  * Adjusted p-values: [emp=0.726368, beta=0.752478]

Processing phenotype [ENSG00000111144.5] [296/361]
  * #variants in cis = 4
  * Best hit: [id=12_internal_8580, d=-179759, pv=0.114456, s=0.1225]
  * Maximum Likelihood estimation failed, use Moment Matching instead!
  * Beta parameters: [s1=0.99995, s2=3.96227]
  * Adjusted p-values: [emp=0.412935, beta=0.421613]

Processing phenotype [ENSG00000111145.3] [297/361]
  * #variants in cis = 4
  * Best hit: [id=12_internal_8580, d=28897, pv=0.253918, s=0.0904]
  * Maximum Likelihood estimation failed, use Moment Matching instead!
  * Beta parameters: [s1=1.00005, s2=4.03686]
  * Adjusted p-values: [emp=0.701493, beta=0.670112]

Processing phenotype [ENSG00000258177.1] [298/361]
  * #variants in cis = 4
  * Best hit: [id=12_internal_9018, d=-681947, pv=0.130257, s=0.1171]
  * Maximum Likelihood estimation failed, use Moment Matching instead!
  * Beta parameters: [s1=1.00001, s2=5.02546]
  * Adjusted p-values: [emp=0.393035, beta=0.412624]

Processing phenotype [ENSG00000201435.1] [299/361]
  * #variants in cis = 4
  * Best hit: [id=12_internal_12169, d=-103515, pv=0.0658209, s=0.1412]
  * Maximum Likelihood estimation failed, use Moment Matching instead!
  * Beta parameters: [s1=0.999961, s2=4.71162]
  * Adjusted p-values: [emp=0.258706, beta=0.241932]

Processing phenotype [ENSG00000257169.1] [300/361]
  * #variants in cis = 4
  * Best hit: [id=12_internal_12169, d=-19834, pv=7.74186e-06, s=0.3411]
  * Maximum Likelihood estimation failed, use Moment Matching instead!
  * Beta parameters: [s1=1.00004, s2=5.10638]
  * Adjusted p-values: [emp=0.00497512, beta=5.20062e-06]

Processing phenotype [ENSG00000059758.3] [301/361]
  * #variants in cis = 4
  * Best hit: [id=12_internal_12169, d=-6468, pv=0.000441792, s=0.2719]
  * Maximum Likelihood estimation failed, use Moment Matching instead!
  * Beta parameters: [s1=0.999965, s2=4.10184]
  * Adjusted p-values: [emp=0.00497512, beta=0.00101738]

Processing phenotype [ENSG00000188596.3] [302/361]
  * #variants in cis = 4
  * Best hit: [id=12_internal_12169, d=-42101, pv=0.61444, s=0.0392]
  * Maximum Likelihood estimation failed, use Moment Matching instead!
  * Beta parameters: [s1=1.00001, s2=4.84792]
  * Adjusted p-values: [emp=0.985075, beta=0.984898]

Processing phenotype [ENSG00000139350.7] [303/361]
  * #variants in cis = 4
  * Best hit: [id=12_internal_9018, d=0, pv=2.58707e-38, s=0.8245]
  * Maximum Likelihood estimation failed, use Moment Matching instead!
  * Beta parameters: [s1=1.00002, s2=2.93029]
  * Adjusted p-values: [emp=0.00497512, beta=7.18668e-29]

Processing phenotype [ENSG00000206899.1] [304/361]
  * #variants in cis = 3
  * Best hit: [id=12_internal_9856, d=809719, pv=0.217732, s=0.0978]
  * Maximum Likelihood estimation failed, use Moment Matching instead!
  * Beta parameters: [s1=0.999994, s2=3.06203]
  * Adjusted p-values: [emp=0.517413, beta=0.526086]

Processing phenotype [ENSG00000257580.1] [305/361]
  * #variants in cis = 3
  * Best hit: [id=12_internal_14062, d=79122, pv=0.0375908, s=0.1626]
  * Maximum Likelihood estimation failed, use Moment Matching instead!
  * Beta parameters: [s1=1, s2=2.96833]
  * Adjusted p-values: [emp=0.079602, beta=0.10184]

Processing phenotype [ENSG00000227825.3] [306/361]
  * #variants in cis = 3
  * Best hit: [id=12_internal_14062, d=0, pv=2.38507e-08, s=0.4215]
  * Maximum Likelihood estimation failed, use Moment Matching instead!
  * Beta parameters: [s1=1.00003, s2=2.50979]
  * Adjusted p-values: [emp=0.00497512, beta=5.03417e-07]

Processing phenotype [ENSG00000245017.2] [307/361]
  * #variants in cis = 3
  * Best hit: [id=12_internal_14062, d=5650, pv=0.492384, s=0.0541]
  * Maximum Likelihood estimation failed, use Moment Matching instead!
  * Beta parameters: [s1=0.999986, s2=2.9506]
  * Adjusted p-values: [emp=0.865672, beta=0.866913]

Processing phenotype [ENSG00000120802.8] [308/361]
  * #variants in cis = 3
  * Best hit: [id=12_internal_14062, d=-17307, pv=0.000773891, s=0.2682]
  * Maximum Likelihood estimation failed, use Moment Matching instead!
  * Beta parameters: [s1=0.999983, s2=2.62507]
  * Adjusted p-values: [emp=0.00995025, beta=0.00469148]

Processing phenotype [ENSG00000257167.2] [309/361]
  * #variants in cis = 3
  * Best hit: [id=12_internal_14062, d=18217, pv=0.0652995, s=0.1481]
  * Maximum Likelihood estimation failed, use Moment Matching instead!
  * Beta parameters: [s1=1.00001, s2=2.99862]
  * Adjusted p-values: [emp=0.19403, beta=0.185389]

Processing phenotype [ENSG00000264461.1] [310/361]
  * #variants in cis = 3
  * Best hit: [id=12_internal_14062, d=26552, pv=0.086715, s=0.1374]
  * Maximum Likelihood estimation failed, use Moment Matching instead!
  * Beta parameters: [s1=1.00001, s2=2.89476]
  * Adjusted p-values: [emp=0.21393, beta=0.214416]

Processing phenotype [ENSG00000075415.8] [311/361]
  * #variants in cis = 3
  * Best hit: [id=12_internal_14062, d=-95386, pv=0.431701, s=0.0575]
  * Maximum Likelihood estimation failed, use Moment Matching instead!
  * Beta parameters: [s1=1.00001, s2=2.92552]
  * Adjusted p-values: [emp=0.825871, beta=0.833593]

Processing phenotype [ENSG00000212443.1] [312/361]
  * #variants in cis = 3
  * Best hit: [id=12_internal_9856, d=0, pv=0.498737, s=-0.0524]
  * Maximum Likelihood estimation failed, use Moment Matching instead!
  * Beta parameters: [s1=0.999996, s2=3.34424]
  * Adjusted p-values: [emp=0.860697, beta=0.880601]

Processing phenotype [ENSG00000221625.1] [313/361]
  * #variants in cis = 3
  * Best hit: [id=12_internal_12476, d=530149, pv=0.772966, s=-0.0237]
  * Maximum Likelihood estimation failed, use Moment Matching instead!
  * Beta parameters: [s1=1.00001, s2=3.0653]
  * Adjusted p-values: [emp=0.995025, beta=0.989012]

Processing phenotype [ENSG00000166130.10] [314/361]
  * #variants in cis = 3
  * Best hit: [id=12_internal_9856, d=41551, pv=0.197365, s=0.1002]
  * Maximum Likelihood estimation failed, use Moment Matching instead!
  * Beta parameters: [s1=1.00004, s2=2.85604]
  * Adjusted p-values: [emp=0.477612, beta=0.499414]

Processing phenotype [ENSG00000120868.9] [315/361]
  * #variants in cis = 3
  * Best hit: [id=12_internal_14062, d=-146936, pv=0.0660511, s=0.1502]
  * Maximum Likelihood estimation failed, use Moment Matching instead!
  * Beta parameters: [s1=0.999998, s2=3.35292]
  * Adjusted p-values: [emp=0.169154, beta=0.179338]

Processing phenotype [ENSG00000185046.12] [316/361]
  * #variants in cis = 3
  * Best hit: [id=12_internal_9131, d=-140623, pv=0.416064, s=-0.0668]
  * Maximum Likelihood estimation failed, use Moment Matching instead!
  * Beta parameters: [s1=1.00002, s2=2.52773]
  * Adjusted p-values: [emp=0.80597, beta=0.780032]

Processing phenotype [ENSG00000214203.4] [317/361]
  * #variants in cis = 3
  * Best hit: [id=12_internal_12476, d=0, pv=0.0385536, s=-0.1675]
  * Maximum Likelihood estimation failed, use Moment Matching instead!
  * Beta parameters: [s1=1.00003, s2=3.17979]
  * Adjusted p-values: [emp=0.139303, beta=0.129189]

Processing phenotype [ENSG00000111647.8] [318/361]
  * #variants in cis = 3
  * Best hit: [id=12_internal_12348, d=-20443, pv=0.0725881, s=0.1450]
  * Maximum Likelihood estimation failed, use Moment Matching instead!
  * Beta parameters: [s1=1.00001, s2=2.50006]
  * Adjusted p-values: [emp=0.19403, beta=0.197144]

Processing phenotype [ENSG00000257696.1] [319/361]
  * #variants in cis = 3
  * Best hit: [id=12_internal_12476, d=-18485, pv=0.0545486, s=-0.1517]
  * Maximum Likelihood estimation failed, use Moment Matching instead!
  * Beta parameters: [s1=1.00001, s2=2.77944]
  * Adjusted p-values: [emp=0.18408, beta=0.19937]

Processing phenotype [ENSG00000238105.3] [320/361]
  * #variants in cis = 3
  * Best hit: [id=12_internal_12476, d=49086, pv=0.00349662, s=0.2325]
  * Maximum Likelihood estimation failed, use Moment Matching instead!
  * Beta parameters: [s1=1.00002, s2=3.01564]
  * Adjusted p-values: [emp=0.0149254, beta=0.010009]

Processing phenotype [ENSG00000075089.5] [321/361]
  * #variants in cis = 3
  * Best hit: [id=12_internal_12476, d=-74549, pv=0.611476, s=0.0406]
  * Maximum Likelihood estimation failed, use Moment Matching instead!
  * Beta parameters: [s1=0.999975, s2=2.51837]
  * Adjusted p-values: [emp=0.930348, beta=0.926673]

Processing phenotype [ENSG00000257489.1] [322/361]
  * #variants in cis = 3
  * Best hit: [id=12_internal_12348, d=0, pv=0.355759, s=0.0735]
  * Maximum Likelihood estimation failed, use Moment Matching instead!
  * Beta parameters: [s1=1.00002, s2=2.96169]
  * Adjusted p-values: [emp=0.691542, beta=0.701414]

Processing phenotype [ENSG00000166153.12] [323/361]
  * #variants in cis = 3
  * Best hit: [id=12_internal_12476, d=142506, pv=0.284279, s=0.0866]
  * Maximum Likelihood estimation failed, use Moment Matching instead!
  * Beta parameters: [s1=0.999997, s2=3.04647]
  * Adjusted p-values: [emp=0.676617, beta=0.678072]

Processing phenotype [ENSG00000136021.13] [324/361]
  * #variants in cis = 3
  * Best hit: [id=12_internal_9131, d=-122294, pv=0.403209, s=-0.0652]
  * Maximum Likelihood estimation failed, use Moment Matching instead!
  * Beta parameters: [s1=0.999968, s2=3.55484]
  * Adjusted p-values: [emp=0.766169, beta=0.796921]

Processing phenotype [ENSG00000139354.6] [325/361]
  * #variants in cis = 4
  * Best hit: [id=12_internal_9131, d=-428837, pv=0.0589722, s=-0.1496]
  * Maximum Likelihood estimation failed, use Moment Matching instead!
  * Beta parameters: [s1=0.999967, s2=3.93]
  * Adjusted p-values: [emp=0.268657, beta=0.242618]

Processing phenotype [ENSG00000257803.2] [326/361]
  * #variants in cis = 4
  * Best hit: [id=12_internal_12476, d=-454171, pv=0.476513, s=-0.0571]
  * Maximum Likelihood estimation failed, use Moment Matching instead!
  * Beta parameters: [s1=1.00004, s2=3.09191]
  * Adjusted p-values: [emp=0.875622, beta=0.885957]

Processing phenotype [ENSG00000120800.4] [327/361]
  * #variants in cis = 6
  * Best hit: [id=12_internal_13540, d=149733, pv=0.04908, s=0.1577]
  * Beta parameters: [s1=0.921684, s2=6.24507]
  * Adjusted p-values: [emp=0.218905, beta=0.230108]

Processing phenotype [ENSG00000120805.9] [328/361]
  * #variants in cis = 6
  * Best hit: [id=12_internal_9147, d=-288452, pv=0.0360542, s=0.1707]
  * Maximum Likelihood estimation failed, use Moment Matching instead!
  * Beta parameters: [s1=1, s2=4.86429]
  * Adjusted p-values: [emp=0.174129, beta=0.202298]

Processing phenotype [ENSG00000196091.8] [329/361]
  * #variants in cis = 6
  * Best hit: [id=12_internal_13540, d=0, pv=0.000341586, s=0.2866]
  * Beta parameters: [s1=0.776019, s2=8.00582]
  * Adjusted p-values: [emp=0.00995025, beta=0.00129172]

Processing phenotype [ENSG00000111666.6] [330/361]
  * #variants in cis = 6
  * Best hit: [id=12_internal_13540, d=0, pv=7.48972e-15, s=0.5906]
  * Maximum Likelihood estimation failed, use Moment Matching instead!
  * Beta parameters: [s1=1.00003, s2=5.04003]
  * Adjusted p-values: [emp=0.00497512, beta=3.30761e-12]

Processing phenotype [ENSG00000199933.1] [331/361]
  * #variants in cis = 6
  * Best hit: [id=12_internal_13540, d=-3417, pv=0.000147499, s=0.3079]
  * Beta parameters: [s1=0.923084, s2=6.87947]
  * Adjusted p-values: [emp=0.00497512, beta=0.00139027]

Processing phenotype [ENSG00000139351.10] [332/361]
  * #variants in cis = 6
  * Best hit: [id=12_internal_13540, d=23081, pv=2.65093e-09, s=0.4690]
  * Beta parameters: [s1=1.0735, s2=6.2871]
  * Adjusted p-values: [emp=0.00497512, beta=5.44169e-09]

Processing phenotype [ENSG00000222255.1] [333/361]
  * #variants in cis = 6
  * Best hit: [id=12_internal_14207, d=0, pv=0.00758191, s=0.2124]
  * Beta parameters: [s1=0.922268, s2=5.6045]
  * Adjusted p-values: [emp=0.0646766, beta=0.0530568]

Processing phenotype [ENSG00000258230.2] [334/361]
  * #variants in cis = 6
  * Best hit: [id=12_internal_9803, d=-75712, pv=0.0430324, s=0.1629]
  * Beta parameters: [s1=0.909745, s2=6.16634]
  * Adjusted p-values: [emp=0.21393, beta=0.219709]

Processing phenotype [ENSG00000201168.1] [335/361]
  * #variants in cis = 6
  * Best hit: [id=12_internal_14207, d=0, pv=0.0408736, s=0.1624]
  * Beta parameters: [s1=0.936216, s2=5.72871]
  * Adjusted p-values: [emp=0.20398, beta=0.205465]

Processing phenotype [ENSG00000238940.1] [336/361]
  * #variants in cis = 6
  * Best hit: [id=12_internal_9822, d=135031, pv=0.143841, s=-0.1163]
  * Maximum Likelihood estimation failed, use Moment Matching instead!
  * Beta parameters: [s1=1.00005, s2=5.01765]
  * Adjusted p-values: [emp=0.60199, beta=0.595323]

Processing phenotype [ENSG00000222932.1] [337/361]
  * #variants in cis = 6
  * Best hit: [id=12_internal_13540, d=80111, pv=0.328142, s=0.0775]
  * Beta parameters: [s1=1.04789, s2=6.17557]
  * Adjusted p-values: [emp=0.900498, beta=0.900947]

Processing phenotype [ENSG00000111670.9] [338/361]
  * #variants in cis = 6
  * Best hit: [id=12_internal_14207, d=0, pv=6.50886e-09, s=0.4286]
  * Beta parameters: [s1=0.954519, s2=6.13484]
  * Adjusted p-values: [emp=0.00497512, beta=7.04797e-08]

Processing phenotype [ENSG00000136048.9] [339/361]
  * #variants in cis = 6
  * Best hit: [id=12_internal_14207, d=0, pv=2.13146e-11, s=0.5038]
  * Beta parameters: [s1=0.949599, s2=5.9588]
  * Adjusted p-values: [emp=0.00497512, beta=1.09225e-10]

Processing phenotype [ENSG00000257202.1] [340/361]
  * #variants in cis = 6
  * Best hit: [id=12_internal_14207, d=6184, pv=3.73882e-07, s=0.3872]
  * Beta parameters: [s1=1.03461, s2=6.22479]
  * Adjusted p-values: [emp=0.00497512, beta=2.08548e-06]

Processing phenotype [ENSG00000258308.1] [341/361]
  * #variants in cis = 6
  * Best hit: [id=12_internal_14207, d=43855, pv=0.0103129, s=0.2126]
  * Beta parameters: [s1=1.02019, s2=6.10954]
  * Adjusted p-values: [emp=0.0696517, beta=0.0646021]

Processing phenotype [ENSG00000120860.6] [342/361]
  * #variants in cis = 6
  * Best hit: [id=12_internal_13540, d=345758, pv=0.121328, s=-0.1208]
  * Maximum Likelihood estimation failed, use Moment Matching instead!
  * Beta parameters: [s1=0.999957, s2=5.0288]
  * Adjusted p-values: [emp=0.467662, beta=0.491128]

Processing phenotype [ENSG00000257222.1] [343/361]
  * #variants in cis = 6
  * Best hit: [id=12_internal_9147, d=-183607, pv=0.15602, s=-0.1130]
  * Maximum Likelihood estimation failed, use Moment Matching instead!
  * Beta parameters: [s1=1.00003, s2=4.53376]
  * Adjusted p-values: [emp=0.59204, beta=0.595873]

Processing phenotype [ENSG00000075188.3] [344/361]
  * #variants in cis = 6
  * Best hit: [id=12_internal_9390, d=0, pv=0.238496, s=0.0934]
  * Beta parameters: [s1=0.981702, s2=5.52866]
  * Adjusted p-values: [emp=0.820896, beta=0.806983]

Processing phenotype [ENSG00000185480.7] [345/361]
  * #variants in cis = 6
  * Best hit: [id=12_internal_14207, d=-201643, pv=0.158234, s=0.1103]
  * Beta parameters: [s1=1.00087, s2=5.8174]
  * Adjusted p-values: [emp=0.631841, beta=0.64041]

Processing phenotype [ENSG00000183395.4] [346/361]
  * #variants in cis = 6
  * Best hit: [id=12_internal_9822, d=185431, pv=0.260359, s=0.0893]
  * Maximum Likelihood estimation failed, use Moment Matching instead!
  * Beta parameters: [s1=0.999964, s2=5.37378]
  * Adjusted p-values: [emp=0.810945, beta=0.810036]

Processing phenotype [ENSG00000179088.10] [347/361]
  * #variants in cis = 5
  * Best hit: [id=12_internal_11096, d=-962675, pv=0.538032, s=-0.0503]
  * Maximum Likelihood estimation failed, use Moment Matching instead!
  * Beta parameters: [s1=0.999973, s2=4.35925]
  * Adjusted p-values: [emp=0.965174, beta=0.965691]

Processing phenotype [ENSG00000136011.10] [348/361]
  * #variants in cis = 6
  * Best hit: [id=12_internal_9599, d=239864, pv=1.50801e-07, s=0.3907]
  * Beta parameters: [s1=0.991495, s2=5.64913]
  * Adjusted p-values: [emp=0.00497512, beta=1.88968e-06]

Processing phenotype [ENSG00000257681.1] [349/361]
  * #variants in cis = 7
  * Best hit: [id=12_internal_9599, d=-58279, pv=1.79187e-09, s=0.4496]
  * Beta parameters: [s1=0.994982, s2=6.81223]
  * Adjusted p-values: [emp=0.00497512, beta=4.16526e-09]

Processing phenotype [ENSG00000257754.1] [350/361]
  * #variants in cis = 7
  * Best hit: [id=12_internal_9599, d=7527, pv=5.74962e-05, s=0.3066]
  * Beta parameters: [s1=0.965339, s2=6.43671]
  * Adjusted p-values: [emp=0.00995025, beta=0.000629511]

Processing phenotype [ENSG00000111696.7] [351/361]
  * #variants in cis = 7
  * Best hit: [id=12_internal_9599, d=0, pv=1.28135e-13, s=0.5056]
  * Beta parameters: [s1=1.02059, s2=8.01486]
  * Adjusted p-values: [emp=0.00497512, beta=2.63336e-14]

Processing phenotype [ENSG00000166598.8] [352/361]
  * #variants in cis = 7
  * Best hit: [id=12_internal_10321, d=-121966, pv=0.368471, s=0.0719]
  * Beta parameters: [s1=0.96124, s2=5.44889]
  * Adjusted p-values: [emp=0.940299, beta=0.934797]

Processing phenotype [ENSG00000214198.3] [353/361]
  * #variants in cis = 7
  * Best hit: [id=12_internal_9108, d=-332853, pv=0.268256, s=0.0845]
  * Beta parameters: [s1=1.08864, s2=6.34958]
  * Adjusted p-values: [emp=0.855721, beta=0.876957]

Processing phenotype [ENSG00000265072.1] [354/361]
  * #variants in cis = 7
  * Best hit: [id=12_internal_11096, d=528221, pv=0.357503, s=0.0732]
  * Beta parameters: [s1=1.04988, s2=6.49384]
  * Adjusted p-values: [emp=0.945274, beta=0.954638]

Processing phenotype [ENSG00000204954.5] [355/361]
  * #variants in cis = 7
  * Best hit: [id=12_internal_10321, d=157567, pv=0.135414, s=0.1215]
  * Beta parameters: [s1=0.896514, s2=6.75119]
  * Adjusted p-values: [emp=0.572139, beta=0.601833]

Processing phenotype [ENSG00000139372.10] [356/361]
  * #variants in cis = 7
  * Best hit: [id=12_internal_9233, d=761205, pv=0.0302598, s=-0.1793]
  * Beta parameters: [s1=0.929686, s2=6.77817]
  * Adjusted p-values: [emp=0.20398, beta=0.185408]

Processing phenotype [ENSG00000120820.8] [357/361]
  * #variants in cis = 7
  * Best hit: [id=12_internal_9599, d=222208, pv=0.292034, s=0.0834]
  * Beta parameters: [s1=0.997216, s2=6.36201]
  * Adjusted p-values: [emp=0.870647, beta=0.882344]

Processing phenotype [ENSG00000111727.7] [358/361]
  * #variants in cis = 7
  * Best hit: [id=12_internal_10321, d=-256316, pv=0.0127165, s=-0.1939]
  * Beta parameters: [s1=0.962726, s2=6.47835]
  * Adjusted p-values: [emp=0.0845771, beta=0.0694881]

Processing phenotype [ENSG00000120837.3] [359/361]
  * #variants in cis = 7
  * Best hit: [id=12_internal_11096, d=-320357, pv=0.0274542, s=0.1739]
  * Beta parameters: [s1=0.972199, s2=6.47632]
  * Adjusted p-values: [emp=0.18408, beta=0.193076]

Processing phenotype [ENSG00000198431.10] [360/361]
  * #variants in cis = 7
  * Best hit: [id=12_internal_11096, d=242867, pv=0.0083392, s=-0.2167]
  * Beta parameters: [s1=0.996438, s2=6.65823]
  * Adjusted p-values: [emp=0.0696517, beta=0.0613622]

Processing phenotype [ENSG00000213442.4] [361/361]
  * #variants in cis = 8
  * Best hit: [id=12_internal_11609, d=268906, pv=0.140001, s=-0.1179]
  * Beta parameters: [s1=1.06139, s2=9.31317]
  * Adjusted p-values: [emp=0.691542, beta=0.667683]

Running time: 3 seconds
