Sender: LSF System <lsfadmin@cpt16>
Subject: Job 974158: </data/unige/funpopgen/odelanea/SGX/V2/binaries/qtltools/bin/QTLtools cis --vcf /data/unige/funpopgen/grey2/SYSCID/BLUEPRINT_DATA/CRD/THREE_CELL_TYPES/CLOMICS/CELL_TYPE_COMPARISON_GENE_CRD_ASSOCIATIONS/quantify/72_vs_70_ALL.ALLchr.mean.txt.gz --bed /data/unige/funpopgen/grey2/SYSCID/BLUEPRINT_DATA/CRD/THREE_CELL_TYPES/QTL_TOOLS/EGAD00001002674_v3.0/EGAD00001002674_RNA.PC10.bed.gz --permute 200 --chunk 15 100 --out /data/unige/funpopgen/grey2/SYSCID/BLUEPRINT_DATA/CRD/THREE_CELL_TYPES/CLOMICS/CELL_TYPE_COMPARISON_GENE_CRD_ASSOCIATIONS/mapping_aCRD_gene/72_vs_70/gene_CRD_mean_chunk15\.txt> in cluster <ug> Done

Job </data/unige/funpopgen/odelanea/SGX/V2/binaries/qtltools/bin/QTLtools cis --vcf /data/unige/funpopgen/grey2/SYSCID/BLUEPRINT_DATA/CRD/THREE_CELL_TYPES/CLOMICS/CELL_TYPE_COMPARISON_GENE_CRD_ASSOCIATIONS/quantify/72_vs_70_ALL.ALLchr.mean.txt.gz --bed /data/unige/funpopgen/grey2/SYSCID/BLUEPRINT_DATA/CRD/THREE_CELL_TYPES/QTL_TOOLS/EGAD00001002674_v3.0/EGAD00001002674_RNA.PC10.bed.gz --permute 200 --chunk 15 100 --out /data/unige/funpopgen/grey2/SYSCID/BLUEPRINT_DATA/CRD/THREE_CELL_TYPES/CLOMICS/CELL_TYPE_COMPARISON_GENE_CRD_ASSOCIATIONS/mapping_aCRD_gene/72_vs_70/gene_CRD_mean_chunk15\.txt> was submitted from host <frt.ug.vital-it.ch> by user <grey2> in cluster <ug>.
Job was executed on host(s) <cpt16>, in queue <normal>, as user <grey2> in cluster <ug>.
</home/grey2> was used as the home directory.
</data/unige/funpopgen/grey2/SYSCID/BLUEPRINT_DATA/CRD/THREE_CELL_TYPES/CLOMICS/CELL_TYPE_COMPARISON_GENE_CRD_ASSOCIATIONS> was used as the working directory.
Started at Thu Mar 21 11:26:29 2019
Results reported at Thu Mar 21 11:26:36 2019

Your job looked like:

------------------------------------------------------------
# LSBATCH: User input
/data/unige/funpopgen/odelanea/SGX/V2/binaries/qtltools/bin/QTLtools cis --vcf /data/unige/funpopgen/grey2/SYSCID/BLUEPRINT_DATA/CRD/THREE_CELL_TYPES/CLOMICS/CELL_TYPE_COMPARISON_GENE_CRD_ASSOCIATIONS/quantify/72_vs_70_ALL.ALLchr.mean.txt.gz --bed /data/unige/funpopgen/grey2/SYSCID/BLUEPRINT_DATA/CRD/THREE_CELL_TYPES/QTL_TOOLS/EGAD00001002674_v3.0/EGAD00001002674_RNA.PC10.bed.gz --permute 200 --chunk 15 100 --out /data/unige/funpopgen/grey2/SYSCID/BLUEPRINT_DATA/CRD/THREE_CELL_TYPES/CLOMICS/CELL_TYPE_COMPARISON_GENE_CRD_ASSOCIATIONS/mapping_aCRD_gene/72_vs_70/gene_CRD_mean_chunk15\.txt

------------------------------------------------------------

Successfully completed.

Resource usage summary:

    CPU time :               3.66 sec.
    Max Memory :             3.04 MB
    Average Memory :         3.04 MB
    Total Requested Memory : -
    Delta Memory :           -
    (Delta: the difference between total requested memory and actual max usage.)
    Max Swap :               31 MB

    Max Processes :          1
    Max Threads :            1

The output (if any) follows:


[32mQTLtools[0m
  * Authors : Olivier DELANEAU / Halit ONGEN / Emmanouil DERMITZAKIS
  * Contact : olivier.delaneau@gmail.com / halit.ongen@unige.ch / Emmanouil.Dermitzakis@unige.ch
  * Webpage : https://qtltools.github.io/qtltools/
  * Version : 1.1
  * Date    : 21/03/2019 - 11:26:33
  * Citation: A complete tool set for molecular QTL discovery and analysis, https://doi.org/10.1101/068635

[32mMAPPING QTL IN CIS[0m
  * TASK: Perform 200 permutations
  * Linear model: Phe ~ Var
  * Cis-window size is 1000000 bp
  * Chunk = [15/100]

Scanning phenotype data in [/data/unige/funpopgen/grey2/SYSCID/BLUEPRINT_DATA/CRD/THREE_CELL_TYPES/QTL_TOOLS/EGAD00001002674_v3.0/EGAD00001002674_RNA.PC10.bed.gz]
  * 26159 phenotypes included
  * 13004 phenotypes are on the negative strand

Initialize random number generator
  * Built-in seed is 15112011
  * First Integer = 30554
  * First Double = 0.0126695

Reading sample list from [/data/unige/funpopgen/grey2/SYSCID/BLUEPRINT_DATA/CRD/THREE_CELL_TYPES/QTL_TOOLS/EGAD00001002674_v3.0/EGAD00001002674_RNA.PC10.bed.gz]
  * #samples = 194

Reading sample list from [/data/unige/funpopgen/grey2/SYSCID/BLUEPRINT_DATA/CRD/THREE_CELL_TYPES/CLOMICS/CELL_TYPE_COMPARISON_GENE_CRD_ASSOCIATIONS/quantify/72_vs_70_ALL.ALLchr.mean.txt.gz]
  * #samples = 160

Merging sample sets from all input files
  * #files = 2
  * #samples in all files = 158
  * #samples NOT in all files (i.e. ignored) = 38

Reading phenotype data in [/data/unige/funpopgen/grey2/SYSCID/BLUEPRINT_DATA/CRD/THREE_CELL_TYPES/QTL_TOOLS/EGAD00001002674_v3.0/EGAD00001002674_RNA.PC10.bed.gz]
  * target region [22:17082777-32651328]
  * 306 phenotypes included
  * 145 phenotypes are on the negative strand

Reading genotype data in [/data/unige/funpopgen/grey2/SYSCID/BLUEPRINT_DATA/CRD/THREE_CELL_TYPES/CLOMICS/CELL_TYPE_COMPARISON_GENE_CRD_ASSOCIATIONS/quantify/72_vs_70_ALL.ALLchr.mean.txt.gz]
  * File format detected: BED
  * 158 samples included
  * 4 samples without phenotype data
  * target region [22:16082777-33651328]
  * 85 variants included

Processing phenotype [ENSG00000100181.16] [1/306]
  * #variants in cis = 3
  * Best hit: [id=22_internal_5203, d=0, pv=4.85805e-26, s=0.7306]
  * Maximum Likelihood estimation failed, use Moment Matching instead!
  * Beta parameters: [s1=0.999996, s2=3.22081]
  * Adjusted p-values: [emp=0.00497512, beta=1.86196e-23]

Processing phenotype [ENSG00000189295.8] [2/306]
  * #variants in cis = 8
  * Best hit: [id=22_internal_5203, d=0, pv=4.72185e-20, s=0.6390]
  * Beta parameters: [s1=0.991002, s2=5.50022]
  * Adjusted p-values: [emp=0.00497512, beta=3.19887e-18]

Processing phenotype [ENSG00000172967.7] [3/306]
  * #variants in cis = 9
  * Best hit: [id=22_internal_5203, d=0, pv=1.08246e-10, s=0.4955]
  * Beta parameters: [s1=0.965648, s2=8.40527]
  * Adjusted p-values: [emp=0.00497512, beta=1.61417e-10]

Processing phenotype [ENSG00000237438.1] [4/306]
  * #variants in cis = 10
  * Best hit: [id=22_internal_3595, d=176713, pv=0.0266799, s=-0.1734]
  * Beta parameters: [s1=1.01987, s2=8.87404]
  * Adjusted p-values: [emp=0.228856, beta=0.20907]

Processing phenotype [ENSG00000177663.9] [5/306]
  * #variants in cis = 10
  * Best hit: [id=22_internal_5411, d=873579, pv=0.0219526, s=0.1755]
  * Beta parameters: [s1=1.03689, s2=6.15201]
  * Adjusted p-values: [emp=0.19403, beta=0.190336]

Processing phenotype [ENSG00000235328.1] [6/306]
  * #variants in cis = 10
  * Best hit: [id=22_internal_5023, d=-513618, pv=0.289427, s=0.0892]
  * Beta parameters: [s1=0.966762, s2=8.9212]
  * Adjusted p-values: [emp=0.940299, beta=0.95063]

Processing phenotype [ENSG00000183307.3] [7/306]
  * #variants in cis = 10
  * Best hit: [id=22_internal_3461, d=-631865, pv=0.113055, s=-0.1251]
  * Beta parameters: [s1=1.16756, s2=9.40329]
  * Adjusted p-values: [emp=0.651741, beta=0.644189]

Processing phenotype [ENSG00000235478.1] [8/306]
  * #variants in cis = 10
  * Best hit: [id=22_internal_5023, d=485971, pv=0.102002, s=-0.1301]
  * Beta parameters: [s1=0.984679, s2=8.51999]
  * Adjusted p-values: [emp=0.577114, beta=0.595875]

Processing phenotype [ENSG00000069998.8] [9/306]
  * #variants in cis = 10
  * Best hit: [id=22_internal_3461, d=-587945, pv=0.0970297, s=-0.1321]
  * Beta parameters: [s1=0.859176, s2=8.76751]
  * Adjusted p-values: [emp=0.517413, beta=0.546005]

Processing phenotype [ENSG00000236325.1] [10/306]
  * #variants in cis = 10
  * Best hit: [id=22_internal_5411, d=765597, pv=0.0524717, s=0.1501]
  * Beta parameters: [s1=0.920502, s2=7.6282]
  * Adjusted p-values: [emp=0.353234, beta=0.350443]

Processing phenotype [ENSG00000269774.1] [11/306]
  * #variants in cis = 10
  * Best hit: [id=22_internal_3461, d=543349, pv=0.134722, s=-0.1224]
  * Beta parameters: [s1=1.02431, s2=8.58296]
  * Adjusted p-values: [emp=0.686567, beta=0.690956]

Processing phenotype [ENSG00000203416.2] [12/306]
  * #variants in cis = 10
  * Best hit: [id=22_internal_3595, d=0, pv=0.195506, s=0.1042]
  * Beta parameters: [s1=1.08797, s2=8.32309]
  * Adjusted p-values: [emp=0.855721, beta=0.871361]

Processing phenotype [ENSG00000093072.11] [13/306]
  * #variants in cis = 10
  * Best hit: [id=22_internal_3461, d=-531243, pv=0.123073, s=0.1248]
  * Beta parameters: [s1=1.02231, s2=8.12192]
  * Adjusted p-values: [emp=0.666667, beta=0.666487]

Processing phenotype [ENSG00000241832.1] [14/306]
  * #variants in cis = 11
  * Best hit: [id=22_internal_5023, d=-340824, pv=0.00702646, s=0.2046]
  * Beta parameters: [s1=0.970557, s2=12.1391]
  * Adjusted p-values: [emp=0.0597015, beta=0.0586465]

Processing phenotype [ENSG00000099954.13] [15/306]
  * #variants in cis = 11
  * Best hit: [id=22_internal_5155, d=0, pv=2.26484e-12, s=0.5034]
  * Beta parameters: [s1=1.04449, s2=9.00357]
  * Adjusted p-values: [emp=0.00497512, beta=2.57115e-11]

Processing phenotype [ENSG00000182902.8] [16/306]
  * #variants in cis = 12
  * Best hit: [id=22_internal_3595, d=-324070, pv=0.123812, s=0.1219]
  * Beta parameters: [s1=0.991518, s2=9.45504]
  * Adjusted p-values: [emp=0.726368, beta=0.738025]

Processing phenotype [ENSG00000236754.1] [17/306]
  * #variants in cis = 13
  * Best hit: [id=22_internal_3640, d=-63911, pv=0.0390347, s=0.1675]
  * Beta parameters: [s1=1.03383, s2=10.2096]
  * Adjusted p-values: [emp=0.383085, beta=0.365647]

Processing phenotype [ENSG00000131100.8] [18/306]
  * #variants in cis = 13
  * Best hit: [id=22_internal_4830, d=-16278, pv=5.58405e-07, s=0.3875]
  * Beta parameters: [s1=1.01338, s2=8.64038]
  * Adjusted p-values: [emp=0.00497512, beta=3.51744e-05]

Processing phenotype [ENSG00000099968.13] [19/306]
  * #variants in cis = 13
  * Best hit: [id=22_internal_4830, d=16241, pv=4.07236e-39, s=0.8075]
  * Beta parameters: [s1=1.01983, s2=13.1979]
  * Adjusted p-values: [emp=0.00497512, beta=5.03901e-42]

Processing phenotype [ENSG00000251737.1] [20/306]
  * #variants in cis = 13
  * Best hit: [id=22_internal_3640, d=-11584, pv=0.000361141, s=0.2797]
  * Beta parameters: [s1=0.979239, s2=10.2886]
  * Adjusted p-values: [emp=0.00995025, beta=0.00583273]

Processing phenotype [ENSG00000264757.1] [21/306]
  * #variants in cis = 14
  * Best hit: [id=22_internal_5203, d=395506, pv=0.0342849, s=0.1613]
  * Beta parameters: [s1=1.03981, s2=10.7582]
  * Adjusted p-values: [emp=0.358209, beta=0.359251]

Processing phenotype [ENSG00000015475.14] [22/306]
  * #variants in cis = 14
  * Best hit: [id=22_internal_4830, d=81715, pv=0.000108364, s=0.2938]
  * Beta parameters: [s1=1.01029, s2=12.0715]
  * Adjusted p-values: [emp=0.00497512, beta=0.00172156]

Processing phenotype [ENSG00000269220.1] [23/306]
  * #variants in cis = 14
  * Best hit: [id=22_internal_5203, d=-408569, pv=0.199054, s=-0.1005]
  * Beta parameters: [s1=0.919375, s2=14.6782]
  * Adjusted p-values: [emp=0.955224, beta=0.945246]

Processing phenotype [ENSG00000093100.13] [24/306]
  * #variants in cis = 14
  * Best hit: [id=22_internal_5411, d=-145160, pv=4.77351e-06, s=0.3517]
  * Beta parameters: [s1=0.998138, s2=12.2917]
  * Adjusted p-values: [emp=0.00497512, beta=6.56833e-05]

Processing phenotype [ENSG00000243156.3] [25/306]
  * #variants in cis = 17
  * Best hit: [id=22_internal_5411, d=0, pv=9.96245e-13, s=0.5245]
  * Beta parameters: [s1=0.885965, s2=14.0117]
  * Adjusted p-values: [emp=0.00497512, beta=9.06045e-10]

Processing phenotype [ENSG00000225335.1] [26/306]
  * #variants in cis = 17
  * Best hit: [id=22_internal_4549, d=-786998, pv=0.064516, s=0.1514]
  * Beta parameters: [s1=1.04472, s2=13.7812]
  * Adjusted p-values: [emp=0.651741, beta=0.653275]

Processing phenotype [ENSG00000215193.6] [27/306]
  * #variants in cis = 17
  * Best hit: [id=22_internal_4549, d=786872, pv=0.0488003, s=0.1574]
  * Beta parameters: [s1=0.960915, s2=15.5586]
  * Adjusted p-values: [emp=0.572139, beta=0.571207]

Processing phenotype [ENSG00000236890.2] [28/306]
  * #variants in cis = 17
  * Best hit: [id=22_internal_4549, d=-783120, pv=0.122784, s=0.1248]
  * Beta parameters: [s1=0.921814, s2=14.4736]
  * Adjusted p-values: [emp=0.865672, beta=0.878134]

Processing phenotype [ENSG00000235617.1] [29/306]
  * #variants in cis = 17
  * Best hit: [id=22_internal_5411, d=0, pv=0.0325314, s=-0.1744]
  * Beta parameters: [s1=1.00707, s2=17.272]
  * Adjusted p-values: [emp=0.39801, beta=0.399196]

Processing phenotype [ENSG00000225225.1] [30/306]
  * #variants in cis = 17
  * Best hit: [id=22_internal_3461, d=348595, pv=0.0192215, s=0.1866]
  * Beta parameters: [s1=1.01057, s2=16.503]
  * Adjusted p-values: [emp=0.233831, beta=0.239157]

Processing phenotype [ENSG00000183785.9] [31/306]
  * #variants in cis = 17
  * Best hit: [id=22_internal_5203, d=-741578, pv=0.0640962, s=0.1492]
  * Beta parameters: [s1=1.03842, s2=18.7025]
  * Adjusted p-values: [emp=0.661692, beta=0.630464]

Processing phenotype [ENSG00000184979.9] [32/306]
  * #variants in cis = 17
  * Best hit: [id=22_internal_5411, d=-23934, pv=0.00201606, s=0.2496]
  * Beta parameters: [s1=1.07337, s2=15.7252]
  * Adjusted p-values: [emp=0.0348259, beta=0.0287902]

Processing phenotype [ENSG00000183628.7] [33/306]
  * #variants in cis = 16
  * Best hit: [id=22_internal_3857, d=20129, pv=0.00291335, s=0.2308]
  * Beta parameters: [s1=1.20814, s2=15.0267]
  * Adjusted p-values: [emp=0.0149254, beta=0.0347871]

Processing phenotype [ENSG00000100033.11] [34/306]
  * #variants in cis = 17
  * Best hit: [id=22_internal_3857, d=0, pv=0.000844139, s=0.2598]
  * Beta parameters: [s1=0.963496, s2=15.0344]
  * Adjusted p-values: [emp=0.0248756, beta=0.0142224]

Processing phenotype [ENSG00000237517.3] [35/306]
  * #variants in cis = 18
  * Best hit: [id=22_internal_3461, d=-720207, pv=0.172378, s=-0.1120]
  * Beta parameters: [s1=0.953384, s2=16.039]
  * Adjusted p-values: [emp=0.945274, beta=0.945292]

Processing phenotype [ENSG00000241527.1] [36/306]
  * #variants in cis = 19
  * Best hit: [id=22_internal_3977, d=-644891, pv=0.0318255, s=-0.1738]
  * Beta parameters: [s1=0.927044, s2=19.6201]
  * Adjusted p-values: [emp=0.40796, beta=0.410597]

Processing phenotype [ENSG00000206739.1] [37/306]
  * #variants in cis = 19
  * Best hit: [id=22_internal_5411, d=-424037, pv=0.0127501, s=-0.2020]
  * Beta parameters: [s1=0.841209, s2=22.4719]
  * Adjusted p-values: [emp=0.20398, beta=0.205693]

Processing phenotype [ENSG00000237347.2] [38/306]
  * #variants in cis = 19
  * Best hit: [id=22_internal_3703, d=139649, pv=0.00354237, s=0.2301]
  * Beta parameters: [s1=0.94612, s2=20.0989]
  * Adjusted p-values: [emp=0.0497512, beta=0.0504005]

Processing phenotype [ENSG00000223461.1] [39/306]
  * #variants in cis = 19
  * Best hit: [id=22_internal_3593, d=906504, pv=0.136578, s=0.1180]
  * Beta parameters: [s1=1.23693, s2=18.6425]
  * Adjusted p-values: [emp=0.925373, beta=0.935325]

Processing phenotype [ENSG00000070413.13] [40/306]
  * #variants in cis = 19
  * Best hit: [id=22_internal_3834, d=0, pv=0.00109582, s=0.2576]
  * Beta parameters: [s1=0.941822, s2=13.4026]
  * Adjusted p-values: [emp=0.0248756, beta=0.0253207]

Processing phenotype [ENSG00000231086.1] [41/306]
  * #variants in cis = 19
  * Best hit: [id=22_internal_3640, d=-949780, pv=0.0651436, s=0.1457]
  * Beta parameters: [s1=1.01092, s2=17.4349]
  * Adjusted p-values: [emp=0.741294, beta=0.725971]

Processing phenotype [ENSG00000206203.3] [42/306]
  * #variants in cis = 19
  * Best hit: [id=22_internal_3834, d=-7344, pv=0.0623415, s=0.1489]
  * Beta parameters: [s1=0.980407, s2=17.3367]
  * Adjusted p-values: [emp=0.701493, beta=0.685286]

Processing phenotype [ENSG00000100056.7] [43/306]
  * #variants in cis = 17
  * Best hit: [id=22_internal_5023, d=921102, pv=0.000823065, s=0.2542]
  * Beta parameters: [s1=0.978643, s2=18.9931]
  * Adjusted p-values: [emp=0.0248756, beta=0.0144478]

Processing phenotype [ENSG00000260924.1] [44/306]
  * #variants in cis = 17
  * Best hit: [id=22_internal_4007, d=847609, pv=0.026363, s=0.1726]
  * Beta parameters: [s1=1.07048, s2=17.3679]
  * Adjusted p-values: [emp=0.353234, beta=0.330114]

Processing phenotype [ENSG00000100075.5] [45/306]
  * #variants in cis = 16
  * Best hit: [id=22_internal_4354, d=-772656, pv=0.0032822, s=0.2306]
  * Beta parameters: [s1=0.975942, s2=16.8184]
  * Adjusted p-values: [emp=0.0547264, beta=0.0481908]

Processing phenotype [ENSG00000233471.2] [46/306]
  * #variants in cis = 15
  * Best hit: [id=22_internal_3834, d=-134066, pv=0.0636593, s=0.1381]
  * Beta parameters: [s1=1.11317, s2=13.1827]
  * Adjusted p-values: [emp=0.666667, beta=0.622684]

Processing phenotype [ENSG00000070371.11] [47/306]
  * #variants in cis = 16
  * Best hit: [id=22_internal_4007, d=-727278, pv=0.0376522, s=-0.1653]
  * Beta parameters: [s1=1.01247, s2=11.0872]
  * Adjusted p-values: [emp=0.427861, beta=0.428808]

Processing phenotype [ENSG00000244296.2] [48/306]
  * #variants in cis = 16
  * Best hit: [id=22_internal_5088, d=45614, pv=0.00351745, s=0.2332]
  * Beta parameters: [s1=0.881968, s2=17.2594]
  * Adjusted p-values: [emp=0.0597015, beta=0.0523709]

Processing phenotype [ENSG00000185608.4] [49/306]
  * #variants in cis = 16
  * Best hit: [id=22_internal_3857, d=-495216, pv=0.239707, s=-0.0933]
  * Beta parameters: [s1=1.01082, s2=17.5377]
  * Adjusted p-values: [emp=0.99005, beta=0.99121]

Processing phenotype [ENSG00000100084.10] [50/306]
  * #variants in cis = 16
  * Best hit: [id=22_internal_3699, d=-789000, pv=0.0326332, s=0.1706]
  * Beta parameters: [s1=1.02311, s2=14.1676]
  * Adjusted p-values: [emp=0.39801, beta=0.413418]

Processing phenotype [ENSG00000185065.6] [51/306]
  * #variants in cis = 16
  * Best hit: [id=22_internal_3593, d=580130, pv=0.0167999, s=0.1924]
  * Beta parameters: [s1=0.860314, s2=13.569]
  * Adjusted p-values: [emp=0.238806, beta=0.236858]

Processing phenotype [ENSG00000242259.3] [52/306]
  * #variants in cis = 16
  * Best hit: [id=22_internal_3593, d=-579791, pv=0.0173198, s=-0.1935]
  * Beta parameters: [s1=1.07957, s2=17.3836]
  * Adjusted p-values: [emp=0.208955, beta=0.229564]

Processing phenotype [ENSG00000070010.13] [53/306]
  * #variants in cis = 16
  * Best hit: [id=22_internal_4354, d=-472261, pv=0.0407046, s=0.1534]
  * Beta parameters: [s1=0.923845, s2=17.7269]
  * Adjusted p-values: [emp=0.442786, beta=0.453778]

Processing phenotype [ENSG00000184113.8] [54/306]
  * #variants in cis = 16
  * Best hit: [id=22_internal_3699, d=-709156, pv=0.0367132, s=-0.1613]
  * Beta parameters: [s1=1.02668, s2=20.211]
  * Adjusted p-values: [emp=0.457711, beta=0.476156]

Processing phenotype [ENSG00000184702.13] [55/306]
  * #variants in cis = 15
  * Best hit: [id=22_internal_5326, d=489203, pv=0.204251, s=-0.1032]
  * Beta parameters: [s1=0.862232, s2=19.0796]
  * Adjusted p-values: [emp=0.99005, beta=0.978695]

Processing phenotype [ENSG00000203618.5] [56/306]
  * #variants in cis = 15
  * Best hit: [id=22_internal_3699, d=513756, pv=0.266573, s=-0.0905]
  * Beta parameters: [s1=0.891865, s2=14.2632]
  * Adjusted p-values: [emp=0.99005, beta=0.986913]

Processing phenotype [ENSG00000184058.8] [57/306]
  * #variants in cis = 15
  * Best hit: [id=22_internal_4007, d=262291, pv=0.109136, s=-0.1263]
  * Beta parameters: [s1=1.04109, s2=14.9652]
  * Adjusted p-values: [emp=0.820896, beta=0.829758]

Processing phenotype [ENSG00000235776.2] [58/306]
  * #variants in cis = 16
  * Best hit: [id=22_internal_4007, d=226700, pv=0.085615, s=0.1390]
  * Beta parameters: [s1=1.0988, s2=17.8343]
  * Adjusted p-values: [emp=0.776119, beta=0.771418]

Processing phenotype [ENSG00000215012.4] [59/306]
  * #variants in cis = 16
  * Best hit: [id=22_internal_4435, d=957922, pv=0.00939308, s=0.2034]
  * Beta parameters: [s1=0.996124, s2=17.1719]
  * Adjusted p-values: [emp=0.149254, beta=0.143131]

Processing phenotype [ENSG00000185838.9] [60/306]
  * #variants in cis = 16
  * Best hit: [id=22_internal_3699, d=-381762, pv=0.0297922, s=0.1699]
  * Beta parameters: [s1=1.0575, s2=16.2119]
  * Adjusted p-values: [emp=0.378109, beta=0.399414]

Processing phenotype [ENSG00000232926.1] [61/306]
  * #variants in cis = 16
  * Best hit: [id=22_internal_5326, d=316378, pv=0.0517491, s=-0.1554]
  * Beta parameters: [s1=1.04136, s2=11.8595]
  * Adjusted p-values: [emp=0.557214, beta=0.566489]

Processing phenotype [ENSG00000093010.7] [62/306]
  * #variants in cis = 16
  * Best hit: [id=22_internal_4549, d=-572578, pv=0.0171028, s=-0.1785]
  * Beta parameters: [s1=1.14023, s2=17.1727]
  * Adjusted p-values: [emp=0.303483, beta=0.262886]

Processing phenotype [ENSG00000184470.15] [63/306]
  * #variants in cis = 16
  * Best hit: [id=22_internal_3699, d=-294883, pv=0.315721, s=-0.0809]
  * Beta parameters: [s1=0.950971, s2=11.5683]
  * Adjusted p-values: [emp=0.995025, beta=0.992564]

Processing phenotype [ENSG00000265087.1] [64/306]
  * #variants in cis = 16
  * Best hit: [id=22_internal_4549, d=-594724, pv=0.0129422, s=-0.1898]
  * Beta parameters: [s1=1.02524, s2=12.1076]
  * Adjusted p-values: [emp=0.19403, beta=0.185257]

Processing phenotype [ENSG00000099889.9] [65/306]
  * #variants in cis = 16
  * Best hit: [id=22_internal_4161, d=68609, pv=0.00210515, s=0.2385]
  * Beta parameters: [s1=1.10217, s2=23.8937]
  * Adjusted p-values: [emp=0.00995025, beta=0.0153925]

Processing phenotype [ENSG00000183597.11] [66/306]
  * #variants in cis = 16
  * Best hit: [id=22_internal_4354, d=-40998, pv=0.113876, s=0.1230]
  * Beta parameters: [s1=0.929697, s2=16.4646]
  * Adjusted p-values: [emp=0.840796, beta=0.847801]

Processing phenotype [ENSG00000268292.1] [67/306]
  * #variants in cis = 16
  * Best hit: [id=22_internal_3977, d=373116, pv=0.154661, s=0.1119]
  * Beta parameters: [s1=0.97546, s2=21.6175]
  * Adjusted p-values: [emp=0.950249, beta=0.955401]

Processing phenotype [ENSG00000236540.2] [68/306]
  * #variants in cis = 16
  * Best hit: [id=22_internal_3703, d=867588, pv=0.0125156, s=0.1980]
  * Beta parameters: [s1=0.995282, s2=18.8253]
  * Adjusted p-values: [emp=0.174129, beta=0.184204]

Processing phenotype [ENSG00000128191.9] [69/306]
  * #variants in cis = 16
  * Best hit: [id=22_internal_4007, d=0, pv=0.078157, s=-0.1462]
  * Beta parameters: [s1=1.04983, s2=13.6508]
  * Adjusted p-values: [emp=0.726368, beta=0.711308]

Processing phenotype [ENSG00000266567.1] [70/306]
  * #variants in cis = 16
  * Best hit: [id=22_internal_4549, d=-716717, pv=0.0564444, s=0.1544]
  * Beta parameters: [s1=0.964125, s2=18.9617]
  * Adjusted p-values: [emp=0.616915, beta=0.630003]

Processing phenotype [ENSG00000221366.1] [71/306]
  * #variants in cis = 16
  * Best hit: [id=22_internal_3548, d=-723342, pv=0.0665701, s=0.1459]
  * Beta parameters: [s1=1.14015, s2=15.4453]
  * Adjusted p-values: [emp=0.696517, beta=0.67962]

Processing phenotype [ENSG00000243762.1] [72/306]
  * #variants in cis = 16
  * Best hit: [id=22_internal_3834, d=988421, pv=0.0280201, s=0.1798]
  * Beta parameters: [s1=1.06538, s2=14.3299]
  * Adjusted p-values: [emp=0.393035, beta=0.388946]

Processing phenotype [ENSG00000099901.12] [73/306]
  * #variants in cis = 16
  * Best hit: [id=22_internal_3699, d=120763, pv=0.0397574, s=-0.1655]
  * Beta parameters: [s1=0.85291, s2=24.4783]
  * Adjusted p-values: [emp=0.487562, beta=0.487669]

Processing phenotype [ENSG00000099899.10] [74/306]
  * #variants in cis = 16
  * Best hit: [id=22_internal_5326, d=-86275, pv=0.0580101, s=0.1464]
  * Beta parameters: [s1=1.04071, s2=15.1672]
  * Adjusted p-values: [emp=0.631841, beta=0.631761]

Processing phenotype [ENSG00000264346.1] [75/306]
  * #variants in cis = 15
  * Best hit: [id=22_internal_3690, d=770296, pv=0.000788891, s=0.2698]
  * Beta parameters: [s1=0.974157, s2=18.7586]
  * Adjusted p-values: [emp=0.00995025, beta=0.00706947]

Processing phenotype [ENSG00000099904.11] [76/306]
  * #variants in cis = 15
  * Best hit: [id=22_internal_4161, d=-181257, pv=0.0078718, s=0.1994]
  * Beta parameters: [s1=0.850236, s2=13.2563]
  * Adjusted p-values: [emp=0.159204, beta=0.12662]

Processing phenotype [ENSG00000234409.3] [77/306]
  * #variants in cis = 15
  * Best hit: [id=22_internal_3703, d=947942, pv=0.0223331, s=0.1826]
  * Beta parameters: [s1=0.910115, s2=19.1887]
  * Adjusted p-values: [emp=0.283582, beta=0.295312]

Processing phenotype [ENSG00000236499.1] [78/306]
  * #variants in cis = 14
  * Best hit: [id=22_internal_5326, d=0, pv=0.0302819, s=0.1731]
  * Beta parameters: [s1=1.06481, s2=11.7446]
  * Adjusted p-values: [emp=0.288557, beta=0.312144]

Processing phenotype [ENSG00000161132.6] [79/306]
  * #variants in cis = 14
  * Best hit: [id=22_internal_3517, d=630788, pv=0.0268015, s=-0.1790]
  * Beta parameters: [s1=1.06501, s2=13.4437]
  * Adjusted p-values: [emp=0.358209, beta=0.34172]

Processing phenotype [ENSG00000128185.5] [80/306]
  * #variants in cis = 14
  * Best hit: [id=22_internal_4161, d=371881, pv=0.0705443, s=0.1410]
  * Beta parameters: [s1=1.02161, s2=13.8487]
  * Adjusted p-values: [emp=0.621891, beta=0.637608]

Processing phenotype [ENSG00000206176.5] [81/306]
  * #variants in cis = 14
  * Best hit: [id=22_internal_5088, d=-957691, pv=0.118301, s=-0.1238]
  * Beta parameters: [s1=0.965978, s2=14.228]
  * Adjusted p-values: [emp=0.810945, beta=0.812548]

Processing phenotype [ENSG00000215513.5] [82/306]
  * #variants in cis = 13
  * Best hit: [id=22_internal_4354, d=464296, pv=0.0511886, s=-0.1529]
  * Beta parameters: [s1=0.940465, s2=13.0633]
  * Adjusted p-values: [emp=0.557214, beta=0.550597]

Processing phenotype [ENSG00000196622.5] [83/306]
  * #variants in cis = 13
  * Best hit: [id=22_internal_4007, d=388556, pv=0.0312512, s=-0.1707]
  * Beta parameters: [s1=1.03228, s2=10.4407]
  * Adjusted p-values: [emp=0.358209, beta=0.352669]

Processing phenotype [ENSG00000185252.13] [84/306]
  * #variants in cis = 12
  * Best hit: [id=22_internal_5326, d=-504772, pv=0.0376799, s=-0.1602]
  * Beta parameters: [s1=1.02675, s2=9.90162]
  * Adjusted p-values: [emp=0.432836, beta=0.393588]

Processing phenotype [ENSG00000244486.3] [85/306]
  * #variants in cis = 12
  * Best hit: [id=22_internal_3690, d=-92075, pv=0.0661022, s=-0.1432]
  * Beta parameters: [s1=0.949183, s2=10.2827]
  * Adjusted p-values: [emp=0.482587, beta=0.482574]

Processing phenotype [ENSG00000215493.3] [86/306]
  * #variants in cis = 12
  * Best hit: [id=22_internal_4161, d=-868687, pv=0.0651383, s=-0.1486]
  * Beta parameters: [s1=1.02018, s2=11.9211]
  * Adjusted p-values: [emp=0.577114, beta=0.564172]

Processing phenotype [ENSG00000206673.1] [87/306]
  * #variants in cis = 12
  * Best hit: [id=22_internal_4247, d=33200, pv=0.0611035, s=-0.1535]
  * Beta parameters: [s1=0.926469, s2=10.1895]
  * Adjusted p-values: [emp=0.572139, beta=0.557363]

Processing phenotype [ENSG00000255156.1] [88/306]
  * #variants in cis = 12
  * Best hit: [id=22_internal_4247, d=33200, pv=0.0611035, s=-0.1535]
  * Beta parameters: [s1=0.985685, s2=13.6439]
  * Adjusted p-values: [emp=0.537313, beta=0.510747]

Processing phenotype [ENSG00000242876.2] [89/306]
  * #variants in cis = 12
  * Best hit: [id=22_internal_4161, d=900775, pv=0.0374823, s=-0.1643]
  * Beta parameters: [s1=1.03294, s2=12.5983]
  * Adjusted p-values: [emp=0.343284, beta=0.362286]

Processing phenotype [ENSG00000265300.1] [90/306]
  * #variants in cis = 12
  * Best hit: [id=22_internal_3699, d=603683, pv=0.000313177, s=-0.2890]
  * Beta parameters: [s1=1.08743, s2=11.4955]
  * Adjusted p-values: [emp=0.00497512, beta=0.00163387]

Processing phenotype [ENSG00000236670.1] [91/306]
  * #variants in cis = 12
  * Best hit: [id=22_internal_3699, d=604472, pv=0.0123469, s=-0.2051]
  * Beta parameters: [s1=0.945929, s2=17.5887]
  * Adjusted p-values: [emp=0.104478, beta=0.0933934]

Processing phenotype [ENSG00000099910.12] [92/306]
  * #variants in cis = 12
  * Best hit: [id=22_internal_4112, d=-465433, pv=0.208949, s=0.1011]
  * Beta parameters: [s1=1.00578, s2=13.9657]
  * Adjusted p-values: [emp=0.960199, beta=0.959223]

Processing phenotype [ENSG00000099917.13] [93/306]
  * #variants in cis = 12
  * Best hit: [id=22_internal_3690, d=34021, pv=0.0819458, s=0.1310]
  * Beta parameters: [s1=1.03794, s2=9.64681]
  * Adjusted p-values: [emp=0.646766, beta=0.630669]

Processing phenotype [ENSG00000236003.1] [94/306]
  * #variants in cis = 12
  * Best hit: [id=22_internal_3517, d=-39914, pv=0.0102024, s=-0.2118]
  * Beta parameters: [s1=0.95282, s2=13.2698]
  * Adjusted p-values: [emp=0.119403, beta=0.109233]

Processing phenotype [ENSG00000250261.1] [95/306]
  * #variants in cis = 12
  * Best hit: [id=22_internal_3699, d=712585, pv=0.0837426, s=0.1316]
  * Beta parameters: [s1=1.0438, s2=10.8288]
  * Adjusted p-values: [emp=0.661692, beta=0.670466]

Processing phenotype [ENSG00000226287.3] [96/306]
  * #variants in cis = 10
  * Best hit: [id=22_internal_4112, d=260383, pv=0.135354, s=0.1158]
  * Beta parameters: [s1=0.953867, s2=12.8807]
  * Adjusted p-values: [emp=0.79602, beta=0.790902]

Processing phenotype [ENSG00000234252.1] [97/306]
  * #variants in cis = 10
  * Best hit: [id=22_internal_5326, d=-833702, pv=0.0232898, s=-0.1823]
  * Beta parameters: [s1=1.02207, s2=7.87764]
  * Adjusted p-values: [emp=0.273632, beta=0.249646]

Processing phenotype [ENSG00000230344.2] [98/306]
  * #variants in cis = 10
  * Best hit: [id=22_internal_5326, d=836568, pv=0.0250066, s=-0.1802]
  * Beta parameters: [s1=1.20941, s2=9.74284]
  * Adjusted p-values: [emp=0.228856, beta=0.224294]

Processing phenotype [ENSG00000099937.6] [99/306]
  * #variants in cis = 11
  * Best hit: [id=22_internal_5027, d=-839859, pv=0.0605943, s=-0.1514]
  * Beta parameters: [s1=0.966728, s2=12.8336]
  * Adjusted p-values: [emp=0.482587, beta=0.474775]

Processing phenotype [ENSG00000099940.6] [100/306]
  * #variants in cis = 12
  * Best hit: [id=22_internal_3690, d=-300287, pv=0.015865, s=0.1840]
  * Beta parameters: [s1=1.05252, s2=9.09258]
  * Adjusted p-values: [emp=0.238806, beta=0.215908]

Processing phenotype [ENSG00000241973.6] [101/306]
  * #variants in cis = 12
  * Best hit: [id=22_internal_3704, d=-707105, pv=0.0933197, s=0.1269]
  * Beta parameters: [s1=0.920525, s2=11.0667]
  * Adjusted p-values: [emp=0.691542, beta=0.68646]

Processing phenotype [ENSG00000099942.8] [102/306]
  * #variants in cis = 10
  * Best hit: [id=22_internal_3690, d=-358730, pv=0.104715, s=0.1292]
  * Beta parameters: [s1=0.92791, s2=9.56717]
  * Adjusted p-values: [emp=0.631841, beta=0.677422]

Processing phenotype [ENSG00000266366.1] [103/306]
  * #variants in cis = 9
  * Best hit: [id=22_internal_4112, d=6154, pv=0.168796, s=0.1053]
  * Beta parameters: [s1=1.06228, s2=9.15442]
  * Adjusted p-values: [emp=0.79602, beta=0.797932]

Processing phenotype [ENSG00000237476.1] [104/306]
  * #variants in cis = 9
  * Best hit: [id=22_internal_4112, d=4223, pv=1.02447e-15, s=0.5878]
  * Beta parameters: [s1=0.922479, s2=8.04924]
  * Adjusted p-values: [emp=0.00497512, beta=2.82169e-13]

Processing phenotype [ENSG00000183773.11] [105/306]
  * #variants in cis = 9
  * Best hit: [id=22_internal_4112, d=0, pv=1.61348e-33, s=0.7590]
  * Beta parameters: [s1=0.908537, s2=7.9097]
  * Adjusted p-values: [emp=0.00497512, beta=3.42662e-29]

Processing phenotype [ENSG00000099949.14] [106/306]
  * #variants in cis = 9
  * Best hit: [id=22_internal_4112, d=-5658, pv=7.66438e-21, s=0.6539]
  * Beta parameters: [s1=0.939994, s2=9.56473]
  * Adjusted p-values: [emp=0.00497512, beta=2.82021e-21]

Processing phenotype [ENSG00000230513.1] [107/306]
  * #variants in cis = 9
  * Best hit: [id=22_internal_4247, d=-559777, pv=0.108032, s=-0.1309]
  * Beta parameters: [s1=0.882382, s2=7.99692]
  * Adjusted p-values: [emp=0.61194, beta=0.628961]

Processing phenotype [ENSG00000184436.7] [108/306]
  * #variants in cis = 9
  * Best hit: [id=22_internal_4112, d=28392, pv=0.103962, s=0.1267]
  * Beta parameters: [s1=0.991547, s2=8.06104]
  * Adjusted p-values: [emp=0.532338, beta=0.560665]

Processing phenotype [ENSG00000099957.12] [109/306]
  * #variants in cis = 9
  * Best hit: [id=22_internal_3757, d=786896, pv=0.0895304, s=0.1344]
  * Beta parameters: [s1=1.01587, s2=8.72494]
  * Adjusted p-values: [emp=0.532338, beta=0.520855]

Processing phenotype [ENSG00000161149.7] [110/306]
  * #variants in cis = 9
  * Best hit: [id=22_internal_3757, d=-782412, pv=0.0359754, s=0.1672]
  * Beta parameters: [s1=1.09743, s2=8.21468]
  * Adjusted p-values: [emp=0.283582, beta=0.27548]

Processing phenotype [ENSG00000169635.5] [111/306]
  * #variants in cis = 11
  * Best hit: [id=22_internal_3757, d=379300, pv=0.00581122, s=-0.2150]
  * Beta parameters: [s1=1.03893, s2=11.7971]
  * Adjusted p-values: [emp=0.0597015, beta=0.0685499]

Processing phenotype [ENSG00000206140.5] [112/306]
  * #variants in cis = 10
  * Best hit: [id=22_internal_4531, d=782219, pv=0.141707, s=-0.1139]
  * Beta parameters: [s1=1.07759, s2=10.5784]
  * Adjusted p-values: [emp=0.776119, beta=0.784002]

Processing phenotype [ENSG00000183506.11] [113/306]
  * #variants in cis = 10
  * Best hit: [id=22_internal_4531, d=-731109, pv=0.198349, s=-0.1049]
  * Beta parameters: [s1=1.03317, s2=11.832]
  * Adjusted p-values: [emp=0.915423, beta=0.906597]

Processing phenotype [ENSG00000185651.10] [114/306]
  * #variants in cis = 10
  * Best hit: [id=22_internal_4575, d=167805, pv=0.0517341, s=0.1542]
  * Beta parameters: [s1=1.03091, s2=9.42574]
  * Adjusted p-values: [emp=0.40796, beta=0.398152]

Processing phenotype [ENSG00000161179.9] [115/306]
  * #variants in cis = 8
  * Best hit: [id=22_internal_5067, d=-430299, pv=0.0265026, s=-0.1737]
  * Beta parameters: [s1=1.07314, s2=7.97077]
  * Adjusted p-values: [emp=0.199005, beta=0.180893]

Processing phenotype [ENSG00000161180.5] [116/306]
  * #variants in cis = 8
  * Best hit: [id=22_internal_4575, d=84534, pv=0.155653, s=0.1101]
  * Beta parameters: [s1=0.973044, s2=7.70069]
  * Adjusted p-values: [emp=0.716418, beta=0.731256]

Processing phenotype [ENSG00000128228.4] [117/306]
  * #variants in cis = 8
  * Best hit: [id=22_internal_4664, d=116819, pv=0.267956, s=-0.0867]
  * Beta parameters: [s1=1.01445, s2=8.51881]
  * Adjusted p-values: [emp=0.905473, beta=0.922452]

Processing phenotype [ENSG00000100023.12] [118/306]
  * #variants in cis = 8
  * Best hit: [id=22_internal_4664, d=106810, pv=0.0759538, s=-0.1430]
  * Beta parameters: [s1=0.9372, s2=6.51921]
  * Adjusted p-values: [emp=0.487562, beta=0.486612]

Processing phenotype [ENSG00000244671.2] [119/306]
  * #variants in cis = 8
  * Best hit: [id=22_internal_5067, d=-337181, pv=0.289218, s=0.0819]
  * Beta parameters: [s1=0.878908, s2=8.19406]
  * Adjusted p-values: [emp=0.935323, beta=0.931091]

Processing phenotype [ENSG00000100027.10] [120/306]
  * #variants in cis = 8
  * Best hit: [id=22_internal_4112, d=762030, pv=0.18712, s=0.1023]
  * Beta parameters: [s1=1.04505, s2=7.83253]
  * Adjusted p-values: [emp=0.850746, beta=0.828436]

Processing phenotype [ENSG00000200985.1] [121/306]
  * #variants in cis = 8
  * Best hit: [id=22_internal_5067, d=267929, pv=0.12143, s=0.1209]
  * Beta parameters: [s1=0.922596, s2=7.0389]
  * Adjusted p-values: [emp=0.616915, beta=0.62647]

Processing phenotype [ENSG00000100030.10] [122/306]
  * #variants in cis = 9
  * Best hit: [id=22_internal_3704, d=236778, pv=0.0692298, s=0.1421]
  * Beta parameters: [s1=1.01238, s2=8.97721]
  * Adjusted p-values: [emp=0.457711, beta=0.434978]

Processing phenotype [ENSG00000225544.1] [123/306]
  * #variants in cis = 9
  * Best hit: [id=22_internal_4575, d=0, pv=0.33752, s=0.0766]
  * Beta parameters: [s1=1.05437, s2=7.91809]
  * Adjusted p-values: [emp=0.970149, beta=0.965128]

Processing phenotype [ENSG00000224086.3] [124/306]
  * #variants in cis = 9
  * Best hit: [id=22_internal_4575, d=0, pv=0.0113919, s=0.2031]
  * Beta parameters: [s1=1.1846, s2=8.67408]
  * Adjusted p-values: [emp=0.0746269, beta=0.088159]

Processing phenotype [ENSG00000100034.9] [125/306]
  * #variants in cis = 9
  * Best hit: [id=22_internal_4575, d=0, pv=0.000792222, s=0.2768]
  * Beta parameters: [s1=0.933614, s2=10.2649]
  * Adjusted p-values: [emp=0.00995025, beta=0.00481659]

Processing phenotype [ENSG00000100038.15] [126/306]
  * #variants in cis = 8
  * Best hit: [id=22_internal_5067, d=-77439, pv=0.002438, s=0.2356]
  * Maximum Likelihood estimation failed, use Moment Matching instead!
  * Beta parameters: [s1=0.999956, s2=5.25993]
  * Adjusted p-values: [emp=0.0298507, beta=0.0326896]

Processing phenotype [ENSG00000182502.2] [127/306]
  * #variants in cis = 7
  * Best hit: [id=22_internal_5067, d=0, pv=3.72761e-16, s=0.5546]
  * Beta parameters: [s1=1.02339, s2=6.6994]
  * Adjusted p-values: [emp=0.00497512, beta=1.72227e-14]

Processing phenotype [ENSG00000236850.3] [128/306]
  * #variants in cis = 10
  * Best hit: [id=22_internal_4531, d=0, pv=2.42222e-14, s=0.5378]
  * Beta parameters: [s1=0.9558, s2=9.46511]
  * Adjusted p-values: [emp=0.00497512, beta=1.41097e-12]

Processing phenotype [ENSG00000211643.2] [129/306]
  * #variants in cis = 10
  * Best hit: [id=22_internal_4531, d=0, pv=8.11225e-12, s=0.4933]
  * Beta parameters: [s1=0.945892, s2=15.021]
  * Adjusted p-values: [emp=0.00497512, beta=4.7585e-12]

Processing phenotype [ENSG00000211644.2] [130/306]
  * #variants in cis = 10
  * Best hit: [id=22_internal_4531, d=0, pv=8.33337e-08, s=0.4096]
  * Beta parameters: [s1=0.875401, s2=9.16853]
  * Adjusted p-values: [emp=0.00497512, beta=2.05528e-06]

Processing phenotype [ENSG00000198477.3] [131/306]
  * #variants in cis = 10
  * Best hit: [id=22_internal_3613, d=-679531, pv=0.107324, s=0.1290]
  * Beta parameters: [s1=0.917306, s2=9.73489]
  * Adjusted p-values: [emp=0.661692, beta=0.669396]

Processing phenotype [ENSG00000211663.2] [132/306]
  * #variants in cis = 10
  * Best hit: [id=22_internal_4664, d=-919682, pv=0.0548474, s=0.1451]
  * Beta parameters: [s1=0.877921, s2=9.38865]
  * Adjusted p-values: [emp=0.402985, beta=0.40123]

Processing phenotype [ENSG00000211666.2] [133/306]
  * #variants in cis = 10
  * Best hit: [id=22_internal_4211, d=436949, pv=0.00338446, s=0.2223]
  * Beta parameters: [s1=0.92731, s2=9.30884]
  * Adjusted p-values: [emp=0.0348259, beta=0.0318231]

Processing phenotype [ENSG00000254709.1] [134/306]
  * #variants in cis = 8
  * Best hit: [id=22_internal_4211, d=308178, pv=0.0686974, s=0.1384]
  * Beta parameters: [s1=1.00046, s2=8.86236]
  * Adjusted p-values: [emp=0.437811, beta=0.419872]

Processing phenotype [ENSG00000211675.2] [135/306]
  * #variants in cis = 9
  * Best hit: [id=22_internal_4211, d=300583, pv=0.0735353, s=0.1366]
  * Beta parameters: [s1=1.00826, s2=9.54564]
  * Adjusted p-values: [emp=0.482587, beta=0.473113]

Processing phenotype [ENSG00000211679.2] [136/306]
  * #variants in cis = 9
  * Best hit: [id=22_internal_3789, d=986828, pv=0.0381576, s=0.1610]
  * Beta parameters: [s1=1.09032, s2=8.09298]
  * Adjusted p-values: [emp=0.248756, beta=0.252723]

Processing phenotype [ENSG00000128266.7] [137/306]
  * #variants in cis = 9
  * Best hit: [id=22_internal_5067, d=-900458, pv=0.00085498, s=0.2678]
  * Beta parameters: [s1=0.960537, s2=9.47557]
  * Adjusted p-values: [emp=0.00497512, beta=0.00380274]

Processing phenotype [ENSG00000100218.7] [138/306]
  * #variants in cis = 9
  * Best hit: [id=22_internal_4060, d=-512872, pv=0.0773844, s=0.1455]
  * Beta parameters: [s1=1.08359, s2=10.0748]
  * Adjusted p-values: [emp=0.552239, beta=0.551156]

Processing phenotype [ENSG00000100228.8] [139/306]
  * #variants in cis = 9
  * Best hit: [id=22_internal_5202, d=0, pv=1.28147e-05, s=0.3437]
  * Beta parameters: [s1=0.933596, s2=9.07328]
  * Adjusted p-values: [emp=0.00497512, beta=0.000117091]

Processing phenotype [ENSG00000186716.15] [140/306]
  * #variants in cis = 8
  * Best hit: [id=22_internal_5202, d=0, pv=3.05145e-17, s=0.6144]
  * Beta parameters: [s1=1.06118, s2=7.0978]
  * Adjusted p-values: [emp=0.00497512, beta=8.80257e-16]

Processing phenotype [ENSG00000240160.2] [141/306]
  * #variants in cis = 10
  * Best hit: [id=22_internal_3190, d=-650648, pv=0.0227415, s=-0.1863]
  * Beta parameters: [s1=0.959736, s2=8.2804]
  * Adjusted p-values: [emp=0.18408, beta=0.190725]

Processing phenotype [ENSG00000230701.1] [142/306]
  * #variants in cis = 10
  * Best hit: [id=22_internal_5202, d=-10715, pv=0.000497453, s=0.2800]
  * Beta parameters: [s1=0.968346, s2=7.97912]
  * Adjusted p-values: [emp=0.0298507, beta=0.0109229]

Processing phenotype [ENSG00000214526.3] [143/306]
  * #variants in cis = 11
  * Best hit: [id=22_internal_4326, d=-858150, pv=0.0601195, s=0.1534]
  * Beta parameters: [s1=0.948565, s2=10.1916]
  * Adjusted p-values: [emp=0.467662, beta=0.475962]

Processing phenotype [ENSG00000189269.7] [144/306]
  * #variants in cis = 13
  * Best hit: [id=22_internal_3789, d=-260832, pv=0.0219777, s=0.1871]
  * Beta parameters: [s1=1.04579, s2=12.0602]
  * Adjusted p-values: [emp=0.223881, beta=0.217376]

Processing phenotype [ENSG00000211683.2] [145/306]
  * #variants in cis = 13
  * Best hit: [id=22_internal_4060, d=-18952, pv=0.0973679, s=-0.1312]
  * Beta parameters: [s1=0.969012, s2=13.4312]
  * Adjusted p-values: [emp=0.716418, beta=0.717772]

Processing phenotype [ENSG00000234353.2] [146/306]
  * #variants in cis = 13
  * Best hit: [id=22_internal_4060, d=-17131, pv=0.0912733, s=-0.1359]
  * Beta parameters: [s1=0.986587, s2=13.681]
  * Adjusted p-values: [emp=0.721393, beta=0.713696]

Processing phenotype [ENSG00000244723.3] [147/306]
  * #variants in cis = 14
  * Best hit: [id=22_internal_4060, d=-4559, pv=1.92099e-05, s=0.3201]
  * Beta parameters: [s1=1.09332, s2=12.4411]
  * Adjusted p-values: [emp=0.00497512, beta=0.000196374]

Processing phenotype [ENSG00000159496.10] [148/306]
  * #variants in cis = 14
  * Best hit: [id=22_internal_4060, d=0, pv=3.09785e-06, s=0.3604]
  * Beta parameters: [s1=0.951631, s2=15.0055]
  * Adjusted p-values: [emp=0.00497512, beta=4.95781e-05]

Processing phenotype [ENSG00000228315.5] [149/306]
  * #variants in cis = 14
  * Best hit: [id=22_internal_4060, d=0, pv=0.000291311, s=0.2866]
  * Beta parameters: [s1=0.928622, s2=12.5716]
  * Adjusted p-values: [emp=0.00995025, beta=0.00487817]

Processing phenotype [ENSG00000187792.3] [150/306]
  * #variants in cis = 15
  * Best hit: [id=22_internal_3465, d=-430060, pv=0.0026464, s=0.2320]
  * Beta parameters: [s1=0.989129, s2=16.0829]
  * Adjusted p-values: [emp=0.0497512, beta=0.0379349]

Processing phenotype [ENSG00000128218.7] [151/306]
  * #variants in cis = 15
  * Best hit: [id=22_internal_5202, d=502047, pv=0.0149383, s=0.1902]
  * Beta parameters: [s1=1.10458, s2=12.9094]
  * Adjusted p-values: [emp=0.21393, beta=0.203754]

Processing phenotype [ENSG00000169314.10] [152/306]
  * #variants in cis = 15
  * Best hit: [id=22_internal_3465, d=418131, pv=2.43524e-08, s=0.4272]
  * Beta parameters: [s1=1.01345, s2=11.4794]
  * Adjusted p-values: [emp=0.00497512, beta=9.21092e-07]

Processing phenotype [ENSG00000099953.5] [153/306]
  * #variants in cis = 15
  * Best hit: [id=22_internal_4328, d=-944159, pv=0.0511303, s=0.1522]
  * Beta parameters: [s1=1.08664, s2=12.1568]
  * Adjusted p-values: [emp=0.507463, beta=0.501313]

Processing phenotype [ENSG00000250479.4] [154/306]
  * #variants in cis = 15
  * Best hit: [id=22_internal_3465, d=-412709, pv=1.40798e-06, s=0.3857]
  * Beta parameters: [s1=1.07734, s2=12.2089]
  * Adjusted p-values: [emp=0.00497512, beta=1.23711e-05]

Processing phenotype [ENSG00000099956.13] [155/306]
  * #variants in cis = 15
  * Best hit: [id=22_internal_5202, d=-534542, pv=0.0491797, s=0.1583]
  * Beta parameters: [s1=1.03366, s2=13.2891]
  * Adjusted p-values: [emp=0.487562, beta=0.483599]

Processing phenotype [ENSG00000099958.10] [156/306]
  * #variants in cis = 14
  * Best hit: [id=22_internal_3677, d=-807085, pv=0.119413, s=-0.1213]
  * Beta parameters: [s1=0.960257, s2=14.8445]
  * Adjusted p-values: [emp=0.835821, beta=0.834272]

Processing phenotype [ENSG00000133460.14] [157/306]
  * #variants in cis = 14
  * Best hit: [id=22_internal_4211, d=-617940, pv=0.00762586, s=0.2102]
  * Beta parameters: [s1=0.978518, s2=10.7528]
  * Adjusted p-values: [emp=0.104478, beta=0.11684]

Processing phenotype [ENSG00000251357.3] [158/306]
  * #variants in cis = 14
  * Best hit: [id=22_internal_4060, d=-144082, pv=0.005164, s=0.2296]
  * Beta parameters: [s1=1.00154, s2=14.2897]
  * Adjusted p-values: [emp=0.0497512, beta=0.0524328]

Processing phenotype [ENSG00000240972.1] [159/306]
  * #variants in cis = 14
  * Best hit: [id=22_internal_3465, d=287148, pv=0.00227851, s=0.2373]
  * Beta parameters: [s1=0.925004, s2=11.5402]
  * Adjusted p-values: [emp=0.0447761, beta=0.0367778]

Processing phenotype [ENSG00000218537.1] [160/306]
  * #variants in cis = 14
  * Best hit: [id=22_internal_3465, d=-282222, pv=0.00185895, s=0.2432]
  * Beta parameters: [s1=1.15119, s2=12.3703]
  * Adjusted p-values: [emp=0.0199005, beta=0.0209085]

Processing phenotype [ENSG00000225282.1] [161/306]
  * #variants in cis = 14
  * Best hit: [id=22_internal_3789, d=0, pv=1.36633e-23, s=0.7116]
  * Beta parameters: [s1=0.902745, s2=13.4223]
  * Adjusted p-values: [emp=0.00497512, beta=9.6852e-22]

Processing phenotype [ENSG00000099974.7] [162/306]
  * #variants in cis = 14
  * Best hit: [id=22_internal_3789, d=0, pv=7.55523e-17, s=0.5750]
  * Beta parameters: [s1=1.05512, s2=12.4872]
  * Adjusted p-values: [emp=0.00497512, beta=3.24412e-15]

Processing phenotype [ENSG00000099977.9] [163/306]
  * #variants in cis = 14
  * Best hit: [id=22_internal_3789, d=0, pv=1.33078e-19, s=0.6114]
  * Beta parameters: [s1=0.929709, s2=13.2522]
  * Adjusted p-values: [emp=0.00497512, beta=1.64887e-18]

Processing phenotype [ENSG00000099991.12] [164/306]
  * #variants in cis = 14
  * Best hit: [id=22_internal_3789, d=-21952, pv=5.68996e-05, s=0.3067]
  * Beta parameters: [s1=1.03031, s2=12.0422]
  * Adjusted p-values: [emp=0.00497512, beta=0.0011213]

Processing phenotype [ENSG00000232545.1] [165/306]
  * #variants in cis = 14
  * Best hit: [id=22_internal_3789, d=-111962, pv=2.77192e-05, s=0.3251]
  * Beta parameters: [s1=0.861922, s2=16.5395]
  * Adjusted p-values: [emp=0.00497512, beta=0.000266312]

Processing phenotype [ENSG00000099994.10] [166/306]
  * #variants in cis = 13
  * Best hit: [id=22_internal_3943, d=60873, pv=0.0122539, s=0.2033]
  * Beta parameters: [s1=0.919669, s2=10.7819]
  * Adjusted p-values: [emp=0.169154, beta=0.159851]

Processing phenotype [ENSG00000099998.13] [167/306]
  * #variants in cis = 11
  * Best hit: [id=22_internal_4060, d=580817, pv=0.00605203, s=0.2114]
  * Beta parameters: [s1=0.990428, s2=10.078]
  * Adjusted p-values: [emp=0.0696517, beta=0.0668843]

Processing phenotype [ENSG00000100014.14] [168/306]
  * #variants in cis = 11
  * Best hit: [id=22_internal_3943, d=-22886, pv=0.00489416, s=0.2244]
  * Beta parameters: [s1=1.07088, s2=13.1118]
  * Adjusted p-values: [emp=0.0348259, beta=0.0387487]

Processing phenotype [ENSG00000258555.2] [169/306]
  * #variants in cis = 11
  * Best hit: [id=22_internal_3190, d=-352452, pv=0.017573, s=0.1886]
  * Beta parameters: [s1=1.01696, s2=10.693]
  * Adjusted p-values: [emp=0.159204, beta=0.155291]

Processing phenotype [ENSG00000128271.13] [170/306]
  * #variants in cis = 12
  * Best hit: [id=22_internal_3839, d=5444, pv=0.000901208, s=0.2589]
  * Beta parameters: [s1=1.0126, s2=10.2159]
  * Adjusted p-values: [emp=0.0199005, beta=0.011781]

Processing phenotype [ENSG00000100024.10] [171/306]
  * #variants in cis = 12
  * Best hit: [id=22_internal_4326, d=-302344, pv=0.0665074, s=-0.1449]
  * Beta parameters: [s1=0.971675, s2=14.0839]
  * Adjusted p-values: [emp=0.562189, beta=0.566617]

Processing phenotype [ENSG00000178803.6] [172/306]
  * #variants in cis = 12
  * Best hit: [id=22_internal_3839, d=0, pv=0.0263308, s=0.1740]
  * Beta parameters: [s1=1.03802, s2=13.9999]
  * Adjusted p-values: [emp=0.238806, beta=0.268746]

Processing phenotype [ENSG00000228923.1] [173/306]
  * #variants in cis = 12
  * Best hit: [id=22_internal_4060, d=-852183, pv=0.0353928, s=-0.1641]
  * Beta parameters: [s1=0.897162, s2=10.3259]
  * Adjusted p-values: [emp=0.383085, beta=0.377175]

Processing phenotype [ENSG00000100028.7] [174/306]
  * #variants in cis = 12
  * Best hit: [id=22_internal_3839, d=-34900, pv=0.00284401, s=0.2326]
  * Beta parameters: [s1=0.944077, s2=11.8932]
  * Adjusted p-values: [emp=0.0547264, beta=0.0332867]

Processing phenotype [ENSG00000138867.12] [175/306]
  * #variants in cis = 12
  * Best hit: [id=22_internal_5363, d=-806177, pv=0.00881135, s=-0.1988]
  * Beta parameters: [s1=0.914424, s2=13.231]
  * Adjusted p-values: [emp=0.104478, beta=0.0980798]

Processing phenotype [ENSG00000100031.14] [176/306]
  * #variants in cis = 13
  * Best hit: [id=22_internal_3677, d=8682, pv=3.93775e-13, s=0.5285]
  * Beta parameters: [s1=1.07226, s2=11.1736]
  * Adjusted p-values: [emp=0.00497512, beta=7.70213e-12]

Processing phenotype [ENSG00000178026.8] [177/306]
  * #variants in cis = 13
  * Best hit: [id=22_internal_3677, d=0, pv=2.232e-05, s=0.3285]
  * Beta parameters: [s1=1.08659, s2=13.7553]
  * Adjusted p-values: [emp=0.00497512, beta=0.000111103]

Processing phenotype [ENSG00000224124.2] [178/306]
  * #variants in cis = 13
  * Best hit: [id=22_internal_5363, d=-702966, pv=0.00410792, s=0.2319]
  * Beta parameters: [s1=0.988083, s2=11.6768]
  * Adjusted p-values: [emp=0.0597015, beta=0.0689633]

Processing phenotype [ENSG00000197077.7] [179/306]
  * #variants in cis = 10
  * Best hit: [id=22_internal_3839, d=-505029, pv=0.06258, s=0.1436]
  * Beta parameters: [s1=0.947572, s2=10.6908]
  * Adjusted p-values: [emp=0.482587, beta=0.47021]

Processing phenotype [ENSG00000236650.1] [180/306]
  * #variants in cis = 8
  * Best hit: [id=22_internal_5363, d=-183353, pv=0.336776, s=-0.0785]
  * Beta parameters: [s1=1.02571, s2=11.0576]
  * Adjusted p-values: [emp=0.99005, beta=0.978774]

Processing phenotype [ENSG00000230637.2] [181/306]
  * #variants in cis = 7
  * Best hit: [id=22_internal_5363, d=34861, pv=4.81093e-06, s=0.3402]
  * Maximum Likelihood estimation failed, use Moment Matching instead!
  * Beta parameters: [s1=1.00001, s2=5.70039]
  * Adjusted p-values: [emp=0.00497512, beta=8.57688e-05]

Processing phenotype [ENSG00000231466.2] [182/306]
  * #variants in cis = 7
  * Best hit: [id=22_internal_5363, d=-11791, pv=1.15289e-11, s=0.5128]
  * Beta parameters: [s1=0.9448, s2=7.37735]
  * Adjusted p-values: [emp=0.00497512, beta=1.59183e-11]

Processing phenotype [ENSG00000100068.7] [183/306]
  * #variants in cis = 8
  * Best hit: [id=22_internal_5363, d=0, pv=2.67055e-10, s=0.4792]
  * Beta parameters: [s1=1.04579, s2=7.23372]
  * Adjusted p-values: [emp=0.00497512, beta=1.3535e-09]

Processing phenotype [ENSG00000100058.7] [184/306]
  * #variants in cis = 8
  * Best hit: [id=22_internal_5363, d=0, pv=1.66025e-09, s=0.4544]
  * Beta parameters: [s1=1.10229, s2=8.06662]
  * Adjusted p-values: [emp=0.00497512, beta=1.02671e-08]

Processing phenotype [ENSG00000234884.1] [185/306]
  * #variants in cis = 6
  * Best hit: [id=22_internal_4216, d=0, pv=0.0978268, s=0.1287]
  * Beta parameters: [s1=0.954743, s2=5.52543]
  * Adjusted p-values: [emp=0.447761, beta=0.431591]

Processing phenotype [ENSG00000100077.8] [186/306]
  * #variants in cis = 6
  * Best hit: [id=22_internal_3400, d=812247, pv=0.169643, s=-0.1151]
  * Beta parameters: [s1=1.04383, s2=6.01234]
  * Adjusted p-values: [emp=0.671642, beta=0.668825]

Processing phenotype [ENSG00000237387.1] [187/306]
  * #variants in cis = 8
  * Best hit: [id=22_internal_3627, d=851766, pv=0.0208779, s=-0.1851]
  * Beta parameters: [s1=1.10904, s2=8.97782]
  * Adjusted p-values: [emp=0.154229, beta=0.148478]

Processing phenotype [ENSG00000224003.1] [188/306]
  * #variants in cis = 8
  * Best hit: [id=22_internal_3627, d=-917645, pv=0.0772076, s=-0.1389]
  * Beta parameters: [s1=0.945601, s2=8.34022]
  * Adjusted p-values: [emp=0.412935, beta=0.442224]

Processing phenotype [ENSG00000222585.1] [189/306]
  * #variants in cis = 8
  * Best hit: [id=22_internal_3846, d=-863024, pv=0.0822472, s=0.1396]
  * Beta parameters: [s1=0.955878, s2=10.1647]
  * Adjusted p-values: [emp=0.442786, beta=0.448579]

Processing phenotype [ENSG00000100095.14] [190/306]
  * #variants in cis = 7
  * Best hit: [id=22_internal_5363, d=-584401, pv=0.0136028, s=0.1950]
  * Beta parameters: [s1=1.06929, s2=9.44912]
  * Adjusted p-values: [emp=0.0646766, beta=0.0691217]

Processing phenotype [ENSG00000224192.2] [191/306]
  * #variants in cis = 7
  * Best hit: [id=22_internal_3400, d=-123005, pv=0.255083, s=-0.0937]
  * Beta parameters: [s1=1.03174, s2=6.35815]
  * Adjusted p-values: [emp=0.860697, beta=0.851817]

Processing phenotype [ENSG00000128203.6] [192/306]
  * #variants in cis = 8
  * Best hit: [id=22_internal_4953, d=112826, pv=0.0544602, s=-0.1534]
  * Beta parameters: [s1=0.984937, s2=8.17318]
  * Adjusted p-values: [emp=0.40796, beta=0.401897]

Processing phenotype [ENSG00000100099.16] [193/306]
  * #variants in cis = 8
  * Best hit: [id=22_internal_3749, d=-160813, pv=0.0186049, s=0.1899]
  * Beta parameters: [s1=1.07068, s2=9.45902]
  * Adjusted p-values: [emp=0.139303, beta=0.126209]

Processing phenotype [ENSG00000100104.7] [194/306]
  * #variants in cis = 8
  * Best hit: [id=22_internal_3970, d=833557, pv=0.223683, s=-0.0948]
  * Beta parameters: [s1=1.18108, s2=8.75321]
  * Adjusted p-values: [emp=0.865672, beta=0.883798]

Processing phenotype [ENSG00000100109.12] [195/306]
  * #variants in cis = 8
  * Best hit: [id=22_internal_4953, d=-29594, pv=0.289923, s=-0.0819]
  * Beta parameters: [s1=1.07302, s2=9.75231]
  * Adjusted p-values: [emp=0.945274, beta=0.943112]

Processing phenotype [ENSG00000261188.1] [196/306]
  * #variants in cis = 8
  * Best hit: [id=22_internal_3970, d=804897, pv=0.32327, s=-0.0805]
  * Beta parameters: [s1=0.9997, s2=7.56045]
  * Adjusted p-values: [emp=0.950249, beta=0.954251]

Processing phenotype [ENSG00000260065.1] [197/306]
  * #variants in cis = 8
  * Best hit: [id=22_internal_5363, d=939963, pv=0.0546557, s=-0.1503]
  * Beta parameters: [s1=0.992304, s2=9.67086]
  * Adjusted p-values: [emp=0.373134, beta=0.384564]

Processing phenotype [ENSG00000213707.2] [198/306]
  * #variants in cis = 8
  * Best hit: [id=22_internal_3996, d=11440, pv=0.00812981, s=0.2134]
  * Beta parameters: [s1=1.07724, s2=7.75929]
  * Adjusted p-values: [emp=0.0447761, beta=0.0462392]

Processing phenotype [ENSG00000128294.11] [199/306]
  * #variants in cis = 6
  * Best hit: [id=22_internal_4953, d=1960, pv=0.0186328, s=0.1856]
  * Maximum Likelihood estimation failed, use Moment Matching instead!
  * Beta parameters: [s1=1.00001, s2=5.13249]
  * Adjusted p-values: [emp=0.124378, beta=0.121286]

Processing phenotype [ENSG00000100122.5] [200/306]
  * #variants in cis = 6
  * Best hit: [id=22_internal_3749, d=-26564, pv=0.043972, s=0.1610]
  * Beta parameters: [s1=1.01703, s2=6.67876]
  * Adjusted p-values: [emp=0.268657, beta=0.25084]

Processing phenotype [ENSG00000225783.2] [201/306]
  * #variants in cis = 6
  * Best hit: [id=22_internal_3996, d=-52750, pv=0.0182638, s=0.1861]
  * Beta parameters: [s1=1.08373, s2=6.03233]
  * Adjusted p-values: [emp=0.0845771, beta=0.0801619]

Processing phenotype [ENSG00000206028.1] [202/306]
  * #variants in cis = 6
  * Best hit: [id=22_internal_3996, d=78975, pv=0.0140918, s=0.1945]
  * Beta parameters: [s1=1.03632, s2=5.97395]
  * Adjusted p-values: [emp=0.0845771, beta=0.0717601]

Processing phenotype [ENSG00000244625.1] [203/306]
  * #variants in cis = 6
  * Best hit: [id=22_internal_3400, d=-287168, pv=0.104189, s=0.1240]
  * Maximum Likelihood estimation failed, use Moment Matching instead!
  * Beta parameters: [s1=0.999983, s2=5.44584]
  * Adjusted p-values: [emp=0.522388, beta=0.53297]

Processing phenotype [ENSG00000223704.1] [204/306]
  * #variants in cis = 6
  * Best hit: [id=22_internal_3970, d=458803, pv=0.133959, s=-0.1229]
  * Beta parameters: [s1=0.941189, s2=7.56789]
  * Adjusted p-values: [emp=0.567164, beta=0.575409]

Processing phenotype [ENSG00000231369.1] [205/306]
  * #variants in cis = 6
  * Best hit: [id=22_internal_3970, d=-429889, pv=0.298572, s=0.0817]
  * Beta parameters: [s1=0.976525, s2=6.77375]
  * Adjusted p-values: [emp=0.875622, beta=0.901534]

Processing phenotype [ENSG00000235271.1] [206/306]
  * #variants in cis = 6
  * Best hit: [id=22_internal_3846, d=-284599, pv=0.160808, s=-0.1132]
  * Beta parameters: [s1=0.976113, s2=7.30461]
  * Adjusted p-values: [emp=0.651741, beta=0.651864]

Processing phenotype [ENSG00000226169.1] [207/306]
  * #variants in cis = 1
  * Best hit: [id=22_internal_3970, d=-384250, pv=0.402781, s=0.0657]
  * Maximum Likelihood estimation failed, use Moment Matching instead!
  * Beta parameters: [s1=0.999969, s2=1.03786]
  * Adjusted p-values: [emp=0.402985, beta=0.413024]

Processing phenotype [ENSG00000169184.5] [208/306]
  * #variants in cis = 2
  * Best hit: [id=22_internal_3970, d=469268, pv=0.206343, s=0.1007]
  * Maximum Likelihood estimation failed, use Moment Matching instead!
  * Beta parameters: [s1=0.999953, s2=1.91518]
  * Adjusted p-values: [emp=0.41791, beta=0.413864]

Processing phenotype [ENSG00000235954.2] [209/306]
  * #variants in cis = 2
  * Best hit: [id=22_internal_3656, d=852746, pv=0.37009, s=-0.0724]
  * Maximum Likelihood estimation failed, use Moment Matching instead!
  * Beta parameters: [s1=1, s2=2.09141]
  * Adjusted p-values: [emp=0.646766, beta=0.636004]

Processing phenotype [ENSG00000180957.13] [210/306]
  * #variants in cis = 2
  * Best hit: [id=22_internal_3656, d=-851988, pv=0.819283, s=-0.0172]
  * Maximum Likelihood estimation failed, use Moment Matching instead!
  * Beta parameters: [s1=1, s2=1.69906]
  * Adjusted p-values: [emp=0.950249, beta=0.950823]

Processing phenotype [ENSG00000100154.10] [211/306]
  * #variants in cis = 6
  * Best hit: [id=22_internal_4111, d=-262955, pv=0.000688125, s=0.2552]
  * Maximum Likelihood estimation failed, use Moment Matching instead!
  * Beta parameters: [s1=0.99995, s2=4.50964]
  * Adjusted p-values: [emp=0.00497512, beta=0.0094432]

Processing phenotype [ENSG00000100209.5] [212/306]
  * #variants in cis = 6
  * Best hit: [id=22_internal_3547, d=799028, pv=0.0289541, s=0.1644]
  * Beta parameters: [s1=0.953207, s2=6.11671]
  * Adjusted p-values: [emp=0.189055, beta=0.177367]

Processing phenotype [ENSG00000183765.16] [213/306]
  * #variants in cis = 6
  * Best hit: [id=22_internal_4292, d=-459330, pv=0.196098, s=0.1040]
  * Beta parameters: [s1=0.880933, s2=5.7192]
  * Adjusted p-values: [emp=0.706468, beta=0.738914]

Processing phenotype [ENSG00000159873.5] [214/306]
  * #variants in cis = 6
  * Best hit: [id=22_internal_3976, d=569596, pv=0.464066, s=-0.0567]
  * Beta parameters: [s1=0.966699, s2=5.95587]
  * Adjusted p-values: [emp=0.975124, beta=0.977303]

Processing phenotype [ENSG00000100219.12] [215/306]
  * #variants in cis = 6
  * Best hit: [id=22_internal_3656, d=0, pv=0.016828, s=0.1822]
  * Beta parameters: [s1=0.921729, s2=5.48362]
  * Adjusted p-values: [emp=0.144279, beta=0.12577]

Processing phenotype [ENSG00000226471.2] [216/306]
  * #variants in cis = 6
  * Best hit: [id=22_internal_4066, d=271976, pv=0.00117428, s=-0.2455]
  * Beta parameters: [s1=0.972385, s2=6.30919]
  * Adjusted p-values: [emp=0.00995025, beta=0.00922886]

Processing phenotype [ENSG00000183579.11] [217/306]
  * #variants in cis = 9
  * Best hit: [id=22_internal_4111, d=59228, pv=3.58756e-05, s=0.3132]
  * Beta parameters: [s1=1.00124, s2=8.62788]
  * Adjusted p-values: [emp=0.00497512, beta=0.000537594]

Processing phenotype [ENSG00000183762.8] [218/306]
  * #variants in cis = 10
  * Best hit: [id=22_internal_4066, d=0, pv=3.27385e-09, s=0.4574]
  * Beta parameters: [s1=1.01948, s2=11.4504]
  * Adjusted p-values: [emp=0.00497512, beta=7.49972e-09]

Processing phenotype [ENSG00000186998.11] [219/306]
  * #variants in cis = 13
  * Best hit: [id=22_internal_3911, d=614313, pv=0.284892, s=0.0898]
  * Beta parameters: [s1=1.01307, s2=13.9953]
  * Adjusted p-values: [emp=0.99005, beta=0.988681]

Processing phenotype [ENSG00000237015.1] [220/306]
  * #variants in cis = 13
  * Best hit: [id=22_internal_4985, d=888920, pv=0.0352625, s=-0.1670]
  * Beta parameters: [s1=1.058, s2=13.0911]
  * Adjusted p-values: [emp=0.38806, beta=0.376633]

Processing phenotype [ENSG00000182944.13] [221/306]
  * #variants in cis = 13
  * Best hit: [id=22_internal_3976, d=74260, pv=0.0154965, s=-0.1900]
  * Beta parameters: [s1=0.861287, s2=13.4174]
  * Adjusted p-values: [emp=0.21393, beta=0.191651]

Processing phenotype [ENSG00000100263.9] [222/306]
  * #variants in cis = 13
  * Best hit: [id=22_internal_4111, d=310981, pv=0.00626851, s=-0.2183]
  * Beta parameters: [s1=0.979946, s2=14.6301]
  * Adjusted p-values: [emp=0.0845771, beta=0.0843656]

Processing phenotype [ENSG00000185340.11] [223/306]
  * #variants in cis = 13
  * Best hit: [id=22_internal_4985, d=843226, pv=0.0312613, s=0.1633]
  * Beta parameters: [s1=0.886788, s2=13.257]
  * Adjusted p-values: [emp=0.338308, beta=0.341553]

Processing phenotype [ENSG00000100276.8] [224/306]
  * #variants in cis = 13
  * Best hit: [id=22_internal_4292, d=108737, pv=0.00924005, s=0.2036]
  * Beta parameters: [s1=1.11614, s2=10.8237]
  * Adjusted p-values: [emp=0.104478, beta=0.117246]

Processing phenotype [ENSG00000239127.1] [225/306]
  * #variants in cis = 13
  * Best hit: [id=22_internal_3976, d=-9011, pv=0.0295533, s=0.1635]
  * Beta parameters: [s1=0.972989, s2=12.3536]
  * Adjusted p-values: [emp=0.298507, beta=0.306152]

Processing phenotype [ENSG00000100280.12] [226/306]
  * #variants in cis = 13
  * Best hit: [id=22_internal_3976, d=51860, pv=0.00236734, s=0.2388]
  * Beta parameters: [s1=1.01672, s2=11.2707]
  * Adjusted p-values: [emp=0.0447761, beta=0.03457]

Processing phenotype [ENSG00000128250.5] [227/306]
  * #variants in cis = 13
  * Best hit: [id=22_internal_4617, d=714164, pv=0.0785497, s=0.1427]
  * Beta parameters: [s1=1.01845, s2=12.8574]
  * Adjusted p-values: [emp=0.691542, beta=0.679859]

Processing phenotype [ENSG00000225465.5] [228/306]
  * #variants in cis = 13
  * Best hit: [id=22_internal_3547, d=-62932, pv=0.116283, s=-0.1229]
  * Beta parameters: [s1=1.12095, s2=9.74369]
  * Adjusted p-values: [emp=0.791045, beta=0.782716]

Processing phenotype [ENSG00000100285.9] [229/306]
  * #variants in cis = 13
  * Best hit: [id=22_internal_4066, d=-325057, pv=0.0763381, s=-0.1401]
  * Beta parameters: [s1=1.04965, s2=11.6015]
  * Adjusted p-values: [emp=0.616915, beta=0.588383]

Processing phenotype [ENSG00000234208.1] [230/306]
  * #variants in cis = 13
  * Best hit: [id=22_internal_3656, d=731297, pv=0.034291, s=-0.1706]
  * Beta parameters: [s1=0.974816, s2=15.9922]
  * Adjusted p-values: [emp=0.343284, beta=0.351065]

Processing phenotype [ENSG00000100296.9] [231/306]
  * #variants in cis = 13
  * Best hit: [id=22_internal_3547, d=7729, pv=0.0314339, s=0.1658]
  * Beta parameters: [s1=1.03903, s2=14.3982]
  * Adjusted p-values: [emp=0.378109, beta=0.348853]

Processing phenotype [ENSG00000184117.7] [232/306]
  * #variants in cis = 13
  * Best hit: [id=22_internal_3924, d=-376879, pv=1.01201e-05, s=0.3234]
  * Beta parameters: [s1=1.07552, s2=12.1281]
  * Adjusted p-values: [emp=0.00497512, beta=0.000176719]

Processing phenotype [ENSG00000186575.13] [233/306]
  * #variants in cis = 13
  * Best hit: [id=22_internal_3911, d=216608, pv=0.0298711, s=-0.1748]
  * Beta parameters: [s1=0.896169, s2=15.2109]
  * Adjusted p-values: [emp=0.323383, beta=0.307202]

Processing phenotype [ENSG00000233010.1] [234/306]
  * #variants in cis = 14
  * Best hit: [id=22_internal_4789, d=996112, pv=0.0299925, s=0.1737]
  * Beta parameters: [s1=1.0332, s2=18.4016]
  * Adjusted p-values: [emp=0.313433, beta=0.310256]

Processing phenotype [ENSG00000232396.2] [235/306]
  * #variants in cis = 14
  * Best hit: [id=22_internal_3976, d=348540, pv=0.0641534, s=-0.1454]
  * Beta parameters: [s1=0.947939, s2=15.5736]
  * Adjusted p-values: [emp=0.567164, beta=0.600506]

Processing phenotype [ENSG00000100314.3] [236/306]
  * #variants in cis = 14
  * Best hit: [id=22_internal_4789, d=884928, pv=0.0320961, s=0.1600]
  * Beta parameters: [s1=1.05333, s2=12.7135]
  * Adjusted p-values: [emp=0.358209, beta=0.349793]

Processing phenotype [ENSG00000100319.11] [237/306]
  * #variants in cis = 14
  * Best hit: [id=22_internal_3924, d=-191205, pv=0.0913814, s=0.1278]
  * Beta parameters: [s1=1.02906, s2=17.3153]
  * Adjusted p-values: [emp=0.766169, beta=0.761081]

Processing phenotype [ENSG00000184076.10] [238/306]
  * #variants in cis = 14
  * Best hit: [id=22_internal_4789, d=837643, pv=0.0910071, s=0.1361]
  * Beta parameters: [s1=1.09219, s2=12.8808]
  * Adjusted p-values: [emp=0.731343, beta=0.738709]

Processing phenotype [ENSG00000100325.10] [239/306]
  * #variants in cis = 13
  * Best hit: [id=22_internal_4789, d=-766730, pv=0.0396996, s=-0.1582]
  * Beta parameters: [s1=1.03724, s2=12.9424]
  * Adjusted p-values: [emp=0.427861, beta=0.420146]

Processing phenotype [ENSG00000100330.11] [240/306]
  * #variants in cis = 13
  * Best hit: [id=22_internal_3302, d=0, pv=0.170234, s=0.1074]
  * Beta parameters: [s1=0.963245, s2=10.8609]
  * Adjusted p-values: [emp=0.885572, beta=0.905595]

Processing phenotype [ENSG00000207455.1] [241/306]
  * #variants in cis = 13
  * Best hit: [id=22_internal_3911, d=0, pv=0.136994, s=-0.1199]
  * Beta parameters: [s1=1.06951, s2=16.28]
  * Adjusted p-values: [emp=0.870647, beta=0.882412]

Processing phenotype [ENSG00000221736.1] [242/306]
  * #variants in cis = 13
  * Best hit: [id=22_internal_3976, d=-572890, pv=0.000604336, s=0.2751]
  * Beta parameters: [s1=0.994996, s2=11.8698]
  * Adjusted p-values: [emp=0.0149254, beta=0.0113474]

Processing phenotype [ENSG00000227201.2] [243/306]
  * #variants in cis = 12
  * Best hit: [id=22_internal_4066, d=892020, pv=0.00395725, s=0.2271]
  * Beta parameters: [s1=0.99032, s2=10.7239]
  * Adjusted p-values: [emp=0.0746269, beta=0.0645989]

Processing phenotype [ENSG00000227117.2] [244/306]
  * #variants in cis = 12
  * Best hit: [id=22_internal_3302, d=0, pv=0.0777697, s=0.1404]
  * Beta parameters: [s1=0.917092, s2=13.0691]
  * Adjusted p-values: [emp=0.552239, beta=0.595927]

Processing phenotype [ENSG00000128342.4] [245/306]
  * #variants in cis = 12
  * Best hit: [id=22_internal_3547, d=699364, pv=0.0798363, s=-0.1311]
  * Beta parameters: [s1=0.939567, s2=13.5128]
  * Adjusted p-values: [emp=0.681592, beta=0.672033]

Processing phenotype [ENSG00000099985.3] [246/306]
  * #variants in cis = 12
  * Best hit: [id=22_internal_4203, d=-898693, pv=0.00203379, s=0.2273]
  * Beta parameters: [s1=1.00968, s2=11.5662]
  * Adjusted p-values: [emp=0.0199005, beta=0.0215341]

Processing phenotype [ENSG00000239282.3] [247/306]
  * #variants in cis = 12
  * Best hit: [id=22_internal_3748, d=384250, pv=0.0300492, s=0.1720]
  * Beta parameters: [s1=1.02153, s2=14.6644]
  * Adjusted p-values: [emp=0.268657, beta=0.269512]

Processing phenotype [ENSG00000248751.2] [248/306]
  * #variants in cis = 12
  * Best hit: [id=22_internal_3911, d=14047, pv=0.166525, s=0.1067]
  * Beta parameters: [s1=0.965194, s2=11.5682]
  * Adjusted p-values: [emp=0.865672, beta=0.863395]

Processing phenotype [ENSG00000099992.11] [249/306]
  * #variants in cis = 12
  * Best hit: [id=22_internal_3976, d=955727, pv=0.334004, s=0.0769]
  * Beta parameters: [s1=0.767073, s2=19.3108]
  * Adjusted p-values: [emp=1, beta=0.997711]

Processing phenotype [ENSG00000187860.6] [250/306]
  * #variants in cis = 12
  * Best hit: [id=22_internal_3547, d=-809148, pv=0.0358126, s=0.1638]
  * Beta parameters: [s1=0.954631, s2=10.5933]
  * Adjusted p-values: [emp=0.338308, beta=0.351905]

Processing phenotype [ENSG00000099995.13] [251/306]
  * #variants in cis = 12
  * Best hit: [id=22_internal_4789, d=-248065, pv=0.0456943, s=-0.1557]
  * Beta parameters: [s1=0.920863, s2=12.5243]
  * Adjusted p-values: [emp=0.467662, beta=0.451879]

Processing phenotype [ENSG00000241528.1] [252/306]
  * #variants in cis = 11
  * Best hit: [id=22_internal_4985, d=155268, pv=0.228778, s=0.0892]
  * Beta parameters: [s1=1.03714, s2=11.6643]
  * Adjusted p-values: [emp=0.945274, beta=0.951522]

Processing phenotype [ENSG00000100003.12] [253/306]
  * #variants in cis = 11
  * Best hit: [id=22_internal_4985, d=-174252, pv=0.183784, s=0.1075]
  * Beta parameters: [s1=0.891571, s2=9.56395]
  * Adjusted p-values: [emp=0.860697, beta=0.867401]

Processing phenotype [ENSG00000249590.3] [254/306]
  * #variants in cis = 11
  * Best hit: [id=22_internal_4985, d=-186650, pv=0.076184, s=0.1405]
  * Beta parameters: [s1=0.925389, s2=11.2793]
  * Adjusted p-values: [emp=0.552239, beta=0.547262]

Processing phenotype [ENSG00000268538.1] [255/306]
  * #variants in cis = 11
  * Best hit: [id=22_internal_3748, d=513103, pv=0.0551154, s=0.1498]
  * Beta parameters: [s1=0.945605, s2=10.7636]
  * Adjusted p-values: [emp=0.422886, beta=0.445982]

Processing phenotype [ENSG00000099999.10] [256/306]
  * #variants in cis = 11
  * Best hit: [id=22_internal_3547, d=874284, pv=0.0148689, s=0.1852]
  * Beta parameters: [s1=1.04767, s2=9.18922]
  * Adjusted p-values: [emp=0.174129, beta=0.159447]

Processing phenotype [ENSG00000242114.1] [257/306]
  * #variants in cis = 11
  * Best hit: [id=22_internal_4985, d=-202924, pv=0.130994, s=0.1185]
  * Beta parameters: [s1=0.968282, s2=11.6629]
  * Adjusted p-values: [emp=0.800995, beta=0.806789]

Processing phenotype [ENSG00000203606.3] [258/306]
  * #variants in cis = 11
  * Best hit: [id=22_internal_4617, d=-226169, pv=0.0680437, s=-0.1447]
  * Beta parameters: [s1=0.997378, s2=10.8556]
  * Adjusted p-values: [emp=0.492537, beta=0.476598]

Processing phenotype [ENSG00000225774.1] [259/306]
  * #variants in cis = 12
  * Best hit: [id=22_internal_3547, d=-995047, pv=0.0573956, s=-0.1502]
  * Beta parameters: [s1=1.09132, s2=12.664]
  * Adjusted p-values: [emp=0.567164, beta=0.5609]

Processing phenotype [ENSG00000223831.1] [260/306]
  * #variants in cis = 12
  * Best hit: [id=22_internal_3302, d=-383511, pv=0.231826, s=0.0965]
  * Beta parameters: [s1=0.865574, s2=14.3961]
  * Adjusted p-values: [emp=0.960199, beta=0.957418]

Processing phenotype [ENSG00000185339.4] [261/306]
  * #variants in cis = 12
  * Best hit: [id=22_internal_4789, d=0, pv=0.0027986, s=0.2353]
  * Beta parameters: [s1=1.02722, s2=12.2122]
  * Adjusted p-values: [emp=0.0298507, beta=0.0241646]

Processing phenotype [ENSG00000100029.12] [262/306]
  * #variants in cis = 12
  * Best hit: [id=22_internal_3748, d=701704, pv=0.0590462, s=0.1496]
  * Beta parameters: [s1=1.0872, s2=16.7721]
  * Adjusted p-values: [emp=0.542289, beta=0.517696]

Processing phenotype [ENSG00000100036.11] [263/306]
  * #variants in cis = 12
  * Best hit: [id=22_internal_3496, d=605489, pv=0.0473488, s=-0.1565]
  * Beta parameters: [s1=0.931318, s2=11.6383]
  * Adjusted p-values: [emp=0.442786, beta=0.471093]

Processing phenotype [ENSG00000250318.1] [264/306]
  * #variants in cis = 13
  * Best hit: [id=22_internal_3496, d=-586327, pv=0.0226884, s=-0.1768]
  * Beta parameters: [s1=0.946896, s2=16.9523]
  * Adjusted p-values: [emp=0.243781, beta=0.238919]

Processing phenotype [ENSG00000167065.9] [265/306]
  * #variants in cis = 13
  * Best hit: [id=22_internal_4789, d=29928, pv=0.00608592, s=-0.2174]
  * Beta parameters: [s1=1.03364, s2=15.0228]
  * Adjusted p-values: [emp=0.0597015, beta=0.0800068]

Processing phenotype [ENSG00000184792.11] [266/306]
  * #variants in cis = 16
  * Best hit: [id=22_internal_3793, d=888210, pv=0.0921311, s=0.1337]
  * Beta parameters: [s1=1.00007, s2=13.9563]
  * Adjusted p-values: [emp=0.781095, beta=0.781141]

Processing phenotype [ENSG00000237977.1] [267/306]
  * #variants in cis = 17
  * Best hit: [id=22_internal_3302, d=-687421, pv=0.036187, s=0.1700]
  * Beta parameters: [s1=1.00098, s2=16.0876]
  * Adjusted p-values: [emp=0.452736, beta=0.464221]

Processing phenotype [ENSG00000235989.2] [268/306]
  * #variants in cis = 16
  * Best hit: [id=22_internal_3793, d=659684, pv=0.0705357, s=0.1387]
  * Beta parameters: [s1=0.932235, s2=15.4714]
  * Adjusted p-values: [emp=0.661692, beta=0.707073]

Processing phenotype [ENSG00000133422.7] [269/306]
  * #variants in cis = 16
  * Best hit: [id=22_internal_4866, d=-702281, pv=0.0758081, s=0.1438]
  * Beta parameters: [s1=0.90454, s2=17.8151]
  * Adjusted p-values: [emp=0.746269, beta=0.769971]

Processing phenotype [ENSG00000253352.3] [270/306]
  * #variants in cis = 16
  * Best hit: [id=22_internal_3302, d=-755878, pv=0.0957443, s=-0.1378]
  * Beta parameters: [s1=0.84876, s2=16.8665]
  * Adjusted p-values: [emp=0.825871, beta=0.815167]

Processing phenotype [ENSG00000183963.13] [271/306]
  * #variants in cis = 16
  * Best hit: [id=22_internal_3844, d=582501, pv=0.0199261, s=-0.1819]
  * Beta parameters: [s1=0.953026, s2=13.8434]
  * Adjusted p-values: [emp=0.338308, beta=0.292291]

Processing phenotype [ENSG00000248603.1] [272/306]
  * #variants in cis = 16
  * Best hit: [id=22_internal_3496, d=139266, pv=0.0235773, s=0.1787]
  * Beta parameters: [s1=0.970326, s2=19.1511]
  * Adjusted p-values: [emp=0.393035, beta=0.349255]

Processing phenotype [ENSG00000198832.6] [273/306]
  * #variants in cis = 16
  * Best hit: [id=22_internal_3792, d=-553193, pv=0.114092, s=-0.1239]
  * Beta parameters: [s1=0.844989, s2=15.5119]
  * Adjusted p-values: [emp=0.840796, beta=0.859658]

Processing phenotype [ENSG00000138942.10] [274/306]
  * #variants in cis = 16
  * Best hit: [id=22_internal_3496, d=80960, pv=0.00250232, s=-0.2357]
  * Beta parameters: [s1=1.06183, s2=17.0704]
  * Adjusted p-values: [emp=0.0497512, beta=0.0422078]

Processing phenotype [ENSG00000254835.1] [275/306]
  * #variants in cis = 16
  * Best hit: [id=22_internal_3496, d=-35526, pv=0.00963428, s=-0.2003]
  * Beta parameters: [s1=0.924381, s2=19.0795]
  * Adjusted p-values: [emp=0.164179, beta=0.151666]

Processing phenotype [ENSG00000182541.13] [276/306]
  * #variants in cis = 15
  * Best hit: [id=22_internal_3793, d=369754, pv=0.173586, s=0.1123]
  * Beta parameters: [s1=0.940634, s2=14.2996]
  * Adjusted p-values: [emp=0.935323, beta=0.931074]

Processing phenotype [ENSG00000199695.1] [277/306]
  * #variants in cis = 13
  * Best hit: [id=22_internal_3496, d=-18289, pv=0.00204972, s=0.2468]
  * Beta parameters: [s1=0.840003, s2=17.0177]
  * Adjusted p-values: [emp=0.0348259, beta=0.0192901]

Processing phenotype [ENSG00000202019.1] [278/306]
  * #variants in cis = 13
  * Best hit: [id=22_internal_4789, d=592209, pv=0.00045428, s=-0.2795]
  * Beta parameters: [s1=1.03609, s2=14.3181]
  * Adjusted p-values: [emp=0.0149254, beta=0.0033356]

Processing phenotype [ENSG00000228839.1] [279/306]
  * #variants in cis = 12
  * Best hit: [id=22_internal_4372, d=383687, pv=0.308697, s=-0.0821]
  * Beta parameters: [s1=1.07936, s2=10.4206]
  * Adjusted p-values: [emp=0.985075, beta=0.98634]

Processing phenotype [ENSG00000100100.8] [280/306]
  * #variants in cis = 12
  * Best hit: [id=22_internal_3496, d=0, pv=6.02021e-06, s=0.3447]
  * Beta parameters: [s1=0.983532, s2=12.5923]
  * Adjusted p-values: [emp=0.00497512, beta=3.26269e-05]

Processing phenotype [ENSG00000212542.1] [281/306]
  * #variants in cis = 12
  * Best hit: [id=22_internal_4203, d=0, pv=0.304163, s=-0.0827]
  * Beta parameters: [s1=0.97849, s2=15.1359]
  * Adjusted p-values: [emp=1, beta=0.992699]

Processing phenotype [ENSG00000100105.13] [282/306]
  * #variants in cis = 12
  * Best hit: [id=22_internal_3887, d=-704298, pv=0.0155097, s=-0.1926]
  * Beta parameters: [s1=0.89029, s2=13.951]
  * Adjusted p-values: [emp=0.129353, beta=0.140353]

Processing phenotype [ENSG00000213888.2] [283/306]
  * #variants in cis = 12
  * Best hit: [id=22_internal_3887, d=703641, pv=0.0242969, s=0.1677]
  * Beta parameters: [s1=1.20075, s2=11.4108]
  * Adjusted p-values: [emp=0.258706, beta=0.265557]

Processing phenotype [ENSG00000185721.7] [284/306]
  * #variants in cis = 12
  * Best hit: [id=22_internal_3792, d=273739, pv=0.0346799, s=0.1685]
  * Beta parameters: [s1=1.13372, s2=12.5767]
  * Adjusted p-values: [emp=0.40796, beta=0.359444]

Processing phenotype [ENSG00000240529.1] [285/306]
  * #variants in cis = 12
  * Best hit: [id=22_internal_3844, d=-206699, pv=0.012462, s=0.2036]
  * Beta parameters: [s1=0.876687, s2=13.5965]
  * Adjusted p-values: [emp=0.159204, beta=0.162312]

Processing phenotype [ENSG00000240591.1] [286/306]
  * #variants in cis = 12
  * Best hit: [id=22_internal_3844, d=192355, pv=0.0335628, s=0.1618]
  * Beta parameters: [s1=0.94751, s2=11.9659]
  * Adjusted p-values: [emp=0.402985, beta=0.375265]

Processing phenotype [ENSG00000224623.1] [287/306]
  * #variants in cis = 12
  * Best hit: [id=22_internal_3844, d=184942, pv=0.0569057, s=0.1469]
  * Beta parameters: [s1=1.07691, s2=10.8125]
  * Adjusted p-values: [emp=0.527363, beta=0.501357]

Processing phenotype [ENSG00000199248.1] [288/306]
  * #variants in cis = 12
  * Best hit: [id=22_internal_4727, d=-387626, pv=0.0318202, s=-0.1737]
  * Beta parameters: [s1=1.08984, s2=13.4514]
  * Adjusted p-values: [emp=0.298507, beta=0.312139]

Processing phenotype [ENSG00000198089.10] [289/306]
  * #variants in cis = 12
  * Best hit: [id=22_internal_4372, d=187498, pv=0.00963731, s=-0.1973]
  * Beta parameters: [s1=0.958811, s2=10.5208]
  * Adjusted p-values: [emp=0.109453, beta=0.113373]

Processing phenotype [ENSG00000184708.12] [290/306]
  * #variants in cis = 12
  * Best hit: [id=22_internal_3844, d=-150498, pv=0.0689899, s=0.1446]
  * Beta parameters: [s1=0.912969, s2=11.838]
  * Adjusted p-values: [emp=0.597015, beta=0.603086]

Processing phenotype [ENSG00000233733.1] [291/306]
  * #variants in cis = 12
  * Best hit: [id=22_internal_3792, d=-151670, pv=0.120213, s=0.1198]
  * Beta parameters: [s1=1.02034, s2=9.71855]
  * Adjusted p-values: [emp=0.771144, beta=0.747474]

Processing phenotype [ENSG00000214093.3] [292/306]
  * #variants in cis = 12
  * Best hit: [id=22_internal_3648, d=0, pv=0.00828401, s=0.2155]
  * Beta parameters: [s1=0.807676, s2=14.7226]
  * Adjusted p-values: [emp=0.124378, beta=0.0879734]

Processing phenotype [ENSG00000241878.5] [293/306]
  * #variants in cis = 11
  * Best hit: [id=22_internal_3844, d=7532, pv=0.00199432, s=0.2330]
  * Beta parameters: [s1=1.08344, s2=8.97658]
  * Adjusted p-values: [emp=0.0248756, beta=0.0278988]

Processing phenotype [ENSG00000183530.9] [294/306]
  * #variants in cis = 11
  * Best hit: [id=22_internal_4866, d=7089, pv=0.0106475, s=0.2063]
  * Beta parameters: [s1=0.958918, s2=11.4819]
  * Adjusted p-values: [emp=0.0945274, beta=0.091376]

Processing phenotype [ENSG00000100150.11] [295/306]
  * #variants in cis = 11
  * Best hit: [id=22_internal_3844, d=-99058, pv=0.13606, s=0.1193]
  * Beta parameters: [s1=1.14427, s2=13.1156]
  * Adjusted p-values: [emp=0.835821, beta=0.818439]

Processing phenotype [ENSG00000242251.2] [296/306]
  * #variants in cis = 12
  * Best hit: [id=22_internal_3648, d=-93791, pv=0.137556, s=0.1215]
  * Beta parameters: [s1=0.896558, s2=12.4806]
  * Adjusted p-values: [emp=0.81592, beta=0.824583]

Processing phenotype [ENSG00000236132.1] [297/306]
  * #variants in cis = 12
  * Best hit: [id=22_internal_3844, d=162591, pv=0.0887641, s=0.1286]
  * Beta parameters: [s1=1.02923, s2=10.8772]
  * Adjusted p-values: [emp=0.631841, beta=0.665436]

Processing phenotype [ENSG00000227813.1] [298/306]
  * #variants in cis = 12
  * Best hit: [id=22_internal_3648, d=228023, pv=0.126857, s=0.1223]
  * Beta parameters: [s1=1.10834, s2=12.7068]
  * Adjusted p-values: [emp=0.825871, beta=0.790059]

Processing phenotype [ENSG00000128245.10] [299/306]
  * #variants in cis = 12
  * Best hit: [id=22_internal_4727, d=0, pv=2.79305e-06, s=0.3671]
  * Beta parameters: [s1=1.07347, s2=10.5489]
  * Adjusted p-values: [emp=0.00497512, beta=3.49905e-05]

Processing phenotype [ENSG00000128254.9] [300/306]
  * #variants in cis = 12
  * Best hit: [id=22_internal_4372, d=264123, pv=0.148052, s=0.1190]
  * Beta parameters: [s1=1.07082, s2=11.1825]
  * Adjusted p-values: [emp=0.880597, beta=0.854998]

Processing phenotype [ENSG00000238910.1] [301/306]
  * #variants in cis = 12
  * Best hit: [id=22_internal_3792, d=-257116, pv=0.0236902, s=-0.1867]
  * Beta parameters: [s1=0.96081, s2=8.86864]
  * Adjusted p-values: [emp=0.273632, beta=0.264916]

Processing phenotype [ENSG00000232346.1] [302/306]
  * #variants in cis = 12
  * Best hit: [id=22_internal_3792, d=-343202, pv=0.00890738, s=0.2106]
  * Beta parameters: [s1=0.947727, s2=11.6204]
  * Adjusted p-values: [emp=0.134328, beta=0.114394]

Processing phenotype [ENSG00000205856.3] [303/306]
  * #variants in cis = 12
  * Best hit: [id=22_internal_3496, d=860671, pv=0.0390181, s=0.1646]
  * Beta parameters: [s1=0.98292, s2=11.8935]
  * Adjusted p-values: [emp=0.447761, beta=0.400981]

Processing phenotype [ENSG00000128253.9] [304/306]
  * #variants in cis = 12
  * Best hit: [id=22_internal_4047, d=0, pv=3.76084e-08, s=0.3903]
  * Beta parameters: [s1=0.890987, s2=12.0759]
  * Adjusted p-values: [emp=0.00497512, beta=3.8888e-07]

Processing phenotype [ENSG00000242082.1] [305/306]
  * #variants in cis = 12
  * Best hit: [id=22_internal_4047, d=0, pv=2.76118e-09, s=0.4183]
  * Beta parameters: [s1=1.12128, s2=10.7381]
  * Adjusted p-values: [emp=0.00497512, beta=3.86861e-08]

Processing phenotype [ENSG00000100191.4] [306/306]
  * #variants in cis = 12
  * Best hit: [id=22_internal_4047, d=34339, pv=2.62616e-08, s=0.4203]
  * Beta parameters: [s1=1.04055, s2=12.9294]
  * Adjusted p-values: [emp=0.00497512, beta=1.81764e-07]

Running time: 3 seconds
