Sender: LSF System <lsfadmin@cpt16>
Subject: Job 974231: </data/unige/funpopgen/odelanea/SGX/V2/binaries/qtltools/bin/QTLtools cis --vcf /data/unige/funpopgen/grey2/SYSCID/BLUEPRINT_DATA/CRD/THREE_CELL_TYPES/CLOMICS/CELL_TYPE_COMPARISON_GENE_CRD_ASSOCIATIONS/quantify/72_vs_70_ALL.ALLchr.mean.txt.gz --bed /data/unige/funpopgen/grey2/SYSCID/BLUEPRINT_DATA/CRD/THREE_CELL_TYPES/QTL_TOOLS/EGAD00001002674_v3.0/EGAD00001002674_RNA.PC10.bed.gz --permute 200 --chunk 88 100 --out /data/unige/funpopgen/grey2/SYSCID/BLUEPRINT_DATA/CRD/THREE_CELL_TYPES/CLOMICS/CELL_TYPE_COMPARISON_GENE_CRD_ASSOCIATIONS/mapping_aCRD_gene/72_vs_70/gene_CRD_mean_chunk88\.txt> in cluster <ug> Done

Job </data/unige/funpopgen/odelanea/SGX/V2/binaries/qtltools/bin/QTLtools cis --vcf /data/unige/funpopgen/grey2/SYSCID/BLUEPRINT_DATA/CRD/THREE_CELL_TYPES/CLOMICS/CELL_TYPE_COMPARISON_GENE_CRD_ASSOCIATIONS/quantify/72_vs_70_ALL.ALLchr.mean.txt.gz --bed /data/unige/funpopgen/grey2/SYSCID/BLUEPRINT_DATA/CRD/THREE_CELL_TYPES/QTL_TOOLS/EGAD00001002674_v3.0/EGAD00001002674_RNA.PC10.bed.gz --permute 200 --chunk 88 100 --out /data/unige/funpopgen/grey2/SYSCID/BLUEPRINT_DATA/CRD/THREE_CELL_TYPES/CLOMICS/CELL_TYPE_COMPARISON_GENE_CRD_ASSOCIATIONS/mapping_aCRD_gene/72_vs_70/gene_CRD_mean_chunk88\.txt> was submitted from host <frt.ug.vital-it.ch> by user <grey2> in cluster <ug>.
Job was executed on host(s) <cpt16>, in queue <normal>, as user <grey2> in cluster <ug>.
</home/grey2> was used as the home directory.
</data/unige/funpopgen/grey2/SYSCID/BLUEPRINT_DATA/CRD/THREE_CELL_TYPES/CLOMICS/CELL_TYPE_COMPARISON_GENE_CRD_ASSOCIATIONS> was used as the working directory.
Started at Thu Mar 21 11:27:19 2019
Results reported at Thu Mar 21 11:27:25 2019

Your job looked like:

------------------------------------------------------------
# LSBATCH: User input
/data/unige/funpopgen/odelanea/SGX/V2/binaries/qtltools/bin/QTLtools cis --vcf /data/unige/funpopgen/grey2/SYSCID/BLUEPRINT_DATA/CRD/THREE_CELL_TYPES/CLOMICS/CELL_TYPE_COMPARISON_GENE_CRD_ASSOCIATIONS/quantify/72_vs_70_ALL.ALLchr.mean.txt.gz --bed /data/unige/funpopgen/grey2/SYSCID/BLUEPRINT_DATA/CRD/THREE_CELL_TYPES/QTL_TOOLS/EGAD00001002674_v3.0/EGAD00001002674_RNA.PC10.bed.gz --permute 200 --chunk 88 100 --out /data/unige/funpopgen/grey2/SYSCID/BLUEPRINT_DATA/CRD/THREE_CELL_TYPES/CLOMICS/CELL_TYPE_COMPARISON_GENE_CRD_ASSOCIATIONS/mapping_aCRD_gene/72_vs_70/gene_CRD_mean_chunk88\.txt

------------------------------------------------------------

Successfully completed.

Resource usage summary:

    CPU time :               2.88 sec.
    Max Memory :             3.04 MB
    Average Memory :         3.04 MB
    Total Requested Memory : -
    Delta Memory :           -
    (Delta: the difference between total requested memory and actual max usage.)
    Max Swap :               31 MB

    Max Processes :          1
    Max Threads :            1

The output (if any) follows:


[32mQTLtools[0m
  * Authors : Olivier DELANEAU / Halit ONGEN / Emmanouil DERMITZAKIS
  * Contact : olivier.delaneau@gmail.com / halit.ongen@unige.ch / Emmanouil.Dermitzakis@unige.ch
  * Webpage : https://qtltools.github.io/qtltools/
  * Version : 1.1
  * Date    : 21/03/2019 - 11:27:22
  * Citation: A complete tool set for molecular QTL discovery and analysis, https://doi.org/10.1101/068635

[32mMAPPING QTL IN CIS[0m
  * TASK: Perform 200 permutations
  * Linear model: Phe ~ Var
  * Cis-window size is 1000000 bp
  * Chunk = [88/100]

Scanning phenotype data in [/data/unige/funpopgen/grey2/SYSCID/BLUEPRINT_DATA/CRD/THREE_CELL_TYPES/QTL_TOOLS/EGAD00001002674_v3.0/EGAD00001002674_RNA.PC10.bed.gz]
  * 26159 phenotypes included
  * 13004 phenotypes are on the negative strand

Initialize random number generator
  * Built-in seed is 15112011
  * First Integer = 30554
  * First Double = 0.0126695

Reading sample list from [/data/unige/funpopgen/grey2/SYSCID/BLUEPRINT_DATA/CRD/THREE_CELL_TYPES/QTL_TOOLS/EGAD00001002674_v3.0/EGAD00001002674_RNA.PC10.bed.gz]
  * #samples = 194

Reading sample list from [/data/unige/funpopgen/grey2/SYSCID/BLUEPRINT_DATA/CRD/THREE_CELL_TYPES/CLOMICS/CELL_TYPE_COMPARISON_GENE_CRD_ASSOCIATIONS/quantify/72_vs_70_ALL.ALLchr.mean.txt.gz]
  * #samples = 160

Merging sample sets from all input files
  * #files = 2
  * #samples in all files = 158
  * #samples NOT in all files (i.e. ignored) = 38

Reading phenotype data in [/data/unige/funpopgen/grey2/SYSCID/BLUEPRINT_DATA/CRD/THREE_CELL_TYPES/QTL_TOOLS/EGAD00001002674_v3.0/EGAD00001002674_RNA.PC10.bed.gz]
  * target region [8:33330940-74791145]
  * 220 phenotypes included
  * 112 phenotypes are on the negative strand

Reading genotype data in [/data/unige/funpopgen/grey2/SYSCID/BLUEPRINT_DATA/CRD/THREE_CELL_TYPES/CLOMICS/CELL_TYPE_COMPARISON_GENE_CRD_ASSOCIATIONS/quantify/72_vs_70_ALL.ALLchr.mean.txt.gz]
  * File format detected: BED
  * 158 samples included
  * 4 samples without phenotype data
  * target region [8:32330940-75791145]
  * 86 variants included

Processing phenotype [ENSG00000172728.11] [1/220]
  * #variants in cis = 5
  * Best hit: [id=8_internal_7976, d=0, pv=3.7463e-21, s=0.6807]
  * Maximum Likelihood estimation failed, use Moment Matching instead!
  * Beta parameters: [s1=0.999992, s2=4.61979]
  * Adjusted p-values: [emp=0.00497512, beta=2.41045e-20]

Processing phenotype [ENSG00000198042.5] [2/220]
  * #variants in cis = 5
  * Best hit: [id=8_internal_7976, d=0, pv=2.19153e-06, s=0.3866]
  * Maximum Likelihood estimation failed, use Moment Matching instead!
  * Beta parameters: [s1=1.00001, s2=5.58751]
  * Adjusted p-values: [emp=0.00497512, beta=2.27873e-06]

Processing phenotype [ENSG00000239039.1] [3/220]
  * #variants in cis = 5
  * Best hit: [id=8_internal_7817, d=0, pv=0.0982808, s=0.1353]
  * Maximum Likelihood estimation failed, use Moment Matching instead!
  * Beta parameters: [s1=1.00005, s2=5.23137]
  * Adjusted p-values: [emp=0.41791, beta=0.427127]

Processing phenotype [ENSG00000129696.7] [4/220]
  * #variants in cis = 5
  * Best hit: [id=8_internal_7817, d=0, pv=0.0431293, s=0.1656]
  * Maximum Likelihood estimation failed, use Moment Matching instead!
  * Beta parameters: [s1=1, s2=4.93031]
  * Adjusted p-values: [emp=0.258706, beta=0.221526]

Processing phenotype [ENSG00000133874.1] [5/220]
  * #variants in cis = 5
  * Best hit: [id=8_internal_9282, d=981705, pv=0.0106361, s=-0.2002]
  * Maximum Likelihood estimation failed, use Moment Matching instead!
  * Beta parameters: [s1=1.00001, s2=4.24437]
  * Adjusted p-values: [emp=0.0597015, beta=0.069508]

Processing phenotype [ENSG00000243181.2] [6/220]
  * #variants in cis = 0

Processing phenotype [ENSG00000232024.2] [7/220]
  * #variants in cis = 0

Processing phenotype [ENSG00000253123.1] [8/220]
  * #variants in cis = 3
  * Best hit: [id=8_internal_9223, d=-188226, pv=0.567211, s=-0.0445]
  * Maximum Likelihood estimation failed, use Moment Matching instead!
  * Beta parameters: [s1=0.999996, s2=3.09952]
  * Adjusted p-values: [emp=0.930348, beta=0.92088]

Processing phenotype [ENSG00000254290.1] [9/220]
  * #variants in cis = 6
  * Best hit: [id=8_internal_10181, d=6725, pv=0.0150697, s=0.1995]
  * Maximum Likelihood estimation failed, use Moment Matching instead!
  * Beta parameters: [s1=1.00004, s2=4.86735]
  * Adjusted p-values: [emp=0.119403, beta=0.134388]

Processing phenotype [ENSG00000183779.5] [10/220]
  * #variants in cis = 6
  * Best hit: [id=8_internal_9223, d=-103269, pv=0.00734451, s=0.2152]
  * Beta parameters: [s1=1.0352, s2=5.61597]
  * Adjusted p-values: [emp=0.0547264, beta=0.0435269]

Processing phenotype [ENSG00000147475.9] [11/220]
  * #variants in cis = 7
  * Best hit: [id=8_internal_10181, d=-143466, pv=0.0359285, s=-0.1636]
  * Beta parameters: [s1=1.06592, s2=6.84958]
  * Adjusted p-values: [emp=0.243781, beta=0.239854]

Processing phenotype [ENSG00000183154.1] [12/220]
  * #variants in cis = 7
  * Best hit: [id=8_internal_10181, d=144293, pv=0.00933376, s=-0.1947]
  * Beta parameters: [s1=0.984375, s2=5.99649]
  * Adjusted p-values: [emp=0.079602, beta=0.077543]

Processing phenotype [ENSG00000233170.3] [13/220]
  * #variants in cis = 7
  * Best hit: [id=8_internal_8409, d=-47929, pv=0.19359, s=-0.1058]
  * Beta parameters: [s1=1.01661, s2=7.77529]
  * Adjusted p-values: [emp=0.766169, beta=0.754898]

Processing phenotype [ENSG00000147471.6] [14/220]
  * #variants in cis = 7
  * Best hit: [id=8_internal_7496, d=938549, pv=0.146115, s=-0.1131]
  * Beta parameters: [s1=0.975486, s2=5.9891]
  * Adjusted p-values: [emp=0.656716, beta=0.647881]

Processing phenotype [ENSG00000020181.12] [15/220]
  * #variants in cis = 7
  * Best hit: [id=8_internal_8409, d=11742, pv=4.49446e-05, s=0.3028]
  * Beta parameters: [s1=1.03561, s2=6.96265]
  * Adjusted p-values: [emp=0.00497512, beta=0.000404977]

Processing phenotype [ENSG00000104221.8] [16/220]
  * #variants in cis = 7
  * Best hit: [id=8_internal_8409, d=25365, pv=0.00193912, s=0.2389]
  * Beta parameters: [s1=1.06044, s2=7.64504]
  * Adjusted p-values: [emp=0.0149254, beta=0.0075783]

Processing phenotype [ENSG00000156675.11] [17/220]
  * #variants in cis = 7
  * Best hit: [id=8_internal_9968, d=-530057, pv=0.318996, s=-0.0805]
  * Beta parameters: [s1=1.03292, s2=7.31165]
  * Adjusted p-values: [emp=0.950249, beta=0.946373]

Processing phenotype [ENSG00000241032.2] [18/220]
  * #variants in cis = 7
  * Best hit: [id=8_internal_7953, d=532751, pv=0.163237, s=-0.1078]
  * Beta parameters: [s1=1.07113, s2=7.92259]
  * Adjusted p-values: [emp=0.711443, beta=0.72537]

Processing phenotype [ENSG00000187840.4] [19/220]
  * #variants in cis = 8
  * Best hit: [id=8_internal_7953, d=411151, pv=0.0685162, s=0.1361]
  * Beta parameters: [s1=1.01228, s2=7.0097]
  * Adjusted p-values: [emp=0.422886, beta=0.406205]

Processing phenotype [ENSG00000260949.1] [20/220]
  * #variants in cis = 8
  * Best hit: [id=8_internal_7036, d=910294, pv=0.141117, s=-0.1227]
  * Beta parameters: [s1=1.02595, s2=7.29782]
  * Adjusted p-values: [emp=0.711443, beta=0.720153]

Processing phenotype [ENSG00000129691.10] [21/220]
  * #variants in cis = 8
  * Best hit: [id=8_internal_9223, d=-512760, pv=0.00657477, s=0.2182]
  * Beta parameters: [s1=1.10482, s2=10.9797]
  * Adjusted p-values: [emp=0.0248756, beta=0.0419969]

Processing phenotype [ENSG00000207103.1] [22/220]
  * #variants in cis = 8
  * Best hit: [id=8_internal_8766, d=229819, pv=0.0246978, s=-0.1800]
  * Beta parameters: [s1=0.951312, s2=10.0614]
  * Adjusted p-values: [emp=0.189055, beta=0.166007]

Processing phenotype [ENSG00000253437.1] [23/220]
  * #variants in cis = 8
  * Best hit: [id=8_internal_8766, d=229819, pv=0.0246978, s=-0.1800]
  * Beta parameters: [s1=1.00537, s2=8.00484]
  * Adjusted p-values: [emp=0.20398, beta=0.171662]

Processing phenotype [ENSG00000240015.2] [24/220]
  * #variants in cis = 8
  * Best hit: [id=8_internal_10181, d=-530141, pv=0.0252218, s=0.1734]
  * Beta parameters: [s1=1.02301, s2=7.69361]
  * Adjusted p-values: [emp=0.149254, beta=0.151038]

Processing phenotype [ENSG00000253356.1] [25/220]
  * #variants in cis = 8
  * Best hit: [id=8_internal_8409, d=-324202, pv=0.0610447, s=0.1458]
  * Beta parameters: [s1=1.13796, s2=7.32201]
  * Adjusted p-values: [emp=0.363184, beta=0.36653]

Processing phenotype [ENSG00000147465.6] [26/220]
  * #variants in cis = 8
  * Best hit: [id=8_internal_9968, d=-278259, pv=0.144483, s=0.1137]
  * Beta parameters: [s1=1.02518, s2=10.7371]
  * Adjusted p-values: [emp=0.771144, beta=0.777912]

Processing phenotype [ENSG00000206610.1] [27/220]
  * #variants in cis = 8
  * Best hit: [id=8_internal_7496, d=-535024, pv=0.209222, s=0.1048]
  * Beta parameters: [s1=1.02455, s2=9.13705]
  * Adjusted p-values: [emp=0.820896, beta=0.854246]

Processing phenotype [ENSG00000253739.1] [28/220]
  * #variants in cis = 8
  * Best hit: [id=8_internal_7496, d=-535024, pv=0.209222, s=0.1048]
  * Beta parameters: [s1=0.962004, s2=7.12051]
  * Adjusted p-values: [emp=0.81592, beta=0.816117]

Processing phenotype [ENSG00000156735.6] [29/220]
  * #variants in cis = 8
  * Best hit: [id=8_internal_7953, d=264959, pv=0.110845, s=0.1310]
  * Beta parameters: [s1=0.942086, s2=8.56035]
  * Adjusted p-values: [emp=0.60199, beta=0.612508]

Processing phenotype [ENSG00000175324.5] [30/220]
  * #variants in cis = 8
  * Best hit: [id=8_internal_10181, d=583597, pv=0.0542692, s=-0.1525]
  * Beta parameters: [s1=0.96893, s2=7.4411]
  * Adjusted p-values: [emp=0.363184, beta=0.365015]

Processing phenotype [ENSG00000248585.2] [31/220]
  * #variants in cis = 8
  * Best hit: [id=8_internal_7953, d=-237254, pv=0.0674191, s=0.1428]
  * Beta parameters: [s1=0.868606, s2=6.9879]
  * Adjusted p-values: [emp=0.402985, beta=0.448375]

Processing phenotype [ENSG00000085788.9] [32/220]
  * #variants in cis = 8
  * Best hit: [id=8_internal_9223, d=-632736, pv=0.037082, s=-0.1655]
  * Beta parameters: [s1=0.802748, s2=11.2257]
  * Adjusted p-values: [emp=0.218905, beta=0.225516]

Processing phenotype [ENSG00000147535.12] [33/220]
  * #variants in cis = 8
  * Best hit: [id=8_internal_10181, d=676110, pv=0.00235865, s=0.2448]
  * Beta parameters: [s1=0.951336, s2=7.73697]
  * Adjusted p-values: [emp=0.0348259, beta=0.0261797]

Processing phenotype [ENSG00000255487.1] [34/220]
  * #variants in cis = 8
  * Best hit: [id=8_internal_9223, d=-683406, pv=0.0827974, s=-0.1414]
  * Beta parameters: [s1=1.0852, s2=6.46471]
  * Adjusted p-values: [emp=0.492537, beta=0.491019]

Processing phenotype [ENSG00000254898.1] [35/220]
  * #variants in cis = 8
  * Best hit: [id=8_internal_9223, d=-743499, pv=0.0858129, s=0.1278]
  * Beta parameters: [s1=1.07908, s2=7.05444]
  * Adjusted p-values: [emp=0.537313, beta=0.536134]

Processing phenotype [ENSG00000147548.11] [36/220]
  * #variants in cis = 8
  * Best hit: [id=8_internal_9223, d=789790, pv=0.0848073, s=-0.1391]
  * Beta parameters: [s1=1.09411, s2=7.69512]
  * Adjusted p-values: [emp=0.517413, beta=0.510556]

Processing phenotype [ENSG00000165046.8] [37/220]
  * #variants in cis = 8
  * Best hit: [id=8_internal_7496, d=314935, pv=0.0434723, s=0.1630]
  * Beta parameters: [s1=1.02823, s2=7.06769]
  * Adjusted p-values: [emp=0.363184, beta=0.335815]

Processing phenotype [ENSG00000255201.1] [38/220]
  * #variants in cis = 8
  * Best hit: [id=8_internal_9223, d=-829407, pv=0.0559816, s=-0.1530]
  * Beta parameters: [s1=0.905945, s2=7.20906]
  * Adjusted p-values: [emp=0.373134, beta=0.370544]

Processing phenotype [ENSG00000077782.15] [39/220]
  * #variants in cis = 8
  * Best hit: [id=8_internal_7496, d=-232308, pv=0.00998156, s=0.2005]
  * Beta parameters: [s1=0.993437, s2=7.81314]
  * Adjusted p-values: [emp=0.0746269, beta=0.0810218]

Processing phenotype [ENSG00000147526.14] [40/220]
  * #variants in cis = 6
  * Best hit: [id=8_internal_7496, d=-5896, pv=0.0726596, s=-0.1402]
  * Beta parameters: [s1=1.06075, s2=6.08334]
  * Adjusted p-values: [emp=0.378109, beta=0.351004]

Processing phenotype [ENSG00000253586.1] [41/220]
  * #variants in cis = 6
  * Best hit: [id=8_internal_9968, d=-356646, pv=0.0413793, s=-0.1584]
  * Maximum Likelihood estimation failed, use Moment Matching instead!
  * Beta parameters: [s1=0.999997, s2=5.08393]
  * Adjusted p-values: [emp=0.21393, beta=0.224361]

Processing phenotype [ENSG00000253829.1] [42/220]
  * #variants in cis = 5
  * Best hit: [id=8_internal_7496, d=124149, pv=0.262078, s=0.0881]
  * Beta parameters: [s1=1.01972, s2=5.84764]
  * Adjusted p-values: [emp=0.80597, beta=0.794975]

Processing phenotype [ENSG00000169499.9] [43/220]
  * #variants in cis = 5
  * Best hit: [id=8_internal_9968, d=-458238, pv=0.037099, s=0.1633]
  * Maximum Likelihood estimation failed, use Moment Matching instead!
  * Beta parameters: [s1=1.00005, s2=5.38677]
  * Adjusted p-values: [emp=0.174129, beta=0.16514]

Processing phenotype [ENSG00000253645.1] [44/220]
  * #variants in cis = 6
  * Best hit: [id=8_internal_9968, d=530015, pv=0.0159112, s=0.1938]
  * Maximum Likelihood estimation failed, use Moment Matching instead!
  * Beta parameters: [s1=1.00006, s2=4.54326]
  * Adjusted p-values: [emp=0.144279, beta=0.133267]

Processing phenotype [ENSG00000169495.4] [45/220]
  * #variants in cis = 6
  * Best hit: [id=8_internal_9968, d=-531168, pv=0.0552622, s=0.1564]
  * Maximum Likelihood estimation failed, use Moment Matching instead!
  * Beta parameters: [s1=1.00002, s2=5.94273]
  * Adjusted p-values: [emp=0.228856, beta=0.246986]

Processing phenotype [ENSG00000169490.12] [46/220]
  * #variants in cis = 6
  * Best hit: [id=8_internal_7036, d=8950, pv=1.7518e-08, s=-0.4327]
  * Beta parameters: [s1=0.882755, s2=5.80136]
  * Adjusted p-values: [emp=0.00497512, beta=1.12214e-07]

Processing phenotype [ENSG00000168615.7] [47/220]
  * #variants in cis = 6
  * Best hit: [id=8_internal_9690, d=915309, pv=0.199719, s=-0.1068]
  * Beta parameters: [s1=0.93436, s2=6.65879]
  * Adjusted p-values: [emp=0.756219, beta=0.763711]

Processing phenotype [ENSG00000207199.1] [48/220]
  * #variants in cis = 6
  * Best hit: [id=8_internal_9968, d=575687, pv=0.310471, s=-0.0840]
  * Maximum Likelihood estimation failed, use Moment Matching instead!
  * Beta parameters: [s1=0.999979, s2=6.62555]
  * Adjusted p-values: [emp=0.895522, beta=0.90209]

Processing phenotype [ENSG00000197140.10] [49/220]
  * #variants in cis = 6
  * Best hit: [id=8_internal_7036, d=-119116, pv=1.69771e-06, s=0.3696]
  * Maximum Likelihood estimation failed, use Moment Matching instead!
  * Beta parameters: [s1=1.00003, s2=5.26582]
  * Adjusted p-values: [emp=0.00497512, beta=1.07228e-05]

Processing phenotype [ENSG00000131203.8] [50/220]
  * #variants in cis = 2
  * Best hit: [id=8_internal_9690, d=9903, pv=3.51808e-07, s=0.3878]
  * Maximum Likelihood estimation failed, use Moment Matching instead!
  * Beta parameters: [s1=1.00003, s2=1.92182]
  * Adjusted p-values: [emp=0.00497512, beta=6.15478e-07]

Processing phenotype [ENSG00000254287.1] [51/220]
  * #variants in cis = 2
  * Best hit: [id=8_internal_9690, d=0, pv=0.00366232, s=0.2352]
  * Maximum Likelihood estimation failed, use Moment Matching instead!
  * Beta parameters: [s1=1.00004, s2=1.90142]
  * Adjusted p-values: [emp=0.00497512, beta=0.00980293]

Processing phenotype [ENSG00000188676.8] [52/220]
  * #variants in cis = 2
  * Best hit: [id=8_internal_9690, d=0, pv=9.34024e-10, s=0.4480]
  * Maximum Likelihood estimation failed, use Moment Matching instead!
  * Beta parameters: [s1=0.999992, s2=1.76525]
  * Adjusted p-values: [emp=0.00497512, beta=9.22235e-10]

Processing phenotype [ENSG00000147533.11] [53/220]
  * #variants in cis = 5
  * Best hit: [id=8_internal_10223, d=0, pv=0.0108165, s=0.2082]
  * Maximum Likelihood estimation failed, use Moment Matching instead!
  * Beta parameters: [s1=0.999967, s2=5.67912]
  * Adjusted p-values: [emp=0.0696517, beta=0.0516465]

Processing phenotype [ENSG00000147536.6] [54/220]
  * #variants in cis = 6
  * Best hit: [id=8_internal_7520, d=989197, pv=0.00606363, s=0.2041]
  * Maximum Likelihood estimation failed, use Moment Matching instead!
  * Beta parameters: [s1=0.999981, s2=5.08521]
  * Adjusted p-values: [emp=0.0597015, beta=0.0495867]

Processing phenotype [ENSG00000253174.2] [55/220]
  * #variants in cis = 6
  * Best hit: [id=8_internal_10223, d=14861, pv=0.011371, s=0.1829]
  * Maximum Likelihood estimation failed, use Moment Matching instead!
  * Beta parameters: [s1=1.00004, s2=5.06194]
  * Adjusted p-values: [emp=0.0696517, beta=0.0643911]

Processing phenotype [ENSG00000158669.7] [56/220]
  * #variants in cis = 6
  * Best hit: [id=8_internal_10776, d=0, pv=2.93742e-05, s=0.3090]
  * Beta parameters: [s1=0.96686, s2=6.10376]
  * Adjusted p-values: [emp=0.00497512, beta=0.00025442]

Processing phenotype [ENSG00000253133.1] [57/220]
  * #variants in cis = 6
  * Best hit: [id=8_internal_7041, d=252895, pv=0.746872, s=0.0259]
  * Beta parameters: [s1=1.03515, s2=7.22633]
  * Adjusted p-values: [emp=1, beta=0.999931]

Processing phenotype [ENSG00000264578.1] [58/220]
  * #variants in cis = 7
  * Best hit: [id=8_internal_10776, d=0, pv=0.00398581, s=0.2225]
  * Beta parameters: [s1=1.05927, s2=6.66793]
  * Adjusted p-values: [emp=0.0248756, beta=0.029173]

Processing phenotype [ENSG00000260588.1] [59/220]
  * #variants in cis = 8
  * Best hit: [id=8_internal_10776, d=143044, pv=0.119318, s=0.1169]
  * Beta parameters: [s1=1.06397, s2=8.86832]
  * Adjusted p-values: [emp=0.572139, beta=0.591675]

Processing phenotype [ENSG00000029534.15] [60/220]
  * #variants in cis = 8
  * Best hit: [id=8_internal_10223, d=366578, pv=0.0029712, s=0.2434]
  * Beta parameters: [s1=0.956512, s2=8.18111]
  * Adjusted p-values: [emp=0.0248756, beta=0.0217399]

Processing phenotype [ENSG00000256905.1] [61/220]
  * #variants in cis = 8
  * Best hit: [id=8_internal_8577, d=0, pv=0.0446816, s=0.1605]
  * Beta parameters: [s1=0.965948, s2=7.40397]
  * Adjusted p-values: [emp=0.318408, beta=0.342319]

Processing phenotype [ENSG00000238966.1] [62/220]
  * #variants in cis = 8
  * Best hit: [id=8_internal_7520, d=-474829, pv=0.0815783, s=0.1442]
  * Beta parameters: [s1=1.04822, s2=9.79071]
  * Adjusted p-values: [emp=0.442786, beta=0.444722]

Processing phenotype [ENSG00000083168.5] [63/220]
  * #variants in cis = 8
  * Best hit: [id=8_internal_8021, d=-293867, pv=0.0209765, s=0.1893]
  * Beta parameters: [s1=1.03209, s2=8.33079]
  * Adjusted p-values: [emp=0.124378, beta=0.130997]

Processing phenotype [ENSG00000261449.1] [64/220]
  * #variants in cis = 8
  * Best hit: [id=8_internal_7041, d=827289, pv=0.207873, s=0.0960]
  * Beta parameters: [s1=0.955419, s2=9.4161]
  * Adjusted p-values: [emp=0.840796, beta=0.847146]

Processing phenotype [ENSG00000070718.7] [65/220]
  * #variants in cis = 8
  * Best hit: [id=8_internal_8021, d=192911, pv=0.0449497, s=-0.1575]
  * Beta parameters: [s1=1.02787, s2=6.82047]
  * Adjusted p-values: [emp=0.308458, beta=0.291575]

Processing phenotype [ENSG00000104368.13] [66/220]
  * #variants in cis = 8
  * Best hit: [id=8_internal_10223, d=677540, pv=0.171571, s=0.1066]
  * Beta parameters: [s1=0.934081, s2=8.27767]
  * Adjusted p-values: [emp=0.746269, beta=0.764313]

Processing phenotype [ENSG00000253408.1] [67/220]
  * #variants in cis = 9
  * Best hit: [id=8_internal_10223, d=741013, pv=0.00443722, s=0.2221]
  * Beta parameters: [s1=1.08581, s2=8.8054]
  * Adjusted p-values: [emp=0.0447761, beta=0.0392084]

Processing phenotype [ENSG00000104365.9] [68/220]
  * #variants in cis = 9
  * Best hit: [id=8_internal_10691, d=963736, pv=0.160177, s=-0.1102]
  * Beta parameters: [s1=0.850086, s2=9.18335]
  * Adjusted p-values: [emp=0.721393, beta=0.749785]

Processing phenotype [ENSG00000070501.6] [69/220]
  * #variants in cis = 8
  * Best hit: [id=8_internal_10223, d=-808270, pv=0.0221817, s=-0.1819]
  * Beta parameters: [s1=1.00986, s2=7.36035]
  * Adjusted p-values: [emp=0.149254, beta=0.156649]

Processing phenotype [ENSG00000240395.1] [70/220]
  * #variants in cis = 8
  * Best hit: [id=8_internal_8119, d=-273287, pv=0.122266, s=0.1272]
  * Beta parameters: [s1=0.885132, s2=5.76922]
  * Adjusted p-values: [emp=0.597015, beta=0.642359]

Processing phenotype [ENSG00000078668.8] [71/220]
  * #variants in cis = 8
  * Best hit: [id=8_internal_8577, d=-340125, pv=0.00547725, s=0.2022]
  * Beta parameters: [s1=0.895623, s2=7.62159]
  * Adjusted p-values: [emp=0.0497512, beta=0.0466112]

Processing phenotype [ENSG00000254131.1] [72/220]
  * #variants in cis = 8
  * Best hit: [id=8_internal_7520, d=33804, pv=0.0711644, s=0.1491]
  * Beta parameters: [s1=0.987617, s2=7.18295]
  * Adjusted p-values: [emp=0.412935, beta=0.426999]

Processing phenotype [ENSG00000254165.1] [73/220]
  * #variants in cis = 7
  * Best hit: [id=8_internal_10776, d=849039, pv=0.00930295, s=-0.1947]
  * Beta parameters: [s1=0.928793, s2=6.97325]
  * Adjusted p-values: [emp=0.0895522, beta=0.0626185]

Processing phenotype [ENSG00000176209.6] [74/220]
  * #variants in cis = 7
  * Best hit: [id=8_internal_7520, d=-15313, pv=0.111425, s=-0.1305]
  * Beta parameters: [s1=0.903257, s2=6.0254]
  * Adjusted p-values: [emp=0.552239, beta=0.565377]

Processing phenotype [ENSG00000168575.5] [75/220]
  * #variants in cis = 7
  * Best hit: [id=8_internal_8021, d=182697, pv=0.0521266, s=-0.1547]
  * Beta parameters: [s1=0.918426, s2=8.03858]
  * Adjusted p-values: [emp=0.298507, beta=0.309248]

Processing phenotype [ENSG00000147434.4] [76/220]
  * #variants in cis = 6
  * Best hit: [id=8_internal_8636, d=11619, pv=0.139859, s=-0.1156]
  * Beta parameters: [s1=0.959827, s2=6.6397]
  * Adjusted p-values: [emp=0.552239, beta=0.589169]

Processing phenotype [ENSG00000131931.4] [77/220]
  * #variants in cis = 6
  * Best hit: [id=8_internal_10691, d=-394088, pv=0.0117655, s=0.1980]
  * Beta parameters: [s1=1.03143, s2=6.52322]
  * Adjusted p-values: [emp=0.0696517, beta=0.0673177]

Processing phenotype [ENSG00000242719.2] [78/220]
  * #variants in cis = 6
  * Best hit: [id=8_internal_8577, d=-827362, pv=0.0628315, s=0.1504]
  * Beta parameters: [s1=1.04993, s2=7.05207]
  * Adjusted p-values: [emp=0.318408, beta=0.302737]

Processing phenotype [ENSG00000168172.3] [79/220]
  * #variants in cis = 6
  * Best hit: [id=8_internal_8577, d=-843058, pv=0.0244631, s=0.1864]
  * Beta parameters: [s1=1.15653, s2=7.5]
  * Adjusted p-values: [emp=0.139303, beta=0.122055]

Processing phenotype [ENSG00000120925.9] [80/220]
  * #variants in cis = 6
  * Best hit: [id=8_internal_8021, d=538061, pv=0.0181002, s=-0.1869]
  * Maximum Likelihood estimation failed, use Moment Matching instead!
  * Beta parameters: [s1=0.999968, s2=4.92141]
  * Adjusted p-values: [emp=0.109453, beta=0.113318]

Processing phenotype [ENSG00000202514.1] [81/220]
  * #variants in cis = 7
  * Best hit: [id=8_internal_8119, d=292471, pv=0.301123, s=-0.0831]
  * Beta parameters: [s1=0.921462, s2=6.99067]
  * Adjusted p-values: [emp=0.910448, beta=0.918511]

Processing phenotype [ENSG00000254673.1] [82/220]
  * #variants in cis = 7
  * Best hit: [id=8_internal_10691, d=218989, pv=0.557173, s=0.0464]
  * Beta parameters: [s1=1.09323, s2=7.67889]
  * Adjusted p-values: [emp=1, beta=0.997802]

Processing phenotype [ENSG00000168522.8] [83/220]
  * #variants in cis = 7
  * Best hit: [id=8_internal_8577, d=-980320, pv=0.0490787, s=0.1564]
  * Beta parameters: [s1=1.00259, s2=7.84283]
  * Adjusted p-values: [emp=0.313433, beta=0.313695]

Processing phenotype [ENSG00000200731.1] [84/220]
  * #variants in cis = 6
  * Best hit: [id=8_internal_7520, d=-547632, pv=0.129054, s=0.1228]
  * Beta parameters: [s1=0.862252, s2=6.2358]
  * Adjusted p-values: [emp=0.507463, beta=0.542308]

Processing phenotype [ENSG00000185900.5] [85/220]
  * #variants in cis = 6
  * Best hit: [id=8_internal_7520, d=-567673, pv=0.216779, s=0.1007]
  * Beta parameters: [s1=0.963348, s2=6.05904]
  * Adjusted p-values: [emp=0.726368, beta=0.745134]

Processing phenotype [ENSG00000254198.1] [86/220]
  * #variants in cis = 6
  * Best hit: [id=8_internal_8065, d=-788133, pv=0.0924307, s=0.1296]
  * Beta parameters: [s1=0.942071, s2=6.38038]
  * Adjusted p-values: [emp=0.40796, beta=0.446256]

Processing phenotype [ENSG00000165102.10] [87/220]
  * #variants in cis = 6
  * Best hit: [id=8_internal_8636, d=-355640, pv=0.0484957, s=0.1604]
  * Beta parameters: [s1=1.09672, s2=6.0965]
  * Adjusted p-values: [emp=0.238806, beta=0.235953]

Processing phenotype [ENSG00000164808.11] [88/220]
  * #variants in cis = 9
  * Best hit: [id=8_internal_9989, d=98685, pv=6.50669e-06, s=0.3365]
  * Beta parameters: [s1=1.00032, s2=6.26985]
  * Adjusted p-values: [emp=0.00497512, beta=0.000131561]

Processing phenotype [ENSG00000253330.1] [89/220]
  * #variants in cis = 9
  * Best hit: [id=8_internal_8440, d=30932, pv=0.00378159, s=0.2319]
  * Beta parameters: [s1=0.971823, s2=9.57631]
  * Adjusted p-values: [emp=0.0447761, beta=0.0293974]

Processing phenotype [ENSG00000251354.3] [90/220]
  * #variants in cis = 9
  * Best hit: [id=8_internal_7256, d=0, pv=0.00134136, s=0.2516]
  * Beta parameters: [s1=1.05668, s2=7.91615]
  * Adjusted p-values: [emp=0.00995025, beta=0.0120849]

Processing phenotype [ENSG00000254065.1] [91/220]
  * #variants in cis = 9
  * Best hit: [id=8_internal_7256, d=0, pv=0.00196115, s=0.2537]
  * Beta parameters: [s1=1.06279, s2=8.60439]
  * Adjusted p-values: [emp=0.0199005, beta=0.0159072]

Processing phenotype [ENSG00000207369.1] [92/220]
  * #variants in cis = 10
  * Best hit: [id=8_internal_9989, d=0, pv=0.016148, s=0.1992]
  * Beta parameters: [s1=1.15745, s2=9.20345]
  * Adjusted p-values: [emp=0.124378, beta=0.122581]

Processing phenotype [ENSG00000221869.4] [93/220]
  * #variants in cis = 10
  * Best hit: [id=8_internal_7599, d=46551, pv=0.23187, s=0.0946]
  * Beta parameters: [s1=0.976921, s2=10.1053]
  * Adjusted p-values: [emp=0.925373, beta=0.92677]

Processing phenotype [ENSG00000253729.3] [94/220]
  * #variants in cis = 10
  * Best hit: [id=8_internal_8933, d=89292, pv=0.0131692, s=0.2057]
  * Beta parameters: [s1=0.879036, s2=10.4704]
  * Adjusted p-values: [emp=0.119403, beta=0.105393]

Processing phenotype [ENSG00000104738.11] [95/220]
  * #variants in cis = 10
  * Best hit: [id=8_internal_8404, d=854622, pv=0.0223566, s=0.1856]
  * Beta parameters: [s1=1.01703, s2=9.09238]
  * Adjusted p-values: [emp=0.18408, beta=0.202567]

Processing phenotype [ENSG00000169139.6] [96/220]
  * #variants in cis = 10
  * Best hit: [id=8_internal_8440, d=-527189, pv=0.0200432, s=0.1903]
  * Beta parameters: [s1=0.991325, s2=8.79065]
  * Adjusted p-values: [emp=0.208955, beta=0.190464]

Processing phenotype [ENSG00000147485.8] [97/220]
  * #variants in cis = 1
  * Best hit: [id=8_internal_7844, d=-355603, pv=0.212007, s=-0.0979]
  * Maximum Likelihood estimation failed, use Moment Matching instead!
  * Beta parameters: [s1=0.999959, s2=1.00218]
  * Adjusted p-values: [emp=0.199005, beta=0.217247]

Processing phenotype [ENSG00000232941.1] [98/220]
  * #variants in cis = 1
  * Best hit: [id=8_internal_7844, d=347465, pv=0.223448, s=-0.0998]
  * Maximum Likelihood estimation failed, use Moment Matching instead!
  * Beta parameters: [s1=1.00001, s2=1.03473]
  * Adjusted p-values: [emp=0.243781, beta=0.241067]

Processing phenotype [ENSG00000253475.1] [99/220]
  * #variants in cis = 1
  * Best hit: [id=8_internal_7844, d=-268674, pv=0.726051, s=0.0291]
  * Maximum Likelihood estimation failed, use Moment Matching instead!
  * Beta parameters: [s1=1.00002, s2=0.9035]
  * Adjusted p-values: [emp=0.706468, beta=0.714142]

Processing phenotype [ENSG00000168300.9] [100/220]
  * #variants in cis = 1
  * Best hit: [id=8_internal_7844, d=-265873, pv=0.288951, s=-0.0853]
  * Maximum Likelihood estimation failed, use Moment Matching instead!
  * Beta parameters: [s1=0.999955, s2=0.953908]
  * Adjusted p-values: [emp=0.338308, beta=0.316717]

Processing phenotype [ENSG00000228801.4] [101/220]
  * #variants in cis = 1
  * Best hit: [id=8_internal_7844, d=265723, pv=0.268152, s=0.0873]
  * Maximum Likelihood estimation failed, use Moment Matching instead!
  * Beta parameters: [s1=0.999976, s2=1.00565]
  * Adjusted p-values: [emp=0.248756, beta=0.261617]

Processing phenotype [ENSG00000147488.7] [102/220]
  * #variants in cis = 1
  * Best hit: [id=8_internal_7844, d=283147, pv=0.0613469, s=0.1417]
  * Maximum Likelihood estimation failed, use Moment Matching instead!
  * Beta parameters: [s1=0.999976, s2=0.916339]
  * Adjusted p-values: [emp=0.0746269, beta=0.0381491]

Processing phenotype [ENSG00000023287.8] [103/220]
  * #variants in cis = 1
  * Best hit: [id=8_internal_7844, d=568031, pv=0.543136, s=0.0456]
  * Maximum Likelihood estimation failed, use Moment Matching instead!
  * Beta parameters: [s1=0.999985, s2=1.06165]
  * Adjusted p-values: [emp=0.562189, beta=0.543294]

Processing phenotype [ENSG00000183729.3] [104/220]
  * #variants in cis = 1
  * Best hit: [id=8_internal_7844, d=-760619, pv=0.122335, s=0.1230]
  * Maximum Likelihood estimation failed, use Moment Matching instead!
  * Beta parameters: [s1=0.999979, s2=1.03904]
  * Adjusted p-values: [emp=0.144279, beta=0.13745]

Processing phenotype [ENSG00000047249.11] [105/220]
  * #variants in cis = 0

Processing phenotype [ENSG00000147509.9] [106/220]
  * #variants in cis = 0

Processing phenotype [ENSG00000253667.1] [107/220]
  * #variants in cis = 0

Processing phenotype [ENSG00000187735.8] [108/220]
  * #variants in cis = 0

Processing phenotype [ENSG00000260955.1] [109/220]
  * #variants in cis = 0

Processing phenotype [ENSG00000254274.1] [110/220]
  * #variants in cis = 0

Processing phenotype [ENSG00000120992.12] [111/220]
  * #variants in cis = 0

Processing phenotype [ENSG00000137547.4] [112/220]
  * #variants in cis = 0

Processing phenotype [ENSG00000137574.6] [113/220]
  * #variants in cis = 5
  * Best hit: [id=8_internal_8624, d=187735, pv=0.0321735, s=-0.1798]
  * Maximum Likelihood estimation failed, use Moment Matching instead!
  * Beta parameters: [s1=1.00001, s2=5.11886]
  * Adjusted p-values: [emp=0.134328, beta=0.165875]

Processing phenotype [ENSG00000167904.10] [114/220]
  * #variants in cis = 5
  * Best hit: [id=8_internal_8852, d=-627466, pv=0.042529, s=0.1641]
  * Beta parameters: [s1=0.97372, s2=5.66075]
  * Adjusted p-values: [emp=0.199005, beta=0.198162]

Processing phenotype [ENSG00000254087.2] [115/220]
  * #variants in cis = 5
  * Best hit: [id=8_internal_6743, d=1267, pv=0.000131052, s=0.2986]
  * Beta parameters: [s1=1.09025, s2=6.12765]
  * Adjusted p-values: [emp=0.00497512, beta=5.7013e-05]

Processing phenotype [ENSG00000254325.1] [116/220]
  * #variants in cis = 5
  * Best hit: [id=8_internal_7193, d=53835, pv=0.00185254, s=0.2430]
  * Beta parameters: [s1=0.960152, s2=5.47613]
  * Adjusted p-values: [emp=0.0149254, beta=0.0069301]

Processing phenotype [ENSG00000199405.1] [117/220]
  * #variants in cis = 5
  * Best hit: [id=8_internal_7193, d=-44575, pv=0.00816913, s=0.2100]
  * Maximum Likelihood estimation failed, use Moment Matching instead!
  * Beta parameters: [s1=1.00005, s2=4.26309]
  * Adjusted p-values: [emp=0.0497512, beta=0.0439009]

Processing phenotype [ENSG00000216204.1] [118/220]
  * #variants in cis = 5
  * Best hit: [id=8_internal_8624, d=51916, pv=0.000765018, s=-0.2666]
  * Maximum Likelihood estimation failed, use Moment Matching instead!
  * Beta parameters: [s1=0.999932, s2=4.15156]
  * Adjusted p-values: [emp=0.00497512, beta=0.00821186]

Processing phenotype [ENSG00000240905.2] [119/220]
  * #variants in cis = 5
  * Best hit: [id=8_internal_7193, d=0, pv=0.0207694, s=0.1795]
  * Beta parameters: [s1=0.934952, s2=5.5673]
  * Adjusted p-values: [emp=0.0696517, beta=0.0677626]

Processing phenotype [ENSG00000241997.2] [120/220]
  * #variants in cis = 5
  * Best hit: [id=8_internal_7193, d=14487, pv=0.00638251, s=0.2140]
  * Beta parameters: [s1=0.971822, s2=5.40173]
  * Adjusted p-values: [emp=0.039801, beta=0.0336538]

Processing phenotype [ENSG00000236814.1] [121/220]
  * #variants in cis = 5
  * Best hit: [id=8_internal_7193, d=43381, pv=0.00219144, s=0.2367]
  * Maximum Likelihood estimation failed, use Moment Matching instead!
  * Beta parameters: [s1=1.00002, s2=4.42271]
  * Adjusted p-values: [emp=0.00995025, beta=0.0135618]

Processing phenotype [ENSG00000238650.1] [122/220]
  * #variants in cis = 5
  * Best hit: [id=8_internal_8852, d=-326972, pv=0.0363378, s=0.1627]
  * Maximum Likelihood estimation failed, use Moment Matching instead!
  * Beta parameters: [s1=0.999977, s2=4.36245]
  * Adjusted p-values: [emp=0.208955, beta=0.177183]

Processing phenotype [ENSG00000008988.5] [123/220]
  * #variants in cis = 5
  * Best hit: [id=8_internal_7193, d=66684, pv=0.0643037, s=-0.1433]
  * Beta parameters: [s1=0.997049, s2=6.00906]
  * Adjusted p-values: [emp=0.189055, beta=0.199202]

Processing phenotype [ENSG00000181690.3] [124/220]
  * #variants in cis = 6
  * Best hit: [id=8_internal_6888, d=217263, pv=0.0903243, s=-0.1292]
  * Beta parameters: [s1=1.00001, s2=6.82109]
  * Adjusted p-values: [emp=0.39801, beta=0.421672]

Processing phenotype [ENSG00000170791.13] [125/220]
  * #variants in cis = 6
  * Best hit: [id=8_internal_8624, d=-142930, pv=0.0119399, s=-0.1933]
  * Beta parameters: [s1=1.10933, s2=6.70062]
  * Adjusted p-values: [emp=0.0696517, beta=0.060014]

Processing phenotype [ENSG00000254254.1] [126/220]
  * #variants in cis = 6
  * Best hit: [id=8_internal_8624, d=-377051, pv=0.0977959, s=0.1364]
  * Beta parameters: [s1=0.960236, s2=5.40803]
  * Adjusted p-values: [emp=0.457711, beta=0.460921]

Processing phenotype [ENSG00000181195.5] [127/220]
  * #variants in cis = 6
  * Best hit: [id=8_internal_6888, d=452673, pv=0.429404, s=0.0642]
  * Beta parameters: [s1=1.04757, s2=7.27345]
  * Adjusted p-values: [emp=0.970149, beta=0.973857]

Processing phenotype [ENSG00000253541.1] [128/220]
  * #variants in cis = 6
  * Best hit: [id=8_internal_6894, d=-727575, pv=0.0847852, s=-0.1390]
  * Beta parameters: [s1=0.986423, s2=7.02429]
  * Adjusted p-values: [emp=0.402985, beta=0.373522]

Processing phenotype [ENSG00000253139.1] [129/220]
  * #variants in cis = 6
  * Best hit: [id=8_internal_7193, d=532671, pv=0.10336, s=-0.1315]
  * Maximum Likelihood estimation failed, use Moment Matching instead!
  * Beta parameters: [s1=0.999975, s2=5.11333]
  * Adjusted p-values: [emp=0.412935, beta=0.434409]

Processing phenotype [ENSG00000246430.2] [130/220]
  * #variants in cis = 6
  * Best hit: [id=8_internal_6888, d=565762, pv=0.0404708, s=-0.1576]
  * Beta parameters: [s1=1.02708, s2=6.58652]
  * Adjusted p-values: [emp=0.223881, beta=0.216359]

Processing phenotype [ENSG00000241431.1] [131/220]
  * #variants in cis = 6
  * Best hit: [id=8_internal_6894, d=617177, pv=0.312659, s=-0.0807]
  * Maximum Likelihood estimation failed, use Moment Matching instead!
  * Beta parameters: [s1=1.00003, s2=5.08158]
  * Adjusted p-values: [emp=0.890547, beta=0.862668]

Processing phenotype [ENSG00000197334.1] [132/220]
  * #variants in cis = 7
  * Best hit: [id=8_internal_6894, d=249474, pv=0.0821594, s=0.1365]
  * Beta parameters: [s1=0.951335, s2=6.32329]
  * Adjusted p-values: [emp=0.402985, beta=0.438887]

Processing phenotype [ENSG00000104331.4] [133/220]
  * #variants in cis = 7
  * Best hit: [id=8_internal_6888, d=999783, pv=0.367538, s=-0.0716]
  * Beta parameters: [s1=1.06466, s2=6.58785]
  * Adjusted p-values: [emp=0.960199, beta=0.952694]

Processing phenotype [ENSG00000253821.1] [134/220]
  * #variants in cis = 5
  * Best hit: [id=8_internal_10883, d=634578, pv=0.211071, s=-0.1026]
  * Beta parameters: [s1=1.08422, s2=6.00752]
  * Adjusted p-values: [emp=0.726368, beta=0.716265]

Processing phenotype [ENSG00000169122.7] [135/220]
  * #variants in cis = 6
  * Best hit: [id=8_internal_10883, d=132953, pv=4.10495e-10, s=0.4801]
  * Maximum Likelihood estimation failed, use Moment Matching instead!
  * Beta parameters: [s1=0.999975, s2=5.16234]
  * Adjusted p-values: [emp=0.00497512, beta=7.22401e-09]

Processing phenotype [ENSG00000215114.3] [136/220]
  * #variants in cis = 6
  * Best hit: [id=8_internal_10883, d=-155308, pv=0.00447849, s=0.2134]
  * Beta parameters: [s1=0.985148, s2=6.13102]
  * Adjusted p-values: [emp=0.0298507, beta=0.0266371]

Processing phenotype [ENSG00000250031.1] [137/220]
  * #variants in cis = 6
  * Best hit: [id=8_internal_9006, d=46874, pv=0.0031891, s=0.2396]
  * Beta parameters: [s1=0.982665, s2=7.06748]
  * Adjusted p-values: [emp=0.0149254, beta=0.0145502]

Processing phenotype [ENSG00000137575.7] [138/220]
  * #variants in cis = 6
  * Best hit: [id=8_internal_7063, d=0, pv=0.0760053, s=0.1390]
  * Beta parameters: [s1=0.910288, s2=5.9088]
  * Adjusted p-values: [emp=0.333333, beta=0.370886]

Processing phenotype [ENSG00000242970.2] [139/220]
  * #variants in cis = 6
  * Best hit: [id=8_internal_10883, d=332808, pv=0.100199, s=-0.1299]
  * Beta parameters: [s1=0.978986, s2=5.765]
  * Adjusted p-values: [emp=0.477612, beta=0.446305]

Processing phenotype [ENSG00000035681.3] [140/220]
  * #variants in cis = 6
  * Best hit: [id=8_internal_8470, d=49990, pv=0.255882, s=-0.0899]
  * Beta parameters: [s1=0.946315, s2=5.78086]
  * Adjusted p-values: [emp=0.781095, beta=0.800656]

Processing phenotype [ENSG00000167912.5] [141/220]
  * #variants in cis = 6
  * Best hit: [id=8_internal_8539, d=-10457, pv=0.00038621, s=0.2766]
  * Beta parameters: [s1=0.867132, s2=6.33098]
  * Adjusted p-values: [emp=0.0149254, beta=0.00163262]

Processing phenotype [ENSG00000198846.5] [142/220]
  * #variants in cis = 6
  * Best hit: [id=8_internal_8539, d=10625, pv=0.0107009, s=0.2025]
  * Beta parameters: [s1=0.949915, s2=5.70278]
  * Adjusted p-values: [emp=0.0646766, beta=0.0478914]

Processing phenotype [ENSG00000178538.5] [143/220]
  * #variants in cis = 6
  * Best hit: [id=8_internal_8718, d=-98360, pv=0.0303827, s=0.1654]
  * Beta parameters: [s1=0.982414, s2=5.81423]
  * Adjusted p-values: [emp=0.154229, beta=0.157827]

Processing phenotype [ENSG00000251396.2] [144/220]
  * #variants in cis = 6
  * Best hit: [id=8_internal_8139, d=-308204, pv=0.0692041, s=-0.1443]
  * Maximum Likelihood estimation failed, use Moment Matching instead!
  * Beta parameters: [s1=1.00001, s2=5.50109]
  * Adjusted p-values: [emp=0.313433, beta=0.3428]

Processing phenotype [ENSG00000104388.10] [145/220]
  * #variants in cis = 6
  * Best hit: [id=8_internal_8139, d=308142, pv=0.122125, s=-0.1277]
  * Beta parameters: [s1=1.03348, s2=6.21854]
  * Adjusted p-values: [emp=0.597015, beta=0.580163]

Processing phenotype [ENSG00000255321.1] [146/220]
  * #variants in cis = 6
  * Best hit: [id=8_internal_8718, d=166951, pv=0.102372, s=-0.1279]
  * Beta parameters: [s1=0.940176, s2=5.45379]
  * Adjusted p-values: [emp=0.507463, beta=0.499443]

Processing phenotype [ENSG00000171316.6] [147/220]
  * #variants in cis = 8
  * Best hit: [id=8_internal_10210, d=0, pv=5.10551e-21, s=0.6589]
  * Beta parameters: [s1=0.92259, s2=6.94479]
  * Adjusted p-values: [emp=0.00497512, beta=1.14221e-18]

Processing phenotype [ENSG00000254432.1] [148/220]
  * #variants in cis = 8
  * Best hit: [id=8_internal_10210, d=26838, pv=0.0119143, s=0.2071]
  * Beta parameters: [s1=1.02514, s2=6.55284]
  * Adjusted p-values: [emp=0.119403, beta=0.115192]

Processing phenotype [ENSG00000254777.1] [149/220]
  * #variants in cis = 9
  * Best hit: [id=8_internal_9157, d=0, pv=8.17477e-10, s=0.4697]
  * Beta parameters: [s1=1.04782, s2=7.80016]
  * Adjusted p-values: [emp=0.00497512, beta=3.80878e-09]

Processing phenotype [ENSG00000254802.1] [150/220]
  * #variants in cis = 9
  * Best hit: [id=8_internal_9157, d=0, pv=1.08871e-08, s=0.4216]
  * Beta parameters: [s1=1.01293, s2=8.84809]
  * Adjusted p-values: [emp=0.00497512, beta=1.03838e-07]

Processing phenotype [ENSG00000177182.6] [151/220]
  * #variants in cis = 9
  * Best hit: [id=8_internal_10568, d=599260, pv=3.06814e-08, s=0.4229]
  * Beta parameters: [s1=1.00218, s2=9.36765]
  * Adjusted p-values: [emp=0.00497512, beta=7.30676e-08]

Processing phenotype [ENSG00000213881.3] [152/220]
  * #variants in cis = 9
  * Best hit: [id=8_internal_10568, d=454068, pv=0.0613391, s=-0.1434]
  * Beta parameters: [s1=1.09803, s2=9.39057]
  * Adjusted p-values: [emp=0.427861, beta=0.3947]

Processing phenotype [ENSG00000254285.2] [153/220]
  * #variants in cis = 7
  * Best hit: [id=8_internal_9840, d=299120, pv=0.0978422, s=0.1328]
  * Beta parameters: [s1=0.895671, s2=6.76129]
  * Adjusted p-values: [emp=0.462687, beta=0.473285]

Processing phenotype [ENSG00000222898.1] [154/220]
  * #variants in cis = 7
  * Best hit: [id=8_internal_10568, d=-24406, pv=5.13901e-05, s=0.3138]
  * Beta parameters: [s1=1.01218, s2=6.18762]
  * Adjusted p-values: [emp=0.00497512, beta=0.000613556]

Processing phenotype [ENSG00000198363.10] [155/220]
  * #variants in cis = 7
  * Best hit: [id=8_internal_10568, d=0, pv=1.24901e-12, s=0.5196]
  * Beta parameters: [s1=0.924743, s2=8.4188]
  * Adjusted p-values: [emp=0.00497512, beta=1.90445e-12]

Processing phenotype [ENSG00000251127.2] [156/220]
  * #variants in cis = 7
  * Best hit: [id=8_internal_10568, d=0, pv=0.00933589, s=0.2026]
  * Beta parameters: [s1=1.01331, s2=6.40606]
  * Adjusted p-values: [emp=0.0746269, beta=0.0711936]

Processing phenotype [ENSG00000253121.1] [157/220]
  * #variants in cis = 1
  * Best hit: [id=8_internal_7151, d=144784, pv=0.793029, s=-0.0213]
  * Maximum Likelihood estimation failed, use Moment Matching instead!
  * Beta parameters: [s1=1.00002, s2=1.07121]
  * Adjusted p-values: [emp=0.80597, beta=0.803274]

Processing phenotype [ENSG00000137563.6] [158/220]
  * #variants in cis = 1
  * Best hit: [id=8_internal_7151, d=-129985, pv=0.0364872, s=0.1592]
  * Maximum Likelihood estimation failed, use Moment Matching instead!
  * Beta parameters: [s1=0.99999, s2=1.12366]
  * Adjusted p-values: [emp=0.0447761, beta=0.0380602]

Processing phenotype [ENSG00000185728.11] [159/220]
  * #variants in cis = 1
  * Best hit: [id=8_internal_7151, d=603, pv=1.33139e-06, s=0.3661]
  * Maximum Likelihood estimation failed, use Moment Matching instead!
  * Beta parameters: [s1=1.00002, s2=0.921418]
  * Adjusted p-values: [emp=0.00497512, beta=5.39229e-07]

Processing phenotype [ENSG00000261542.1] [160/220]
  * #variants in cis = 1
  * Best hit: [id=8_internal_7151, d=-7169, pv=3.42675e-05, s=0.3180]
  * Maximum Likelihood estimation failed, use Moment Matching instead!
  * Beta parameters: [s1=1.00003, s2=1.03208]
  * Adjusted p-values: [emp=0.00497512, beta=3.97394e-05]

Processing phenotype [ENSG00000172817.3] [161/220]
  * #variants in cis = 4
  * Best hit: [id=8_internal_10543, d=0, pv=0.212769, s=0.0971]
  * Maximum Likelihood estimation failed, use Moment Matching instead!
  * Beta parameters: [s1=1.00004, s2=3.5606]
  * Adjusted p-values: [emp=0.616915, beta=0.602009]

Processing phenotype [ENSG00000200714.1] [162/220]
  * #variants in cis = 8
  * Best hit: [id=8_internal_8088, d=40576, pv=0.12468, s=0.1230]
  * Beta parameters: [s1=0.995889, s2=7.93953]
  * Adjusted p-values: [emp=0.631841, beta=0.636008]

Processing phenotype [ENSG00000104442.5] [163/220]
  * #variants in cis = 8
  * Best hit: [id=8_internal_8088, d=0, pv=0.00934846, s=0.2108]
  * Beta parameters: [s1=0.925988, s2=7.09075]
  * Adjusted p-values: [emp=0.104478, beta=0.0875549]

Processing phenotype [ENSG00000066855.10] [164/220]
  * #variants in cis = 8
  * Best hit: [id=8_internal_8088, d=0, pv=3.1102e-10, s=0.4806]
  * Beta parameters: [s1=0.851535, s2=9.52396]
  * Adjusted p-values: [emp=0.00497512, beta=2.13354e-09]

Processing phenotype [ENSG00000267813.1] [165/220]
  * #variants in cis = 8
  * Best hit: [id=8_internal_9532, d=-868927, pv=0.0409686, s=0.1607]
  * Beta parameters: [s1=0.95134, s2=8.43128]
  * Adjusted p-values: [emp=0.313433, beta=0.314931]

Processing phenotype [ENSG00000205268.6] [166/220]
  * #variants in cis = 8
  * Best hit: [id=8_internal_7162, d=966, pv=0.00227165, s=0.2468]
  * Beta parameters: [s1=1.04266, s2=9.19777]
  * Adjusted p-values: [emp=0.00497512, beta=0.0118872]

Processing phenotype [ENSG00000147570.5] [167/220]
  * #variants in cis = 7
  * Best hit: [id=8_internal_7162, d=-180204, pv=0.000831401, s=0.2461]
  * Beta parameters: [s1=1.09095, s2=6.30328]
  * Adjusted p-values: [emp=0.00995025, beta=0.00437594]

Processing phenotype [ENSG00000253190.1] [168/220]
  * #variants in cis = 7
  * Best hit: [id=8_internal_9364, d=323587, pv=0.00497494, s=-0.2244]
  * Beta parameters: [s1=0.945825, s2=6.38888]
  * Adjusted p-values: [emp=0.039801, beta=0.0345924]

Processing phenotype [ENSG00000246145.1] [169/220]
  * #variants in cis = 8
  * Best hit: [id=8_internal_8088, d=783285, pv=0.0552074, s=-0.1516]
  * Beta parameters: [s1=0.987116, s2=7.37532]
  * Adjusted p-values: [emp=0.343284, beta=0.344744]

Processing phenotype [ENSG00000179041.2] [170/220]
  * #variants in cis = 8
  * Best hit: [id=8_internal_7162, d=-587672, pv=0.0112761, s=0.1935]
  * Beta parameters: [s1=0.973381, s2=6.56102]
  * Adjusted p-values: [emp=0.0945274, beta=0.0891077]

Processing phenotype [ENSG00000147576.11] [171/220]
  * #variants in cis = 8
  * Best hit: [id=8_internal_9364, d=6069, pv=9.21931e-17, s=0.6144]
  * Beta parameters: [s1=0.989183, s2=7.48672]
  * Adjusted p-values: [emp=0.00497512, beta=1.12301e-15]

Processing phenotype [ENSG00000169085.6] [172/220]
  * #variants in cis = 8
  * Best hit: [id=8_internal_9364, d=0, pv=2.33288e-14, s=0.5690]
  * Beta parameters: [s1=1.01055, s2=7.17939]
  * Adjusted p-values: [emp=0.00497512, beta=2.6599e-13]

Processing phenotype [ENSG00000185697.11] [173/220]
  * #variants in cis = 9
  * Best hit: [id=8_internal_9364, d=85611, pv=0.0111579, s=0.2051]
  * Beta parameters: [s1=0.974508, s2=8.37942]
  * Adjusted p-values: [emp=0.109453, beta=0.0990353]

Processing phenotype [ENSG00000201365.1] [174/220]
  * #variants in cis = 8
  * Best hit: [id=8_internal_8310, d=711868, pv=0.0504814, s=0.1564]
  * Beta parameters: [s1=0.92641, s2=7.51628]
  * Adjusted p-values: [emp=0.293532, beta=0.279382]

Processing phenotype [ENSG00000175073.7] [175/220]
  * #variants in cis = 8
  * Best hit: [id=8_internal_10295, d=-934730, pv=0.139405, s=-0.1185]
  * Beta parameters: [s1=1.11215, s2=9.05525]
  * Adjusted p-values: [emp=0.706468, beta=0.698462]

Processing phenotype [ENSG00000104205.7] [176/220]
  * #variants in cis = 8
  * Best hit: [id=8_internal_9364, d=-138960, pv=0.147619, s=0.1152]
  * Beta parameters: [s1=0.977777, s2=7.92299]
  * Adjusted p-values: [emp=0.691542, beta=0.694385]

Processing phenotype [ENSG00000213865.3] [177/220]
  * #variants in cis = 8
  * Best hit: [id=8_internal_9163, d=-105090, pv=0.0830889, s=-0.1440]
  * Beta parameters: [s1=0.973933, s2=8.678]
  * Adjusted p-values: [emp=0.472637, beta=0.46728]

Processing phenotype [ENSG00000213005.2] [178/220]
  * #variants in cis = 7
  * Best hit: [id=8_internal_8310, d=-597332, pv=0.32107, s=0.0793]
  * Beta parameters: [s1=1.02057, s2=6.60623]
  * Adjusted p-values: [emp=0.910448, beta=0.921673]

Processing phenotype [ENSG00000178460.13] [179/220]
  * #variants in cis = 6
  * Best hit: [id=8_internal_9226, d=-726912, pv=0.00307468, s=-0.2343]
  * Beta parameters: [s1=1.02342, s2=6.00619]
  * Adjusted p-values: [emp=0.0149254, beta=0.0149727]

Processing phenotype [ENSG00000254341.1] [180/220]
  * #variants in cis = 6
  * Best hit: [id=8_internal_8310, d=-442786, pv=0.293422, s=0.0818]
  * Maximum Likelihood estimation failed, use Moment Matching instead!
  * Beta parameters: [s1=1.00006, s2=5.33782]
  * Adjusted p-values: [emp=0.865672, beta=0.8753]

Processing phenotype [ENSG00000201719.1] [181/220]
  * #variants in cis = 6
  * Best hit: [id=8_internal_8310, d=-442782, pv=0.176971, s=0.1052]
  * Beta parameters: [s1=1.07296, s2=6.5886]
  * Adjusted p-values: [emp=0.706468, beta=0.711594]

Processing phenotype [ENSG00000245910.2] [182/220]
  * #variants in cis = 6
  * Best hit: [id=8_internal_9226, d=782561, pv=0.00983409, s=-0.2025]
  * Beta parameters: [s1=0.923323, s2=6.33653]
  * Adjusted p-values: [emp=0.0696517, beta=0.0594721]

Processing phenotype [ENSG00000178125.9] [183/220]
  * #variants in cis = 7
  * Best hit: [id=8_internal_9163, d=494079, pv=0.0564791, s=0.1494]
  * Beta parameters: [s1=0.988572, s2=6.00789]
  * Adjusted p-values: [emp=0.303483, beta=0.320323]

Processing phenotype [ENSG00000104218.9] [184/220]
  * #variants in cis = 7
  * Best hit: [id=8_internal_10295, d=539521, pv=0.156221, s=-0.1093]
  * Beta parameters: [s1=1.04864, s2=9.67567]
  * Adjusted p-values: [emp=0.731343, beta=0.745539]

Processing phenotype [ENSG00000121022.9] [185/220]
  * #variants in cis = 7
  * Best hit: [id=8_internal_8310, d=-281554, pv=0.0235638, s=-0.1757]
  * Beta parameters: [s1=0.926723, s2=8.12131]
  * Adjusted p-values: [emp=0.134328, beta=0.130982]

Processing phenotype [ENSG00000252637.1] [186/220]
  * #variants in cis = 7
  * Best hit: [id=8_internal_7508, d=865286, pv=0.098227, s=-0.1314]
  * Beta parameters: [s1=1.03905, s2=7.46157]
  * Adjusted p-values: [emp=0.572139, beta=0.53304]

Processing phenotype [ENSG00000250869.1] [187/220]
  * #variants in cis = 7
  * Best hit: [id=8_internal_10439, d=-815663, pv=0.184483, s=0.1054]
  * Beta parameters: [s1=1.1047, s2=7.12985]
  * Adjusted p-values: [emp=0.751244, beta=0.746061]

Processing phenotype [ENSG00000066777.3] [188/220]
  * #variants in cis = 6
  * Best hit: [id=8_internal_8310, d=-21660, pv=0.217824, s=0.1001]
  * Beta parameters: [s1=0.855005, s2=7.00732]
  * Adjusted p-values: [emp=0.711443, beta=0.728489]

Processing phenotype [ENSG00000165078.7] [189/220]
  * #variants in cis = 4
  * Best hit: [id=8_internal_10439, d=-205189, pv=0.211774, s=-0.0989]
  * Maximum Likelihood estimation failed, use Moment Matching instead!
  * Beta parameters: [s1=0.999982, s2=3.57966]
  * Adjusted p-values: [emp=0.641791, beta=0.614843]

Processing phenotype [ENSG00000046889.14] [190/220]
  * #variants in cis = 4
  * Best hit: [id=8_internal_7508, d=12470, pv=4.2111e-06, s=0.3636]
  * Maximum Likelihood estimation failed, use Moment Matching instead!
  * Beta parameters: [s1=1.00001, s2=3.10438]
  * Adjusted p-values: [emp=0.00497512, beta=0.000102091]

Processing phenotype [ENSG00000254332.1] [191/220]
  * #variants in cis = 5
  * Best hit: [id=8_internal_7053, d=589995, pv=0.13443, s=-0.1209]
  * Maximum Likelihood estimation failed, use Moment Matching instead!
  * Beta parameters: [s1=1.00003, s2=4.80964]
  * Adjusted p-values: [emp=0.577114, beta=0.559392]

Processing phenotype [ENSG00000253173.2] [192/220]
  * #variants in cis = 8
  * Best hit: [id=8_internal_7053, d=268424, pv=0.00257423, s=-0.2379]
  * Beta parameters: [s1=1.00104, s2=9.06541]
  * Adjusted p-values: [emp=0.0149254, beta=0.0113132]

Processing phenotype [ENSG00000213003.2] [193/220]
  * #variants in cis = 8
  * Best hit: [id=8_internal_10263, d=-438652, pv=0.477737, s=0.0540]
  * Beta parameters: [s1=1.08526, s2=6.67156]
  * Adjusted p-values: [emp=0.9801, beta=0.990448]

Processing phenotype [ENSG00000207036.1] [194/220]
  * #variants in cis = 8
  * Best hit: [id=8_internal_7378, d=-284367, pv=0.164935, s=0.1146]
  * Beta parameters: [s1=0.979433, s2=8.42739]
  * Adjusted p-values: [emp=0.761194, beta=0.746667]

Processing phenotype [ENSG00000140396.7] [195/220]
  * #variants in cis = 8
  * Best hit: [id=8_internal_7137, d=1591, pv=8.23798e-07, s=0.3660]
  * Beta parameters: [s1=1.08056, s2=6.62392]
  * Adjusted p-values: [emp=0.00497512, beta=1.16808e-05]

Processing phenotype [ENSG00000213002.1] [196/220]
  * #variants in cis = 8
  * Best hit: [id=8_internal_9302, d=466133, pv=0.392679, s=0.0675]
  * Beta parameters: [s1=0.99388, s2=9.19971]
  * Adjusted p-values: [emp=0.985075, beta=0.986568]

Processing phenotype [ENSG00000238450.1] [197/220]
  * #variants in cis = 8
  * Best hit: [id=8_internal_7446, d=-355968, pv=0.0612518, s=0.1459]
  * Beta parameters: [s1=0.994094, s2=8.20399]
  * Adjusted p-values: [emp=0.422886, beta=0.390131]

Processing phenotype [ENSG00000067167.3] [198/220]
  * #variants in cis = 8
  * Best hit: [id=8_internal_9302, d=-431192, pv=0.0765161, s=0.1412]
  * Beta parameters: [s1=0.940114, s2=6.90908]
  * Adjusted p-values: [emp=0.472637, beta=0.457622]

Processing phenotype [ENSG00000246366.2] [199/220]
  * #variants in cis = 8
  * Best hit: [id=8_internal_7137, d=-206363, pv=0.14389, s=-0.1147]
  * Beta parameters: [s1=0.973049, s2=8.45869]
  * Adjusted p-values: [emp=0.721393, beta=0.710256]

Processing phenotype [ENSG00000147592.4] [200/220]
  * #variants in cis = 8
  * Best hit: [id=8_internal_7137, d=266960, pv=0.122119, s=-0.1204]
  * Beta parameters: [s1=0.943842, s2=7.14359]
  * Adjusted p-values: [emp=0.646766, beta=0.635216]

Processing phenotype [ENSG00000221947.3] [201/220]
  * #variants in cis = 8
  * Best hit: [id=8_internal_7446, d=-420801, pv=0.258177, s=0.0940]
  * Beta parameters: [s1=0.949868, s2=6.89216]
  * Adjusted p-values: [emp=0.880597, beta=0.889763]

Processing phenotype [ENSG00000235531.5] [202/220]
  * #variants in cis = 3
  * Best hit: [id=8_internal_7583, d=0, pv=0.000376318, s=0.2790]
  * Maximum Likelihood estimation failed, use Moment Matching instead!
  * Beta parameters: [s1=0.999959, s2=2.64002]
  * Adjusted p-values: [emp=0.00995025, beta=0.00169776]

Processing phenotype [ENSG00000178860.8] [203/220]
  * #variants in cis = 3
  * Best hit: [id=8_internal_7583, d=0, pv=4.78311e-05, s=0.3114]
  * Maximum Likelihood estimation failed, use Moment Matching instead!
  * Beta parameters: [s1=1.00004, s2=2.72636]
  * Adjusted p-values: [emp=0.00497512, beta=9.07045e-05]

Processing phenotype [ENSG00000104321.5] [204/220]
  * #variants in cis = 5
  * Best hit: [id=8_internal_7583, d=69969, pv=0.00532788, s=0.2235]
  * Maximum Likelihood estimation failed, use Moment Matching instead!
  * Beta parameters: [s1=0.999946, s2=4.57864]
  * Adjusted p-values: [emp=0.0248756, beta=0.0371398]

Processing phenotype [ENSG00000147601.8] [205/220]
  * #variants in cis = 6
  * Best hit: [id=8_internal_7647, d=302853, pv=0.0634223, s=-0.1489]
  * Beta parameters: [s1=0.947086, s2=5.72099]
  * Adjusted p-values: [emp=0.338308, beta=0.336876]

Processing phenotype [ENSG00000222488.1] [206/220]
  * #variants in cis = 6
  * Best hit: [id=8_internal_7027, d=-815375, pv=0.11667, s=0.1254]
  * Beta parameters: [s1=1.00841, s2=6.26252]
  * Adjusted p-values: [emp=0.562189, beta=0.522431]

Processing phenotype [ENSG00000253636.1] [207/220]
  * #variants in cis = 6
  * Best hit: [id=8_internal_7561, d=22897, pv=0.145632, s=0.1204]
  * Beta parameters: [s1=0.97228, s2=5.61081]
  * Adjusted p-values: [emp=0.552239, beta=0.573406]

Processing phenotype [ENSG00000164764.10] [208/220]
  * #variants in cis = 6
  * Best hit: [id=8_internal_9302, d=979234, pv=0.198952, s=0.1002]
  * Maximum Likelihood estimation failed, use Moment Matching instead!
  * Beta parameters: [s1=0.999954, s2=5.39872]
  * Adjusted p-values: [emp=0.716418, beta=0.699179]

Processing phenotype [ENSG00000121039.5] [209/220]
  * #variants in cis = 5
  * Best hit: [id=8_internal_7112, d=-354957, pv=0.195311, s=0.1015]
  * Maximum Likelihood estimation failed, use Moment Matching instead!
  * Beta parameters: [s1=1.00003, s2=5.5087]
  * Adjusted p-values: [emp=0.641791, beta=0.649869]

Processing phenotype [ENSG00000147604.9] [210/220]
  * #variants in cis = 5
  * Best hit: [id=8_internal_7561, d=187781, pv=0.115571, s=0.1254]
  * Maximum Likelihood estimation failed, use Moment Matching instead!
  * Beta parameters: [s1=1.00006, s2=5.10803]
  * Adjusted p-values: [emp=0.482587, beta=0.464039]

Processing phenotype [ENSG00000250295.2] [211/220]
  * #variants in cis = 5
  * Best hit: [id=8_internal_7027, d=-477958, pv=0.149077, s=0.1173]
  * Maximum Likelihood estimation failed, use Moment Matching instead!
  * Beta parameters: [s1=0.999946, s2=4.17455]
  * Adjusted p-values: [emp=0.597015, beta=0.591075]

Processing phenotype [ENSG00000253302.1] [212/220]
  * #variants in cis = 5
  * Best hit: [id=8_internal_7561, d=-311996, pv=0.0781564, s=-0.1441]
  * Maximum Likelihood estimation failed, use Moment Matching instead!
  * Beta parameters: [s1=0.999995, s2=5.44777]
  * Adjusted p-values: [emp=0.338308, beta=0.33393]

Processing phenotype [ENSG00000254273.1] [213/220]
  * #variants in cis = 5
  * Best hit: [id=8_internal_7112, d=571999, pv=0.668658, s=0.0333]
  * Maximum Likelihood estimation failed, use Moment Matching instead!
  * Beta parameters: [s1=0.999964, s2=4.63781]
  * Adjusted p-values: [emp=0.995025, beta=0.993725]

Processing phenotype [ENSG00000254105.1] [214/220]
  * #variants in cis = 5
  * Best hit: [id=8_internal_7960, d=324174, pv=0.246472, s=-0.0911]
  * Maximum Likelihood estimation failed, use Moment Matching instead!
  * Beta parameters: [s1=0.999959, s2=6.03031]
  * Adjusted p-values: [emp=0.711443, beta=0.743969]

Processing phenotype [ENSG00000254538.1] [215/220]
  * #variants in cis = 5
  * Best hit: [id=8_internal_7112, d=-730786, pv=0.0747135, s=0.1452]
  * Maximum Likelihood estimation failed, use Moment Matching instead!
  * Beta parameters: [s1=1.00004, s2=5.27643]
  * Adjusted p-values: [emp=0.318408, beta=0.313467]

Processing phenotype [ENSG00000040341.13] [216/220]
  * #variants in cis = 5
  * Best hit: [id=8_internal_7561, d=639700, pv=0.0281207, s=0.1750]
  * Maximum Likelihood estimation failed, use Moment Matching instead!
  * Beta parameters: [s1=1, s2=4.94265]
  * Adjusted p-values: [emp=0.119403, beta=0.136133]

Processing phenotype [ENSG00000253273.2] [217/220]
  * #variants in cis = 5
  * Best hit: [id=8_internal_7960, d=144320, pv=0.255876, s=0.0910]
  * Maximum Likelihood estimation failed, use Moment Matching instead!
  * Beta parameters: [s1=1, s2=4.98167]
  * Adjusted p-values: [emp=0.726368, beta=0.745417]

Processing phenotype [ENSG00000243133.2] [218/220]
  * #variants in cis = 5
  * Best hit: [id=8_internal_7647, d=502167, pv=0.0105199, s=0.2077]
  * Beta parameters: [s1=0.969232, s2=5.59265]
  * Adjusted p-values: [emp=0.0447761, beta=0.0353418]

Processing phenotype [ENSG00000258677.2] [219/220]
  * #variants in cis = 5
  * Best hit: [id=8_internal_7561, d=770846, pv=0.0118147, s=0.2050]
  * Maximum Likelihood estimation failed, use Moment Matching instead!
  * Beta parameters: [s1=1.00001, s2=4.74607]
  * Adjusted p-values: [emp=0.0646766, beta=0.0535458]

Processing phenotype [ENSG00000104343.14] [220/220]
  * #variants in cis = 5
  * Best hit: [id=8_internal_7561, d=770902, pv=0.00572858, s=0.2096]
  * Beta parameters: [s1=0.951709, s2=5.57987]
  * Adjusted p-values: [emp=0.0497512, beta=0.0324748]

Running time: 2 seconds
