Sender: LSF System <lsfadmin@cpt02>
Subject: Job 974149: </data/unige/funpopgen/odelanea/SGX/V2/binaries/qtltools/bin/QTLtools cis --vcf /data/unige/funpopgen/grey2/SYSCID/BLUEPRINT_DATA/CRD/THREE_CELL_TYPES/CLOMICS/CELL_TYPE_COMPARISON_GENE_CRD_ASSOCIATIONS/quantify/72_vs_70_ALL.ALLchr.mean.txt.gz --bed /data/unige/funpopgen/grey2/SYSCID/BLUEPRINT_DATA/CRD/THREE_CELL_TYPES/QTL_TOOLS/EGAD00001002674_v3.0/EGAD00001002674_RNA.PC10.bed.gz --permute 200 --chunk 6 100 --out /data/unige/funpopgen/grey2/SYSCID/BLUEPRINT_DATA/CRD/THREE_CELL_TYPES/CLOMICS/CELL_TYPE_COMPARISON_GENE_CRD_ASSOCIATIONS/mapping_aCRD_gene/72_vs_70/gene_CRD_mean_chunk6\.txt> in cluster <ug> Done

Job </data/unige/funpopgen/odelanea/SGX/V2/binaries/qtltools/bin/QTLtools cis --vcf /data/unige/funpopgen/grey2/SYSCID/BLUEPRINT_DATA/CRD/THREE_CELL_TYPES/CLOMICS/CELL_TYPE_COMPARISON_GENE_CRD_ASSOCIATIONS/quantify/72_vs_70_ALL.ALLchr.mean.txt.gz --bed /data/unige/funpopgen/grey2/SYSCID/BLUEPRINT_DATA/CRD/THREE_CELL_TYPES/QTL_TOOLS/EGAD00001002674_v3.0/EGAD00001002674_RNA.PC10.bed.gz --permute 200 --chunk 6 100 --out /data/unige/funpopgen/grey2/SYSCID/BLUEPRINT_DATA/CRD/THREE_CELL_TYPES/CLOMICS/CELL_TYPE_COMPARISON_GENE_CRD_ASSOCIATIONS/mapping_aCRD_gene/72_vs_70/gene_CRD_mean_chunk6\.txt> was submitted from host <frt.ug.vital-it.ch> by user <grey2> in cluster <ug>.
Job was executed on host(s) <cpt02>, in queue <normal>, as user <grey2> in cluster <ug>.
</home/grey2> was used as the home directory.
</data/unige/funpopgen/grey2/SYSCID/BLUEPRINT_DATA/CRD/THREE_CELL_TYPES/CLOMICS/CELL_TYPE_COMPARISON_GENE_CRD_ASSOCIATIONS> was used as the working directory.
Started at Thu Mar 21 11:26:29 2019
Results reported at Thu Mar 21 11:26:35 2019

Your job looked like:

------------------------------------------------------------
# LSBATCH: User input
/data/unige/funpopgen/odelanea/SGX/V2/binaries/qtltools/bin/QTLtools cis --vcf /data/unige/funpopgen/grey2/SYSCID/BLUEPRINT_DATA/CRD/THREE_CELL_TYPES/CLOMICS/CELL_TYPE_COMPARISON_GENE_CRD_ASSOCIATIONS/quantify/72_vs_70_ALL.ALLchr.mean.txt.gz --bed /data/unige/funpopgen/grey2/SYSCID/BLUEPRINT_DATA/CRD/THREE_CELL_TYPES/QTL_TOOLS/EGAD00001002674_v3.0/EGAD00001002674_RNA.PC10.bed.gz --permute 200 --chunk 6 100 --out /data/unige/funpopgen/grey2/SYSCID/BLUEPRINT_DATA/CRD/THREE_CELL_TYPES/CLOMICS/CELL_TYPE_COMPARISON_GENE_CRD_ASSOCIATIONS/mapping_aCRD_gene/72_vs_70/gene_CRD_mean_chunk6\.txt

------------------------------------------------------------

Successfully completed.

Resource usage summary:

    CPU time :               2.72 sec.
    Max Memory :             3.12 MB
    Average Memory :         3.12 MB
    Total Requested Memory : -
    Delta Memory :           -
    (Delta: the difference between total requested memory and actual max usage.)
    Max Swap :               31 MB

    Max Processes :          1
    Max Threads :            1

The output (if any) follows:


[32mQTLtools[0m
  * Authors : Olivier DELANEAU / Halit ONGEN / Emmanouil DERMITZAKIS
  * Contact : olivier.delaneau@gmail.com / halit.ongen@unige.ch / Emmanouil.Dermitzakis@unige.ch
  * Webpage : https://qtltools.github.io/qtltools/
  * Version : 1.1
  * Date    : 21/03/2019 - 11:26:32
  * Citation: A complete tool set for molecular QTL discovery and analysis, https://doi.org/10.1101/068635

[32mMAPPING QTL IN CIS[0m
  * TASK: Perform 200 permutations
  * Linear model: Phe ~ Var
  * Cis-window size is 1000000 bp
  * Chunk = [6/100]

Scanning phenotype data in [/data/unige/funpopgen/grey2/SYSCID/BLUEPRINT_DATA/CRD/THREE_CELL_TYPES/QTL_TOOLS/EGAD00001002674_v3.0/EGAD00001002674_RNA.PC10.bed.gz]
  * 26159 phenotypes included
  * 13004 phenotypes are on the negative strand

Initialize random number generator
  * Built-in seed is 15112011
  * First Integer = 30554
  * First Double = 0.0126695

Reading sample list from [/data/unige/funpopgen/grey2/SYSCID/BLUEPRINT_DATA/CRD/THREE_CELL_TYPES/QTL_TOOLS/EGAD00001002674_v3.0/EGAD00001002674_RNA.PC10.bed.gz]
  * #samples = 194

Reading sample list from [/data/unige/funpopgen/grey2/SYSCID/BLUEPRINT_DATA/CRD/THREE_CELL_TYPES/CLOMICS/CELL_TYPE_COMPARISON_GENE_CRD_ASSOCIATIONS/quantify/72_vs_70_ALL.ALLchr.mean.txt.gz]
  * #samples = 160

Merging sample sets from all input files
  * #files = 2
  * #samples in all files = 158
  * #samples NOT in all files (i.e. ignored) = 38

Reading phenotype data in [/data/unige/funpopgen/grey2/SYSCID/BLUEPRINT_DATA/CRD/THREE_CELL_TYPES/QTL_TOOLS/EGAD00001002674_v3.0/EGAD00001002674_RNA.PC10.bed.gz]
  * target region [14:20732467-39703106]
  * 227 phenotypes included
  * 120 phenotypes are on the negative strand

Reading genotype data in [/data/unige/funpopgen/grey2/SYSCID/BLUEPRINT_DATA/CRD/THREE_CELL_TYPES/CLOMICS/CELL_TYPE_COMPARISON_GENE_CRD_ASSOCIATIONS/quantify/72_vs_70_ALL.ALLchr.mean.txt.gz]
  * File format detected: BED
  * 158 samples included
  * 4 samples without phenotype data
  * target region [14:19732467-40703106]
  * 53 variants included

Processing phenotype [ENSG00000258768.2] [1/227]
  * #variants in cis = 10
  * Best hit: [id=14_internal_9258, d=-291239, pv=0.000831079, s=0.2608]
  * Beta parameters: [s1=1.01182, s2=8.32579]
  * Adjusted p-values: [emp=0.0149254, beta=0.00883826]

Processing phenotype [ENSG00000258459.1] [2/227]
  * #variants in cis = 10
  * Best hit: [id=14_internal_6082, d=105447, pv=0.238769, s=0.0963]
  * Beta parameters: [s1=1.14114, s2=11.2379]
  * Adjusted p-values: [emp=0.945274, beta=0.946788]

Processing phenotype [ENSG00000136319.7] [3/227]
  * #variants in cis = 10
  * Best hit: [id=14_internal_6381, d=-564714, pv=0.0563371, s=-0.1518]
  * Beta parameters: [s1=0.976751, s2=9.05025]
  * Adjusted p-values: [emp=0.393035, beta=0.392618]

Processing phenotype [ENSG00000259085.1] [4/227]
  * #variants in cis = 10
  * Best hit: [id=14_internal_9094, d=-374208, pv=0.112557, s=0.1269]
  * Beta parameters: [s1=0.947512, s2=8.94879]
  * Adjusted p-values: [emp=0.661692, beta=0.664725]

Processing phenotype [ENSG00000222489.1] [5/227]
  * #variants in cis = 10
  * Best hit: [id=14_internal_6082, d=-87851, pv=0.0125013, s=-0.2047]
  * Beta parameters: [s1=0.913496, s2=8.92124]
  * Adjusted p-values: [emp=0.139303, beta=0.139009]

Processing phenotype [ENSG00000100814.12] [6/227]
  * #variants in cis = 10
  * Best hit: [id=14_internal_6400, d=-478270, pv=0.0337836, s=-0.1627]
  * Beta parameters: [s1=0.993266, s2=11.4397]
  * Adjusted p-values: [emp=0.303483, beta=0.310785]

Processing phenotype [ENSG00000252678.1] [7/227]
  * #variants in cis = 10
  * Best hit: [id=14_internal_6082, d=-67770, pv=0.344933, s=-0.0713]
  * Beta parameters: [s1=1.01407, s2=11.5289]
  * Adjusted p-values: [emp=0.995025, beta=0.991245]

Processing phenotype [ENSG00000129484.9] [8/227]
  * #variants in cis = 10
  * Best hit: [id=14_internal_5711, d=885216, pv=0.164089, s=-0.1155]
  * Beta parameters: [s1=1.03858, s2=9.28539]
  * Adjusted p-values: [emp=0.840796, beta=0.832106]

Processing phenotype [ENSG00000259001.1] [9/227]
  * #variants in cis = 10
  * Best hit: [id=14_internal_6082, d=-67492, pv=0.34585, s=-0.0711]
  * Beta parameters: [s1=1.07221, s2=9.27913]
  * Adjusted p-values: [emp=0.975124, beta=0.981674]

Processing phenotype [ENSG00000254846.1] [10/227]
  * #variants in cis = 10
  * Best hit: [id=14_internal_7106, d=-270422, pv=0.00337191, s=-0.2303]
  * Beta parameters: [s1=0.959818, s2=11.0816]
  * Adjusted p-values: [emp=0.0348259, beta=0.0310931]

Processing phenotype [ENSG00000129566.8] [11/227]
  * #variants in cis = 10
  * Best hit: [id=14_internal_5711, d=-815369, pv=0.034231, s=0.1664]
  * Beta parameters: [s1=1.00471, s2=11.2928]
  * Adjusted p-values: [emp=0.263682, beta=0.238021]

Processing phenotype [ENSG00000258515.1] [12/227]
  * #variants in cis = 11
  * Best hit: [id=14_internal_9258, d=104242, pv=0.169605, s=0.1145]
  * Beta parameters: [s1=0.953954, s2=12.2952]
  * Adjusted p-values: [emp=0.855721, beta=0.849091]

Processing phenotype [ENSG00000092094.5] [13/227]
  * #variants in cis = 11
  * Best hit: [id=14_internal_9258, d=-100442, pv=0.136992, s=0.1143]
  * Beta parameters: [s1=1.01697, s2=10.0689]
  * Adjusted p-values: [emp=0.800995, beta=0.786402]

Processing phenotype [ENSG00000100823.6] [14/227]
  * #variants in cis = 11
  * Best hit: [id=14_internal_6400, d=356391, pv=0.0289429, s=-0.1740]
  * Beta parameters: [s1=0.968285, s2=11.1577]
  * Adjusted p-values: [emp=0.253731, beta=0.266924]

Processing phenotype [ENSG00000165782.6] [15/227]
  * #variants in cis = 11
  * Best hit: [id=14_internal_8684, d=0, pv=0.303548, s=-0.0783]
  * Beta parameters: [s1=1.1114, s2=12.3921]
  * Adjusted p-values: [emp=0.985075, beta=0.986797]

Processing phenotype [ENSG00000198805.6] [16/227]
  * #variants in cis = 11
  * Best hit: [id=14_internal_8684, d=0, pv=4.0327e-16, s=0.5750]
  * Beta parameters: [s1=1.00958, s2=10.0322]
  * Adjusted p-values: [emp=0.00497512, beta=4.61863e-14]

Processing phenotype [ENSG00000258908.1] [17/227]
  * #variants in cis = 11
  * Best hit: [id=14_internal_8684, d=0, pv=3.53987e-16, s=0.5725]
  * Beta parameters: [s1=1.03716, s2=11.6694]
  * Adjusted p-values: [emp=0.00497512, beta=1.65791e-15]

Processing phenotype [ENSG00000258818.1] [18/227]
  * #variants in cis = 11
  * Best hit: [id=14_internal_9094, d=12252, pv=0.00101669, s=0.2583]
  * Beta parameters: [s1=1.12434, s2=9.27355]
  * Adjusted p-values: [emp=0.0149254, beta=0.0134849]

Processing phenotype [ENSG00000214274.5] [19/227]
  * #variants in cis = 11
  * Best hit: [id=14_internal_9094, d=12175, pv=0.00134327, s=0.2572]
  * Beta parameters: [s1=1.03429, s2=9.17195]
  * Adjusted p-values: [emp=0.0149254, beta=0.0186203]

Processing phenotype [ENSG00000181784.11] [20/227]
  * #variants in cis = 11
  * Best hit: [id=14_internal_9094, d=12139, pv=0.000995648, s=0.2590]
  * Beta parameters: [s1=1.0586, s2=10.1116]
  * Adjusted p-values: [emp=0.0199005, beta=0.0136292]

Processing phenotype [ENSG00000259171.1] [21/227]
  * #variants in cis = 11
  * Best hit: [id=14_internal_9094, d=11765, pv=0.00105908, s=0.2577]
  * Beta parameters: [s1=1.01661, s2=9.59901]
  * Adjusted p-values: [emp=0.0248756, beta=0.0200207]

Processing phenotype [ENSG00000258451.1] [22/227]
  * #variants in cis = 11
  * Best hit: [id=14_internal_9094, d=0, pv=0.000839424, s=0.2664]
  * Beta parameters: [s1=1.05279, s2=12.8716]
  * Adjusted p-values: [emp=0.00497512, beta=0.00624119]

Processing phenotype [ENSG00000169413.2] [23/227]
  * #variants in cis = 11
  * Best hit: [id=14_internal_9094, d=0, pv=3.74189e-08, s=0.4095]
  * Beta parameters: [s1=0.969809, s2=11.8016]
  * Adjusted p-values: [emp=0.00497512, beta=1.21748e-07]

Processing phenotype [ENSG00000258810.1] [24/227]
  * #variants in cis = 11
  * Best hit: [id=14_internal_9094, d=0, pv=0.000169122, s=0.2939]
  * Beta parameters: [s1=1.00646, s2=11.749]
  * Adjusted p-values: [emp=0.00497512, beta=0.00157271]

Processing phenotype [ENSG00000129538.9] [25/227]
  * #variants in cis = 11
  * Best hit: [id=14_internal_9094, d=0, pv=1.82938e-08, s=0.4338]
  * Beta parameters: [s1=0.807686, s2=13.543]
  * Adjusted p-values: [emp=0.00497512, beta=2.12271e-07]

Processing phenotype [ENSG00000169397.3] [26/227]
  * #variants in cis = 11
  * Best hit: [id=14_internal_6381, d=0, pv=8.45384e-15, s=0.5640]
  * Beta parameters: [s1=1.00438, s2=11.9049]
  * Adjusted p-values: [emp=0.00497512, beta=4.05408e-14]

Processing phenotype [ENSG00000136315.3] [27/227]
  * #variants in cis = 11
  * Best hit: [id=14_internal_6381, d=0, pv=6.66344e-20, s=0.6482]
  * Beta parameters: [s1=0.973996, s2=12.4393]
  * Adjusted p-values: [emp=0.00497512, beta=4.3961e-19]

Processing phenotype [ENSG00000169385.2] [28/227]
  * #variants in cis = 12
  * Best hit: [id=14_internal_6381, d=0, pv=2.76371e-16, s=0.5982]
  * Beta parameters: [s1=1.06666, s2=10.9982]
  * Adjusted p-values: [emp=0.00497512, beta=9.8219e-15]

Processing phenotype [ENSG00000165792.12] [29/227]
  * #variants in cis = 12
  * Best hit: [id=14_internal_6400, d=-161625, pv=0.00892718, s=-0.2054]
  * Beta parameters: [s1=1.05341, s2=12.8095]
  * Adjusted p-values: [emp=0.0696517, beta=0.0997506]

Processing phenotype [ENSG00000258471.1] [30/227]
  * #variants in cis = 12
  * Best hit: [id=14_internal_7226, d=-923772, pv=0.0110922, s=0.2003]
  * Beta parameters: [s1=1.12602, s2=9.81532]
  * Adjusted p-values: [emp=0.134328, beta=0.1268]

Processing phenotype [ENSG00000258575.1] [31/227]
  * #variants in cis = 12
  * Best hit: [id=14_internal_7262, d=432541, pv=0.0419543, s=-0.1584]
  * Beta parameters: [s1=1.03836, s2=10.834]
  * Adjusted p-values: [emp=0.373134, beta=0.36135]

Processing phenotype [ENSG00000179636.10] [32/227]
  * #variants in cis = 12
  * Best hit: [id=14_internal_6082, d=-595228, pv=0.0355205, s=0.1681]
  * Beta parameters: [s1=1.13749, s2=12.4374]
  * Adjusted p-values: [emp=0.318408, beta=0.334853]

Processing phenotype [ENSG00000165799.4] [33/227]
  * #variants in cis = 12
  * Best hit: [id=14_internal_7262, d=407087, pv=0.0765044, s=-0.1428]
  * Beta parameters: [s1=0.915753, s2=12.9818]
  * Adjusted p-values: [emp=0.631841, beta=0.64006]

Processing phenotype [ENSG00000258523.1] [34/227]
  * #variants in cis = 12
  * Best hit: [id=14_internal_7657, d=-23391, pv=0.0560015, s=0.1511]
  * Beta parameters: [s1=1.16066, s2=11.0478]
  * Adjusted p-values: [emp=0.502488, beta=0.518599]

Processing phenotype [ENSG00000165801.5] [35/227]
  * #variants in cis = 12
  * Best hit: [id=14_internal_7657, d=0, pv=5.54753e-11, s=0.4973]
  * Beta parameters: [s1=0.991022, s2=11.1246]
  * Adjusted p-values: [emp=0.00497512, beta=2.92915e-09]

Processing phenotype [ENSG00000165795.14] [36/227]
  * #variants in cis = 12
  * Best hit: [id=14_internal_7657, d=0, pv=0.0239032, s=0.1751]
  * Beta parameters: [s1=1.17817, s2=11.2018]
  * Adjusted p-values: [emp=0.298507, beta=0.277956]

Processing phenotype [ENSG00000258714.1] [37/227]
  * #variants in cis = 12
  * Best hit: [id=14_internal_7657, d=0, pv=0.0569718, s=0.1497]
  * Beta parameters: [s1=0.915545, s2=8.83503]
  * Adjusted p-values: [emp=0.492537, beta=0.504222]

Processing phenotype [ENSG00000232070.4] [38/227]
  * #variants in cis = 12
  * Best hit: [id=14_internal_5711, d=129861, pv=0.0207705, s=0.1839]
  * Beta parameters: [s1=1.00101, s2=10.4161]
  * Adjusted p-values: [emp=0.208955, beta=0.200135]

Processing phenotype [ENSG00000165804.9] [39/227]
  * #variants in cis = 12
  * Best hit: [id=14_internal_7657, d=11397, pv=0.0103193, s=0.1911]
  * Beta parameters: [s1=1.08708, s2=11.327]
  * Adjusted p-values: [emp=0.149254, beta=0.144469]

Processing phenotype [ENSG00000258441.1] [40/227]
  * #variants in cis = 11
  * Best hit: [id=14_internal_6381, d=243814, pv=0.10149, s=0.1340]
  * Beta parameters: [s1=1.03167, s2=11.7926]
  * Adjusted p-values: [emp=0.666667, beta=0.65627]

Processing phenotype [ENSG00000092199.13] [41/227]
  * #variants in cis = 11
  * Best hit: [id=14_internal_9094, d=413315, pv=0.0628501, s=0.1405]
  * Beta parameters: [s1=1.0046, s2=10.4036]
  * Adjusted p-values: [emp=0.517413, beta=0.525473]

Processing phenotype [ENSG00000092200.8] [42/227]
  * #variants in cis = 11
  * Best hit: [id=14_internal_9258, d=-629297, pv=0.0573722, s=0.1548]
  * Beta parameters: [s1=0.995279, s2=12.546]
  * Adjusted p-values: [emp=0.512438, beta=0.490769]

Processing phenotype [ENSG00000092201.5] [43/227]
  * #variants in cis = 11
  * Best hit: [id=14_internal_6381, d=421180, pv=0.0385101, s=-0.1669]
  * Beta parameters: [s1=0.933771, s2=10.8872]
  * Adjusted p-values: [emp=0.383085, beta=0.377237]

Processing phenotype [ENSG00000260830.1] [44/227]
  * #variants in cis = 11
  * Best hit: [id=14_internal_7226, d=538643, pv=0.0107948, s=-0.1842]
  * Beta parameters: [s1=0.923121, s2=10.2258]
  * Adjusted p-values: [emp=0.114428, beta=0.125932]

Processing phenotype [ENSG00000199436.1] [45/227]
  * #variants in cis = 12
  * Best hit: [id=14_internal_8684, d=895262, pv=0.0653802, s=0.1434]
  * Beta parameters: [s1=1.03497, s2=10.3325]
  * Adjusted p-values: [emp=0.552239, beta=0.538429]

Processing phenotype [ENSG00000200785.1] [46/227]
  * #variants in cis = 12
  * Best hit: [id=14_internal_5711, d=128353, pv=0.0388972, s=0.1631]
  * Beta parameters: [s1=0.989967, s2=13.1518]
  * Adjusted p-values: [emp=0.373134, beta=0.350427]

Processing phenotype [ENSG00000241035.2] [47/227]
  * #variants in cis = 12
  * Best hit: [id=14_internal_6381, d=-435839, pv=0.0709199, s=-0.1405]
  * Beta parameters: [s1=1.00384, s2=9.41713]
  * Adjusted p-values: [emp=0.552239, beta=0.550311]

Processing phenotype [ENSG00000258870.1] [48/227]
  * #variants in cis = 12
  * Best hit: [id=14_internal_7226, d=503315, pv=0.0303057, s=0.1733]
  * Beta parameters: [s1=1.04591, s2=12.7147]
  * Adjusted p-values: [emp=0.288557, beta=0.30865]

Processing phenotype [ENSG00000263621.1] [49/227]
  * #variants in cis = 11
  * Best hit: [id=14_internal_9258, d=771164, pv=0.326424, s=0.0809]
  * Beta parameters: [s1=0.989395, s2=9.25158]
  * Adjusted p-values: [emp=0.985075, beta=0.977309]

Processing phenotype [ENSG00000100888.8] [50/227]
  * #variants in cis = 11
  * Best hit: [id=14_internal_7657, d=362801, pv=0.247883, s=-0.0894]
  * Beta parameters: [s1=0.950467, s2=9.86598]
  * Adjusted p-values: [emp=0.955224, beta=0.950822]

Processing phenotype [ENSG00000092203.8] [51/227]
  * #variants in cis = 11
  * Best hit: [id=14_internal_7106, d=-822266, pv=0.0915998, s=0.1278]
  * Beta parameters: [s1=0.962159, s2=10.7927]
  * Adjusted p-values: [emp=0.641791, beta=0.62554]

Processing phenotype [ENSG00000129472.8] [52/227]
  * #variants in cis = 11
  * Best hit: [id=14_internal_9258, d=818331, pv=0.0786615, s=-0.1407]
  * Beta parameters: [s1=1.01568, s2=15.7254]
  * Adjusted p-values: [emp=0.59204, beta=0.623504]

Processing phenotype [ENSG00000165819.6] [53/227]
  * #variants in cis = 10
  * Best hit: [id=14_internal_6381, d=548272, pv=0.00651243, s=-0.2116]
  * Beta parameters: [s1=0.980128, s2=8.11652]
  * Adjusted p-values: [emp=0.104478, beta=0.0791314]

Processing phenotype [ENSG00000165821.7] [54/227]
  * #variants in cis = 10
  * Best hit: [id=14_internal_9258, d=878549, pv=0.258099, s=-0.0895]
  * Beta parameters: [s1=0.938709, s2=10.2396]
  * Adjusted p-values: [emp=0.930348, beta=0.94212]

Processing phenotype [ENSG00000211787.1] [55/227]
  * #variants in cis = 9
  * Best hit: [id=14_internal_7226, d=70359, pv=0.0795804, s=0.1387]
  * Beta parameters: [s1=0.916365, s2=9.88019]
  * Adjusted p-values: [emp=0.537313, beta=0.539154]

Processing phenotype [ENSG00000211788.2] [56/227]
  * #variants in cis = 8
  * Best hit: [id=14_internal_5711, d=-599813, pv=0.0182765, s=0.1988]
  * Beta parameters: [s1=0.956199, s2=7.56866]
  * Adjusted p-values: [emp=0.144279, beta=0.142019]

Processing phenotype [ENSG00000211829.2] [57/227]
  * #variants in cis = 9
  * Best hit: [id=14_internal_6159, d=359505, pv=0.0449445, s=-0.1514]
  * Beta parameters: [s1=0.892149, s2=6.94376]
  * Adjusted p-values: [emp=0.353234, beta=0.344812]

Processing phenotype [ENSG00000251002.3] [58/227]
  * #variants in cis = 8
  * Best hit: [id=14_internal_5738, d=-385859, pv=0.00669371, s=-0.2001]
  * Beta parameters: [s1=0.870718, s2=9.47407]
  * Adjusted p-values: [emp=0.079602, beta=0.0703795]

Processing phenotype [ENSG00000211877.1] [59/227]
  * #variants in cis = 9
  * Best hit: [id=14_internal_8905, d=215777, pv=0.0200183, s=-0.1925]
  * Beta parameters: [s1=0.941856, s2=10.7436]
  * Adjusted p-values: [emp=0.164179, beta=0.153286]

Processing phenotype [ENSG00000211883.1] [60/227]
  * #variants in cis = 9
  * Best hit: [id=14_internal_7226, d=-607668, pv=0.0604558, s=-0.1507]
  * Beta parameters: [s1=0.994068, s2=9.48824]
  * Adjusted p-values: [emp=0.422886, beta=0.428051]

Processing phenotype [ENSG00000229164.4] [61/227]
  * #variants in cis = 9
  * Best hit: [id=14_internal_5707, d=320921, pv=0.0722612, s=0.1482]
  * Beta parameters: [s1=1.06832, s2=9.06028]
  * Adjusted p-values: [emp=0.527363, beta=0.5078]

Processing phenotype [ENSG00000129562.5] [62/227]
  * #variants in cis = 9
  * Best hit: [id=14_internal_5738, d=-279632, pv=0.116121, s=0.1245]
  * Beta parameters: [s1=0.988569, s2=7.83672]
  * Adjusted p-values: [emp=0.641791, beta=0.639253]

Processing phenotype [ENSG00000100439.6] [63/227]
  * #variants in cis = 9
  * Best hit: [id=14_internal_8991, d=-147894, pv=0.160653, s=-0.1159]
  * Beta parameters: [s1=0.991682, s2=8.16709]
  * Adjusted p-values: [emp=0.766169, beta=0.781909]

Processing phenotype [ENSG00000228313.2] [64/227]
  * #variants in cis = 9
  * Best hit: [id=14_internal_7334, d=-524987, pv=0.291531, s=0.0849]
  * Beta parameters: [s1=1.00725, s2=8.35956]
  * Adjusted p-values: [emp=0.960199, beta=0.952137]

Processing phenotype [ENSG00000155463.7] [65/227]
  * #variants in cis = 9
  * Best hit: [id=14_internal_6282, d=754373, pv=0.126403, s=0.1222]
  * Beta parameters: [s1=0.869323, s2=9.50877]
  * Adjusted p-values: [emp=0.721393, beta=0.725619]

Processing phenotype [ENSG00000258458.1] [66/227]
  * #variants in cis = 9
  * Best hit: [id=14_internal_7334, d=-357071, pv=0.0198327, s=-0.1889]
  * Beta parameters: [s1=0.99494, s2=8.56625]
  * Adjusted p-values: [emp=0.18408, beta=0.184146]

Processing phenotype [ENSG00000215306.1] [67/227]
  * #variants in cis = 9
  * Best hit: [id=14_internal_5707, d=-45618, pv=0.0426156, s=-0.1625]
  * Beta parameters: [s1=0.941386, s2=8.43756]
  * Adjusted p-values: [emp=0.308458, beta=0.307767]

Processing phenotype [ENSG00000155465.14] [68/227]
  * #variants in cis = 9
  * Best hit: [id=14_internal_6282, d=-691075, pv=0.00143604, s=0.2465]
  * Beta parameters: [s1=0.976712, s2=11.0682]
  * Adjusted p-values: [emp=0.00995025, beta=0.0074895]

Processing phenotype [ENSG00000172590.13] [69/227]
  * #variants in cis = 9
  * Best hit: [id=14_internal_5707, d=38280, pv=0.0932362, s=-0.1345]
  * Beta parameters: [s1=0.97863, s2=8.41602]
  * Adjusted p-values: [emp=0.567164, beta=0.588009]

Processing phenotype [ENSG00000157227.8] [70/227]
  * #variants in cis = 9
  * Best hit: [id=14_internal_5707, d=31602, pv=0.0255482, s=-0.1666]
  * Beta parameters: [s1=1.01371, s2=9.42285]
  * Adjusted p-values: [emp=0.18408, beta=0.179301]

Processing phenotype [ENSG00000197324.4] [71/227]
  * #variants in cis = 9
  * Best hit: [id=14_internal_5853, d=281680, pv=0.266559, s=-0.0857]
  * Beta parameters: [s1=1.05162, s2=10.3048]
  * Adjusted p-values: [emp=0.955224, beta=0.956345]

Processing phenotype [ENSG00000139890.5] [72/227]
  * #variants in cis = 9
  * Best hit: [id=14_internal_8905, d=-57464, pv=0.0105075, s=-0.2084]
  * Beta parameters: [s1=0.93805, s2=8.25092]
  * Adjusted p-values: [emp=0.0845771, beta=0.0714092]

Processing phenotype [ENSG00000100461.13] [73/227]
  * #variants in cis = 9
  * Best hit: [id=14_internal_8905, d=93483, pv=0.00338843, s=-0.2302]
  * Beta parameters: [s1=0.918597, s2=7.73973]
  * Adjusted p-values: [emp=0.0447761, beta=0.033649]

Processing phenotype [ENSG00000237054.4] [74/227]
  * #variants in cis = 9
  * Best hit: [id=14_internal_8991, d=-469413, pv=0.0584737, s=0.1471]
  * Beta parameters: [s1=1.02697, s2=7.81426]
  * Adjusted p-values: [emp=0.467662, beta=0.446467]

Processing phenotype [ENSG00000100462.11] [75/227]
  * #variants in cis = 9
  * Best hit: [id=14_internal_5738, d=10845, pv=0.160682, s=0.1113]
  * Beta parameters: [s1=1.01695, s2=8.22436]
  * Adjusted p-values: [emp=0.800995, beta=0.775295]

Processing phenotype [ENSG00000257285.1] [76/227]
  * #variants in cis = 9
  * Best hit: [id=14_internal_6159, d=-98711, pv=0.0295197, s=0.1686]
  * Beta parameters: [s1=1.09418, s2=10.3818]
  * Adjusted p-values: [emp=0.218905, beta=0.208349]

Processing phenotype [ENSG00000265037.1] [77/227]
  * #variants in cis = 8
  * Best hit: [id=14_internal_8905, d=131328, pv=0.0635602, s=0.1510]
  * Beta parameters: [s1=0.947009, s2=6.89917]
  * Adjusted p-values: [emp=0.432836, beta=0.410099]

Processing phenotype [ENSG00000092036.12] [78/227]
  * #variants in cis = 8
  * Best hit: [id=14_internal_5738, d=38421, pv=0.515838, s=0.0521]
  * Beta parameters: [s1=1.03135, s2=7.08887]
  * Adjusted p-values: [emp=0.995025, beta=0.995144]

Processing phenotype [ENSG00000259132.1] [79/227]
  * #variants in cis = 8
  * Best hit: [id=14_internal_5738, d=63518, pv=0.37396, s=0.0706]
  * Beta parameters: [s1=1.08316, s2=7.25787]
  * Adjusted p-values: [emp=0.960199, beta=0.971987]

Processing phenotype [ENSG00000129474.11] [80/227]
  * #variants in cis = 8
  * Best hit: [id=14_internal_5738, d=63902, pv=0.144315, s=0.1139]
  * Beta parameters: [s1=1.02187, s2=8.53143]
  * Adjusted p-values: [emp=0.691542, beta=0.729305]

Processing phenotype [ENSG00000258457.1] [81/227]
  * #variants in cis = 8
  * Best hit: [id=14_internal_5707, d=0, pv=0.141427, s=-0.1139]
  * Beta parameters: [s1=1.03923, s2=7.55134]
  * Adjusted p-values: [emp=0.691542, beta=0.702314]

Processing phenotype [ENSG00000100802.10] [82/227]
  * #variants in cis = 10
  * Best hit: [id=14_internal_5738, d=91426, pv=0.0518425, s=0.1554]
  * Beta parameters: [s1=0.896597, s2=10.661]
  * Adjusted p-values: [emp=0.402985, beta=0.411919]

Processing phenotype [ENSG00000207765.1] [83/227]
  * #variants in cis = 11
  * Best hit: [id=14_internal_6159, d=202740, pv=0.196776, s=-0.1050]
  * Beta parameters: [s1=0.894566, s2=9.33106]
  * Adjusted p-values: [emp=0.880597, beta=0.897414]

Processing phenotype [ENSG00000100804.14] [84/227]
  * #variants in cis = 11
  * Best hit: [id=14_internal_5925, d=-953030, pv=0.242178, s=-0.0931]
  * Beta parameters: [s1=0.926732, s2=10.4867]
  * Adjusted p-values: [emp=0.955224, beta=0.952697]

Processing phenotype [ENSG00000179933.4] [85/227]
  * #variants in cis = 11
  * Best hit: [id=14_internal_5929, d=910754, pv=0.0528998, s=0.1479]
  * Beta parameters: [s1=0.833629, s2=11.169]
  * Adjusted p-values: [emp=0.517413, beta=0.531459]

Processing phenotype [ENSG00000100813.9] [86/227]
  * #variants in cis = 11
  * Best hit: [id=14_internal_5929, d=-909905, pv=0.00186669, s=-0.2433]
  * Beta parameters: [s1=0.885964, s2=12.1038]
  * Adjusted p-values: [emp=0.0199005, beta=0.0221243]

Processing phenotype [ENSG00000092067.5] [87/227]
  * #variants in cis = 12
  * Best hit: [id=14_internal_5853, d=-33677, pv=0.0336779, s=0.1671]
  * Beta parameters: [s1=1.09311, s2=13.7411]
  * Adjusted p-values: [emp=0.298507, beta=0.28072]

Processing phenotype [ENSG00000092068.14] [88/227]
  * #variants in cis = 14
  * Best hit: [id=14_internal_7334, d=19529, pv=5.74797e-05, s=0.3238]
  * Beta parameters: [s1=1.0379, s2=13.038]
  * Adjusted p-values: [emp=0.00497512, beta=0.000769548]

Processing phenotype [ENSG00000215277.4] [89/227]
  * #variants in cis = 14
  * Best hit: [id=14_internal_6101, d=949620, pv=0.0420027, s=0.1679]
  * Beta parameters: [s1=1.00123, s2=17.8231]
  * Adjusted p-values: [emp=0.378109, beta=0.394688]

Processing phenotype [ENSG00000215271.5] [90/227]
  * #variants in cis = 14
  * Best hit: [id=14_internal_5853, d=122406, pv=0.0957517, s=0.1263]
  * Beta parameters: [s1=0.900061, s2=14.461]
  * Adjusted p-values: [emp=0.721393, beta=0.706396]

Processing phenotype [ENSG00000129473.5] [91/227]
  * #variants in cis = 14
  * Best hit: [id=14_internal_8991, d=-848747, pv=0.0361445, s=-0.1702]
  * Beta parameters: [s1=1.19137, s2=12.4708]
  * Adjusted p-values: [emp=0.452736, beta=0.428406]

Processing phenotype [ENSG00000260175.1] [92/227]
  * #variants in cis = 14
  * Best hit: [id=14_internal_5853, d=135736, pv=0.0284341, s=0.1630]
  * Beta parameters: [s1=1.06343, s2=13.5652]
  * Adjusted p-values: [emp=0.353234, beta=0.350304]

Processing phenotype [ENSG00000235194.3] [93/227]
  * #variants in cis = 14
  * Best hit: [id=14_internal_6159, d=471950, pv=0.0420734, s=-0.1529]
  * Beta parameters: [s1=1.09887, s2=13.2253]
  * Adjusted p-values: [emp=0.452736, beta=0.427956]

Processing phenotype [ENSG00000258643.1] [94/227]
  * #variants in cis = 14
  * Best hit: [id=14_internal_5929, d=698684, pv=0.00522553, s=-0.2182]
  * Beta parameters: [s1=1.07648, s2=12.219]
  * Adjusted p-values: [emp=0.0646766, beta=0.0629627]

Processing phenotype [ENSG00000100836.6] [95/227]
  * #variants in cis = 14
  * Best hit: [id=14_internal_5929, d=684230, pv=0.00571708, s=-0.2130]
  * Beta parameters: [s1=1.00831, s2=12.2907]
  * Adjusted p-values: [emp=0.0746269, beta=0.0762098]

Processing phenotype [ENSG00000268702.1] [96/227]
  * #variants in cis = 14
  * Best hit: [id=14_internal_5925, d=-665985, pv=0.00603131, s=-0.2135]
  * Beta parameters: [s1=0.958021, s2=15.1888]
  * Adjusted p-values: [emp=0.0895522, beta=0.0771668]

Processing phenotype [ENSG00000166091.15] [97/227]
  * #variants in cis = 15
  * Best hit: [id=14_internal_6111, d=988364, pv=0.0689137, s=-0.1446]
  * Beta parameters: [s1=1.09995, s2=13.5723]
  * Adjusted p-values: [emp=0.696517, beta=0.663113]

Processing phenotype [ENSG00000129460.11] [98/227]
  * #variants in cis = 14
  * Best hit: [id=14_internal_6159, d=-638790, pv=0.0546755, s=0.1504]
  * Beta parameters: [s1=0.985052, s2=14.8059]
  * Adjusted p-values: [emp=0.577114, beta=0.544783]

Processing phenotype [ENSG00000157306.10] [99/227]
  * #variants in cis = 14
  * Best hit: [id=14_internal_5707, d=0, pv=0.0381504, s=-0.1688]
  * Beta parameters: [s1=1.02115, s2=13.8587]
  * Adjusted p-values: [emp=0.368159, beta=0.389756]

Processing phenotype [ENSG00000259431.1] [100/227]
  * #variants in cis = 14
  * Best hit: [id=14_internal_8905, d=-730306, pv=0.0529397, s=-0.1565]
  * Beta parameters: [s1=1.06897, s2=11.705]
  * Adjusted p-values: [emp=0.547264, beta=0.535681]

Processing phenotype [ENSG00000136367.10] [101/227]
  * #variants in cis = 14
  * Best hit: [id=14_internal_5925, d=-432068, pv=0.00527589, s=-0.2252]
  * Beta parameters: [s1=1.03256, s2=14.78]
  * Adjusted p-values: [emp=0.0646766, beta=0.0758038]

Processing phenotype [ENSG00000258727.1] [102/227]
  * #variants in cis = 14
  * Best hit: [id=14_internal_5707, d=0, pv=0.081772, s=-0.1400]
  * Beta parameters: [s1=1.10598, s2=14.044]
  * Adjusted p-values: [emp=0.701493, beta=0.674636]

Processing phenotype [ENSG00000213983.6] [103/227]
  * #variants in cis = 14
  * Best hit: [id=14_internal_5707, d=0, pv=0.0964174, s=-0.1334]
  * Beta parameters: [s1=1.03884, s2=15.8848]
  * Adjusted p-values: [emp=0.746269, beta=0.770121]

Processing phenotype [ENSG00000092051.11] [104/227]
  * #variants in cis = 15
  * Best hit: [id=14_internal_5738, d=660060, pv=0.0928683, s=-0.1330]
  * Beta parameters: [s1=0.948406, s2=16.8816]
  * Adjusted p-values: [emp=0.776119, beta=0.768322]

Processing phenotype [ENSG00000197775.1] [105/227]
  * #variants in cis = 13
  * Best hit: [id=14_internal_5925, d=49529, pv=0.00457861, s=0.2193]
  * Beta parameters: [s1=1.18675, s2=14.1927]
  * Adjusted p-values: [emp=0.0348259, beta=0.0340127]

Processing phenotype [ENSG00000157326.14] [106/227]
  * #variants in cis = 13
  * Best hit: [id=14_internal_6282, d=-404812, pv=0.0423075, s=0.1607]
  * Beta parameters: [s1=0.941923, s2=11.9287]
  * Adjusted p-values: [emp=0.467662, beta=0.469373]

Processing phenotype [ENSG00000187630.10] [107/227]
  * #variants in cis = 13
  * Best hit: [id=14_internal_6282, d=-421165, pv=0.0595406, s=0.1472]
  * Beta parameters: [s1=0.98654, s2=11.0865]
  * Adjusted p-values: [emp=0.512438, beta=0.524714]

Processing phenotype [ENSG00000215256.3] [108/227]
  * #variants in cis = 13
  * Best hit: [id=14_internal_6294, d=-43519, pv=0.087815, s=-0.1326]
  * Beta parameters: [s1=1.07396, s2=14.1975]
  * Adjusted p-values: [emp=0.716418, beta=0.716583]

Processing phenotype [ENSG00000225766.3] [109/227]
  * #variants in cis = 13
  * Best hit: [id=14_internal_5929, d=-21659, pv=0.129095, s=-0.1204]
  * Beta parameters: [s1=1.00384, s2=10.3927]
  * Adjusted p-values: [emp=0.776119, beta=0.807294]

Processing phenotype [ENSG00000186648.10] [110/227]
  * #variants in cis = 13
  * Best hit: [id=14_internal_6294, d=0, pv=5.1866e-05, s=0.2997]
  * Beta parameters: [s1=1.03895, s2=15.8253]
  * Adjusted p-values: [emp=0.00497512, beta=0.000375833]

Processing phenotype [ENSG00000100884.5] [111/227]
  * #variants in cis = 13
  * Best hit: [id=14_internal_6244, d=83909, pv=0.0484636, s=0.1554]
  * Beta parameters: [s1=0.932725, s2=11.6654]
  * Adjusted p-values: [emp=0.467662, beta=0.474723]

Processing phenotype [ENSG00000100889.7] [112/227]
  * #variants in cis = 13
  * Best hit: [id=14_internal_5929, d=-79259, pv=5.78738e-05, s=0.2971]
  * Beta parameters: [s1=1.10094, s2=12.0995]
  * Adjusted p-values: [emp=0.00497512, beta=0.000575581]

Processing phenotype [ENSG00000100897.13] [113/227]
  * #variants in cis = 13
  * Best hit: [id=14_internal_6244, d=40551, pv=7.26897e-06, s=0.3419]
  * Beta parameters: [s1=1.04965, s2=13.6799]
  * Adjusted p-values: [emp=0.00497512, beta=4.61688e-05]

Processing phenotype [ENSG00000129535.8] [114/227]
  * #variants in cis = 13
  * Best hit: [id=14_internal_6244, d=-39732, pv=0.00595546, s=0.2121]
  * Beta parameters: [s1=0.929447, s2=16.8622]
  * Adjusted p-values: [emp=0.0945274, beta=0.0712002]

Processing phenotype [ENSG00000259371.1] [115/227]
  * #variants in cis = 13
  * Best hit: [id=14_internal_6244, d=33395, pv=0.00601034, s=0.2141]
  * Beta parameters: [s1=0.941982, s2=11.1064]
  * Adjusted p-values: [emp=0.104478, beta=0.0951758]

Processing phenotype [ENSG00000139914.6] [116/227]
  * #variants in cis = 13
  * Best hit: [id=14_internal_5929, d=-116481, pv=0.0182534, s=0.1887]
  * Beta parameters: [s1=0.907171, s2=14.1902]
  * Adjusted p-values: [emp=0.238806, beta=0.226612]

Processing phenotype [ENSG00000092010.10] [117/227]
  * #variants in cis = 13
  * Best hit: [id=14_internal_6244, d=18588, pv=8.4541e-07, s=0.3849]
  * Beta parameters: [s1=0.864774, s2=12.1493]
  * Adjusted p-values: [emp=0.00497512, beta=2.30418e-05]

Processing phenotype [ENSG00000259321.1] [118/227]
  * #variants in cis = 13
  * Best hit: [id=14_internal_6244, d=15301, pv=0.00280413, s=0.2319]
  * Beta parameters: [s1=0.935409, s2=9.83194]
  * Adjusted p-values: [emp=0.0597015, beta=0.0460622]

Processing phenotype [ENSG00000100908.9] [119/227]
  * #variants in cis = 13
  * Best hit: [id=14_internal_6244, d=-13158, pv=0.000112158, s=0.2994]
  * Beta parameters: [s1=0.939518, s2=11.9664]
  * Adjusted p-values: [emp=0.00995025, beta=0.00127389]

Processing phenotype [ENSG00000092098.11] [120/227]
  * #variants in cis = 13
  * Best hit: [id=14_internal_6244, d=8063, pv=7.7552e-07, s=0.3673]
  * Beta parameters: [s1=1.0119, s2=11.6105]
  * Adjusted p-values: [emp=0.00497512, beta=9.53248e-06]

Processing phenotype [ENSG00000100911.9] [121/227]
  * #variants in cis = 13
  * Best hit: [id=14_internal_6244, d=-7176, pv=1.16161e-08, s=0.4436]
  * Beta parameters: [s1=0.998653, s2=11.2412]
  * Adjusted p-values: [emp=0.00497512, beta=4.75821e-07]

Processing phenotype [ENSG00000259529.1] [122/227]
  * #variants in cis = 13
  * Best hit: [id=14_internal_6244, d=3528, pv=9.72511e-13, s=0.5290]
  * Beta parameters: [s1=1.07454, s2=10.2793]
  * Adjusted p-values: [emp=0.00497512, beta=3.54595e-11]

Processing phenotype [ENSG00000199804.1] [123/227]
  * #variants in cis = 13
  * Best hit: [id=14_internal_6282, d=-609829, pv=0.0476464, s=0.1449]
  * Beta parameters: [s1=0.908684, s2=15.829]
  * Adjusted p-values: [emp=0.447761, beta=0.477678]

Processing phenotype [ENSG00000213928.4] [124/227]
  * #variants in cis = 13
  * Best hit: [id=14_internal_6244, d=0, pv=4.87477e-12, s=0.5250]
  * Beta parameters: [s1=1.11481, s2=10.3572]
  * Adjusted p-values: [emp=0.00497512, beta=2.98143e-10]

Processing phenotype [ENSG00000100918.8] [125/227]
  * #variants in cis = 11
  * Best hit: [id=14_internal_6244, d=0, pv=4.67261e-05, s=0.3244]
  * Beta parameters: [s1=1.10933, s2=10.8915]
  * Adjusted p-values: [emp=0.00497512, beta=0.000210983]

Processing phenotype [ENSG00000196497.11] [126/227]
  * #variants in cis = 11
  * Best hit: [id=14_internal_6244, d=15683, pv=1.4729e-05, s=0.3482]
  * Beta parameters: [s1=0.906536, s2=11.1323]
  * Adjusted p-values: [emp=0.00497512, beta=0.00026864]

Processing phenotype [ENSG00000259522.1] [127/227]
  * #variants in cis = 11
  * Best hit: [id=14_internal_6244, d=17135, pv=4.52436e-05, s=0.3244]
  * Beta parameters: [s1=0.975162, s2=10.1557]
  * Adjusted p-values: [emp=0.00497512, beta=0.000782094]

Processing phenotype [ENSG00000139908.10] [128/227]
  * #variants in cis = 11
  * Best hit: [id=14_internal_5672, d=0, pv=0.0294951, s=0.1747]
  * Beta parameters: [s1=0.95387, s2=11.0705]
  * Adjusted p-values: [emp=0.303483, beta=0.295881]

Processing phenotype [ENSG00000100926.10] [129/227]
  * #variants in cis = 11
  * Best hit: [id=14_internal_7337, d=-359959, pv=0.0183276, s=0.1780]
  * Beta parameters: [s1=1.04572, s2=13.0258]
  * Adjusted p-values: [emp=0.174129, beta=0.163367]

Processing phenotype [ENSG00000254692.1] [130/227]
  * #variants in cis = 11
  * Best hit: [id=14_internal_7337, d=-359959, pv=0.0127522, s=0.1857]
  * Beta parameters: [s1=0.977682, s2=9.71679]
  * Adjusted p-values: [emp=0.19403, beta=0.158553]

Processing phenotype [ENSG00000254505.2] [131/227]
  * #variants in cis = 11
  * Best hit: [id=14_internal_7337, d=-359563, pv=0.0381327, s=0.1608]
  * Beta parameters: [s1=0.910758, s2=9.28084]
  * Adjusted p-values: [emp=0.363184, beta=0.380903]

Processing phenotype [ENSG00000260669.2] [132/227]
  * #variants in cis = 11
  * Best hit: [id=14_internal_7337, d=-357445, pv=0.0144517, s=0.1887]
  * Beta parameters: [s1=0.941998, s2=10.8288]
  * Adjusted p-values: [emp=0.124378, beta=0.130259]

Processing phenotype [ENSG00000213920.4] [133/227]
  * #variants in cis = 11
  * Best hit: [id=14_internal_5925, d=224515, pv=0.0561087, s=0.1556]
  * Beta parameters: [s1=1.02155, s2=13.03]
  * Adjusted p-values: [emp=0.507463, beta=0.494621]

Processing phenotype [ENSG00000255526.1] [134/227]
  * #variants in cis = 11
  * Best hit: [id=14_internal_5707, d=0, pv=0.0109703, s=-0.2035]
  * Beta parameters: [s1=0.966986, s2=10.1453]
  * Adjusted p-values: [emp=0.119403, beta=0.114675]

Processing phenotype [ENSG00000100938.13] [135/227]
  * #variants in cis = 11
  * Best hit: [id=14_internal_5672, d=0, pv=0.0108307, s=-0.1979]
  * Beta parameters: [s1=1.00831, s2=9.48223]
  * Adjusted p-values: [emp=0.0845771, beta=0.0944104]

Processing phenotype [ENSG00000129559.8] [136/227]
  * #variants in cis = 11
  * Best hit: [id=14_internal_5672, d=0, pv=0.020932, s=-0.1783]
  * Beta parameters: [s1=0.9187, s2=10.283]
  * Adjusted p-values: [emp=0.253731, beta=0.203736]

Processing phenotype [ENSG00000092330.11] [137/227]
  * #variants in cis = 11
  * Best hit: [id=14_internal_5929, d=227877, pv=0.226865, s=-0.0952]
  * Beta parameters: [s1=1.0201, s2=12.6145]
  * Adjusted p-values: [emp=0.945274, beta=0.936633]

Processing phenotype [ENSG00000092295.7] [138/227]
  * #variants in cis = 11
  * Best hit: [id=14_internal_5925, d=272877, pv=0.0232348, s=0.1755]
  * Beta parameters: [s1=0.89662, s2=11.0542]
  * Adjusted p-values: [emp=0.243781, beta=0.240406]

Processing phenotype [ENSG00000100949.10] [139/227]
  * #variants in cis = 11
  * Best hit: [id=14_internal_6101, d=54585, pv=0.187387, s=0.0982]
  * Beta parameters: [s1=1.00365, s2=9.72636]
  * Adjusted p-values: [emp=0.910448, beta=0.895726]

Processing phenotype [ENSG00000157379.9] [140/227]
  * #variants in cis = 11
  * Best hit: [id=14_internal_6632, d=-563378, pv=0.173914, s=0.1052]
  * Beta parameters: [s1=0.987436, s2=10.0904]
  * Adjusted p-values: [emp=0.830846, beta=0.854702]

Processing phenotype [ENSG00000196943.8] [141/227]
  * #variants in cis = 11
  * Best hit: [id=14_internal_7337, d=273570, pv=0.0238042, s=0.1744]
  * Beta parameters: [s1=1.04699, s2=9.24485]
  * Adjusted p-values: [emp=0.21393, beta=0.209926]

Processing phenotype [ENSG00000213906.4] [142/227]
  * #variants in cis = 11
  * Best hit: [id=14_internal_7337, d=267698, pv=0.0764667, s=0.1389]
  * Beta parameters: [s1=1.01682, s2=8.5082]
  * Adjusted p-values: [emp=0.532338, beta=0.525926]

Processing phenotype [ENSG00000136305.6] [143/227]
  * #variants in cis = 11
  * Best hit: [id=14_internal_5707, d=66774, pv=0.168938, s=-0.1082]
  * Beta parameters: [s1=0.991485, s2=9.51916]
  * Adjusted p-values: [emp=0.855721, beta=0.854405]

Processing phenotype [ENSG00000213903.4] [144/227]
  * #variants in cis = 11
  * Best hit: [id=14_internal_7337, d=261982, pv=0.0754506, s=0.1457]
  * Beta parameters: [s1=0.987155, s2=10.1247]
  * Adjusted p-values: [emp=0.562189, beta=0.583664]

Processing phenotype [ENSG00000129467.9] [145/227]
  * #variants in cis = 11
  * Best hit: [id=14_internal_6282, d=786316, pv=0.0151858, s=0.1968]
  * Beta parameters: [s1=0.985137, s2=12.7539]
  * Adjusted p-values: [emp=0.149254, beta=0.147938]

Processing phenotype [ENSG00000258973.1] [146/227]
  * #variants in cis = 11
  * Best hit: [id=14_internal_6244, d=164101, pv=0.0117959, s=0.1971]
  * Beta parameters: [s1=1.06207, s2=9.97916]
  * Adjusted p-values: [emp=0.124378, beta=0.129541]

Processing phenotype [ENSG00000129465.11] [147/227]
  * #variants in cis = 11
  * Best hit: [id=14_internal_6244, d=166764, pv=0.000237403, s=0.2914]
  * Beta parameters: [s1=1.04688, s2=11.6925]
  * Adjusted p-values: [emp=0.00995025, beta=0.0017101]

Processing phenotype [ENSG00000205978.5] [148/227]
  * #variants in cis = 11
  * Best hit: [id=14_internal_7337, d=174646, pv=0.131067, s=0.1198]
  * Beta parameters: [s1=0.816804, s2=12.3597]
  * Adjusted p-values: [emp=0.761194, beta=0.756698]

Processing phenotype [ENSG00000100441.5] [149/227]
  * #variants in cis = 11
  * Best hit: [id=14_internal_6111, d=-37616, pv=0.264788, s=-0.0869]
  * Beta parameters: [s1=0.989279, s2=13.3629]
  * Adjusted p-values: [emp=0.975124, beta=0.97463]

Processing phenotype [ENSG00000139899.6] [150/227]
  * #variants in cis = 11
  * Best hit: [id=14_internal_5672, d=185412, pv=0.135823, s=0.1126]
  * Beta parameters: [s1=1.11203, s2=10.7401]
  * Adjusted p-values: [emp=0.820896, beta=0.813984]

Processing phenotype [ENSG00000100445.12] [151/227]
  * #variants in cis = 11
  * Best hit: [id=14_internal_6101, d=225751, pv=0.188839, s=-0.1035]
  * Beta parameters: [s1=0.94189, s2=9.96714]
  * Adjusted p-values: [emp=0.920398, beta=0.897949]

Processing phenotype [ENSG00000100448.3] [152/227]
  * #variants in cis = 10
  * Best hit: [id=14_internal_7337, d=0, pv=3.57166e-12, s=0.5062]
  * Beta parameters: [s1=0.962928, s2=8.8202]
  * Adjusted p-values: [emp=0.00497512, beta=1.99806e-10]

Processing phenotype [ENSG00000100450.7] [153/227]
  * #variants in cis = 10
  * Best hit: [id=14_internal_6244, d=436418, pv=0.0336205, s=-0.1686]
  * Beta parameters: [s1=1.19824, s2=13.4816]
  * Adjusted p-values: [emp=0.228856, beta=0.229466]

Processing phenotype [ENSG00000100453.8] [154/227]
  * #variants in cis = 10
  * Best hit: [id=14_internal_6294, d=558224, pv=0.0291251, s=-0.1758]
  * Beta parameters: [s1=0.972668, s2=11.9884]
  * Adjusted p-values: [emp=0.273632, beta=0.261956]

Processing phenotype [ENSG00000168952.11] [155/227]
  * #variants in cis = 8
  * Best hit: [id=14_internal_6632, d=0, pv=3.61097e-05, s=0.3178]
  * Beta parameters: [s1=1.03256, s2=7.99204]
  * Adjusted p-values: [emp=0.00497512, beta=0.000234075]

Processing phenotype [ENSG00000092140.10] [156/227]
  * #variants in cis = 5
  * Best hit: [id=14_internal_6169, d=63370, pv=0.0146694, s=0.1920]
  * Beta parameters: [s1=0.957367, s2=5.33929]
  * Adjusted p-values: [emp=0.0895522, beta=0.0912827]

Processing phenotype [ENSG00000257636.1] [157/227]
  * #variants in cis = 5
  * Best hit: [id=14_internal_7377, d=-64734, pv=0.0578638, s=-0.1525]
  * Maximum Likelihood estimation failed, use Moment Matching instead!
  * Beta parameters: [s1=0.999948, s2=4.57641]
  * Adjusted p-values: [emp=0.248756, beta=0.248327]

Processing phenotype [ENSG00000092108.15] [158/227]
  * #variants in cis = 5
  * Best hit: [id=14_internal_6169, d=381, pv=8.0345e-15, s=0.5569]
  * Maximum Likelihood estimation failed, use Moment Matching instead!
  * Beta parameters: [s1=1, s2=4.7373]
  * Adjusted p-values: [emp=0.00497512, beta=9.11667e-13]

Processing phenotype [ENSG00000258648.1] [159/227]
  * #variants in cis = 5
  * Best hit: [id=14_internal_6169, d=0, pv=0.0192739, s=0.1764]
  * Maximum Likelihood estimation failed, use Moment Matching instead!
  * Beta parameters: [s1=1.00006, s2=5.36902]
  * Adjusted p-values: [emp=0.104478, beta=0.104348]

Processing phenotype [ENSG00000258558.1] [160/227]
  * #variants in cis = 5
  * Best hit: [id=14_internal_7377, d=165245, pv=0.333648, s=0.0784]
  * Maximum Likelihood estimation failed, use Moment Matching instead!
  * Beta parameters: [s1=1.00001, s2=4.92714]
  * Adjusted p-values: [emp=0.885572, beta=0.872412]

Processing phenotype [ENSG00000100473.11] [161/227]
  * #variants in cis = 5
  * Best hit: [id=14_internal_6121, d=-10272, pv=3.25518e-10, s=0.4808]
  * Maximum Likelihood estimation failed, use Moment Matching instead!
  * Beta parameters: [s1=1.00003, s2=4.20044]
  * Adjusted p-values: [emp=0.00497512, beta=4.47528e-09]

Processing phenotype [ENSG00000258525.1] [162/227]
  * #variants in cis = 5
  * Best hit: [id=14_internal_6121, d=25566, pv=1.81426e-07, s=0.4162]
  * Maximum Likelihood estimation failed, use Moment Matching instead!
  * Beta parameters: [s1=0.999991, s2=4.66258]
  * Adjusted p-values: [emp=0.00497512, beta=1.7633e-06]

Processing phenotype [ENSG00000258886.2] [163/227]
  * #variants in cis = 5
  * Best hit: [id=14_internal_7079, d=492146, pv=0.183266, s=-0.1072]
  * Maximum Likelihood estimation failed, use Moment Matching instead!
  * Beta parameters: [s1=0.999976, s2=5.16663]
  * Adjusted p-values: [emp=0.626866, beta=0.619204]

Processing phenotype [ENSG00000207952.1] [164/227]
  * #variants in cis = 5
  * Best hit: [id=14_internal_6169, d=322847, pv=0.216022, s=-0.1023]
  * Maximum Likelihood estimation failed, use Moment Matching instead!
  * Beta parameters: [s1=1, s2=4.8545]
  * Adjusted p-values: [emp=0.731343, beta=0.733862]

Processing phenotype [ENSG00000258968.2] [165/227]
  * #variants in cis = 5
  * Best hit: [id=14_internal_7079, d=438047, pv=0.00785171, s=-0.2118]
  * Beta parameters: [s1=0.971283, s2=5.99951]
  * Adjusted p-values: [emp=0.0597015, beta=0.0281997]

Processing phenotype [ENSG00000100478.10] [166/227]
  * #variants in cis = 5
  * Best hit: [id=14_internal_7377, d=-367649, pv=0.330139, s=-0.0776]
  * Maximum Likelihood estimation failed, use Moment Matching instead!
  * Beta parameters: [s1=0.999962, s2=4.20401]
  * Adjusted p-values: [emp=0.850746, beta=0.849515]

Processing phenotype [ENSG00000196792.6] [167/227]
  * #variants in cis = 5
  * Best hit: [id=14_internal_7377, d=368944, pv=0.0566988, s=0.1528]
  * Maximum Likelihood estimation failed, use Moment Matching instead!
  * Beta parameters: [s1=1.00005, s2=4.48253]
  * Adjusted p-values: [emp=0.298507, beta=0.301808]

Processing phenotype [ENSG00000258640.2] [168/227]
  * #variants in cis = 5
  * Best hit: [id=14_internal_7377, d=454782, pv=0.179998, s=-0.1072]
  * Beta parameters: [s1=1.03204, s2=6.5125]
  * Adjusted p-values: [emp=0.666667, beta=0.647096]

Processing phenotype [ENSG00000207440.1] [169/227]
  * #variants in cis = 5
  * Best hit: [id=14_internal_6121, d=-278697, pv=0.150796, s=0.1113]
  * Beta parameters: [s1=1.00806, s2=5.85072]
  * Adjusted p-values: [emp=0.522388, beta=0.53576]

Processing phenotype [ENSG00000092148.8] [170/227]
  * #variants in cis = 5
  * Best hit: [id=14_internal_7079, d=-248689, pv=0.421436, s=-0.0642]
  * Beta parameters: [s1=0.922553, s2=5.8261]
  * Adjusted p-values: [emp=0.950249, beta=0.941212]

Processing phenotype [ENSG00000257831.1] [171/227]
  * #variants in cis = 5
  * Best hit: [id=14_internal_6169, d=-556733, pv=0.0826263, s=0.1387]
  * Maximum Likelihood estimation failed, use Moment Matching instead!
  * Beta parameters: [s1=1.00002, s2=4.89537]
  * Adjusted p-values: [emp=0.353234, beta=0.341646]

Processing phenotype [ENSG00000250365.2] [172/227]
  * #variants in cis = 5
  * Best hit: [id=14_internal_7079, d=36207, pv=0.154014, s=0.1151]
  * Maximum Likelihood estimation failed, use Moment Matching instead!
  * Beta parameters: [s1=1.00004, s2=5.32748]
  * Adjusted p-values: [emp=0.562189, beta=0.582635]

Processing phenotype [ENSG00000129493.10] [173/227]
  * #variants in cis = 5
  * Best hit: [id=14_internal_7377, d=763125, pv=0.0342358, s=-0.1709]
  * Beta parameters: [s1=0.936734, s2=5.93576]
  * Adjusted p-values: [emp=0.119403, beta=0.103633]

Processing phenotype [ENSG00000203546.3] [174/227]
  * #variants in cis = 5
  * Best hit: [id=14_internal_7377, d=799984, pv=0.0530962, s=-0.1533]
  * Maximum Likelihood estimation failed, use Moment Matching instead!
  * Beta parameters: [s1=1.00004, s2=5.63061]
  * Adjusted p-values: [emp=0.223881, beta=0.202238]

Processing phenotype [ENSG00000129480.8] [175/227]
  * #variants in cis = 5
  * Best hit: [id=14_internal_7079, d=0, pv=2.85194e-05, s=0.3333]
  * Maximum Likelihood estimation failed, use Moment Matching instead!
  * Beta parameters: [s1=1.00002, s2=4.5858]
  * Adjusted p-values: [emp=0.00497512, beta=0.000223854]

Processing phenotype [ENSG00000214943.2] [176/227]
  * #variants in cis = 5
  * Best hit: [id=14_internal_7079, d=0, pv=4.84058e-06, s=0.3681]
  * Maximum Likelihood estimation failed, use Moment Matching instead!
  * Beta parameters: [s1=1.00003, s2=4.85194]
  * Adjusted p-values: [emp=0.00497512, beta=1.70955e-05]

Processing phenotype [ENSG00000151413.12] [177/227]
  * #variants in cis = 5
  * Best hit: [id=14_internal_6169, d=-798061, pv=0.07638, s=0.1363]
  * Maximum Likelihood estimation failed, use Moment Matching instead!
  * Beta parameters: [s1=0.999973, s2=4.56074]
  * Adjusted p-values: [emp=0.393035, beta=0.377512]

Processing phenotype [ENSG00000257155.1] [178/227]
  * #variants in cis = 5
  * Best hit: [id=14_internal_7094, d=182668, pv=0.276353, s=0.0881]
  * Maximum Likelihood estimation failed, use Moment Matching instead!
  * Beta parameters: [s1=0.999975, s2=4.96962]
  * Adjusted p-values: [emp=0.835821, beta=0.829318]

Processing phenotype [ENSG00000207412.1] [179/227]
  * #variants in cis = 4
  * Best hit: [id=14_internal_7079, d=195524, pv=0.038661, s=0.1611]
  * Maximum Likelihood estimation failed, use Moment Matching instead!
  * Beta parameters: [s1=1.00006, s2=3.51409]
  * Adjusted p-values: [emp=0.149254, beta=0.172144]

Processing phenotype [ENSG00000100852.8] [180/227]
  * #variants in cis = 3
  * Best hit: [id=14_internal_7079, d=-584840, pv=0.0119296, s=0.1966]
  * Maximum Likelihood estimation failed, use Moment Matching instead!
  * Beta parameters: [s1=1.00003, s2=2.50388]
  * Adjusted p-values: [emp=0.0348259, beta=0.0533122]

Processing phenotype [ENSG00000258655.1] [181/227]
  * #variants in cis = 3
  * Best hit: [id=14_internal_7079, d=585519, pv=0.189356, s=0.1021]
  * Maximum Likelihood estimation failed, use Moment Matching instead!
  * Beta parameters: [s1=1, s2=2.7928]
  * Adjusted p-values: [emp=0.507463, beta=0.465135]

Processing phenotype [ENSG00000151320.6] [182/227]
  * #variants in cis = 3
  * Best hit: [id=14_internal_7079, d=-837999, pv=0.243571, s=0.0924]
  * Maximum Likelihood estimation failed, use Moment Matching instead!
  * Beta parameters: [s1=1.00001, s2=2.75582]
  * Adjusted p-values: [emp=0.572139, beta=0.570003]

Processing phenotype [ENSG00000265770.1] [183/227]
  * #variants in cis = 2
  * Best hit: [id=14_internal_5430, d=491387, pv=0.417799, s=0.0639]
  * Maximum Likelihood estimation failed, use Moment Matching instead!
  * Beta parameters: [s1=1.00003, s2=1.90441]
  * Adjusted p-values: [emp=0.676617, beta=0.655425]

Processing phenotype [ENSG00000165389.6] [184/227]
  * #variants in cis = 11
  * Best hit: [id=14_internal_8746, d=0, pv=1.08129e-05, s=0.3429]
  * Beta parameters: [s1=1.04056, s2=10.1721]
  * Adjusted p-values: [emp=0.00497512, beta=9.47063e-05]

Processing phenotype [ENSG00000129521.8] [185/227]
  * #variants in cis = 11
  * Best hit: [id=14_internal_6455, d=-365303, pv=0.206606, s=0.1037]
  * Beta parameters: [s1=1.0734, s2=9.38334]
  * Adjusted p-values: [emp=0.905473, beta=0.904371]

Processing phenotype [ENSG00000129518.4] [186/227]
  * #variants in cis = 11
  * Best hit: [id=14_internal_7479, d=-245607, pv=0.112592, s=-0.1259]
  * Beta parameters: [s1=1.07098, s2=11.8048]
  * Adjusted p-values: [emp=0.825871, beta=0.781495]

Processing phenotype [ENSG00000240463.1] [187/227]
  * #variants in cis = 11
  * Best hit: [id=14_internal_5549, d=-299978, pv=0.0499907, s=0.1560]
  * Beta parameters: [s1=1.03274, s2=10.986]
  * Adjusted p-values: [emp=0.373134, beta=0.373287]

Processing phenotype [ENSG00000129515.14] [188/227]
  * #variants in cis = 11
  * Best hit: [id=14_internal_6455, d=-197894, pv=0.0459669, s=-0.1573]
  * Beta parameters: [s1=0.914438, s2=10.9755]
  * Adjusted p-values: [emp=0.378109, beta=0.405632]

Processing phenotype [ENSG00000165410.10] [189/227]
  * #variants in cis = 11
  * Best hit: [id=14_internal_6455, d=-113254, pv=0.00860894, s=-0.2101]
  * Beta parameters: [s1=0.939692, s2=11.4525]
  * Adjusted p-values: [emp=0.104478, beta=0.0865715]

Processing phenotype [ENSG00000263691.1] [190/227]
  * #variants in cis = 11
  * Best hit: [id=14_internal_6455, d=-26492, pv=0.0388097, s=0.1646]
  * Beta parameters: [s1=1.00969, s2=12.2016]
  * Adjusted p-values: [emp=0.298507, beta=0.291369]

Processing phenotype [ENSG00000251726.1] [191/227]
  * #variants in cis = 12
  * Best hit: [id=14_internal_7479, d=51846, pv=0.0388787, s=0.1629]
  * Beta parameters: [s1=0.938965, s2=16.2643]
  * Adjusted p-values: [emp=0.363184, beta=0.356313]

Processing phenotype [ENSG00000258738.1] [192/227]
  * #variants in cis = 12
  * Best hit: [id=14_internal_7326, d=8445, pv=0.028348, s=-0.1716]
  * Beta parameters: [s1=0.970933, s2=12.9445]
  * Adjusted p-values: [emp=0.278607, beta=0.273552]

Processing phenotype [ENSG00000258508.1] [193/227]
  * #variants in cis = 12
  * Best hit: [id=14_internal_7975, d=-932536, pv=0.0365448, s=0.1622]
  * Beta parameters: [s1=0.940553, s2=14.2154]
  * Adjusted p-values: [emp=0.343284, beta=0.340742]

Processing phenotype [ENSG00000198604.6] [194/227]
  * #variants in cis = 12
  * Best hit: [id=14_internal_5922, d=549645, pv=0.0272984, s=-0.1809]
  * Beta parameters: [s1=1.05956, s2=12.2395]
  * Adjusted p-values: [emp=0.268657, beta=0.267697]

Processing phenotype [ENSG00000226677.2] [195/227]
  * #variants in cis = 12
  * Best hit: [id=14_internal_8823, d=43744, pv=0.00561582, s=0.2171]
  * Beta parameters: [s1=0.957751, s2=10.7581]
  * Adjusted p-values: [emp=0.0945274, beta=0.0897017]

Processing phenotype [ENSG00000100883.7] [196/227]
  * #variants in cis = 12
  * Best hit: [id=14_internal_8823, d=1111, pv=0.0506515, s=0.1571]
  * Beta parameters: [s1=0.926339, s2=10.2823]
  * Adjusted p-values: [emp=0.437811, beta=0.433124]

Processing phenotype [ENSG00000258704.1] [197/227]
  * #variants in cis = 12
  * Best hit: [id=14_internal_6720, d=427116, pv=0.0265936, s=0.1704]
  * Beta parameters: [s1=0.864829, s2=13.5374]
  * Adjusted p-values: [emp=0.288557, beta=0.289731]

Processing phenotype [ENSG00000151327.7] [198/227]
  * #variants in cis = 12
  * Best hit: [id=14_internal_8823, d=0, pv=8.072e-06, s=0.3587]
  * Beta parameters: [s1=0.942447, s2=14.3513]
  * Adjusted p-values: [emp=0.00497512, beta=9.04438e-05]

Processing phenotype [ENSG00000100890.9] [199/227]
  * #variants in cis = 11
  * Best hit: [id=14_internal_8823, d=0, pv=4.31363e-08, s=0.4223]
  * Beta parameters: [s1=1.05803, s2=11.1277]
  * Adjusted p-values: [emp=0.00497512, beta=4.32913e-07]

Processing phenotype [ENSG00000092020.6] [200/227]
  * #variants in cis = 11
  * Best hit: [id=14_internal_8823, d=0, pv=5.35629e-07, s=0.3844]
  * Beta parameters: [s1=1.02491, s2=13.4857]
  * Adjusted p-values: [emp=0.00497512, beta=6.70119e-07]

Processing phenotype [ENSG00000258790.1] [201/227]
  * #variants in cis = 11
  * Best hit: [id=14_internal_8823, d=0, pv=0.00749815, s=0.2078]
  * Beta parameters: [s1=1.12541, s2=10.0759]
  * Adjusted p-values: [emp=0.0845771, beta=0.086981]

Processing phenotype [ENSG00000241052.1] [202/227]
  * #variants in cis = 11
  * Best hit: [id=14_internal_8823, d=0, pv=5.06912e-07, s=0.3725]
  * Beta parameters: [s1=1.04106, s2=10.2377]
  * Adjusted p-values: [emp=0.00497512, beta=1.53227e-05]

Processing phenotype [ENSG00000259090.1] [203/227]
  * #variants in cis = 11
  * Best hit: [id=14_internal_7479, d=365585, pv=0.0395651, s=0.1669]
  * Beta parameters: [s1=1.06004, s2=9.80832]
  * Adjusted p-values: [emp=0.378109, beta=0.363857]

Processing phenotype [ENSG00000256243.2] [204/227]
  * #variants in cis = 11
  * Best hit: [id=14_internal_8823, d=0, pv=0.00380066, s=0.2426]
  * Beta parameters: [s1=1.05741, s2=12.9965]
  * Adjusted p-values: [emp=0.039801, beta=0.0312372]

Processing phenotype [ENSG00000240392.1] [205/227]
  * #variants in cis = 11
  * Best hit: [id=14_internal_5549, d=-214590, pv=0.0315696, s=0.1737]
  * Beta parameters: [s1=0.967746, s2=14.1083]
  * Adjusted p-values: [emp=0.323383, beta=0.314122]

Processing phenotype [ENSG00000100902.6] [206/227]
  * #variants in cis = 11
  * Best hit: [id=14_internal_5803, d=5413, pv=0.0845165, s=0.1362]
  * Beta parameters: [s1=1.11668, s2=9.17521]
  * Adjusted p-values: [emp=0.621891, beta=0.608705]

Processing phenotype [ENSG00000258860.1] [207/227]
  * #variants in cis = 12
  * Best hit: [id=14_internal_8823, d=15570, pv=0.13104, s=0.1213]
  * Beta parameters: [s1=0.846663, s2=11.7259]
  * Adjusted p-values: [emp=0.776119, beta=0.777402]

Processing phenotype [ENSG00000100906.6] [208/227]
  * #variants in cis = 12
  * Best hit: [id=14_internal_7326, d=482679, pv=0.0841918, s=-0.1363]
  * Beta parameters: [s1=1.01028, s2=14.066]
  * Adjusted p-values: [emp=0.691542, beta=0.693694]

Processing phenotype [ENSG00000253059.1] [209/227]
  * #variants in cis = 10
  * Best hit: [id=14_internal_5803, d=-452495, pv=0.113585, s=-0.1273]
  * Beta parameters: [s1=0.93389, s2=9.58886]
  * Adjusted p-values: [emp=0.676617, beta=0.653725]

Processing phenotype [ENSG00000257957.1] [210/227]
  * #variants in cis = 10
  * Best hit: [id=14_internal_7326, d=-843725, pv=0.023665, s=-0.1832]
  * Beta parameters: [s1=0.861375, s2=12.2246]
  * Adjusted p-values: [emp=0.253731, beta=0.225053]

Processing phenotype [ENSG00000238718.1] [211/227]
  * #variants in cis = 10
  * Best hit: [id=14_internal_5819, d=709449, pv=0.00367557, s=0.2315]
  * Beta parameters: [s1=0.947325, s2=10.5926]
  * Adjusted p-values: [emp=0.0348259, beta=0.0405617]

Processing phenotype [ENSG00000266264.1] [212/227]
  * #variants in cis = 9
  * Best hit: [id=14_internal_7975, d=0, pv=0.120216, s=-0.1232]
  * Beta parameters: [s1=1.0476, s2=9.80612]
  * Adjusted p-values: [emp=0.691542, beta=0.694778]

Processing phenotype [ENSG00000174373.11] [213/227]
  * #variants in cis = 9
  * Best hit: [id=14_internal_7326, d=887234, pv=0.0628719, s=-0.1481]
  * Beta parameters: [s1=1.11958, s2=9.98467]
  * Adjusted p-values: [emp=0.41791, beta=0.416144]

Processing phenotype [ENSG00000100916.8] [214/227]
  * #variants in cis = 9
  * Best hit: [id=14_internal_7326, d=-904248, pv=0.216194, s=-0.0986]
  * Beta parameters: [s1=0.886688, s2=7.72067]
  * Adjusted p-values: [emp=0.870647, beta=0.878644]

Processing phenotype [ENSG00000258938.1] [215/227]
  * #variants in cis = 9
  * Best hit: [id=14_internal_8823, d=478707, pv=0.0702964, s=0.1475]
  * Beta parameters: [s1=1.19104, s2=8.69703]
  * Adjusted p-values: [emp=0.527363, beta=0.484517]

Processing phenotype [ENSG00000257272.1] [216/227]
  * #variants in cis = 8
  * Best hit: [id=14_internal_5549, d=-825985, pv=0.0183398, s=-0.1883]
  * Beta parameters: [s1=1.0438, s2=7.93345]
  * Adjusted p-values: [emp=0.129353, beta=0.135107]

Processing phenotype [ENSG00000257307.1] [217/227]
  * #variants in cis = 8
  * Best hit: [id=14_internal_7444, d=411831, pv=0.0228375, s=-0.1731]
  * Beta parameters: [s1=1.00824, s2=8.01836]
  * Adjusted p-values: [emp=0.179104, beta=0.156084]

Processing phenotype [ENSG00000151332.12] [218/227]
  * #variants in cis = 4
  * Best hit: [id=14_internal_7975, d=441119, pv=0.163383, s=0.1098]
  * Maximum Likelihood estimation failed, use Moment Matching instead!
  * Beta parameters: [s1=0.999947, s2=3.74269]
  * Adjusted p-values: [emp=0.552239, beta=0.528284]

Processing phenotype [ENSG00000259121.2] [219/227]
  * #variants in cis = 4
  * Best hit: [id=14_internal_5546, d=78204, pv=0.14675, s=0.1187]
  * Maximum Likelihood estimation failed, use Moment Matching instead!
  * Beta parameters: [s1=0.999968, s2=3.82295]
  * Adjusted p-values: [emp=0.467662, beta=0.475847]

Processing phenotype [ENSG00000258651.1] [220/227]
  * #variants in cis = 4
  * Best hit: [id=14_internal_5546, d=65965, pv=0.544344, s=0.0491]
  * Maximum Likelihood estimation failed, use Moment Matching instead!
  * Beta parameters: [s1=0.999985, s2=4.58386]
  * Adjusted p-values: [emp=0.985075, beta=0.971877]

Processing phenotype [ENSG00000100934.9] [221/227]
  * #variants in cis = 4
  * Best hit: [id=14_internal_6304, d=-44613, pv=0.149466, s=0.1152]
  * Maximum Likelihood estimation failed, use Moment Matching instead!
  * Beta parameters: [s1=0.999951, s2=3.80565]
  * Adjusted p-values: [emp=0.452736, beta=0.48402]

Processing phenotype [ENSG00000092208.11] [222/227]
  * #variants in cis = 4
  * Best hit: [id=14_internal_6304, d=40036, pv=0.180109, s=-0.1094]
  * Maximum Likelihood estimation failed, use Moment Matching instead!
  * Beta parameters: [s1=1, s2=5.13508]
  * Adjusted p-values: [emp=0.567164, beta=0.586483]

Processing phenotype [ENSG00000241984.2] [223/227]
  * #variants in cis = 3
  * Best hit: [id=14_internal_5546, d=12363, pv=0.0245142, s=-0.1768]
  * Maximum Likelihood estimation failed, use Moment Matching instead!
  * Beta parameters: [s1=0.999968, s2=2.95591]
  * Adjusted p-values: [emp=0.0945274, beta=0.0817103]

Processing phenotype [ENSG00000182400.10] [224/227]
  * #variants in cis = 3
  * Best hit: [id=14_internal_6304, d=0, pv=0.117813, s=0.1264]
  * Maximum Likelihood estimation failed, use Moment Matching instead!
  * Beta parameters: [s1=0.999984, s2=2.92771]
  * Adjusted p-values: [emp=0.328358, beta=0.290597]

Processing phenotype [ENSG00000100941.4] [225/227]
  * #variants in cis = 3
  * Best hit: [id=14_internal_5546, d=0, pv=0.28241, s=-0.0846]
  * Maximum Likelihood estimation failed, use Moment Matching instead!
  * Beta parameters: [s1=1.00004, s2=2.81412]
  * Adjusted p-values: [emp=0.61194, beta=0.619558]

Processing phenotype [ENSG00000259083.1] [226/227]
  * #variants in cis = 3
  * Best hit: [id=14_internal_6304, d=4225, pv=0.409187, s=0.0672]
  * Maximum Likelihood estimation failed, use Moment Matching instead!
  * Beta parameters: [s1=0.999987, s2=3.25382]
  * Adjusted p-values: [emp=0.820896, beta=0.810476]

Processing phenotype [ENSG00000258941.1] [227/227]
  * #variants in cis = 3
  * Best hit: [id=14_internal_7561, d=-357618, pv=0.287272, s=0.0852]
  * Maximum Likelihood estimation failed, use Moment Matching instead!
  * Beta parameters: [s1=1.00004, s2=3.25671]
  * Adjusted p-values: [emp=0.641791, beta=0.642305]

Running time: 2 seconds
