Sender: LSF System <lsfadmin@cpt03>
Subject: Job 974643: </data/unige/funpopgen/odelanea/SGX/V2/binaries/qtltools/bin/QTLtools cis --vcf /data/unige/funpopgen/grey2/SYSCID/BLUEPRINT_DATA/CRD/THREE_CELL_TYPES/CLOMICS/CELL_TYPE_COMPARISON_GENE_CRD_ASSOCIATIONS/quantify/72_vs_70_ALL.ALLchr.mean.txt.gz --bed /data/unige/funpopgen/grey2/SYSCID/BLUEPRINT_DATA/CRD/THREE_CELL_TYPES/QTL_TOOLS/EGAD00001002674_v3.0/EGAD00001002674_RNA.PC10.bed.gz --nominal /data/unige/funpopgen/grey2/SYSCID/BLUEPRINT_DATA/CRD/THREE_CELL_TYPES/CLOMICS/CELL_TYPE_COMPARISON_GENE_CRD_ASSOCIATIONS/mapping_aCRD_gene/72_vs_70/gene_CRD_mean_permutations.thresholds.txt --chunk 22 100 --out /data/unige/funpopgen/grey2/SYSCID/BLUEPRINT_DATA/CRD/THREE_CELL_TYPES/CLOMICS/CELL_TYPE_COMPARISON_GENE_CRD_ASSOCIATIONS/mapping_aCRD_gene/72_vs_70/mapping_gene_CRD_mean_chunk22\.txt> in cluster <ug> Done

Job </data/unige/funpopgen/odelanea/SGX/V2/binaries/qtltools/bin/QTLtools cis --vcf /data/unige/funpopgen/grey2/SYSCID/BLUEPRINT_DATA/CRD/THREE_CELL_TYPES/CLOMICS/CELL_TYPE_COMPARISON_GENE_CRD_ASSOCIATIONS/quantify/72_vs_70_ALL.ALLchr.mean.txt.gz --bed /data/unige/funpopgen/grey2/SYSCID/BLUEPRINT_DATA/CRD/THREE_CELL_TYPES/QTL_TOOLS/EGAD00001002674_v3.0/EGAD00001002674_RNA.PC10.bed.gz --nominal /data/unige/funpopgen/grey2/SYSCID/BLUEPRINT_DATA/CRD/THREE_CELL_TYPES/CLOMICS/CELL_TYPE_COMPARISON_GENE_CRD_ASSOCIATIONS/mapping_aCRD_gene/72_vs_70/gene_CRD_mean_permutations.thresholds.txt --chunk 22 100 --out /data/unige/funpopgen/grey2/SYSCID/BLUEPRINT_DATA/CRD/THREE_CELL_TYPES/CLOMICS/CELL_TYPE_COMPARISON_GENE_CRD_ASSOCIATIONS/mapping_aCRD_gene/72_vs_70/mapping_gene_CRD_mean_chunk22\.txt> was submitted from host <cpt01> by user <grey2> in cluster <ug>.
Job was executed on host(s) <cpt03>, in queue <normal>, as user <grey2> in cluster <ug>.
</home/grey2> was used as the home directory.
</data/unige/funpopgen/grey2/SYSCID/BLUEPRINT_DATA/CRD/THREE_CELL_TYPES/CLOMICS/CELL_TYPE_COMPARISON_GENE_CRD_ASSOCIATIONS> was used as the working directory.
Started at Thu Mar 21 13:47:09 2019
Results reported at Thu Mar 21 13:47:14 2019

Your job looked like:

------------------------------------------------------------
# LSBATCH: User input
/data/unige/funpopgen/odelanea/SGX/V2/binaries/qtltools/bin/QTLtools cis --vcf /data/unige/funpopgen/grey2/SYSCID/BLUEPRINT_DATA/CRD/THREE_CELL_TYPES/CLOMICS/CELL_TYPE_COMPARISON_GENE_CRD_ASSOCIATIONS/quantify/72_vs_70_ALL.ALLchr.mean.txt.gz --bed /data/unige/funpopgen/grey2/SYSCID/BLUEPRINT_DATA/CRD/THREE_CELL_TYPES/QTL_TOOLS/EGAD00001002674_v3.0/EGAD00001002674_RNA.PC10.bed.gz --nominal /data/unige/funpopgen/grey2/SYSCID/BLUEPRINT_DATA/CRD/THREE_CELL_TYPES/CLOMICS/CELL_TYPE_COMPARISON_GENE_CRD_ASSOCIATIONS/mapping_aCRD_gene/72_vs_70/gene_CRD_mean_permutations.thresholds.txt --chunk 22 100 --out /data/unige/funpopgen/grey2/SYSCID/BLUEPRINT_DATA/CRD/THREE_CELL_TYPES/CLOMICS/CELL_TYPE_COMPARISON_GENE_CRD_ASSOCIATIONS/mapping_aCRD_gene/72_vs_70/mapping_gene_CRD_mean_chunk22\.txt

------------------------------------------------------------

Successfully completed.

Resource usage summary:

    CPU time :               1.58 sec.
    Max Memory :             3.11 MB
    Average Memory :         3.11 MB
    Total Requested Memory : -
    Delta Memory :           -
    (Delta: the difference between total requested memory and actual max usage.)
    Max Swap :               31 MB

    Max Processes :          1
    Max Threads :            1

The output (if any) follows:


[32mQTLtools[0m
  * Authors : Olivier DELANEAU / Halit ONGEN / Emmanouil DERMITZAKIS
  * Contact : olivier.delaneau@gmail.com / halit.ongen@unige.ch / Emmanouil.Dermitzakis@unige.ch
  * Webpage : https://qtltools.github.io/qtltools/
  * Version : 1.1
  * Date    : 21/03/2019 - 13:47:12
  * Citation: A complete tool set for molecular QTL discovery and analysis, https://doi.org/10.1101/068635

[32mMAPPING QTL IN CIS[0m
  * TASK: Report all nominal associations with p below thresholds in [/data/unige/funpopgen/grey2/SYSCID/BLUEPRINT_DATA/CRD/THREE_CELL_TYPES/CLOMICS/CELL_TYPE_COMPARISON_GENE_CRD_ASSOCIATIONS/mapping_aCRD_gene/72_vs_70/gene_CRD_mean_permutations.thresholds.txt]
  * Linear model: Phe ~ Var
  * Cis-window size is 1000000 bp
  * Chunk = [22/100]

Scanning phenotype data in [/data/unige/funpopgen/grey2/SYSCID/BLUEPRINT_DATA/CRD/THREE_CELL_TYPES/QTL_TOOLS/EGAD00001002674_v3.0/EGAD00001002674_RNA.PC10.bed.gz]
  * 26159 phenotypes included
  * 13004 phenotypes are on the negative strand

Initialize random number generator
  * Built-in seed is 15112011
  * First Integer = 30554
  * First Double = 0.0126695

Reading sample list from [/data/unige/funpopgen/grey2/SYSCID/BLUEPRINT_DATA/CRD/THREE_CELL_TYPES/QTL_TOOLS/EGAD00001002674_v3.0/EGAD00001002674_RNA.PC10.bed.gz]
  * #samples = 194

Reading sample list from [/data/unige/funpopgen/grey2/SYSCID/BLUEPRINT_DATA/CRD/THREE_CELL_TYPES/CLOMICS/CELL_TYPE_COMPARISON_GENE_CRD_ASSOCIATIONS/quantify/72_vs_70_ALL.ALLchr.mean.txt.gz]
  * #samples = 160

Merging sample sets from all input files
  * #files = 2
  * #samples in all files = 158
  * #samples NOT in all files (i.e. ignored) = 38

Reading phenotype data in [/data/unige/funpopgen/grey2/SYSCID/BLUEPRINT_DATA/CRD/THREE_CELL_TYPES/QTL_TOOLS/EGAD00001002674_v3.0/EGAD00001002674_RNA.PC10.bed.gz]
  * target region [9:11987-37459706]
  * 258 phenotypes included
  * 132 phenotypes are on the negative strand

Reading genotype data in [/data/unige/funpopgen/grey2/SYSCID/BLUEPRINT_DATA/CRD/THREE_CELL_TYPES/CLOMICS/CELL_TYPE_COMPARISON_GENE_CRD_ASSOCIATIONS/quantify/72_vs_70_ALL.ALLchr.mean.txt.gz]
  * File format detected: BED
  * 158 samples included
  * 4 samples without phenotype data
  * target region [9:0-38459706]
  * 70 variants included

Reading nominal thresholds in [/data/unige/funpopgen/grey2/SYSCID/BLUEPRINT_DATA/CRD/THREE_CELL_TYPES/CLOMICS/CELL_TYPE_COMPARISON_GENE_CRD_ASSOCIATIONS/mapping_aCRD_gene/72_vs_70/gene_CRD_mean_permutations.thresholds.txt]
  * #phenotypes set = 258

Processing phenotype [ENSG00000236875.2] [1/258]
  * #variants in cis = 8
  * Best hit: [id=9_internal_7419, d=235763, pv=0.0544757, s=-0.1541]

Processing phenotype [ENSG00000227518.1] [2/258]
  * #variants in cis = 8
  * Best hit: [id=9_internal_8736, d=417154, pv=0.109629, s=-0.1249]

Processing phenotype [ENSG00000181404.13] [3/258]
  * #variants in cis = 8
  * Best hit: [id=9_internal_10204, d=-178321, pv=0.0527713, s=-0.1507]

Processing phenotype [ENSG00000172785.12] [4/258]
  * #variants in cis = 8
  * Best hit: [id=9_internal_10618, d=0, pv=1.61189e-12, s=0.5101]

Processing phenotype [ENSG00000107099.10] [5/258]
  * #variants in cis = 8
  * Best hit: [id=9_internal_10204, d=0, pv=0.00784354, s=0.2116]

Processing phenotype [ENSG00000183784.5] [6/258]
  * #variants in cis = 8
  * Best hit: [id=9_internal_6777, d=-49429, pv=0.00926925, s=-0.2016]

Processing phenotype [ENSG00000235880.1] [7/258]
  * #variants in cis = 8
  * Best hit: [id=9_internal_6777, d=0, pv=8.1394e-06, s=-0.3541]

Processing phenotype [ENSG00000107104.13] [8/258]
  * #variants in cis = 8
  * Best hit: [id=9_internal_7524, d=-111818, pv=0.112984, s=0.1193]

Processing phenotype [ENSG00000235330.2] [9/258]
  * #variants in cis = 8
  * Best hit: [id=9_internal_8736, d=-4852, pv=0.0249233, s=-0.1813]

Processing phenotype [ENSG00000227155.2] [10/258]
  * #variants in cis = 8
  * Best hit: [id=9_internal_10204, d=191692, pv=0.0138528, s=0.1999]

Processing phenotype [ENSG00000080503.14] [11/258]
  * #variants in cis = 3
  * Best hit: [id=9_internal_7783, d=212369, pv=0.0663953, s=0.1472]

Processing phenotype [ENSG00000236199.1] [12/258]
  * #variants in cis = 3
  * Best hit: [id=9_internal_8358, d=-224424, pv=0.275009, s=0.0875]

Processing phenotype [ENSG00000222973.1] [13/258]
  * #variants in cis = 2
  * Best hit: [id=9_internal_7783, d=-64758, pv=0.582134, s=0.0421]

Processing phenotype [ENSG00000147852.9] [14/258]
  * #variants in cis = 2
  * Best hit: [id=9_internal_8358, d=-299906, pv=0.119753, s=0.1262]

Processing phenotype [ENSG00000168263.8] [15/258]
  * #variants in cis = 2
  * Best hit: [id=9_internal_8358, d=-395574, pv=0.767555, s=0.0226]

Processing phenotype [ENSG00000080608.8] [16/258]
  * #variants in cis = 3
  * Best hit: [id=9_internal_7783, d=579640, pv=0.31179, s=0.0810]

Processing phenotype [ENSG00000215297.3] [17/258]
  * #variants in cis = 1
  * Best hit: [id=9_internal_8936, d=-367701, pv=0.139416, s=-0.1215]

Processing phenotype [ENSG00000203286.4] [18/258]
  * #variants in cis = 1
  * Best hit: [id=9_internal_8936, d=-263312, pv=0.972547, s=0.0027]

Processing phenotype [ENSG00000080298.11] [19/258]
  * #variants in cis = 1
  * Best hit: [id=9_internal_8936, d=-206489, pv=0.79223, s=-0.0212]

Processing phenotype [ENSG00000232104.1] [20/258]
  * #variants in cis = 1
  * Best hit: [id=9_internal_8936, d=205770, pv=0.239602, s=0.0942]

Processing phenotype [ENSG00000237359.1] [21/258]
  * #variants in cis = 3
  * Best hit: [id=9_internal_8936, d=85158, pv=0.0761571, s=0.1419]

Processing phenotype [ENSG00000235326.1] [22/258]
  * #variants in cis = 3
  * Best hit: [id=9_internal_8383, d=920149, pv=0.0359006, s=0.1719]

Processing phenotype [ENSG00000226669.1] [23/258]
  * #variants in cis = 3
  * Best hit: [id=9_internal_8936, d=-42867, pv=0.163558, s=0.1117]

Processing phenotype [ENSG00000107249.15] [24/258]
  * #variants in cis = 6
  * Best hit: [id=9_internal_8936, d=0, pv=4.83288e-22, s=0.6911]

Processing phenotype [ENSG00000205808.4] [25/258]
  * #variants in cis = 7
  * Best hit: [id=9_internal_8936, d=0, pv=5.81077e-09, s=0.4228]

Processing phenotype [ENSG00000106686.12] [26/258]
  * #variants in cis = 7
  * Best hit: [id=9_internal_8936, d=0, pv=0.000274491, s=0.2757]

Processing phenotype [ENSG00000106993.7] [27/258]
  * #variants in cis = 7
  * Best hit: [id=9_internal_8936, d=-8232, pv=0.161769, s=0.1116]

Processing phenotype [ENSG00000147853.10] [28/258]
  * #variants in cis = 7
  * Best hit: [id=9_internal_10392, d=-706751, pv=0.0489518, s=0.1590]

Processing phenotype [ENSG00000120158.6] [29/258]
  * #variants in cis = 7
  * Best hit: [id=9_internal_8936, d=-121542, pv=0.0122993, s=0.2012]

Processing phenotype [ENSG00000233186.2] [30/258]
  * #variants in cis = 7
  * Best hit: [id=9_internal_8936, d=133645, pv=0.10332, s=0.1310]

Processing phenotype [ENSG00000269305.1] [31/258]
  * #variants in cis = 7
  * Best hit: [id=9_internal_7774, d=-142905, pv=0.00573842, s=-0.2209]

Processing phenotype [ENSG00000243754.1] [32/258]
  * #variants in cis = 7
  * Best hit: [id=9_internal_10327, d=-8429, pv=0.0950993, s=-0.1333]

Processing phenotype [ENSG00000096968.7] [33/258]
  * #variants in cis = 7
  * Best hit: [id=9_internal_7774, d=17132, pv=8.21098e-06, s=0.3539]

Processing phenotype [ENSG00000234534.1] [34/258]
  * #variants in cis = 7
  * Best hit: [id=9_internal_10327, d=-188920, pv=0.0909507, s=0.1295]

Processing phenotype [ENSG00000268155.1] [35/258]
  * #variants in cis = 9
  * Best hit: [id=9_internal_7213, d=-969981, pv=0.308904, s=-0.0824]

Processing phenotype [ENSG00000182347.10] [36/258]
  * #variants in cis = 9
  * Best hit: [id=9_internal_10392, d=-362682, pv=0.182223, s=0.1112]

Processing phenotype [ENSG00000227730.2] [37/258]
  * #variants in cis = 9
  * Best hit: [id=9_internal_10392, d=357701, pv=0.0125508, s=0.2017]

Processing phenotype [ENSG00000228166.1] [38/258]
  * #variants in cis = 9
  * Best hit: [id=9_internal_8936, d=-422812, pv=0.0424739, s=-0.1669]

Processing phenotype [ENSG00000224083.1] [39/258]
  * #variants in cis = 9
  * Best hit: [id=9_internal_8595, d=-491357, pv=0.0123221, s=0.2096]

Processing phenotype [ENSG00000235917.1] [40/258]
  * #variants in cis = 9
  * Best hit: [id=9_internal_8595, d=-493032, pv=0.0179594, s=0.1964]

Processing phenotype [ENSG00000228097.1] [41/258]
  * #variants in cis = 9
  * Best hit: [id=9_internal_10392, d=349234, pv=0.0228039, s=0.1876]

Processing phenotype [ENSG00000237711.1] [42/258]
  * #variants in cis = 9
  * Best hit: [id=9_internal_10392, d=348558, pv=0.0038716, s=0.2315]

Processing phenotype [ENSG00000236254.1] [43/258]
  * #variants in cis = 9
  * Best hit: [id=9_internal_10392, d=340857, pv=0.0158123, s=0.1945]

Processing phenotype [ENSG00000230225.1] [44/258]
  * #variants in cis = 9
  * Best hit: [id=9_internal_10392, d=339298, pv=0.00230369, s=0.2386]

Processing phenotype [ENSG00000236567.2] [45/258]
  * #variants in cis = 9
  * Best hit: [id=9_internal_7774, d=-92732, pv=0.0496597, s=0.1550]

Processing phenotype [ENSG00000254017.1] [46/258]
  * #variants in cis = 9
  * Best hit: [id=9_internal_10392, d=335245, pv=0.0136985, s=0.1921]

Processing phenotype [ENSG00000249864.1] [47/258]
  * #variants in cis = 9
  * Best hit: [id=9_internal_7774, d=146070, pv=0.00123802, s=0.2565]

Processing phenotype [ENSG00000120210.5] [48/258]
  * #variants in cis = 9
  * Best hit: [id=9_internal_10392, d=-263126, pv=0.00307977, s=0.2318]

Processing phenotype [ENSG00000214190.2] [49/258]
  * #variants in cis = 10
  * Best hit: [id=9_internal_7213, d=-635585, pv=0.0679056, s=0.1408]

Processing phenotype [ENSG00000107020.5] [50/258]
  * #variants in cis = 10
  * Best hit: [id=9_internal_7774, d=419697, pv=0.04795, s=-0.1566]

Processing phenotype [ENSG00000120217.9] [51/258]
  * #variants in cis = 10
  * Best hit: [id=9_internal_10392, d=0, pv=0.000121681, s=0.2980]

Processing phenotype [ENSG00000197646.6] [52/258]
  * #variants in cis = 10
  * Best hit: [id=9_internal_7213, d=544016, pv=0.000725493, s=0.2678]

Processing phenotype [ENSG00000231509.1] [53/258]
  * #variants in cis = 10
  * Best hit: [id=9_internal_7774, d=-566309, pv=0.152551, s=-0.1175]

Processing phenotype [ENSG00000107036.7] [54/258]
  * #variants in cis = 9
  * Best hit: [id=9_internal_7213, d=425536, pv=0.0676964, s=0.1457]

Processing phenotype [ENSG00000225408.1] [55/258]
  * #variants in cis = 8
  * Best hit: [id=9_internal_7028, d=-959758, pv=0.0658557, s=0.1513]

Processing phenotype [ENSG00000099219.9] [56/258]
  * #variants in cis = 8
  * Best hit: [id=9_internal_7028, d=-846885, pv=0.132359, s=0.1190]

Processing phenotype [ENSG00000223621.1] [57/258]
  * #variants in cis = 7
  * Best hit: [id=9_internal_8294, d=-211934, pv=0.152357, s=-0.1202]

Processing phenotype [ENSG00000238654.1] [58/258]
  * #variants in cis = 7
  * Best hit: [id=9_internal_8294, d=178210, pv=0.0861334, s=-0.1376]

Processing phenotype [ENSG00000120215.5] [59/258]
  * #variants in cis = 7
  * Best hit: [id=9_internal_8093, d=-965801, pv=0.107538, s=0.1264]

Processing phenotype [ENSG00000183354.7] [60/258]
  * #variants in cis = 8
  * Best hit: [id=9_internal_8598, d=-404033, pv=0.189581, s=0.1042]

Processing phenotype [ENSG00000137040.8] [61/258]
  * #variants in cis = 8
  * Best hit: [id=9_internal_8294, d=-52742, pv=0.0502367, s=0.1612]

Processing phenotype [ENSG00000233846.2] [62/258]
  * #variants in cis = 8
  * Best hit: [id=9_internal_8294, d=-197581, pv=0.160148, s=0.1123]

Processing phenotype [ENSG00000147854.11] [63/258]
  * #variants in cis = 8
  * Best hit: [id=9_internal_7938, d=708015, pv=0.0130902, s=-0.1969]

Processing phenotype [ENSG00000233367.1] [64/258]
  * #variants in cis = 8
  * Best hit: [id=9_internal_8033, d=-470212, pv=0.244768, s=0.0934]

Processing phenotype [ENSG00000215066.3] [65/258]
  * #variants in cis = 8
  * Best hit: [id=9_internal_7213, d=400227, pv=0.0379628, s=0.1674]

Processing phenotype [ENSG00000178445.8] [66/258]
  * #variants in cis = 7
  * Best hit: [id=9_internal_7028, d=-34352, pv=0.0240392, s=0.1712]

Processing phenotype [ENSG00000107077.12] [67/258]
  * #variants in cis = 7
  * Best hit: [id=9_internal_7028, d=0, pv=1.66447e-05, s=0.3270]

Processing phenotype [ENSG00000236563.1] [68/258]
  * #variants in cis = 7
  * Best hit: [id=9_internal_7322, d=131093, pv=0.018655, s=0.1799]

Processing phenotype [ENSG00000230581.2] [69/258]
  * #variants in cis = 7
  * Best hit: [id=9_internal_8598, d=-400683, pv=0.12864, s=0.1197]

Processing phenotype [ENSG00000224972.1] [70/258]
  * #variants in cis = 7
  * Best hit: [id=9_internal_7213, d=-832522, pv=0.00283949, s=0.2363]

Processing phenotype [ENSG00000230207.1] [71/258]
  * #variants in cis = 6
  * Best hit: [id=9_internal_6668, d=-487895, pv=0.106407, s=0.1268]

Processing phenotype [ENSG00000137038.7] [72/258]
  * #variants in cis = 6
  * Best hit: [id=9_internal_10801, d=-70964, pv=0.000248579, s=0.3098]

Processing phenotype [ENSG00000265735.1] [73/258]
  * #variants in cis = 1
  * Best hit: [id=9_internal_8366, d=-583371, pv=0.555899, s=-0.0456]

Processing phenotype [ENSG00000229029.2] [74/258]
  * #variants in cis = 1
  * Best hit: [id=9_internal_9104, d=699143, pv=0.607142, s=0.0425]

Processing phenotype [ENSG00000175893.6] [75/258]
  * #variants in cis = 1
  * Best hit: [id=9_internal_9104, d=-599249, pv=0.541178, s=0.0481]

Processing phenotype [ENSG00000214110.3] [76/258]
  * #variants in cis = 1
  * Best hit: [id=9_internal_9104, d=-370386, pv=0.0904694, s=0.1380]

Processing phenotype [ENSG00000155158.14] [77/258]
  * #variants in cis = 1
  * Best hit: [id=9_internal_9104, d=0, pv=4.32787e-25, s=0.6812]

Processing phenotype [ENSG00000164975.11] [78/258]
  * #variants in cis = 1
  * Best hit: [id=9_internal_9104, d=-111248, pv=0.582037, s=0.0459]

Processing phenotype [ENSG00000251834.1] [79/258]
  * #variants in cis = 1
  * Best hit: [id=9_internal_9104, d=120550, pv=0.432061, s=0.0638]

Processing phenotype [ENSG00000164985.9] [80/258]
  * #variants in cis = 1
  * Best hit: [id=9_internal_9104, d=199563, pv=0.30917, s=0.0827]

Processing phenotype [ENSG00000213362.3] [81/258]
  * #variants in cis = 1
  * Best hit: [id=9_internal_9104, d=216227, pv=0.196253, s=-0.1068]

Processing phenotype [ENSG00000164989.10] [82/258]
  * #variants in cis = 1
  * Best hit: [id=9_internal_9104, d=-241441, pv=0.332225, s=0.0793]

Processing phenotype [ENSG00000044459.9] [83/258]
  * #variants in cis = 1
  * Best hit: [id=9_internal_7977, d=-240667, pv=0.933816, s=0.0065]

Processing phenotype [ENSG00000224488.1] [84/258]
  * #variants in cis = 1
  * Best hit: [id=9_internal_7977, d=554228, pv=0.629526, s=0.0389]

Processing phenotype [ENSG00000155876.4] [85/258]
  * #variants in cis = 4
  * Best hit: [id=9_internal_10364, d=880892, pv=0.201863, s=-0.1056]

Processing phenotype [ENSG00000251733.1] [86/258]
  * #variants in cis = 4
  * Best hit: [id=9_internal_7954, d=-26979, pv=0.141665, s=0.1212]

Processing phenotype [ENSG00000201118.1] [87/258]
  * #variants in cis = 4
  * Best hit: [id=9_internal_7962, d=0, pv=0.112481, s=-0.1289]

Processing phenotype [ENSG00000147874.6] [88/258]
  * #variants in cis = 4
  * Best hit: [id=9_internal_7962, d=0, pv=0.43713, s=0.0580]

Processing phenotype [ENSG00000147872.5] [89/258]
  * #variants in cis = 4
  * Best hit: [id=9_internal_8091, d=0, pv=4.07334e-06, s=0.3369]

Processing phenotype [ENSG00000232176.1] [90/258]
  * #variants in cis = 4
  * Best hit: [id=9_internal_7954, d=57550, pv=0.0157966, s=-0.1962]

Processing phenotype [ENSG00000242215.1] [91/258]
  * #variants in cis = 4
  * Best hit: [id=9_internal_7962, d=-172426, pv=0.317888, s=-0.0767]

Processing phenotype [ENSG00000137145.14] [92/258]
  * #variants in cis = 4
  * Best hit: [id=9_internal_7962, d=-184875, pv=0.149933, s=-0.1118]

Processing phenotype [ENSG00000232978.1] [93/258]
  * #variants in cis = 4
  * Best hit: [id=9_internal_7954, d=149083, pv=0.0502437, s=0.1619]

Processing phenotype [ENSG00000238348.1] [94/258]
  * #variants in cis = 4
  * Best hit: [id=9_internal_7954, d=-167195, pv=0.337242, s=0.0797]

Processing phenotype [ENSG00000137154.8] [95/258]
  * #variants in cis = 4
  * Best hit: [id=9_internal_7962, d=276505, pv=0.283748, s=-0.0822]

Processing phenotype [ENSG00000177076.4] [96/258]
  * #variants in cis = 4
  * Best hit: [id=9_internal_7962, d=-305178, pv=0.469589, s=-0.0574]

Processing phenotype [ENSG00000260912.1] [97/258]
  * #variants in cis = 4
  * Best hit: [id=9_internal_10364, d=477057, pv=0.490793, s=-0.0561]

Processing phenotype [ENSG00000263790.1] [98/258]
  * #variants in cis = 7
  * Best hit: [id=9_internal_7833, d=-666183, pv=0.00841944, s=-0.2119]

Processing phenotype [ENSG00000237088.1] [99/258]
  * #variants in cis = 8
  * Best hit: [id=9_internal_8078, d=447559, pv=0.186047, s=0.1033]

Processing phenotype [ENSG00000171843.11] [100/258]
  * #variants in cis = 8
  * Best hit: [id=9_internal_10364, d=365371, pv=0.0612685, s=0.1521]

Processing phenotype [ENSG00000188352.7] [101/258]
  * #variants in cis = 8
  * Best hit: [id=9_internal_8995, d=63, pv=1.57452e-08, s=0.4480]

Processing phenotype [ENSG00000207609.1] [102/258]
  * #variants in cis = 8
  * Best hit: [id=9_internal_7747, d=764920, pv=0.0144602, s=-0.1957]

Processing phenotype [ENSG00000188921.11] [103/258]
  * #variants in cis = 11
  * Best hit: [id=9_internal_8078, d=0, pv=0.00331178, s=0.2372]

Processing phenotype [ENSG00000226393.1] [104/258]
  * #variants in cis = 10
  * Best hit: [id=9_internal_7589, d=-200478, pv=0.0639998, s=-0.1462]

Processing phenotype [ENSG00000198642.5] [105/258]
  * #variants in cis = 10
  * Best hit: [id=9_internal_7589, d=214558, pv=0.16835, s=0.1105]

Processing phenotype [ENSG00000244230.2] [106/258]
  * #variants in cis = 10
  * Best hit: [id=9_internal_9212, d=113673, pv=0.158599, s=-0.1117]

Processing phenotype [ENSG00000099810.13] [107/258]
  * #variants in cis = 10
  * Best hit: [id=9_internal_8024, d=-22175, pv=2.63654e-11, s=0.4980]

Processing phenotype [ENSG00000264545.1] [108/258]
  * #variants in cis = 10
  * Best hit: [id=9_internal_8024, d=-22268, pv=3.63115e-06, s=0.3456]

Processing phenotype [ENSG00000229298.1] [109/258]
  * #variants in cis = 9
  * Best hit: [id=9_internal_8024, d=31979, pv=0.0137156, s=0.2009]

Processing phenotype [ENSG00000265194.1] [110/258]
  * #variants in cis = 9
  * Best hit: [id=9_internal_8024, d=81558, pv=7.4674e-05, s=0.3109]

Processing phenotype [ENSG00000264801.1] [111/258]
  * #variants in cis = 9
  * Best hit: [id=9_internal_11026, d=0, pv=0.00288129, s=0.2370]

Processing phenotype [ENSG00000240498.2] [112/258]
  * #variants in cis = 9
  * Best hit: [id=9_internal_11026, d=0, pv=7.38427e-06, s=0.3531]

Processing phenotype [ENSG00000147889.12] [113/258]
  * #variants in cis = 9
  * Best hit: [id=9_internal_11026, d=0, pv=0.000178064, s=0.2924]

Processing phenotype [ENSG00000266446.1] [114/258]
  * #variants in cis = 9
  * Best hit: [id=9_internal_11026, d=0, pv=0.253523, s=0.0914]

Processing phenotype [ENSG00000147883.9] [115/258]
  * #variants in cis = 8
  * Best hit: [id=9_internal_9212, d=0, pv=1.23707e-08, s=0.4203]

Processing phenotype [ENSG00000215221.2] [116/258]
  * #variants in cis = 8
  * Best hit: [id=9_internal_7589, d=-891333, pv=0.0634681, s=-0.1483]

Processing phenotype [ENSG00000198680.3] [117/258]
  * #variants in cis = 0

Processing phenotype [ENSG00000232466.1] [118/258]
  * #variants in cis = 3
  * Best hit: [id=9_internal_8111, d=-59510, pv=0.0819983, s=-0.1420]

Processing phenotype [ENSG00000120159.7] [119/258]
  * #variants in cis = 3
  * Best hit: [id=9_internal_8111, d=-47255, pv=0.616121, s=0.0410]

Processing phenotype [ENSG00000096872.11] [120/258]
  * #variants in cis = 3
  * Best hit: [id=9_internal_8111, d=0, pv=0.0593529, s=-0.1471]

Processing phenotype [ENSG00000137055.10] [121/258]
  * #variants in cis = 3
  * Best hit: [id=9_internal_8111, d=0, pv=0.312618, s=0.0813]

Processing phenotype [ENSG00000234676.1] [122/258]
  * #variants in cis = 3
  * Best hit: [id=9_internal_8111, d=0, pv=0.0188436, s=0.1837]

Processing phenotype [ENSG00000184434.7] [123/258]
  * #variants in cis = 3
  * Best hit: [id=9_internal_6698, d=-579240, pv=0.326731, s=0.0733]

Processing phenotype [ENSG00000231459.1] [124/258]
  * #variants in cis = 3
  * Best hit: [id=9_internal_6698, d=-302140, pv=0.275128, s=0.0889]

Processing phenotype [ENSG00000120160.6] [125/258]
  * #variants in cis = 3
  * Best hit: [id=9_internal_8111, d=68807, pv=0.123287, s=-0.1271]

Processing phenotype [ENSG00000227975.1] [126/258]
  * #variants in cis = 3
  * Best hit: [id=9_internal_7514, d=-182436, pv=0.388396, s=0.0695]

Processing phenotype [ENSG00000237734.1] [127/258]
  * #variants in cis = 3
  * Best hit: [id=9_internal_6698, d=193199, pv=0.0128071, s=-0.2021]

Processing phenotype [ENSG00000147896.3] [128/258]
  * #variants in cis = 3
  * Best hit: [id=9_internal_7514, d=37066, pv=0.00924312, s=0.2161]

Processing phenotype [ENSG00000120162.8] [129/258]
  * #variants in cis = 3
  * Best hit: [id=9_internal_6698, d=-55152, pv=0.358444, s=-0.0737]

Processing phenotype [ENSG00000147894.10] [130/258]
  * #variants in cis = 3
  * Best hit: [id=9_internal_7514, d=0, pv=0.00105202, s=0.2482]

Processing phenotype [ENSG00000215210.3] [131/258]
  * #variants in cis = 0

Processing phenotype [ENSG00000122729.12] [132/258]
  * #variants in cis = 3
  * Best hit: [id=9_internal_7124, d=165065, pv=0.181384, s=-0.1040]

Processing phenotype [ENSG00000107201.5] [133/258]
  * #variants in cis = 4
  * Best hit: [id=9_internal_7576, d=-495726, pv=0.396009, s=0.0685]

Processing phenotype [ENSG00000203543.1] [134/258]
  * #variants in cis = 4
  * Best hit: [id=9_internal_7124, d=1802, pv=0.130282, s=0.1175]

Processing phenotype [ENSG00000203542.1] [135/258]
  * #variants in cis = 4
  * Best hit: [id=9_internal_7915, d=-961956, pv=0.235625, s=-0.0944]

Processing phenotype [ENSG00000235453.3] [136/258]
  * #variants in cis = 4
  * Best hit: [id=9_internal_7124, d=0, pv=0.272082, s=0.0883]

Processing phenotype [ENSG00000197579.3] [137/258]
  * #variants in cis = 4
  * Best hit: [id=9_internal_7915, d=-957892, pv=0.0511704, s=0.1543]

Processing phenotype [ENSG00000203659.4] [138/258]
  * #variants in cis = 4
  * Best hit: [id=9_internal_7915, d=957256, pv=0.0915716, s=0.1352]

Processing phenotype [ENSG00000214006.1] [139/258]
  * #variants in cis = 4
  * Best hit: [id=9_internal_7915, d=953539, pv=0.205721, s=0.0957]

Processing phenotype [ENSG00000241043.1] [140/258]
  * #variants in cis = 4
  * Best hit: [id=9_internal_7915, d=943656, pv=0.217368, s=0.1026]

Processing phenotype [ENSG00000232303.2] [141/258]
  * #variants in cis = 4
  * Best hit: [id=9_internal_7915, d=-943319, pv=0.00367174, s=0.2319]

Processing phenotype [ENSG00000165264.6] [142/258]
  * #variants in cis = 4
  * Best hit: [id=9_internal_7915, d=-937283, pv=0.419652, s=-0.0639]

Processing phenotype [ENSG00000122728.6] [143/258]
  * #variants in cis = 4
  * Best hit: [id=9_internal_7571, d=-481048, pv=0.0510584, s=0.1486]

Processing phenotype [ENSG00000256239.1] [144/258]
  * #variants in cis = 4
  * Best hit: [id=9_internal_7571, d=-481048, pv=0.0510584, s=0.1486]

Processing phenotype [ENSG00000237437.1] [145/258]
  * #variants in cis = 7
  * Best hit: [id=9_internal_7124, d=-371704, pv=0.00485404, s=0.2287]

Processing phenotype [ENSG00000236184.1] [146/258]
  * #variants in cis = 7
  * Best hit: [id=9_internal_7983, d=-886610, pv=0.231266, s=0.0954]

Processing phenotype [ENSG00000225693.1] [147/258]
  * #variants in cis = 7
  * Best hit: [id=9_internal_9760, d=-807421, pv=0.0934413, s=-0.1362]

Processing phenotype [ENSG00000137074.13] [148/258]
  * #variants in cis = 7
  * Best hit: [id=9_internal_7915, d=-485277, pv=0.258323, s=0.0893]

Processing phenotype [ENSG00000086061.11] [149/258]
  * #variants in cis = 7
  * Best hit: [id=9_internal_7571, d=91506, pv=0.11048, s=0.1288]

Processing phenotype [ENSG00000222169.1] [150/258]
  * #variants in cis = 7
  * Best hit: [id=9_internal_7983, d=-824797, pv=0.465158, s=-0.0574]

Processing phenotype [ENSG00000122692.7] [151/258]
  * #variants in cis = 7
  * Best hit: [id=9_internal_7124, d=502375, pv=0.312425, s=-0.0768]

Processing phenotype [ENSG00000233554.1] [152/258]
  * #variants in cis = 9
  * Best hit: [id=9_internal_7915, d=343470, pv=0.0199945, s=0.1811]

Processing phenotype [ENSG00000086062.8] [153/258]
  * #variants in cis = 9
  * Best hit: [id=9_internal_6917, d=-995617, pv=0.0688067, s=-0.1417]

Processing phenotype [ENSG00000122711.4] [154/258]
  * #variants in cis = 10
  * Best hit: [id=9_internal_7124, d=-644073, pv=0.306816, s=-0.0823]

Processing phenotype [ENSG00000107262.11] [155/258]
  * #variants in cis = 10
  * Best hit: [id=9_internal_6917, d=-898210, pv=0.0242233, s=0.1828]

Processing phenotype [ENSG00000086065.8] [156/258]
  * #variants in cis = 10
  * Best hit: [id=9_internal_6917, d=898031, pv=0.171932, s=0.1100]

Processing phenotype [ENSG00000086102.14] [157/258]
  * #variants in cis = 10
  * Best hit: [id=9_internal_6972, d=848729, pv=0.0249651, s=-0.1751]

Processing phenotype [ENSG00000165272.9] [158/258]
  * #variants in cis = 10
  * Best hit: [id=9_internal_6917, d=-715362, pv=0.0114416, s=-0.2046]

Processing phenotype [ENSG00000165271.11] [159/258]
  * #variants in cis = 10
  * Best hit: [id=9_internal_7439, d=-705498, pv=0.0113389, s=-0.2055]

Processing phenotype [ENSG00000231991.3] [160/258]
  * #variants in cis = 9
  * Best hit: [id=9_internal_6917, d=538748, pv=0.034027, s=0.1682]

Processing phenotype [ENSG00000237984.2] [161/258]
  * #variants in cis = 10
  * Best hit: [id=9_internal_9760, d=-150087, pv=0.0112561, s=-0.1916]

Processing phenotype [ENSG00000010438.11] [162/258]
  * #variants in cis = 10
  * Best hit: [id=9_internal_6917, d=412456, pv=0.0707826, s=0.1439]

Processing phenotype [ENSG00000107341.4] [163/258]
  * #variants in cis = 10
  * Best hit: [id=9_internal_7508, d=-64649, pv=0.0255737, s=0.1829]

Processing phenotype [ENSG00000200834.1] [164/258]
  * #variants in cis = 10
  * Best hit: [id=9_internal_7576, d=-785561, pv=0.0114756, s=0.1988]

Processing phenotype [ENSG00000251748.1] [165/258]
  * #variants in cis = 10
  * Best hit: [id=9_internal_6917, d=294433, pv=0.163606, s=0.1075]

Processing phenotype [ENSG00000230925.2] [166/258]
  * #variants in cis = 10
  * Best hit: [id=9_internal_7508, d=158204, pv=0.1157, s=0.1254]

Processing phenotype [ENSG00000238300.1] [167/258]
  * #variants in cis = 10
  * Best hit: [id=9_internal_9760, d=0, pv=0.169013, s=-0.1050]

Processing phenotype [ENSG00000238886.1] [168/258]
  * #variants in cis = 10
  * Best hit: [id=9_internal_6917, d=-210123, pv=0.0322813, s=0.1686]

Processing phenotype [ENSG00000226801.2] [169/258]
  * #variants in cis = 10
  * Best hit: [id=9_internal_7571, d=841254, pv=0.0476606, s=-0.1575]

Processing phenotype [ENSG00000235983.1] [170/258]
  * #variants in cis = 10
  * Best hit: [id=9_internal_7508, d=-230727, pv=0.0863593, s=-0.1359]

Processing phenotype [ENSG00000137073.15] [171/258]
  * #variants in cis = 9
  * Best hit: [id=9_internal_6917, d=-114024, pv=0.0774496, s=0.1450]

Processing phenotype [ENSG00000228352.1] [172/258]
  * #variants in cis = 9
  * Best hit: [id=9_internal_6917, d=78641, pv=0.0624316, s=-0.1498]

Processing phenotype [ENSG00000224802.2] [173/258]
  * #variants in cis = 9
  * Best hit: [id=9_internal_7571, d=982704, pv=0.345263, s=0.0753]

Processing phenotype [ENSG00000198876.7] [174/258]
  * #variants in cis = 8
  * Best hit: [id=9_internal_7508, d=374481, pv=0.0213749, s=-0.1831]

Processing phenotype [ENSG00000203513.1] [175/258]
  * #variants in cis = 8
  * Best hit: [id=9_internal_8233, d=475004, pv=0.0983005, s=0.1310]

Processing phenotype [ENSG00000165006.8] [176/258]
  * #variants in cis = 8
  * Best hit: [id=9_internal_7439, d=423, pv=0.00515558, s=0.2212]

Processing phenotype [ENSG00000227383.1] [177/258]
  * #variants in cis = 8
  * Best hit: [id=9_internal_6917, d=-18011, pv=0.0374547, s=0.1692]

Processing phenotype [ENSG00000200141.1] [178/258]
  * #variants in cis = 8
  * Best hit: [id=9_internal_8233, d=-449786, pv=0.0617976, s=0.1521]

Processing phenotype [ENSG00000203512.1] [179/258]
  * #variants in cis = 8
  * Best hit: [id=9_internal_6917, d=-22100, pv=0.0553148, s=0.1534]

Processing phenotype [ENSG00000203511.3] [180/258]
  * #variants in cis = 8
  * Best hit: [id=9_internal_7439, d=0, pv=0.052498, s=0.1618]

Processing phenotype [ENSG00000252164.1] [181/258]
  * #variants in cis = 8
  * Best hit: [id=9_internal_6917, d=32697, pv=0.0240106, s=0.1831]

Processing phenotype [ENSG00000233668.1] [182/258]
  * #variants in cis = 8
  * Best hit: [id=9_internal_7439, d=19093, pv=0.00223453, s=0.2386]

Processing phenotype [ENSG00000186638.10] [183/258]
  * #variants in cis = 8
  * Best hit: [id=9_internal_6972, d=185410, pv=0.217359, s=-0.0957]

Processing phenotype [ENSG00000164978.12] [184/258]
  * #variants in cis = 8
  * Best hit: [id=9_internal_7439, d=-123971, pv=0.0382885, s=-0.1665]

Processing phenotype [ENSG00000164976.7] [185/258]
  * #variants in cis = 8
  * Best hit: [id=9_internal_6917, d=203309, pv=0.0376582, s=0.1648]

Processing phenotype [ENSG00000164972.7] [186/258]
  * #variants in cis = 8
  * Best hit: [id=9_internal_7508, d=644914, pv=0.00948595, s=0.1925]

Processing phenotype [ENSG00000122735.11] [187/258]
  * #variants in cis = 8
  * Best hit: [id=9_internal_7508, d=-704496, pv=0.180646, s=-0.1109]

Processing phenotype [ENSG00000164970.10] [188/258]
  * #variants in cis = 8
  * Best hit: [id=9_internal_8233, d=-186123, pv=8.04241e-05, s=-0.3108]

Processing phenotype [ENSG00000230729.1] [189/258]
  * #variants in cis = 10
  * Best hit: [id=9_internal_7439, d=-315992, pv=0.117546, s=0.1231]

Processing phenotype [ENSG00000168913.6] [190/258]
  * #variants in cis = 11
  * Best hit: [id=9_internal_6972, d=379251, pv=0.0643042, s=-0.1404]

Processing phenotype [ENSG00000164967.5] [191/258]
  * #variants in cis = 11
  * Best hit: [id=9_internal_7845, d=-883314, pv=0.143277, s=0.1147]

Processing phenotype [ENSG00000137100.10] [192/258]
  * #variants in cis = 11
  * Best hit: [id=9_internal_8233, d=-24176, pv=0.0455735, s=-0.1625]

Processing phenotype [ENSG00000147955.11] [193/258]
  * #variants in cis = 11
  * Best hit: [id=9_internal_7439, d=432273, pv=0.237458, s=-0.0953]

Processing phenotype [ENSG00000213930.6] [194/258]
  * #variants in cis = 11
  * Best hit: [id=9_internal_7508, d=-885214, pv=0.228976, s=0.0973]

Processing phenotype [ENSG00000258728.1] [195/258]
  * #variants in cis = 11
  * Best hit: [id=9_internal_7915, d=-968643, pv=0.409435, s=0.0673]

Processing phenotype [ENSG00000137070.12] [196/258]
  * #variants in cis = 11
  * Best hit: [id=9_internal_7915, d=-972700, pv=0.0176737, s=0.1931]

Processing phenotype [ENSG00000213927.3] [197/258]
  * #variants in cis = 11
  * Best hit: [id=9_internal_8233, d=10308, pv=0.0810516, s=-0.1403]

Processing phenotype [ENSG00000230074.1] [198/258]
  * #variants in cis = 11
  * Best hit: [id=9_internal_7508, d=-912746, pv=0.132524, s=-0.1219]

Processing phenotype [ENSG00000261215.1] [199/258]
  * #variants in cis = 11
  * Best hit: [id=9_internal_7439, d=460493, pv=0.159287, s=-0.1120]

Processing phenotype [ENSG00000187186.10] [200/258]
  * #variants in cis = 11
  * Best hit: [id=9_internal_7915, d=988110, pv=0.205158, s=-0.0994]

Processing phenotype [ENSG00000122733.9] [201/258]
  * #variants in cis = 8
  * Best hit: [id=9_internal_6917, d=-783942, pv=0.0827384, s=0.1391]

Processing phenotype [ENSG00000137094.10] [202/258]
  * #variants in cis = 8
  * Best hit: [id=9_internal_8233, d=-335901, pv=0.0376358, s=-0.1691]

Processing phenotype [ENSG00000233148.2] [203/258]
  * #variants in cis = 8
  * Best hit: [id=9_internal_7439, d=-805167, pv=0.0818973, s=0.1420]

Processing phenotype [ENSG00000174038.8] [204/258]
  * #variants in cis = 8
  * Best hit: [id=9_internal_7439, d=-835559, pv=0.21839, s=0.0959]

Processing phenotype [ENSG00000269510.1] [205/258]
  * #variants in cis = 8
  * Best hit: [id=9_internal_8233, d=389087, pv=0.130457, s=0.1150]

Processing phenotype [ENSG00000241568.2] [206/258]
  * #variants in cis = 8
  * Best hit: [id=9_internal_7845, d=446147, pv=0.129574, s=-0.1196]

Processing phenotype [ENSG00000165280.11] [207/258]
  * #variants in cis = 8
  * Best hit: [id=9_internal_7845, d=-422169, pv=0.361829, s=-0.0692]

Processing phenotype [ENSG00000221829.5] [208/258]
  * #variants in cis = 8
  * Best hit: [id=9_internal_6972, d=936225, pv=0.266455, s=-0.0866]

Processing phenotype [ENSG00000234181.1] [209/258]
  * #variants in cis = 8
  * Best hit: [id=9_internal_7981, d=426538, pv=0.11034, s=-0.1276]

Processing phenotype [ENSG00000165282.8] [210/258]
  * #variants in cis = 8
  * Best hit: [id=9_internal_7981, d=-426322, pv=0.0193805, s=-0.1836]

Processing phenotype [ENSG00000165283.10] [211/258]
  * #variants in cis = 8
  * Best hit: [id=9_internal_7845, d=-392261, pv=0.0812828, s=0.1367]

Processing phenotype [ENSG00000005238.13] [212/258]
  * #variants in cis = 8
  * Best hit: [id=9_internal_8233, d=462262, pv=0.0439457, s=-0.1564]

Processing phenotype [ENSG00000198722.8] [213/258]
  * #variants in cis = 8
  * Best hit: [id=9_internal_7845, d=333416, pv=0.000341588, s=0.2740]

Processing phenotype [ENSG00000198853.7] [214/258]
  * #variants in cis = 7
  * Best hit: [id=9_internal_6946, d=15042, pv=1.58335e-07, s=0.3988]

Processing phenotype [ENSG00000235619.1] [215/258]
  * #variants in cis = 7
  * Best hit: [id=9_internal_7607, d=870101, pv=0.0949499, s=-0.1368]

Processing phenotype [ENSG00000215187.5] [216/258]
  * #variants in cis = 7
  * Best hit: [id=9_internal_6946, d=22718, pv=0.0107468, s=0.2033]

Processing phenotype [ENSG00000107140.10] [217/258]
  * #variants in cis = 7
  * Best hit: [id=9_internal_7699, d=529474, pv=0.0230507, s=0.1752]

Processing phenotype [ENSG00000231393.1] [218/258]
  * #variants in cis = 7
  * Best hit: [id=9_internal_6946, d=-101333, pv=0.342297, s=-0.0734]

Processing phenotype [ENSG00000227933.1] [219/258]
  * #variants in cis = 7
  * Best hit: [id=9_internal_6946, d=-105089, pv=0.204797, s=-0.0998]

Processing phenotype [ENSG00000137101.7] [220/258]
  * #variants in cis = 7
  * Best hit: [id=9_internal_7607, d=-730855, pv=0.0774046, s=-0.1333]

Processing phenotype [ENSG00000137078.4] [221/258]
  * #variants in cis = 7
  * Best hit: [id=9_internal_7981, d=118853, pv=0.255422, s=0.0926]

Processing phenotype [ENSG00000199916.1] [222/258]
  * #variants in cis = 6
  * Best hit: [id=9_internal_7981, d=125930, pv=0.129814, s=-0.1136]

Processing phenotype [ENSG00000159884.7] [223/258]
  * #variants in cis = 6
  * Best hit: [id=9_internal_7845, d=-138294, pv=0.00214833, s=0.2259]

Processing phenotype [ENSG00000137135.12] [224/258]
  * #variants in cis = 6
  * Best hit: [id=9_internal_7845, d=155856, pv=0.0764311, s=0.1326]

Processing phenotype [ENSG00000198467.7] [225/258]
  * #variants in cis = 6
  * Best hit: [id=9_internal_8535, d=-137337, pv=0.0854812, s=-0.1374]

Processing phenotype [ENSG00000107175.6] [226/258]
  * #variants in cis = 6
  * Best hit: [id=9_internal_7845, d=-212325, pv=0.0894372, s=0.1383]

Processing phenotype [ENSG00000137076.12] [227/258]
  * #variants in cis = 6
  * Best hit: [id=9_internal_7981, d=200308, pv=0.24539, s=-0.0892]

Processing phenotype [ENSG00000107185.8] [228/258]
  * #variants in cis = 6
  * Best hit: [id=9_internal_8535, d=79151, pv=0.213291, s=-0.1007]

Processing phenotype [ENSG00000070610.10] [229/258]
  * #variants in cis = 6
  * Best hit: [id=9_internal_8535, d=-78371, pv=0.369424, s=0.0724]

Processing phenotype [ENSG00000215183.4] [230/258]
  * #variants in cis = 6
  * Best hit: [id=9_internal_7607, d=-621052, pv=0.273578, s=0.0877]

Processing phenotype [ENSG00000228843.1] [231/258]
  * #variants in cis = 6
  * Best hit: [id=9_internal_8535, d=-70417, pv=0.18159, s=-0.1084]

Processing phenotype [ENSG00000227388.2] [232/258]
  * #variants in cis = 6
  * Best hit: [id=9_internal_7699, d=362681, pv=0.231802, s=0.0949]

Processing phenotype [ENSG00000159899.10] [233/258]
  * #variants in cis = 6
  * Best hit: [id=9_internal_7607, d=585511, pv=0.232227, s=0.0965]

Processing phenotype [ENSG00000137098.9] [234/258]
  * #variants in cis = 6
  * Best hit: [id=9_internal_7845, d=292262, pv=0.0435339, s=0.1655]

Processing phenotype [ENSG00000137103.11] [235/258]
  * #variants in cis = 6
  * Best hit: [id=9_internal_8535, d=13906, pv=4.68246e-10, s=0.4554]

Processing phenotype [ENSG00000137133.5] [236/258]
  * #variants in cis = 6
  * Best hit: [id=9_internal_7699, d=-319490, pv=0.0191378, s=-0.1802]

Processing phenotype [ENSG00000204930.5] [237/258]
  * #variants in cis = 6
  * Best hit: [id=9_internal_8535, d=0, pv=0.000204728, s=0.2842]

Processing phenotype [ENSG00000236083.1] [238/258]
  * #variants in cis = 6
  * Best hit: [id=9_internal_8535, d=12204, pv=0.0127935, s=0.1923]

Processing phenotype [ENSG00000213866.3] [239/258]
  * #variants in cis = 6
  * Best hit: [id=9_internal_7845, d=452308, pv=0.0856197, s=-0.1391]

Processing phenotype [ENSG00000122707.7] [240/258]
  * #variants in cis = 6
  * Best hit: [id=9_internal_7845, d=-516423, pv=0.293455, s=0.0852]

Processing phenotype [ENSG00000122694.10] [241/258]
  * #variants in cis = 6
  * Best hit: [id=9_internal_7699, d=0, pv=0.178616, s=0.1065]

Processing phenotype [ENSG00000185972.4] [242/258]
  * #variants in cis = 7
  * Best hit: [id=9_internal_7981, d=-637305, pv=0.0993959, s=0.1294]

Processing phenotype [ENSG00000122705.10] [243/258]
  * #variants in cis = 7
  * Best hit: [id=9_internal_7607, d=186809, pv=0.111672, s=-0.1205]

Processing phenotype [ENSG00000159921.9] [244/258]
  * #variants in cis = 7
  * Best hit: [id=9_internal_7607, d=-100609, pv=0.32036, s=0.0780]

Processing phenotype [ENSG00000215283.3] [245/258]
  * #variants in cis = 7
  * Best hit: [id=9_internal_6946, d=763743, pv=0.136676, s=0.1167]

Processing phenotype [ENSG00000224304.1] [246/258]
  * #variants in cis = 7
  * Best hit: [id=9_internal_7699, d=173133, pv=0.170432, s=0.1142]

Processing phenotype [ENSG00000137075.12] [247/258]
  * #variants in cis = 8
  * Best hit: [id=9_internal_7823, d=-654949, pv=0.0184487, s=0.1886]

Processing phenotype [ENSG00000165304.3] [248/258]
  * #variants in cis = 5
  * Best hit: [id=9_internal_7541, d=765405, pv=0.297725, s=-0.0858]

Processing phenotype [ENSG00000196092.8] [249/258]
  * #variants in cis = 9
  * Best hit: [id=9_internal_7541, d=-304161, pv=0.054874, s=0.1492]

Processing phenotype [ENSG00000233137.2] [250/258]
  * #variants in cis = 9
  * Best hit: [id=9_internal_7541, d=258371, pv=0.0154755, s=0.1932]

Processing phenotype [ENSG00000147905.12] [251/258]
  * #variants in cis = 9
  * Best hit: [id=9_internal_7823, d=21958, pv=0.0104164, s=0.2034]

Processing phenotype [ENSG00000200502.1] [252/258]
  * #variants in cis = 9
  * Best hit: [id=9_internal_6839, d=621714, pv=0.0569112, s=-0.1525]

Processing phenotype [ENSG00000228292.1] [253/258]
  * #variants in cis = 8
  * Best hit: [id=9_internal_9679, d=-578312, pv=0.00909339, s=-0.2077]

Processing phenotype [ENSG00000206784.1] [254/258]
  * #variants in cis = 8
  * Best hit: [id=9_internal_6839, d=459592, pv=0.0170451, s=0.1972]

Processing phenotype [ENSG00000137106.12] [255/258]
  * #variants in cis = 7
  * Best hit: [id=9_internal_7821, d=503297, pv=0.239723, s=-0.0926]

Processing phenotype [ENSG00000250559.1] [256/258]
  * #variants in cis = 7
  * Best hit: [id=9_internal_8850, d=575567, pv=0.269243, s=0.0843]

Processing phenotype [ENSG00000236156.2] [257/258]
  * #variants in cis = 7
  * Best hit: [id=9_internal_7821, d=491786, pv=0.381965, s=-0.0724]

Processing phenotype [ENSG00000264255.1] [258/258]
  * #variants in cis = 7
  * Best hit: [id=9_internal_6839, d=-322142, pv=0.21203, s=0.1009]

Running time: 1 seconds
