Sender: LSF System <lsfadmin@cpt03>
Subject: Job 974626: </data/unige/funpopgen/odelanea/SGX/V2/binaries/qtltools/bin/QTLtools cis --vcf /data/unige/funpopgen/grey2/SYSCID/BLUEPRINT_DATA/CRD/THREE_CELL_TYPES/CLOMICS/CELL_TYPE_COMPARISON_GENE_CRD_ASSOCIATIONS/quantify/72_vs_70_ALL.ALLchr.mean.txt.gz --bed /data/unige/funpopgen/grey2/SYSCID/BLUEPRINT_DATA/CRD/THREE_CELL_TYPES/QTL_TOOLS/EGAD00001002674_v3.0/EGAD00001002674_RNA.PC10.bed.gz --nominal /data/unige/funpopgen/grey2/SYSCID/BLUEPRINT_DATA/CRD/THREE_CELL_TYPES/CLOMICS/CELL_TYPE_COMPARISON_GENE_CRD_ASSOCIATIONS/mapping_aCRD_gene/72_vs_70/gene_CRD_mean_permutations.thresholds.txt --chunk 5 100 --out /data/unige/funpopgen/grey2/SYSCID/BLUEPRINT_DATA/CRD/THREE_CELL_TYPES/CLOMICS/CELL_TYPE_COMPARISON_GENE_CRD_ASSOCIATIONS/mapping_aCRD_gene/72_vs_70/mapping_gene_CRD_mean_chunk5\.txt> in cluster <ug> Done

Job </data/unige/funpopgen/odelanea/SGX/V2/binaries/qtltools/bin/QTLtools cis --vcf /data/unige/funpopgen/grey2/SYSCID/BLUEPRINT_DATA/CRD/THREE_CELL_TYPES/CLOMICS/CELL_TYPE_COMPARISON_GENE_CRD_ASSOCIATIONS/quantify/72_vs_70_ALL.ALLchr.mean.txt.gz --bed /data/unige/funpopgen/grey2/SYSCID/BLUEPRINT_DATA/CRD/THREE_CELL_TYPES/QTL_TOOLS/EGAD00001002674_v3.0/EGAD00001002674_RNA.PC10.bed.gz --nominal /data/unige/funpopgen/grey2/SYSCID/BLUEPRINT_DATA/CRD/THREE_CELL_TYPES/CLOMICS/CELL_TYPE_COMPARISON_GENE_CRD_ASSOCIATIONS/mapping_aCRD_gene/72_vs_70/gene_CRD_mean_permutations.thresholds.txt --chunk 5 100 --out /data/unige/funpopgen/grey2/SYSCID/BLUEPRINT_DATA/CRD/THREE_CELL_TYPES/CLOMICS/CELL_TYPE_COMPARISON_GENE_CRD_ASSOCIATIONS/mapping_aCRD_gene/72_vs_70/mapping_gene_CRD_mean_chunk5\.txt> was submitted from host <cpt01> by user <grey2> in cluster <ug>.
Job was executed on host(s) <cpt03>, in queue <normal>, as user <grey2> in cluster <ug>.
</home/grey2> was used as the home directory.
</data/unige/funpopgen/grey2/SYSCID/BLUEPRINT_DATA/CRD/THREE_CELL_TYPES/CLOMICS/CELL_TYPE_COMPARISON_GENE_CRD_ASSOCIATIONS> was used as the working directory.
Started at Thu Mar 21 13:46:49 2019
Results reported at Thu Mar 21 13:46:53 2019

Your job looked like:

------------------------------------------------------------
# LSBATCH: User input
/data/unige/funpopgen/odelanea/SGX/V2/binaries/qtltools/bin/QTLtools cis --vcf /data/unige/funpopgen/grey2/SYSCID/BLUEPRINT_DATA/CRD/THREE_CELL_TYPES/CLOMICS/CELL_TYPE_COMPARISON_GENE_CRD_ASSOCIATIONS/quantify/72_vs_70_ALL.ALLchr.mean.txt.gz --bed /data/unige/funpopgen/grey2/SYSCID/BLUEPRINT_DATA/CRD/THREE_CELL_TYPES/QTL_TOOLS/EGAD00001002674_v3.0/EGAD00001002674_RNA.PC10.bed.gz --nominal /data/unige/funpopgen/grey2/SYSCID/BLUEPRINT_DATA/CRD/THREE_CELL_TYPES/CLOMICS/CELL_TYPE_COMPARISON_GENE_CRD_ASSOCIATIONS/mapping_aCRD_gene/72_vs_70/gene_CRD_mean_permutations.thresholds.txt --chunk 5 100 --out /data/unige/funpopgen/grey2/SYSCID/BLUEPRINT_DATA/CRD/THREE_CELL_TYPES/CLOMICS/CELL_TYPE_COMPARISON_GENE_CRD_ASSOCIATIONS/mapping_aCRD_gene/72_vs_70/mapping_gene_CRD_mean_chunk5\.txt

------------------------------------------------------------

Successfully completed.

Resource usage summary:

    CPU time :               1.58 sec.
    Max Memory :             3.11 MB
    Average Memory :         3.11 MB
    Total Requested Memory : -
    Delta Memory :           -
    (Delta: the difference between total requested memory and actual max usage.)
    Max Swap :               31 MB

    Max Processes :          1
    Max Threads :            1

The output (if any) follows:


[32mQTLtools[0m
  * Authors : Olivier DELANEAU / Halit ONGEN / Emmanouil DERMITZAKIS
  * Contact : olivier.delaneau@gmail.com / halit.ongen@unige.ch / Emmanouil.Dermitzakis@unige.ch
  * Webpage : https://qtltools.github.io/qtltools/
  * Version : 1.1
  * Date    : 21/03/2019 - 13:46:51
  * Citation: A complete tool set for molecular QTL discovery and analysis, https://doi.org/10.1101/068635

[32mMAPPING QTL IN CIS[0m
  * TASK: Report all nominal associations with p below thresholds in [/data/unige/funpopgen/grey2/SYSCID/BLUEPRINT_DATA/CRD/THREE_CELL_TYPES/CLOMICS/CELL_TYPE_COMPARISON_GENE_CRD_ASSOCIATIONS/mapping_aCRD_gene/72_vs_70/gene_CRD_mean_permutations.thresholds.txt]
  * Linear model: Phe ~ Var
  * Cis-window size is 1000000 bp
  * Chunk = [5/100]

Scanning phenotype data in [/data/unige/funpopgen/grey2/SYSCID/BLUEPRINT_DATA/CRD/THREE_CELL_TYPES/QTL_TOOLS/EGAD00001002674_v3.0/EGAD00001002674_RNA.PC10.bed.gz]
  * 26159 phenotypes included
  * 13004 phenotypes are on the negative strand

Initialize random number generator
  * Built-in seed is 15112011
  * First Integer = 30554
  * First Double = 0.0126695

Reading sample list from [/data/unige/funpopgen/grey2/SYSCID/BLUEPRINT_DATA/CRD/THREE_CELL_TYPES/QTL_TOOLS/EGAD00001002674_v3.0/EGAD00001002674_RNA.PC10.bed.gz]
  * #samples = 194

Reading sample list from [/data/unige/funpopgen/grey2/SYSCID/BLUEPRINT_DATA/CRD/THREE_CELL_TYPES/CLOMICS/CELL_TYPE_COMPARISON_GENE_CRD_ASSOCIATIONS/quantify/72_vs_70_ALL.ALLchr.mean.txt.gz]
  * #samples = 160

Merging sample sets from all input files
  * #files = 2
  * #samples in all files = 158
  * #samples NOT in all files (i.e. ignored) = 38

Reading phenotype data in [/data/unige/funpopgen/grey2/SYSCID/BLUEPRINT_DATA/CRD/THREE_CELL_TYPES/QTL_TOOLS/EGAD00001002674_v3.0/EGAD00001002674_RNA.PC10.bed.gz]
  * target region [13:19801572-48894611]
  * 226 phenotypes included
  * 120 phenotypes are on the negative strand

Reading genotype data in [/data/unige/funpopgen/grey2/SYSCID/BLUEPRINT_DATA/CRD/THREE_CELL_TYPES/CLOMICS/CELL_TYPE_COMPARISON_GENE_CRD_ASSOCIATIONS/quantify/72_vs_70_ALL.ALLchr.mean.txt.gz]
  * File format detected: BED
  * 158 samples included
  * 4 samples without phenotype data
  * target region [13:18801572-49894611]
  * 104 variants included

Reading nominal thresholds in [/data/unige/funpopgen/grey2/SYSCID/BLUEPRINT_DATA/CRD/THREE_CELL_TYPES/CLOMICS/CELL_TYPE_COMPARISON_GENE_CRD_ASSOCIATIONS/mapping_aCRD_gene/72_vs_70/gene_CRD_mean_permutations.thresholds.txt]
  * #phenotypes set = 226

Processing phenotype [ENSG00000227879.2] [1/226]
  * #variants in cis = 5
  * Best hit: [id=13_internal_4902, d=-875397, pv=0.239766, s=0.0950]

Processing phenotype [ENSG00000224976.2] [2/226]
  * #variants in cis = 5
  * Best hit: [id=13_internal_5443, d=821112, pv=0.0626943, s=-0.1488]

Processing phenotype [ENSG00000196199.8] [3/226]
  * #variants in cis = 7
  * Best hit: [id=13_internal_5286, d=848330, pv=0.0144355, s=-0.1992]

Processing phenotype [ENSG00000257110.1] [4/226]
  * #variants in cis = 7
  * Best hit: [id=13_internal_4567, d=-822326, pv=0.436201, s=-0.0624]

Processing phenotype [ENSG00000226352.2] [5/226]
  * #variants in cis = 7
  * Best hit: [id=13_internal_5557, d=538297, pv=0.0338905, s=0.1699]

Processing phenotype [ENSG00000237644.1] [6/226]
  * #variants in cis = 7
  * Best hit: [id=13_internal_5286, d=803288, pv=0.454628, s=0.0601]

Processing phenotype [ENSG00000269591.1] [7/226]
  * #variants in cis = 7
  * Best hit: [id=13_internal_5286, d=787571, pv=0.285082, s=0.0857]

Processing phenotype [ENSG00000265624.1] [8/226]
  * #variants in cis = 7
  * Best hit: [id=13_internal_4567, d=-758129, pv=0.0183589, s=-0.1859]

Processing phenotype [ENSG00000121390.13] [9/226]
  * #variants in cis = 7
  * Best hit: [id=13_internal_4567, d=-712381, pv=0.225428, s=-0.0980]

Processing phenotype [ENSG00000233469.1] [10/226]
  * #variants in cis = 7
  * Best hit: [id=13_internal_5286, d=-663359, pv=0.397539, s=-0.0668]

Processing phenotype [ENSG00000223576.1] [11/226]
  * #variants in cis = 7
  * Best hit: [id=13_internal_4567, d=652247, pv=0.121961, s=-0.1259]

Processing phenotype [ENSG00000132950.14] [12/226]
  * #variants in cis = 7
  * Best hit: [id=13_internal_5443, d=-306613, pv=0.037564, s=0.1694]

Processing phenotype [ENSG00000121741.10] [13/226]
  * #variants in cis = 9
  * Best hit: [id=13_internal_4902, d=144159, pv=0.00149478, s=0.2564]

Processing phenotype [ENSG00000237672.1] [14/226]
  * #variants in cis = 10
  * Best hit: [id=13_internal_4284, d=-46201, pv=0.0374771, s=0.1729]

Processing phenotype [ENSG00000230625.1] [15/226]
  * #variants in cis = 10
  * Best hit: [id=13_internal_5443, d=92724, pv=0.0455187, s=0.1575]

Processing phenotype [ENSG00000165474.5] [16/226]
  * #variants in cis = 10
  * Best hit: [id=13_internal_5557, d=-20024, pv=5.59226e-06, s=0.3355]

Processing phenotype [ENSG00000121742.11] [17/226]
  * #variants in cis = 10
  * Best hit: [id=13_internal_4902, d=34374, pv=0.0100472, s=0.1949]

Processing phenotype [ENSG00000165475.9] [18/226]
  * #variants in cis = 13
  * Best hit: [id=13_internal_5286, d=0, pv=0.000374871, s=0.2713]

Processing phenotype [ENSG00000032742.13] [19/226]
  * #variants in cis = 13
  * Best hit: [id=13_internal_5286, d=-39162, pv=0.0162613, s=0.1918]

Processing phenotype [ENSG00000238286.1] [20/226]
  * #variants in cis = 14
  * Best hit: [id=13_internal_3858, d=-644799, pv=0.0130997, s=0.1965]

Processing phenotype [ENSG00000222726.1] [21/226]
  * #variants in cis = 14
  * Best hit: [id=13_internal_4180, d=330472, pv=0.14223, s=-0.1158]

Processing phenotype [ENSG00000172458.4] [22/226]
  * #variants in cis = 14
  * Best hit: [id=13_internal_5443, d=-224318, pv=0.114983, s=-0.1250]

Processing phenotype [ENSG00000150456.5] [23/226]
  * #variants in cis = 14
  * Best hit: [id=13_internal_3752, d=-567940, pv=0.066486, s=0.1422]

Processing phenotype [ENSG00000132953.12] [24/226]
  * #variants in cis = 14
  * Best hit: [id=13_internal_5286, d=375764, pv=0.044053, s=0.1560]

Processing phenotype [ENSG00000213621.3] [25/226]
  * #variants in cis = 14
  * Best hit: [id=13_internal_4567, d=-458750, pv=0.0276602, s=-0.1712]

Processing phenotype [ENSG00000251902.1] [26/226]
  * #variants in cis = 13
  * Best hit: [id=13_internal_4902, d=801446, pv=0.152642, s=-0.1120]

Processing phenotype [ENSG00000233851.1] [27/226]
  * #variants in cis = 13
  * Best hit: [id=13_internal_4902, d=-807136, pv=0.0695094, s=-0.1428]

Processing phenotype [ENSG00000201821.1] [28/226]
  * #variants in cis = 13
  * Best hit: [id=13_internal_5283, d=-559930, pv=0.123654, s=-0.1248]

Processing phenotype [ENSG00000150457.6] [29/226]
  * #variants in cis = 13
  * Best hit: [id=13_internal_5283, d=-537018, pv=0.0852823, s=-0.1340]

Processing phenotype [ENSG00000252128.1] [30/226]
  * #variants in cis = 12
  * Best hit: [id=13_internal_5283, d=-458640, pv=0.191637, s=0.1081]

Processing phenotype [ENSG00000150459.6] [31/226]
  * #variants in cis = 12
  * Best hit: [id=13_internal_3752, d=201384, pv=0.00814241, s=0.2092]

Processing phenotype [ENSG00000263607.1] [32/226]
  * #variants in cis = 12
  * Best hit: [id=13_internal_5501, d=61381, pv=0.092921, s=0.1388]

Processing phenotype [ENSG00000165480.11] [33/226]
  * #variants in cis = 12
  * Best hit: [id=13_internal_4902, d=978581, pv=0.109245, s=0.1319]

Processing phenotype [ENSG00000173141.4] [34/226]
  * #variants in cis = 12
  * Best hit: [id=13_internal_5557, d=-697902, pv=0.0322406, s=0.1724]

Processing phenotype [ENSG00000244054.1] [35/226]
  * #variants in cis = 11
  * Best hit: [id=13_internal_3752, d=43759, pv=0.00807829, s=0.2069]

Processing phenotype [ENSG00000233325.2] [36/226]
  * #variants in cis = 11
  * Best hit: [id=13_internal_4660, d=0, pv=0.00190406, s=0.2395]

Processing phenotype [ENSG00000215571.4] [37/226]
  * #variants in cis = 11
  * Best hit: [id=13_internal_3752, d=22806, pv=0.00013365, s=0.2901]

Processing phenotype [ENSG00000224429.1] [38/226]
  * #variants in cis = 11
  * Best hit: [id=13_internal_3752, d=0, pv=1.62851e-17, s=0.5954]

Processing phenotype [ENSG00000235076.2] [39/226]
  * #variants in cis = 11
  * Best hit: [id=13_internal_5782, d=18698, pv=0.00328831, s=0.2470]

Processing phenotype [ENSG00000215570.2] [40/226]
  * #variants in cis = 11
  * Best hit: [id=13_internal_5782, d=-1860, pv=2.04307e-08, s=0.4186]

Processing phenotype [ENSG00000236953.1] [41/226]
  * #variants in cis = 11
  * Best hit: [id=13_internal_5782, d=0, pv=0.0624617, s=0.1509]

Processing phenotype [ENSG00000180776.11] [42/226]
  * #variants in cis = 11
  * Best hit: [id=13_internal_5782, d=0, pv=1.37757e-07, s=0.4061]

Processing phenotype [ENSG00000238878.1] [43/226]
  * #variants in cis = 7
  * Best hit: [id=13_internal_5610, d=455719, pv=0.207005, s=0.1040]

Processing phenotype [ENSG00000230022.1] [44/226]
  * #variants in cis = 7
  * Best hit: [id=13_internal_5283, d=67907, pv=0.114972, s=0.1227]

Processing phenotype [ENSG00000207518.1] [45/226]
  * #variants in cis = 7
  * Best hit: [id=13_internal_4180, d=590063, pv=0.16363, s=0.1152]

Processing phenotype [ENSG00000165487.8] [46/226]
  * #variants in cis = 7
  * Best hit: [id=13_internal_5283, d=0, pv=0.019988, s=0.1880]

Processing phenotype [ENSG00000226525.4] [47/226]
  * #variants in cis = 7
  * Best hit: [id=13_internal_3752, d=279368, pv=0.0207667, s=-0.1812]

Processing phenotype [ENSG00000102678.6] [48/226]
  * #variants in cis = 7
  * Best hit: [id=13_internal_5283, d=0, pv=0.00121957, s=0.2516]

Processing phenotype [ENSG00000232163.2] [49/226]
  * #variants in cis = 3
  * Best hit: [id=13_internal_4652, d=547833, pv=0.290302, s=0.0861]

Processing phenotype [ENSG00000151835.9] [50/226]
  * #variants in cis = 3
  * Best hit: [id=13_internal_4652, d=-487554, pv=0.0444748, s=0.1575]

Processing phenotype [ENSG00000027001.7] [51/226]
  * #variants in cis = 5
  * Best hit: [id=13_internal_4652, d=-31837, pv=0.202668, s=0.1017]

Processing phenotype [ENSG00000182957.9] [52/226]
  * #variants in cis = 5
  * Best hit: [id=13_internal_5840, d=25653, pv=6.99632e-08, s=0.4114]

Processing phenotype [ENSG00000227213.1] [53/226]
  * #variants in cis = 5
  * Best hit: [id=13_internal_4652, d=273711, pv=0.17748, s=0.1101]

Processing phenotype [ENSG00000240654.1] [54/226]
  * #variants in cis = 6
  * Best hit: [id=13_internal_5840, d=-16554, pv=0.026167, s=0.1729]

Processing phenotype [ENSG00000238179.1] [55/226]
  * #variants in cis = 6
  * Best hit: [id=13_internal_4963, d=-782525, pv=0.216868, s=0.0969]

Processing phenotype [ENSG00000102699.5] [56/226]
  * #variants in cis = 6
  * Best hit: [id=13_internal_4808, d=-157894, pv=0.184598, s=0.1072]

Processing phenotype [ENSG00000151849.10] [57/226]
  * #variants in cis = 5
  * Best hit: [id=13_internal_4652, d=942152, pv=0.297349, s=-0.0856]

Processing phenotype [ENSG00000253771.1] [58/226]
  * #variants in cis = 5
  * Best hit: [id=13_internal_5840, d=677875, pv=0.429177, s=0.0638]

Processing phenotype [ENSG00000151846.6] [59/226]
  * #variants in cis = 4
  * Best hit: [id=13_internal_4808, d=-385669, pv=0.150892, s=-0.1128]

Processing phenotype [ENSG00000221324.1] [60/226]
  * #variants in cis = 4
  * Best hit: [id=13_internal_3967, d=38894, pv=0.00569746, s=0.2226]

Processing phenotype [ENSG00000139505.10] [61/226]
  * #variants in cis = 4
  * Best hit: [id=13_internal_3967, d=0, pv=0.00152003, s=0.2434]

Processing phenotype [ENSG00000260509.1] [62/226]
  * #variants in cis = 3
  * Best hit: [id=13_internal_4282, d=-551845, pv=0.000266733, s=0.2805]

Processing phenotype [ENSG00000139496.11] [63/226]
  * #variants in cis = 3
  * Best hit: [id=13_internal_4282, d=-553245, pv=0.00912458, s=0.2052]

Processing phenotype [ENSG00000127870.12] [64/226]
  * #variants in cis = 4
  * Best hit: [id=13_internal_4272, d=-783706, pv=0.0736709, s=-0.1470]

Processing phenotype [ENSG00000132964.6] [65/226]
  * #variants in cis = 5
  * Best hit: [id=13_internal_4009, d=466581, pv=0.0218269, s=0.1768]

Processing phenotype [ENSG00000132970.8] [66/226]
  * #variants in cis = 6
  * Best hit: [id=13_internal_4272, d=448657, pv=0.0338654, s=0.1696]

Processing phenotype [ENSG00000232162.1] [67/226]
  * #variants in cis = 12
  * Best hit: [id=13_internal_5359, d=237641, pv=0.0292834, s=-0.1647]

Processing phenotype [ENSG00000152484.9] [68/226]
  * #variants in cis = 12
  * Best hit: [id=13_internal_4009, d=384920, pv=0.0361603, s=-0.1680]

Processing phenotype [ENSG00000230641.1] [69/226]
  * #variants in cis = 12
  * Best hit: [id=13_internal_4620, d=787638, pv=0.156584, s=0.1117]

Processing phenotype [ENSG00000234772.1] [70/226]
  * #variants in cis = 12
  * Best hit: [id=13_internal_4506, d=-14940, pv=0.0927059, s=0.1370]

Processing phenotype [ENSG00000122026.6] [71/226]
  * #variants in cis = 12
  * Best hit: [id=13_internal_4506, d=442, pv=0.00492907, s=0.2126]

Processing phenotype [ENSG00000207500.1] [72/226]
  * #variants in cis = 12
  * Best hit: [id=13_internal_5359, d=145432, pv=0.0853911, s=-0.1371]

Processing phenotype [ENSG00000207051.1] [73/226]
  * #variants in cis = 12
  * Best hit: [id=13_internal_5407, d=167908, pv=0.0047795, s=0.2225]

Processing phenotype [ENSG00000122035.6] [74/226]
  * #variants in cis = 12
  * Best hit: [id=13_internal_4506, d=0, pv=4.57175e-12, s=0.5048]

Processing phenotype [ENSG00000122034.8] [75/226]
  * #variants in cis = 14
  * Best hit: [id=13_internal_5035, d=948453, pv=0.00139106, s=0.2486]

Processing phenotype [ENSG00000203602.1] [76/226]
  * #variants in cis = 14
  * Best hit: [id=13_internal_4506, d=122246, pv=0.0167475, s=-0.1875]

Processing phenotype [ENSG00000122033.9] [77/226]
  * #variants in cis = 14
  * Best hit: [id=13_internal_6135, d=-878812, pv=0.0348853, s=-0.1681]

Processing phenotype [ENSG00000139517.6] [78/226]
  * #variants in cis = 14
  * Best hit: [id=13_internal_4009, d=833428, pv=0.0167617, s=-0.1932]

Processing phenotype [ENSG00000186184.11] [79/226]
  * #variants in cis = 14
  * Best hit: [id=13_internal_4604, d=-325355, pv=0.0305091, s=0.1698]

Processing phenotype [ENSG00000180389.6] [80/226]
  * #variants in cis = 14
  * Best hit: [id=13_internal_5045, d=0, pv=0.0962052, s=-0.1363]

Processing phenotype [ENSG00000122025.10] [81/226]
  * #variants in cis = 13
  * Best hit: [id=13_internal_5122, d=0, pv=1.67724e-06, s=0.3742]

Processing phenotype [ENSG00000261485.1] [82/226]
  * #variants in cis = 13
  * Best hit: [id=13_internal_4604, d=842782, pv=0.0361236, s=0.1578]

Processing phenotype [ENSG00000152520.9] [83/226]
  * #variants in cis = 13
  * Best hit: [id=13_internal_5359, d=-699415, pv=8.12586e-05, s=0.3158]

Processing phenotype [ENSG00000232587.1] [84/226]
  * #variants in cis = 13
  * Best hit: [id=13_internal_4620, d=-243028, pv=0.00983677, s=-0.2113]

Processing phenotype [ENSG00000200840.1] [85/226]
  * #variants in cis = 13
  * Best hit: [id=13_internal_4506, d=-920132, pv=0.0571472, s=-0.1503]

Processing phenotype [ENSG00000102755.6] [86/226]
  * #variants in cis = 9
  * Best hit: [id=13_internal_4348, d=330725, pv=0.179699, s=0.1081]

Processing phenotype [ENSG00000235472.1] [87/226]
  * #variants in cis = 8
  * Best hit: [id=13_internal_4091, d=-629191, pv=0.235419, s=-0.0942]

Processing phenotype [ENSG00000132963.7] [88/226]
  * #variants in cis = 8
  * Best hit: [id=13_internal_4620, d=-687619, pv=0.0489761, s=0.1597]

Processing phenotype [ENSG00000139508.10] [89/226]
  * #variants in cis = 8
  * Best hit: [id=13_internal_4620, d=747485, pv=0.0138002, s=0.1988]

Processing phenotype [ENSG00000132938.14] [90/226]
  * #variants in cis = 8
  * Best hit: [id=13_internal_4348, d=-860208, pv=0.0940772, s=0.1340]

Processing phenotype [ENSG00000139514.8] [91/226]
  * #variants in cis = 9
  * Best hit: [id=13_internal_5823, d=-203247, pv=0.0107364, s=0.2089]

Processing phenotype [ENSG00000122042.9] [92/226]
  * #variants in cis = 11
  * Best hit: [id=13_internal_5679, d=-604248, pv=0.0858696, s=-0.1353]

Processing phenotype [ENSG00000102781.9] [93/226]
  * #variants in cis = 13
  * Best hit: [id=13_internal_4324, d=-37649, pv=0.000199848, s=0.2976]

Processing phenotype [ENSG00000238121.1] [94/226]
  * #variants in cis = 13
  * Best hit: [id=13_internal_3916, d=-439210, pv=0.0360393, s=0.1663]

Processing phenotype [ENSG00000225039.1] [95/226]
  * #variants in cis = 13
  * Best hit: [id=13_internal_5679, d=-32695, pv=0.15136, s=0.1146]

Processing phenotype [ENSG00000224117.1] [96/226]
  * #variants in cis = 12
  * Best hit: [id=13_internal_5823, d=-444310, pv=0.0875533, s=-0.1336]

Processing phenotype [ENSG00000189403.9] [97/226]
  * #variants in cis = 12
  * Best hit: [id=13_internal_3993, d=0, pv=0.101322, s=0.1297]

Processing phenotype [ENSG00000132952.7] [98/226]
  * #variants in cis = 12
  * Best hit: [id=13_internal_4961, d=78526, pv=0.131964, s=0.1174]

Processing phenotype [ENSG00000132965.5] [99/226]
  * #variants in cis = 13
  * Best hit: [id=13_internal_3993, d=0, pv=4.76313e-08, s=0.4192]

Processing phenotype [ENSG00000120694.14] [100/226]
  * #variants in cis = 15
  * Best hit: [id=13_internal_5924, d=396466, pv=0.0180126, s=-0.1927]

Processing phenotype [ENSG00000187676.6] [101/226]
  * #variants in cis = 15
  * Best hit: [id=13_internal_4670, d=830305, pv=0.0182391, s=0.1880]

Processing phenotype [ENSG00000229427.1] [102/226]
  * #variants in cis = 14
  * Best hit: [id=13_internal_4670, d=718952, pv=0.195055, s=0.1035]

Processing phenotype [ENSG00000133105.3] [103/226]
  * #variants in cis = 14
  * Best hit: [id=13_internal_5883, d=60670, pv=2.74034e-07, s=0.3908]

Processing phenotype [ENSG00000229715.4] [104/226]
  * #variants in cis = 10
  * Best hit: [id=13_internal_5883, d=0, pv=0.00138746, s=0.2427]

Processing phenotype [ENSG00000235822.1] [105/226]
  * #variants in cis = 10
  * Best hit: [id=13_internal_6144, d=54648, pv=0.0962772, s=-0.1351]

Processing phenotype [ENSG00000073910.14] [106/226]
  * #variants in cis = 11
  * Best hit: [id=13_internal_5399, d=0, pv=0.00639735, s=0.2224]

Processing phenotype [ENSG00000237637.1] [107/226]
  * #variants in cis = 11
  * Best hit: [id=13_internal_4424, d=-675226, pv=0.0209584, s=0.1849]

Processing phenotype [ENSG00000230633.1] [108/226]
  * #variants in cis = 10
  * Best hit: [id=13_internal_5883, d=-279386, pv=0.0461785, s=0.1625]

Processing phenotype [ENSG00000189167.6] [109/226]
  * #variants in cis = 10
  * Best hit: [id=13_internal_4424, d=-391521, pv=0.049961, s=0.1575]

Processing phenotype [ENSG00000139618.9] [110/226]
  * #variants in cis = 10
  * Best hit: [id=13_internal_4670, d=-265591, pv=0.034729, s=-0.1721]

Processing phenotype [ENSG00000215515.2] [111/226]
  * #variants in cis = 11
  * Best hit: [id=13_internal_4424, d=322205, pv=0.0182216, s=0.1856]

Processing phenotype [ENSG00000212293.1] [112/226]
  * #variants in cis = 11
  * Best hit: [id=13_internal_4018, d=-612109, pv=0.0245425, s=0.1823]

Processing phenotype [ENSG00000139597.11] [113/226]
  * #variants in cis = 11
  * Best hit: [id=13_internal_6144, d=289416, pv=0.0198597, s=-0.1903]

Processing phenotype [ENSG00000229800.1] [114/226]
  * #variants in cis = 11
  * Best hit: [id=13_internal_4424, d=229591, pv=0.00350317, s=0.2373]

Processing phenotype [ENSG00000139617.10] [115/226]
  * #variants in cis = 11
  * Best hit: [id=13_internal_4424, d=-226227, pv=0.0014209, s=0.2570]

Processing phenotype [ENSG00000230905.1] [116/226]
  * #variants in cis = 11
  * Best hit: [id=13_internal_5222, d=-12971, pv=0.146356, s=0.1179]

Processing phenotype [ENSG00000244754.3] [117/226]
  * #variants in cis = 11
  * Best hit: [id=13_internal_5222, d=17288, pv=0.0226344, s=0.1828]

Processing phenotype [ENSG00000083642.14] [118/226]
  * #variants in cis = 11
  * Best hit: [id=13_internal_4424, d=120438, pv=4.69636e-06, s=0.3299]

Processing phenotype [ENSG00000207325.1] [119/226]
  * #variants in cis = 12
  * Best hit: [id=13_internal_4670, d=713670, pv=0.159069, s=-0.1126]

Processing phenotype [ENSG00000133116.6] [120/226]
  * #variants in cis = 11
  * Best hit: [id=13_internal_5887, d=0, pv=1.96899e-08, s=0.4337]

Processing phenotype [ENSG00000236581.2] [121/226]
  * #variants in cis = 7
  * Best hit: [id=13_internal_4758, d=62541, pv=6.71575e-05, s=0.3097]

Processing phenotype [ENSG00000249121.1] [122/226]
  * #variants in cis = 7
  * Best hit: [id=13_internal_5887, d=98293, pv=0.00400531, s=0.2248]

Processing phenotype [ENSG00000227911.1] [123/226]
  * #variants in cis = 7
  * Best hit: [id=13_internal_4758, d=6248, pv=0.106564, s=0.1305]

Processing phenotype [ENSG00000133121.15] [124/226]
  * #variants in cis = 7
  * Best hit: [id=13_internal_4758, d=0, pv=6.24403e-05, s=0.3002]

Processing phenotype [ENSG00000230490.1] [125/226]
  * #variants in cis = 5
  * Best hit: [id=13_internal_5246, d=0, pv=3.46064e-08, s=0.4322]

Processing phenotype [ENSG00000133119.8] [126/226]
  * #variants in cis = 4
  * Best hit: [id=13_internal_5246, d=0, pv=3.95556e-05, s=0.3070]

Processing phenotype [ENSG00000252397.1] [127/226]
  * #variants in cis = 4
  * Best hit: [id=13_internal_5887, d=642206, pv=0.403033, s=-0.0696]

Processing phenotype [ENSG00000172915.13] [128/226]
  * #variants in cis = 0

Processing phenotype [ENSG00000180660.6] [129/226]
  * #variants in cis = 2
  * Best hit: [id=13_internal_4471, d=-943512, pv=0.061613, s=0.1413]

Processing phenotype [ENSG00000120664.6] [130/226]
  * #variants in cis = 3
  * Best hit: [id=13_internal_4471, d=73776, pv=0.0132593, s=0.1948]

Processing phenotype [ENSG00000133104.7] [131/226]
  * #variants in cis = 3
  * Best hit: [id=13_internal_4893, d=21306, pv=1.78661e-06, s=0.3592]

Processing phenotype [ENSG00000133111.3] [132/226]
  * #variants in cis = 3
  * Best hit: [id=13_internal_4893, d=-470350, pv=0.264295, s=-0.0883]

Processing phenotype [ENSG00000120693.9] [133/226]
  * #variants in cis = 3
  * Best hit: [id=13_internal_4471, d=463894, pv=0.391862, s=-0.0697]

Processing phenotype [ENSG00000226161.1] [134/226]
  * #variants in cis = 3
  * Best hit: [id=13_internal_5824, d=-36619, pv=0.37127, s=0.0738]

Processing phenotype [ENSG00000120699.7] [135/226]
  * #variants in cis = 3
  * Best hit: [id=13_internal_5824, d=0, pv=0.0670999, s=0.1451]

Processing phenotype [ENSG00000120697.4] [136/226]
  * #variants in cis = 3
  * Best hit: [id=13_internal_4471, d=543390, pv=0.0308062, s=0.1698]

Processing phenotype [ENSG00000221100.1] [137/226]
  * #variants in cis = 3
  * Best hit: [id=13_internal_4893, d=685918, pv=0.590713, s=-0.0422]

Processing phenotype [ENSG00000102710.14] [138/226]
  * #variants in cis = 3
  * Best hit: [id=13_internal_5824, d=0, pv=0.00415767, s=0.2277]

Processing phenotype [ENSG00000180138.6] [139/226]
  * #variants in cis = 3
  * Best hit: [id=13_internal_4471, d=648795, pv=0.0900291, s=0.1309]

Processing phenotype [ENSG00000223685.1] [140/226]
  * #variants in cis = 1
  * Best hit: [id=13_internal_5824, d=941596, pv=0.0869603, s=-0.1421]

Processing phenotype [ENSG00000120686.7] [141/226]
  * #variants in cis = 0

Processing phenotype [ENSG00000120685.13] [142/226]
  * #variants in cis = 0

Processing phenotype [ENSG00000188811.7] [143/226]
  * #variants in cis = 0

Processing phenotype [ENSG00000183722.7] [144/226]
  * #variants in cis = 4
  * Best hit: [id=13_internal_4438, d=-841492, pv=0.0586689, s=0.1503]

Processing phenotype [ENSG00000133103.11] [145/226]
  * #variants in cis = 4
  * Best hit: [id=13_internal_4053, d=741594, pv=0.243496, s=-0.0950]

Processing phenotype [ENSG00000264171.1] [146/226]
  * #variants in cis = 4
  * Best hit: [id=13_internal_5016, d=-788177, pv=0.0146394, s=-0.1957]

Processing phenotype [ENSG00000215483.4] [147/226]
  * #variants in cis = 11
  * Best hit: [id=13_internal_4053, d=57247, pv=0.0667571, s=0.1439]

Processing phenotype [ENSG00000269120.1] [148/226]
  * #variants in cis = 11
  * Best hit: [id=13_internal_4053, d=113427, pv=0.0629558, s=0.1471]

Processing phenotype [ENSG00000229456.1] [149/226]
  * #variants in cis = 11
  * Best hit: [id=13_internal_5552, d=0, pv=4.3115e-05, s=0.3132]

Processing phenotype [ENSG00000150907.5] [150/226]
  * #variants in cis = 11
  * Best hit: [id=13_internal_5552, d=0, pv=4.70443e-08, s=0.4073]

Processing phenotype [ENSG00000102738.6] [151/226]
  * #variants in cis = 12
  * Best hit: [id=13_internal_4488, d=-26302, pv=0.221148, s=-0.0972]

Processing phenotype [ENSG00000102743.9] [152/226]
  * #variants in cis = 12
  * Best hit: [id=13_internal_4948, d=-9768, pv=0.00469128, s=0.2318]

Processing phenotype [ENSG00000207652.1] [153/226]
  * #variants in cis = 12
  * Best hit: [id=13_internal_5016, d=-323700, pv=0.0298863, s=0.1739]

Processing phenotype [ENSG00000176268.5] [154/226]
  * #variants in cis = 12
  * Best hit: [id=13_internal_4641, d=-421417, pv=0.0268006, s=0.1801]

Processing phenotype [ENSG00000168852.7] [155/226]
  * #variants in cis = 12
  * Best hit: [id=13_internal_4139, d=-205153, pv=0.130359, s=0.1202]

Processing phenotype [ENSG00000239827.2] [156/226]
  * #variants in cis = 12
  * Best hit: [id=13_internal_5552, d=253546, pv=0.116732, s=-0.1239]

Processing phenotype [ENSG00000229473.2] [157/226]
  * #variants in cis = 13
  * Best hit: [id=13_internal_4641, d=-291988, pv=0.0344196, s=0.1675]

Processing phenotype [ENSG00000120688.7] [158/226]
  * #variants in cis = 13
  * Best hit: [id=13_internal_4319, d=115147, pv=0.0394047, s=0.1581]

Processing phenotype [ENSG00000120690.9] [159/226]
  * #variants in cis = 13
  * Best hit: [id=13_internal_4948, d=281796, pv=0.056745, s=-0.1531]

Processing phenotype [ENSG00000244264.2] [160/226]
  * #variants in cis = 13
  * Best hit: [id=13_internal_4139, d=5026, pv=0.0978298, s=0.1342]

Processing phenotype [ENSG00000165572.6] [161/226]
  * #variants in cis = 13
  * Best hit: [id=13_internal_4139, d=0, pv=0.00314629, s=0.2392]

Processing phenotype [ENSG00000215482.2] [162/226]
  * #variants in cis = 13
  * Best hit: [id=13_internal_4155, d=108135, pv=0.0259849, s=-0.1802]

Processing phenotype [ENSG00000120696.8] [163/226]
  * #variants in cis = 13
  * Best hit: [id=13_internal_4319, d=0, pv=3.28981e-09, s=0.4572]

Processing phenotype [ENSG00000120662.10] [164/226]
  * #variants in cis = 13
  * Best hit: [id=13_internal_4641, d=-21713, pv=0.0364044, s=0.1738]

Processing phenotype [ENSG00000172766.14] [165/226]
  * #variants in cis = 14
  * Best hit: [id=13_internal_4641, d=-21166, pv=0.00117077, s=0.2586]

Processing phenotype [ENSG00000223280.1] [166/226]
  * #variants in cis = 14
  * Best hit: [id=13_internal_4438, d=901354, pv=0.0612967, s=-0.1504]

Processing phenotype [ENSG00000102760.12] [167/226]
  * #variants in cis = 12
  * Best hit: [id=13_internal_5299, d=210534, pv=0.00542664, s=0.2132]

Processing phenotype [ENSG00000264190.1] [168/226]
  * #variants in cis = 11
  * Best hit: [id=13_internal_5668, d=-702470, pv=0.0256335, s=0.1810]

Processing phenotype [ENSG00000241406.2] [169/226]
  * #variants in cis = 9
  * Best hit: [id=13_internal_4661, d=144302, pv=0.0663176, s=0.1513]

Processing phenotype [ENSG00000229696.1] [170/226]
  * #variants in cis = 8
  * Best hit: [id=13_internal_4661, d=26381, pv=0.0228122, s=0.1896]

Processing phenotype [ENSG00000102763.10] [171/226]
  * #variants in cis = 9
  * Best hit: [id=13_internal_4661, d=0, pv=5.82636e-05, s=0.3156]

Processing phenotype [ENSG00000102780.11] [172/226]
  * #variants in cis = 9
  * Best hit: [id=13_internal_4319, d=-844944, pv=0.0775517, s=-0.1397]

Processing phenotype [ENSG00000231530.1] [173/226]
  * #variants in cis = 9
  * Best hit: [id=13_internal_5299, d=320462, pv=0.0189159, s=-0.1849]

Processing phenotype [ENSG00000237263.1] [174/226]
  * #variants in cis = 8
  * Best hit: [id=13_internal_4319, d=875997, pv=0.0485377, s=-0.1604]

Processing phenotype [ENSG00000023516.7] [175/226]
  * #variants in cis = 5
  * Best hit: [id=13_internal_5668, d=0, pv=1.15435e-11, s=0.4960]

Processing phenotype [ENSG00000226176.1] [176/226]
  * #variants in cis = 5
  * Best hit: [id=13_internal_5299, d=-550543, pv=0.00422896, s=0.2353]

Processing phenotype [ENSG00000238025.1] [177/226]
  * #variants in cis = 4
  * Best hit: [id=13_internal_6066, d=13120, pv=7.58228e-07, s=0.3800]

Processing phenotype [ENSG00000133106.10] [178/226]
  * #variants in cis = 3
  * Best hit: [id=13_internal_6066, d=0, pv=9.92221e-09, s=0.4332]

Processing phenotype [ENSG00000120675.4] [179/226]
  * #variants in cis = 3
  * Best hit: [id=13_internal_6066, d=0, pv=1.71916e-09, s=0.4567]

Processing phenotype [ENSG00000179630.5] [180/226]
  * #variants in cis = 4
  * Best hit: [id=13_internal_6066, d=-820187, pv=0.0310694, s=0.1674]

Processing phenotype [ENSG00000151773.6] [181/226]
  * #variants in cis = 4
  * Best hit: [id=13_internal_4133, d=0, pv=1.52096e-08, s=0.4401]

Processing phenotype [ENSG00000179611.2] [182/226]
  * #variants in cis = 4
  * Best hit: [id=13_internal_5101, d=289927, pv=0.195413, s=0.1013]

Processing phenotype [ENSG00000225727.1] [183/226]
  * #variants in cis = 5
  * Best hit: [id=13_internal_4092, d=-271242, pv=0.0206742, s=-0.1815]

Processing phenotype [ENSG00000102804.9] [184/226]
  * #variants in cis = 5
  * Best hit: [id=13_internal_5101, d=140953, pv=0.148535, s=0.1129]

Processing phenotype [ENSG00000083635.7] [185/226]
  * #variants in cis = 5
  * Best hit: [id=13_internal_4092, d=823517, pv=0.0011387, s=-0.2486]

Processing phenotype [ENSG00000133114.12] [186/226]
  * #variants in cis = 5
  * Best hit: [id=13_internal_5061, d=128688, pv=0.126988, s=0.1242]

Processing phenotype [ENSG00000265802.1] [187/226]
  * #variants in cis = 5
  * Best hit: [id=13_internal_5061, d=116090, pv=0.211769, s=0.0969]

Processing phenotype [ENSG00000188342.7] [188/226]
  * #variants in cis = 5
  * Best hit: [id=13_internal_4480, d=10882, pv=1.80855e-05, s=0.3474]

Processing phenotype [ENSG00000201061.1] [189/226]
  * #variants in cis = 7
  * Best hit: [id=13_internal_5061, d=0, pv=0.0558695, s=0.1495]

Processing phenotype [ENSG00000252055.1] [190/226]
  * #variants in cis = 8
  * Best hit: [id=13_internal_4480, d=0, pv=0.126661, s=0.1225]

Processing phenotype [ENSG00000180332.5] [191/226]
  * #variants in cis = 8
  * Best hit: [id=13_internal_4480, d=62375, pv=0.00485112, s=0.2304]

Processing phenotype [ENSG00000253051.1] [192/226]
  * #variants in cis = 10
  * Best hit: [id=13_internal_5061, d=135123, pv=0.00868224, s=-0.1975]

Processing phenotype [ENSG00000199477.1] [193/226]
  * #variants in cis = 10
  * Best hit: [id=13_internal_4411, d=-854167, pv=0.36711, s=-0.0733]

Processing phenotype [ENSG00000255137.1] [194/226]
  * #variants in cis = 10
  * Best hit: [id=13_internal_4411, d=-854167, pv=0.36711, s=-0.0733]

Processing phenotype [ENSG00000170919.9] [195/226]
  * #variants in cis = 10
  * Best hit: [id=13_internal_3787, d=590091, pv=0.0132462, s=0.2015]

Processing phenotype [ENSG00000133112.12] [196/226]
  * #variants in cis = 10
  * Best hit: [id=13_internal_4983, d=-951380, pv=0.00961211, s=0.2130]

Processing phenotype [ENSG00000228886.1] [197/226]
  * #variants in cis = 10
  * Best hit: [id=13_internal_4983, d=942427, pv=0.0652462, s=0.1456]

Processing phenotype [ENSG00000214455.3] [198/226]
  * #variants in cis = 10
  * Best hit: [id=13_internal_4386, d=-920731, pv=0.0491589, s=0.1598]

Processing phenotype [ENSG00000251015.1] [199/226]
  * #variants in cis = 10
  * Best hit: [id=13_internal_5061, d=-216838, pv=0.103019, s=-0.1294]

Processing phenotype [ENSG00000174032.12] [200/226]
  * #variants in cis = 10
  * Best hit: [id=13_internal_4983, d=-874295, pv=0.0594817, s=0.1528]

Processing phenotype [ENSG00000136152.10] [201/226]
  * #variants in cis = 9
  * Best hit: [id=13_internal_4983, d=827825, pv=0.0202605, s=0.1886]

Processing phenotype [ENSG00000165837.7] [202/226]
  * #variants in cis = 12
  * Best hit: [id=13_internal_4983, d=-677011, pv=0.105472, s=0.1261]

Processing phenotype [ENSG00000123200.12] [203/226]
  * #variants in cis = 12
  * Best hit: [id=13_internal_4415, d=-70288, pv=0.0388429, s=-0.1699]

Processing phenotype [ENSG00000235903.1] [204/226]
  * #variants in cis = 12
  * Best hit: [id=13_internal_4480, d=-956228, pv=0.0389816, s=0.1688]

Processing phenotype [ENSG00000080618.9] [205/226]
  * #variants in cis = 12
  * Best hit: [id=13_internal_4386, d=-206922, pv=0.0474043, s=-0.1595]

Processing phenotype [ENSG00000240767.2] [206/226]
  * #variants in cis = 11
  * Best hit: [id=13_internal_4309, d=13404, pv=0.000717153, s=-0.2694]

Processing phenotype [ENSG00000136167.8] [207/226]
  * #variants in cis = 10
  * Best hit: [id=13_internal_4983, d=-80879, pv=0.219388, s=-0.0935]

Processing phenotype [ENSG00000173988.8] [208/226]
  * #variants in cis = 10
  * Best hit: [id=13_internal_4411, d=0, pv=0.0018546, s=0.2452]

Processing phenotype [ENSG00000261097.1] [209/226]
  * #variants in cis = 10
  * Best hit: [id=13_internal_3787, d=345521, pv=0.00492067, s=0.2178]

Processing phenotype [ENSG00000223336.1] [210/226]
  * #variants in cis = 10
  * Best hit: [id=13_internal_4983, d=59831, pv=0.0405682, s=-0.1613]

Processing phenotype [ENSG00000102445.13] [211/226]
  * #variants in cis = 10
  * Best hit: [id=13_internal_4386, d=116162, pv=0.0387126, s=0.1666]

Processing phenotype [ENSG00000241353.2] [212/226]
  * #variants in cis = 10
  * Best hit: [id=13_internal_4386, d=116162, pv=0.0285251, s=0.1763]

Processing phenotype [ENSG00000136141.9] [213/226]
  * #variants in cis = 11
  * Best hit: [id=13_internal_4308, d=0, pv=0.16631, s=0.1128]

Processing phenotype [ENSG00000139684.8] [214/226]
  * #variants in cis = 11
  * Best hit: [id=13_internal_3787, d=844909, pv=0.0326283, s=0.1671]

Processing phenotype [ENSG00000234145.1] [215/226]
  * #variants in cis = 9
  * Best hit: [id=13_internal_3962, d=722687, pv=0.00969799, s=-0.2023]

Processing phenotype [ENSG00000234689.1] [216/226]
  * #variants in cis = 11
  * Best hit: [id=13_internal_3838, d=-206193, pv=0.320765, s=0.0788]

Processing phenotype [ENSG00000260388.1] [217/226]
  * #variants in cis = 11
  * Best hit: [id=13_internal_3894, d=-598282, pv=0.0590713, s=-0.1469]

Processing phenotype [ENSG00000227848.1] [218/226]
  * #variants in cis = 11
  * Best hit: [id=13_internal_3838, d=112160, pv=0.00270556, s=0.2363]

Processing phenotype [ENSG00000136159.2] [219/226]
  * #variants in cis = 11
  * Best hit: [id=13_internal_3894, d=493336, pv=0.00158677, s=0.2370]

Processing phenotype [ENSG00000136143.8] [220/226]
  * #variants in cis = 11
  * Best hit: [id=13_internal_5329, d=536973, pv=0.037537, s=-0.1667]

Processing phenotype [ENSG00000229111.1] [221/226]
  * #variants in cis = 11
  * Best hit: [id=13_internal_3838, d=36412, pv=0.0349613, s=-0.1639]

Processing phenotype [ENSG00000136146.9] [222/226]
  * #variants in cis = 11
  * Best hit: [id=13_internal_3962, d=-391015, pv=0.0658087, s=-0.1470]

Processing phenotype [ENSG00000136156.7] [223/226]
  * #variants in cis = 12
  * Best hit: [id=13_internal_5856, d=-37439, pv=2.06014e-07, s=0.3917]

Processing phenotype [ENSG00000231473.2] [224/226]
  * #variants in cis = 12
  * Best hit: [id=13_internal_5329, d=802645, pv=0.0953554, s=0.1302]

Processing phenotype [ENSG00000139687.9] [225/226]
  * #variants in cis = 12
  * Best hit: [id=13_internal_5856, d=-108032, pv=0.04063, s=0.1663]

Processing phenotype [ENSG00000238086.4] [226/226]
  * #variants in cis = 12
  * Best hit: [id=13_internal_3894, d=-210428, pv=0.042801, s=0.1601]

Running time: 1 seconds
