Sender: LSF System <lsfadmin@cpt09>
Subject: Job 974632: </data/unige/funpopgen/odelanea/SGX/V2/binaries/qtltools/bin/QTLtools cis --vcf /data/unige/funpopgen/grey2/SYSCID/BLUEPRINT_DATA/CRD/THREE_CELL_TYPES/CLOMICS/CELL_TYPE_COMPARISON_GENE_CRD_ASSOCIATIONS/quantify/72_vs_70_ALL.ALLchr.mean.txt.gz --bed /data/unige/funpopgen/grey2/SYSCID/BLUEPRINT_DATA/CRD/THREE_CELL_TYPES/QTL_TOOLS/EGAD00001002674_v3.0/EGAD00001002674_RNA.PC10.bed.gz --nominal /data/unige/funpopgen/grey2/SYSCID/BLUEPRINT_DATA/CRD/THREE_CELL_TYPES/CLOMICS/CELL_TYPE_COMPARISON_GENE_CRD_ASSOCIATIONS/mapping_aCRD_gene/72_vs_70/gene_CRD_mean_permutations.thresholds.txt --chunk 11 100 --out /data/unige/funpopgen/grey2/SYSCID/BLUEPRINT_DATA/CRD/THREE_CELL_TYPES/CLOMICS/CELL_TYPE_COMPARISON_GENE_CRD_ASSOCIATIONS/mapping_aCRD_gene/72_vs_70/mapping_gene_CRD_mean_chunk11\.txt> in cluster <ug> Done

Job </data/unige/funpopgen/odelanea/SGX/V2/binaries/qtltools/bin/QTLtools cis --vcf /data/unige/funpopgen/grey2/SYSCID/BLUEPRINT_DATA/CRD/THREE_CELL_TYPES/CLOMICS/CELL_TYPE_COMPARISON_GENE_CRD_ASSOCIATIONS/quantify/72_vs_70_ALL.ALLchr.mean.txt.gz --bed /data/unige/funpopgen/grey2/SYSCID/BLUEPRINT_DATA/CRD/THREE_CELL_TYPES/QTL_TOOLS/EGAD00001002674_v3.0/EGAD00001002674_RNA.PC10.bed.gz --nominal /data/unige/funpopgen/grey2/SYSCID/BLUEPRINT_DATA/CRD/THREE_CELL_TYPES/CLOMICS/CELL_TYPE_COMPARISON_GENE_CRD_ASSOCIATIONS/mapping_aCRD_gene/72_vs_70/gene_CRD_mean_permutations.thresholds.txt --chunk 11 100 --out /data/unige/funpopgen/grey2/SYSCID/BLUEPRINT_DATA/CRD/THREE_CELL_TYPES/CLOMICS/CELL_TYPE_COMPARISON_GENE_CRD_ASSOCIATIONS/mapping_aCRD_gene/72_vs_70/mapping_gene_CRD_mean_chunk11\.txt> was submitted from host <cpt01> by user <grey2> in cluster <ug>.
Job was executed on host(s) <cpt09>, in queue <normal>, as user <grey2> in cluster <ug>.
</home/grey2> was used as the home directory.
</data/unige/funpopgen/grey2/SYSCID/BLUEPRINT_DATA/CRD/THREE_CELL_TYPES/CLOMICS/CELL_TYPE_COMPARISON_GENE_CRD_ASSOCIATIONS> was used as the working directory.
Started at Thu Mar 21 13:47:04 2019
Results reported at Thu Mar 21 13:47:06 2019

Your job looked like:

------------------------------------------------------------
# LSBATCH: User input
/data/unige/funpopgen/odelanea/SGX/V2/binaries/qtltools/bin/QTLtools cis --vcf /data/unige/funpopgen/grey2/SYSCID/BLUEPRINT_DATA/CRD/THREE_CELL_TYPES/CLOMICS/CELL_TYPE_COMPARISON_GENE_CRD_ASSOCIATIONS/quantify/72_vs_70_ALL.ALLchr.mean.txt.gz --bed /data/unige/funpopgen/grey2/SYSCID/BLUEPRINT_DATA/CRD/THREE_CELL_TYPES/QTL_TOOLS/EGAD00001002674_v3.0/EGAD00001002674_RNA.PC10.bed.gz --nominal /data/unige/funpopgen/grey2/SYSCID/BLUEPRINT_DATA/CRD/THREE_CELL_TYPES/CLOMICS/CELL_TYPE_COMPARISON_GENE_CRD_ASSOCIATIONS/mapping_aCRD_gene/72_vs_70/gene_CRD_mean_permutations.thresholds.txt --chunk 11 100 --out /data/unige/funpopgen/grey2/SYSCID/BLUEPRINT_DATA/CRD/THREE_CELL_TYPES/CLOMICS/CELL_TYPE_COMPARISON_GENE_CRD_ASSOCIATIONS/mapping_aCRD_gene/72_vs_70/mapping_gene_CRD_mean_chunk11\.txt

------------------------------------------------------------

Successfully completed.

Resource usage summary:

    CPU time :               1.51 sec.
    Max Memory :             13.34 MB
    Average Memory :         13.34 MB
    Total Requested Memory : -
    Delta Memory :           -
    (Delta: the difference between total requested memory and actual max usage.)
    Max Swap :               346 MB

    Max Processes :          4
    Max Threads :            5

The output (if any) follows:


[32mQTLtools[0m
  * Authors : Olivier DELANEAU / Halit ONGEN / Emmanouil DERMITZAKIS
  * Contact : olivier.delaneau@gmail.com / halit.ongen@unige.ch / Emmanouil.Dermitzakis@unige.ch
  * Webpage : https://qtltools.github.io/qtltools/
  * Version : 1.1
  * Date    : 21/03/2019 - 13:47:04
  * Citation: A complete tool set for molecular QTL discovery and analysis, https://doi.org/10.1101/068635

[32mMAPPING QTL IN CIS[0m
  * TASK: Report all nominal associations with p below thresholds in [/data/unige/funpopgen/grey2/SYSCID/BLUEPRINT_DATA/CRD/THREE_CELL_TYPES/CLOMICS/CELL_TYPE_COMPARISON_GENE_CRD_ASSOCIATIONS/mapping_aCRD_gene/72_vs_70/gene_CRD_mean_permutations.thresholds.txt]
  * Linear model: Phe ~ Var
  * Cis-window size is 1000000 bp
  * Chunk = [11/100]

Scanning phenotype data in [/data/unige/funpopgen/grey2/SYSCID/BLUEPRINT_DATA/CRD/THREE_CELL_TYPES/QTL_TOOLS/EGAD00001002674_v3.0/EGAD00001002674_RNA.PC10.bed.gz]
  * 26159 phenotypes included
  * 13004 phenotypes are on the negative strand

Initialize random number generator
  * Built-in seed is 15112011
  * First Integer = 30554
  * First Double = 0.0126695

Reading sample list from [/data/unige/funpopgen/grey2/SYSCID/BLUEPRINT_DATA/CRD/THREE_CELL_TYPES/QTL_TOOLS/EGAD00001002674_v3.0/EGAD00001002674_RNA.PC10.bed.gz]
  * #samples = 194

Reading sample list from [/data/unige/funpopgen/grey2/SYSCID/BLUEPRINT_DATA/CRD/THREE_CELL_TYPES/CLOMICS/CELL_TYPE_COMPARISON_GENE_CRD_ASSOCIATIONS/quantify/72_vs_70_ALL.ALLchr.mean.txt.gz]
  * #samples = 160

Merging sample sets from all input files
  * #files = 2
  * #samples in all files = 158
  * #samples NOT in all files (i.e. ignored) = 38

Reading phenotype data in [/data/unige/funpopgen/grey2/SYSCID/BLUEPRINT_DATA/CRD/THREE_CELL_TYPES/QTL_TOOLS/EGAD00001002674_v3.0/EGAD00001002674_RNA.PC10.bed.gz]
  * target region [19:205076-5978414]
  * 229 phenotypes included
  * 123 phenotypes are on the negative strand

Reading genotype data in [/data/unige/funpopgen/grey2/SYSCID/BLUEPRINT_DATA/CRD/THREE_CELL_TYPES/CLOMICS/CELL_TYPE_COMPARISON_GENE_CRD_ASSOCIATIONS/quantify/72_vs_70_ALL.ALLchr.mean.txt.gz]
  * File format detected: BED
  * 158 samples included
  * 4 samples without phenotype data
  * target region [19:0-6978414]
  * 55 variants included

Reading nominal thresholds in [/data/unige/funpopgen/grey2/SYSCID/BLUEPRINT_DATA/CRD/THREE_CELL_TYPES/CLOMICS/CELL_TYPE_COMPARISON_GENE_CRD_ASSOCIATIONS/mapping_aCRD_gene/72_vs_70/gene_CRD_mean_permutations.thresholds.txt]
  * #phenotypes set = 229

Processing phenotype [ENSG00000206082.6] [1/229]
  * #variants in cis = 16
  * Best hit: [id=19_internal_6798, d=-777242, pv=0.00305206, s=-0.2309]

Processing phenotype [ENSG00000267124.1] [2/229]
  * #variants in cis = 16
  * Best hit: [id=19_internal_8296, d=225081, pv=0.0425389, s=-0.1602]

Processing phenotype [ENSG00000105556.4] [3/229]
  * #variants in cis = 16
  * Best hit: [id=19_internal_9357, d=-510464, pv=0.00326828, s=-0.2300]

Processing phenotype [ENSG00000099866.9] [4/229]
  * #variants in cis = 20
  * Best hit: [id=19_internal_9357, d=366086, pv=0.0511203, s=-0.1521]

Processing phenotype [ENSG00000141933.8] [5/229]
  * #variants in cis = 20
  * Best hit: [id=19_internal_6673, d=621643, pv=0.0532815, s=0.1516]

Processing phenotype [ENSG00000266933.1] [6/229]
  * #variants in cis = 20
  * Best hit: [id=19_internal_6329, d=-313103, pv=0.0797176, s=-0.1380]

Processing phenotype [ENSG00000099804.3] [7/229]
  * #variants in cis = 20
  * Best hit: [id=19_internal_8296, d=0, pv=2.94516e-14, s=0.5465]

Processing phenotype [ENSG00000197540.2] [8/229]
  * #variants in cis = 20
  * Best hit: [id=19_internal_9357, d=311228, pv=0.0846575, s=-0.1395]

Processing phenotype [ENSG00000172270.13] [9/229]
  * #variants in cis = 20
  * Best hit: [id=19_internal_8296, d=0, pv=9.41635e-19, s=0.6162]

Processing phenotype [ENSG00000267751.1] [10/229]
  * #variants in cis = 20
  * Best hit: [id=19_internal_8296, d=0, pv=9.03551e-20, s=0.6270]

Processing phenotype [ENSG00000267276.1] [11/229]
  * #variants in cis = 20
  * Best hit: [id=19_internal_8296, d=0, pv=1.77184e-14, s=0.5459]

Processing phenotype [ENSG00000099822.2] [12/229]
  * #variants in cis = 20
  * Best hit: [id=19_internal_8296, d=0, pv=0.0263327, s=0.1769]

Processing phenotype [ENSG00000099821.7] [13/229]
  * #variants in cis = 20
  * Best hit: [id=19_internal_8119, d=-21337, pv=0.0341252, s=0.1730]

Processing phenotype [ENSG00000070423.12] [14/229]
  * #variants in cis = 20
  * Best hit: [id=19_internal_6892, d=-742969, pv=0.00479105, s=0.2232]

Processing phenotype [ENSG00000267666.1] [15/229]
  * #variants in cis = 20
  * Best hit: [id=19_internal_9357, d=191780, pv=0.0793647, s=0.1388]

Processing phenotype [ENSG00000070404.4] [16/229]
  * #variants in cis = 20
  * Best hit: [id=19_internal_8119, d=0, pv=2.68255e-09, s=0.4409]

Processing phenotype [ENSG00000185198.6] [17/229]
  * #variants in cis = 20
  * Best hit: [id=19_internal_8119, d=0, pv=7.17633e-05, s=0.2899]

Processing phenotype [ENSG00000011304.11] [18/229]
  * #variants in cis = 20
  * Best hit: [id=19_internal_8119, d=-91833, pv=0.0246278, s=0.1798]

Processing phenotype [ENSG00000265767.1] [19/229]
  * #variants in cis = 20
  * Best hit: [id=19_internal_6897, d=229994, pv=0.00258759, s=0.2235]

Processing phenotype [ENSG00000129951.13] [20/229]
  * #variants in cis = 20
  * Best hit: [id=19_internal_6897, d=-212956, pv=0.0221926, s=0.1864]

Processing phenotype [ENSG00000172232.5] [21/229]
  * #variants in cis = 20
  * Best hit: [id=19_internal_6798, d=157221, pv=0.0288468, s=-0.1688]

Processing phenotype [ENSG00000267538.1] [22/229]
  * #variants in cis = 20
  * Best hit: [id=19_internal_9357, d=-23424, pv=0.00924447, s=0.2049]

Processing phenotype [ENSG00000197561.2] [23/229]
  * #variants in cis = 20
  * Best hit: [id=19_internal_9357, d=4248, pv=0.0380057, s=0.1615]

Processing phenotype [ENSG00000197766.2] [24/229]
  * #variants in cis = 20
  * Best hit: [id=19_internal_9357, d=0, pv=1.32285e-10, s=0.4849]

Processing phenotype [ENSG00000175221.9] [25/229]
  * #variants in cis = 22
  * Best hit: [id=19_internal_9357, d=3145, pv=8.49425e-08, s=0.4049]

Processing phenotype [ENSG00000207507.1] [26/229]
  * #variants in cis = 22
  * Best hit: [id=19_internal_7025, d=582800, pv=0.00836927, s=-0.2089]

Processing phenotype [ENSG00000267158.1] [27/229]
  * #variants in cis = 22
  * Best hit: [id=19_internal_7025, d=582800, pv=0.00836927, s=-0.2089]

Processing phenotype [ENSG00000198858.5] [28/229]
  * #variants in cis = 23
  * Best hit: [id=19_internal_6673, d=-215702, pv=0.0108514, s=0.2003]

Processing phenotype [ENSG00000116017.5] [29/229]
  * #variants in cis = 23
  * Best hit: [id=19_internal_8727, d=934, pv=0.00706317, s=-0.2093]

Processing phenotype [ENSG00000267159.1] [30/229]
  * #variants in cis = 23
  * Best hit: [id=19_internal_6924, d=-515103, pv=0.00477267, s=0.2121]

Processing phenotype [ENSG00000267442.1] [31/229]
  * #variants in cis = 23
  * Best hit: [id=19_internal_8119, d=-256585, pv=0.0809396, s=0.1384]

Processing phenotype [ENSG00000065268.4] [32/229]
  * #variants in cis = 23
  * Best hit: [id=19_internal_7920, d=519, pv=4.11494e-10, s=0.4658]

Processing phenotype [ENSG00000116032.5] [33/229]
  * #variants in cis = 23
  * Best hit: [id=19_internal_7927, d=870217, pv=0.0021565, s=0.2428]

Processing phenotype [ENSG00000182087.7] [34/229]
  * #variants in cis = 23
  * Best hit: [id=19_internal_8119, d=315875, pv=0.0148025, s=0.1932]

Processing phenotype [ENSG00000207357.1] [35/229]
  * #variants in cis = 23
  * Best hit: [id=19_internal_7025, d=454763, pv=0.0731565, s=-0.1387]

Processing phenotype [ENSG00000267358.1] [36/229]
  * #variants in cis = 23
  * Best hit: [id=19_internal_7025, d=454763, pv=0.0731565, s=-0.1387]

Processing phenotype [ENSG00000064666.9] [37/229]
  * #variants in cis = 23
  * Best hit: [id=19_internal_7025, d=450072, pv=0.0100698, s=-0.2024]

Processing phenotype [ENSG00000267020.1] [38/229]
  * #variants in cis = 23
  * Best hit: [id=19_internal_7025, d=-437221, pv=0.00439765, s=-0.2215]

Processing phenotype [ENSG00000064687.8] [39/229]
  * #variants in cis = 23
  * Best hit: [id=19_internal_7916, d=0, pv=0.0423979, s=-0.1612]

Processing phenotype [ENSG00000180448.6] [40/229]
  * #variants in cis = 24
  * Best hit: [id=19_internal_6600, d=828273, pv=0.0107709, s=-0.2126]

Processing phenotype [ENSG00000099817.7] [41/229]
  * #variants in cis = 24
  * Best hit: [id=19_internal_7219, d=-784415, pv=0.0732126, s=0.1297]

Processing phenotype [ENSG00000167468.11] [42/229]
  * #variants in cis = 24
  * Best hit: [id=19_internal_6495, d=0, pv=0.0331483, s=0.1734]

Processing phenotype [ENSG00000064932.11] [43/229]
  * #variants in cis = 24
  * Best hit: [id=19_internal_6673, d=0, pv=7.9392e-05, s=0.3043]

Processing phenotype [ENSG00000118046.10] [44/229]
  * #variants in cis = 24
  * Best hit: [id=19_internal_8119, d=-484164, pv=0.0173897, s=0.1864]

Processing phenotype [ENSG00000267736.1] [45/229]
  * #variants in cis = 24
  * Best hit: [id=19_internal_7859, d=-474595, pv=0.126074, s=-0.1141]

Processing phenotype [ENSG00000099625.8] [46/229]
  * #variants in cis = 24
  * Best hit: [id=19_internal_8119, d=532784, pv=0.00381467, s=0.2193]

Processing phenotype [ENSG00000099624.3] [47/229]
  * #variants in cis = 24
  * Best hit: [id=19_internal_6577, d=164759, pv=0.0215625, s=-0.1844]

Processing phenotype [ENSG00000167470.7] [48/229]
  * #variants in cis = 24
  * Best hit: [id=19_internal_6940, d=0, pv=0.00495495, s=0.2120]

Processing phenotype [ENSG00000099622.9] [49/229]
  * #variants in cis = 24
  * Best hit: [id=19_internal_8119, d=-554142, pv=0.0552978, s=0.1486]

Processing phenotype [ENSG00000267493.2] [50/229]
  * #variants in cis = 24
  * Best hit: [id=19_internal_7920, d=272850, pv=0.0100383, s=-0.1991]

Processing phenotype [ENSG00000228300.8] [51/229]
  * #variants in cis = 24
  * Best hit: [id=19_internal_7916, d=0, pv=0.0212381, s=0.1855]

Processing phenotype [ENSG00000226593.2] [52/229]
  * #variants in cis = 24
  * Best hit: [id=19_internal_7927, d=594615, pv=0.0188071, s=0.1883]

Processing phenotype [ENSG00000160953.10] [53/229]
  * #variants in cis = 24
  * Best hit: [id=19_internal_8727, d=0, pv=0.00655811, s=0.2114]

Processing phenotype [ENSG00000267755.1] [54/229]
  * #variants in cis = 24
  * Best hit: [id=19_internal_8727, d=0, pv=0.0141393, s=0.1888]

Processing phenotype [ENSG00000115286.14] [55/229]
  * #variants in cis = 24
  * Best hit: [id=19_internal_8119, d=-678284, pv=0.00172643, s=0.2422]

Processing phenotype [ENSG00000176936.3] [56/229]
  * #variants in cis = 24
  * Best hit: [id=19_internal_8119, d=684408, pv=0.00280809, s=0.2331]

Processing phenotype [ENSG00000248015.2] [57/229]
  * #variants in cis = 25
  * Best hit: [id=19_internal_8119, d=691224, pv=0.000914011, s=0.2613]

Processing phenotype [ENSG00000130005.7] [58/229]
  * #variants in cis = 25
  * Best hit: [id=19_internal_8727, d=0, pv=0.0304224, s=-0.1782]

Processing phenotype [ENSG00000071626.11] [59/229]
  * #variants in cis = 25
  * Best hit: [id=19_internal_6605, d=983470, pv=0.0123873, s=0.1946]

Processing phenotype [ENSG00000267759.1] [60/229]
  * #variants in cis = 25
  * Best hit: [id=19_internal_8296, d=-802179, pv=0.1063, s=0.1291]

Processing phenotype [ENSG00000115268.4] [61/229]
  * #variants in cis = 25
  * Best hit: [id=19_internal_7063, d=-385155, pv=0.0382345, s=-0.1714]

Processing phenotype [ENSG00000268798.1] [62/229]
  * #variants in cis = 25
  * Best hit: [id=19_internal_8727, d=0, pv=0.00604263, s=-0.2135]

Processing phenotype [ENSG00000115266.7] [63/229]
  * #variants in cis = 25
  * Best hit: [id=19_internal_6600, d=447895, pv=0.0295099, s=-0.1731]

Processing phenotype [ENSG00000267317.1] [64/229]
  * #variants in cis = 25
  * Best hit: [id=19_internal_6673, d=280461, pv=0.104577, s=-0.1281]

Processing phenotype [ENSG00000119559.11] [65/229]
  * #variants in cis = 25
  * Best hit: [id=19_internal_8296, d=867834, pv=0.00276831, s=0.2354]

Processing phenotype [ENSG00000115257.10] [66/229]
  * #variants in cis = 25
  * Best hit: [id=19_internal_8727, d=0, pv=0.0383482, s=0.1645]

Processing phenotype [ENSG00000115255.6] [67/229]
  * #variants in cis = 25
  * Best hit: [id=19_internal_9357, d=-601092, pv=0.0290684, s=0.1727]

Processing phenotype [ENSG00000181588.14] [68/229]
  * #variants in cis = 26
  * Best hit: [id=19_internal_6329, d=718796, pv=0.0586499, s=-0.1520]

Processing phenotype [ENSG00000267161.1] [69/229]
  * #variants in cis = 26
  * Best hit: [id=19_internal_9408, d=-973110, pv=0.00938665, s=0.2050]

Processing phenotype [ENSG00000266926.1] [70/229]
  * #variants in cis = 26
  * Best hit: [id=19_internal_6940, d=0, pv=0.000177747, s=-0.2821]

Processing phenotype [ENSG00000071655.10] [71/229]
  * #variants in cis = 26
  * Best hit: [id=19_internal_8119, d=887640, pv=0.0224505, s=0.1858]

Processing phenotype [ENSG00000127540.5] [72/229]
  * #variants in cis = 26
  * Best hit: [id=19_internal_6892, d=0, pv=0.0375809, s=0.1755]

Processing phenotype [ENSG00000267059.1] [73/229]
  * #variants in cis = 26
  * Best hit: [id=19_internal_6495, d=0, pv=0.0231766, s=0.1831]

Processing phenotype [ENSG00000071564.10] [74/229]
  * #variants in cis = 25
  * Best hit: [id=19_internal_6924, d=83392, pv=0.0323256, s=-0.1712]

Processing phenotype [ENSG00000130270.10] [75/229]
  * #variants in cis = 24
  * Best hit: [id=19_internal_9408, d=-736309, pv=0.105741, s=-0.1239]

Processing phenotype [ENSG00000267007.1] [76/229]
  * #variants in cis = 24
  * Best hit: [id=19_internal_6577, d=-375369, pv=0.0528727, s=-0.1475]

Processing phenotype [ENSG00000223244.1] [77/229]
  * #variants in cis = 24
  * Best hit: [id=19_internal_6940, d=0, pv=0.00502597, s=0.2132]

Processing phenotype [ENSG00000267244.1] [78/229]
  * #variants in cis = 24
  * Best hit: [id=19_internal_7916, d=0, pv=0.0883009, s=-0.1368]

Processing phenotype [ENSG00000079313.7] [79/229]
  * #variants in cis = 24
  * Best hit: [id=19_internal_6329, d=999191, pv=0.000546381, s=-0.2616]

Processing phenotype [ENSG00000267125.1] [80/229]
  * #variants in cis = 23
  * Best hit: [id=19_internal_6673, d=-670095, pv=0.034959, s=0.1684]

Processing phenotype [ENSG00000267141.1] [81/229]
  * #variants in cis = 23
  * Best hit: [id=19_internal_6673, d=-677946, pv=0.109183, s=0.1308]

Processing phenotype [ENSG00000129911.4] [82/229]
  * #variants in cis = 23
  * Best hit: [id=19_internal_6673, d=681264, pv=0.020185, s=0.1850]

Processing phenotype [ENSG00000267232.1] [83/229]
  * #variants in cis = 23
  * Best hit: [id=19_internal_9357, d=-984942, pv=0.00097697, s=0.2554]

Processing phenotype [ENSG00000261526.1] [84/229]
  * #variants in cis = 23
  * Best hit: [id=19_internal_6924, d=306956, pv=0.00473908, s=0.2221]

Processing phenotype [ENSG00000129968.11] [85/229]
  * #variants in cis = 23
  * Best hit: [id=19_internal_6577, d=445667, pv=0.101482, s=-0.1267]

Processing phenotype [ENSG00000227500.5] [86/229]
  * #variants in cis = 24
  * Best hit: [id=19_internal_7187, d=994952, pv=0.02146, s=-0.1739]

Processing phenotype [ENSG00000213638.3] [87/229]
  * #variants in cis = 24
  * Best hit: [id=19_internal_6897, d=-857267, pv=0.0043946, s=0.2165]

Processing phenotype [ENSG00000198683.2] [88/229]
  * #variants in cis = 24
  * Best hit: [id=19_internal_7058, d=784911, pv=0.0097153, s=0.2032]

Processing phenotype [ENSG00000133275.11] [89/229]
  * #variants in cis = 24
  * Best hit: [id=19_internal_6673, d=-758885, pv=0.00326193, s=0.2276]

Processing phenotype [ENSG00000180846.4] [90/229]
  * #variants in cis = 24
  * Best hit: [id=19_internal_7063, d=901382, pv=0.0416162, s=0.1609]

Processing phenotype [ENSG00000267283.1] [91/229]
  * #variants in cis = 25
  * Best hit: [id=19_internal_6338, d=-139746, pv=0.0747817, s=-0.1318]

Processing phenotype [ENSG00000133243.4] [92/229]
  * #variants in cis = 24
  * Best hit: [id=19_internal_6338, d=185226, pv=0.0107983, s=-0.1983]

Processing phenotype [ENSG00000099875.10] [93/229]
  * #variants in cis = 23
  * Best hit: [id=19_internal_9408, d=-497341, pv=0.004515, s=0.2204]

Processing phenotype [ENSG00000099840.8] [94/229]
  * #variants in cis = 22
  * Best hit: [id=19_internal_6338, d=-246726, pv=0.0510809, s=0.1525]

Processing phenotype [ENSG00000172081.9] [95/229]
  * #variants in cis = 22
  * Best hit: [id=19_internal_7844, d=-791908, pv=0.0739391, s=-0.1379]

Processing phenotype [ENSG00000104885.11] [96/229]
  * #variants in cis = 24
  * Best hit: [id=19_internal_7884, d=944628, pv=0.0296902, s=-0.1735]

Processing phenotype [ENSG00000065000.11] [97/229]
  * #variants in cis = 24
  * Best hit: [id=19_internal_9408, d=-384120, pv=0.00107043, s=0.2615]

Processing phenotype [ENSG00000267122.1] [98/229]
  * #variants in cis = 23
  * Best hit: [id=19_internal_9522, d=-334161, pv=0.106951, s=0.1242]

Processing phenotype [ENSG00000221411.1] [99/229]
  * #variants in cis = 23
  * Best hit: [id=19_internal_6940, d=0, pv=0.000429829, s=0.2844]

Processing phenotype [ENSG00000104897.4] [100/229]
  * #variants in cis = 23
  * Best hit: [id=19_internal_6924, d=-667308, pv=0.0241795, s=-0.1716]

Processing phenotype [ENSG00000104886.4] [101/229]
  * #variants in cis = 23
  * Best hit: [id=19_internal_6495, d=138904, pv=0.0161429, s=0.1942]

Processing phenotype [ENSG00000104899.3] [102/229]
  * #variants in cis = 23
  * Best hit: [id=19_internal_7058, d=461430, pv=0.0293649, s=0.1708]

Processing phenotype [ENSG00000104904.6] [103/229]
  * #variants in cis = 23
  * Best hit: [id=19_internal_6798, d=-617182, pv=0.051635, s=0.1479]

Processing phenotype [ENSG00000167476.5] [104/229]
  * #variants in cis = 23
  * Best hit: [id=19_internal_7025, d=675669, pv=0.0144809, s=0.1916]

Processing phenotype [ENSG00000267621.1] [105/229]
  * #variants in cis = 23
  * Best hit: [id=19_internal_7884, d=-837831, pv=0.012298, s=-0.2028]

Processing phenotype [ENSG00000188305.4] [106/229]
  * #variants in cis = 23
  * Best hit: [id=19_internal_8727, d=0, pv=0.10535, s=-0.1309]

Processing phenotype [ENSG00000220008.2] [107/229]
  * #variants in cis = 23
  * Best hit: [id=19_internal_6600, d=397467, pv=0.0244913, s=-0.1753]

Processing phenotype [ENSG00000130332.9] [108/229]
  * #variants in cis = 23
  * Best hit: [id=19_internal_7927, d=0, pv=0.023134, s=-0.1851]

Processing phenotype [ENSG00000005206.10] [109/229]
  * #variants in cis = 23
  * Best hit: [id=19_internal_6495, d=-229818, pv=0.160649, s=0.1090]

Processing phenotype [ENSG00000267331.1] [110/229]
  * #variants in cis = 23
  * Best hit: [id=19_internal_6495, d=256979, pv=0.13363, s=-0.1180]

Processing phenotype [ENSG00000178297.8] [111/229]
  * #variants in cis = 23
  * Best hit: [id=19_internal_6600, d=-479080, pv=0.051328, s=-0.1536]

Processing phenotype [ENSG00000099800.3] [112/229]
  * #variants in cis = 23
  * Best hit: [id=19_internal_6605, d=31475, pv=0.0244945, s=0.1879]

Processing phenotype [ENSG00000176619.5] [113/229]
  * #variants in cis = 22
  * Best hit: [id=19_internal_7844, d=-431586, pv=0.138404, s=-0.1205]

Processing phenotype [ENSG00000099860.4] [114/229]
  * #variants in cis = 22
  * Best hit: [id=19_internal_7187, d=424045, pv=0.079114, s=-0.1403]

Processing phenotype [ENSG00000267412.1] [115/229]
  * #variants in cis = 21
  * Best hit: [id=19_internal_7058, d=-98236, pv=0.109797, s=0.1270]

Processing phenotype [ENSG00000267749.1] [116/229]
  * #variants in cis = 21
  * Best hit: [id=19_internal_7058, d=-66245, pv=0.000398315, s=0.2773]

Processing phenotype [ENSG00000176533.8] [117/229]
  * #variants in cis = 20
  * Best hit: [id=19_internal_9408, d=0, pv=1.88858e-11, s=0.4876]

Processing phenotype [ENSG00000261342.1] [118/229]
  * #variants in cis = 20
  * Best hit: [id=19_internal_7058, d=1767, pv=0.00541801, s=0.2301]

Processing phenotype [ENSG00000267001.1] [119/229]
  * #variants in cis = 20
  * Best hit: [id=19_internal_7058, d=12488, pv=5.85708e-11, s=0.5089]

Processing phenotype [ENSG00000141873.6] [120/229]
  * #variants in cis = 20
  * Best hit: [id=19_internal_7058, d=12592, pv=1.66185e-10, s=0.4913]

Processing phenotype [ENSG00000104969.5] [121/229]
  * #variants in cis = 21
  * Best hit: [id=19_internal_7058, d=55811, pv=0.00793982, s=0.2101]

Processing phenotype [ENSG00000172009.10] [122/229]
  * #variants in cis = 21
  * Best hit: [id=19_internal_9408, d=-44650, pv=0.000157191, s=0.2854]

Processing phenotype [ENSG00000172006.7] [123/229]
  * #variants in cis = 21
  * Best hit: [id=19_internal_7058, d=-92314, pv=9.13968e-05, s=0.3151]

Processing phenotype [ENSG00000186300.7] [124/229]
  * #variants in cis = 21
  * Best hit: [id=19_internal_7844, d=47147, pv=0.000842652, s=0.2663]

Processing phenotype [ENSG00000267063.1] [125/229]
  * #variants in cis = 20
  * Best hit: [id=19_internal_7187, d=-41451, pv=0.0113356, s=-0.2136]

Processing phenotype [ENSG00000171970.8] [126/229]
  * #variants in cis = 20
  * Best hit: [id=19_internal_7844, d=0, pv=0.0112259, s=0.2019]

Processing phenotype [ENSG00000253392.2] [127/229]
  * #variants in cis = 19
  * Best hit: [id=19_internal_6892, d=622029, pv=0.141486, s=0.1205]

Processing phenotype [ENSG00000175691.8] [128/229]
  * #variants in cis = 20
  * Best hit: [id=19_internal_6892, d=640193, pv=0.0293874, s=0.1735]

Processing phenotype [ENSG00000065717.10] [129/229]
  * #variants in cis = 21
  * Best hit: [id=19_internal_7058, d=320075, pv=0.0488257, s=-0.1552]

Processing phenotype [ENSG00000267469.1] [130/229]
  * #variants in cis = 22
  * Best hit: [id=19_internal_7187, d=-75331, pv=0.0106007, s=-0.2072]

Processing phenotype [ENSG00000104964.10] [131/229]
  * #variants in cis = 22
  * Best hit: [id=19_internal_6940, d=766452, pv=0.0334565, s=-0.1738]

Processing phenotype [ENSG00000088256.4] [132/229]
  * #variants in cis = 23
  * Best hit: [id=19_internal_7288, d=0, pv=1.47465e-12, s=0.4973]

Processing phenotype [ENSG00000267139.1] [133/229]
  * #variants in cis = 22
  * Best hit: [id=19_internal_7288, d=22382, pv=9.37148e-05, s=0.3037]

Processing phenotype [ENSG00000267688.1] [134/229]
  * #variants in cis = 22
  * Best hit: [id=19_internal_7288, d=25206, pv=1.74326e-08, s=0.4188]

Processing phenotype [ENSG00000060558.3] [135/229]
  * #variants in cis = 22
  * Best hit: [id=19_internal_9408, d=-395383, pv=0.0186843, s=-0.1787]

Processing phenotype [ENSG00000267551.2] [136/229]
  * #variants in cis = 22
  * Best hit: [id=19_internal_7288, d=58253, pv=0.0793552, s=0.1357]

Processing phenotype [ENSG00000125910.4] [137/229]
  * #variants in cis = 21
  * Best hit: [id=19_internal_6517, d=0, pv=0.0110088, s=0.1958]

Processing phenotype [ENSG00000125912.6] [138/229]
  * #variants in cis = 21
  * Best hit: [id=19_internal_6517, d=0, pv=0.0352335, s=0.1669]

Processing phenotype [ENSG00000141905.13] [139/229]
  * #variants in cis = 19
  * Best hit: [id=19_internal_7884, d=-232951, pv=0.0138392, s=-0.1950]

Processing phenotype [ENSG00000095932.5] [140/229]
  * #variants in cis = 17
  * Best hit: [id=19_internal_6420, d=-463369, pv=0.0332062, s=0.1679]

Processing phenotype [ENSG00000129932.3] [141/229]
  * #variants in cis = 17
  * Best hit: [id=19_internal_7884, d=374328, pv=0.0216347, s=-0.1828]

Processing phenotype [ENSG00000105325.9] [142/229]
  * #variants in cis = 17
  * Best hit: [id=19_internal_9522, d=-868135, pv=0.00383241, s=-0.2224]

Processing phenotype [ENSG00000252408.1] [143/229]
  * #variants in cis = 17
  * Best hit: [id=19_internal_6793, d=-15501, pv=0.0203177, s=0.1821]

Processing phenotype [ENSG00000183397.5] [144/229]
  * #variants in cis = 18
  * Best hit: [id=19_internal_9408, d=-798344, pv=0.0456744, s=0.1511]

Processing phenotype [ENSG00000267436.1] [145/229]
  * #variants in cis = 18
  * Best hit: [id=19_internal_7884, d=-417587, pv=0.0914698, s=-0.1330]

Processing phenotype [ENSG00000267231.1] [146/229]
  * #variants in cis = 20
  * Best hit: [id=19_internal_7927, d=-184972, pv=0.0116588, s=0.2042]

Processing phenotype [ENSG00000064961.14] [147/229]
  * #variants in cis = 20
  * Best hit: [id=19_internal_7844, d=-671184, pv=0.143972, s=0.1220]

Processing phenotype [ENSG00000161091.8] [148/229]
  * #variants in cis = 20
  * Best hit: [id=19_internal_9408, d=833480, pv=0.00819865, s=0.2048]

Processing phenotype [ENSG00000226800.4] [149/229]
  * #variants in cis = 20
  * Best hit: [id=19_internal_9522, d=-969109, pv=0.0180979, s=-0.1835]

Processing phenotype [ENSG00000105298.9] [150/229]
  * #variants in cis = 21
  * Best hit: [id=19_internal_6900, d=-422440, pv=0.0524803, s=0.1568]

Processing phenotype [ENSG00000267304.1] [151/229]
  * #variants in cis = 20
  * Best hit: [id=19_internal_6517, d=-478090, pv=0.0359376, s=-0.1680]

Processing phenotype [ENSG00000186111.4] [152/229]
  * #variants in cis = 20
  * Best hit: [id=19_internal_7884, d=573867, pv=0.0792082, s=-0.1394]

Processing phenotype [ENSG00000105289.10] [153/229]
  * #variants in cis = 20
  * Best hit: [id=19_internal_8356, d=50459, pv=0.0222999, s=-0.1830]

Processing phenotype [ENSG00000267205.1] [154/229]
  * #variants in cis = 19
  * Best hit: [id=19_internal_8280, d=978698, pv=0.265736, s=0.0907]

Processing phenotype [ENSG00000267138.1] [155/229]
  * #variants in cis = 19
  * Best hit: [id=19_internal_7884, d=630047, pv=0.115353, s=0.1253]

Processing phenotype [ENSG00000011132.7] [156/229]
  * #variants in cis = 19
  * Best hit: [id=19_internal_7131, d=-847690, pv=0.0475909, s=0.1562]

Processing phenotype [ENSG00000183617.4] [157/229]
  * #variants in cis = 19
  * Best hit: [id=19_internal_7288, d=-665742, pv=0.0513855, s=0.1453]

Processing phenotype [ENSG00000173976.11] [158/229]
  * #variants in cis = 19
  * Best hit: [id=19_internal_8356, d=0, pv=0.0887149, s=-0.1343]

Processing phenotype [ENSG00000007264.9] [159/229]
  * #variants in cis = 19
  * Best hit: [id=19_internal_8158, d=-729318, pv=0.00570685, s=-0.2128]

Processing phenotype [ENSG00000207733.1] [160/229]
  * #variants in cis = 22
  * Best hit: [id=19_internal_7187, d=983933, pv=0.023027, s=-0.1787]

Processing phenotype [ENSG00000167657.7] [161/229]
  * #variants in cis = 22
  * Best hit: [id=19_internal_6420, d=18758, pv=4.28786e-05, s=0.3133]

Processing phenotype [ENSG00000206775.1] [162/229]
  * #variants in cis = 21
  * Best hit: [id=19_internal_6382, d=-263561, pv=0.0162461, s=0.1817]

Processing phenotype [ENSG00000167658.11] [163/229]
  * #variants in cis = 21
  * Best hit: [id=19_internal_8216, d=0, pv=0.170995, s=0.1132]

Processing phenotype [ENSG00000105229.2] [164/229]
  * #variants in cis = 21
  * Best hit: [id=19_internal_7884, d=-881034, pv=0.0178858, s=-0.1806]

Processing phenotype [ENSG00000205147.3] [165/229]
  * #variants in cis = 21
  * Best hit: [id=19_internal_6517, d=848664, pv=0.0482563, s=-0.1615]

Processing phenotype [ENSG00000268670.1] [166/229]
  * #variants in cis = 21
  * Best hit: [id=19_internal_6517, d=868257, pv=0.00362987, s=-0.2298]

Processing phenotype [ENSG00000178951.4] [167/229]
  * #variants in cis = 21
  * Best hit: [id=19_internal_7884, d=940333, pv=0.0123884, s=-0.1920]

Processing phenotype [ENSG00000126934.8] [168/229]
  * #variants in cis = 20
  * Best hit: [id=19_internal_7927, d=751085, pv=0.0125237, s=-0.1899]

Processing phenotype [ENSG00000077463.10] [169/229]
  * #variants in cis = 20
  * Best hit: [id=19_internal_8727, d=0, pv=0.0313411, s=0.1779]

Processing phenotype [ENSG00000089847.8] [170/229]
  * #variants in cis = 20
  * Best hit: [id=19_internal_6968, d=676331, pv=0.141114, s=-0.1136]

Processing phenotype [ENSG00000105248.11] [171/229]
  * #variants in cis = 19
  * Best hit: [id=19_internal_6968, d=612606, pv=0.161349, s=-0.1032]

Processing phenotype [ENSG00000008382.11] [172/229]
  * #variants in cis = 19
  * Best hit: [id=19_internal_8280, d=389012, pv=0.0607366, s=-0.1449]

Processing phenotype [ENSG00000267938.1] [173/229]
  * #variants in cis = 19
  * Best hit: [id=19_internal_8216, d=224121, pv=0.0131413, s=-0.1995]

Processing phenotype [ENSG00000269807.1] [174/229]
  * #variants in cis = 19
  * Best hit: [id=19_internal_6900, d=0, pv=0.0222005, s=0.1861]

Processing phenotype [ENSG00000269318.1] [175/229]
  * #variants in cis = 19
  * Best hit: [id=19_internal_8280, d=-374091, pv=0.0252729, s=-0.1685]

Processing phenotype [ENSG00000267980.1] [176/229]
  * #variants in cis = 19
  * Best hit: [id=19_internal_6900, d=0, pv=0.0194901, s=0.1892]

Processing phenotype [ENSG00000141985.5] [177/229]
  * #variants in cis = 18
  * Best hit: [id=19_internal_6968, d=-459138, pv=0.0851275, s=-0.1309]

Processing phenotype [ENSG00000167670.11] [178/229]
  * #variants in cis = 18
  * Best hit: [id=19_internal_6793, d=-843652, pv=0.090512, s=0.1324]

Processing phenotype [ENSG00000267255.1] [179/229]
  * #variants in cis = 18
  * Best hit: [id=19_internal_6968, d=-428751, pv=0.000796614, s=0.2631]

Processing phenotype [ENSG00000266437.1] [180/229]
  * #variants in cis = 18
  * Best hit: [id=19_internal_6443, d=111980, pv=0.0310736, s=0.1711]

Processing phenotype [ENSG00000267030.1] [181/229]
  * #variants in cis = 18
  * Best hit: [id=19_internal_6221, d=501628, pv=0.0682515, s=0.1406]

Processing phenotype [ENSG00000267769.1] [182/229]
  * #variants in cis = 18
  * Best hit: [id=19_internal_5906, d=101765, pv=0.0518393, s=-0.1614]

Processing phenotype [ENSG00000167671.7] [183/229]
  * #variants in cis = 18
  * Best hit: [id=19_internal_8727, d=0, pv=0.00707222, s=0.2208]

Processing phenotype [ENSG00000267011.1] [184/229]
  * #variants in cis = 18
  * Best hit: [id=19_internal_6221, d=-477439, pv=0.0707172, s=0.1474]

Processing phenotype [ENSG00000167674.10] [185/229]
  * #variants in cis = 18
  * Best hit: [id=19_internal_6431, d=-380999, pv=0.014557, s=-0.1911]

Processing phenotype [ENSG00000220693.2] [186/229]
  * #variants in cis = 18
  * Best hit: [id=19_internal_6900, d=-84289, pv=0.107563, s=-0.1234]

Processing phenotype [ENSG00000167676.3] [187/229]
  * #variants in cis = 18
  * Best hit: [id=19_internal_6431, d=426431, pv=0.0341577, s=-0.1711]

Processing phenotype [ENSG00000214456.4] [188/229]
  * #variants in cis = 18
  * Best hit: [id=19_internal_6443, d=-22719, pv=0.000899055, s=0.2493]

Processing phenotype [ENSG00000267385.1] [189/229]
  * #variants in cis = 18
  * Best hit: [id=19_internal_6443, d=-17876, pv=0.000903063, s=0.2473]

Processing phenotype [ENSG00000171236.8] [190/229]
  * #variants in cis = 18
  * Best hit: [id=19_internal_6443, d=-17851, pv=0.00620385, s=0.2111]

Processing phenotype [ENSG00000263974.1] [191/229]
  * #variants in cis = 18
  * Best hit: [id=19_internal_6443, d=12748, pv=0.00175737, s=0.2472]

Processing phenotype [ENSG00000167680.11] [192/229]
  * #variants in cis = 17
  * Best hit: [id=19_internal_6443, d=0, pv=5.56597e-05, s=0.3124]

Processing phenotype [ENSG00000185361.4] [193/229]
  * #variants in cis = 17
  * Best hit: [id=19_internal_7131, d=0, pv=0.00247578, s=0.2475]

Processing phenotype [ENSG00000268565.1] [194/229]
  * #variants in cis = 17
  * Best hit: [id=19_internal_8216, d=530599, pv=0.0986761, s=-0.1341]

Processing phenotype [ENSG00000074842.3] [195/229]
  * #variants in cis = 17
  * Best hit: [id=19_internal_6900, d=277623, pv=0.0698283, s=0.1385]

Processing phenotype [ENSG00000205790.1] [196/229]
  * #variants in cis = 17
  * Best hit: [id=19_internal_6221, d=269635, pv=0.075759, s=-0.1405]

Processing phenotype [ENSG00000142002.12] [197/229]
  * #variants in cis = 17
  * Best hit: [id=19_internal_6382, d=0, pv=0.0949472, s=-0.1347]

Processing phenotype [ENSG00000141965.3] [198/229]
  * #variants in cis = 17
  * Best hit: [id=19_internal_6886, d=116053, pv=0.0109132, s=0.2042]

Processing phenotype [ENSG00000269604.1] [199/229]
  * #variants in cis = 17
  * Best hit: [id=19_internal_6886, d=-112210, pv=0.01017, s=0.2064]

Processing phenotype [ENSG00000127666.8] [200/229]
  * #variants in cis = 17
  * Best hit: [id=19_internal_8176, d=-305870, pv=0.0614657, s=0.1500]

Processing phenotype [ENSG00000267484.1] [201/229]
  * #variants in cis = 17
  * Best hit: [id=19_internal_6906, d=56147, pv=0.0707937, s=0.1429]

Processing phenotype [ENSG00000105355.4] [202/229]
  * #variants in cis = 17
  * Best hit: [id=19_internal_6906, d=-26711, pv=0.0398726, s=0.1607]

Processing phenotype [ENSG00000221535.1] [203/229]
  * #variants in cis = 17
  * Best hit: [id=19_internal_8216, d=764373, pv=0.00837438, s=0.2064]

Processing phenotype [ENSG00000205784.2] [204/229]
  * #variants in cis = 17
  * Best hit: [id=19_internal_8158, d=366980, pv=0.0379699, s=0.1647]

Processing phenotype [ENSG00000034063.8] [205/229]
  * #variants in cis = 17
  * Best hit: [id=19_internal_6886, d=4689, pv=0.0103432, s=-0.2048]

Processing phenotype [ENSG00000127663.9] [206/229]
  * #variants in cis = 16
  * Best hit: [id=19_internal_7131, d=-43144, pv=0.05388, s=0.1508]

Processing phenotype [ENSG00000105426.10] [207/229]
  * #variants in cis = 16
  * Best hit: [id=19_internal_6382, d=0, pv=0.0135917, s=0.1906]

Processing phenotype [ENSG00000223573.2] [208/229]
  * #variants in cis = 14
  * Best hit: [id=19_internal_7131, d=642064, pv=0.102272, s=-0.1322]

Processing phenotype [ENSG00000233270.1] [209/229]
  * #variants in cis = 12
  * Best hit: [id=19_internal_7131, d=650968, pv=0.105087, s=-0.1325]

Processing phenotype [ENSG00000160633.8] [210/229]
  * #variants in cis = 12
  * Best hit: [id=19_internal_6968, d=-497286, pv=0.0143575, s=0.1945]

Processing phenotype [ENSG00000130254.7] [211/229]
  * #variants in cis = 12
  * Best hit: [id=19_internal_6382, d=0, pv=0.0195281, s=-0.1774]

Processing phenotype [ENSG00000130255.8] [212/229]
  * #variants in cis = 13
  * Best hit: [id=19_internal_9931, d=965940, pv=0.0386919, s=0.1605]

Processing phenotype [ENSG00000167733.9] [213/229]
  * #variants in cis = 13
  * Best hit: [id=19_internal_8321, d=551342, pv=0.0341023, s=-0.1610]

Processing phenotype [ENSG00000174917.4] [214/229]
  * #variants in cis = 13
  * Best hit: [id=19_internal_8321, d=-551050, pv=0.014545, s=0.1805]

Processing phenotype [ENSG00000196365.7] [215/229]
  * #variants in cis = 13
  * Best hit: [id=19_internal_6906, d=815467, pv=0.042388, s=0.1638]

Processing phenotype [ENSG00000174898.11] [216/229]
  * #variants in cis = 13
  * Best hit: [id=19_internal_8321, d=511269, pv=0.0933368, s=-0.1339]

Processing phenotype [ENSG00000212123.3] [217/229]
  * #variants in cis = 13
  * Best hit: [id=19_internal_7131, d=858795, pv=0.010324, s=-0.1996]

Processing phenotype [ENSG00000267157.1] [218/229]
  * #variants in cis = 13
  * Best hit: [id=19_internal_7131, d=859649, pv=0.0278377, s=-0.1767]

Processing phenotype [ENSG00000141994.10] [219/229]
  * #variants in cis = 13
  * Best hit: [id=19_internal_8321, d=-440721, pv=0.162428, s=-0.1090]

Processing phenotype [ENSG00000266941.1] [220/229]
  * #variants in cis = 13
  * Best hit: [id=19_internal_6221, d=-944273, pv=0.0144684, s=0.2012]

Processing phenotype [ENSG00000130383.6] [221/229]
  * #variants in cis = 13
  * Best hit: [id=19_internal_6382, d=0, pv=0.0210508, s=0.1834]

Processing phenotype [ENSG00000267740.1] [222/229]
  * #variants in cis = 13
  * Best hit: [id=19_internal_6382, d=0, pv=0.0170989, s=0.1895]

Processing phenotype [ENSG00000174886.8] [223/229]
  * #variants in cis = 13
  * Best hit: [id=19_internal_6382, d=0, pv=0.0367281, s=0.1636]

Processing phenotype [ENSG00000267314.1] [224/229]
  * #variants in cis = 13
  * Best hit: [id=19_internal_6968, d=-779092, pv=0.0387886, s=-0.1638]

Processing phenotype [ENSG00000187650.3] [225/229]
  * #variants in cis = 13
  * Best hit: [id=19_internal_8727, d=0, pv=0.000455712, s=-0.2843]

Processing phenotype [ENSG00000105519.7] [226/229]
  * #variants in cis = 12
  * Best hit: [id=19_internal_8727, d=0, pv=0.0125763, s=-0.1946]

Processing phenotype [ENSG00000267571.1] [227/229]
  * #variants in cis = 12
  * Best hit: [id=19_internal_8727, d=0, pv=0.000675643, s=-0.2776]

Processing phenotype [ENSG00000031823.10] [228/229]
  * #variants in cis = 10
  * Best hit: [id=19_internal_8321, d=-253804, pv=0.0164702, s=-0.1862]

Processing phenotype [ENSG00000266983.1] [229/229]
  * #variants in cis = 10
  * Best hit: [id=19_internal_7932, d=77293, pv=0.00149906, s=0.2568]

Running time: 1 seconds
