Sender: LSF System <lsfadmin@cpt09>
Subject: Job 974665: </data/unige/funpopgen/odelanea/SGX/V2/binaries/qtltools/bin/QTLtools cis --vcf /data/unige/funpopgen/grey2/SYSCID/BLUEPRINT_DATA/CRD/THREE_CELL_TYPES/CLOMICS/CELL_TYPE_COMPARISON_GENE_CRD_ASSOCIATIONS/quantify/72_vs_70_ALL.ALLchr.mean.txt.gz --bed /data/unige/funpopgen/grey2/SYSCID/BLUEPRINT_DATA/CRD/THREE_CELL_TYPES/QTL_TOOLS/EGAD00001002674_v3.0/EGAD00001002674_RNA.PC10.bed.gz --nominal /data/unige/funpopgen/grey2/SYSCID/BLUEPRINT_DATA/CRD/THREE_CELL_TYPES/CLOMICS/CELL_TYPE_COMPARISON_GENE_CRD_ASSOCIATIONS/mapping_aCRD_gene/72_vs_70/gene_CRD_mean_permutations.thresholds.txt --chunk 44 100 --out /data/unige/funpopgen/grey2/SYSCID/BLUEPRINT_DATA/CRD/THREE_CELL_TYPES/CLOMICS/CELL_TYPE_COMPARISON_GENE_CRD_ASSOCIATIONS/mapping_aCRD_gene/72_vs_70/mapping_gene_CRD_mean_chunk44\.txt> in cluster <ug> Done

Job </data/unige/funpopgen/odelanea/SGX/V2/binaries/qtltools/bin/QTLtools cis --vcf /data/unige/funpopgen/grey2/SYSCID/BLUEPRINT_DATA/CRD/THREE_CELL_TYPES/CLOMICS/CELL_TYPE_COMPARISON_GENE_CRD_ASSOCIATIONS/quantify/72_vs_70_ALL.ALLchr.mean.txt.gz --bed /data/unige/funpopgen/grey2/SYSCID/BLUEPRINT_DATA/CRD/THREE_CELL_TYPES/QTL_TOOLS/EGAD00001002674_v3.0/EGAD00001002674_RNA.PC10.bed.gz --nominal /data/unige/funpopgen/grey2/SYSCID/BLUEPRINT_DATA/CRD/THREE_CELL_TYPES/CLOMICS/CELL_TYPE_COMPARISON_GENE_CRD_ASSOCIATIONS/mapping_aCRD_gene/72_vs_70/gene_CRD_mean_permutations.thresholds.txt --chunk 44 100 --out /data/unige/funpopgen/grey2/SYSCID/BLUEPRINT_DATA/CRD/THREE_CELL_TYPES/CLOMICS/CELL_TYPE_COMPARISON_GENE_CRD_ASSOCIATIONS/mapping_aCRD_gene/72_vs_70/mapping_gene_CRD_mean_chunk44\.txt> was submitted from host <cpt01> by user <grey2> in cluster <ug>.
Job was executed on host(s) <cpt09>, in queue <normal>, as user <grey2> in cluster <ug>.
</home/grey2> was used as the home directory.
</data/unige/funpopgen/grey2/SYSCID/BLUEPRINT_DATA/CRD/THREE_CELL_TYPES/CLOMICS/CELL_TYPE_COMPARISON_GENE_CRD_ASSOCIATIONS> was used as the working directory.
Started at Thu Mar 21 13:47:49 2019
Results reported at Thu Mar 21 13:47:53 2019

Your job looked like:

------------------------------------------------------------
# LSBATCH: User input
/data/unige/funpopgen/odelanea/SGX/V2/binaries/qtltools/bin/QTLtools cis --vcf /data/unige/funpopgen/grey2/SYSCID/BLUEPRINT_DATA/CRD/THREE_CELL_TYPES/CLOMICS/CELL_TYPE_COMPARISON_GENE_CRD_ASSOCIATIONS/quantify/72_vs_70_ALL.ALLchr.mean.txt.gz --bed /data/unige/funpopgen/grey2/SYSCID/BLUEPRINT_DATA/CRD/THREE_CELL_TYPES/QTL_TOOLS/EGAD00001002674_v3.0/EGAD00001002674_RNA.PC10.bed.gz --nominal /data/unige/funpopgen/grey2/SYSCID/BLUEPRINT_DATA/CRD/THREE_CELL_TYPES/CLOMICS/CELL_TYPE_COMPARISON_GENE_CRD_ASSOCIATIONS/mapping_aCRD_gene/72_vs_70/gene_CRD_mean_permutations.thresholds.txt --chunk 44 100 --out /data/unige/funpopgen/grey2/SYSCID/BLUEPRINT_DATA/CRD/THREE_CELL_TYPES/CLOMICS/CELL_TYPE_COMPARISON_GENE_CRD_ASSOCIATIONS/mapping_aCRD_gene/72_vs_70/mapping_gene_CRD_mean_chunk44\.txt

------------------------------------------------------------

Successfully completed.

Resource usage summary:

    CPU time :               1.49 sec.
    Max Memory :             11.84 MB
    Average Memory :         11.84 MB
    Total Requested Memory : -
    Delta Memory :           -
    (Delta: the difference between total requested memory and actual max usage.)
    Max Swap :               345 MB

    Max Processes :          4
    Max Threads :            5

The output (if any) follows:


[32mQTLtools[0m
  * Authors : Olivier DELANEAU / Halit ONGEN / Emmanouil DERMITZAKIS
  * Contact : olivier.delaneau@gmail.com / halit.ongen@unige.ch / Emmanouil.Dermitzakis@unige.ch
  * Webpage : https://qtltools.github.io/qtltools/
  * Version : 1.1
  * Date    : 21/03/2019 - 13:47:51
  * Citation: A complete tool set for molecular QTL discovery and analysis, https://doi.org/10.1101/068635

[32mMAPPING QTL IN CIS[0m
  * TASK: Report all nominal associations with p below thresholds in [/data/unige/funpopgen/grey2/SYSCID/BLUEPRINT_DATA/CRD/THREE_CELL_TYPES/CLOMICS/CELL_TYPE_COMPARISON_GENE_CRD_ASSOCIATIONS/mapping_aCRD_gene/72_vs_70/gene_CRD_mean_permutations.thresholds.txt]
  * Linear model: Phe ~ Var
  * Cis-window size is 1000000 bp
  * Chunk = [44/100]

Scanning phenotype data in [/data/unige/funpopgen/grey2/SYSCID/BLUEPRINT_DATA/CRD/THREE_CELL_TYPES/QTL_TOOLS/EGAD00001002674_v3.0/EGAD00001002674_RNA.PC10.bed.gz]
  * 26159 phenotypes included
  * 13004 phenotypes are on the negative strand

Initialize random number generator
  * Built-in seed is 15112011
  * First Integer = 30554
  * First Double = 0.0126695

Reading sample list from [/data/unige/funpopgen/grey2/SYSCID/BLUEPRINT_DATA/CRD/THREE_CELL_TYPES/QTL_TOOLS/EGAD00001002674_v3.0/EGAD00001002674_RNA.PC10.bed.gz]
  * #samples = 194

Reading sample list from [/data/unige/funpopgen/grey2/SYSCID/BLUEPRINT_DATA/CRD/THREE_CELL_TYPES/CLOMICS/CELL_TYPE_COMPARISON_GENE_CRD_ASSOCIATIONS/quantify/72_vs_70_ALL.ALLchr.mean.txt.gz]
  * #samples = 160

Merging sample sets from all input files
  * #files = 2
  * #samples in all files = 158
  * #samples NOT in all files (i.e. ignored) = 38

Reading phenotype data in [/data/unige/funpopgen/grey2/SYSCID/BLUEPRINT_DATA/CRD/THREE_CELL_TYPES/QTL_TOOLS/EGAD00001002674_v3.0/EGAD00001002674_RNA.PC10.bed.gz]
  * target region [19:49429428-54703838]
  * 227 phenotypes included
  * 113 phenotypes are on the negative strand

Reading genotype data in [/data/unige/funpopgen/grey2/SYSCID/BLUEPRINT_DATA/CRD/THREE_CELL_TYPES/CLOMICS/CELL_TYPE_COMPARISON_GENE_CRD_ASSOCIATIONS/quantify/72_vs_70_ALL.ALLchr.mean.txt.gz]
  * File format detected: BED
  * 158 samples included
  * 4 samples without phenotype data
  * target region [19:48429428-55703838]
  * 56 variants included

Reading nominal thresholds in [/data/unige/funpopgen/grey2/SYSCID/BLUEPRINT_DATA/CRD/THREE_CELL_TYPES/CLOMICS/CELL_TYPE_COMPARISON_GENE_CRD_ASSOCIATIONS/mapping_aCRD_gene/72_vs_70/gene_CRD_mean_permutations.thresholds.txt]
  * #phenotypes set = 227

Processing phenotype [ENSG00000260366.1] [1/227]
  * #variants in cis = 11
  * Best hit: [id=19_internal_7372, d=880305, pv=0.142421, s=-0.1205]

Processing phenotype [ENSG00000087088.14] [2/227]
  * #variants in cis = 11
  * Best hit: [id=19_internal_7021, d=656328, pv=0.0597743, s=0.1507]

Processing phenotype [ENSG00000267898.1] [3/227]
  * #variants in cis = 11
  * Best hit: [id=19_internal_7372, d=842501, pv=0.0260998, s=-0.1809]

Processing phenotype [ENSG00000087086.9] [4/227]
  * #variants in cis = 11
  * Best hit: [id=19_internal_7648, d=529398, pv=0.100504, s=-0.1290]

Processing phenotype [ENSG00000104812.9] [5/227]
  * #variants in cis = 11
  * Best hit: [id=19_internal_7372, d=-813166, pv=0.00702419, s=-0.2157]

Processing phenotype [ENSG00000183207.8] [6/227]
  * #variants in cis = 11
  * Best hit: [id=19_internal_6789, d=-266145, pv=0.0171004, s=0.1857]

Processing phenotype [ENSG00000104826.7] [7/227]
  * #variants in cis = 11
  * Best hit: [id=19_internal_7021, d=-594062, pv=0.148746, s=0.1077]

Processing phenotype [ENSG00000104852.10] [8/227]
  * #variants in cis = 11
  * Best hit: [id=19_internal_5822, d=726736, pv=0.0169585, s=-0.1913]

Processing phenotype [ENSG00000104863.6] [9/227]
  * #variants in cis = 11
  * Best hit: [id=19_internal_7372, d=692152, pv=0.119049, s=-0.1223]

Processing phenotype [ENSG00000221916.2] [10/227]
  * #variants in cis = 11
  * Best hit: [id=19_internal_7372, d=-687336, pv=0.0343221, s=-0.1635]

Processing phenotype [ENSG00000177380.8] [11/227]
  * #variants in cis = 11
  * Best hit: [id=19_internal_8088, d=-615385, pv=0.070093, s=0.1470]

Processing phenotype [ENSG00000130529.11] [12/227]
  * #variants in cis = 11
  * Best hit: [id=19_internal_7262, d=-201724, pv=0.0146415, s=0.1904]

Processing phenotype [ENSG00000063127.11] [13/227]
  * #variants in cis = 10
  * Best hit: [id=19_internal_7648, d=-169474, pv=0.140304, s=0.1232]

Processing phenotype [ENSG00000104894.7] [14/227]
  * #variants in cis = 10
  * Best hit: [id=19_internal_9935, d=0, pv=0.000684735, s=0.2585]

Processing phenotype [ENSG00000197813.3] [15/227]
  * #variants in cis = 10
  * Best hit: [id=19_internal_9935, d=0, pv=0.0296503, s=0.1722]

Processing phenotype [ENSG00000074219.9] [16/227]
  * #variants in cis = 10
  * Best hit: [id=19_internal_7802, d=-353667, pv=0.0434444, s=0.1637]

Processing phenotype [ENSG00000161618.5] [17/227]
  * #variants in cis = 10
  * Best hit: [id=19_internal_7372, d=353307, pv=0.0014336, s=0.2457]

Processing phenotype [ENSG00000104872.6] [18/227]
  * #variants in cis = 10
  * Best hit: [id=19_internal_6789, d=726194, pv=0.0333849, s=0.1687]

Processing phenotype [ENSG00000269469.1] [19/227]
  * #variants in cis = 10
  * Best hit: [id=19_internal_6789, d=-735449, pv=0.0266577, s=-0.1769]

Processing phenotype [ENSG00000090554.7] [20/227]
  * #variants in cis = 10
  * Best hit: [id=19_internal_9935, d=-55850, pv=0.0145064, s=-0.1903]

Processing phenotype [ENSG00000142541.11] [21/227]
  * #variants in cis = 11
  * Best hit: [id=19_internal_7262, d=-531537, pv=0.125087, s=0.1182]

Processing phenotype [ENSG00000201675.1] [22/227]
  * #variants in cis = 11
  * Best hit: [id=19_internal_6441, d=185791, pv=0.0314254, s=0.1614]

Processing phenotype [ENSG00000199631.1] [23/227]
  * #variants in cis = 11
  * Best hit: [id=19_internal_8088, d=-986594, pv=0.038762, s=0.1611]

Processing phenotype [ENSG00000202503.1] [24/227]
  * #variants in cis = 11
  * Best hit: [id=19_internal_8088, d=-986883, pv=0.149073, s=0.1134]

Processing phenotype [ENSG00000200259.1] [25/227]
  * #variants in cis = 11
  * Best hit: [id=19_internal_8088, d=-987154, pv=0.0445135, s=0.1574]

Processing phenotype [ENSG00000142534.2] [26/227]
  * #variants in cis = 11
  * Best hit: [id=19_internal_7648, d=0, pv=0.298627, s=-0.0822]

Processing phenotype [ENSG00000200530.1] [27/227]
  * #variants in cis = 11
  * Best hit: [id=19_internal_7021, d=113423, pv=0.0298131, s=0.1734]

Processing phenotype [ENSG00000268000.1] [28/227]
  * #variants in cis = 11
  * Best hit: [id=19_internal_6441, d=175232, pv=0.253365, s=0.0910]

Processing phenotype [ENSG00000104870.8] [29/227]
  * #variants in cis = 10
  * Best hit: [id=19_internal_7802, d=209308, pv=0.00866374, s=-0.2025]

Processing phenotype [ENSG00000142552.3] [30/227]
  * #variants in cis = 10
  * Best hit: [id=19_internal_6441, d=148138, pv=0.0069713, s=-0.2093]

Processing phenotype [ENSG00000126460.6] [31/227]
  * #variants in cis = 10
  * Best hit: [id=19_internal_9935, d=-162289, pv=0.122878, s=-0.1241]

Processing phenotype [ENSG00000142546.9] [32/227]
  * #variants in cis = 10
  * Best hit: [id=19_internal_7209, d=-885565, pv=0.0413069, s=0.1636]

Processing phenotype [ENSG00000126464.9] [33/227]
  * #variants in cis = 10
  * Best hit: [id=19_internal_6789, d=-864340, pv=0.0473085, s=-0.1581]

Processing phenotype [ENSG00000268636.1] [34/227]
  * #variants in cis = 10
  * Best hit: [id=19_internal_5822, d=-185716, pv=0.184505, s=0.1079]

Processing phenotype [ENSG00000126458.3] [35/227]
  * #variants in cis = 10
  * Best hit: [id=19_internal_7372, d=-166275, pv=0.0385267, s=-0.1586]

Processing phenotype [ENSG00000126461.10] [36/227]
  * #variants in cis = 10
  * Best hit: [id=19_internal_7372, d=164351, pv=0.0251409, s=0.1771]

Processing phenotype [ENSG00000126453.5] [37/227]
  * #variants in cis = 10
  * Best hit: [id=19_internal_7209, d=810261, pv=0.10234, s=0.1264]

Processing phenotype [ENSG00000126456.11] [38/227]
  * #variants in cis = 10
  * Best hit: [id=19_internal_7209, d=-809952, pv=0.0122181, s=0.1953]

Processing phenotype [ENSG00000126457.16] [39/227]
  * #variants in cis = 10
  * Best hit: [id=19_internal_6789, d=-948483, pv=0.148524, s=0.1072]

Processing phenotype [ENSG00000224420.3] [40/227]
  * #variants in cis = 10
  * Best hit: [id=19_internal_7372, d=117812, pv=0.0204509, s=0.1829]

Processing phenotype [ENSG00000268677.1] [41/227]
  * #variants in cis = 10
  * Best hit: [id=19_internal_7021, d=22803, pv=0.024684, s=-0.1727]

Processing phenotype [ENSG00000243829.1] [42/227]
  * #variants in cis = 11
  * Best hit: [id=19_internal_7372, d=-86395, pv=0.00262256, s=0.2431]

Processing phenotype [ENSG00000126467.6] [43/227]
  * #variants in cis = 10
  * Best hit: [id=19_internal_7802, d=1254, pv=1.46557e-11, s=0.4977]

Processing phenotype [ENSG00000196961.8] [44/227]
  * #variants in cis = 10
  * Best hit: [id=19_internal_6441, d=0, pv=0.088134, s=-0.1331]

Processing phenotype [ENSG00000269194.1] [45/227]
  * #variants in cis = 10
  * Best hit: [id=19_internal_7372, d=0, pv=0.00627034, s=0.2103]

Processing phenotype [ENSG00000010361.9] [46/227]
  * #variants in cis = 10
  * Best hit: [id=19_internal_7802, d=55300, pv=0.0551178, s=0.1553]

Processing phenotype [ENSG00000104973.10] [47/227]
  * #variants in cis = 10
  * Best hit: [id=19_internal_7021, d=-150512, pv=0.0499357, s=-0.1563]

Processing phenotype [ENSG00000104960.11] [48/227]
  * #variants in cis = 10
  * Best hit: [id=19_internal_5822, d=-30865, pv=0.112184, s=-0.1261]

Processing phenotype [ENSG00000268006.1] [49/227]
  * #variants in cis = 10
  * Best hit: [id=19_internal_7372, d=907, pv=0.0555406, s=0.1514]

Processing phenotype [ENSG00000265954.1] [50/227]
  * #variants in cis = 10
  * Best hit: [id=19_internal_7209, d=621236, pv=0.0572252, s=0.1513]

Processing phenotype [ENSG00000268047.1] [51/227]
  * #variants in cis = 10
  * Best hit: [id=19_internal_7021, d=187197, pv=0.0522017, s=0.1529]

Processing phenotype [ENSG00000269352.1] [52/227]
  * #variants in cis = 10
  * Best hit: [id=19_internal_7262, d=903272, pv=0.301237, s=0.0825]

Processing phenotype [ENSG00000267896.1] [53/227]
  * #variants in cis = 10
  * Best hit: [id=19_internal_5822, d=40644, pv=0.0106884, s=-0.1978]

Processing phenotype [ENSG00000039650.5] [54/227]
  * #variants in cis = 10
  * Best hit: [id=19_internal_9935, d=449552, pv=0.070484, s=-0.1399]

Processing phenotype [ENSG00000104946.5] [55/227]
  * #variants in cis = 10
  * Best hit: [id=19_internal_9935, d=-459068, pv=0.0595428, s=-0.1493]

Processing phenotype [ENSG00000204673.6] [56/227]
  * #variants in cis = 10
  * Best hit: [id=19_internal_7802, d=116383, pv=0.231016, s=0.0946]

Processing phenotype [ENSG00000263462.1] [57/227]
  * #variants in cis = 10
  * Best hit: [id=19_internal_7262, d=-932158, pv=0.101818, s=0.1268]

Processing phenotype [ENSG00000169136.4] [58/227]
  * #variants in cis = 10
  * Best hit: [id=19_internal_7648, d=-409703, pv=0.0197618, s=0.1788]

Processing phenotype [ENSG00000104951.11] [59/227]
  * #variants in cis = 10
  * Best hit: [id=19_internal_6819, d=-788294, pv=0.170366, s=-0.1064]

Processing phenotype [ENSG00000213024.6] [60/227]
  * #variants in cis = 10
  * Best hit: [id=19_internal_6819, d=-788070, pv=0.000844546, s=-0.2564]

Processing phenotype [ENSG00000265438.1] [61/227]
  * #variants in cis = 10
  * Best hit: [id=19_internal_7209, d=542763, pv=0.076569, s=0.1417]

Processing phenotype [ENSG00000221125.1] [62/227]
  * #variants in cis = 10
  * Best hit: [id=19_internal_6819, d=-768306, pv=0.0195174, s=-0.1832]

Processing phenotype [ENSG00000269179.1] [63/227]
  * #variants in cis = 9
  * Best hit: [id=19_internal_6819, d=-759442, pv=0.00124602, s=-0.2537]

Processing phenotype [ENSG00000161640.11] [64/227]
  * #variants in cis = 9
  * Best hit: [id=19_internal_6819, d=-756661, pv=0.0883615, s=-0.1335]

Processing phenotype [ENSG00000161643.8] [65/227]
  * #variants in cis = 9
  * Best hit: [id=19_internal_7021, d=-301830, pv=0.347644, s=0.0778]

Processing phenotype [ENSG00000142528.11] [66/227]
  * #variants in cis = 9
  * Best hit: [id=19_internal_7209, d=450113, pv=0.00413308, s=0.2214]

Processing phenotype [ENSG00000105053.6] [67/227]
  * #variants in cis = 9
  * Best hit: [id=19_internal_6819, d=-691887, pv=0.00367954, s=0.2208]

Processing phenotype [ENSG00000204666.3] [68/227]
  * #variants in cis = 9
  * Best hit: [id=19_internal_5822, d=-230719, pv=0.0502886, s=0.1517]

Processing phenotype [ENSG00000269091.1] [69/227]
  * #variants in cis = 9
  * Best hit: [id=19_internal_7648, d=532063, pv=0.0369909, s=0.1642]

Processing phenotype [ENSG00000131408.9] [70/227]
  * #variants in cis = 13
  * Best hit: [id=19_internal_7209, d=146174, pv=0.081183, s=0.1337]

Processing phenotype [ENSG00000131398.9] [71/227]
  * #variants in cis = 13
  * Best hit: [id=19_internal_6819, d=-384318, pv=0.0151002, s=-0.1977]

Processing phenotype [ENSG00000131401.7] [72/227]
  * #variants in cis = 14
  * Best hit: [id=19_internal_9713, d=-750049, pv=0.021357, s=-0.1804]

Processing phenotype [ENSG00000131400.3] [73/227]
  * #variants in cis = 14
  * Best hit: [id=19_internal_7372, d=515061, pv=0.0296265, s=0.1792]

Processing phenotype [ENSG00000269392.1] [74/227]
  * #variants in cis = 14
  * Best hit: [id=19_internal_9935, d=950974, pv=0.0710304, s=0.1381]

Processing phenotype [ENSG00000062822.8] [75/227]
  * #variants in cis = 14
  * Best hit: [id=19_internal_6441, d=-357280, pv=0.0562344, s=-0.1551]

Processing phenotype [ENSG00000142539.8] [76/227]
  * #variants in cis = 15
  * Best hit: [id=19_internal_7209, d=60028, pv=0.0422094, s=0.1605]

Processing phenotype [ENSG00000269404.1] [77/227]
  * #variants in cis = 14
  * Best hit: [id=19_internal_7648, d=-899939, pv=0.0954902, s=-0.1277]

Processing phenotype [ENSG00000161671.12] [78/227]
  * #variants in cis = 15
  * Best hit: [id=19_internal_6441, d=-449476, pv=0.157193, s=-0.1171]

Processing phenotype [ENSG00000142530.5] [79/227]
  * #variants in cis = 15
  * Best hit: [id=19_internal_7537, d=-742205, pv=0.0256874, s=-0.1677]

Processing phenotype [ENSG00000268854.1] [80/227]
  * #variants in cis = 15
  * Best hit: [id=19_internal_6705, d=-982148, pv=0.233509, s=0.0945]

Processing phenotype [ENSG00000268518.1] [81/227]
  * #variants in cis = 15
  * Best hit: [id=19_internal_7537, d=-731320, pv=0.0729292, s=0.1478]

Processing phenotype [ENSG00000161677.7] [82/227]
  * #variants in cis = 16
  * Best hit: [id=19_internal_6819, d=-206480, pv=0.0811149, s=0.1357]

Processing phenotype [ENSG00000204653.5] [83/227]
  * #variants in cis = 16
  * Best hit: [id=19_internal_6441, d=487766, pv=0.0155667, s=-0.1896]

Processing phenotype [ENSG00000131409.8] [84/227]
  * #variants in cis = 15
  * Best hit: [id=19_internal_6819, d=-149788, pv=0.0767391, s=0.1412]

Processing phenotype [ENSG00000105472.8] [85/227]
  * #variants in cis = 18
  * Best hit: [id=19_internal_6819, d=0, pv=6.59365e-19, s=0.6151]

Processing phenotype [ENSG00000142513.4] [86/227]
  * #variants in cis = 19
  * Best hit: [id=19_internal_5822, d=-970545, pv=0.129656, s=-0.1216]

Processing phenotype [ENSG00000268375.1] [87/227]
  * #variants in cis = 19
  * Best hit: [id=19_internal_8542, d=-545137, pv=0.0647018, s=-0.1456]

Processing phenotype [ENSG00000221381.1] [88/227]
  * #variants in cis = 19
  * Best hit: [id=19_internal_8259, d=-594400, pv=0.0343154, s=0.1710]

Processing phenotype [ENSG00000221241.1] [89/227]
  * #variants in cis = 19
  * Best hit: [id=19_internal_8542, d=-539189, pv=0.155382, s=-0.1156]

Processing phenotype [ENSG00000220988.1] [90/227]
  * #variants in cis = 19
  * Best hit: [id=19_internal_6819, d=73597, pv=0.00404565, s=0.2215]

Processing phenotype [ENSG00000167747.9] [91/227]
  * #variants in cis = 20
  * Best hit: [id=19_internal_6076, d=-929613, pv=0.01703, s=-0.1814]

Processing phenotype [ENSG00000142544.6] [92/227]
  * #variants in cis = 20
  * Best hit: [id=19_internal_6903, d=-3844, pv=0.0425708, s=0.1549]

Processing phenotype [ENSG00000268581.1] [93/227]
  * #variants in cis = 20
  * Best hit: [id=19_internal_6903, d=0, pv=0.000311895, s=0.2737]

Processing phenotype [ENSG00000129450.4] [94/227]
  * #variants in cis = 20
  * Best hit: [id=19_internal_8812, d=551542, pv=0.00427849, s=0.2200]

Processing phenotype [ENSG00000267990.1] [95/227]
  * #variants in cis = 21
  * Best hit: [id=19_internal_6903, d=0, pv=7.81535e-10, s=0.4436]

Processing phenotype [ENSG00000168995.9] [96/227]
  * #variants in cis = 21
  * Best hit: [id=19_internal_8542, d=196422, pv=0.0186677, s=0.1833]

Processing phenotype [ENSG00000267895.1] [97/227]
  * #variants in cis = 21
  * Best hit: [id=19_internal_6903, d=0, pv=0.0035752, s=0.2278]

Processing phenotype [ENSG00000269681.1] [98/227]
  * #variants in cis = 21
  * Best hit: [id=19_internal_8455, d=-871984, pv=0.0061204, s=0.2180]

Processing phenotype [ENSG00000171101.9] [99/227]
  * #variants in cis = 21
  * Best hit: [id=19_internal_9713, d=0, pv=0.0281506, s=0.1800]

Processing phenotype [ENSG00000269072.1] [100/227]
  * #variants in cis = 21
  * Best hit: [id=19_internal_8542, d=-156756, pv=0.0140447, s=0.1933]

Processing phenotype [ENSG00000268336.1] [101/227]
  * #variants in cis = 21
  * Best hit: [id=19_internal_9713, d=0, pv=0.0012284, s=0.2576]

Processing phenotype [ENSG00000268849.1] [102/227]
  * #variants in cis = 21
  * Best hit: [id=19_internal_7537, d=7879, pv=0.000958385, s=0.2588]

Processing phenotype [ENSG00000105383.10] [103/227]
  * #variants in cis = 21
  * Best hit: [id=19_internal_6903, d=-80224, pv=0.0115547, s=0.1982]

Processing phenotype [ENSG00000179213.9] [104/227]
  * #variants in cis = 21
  * Best hit: [id=19_internal_9713, d=0, pv=0.00163566, s=0.2479]

Processing phenotype [ENSG00000186806.5] [105/227]
  * #variants in cis = 22
  * Best hit: [id=19_internal_8259, d=-51401, pv=4.02915e-05, s=0.3154]

Processing phenotype [ENSG00000267984.1] [106/227]
  * #variants in cis = 22
  * Best hit: [id=19_internal_8542, d=0, pv=0.0225093, s=0.1759]

Processing phenotype [ENSG00000268520.1] [107/227]
  * #variants in cis = 22
  * Best hit: [id=19_internal_7801, d=-620376, pv=0.0203594, s=-0.1775]

Processing phenotype [ENSG00000105379.5] [108/227]
  * #variants in cis = 22
  * Best hit: [id=19_internal_8542, d=0, pv=0.00641057, s=0.2079]

Processing phenotype [ENSG00000269403.1] [109/227]
  * #variants in cis = 22
  * Best hit: [id=19_internal_7537, d=0, pv=0.00705823, s=0.2084]

Processing phenotype [ENSG00000160318.2] [110/227]
  * #variants in cis = 22
  * Best hit: [id=19_internal_10145, d=-318497, pv=0.01706, s=0.1721]

Processing phenotype [ENSG00000105374.5] [111/227]
  * #variants in cis = 22
  * Best hit: [id=19_internal_8542, d=0, pv=4.40708e-05, s=0.3146]

Processing phenotype [ENSG00000254760.1] [112/227]
  * #variants in cis = 22
  * Best hit: [id=19_internal_8259, d=0, pv=1.18211e-13, s=0.5364]

Processing phenotype [ENSG00000255441.1] [113/227]
  * #variants in cis = 22
  * Best hit: [id=19_internal_8259, d=0, pv=7.34108e-14, s=0.5560]

Processing phenotype [ENSG00000142512.10] [114/227]
  * #variants in cis = 22
  * Best hit: [id=19_internal_8259, d=0, pv=4.39403e-16, s=0.5960]

Processing phenotype [ENSG00000254521.2] [115/227]
  * #variants in cis = 22
  * Best hit: [id=19_internal_6705, d=23673, pv=0.00123388, s=-0.2501]

Processing phenotype [ENSG00000105497.3] [116/227]
  * #variants in cis = 21
  * Best hit: [id=19_internal_7019, d=697347, pv=0.012667, s=-0.2043]

Processing phenotype [ENSG00000267861.1] [117/227]
  * #variants in cis = 21
  * Best hit: [id=19_internal_6705, d=-112793, pv=0.00191512, s=0.2354]

Processing phenotype [ENSG00000167765.2] [118/227]
  * #variants in cis = 21
  * Best hit: [id=19_internal_6705, d=116263, pv=0.0541782, s=0.1537]

Processing phenotype [ENSG00000244071.1] [119/227]
  * #variants in cis = 21
  * Best hit: [id=19_internal_7801, d=364785, pv=0.0333443, s=0.1732]

Processing phenotype [ENSG00000254415.2] [120/227]
  * #variants in cis = 21
  * Best hit: [id=19_internal_9684, d=0, pv=9.23783e-22, s=0.6314]

Processing phenotype [ENSG00000268500.1] [121/227]
  * #variants in cis = 21
  * Best hit: [id=19_internal_9684, d=0, pv=9.90816e-05, s=0.3077]

Processing phenotype [ENSG00000105501.7] [122/227]
  * #variants in cis = 21
  * Best hit: [id=19_internal_9684, d=0, pv=7.34749e-13, s=0.5583]

Processing phenotype [ENSG00000182310.7] [123/227]
  * #variants in cis = 21
  * Best hit: [id=19_internal_6144, d=0, pv=0.0015998, s=0.2453]

Processing phenotype [ENSG00000105509.6] [124/227]
  * #variants in cis = 21
  * Best hit: [id=19_internal_10260, d=-369671, pv=0.039209, s=0.1669]

Processing phenotype [ENSG00000171049.7] [125/227]
  * #variants in cis = 20
  * Best hit: [id=19_internal_6076, d=0, pv=0.000289005, s=0.2874]

Processing phenotype [ENSG00000187474.4] [126/227]
  * #variants in cis = 20
  * Best hit: [id=19_internal_5957, d=7721, pv=0.000265449, s=0.2669]

Processing phenotype [ENSG00000171051.4] [127/227]
  * #variants in cis = 20
  * Best hit: [id=19_internal_6076, d=29720, pv=0.0140144, s=0.1941]

Processing phenotype [ENSG00000268095.1] [128/227]
  * #variants in cis = 21
  * Best hit: [id=19_internal_8908, d=932686, pv=0.0324145, s=0.1663]

Processing phenotype [ENSG00000161551.8] [129/227]
  * #variants in cis = 21
  * Best hit: [id=19_internal_5957, d=64502, pv=0.00126097, s=0.2553]

Processing phenotype [ENSG00000198093.6] [130/227]
  * #variants in cis = 21
  * Best hit: [id=19_internal_8259, d=465593, pv=0.0257503, s=0.1766]

Processing phenotype [ENSG00000176024.12] [131/227]
  * #variants in cis = 21
  * Best hit: [id=19_internal_6658, d=-700330, pv=0.0146141, s=0.1986]

Processing phenotype [ENSG00000269235.1] [132/227]
  * #variants in cis = 22
  * Best hit: [id=19_internal_9713, d=-689293, pv=0.00220573, s=0.2400]

Processing phenotype [ENSG00000256683.2] [133/227]
  * #variants in cis = 22
  * Best hit: [id=19_internal_9713, d=727015, pv=0.0205601, s=0.1857]

Processing phenotype [ENSG00000197619.9] [134/227]
  * #variants in cis = 22
  * Best hit: [id=19_internal_7801, d=0, pv=0.00347395, s=0.2417]

Processing phenotype [ENSG00000142556.14] [135/227]
  * #variants in cis = 22
  * Best hit: [id=19_internal_10260, d=-63425, pv=0.00208196, s=0.2453]

Processing phenotype [ENSG00000260160.1] [136/227]
  * #variants in cis = 22
  * Best hit: [id=19_internal_10260, d=-29962, pv=0.0478877, s=0.1576]

Processing phenotype [ENSG00000256087.2] [137/227]
  * #variants in cis = 22
  * Best hit: [id=19_internal_10260, d=0, pv=0.00162892, s=0.2500]

Processing phenotype [ENSG00000197608.7] [138/227]
  * #variants in cis = 22
  * Best hit: [id=19_internal_10260, d=0, pv=0.000292203, s=0.2930]

Processing phenotype [ENSG00000204611.2] [139/227]
  * #variants in cis = 22
  * Best hit: [id=19_internal_7019, d=-128723, pv=0.0188283, s=0.1894]

Processing phenotype [ENSG00000243680.1] [140/227]
  * #variants in cis = 22
  * Best hit: [id=19_internal_9713, d=-883202, pv=0.0484188, s=0.1616]

Processing phenotype [ENSG00000267827.1] [141/227]
  * #variants in cis = 21
  * Best hit: [id=19_internal_10145, d=381139, pv=0.0039869, s=0.2229]

Processing phenotype [ENSG00000196267.8] [142/227]
  * #variants in cis = 21
  * Best hit: [id=19_internal_9713, d=911802, pv=0.0167859, s=0.1835]

Processing phenotype [ENSG00000105568.13] [143/227]
  * #variants in cis = 21
  * Best hit: [id=19_internal_8908, d=630672, pv=0.00677877, s=0.2046]

Processing phenotype [ENSG00000268015.1] [144/227]
  * #variants in cis = 20
  * Best hit: [id=19_internal_5949, d=457965, pv=0.0628545, s=0.1465]

Processing phenotype [ENSG00000196214.6] [145/227]
  * #variants in cis = 19
  * Best hit: [id=19_internal_10260, d=0, pv=0.0293571, s=0.1799]

Processing phenotype [ENSG00000208002.1] [146/227]
  * #variants in cis = 19
  * Best hit: [id=19_internal_8455, d=0, pv=0.213844, s=-0.0992]

Processing phenotype [ENSG00000198464.9] [147/227]
  * #variants in cis = 19
  * Best hit: [id=19_internal_10260, d=0, pv=0.0194442, s=0.1881]

Processing phenotype [ENSG00000269102.1] [148/227]
  * #variants in cis = 19
  * Best hit: [id=19_internal_5957, d=471472, pv=0.000209663, s=0.2978]

Processing phenotype [ENSG00000167554.10] [149/227]
  * #variants in cis = 20
  * Best hit: [id=19_internal_10260, d=0, pv=0.00389425, s=0.2231]

Processing phenotype [ENSG00000269535.1] [150/227]
  * #variants in cis = 20
  * Best hit: [id=19_internal_5957, d=518781, pv=0.0137699, s=0.1990]

Processing phenotype [ENSG00000221923.4] [151/227]
  * #variants in cis = 20
  * Best hit: [id=19_internal_10260, d=0, pv=0.00122442, s=0.2587]

Processing phenotype [ENSG00000269834.1] [152/227]
  * #variants in cis = 20
  * Best hit: [id=19_internal_10260, d=0, pv=6.86039e-05, s=0.2973]

Processing phenotype [ENSG00000167555.9] [153/227]
  * #variants in cis = 20
  * Best hit: [id=19_internal_10260, d=0, pv=0.000295644, s=0.2839]

Processing phenotype [ENSG00000258405.5] [154/227]
  * #variants in cis = 18
  * Best hit: [id=19_internal_10260, d=0, pv=0.0155936, s=0.1915]

Processing phenotype [ENSG00000198482.6] [155/227]
  * #variants in cis = 17
  * Best hit: [id=19_internal_10260, d=0, pv=1.67751e-06, s=0.3656]

Processing phenotype [ENSG00000167562.7] [156/227]
  * #variants in cis = 17
  * Best hit: [id=19_internal_10260, d=0, pv=1.28341e-05, s=0.3334]

Processing phenotype [ENSG00000242255.1] [157/227]
  * #variants in cis = 17
  * Best hit: [id=19_internal_5949, d=-790747, pv=0.0764264, s=-0.1370]

Processing phenotype [ENSG00000268886.1] [158/227]
  * #variants in cis = 17
  * Best hit: [id=19_internal_7019, d=0, pv=0.000928204, s=0.2464]

Processing phenotype [ENSG00000123870.9] [159/227]
  * #variants in cis = 17
  * Best hit: [id=19_internal_10260, d=0, pv=0.00124055, s=0.2469]

Processing phenotype [ENSG00000268970.1] [160/227]
  * #variants in cis = 17
  * Best hit: [id=19_internal_7439, d=670053, pv=0.00699982, s=0.2138]

Processing phenotype [ENSG00000269825.1] [161/227]
  * #variants in cis = 17
  * Best hit: [id=19_internal_10260, d=0, pv=1.00432e-06, s=0.3807]

Processing phenotype [ENSG00000167766.12] [162/227]
  * #variants in cis = 17
  * Best hit: [id=19_internal_10260, d=0, pv=1.58798e-06, s=0.3682]

Processing phenotype [ENSG00000213020.3] [163/227]
  * #variants in cis = 15
  * Best hit: [id=19_internal_10260, d=0, pv=7.87653e-08, s=0.4081]

Processing phenotype [ENSG00000189190.7] [164/227]
  * #variants in cis = 13
  * Best hit: [id=19_internal_7439, d=857957, pv=0.000585439, s=0.2706]

Processing phenotype [ENSG00000255875.2] [165/227]
  * #variants in cis = 13
  * Best hit: [id=19_internal_9218, d=0, pv=0.0561471, s=0.1546]

Processing phenotype [ENSG00000198538.6] [166/227]
  * #variants in cis = 14
  * Best hit: [id=19_internal_10260, d=0, pv=0.000157118, s=0.2906]

Processing phenotype [ENSG00000204604.5] [167/227]
  * #variants in cis = 14
  * Best hit: [id=19_internal_10260, d=0, pv=0.000117309, s=0.3043]

Processing phenotype [ENSG00000268225.1] [168/227]
  * #variants in cis = 14
  * Best hit: [id=19_internal_10260, d=0, pv=0.000716595, s=0.2552]

Processing phenotype [ENSG00000182986.8] [169/227]
  * #variants in cis = 14
  * Best hit: [id=19_internal_10260, d=0, pv=0.00122653, s=0.2451]

Processing phenotype [ENSG00000269646.1] [170/227]
  * #variants in cis = 14
  * Best hit: [id=19_internal_6974, d=18439, pv=0.00501925, s=0.2193]

Processing phenotype [ENSG00000213793.3] [171/227]
  * #variants in cis = 14
  * Best hit: [id=19_internal_6974, d=-18351, pv=0.0109154, s=0.2007]

Processing phenotype [ENSG00000213801.4] [172/227]
  * #variants in cis = 13
  * Best hit: [id=19_internal_10260, d=0, pv=0.0500887, s=0.1554]

Processing phenotype [ENSG00000221874.4] [173/227]
  * #variants in cis = 13
  * Best hit: [id=19_internal_10260, d=0, pv=0.000340544, s=0.2857]

Processing phenotype [ENSG00000180257.8] [174/227]
  * #variants in cis = 13
  * Best hit: [id=19_internal_8908, d=0, pv=0.00456433, s=0.2274]

Processing phenotype [ENSG00000269082.1] [175/227]
  * #variants in cis = 13
  * Best hit: [id=19_internal_8908, d=0, pv=0.000263308, s=0.2862]

Processing phenotype [ENSG00000242779.2] [176/227]
  * #variants in cis = 14
  * Best hit: [id=19_internal_10260, d=0, pv=0.000601684, s=0.2715]

Processing phenotype [ENSG00000170949.13] [177/227]
  * #variants in cis = 14
  * Best hit: [id=19_internal_8908, d=0, pv=0.0176701, s=0.1899]

Processing phenotype [ENSG00000170954.7] [178/227]
  * #variants in cis = 14
  * Best hit: [id=19_internal_8908, d=0, pv=0.00171901, s=0.2400]

Processing phenotype [ENSG00000268613.1] [179/227]
  * #variants in cis = 14
  * Best hit: [id=19_internal_7173, d=-682551, pv=0.0098301, s=0.2100]

Processing phenotype [ENSG00000197937.7] [180/227]
  * #variants in cis = 15
  * Best hit: [id=19_internal_10260, d=0, pv=4.13362e-06, s=0.3481]

Processing phenotype [ENSG00000197497.6] [181/227]
  * #variants in cis = 16
  * Best hit: [id=19_internal_9218, d=0, pv=0.0115416, s=0.2014]

Processing phenotype [ENSG00000269051.1] [182/227]
  * #variants in cis = 16
  * Best hit: [id=19_internal_8455, d=0, pv=0.0151855, s=0.1872]

Processing phenotype [ENSG00000269001.1] [183/227]
  * #variants in cis = 16
  * Best hit: [id=19_internal_8455, d=-14700, pv=0.00283205, s=0.2255]

Processing phenotype [ENSG00000267809.1] [184/227]
  * #variants in cis = 17
  * Best hit: [id=19_internal_9047, d=-998461, pv=0.0748134, s=0.1410]

Processing phenotype [ENSG00000269288.1] [185/227]
  * #variants in cis = 16
  * Best hit: [id=19_internal_8908, d=0, pv=0.0508088, s=0.1495]

Processing phenotype [ENSG00000197928.6] [186/227]
  * #variants in cis = 18
  * Best hit: [id=19_internal_8908, d=0, pv=1.4366e-07, s=0.4111]

Processing phenotype [ENSG00000213799.6] [187/227]
  * #variants in cis = 18
  * Best hit: [id=19_internal_10260, d=0, pv=0.000778529, s=0.2740]

Processing phenotype [ENSG00000203326.5] [188/227]
  * #variants in cis = 19
  * Best hit: [id=19_internal_10260, d=0, pv=0.0210285, s=0.1866]

Processing phenotype [ENSG00000241069.1] [189/227]
  * #variants in cis = 20
  * Best hit: [id=19_internal_9047, d=837107, pv=0.0184521, s=-0.1907]

Processing phenotype [ENSG00000196417.7] [190/227]
  * #variants in cis = 20
  * Best hit: [id=19_internal_10260, d=0, pv=0.00451699, s=0.2293]

Processing phenotype [ENSG00000239912.1] [191/227]
  * #variants in cis = 20
  * Best hit: [id=19_internal_7019, d=0, pv=0.0174566, s=0.1998]

Processing phenotype [ENSG00000160336.10] [192/227]
  * #variants in cis = 20
  * Best hit: [id=19_internal_9631, d=0, pv=0.00571098, s=-0.2219]

Processing phenotype [ENSG00000241015.2] [193/227]
  * #variants in cis = 20
  * Best hit: [id=19_internal_9218, d=0, pv=0.0498717, s=-0.1568]

Processing phenotype [ENSG00000198346.6] [194/227]
  * #variants in cis = 20
  * Best hit: [id=19_internal_10260, d=0, pv=0.00922868, s=0.2175]

Processing phenotype [ENSG00000250731.1] [195/227]
  * #variants in cis = 20
  * Best hit: [id=19_internal_7019, d=0, pv=0.105793, s=0.1298]

Processing phenotype [ENSG00000241434.1] [196/227]
  * #variants in cis = 20
  * Best hit: [id=19_internal_9576, d=748604, pv=0.0298945, s=-0.1602]

Processing phenotype [ENSG00000130844.11] [197/227]
  * #variants in cis = 20
  * Best hit: [id=19_internal_9631, d=0, pv=0.0336557, s=0.1682]

Processing phenotype [ENSG00000269842.1] [198/227]
  * #variants in cis = 23
  * Best hit: [id=19_internal_6944, d=391878, pv=0.0588921, s=0.1489]

Processing phenotype [ENSG00000229000.1] [199/227]
  * #variants in cis = 23
  * Best hit: [id=19_internal_9631, d=217119, pv=0.00771657, s=0.2096]

Processing phenotype [ENSG00000238150.1] [200/227]
  * #variants in cis = 23
  * Best hit: [id=19_internal_6264, d=471597, pv=0.0084472, s=-0.2185]

Processing phenotype [ENSG00000199031.1] [201/227]
  * #variants in cis = 23
  * Best hit: [id=19_internal_9218, d=-353545, pv=0.0379254, s=-0.1711]

Processing phenotype [ENSG00000199095.1] [202/227]
  * #variants in cis = 23
  * Best hit: [id=19_internal_9266, d=902186, pv=0.124952, s=0.1228]

Processing phenotype [ENSG00000269877.1] [203/227]
  * #variants in cis = 23
  * Best hit: [id=19_internal_7173, d=-29703, pv=0.0894431, s=0.1399]

Processing phenotype [ENSG00000199143.1] [204/227]
  * #variants in cis = 23
  * Best hit: [id=19_internal_7173, d=29167, pv=0.0625867, s=0.1482]

Processing phenotype [ENSG00000269564.1] [205/227]
  * #variants in cis = 23
  * Best hit: [id=19_internal_7173, d=29090, pv=0.0631294, s=0.1507]

Processing phenotype [ENSG00000142405.15] [206/227]
  * #variants in cis = 23
  * Best hit: [id=19_internal_7173, d=0, pv=0.00201634, s=0.2451]

Processing phenotype [ENSG00000232324.1] [207/227]
  * #variants in cis = 24
  * Best hit: [id=19_internal_7173, d=0, pv=0.00936347, s=0.2111]

Processing phenotype [ENSG00000179820.11] [208/227]
  * #variants in cis = 24
  * Best hit: [id=19_internal_9218, d=-432093, pv=0.0177335, s=-0.1743]

Processing phenotype [ENSG00000228323.1] [209/227]
  * #variants in cis = 24
  * Best hit: [id=19_internal_7173, d=0, pv=0.027202, s=0.1773]

Processing phenotype [ENSG00000232220.1] [210/227]
  * #variants in cis = 24
  * Best hit: [id=19_internal_9218, d=441919, pv=0.0298267, s=-0.1630]

Processing phenotype [ENSG00000126583.6] [211/227]
  * #variants in cis = 24
  * Best hit: [id=19_internal_6944, d=274649, pv=0.00663011, s=-0.2080]

Processing phenotype [ENSG00000142408.2] [212/227]
  * #variants in cis = 25
  * Best hit: [id=19_internal_8756, d=65439, pv=0.000387945, s=0.2801]

Processing phenotype [ENSG00000189068.5] [213/227]
  * #variants in cis = 27
  * Best hit: [id=19_internal_8756, d=9342, pv=1.15197e-20, s=0.6472]

Processing phenotype [ENSG00000248385.3] [214/227]
  * #variants in cis = 27
  * Best hit: [id=19_internal_8756, d=26769, pv=1.42768e-10, s=0.4863]

Processing phenotype [ENSG00000170909.9] [215/227]
  * #variants in cis = 27
  * Best hit: [id=19_internal_8756, d=48135, pv=3.16986e-27, s=0.7317]

Processing phenotype [ENSG00000170906.9] [216/227]
  * #variants in cis = 27
  * Best hit: [id=19_internal_6944, d=51057, pv=0.00382502, s=-0.2349]

Processing phenotype [ENSG00000231374.1] [217/227]
  * #variants in cis = 27
  * Best hit: [id=19_internal_10260, d=0, pv=0.117944, s=0.1236]

Processing phenotype [ENSG00000105618.9] [218/227]
  * #variants in cis = 27
  * Best hit: [id=19_internal_7019, d=0, pv=0.00842196, s=0.2224]

Processing phenotype [ENSG00000105619.9] [219/227]
  * #variants in cis = 27
  * Best hit: [id=19_internal_8756, d=61190, pv=0.000517198, s=0.2737]

Processing phenotype [ENSG00000237017.1] [220/227]
  * #variants in cis = 27
  * Best hit: [id=19_internal_7411, d=655739, pv=0.0126905, s=0.2012]

Processing phenotype [ENSG00000088038.13] [221/227]
  * #variants in cis = 27
  * Best hit: [id=19_internal_6120, d=441790, pv=0.0102897, s=0.2026]

Processing phenotype [ENSG00000105617.3] [222/227]
  * #variants in cis = 27
  * Best hit: [id=19_internal_7173, d=94798, pv=0.00450615, s=0.2142]

Processing phenotype [ENSG00000167608.6] [223/227]
  * #variants in cis = 27
  * Best hit: [id=19_internal_6944, d=3628, pv=5.80713e-09, s=0.4410]

Processing phenotype [ENSG00000125505.11] [224/227]
  * #variants in cis = 27
  * Best hit: [id=19_internal_6264, d=-56717, pv=0.0175634, s=-0.1939]

Processing phenotype [ENSG00000170892.6] [225/227]
  * #variants in cis = 27
  * Best hit: [id=19_internal_7411, d=-720806, pv=0.0179767, s=-0.1846]

Processing phenotype [ENSG00000268816.1] [226/227]
  * #variants in cis = 27
  * Best hit: [id=19_internal_8908, d=-939139, pv=0.0100155, s=0.2025]

Processing phenotype [ENSG00000223660.1] [227/227]
  * #variants in cis = 26
  * Best hit: [id=19_internal_5885, d=322319, pv=0.0621929, s=0.1485]

Running time: 1 seconds
