Sender: LSF System <lsfadmin@cpt08>
Subject: Job 974322: </data/unige/funpopgen/odelanea/SGX/V2/binaries/qtltools/bin/QTLtools cis --vcf /data/unige/funpopgen/grey2/SYSCID/BLUEPRINT_DATA/CRD/THREE_CELL_TYPES/CLOMICS/CELL_TYPE_COMPARISON_GENE_CRD_ASSOCIATIONS/quantify/73_vs_70_ALL.ALLchr.mean.txt.gz --bed /data/unige/funpopgen/grey2/SYSCID/BLUEPRINT_DATA/CRD/THREE_CELL_TYPES/QTL_TOOLS/EGAD00001002671_v3.0/EGAD00001002671_RNA.PC10.bed.gz --permute 200 --chunk 79 100 --out /data/unige/funpopgen/grey2/SYSCID/BLUEPRINT_DATA/CRD/THREE_CELL_TYPES/CLOMICS/CELL_TYPE_COMPARISON_GENE_CRD_ASSOCIATIONS/mapping_aCRD_gene/73_vs_70/gene_CRD_mean_chunk79\.txt> in cluster <ug> Done

Job </data/unige/funpopgen/odelanea/SGX/V2/binaries/qtltools/bin/QTLtools cis --vcf /data/unige/funpopgen/grey2/SYSCID/BLUEPRINT_DATA/CRD/THREE_CELL_TYPES/CLOMICS/CELL_TYPE_COMPARISON_GENE_CRD_ASSOCIATIONS/quantify/73_vs_70_ALL.ALLchr.mean.txt.gz --bed /data/unige/funpopgen/grey2/SYSCID/BLUEPRINT_DATA/CRD/THREE_CELL_TYPES/QTL_TOOLS/EGAD00001002671_v3.0/EGAD00001002671_RNA.PC10.bed.gz --permute 200 --chunk 79 100 --out /data/unige/funpopgen/grey2/SYSCID/BLUEPRINT_DATA/CRD/THREE_CELL_TYPES/CLOMICS/CELL_TYPE_COMPARISON_GENE_CRD_ASSOCIATIONS/mapping_aCRD_gene/73_vs_70/gene_CRD_mean_chunk79\.txt> was submitted from host <frt.ug.vital-it.ch> by user <grey2> in cluster <ug>.
Job was executed on host(s) <cpt08>, in queue <normal>, as user <grey2> in cluster <ug>.
</home/grey2> was used as the home directory.
</data/unige/funpopgen/grey2/SYSCID/BLUEPRINT_DATA/CRD/THREE_CELL_TYPES/CLOMICS/CELL_TYPE_COMPARISON_GENE_CRD_ASSOCIATIONS> was used as the working directory.
Started at Thu Mar 21 11:28:19 2019
Results reported at Thu Mar 21 11:28:25 2019

Your job looked like:

------------------------------------------------------------
# LSBATCH: User input
/data/unige/funpopgen/odelanea/SGX/V2/binaries/qtltools/bin/QTLtools cis --vcf /data/unige/funpopgen/grey2/SYSCID/BLUEPRINT_DATA/CRD/THREE_CELL_TYPES/CLOMICS/CELL_TYPE_COMPARISON_GENE_CRD_ASSOCIATIONS/quantify/73_vs_70_ALL.ALLchr.mean.txt.gz --bed /data/unige/funpopgen/grey2/SYSCID/BLUEPRINT_DATA/CRD/THREE_CELL_TYPES/QTL_TOOLS/EGAD00001002671_v3.0/EGAD00001002671_RNA.PC10.bed.gz --permute 200 --chunk 79 100 --out /data/unige/funpopgen/grey2/SYSCID/BLUEPRINT_DATA/CRD/THREE_CELL_TYPES/CLOMICS/CELL_TYPE_COMPARISON_GENE_CRD_ASSOCIATIONS/mapping_aCRD_gene/73_vs_70/gene_CRD_mean_chunk79\.txt

------------------------------------------------------------

Successfully completed.

Resource usage summary:

    CPU time :               2.47 sec.
    Max Memory :             3.18 MB
    Average Memory :         3.18 MB
    Total Requested Memory : -
    Delta Memory :           -
    (Delta: the difference between total requested memory and actual max usage.)
    Max Swap :               32 MB

    Max Processes :          1
    Max Threads :            1

The output (if any) follows:


[32mQTLtools[0m
  * Authors : Olivier DELANEAU / Halit ONGEN / Emmanouil DERMITZAKIS
  * Contact : olivier.delaneau@gmail.com / halit.ongen@unige.ch / Emmanouil.Dermitzakis@unige.ch
  * Webpage : https://qtltools.github.io/qtltools/
  * Version : 1.1
  * Date    : 21/03/2019 - 11:28:22
  * Citation: A complete tool set for molecular QTL discovery and analysis, https://doi.org/10.1101/068635

[32mMAPPING QTL IN CIS[0m
  * TASK: Perform 200 permutations
  * Linear model: Phe ~ Var
  * Cis-window size is 1000000 bp
  * Chunk = [79/100]

Scanning phenotype data in [/data/unige/funpopgen/grey2/SYSCID/BLUEPRINT_DATA/CRD/THREE_CELL_TYPES/QTL_TOOLS/EGAD00001002671_v3.0/EGAD00001002671_RNA.PC10.bed.gz]
  * 24372 phenotypes included
  * 12152 phenotypes are on the negative strand

Initialize random number generator
  * Built-in seed is 15112011
  * First Integer = 30554
  * First Double = 0.0126695

Reading sample list from [/data/unige/funpopgen/grey2/SYSCID/BLUEPRINT_DATA/CRD/THREE_CELL_TYPES/QTL_TOOLS/EGAD00001002671_v3.0/EGAD00001002671_RNA.PC10.bed.gz]
  * #samples = 169

Reading sample list from [/data/unige/funpopgen/grey2/SYSCID/BLUEPRINT_DATA/CRD/THREE_CELL_TYPES/CLOMICS/CELL_TYPE_COMPARISON_GENE_CRD_ASSOCIATIONS/quantify/73_vs_70_ALL.ALLchr.mean.txt.gz]
  * #samples = 94

Merging sample sets from all input files
  * #files = 2
  * #samples in all files = 91
  * #samples NOT in all files (i.e. ignored) = 81

Reading phenotype data in [/data/unige/funpopgen/grey2/SYSCID/BLUEPRINT_DATA/CRD/THREE_CELL_TYPES/QTL_TOOLS/EGAD00001002671_v3.0/EGAD00001002671_RNA.PC10.bed.gz]
  * target region [15:79102829-102519298]
  * 220 phenotypes included
  * 116 phenotypes are on the negative strand

Reading genotype data in [/data/unige/funpopgen/grey2/SYSCID/BLUEPRINT_DATA/CRD/THREE_CELL_TYPES/CLOMICS/CELL_TYPE_COMPARISON_GENE_CRD_ASSOCIATIONS/quantify/73_vs_70_ALL.ALLchr.mean.txt.gz]
  * File format detected: BED
  * 91 samples included
  * 5 samples without phenotype data
  * target region [15:78102829-103519298]
  * 94 variants included

Processing phenotype [ENSG00000185787.10] [1/220]
  * #variants in cis = 8
  * Best hit: [id=15_internal_5864, d=565831, pv=0.0148554, s=0.2707]
  * Beta parameters: [s1=0.935566, s2=9.89634]
  * Adjusted p-values: [emp=0.124378, beta=0.10935]

Processing phenotype [ENSG00000252061.1] [2/220]
  * #variants in cis = 10
  * Best hit: [id=15_internal_7989, d=464384, pv=0.00140015, s=0.3375]
  * Beta parameters: [s1=1.0839, s2=10.5673]
  * Adjusted p-values: [emp=0.00497512, beta=0.00919359]

Processing phenotype [ENSG00000103811.11] [3/220]
  * #variants in cis = 10
  * Best hit: [id=15_internal_6153, d=158540, pv=0.244863, s=0.1264]
  * Beta parameters: [s1=1.03231, s2=10.0833]
  * Adjusted p-values: [emp=0.925373, beta=0.928423]

Processing phenotype [ENSG00000166557.8] [4/220]
  * #variants in cis = 9
  * Best hit: [id=15_internal_5864, d=65256, pv=0.00464235, s=0.3115]
  * Beta parameters: [s1=0.944761, s2=8.81908]
  * Adjusted p-values: [emp=0.0348259, beta=0.0322919]

Processing phenotype [ENSG00000261712.1] [5/220]
  * #variants in cis = 10
  * Best hit: [id=15_internal_6081, d=745846, pv=0.070498, s=0.1842]
  * Beta parameters: [s1=1.11331, s2=10.61]
  * Adjusted p-values: [emp=0.512438, beta=0.497869]

Processing phenotype [ENSG00000169330.4] [6/220]
  * #variants in cis = 10
  * Best hit: [id=15_internal_6081, d=726688, pv=0.0421654, s=-0.2152]
  * Beta parameters: [s1=1.03644, s2=8.59836]
  * Adjusted p-values: [emp=0.358209, beta=0.338102]

Processing phenotype [ENSG00000259548.1] [7/220]
  * #variants in cis = 8
  * Best hit: [id=15_internal_6081, d=-325650, pv=0.223877, s=0.1220]
  * Beta parameters: [s1=0.858766, s2=7.9622]
  * Adjusted p-values: [emp=0.865672, beta=0.865363]

Processing phenotype [ENSG00000261229.1] [8/220]
  * #variants in cis = 8
  * Best hit: [id=15_internal_6907, d=-305367, pv=0.0441016, s=0.2121]
  * Beta parameters: [s1=0.905978, s2=10.6111]
  * Adjusted p-values: [emp=0.323383, beta=0.298342]

Processing phenotype [ENSG00000136371.5] [9/220]
  * #variants in cis = 8
  * Best hit: [id=15_internal_5920, d=0, pv=0.201972, s=0.1366]
  * Beta parameters: [s1=1.03852, s2=7.71575]
  * Adjusted p-values: [emp=0.830846, beta=0.824243]

Processing phenotype [ENSG00000259642.1] [10/220]
  * #variants in cis = 8
  * Best hit: [id=15_internal_6081, d=236433, pv=0.135282, s=0.1563]
  * Beta parameters: [s1=1.09171, s2=9.30199]
  * Adjusted p-values: [emp=0.671642, beta=0.668335]

Processing phenotype [ENSG00000257028.1] [11/220]
  * #variants in cis = 8
  * Best hit: [id=15_internal_6743, d=480342, pv=0.21119, s=-0.1273]
  * Beta parameters: [s1=1.08755, s2=8.4188]
  * Adjusted p-values: [emp=0.855721, beta=0.859427]

Processing phenotype [ENSG00000180953.7] [12/220]
  * #variants in cis = 8
  * Best hit: [id=15_internal_5920, d=0, pv=0.161017, s=0.1550]
  * Beta parameters: [s1=0.914067, s2=8.9885]
  * Adjusted p-values: [emp=0.761194, beta=0.776138]

Processing phenotype [ENSG00000259332.2] [13/220]
  * #variants in cis = 8
  * Best hit: [id=15_internal_6907, d=-225917, pv=0.14667, s=-0.1487]
  * Beta parameters: [s1=0.987395, s2=5.86923]
  * Adjusted p-values: [emp=0.681592, beta=0.711969]

Processing phenotype [ENSG00000140379.7] [14/220]
  * #variants in cis = 8
  * Best hit: [id=15_internal_5493, d=46412, pv=0.0870548, s=0.1766]
  * Beta parameters: [s1=1.08879, s2=6.28517]
  * Adjusted p-values: [emp=0.467662, beta=0.457183]

Processing phenotype [ENSG00000086666.14] [15/220]
  * #variants in cis = 8
  * Best hit: [id=15_internal_6424, d=922242, pv=0.0650169, s=-0.2193]
  * Beta parameters: [s1=0.916378, s2=5.92625]
  * Adjusted p-values: [emp=0.378109, beta=0.363891]

Processing phenotype [ENSG00000103876.7] [16/220]
  * #variants in cis = 8
  * Best hit: [id=15_internal_6081, d=6714, pv=0.0377055, s=0.2182]
  * Beta parameters: [s1=1.00153, s2=8.57204]
  * Adjusted p-values: [emp=0.313433, beta=0.274174]

Processing phenotype [ENSG00000259417.2] [17/220]
  * #variants in cis = 8
  * Best hit: [id=15_internal_6641, d=-442207, pv=0.0948868, s=-0.1643]
  * Beta parameters: [s1=1.03963, s2=6.44934]
  * Adjusted p-values: [emp=0.552239, beta=0.543678]

Processing phenotype [ENSG00000136379.7] [18/220]
  * #variants in cis = 7
  * Best hit: [id=15_internal_5920, d=-684693, pv=0.174973, s=-0.1473]
  * Beta parameters: [s1=0.974035, s2=6.85052]
  * Adjusted p-values: [emp=0.766169, beta=0.766777]

Processing phenotype [ENSG00000103888.11] [19/220]
  * #variants in cis = 7
  * Best hit: [id=15_internal_5920, d=-784352, pv=0.356821, s=-0.0980]
  * Beta parameters: [s1=0.918454, s2=7.292]
  * Adjusted p-values: [emp=0.975124, beta=0.964692]

Processing phenotype [ENSG00000259649.1] [20/220]
  * #variants in cis = 7
  * Best hit: [id=15_internal_6081, d=736084, pv=0.167693, s=-0.1616]
  * Beta parameters: [s1=1.08903, s2=6.46483]
  * Adjusted p-values: [emp=0.736318, beta=0.700502]

Processing phenotype [ENSG00000259546.1] [21/220]
  * #variants in cis = 6
  * Best hit: [id=15_internal_6081, d=775174, pv=0.0176137, s=-0.2611]
  * Beta parameters: [s1=1.0081, s2=6.78037]
  * Adjusted p-values: [emp=0.0995025, beta=0.0881049]

Processing phenotype [ENSG00000117899.6] [22/220]
  * #variants in cis = 6
  * Best hit: [id=15_internal_6641, d=247208, pv=0.101532, s=-0.1863]
  * Beta parameters: [s1=0.913692, s2=6.7635]
  * Adjusted p-values: [emp=0.497512, beta=0.496386]

Processing phenotype [ENSG00000140406.2] [23/220]
  * #variants in cis = 5
  * Best hit: [id=15_internal_6424, d=0, pv=0.0946955, s=-0.1680]
  * Maximum Likelihood estimation failed, use Moment Matching instead!
  * Beta parameters: [s1=1.00008, s2=5.23742]
  * Adjusted p-values: [emp=0.378109, beta=0.3792]

Processing phenotype [ENSG00000172349.12] [24/220]
  * #variants in cis = 4
  * Best hit: [id=15_internal_6424, d=-156927, pv=0.465947, s=-0.0842]
  * Maximum Likelihood estimation failed, use Moment Matching instead!
  * Beta parameters: [s1=1.00001, s2=3.44291]
  * Adjusted p-values: [emp=0.910448, beta=0.902967]

Processing phenotype [ENSG00000259190.1] [25/220]
  * #variants in cis = 3
  * Best hit: [id=15_internal_6424, d=307491, pv=0.182392, s=-0.1562]
  * Maximum Likelihood estimation failed, use Moment Matching instead!
  * Beta parameters: [s1=1.00002, s2=3.68658]
  * Adjusted p-values: [emp=0.522388, beta=0.519781]

Processing phenotype [ENSG00000172345.8] [26/220]
  * #variants in cis = 3
  * Best hit: [id=15_internal_6424, d=321535, pv=0.394485, s=-0.1013]
  * Maximum Likelihood estimation failed, use Moment Matching instead!
  * Beta parameters: [s1=1.00003, s2=3.15809]
  * Adjusted p-values: [emp=0.810945, beta=0.785875]

Processing phenotype [ENSG00000259343.1] [27/220]
  * #variants in cis = 3
  * Best hit: [id=15_internal_6424, d=-321729, pv=0.0250553, s=0.2334]
  * Maximum Likelihood estimation failed, use Moment Matching instead!
  * Beta parameters: [s1=1.00005, s2=2.57607]
  * Adjusted p-values: [emp=0.0895522, beta=0.090021]

Processing phenotype [ENSG00000188869.8] [28/220]
  * #variants in cis = 3
  * Best hit: [id=15_internal_6424, d=371565, pv=0.0353754, s=0.2189]
  * Maximum Likelihood estimation failed, use Moment Matching instead!
  * Beta parameters: [s1=1.00007, s2=3.49727]
  * Adjusted p-values: [emp=0.164179, beta=0.161002]

Processing phenotype [ENSG00000259372.1] [29/220]
  * #variants in cis = 3
  * Best hit: [id=15_internal_6641, d=-667847, pv=0.149681, s=0.1592]
  * Maximum Likelihood estimation failed, use Moment Matching instead!
  * Beta parameters: [s1=1.00008, s2=2.43629]
  * Adjusted p-values: [emp=0.402985, beta=0.379945]

Processing phenotype [ENSG00000183496.5] [30/220]
  * #variants in cis = 0

Processing phenotype [ENSG00000259518.1] [31/220]
  * #variants in cis = 0

Processing phenotype [ENSG00000140598.9] [32/220]
  * #variants in cis = 0

Processing phenotype [ENSG00000188659.5] [33/220]
  * #variants in cis = 0

Processing phenotype [ENSG00000259785.1] [34/220]
  * #variants in cis = 0

Processing phenotype [ENSG00000237550.3] [35/220]
  * #variants in cis = 2
  * Best hit: [id=15_internal_6095, d=-985068, pv=0.232817, s=0.1254]
  * Maximum Likelihood estimation failed, use Moment Matching instead!
  * Beta parameters: [s1=0.999983, s2=1.65116]
  * Adjusted p-values: [emp=0.378109, beta=0.380563]

Processing phenotype [ENSG00000184779.8] [36/220]
  * #variants in cis = 2
  * Best hit: [id=15_internal_6784, d=-850324, pv=0.314497, s=0.0985]
  * Maximum Likelihood estimation failed, use Moment Matching instead!
  * Beta parameters: [s1=0.999912, s2=1.95891]
  * Adjusted p-values: [emp=0.517413, beta=0.521996]

Processing phenotype [ENSG00000196648.6] [37/220]
  * #variants in cis = 2
  * Best hit: [id=15_internal_6784, d=576586, pv=0.397077, s=-0.0960]
  * Maximum Likelihood estimation failed, use Moment Matching instead!
  * Beta parameters: [s1=1.00009, s2=2.2855]
  * Adjusted p-values: [emp=0.681592, beta=0.680277]

Processing phenotype [ENSG00000230903.4] [38/220]
  * #variants in cis = 2
  * Best hit: [id=15_internal_6784, d=-549980, pv=0.111885, s=-0.1686]
  * Maximum Likelihood estimation failed, use Moment Matching instead!
  * Beta parameters: [s1=0.999917, s2=2.23083]
  * Adjusted p-values: [emp=0.238806, beta=0.228424]

Processing phenotype [ENSG00000182774.6] [39/220]
  * #variants in cis = 2
  * Best hit: [id=15_internal_6784, d=-465981, pv=0.16369, s=0.1501]
  * Maximum Likelihood estimation failed, use Moment Matching instead!
  * Beta parameters: [s1=0.999945, s2=1.88326]
  * Adjusted p-values: [emp=0.318408, beta=0.303368]

Processing phenotype [ENSG00000260836.1] [40/220]
  * #variants in cis = 2
  * Best hit: [id=15_internal_6095, d=-509170, pv=0.111708, s=-0.1577]
  * Maximum Likelihood estimation failed, use Moment Matching instead!
  * Beta parameters: [s1=0.999948, s2=2.12484]
  * Adjusted p-values: [emp=0.199005, beta=0.183278]

Processing phenotype [ENSG00000214575.5] [41/220]
  * #variants in cis = 2
  * Best hit: [id=15_internal_6095, d=-416240, pv=0.356054, s=-0.0943]
  * Maximum Likelihood estimation failed, use Moment Matching instead!
  * Beta parameters: [s1=0.999945, s2=1.83911]
  * Adjusted p-values: [emp=0.621891, beta=0.573768]

Processing phenotype [ENSG00000103723.8] [42/220]
  * #variants in cis = 2
  * Best hit: [id=15_internal_6095, d=-355186, pv=0.283597, s=-0.1176]
  * Maximum Likelihood estimation failed, use Moment Matching instead!
  * Beta parameters: [s1=0.999967, s2=2.23828]
  * Adjusted p-values: [emp=0.457711, beta=0.464282]

Processing phenotype [ENSG00000259315.1] [43/220]
  * #variants in cis = 2
  * Best hit: [id=15_internal_6095, d=-326196, pv=0.0740798, s=-0.1938]
  * Maximum Likelihood estimation failed, use Moment Matching instead!
  * Beta parameters: [s1=1.00007, s2=1.97615]
  * Adjusted p-values: [emp=0.114428, beta=0.105597]

Processing phenotype [ENSG00000259442.1] [44/220]
  * #variants in cis = 2
  * Best hit: [id=15_internal_6784, d=262321, pv=0.269268, s=0.1178]
  * Maximum Likelihood estimation failed, use Moment Matching instead!
  * Beta parameters: [s1=0.999944, s2=1.9808]
  * Adjusted p-values: [emp=0.537313, beta=0.506714]

Processing phenotype [ENSG00000250988.3] [45/220]
  * #variants in cis = 2
  * Best hit: [id=15_internal_6784, d=255980, pv=0.0387437, s=-0.2410]
  * Maximum Likelihood estimation failed, use Moment Matching instead!
  * Beta parameters: [s1=0.999981, s2=2.06699]
  * Adjusted p-values: [emp=0.0646766, beta=0.0592348]

Processing phenotype [ENSG00000186628.8] [46/220]
  * #variants in cis = 2
  * Best hit: [id=15_internal_6784, d=-200474, pv=0.396871, s=0.0953]
  * Maximum Likelihood estimation failed, use Moment Matching instead!
  * Beta parameters: [s1=1.00008, s2=1.89427]
  * Adjusted p-values: [emp=0.626866, beta=0.614334]

Processing phenotype [ENSG00000156232.6] [47/220]
  * #variants in cis = 2
  * Best hit: [id=15_internal_6095, d=255472, pv=0.0888123, s=-0.1804]
  * Maximum Likelihood estimation failed, use Moment Matching instead!
  * Beta parameters: [s1=1.00006, s2=2.21835]
  * Adjusted p-values: [emp=0.169154, beta=0.180424]

Processing phenotype [ENSG00000103942.8] [48/220]
  * #variants in cis = 2
  * Best hit: [id=15_internal_6784, d=-20635, pv=0.0994637, s=-0.1714]
  * Maximum Likelihood estimation failed, use Moment Matching instead!
  * Beta parameters: [s1=0.999957, s2=1.91674]
  * Adjusted p-values: [emp=0.189055, beta=0.219726]

Processing phenotype [ENSG00000169612.3] [49/220]
  * #variants in cis = 2
  * Best hit: [id=15_internal_6095, d=78893, pv=0.111098, s=-0.1516]
  * Maximum Likelihood estimation failed, use Moment Matching instead!
  * Beta parameters: [s1=1.00007, s2=2.07588]
  * Adjusted p-values: [emp=0.218905, beta=0.2106]

Processing phenotype [ENSG00000169609.8] [50/220]
  * #variants in cis = 2
  * Best hit: [id=15_internal_6095, d=-53459, pv=0.0221579, s=-0.2446]
  * Maximum Likelihood estimation failed, use Moment Matching instead!
  * Beta parameters: [s1=1.00005, s2=2.38762]
  * Adjusted p-values: [emp=0.0248756, beta=0.0394719]

Processing phenotype [ENSG00000260608.1] [51/220]
  * #variants in cis = 2
  * Best hit: [id=15_internal_6095, d=52439, pv=0.332646, s=0.1013]
  * Maximum Likelihood estimation failed, use Moment Matching instead!
  * Beta parameters: [s1=0.999991, s2=2.24024]
  * Adjusted p-values: [emp=0.59204, beta=0.590044]

Processing phenotype [ENSG00000249214.2] [52/220]
  * #variants in cis = 2
  * Best hit: [id=15_internal_6095, d=49698, pv=0.257192, s=0.1067]
  * Maximum Likelihood estimation failed, use Moment Matching instead!
  * Beta parameters: [s1=1.00007, s2=2.29234]
  * Adjusted p-values: [emp=0.522388, beta=0.518785]

Processing phenotype [ENSG00000259767.1] [53/220]
  * #variants in cis = 2
  * Best hit: [id=15_internal_6784, d=10941, pv=0.851887, s=0.0189]
  * Maximum Likelihood estimation failed, use Moment Matching instead!
  * Beta parameters: [s1=0.999966, s2=2.01256]
  * Adjusted p-values: [emp=0.970149, beta=0.980728]

Processing phenotype [ENSG00000259308.2] [54/220]
  * #variants in cis = 2
  * Best hit: [id=15_internal_6095, d=20732, pv=0.0771937, s=-0.1662]
  * Maximum Likelihood estimation failed, use Moment Matching instead!
  * Beta parameters: [s1=0.999919, s2=1.77462]
  * Adjusted p-values: [emp=0.174129, beta=0.166302]

Processing phenotype [ENSG00000064726.5] [55/220]
  * #variants in cis = 2
  * Best hit: [id=15_internal_6095, d=0, pv=0.121757, s=0.1684]
  * Maximum Likelihood estimation failed, use Moment Matching instead!
  * Beta parameters: [s1=0.999954, s2=2.14886]
  * Adjusted p-values: [emp=0.199005, beta=0.192727]

Processing phenotype [ENSG00000136404.11] [56/220]
  * #variants in cis = 2
  * Best hit: [id=15_internal_6095, d=0, pv=0.00744, s=0.2704]
  * Maximum Likelihood estimation failed, use Moment Matching instead!
  * Beta parameters: [s1=0.999994, s2=2.35413]
  * Adjusted p-values: [emp=0.0149254, beta=0.00832728]

Processing phenotype [ENSG00000166503.4] [57/220]
  * #variants in cis = 2
  * Best hit: [id=15_internal_6095, d=97248, pv=0.00116551, s=0.3090]
  * Maximum Likelihood estimation failed, use Moment Matching instead!
  * Beta parameters: [s1=1.00002, s2=1.8009]
  * Adjusted p-values: [emp=0.00995025, beta=0.00357693]

Processing phenotype [ENSG00000259726.1] [58/220]
  * #variants in cis = 4
  * Best hit: [id=15_internal_8948, d=471696, pv=0.00107239, s=0.3371]
  * Maximum Likelihood estimation failed, use Moment Matching instead!
  * Beta parameters: [s1=0.999921, s2=5.1406]
  * Adjusted p-values: [emp=0.0149254, beta=0.00265902]

Processing phenotype [ENSG00000225151.5] [59/220]
  * #variants in cis = 4
  * Best hit: [id=15_internal_8948, d=-428310, pv=0.0263835, s=0.2331]
  * Maximum Likelihood estimation failed, use Moment Matching instead!
  * Beta parameters: [s1=1.00007, s2=5.52326]
  * Adjusted p-values: [emp=0.0845771, beta=0.0773515]

Processing phenotype [ENSG00000184206.7] [60/220]
  * #variants in cis = 4
  * Best hit: [id=15_internal_8601, d=618823, pv=0.00231547, s=0.3188]
  * Maximum Likelihood estimation failed, use Moment Matching instead!
  * Beta parameters: [s1=1.00003, s2=4.43061]
  * Adjusted p-values: [emp=0.00995025, beta=0.00983899]

Processing phenotype [ENSG00000230373.4] [61/220]
  * #variants in cis = 5
  * Best hit: [id=15_internal_8252, d=-960482, pv=0.0190748, s=-0.2223]
  * Maximum Likelihood estimation failed, use Moment Matching instead!
  * Beta parameters: [s1=1.00004, s2=4.85989]
  * Adjusted p-values: [emp=0.0945274, beta=0.0966891]

Processing phenotype [ENSG00000259244.1] [62/220]
  * #variants in cis = 5
  * Best hit: [id=15_internal_8601, d=-453168, pv=0.257274, s=0.1251]
  * Maximum Likelihood estimation failed, use Moment Matching instead!
  * Beta parameters: [s1=0.999942, s2=5.78542]
  * Adjusted p-values: [emp=0.820896, beta=0.800407]

Processing phenotype [ENSG00000259728.1] [63/220]
  * #variants in cis = 5
  * Best hit: [id=15_internal_8252, d=906647, pv=0.367535, s=0.0990]
  * Maximum Likelihood estimation failed, use Moment Matching instead!
  * Beta parameters: [s1=0.999957, s2=4.95901]
  * Adjusted p-values: [emp=0.855721, beta=0.859013]

Processing phenotype [ENSG00000189136.4] [64/220]
  * #variants in cis = 5
  * Best hit: [id=15_internal_8948, d=-212753, pv=0.00153383, s=0.3253]
  * Maximum Likelihood estimation failed, use Moment Matching instead!
  * Beta parameters: [s1=1.00007, s2=4.25737]
  * Adjusted p-values: [emp=0.00995025, beta=0.00871849]

Processing phenotype [ENSG00000176371.9] [65/220]
  * #variants in cis = 5
  * Best hit: [id=15_internal_8948, d=182983, pv=0.00142654, s=-0.3148]
  * Maximum Likelihood estimation failed, use Moment Matching instead!
  * Beta parameters: [s1=0.999934, s2=4.09783]
  * Adjusted p-values: [emp=0.0149254, beta=0.0179647]

Processing phenotype [ENSG00000256278.1] [66/220]
  * #variants in cis = 5
  * Best hit: [id=15_internal_8948, d=-169000, pv=0.134202, s=0.1505]
  * Beta parameters: [s1=0.98395, s2=5.73078]
  * Adjusted p-values: [emp=0.497512, beta=0.490927]

Processing phenotype [ENSG00000176700.15] [67/220]
  * #variants in cis = 5
  * Best hit: [id=15_internal_8948, d=152518, pv=0.0039135, s=-0.2987]
  * Maximum Likelihood estimation failed, use Moment Matching instead!
  * Beta parameters: [s1=1.00009, s2=5.27075]
  * Adjusted p-values: [emp=0.039801, beta=0.0355747]

Processing phenotype [ENSG00000254779.4] [68/220]
  * #variants in cis = 5
  * Best hit: [id=15_internal_8601, d=346243, pv=0.0331939, s=0.2055]
  * Beta parameters: [s1=0.910661, s2=6.27663]
  * Adjusted p-values: [emp=0.149254, beta=0.159122]

Processing phenotype [ENSG00000254414.1] [69/220]
  * #variants in cis = 5
  * Best hit: [id=15_internal_8948, d=-149982, pv=0.0163964, s=-0.2449]
  * Maximum Likelihood estimation failed, use Moment Matching instead!
  * Beta parameters: [s1=1.00012, s2=4.96555]
  * Adjusted p-values: [emp=0.0945274, beta=0.124997]

Processing phenotype [ENSG00000177082.8] [70/220]
  * #variants in cis = 5
  * Best hit: [id=15_internal_8948, d=-129626, pv=0.0365482, s=-0.2331]
  * Maximum Likelihood estimation failed, use Moment Matching instead!
  * Beta parameters: [s1=0.999988, s2=4.26452]
  * Adjusted p-values: [emp=0.199005, beta=0.205615]

Processing phenotype [ENSG00000197696.5] [71/220]
  * #variants in cis = 5
  * Best hit: [id=15_internal_6854, d=-510067, pv=0.519227, s=-0.0747]
  * Maximum Likelihood estimation failed, use Moment Matching instead!
  * Beta parameters: [s1=1.0001, s2=4.79564]
  * Adjusted p-values: [emp=0.9801, beta=0.96843]

Processing phenotype [ENSG00000259654.1] [72/220]
  * #variants in cis = 5
  * Best hit: [id=15_internal_8601, d=294233, pv=0.286394, s=-0.0968]
  * Maximum Likelihood estimation failed, use Moment Matching instead!
  * Beta parameters: [s1=1.00002, s2=4.75379]
  * Adjusted p-values: [emp=0.80597, beta=0.793897]

Processing phenotype [ENSG00000140612.9] [73/220]
  * #variants in cis = 5
  * Best hit: [id=15_internal_6854, d=-451914, pv=0.157259, s=0.1536]
  * Maximum Likelihood estimation failed, use Moment Matching instead!
  * Beta parameters: [s1=1.00007, s2=4.47671]
  * Adjusted p-values: [emp=0.616915, beta=0.612642]

Processing phenotype [ENSG00000166716.5] [74/220]
  * #variants in cis = 5
  * Best hit: [id=15_internal_8601, d=231482, pv=0.188808, s=-0.1390]
  * Beta parameters: [s1=0.971825, s2=6.40601]
  * Adjusted p-values: [emp=0.661692, beta=0.66579]

Processing phenotype [ENSG00000259415.1] [75/220]
  * #variants in cis = 5
  * Best hit: [id=15_internal_6854, d=415508, pv=0.0369924, s=-0.2322]
  * Maximum Likelihood estimation failed, use Moment Matching instead!
  * Beta parameters: [s1=0.999972, s2=4.47317]
  * Adjusted p-values: [emp=0.243781, beta=0.231959]

Processing phenotype [ENSG00000136383.6] [76/220]
  * #variants in cis = 5
  * Best hit: [id=15_internal_8601, d=163437, pv=0.0182898, s=0.2400]
  * Maximum Likelihood estimation failed, use Moment Matching instead!
  * Beta parameters: [s1=1.00004, s2=4.95239]
  * Adjusted p-values: [emp=0.0895522, beta=0.101473]

Processing phenotype [ENSG00000073417.10] [77/220]
  * #variants in cis = 6
  * Best hit: [id=15_internal_8601, d=0, pv=0.00320637, s=0.2895]
  * Maximum Likelihood estimation failed, use Moment Matching instead!
  * Beta parameters: [s1=1.00004, s2=5.14107]
  * Adjusted p-values: [emp=0.0348259, beta=0.0339585]

Processing phenotype [ENSG00000259295.2] [78/220]
  * #variants in cis = 6
  * Best hit: [id=15_internal_8601, d=-143368, pv=0.136757, s=0.1503]
  * Beta parameters: [s1=0.958093, s2=6.46721]
  * Adjusted p-values: [emp=0.606965, beta=0.609143]

Processing phenotype [ENSG00000229212.3] [79/220]
  * #variants in cis = 6
  * Best hit: [id=15_internal_6854, d=0, pv=0.0245951, s=-0.2374]
  * Beta parameters: [s1=0.925365, s2=6.75131]
  * Adjusted p-values: [emp=0.159204, beta=0.151616]

Processing phenotype [ENSG00000259451.1] [80/220]
  * #variants in cis = 6
  * Best hit: [id=15_internal_8601, d=267446, pv=0.0453829, s=0.2151]
  * Beta parameters: [s1=1.04204, s2=6.71896]
  * Adjusted p-values: [emp=0.189055, beta=0.188971]

Processing phenotype [ENSG00000218052.3] [81/220]
  * #variants in cis = 6
  * Best hit: [id=15_internal_8252, d=-146962, pv=0.0762755, s=-0.1930]
  * Beta parameters: [s1=0.994965, s2=5.80077]
  * Adjusted p-values: [emp=0.378109, beta=0.381735]

Processing phenotype [ENSG00000170776.15] [82/220]
  * #variants in cis = 6
  * Best hit: [id=15_internal_6548, d=544426, pv=0.00813695, s=0.2947]
  * Maximum Likelihood estimation failed, use Moment Matching instead!
  * Beta parameters: [s1=1.00008, s2=4.58221]
  * Adjusted p-values: [emp=0.0497512, beta=0.0498606]

Processing phenotype [ENSG00000259630.2] [83/220]
  * #variants in cis = 6
  * Best hit: [id=15_internal_8252, d=62068, pv=0.0201348, s=0.2493]
  * Beta parameters: [s1=0.942675, s2=6.02752]
  * Adjusted p-values: [emp=0.159204, beta=0.135801]

Processing phenotype [ENSG00000259375.1] [84/220]
  * #variants in cis = 6
  * Best hit: [id=15_internal_8252, d=0, pv=0.0222488, s=0.2483]
  * Beta parameters: [s1=0.993759, s2=6.48177]
  * Adjusted p-values: [emp=0.114428, beta=0.108863]

Processing phenotype [ENSG00000259276.1] [85/220]
  * #variants in cis = 6
  * Best hit: [id=15_internal_7238, d=990925, pv=0.35226, s=0.1060]
  * Beta parameters: [s1=1.00006, s2=5.4503]
  * Adjusted p-values: [emp=0.920398, beta=0.916202]

Processing phenotype [ENSG00000202081.1] [86/220]
  * #variants in cis = 5
  * Best hit: [id=15_internal_6854, d=337692, pv=0.0390277, s=0.2320]
  * Maximum Likelihood estimation failed, use Moment Matching instead!
  * Beta parameters: [s1=0.999892, s2=4.69915]
  * Adjusted p-values: [emp=0.223881, beta=0.203359]

Processing phenotype [ENSG00000259367.1] [87/220]
  * #variants in cis = 5
  * Best hit: [id=15_internal_8252, d=35267, pv=0.108407, s=0.1750]
  * Maximum Likelihood estimation failed, use Moment Matching instead!
  * Beta parameters: [s1=1.00002, s2=4.53358]
  * Adjusted p-values: [emp=0.393035, beta=0.415973]

Processing phenotype [ENSG00000259453.1] [88/220]
  * #variants in cis = 5
  * Best hit: [id=15_internal_8252, d=-65428, pv=0.365015, s=0.0955]
  * Maximum Likelihood estimation failed, use Moment Matching instead!
  * Beta parameters: [s1=1.00001, s2=4.46999]
  * Adjusted p-values: [emp=0.885572, beta=0.892917]

Processing phenotype [ENSG00000259544.1] [89/220]
  * #variants in cis = 5
  * Best hit: [id=15_internal_6548, d=-197770, pv=0.00020889, s=0.3971]
  * Maximum Likelihood estimation failed, use Moment Matching instead!
  * Beta parameters: [s1=1.00002, s2=4.78904]
  * Adjusted p-values: [emp=0.00497512, beta=0.00105141]

Processing phenotype [ENSG00000259407.1] [90/220]
  * #variants in cis = 5
  * Best hit: [id=15_internal_8948, d=812348, pv=0.0108446, s=-0.2869]
  * Maximum Likelihood estimation failed, use Moment Matching instead!
  * Beta parameters: [s1=1.00009, s2=5.272]
  * Adjusted p-values: [emp=0.0746269, beta=0.0470095]

Processing phenotype [ENSG00000259762.1] [91/220]
  * #variants in cis = 5
  * Best hit: [id=15_internal_6548, d=-172096, pv=0.0619874, s=0.1889]
  * Beta parameters: [s1=0.987832, s2=5.68752]
  * Adjusted p-values: [emp=0.328358, beta=0.296909]

Processing phenotype [ENSG00000259416.2] [92/220]
  * #variants in cis = 5
  * Best hit: [id=15_internal_8252, d=120556, pv=0.011408, s=0.2766]
  * Maximum Likelihood estimation failed, use Moment Matching instead!
  * Beta parameters: [s1=1.00006, s2=6.42935]
  * Adjusted p-values: [emp=0.0547264, beta=0.0185041]

Processing phenotype [ENSG00000259195.1] [93/220]
  * #variants in cis = 5
  * Best hit: [id=15_internal_8601, d=-722920, pv=0.140396, s=0.1407]
  * Maximum Likelihood estimation failed, use Moment Matching instead!
  * Beta parameters: [s1=1.00002, s2=5.44691]
  * Adjusted p-values: [emp=0.522388, beta=0.497825]

Processing phenotype [ENSG00000183655.11] [94/220]
  * #variants in cis = 5
  * Best hit: [id=15_internal_8252, d=159349, pv=0.00523485, s=0.2908]
  * Maximum Likelihood estimation failed, use Moment Matching instead!
  * Beta parameters: [s1=0.999993, s2=4.69592]
  * Adjusted p-values: [emp=0.0298507, beta=0.0268371]

Processing phenotype [ENSG00000259494.1] [95/220]
  * #variants in cis = 8
  * Best hit: [id=15_internal_7344, d=746004, pv=0.0186639, s=-0.2500]
  * Beta parameters: [s1=0.929724, s2=7.77844]
  * Adjusted p-values: [emp=0.159204, beta=0.128895]

Processing phenotype [ENSG00000181991.11] [96/220]
  * #variants in cis = 8
  * Best hit: [id=15_internal_7848, d=902278, pv=0.0353765, s=-0.2097]
  * Beta parameters: [s1=1.01394, s2=9.24801]
  * Adjusted p-values: [emp=0.233831, beta=0.212888]

Processing phenotype [ENSG00000173867.7] [97/220]
  * #variants in cis = 9
  * Best hit: [id=15_internal_8374, d=498936, pv=0.0494088, s=0.1924]
  * Beta parameters: [s1=0.944949, s2=8.4177]
  * Adjusted p-values: [emp=0.373134, beta=0.370514]

Processing phenotype [ENSG00000140543.9] [98/220]
  * #variants in cis = 9
  * Best hit: [id=15_internal_6329, d=-939914, pv=0.102905, s=0.1660]
  * Beta parameters: [s1=1.12209, s2=7.76789]
  * Adjusted p-values: [emp=0.636816, beta=0.636166]

Processing phenotype [ENSG00000181026.13] [99/220]
  * #variants in cis = 9
  * Best hit: [id=15_internal_5939, d=465540, pv=0.173112, s=-0.1395]
  * Beta parameters: [s1=0.905044, s2=9.53262]
  * Adjusted p-values: [emp=0.78607, beta=0.800674]

Processing phenotype [ENSG00000172183.10] [100/220]
  * #variants in cis = 9
  * Best hit: [id=15_internal_6242, d=0, pv=0.000506766, s=0.3666]
  * Beta parameters: [s1=0.993959, s2=9.21899]
  * Adjusted p-values: [emp=0.00995025, beta=0.00414798]

Processing phenotype [ENSG00000157766.11] [101/220]
  * #variants in cis = 10
  * Best hit: [id=15_internal_6341, d=303264, pv=0.0572524, s=-0.2205]
  * Beta parameters: [s1=1.07702, s2=8.02888]
  * Adjusted p-values: [emp=0.452736, beta=0.443201]

Processing phenotype [ENSG00000140511.7] [102/220]
  * #variants in cis = 13
  * Best hit: [id=15_internal_8374, d=883041, pv=0.0879644, s=-0.1752]
  * Beta parameters: [s1=1.02671, s2=12.8939]
  * Adjusted p-values: [emp=0.691542, beta=0.686791]

Processing phenotype [ENSG00000140545.10] [103/220]
  * #variants in cis = 13
  * Best hit: [id=15_internal_5517, d=-173680, pv=0.103512, s=-0.1641]
  * Beta parameters: [s1=0.95375, s2=12.8557]
  * Adjusted p-values: [emp=0.761194, beta=0.773275]

Processing phenotype [ENSG00000140526.12] [104/220]
  * #variants in cis = 14
  * Best hit: [id=15_internal_5662, d=732317, pv=0.453706, s=0.0833]
  * Beta parameters: [s1=1.12739, s2=14.4726]
  * Adjusted p-values: [emp=1, beta=0.999843]

Processing phenotype [ENSG00000259699.2] [105/220]
  * #variants in cis = 14
  * Best hit: [id=15_internal_6355, d=-623225, pv=0.0133963, s=0.2518]
  * Beta parameters: [s1=0.993549, s2=14.6802]
  * Adjusted p-values: [emp=0.144279, beta=0.167803]

Processing phenotype [ENSG00000259948.2] [106/220]
  * #variants in cis = 15
  * Best hit: [id=15_internal_5930, d=-760167, pv=0.0576821, s=-0.2095]
  * Beta parameters: [s1=0.948511, s2=11.9474]
  * Adjusted p-values: [emp=0.572139, beta=0.584606]

Processing phenotype [ENSG00000140522.7] [107/220]
  * #variants in cis = 15
  * Best hit: [id=15_internal_6341, d=70026, pv=0.0948996, s=-0.1781]
  * Beta parameters: [s1=0.965774, s2=11.8333]
  * Adjusted p-values: [emp=0.751244, beta=0.764179]

Processing phenotype [ENSG00000140525.13] [108/220]
  * #variants in cis = 16
  * Best hit: [id=15_internal_5718, d=558079, pv=0.207748, s=-0.1343]
  * Beta parameters: [s1=1.08457, s2=12.8094]
  * Adjusted p-values: [emp=0.940299, beta=0.960838]

Processing phenotype [ENSG00000140521.6] [109/220]
  * #variants in cis = 18
  * Best hit: [id=15_internal_9073, d=-975057, pv=0.0233091, s=0.2580]
  * Beta parameters: [s1=1.01926, s2=13.283]
  * Adjusted p-values: [emp=0.437811, beta=0.400123]

Processing phenotype [ENSG00000255571.2] [110/220]
  * #variants in cis = 18
  * Best hit: [id=15_internal_6341, d=-209854, pv=0.046651, s=-0.1970]
  * Beta parameters: [s1=0.853083, s2=16.8568]
  * Adjusted p-values: [emp=0.577114, beta=0.581065]

Processing phenotype [ENSG00000140534.9] [111/220]
  * #variants in cis = 21
  * Best hit: [id=15_internal_5517, d=-430453, pv=0.00166973, s=-0.3452]
  * Beta parameters: [s1=0.998035, s2=16.4873]
  * Adjusted p-values: [emp=0.0497512, beta=0.0461812]

Processing phenotype [ENSG00000166813.10] [112/220]
  * #variants in cis = 22
  * Best hit: [id=15_internal_6466, d=-496530, pv=0.0501897, s=-0.2116]
  * Beta parameters: [s1=0.898672, s2=24.5272]
  * Adjusted p-values: [emp=0.641791, beta=0.656699]

Processing phenotype [ENSG00000166819.7] [113/220]
  * #variants in cis = 21
  * Best hit: [id=15_internal_6341, d=527702, pv=0.055133, s=0.2089]
  * Beta parameters: [s1=1.02255, s2=20.6994]
  * Adjusted p-values: [emp=0.666667, beta=0.665702]

Processing phenotype [ENSG00000166821.4] [114/220]
  * #variants in cis = 21
  * Best hit: [id=15_internal_6491, d=-838325, pv=0.00690773, s=-0.2731]
  * Beta parameters: [s1=1.02194, s2=18.4366]
  * Adjusted p-values: [emp=0.129353, beta=0.130746]

Processing phenotype [ENSG00000259677.1] [115/220]
  * #variants in cis = 24
  * Best hit: [id=15_internal_5831, d=992098, pv=0.0643596, s=0.1965]
  * Beta parameters: [s1=0.838739, s2=23.5313]
  * Adjusted p-values: [emp=0.756219, beta=0.766929]

Processing phenotype [ENSG00000157823.11] [116/220]
  * #variants in cis = 24
  * Best hit: [id=15_internal_6341, d=742618, pv=0.0225314, s=-0.2606]
  * Beta parameters: [s1=0.994952, s2=22.9076]
  * Adjusted p-values: [emp=0.40796, beta=0.385143]

Processing phenotype [ENSG00000250021.2] [117/220]
  * #variants in cis = 24
  * Best hit: [id=15_internal_5662, d=0, pv=0.0285886, s=0.2380]
  * Beta parameters: [s1=0.820108, s2=28.6478]
  * Adjusted p-values: [emp=0.537313, beta=0.529364]

Processing phenotype [ENSG00000140548.5] [118/220]
  * #variants in cis = 24
  * Best hit: [id=15_internal_6233, d=67800, pv=0.0062673, s=0.2579]
  * Beta parameters: [s1=0.934358, s2=25.7388]
  * Adjusted p-values: [emp=0.144279, beta=0.134507]

Processing phenotype [ENSG00000259291.1] [119/220]
  * #variants in cis = 24
  * Best hit: [id=15_internal_6233, d=0, pv=0.0353074, s=0.2059]
  * Beta parameters: [s1=0.88228, s2=28.0283]
  * Adjusted p-values: [emp=0.517413, beta=0.543491]

Processing phenotype [ENSG00000182054.5] [120/220]
  * #variants in cis = 24
  * Best hit: [id=15_internal_6233, d=14040, pv=0.0257903, s=0.2424]
  * Beta parameters: [s1=0.974632, s2=26.3346]
  * Adjusted p-values: [emp=0.432836, beta=0.427968]

Processing phenotype [ENSG00000185033.10] [121/220]
  * #variants in cis = 22
  * Best hit: [id=15_internal_6724, d=66223, pv=0.027347, s=0.2388]
  * Beta parameters: [s1=0.95538, s2=20.6823]
  * Adjusted p-values: [emp=0.437811, beta=0.427705]

Processing phenotype [ENSG00000225193.5] [122/220]
  * #variants in cis = 21
  * Best hit: [id=15_internal_8387, d=550384, pv=0.01135, s=0.2608]
  * Beta parameters: [s1=0.954593, s2=20.7622]
  * Adjusted p-values: [emp=0.223881, beta=0.233806]

Processing phenotype [ENSG00000183208.8] [123/220]
  * #variants in cis = 21
  * Best hit: [id=15_internal_6724, d=0, pv=0.0120433, s=-0.2565]
  * Beta parameters: [s1=1.03176, s2=30.113]
  * Adjusted p-values: [emp=0.218905, beta=0.214899]

Processing phenotype [ENSG00000185043.6] [124/220]
  * #variants in cis = 21
  * Best hit: [id=15_internal_6724, d=0, pv=0.000905442, s=-0.3349]
  * Beta parameters: [s1=1.00488, s2=20.8594]
  * Adjusted p-values: [emp=0.0248756, beta=0.0174296]

Processing phenotype [ENSG00000259894.1] [125/220]
  * #variants in cis = 21
  * Best hit: [id=15_internal_9073, d=64504, pv=0.0724832, s=-0.1841]
  * Beta parameters: [s1=1.08434, s2=25.4358]
  * Adjusted p-values: [emp=0.820896, beta=0.809931]

Processing phenotype [ENSG00000213471.4] [126/220]
  * #variants in cis = 21
  * Best hit: [id=15_internal_9073, d=60387, pv=0.0973703, s=0.1779]
  * Beta parameters: [s1=1.00619, s2=23.0691]
  * Adjusted p-values: [emp=0.900498, beta=0.898154]

Processing phenotype [ENSG00000261147.1] [127/220]
  * #variants in cis = 21
  * Best hit: [id=15_internal_8387, d=507400, pv=0.0721087, s=0.2091]
  * Beta parameters: [s1=1.03284, s2=26.9575]
  * Adjusted p-values: [emp=0.776119, beta=0.771114]

Processing phenotype [ENSG00000182768.7] [128/220]
  * #variants in cis = 22
  * Best hit: [id=15_internal_5671, d=123054, pv=0.0463467, s=-0.2173]
  * Beta parameters: [s1=1.05417, s2=22.8332]
  * Adjusted p-values: [emp=0.651741, beta=0.635347]

Processing phenotype [ENSG00000228998.3] [129/220]
  * #variants in cis = 22
  * Best hit: [id=15_internal_6355, d=-429965, pv=0.0173782, s=-0.2568]
  * Beta parameters: [s1=0.999611, s2=24.868]
  * Adjusted p-values: [emp=0.368159, beta=0.325937]

Processing phenotype [ENSG00000196391.6] [130/220]
  * #variants in cis = 23
  * Best hit: [id=15_internal_6355, d=-507176, pv=0.00421693, s=0.2704]
  * Beta parameters: [s1=1.01227, s2=17.9939]
  * Adjusted p-values: [emp=0.104478, beta=0.0957022]

Processing phenotype [ENSG00000140575.8] [131/220]
  * #variants in cis = 23
  * Best hit: [id=15_internal_6583, d=-506808, pv=0.0292708, s=0.2393]
  * Beta parameters: [s1=0.903565, s2=23.1677]
  * Adjusted p-values: [emp=0.487562, beta=0.496454]

Processing phenotype [ENSG00000259177.1] [132/220]
  * #variants in cis = 23
  * Best hit: [id=15_internal_6724, d=130187, pv=0.00703212, s=-0.2729]
  * Beta parameters: [s1=0.874907, s2=30.2334]
  * Adjusted p-values: [emp=0.179104, beta=0.164102]

Processing phenotype [ENSG00000140577.11] [133/220]
  * #variants in cis = 21
  * Best hit: [id=15_internal_6491, d=0, pv=0.000440032, s=0.3796]
  * Beta parameters: [s1=1.03125, s2=24.8555]
  * Adjusted p-values: [emp=0.00995025, beta=0.00576625]

Processing phenotype [ENSG00000259212.1] [134/220]
  * #variants in cis = 21
  * Best hit: [id=15_internal_7795, d=-51582, pv=0.0256676, s=-0.2214]
  * Beta parameters: [s1=0.916638, s2=32.3527]
  * Adjusted p-values: [emp=0.38806, beta=0.379747]

Processing phenotype [ENSG00000259314.1] [135/220]
  * #variants in cis = 21
  * Best hit: [id=15_internal_6491, d=12340, pv=0.0108965, s=0.2602]
  * Beta parameters: [s1=0.936491, s2=21.8695]
  * Adjusted p-values: [emp=0.18408, beta=0.170124]

Processing phenotype [ENSG00000259746.1] [136/220]
  * #variants in cis = 21
  * Best hit: [id=15_internal_6155, d=94114, pv=0.0171238, s=-0.2515]
  * Beta parameters: [s1=0.956056, s2=30.9374]
  * Adjusted p-values: [emp=0.293532, beta=0.293811]

Processing phenotype [ENSG00000259736.1] [137/220]
  * #variants in cis = 21
  * Best hit: [id=15_internal_5718, d=863637, pv=0.00415024, s=0.2812]
  * Beta parameters: [s1=1.00751, s2=23.3462]
  * Adjusted p-values: [emp=0.0646766, beta=0.053852]

Processing phenotype [ENSG00000197299.6] [138/220]
  * #variants in cis = 21
  * Best hit: [id=15_internal_6911, d=-329282, pv=0.0261326, s=-0.2293]
  * Beta parameters: [s1=1.05665, s2=21.9971]
  * Adjusted p-values: [emp=0.447761, beta=0.418316]

Processing phenotype [ENSG00000140564.6] [139/220]
  * #variants in cis = 19
  * Best hit: [id=15_internal_9156, d=433843, pv=0.0303502, s=0.2289]
  * Beta parameters: [s1=0.989019, s2=17.5572]
  * Adjusted p-values: [emp=0.472637, beta=0.464798]

Processing phenotype [ENSG00000259260.1] [140/220]
  * #variants in cis = 19
  * Best hit: [id=15_internal_5930, d=811458, pv=0.0119178, s=0.2539]
  * Beta parameters: [s1=0.965526, s2=17.6688]
  * Adjusted p-values: [emp=0.20398, beta=0.200043]

Processing phenotype [ENSG00000182511.7] [141/220]
  * #variants in cis = 19
  * Best hit: [id=15_internal_6155, d=-143245, pv=0.0501389, s=0.2203]
  * Beta parameters: [s1=0.981581, s2=16.5386]
  * Adjusted p-values: [emp=0.626866, beta=0.621016]

Processing phenotype [ENSG00000196547.9] [142/220]
  * #variants in cis = 21
  * Best hit: [id=15_internal_9156, d=400217, pv=0.00824208, s=0.2635]
  * Beta parameters: [s1=1.14895, s2=20.6788]
  * Adjusted p-values: [emp=0.19403, beta=0.193116]

Processing phenotype [ENSG00000259661.1] [143/220]
  * #variants in cis = 21
  * Best hit: [id=15_internal_5811, d=-329983, pv=0.00921343, s=0.2680]
  * Beta parameters: [s1=0.845925, s2=24.1098]
  * Adjusted p-values: [emp=0.159204, beta=0.153973]

Processing phenotype [ENSG00000140553.11] [144/220]
  * #variants in cis = 21
  * Best hit: [id=15_internal_5944, d=-581988, pv=0.00370498, s=0.3168]
  * Beta parameters: [s1=0.931359, s2=16.6053]
  * Adjusted p-values: [emp=0.0895522, beta=0.0711065]

Processing phenotype [ENSG00000184508.6] [145/220]
  * #variants in cis = 22
  * Best hit: [id=15_internal_7189, d=853388, pv=0.00926713, s=-0.2778]
  * Beta parameters: [s1=0.9517, s2=22.108]
  * Adjusted p-values: [emp=0.189055, beta=0.178596]

Processing phenotype [ENSG00000166965.8] [146/220]
  * #variants in cis = 21
  * Best hit: [id=15_internal_6466, d=-734661, pv=0.0922631, s=-0.1737]
  * Beta parameters: [s1=1.02724, s2=17.0655]
  * Adjusted p-values: [emp=0.855721, beta=0.826353]

Processing phenotype [ENSG00000258384.1] [147/220]
  * #variants in cis = 21
  * Best hit: [id=15_internal_6466, d=735016, pv=0.270111, s=0.1203]
  * Beta parameters: [s1=0.994338, s2=21.2169]
  * Adjusted p-values: [emp=1, beta=0.997663]

Processing phenotype [ENSG00000258725.1] [148/220]
  * #variants in cis = 21
  * Best hit: [id=15_internal_6617, d=925281, pv=0.0572293, s=-0.1770]
  * Beta parameters: [s1=1.1055, s2=20.4198]
  * Adjusted p-values: [emp=0.671642, beta=0.654223]

Processing phenotype [ENSG00000198901.9] [149/220]
  * #variants in cis = 21
  * Best hit: [id=15_internal_8387, d=107458, pv=0.0449688, s=-0.1881]
  * Beta parameters: [s1=1.10778, s2=17.2112]
  * Adjusted p-values: [emp=0.59204, beta=0.572426]

Processing phenotype [ENSG00000184056.9] [150/220]
  * #variants in cis = 21
  * Best hit: [id=15_internal_9073, d=612760, pv=0.0680852, s=-0.1870]
  * Beta parameters: [s1=0.926346, s2=14.7715]
  * Adjusted p-values: [emp=0.766169, beta=0.754571]

Processing phenotype [ENSG00000214432.5] [151/220]
  * #variants in cis = 21
  * Best hit: [id=15_internal_5831, d=-118412, pv=0.011112, s=-0.2736]
  * Beta parameters: [s1=0.980708, s2=16.5882]
  * Adjusted p-values: [emp=0.21393, beta=0.217685]

Processing phenotype [ENSG00000185518.7] [152/220]
  * #variants in cis = 17
  * Best hit: [id=15_internal_9156, d=202485, pv=0.0548877, s=0.1972]
  * Beta parameters: [s1=1.00323, s2=14.438]
  * Adjusted p-values: [emp=0.537313, beta=0.542597]

Processing phenotype [ENSG00000258551.1] [153/220]
  * #variants in cis = 13
  * Best hit: [id=15_internal_9156, d=0, pv=2.31179e-05, s=0.4192]
  * Beta parameters: [s1=1.10252, s2=11.7997]
  * Adjusted p-values: [emp=0.00497512, beta=0.000100601]

Processing phenotype [ENSG00000176463.8] [154/220]
  * #variants in cis = 11
  * Best hit: [id=15_internal_9156, d=-146603, pv=0.00959876, s=0.2788]
  * Beta parameters: [s1=0.934425, s2=8.58623]
  * Adjusted p-values: [emp=0.0995025, beta=0.092081]

Processing phenotype [ENSG00000258761.1] [155/220]
  * #variants in cis = 10
  * Best hit: [id=15_internal_6228, d=-482151, pv=0.192787, s=0.1351]
  * Beta parameters: [s1=0.995255, s2=8.44768]
  * Adjusted p-values: [emp=0.835821, beta=0.85362]

Processing phenotype [ENSG00000260661.1] [156/220]
  * #variants in cis = 10
  * Best hit: [id=15_internal_6228, d=-323550, pv=0.076184, s=0.1902]
  * Beta parameters: [s1=0.954151, s2=7.51858]
  * Adjusted p-values: [emp=0.487562, beta=0.511201]

Processing phenotype [ENSG00000253954.2] [157/220]
  * #variants in cis = 9
  * Best hit: [id=15_internal_6617, d=-717533, pv=0.033303, s=-0.2260]
  * Beta parameters: [s1=1.0237, s2=6.96191]
  * Adjusted p-values: [emp=0.293532, beta=0.281626]

Processing phenotype [ENSG00000260361.1] [158/220]
  * #variants in cis = 9
  * Best hit: [id=15_internal_6633, d=-396494, pv=0.0194484, s=-0.2576]
  * Beta parameters: [s1=1.15458, s2=7.65341]
  * Adjusted p-values: [emp=0.149254, beta=0.162104]

Processing phenotype [ENSG00000258382.1] [159/220]
  * #variants in cis = 9
  * Best hit: [id=15_internal_7673, d=-228226, pv=0.0214404, s=0.2368]
  * Beta parameters: [s1=0.975705, s2=9.64606]
  * Adjusted p-values: [emp=0.149254, beta=0.145217]

Processing phenotype [ENSG00000258527.1] [160/220]
  * #variants in cis = 9
  * Best hit: [id=15_internal_6109, d=-782538, pv=0.0545605, s=0.2010]
  * Beta parameters: [s1=0.949803, s2=7.93376]
  * Adjusted p-values: [emp=0.412935, beta=0.395989]

Processing phenotype [ENSG00000258922.1] [161/220]
  * #variants in cis = 9
  * Best hit: [id=15_internal_6109, d=795458, pv=0.0119978, s=-0.2766]
  * Beta parameters: [s1=1.02068, s2=7.46897]
  * Adjusted p-values: [emp=0.109453, beta=0.105917]

Processing phenotype [ENSG00000185442.6] [162/220]
  * #variants in cis = 9
  * Best hit: [id=15_internal_7107, d=74610, pv=7.33844e-05, s=0.4041]
  * Beta parameters: [s1=0.959408, s2=7.09107]
  * Adjusted p-values: [emp=0.00995025, beta=0.00104787]

Processing phenotype [ENSG00000173575.11] [163/220]
  * #variants in cis = 9
  * Best hit: [id=15_internal_7107, d=-147433, pv=0.108707, s=0.1782]
  * Beta parameters: [s1=0.949264, s2=9.12841]
  * Adjusted p-values: [emp=0.572139, beta=0.593219]

Processing phenotype [ENSG00000264173.1] [164/220]
  * #variants in cis = 9
  * Best hit: [id=15_internal_6106, d=-806347, pv=0.0355782, s=0.2194]
  * Beta parameters: [s1=1.02687, s2=7.45868]
  * Adjusted p-values: [emp=0.298507, beta=0.264431]

Processing phenotype [ENSG00000140563.10] [165/220]
  * #variants in cis = 4
  * Best hit: [id=15_internal_8397, d=0, pv=0.00292414, s=0.3486]
  * Maximum Likelihood estimation failed, use Moment Matching instead!
  * Beta parameters: [s1=0.999911, s2=4.17421]
  * Adjusted p-values: [emp=0.0348259, beta=0.0106648]

Processing phenotype [ENSG00000260359.1] [166/220]
  * #variants in cis = 3
  * Best hit: [id=15_internal_8397, d=-91749, pv=0.00665583, s=0.2947]
  * Maximum Likelihood estimation failed, use Moment Matching instead!
  * Beta parameters: [s1=1.00005, s2=2.98916]
  * Adjusted p-values: [emp=0.0248756, beta=0.0196651]

Processing phenotype [ENSG00000260521.2] [167/220]
  * #variants in cis = 3
  * Best hit: [id=15_internal_5855, d=-729406, pv=0.401931, s=-0.0893]
  * Maximum Likelihood estimation failed, use Moment Matching instead!
  * Beta parameters: [s1=1.00001, s2=2.86737]
  * Adjusted p-values: [emp=0.810945, beta=0.786819]

Processing phenotype [ENSG00000140450.7] [168/220]
  * #variants in cis = 12
  * Best hit: [id=15_internal_7888, d=39879, pv=1.32007e-05, s=0.4158]
  * Beta parameters: [s1=1.05497, s2=11.7901]
  * Adjusted p-values: [emp=0.00497512, beta=0.000164147]

Processing phenotype [ENSG00000259424.1] [169/220]
  * #variants in cis = 15
  * Best hit: [id=15_internal_6087, d=-961953, pv=0.0278997, s=0.2215]
  * Beta parameters: [s1=0.93179, s2=16.3465]
  * Adjusted p-values: [emp=0.373134, beta=0.340275]

Processing phenotype [ENSG00000140443.9] [170/220]
  * #variants in cis = 15
  * Best hit: [id=15_internal_5729, d=137610, pv=0.00427128, s=0.2849]
  * Beta parameters: [s1=0.886274, s2=18.2147]
  * Adjusted p-values: [emp=0.0696517, beta=0.0580492]

Processing phenotype [ENSG00000264480.1] [171/220]
  * #variants in cis = 15
  * Best hit: [id=15_internal_6253, d=-84647, pv=0.0317605, s=-0.2250]
  * Beta parameters: [s1=1.02792, s2=17.4032]
  * Adjusted p-values: [emp=0.313433, beta=0.320117]

Processing phenotype [ENSG00000259621.1] [172/220]
  * #variants in cis = 15
  * Best hit: [id=15_internal_8676, d=256717, pv=0.155428, s=0.1474]
  * Beta parameters: [s1=0.997265, s2=13.6597]
  * Adjusted p-values: [emp=0.935323, beta=0.924712]

Processing phenotype [ENSG00000183571.9] [173/220]
  * #variants in cis = 16
  * Best hit: [id=15_internal_8676, d=370977, pv=0.055241, s=0.1991]
  * Beta parameters: [s1=0.957236, s2=16.5247]
  * Adjusted p-values: [emp=0.626866, beta=0.609273]

Processing phenotype [ENSG00000182253.10] [174/220]
  * #variants in cis = 15
  * Best hit: [id=15_internal_7693, d=-188207, pv=0.0389559, s=0.2273]
  * Beta parameters: [s1=1.05441, s2=11.9957]
  * Adjusted p-values: [emp=0.442786, beta=0.425674]

Processing phenotype [ENSG00000259475.1] [175/220]
  * #variants in cis = 15
  * Best hit: [id=15_internal_8676, d=465983, pv=0.054518, s=0.1950]
  * Beta parameters: [s1=1.05383, s2=15.1363]
  * Adjusted p-values: [emp=0.522388, beta=0.517646]

Processing phenotype [ENSG00000261054.1] [176/220]
  * #variants in cis = 16
  * Best hit: [id=15_internal_7693, d=221798, pv=0.0293553, s=0.2383]
  * Beta parameters: [s1=1.10859, s2=14.0485]
  * Adjusted p-values: [emp=0.383085, beta=0.380877]

Processing phenotype [ENSG00000261616.1] [177/220]
  * #variants in cis = 16
  * Best hit: [id=15_internal_8676, d=-499475, pv=0.0141648, s=0.2709]
  * Beta parameters: [s1=0.922959, s2=13.1113]
  * Adjusted p-values: [emp=0.18408, beta=0.175327]

Processing phenotype [ENSG00000103852.8] [178/220]
  * #variants in cis = 15
  * Best hit: [id=15_internal_5729, d=342503, pv=0.0398922, s=0.2176]
  * Beta parameters: [s1=0.96417, s2=14.0985]
  * Adjusted p-values: [emp=0.412935, beta=0.413111]

Processing phenotype [ENSG00000168904.10] [179/220]
  * #variants in cis = 15
  * Best hit: [id=15_internal_7519, d=0, pv=0.0120998, s=0.2599]
  * Beta parameters: [s1=0.942185, s2=15.0919]
  * Adjusted p-values: [emp=0.114428, beta=0.120133]

Processing phenotype [ENSG00000259706.1] [180/220]
  * #variants in cis = 15
  * Best hit: [id=15_internal_6087, d=354716, pv=0.0272555, s=-0.2319]
  * Beta parameters: [s1=0.990743, s2=14.9494]
  * Adjusted p-values: [emp=0.343284, beta=0.316489]

Processing phenotype [ENSG00000259228.1] [181/220]
  * #variants in cis = 15
  * Best hit: [id=15_internal_6746, d=480841, pv=0.028825, s=0.2229]
  * Beta parameters: [s1=1.04462, s2=13.5982]
  * Adjusted p-values: [emp=0.373134, beta=0.34286]

Processing phenotype [ENSG00000259257.1] [182/220]
  * #variants in cis = 15
  * Best hit: [id=15_internal_5729, d=-429137, pv=0.0384624, s=0.2095]
  * Beta parameters: [s1=0.952255, s2=10.4945]
  * Adjusted p-values: [emp=0.432836, beta=0.428458]

Processing phenotype [ENSG00000259590.1] [183/220]
  * #variants in cis = 15
  * Best hit: [id=15_internal_8549, d=316431, pv=0.045623, s=0.2216]
  * Beta parameters: [s1=0.90186, s2=14.4029]
  * Adjusted p-values: [emp=0.517413, beta=0.521968]

Processing phenotype [ENSG00000259760.1] [184/220]
  * #variants in cis = 15
  * Best hit: [id=15_internal_6253, d=698512, pv=0.0714679, s=-0.1803]
  * Beta parameters: [s1=1.03719, s2=15.127]
  * Adjusted p-values: [emp=0.711443, beta=0.716242]

Processing phenotype [ENSG00000068305.12] [185/220]
  * #variants in cis = 15
  * Best hit: [id=15_internal_8162, d=0, pv=3.01011e-05, s=0.4319]
  * Beta parameters: [s1=0.882989, s2=12.9676]
  * Adjusted p-values: [emp=0.00497512, beta=0.000564712]

Processing phenotype [ENSG00000201724.1] [186/220]
  * #variants in cis = 14
  * Best hit: [id=15_internal_8162, d=0, pv=0.0372797, s=0.2177]
  * Beta parameters: [s1=1.06441, s2=16.3174]
  * Adjusted p-values: [emp=0.338308, beta=0.354147]

Processing phenotype [ENSG00000214397.2] [187/220]
  * #variants in cis = 13
  * Best hit: [id=15_internal_8162, d=12957, pv=0.0422232, s=0.2066]
  * Beta parameters: [s1=0.988902, s2=10.6591]
  * Adjusted p-values: [emp=0.41791, beta=0.42736]

Processing phenotype [ENSG00000183060.10] [188/220]
  * #variants in cis = 12
  * Best hit: [id=15_internal_8162, d=28694, pv=0.0162979, s=0.2514]
  * Beta parameters: [s1=0.945681, s2=12.0583]
  * Adjusted p-values: [emp=0.164179, beta=0.16268]

Processing phenotype [ENSG00000259655.1] [189/220]
  * #variants in cis = 12
  * Best hit: [id=15_internal_8735, d=319627, pv=0.0177061, s=0.2389]
  * Beta parameters: [s1=0.954263, s2=14.2648]
  * Adjusted p-values: [emp=0.179104, beta=0.157729]

Processing phenotype [ENSG00000182397.9] [190/220]
  * #variants in cis = 11
  * Best hit: [id=15_internal_8735, d=-303827, pv=0.101892, s=0.1746]
  * Beta parameters: [s1=1.01826, s2=10.2215]
  * Adjusted p-values: [emp=0.671642, beta=0.674823]

Processing phenotype [ENSG00000259363.1] [191/220]
  * #variants in cis = 11
  * Best hit: [id=15_internal_8927, d=104286, pv=0.0802556, s=-0.2029]
  * Beta parameters: [s1=0.825585, s2=8.53102]
  * Adjusted p-values: [emp=0.512438, beta=0.569782]

Processing phenotype [ENSG00000254744.3] [192/220]
  * #variants in cis = 10
  * Best hit: [id=15_internal_6087, d=-261053, pv=0.0416579, s=0.1911]
  * Beta parameters: [s1=1.0238, s2=9.45851]
  * Adjusted p-values: [emp=0.293532, beta=0.302908]

Processing phenotype [ENSG00000259219.1] [193/220]
  * #variants in cis = 10
  * Best hit: [id=15_internal_6087, d=-267319, pv=0.118353, s=0.1707]
  * Beta parameters: [s1=1.06775, s2=11.8365]
  * Adjusted p-values: [emp=0.651741, beta=0.678961]

Processing phenotype [ENSG00000259356.1] [194/220]
  * #variants in cis = 10
  * Best hit: [id=15_internal_8927, d=-196413, pv=0.038433, s=0.2337]
  * Beta parameters: [s1=1.03052, s2=9.43278]
  * Adjusted p-values: [emp=0.313433, beta=0.341924]

Processing phenotype [ENSG00000140470.9] [195/220]
  * #variants in cis = 9
  * Best hit: [id=15_internal_8735, d=0, pv=0.00570101, s=0.3215]
  * Beta parameters: [s1=1.08325, s2=10.9742]
  * Adjusted p-values: [emp=0.039801, beta=0.0401834]

Processing phenotype [ENSG00000189419.5] [196/220]
  * #variants in cis = 9
  * Best hit: [id=15_internal_8735, d=0, pv=0.00306405, s=0.3068]
  * Beta parameters: [s1=0.920665, s2=10.4823]
  * Adjusted p-values: [emp=0.039801, beta=0.0269568]

Processing phenotype [ENSG00000154227.8] [197/220]
  * #variants in cis = 10
  * Best hit: [id=15_internal_6087, d=835833, pv=0.00631309, s=0.3005]
  * Beta parameters: [s1=0.969259, s2=10.4198]
  * Adjusted p-values: [emp=0.0447761, beta=0.0504574]

Processing phenotype [ENSG00000251819.1] [198/220]
  * #variants in cis = 10
  * Best hit: [id=15_internal_6087, d=842760, pv=0.182876, s=-0.1297]
  * Beta parameters: [s1=1.00297, s2=9.36524]
  * Adjusted p-values: [emp=0.865672, beta=0.839517]

Processing phenotype [ENSG00000259540.1] [199/220]
  * #variants in cis = 10
  * Best hit: [id=15_internal_6087, d=-849515, pv=0.0288386, s=0.2287]
  * Beta parameters: [s1=1.10718, s2=9.94633]
  * Adjusted p-values: [emp=0.273632, beta=0.255267]

Processing phenotype [ENSG00000259205.2] [200/220]
  * #variants in cis = 10
  * Best hit: [id=15_internal_8927, d=629261, pv=0.162258, s=-0.1472]
  * Beta parameters: [s1=0.985785, s2=10.6396]
  * Adjusted p-values: [emp=0.810945, beta=0.812671]

Processing phenotype [ENSG00000183475.8] [201/220]
  * #variants in cis = 10
  * Best hit: [id=15_internal_6482, d=414558, pv=0.118083, s=0.1694]
  * Beta parameters: [s1=0.915031, s2=9.36395]
  * Adjusted p-values: [emp=0.686567, beta=0.697456]

Processing phenotype [ENSG00000140471.12] [202/220]
  * #variants in cis = 10
  * Best hit: [id=15_internal_8162, d=898363, pv=0.00436113, s=0.2927]
  * Beta parameters: [s1=1.00143, s2=8.23155]
  * Adjusted p-values: [emp=0.0597015, beta=0.0617866]

Processing phenotype [ENSG00000212306.1] [203/220]
  * #variants in cis = 10
  * Best hit: [id=15_internal_8735, d=-24439, pv=0.0987647, s=0.1764]
  * Beta parameters: [s1=0.963385, s2=7.96742]
  * Adjusted p-values: [emp=0.641791, beta=0.639813]

Processing phenotype [ENSG00000259381.2] [204/220]
  * #variants in cis = 12
  * Best hit: [id=15_internal_6482, d=-370437, pv=0.0397413, s=0.2192]
  * Beta parameters: [s1=0.977044, s2=12.8958]
  * Adjusted p-values: [emp=0.368159, beta=0.352905]

Processing phenotype [ENSG00000232386.4] [205/220]
  * #variants in cis = 10
  * Best hit: [id=15_internal_6482, d=167531, pv=0.0389614, s=0.1986]
  * Beta parameters: [s1=1.00324, s2=12.164]
  * Adjusted p-values: [emp=0.298507, beta=0.318852]

Processing phenotype [ENSG00000154237.8] [206/220]
  * #variants in cis = 10
  * Best hit: [id=15_internal_6814, d=720397, pv=0.276371, s=-0.1142]
  * Beta parameters: [s1=0.864167, s2=10.0359]
  * Adjusted p-values: [emp=0.955224, beta=0.956209]

Processing phenotype [ENSG00000131873.5] [207/220]
  * #variants in cis = 10
  * Best hit: [id=15_internal_9193, d=0, pv=0.044716, s=0.2212]
  * Beta parameters: [s1=1.01511, s2=11.1917]
  * Adjusted p-values: [emp=0.393035, beta=0.373343]

Processing phenotype [ENSG00000131871.9] [208/220]
  * #variants in cis = 10
  * Best hit: [id=15_internal_6703, d=357167, pv=0.01955, s=-0.2410]
  * Beta parameters: [s1=0.990985, s2=9.2473]
  * Adjusted p-values: [emp=0.199005, beta=0.196137]

Processing phenotype [ENSG00000131876.12] [209/220]
  * #variants in cis = 10
  * Best hit: [id=15_internal_6814, d=-344330, pv=0.0236244, s=0.2448]
  * Beta parameters: [s1=1.00307, s2=11.5623]
  * Adjusted p-values: [emp=0.21393, beta=0.223466]

Processing phenotype [ENSG00000259172.1] [210/220]
  * #variants in cis = 10
  * Best hit: [id=15_internal_7716, d=149766, pv=0.0623768, s=-0.1903]
  * Beta parameters: [s1=1.0384, s2=9.17086]
  * Adjusted p-values: [emp=0.412935, beta=0.416203]

Processing phenotype [ENSG00000140479.12] [211/220]
  * #variants in cis = 10
  * Best hit: [id=15_internal_8001, d=580426, pv=0.00554712, s=0.3001]
  * Beta parameters: [s1=0.889873, s2=9.3749]
  * Adjusted p-values: [emp=0.0646766, beta=0.0529282]

Processing phenotype [ENSG00000252614.1] [212/220]
  * #variants in cis = 9
  * Best hit: [id=15_internal_6790, d=0, pv=0.200388, s=-0.1354]
  * Beta parameters: [s1=0.94971, s2=11.0902]
  * Adjusted p-values: [emp=0.860697, beta=0.865399]

Processing phenotype [ENSG00000184277.8] [213/220]
  * #variants in cis = 9
  * Best hit: [id=15_internal_5715, d=-310029, pv=0.00782173, s=-0.2806]
  * Beta parameters: [s1=0.979276, s2=10.1192]
  * Adjusted p-values: [emp=0.0696517, beta=0.0600779]

Processing phenotype [ENSG00000185418.11] [214/220]
  * #variants in cis = 9
  * Best hit: [id=15_internal_6482, d=699029, pv=0.323994, s=0.1097]
  * Beta parameters: [s1=0.971942, s2=9.26045]
  * Adjusted p-values: [emp=0.970149, beta=0.965518]

Processing phenotype [ENSG00000259658.1] [215/220]
  * #variants in cis = 9
  * Best hit: [id=15_internal_6814, d=20597, pv=0.0119134, s=0.2444]
  * Beta parameters: [s1=1.17333, s2=8.6772]
  * Adjusted p-values: [emp=0.0547264, beta=0.0791436]

Processing phenotype [ENSG00000259660.2] [216/220]
  * #variants in cis = 9
  * Best hit: [id=15_internal_7716, d=-222733, pv=0.0492692, s=0.1960]
  * Beta parameters: [s1=0.993372, s2=9.47148]
  * Adjusted p-values: [emp=0.39801, beta=0.372959]

Processing phenotype [ENSG00000240927.2] [217/220]
  * #variants in cis = 9
  * Best hit: [id=15_internal_8001, d=828737, pv=0.160183, s=0.1441]
  * Beta parameters: [s1=0.997392, s2=10.0185]
  * Adjusted p-values: [emp=0.810945, beta=0.806939]

Processing phenotype [ENSG00000259236.1] [218/220]
  * #variants in cis = 9
  * Best hit: [id=15_internal_6703, d=861654, pv=0.044852, s=0.2128]
  * Beta parameters: [s1=1.00099, s2=10.9356]
  * Adjusted p-values: [emp=0.338308, beta=0.338149]

Processing phenotype [ENSG00000185596.11] [219/220]
  * #variants in cis = 7
  * Best hit: [id=15_internal_5715, d=1267, pv=7.9855e-07, s=0.4963]
  * Beta parameters: [s1=0.932768, s2=7.19688]
  * Adjusted p-values: [emp=0.00497512, beta=3.07656e-06]

Processing phenotype [ENSG00000248472.4] [220/220]
  * #variants in cis = 7
  * Best hit: [id=15_internal_5715, d=12766, pv=0.0446247, s=0.2264]
  * Beta parameters: [s1=1.06583, s2=8.40505]
  * Adjusted p-values: [emp=0.253731, beta=0.225548]

Running time: 2 seconds
