Sender: LSF System <lsfadmin@cpt03>
Subject: Job 974272: </data/unige/funpopgen/odelanea/SGX/V2/binaries/qtltools/bin/QTLtools cis --vcf /data/unige/funpopgen/grey2/SYSCID/BLUEPRINT_DATA/CRD/THREE_CELL_TYPES/CLOMICS/CELL_TYPE_COMPARISON_GENE_CRD_ASSOCIATIONS/quantify/73_vs_70_ALL.ALLchr.mean.txt.gz --bed /data/unige/funpopgen/grey2/SYSCID/BLUEPRINT_DATA/CRD/THREE_CELL_TYPES/QTL_TOOLS/EGAD00001002671_v3.0/EGAD00001002671_RNA.PC10.bed.gz --permute 200 --chunk 29 100 --out /data/unige/funpopgen/grey2/SYSCID/BLUEPRINT_DATA/CRD/THREE_CELL_TYPES/CLOMICS/CELL_TYPE_COMPARISON_GENE_CRD_ASSOCIATIONS/mapping_aCRD_gene/73_vs_70/gene_CRD_mean_chunk29\.txt> in cluster <ug> Done

Job </data/unige/funpopgen/odelanea/SGX/V2/binaries/qtltools/bin/QTLtools cis --vcf /data/unige/funpopgen/grey2/SYSCID/BLUEPRINT_DATA/CRD/THREE_CELL_TYPES/CLOMICS/CELL_TYPE_COMPARISON_GENE_CRD_ASSOCIATIONS/quantify/73_vs_70_ALL.ALLchr.mean.txt.gz --bed /data/unige/funpopgen/grey2/SYSCID/BLUEPRINT_DATA/CRD/THREE_CELL_TYPES/QTL_TOOLS/EGAD00001002671_v3.0/EGAD00001002671_RNA.PC10.bed.gz --permute 200 --chunk 29 100 --out /data/unige/funpopgen/grey2/SYSCID/BLUEPRINT_DATA/CRD/THREE_CELL_TYPES/CLOMICS/CELL_TYPE_COMPARISON_GENE_CRD_ASSOCIATIONS/mapping_aCRD_gene/73_vs_70/gene_CRD_mean_chunk29\.txt> was submitted from host <frt.ug.vital-it.ch> by user <grey2> in cluster <ug>.
Job was executed on host(s) <cpt03>, in queue <normal>, as user <grey2> in cluster <ug>.
</home/grey2> was used as the home directory.
</data/unige/funpopgen/grey2/SYSCID/BLUEPRINT_DATA/CRD/THREE_CELL_TYPES/CLOMICS/CELL_TYPE_COMPARISON_GENE_CRD_ASSOCIATIONS> was used as the working directory.
Started at Thu Mar 21 11:27:49 2019
Results reported at Thu Mar 21 11:27:54 2019

Your job looked like:

------------------------------------------------------------
# LSBATCH: User input
/data/unige/funpopgen/odelanea/SGX/V2/binaries/qtltools/bin/QTLtools cis --vcf /data/unige/funpopgen/grey2/SYSCID/BLUEPRINT_DATA/CRD/THREE_CELL_TYPES/CLOMICS/CELL_TYPE_COMPARISON_GENE_CRD_ASSOCIATIONS/quantify/73_vs_70_ALL.ALLchr.mean.txt.gz --bed /data/unige/funpopgen/grey2/SYSCID/BLUEPRINT_DATA/CRD/THREE_CELL_TYPES/QTL_TOOLS/EGAD00001002671_v3.0/EGAD00001002671_RNA.PC10.bed.gz --permute 200 --chunk 29 100 --out /data/unige/funpopgen/grey2/SYSCID/BLUEPRINT_DATA/CRD/THREE_CELL_TYPES/CLOMICS/CELL_TYPE_COMPARISON_GENE_CRD_ASSOCIATIONS/mapping_aCRD_gene/73_vs_70/gene_CRD_mean_chunk29\.txt

------------------------------------------------------------

Successfully completed.

Resource usage summary:

    CPU time :               2.22 sec.
    Max Memory :             3.12 MB
    Average Memory :         3.12 MB
    Total Requested Memory : -
    Delta Memory :           -
    (Delta: the difference between total requested memory and actual max usage.)
    Max Swap :               31 MB

    Max Processes :          1
    Max Threads :            1

The output (if any) follows:


[32mQTLtools[0m
  * Authors : Olivier DELANEAU / Halit ONGEN / Emmanouil DERMITZAKIS
  * Contact : olivier.delaneau@gmail.com / halit.ongen@unige.ch / Emmanouil.Dermitzakis@unige.ch
  * Webpage : https://qtltools.github.io/qtltools/
  * Version : 1.1
  * Date    : 21/03/2019 - 11:27:52
  * Citation: A complete tool set for molecular QTL discovery and analysis, https://doi.org/10.1101/068635

[32mMAPPING QTL IN CIS[0m
  * TASK: Perform 200 permutations
  * Linear model: Phe ~ Var
  * Cis-window size is 1000000 bp
  * Chunk = [29/100]

Scanning phenotype data in [/data/unige/funpopgen/grey2/SYSCID/BLUEPRINT_DATA/CRD/THREE_CELL_TYPES/QTL_TOOLS/EGAD00001002671_v3.0/EGAD00001002671_RNA.PC10.bed.gz]
  * 24372 phenotypes included
  * 12152 phenotypes are on the negative strand

Initialize random number generator
  * Built-in seed is 15112011
  * First Integer = 30554
  * First Double = 0.0126695

Reading sample list from [/data/unige/funpopgen/grey2/SYSCID/BLUEPRINT_DATA/CRD/THREE_CELL_TYPES/QTL_TOOLS/EGAD00001002671_v3.0/EGAD00001002671_RNA.PC10.bed.gz]
  * #samples = 169

Reading sample list from [/data/unige/funpopgen/grey2/SYSCID/BLUEPRINT_DATA/CRD/THREE_CELL_TYPES/CLOMICS/CELL_TYPE_COMPARISON_GENE_CRD_ASSOCIATIONS/quantify/73_vs_70_ALL.ALLchr.mean.txt.gz]
  * #samples = 94

Merging sample sets from all input files
  * #files = 2
  * #samples in all files = 91
  * #samples NOT in all files (i.e. ignored) = 81

Reading phenotype data in [/data/unige/funpopgen/grey2/SYSCID/BLUEPRINT_DATA/CRD/THREE_CELL_TYPES/QTL_TOOLS/EGAD00001002671_v3.0/EGAD00001002671_RNA.PC10.bed.gz]
  * target region [2:113299492-160670520]
  * 196 phenotypes included
  * 101 phenotypes are on the negative strand

Reading genotype data in [/data/unige/funpopgen/grey2/SYSCID/BLUEPRINT_DATA/CRD/THREE_CELL_TYPES/CLOMICS/CELL_TYPE_COMPARISON_GENE_CRD_ASSOCIATIONS/quantify/73_vs_70_ALL.ALLchr.mean.txt.gz]
  * File format detected: BED
  * 91 samples included
  * 5 samples without phenotype data
  * target region [2:112299492-161670520]
  * 118 variants included

Processing phenotype [ENSG00000125630.11] [1/196]
  * #variants in cis = 17
  * Best hit: [id=2_internal_19175, d=-11268, pv=0.0448011, s=-0.2218]
  * Beta parameters: [s1=1.01714, s2=15.0304]
  * Adjusted p-values: [emp=0.527363, beta=0.530829]

Processing phenotype [ENSG00000125611.11] [2/196]
  * #variants in cis = 18
  * Best hit: [id=2_internal_14948, d=112981, pv=0.0223446, s=-0.2439]
  * Beta parameters: [s1=0.972698, s2=22.0438]
  * Adjusted p-values: [emp=0.278607, beta=0.292411]

Processing phenotype [ENSG00000243389.1] [3/196]
  * #variants in cis = 18
  * Best hit: [id=2_internal_20508, d=621990, pv=0.105616, s=-0.1704]
  * Beta parameters: [s1=1.03947, s2=13.393]
  * Adjusted p-values: [emp=0.860697, beta=0.874426]

Processing phenotype [ENSG00000228251.1] [4/196]
  * #variants in cis = 18
  * Best hit: [id=2_internal_14054, d=99869, pv=0.0914853, s=0.2041]
  * Beta parameters: [s1=0.842785, s2=18.0384]
  * Adjusted p-values: [emp=0.751244, beta=0.802476]

Processing phenotype [ENSG00000231747.1] [5/196]
  * #variants in cis = 19
  * Best hit: [id=2_internal_19421, d=-960287, pv=0.000702634, s=-0.3741]
  * Beta parameters: [s1=0.825015, s2=14.6378]
  * Adjusted p-values: [emp=0.0447761, beta=0.0213423]

Processing phenotype [ENSG00000237753.1] [6/196]
  * #variants in cis = 17
  * Best hit: [id=2_internal_17955, d=0, pv=3.91232e-05, s=0.4400]
  * Beta parameters: [s1=0.870818, s2=19.4177]
  * Adjusted p-values: [emp=0.00995025, beta=0.000475772]

Processing phenotype [ENSG00000144136.6] [7/196]
  * #variants in cis = 17
  * Best hit: [id=2_internal_17955, d=0, pv=8.84402e-12, s=0.6670]
  * Beta parameters: [s1=1.08169, s2=12.3583]
  * Adjusted p-values: [emp=0.00497512, beta=1.75613e-09]

Processing phenotype [ENSG00000136694.8] [8/196]
  * #variants in cis = 17
  * Best hit: [id=2_internal_14054, d=-162248, pv=0.0141395, s=0.2755]
  * Beta parameters: [s1=1.05596, s2=15.1993]
  * Adjusted p-values: [emp=0.228856, beta=0.205489]

Processing phenotype [ENSG00000125637.10] [9/196]
  * #variants in cis = 16
  * Best hit: [id=2_internal_20508, d=53705, pv=0.0209293, s=-0.2270]
  * Beta parameters: [s1=0.86791, s2=19.4238]
  * Adjusted p-values: [emp=0.243781, beta=0.270761]

Processing phenotype [ENSG00000234174.1] [10/196]
  * #variants in cis = 16
  * Best hit: [id=2_internal_14948, d=463573, pv=0.0206265, s=-0.2347]
  * Beta parameters: [s1=1.02768, s2=17.0856]
  * Adjusted p-values: [emp=0.288557, beta=0.281968]

Processing phenotype [ENSG00000189223.7] [11/196]
  * #variants in cis = 16
  * Best hit: [id=2_internal_20508, d=0, pv=1.93552e-07, s=0.5316]
  * Beta parameters: [s1=1.04143, s2=12.4098]
  * Adjusted p-values: [emp=0.00497512, beta=9.86709e-06]

Processing phenotype [ENSG00000258395.1] [12/196]
  * #variants in cis = 16
  * Best hit: [id=2_internal_20508, d=0, pv=4.8411e-06, s=0.4576]
  * Beta parameters: [s1=1.04119, s2=13.5775]
  * Adjusted p-values: [emp=0.00497512, beta=0.000136289]

Processing phenotype [ENSG00000125618.12] [13/196]
  * #variants in cis = 16
  * Best hit: [id=2_internal_20508, d=0, pv=6.1278e-09, s=0.5655]
  * Beta parameters: [s1=0.959664, s2=15.6207]
  * Adjusted p-values: [emp=0.00497512, beta=1.5178e-07]

Processing phenotype [ENSG00000136682.10] [14/196]
  * #variants in cis = 15
  * Best hit: [id=2_internal_19711, d=0, pv=4.58999e-07, s=0.5298]
  * Beta parameters: [s1=1.06186, s2=14.051]
  * Adjusted p-values: [emp=0.00497512, beta=9.99975e-06]

Processing phenotype [ENSG00000238091.1] [15/196]
  * #variants in cis = 15
  * Best hit: [id=2_internal_19175, d=917205, pv=0.030293, s=0.2297]
  * Beta parameters: [s1=0.947793, s2=15.4841]
  * Adjusted p-values: [emp=0.38806, beta=0.380532]

Processing phenotype [ENSG00000146556.9] [16/196]
  * #variants in cis = 14
  * Best hit: [id=2_internal_14948, d=-872300, pv=0.00991936, s=-0.2878]
  * Beta parameters: [s1=1.04048, s2=13.5012]
  * Adjusted p-values: [emp=0.109453, beta=0.124765]

Processing phenotype [ENSG00000236397.2] [17/196]
  * #variants in cis = 14
  * Best hit: [id=2_internal_19421, d=8546, pv=0.000339972, s=0.3495]
  * Beta parameters: [s1=1.07892, s2=15.7268]
  * Adjusted p-values: [emp=0.00497512, beta=0.00295906]

Processing phenotype [ENSG00000240356.2] [18/196]
  * #variants in cis = 14
  * Best hit: [id=2_internal_16273, d=408680, pv=0.0200422, s=0.2362]
  * Beta parameters: [s1=0.986802, s2=17.2778]
  * Adjusted p-values: [emp=0.268657, beta=0.257765]

Processing phenotype [ENSG00000144134.12] [19/196]
  * #variants in cis = 14
  * Best hit: [id=2_internal_16273, d=-408819, pv=0.033754, s=0.2057]
  * Beta parameters: [s1=0.945292, s2=10.3935]
  * Adjusted p-values: [emp=0.422886, beta=0.428265]

Processing phenotype [ENSG00000144158.4] [20/196]
  * #variants in cis = 14
  * Best hit: [id=2_internal_20508, d=-275670, pv=0.10802, s=-0.1828]
  * Beta parameters: [s1=0.999704, s2=14.5825]
  * Adjusted p-values: [emp=0.776119, beta=0.796021]

Processing phenotype [ENSG00000227359.1] [21/196]
  * #variants in cis = 12
  * Best hit: [id=2_internal_20508, d=321840, pv=0.0543851, s=-0.1950]
  * Beta parameters: [s1=1.04604, s2=11.4787]
  * Adjusted p-values: [emp=0.522388, beta=0.507548]

Processing phenotype [ENSG00000115084.8] [22/196]
  * #variants in cis = 11
  * Best hit: [id=2_internal_16273, d=538413, pv=0.0852742, s=0.1836]
  * Beta parameters: [s1=1.03151, s2=11.0422]
  * Adjusted p-values: [emp=0.616915, beta=0.629763]

Processing phenotype [ENSG00000244063.1] [23/196]
  * #variants in cis = 11
  * Best hit: [id=2_internal_20508, d=448881, pv=0.14298, s=-0.1453]
  * Beta parameters: [s1=0.981105, s2=8.55511]
  * Adjusted p-values: [emp=0.791045, beta=0.788321]

Processing phenotype [ENSG00000228857.2] [24/196]
  * #variants in cis = 9
  * Best hit: [id=2_internal_20508, d=461118, pv=0.00927833, s=-0.2696]
  * Beta parameters: [s1=0.917104, s2=10.8667]
  * Adjusted p-values: [emp=0.0845771, beta=0.0793744]

Processing phenotype [ENSG00000115091.6] [25/196]
  * #variants in cis = 7
  * Best hit: [id=2_internal_14046, d=1040, pv=0.00990138, s=0.2892]
  * Beta parameters: [s1=1.09818, s2=7.28594]
  * Adjusted p-values: [emp=0.0995025, beta=0.0892646]

Processing phenotype [ENSG00000234199.2] [26/196]
  * #variants in cis = 7
  * Best hit: [id=2_internal_14046, d=-47203, pv=0.072801, s=0.1778]
  * Beta parameters: [s1=0.916039, s2=8.1433]
  * Adjusted p-values: [emp=0.427861, beta=0.404981]

Processing phenotype [ENSG00000243179.1] [27/196]
  * #variants in cis = 7
  * Best hit: [id=2_internal_14046, d=-47543, pv=0.326627, s=0.0946]
  * Beta parameters: [s1=1.06346, s2=8.31219]
  * Adjusted p-values: [emp=0.945274, beta=0.948939]

Processing phenotype [ENSG00000088205.8] [28/196]
  * #variants in cis = 3
  * Best hit: [id=2_internal_14725, d=234453, pv=0.0741922, s=-0.1908]
  * Maximum Likelihood estimation failed, use Moment Matching instead!
  * Beta parameters: [s1=0.999934, s2=2.70804]
  * Adjusted p-values: [emp=0.21393, beta=0.225133]

Processing phenotype [ENSG00000236255.1] [29/196]
  * #variants in cis = 3
  * Best hit: [id=2_internal_14725, d=215166, pv=0.00649317, s=0.3088]
  * Maximum Likelihood estimation failed, use Moment Matching instead!
  * Beta parameters: [s1=0.99992, s2=2.78747]
  * Adjusted p-values: [emp=0.0199005, beta=0.0265518]

Processing phenotype [ENSG00000125631.7] [30/196]
  * #variants in cis = 3
  * Best hit: [id=2_internal_14725, d=189676, pv=0.0995774, s=0.1698]
  * Maximum Likelihood estimation failed, use Moment Matching instead!
  * Beta parameters: [s1=1.0001, s2=2.82052]
  * Adjusted p-values: [emp=0.298507, beta=0.3037]

Processing phenotype [ENSG00000224967.1] [31/196]
  * #variants in cis = 4
  * Best hit: [id=2_internal_20514, d=-374504, pv=0.143146, s=0.1682]
  * Maximum Likelihood estimation failed, use Moment Matching instead!
  * Beta parameters: [s1=0.999944, s2=3.79569]
  * Adjusted p-values: [emp=0.457711, beta=0.447091]

Processing phenotype [ENSG00000235066.2] [32/196]
  * #variants in cis = 4
  * Best hit: [id=2_internal_14725, d=53493, pv=0.21388, s=-0.1270]
  * Maximum Likelihood estimation failed, use Moment Matching instead!
  * Beta parameters: [s1=1.00008, s2=4.11747]
  * Adjusted p-values: [emp=0.641791, beta=0.642696]

Processing phenotype [ENSG00000125633.6] [33/196]
  * #variants in cis = 4
  * Best hit: [id=2_internal_20514, d=-295160, pv=0.230153, s=-0.1353]
  * Maximum Likelihood estimation failed, use Moment Matching instead!
  * Beta parameters: [s1=0.999948, s2=4.42657]
  * Adjusted p-values: [emp=0.641791, beta=0.652484]

Processing phenotype [ENSG00000125629.10] [34/196]
  * #variants in cis = 4
  * Best hit: [id=2_internal_15400, d=0, pv=0.002665, s=0.3327]
  * Maximum Likelihood estimation failed, use Moment Matching instead!
  * Beta parameters: [s1=0.999909, s2=3.62728]
  * Adjusted p-values: [emp=0.0199005, beta=0.0103118]

Processing phenotype [ENSG00000115107.15] [35/196]
  * #variants in cis = 5
  * Best hit: [id=2_internal_18923, d=39329, pv=0.238526, s=-0.1184]
  * Maximum Likelihood estimation failed, use Moment Matching instead!
  * Beta parameters: [s1=0.99998, s2=5.12826]
  * Adjusted p-values: [emp=0.791045, beta=0.773067]

Processing phenotype [ENSG00000186132.10] [36/196]
  * #variants in cis = 8
  * Best hit: [id=2_internal_19001, d=-884832, pv=0.0279755, s=-0.2316]
  * Beta parameters: [s1=1.00443, s2=6.99772]
  * Adjusted p-values: [emp=0.21393, beta=0.202288]

Processing phenotype [ENSG00000155368.12] [37/196]
  * #variants in cis = 8
  * Best hit: [id=2_internal_14441, d=893205, pv=0.194395, s=0.1428]
  * Beta parameters: [s1=0.922517, s2=8.3632]
  * Adjusted p-values: [emp=0.80597, beta=0.832935]

Processing phenotype [ENSG00000144120.8] [38/196]
  * #variants in cis = 9
  * Best hit: [id=2_internal_19001, d=572493, pv=0.0145966, s=0.2563]
  * Beta parameters: [s1=0.88092, s2=11.4968]
  * Adjusted p-values: [emp=0.119403, beta=0.0978818]

Processing phenotype [ENSG00000229326.2] [39/196]
  * #variants in cis = 9
  * Best hit: [id=2_internal_20570, d=888049, pv=0.213337, s=-0.1438]
  * Beta parameters: [s1=0.987409, s2=8.46049]
  * Adjusted p-values: [emp=0.860697, beta=0.865148]

Processing phenotype [ENSG00000088179.4] [40/196]
  * #variants in cis = 9
  * Best hit: [id=2_internal_17543, d=-689586, pv=0.000528923, s=0.3524]
  * Beta parameters: [s1=0.981298, s2=8.45015]
  * Adjusted p-values: [emp=0.0149254, beta=0.00429329]

Processing phenotype [ENSG00000238368.1] [41/196]
  * #variants in cis = 8
  * Best hit: [id=2_internal_13679, d=284927, pv=0.148529, s=-0.1525]
  * Beta parameters: [s1=0.900572, s2=8.43894]
  * Adjusted p-values: [emp=0.726368, beta=0.762412]

Processing phenotype [ENSG00000233741.1] [42/196]
  * #variants in cis = 8
  * Best hit: [id=2_internal_13679, d=-208634, pv=0.0528609, s=-0.1980]
  * Beta parameters: [s1=0.915953, s2=6.74126]
  * Adjusted p-values: [emp=0.283582, beta=0.307593]

Processing phenotype [ENSG00000115109.9] [43/196]
  * #variants in cis = 8
  * Best hit: [id=2_internal_13754, d=305016, pv=0.140206, s=0.1542]
  * Beta parameters: [s1=1.00009, s2=7.49809]
  * Adjusted p-values: [emp=0.681592, beta=0.676374]

Processing phenotype [ENSG00000234065.2] [44/196]
  * #variants in cis = 9
  * Best hit: [id=2_internal_14441, d=46495, pv=0.0412514, s=-0.1935]
  * Beta parameters: [s1=1.09873, s2=9.86799]
  * Adjusted p-values: [emp=0.313433, beta=0.293806]

Processing phenotype [ENSG00000223549.1] [45/196]
  * #variants in cis = 9
  * Best hit: [id=2_internal_14441, d=44945, pv=0.193247, s=-0.1211]
  * Beta parameters: [s1=0.987108, s2=6.78067]
  * Adjusted p-values: [emp=0.845771, beta=0.824169]

Processing phenotype [ENSG00000224789.1] [46/196]
  * #variants in cis = 9
  * Best hit: [id=2_internal_13754, d=-101477, pv=0.0921189, s=-0.1580]
  * Beta parameters: [s1=1.04143, s2=8.91543]
  * Adjusted p-values: [emp=0.567164, beta=0.547359]

Processing phenotype [ENSG00000226479.3] [47/196]
  * #variants in cis = 9
  * Best hit: [id=2_internal_13679, d=0, pv=0.000306834, s=0.3565]
  * Beta parameters: [s1=1.02153, s2=8.9799]
  * Adjusted p-values: [emp=0.00995025, beta=0.00269967]

Processing phenotype [ENSG00000144118.8] [48/196]
  * #variants in cis = 9
  * Best hit: [id=2_internal_18923, d=-851433, pv=0.0573467, s=0.2153]
  * Beta parameters: [s1=1.07859, s2=11.3801]
  * Adjusted p-values: [emp=0.348259, beta=0.361322]

Processing phenotype [ENSG00000265451.1] [49/196]
  * #variants in cis = 4
  * Best hit: [id=2_internal_16199, d=273546, pv=0.101751, s=-0.1721]
  * Maximum Likelihood estimation failed, use Moment Matching instead!
  * Beta parameters: [s1=1.00004, s2=4.48232]
  * Adjusted p-values: [emp=0.313433, beta=0.283381]

Processing phenotype [ENSG00000264229.1] [50/196]
  * #variants in cis = 4
  * Best hit: [id=2_internal_16601, d=-326549, pv=0.122886, s=0.1627]
  * Maximum Likelihood estimation failed, use Moment Matching instead!
  * Beta parameters: [s1=1.00006, s2=3.51027]
  * Adjusted p-values: [emp=0.313433, beta=0.327139]

Processing phenotype [ENSG00000208506.1] [51/196]
  * #variants in cis = 4
  * Best hit: [id=2_internal_16601, d=-326549, pv=0.122886, s=0.1627]
  * Maximum Likelihood estimation failed, use Moment Matching instead!
  * Beta parameters: [s1=0.999986, s2=4.19796]
  * Adjusted p-values: [emp=0.447761, beta=0.42902]

Processing phenotype [ENSG00000074054.12] [52/196]
  * #variants in cis = 4
  * Best hit: [id=2_internal_16601, d=445255, pv=0.00023417, s=-0.3960]
  * Maximum Likelihood estimation failed, use Moment Matching instead!
  * Beta parameters: [s1=1.00006, s2=4.02324]
  * Adjusted p-values: [emp=0.00995025, beta=0.00125886]

Processing phenotype [ENSG00000236859.1] [53/196]
  * #variants in cis = 4
  * Best hit: [id=2_internal_16601, d=-445318, pv=0.15497, s=0.1419]
  * Maximum Likelihood estimation failed, use Moment Matching instead!
  * Beta parameters: [s1=0.99989, s2=3.74286]
  * Adjusted p-values: [emp=0.532338, beta=0.496368]

Processing phenotype [ENSG00000230993.1] [54/196]
  * #variants in cis = 4
  * Best hit: [id=2_internal_16199, d=-144995, pv=0.000296684, s=0.3890]
  * Maximum Likelihood estimation failed, use Moment Matching instead!
  * Beta parameters: [s1=0.999915, s2=3.67018]
  * Adjusted p-values: [emp=0.00497512, beta=0.00122555]

Processing phenotype [ENSG00000155438.6] [55/196]
  * #variants in cis = 5
  * Best hit: [id=2_internal_22392, d=-969186, pv=0.0920829, s=0.1909]
  * Maximum Likelihood estimation failed, use Moment Matching instead!
  * Beta parameters: [s1=1.00003, s2=5.1142]
  * Adjusted p-values: [emp=0.308458, beta=0.33479]

Processing phenotype [ENSG00000211460.7] [56/196]
  * #variants in cis = 5
  * Best hit: [id=2_internal_13756, d=-537791, pv=0.0717751, s=0.2046]
  * Maximum Likelihood estimation failed, use Moment Matching instead!
  * Beta parameters: [s1=1.0001, s2=4.64298]
  * Adjusted p-values: [emp=0.328358, beta=0.33031]

Processing phenotype [ENSG00000213236.3] [57/196]
  * #variants in cis = 7
  * Best hit: [id=2_internal_13568, d=-785404, pv=0.0406647, s=-0.2129]
  * Beta parameters: [s1=1.05515, s2=6.81081]
  * Adjusted p-values: [emp=0.288557, beta=0.25907]

Processing phenotype [ENSG00000136732.10] [58/196]
  * #variants in cis = 9
  * Best hit: [id=2_internal_20474, d=0, pv=2.37339e-06, s=0.4525]
  * Beta parameters: [s1=1.12586, s2=9.41222]
  * Adjusted p-values: [emp=0.00497512, beta=7.75847e-06]

Processing phenotype [ENSG00000235128.1] [59/196]
  * #variants in cis = 9
  * Best hit: [id=2_internal_20474, d=0, pv=0.000855483, s=0.3507]
  * Beta parameters: [s1=0.994954, s2=8.02377]
  * Adjusted p-values: [emp=0.00995025, beta=0.0087993]

Processing phenotype [ENSG00000206963.1] [60/196]
  * #variants in cis = 9
  * Best hit: [id=2_internal_14955, d=-888229, pv=0.0155914, s=-0.2439]
  * Beta parameters: [s1=1.11664, s2=9.49804]
  * Adjusted p-values: [emp=0.0945274, beta=0.0985748]

Processing phenotype [ENSG00000136717.10] [61/196]
  * #variants in cis = 9
  * Best hit: [id=2_internal_20279, d=0, pv=9.82997e-06, s=0.4255]
  * Beta parameters: [s1=0.864715, s2=8.67767]
  * Adjusted p-values: [emp=0.00497512, beta=6.05249e-05]

Processing phenotype [ENSG00000226789.1] [62/196]
  * #variants in cis = 9
  * Best hit: [id=2_internal_13611, d=-834008, pv=0.00755318, s=-0.2636]
  * Beta parameters: [s1=1.02919, s2=8.14277]
  * Adjusted p-values: [emp=0.0746269, beta=0.0656992]

Processing phenotype [ENSG00000163161.8] [63/196]
  * #variants in cis = 9
  * Best hit: [id=2_internal_20279, d=72819, pv=0.2572, s=-0.1234]
  * Beta parameters: [s1=1.04143, s2=10.3264]
  * Adjusted p-values: [emp=0.930348, beta=0.948152]

Processing phenotype [ENSG00000200250.1] [64/196]
  * #variants in cis = 9
  * Best hit: [id=2_internal_15386, d=-429558, pv=0.124055, s=-0.1693]
  * Beta parameters: [s1=0.87413, s2=11.0728]
  * Adjusted p-values: [emp=0.616915, beta=0.664113]

Processing phenotype [ENSG00000169967.12] [65/196]
  * #variants in cis = 9
  * Best hit: [id=2_internal_17045, d=-184702, pv=0.0948503, s=-0.1870]
  * Beta parameters: [s1=1.08527, s2=10.5458]
  * Adjusted p-values: [emp=0.641791, beta=0.613616]

Processing phenotype [ENSG00000236682.1] [66/196]
  * #variants in cis = 9
  * Best hit: [id=2_internal_14955, d=202041, pv=0.10089, s=-0.1696]
  * Beta parameters: [s1=1.00564, s2=8.05935]
  * Adjusted p-values: [emp=0.577114, beta=0.603865]

Processing phenotype [ENSG00000115718.13] [67/196]
  * #variants in cis = 8
  * Best hit: [id=2_internal_14716, d=86390, pv=0.0439675, s=0.2219]
  * Beta parameters: [s1=1.07072, s2=6.24293]
  * Adjusted p-values: [emp=0.318408, beta=0.309428]

Processing phenotype [ENSG00000231731.3] [68/196]
  * #variants in cis = 8
  * Best hit: [id=2_internal_13568, d=-76059, pv=0.243271, s=-0.1192]
  * Beta parameters: [s1=1.05001, s2=8.55397]
  * Adjusted p-values: [emp=0.890547, beta=0.891251]

Processing phenotype [ENSG00000163166.9] [69/196]
  * #variants in cis = 8
  * Best hit: [id=2_internal_17045, d=-46281, pv=0.00990209, s=0.2549]
  * Beta parameters: [s1=1.0535, s2=7.31787]
  * Adjusted p-values: [emp=0.0995025, beta=0.08612]

Processing phenotype [ENSG00000169994.14] [70/196]
  * #variants in cis = 8
  * Best hit: [id=2_internal_14955, d=55369, pv=1.26716e-05, s=0.4389]
  * Beta parameters: [s1=0.953745, s2=8.17229]
  * Adjusted p-values: [emp=0.00497512, beta=9.67796e-05]

Processing phenotype [ENSG00000072163.13] [71/196]
  * #variants in cis = 9
  * Best hit: [id=2_internal_14955, d=31379, pv=1.56056e-05, s=0.4505]
  * Beta parameters: [s1=0.947651, s2=10.3525]
  * Adjusted p-values: [emp=0.00497512, beta=3.4464e-05]

Processing phenotype [ENSG00000173349.4] [72/196]
  * #variants in cis = 7
  * Best hit: [id=2_internal_17045, d=-119782, pv=0.0612212, s=-0.2048]
  * Beta parameters: [s1=1.1247, s2=7.93769]
  * Adjusted p-values: [emp=0.368159, beta=0.360953]

Processing phenotype [ENSG00000201470.1] [73/196]
  * #variants in cis = 8
  * Best hit: [id=2_internal_13568, d=411413, pv=0.241122, s=0.1330]
  * Beta parameters: [s1=0.779486, s2=9.78374]
  * Adjusted p-values: [emp=0.905473, beta=0.90516]

Processing phenotype [ENSG00000136709.7] [74/196]
  * #variants in cis = 8
  * Best hit: [id=2_internal_14251, d=-810514, pv=0.286272, s=0.1129]
  * Beta parameters: [s1=0.950448, s2=7.07363]
  * Adjusted p-values: [emp=0.945274, beta=0.924999]

Processing phenotype [ENSG00000202532.1] [75/196]
  * #variants in cis = 8
  * Best hit: [id=2_internal_14716, d=-328994, pv=0.152955, s=0.1461]
  * Beta parameters: [s1=1.12721, s2=8.41134]
  * Adjusted p-values: [emp=0.731343, beta=0.725713]

Processing phenotype [ENSG00000244563.1] [76/196]
  * #variants in cis = 8
  * Best hit: [id=2_internal_14716, d=330842, pv=0.0140504, s=0.2634]
  * Beta parameters: [s1=1.02062, s2=8.18981]
  * Adjusted p-values: [emp=0.114428, beta=0.125154]

Processing phenotype [ENSG00000144231.5] [77/196]
  * #variants in cis = 8
  * Best hit: [id=2_internal_14251, d=-763544, pv=0.0607033, s=0.2078]
  * Beta parameters: [s1=0.96666, s2=6.50511]
  * Adjusted p-values: [emp=0.393035, beta=0.395771]

Processing phenotype [ENSG00000144233.5] [78/196]
  * #variants in cis = 8
  * Best hit: [id=2_internal_15386, d=998605, pv=0.0136411, s=-0.2664]
  * Beta parameters: [s1=0.888102, s2=6.54444]
  * Adjusted p-values: [emp=0.144279, beta=0.126775]

Processing phenotype [ENSG00000136715.13] [79/196]
  * #variants in cis = 7
  * Best hit: [id=2_internal_14716, d=511878, pv=0.156317, s=-0.1571]
  * Beta parameters: [s1=0.856233, s2=8.71826]
  * Adjusted p-values: [emp=0.686567, beta=0.70177]

Processing phenotype [ENSG00000136731.8] [80/196]
  * #variants in cis = 7
  * Best hit: [id=2_internal_14251, d=530501, pv=0.0748735, s=-0.2022]
  * Beta parameters: [s1=1.10438, s2=6.49594]
  * Adjusted p-values: [emp=0.482587, beta=0.45458]

Processing phenotype [ENSG00000264856.1] [81/196]
  * #variants in cis = 7
  * Best hit: [id=2_internal_14251, d=499620, pv=0.0248003, s=-0.2445]
  * Beta parameters: [s1=1.01511, s2=5.67636]
  * Adjusted p-values: [emp=0.149254, beta=0.150155]

Processing phenotype [ENSG00000229173.1] [82/196]
  * #variants in cis = 7
  * Best hit: [id=2_internal_17045, d=559275, pv=0.0928634, s=0.1738]
  * Beta parameters: [s1=1.03305, s2=8.29885]
  * Adjusted p-values: [emp=0.522388, beta=0.502963]

Processing phenotype [ENSG00000229758.2] [83/196]
  * #variants in cis = 7
  * Best hit: [id=2_internal_14716, d=-683659, pv=0.033099, s=0.2381]
  * Beta parameters: [s1=0.899814, s2=6.56743]
  * Adjusted p-values: [emp=0.20398, beta=0.202702]

Processing phenotype [ENSG00000136720.6] [84/196]
  * #variants in cis = 6
  * Best hit: [id=2_internal_14251, d=-303124, pv=0.227928, s=-0.1325]
  * Maximum Likelihood estimation failed, use Moment Matching instead!
  * Beta parameters: [s1=0.99995, s2=5.35818]
  * Adjusted p-values: [emp=0.81592, beta=0.80752]

Processing phenotype [ENSG00000222014.4] [85/196]
  * #variants in cis = 3
  * Best hit: [id=2_internal_14197, d=815780, pv=0.0618083, s=-0.1883]
  * Maximum Likelihood estimation failed, use Moment Matching instead!
  * Beta parameters: [s1=0.99991, s2=2.57543]
  * Adjusted p-values: [emp=0.179104, beta=0.162289]

Processing phenotype [ENSG00000152082.9] [86/196]
  * #variants in cis = 3
  * Best hit: [id=2_internal_17867, d=169416, pv=0.663225, s=0.0497]
  * Maximum Likelihood estimation failed, use Moment Matching instead!
  * Beta parameters: [s1=1.00009, s2=2.9829]
  * Adjusted p-values: [emp=0.955224, beta=0.957503]

Processing phenotype [ENSG00000136699.14] [87/196]
  * #variants in cis = 3
  * Best hit: [id=2_internal_17867, d=-168403, pv=0.484294, s=0.0794]
  * Maximum Likelihood estimation failed, use Moment Matching instead!
  * Beta parameters: [s1=0.999934, s2=3.36105]
  * Adjusted p-values: [emp=0.830846, beta=0.87108]

Processing phenotype [ENSG00000265280.1] [88/196]
  * #variants in cis = 3
  * Best hit: [id=2_internal_14756, d=542548, pv=0.319756, s=-0.1024]
  * Maximum Likelihood estimation failed, use Moment Matching instead!
  * Beta parameters: [s1=1.00004, s2=3.12402]
  * Adjusted p-values: [emp=0.696517, beta=0.693174]

Processing phenotype [ENSG00000152086.7] [89/196]
  * #variants in cis = 3
  * Best hit: [id=2_internal_17867, d=-152692, pv=0.12201, s=0.1632]
  * Maximum Likelihood estimation failed, use Moment Matching instead!
  * Beta parameters: [s1=1.00005, s2=2.63647]
  * Adjusted p-values: [emp=0.333333, beta=0.312154]

Processing phenotype [ENSG00000136718.5] [90/196]
  * #variants in cis = 3
  * Best hit: [id=2_internal_14197, d=453217, pv=0.246754, s=0.1141]
  * Maximum Likelihood estimation failed, use Moment Matching instead!
  * Beta parameters: [s1=1.00002, s2=2.13974]
  * Adjusted p-values: [emp=0.572139, beta=0.544498]

Processing phenotype [ENSG00000136710.5] [91/196]
  * #variants in cis = 3
  * Best hit: [id=2_internal_17867, d=-8804, pv=0.0348745, s=0.2170]
  * Maximum Likelihood estimation failed, use Moment Matching instead!
  * Beta parameters: [s1=0.999966, s2=3.0096]
  * Adjusted p-values: [emp=0.0995025, beta=0.109503]

Processing phenotype [ENSG00000072135.7] [92/196]
  * #variants in cis = 3
  * Best hit: [id=2_internal_14756, d=369984, pv=0.0141376, s=0.2691]
  * Maximum Likelihood estimation failed, use Moment Matching instead!
  * Beta parameters: [s1=0.999938, s2=3.25639]
  * Adjusted p-values: [emp=0.0696517, beta=0.0273059]

Processing phenotype [ENSG00000136002.12] [93/196]
  * #variants in cis = 4
  * Best hit: [id=2_internal_14197, d=0, pv=0.224532, s=0.1289]
  * Maximum Likelihood estimation failed, use Moment Matching instead!
  * Beta parameters: [s1=1, s2=3.48682]
  * Adjusted p-values: [emp=0.59204, beta=0.616931]

Processing phenotype [ENSG00000152102.13] [94/196]
  * #variants in cis = 4
  * Best hit: [id=2_internal_17867, d=712758, pv=0.146348, s=-0.1504]
  * Maximum Likelihood estimation failed, use Moment Matching instead!
  * Beta parameters: [s1=0.999988, s2=4.59224]
  * Adjusted p-values: [emp=0.467662, beta=0.458101]

Processing phenotype [ENSG00000115762.12] [95/196]
  * #variants in cis = 4
  * Best hit: [id=2_internal_14197, d=-237657, pv=0.141628, s=-0.1751]
  * Maximum Likelihood estimation failed, use Moment Matching instead!
  * Beta parameters: [s1=0.999961, s2=4.07695]
  * Adjusted p-values: [emp=0.497512, beta=0.492153]

Processing phenotype [ENSG00000075886.10] [96/196]
  * #variants in cis = 5
  * Best hit: [id=2_internal_14648, d=777983, pv=0.303695, s=-0.1126]
  * Beta parameters: [s1=0.870922, s2=5.37803]
  * Adjusted p-values: [emp=0.850746, beta=0.847567]

Processing phenotype [ENSG00000265575.1] [97/196]
  * #variants in cis = 5
  * Best hit: [id=2_internal_14991, d=-855709, pv=0.0564371, s=0.1783]
  * Maximum Likelihood estimation failed, use Moment Matching instead!
  * Beta parameters: [s1=0.9999, s2=5.07841]
  * Adjusted p-values: [emp=0.258706, beta=0.253106]

Processing phenotype [ENSG00000173272.9] [98/196]
  * #variants in cis = 5
  * Best hit: [id=2_internal_15173, d=-179547, pv=0.0891633, s=-0.1945]
  * Maximum Likelihood estimation failed, use Moment Matching instead!
  * Beta parameters: [s1=0.999946, s2=5.00977]
  * Adjusted p-values: [emp=0.402985, beta=0.405722]

Processing phenotype [ENSG00000152117.12] [99/196]
  * #variants in cis = 5
  * Best hit: [id=2_internal_14648, d=761263, pv=0.353066, s=-0.1006]
  * Beta parameters: [s1=1.01309, s2=5.93653]
  * Adjusted p-values: [emp=0.910448, beta=0.916257]

Processing phenotype [ENSG00000197927.7] [100/196]
  * #variants in cis = 5
  * Best hit: [id=2_internal_14991, d=624570, pv=0.000509895, s=0.3214]
  * Maximum Likelihood estimation failed, use Moment Matching instead!
  * Beta parameters: [s1=0.99998, s2=5.17429]
  * Adjusted p-values: [emp=0.00995025, beta=0.00189733]

Processing phenotype [ENSG00000213222.3] [101/196]
  * #variants in cis = 5
  * Best hit: [id=2_internal_15173, d=0, pv=0.0207342, s=0.2331]
  * Beta parameters: [s1=1.01982, s2=5.58433]
  * Adjusted p-values: [emp=0.0895522, beta=0.0868129]

Processing phenotype [ENSG00000221288.1] [102/196]
  * #variants in cis = 3
  * Best hit: [id=2_internal_14648, d=0, pv=0.0329835, s=-0.2326]
  * Maximum Likelihood estimation failed, use Moment Matching instead!
  * Beta parameters: [s1=1.00008, s2=2.80708]
  * Adjusted p-values: [emp=0.119403, beta=0.0994546]

Processing phenotype [ENSG00000163046.11] [103/196]
  * #variants in cis = 3
  * Best hit: [id=2_internal_14991, d=-88976, pv=0.343972, s=0.0930]
  * Maximum Likelihood estimation failed, use Moment Matching instead!
  * Beta parameters: [s1=1.00003, s2=3.12415]
  * Adjusted p-values: [emp=0.711443, beta=0.680193]

Processing phenotype [ENSG00000152127.4] [104/196]
  * #variants in cis = 5
  * Best hit: [id=2_internal_14888, d=53592, pv=2.34238e-08, s=0.5986]
  * Maximum Likelihood estimation failed, use Moment Matching instead!
  * Beta parameters: [s1=0.999926, s2=5.13171]
  * Adjusted p-values: [emp=0.00497512, beta=8.11403e-08]

Processing phenotype [ENSG00000263813.1] [105/196]
  * #variants in cis = 5
  * Best hit: [id=2_internal_14888, d=46450, pv=0.000938811, s=0.3261]
  * Maximum Likelihood estimation failed, use Moment Matching instead!
  * Beta parameters: [s1=0.999981, s2=4.02595]
  * Adjusted p-values: [emp=0.00995025, beta=0.00561405]

Processing phenotype [ENSG00000234060.1] [106/196]
  * #variants in cis = 5
  * Best hit: [id=2_internal_14888, d=99017, pv=0.443694, s=0.0858]
  * Maximum Likelihood estimation failed, use Moment Matching instead!
  * Beta parameters: [s1=1.00003, s2=5.01783]
  * Adjusted p-values: [emp=0.945274, beta=0.945837]

Processing phenotype [ENSG00000255674.1] [107/196]
  * #variants in cis = 5
  * Best hit: [id=2_internal_14888, d=235546, pv=0.17257, s=0.1434]
  * Maximum Likelihood estimation failed, use Moment Matching instead!
  * Beta parameters: [s1=1.00005, s2=4.20096]
  * Adjusted p-values: [emp=0.567164, beta=0.55292]

Processing phenotype [ENSG00000152128.13] [108/196]
  * #variants in cis = 5
  * Best hit: [id=2_internal_18814, d=556713, pv=0.0343284, s=0.2267]
  * Maximum Likelihood estimation failed, use Moment Matching instead!
  * Beta parameters: [s1=0.999974, s2=4.96511]
  * Adjusted p-values: [emp=0.134328, beta=0.130936]

Processing phenotype [ENSG00000153086.9] [109/196]
  * #variants in cis = 5
  * Best hit: [id=2_internal_19529, d=-101302, pv=0.197979, s=0.1426]
  * Maximum Likelihood estimation failed, use Moment Matching instead!
  * Beta parameters: [s1=0.999988, s2=5.52101]
  * Adjusted p-values: [emp=0.666667, beta=0.656502]

Processing phenotype [ENSG00000082258.8] [110/196]
  * #variants in cis = 7
  * Best hit: [id=2_internal_19529, d=-180990, pv=0.0455894, s=0.2139]
  * Beta parameters: [s1=0.822217, s2=6.19275]
  * Adjusted p-values: [emp=0.258706, beta=0.273402]

Processing phenotype [ENSG00000224043.3] [111/196]
  * #variants in cis = 7
  * Best hit: [id=2_internal_17618, d=579531, pv=0.0542121, s=0.1956]
  * Beta parameters: [s1=0.962971, s2=6.60275]
  * Adjusted p-values: [emp=0.288557, beta=0.283682]

Processing phenotype [ENSG00000176601.7] [112/196]
  * #variants in cis = 9
  * Best hit: [id=2_internal_19529, d=310223, pv=0.0889321, s=-0.1740]
  * Beta parameters: [s1=0.890981, s2=9.24214]
  * Adjusted p-values: [emp=0.482587, beta=0.533663]

Processing phenotype [ENSG00000115839.12] [113/196]
  * #variants in cis = 9
  * Best hit: [id=2_internal_17618, d=-713086, pv=0.0172395, s=0.2701]
  * Beta parameters: [s1=1.03229, s2=10.8122]
  * Adjusted p-values: [emp=0.154229, beta=0.139097]

Processing phenotype [ENSG00000238337.1] [114/196]
  * #variants in cis = 9
  * Best hit: [id=2_internal_15000, d=-939721, pv=0.162944, s=0.1389]
  * Beta parameters: [s1=1.05835, s2=7.56422]
  * Adjusted p-values: [emp=0.80597, beta=0.783733]

Processing phenotype [ENSG00000208308.1] [115/196]
  * #variants in cis = 10
  * Best hit: [id=2_internal_13699, d=907399, pv=0.0166817, s=0.2343]
  * Beta parameters: [s1=0.940701, s2=9.66659]
  * Adjusted p-values: [emp=0.164179, beta=0.165904]

Processing phenotype [ENSG00000235651.1] [116/196]
  * #variants in cis = 9
  * Best hit: [id=2_internal_13699, d=-532084, pv=0.0860368, s=0.1736]
  * Beta parameters: [s1=1.05913, s2=10.4469]
  * Adjusted p-values: [emp=0.577114, beta=0.56929]

Processing phenotype [ENSG00000121988.13] [117/196]
  * #variants in cis = 9
  * Best hit: [id=2_internal_17477, d=-312264, pv=0.391073, s=-0.0894]
  * Beta parameters: [s1=1.02716, s2=9.82429]
  * Adjusted p-values: [emp=0.985075, beta=0.988605]

Processing phenotype [ENSG00000048991.12] [118/196]
  * #variants in cis = 9
  * Best hit: [id=2_internal_19529, d=-794210, pv=0.117695, s=0.1816]
  * Beta parameters: [s1=0.984605, s2=10.4175]
  * Adjusted p-values: [emp=0.671642, beta=0.654918]

Processing phenotype [ENSG00000144224.12] [119/196]
  * #variants in cis = 7
  * Best hit: [id=2_internal_17477, d=101881, pv=0.44779, s=-0.0789]
  * Beta parameters: [s1=0.882078, s2=8.31093]
  * Adjusted p-values: [emp=0.995025, beta=0.98836]

Processing phenotype [ENSG00000115850.5] [120/196]
  * #variants in cis = 7
  * Best hit: [id=2_internal_17477, d=-6320, pv=0.244, s=-0.1224]
  * Beta parameters: [s1=1.00325, s2=6.0897]
  * Adjusted p-values: [emp=0.860697, beta=0.83994]

Processing phenotype [ENSG00000076003.4] [121/196]
  * #variants in cis = 7
  * Best hit: [id=2_internal_17477, d=0, pv=0.0375932, s=0.2257]
  * Beta parameters: [s1=0.972674, s2=6.42105]
  * Adjusted p-values: [emp=0.208955, beta=0.188313]

Processing phenotype [ENSG00000214070.3] [122/196]
  * #variants in cis = 7
  * Best hit: [id=2_internal_16869, d=-252686, pv=0.0958409, s=0.1759]
  * Beta parameters: [s1=1.01006, s2=6.12726]
  * Adjusted p-values: [emp=0.457711, beta=0.476203]

Processing phenotype [ENSG00000231890.2] [123/196]
  * #variants in cis = 7
  * Best hit: [id=2_internal_16869, d=166488, pv=0.0321141, s=0.2219]
  * Beta parameters: [s1=0.956172, s2=5.88493]
  * Adjusted p-values: [emp=0.21393, beta=0.202828]

Processing phenotype [ENSG00000115866.6] [124/196]
  * #variants in cis = 7
  * Best hit: [id=2_internal_15000, d=-19355, pv=0.033814, s=0.2360]
  * Beta parameters: [s1=0.891295, s2=6.17941]
  * Adjusted p-values: [emp=0.179104, beta=0.183595]

Processing phenotype [ENSG00000121966.6] [125/196]
  * #variants in cis = 7
  * Best hit: [id=2_internal_16869, d=-33499, pv=0.00759053, s=0.2972]
  * Beta parameters: [s1=1.00178, s2=7.12188]
  * Adjusted p-values: [emp=0.039801, beta=0.0471846]

Processing phenotype [ENSG00000227347.1] [126/196]
  * #variants in cis = 7
  * Best hit: [id=2_internal_17477, d=322877, pv=0.063646, s=0.1926]
  * Beta parameters: [s1=0.896429, s2=7.31185]
  * Adjusted p-values: [emp=0.383085, beta=0.381104]

Processing phenotype [ENSG00000233045.1] [127/196]
  * #variants in cis = 3
  * Best hit: [id=2_internal_14252, d=-241723, pv=0.190773, s=0.1377]
  * Maximum Likelihood estimation failed, use Moment Matching instead!
  * Beta parameters: [s1=1.0001, s2=3.23862]
  * Adjusted p-values: [emp=0.487562, beta=0.478313]

Processing phenotype [ENSG00000232915.1] [128/196]
  * #variants in cis = 3
  * Best hit: [id=2_internal_13520, d=-89206, pv=0.124439, s=0.1476]
  * Maximum Likelihood estimation failed, use Moment Matching instead!
  * Beta parameters: [s1=1, s2=3.81549]
  * Adjusted p-values: [emp=0.298507, beta=0.296522]

Processing phenotype [ENSG00000228043.1] [129/196]
  * #variants in cis = 3
  * Best hit: [id=2_internal_13520, d=-826, pv=0.333952, s=0.1011]
  * Maximum Likelihood estimation failed, use Moment Matching instead!
  * Beta parameters: [s1=0.999967, s2=2.57529]
  * Adjusted p-values: [emp=0.671642, beta=0.659773]

Processing phenotype [ENSG00000144228.4] [130/196]
  * #variants in cis = 3
  * Best hit: [id=2_internal_13520, d=723, pv=0.196413, s=0.1362]
  * Maximum Likelihood estimation failed, use Moment Matching instead!
  * Beta parameters: [s1=0.999902, s2=2.90386]
  * Adjusted p-values: [emp=0.487562, beta=0.481066]

Processing phenotype [ENSG00000241772.1] [131/196]
  * #variants in cis = 3
  * Best hit: [id=2_internal_18503, d=-22205, pv=0.547343, s=0.0619]
  * Maximum Likelihood estimation failed, use Moment Matching instead!
  * Beta parameters: [s1=0.999986, s2=2.83985]
  * Adjusted p-values: [emp=0.885572, beta=0.892385]

Processing phenotype [ENSG00000260059.1] [132/196]
  * #variants in cis = 3
  * Best hit: [id=2_internal_13520, d=65011, pv=0.166259, s=0.1421]
  * Maximum Likelihood estimation failed, use Moment Matching instead!
  * Beta parameters: [s1=0.99998, s2=3.0716]
  * Adjusted p-values: [emp=0.40796, beta=0.397575]

Processing phenotype [ENSG00000237772.1] [133/196]
  * #variants in cis = 3
  * Best hit: [id=2_internal_18503, d=-57625, pv=0.317812, s=-0.1035]
  * Maximum Likelihood estimation failed, use Moment Matching instead!
  * Beta parameters: [s1=0.999999, s2=3.38582]
  * Adjusted p-values: [emp=0.706468, beta=0.717115]

Processing phenotype [ENSG00000075884.8] [134/196]
  * #variants in cis = 8
  * Best hit: [id=2_internal_14061, d=85101, pv=1.5073e-07, s=0.5753]
  * Beta parameters: [s1=0.968107, s2=6.87048]
  * Adjusted p-values: [emp=0.00497512, beta=7.26876e-07]

Processing phenotype [ENSG00000257284.1] [135/196]
  * #variants in cis = 9
  * Best hit: [id=2_internal_14061, d=-4291, pv=0.0547918, s=0.2141]
  * Beta parameters: [s1=0.997775, s2=8.76896]
  * Adjusted p-values: [emp=0.348259, beta=0.363187]

Processing phenotype [ENSG00000228655.2] [136/196]
  * #variants in cis = 11
  * Best hit: [id=2_internal_14061, d=0, pv=1.8528e-06, s=0.5059]
  * Beta parameters: [s1=1.12647, s2=9.23351]
  * Adjusted p-values: [emp=0.00497512, beta=1.0235e-05]

Processing phenotype [ENSG00000257640.1] [137/196]
  * #variants in cis = 11
  * Best hit: [id=2_internal_14061, d=66705, pv=0.00026763, s=0.3869]
  * Beta parameters: [s1=0.933912, s2=10.6068]
  * Adjusted p-values: [emp=0.00497512, beta=0.0018828]

Processing phenotype [ENSG00000258268.1] [138/196]
  * #variants in cis = 11
  * Best hit: [id=2_internal_14061, d=92602, pv=9.38482e-05, s=0.3760]
  * Beta parameters: [s1=1.04291, s2=10.2594]
  * Adjusted p-values: [emp=0.00497512, beta=0.000744504]

Processing phenotype [ENSG00000231758.2] [139/196]
  * #variants in cis = 11
  * Best hit: [id=2_internal_14012, d=359718, pv=0.00228563, s=0.3503]
  * Beta parameters: [s1=1.0529, s2=8.34481]
  * Adjusted p-values: [emp=0.0298507, beta=0.0229568]

Processing phenotype [ENSG00000257277.1] [140/196]
  * #variants in cis = 13
  * Best hit: [id=2_internal_14061, d=235894, pv=1.42589e-05, s=0.4516]
  * Beta parameters: [s1=0.961746, s2=12.588]
  * Adjusted p-values: [emp=0.00497512, beta=0.000179382]

Processing phenotype [ENSG00000257226.1] [141/196]
  * #variants in cis = 13
  * Best hit: [id=2_internal_14683, d=372530, pv=0.0993259, s=0.1925]
  * Beta parameters: [s1=0.954521, s2=12.77]
  * Adjusted p-values: [emp=0.711443, beta=0.717404]

Processing phenotype [ENSG00000232377.1] [142/196]
  * #variants in cis = 13
  * Best hit: [id=2_internal_15785, d=200156, pv=0.0359621, s=0.2219]
  * Beta parameters: [s1=0.923121, s2=9.72567]
  * Adjusted p-values: [emp=0.328358, beta=0.365803]

Processing phenotype [ENSG00000121964.9] [143/196]
  * #variants in cis = 11
  * Best hit: [id=2_internal_18369, d=-69265, pv=0.0116964, s=0.2760]
  * Beta parameters: [s1=0.853624, s2=10.5923]
  * Adjusted p-values: [emp=0.0995025, beta=0.112748]

Processing phenotype [ENSG00000238057.3] [144/196]
  * #variants in cis = 8
  * Best hit: [id=2_internal_18369, d=-108577, pv=0.00391425, s=0.3076]
  * Beta parameters: [s1=1.10105, s2=6.64798]
  * Adjusted p-values: [emp=0.0199005, beta=0.0237268]

Processing phenotype [ENSG00000169554.10] [145/196]
  * #variants in cis = 8
  * Best hit: [id=2_internal_18369, d=115060, pv=0.00202663, s=0.3368]
  * Beta parameters: [s1=1.067, s2=7.82263]
  * Adjusted p-values: [emp=0.00497512, beta=0.00952159]

Processing phenotype [ENSG00000121989.10] [146/196]
  * #variants in cis = 5
  * Best hit: [id=2_internal_15056, d=-152026, pv=0.000839277, s=0.3957]
  * Maximum Likelihood estimation failed, use Moment Matching instead!
  * Beta parameters: [s1=1.00002, s2=5.14684]
  * Adjusted p-values: [emp=0.00497512, beta=0.00170158]

Processing phenotype [ENSG00000212389.1] [147/196]
  * #variants in cis = 5
  * Best hit: [id=2_internal_16973, d=656410, pv=0.270554, s=-0.1194]
  * Maximum Likelihood estimation failed, use Moment Matching instead!
  * Beta parameters: [s1=0.999943, s2=5.32246]
  * Adjusted p-values: [emp=0.830846, beta=0.820742]

Processing phenotype [ENSG00000223911.1] [148/196]
  * #variants in cis = 5
  * Best hit: [id=2_internal_15056, d=210465, pv=0.077359, s=0.2046]
  * Maximum Likelihood estimation failed, use Moment Matching instead!
  * Beta parameters: [s1=1.00006, s2=5.20576]
  * Adjusted p-values: [emp=0.298507, beta=0.320032]

Processing phenotype [ENSG00000204406.7] [149/196]
  * #variants in cis = 6
  * Best hit: [id=2_internal_18577, d=337, pv=0.00110438, s=0.3428]
  * Beta parameters: [s1=0.95101, s2=5.77536]
  * Adjusted p-values: [emp=0.0149254, beta=0.00562136]

Processing phenotype [ENSG00000115947.8] [150/196]
  * #variants in cis = 6
  * Best hit: [id=2_internal_15056, d=329087, pv=0.0470069, s=0.2408]
  * Beta parameters: [s1=0.926301, s2=6.6407]
  * Adjusted p-values: [emp=0.288557, beta=0.265659]

Processing phenotype [ENSG00000212181.1] [151/196]
  * #variants in cis = 10
  * Best hit: [id=2_internal_15997, d=-664545, pv=0.10996, s=0.1728]
  * Beta parameters: [s1=0.916166, s2=8.95505]
  * Adjusted p-values: [emp=0.626866, beta=0.648751]

Processing phenotype [ENSG00000224007.1] [152/196]
  * #variants in cis = 10
  * Best hit: [id=2_internal_18577, d=192633, pv=0.0410015, s=0.2020]
  * Beta parameters: [s1=1.02159, s2=9.69686]
  * Adjusted p-values: [emp=0.338308, beta=0.358123]

Processing phenotype [ENSG00000135999.7] [153/196]
  * #variants in cis = 10
  * Best hit: [id=2_internal_16973, d=-96408, pv=0.00284301, s=0.3280]
  * Beta parameters: [s1=0.9009, s2=10.1728]
  * Adjusted p-values: [emp=0.0248756, beta=0.0262213]

Processing phenotype [ENSG00000168280.12] [154/196]
  * #variants in cis = 10
  * Best hit: [id=2_internal_14534, d=188509, pv=0.0216316, s=0.2524]
  * Beta parameters: [s1=1.01897, s2=8.21626]
  * Adjusted p-values: [emp=0.20398, beta=0.213854]

Processing phenotype [ENSG00000231079.2] [155/196]
  * #variants in cis = 10
  * Best hit: [id=2_internal_16973, d=340750, pv=0.179367, s=0.1436]
  * Beta parameters: [s1=0.980073, s2=8.31643]
  * Adjusted p-values: [emp=0.890547, beta=0.862081]

Processing phenotype [ENSG00000231969.1] [156/196]
  * #variants in cis = 6
  * Best hit: [id=2_internal_15777, d=-418813, pv=0.158808, s=-0.1594]
  * Beta parameters: [s1=1.0002, s2=5.73371]
  * Adjusted p-values: [emp=0.61194, beta=0.611839]

Processing phenotype [ENSG00000168288.7] [157/196]
  * #variants in cis = 6
  * Best hit: [id=2_internal_13718, d=418843, pv=0.00827019, s=-0.2904]
  * Beta parameters: [s1=1.10073, s2=6.1603]
  * Adjusted p-values: [emp=0.0497512, beta=0.0325626]

Processing phenotype [ENSG00000184898.6] [158/196]
  * #variants in cis = 9
  * Best hit: [id=2_internal_19610, d=0, pv=0.0362192, s=-0.2107]
  * Beta parameters: [s1=1.04465, s2=10.0879]
  * Adjusted p-values: [emp=0.268657, beta=0.264182]

Processing phenotype [ENSG00000123609.6] [159/196]
  * #variants in cis = 9
  * Best hit: [id=2_internal_19610, d=0, pv=0.000240953, s=0.3811]
  * Beta parameters: [s1=1.03155, s2=8.82846]
  * Adjusted p-values: [emp=0.00497512, beta=0.00181206]

Processing phenotype [ENSG00000080345.12] [160/196]
  * #variants in cis = 9
  * Best hit: [id=2_internal_18241, d=475667, pv=0.1044, s=0.1765]
  * Beta parameters: [s1=1.07656, s2=8.87006]
  * Adjusted p-values: [emp=0.59204, beta=0.592692]

Processing phenotype [ENSG00000183091.14] [161/196]
  * #variants in cis = 13
  * Best hit: [id=2_internal_15672, d=-750971, pv=0.0136297, s=0.2512]
  * Beta parameters: [s1=0.930015, s2=17.0893]
  * Adjusted p-values: [emp=0.114428, beta=0.132227]

Processing phenotype [ENSG00000162980.11] [162/196]
  * #variants in cis = 13
  * Best hit: [id=2_internal_13797, d=-782005, pv=0.17884, s=-0.1441]
  * Beta parameters: [s1=1.09322, s2=12.36]
  * Adjusted p-values: [emp=0.925373, beta=0.922943]

Processing phenotype [ENSG00000182389.13] [163/196]
  * #variants in cis = 13
  * Best hit: [id=2_internal_18241, d=55430, pv=0.0112765, s=0.2407]
  * Beta parameters: [s1=0.986518, s2=13.9291]
  * Adjusted p-values: [emp=0.114428, beta=0.109377]

Processing phenotype [ENSG00000234272.1] [164/196]
  * #variants in cis = 13
  * Best hit: [id=2_internal_15672, d=353903, pv=0.0206712, s=-0.2206]
  * Beta parameters: [s1=0.978733, s2=19.4792]
  * Adjusted p-values: [emp=0.228856, beta=0.216814]

Processing phenotype [ENSG00000115145.5] [165/196]
  * #variants in cis = 13
  * Best hit: [id=2_internal_18241, d=132343, pv=0.131872, s=-0.1657]
  * Beta parameters: [s1=0.991432, s2=12.7073]
  * Adjusted p-values: [emp=0.81592, beta=0.810711]

Processing phenotype [ENSG00000157827.15] [166/196]
  * #variants in cis = 12
  * Best hit: [id=2_internal_16094, d=-664628, pv=0.0272189, s=0.2162]
  * Beta parameters: [s1=0.882731, s2=11.8663]
  * Adjusted p-values: [emp=0.293532, beta=0.275705]

Processing phenotype [ENSG00000177917.5] [167/196]
  * #variants in cis = 8
  * Best hit: [id=2_internal_20289, d=-223798, pv=0.0357492, s=-0.2270]
  * Beta parameters: [s1=0.925686, s2=8.19355]
  * Adjusted p-values: [emp=0.218905, beta=0.235846]

Processing phenotype [ENSG00000196504.11] [168/196]
  * #variants in cis = 8
  * Best hit: [id=2_internal_20289, d=223902, pv=0.0407739, s=-0.2266]
  * Beta parameters: [s1=1.08014, s2=8.6772]
  * Adjusted p-values: [emp=0.218905, beta=0.222496]

Processing phenotype [ENSG00000226383.1] [169/196]
  * #variants in cis = 3
  * Best hit: [id=2_internal_20953, d=-303336, pv=0.583574, s=-0.0553]
  * Maximum Likelihood estimation failed, use Moment Matching instead!
  * Beta parameters: [s1=1.00009, s2=4.41816]
  * Adjusted p-values: [emp=0.9801, beta=0.972824]

Processing phenotype [ENSG00000153234.9] [170/196]
  * #variants in cis = 3
  * Best hit: [id=2_internal_14662, d=644841, pv=0.00428283, s=-0.3196]
  * Maximum Likelihood estimation failed, use Moment Matching instead!
  * Beta parameters: [s1=0.999946, s2=2.73075]
  * Adjusted p-values: [emp=0.0199005, beta=0.0157181]

Processing phenotype [ENSG00000115159.10] [171/196]
  * #variants in cis = 4
  * Best hit: [id=2_internal_13338, d=966535, pv=0.0249428, s=-0.2314]
  * Maximum Likelihood estimation failed, use Moment Matching instead!
  * Beta parameters: [s1=1.00001, s2=3.89302]
  * Adjusted p-values: [emp=0.149254, beta=0.124824]

Processing phenotype [ENSG00000268857.1] [172/196]
  * #variants in cis = 4
  * Best hit: [id=2_internal_13338, d=-905682, pv=0.553506, s=-0.0669]
  * Maximum Likelihood estimation failed, use Moment Matching instead!
  * Beta parameters: [s1=0.999973, s2=3.81329]
  * Adjusted p-values: [emp=0.945274, beta=0.948095]

Processing phenotype [ENSG00000136542.4] [173/196]
  * #variants in cis = 5
  * Best hit: [id=2_internal_16586, d=526529, pv=0.0893923, s=-0.1861]
  * Maximum Likelihood estimation failed, use Moment Matching instead!
  * Beta parameters: [s1=1.00006, s2=4.64673]
  * Adjusted p-values: [emp=0.373134, beta=0.361403]

Processing phenotype [ENSG00000136541.10] [174/196]
  * #variants in cis = 5
  * Best hit: [id=2_internal_16586, d=-456414, pv=0.279414, s=-0.1113]
  * Maximum Likelihood estimation failed, use Moment Matching instead!
  * Beta parameters: [s1=1.00005, s2=4.45819]
  * Adjusted p-values: [emp=0.850746, beta=0.819176]

Processing phenotype [ENSG00000230562.3] [175/196]
  * #variants in cis = 5
  * Best hit: [id=2_internal_20953, d=900939, pv=0.0361006, s=0.2244]
  * Beta parameters: [s1=1.01568, s2=6.01397]
  * Adjusted p-values: [emp=0.159204, beta=0.160174]

Processing phenotype [ENSG00000216054.1] [176/196]
  * #variants in cis = 4
  * Best hit: [id=2_internal_13338, d=0, pv=0.197766, s=-0.1429]
  * Maximum Likelihood estimation failed, use Moment Matching instead!
  * Beta parameters: [s1=0.999959, s2=3.89904]
  * Adjusted p-values: [emp=0.606965, beta=0.590662]

Processing phenotype [ENSG00000115165.5] [177/196]
  * #variants in cis = 3
  * Best hit: [id=2_internal_13338, d=17376, pv=0.351299, s=-0.1023]
  * Maximum Likelihood estimation failed, use Moment Matching instead!
  * Beta parameters: [s1=1.00009, s2=3.34555]
  * Adjusted p-values: [emp=0.716418, beta=0.73715]

Processing phenotype [ENSG00000123612.10] [178/196]
  * #variants in cis = 3
  * Best hit: [id=2_internal_16586, d=-155122, pv=0.327376, s=0.1087]
  * Maximum Likelihood estimation failed, use Moment Matching instead!
  * Beta parameters: [s1=1.00009, s2=2.84622]
  * Adjusted p-values: [emp=0.721393, beta=0.689345]

Processing phenotype [ENSG00000234584.1] [179/196]
  * #variants in cis = 3
  * Best hit: [id=2_internal_16586, d=-48122, pv=0.585175, s=-0.0588]
  * Maximum Likelihood estimation failed, use Moment Matching instead!
  * Beta parameters: [s1=1.00007, s2=3.69651]
  * Adjusted p-values: [emp=0.955224, beta=0.948814]

Processing phenotype [ENSG00000115170.9] [180/196]
  * #variants in cis = 3
  * Best hit: [id=2_internal_16586, d=35869, pv=0.119078, s=0.1579]
  * Maximum Likelihood estimation failed, use Moment Matching instead!
  * Beta parameters: [s1=0.999913, s2=2.83445]
  * Adjusted p-values: [emp=0.323383, beta=0.330954]

Processing phenotype [ENSG00000153237.13] [181/196]
  * #variants in cis = 6
  * Best hit: [id=2_internal_16138, d=-673413, pv=0.100211, s=0.1705]
  * Beta parameters: [s1=0.961644, s2=6.30948]
  * Adjusted p-values: [emp=0.40796, beta=0.422372]

Processing phenotype [ENSG00000144283.16] [182/196]
  * #variants in cis = 6
  * Best hit: [id=2_internal_21112, d=0, pv=0.0400477, s=0.2080]
  * Maximum Likelihood estimation failed, use Moment Matching instead!
  * Beta parameters: [s1=0.999909, s2=5.57533]
  * Adjusted p-values: [emp=0.228856, beta=0.175337]

Processing phenotype [ENSG00000227331.1] [183/196]
  * #variants in cis = 6
  * Best hit: [id=2_internal_16586, d=-708432, pv=0.0360184, s=-0.2327]
  * Beta parameters: [s1=0.956442, s2=5.70431]
  * Adjusted p-values: [emp=0.253731, beta=0.200368]

Processing phenotype [ENSG00000204380.2] [184/196]
  * #variants in cis = 7
  * Best hit: [id=2_internal_14959, d=-992415, pv=0.0748923, s=-0.2036]
  * Beta parameters: [s1=1.03587, s2=7.55289]
  * Adjusted p-values: [emp=0.38806, beta=0.401885]

Processing phenotype [ENSG00000115183.9] [185/196]
  * #variants in cis = 7
  * Best hit: [id=2_internal_16138, d=161532, pv=0.0314863, s=0.2365]
  * Beta parameters: [s1=0.98314, s2=7.8131]
  * Adjusted p-values: [emp=0.139303, beta=0.147986]

Processing phenotype [ENSG00000213189.4] [186/196]
  * #variants in cis = 7
  * Best hit: [id=2_internal_17778, d=850596, pv=0.298148, s=-0.1112]
  * Beta parameters: [s1=0.907157, s2=6.297]
  * Adjusted p-values: [emp=0.875622, beta=0.885386]

Processing phenotype [ENSG00000196151.6] [187/196]
  * #variants in cis = 8
  * Best hit: [id=2_internal_19964, d=0, pv=1.72808e-06, s=0.4662]
  * Beta parameters: [s1=1.08463, s2=8.504]
  * Adjusted p-values: [emp=0.00497512, beta=1.75297e-06]

Processing phenotype [ENSG00000223642.2] [188/196]
  * #variants in cis = 8
  * Best hit: [id=2_internal_15545, d=128487, pv=0.0611795, s=0.2040]
  * Beta parameters: [s1=0.972148, s2=7.16352]
  * Adjusted p-values: [emp=0.368159, beta=0.371009]

Processing phenotype [ENSG00000225369.1] [189/196]
  * #variants in cis = 8
  * Best hit: [id=2_internal_19964, d=97412, pv=0.00594758, s=-0.2923]
  * Beta parameters: [s1=0.968918, s2=9.58409]
  * Adjusted p-values: [emp=0.0248756, beta=0.0347224]

Processing phenotype [ENSG00000224152.1] [190/196]
  * #variants in cis = 9
  * Best hit: [id=2_internal_15545, d=0, pv=0.0360248, s=0.1995]
  * Beta parameters: [s1=1.062, s2=10.2398]
  * Adjusted p-values: [emp=0.253731, beta=0.230059]

Processing phenotype [ENSG00000123636.13] [191/196]
  * #variants in cis = 9
  * Best hit: [id=2_internal_20964, d=0, pv=0.000799147, s=0.3596]
  * Beta parameters: [s1=1.02895, s2=8.60682]
  * Adjusted p-values: [emp=0.00995025, beta=0.00801953]

Processing phenotype [ENSG00000230783.1] [192/196]
  * #variants in cis = 8
  * Best hit: [id=2_internal_17778, d=-164081, pv=0.0217779, s=0.2369]
  * Beta parameters: [s1=1.06865, s2=8.27505]
  * Adjusted p-values: [emp=0.109453, beta=0.128282]

Processing phenotype [ENSG00000226266.1] [193/196]
  * #variants in cis = 8
  * Best hit: [id=2_internal_19052, d=-837581, pv=0.127728, s=0.1690]
  * Beta parameters: [s1=1.0033, s2=7.70132]
  * Adjusted p-values: [emp=0.646766, beta=0.673947]

Processing phenotype [ENSG00000136536.9] [194/196]
  * #variants in cis = 8
  * Best hit: [id=2_internal_20964, d=-15302, pv=0.142632, s=-0.1609]
  * Beta parameters: [s1=0.878344, s2=8.40214]
  * Adjusted p-values: [emp=0.731343, beta=0.717817]

Processing phenotype [ENSG00000241399.2] [195/196]
  * #variants in cis = 8
  * Best hit: [id=2_internal_17778, d=-56130, pv=0.0988846, s=0.1883]
  * Beta parameters: [s1=0.887264, s2=9.73324]
  * Adjusted p-values: [emp=0.522388, beta=0.544825]

Processing phenotype [ENSG00000227055.1] [196/196]
  * #variants in cis = 8
  * Best hit: [id=2_internal_16138, d=673237, pv=0.00697647, s=-0.2953]
  * Beta parameters: [s1=0.951033, s2=6.01371]
  * Adjusted p-values: [emp=0.0547264, beta=0.0521523]

Running time: 2 seconds
