Sender: LSF System <lsfadmin@cpt07>
Subject: Job 974275: </data/unige/funpopgen/odelanea/SGX/V2/binaries/qtltools/bin/QTLtools cis --vcf /data/unige/funpopgen/grey2/SYSCID/BLUEPRINT_DATA/CRD/THREE_CELL_TYPES/CLOMICS/CELL_TYPE_COMPARISON_GENE_CRD_ASSOCIATIONS/quantify/73_vs_70_ALL.ALLchr.mean.txt.gz --bed /data/unige/funpopgen/grey2/SYSCID/BLUEPRINT_DATA/CRD/THREE_CELL_TYPES/QTL_TOOLS/EGAD00001002671_v3.0/EGAD00001002671_RNA.PC10.bed.gz --permute 200 --chunk 32 100 --out /data/unige/funpopgen/grey2/SYSCID/BLUEPRINT_DATA/CRD/THREE_CELL_TYPES/CLOMICS/CELL_TYPE_COMPARISON_GENE_CRD_ASSOCIATIONS/mapping_aCRD_gene/73_vs_70/gene_CRD_mean_chunk32\.txt> in cluster <ug> Done

Job </data/unige/funpopgen/odelanea/SGX/V2/binaries/qtltools/bin/QTLtools cis --vcf /data/unige/funpopgen/grey2/SYSCID/BLUEPRINT_DATA/CRD/THREE_CELL_TYPES/CLOMICS/CELL_TYPE_COMPARISON_GENE_CRD_ASSOCIATIONS/quantify/73_vs_70_ALL.ALLchr.mean.txt.gz --bed /data/unige/funpopgen/grey2/SYSCID/BLUEPRINT_DATA/CRD/THREE_CELL_TYPES/QTL_TOOLS/EGAD00001002671_v3.0/EGAD00001002671_RNA.PC10.bed.gz --permute 200 --chunk 32 100 --out /data/unige/funpopgen/grey2/SYSCID/BLUEPRINT_DATA/CRD/THREE_CELL_TYPES/CLOMICS/CELL_TYPE_COMPARISON_GENE_CRD_ASSOCIATIONS/mapping_aCRD_gene/73_vs_70/gene_CRD_mean_chunk32\.txt> was submitted from host <frt.ug.vital-it.ch> by user <grey2> in cluster <ug>.
Job was executed on host(s) <cpt07>, in queue <normal>, as user <grey2> in cluster <ug>.
</home/grey2> was used as the home directory.
</data/unige/funpopgen/grey2/SYSCID/BLUEPRINT_DATA/CRD/THREE_CELL_TYPES/CLOMICS/CELL_TYPE_COMPARISON_GENE_CRD_ASSOCIATIONS> was used as the working directory.
Started at Thu Mar 21 11:27:49 2019
Results reported at Thu Mar 21 11:27:56 2019

Your job looked like:

------------------------------------------------------------
# LSBATCH: User input
/data/unige/funpopgen/odelanea/SGX/V2/binaries/qtltools/bin/QTLtools cis --vcf /data/unige/funpopgen/grey2/SYSCID/BLUEPRINT_DATA/CRD/THREE_CELL_TYPES/CLOMICS/CELL_TYPE_COMPARISON_GENE_CRD_ASSOCIATIONS/quantify/73_vs_70_ALL.ALLchr.mean.txt.gz --bed /data/unige/funpopgen/grey2/SYSCID/BLUEPRINT_DATA/CRD/THREE_CELL_TYPES/QTL_TOOLS/EGAD00001002671_v3.0/EGAD00001002671_RNA.PC10.bed.gz --permute 200 --chunk 32 100 --out /data/unige/funpopgen/grey2/SYSCID/BLUEPRINT_DATA/CRD/THREE_CELL_TYPES/CLOMICS/CELL_TYPE_COMPARISON_GENE_CRD_ASSOCIATIONS/mapping_aCRD_gene/73_vs_70/gene_CRD_mean_chunk32\.txt

------------------------------------------------------------

Successfully completed.

Resource usage summary:

    CPU time :               2.94 sec.
    Max Memory :             2.75 MB
    Average Memory :         2.75 MB
    Total Requested Memory : -
    Delta Memory :           -
    (Delta: the difference between total requested memory and actual max usage.)
    Max Swap :               31 MB

    Max Processes :          1
    Max Threads :            1

The output (if any) follows:


[32mQTLtools[0m
  * Authors : Olivier DELANEAU / Halit ONGEN / Emmanouil DERMITZAKIS
  * Contact : olivier.delaneau@gmail.com / halit.ongen@unige.ch / Emmanouil.Dermitzakis@unige.ch
  * Webpage : https://qtltools.github.io/qtltools/
  * Version : 1.1
  * Date    : 21/03/2019 - 11:27:53
  * Citation: A complete tool set for molecular QTL discovery and analysis, https://doi.org/10.1101/068635

[32mMAPPING QTL IN CIS[0m
  * TASK: Perform 200 permutations
  * Linear model: Phe ~ Var
  * Cis-window size is 1000000 bp
  * Chunk = [32/100]

Scanning phenotype data in [/data/unige/funpopgen/grey2/SYSCID/BLUEPRINT_DATA/CRD/THREE_CELL_TYPES/QTL_TOOLS/EGAD00001002671_v3.0/EGAD00001002671_RNA.PC10.bed.gz]
  * 24372 phenotypes included
  * 12152 phenotypes are on the negative strand

Initialize random number generator
  * Built-in seed is 15112011
  * First Integer = 30554
  * First Double = 0.0126695

Reading sample list from [/data/unige/funpopgen/grey2/SYSCID/BLUEPRINT_DATA/CRD/THREE_CELL_TYPES/QTL_TOOLS/EGAD00001002671_v3.0/EGAD00001002671_RNA.PC10.bed.gz]
  * #samples = 169

Reading sample list from [/data/unige/funpopgen/grey2/SYSCID/BLUEPRINT_DATA/CRD/THREE_CELL_TYPES/CLOMICS/CELL_TYPE_COMPARISON_GENE_CRD_ASSOCIATIONS/quantify/73_vs_70_ALL.ALLchr.mean.txt.gz]
  * #samples = 94

Merging sample sets from all input files
  * #files = 2
  * #samples in all files = 91
  * #samples NOT in all files (i.e. ignored) = 81

Reading phenotype data in [/data/unige/funpopgen/grey2/SYSCID/BLUEPRINT_DATA/CRD/THREE_CELL_TYPES/QTL_TOOLS/EGAD00001002671_v3.0/EGAD00001002671_RNA.PC10.bed.gz]
  * target region [12:56663888-104609557]
  * 320 phenotypes included
  * 165 phenotypes are on the negative strand

Reading genotype data in [/data/unige/funpopgen/grey2/SYSCID/BLUEPRINT_DATA/CRD/THREE_CELL_TYPES/CLOMICS/CELL_TYPE_COMPARISON_GENE_CRD_ASSOCIATIONS/quantify/73_vs_70_ALL.ALLchr.mean.txt.gz]
  * File format detected: BED
  * 91 samples included
  * 5 samples without phenotype data
  * target region [12:55663888-105609557]
  * 113 variants included

Processing phenotype [ENSG00000258260.1] [1/320]
  * #variants in cis = 6
  * Best hit: [id=12_internal_11306, d=-86244, pv=0.407269, s=0.0840]
  * Beta parameters: [s1=1.00264, s2=6.41764]
  * Adjusted p-values: [emp=0.960199, beta=0.953876]

Processing phenotype [ENSG00000257303.1] [2/320]
  * #variants in cis = 6
  * Best hit: [id=12_internal_10466, d=-648354, pv=0.0661178, s=-0.2018]
  * Beta parameters: [s1=0.994521, s2=6.40422]
  * Adjusted p-values: [emp=0.303483, beta=0.300241]

Processing phenotype [ENSG00000062485.13] [3/320]
  * #variants in cis = 6
  * Best hit: [id=12_internal_12772, d=666261, pv=0.105173, s=0.1670]
  * Beta parameters: [s1=0.99662, s2=6.62986]
  * Adjusted p-values: [emp=0.447761, beta=0.448077]

Processing phenotype [ENSG00000257740.1] [4/320]
  * #variants in cis = 6
  * Best hit: [id=12_internal_9483, d=958839, pv=0.0975097, s=0.1705]
  * Maximum Likelihood estimation failed, use Moment Matching instead!
  * Beta parameters: [s1=1.00012, s2=4.71754]
  * Adjusted p-values: [emp=0.467662, beta=0.466279]

Processing phenotype [ENSG00000144785.4] [5/320]
  * #variants in cis = 6
  * Best hit: [id=12_internal_10466, d=664271, pv=0.047209, s=-0.2101]
  * Maximum Likelihood estimation failed, use Moment Matching instead!
  * Beta parameters: [s1=1.00006, s2=7.35308]
  * Adjusted p-values: [emp=0.189055, beta=0.175961]

Processing phenotype [ENSG00000257727.1] [6/320]
  * #variants in cis = 6
  * Best hit: [id=12_internal_9048, d=664508, pv=0.0178801, s=-0.2584]
  * Beta parameters: [s1=0.876952, s2=6.70971]
  * Adjusted p-values: [emp=0.139303, beta=0.105703]

Processing phenotype [ENSG00000135473.10] [7/320]
  * #variants in cis = 6
  * Best hit: [id=12_internal_9048, d=682225, pv=0.0123735, s=0.2477]
  * Beta parameters: [s1=0.940265, s2=6.05955]
  * Adjusted p-values: [emp=0.114428, beta=0.0881922]

Processing phenotype [ENSG00000110944.4] [8/320]
  * #variants in cis = 6
  * Best hit: [id=12_internal_9048, d=-687051, pv=0.415477, s=0.0832]
  * Beta parameters: [s1=1.00075, s2=6.12165]
  * Adjusted p-values: [emp=0.950249, beta=0.957989]

Processing phenotype [ENSG00000170581.8] [9/320]
  * #variants in cis = 6
  * Best hit: [id=12_internal_12772, d=726024, pv=0.0920299, s=0.1804]
  * Beta parameters: [s1=1.09034, s2=7.09016]
  * Adjusted p-values: [emp=0.477612, beta=0.455514]

Processing phenotype [ENSG00000111602.7] [10/320]
  * #variants in cis = 6
  * Best hit: [id=12_internal_12772, d=815272, pv=0.0759935, s=-0.1956]
  * Beta parameters: [s1=1.01259, s2=6.11965]
  * Adjusted p-values: [emp=0.303483, beta=0.298823]

Processing phenotype [ENSG00000176422.10] [11/320]
  * #variants in cis = 8
  * Best hit: [id=12_internal_9048, d=-816689, pv=0.212037, s=0.1269]
  * Beta parameters: [s1=0.984387, s2=8.34769]
  * Adjusted p-values: [emp=0.845771, beta=0.835797]

Processing phenotype [ENSG00000135517.5] [12/320]
  * #variants in cis = 8
  * Best hit: [id=12_internal_8951, d=-988931, pv=0.270548, s=-0.1106]
  * Beta parameters: [s1=0.91925, s2=8.20062]
  * Adjusted p-values: [emp=0.915423, beta=0.921814]

Processing phenotype [ENSG00000135423.8] [13/320]
  * #variants in cis = 8
  * Best hit: [id=12_internal_9432, d=354009, pv=0.0355616, s=0.2093]
  * Beta parameters: [s1=0.979662, s2=7.71039]
  * Adjusted p-values: [emp=0.248756, beta=0.227675]

Processing phenotype [ENSG00000257576.1] [14/320]
  * #variants in cis = 9
  * Best hit: [id=12_internal_11306, d=-84741, pv=0.0776588, s=-0.1809]
  * Beta parameters: [s1=0.932767, s2=10.5418]
  * Adjusted p-values: [emp=0.517413, beta=0.532412]

Processing phenotype [ENSG00000076067.6] [15/320]
  * #variants in cis = 9
  * Best hit: [id=12_internal_12772, d=-887798, pv=0.268104, s=0.1232]
  * Beta parameters: [s1=1.09037, s2=10.5275]
  * Adjusted p-values: [emp=0.940299, beta=0.959402]

Processing phenotype [ENSG00000076108.7] [16/320]
  * #variants in cis = 9
  * Best hit: [id=12_internal_9483, d=-630891, pv=0.114728, s=0.1628]
  * Beta parameters: [s1=0.955658, s2=9.64831]
  * Adjusted p-values: [emp=0.666667, beta=0.680398]

Processing phenotype [ENSG00000207031.1] [17/320]
  * #variants in cis = 9
  * Best hit: [id=12_internal_10107, d=-965022, pv=0.0944274, s=-0.1714]
  * Beta parameters: [s1=1.10692, s2=8.18092]
  * Adjusted p-values: [emp=0.60199, beta=0.5892]

Processing phenotype [ENSG00000110955.3] [18/320]
  * #variants in cis = 9
  * Best hit: [id=12_internal_12751, d=-851261, pv=0.108602, s=-0.1703]
  * Beta parameters: [s1=0.970594, s2=7.54405]
  * Adjusted p-values: [emp=0.621891, beta=0.602398]

Processing phenotype [ENSG00000241217.2] [19/320]
  * #variants in cis = 7
  * Best hit: [id=12_internal_9483, d=-596961, pv=0.0299755, s=-0.2335]
  * Beta parameters: [s1=0.979772, s2=7.37225]
  * Adjusted p-values: [emp=0.20398, beta=0.208299]

Processing phenotype [ENSG00000110958.10] [20/320]
  * #variants in cis = 7
  * Best hit: [id=12_internal_9996, d=-764295, pv=0.220429, s=0.1430]
  * Beta parameters: [s1=0.891914, s2=6.98872]
  * Adjusted p-values: [emp=0.791045, beta=0.782788]

Processing phenotype [ENSG00000196531.6] [21/320]
  * #variants in cis = 7
  * Best hit: [id=12_internal_10107, d=-878495, pv=0.0981949, s=-0.1763]
  * Beta parameters: [s1=0.960183, s2=6.91982]
  * Adjusted p-values: [emp=0.537313, beta=0.552722]

Processing phenotype [ENSG00000025423.7] [22/320]
  * #variants in cis = 7
  * Best hit: [id=12_internal_9432, d=-617756, pv=0.0398866, s=-0.2065]
  * Beta parameters: [s1=1.04599, s2=8.99519]
  * Adjusted p-values: [emp=0.179104, beta=0.181599]

Processing phenotype [ENSG00000198056.7] [23/320]
  * #variants in cis = 7
  * Best hit: [id=12_internal_10107, d=-857750, pv=0.115855, s=-0.1795]
  * Beta parameters: [s1=1.01669, s2=8.08045]
  * Adjusted p-values: [emp=0.621891, beta=0.591842]

Processing phenotype [ENSG00000139547.6] [24/320]
  * #variants in cis = 9
  * Best hit: [id=12_internal_9483, d=-308333, pv=0.122939, s=0.1602]
  * Beta parameters: [s1=0.884774, s2=9.19393]
  * Adjusted p-values: [emp=0.676617, beta=0.700837]

Processing phenotype [ENSG00000166856.1] [25/320]
  * #variants in cis = 9
  * Best hit: [id=12_internal_8951, d=463651, pv=0.0332013, s=0.2342]
  * Beta parameters: [s1=1.07041, s2=9.74519]
  * Adjusted p-values: [emp=0.303483, beta=0.285652]

Processing phenotype [ENSG00000166860.2] [26/320]
  * #variants in cis = 9
  * Best hit: [id=12_internal_10107, d=-603677, pv=0.0760374, s=-0.1994]
  * Beta parameters: [s1=0.9689, s2=7.84708]
  * Adjusted p-values: [emp=0.467662, beta=0.487518]

Processing phenotype [ENSG00000166863.7] [27/320]
  * #variants in cis = 9
  * Best hit: [id=12_internal_9996, d=-423787, pv=0.109382, s=-0.1580]
  * Beta parameters: [s1=1.08683, s2=11.0218]
  * Adjusted p-values: [emp=0.636816, beta=0.623906]

Processing phenotype [ENSG00000166866.8] [28/320]
  * #variants in cis = 9
  * Best hit: [id=12_internal_9432, d=916793, pv=0.0892247, s=-0.1809]
  * Beta parameters: [s1=0.988145, s2=7.18618]
  * Adjusted p-values: [emp=0.532338, beta=0.514322]

Processing phenotype [ENSG00000166881.5] [29/320]
  * #variants in cis = 9
  * Best hit: [id=12_internal_9483, d=-179645, pv=0.0110686, s=0.2640]
  * Beta parameters: [s1=0.935779, s2=8.54437]
  * Adjusted p-values: [emp=0.114428, beta=0.100684]

Processing phenotype [ENSG00000166886.8] [30/320]
  * #variants in cis = 9
  * Best hit: [id=12_internal_9483, d=178814, pv=0.181956, s=0.1499]
  * Beta parameters: [s1=0.994882, s2=9.82235]
  * Adjusted p-values: [emp=0.835821, beta=0.846833]

Processing phenotype [ENSG00000123384.9] [31/320]
  * #variants in cis = 9
  * Best hit: [id=12_internal_9432, d=-994087, pv=0.310885, s=-0.1120]
  * Beta parameters: [s1=0.893078, s2=11.3739]
  * Adjusted p-values: [emp=1, beta=0.980491]

Processing phenotype [ENSG00000166888.5] [32/320]
  * #variants in cis = 9
  * Best hit: [id=12_internal_8951, d=-325959, pv=0.149659, s=0.1484]
  * Beta parameters: [s1=1.04276, s2=7.63789]
  * Adjusted p-values: [emp=0.706468, beta=0.689177]

Processing phenotype [ENSG00000259125.1] [33/320]
  * #variants in cis = 8
  * Best hit: [id=12_internal_10107, d=-462505, pv=0.206243, s=-0.1263]
  * Beta parameters: [s1=1.02688, s2=8.27871]
  * Adjusted p-values: [emp=0.830846, beta=0.839735]

Processing phenotype [ENSG00000182199.6] [34/320]
  * #variants in cis = 8
  * Best hit: [id=12_internal_11229, d=545724, pv=0.0491054, s=-0.2203]
  * Beta parameters: [s1=1.04273, s2=8.63423]
  * Adjusted p-values: [emp=0.368159, beta=0.347159]

Processing phenotype [ENSG00000185633.6] [35/320]
  * #variants in cis = 8
  * Best hit: [id=12_internal_9483, d=-26993, pv=0.0646326, s=-0.1887]
  * Beta parameters: [s1=0.881877, s2=8.67329]
  * Adjusted p-values: [emp=0.383085, beta=0.408182]

Processing phenotype [ENSG00000185482.3] [36/320]
  * #variants in cis = 8
  * Best hit: [id=12_internal_10107, d=-358931, pv=0.224557, s=0.1252]
  * Beta parameters: [s1=1.14712, s2=7.82359]
  * Adjusted p-values: [emp=0.885572, beta=0.867449]

Processing phenotype [ENSG00000258830.1] [37/320]
  * #variants in cis = 8
  * Best hit: [id=12_internal_9996, d=-156187, pv=0.0559874, s=-0.2009]
  * Beta parameters: [s1=0.91777, s2=8.30159]
  * Adjusted p-values: [emp=0.363184, beta=0.381764]

Processing phenotype [ENSG00000201198.1] [38/320]
  * #variants in cis = 8
  * Best hit: [id=12_internal_10107, d=194828, pv=0.386363, s=-0.0816]
  * Beta parameters: [s1=1.03324, s2=7.8421]
  * Adjusted p-values: [emp=0.975124, beta=0.977102]

Processing phenotype [ENSG00000268367.1] [39/320]
  * #variants in cis = 8
  * Best hit: [id=12_internal_11306, d=-990153, pv=0.0320015, s=0.2213]
  * Beta parameters: [s1=1.00442, s2=7.1874]
  * Adjusted p-values: [emp=0.278607, beta=0.250366]

Processing phenotype [ENSG00000179912.14] [40/320]
  * #variants in cis = 7
  * Best hit: [id=12_internal_12751, d=-66271, pv=0.0899649, s=0.1744]
  * Beta parameters: [s1=1.13164, s2=6.50643]
  * Adjusted p-values: [emp=0.522388, beta=0.509702]

Processing phenotype [ENSG00000139269.2] [41/320]
  * #variants in cis = 7
  * Best hit: [id=12_internal_10107, d=157801, pv=0.00734075, s=-0.2649]
  * Beta parameters: [s1=1.01919, s2=6.36205]
  * Adjusted p-values: [emp=0.0497512, beta=0.0437654]

Processing phenotype [ENSG00000111087.5] [42/320]
  * #variants in cis = 7
  * Best hit: [id=12_internal_8951, d=0, pv=0.00324064, s=0.3094]
  * Beta parameters: [s1=1.04642, s2=6.87624]
  * Adjusted p-values: [emp=0.00995025, beta=0.0151316]

Processing phenotype [ENSG00000166986.8] [43/320]
  * #variants in cis = 7
  * Best hit: [id=12_internal_8951, d=0, pv=0.0545818, s=0.2073]
  * Beta parameters: [s1=1.08944, s2=7.12427]
  * Adjusted p-values: [emp=0.328358, beta=0.306844]

Processing phenotype [ENSG00000123329.13] [44/320]
  * #variants in cis = 7
  * Best hit: [id=12_internal_9491, d=-290803, pv=0.611063, s=-0.0535]
  * Beta parameters: [s1=1.05733, s2=7.03714]
  * Adjusted p-values: [emp=1, beta=0.998519]

Processing phenotype [ENSG00000208028.1] [45/320]
  * #variants in cis = 7
  * Best hit: [id=12_internal_9996, d=62671, pv=0.199199, s=-0.1394]
  * Beta parameters: [s1=0.936121, s2=7.55083]
  * Adjusted p-values: [emp=0.741294, beta=0.777136]

Processing phenotype [ENSG00000175197.5] [46/320]
  * #variants in cis = 7
  * Best hit: [id=12_internal_8951, d=0, pv=0.0116425, s=0.2642]
  * Beta parameters: [s1=0.991236, s2=7.07725]
  * Adjusted p-values: [emp=0.0945274, beta=0.0788069]

Processing phenotype [ENSG00000166987.10] [47/320]
  * #variants in cis = 7
  * Best hit: [id=12_internal_12751, d=-19121, pv=0.00166204, s=-0.2851]
  * Beta parameters: [s1=1.04444, s2=6.12856]
  * Adjusted p-values: [emp=0.00995025, beta=0.010077]

Processing phenotype [ENSG00000175203.10] [48/320]
  * #variants in cis = 7
  * Best hit: [id=12_internal_10107, d=-62793, pv=0.0227635, s=-0.2473]
  * Beta parameters: [s1=1.07343, s2=6.56055]
  * Adjusted p-values: [emp=0.169154, beta=0.153972]

Processing phenotype [ENSG00000155980.6] [49/320]
  * #variants in cis = 7
  * Best hit: [id=12_internal_9996, d=-93410, pv=0.0802638, s=0.1824]
  * Beta parameters: [s1=0.962494, s2=5.5265]
  * Adjusted p-values: [emp=0.472637, beta=0.469731]

Processing phenotype [ENSG00000166908.13] [50/320]
  * #variants in cis = 7
  * Best hit: [id=12_internal_9996, d=-134586, pv=0.44386, s=-0.0822]
  * Beta parameters: [s1=1.13392, s2=7.77537]
  * Adjusted p-values: [emp=0.9801, beta=0.986875]

Processing phenotype [ENSG00000178498.11] [51/320]
  * #variants in cis = 7
  * Best hit: [id=12_internal_9491, d=174995, pv=0.304833, s=0.1138]
  * Beta parameters: [s1=1.05775, s2=6.34858]
  * Adjusted p-values: [emp=0.905473, beta=0.898079]

Processing phenotype [ENSG00000240771.2] [52/320]
  * #variants in cis = 7
  * Best hit: [id=12_internal_11229, d=164871, pv=0.0326176, s=-0.2280]
  * Beta parameters: [s1=0.955805, s2=6.86187]
  * Adjusted p-values: [emp=0.20398, beta=0.216958]

Processing phenotype [ENSG00000224713.2] [53/320]
  * #variants in cis = 7
  * Best hit: [id=12_internal_11229, d=-155413, pv=0.031325, s=-0.2270]
  * Beta parameters: [s1=1.09036, s2=7.21882]
  * Adjusted p-values: [emp=0.263682, beta=0.231649]

Processing phenotype [ENSG00000135506.11] [54/320]
  * #variants in cis = 7
  * Best hit: [id=12_internal_9491, d=85662, pv=0.0334843, s=-0.2302]
  * Beta parameters: [s1=1.00538, s2=8.93693]
  * Adjusted p-values: [emp=0.174129, beta=0.174881]

Processing phenotype [ENSG00000257342.1] [55/320]
  * #variants in cis = 7
  * Best hit: [id=12_internal_9491, d=-58107, pv=0.0117217, s=-0.2617]
  * Beta parameters: [s1=0.880135, s2=7.8156]
  * Adjusted p-values: [emp=0.079602, beta=0.0832633]

Processing phenotype [ENSG00000257499.1] [56/320]
  * #variants in cis = 7
  * Best hit: [id=12_internal_12751, d=224076, pv=0.0328757, s=0.2211]
  * Beta parameters: [s1=1.00763, s2=8.29943]
  * Adjusted p-values: [emp=0.164179, beta=0.155512]

Processing phenotype [ENSG00000255737.2] [57/320]
  * #variants in cis = 7
  * Best hit: [id=12_internal_10107, d=-92302, pv=0.0177996, s=0.2360]
  * Beta parameters: [s1=1.05706, s2=7.40658]
  * Adjusted p-values: [emp=0.124378, beta=0.124428]

Processing phenotype [ENSG00000135452.5] [58/320]
  * #variants in cis = 7
  * Best hit: [id=12_internal_12751, d=-236424, pv=0.0177606, s=-0.2570]
  * Beta parameters: [s1=1.02708, s2=8.73648]
  * Adjusted p-values: [emp=0.109453, beta=0.103922]

Processing phenotype [ENSG00000135439.6] [59/320]
  * #variants in cis = 7
  * Best hit: [id=12_internal_9996, d=285569, pv=0.0938343, s=-0.1706]
  * Beta parameters: [s1=1.12672, s2=6.41196]
  * Adjusted p-values: [emp=0.507463, beta=0.485267]

Processing phenotype [ENSG00000139266.5] [60/320]
  * #variants in cis = 7
  * Best hit: [id=12_internal_9996, d=-298510, pv=0.0125841, s=-0.2739]
  * Beta parameters: [s1=0.969266, s2=7.13057]
  * Adjusted p-values: [emp=0.0746269, beta=0.0683542]

Processing phenotype [ENSG00000135446.11] [61/320]
  * #variants in cis = 7
  * Best hit: [id=12_internal_9491, d=-23604, pv=0.0834656, s=0.1898]
  * Beta parameters: [s1=1.02405, s2=6.20524]
  * Adjusted p-values: [emp=0.402985, beta=0.395967]

Processing phenotype [ENSG00000111012.4] [62/320]
  * #variants in cis = 7
  * Best hit: [id=12_internal_9491, d=-12366, pv=0.0213022, s=0.2403]
  * Beta parameters: [s1=1.18134, s2=7.40888]
  * Adjusted p-values: [emp=0.0945274, beta=0.109702]

Processing phenotype [ENSG00000257152.1] [63/320]
  * #variants in cis = 7
  * Best hit: [id=12_internal_10107, d=135017, pv=0.0218662, s=0.2402]
  * Beta parameters: [s1=0.979754, s2=7.30786]
  * Adjusted p-values: [emp=0.164179, beta=0.172163]

Processing phenotype [ENSG00000123427.11] [64/320]
  * #variants in cis = 7
  * Best hit: [id=12_internal_12751, d=-269903, pv=0.049661, s=0.2053]
  * Beta parameters: [s1=1.03943, s2=7.35303]
  * Adjusted p-values: [emp=0.263682, beta=0.276055]

Processing phenotype [ENSG00000037897.12] [65/320]
  * #variants in cis = 7
  * Best hit: [id=12_internal_11229, d=-2258, pv=0.0528486, s=0.2075]
  * Beta parameters: [s1=0.964555, s2=6.2971]
  * Adjusted p-values: [emp=0.278607, beta=0.286318]

Processing phenotype [ENSG00000257921.1] [66/320]
  * #variants in cis = 7
  * Best hit: [id=12_internal_9996, d=-316440, pv=0.075477, s=0.1891]
  * Beta parameters: [s1=1.11007, s2=7.12949]
  * Adjusted p-values: [emp=0.373134, beta=0.359805]

Processing phenotype [ENSG00000123297.11] [67/320]
  * #variants in cis = 7
  * Best hit: [id=12_internal_9996, d=-326001, pv=0.00873722, s=0.2944]
  * Beta parameters: [s1=0.868922, s2=8.57672]
  * Adjusted p-values: [emp=0.0696517, beta=0.0523512]

Processing phenotype [ENSG00000135407.6] [68/320]
  * #variants in cis = 7
  * Best hit: [id=12_internal_9483, d=477709, pv=0.0467814, s=0.2019]
  * Maximum Likelihood estimation failed, use Moment Matching instead!
  * Beta parameters: [s1=1.0001, s2=5.35614]
  * Adjusted p-values: [emp=0.293532, beta=0.288247]

Processing phenotype [ENSG00000257953.1] [69/320]
  * #variants in cis = 7
  * Best hit: [id=12_internal_8951, d=-309663, pv=0.0602668, s=0.1861]
  * Beta parameters: [s1=0.899718, s2=6.59892]
  * Adjusted p-values: [emp=0.353234, beta=0.378353]

Processing phenotype [ENSG00000175215.5] [70/320]
  * #variants in cis = 7
  * Best hit: [id=12_internal_8951, d=319310, pv=0.174503, s=-0.1314]
  * Beta parameters: [s1=0.953972, s2=7.76889]
  * Adjusted p-values: [emp=0.746269, beta=0.752417]

Processing phenotype [ENSG00000257698.1] [71/320]
  * #variants in cis = 7
  * Best hit: [id=12_internal_11229, d=152300, pv=0.382548, s=-0.0974]
  * Beta parameters: [s1=1.05836, s2=6.4661]
  * Adjusted p-values: [emp=0.945274, beta=0.960158]

Processing phenotype [ENSG00000166896.3] [72/320]
  * #variants in cis = 7
  * Best hit: [id=12_internal_9491, d=-122002, pv=0.0356846, s=-0.2203]
  * Beta parameters: [s1=1.02077, s2=7.07234]
  * Adjusted p-values: [emp=0.223881, beta=0.204686]

Processing phenotype [ENSG00000118596.7] [73/320]
  * #variants in cis = 0

Processing phenotype [ENSG00000257146.1] [74/320]
  * #variants in cis = 0

Processing phenotype [ENSG00000213363.4] [75/320]
  * #variants in cis = 12
  * Best hit: [id=12_internal_8887, d=-188359, pv=0.00344429, s=0.2970]
  * Beta parameters: [s1=1.04482, s2=10.2405]
  * Adjusted p-values: [emp=0.0447761, beta=0.0388483]

Processing phenotype [ENSG00000257880.1] [76/320]
  * #variants in cis = 12
  * Best hit: [id=12_internal_8529, d=-63182, pv=0.0127258, s=0.2789]
  * Beta parameters: [s1=0.984034, s2=10.4245]
  * Adjusted p-values: [emp=0.159204, beta=0.144006]

Processing phenotype [ENSG00000258316.1] [77/320]
  * #variants in cis = 13
  * Best hit: [id=12_internal_9808, d=-914475, pv=0.0137012, s=0.2319]
  * Beta parameters: [s1=0.975433, s2=9.66049]
  * Adjusted p-values: [emp=0.139303, beta=0.163426]

Processing phenotype [ENSG00000135655.9] [78/320]
  * #variants in cis = 13
  * Best hit: [id=12_internal_8529, d=-496, pv=0.000398582, s=0.3755]
  * Beta parameters: [s1=0.952021, s2=12.6804]
  * Adjusted p-values: [emp=0.00497512, beta=0.00504943]

Processing phenotype [ENSG00000198673.6] [79/320]
  * #variants in cis = 13
  * Best hit: [id=12_internal_8887, d=25258, pv=1.18362e-06, s=0.5360]
  * Beta parameters: [s1=0.974291, s2=13.7001]
  * Adjusted p-values: [emp=0.00497512, beta=1.91281e-06]

Processing phenotype [ENSG00000200814.1] [80/320]
  * #variants in cis = 13
  * Best hit: [id=12_internal_8529, d=74355, pv=0.00947295, s=0.2781]
  * Beta parameters: [s1=0.889076, s2=7.94081]
  * Adjusted p-values: [emp=0.159204, beta=0.136972]

Processing phenotype [ENSG00000061987.10] [81/320]
  * #variants in cis = 13
  * Best hit: [id=12_internal_9808, d=683174, pv=0.0459629, s=0.2099]
  * Beta parameters: [s1=1.0133, s2=10.3385]
  * Adjusted p-values: [emp=0.427861, beta=0.440839]

Processing phenotype [ENSG00000257568.1] [82/320]
  * #variants in cis = 13
  * Best hit: [id=12_internal_8561, d=147258, pv=0.124867, s=0.1628]
  * Beta parameters: [s1=1.05626, s2=9.46471]
  * Adjusted p-values: [emp=0.791045, beta=0.802437]

Processing phenotype [ENSG00000257354.1] [83/320]
  * #variants in cis = 13
  * Best hit: [id=12_internal_12447, d=92681, pv=0.0990787, s=-0.1653]
  * Beta parameters: [s1=0.9741, s2=11.4713]
  * Adjusted p-values: [emp=0.696517, beta=0.716999]

Processing phenotype [ENSG00000221949.2] [84/320]
  * #variants in cis = 13
  * Best hit: [id=12_internal_13239, d=-241761, pv=0.0969775, s=-0.1804]
  * Beta parameters: [s1=1.11151, s2=13.2409]
  * Adjusted p-values: [emp=0.761194, beta=0.748089]

Processing phenotype [ENSG00000199179.1] [85/320]
  * #variants in cis = 13
  * Best hit: [id=12_internal_8978, d=124351, pv=4.89819e-05, s=-0.4017]
  * Beta parameters: [s1=0.883186, s2=11.3213]
  * Adjusted p-values: [emp=0.00995025, beta=0.00155419]

Processing phenotype [ENSG00000111110.6] [86/320]
  * #variants in cis = 13
  * Best hit: [id=12_internal_8978, d=188048, pv=0.00189722, s=0.3181]
  * Beta parameters: [s1=0.982666, s2=10.3563]
  * Adjusted p-values: [emp=0.0348259, beta=0.0242746]

Processing phenotype [ENSG00000139239.6] [87/320]
  * #variants in cis = 13
  * Best hit: [id=12_internal_10867, d=-238900, pv=0.138772, s=0.1557]
  * Beta parameters: [s1=1.02156, s2=16.0766]
  * Adjusted p-values: [emp=0.885572, beta=0.876915]

Processing phenotype [ENSG00000177990.7] [88/320]
  * #variants in cis = 8
  * Best hit: [id=12_internal_12447, d=962003, pv=0.109217, s=0.1617]
  * Beta parameters: [s1=1.1315, s2=7.22833]
  * Adjusted p-values: [emp=0.636816, beta=0.624228]

Processing phenotype [ENSG00000118600.6] [89/320]
  * #variants in cis = 6
  * Best hit: [id=12_internal_10172, d=802598, pv=0.156659, s=0.1525]
  * Beta parameters: [s1=1.01373, s2=6.82788]
  * Adjusted p-values: [emp=0.631841, beta=0.629564]

Processing phenotype [ENSG00000249753.2] [90/320]
  * #variants in cis = 6
  * Best hit: [id=12_internal_10015, d=-764069, pv=0.137059, s=-0.1502]
  * Maximum Likelihood estimation failed, use Moment Matching instead!
  * Beta parameters: [s1=1.00013, s2=4.1365]
  * Adjusted p-values: [emp=0.61194, beta=0.602407]

Processing phenotype [ENSG00000255642.1] [91/320]
  * #variants in cis = 6
  * Best hit: [id=12_internal_13239, d=-886137, pv=0.456843, s=-0.0792]
  * Beta parameters: [s1=0.991762, s2=6.57983]
  * Adjusted p-values: [emp=0.975124, beta=0.978739]

Processing phenotype [ENSG00000255850.1] [92/320]
  * #variants in cis = 6
  * Best hit: [id=12_internal_13239, d=886272, pv=0.00664153, s=0.2923]
  * Beta parameters: [s1=1.0434, s2=6.34701]
  * Adjusted p-values: [emp=0.0199005, beta=0.027948]

Processing phenotype [ENSG00000196935.4] [93/320]
  * #variants in cis = 6
  * Best hit: [id=12_internal_9291, d=885111, pv=0.0590518, s=-0.2166]
  * Beta parameters: [s1=1.01724, s2=6.82255]
  * Adjusted p-values: [emp=0.273632, beta=0.273624]

Processing phenotype [ENSG00000174206.8] [94/320]
  * #variants in cis = 7
  * Best hit: [id=12_internal_9808, d=811138, pv=0.0691512, s=0.1991]
  * Beta parameters: [s1=1.0861, s2=7.07646]
  * Adjusted p-values: [emp=0.422886, beta=0.415173]

Processing phenotype [ENSG00000243024.2] [95/320]
  * #variants in cis = 7
  * Best hit: [id=12_internal_10172, d=360064, pv=0.151978, s=0.1509]
  * Beta parameters: [s1=0.96682, s2=7.72784]
  * Adjusted p-values: [emp=0.721393, beta=0.704681]

Processing phenotype [ENSG00000185306.7] [96/320]
  * #variants in cis = 7
  * Best hit: [id=12_internal_10309, d=-789812, pv=0.148009, s=0.1648]
  * Beta parameters: [s1=1.13574, s2=6.70109]
  * Adjusted p-values: [emp=0.656716, beta=0.630083]

Processing phenotype [ENSG00000184575.7] [97/320]
  * #variants in cis = 7
  * Best hit: [id=12_internal_10309, d=776153, pv=0.0809383, s=0.1866]
  * Beta parameters: [s1=0.9453, s2=7.72656]
  * Adjusted p-values: [emp=0.373134, beta=0.392791]

Processing phenotype [ENSG00000255566.1] [98/320]
  * #variants in cis = 6
  * Best hit: [id=12_internal_9291, d=-286074, pv=0.165123, s=-0.1424]
  * Beta parameters: [s1=0.99291, s2=5.73555]
  * Adjusted p-values: [emp=0.656716, beta=0.659128]

Processing phenotype [ENSG00000183735.5] [99/320]
  * #variants in cis = 6
  * Best hit: [id=12_internal_10309, d=728623, pv=0.0551543, s=0.1935]
  * Maximum Likelihood estimation failed, use Moment Matching instead!
  * Beta parameters: [s1=1.00009, s2=6.8306]
  * Adjusted p-values: [emp=0.253731, beta=0.218366]

Processing phenotype [ENSG00000256670.1] [100/320]
  * #variants in cis = 7
  * Best hit: [id=12_internal_10172, d=0, pv=0.090576, s=0.1845]
  * Beta parameters: [s1=1.13311, s2=7.16756]
  * Adjusted p-values: [emp=0.472637, beta=0.453567]

Processing phenotype [ENSG00000153179.7] [101/320]
  * #variants in cis = 7
  * Best hit: [id=12_internal_8625, d=19466, pv=0.108398, s=-0.1832]
  * Beta parameters: [s1=1.02818, s2=6.41456]
  * Adjusted p-values: [emp=0.527363, beta=0.522995]

Processing phenotype [ENSG00000207546.1] [102/320]
  * #variants in cis = 7
  * Best hit: [id=12_internal_10015, d=-52950, pv=0.135665, s=0.1623]
  * Beta parameters: [s1=1.14693, s2=6.81628]
  * Adjusted p-values: [emp=0.661692, beta=0.612328]

Processing phenotype [ENSG00000225195.2] [103/320]
  * #variants in cis = 7
  * Best hit: [id=12_internal_10309, d=552159, pv=0.0915667, s=0.1962]
  * Beta parameters: [s1=0.907965, s2=7.00404]
  * Adjusted p-values: [emp=0.412935, beta=0.442141]

Processing phenotype [ENSG00000256314.1] [104/320]
  * #variants in cis = 7
  * Best hit: [id=12_internal_10015, d=85460, pv=0.182555, s=0.1397]
  * Beta parameters: [s1=1.05532, s2=6.28831]
  * Adjusted p-values: [emp=0.736318, beta=0.736813]

Processing phenotype [ENSG00000268028.1] [105/320]
  * #variants in cis = 7
  * Best hit: [id=12_internal_8625, d=0, pv=0.173016, s=-0.1467]
  * Maximum Likelihood estimation failed, use Moment Matching instead!
  * Beta parameters: [s1=0.999985, s2=5.28911]
  * Adjusted p-values: [emp=0.681592, beta=0.710425]

Processing phenotype [ENSG00000135677.5] [106/320]
  * #variants in cis = 7
  * Best hit: [id=12_internal_10012, d=-693018, pv=0.033874, s=-0.2452]
  * Beta parameters: [s1=1.00669, s2=6.55256]
  * Adjusted p-values: [emp=0.208955, beta=0.194085]

Processing phenotype [ENSG00000111490.8] [107/320]
  * #variants in cis = 7
  * Best hit: [id=12_internal_9291, d=0, pv=0.103068, s=-0.1723]
  * Beta parameters: [s1=0.982972, s2=7.54404]
  * Adjusted p-values: [emp=0.557214, beta=0.577769]

Processing phenotype [ENSG00000174106.2] [108/320]
  * #variants in cis = 10
  * Best hit: [id=12_internal_8625, d=-448949, pv=0.0477171, s=-0.2121]
  * Beta parameters: [s1=1.03318, s2=9.05516]
  * Adjusted p-values: [emp=0.383085, beta=0.368502]

Processing phenotype [ENSG00000174099.6] [109/320]
  * #variants in cis = 11
  * Best hit: [id=12_internal_9935, d=999665, pv=0.0541696, s=0.1976]
  * Beta parameters: [s1=0.933684, s2=9.38766]
  * Adjusted p-values: [emp=0.447761, beta=0.455357]

Processing phenotype [ENSG00000149948.9] [110/320]
  * #variants in cis = 8
  * Best hit: [id=12_internal_8692, d=317804, pv=0.00119875, s=0.3492]
  * Beta parameters: [s1=1.07041, s2=7.00062]
  * Adjusted p-values: [emp=0.0149254, beta=0.00966658]

Processing phenotype [ENSG00000239335.4] [111/320]
  * #variants in cis = 9
  * Best hit: [id=12_internal_8692, d=11184, pv=0.0114377, s=0.2697]
  * Beta parameters: [s1=0.939797, s2=8.15817]
  * Adjusted p-values: [emp=0.114428, beta=0.119523]

Processing phenotype [ENSG00000139233.2] [112/320]
  * #variants in cis = 9
  * Best hit: [id=12_internal_10309, d=940691, pv=0.0423652, s=0.2394]
  * Beta parameters: [s1=0.923614, s2=9.98576]
  * Adjusted p-values: [emp=0.253731, beta=0.252239]

Processing phenotype [ENSG00000228144.2] [113/320]
  * #variants in cis = 9
  * Best hit: [id=12_internal_11110, d=959175, pv=0.0822969, s=-0.1840]
  * Beta parameters: [s1=0.949263, s2=8.6698]
  * Adjusted p-values: [emp=0.537313, beta=0.558283]

Processing phenotype [ENSG00000155957.11] [114/320]
  * #variants in cis = 9
  * Best hit: [id=12_internal_11110, d=959262, pv=0.0449864, s=-0.2127]
  * Beta parameters: [s1=1.08016, s2=7.92918]
  * Adjusted p-values: [emp=0.378109, beta=0.341956]

Processing phenotype [ENSG00000090376.4] [115/320]
  * #variants in cis = 9
  * Best hit: [id=12_internal_9202, d=710312, pv=0.00695277, s=0.2898]
  * Beta parameters: [s1=0.947239, s2=7.68566]
  * Adjusted p-values: [emp=0.0696517, beta=0.059631]

Processing phenotype [ENSG00000225422.3] [116/320]
  * #variants in cis = 7
  * Best hit: [id=12_internal_10773, d=-143502, pv=0.244233, s=0.1223]
  * Beta parameters: [s1=1.1153, s2=6.2575]
  * Adjusted p-values: [emp=0.830846, beta=0.814902]

Processing phenotype [ENSG00000127311.5] [117/320]
  * #variants in cis = 7
  * Best hit: [id=12_internal_9202, d=596646, pv=0.00764106, s=0.3120]
  * Beta parameters: [s1=0.875538, s2=5.94325]
  * Adjusted p-values: [emp=0.0845771, beta=0.0555678]

Processing phenotype [ENSG00000238528.1] [118/320]
  * #variants in cis = 7
  * Best hit: [id=12_internal_9202, d=553472, pv=0.0174895, s=0.2306]
  * Beta parameters: [s1=1.04376, s2=7.25407]
  * Adjusted p-values: [emp=0.159204, beta=0.133515]

Processing phenotype [ENSG00000155974.7] [119/320]
  * #variants in cis = 6
  * Best hit: [id=12_internal_9202, d=-95005, pv=1.5727e-12, s=0.6641]
  * Maximum Likelihood estimation failed, use Moment Matching instead!
  * Beta parameters: [s1=1.0001, s2=5.45908]
  * Adjusted p-values: [emp=0.00497512, beta=9.8997e-12]

Processing phenotype [ENSG00000256248.1] [120/320]
  * #variants in cis = 5
  * Best hit: [id=12_internal_9202, d=0, pv=7.65992e-12, s=0.6334]
  * Maximum Likelihood estimation failed, use Moment Matching instead!
  * Beta parameters: [s1=0.999933, s2=4.58318]
  * Adjusted p-values: [emp=0.00497512, beta=9.56065e-11]

Processing phenotype [ENSG00000111530.7] [121/320]
  * #variants in cis = 4
  * Best hit: [id=12_internal_9202, d=-198891, pv=0.00878088, s=0.2919]
  * Maximum Likelihood estimation failed, use Moment Matching instead!
  * Beta parameters: [s1=0.999948, s2=4.73477]
  * Adjusted p-values: [emp=0.0447761, beta=0.021277]

Processing phenotype [ENSG00000256037.1] [122/320]
  * #variants in cis = 3
  * Best hit: [id=12_internal_9202, d=-281046, pv=0.0310683, s=0.2257]
  * Maximum Likelihood estimation failed, use Moment Matching instead!
  * Beta parameters: [s1=0.999957, s2=2.75235]
  * Adjusted p-values: [emp=0.0995025, beta=0.0911948]

Processing phenotype [ENSG00000127334.10] [123/320]
  * #variants in cis = 3
  * Best hit: [id=12_internal_9353, d=708381, pv=0.604828, s=-0.0567]
  * Maximum Likelihood estimation failed, use Moment Matching instead!
  * Beta parameters: [s1=0.999994, s2=3.38407]
  * Adjusted p-values: [emp=0.950249, beta=0.943597]

Processing phenotype [ENSG00000235872.2] [124/320]
  * #variants in cis = 3
  * Best hit: [id=12_internal_9353, d=-685800, pv=0.552012, s=-0.0646]
  * Maximum Likelihood estimation failed, use Moment Matching instead!
  * Beta parameters: [s1=0.999952, s2=3.01008]
  * Adjusted p-values: [emp=0.920398, beta=0.923005]

Processing phenotype [ENSG00000255970.1] [125/320]
  * #variants in cis = 4
  * Best hit: [id=12_internal_10949, d=-956486, pv=0.0142453, s=-0.2528]
  * Maximum Likelihood estimation failed, use Moment Matching instead!
  * Beta parameters: [s1=1.00003, s2=3.5405]
  * Adjusted p-values: [emp=0.0497512, beta=0.0704563]

Processing phenotype [ENSG00000255733.1] [126/320]
  * #variants in cis = 6
  * Best hit: [id=12_internal_10949, d=696516, pv=0.0761024, s=-0.1937]
  * Maximum Likelihood estimation failed, use Moment Matching instead!
  * Beta parameters: [s1=1.00005, s2=5.24838]
  * Adjusted p-values: [emp=0.368159, beta=0.337875]

Processing phenotype [ENSG00000236946.2] [127/320]
  * #variants in cis = 6
  * Best hit: [id=12_internal_10949, d=650194, pv=0.0735725, s=-0.2056]
  * Maximum Likelihood estimation failed, use Moment Matching instead!
  * Beta parameters: [s1=1.00004, s2=4.544]
  * Adjusted p-values: [emp=0.373134, beta=0.373856]

Processing phenotype [ENSG00000111537.4] [128/320]
  * #variants in cis = 5
  * Best hit: [id=12_internal_9353, d=-196972, pv=0.135778, s=0.1668]
  * Beta parameters: [s1=0.929283, s2=5.48621]
  * Adjusted p-values: [emp=0.532338, beta=0.515514]

Processing phenotype [ENSG00000111536.4] [129/320]
  * #variants in cis = 5
  * Best hit: [id=12_internal_10219, d=-557383, pv=0.223611, s=0.1318]
  * Maximum Likelihood estimation failed, use Moment Matching instead!
  * Beta parameters: [s1=1.00004, s2=5.19478]
  * Adjusted p-values: [emp=0.691542, beta=0.697674]

Processing phenotype [ENSG00000111554.10] [130/320]
  * #variants in cis = 6
  * Best hit: [id=12_internal_9353, d=-24338, pv=0.226373, s=-0.1297]
  * Maximum Likelihood estimation failed, use Moment Matching instead!
  * Beta parameters: [s1=0.999937, s2=5.57169]
  * Adjusted p-values: [emp=0.711443, beta=0.737706]

Processing phenotype [ENSG00000251301.2] [131/320]
  * #variants in cis = 6
  * Best hit: [id=12_internal_10949, d=-234298, pv=0.122647, s=-0.1623]
  * Maximum Likelihood estimation failed, use Moment Matching instead!
  * Beta parameters: [s1=1.00005, s2=4.86458]
  * Adjusted p-values: [emp=0.557214, beta=0.532852]

Processing phenotype [ENSG00000240087.3] [132/320]
  * #variants in cis = 6
  * Best hit: [id=12_internal_10949, d=-132079, pv=0.0374906, s=0.2300]
  * Maximum Likelihood estimation failed, use Moment Matching instead!
  * Beta parameters: [s1=0.999887, s2=5.32794]
  * Adjusted p-values: [emp=0.238806, beta=0.20164]

Processing phenotype [ENSG00000127314.12] [133/320]
  * #variants in cis = 6
  * Best hit: [id=12_internal_9351, d=340216, pv=0.445542, s=-0.0821]
  * Maximum Likelihood estimation failed, use Moment Matching instead!
  * Beta parameters: [s1=0.999972, s2=5.33536]
  * Adjusted p-values: [emp=0.940299, beta=0.955926]

Processing phenotype [ENSG00000234040.3] [134/320]
  * #variants in cis = 6
  * Best hit: [id=12_internal_10949, d=-58774, pv=0.0487655, s=0.1915]
  * Beta parameters: [s1=1.04937, s2=5.9041]
  * Adjusted p-values: [emp=0.238806, beta=0.233433]

Processing phenotype [ENSG00000206650.1] [135/320]
  * #variants in cis = 6
  * Best hit: [id=12_internal_10219, d=-155829, pv=0.296545, s=-0.1128]
  * Beta parameters: [s1=0.999639, s2=5.82247]
  * Adjusted p-values: [emp=0.845771, beta=0.852542]

Processing phenotype [ENSG00000234925.2] [136/320]
  * #variants in cis = 6
  * Best hit: [id=12_internal_9351, d=-308062, pv=0.0864721, s=-0.1891]
  * Beta parameters: [s1=1.03799, s2=7.10265]
  * Adjusted p-values: [emp=0.41791, beta=0.410838]

Processing phenotype [ENSG00000241825.2] [137/320]
  * #variants in cis = 6
  * Best hit: [id=12_internal_10949, d=1366, pv=0.163952, s=0.1643]
  * Maximum Likelihood estimation failed, use Moment Matching instead!
  * Beta parameters: [s1=1.00002, s2=5.02781]
  * Adjusted p-values: [emp=0.562189, beta=0.573404]

Processing phenotype [ENSG00000111581.5] [138/320]
  * #variants in cis = 6
  * Best hit: [id=12_internal_10219, d=96470, pv=0.18248, s=-0.1364]
  * Beta parameters: [s1=0.919291, s2=6.30217]
  * Adjusted p-values: [emp=0.656716, beta=0.673574]

Processing phenotype [ENSG00000247363.2] [139/320]
  * #variants in cis = 6
  * Best hit: [id=12_internal_10949, d=0, pv=0.112016, s=0.1675]
  * Beta parameters: [s1=0.972921, s2=6.00038]
  * Adjusted p-values: [emp=0.462687, beta=0.473334]

Processing phenotype [ENSG00000233560.2] [140/320]
  * #variants in cis = 6
  * Best hit: [id=12_internal_10949, d=0, pv=0.0910725, s=0.1785]
  * Maximum Likelihood estimation failed, use Moment Matching instead!
  * Beta parameters: [s1=0.999943, s2=5.90028]
  * Adjusted p-values: [emp=0.40796, beta=0.419382]

Processing phenotype [ENSG00000175782.7] [141/320]
  * #variants in cis = 6
  * Best hit: [id=12_internal_10949, d=0, pv=0.0877557, s=0.1830]
  * Maximum Likelihood estimation failed, use Moment Matching instead!
  * Beta parameters: [s1=1.00006, s2=4.87535]
  * Adjusted p-values: [emp=0.412935, beta=0.41025]

Processing phenotype [ENSG00000251695.2] [142/320]
  * #variants in cis = 6
  * Best hit: [id=12_internal_10219, d=0, pv=0.291706, s=0.1123]
  * Maximum Likelihood estimation failed, use Moment Matching instead!
  * Beta parameters: [s1=1.00005, s2=5.36941]
  * Adjusted p-values: [emp=0.835821, beta=0.851672]

Processing phenotype [ENSG00000135679.16] [143/320]
  * #variants in cis = 6
  * Best hit: [id=12_internal_10589, d=-534034, pv=0.0616032, s=-0.1978]
  * Beta parameters: [s1=0.980894, s2=6.43659]
  * Adjusted p-values: [emp=0.318408, beta=0.309271]

Processing phenotype [ENSG00000256325.1] [144/320]
  * #variants in cis = 6
  * Best hit: [id=12_internal_10589, d=-553976, pv=0.0254247, s=-0.2330]
  * Beta parameters: [s1=1.06387, s2=6.00988]
  * Adjusted p-values: [emp=0.124378, beta=0.152342]

Processing phenotype [ENSG00000256664.1] [145/320]
  * #variants in cis = 6
  * Best hit: [id=12_internal_11147, d=448520, pv=0.125213, s=-0.1484]
  * Maximum Likelihood estimation failed, use Moment Matching instead!
  * Beta parameters: [s1=1.00004, s2=5.56282]
  * Adjusted p-values: [emp=0.462687, beta=0.477595]

Processing phenotype [ENSG00000257181.1] [146/320]
  * #variants in cis = 6
  * Best hit: [id=12_internal_10949, d=96036, pv=0.0379673, s=0.2104]
  * Beta parameters: [s1=1.10876, s2=6.56555]
  * Adjusted p-values: [emp=0.179104, beta=0.189942]

Processing phenotype [ENSG00000135678.6] [147/320]
  * #variants in cis = 7
  * Best hit: [id=12_internal_11147, d=-318896, pv=0.0573364, s=0.2106]
  * Beta parameters: [s1=0.921615, s2=7.56718]
  * Adjusted p-values: [emp=0.313433, beta=0.316305]

Processing phenotype [ENSG00000111605.12] [148/320]
  * #variants in cis = 7
  * Best hit: [id=12_internal_10219, d=-422810, pv=0.0116788, s=-0.2537]
  * Beta parameters: [s1=0.959381, s2=7.5231]
  * Adjusted p-values: [emp=0.079602, beta=0.0707256]

Processing phenotype [ENSG00000257818.1] [149/320]
  * #variants in cis = 6
  * Best hit: [id=12_internal_9353, d=-871759, pv=0.23317, s=-0.1271]
  * Maximum Likelihood estimation failed, use Moment Matching instead!
  * Beta parameters: [s1=1, s2=5.32387]
  * Adjusted p-values: [emp=0.736318, beta=0.76637]

Processing phenotype [ENSG00000090382.2] [150/320]
  * #variants in cis = 6
  * Best hit: [id=12_internal_10266, d=552192, pv=0.0254411, s=-0.2448]
  * Maximum Likelihood estimation failed, use Moment Matching instead!
  * Beta parameters: [s1=1.00001, s2=7.88843]
  * Adjusted p-values: [emp=0.174129, beta=0.119228]

Processing phenotype [ENSG00000257764.1] [151/320]
  * #variants in cis = 6
  * Best hit: [id=12_internal_10266, d=-546308, pv=0.0234732, s=-0.2508]
  * Maximum Likelihood estimation failed, use Moment Matching instead!
  * Beta parameters: [s1=0.999943, s2=5.54558]
  * Adjusted p-values: [emp=0.109453, beta=0.123911]

Processing phenotype [ENSG00000127337.2] [152/320]
  * #variants in cis = 6
  * Best hit: [id=12_internal_11147, d=0, pv=2.06653e-08, s=0.5930]
  * Beta parameters: [s1=1.11983, s2=7.99359]
  * Adjusted p-values: [emp=0.00497512, beta=3.45804e-09]

Processing phenotype [ENSG00000166225.4] [153/320]
  * #variants in cis = 5
  * Best hit: [id=12_internal_9351, d=-505381, pv=0.112937, s=0.1787]
  * Maximum Likelihood estimation failed, use Moment Matching instead!
  * Beta parameters: [s1=0.999954, s2=5.08601]
  * Adjusted p-values: [emp=0.472637, beta=0.483082]

Processing phenotype [ENSG00000166226.7] [154/320]
  * #variants in cis = 5
  * Best hit: [id=12_internal_11147, d=-223117, pv=0.0343854, s=0.2296]
  * Beta parameters: [s1=1.11991, s2=6.67067]
  * Adjusted p-values: [emp=0.134328, beta=0.155919]

Processing phenotype [ENSG00000127328.17] [155/320]
  * #variants in cis = 5
  * Best hit: [id=12_internal_10266, d=161852, pv=0.034979, s=0.2374]
  * Beta parameters: [s1=1.05699, s2=6.28034]
  * Adjusted p-values: [emp=0.129353, beta=0.119997]

Processing phenotype [ENSG00000258052.1] [156/320]
  * #variants in cis = 4
  * Best hit: [id=12_internal_10266, d=98864, pv=0.00221871, s=0.3219]
  * Maximum Likelihood estimation failed, use Moment Matching instead!
  * Beta parameters: [s1=1.00002, s2=3.49933]
  * Adjusted p-values: [emp=0.0149254, beta=0.0156691]

Processing phenotype [ENSG00000257613.1] [157/320]
  * #variants in cis = 2
  * Best hit: [id=12_internal_10266, d=24266, pv=0.477072, s=-0.0713]
  * Maximum Likelihood estimation failed, use Moment Matching instead!
  * Beta parameters: [s1=0.999963, s2=2.0884]
  * Adjusted p-values: [emp=0.696517, beta=0.692534]

Processing phenotype [ENSG00000111596.7] [158/320]
  * #variants in cis = 2
  * Best hit: [id=12_internal_10266, d=-45398, pv=0.0631418, s=0.2193]
  * Maximum Likelihood estimation failed, use Moment Matching instead!
  * Beta parameters: [s1=1.00008, s2=2.12753]
  * Adjusted p-values: [emp=0.119403, beta=0.15687]

Processing phenotype [ENSG00000257815.1] [159/320]
  * #variants in cis = 2
  * Best hit: [id=12_internal_11147, d=881143, pv=0.301226, s=0.1084]
  * Maximum Likelihood estimation failed, use Moment Matching instead!
  * Beta parameters: [s1=0.999951, s2=2.1465]
  * Adjusted p-values: [emp=0.522388, beta=0.529466]

Processing phenotype [ENSG00000135643.4] [160/320]
  * #variants in cis = 1
  * Best hit: [id=12_internal_10266, d=-168680, pv=0.792888, s=-0.0273]
  * Maximum Likelihood estimation failed, use Moment Matching instead!
  * Beta parameters: [s1=1.00006, s2=1.00515]
  * Adjusted p-values: [emp=0.78607, beta=0.801431]

Processing phenotype [ENSG00000212461.1] [161/320]
  * #variants in cis = 0

Processing phenotype [ENSG00000173451.2] [162/320]
  * #variants in cis = 0

Processing phenotype [ENSG00000133858.11] [163/320]
  * #variants in cis = 0

Processing phenotype [ENSG00000258064.1] [164/320]
  * #variants in cis = 0

Processing phenotype [ENSG00000139291.8] [165/320]
  * #variants in cis = 0

Processing phenotype [ENSG00000257515.1] [166/320]
  * #variants in cis = 0

Processing phenotype [ENSG00000080371.4] [167/320]
  * #variants in cis = 0

Processing phenotype [ENSG00000257410.1] [168/320]
  * #variants in cis = 0

Processing phenotype [ENSG00000121749.11] [169/320]
  * #variants in cis = 0

Processing phenotype [ENSG00000257802.1] [170/320]
  * #variants in cis = 0

Processing phenotype [ENSG00000253719.2] [171/320]
  * #variants in cis = 2
  * Best hit: [id=12_internal_11543, d=971036, pv=0.40581, s=0.0915]
  * Maximum Likelihood estimation failed, use Moment Matching instead!
  * Beta parameters: [s1=0.999966, s2=1.76859]
  * Adjusted p-values: [emp=0.656716, beta=0.645452]

Processing phenotype [ENSG00000257386.1] [172/320]
  * #variants in cis = 2
  * Best hit: [id=12_internal_11543, d=-970174, pv=0.200646, s=0.1468]
  * Maximum Likelihood estimation failed, use Moment Matching instead!
  * Beta parameters: [s1=0.999968, s2=2.46503]
  * Adjusted p-values: [emp=0.353234, beta=0.366828]

Processing phenotype [ENSG00000173401.5] [173/320]
  * #variants in cis = 7
  * Best hit: [id=12_internal_11400, d=748540, pv=0.266307, s=-0.1288]
  * Beta parameters: [s1=0.964496, s2=6.31434]
  * Adjusted p-values: [emp=0.865672, beta=0.875117]

Processing phenotype [ENSG00000180881.15] [174/320]
  * #variants in cis = 8
  * Best hit: [id=12_internal_9724, d=-759609, pv=0.0259885, s=0.2332]
  * Beta parameters: [s1=1.01941, s2=6.98965]
  * Adjusted p-values: [emp=0.248756, beta=0.253174]

Processing phenotype [ENSG00000180481.6] [175/320]
  * #variants in cis = 8
  * Best hit: [id=12_internal_9646, d=760392, pv=0.125602, s=0.1634]
  * Beta parameters: [s1=1.02046, s2=8.02413]
  * Adjusted p-values: [emp=0.661692, beta=0.668204]

Processing phenotype [ENSG00000139278.5] [176/320]
  * #variants in cis = 9
  * Best hit: [id=12_internal_14333, d=962499, pv=0.0538187, s=0.2236]
  * Beta parameters: [s1=1.07007, s2=7.6289]
  * Adjusted p-values: [emp=0.442786, beta=0.41787]

Processing phenotype [ENSG00000257497.1] [177/320]
  * #variants in cis = 9
  * Best hit: [id=12_internal_9646, d=-661642, pv=0.00638703, s=0.2910]
  * Beta parameters: [s1=1.04564, s2=8.93889]
  * Adjusted p-values: [emp=0.0646766, beta=0.0465327]

Processing phenotype [ENSG00000111615.8] [178/320]
  * #variants in cis = 9
  * Best hit: [id=12_internal_11400, d=-571543, pv=0.048604, s=0.2149]
  * Beta parameters: [s1=0.781149, s2=7.22322]
  * Adjusted p-values: [emp=0.368159, beta=0.40394]

Processing phenotype [ENSG00000257453.1] [179/320]
  * #variants in cis = 10
  * Best hit: [id=12_internal_9724, d=120043, pv=0.0102731, s=-0.2726]
  * Beta parameters: [s1=0.941339, s2=10.6708]
  * Adjusted p-values: [emp=0.0945274, beta=0.0871796]

Processing phenotype [ENSG00000257839.1] [180/320]
  * #variants in cis = 10
  * Best hit: [id=12_internal_9646, d=118804, pv=0.174967, s=-0.1423]
  * Beta parameters: [s1=0.858796, s2=8.87022]
  * Adjusted p-values: [emp=0.810945, beta=0.825163]

Processing phenotype [ENSG00000139289.8] [181/320]
  * #variants in cis = 10
  * Best hit: [id=12_internal_11798, d=1150, pv=0.0186618, s=0.2521]
  * Beta parameters: [s1=1.19945, s2=9.54338]
  * Adjusted p-values: [emp=0.174129, beta=0.167674]

Processing phenotype [ENSG00000257941.1] [182/320]
  * #variants in cis = 10
  * Best hit: [id=12_internal_9992, d=683098, pv=0.0907788, s=-0.1926]
  * Beta parameters: [s1=0.946446, s2=9.7402]
  * Adjusted p-values: [emp=0.58209, beta=0.603546]

Processing phenotype [ENSG00000187109.8] [183/320]
  * #variants in cis = 11
  * Best hit: [id=12_internal_11543, d=149898, pv=0.00357434, s=0.3071]
  * Beta parameters: [s1=1.08823, s2=8.43185]
  * Adjusted p-values: [emp=0.039801, beta=0.0448978]

Processing phenotype [ENSG00000179941.5] [184/320]
  * #variants in cis = 11
  * Best hit: [id=12_internal_9821, d=854458, pv=0.0589838, s=0.2054]
  * Beta parameters: [s1=1.03052, s2=10.2675]
  * Adjusted p-values: [emp=0.487562, beta=0.482069]

Processing phenotype [ENSG00000091039.12] [185/320]
  * #variants in cis = 10
  * Best hit: [id=12_internal_9992, d=-180827, pv=0.0703006, s=0.2111]
  * Beta parameters: [s1=1.00473, s2=8.83153]
  * Adjusted p-values: [emp=0.462687, beta=0.471097]

Processing phenotype [ENSG00000243071.1] [186/320]
  * #variants in cis = 10
  * Best hit: [id=12_internal_9992, d=80231, pv=0.0415511, s=-0.2532]
  * Beta parameters: [s1=0.936074, s2=9.87597]
  * Adjusted p-values: [emp=0.333333, beta=0.32841]

Processing phenotype [ENSG00000186908.10] [187/320]
  * #variants in cis = 10
  * Best hit: [id=12_internal_12762, d=299109, pv=0.0277186, s=-0.2385]
  * Beta parameters: [s1=1.01032, s2=8.63887]
  * Adjusted p-values: [emp=0.248756, beta=0.270139]

Processing phenotype [ENSG00000257445.1] [188/320]
  * #variants in cis = 10
  * Best hit: [id=12_internal_9724, d=-698266, pv=0.266481, s=0.1236]
  * Beta parameters: [s1=1.04108, s2=9.12357]
  * Adjusted p-values: [emp=0.965174, beta=0.953013]

Processing phenotype [ENSG00000175183.5] [189/320]
  * #variants in cis = 10
  * Best hit: [id=12_internal_11400, d=705961, pv=0.0148737, s=0.2583]
  * Beta parameters: [s1=0.982106, s2=9.34982]
  * Adjusted p-values: [emp=0.134328, beta=0.141474]

Processing phenotype [ENSG00000258048.1] [190/320]
  * #variants in cis = 0

Processing phenotype [ENSG00000177425.6] [191/320]
  * #variants in cis = 0

Processing phenotype [ENSG00000269531.1] [192/320]
  * #variants in cis = 0

Processing phenotype [ENSG00000258044.1] [193/320]
  * #variants in cis = 0

Processing phenotype [ENSG00000201942.1] [194/320]
  * #variants in cis = 0

Processing phenotype [ENSG00000257557.1] [195/320]
  * #variants in cis = 0

Processing phenotype [ENSG00000058272.11] [196/320]
  * #variants in cis = 0

Processing phenotype [ENSG00000230291.4] [197/320]
  * #variants in cis = 0

Processing phenotype [ENSG00000127720.3] [198/320]
  * #variants in cis = 2
  * Best hit: [id=12_internal_12729, d=323604, pv=0.422421, s=-0.0897]
  * Maximum Likelihood estimation failed, use Moment Matching instead!
  * Beta parameters: [s1=1.00001, s2=1.87851]
  * Adjusted p-values: [emp=0.701493, beta=0.690191]

Processing phenotype [ENSG00000133773.7] [199/320]
  * #variants in cis = 2
  * Best hit: [id=12_internal_12729, d=-323296, pv=0.627618, s=-0.0496]
  * Maximum Likelihood estimation failed, use Moment Matching instead!
  * Beta parameters: [s1=1.00006, s2=2.27851]
  * Adjusted p-values: [emp=0.885572, beta=0.873386]

Processing phenotype [ENSG00000257875.1] [200/320]
  * #variants in cis = 2
  * Best hit: [id=12_internal_12826, d=-435314, pv=0.485422, s=0.0765]
  * Maximum Likelihood estimation failed, use Moment Matching instead!
  * Beta parameters: [s1=0.999943, s2=2.29354]
  * Adjusted p-values: [emp=0.726368, beta=0.74519]

Processing phenotype [ENSG00000179104.3] [201/320]
  * #variants in cis = 2
  * Best hit: [id=12_internal_12729, d=0, pv=0.582565, s=0.0601]
  * Maximum Likelihood estimation failed, use Moment Matching instead!
  * Beta parameters: [s1=1.00007, s2=2.13132]
  * Adjusted p-values: [emp=0.825871, beta=0.815743]

Processing phenotype [ENSG00000133641.11] [202/320]
  * #variants in cis = 1
  * Best hit: [id=12_internal_9827, d=398448, pv=0.581831, s=-0.0603]
  * Maximum Likelihood estimation failed, use Moment Matching instead!
  * Beta parameters: [s1=0.999939, s2=0.983372]
  * Adjusted p-values: [emp=0.60199, beta=0.59094]

Processing phenotype [ENSG00000257752.1] [203/320]
  * #variants in cis = 2
  * Best hit: [id=12_internal_13062, d=-992468, pv=0.107455, s=-0.1826]
  * Maximum Likelihood estimation failed, use Moment Matching instead!
  * Beta parameters: [s1=1.00003, s2=2.10485]
  * Adjusted p-values: [emp=0.228856, beta=0.2193]

Processing phenotype [ENSG00000198707.8] [204/320]
  * #variants in cis = 2
  * Best hit: [id=12_internal_13062, d=-908830, pv=0.234491, s=0.1346]
  * Maximum Likelihood estimation failed, use Moment Matching instead!
  * Beta parameters: [s1=1.00006, s2=2.0951]
  * Adjusted p-values: [emp=0.442786, beta=0.452384]

Processing phenotype [ENSG00000139324.7] [205/320]
  * #variants in cis = 2
  * Best hit: [id=12_internal_13062, d=908750, pv=0.0422751, s=-0.2357]
  * Maximum Likelihood estimation failed, use Moment Matching instead!
  * Beta parameters: [s1=1.00003, s2=1.7054]
  * Adjusted p-values: [emp=0.104478, beta=0.0988358]

Processing phenotype [ENSG00000139318.6] [206/320]
  * #variants in cis = 11
  * Best hit: [id=12_internal_10671, d=-506233, pv=0.0491186, s=0.2145]
  * Beta parameters: [s1=1.08881, s2=13.1687]
  * Adjusted p-values: [emp=0.348259, beta=0.347667]

Processing phenotype [ENSG00000226982.4] [207/320]
  * #variants in cis = 11
  * Best hit: [id=12_internal_10893, d=42505, pv=0.0855288, s=-0.1877]
  * Beta parameters: [s1=0.997836, s2=10.5628]
  * Adjusted p-values: [emp=0.606965, beta=0.597456]

Processing phenotype [ENSG00000257594.1] [208/320]
  * #variants in cis = 11
  * Best hit: [id=12_internal_10590, d=70063, pv=0.232514, s=-0.1387]
  * Beta parameters: [s1=0.958697, s2=11.037]
  * Adjusted p-values: [emp=0.955224, beta=0.946106]

Processing phenotype [ENSG00000139323.9] [209/320]
  * #variants in cis = 11
  * Best hit: [id=12_internal_13062, d=190095, pv=0.0142584, s=-0.2527]
  * Beta parameters: [s1=1.06601, s2=10.8202]
  * Adjusted p-values: [emp=0.159204, beta=0.158133]

Processing phenotype [ENSG00000259075.1] [210/320]
  * #variants in cis = 11
  * Best hit: [id=12_internal_13062, d=190333, pv=0.213498, s=-0.1368]
  * Beta parameters: [s1=0.910936, s2=10.9677]
  * Adjusted p-values: [emp=0.900498, beta=0.918024]

Processing phenotype [ENSG00000258302.1] [211/320]
  * #variants in cis = 11
  * Best hit: [id=12_internal_10590, d=-106386, pv=0.0440129, s=-0.2232]
  * Beta parameters: [s1=1.12651, s2=10.7144]
  * Adjusted p-values: [emp=0.393035, beta=0.394205]

Processing phenotype [ENSG00000266347.1] [212/320]
  * #variants in cis = 11
  * Best hit: [id=12_internal_8759, d=114343, pv=0.0043854, s=0.3343]
  * Beta parameters: [s1=1.0793, s2=9.10539]
  * Adjusted p-values: [emp=0.0547264, beta=0.053275]

Processing phenotype [ENSG00000070961.10] [213/320]
  * #variants in cis = 10
  * Best hit: [id=12_internal_10671, d=-150204, pv=0.0027232, s=0.3066]
  * Beta parameters: [s1=1.02385, s2=8.08411]
  * Adjusted p-values: [emp=0.0348259, beta=0.0279137]

Processing phenotype [ENSG00000257725.1] [214/320]
  * #variants in cis = 10
  * Best hit: [id=12_internal_8759, d=-81927, pv=0.00849819, s=0.3106]
  * Beta parameters: [s1=0.98458, s2=8.51596]
  * Adjusted p-values: [emp=0.0845771, beta=0.0772445]

Processing phenotype [ENSG00000257893.1] [215/320]
  * #variants in cis = 6
  * Best hit: [id=12_internal_9572, d=891413, pv=0.0453191, s=0.2096]
  * Maximum Likelihood estimation failed, use Moment Matching instead!
  * Beta parameters: [s1=1.00011, s2=5.27347]
  * Adjusted p-values: [emp=0.243781, beta=0.22797]

Processing phenotype [ENSG00000257242.1] [216/320]
  * #variants in cis = 9
  * Best hit: [id=12_internal_11849, d=564688, pv=0.0060945, s=0.3129]
  * Beta parameters: [s1=0.902866, s2=9.55651]
  * Adjusted p-values: [emp=0.0547264, beta=0.0438718]

Processing phenotype [ENSG00000257922.1] [217/320]
  * #variants in cis = 9
  * Best hit: [id=12_internal_11849, d=567007, pv=0.00620278, s=0.2801]
  * Beta parameters: [s1=1.03566, s2=7.52521]
  * Adjusted p-values: [emp=0.0547264, beta=0.0505717]

Processing phenotype [ENSG00000245904.2] [218/320]
  * #variants in cis = 9
  * Best hit: [id=12_internal_11849, d=-567347, pv=0.0397382, s=0.2187]
  * Beta parameters: [s1=0.87794, s2=10.7933]
  * Adjusted p-values: [emp=0.283582, beta=0.30193]

Processing phenotype [ENSG00000133639.3] [219/320]
  * #variants in cis = 9
  * Best hit: [id=12_internal_11849, d=567671, pv=0.00473303, s=0.3125]
  * Beta parameters: [s1=0.904748, s2=8.56812]
  * Adjusted p-values: [emp=0.0547264, beta=0.0477012]

Processing phenotype [ENSG00000257127.2] [220/320]
  * #variants in cis = 10
  * Best hit: [id=12_internal_9263, d=691194, pv=0.0702097, s=0.2006]
  * Beta parameters: [s1=0.970167, s2=6.48987]
  * Adjusted p-values: [emp=0.477612, beta=0.488478]

Processing phenotype [ENSG00000187510.3] [221/320]
  * #variants in cis = 10
  * Best hit: [id=12_internal_12136, d=141663, pv=2.30054e-05, s=0.4341]
  * Beta parameters: [s1=1.0869, s2=11.2979]
  * Adjusted p-values: [emp=0.00497512, beta=0.000177323]

Processing phenotype [ENSG00000258012.1] [222/320]
  * #variants in cis = 10
  * Best hit: [id=12_internal_12136, d=5089, pv=0.000200163, s=0.4050]
  * Beta parameters: [s1=0.976964, s2=8.95542]
  * Adjusted p-values: [emp=0.00497512, beta=0.00314317]

Processing phenotype [ENSG00000257195.1] [223/320]
  * #variants in cis = 10
  * Best hit: [id=12_internal_12136, d=0, pv=0.00856669, s=0.2560]
  * Beta parameters: [s1=0.91823, s2=8.49064]
  * Adjusted p-values: [emp=0.079602, beta=0.0793455]

Processing phenotype [ENSG00000102189.12] [224/320]
  * #variants in cis = 10
  * Best hit: [id=12_internal_12136, d=26993, pv=2.15552e-08, s=0.5813]
  * Beta parameters: [s1=0.994784, s2=8.36626]
  * Adjusted p-values: [emp=0.00497512, beta=5.51861e-07]

Processing phenotype [ENSG00000256393.1] [225/320]
  * #variants in cis = 10
  * Best hit: [id=12_internal_9569, d=-43025, pv=0.296605, s=-0.1145]
  * Beta parameters: [s1=1.09237, s2=7.52598]
  * Adjusted p-values: [emp=0.955224, beta=0.945434]

Processing phenotype [ENSG00000173598.9] [226/320]
  * #variants in cis = 13
  * Best hit: [id=12_internal_10987, d=786283, pv=0.0839528, s=-0.1747]
  * Beta parameters: [s1=1.06768, s2=11.8798]
  * Adjusted p-values: [emp=0.641791, beta=0.635458]

Processing phenotype [ENSG00000177889.5] [227/320]
  * #variants in cis = 13
  * Best hit: [id=12_internal_10560, d=346092, pv=0.0442664, s=-0.2207]
  * Beta parameters: [s1=0.973512, s2=11.7093]
  * Adjusted p-values: [emp=0.402985, beta=0.397251]

Processing phenotype [ENSG00000198015.7] [228/320]
  * #variants in cis = 13
  * Best hit: [id=12_internal_9136, d=700673, pv=0.0177707, s=0.2674]
  * Beta parameters: [s1=1.0701, s2=9.98514]
  * Adjusted p-values: [emp=0.218905, beta=0.201988]

Processing phenotype [ENSG00000243015.2] [229/320]
  * #variants in cis = 13
  * Best hit: [id=12_internal_9569, d=-263132, pv=0.111556, s=0.1737]
  * Beta parameters: [s1=1.09318, s2=11.4381]
  * Adjusted p-values: [emp=0.781095, beta=0.777094]

Processing phenotype [ENSG00000120833.9] [230/320]
  * #variants in cis = 13
  * Best hit: [id=12_internal_10987, d=594352, pv=0.10638, s=-0.1870]
  * Beta parameters: [s1=0.992001, s2=11.2102]
  * Adjusted p-values: [emp=0.746269, beta=0.71143]

Processing phenotype [ENSG00000246985.2] [231/320]
  * #variants in cis = 13
  * Best hit: [id=12_internal_10988, d=-539335, pv=0.0228503, s=0.2575]
  * Beta parameters: [s1=1.03833, s2=16.8384]
  * Adjusted p-values: [emp=0.223881, beta=0.220912]

Processing phenotype [ENSG00000169372.7] [232/320]
  * #variants in cis = 15
  * Best hit: [id=12_internal_9572, d=-897067, pv=0.193957, s=0.1442]
  * Beta parameters: [s1=1.06383, s2=14.8302]
  * Adjusted p-values: [emp=0.945274, beta=0.957451]

Processing phenotype [ENSG00000258274.1] [233/320]
  * #variants in cis = 15
  * Best hit: [id=12_internal_9569, d=491468, pv=0.013853, s=-0.2495]
  * Beta parameters: [s1=1.05548, s2=13.0186]
  * Adjusted p-values: [emp=0.21393, beta=0.201857]

Processing phenotype [ENSG00000257196.1] [234/320]
  * #variants in cis = 16
  * Best hit: [id=12_internal_10018, d=286494, pv=0.0549116, s=-0.2004]
  * Beta parameters: [s1=0.844992, s2=25.0728]
  * Adjusted p-values: [emp=0.547264, beta=0.58059]

Processing phenotype [ENSG00000264978.1] [235/320]
  * #variants in cis = 16
  * Best hit: [id=12_internal_9311, d=-584112, pv=0.0362805, s=-0.2014]
  * Beta parameters: [s1=1.06884, s2=13.0703]
  * Adjusted p-values: [emp=0.41791, beta=0.396604]

Processing phenotype [ENSG00000258303.1] [236/320]
  * #variants in cis = 16
  * Best hit: [id=12_internal_10018, d=265463, pv=0.100909, s=-0.1620]
  * Beta parameters: [s1=0.919058, s2=18.4866]
  * Adjusted p-values: [emp=0.78607, beta=0.798068]

Processing phenotype [ENSG00000257283.1] [237/320]
  * #variants in cis = 15
  * Best hit: [id=12_internal_9311, d=696639, pv=0.0485766, s=-0.2014]
  * Beta parameters: [s1=1.01006, s2=16.1674]
  * Adjusted p-values: [emp=0.502488, beta=0.513001]

Processing phenotype [ENSG00000136040.4] [238/320]
  * #variants in cis = 13
  * Best hit: [id=12_internal_9352, d=1150, pv=2.6034e-08, s=0.5699]
  * Beta parameters: [s1=0.867633, s2=11.8522]
  * Adjusted p-values: [emp=0.00497512, beta=7.48307e-07]

Processing phenotype [ENSG00000258172.1] [239/320]
  * #variants in cis = 11
  * Best hit: [id=12_internal_9352, d=66694, pv=0.088374, s=0.1803]
  * Beta parameters: [s1=1.10094, s2=9.06344]
  * Adjusted p-values: [emp=0.631841, beta=0.626415]

Processing phenotype [ENSG00000258365.1] [240/320]
  * #variants in cis = 11
  * Best hit: [id=12_internal_9136, d=72230, pv=0.00720149, s=0.2896]
  * Beta parameters: [s1=1.11261, s2=9.39359]
  * Adjusted p-values: [emp=0.0597015, beta=0.0621874]

Processing phenotype [ENSG00000244391.2] [241/320]
  * #variants in cis = 11
  * Best hit: [id=12_internal_13518, d=400557, pv=0.0273474, s=-0.2324]
  * Beta parameters: [s1=1.04028, s2=9.6648]
  * Adjusted p-values: [emp=0.308458, beta=0.265537]

Processing phenotype [ENSG00000173588.9] [242/320]
  * #variants in cis = 11
  * Best hit: [id=12_internal_10988, d=320436, pv=0.00853675, s=0.2742]
  * Beta parameters: [s1=0.904811, s2=9.34238]
  * Adjusted p-values: [emp=0.104478, beta=0.095875]

Processing phenotype [ENSG00000258357.1] [243/320]
  * #variants in cis = 11
  * Best hit: [id=12_internal_10987, d=331337, pv=0.0358443, s=-0.2189]
  * Beta parameters: [s1=0.949864, s2=9.06256]
  * Adjusted p-values: [emp=0.368159, beta=0.384993]

Processing phenotype [ENSG00000236349.1] [244/320]
  * #variants in cis = 10
  * Best hit: [id=12_internal_13518, d=213536, pv=0.0562319, s=-0.2123]
  * Beta parameters: [s1=0.901629, s2=10.1956]
  * Adjusted p-values: [emp=0.383085, beta=0.387718]

Processing phenotype [ENSG00000057704.6] [245/320]
  * #variants in cis = 10
  * Best hit: [id=12_internal_10988, d=511010, pv=0.0595301, s=0.2030]
  * Beta parameters: [s1=1.03798, s2=9.88976]
  * Adjusted p-values: [emp=0.422886, beta=0.40056]

Processing phenotype [ENSG00000184752.8] [246/320]
  * #variants in cis = 10
  * Best hit: [id=12_internal_10987, d=813238, pv=0.091967, s=0.1837]
  * Beta parameters: [s1=1.01314, s2=10.4631]
  * Adjusted p-values: [emp=0.626866, beta=0.605697]

Processing phenotype [ENSG00000120798.11] [247/320]
  * #variants in cis = 10
  * Best hit: [id=12_internal_13518, d=238901, pv=0.0657709, s=0.1953]
  * Beta parameters: [s1=1.02953, s2=7.34598]
  * Adjusted p-values: [emp=0.477612, beta=0.481238]

Processing phenotype [ENSG00000180263.9] [248/320]
  * #variants in cis = 5
  * Best hit: [id=12_internal_11997, d=-875831, pv=0.0272542, s=0.2421]
  * Maximum Likelihood estimation failed, use Moment Matching instead!
  * Beta parameters: [s1=0.999969, s2=5.01813]
  * Adjusted p-values: [emp=0.179104, beta=0.184285]

Processing phenotype [ENSG00000028203.13] [249/320]
  * #variants in cis = 5
  * Best hit: [id=12_internal_10040, d=-539101, pv=0.126332, s=-0.1671]
  * Maximum Likelihood estimation failed, use Moment Matching instead!
  * Beta parameters: [s1=1.00001, s2=5.39531]
  * Adjusted p-values: [emp=0.537313, beta=0.522336]

Processing phenotype [ENSG00000265917.1] [250/320]
  * #variants in cis = 6
  * Best hit: [id=12_internal_9069, d=-502769, pv=0.0113739, s=-0.2800]
  * Beta parameters: [s1=1.01142, s2=6.69127]
  * Adjusted p-values: [emp=0.0746269, beta=0.0653301]

Processing phenotype [ENSG00000241556.1] [251/320]
  * #variants in cis = 7
  * Best hit: [id=12_internal_9069, d=660707, pv=0.349071, s=-0.1062]
  * Beta parameters: [s1=0.88938, s2=6.71366]
  * Adjusted p-values: [emp=0.955224, beta=0.950646]

Processing phenotype [ENSG00000111142.9] [252/320]
  * #variants in cis = 7
  * Best hit: [id=12_internal_8580, d=749761, pv=0.358892, s=0.0981]
  * Beta parameters: [s1=0.98142, s2=7.5922]
  * Adjusted p-values: [emp=0.945274, beta=0.956381]

Processing phenotype [ENSG00000136014.7] [253/320]
  * #variants in cis = 7
  * Best hit: [id=12_internal_12169, d=-855540, pv=0.20013, s=-0.1470]
  * Beta parameters: [s1=1.1194, s2=6.48349]
  * Adjusted p-values: [emp=0.850746, beta=0.833021]

Processing phenotype [ENSG00000074527.7] [254/320]
  * #variants in cis = 5
  * Best hit: [id=12_internal_12169, d=-615876, pv=0.225164, s=0.1258]
  * Maximum Likelihood estimation failed, use Moment Matching instead!
  * Beta parameters: [s1=1.00005, s2=4.03385]
  * Adjusted p-values: [emp=0.696517, beta=0.703207]

Processing phenotype [ENSG00000139343.6] [255/320]
  * #variants in cis = 3
  * Best hit: [id=12_internal_8580, d=364351, pv=0.483611, s=-0.0791]
  * Maximum Likelihood estimation failed, use Moment Matching instead!
  * Beta parameters: [s1=1.00007, s2=3.10324]
  * Adjusted p-values: [emp=0.860697, beta=0.870242]

Processing phenotype [ENSG00000165972.8] [256/320]
  * #variants in cis = 4
  * Best hit: [id=12_internal_12169, d=-464054, pv=0.281229, s=-0.1281]
  * Maximum Likelihood estimation failed, use Moment Matching instead!
  * Beta parameters: [s1=0.999964, s2=3.69797]
  * Adjusted p-values: [emp=0.771144, beta=0.741873]

Processing phenotype [ENSG00000139344.3] [257/320]
  * #variants in cis = 4
  * Best hit: [id=12_internal_9018, d=962627, pv=0.306312, s=0.1103]
  * Maximum Likelihood estimation failed, use Moment Matching instead!
  * Beta parameters: [s1=0.999924, s2=4.27005]
  * Adjusted p-values: [emp=0.751244, beta=0.736539]

Processing phenotype [ENSG00000084110.6] [258/320]
  * #variants in cis = 4
  * Best hit: [id=12_internal_8580, d=-226914, pv=0.0461455, s=-0.2157]
  * Maximum Likelihood estimation failed, use Moment Matching instead!
  * Beta parameters: [s1=1.00002, s2=3.57204]
  * Adjusted p-values: [emp=0.164179, beta=0.149174]

Processing phenotype [ENSG00000257878.1] [259/320]
  * #variants in cis = 4
  * Best hit: [id=12_internal_8580, d=226758, pv=0.190107, s=-0.1439]
  * Maximum Likelihood estimation failed, use Moment Matching instead!
  * Beta parameters: [s1=1.00004, s2=4.26813]
  * Adjusted p-values: [emp=0.527363, beta=0.554655]

Processing phenotype [ENSG00000257715.1] [260/320]
  * #variants in cis = 4
  * Best hit: [id=12_internal_9018, d=880597, pv=0.0860304, s=-0.1742]
  * Maximum Likelihood estimation failed, use Moment Matching instead!
  * Beta parameters: [s1=0.999937, s2=3.85036]
  * Adjusted p-values: [emp=0.353234, beta=0.341414]

Processing phenotype [ENSG00000111144.5] [261/320]
  * #variants in cis = 4
  * Best hit: [id=12_internal_12169, d=-363508, pv=0.470617, s=0.0845]
  * Maximum Likelihood estimation failed, use Moment Matching instead!
  * Beta parameters: [s1=1.00008, s2=4.18335]
  * Adjusted p-values: [emp=0.915423, beta=0.914321]

Processing phenotype [ENSG00000111145.3] [262/320]
  * #variants in cis = 4
  * Best hit: [id=12_internal_9018, d=711538, pv=0.00233082, s=-0.2992]
  * Maximum Likelihood estimation failed, use Moment Matching instead!
  * Beta parameters: [s1=0.999928, s2=3.38992]
  * Adjusted p-values: [emp=0.0149254, beta=0.00718856]

Processing phenotype [ENSG00000258177.1] [263/320]
  * #variants in cis = 4
  * Best hit: [id=12_internal_9018, d=-681947, pv=0.116048, s=-0.1573]
  * Maximum Likelihood estimation failed, use Moment Matching instead!
  * Beta parameters: [s1=0.999932, s2=5.55363]
  * Adjusted p-values: [emp=0.373134, beta=0.378057]

Processing phenotype [ENSG00000201435.1] [264/320]
  * #variants in cis = 4
  * Best hit: [id=12_internal_11997, d=181200, pv=0.0493964, s=-0.1998]
  * Maximum Likelihood estimation failed, use Moment Matching instead!
  * Beta parameters: [s1=1.00001, s2=4.11869]
  * Adjusted p-values: [emp=0.174129, beta=0.184348]

Processing phenotype [ENSG00000257169.1] [265/320]
  * #variants in cis = 4
  * Best hit: [id=12_internal_8580, d=143960, pv=0.0239115, s=0.2422]
  * Maximum Likelihood estimation failed, use Moment Matching instead!
  * Beta parameters: [s1=1.00005, s2=3.87038]
  * Adjusted p-values: [emp=0.0945274, beta=0.0935897]

Processing phenotype [ENSG00000059758.3] [266/320]
  * #variants in cis = 4
  * Best hit: [id=12_internal_9018, d=-505360, pv=0.0646621, s=-0.2018]
  * Maximum Likelihood estimation failed, use Moment Matching instead!
  * Beta parameters: [s1=0.999909, s2=4.28718]
  * Adjusted p-values: [emp=0.253731, beta=0.261326]

Processing phenotype [ENSG00000188596.3] [267/320]
  * #variants in cis = 4
  * Best hit: [id=12_internal_11997, d=-367258, pv=0.154542, s=-0.1416]
  * Maximum Likelihood estimation failed, use Moment Matching instead!
  * Beta parameters: [s1=1.0001, s2=3.87726]
  * Adjusted p-values: [emp=0.522388, beta=0.514242]

Processing phenotype [ENSG00000139350.7] [268/320]
  * #variants in cis = 4
  * Best hit: [id=12_internal_11997, d=-784910, pv=0.102453, s=0.1738]
  * Maximum Likelihood estimation failed, use Moment Matching instead!
  * Beta parameters: [s1=0.999934, s2=4.0189]
  * Adjusted p-values: [emp=0.378109, beta=0.367829]

Processing phenotype [ENSG00000206899.1] [269/320]
  * #variants in cis = 3
  * Best hit: [id=12_internal_14062, d=675147, pv=0.0771209, s=0.1744]
  * Maximum Likelihood estimation failed, use Moment Matching instead!
  * Beta parameters: [s1=0.999932, s2=3.51069]
  * Adjusted p-values: [emp=0.179104, beta=0.177606]

Processing phenotype [ENSG00000245017.2] [270/320]
  * #variants in cis = 3
  * Best hit: [id=12_internal_9856, d=-27580, pv=0.239645, s=-0.1308]
  * Maximum Likelihood estimation failed, use Moment Matching instead!
  * Beta parameters: [s1=0.999996, s2=2.67837]
  * Adjusted p-values: [emp=0.572139, beta=0.617384]

Processing phenotype [ENSG00000120802.8] [271/320]
  * #variants in cis = 3
  * Best hit: [id=12_internal_14062, d=-17307, pv=0.272709, s=0.1226]
  * Maximum Likelihood estimation failed, use Moment Matching instead!
  * Beta parameters: [s1=1.00005, s2=2.99809]
  * Adjusted p-values: [emp=0.671642, beta=0.664324]

Processing phenotype [ENSG00000257167.2] [272/320]
  * #variants in cis = 3
  * Best hit: [id=12_internal_14062, d=18217, pv=0.168694, s=0.1474]
  * Maximum Likelihood estimation failed, use Moment Matching instead!
  * Beta parameters: [s1=1.00003, s2=2.71425]
  * Adjusted p-values: [emp=0.452736, beta=0.442478]

Processing phenotype [ENSG00000264461.1] [273/320]
  * #variants in cis = 3
  * Best hit: [id=12_internal_14062, d=26552, pv=0.135621, s=0.1484]
  * Maximum Likelihood estimation failed, use Moment Matching instead!
  * Beta parameters: [s1=0.999944, s2=2.60559]
  * Adjusted p-values: [emp=0.363184, beta=0.37232]

Processing phenotype [ENSG00000075415.8] [274/320]
  * #variants in cis = 3
  * Best hit: [id=12_internal_9856, d=0, pv=0.113723, s=-0.1721]
  * Maximum Likelihood estimation failed, use Moment Matching instead!
  * Beta parameters: [s1=1.00007, s2=3.87697]
  * Adjusted p-values: [emp=0.218905, beta=0.230492]

Processing phenotype [ENSG00000212443.1] [275/320]
  * #variants in cis = 3
  * Best hit: [id=12_internal_14062, d=-101430, pv=0.167409, s=-0.1371]
  * Maximum Likelihood estimation failed, use Moment Matching instead!
  * Beta parameters: [s1=0.999956, s2=3.05227]
  * Adjusted p-values: [emp=0.447761, beta=0.427662]

Processing phenotype [ENSG00000221625.1] [276/320]
  * #variants in cis = 3
  * Best hit: [id=12_internal_14062, d=-107669, pv=0.00955087, s=0.2509]
  * Maximum Likelihood estimation failed, use Moment Matching instead!
  * Beta parameters: [s1=0.999937, s2=3.45758]
  * Adjusted p-values: [emp=0.0298507, beta=0.020181]

Processing phenotype [ENSG00000166130.10] [277/320]
  * #variants in cis = 3
  * Best hit: [id=12_internal_14062, d=146908, pv=0.487914, s=-0.0752]
  * Maximum Likelihood estimation failed, use Moment Matching instead!
  * Beta parameters: [s1=0.999924, s2=2.96211]
  * Adjusted p-values: [emp=0.880597, beta=0.884814]

Processing phenotype [ENSG00000120868.9] [278/320]
  * #variants in cis = 3
  * Best hit: [id=12_internal_12476, d=490882, pv=0.158598, s=-0.1525]
  * Maximum Likelihood estimation failed, use Moment Matching instead!
  * Beta parameters: [s1=0.999902, s2=3.49591]
  * Adjusted p-values: [emp=0.412935, beta=0.428399]

Processing phenotype [ENSG00000185046.12] [279/320]
  * #variants in cis = 3
  * Best hit: [id=12_internal_12476, d=0, pv=0.0486997, s=-0.2020]
  * Maximum Likelihood estimation failed, use Moment Matching instead!
  * Beta parameters: [s1=0.999952, s2=3.12419]
  * Adjusted p-values: [emp=0.129353, beta=0.109937]

Processing phenotype [ENSG00000214203.4] [280/320]
  * #variants in cis = 3
  * Best hit: [id=12_internal_12348, d=-153453, pv=0.594891, s=0.0561]
  * Maximum Likelihood estimation failed, use Moment Matching instead!
  * Beta parameters: [s1=1.00009, s2=3.00833]
  * Adjusted p-values: [emp=0.915423, beta=0.93676]

Processing phenotype [ENSG00000111647.8] [281/320]
  * #variants in cis = 3
  * Best hit: [id=12_internal_12476, d=18275, pv=0.0746611, s=0.1839]
  * Maximum Likelihood estimation failed, use Moment Matching instead!
  * Beta parameters: [s1=1.00003, s2=3.32052]
  * Adjusted p-values: [emp=0.164179, beta=0.190898]

Processing phenotype [ENSG00000221770.1] [282/320]
  * #variants in cis = 3
  * Best hit: [id=12_internal_9131, d=12492, pv=0.352991, s=0.1018]
  * Maximum Likelihood estimation failed, use Moment Matching instead!
  * Beta parameters: [s1=0.999984, s2=3.4785]
  * Adjusted p-values: [emp=0.686567, beta=0.72111]

Processing phenotype [ENSG00000266610.1] [283/320]
  * #variants in cis = 3
  * Best hit: [id=12_internal_12348, d=-4548, pv=0.430351, s=-0.0779]
  * Maximum Likelihood estimation failed, use Moment Matching instead!
  * Beta parameters: [s1=0.999961, s2=3.30738]
  * Adjusted p-values: [emp=0.840796, beta=0.829789]

Processing phenotype [ENSG00000238105.3] [284/320]
  * #variants in cis = 3
  * Best hit: [id=12_internal_12476, d=49086, pv=0.0662568, s=-0.1975]
  * Maximum Likelihood estimation failed, use Moment Matching instead!
  * Beta parameters: [s1=0.999906, s2=2.89612]
  * Adjusted p-values: [emp=0.199005, beta=0.208953]

Processing phenotype [ENSG00000075089.5] [285/320]
  * #variants in cis = 3
  * Best hit: [id=12_internal_12348, d=0, pv=0.170569, s=0.1586]
  * Maximum Likelihood estimation failed, use Moment Matching instead!
  * Beta parameters: [s1=1.00001, s2=3.01318]
  * Adjusted p-values: [emp=0.497512, beta=0.474109]

Processing phenotype [ENSG00000257489.1] [286/320]
  * #variants in cis = 3
  * Best hit: [id=12_internal_12476, d=75210, pv=0.0864122, s=-0.1925]
  * Maximum Likelihood estimation failed, use Moment Matching instead!
  * Beta parameters: [s1=0.999955, s2=3.49996]
  * Adjusted p-values: [emp=0.253731, beta=0.223826]

Processing phenotype [ENSG00000166153.12] [287/320]
  * #variants in cis = 3
  * Best hit: [id=12_internal_9131, d=122233, pv=0.693621, s=-0.0411]
  * Maximum Likelihood estimation failed, use Moment Matching instead!
  * Beta parameters: [s1=1.00001, s2=3.07218]
  * Adjusted p-values: [emp=0.965174, beta=0.976833]

Processing phenotype [ENSG00000136021.13] [288/320]
  * #variants in cis = 3
  * Best hit: [id=12_internal_9131, d=-122294, pv=0.0797794, s=-0.1934]
  * Maximum Likelihood estimation failed, use Moment Matching instead!
  * Beta parameters: [s1=0.999903, s2=2.64708]
  * Adjusted p-values: [emp=0.179104, beta=0.222611]

Processing phenotype [ENSG00000120800.4] [289/320]
  * #variants in cis = 6
  * Best hit: [id=12_internal_9822, d=644737, pv=0.00691538, s=0.2981]
  * Beta parameters: [s1=0.919623, s2=5.79523]
  * Adjusted p-values: [emp=0.0497512, beta=0.0356065]

Processing phenotype [ENSG00000120805.9] [290/320]
  * #variants in cis = 6
  * Best hit: [id=12_internal_9803, d=-441647, pv=0.46913, s=0.0838]
  * Beta parameters: [s1=1.0321, s2=5.88059]
  * Adjusted p-values: [emp=0.985075, beta=0.977945]

Processing phenotype [ENSG00000257543.1] [291/320]
  * #variants in cis = 6
  * Best hit: [id=12_internal_13540, d=-20782, pv=0.276528, s=0.1123]
  * Maximum Likelihood estimation failed, use Moment Matching instead!
  * Beta parameters: [s1=1.00008, s2=5.03307]
  * Adjusted p-values: [emp=0.860697, beta=0.835663]

Processing phenotype [ENSG00000111666.6] [292/320]
  * #variants in cis = 6
  * Best hit: [id=12_internal_13540, d=0, pv=5.08849e-11, s=0.6038]
  * Beta parameters: [s1=1.05075, s2=6.82395]
  * Adjusted p-values: [emp=0.00497512, beta=6.135e-11]

Processing phenotype [ENSG00000199933.1] [293/320]
  * #variants in cis = 6
  * Best hit: [id=12_internal_13540, d=-3417, pv=3.68418e-07, s=0.4876]
  * Beta parameters: [s1=1.04879, s2=6.96674]
  * Adjusted p-values: [emp=0.00497512, beta=6.93931e-08]

Processing phenotype [ENSG00000139351.10] [294/320]
  * #variants in cis = 6
  * Best hit: [id=12_internal_13540, d=23081, pv=6.79536e-10, s=0.6224]
  * Beta parameters: [s1=1.01466, s2=5.69601]
  * Adjusted p-values: [emp=0.00497512, beta=2.20013e-09]

Processing phenotype [ENSG00000222255.1] [295/320]
  * #variants in cis = 6
  * Best hit: [id=12_internal_13540, d=49118, pv=0.0185126, s=0.2496]
  * Beta parameters: [s1=1.01545, s2=6.85782]
  * Adjusted p-values: [emp=0.079602, beta=0.0849723]

Processing phenotype [ENSG00000258230.2] [296/320]
  * #variants in cis = 6
  * Best hit: [id=12_internal_13540, d=57364, pv=0.0165078, s=-0.2675]
  * Maximum Likelihood estimation failed, use Moment Matching instead!
  * Beta parameters: [s1=1.0001, s2=5.53765]
  * Adjusted p-values: [emp=0.134328, beta=0.0954611]

Processing phenotype [ENSG00000201168.1] [297/320]
  * #variants in cis = 6
  * Best hit: [id=12_internal_14207, d=0, pv=0.570359, s=-0.0570]
  * Beta parameters: [s1=1.05953, s2=6.81117]
  * Adjusted p-values: [emp=0.995025, beta=0.994861]

Processing phenotype [ENSG00000238940.1] [298/320]
  * #variants in cis = 6
  * Best hit: [id=12_internal_9822, d=135031, pv=0.0341349, s=-0.2098]
  * Maximum Likelihood estimation failed, use Moment Matching instead!
  * Beta parameters: [s1=1.00008, s2=5.35477]
  * Adjusted p-values: [emp=0.223881, beta=0.201664]

Processing phenotype [ENSG00000222932.1] [299/320]
  * #variants in cis = 6
  * Best hit: [id=12_internal_9803, d=-52965, pv=0.205065, s=-0.1373]
  * Beta parameters: [s1=1.03015, s2=6.88065]
  * Adjusted p-values: [emp=0.766169, beta=0.778977]

Processing phenotype [ENSG00000111670.9] [300/320]
  * #variants in cis = 6
  * Best hit: [id=12_internal_14207, d=0, pv=0.0782648, s=0.1804]
  * Beta parameters: [s1=1.01688, s2=6.66595]
  * Adjusted p-values: [emp=0.378109, beta=0.345775]

Processing phenotype [ENSG00000136048.9] [301/320]
  * #variants in cis = 6
  * Best hit: [id=12_internal_13540, d=-160960, pv=0.146591, s=-0.1442]
  * Beta parameters: [s1=0.974947, s2=6.44322]
  * Adjusted p-values: [emp=0.577114, beta=0.600567]

Processing phenotype [ENSG00000120860.6] [302/320]
  * #variants in cis = 6
  * Best hit: [id=12_internal_9822, d=49735, pv=0.118014, s=0.1608]
  * Beta parameters: [s1=1.03611, s2=5.74928]
  * Adjusted p-values: [emp=0.477612, beta=0.490596]

Processing phenotype [ENSG00000257222.1] [303/320]
  * #variants in cis = 6
  * Best hit: [id=12_internal_9147, d=-183607, pv=0.259019, s=-0.1262]
  * Maximum Likelihood estimation failed, use Moment Matching instead!
  * Beta parameters: [s1=1.00005, s2=5.89352]
  * Adjusted p-values: [emp=0.761194, beta=0.783616]

Processing phenotype [ENSG00000075188.3] [304/320]
  * #variants in cis = 6
  * Best hit: [id=12_internal_9147, d=240376, pv=0.33608, s=-0.1129]
  * Beta parameters: [s1=0.933589, s2=7.90715]
  * Adjusted p-values: [emp=0.940299, beta=0.943317]

Processing phenotype [ENSG00000185480.7] [305/320]
  * #variants in cis = 6
  * Best hit: [id=12_internal_9147, d=-240430, pv=0.108878, s=0.1784]
  * Beta parameters: [s1=1.0627, s2=6.23417]
  * Adjusted p-values: [emp=0.432836, beta=0.432564]

Processing phenotype [ENSG00000183395.4] [306/320]
  * #variants in cis = 6
  * Best hit: [id=12_internal_9390, d=76783, pv=0.00431175, s=0.3073]
  * Maximum Likelihood estimation failed, use Moment Matching instead!
  * Beta parameters: [s1=1.00008, s2=5.41668]
  * Adjusted p-values: [emp=0.0149254, beta=0.0321677]

Processing phenotype [ENSG00000257703.1] [307/320]
  * #variants in cis = 2
  * Best hit: [id=12_internal_9599, d=-648462, pv=0.0333337, s=0.2270]
  * Maximum Likelihood estimation failed, use Moment Matching instead!
  * Beta parameters: [s1=0.999918, s2=2.07583]
  * Adjusted p-values: [emp=0.109453, beta=0.0779508]

Processing phenotype [ENSG00000179088.10] [308/320]
  * #variants in cis = 5
  * Best hit: [id=12_internal_9599, d=-331166, pv=0.0825491, s=0.1786]
  * Beta parameters: [s1=0.988164, s2=5.49704]
  * Adjusted p-values: [emp=0.288557, beta=0.292649]

Processing phenotype [ENSG00000136011.10] [309/320]
  * #variants in cis = 6
  * Best hit: [id=12_internal_10321, d=210200, pv=0.0171171, s=-0.2638]
  * Beta parameters: [s1=1.06124, s2=6.40803]
  * Adjusted p-values: [emp=0.0995025, beta=0.0933525]

Processing phenotype [ENSG00000257681.1] [310/320]
  * #variants in cis = 7
  * Best hit: [id=12_internal_11609, d=-765326, pv=0.154644, s=0.1481]
  * Maximum Likelihood estimation failed, use Moment Matching instead!
  * Beta parameters: [s1=1.00008, s2=5.4186]
  * Adjusted p-values: [emp=0.666667, beta=0.641199]

Processing phenotype [ENSG00000111696.7] [311/320]
  * #variants in cis = 7
  * Best hit: [id=12_internal_13028, d=-614881, pv=0.207386, s=0.1416]
  * Beta parameters: [s1=0.943278, s2=6.85986]
  * Adjusted p-values: [emp=0.79602, beta=0.802689]

Processing phenotype [ENSG00000166598.8] [312/320]
  * #variants in cis = 7
  * Best hit: [id=12_internal_9108, d=332957, pv=0.0711254, s=-0.1765]
  * Beta parameters: [s1=0.990749, s2=6.22451]
  * Adjusted p-values: [emp=0.383085, beta=0.381095]

Processing phenotype [ENSG00000214198.3] [313/320]
  * #variants in cis = 7
  * Best hit: [id=12_internal_11096, d=-528435, pv=0.00639811, s=0.2990]
  * Beta parameters: [s1=1.09186, s2=6.68051]
  * Adjusted p-values: [emp=0.039801, beta=0.031169]

Processing phenotype [ENSG00000265072.1] [314/320]
  * #variants in cis = 7
  * Best hit: [id=12_internal_11096, d=528221, pv=0.0414243, s=0.2149]
  * Beta parameters: [s1=0.868784, s2=8.51775]
  * Adjusted p-values: [emp=0.273632, beta=0.25486]

Processing phenotype [ENSG00000204954.5] [315/320]
  * #variants in cis = 7
  * Best hit: [id=12_internal_9233, d=-761301, pv=0.0915972, s=0.1958]
  * Beta parameters: [s1=0.920305, s2=5.70649]
  * Adjusted p-values: [emp=0.487562, beta=0.470363]

Processing phenotype [ENSG00000139372.10] [316/320]
  * #variants in cis = 7
  * Best hit: [id=12_internal_13028, d=490274, pv=0.238644, s=-0.1278]
  * Beta parameters: [s1=0.982675, s2=6.27748]
  * Adjusted p-values: [emp=0.820896, beta=0.825308]

Processing phenotype [ENSG00000120820.8] [317/320]
  * #variants in cis = 7
  * Best hit: [id=12_internal_11609, d=-470001, pv=0.0514907, s=-0.2042]
  * Beta parameters: [s1=0.97397, s2=7.86817]
  * Adjusted p-values: [emp=0.268657, beta=0.303343]

Processing phenotype [ENSG00000111727.7] [318/320]
  * #variants in cis = 7
  * Best hit: [id=12_internal_13028, d=391621, pv=0.0407679, s=-0.2002]
  * Beta parameters: [s1=1.02045, s2=6.1307]
  * Adjusted p-values: [emp=0.243781, beta=0.22788]

Processing phenotype [ENSG00000120837.3] [319/320]
  * #variants in cis = 7
  * Best hit: [id=12_internal_9233, d=-588720, pv=0.0815475, s=0.1923]
  * Beta parameters: [s1=0.972097, s2=5.95211]
  * Adjusted p-values: [emp=0.457711, beta=0.413237]

Processing phenotype [ENSG00000198431.10] [320/320]
  * #variants in cis = 7
  * Best hit: [id=12_internal_9599, d=-373804, pv=0.0469932, s=-0.2126]
  * Beta parameters: [s1=1.06482, s2=7.75208]
  * Adjusted p-values: [emp=0.248756, beta=0.242591]

Running time: 2 seconds
