Sender: LSF System <lsfadmin@cpt15>
Subject: Job 974270: </data/unige/funpopgen/odelanea/SGX/V2/binaries/qtltools/bin/QTLtools cis --vcf /data/unige/funpopgen/grey2/SYSCID/BLUEPRINT_DATA/CRD/THREE_CELL_TYPES/CLOMICS/CELL_TYPE_COMPARISON_GENE_CRD_ASSOCIATIONS/quantify/73_vs_70_ALL.ALLchr.mean.txt.gz --bed /data/unige/funpopgen/grey2/SYSCID/BLUEPRINT_DATA/CRD/THREE_CELL_TYPES/QTL_TOOLS/EGAD00001002671_v3.0/EGAD00001002671_RNA.PC10.bed.gz --permute 200 --chunk 27 100 --out /data/unige/funpopgen/grey2/SYSCID/BLUEPRINT_DATA/CRD/THREE_CELL_TYPES/CLOMICS/CELL_TYPE_COMPARISON_GENE_CRD_ASSOCIATIONS/mapping_aCRD_gene/73_vs_70/gene_CRD_mean_chunk27\.txt> in cluster <ug> Done

Job </data/unige/funpopgen/odelanea/SGX/V2/binaries/qtltools/bin/QTLtools cis --vcf /data/unige/funpopgen/grey2/SYSCID/BLUEPRINT_DATA/CRD/THREE_CELL_TYPES/CLOMICS/CELL_TYPE_COMPARISON_GENE_CRD_ASSOCIATIONS/quantify/73_vs_70_ALL.ALLchr.mean.txt.gz --bed /data/unige/funpopgen/grey2/SYSCID/BLUEPRINT_DATA/CRD/THREE_CELL_TYPES/QTL_TOOLS/EGAD00001002671_v3.0/EGAD00001002671_RNA.PC10.bed.gz --permute 200 --chunk 27 100 --out /data/unige/funpopgen/grey2/SYSCID/BLUEPRINT_DATA/CRD/THREE_CELL_TYPES/CLOMICS/CELL_TYPE_COMPARISON_GENE_CRD_ASSOCIATIONS/mapping_aCRD_gene/73_vs_70/gene_CRD_mean_chunk27\.txt> was submitted from host <frt.ug.vital-it.ch> by user <grey2> in cluster <ug>.
Job was executed on host(s) <cpt15>, in queue <normal>, as user <grey2> in cluster <ug>.
</home/grey2> was used as the home directory.
</data/unige/funpopgen/grey2/SYSCID/BLUEPRINT_DATA/CRD/THREE_CELL_TYPES/CLOMICS/CELL_TYPE_COMPARISON_GENE_CRD_ASSOCIATIONS> was used as the working directory.
Started at Thu Mar 21 11:27:49 2019
Results reported at Thu Mar 21 11:27:55 2019

Your job looked like:

------------------------------------------------------------
# LSBATCH: User input
/data/unige/funpopgen/odelanea/SGX/V2/binaries/qtltools/bin/QTLtools cis --vcf /data/unige/funpopgen/grey2/SYSCID/BLUEPRINT_DATA/CRD/THREE_CELL_TYPES/CLOMICS/CELL_TYPE_COMPARISON_GENE_CRD_ASSOCIATIONS/quantify/73_vs_70_ALL.ALLchr.mean.txt.gz --bed /data/unige/funpopgen/grey2/SYSCID/BLUEPRINT_DATA/CRD/THREE_CELL_TYPES/QTL_TOOLS/EGAD00001002671_v3.0/EGAD00001002671_RNA.PC10.bed.gz --permute 200 --chunk 27 100 --out /data/unige/funpopgen/grey2/SYSCID/BLUEPRINT_DATA/CRD/THREE_CELL_TYPES/CLOMICS/CELL_TYPE_COMPARISON_GENE_CRD_ASSOCIATIONS/mapping_aCRD_gene/73_vs_70/gene_CRD_mean_chunk27\.txt

------------------------------------------------------------

Successfully completed.

Resource usage summary:

    CPU time :               2.44 sec.
    Max Memory :             3.15 MB
    Average Memory :         3.15 MB
    Total Requested Memory : -
    Delta Memory :           -
    (Delta: the difference between total requested memory and actual max usage.)
    Max Swap :               32 MB

    Max Processes :          1
    Max Threads :            1

The output (if any) follows:


[32mQTLtools[0m
  * Authors : Olivier DELANEAU / Halit ONGEN / Emmanouil DERMITZAKIS
  * Contact : olivier.delaneau@gmail.com / halit.ongen@unige.ch / Emmanouil.Dermitzakis@unige.ch
  * Webpage : https://qtltools.github.io/qtltools/
  * Version : 1.1
  * Date    : 21/03/2019 - 11:27:52
  * Citation: A complete tool set for molecular QTL discovery and analysis, https://doi.org/10.1101/068635

[32mMAPPING QTL IN CIS[0m
  * TASK: Perform 200 permutations
  * Linear model: Phe ~ Var
  * Cis-window size is 1000000 bp
  * Chunk = [27/100]

Scanning phenotype data in [/data/unige/funpopgen/grey2/SYSCID/BLUEPRINT_DATA/CRD/THREE_CELL_TYPES/QTL_TOOLS/EGAD00001002671_v3.0/EGAD00001002671_RNA.PC10.bed.gz]
  * 24372 phenotypes included
  * 12152 phenotypes are on the negative strand

Initialize random number generator
  * Built-in seed is 15112011
  * First Integer = 30554
  * First Double = 0.0126695

Reading sample list from [/data/unige/funpopgen/grey2/SYSCID/BLUEPRINT_DATA/CRD/THREE_CELL_TYPES/QTL_TOOLS/EGAD00001002671_v3.0/EGAD00001002671_RNA.PC10.bed.gz]
  * #samples = 169

Reading sample list from [/data/unige/funpopgen/grey2/SYSCID/BLUEPRINT_DATA/CRD/THREE_CELL_TYPES/CLOMICS/CELL_TYPE_COMPARISON_GENE_CRD_ASSOCIATIONS/quantify/73_vs_70_ALL.ALLchr.mean.txt.gz]
  * #samples = 94

Merging sample sets from all input files
  * #files = 2
  * #samples in all files = 91
  * #samples NOT in all files (i.e. ignored) = 81

Reading phenotype data in [/data/unige/funpopgen/grey2/SYSCID/BLUEPRINT_DATA/CRD/THREE_CELL_TYPES/QTL_TOOLS/EGAD00001002671_v3.0/EGAD00001002671_RNA.PC10.bed.gz]
  * target region [19:35629712-41304901]
  * 216 phenotypes included
  * 99 phenotypes are on the negative strand

Reading genotype data in [/data/unige/funpopgen/grey2/SYSCID/BLUEPRINT_DATA/CRD/THREE_CELL_TYPES/CLOMICS/CELL_TYPE_COMPARISON_GENE_CRD_ASSOCIATIONS/quantify/73_vs_70_ALL.ALLchr.mean.txt.gz]
  * File format detected: BED
  * 91 samples included
  * 5 samples without phenotype data
  * target region [19:34629712-42304901]
  * 43 variants included

Processing phenotype [ENSG00000266964.1] [1/216]
  * #variants in cis = 11
  * Best hit: [id=19_internal_7239, d=-365026, pv=0.0462731, s=0.2137]
  * Beta parameters: [s1=0.96418, s2=12.5652]
  * Adjusted p-values: [emp=0.422886, beta=0.396656]

Processing phenotype [ENSG00000221857.3] [2/216]
  * #variants in cis = 11
  * Best hit: [id=19_internal_7239, d=-365042, pv=0.0819758, s=0.1770]
  * Beta parameters: [s1=0.93501, s2=14.986]
  * Adjusted p-values: [emp=0.587065, beta=0.585213]

Processing phenotype [ENSG00000203403.2] [3/216]
  * #variants in cis = 11
  * Best hit: [id=19_internal_8045, d=365979, pv=0.138627, s=-0.1595]
  * Beta parameters: [s1=1.07968, s2=10.5401]
  * Adjusted p-values: [emp=0.781095, beta=0.759591]

Processing phenotype [ENSG00000266940.1] [4/216]
  * #variants in cis = 11
  * Best hit: [id=19_internal_8045, d=365979, pv=0.138627, s=-0.1595]
  * Beta parameters: [s1=1.07, s2=10.8037]
  * Adjusted p-values: [emp=0.761194, beta=0.764981]

Processing phenotype [ENSG00000153902.9] [5/216]
  * #variants in cis = 12
  * Best hit: [id=19_internal_7239, d=368669, pv=0.15077, s=0.1280]
  * Beta parameters: [s1=1.06061, s2=10.9531]
  * Adjusted p-values: [emp=0.850746, beta=0.85527]

Processing phenotype [ENSG00000221946.3] [6/216]
  * #variants in cis = 12
  * Best hit: [id=19_internal_7561, d=173555, pv=0.32176, s=-0.1085]
  * Beta parameters: [s1=1.00542, s2=13.5774]
  * Adjusted p-values: [emp=1, beta=0.994038]

Processing phenotype [ENSG00000089327.9] [7/216]
  * #variants in cis = 12
  * Best hit: [id=19_internal_6668, d=647884, pv=0.0833593, s=0.1763]
  * Beta parameters: [s1=0.845549, s2=10.4025]
  * Adjusted p-values: [emp=0.626866, beta=0.649825]

Processing phenotype [ENSG00000105699.10] [8/216]
  * #variants in cis = 13
  * Best hit: [id=19_internal_7239, d=-474547, pv=0.0618984, s=-0.2160]
  * Beta parameters: [s1=1.01954, s2=11.3803]
  * Adjusted p-values: [emp=0.557214, beta=0.578022]

Processing phenotype [ENSG00000268947.1] [9/216]
  * #variants in cis = 13
  * Best hit: [id=19_internal_7239, d=-489063, pv=0.0182582, s=-0.2628]
  * Beta parameters: [s1=0.985941, s2=12.6658]
  * Adjusted p-values: [emp=0.199005, beta=0.216396]

Processing phenotype [ENSG00000105698.10] [10/216]
  * #variants in cis = 13
  * Best hit: [id=19_internal_7318, d=150912, pv=0.0100135, s=0.2762]
  * Beta parameters: [s1=0.84278, s2=10.9425]
  * Adjusted p-values: [emp=0.154229, beta=0.142184]

Processing phenotype [ENSG00000105697.3] [11/216]
  * #variants in cis = 13
  * Best hit: [id=19_internal_8325, d=860280, pv=0.0580594, s=-0.1918]
  * Beta parameters: [s1=1.07691, s2=13.1295]
  * Adjusted p-values: [emp=0.552239, beta=0.53227]

Processing phenotype [ENSG00000012124.10] [12/216]
  * #variants in cis = 13
  * Best hit: [id=19_internal_7318, d=100629, pv=0.0474381, s=-0.2188]
  * Beta parameters: [s1=0.905317, s2=17.8301]
  * Adjusted p-values: [emp=0.393035, beta=0.414288]

Processing phenotype [ENSG00000268222.1] [13/216]
  * #variants in cis = 14
  * Best hit: [id=19_internal_7318, d=37719, pv=0.198656, s=-0.1454]
  * Beta parameters: [s1=0.979706, s2=13.9172]
  * Adjusted p-values: [emp=0.950249, beta=0.951803]

Processing phenotype [ENSG00000105679.4] [14/216]
  * #variants in cis = 15
  * Best hit: [id=19_internal_6668, d=269203, pv=0.15148, s=0.1496]
  * Beta parameters: [s1=0.868975, s2=13.4512]
  * Adjusted p-values: [emp=0.890547, beta=0.895529]

Processing phenotype [ENSG00000267875.1] [15/216]
  * #variants in cis = 15
  * Best hit: [id=19_internal_10163, d=790425, pv=0.0454075, s=0.2169]
  * Beta parameters: [s1=0.941742, s2=17.6306]
  * Adjusted p-values: [emp=0.492537, beta=0.494976]

Processing phenotype [ENSG00000105677.7] [16/216]
  * #variants in cis = 15
  * Best hit: [id=19_internal_6512, d=568142, pv=0.0124694, s=-0.2855]
  * Beta parameters: [s1=1.04051, s2=12.0116]
  * Adjusted p-values: [emp=0.154229, beta=0.15585]

Processing phenotype [ENSG00000236144.2] [17/216]
  * #variants in cis = 15
  * Best hit: [id=19_internal_6449, d=-400941, pv=0.208128, s=-0.1409]
  * Beta parameters: [s1=1.01469, s2=18.1086]
  * Adjusted p-values: [emp=0.975124, beta=0.977036]

Processing phenotype [ENSG00000249115.3] [18/216]
  * #variants in cis = 15
  * Best hit: [id=19_internal_7366, d=805096, pv=0.0128802, s=-0.2628]
  * Beta parameters: [s1=1.11583, s2=13.4133]
  * Adjusted p-values: [emp=0.218905, beta=0.200417]

Processing phenotype [ENSG00000126254.7] [19/216]
  * #variants in cis = 15
  * Best hit: [id=19_internal_7903, d=-642718, pv=0.00581885, s=-0.2851]
  * Beta parameters: [s1=0.957375, s2=12.5439]
  * Adjusted p-values: [emp=0.109453, beta=0.0972925]

Processing phenotype [ENSG00000105672.10] [20/216]
  * #variants in cis = 15
  * Best hit: [id=19_internal_8752, d=573539, pv=0.0356054, s=0.2353]
  * Beta parameters: [s1=0.941618, s2=17.141]
  * Adjusted p-values: [emp=0.402985, beta=0.413849]

Processing phenotype [ENSG00000126267.4] [21/216]
  * #variants in cis = 15
  * Best hit: [id=19_internal_7318, d=-178980, pv=0.141025, s=0.1636]
  * Beta parameters: [s1=0.972728, s2=22.2453]
  * Adjusted p-values: [emp=0.910448, beta=0.920918]

Processing phenotype [ENSG00000011590.9] [22/216]
  * #variants in cis = 15
  * Best hit: [id=19_internal_6512, d=409210, pv=0.0195187, s=0.2507]
  * Beta parameters: [s1=0.98464, s2=18.7808]
  * Adjusted p-values: [emp=0.248756, beta=0.250774]

Processing phenotype [ENSG00000105663.9] [23/216]
  * #variants in cis = 15
  * Best hit: [id=19_internal_7318, d=-248776, pv=0.110532, s=-0.1734]
  * Beta parameters: [s1=1.06516, s2=15.9262]
  * Adjusted p-values: [emp=0.80597, beta=0.80452]

Processing phenotype [ENSG00000126246.5] [24/216]
  * #variants in cis = 15
  * Best hit: [id=19_internal_7239, d=968668, pv=0.207155, s=-0.1417]
  * Beta parameters: [s1=0.964392, s2=12.6424]
  * Adjusted p-values: [emp=0.960199, beta=0.963026]

Processing phenotype [ENSG00000205155.2] [25/216]
  * #variants in cis = 15
  * Best hit: [id=19_internal_7561, d=-415177, pv=0.0697254, s=-0.2074]
  * Beta parameters: [s1=1.1288, s2=12.6747]
  * Adjusted p-values: [emp=0.651741, beta=0.627047]

Processing phenotype [ENSG00000267120.2] [26/216]
  * #variants in cis = 15
  * Best hit: [id=19_internal_7239, d=971647, pv=0.0472163, s=-0.2194]
  * Beta parameters: [s1=0.990963, s2=11.6226]
  * Adjusted p-values: [emp=0.547264, beta=0.524894]

Processing phenotype [ENSG00000161265.9] [27/216]
  * #variants in cis = 15
  * Best hit: [id=19_internal_8045, d=971841, pv=0.224913, s=-0.1252]
  * Beta parameters: [s1=0.90846, s2=21.7827]
  * Adjusted p-values: [emp=0.995025, beta=0.988955]

Processing phenotype [ENSG00000188223.8] [28/216]
  * #variants in cis = 15
  * Best hit: [id=19_internal_7561, d=-415741, pv=0.0297882, s=-0.2323]
  * Beta parameters: [s1=1.05077, s2=12.7723]
  * Adjusted p-values: [emp=0.323383, beta=0.328743]

Processing phenotype [ENSG00000267796.2] [29/216]
  * #variants in cis = 15
  * Best hit: [id=19_internal_6668, d=54255, pv=0.166547, s=0.1573]
  * Beta parameters: [s1=1.01153, s2=12.2201]
  * Adjusted p-values: [emp=0.910448, beta=0.911514]

Processing phenotype [ENSG00000267439.1] [30/216]
  * #variants in cis = 15
  * Best hit: [id=19_internal_8752, d=-461870, pv=0.0826558, s=-0.1946]
  * Beta parameters: [s1=0.900496, s2=14.0914]
  * Adjusted p-values: [emp=0.656716, beta=0.670544]

Processing phenotype [ENSG00000167595.10] [31/216]
  * #variants in cis = 15
  * Best hit: [id=19_internal_7239, d=-984358, pv=0.250465, s=0.1120]
  * Beta parameters: [s1=0.993296, s2=11.6023]
  * Adjusted p-values: [emp=0.975124, beta=0.977658]

Processing phenotype [ENSG00000267049.1] [32/216]
  * #variants in cis = 15
  * Best hit: [id=19_internal_7290, d=412184, pv=0.032176, s=0.1983]
  * Beta parameters: [s1=1.04461, s2=12.2183]
  * Adjusted p-values: [emp=0.412935, beta=0.36796]

Processing phenotype [ENSG00000004777.12] [33/216]
  * #variants in cis = 13
  * Best hit: [id=19_internal_7561, d=-444596, pv=0.163038, s=-0.1514]
  * Beta parameters: [s1=1.18868, s2=10.711]
  * Adjusted p-values: [emp=0.900498, beta=0.893002]

Processing phenotype [ENSG00000126259.12] [34/216]
  * #variants in cis = 13
  * Best hit: [id=19_internal_6361, d=0, pv=0.0906581, s=0.1803]
  * Beta parameters: [s1=0.965857, s2=16.3592]
  * Adjusted p-values: [emp=0.721393, beta=0.717073]

Processing phenotype [ENSG00000105290.5] [35/216]
  * #variants in cis = 13
  * Best hit: [id=19_internal_6512, d=245838, pv=0.0879768, s=-0.1818]
  * Beta parameters: [s1=1.0141, s2=14.1289]
  * Adjusted p-values: [emp=0.701493, beta=0.700361]

Processing phenotype [ENSG00000267403.1] [36/216]
  * #variants in cis = 13
  * Best hit: [id=19_internal_8325, d=253325, pv=0.0263418, s=-0.2311]
  * Beta parameters: [s1=1.05513, s2=13.2096]
  * Adjusted p-values: [emp=0.243781, beta=0.252077]

Processing phenotype [ENSG00000167604.8] [37/216]
  * #variants in cis = 13
  * Best hit: [id=19_internal_10163, d=-428881, pv=0.0151932, s=-0.2645]
  * Beta parameters: [s1=1.04497, s2=12.4964]
  * Adjusted p-values: [emp=0.139303, beta=0.151785]

Processing phenotype [ENSG00000126264.5] [38/216]
  * #variants in cis = 13
  * Best hit: [id=19_internal_7561, d=-572544, pv=0.327568, s=0.1057]
  * Beta parameters: [s1=0.860177, s2=10.5396]
  * Adjusted p-values: [emp=0.995025, beta=0.987994]

Processing phenotype [ENSG00000011600.5] [39/216]
  * #variants in cis = 13
  * Best hit: [id=19_internal_6512, d=-205428, pv=0.196521, s=0.1384]
  * Beta parameters: [s1=0.969693, s2=11.3729]
  * Adjusted p-values: [emp=0.935323, beta=0.928962]

Processing phenotype [ENSG00000126243.4] [40/216]
  * #variants in cis = 13
  * Best hit: [id=19_internal_6361, d=-18139, pv=0.199779, s=0.1417]
  * Beta parameters: [s1=1.00333, s2=11.2815]
  * Adjusted p-values: [emp=0.900498, beta=0.923606]

Processing phenotype [ENSG00000267307.1] [41/216]
  * #variants in cis = 13
  * Best hit: [id=19_internal_7318, d=-480241, pv=0.0411727, s=-0.2168]
  * Beta parameters: [s1=0.919322, s2=9.93121]
  * Adjusted p-values: [emp=0.383085, beta=0.406345]

Processing phenotype [ENSG00000205138.2] [42/216]
  * #variants in cis = 12
  * Best hit: [id=19_internal_7195, d=-343253, pv=0.0646968, s=0.1930]
  * Beta parameters: [s1=0.984535, s2=9.84984]
  * Adjusted p-values: [emp=0.487562, beta=0.508169]

Processing phenotype [ENSG00000181392.10] [43/216]
  * #variants in cis = 12
  * Best hit: [id=19_internal_8752, d=-206491, pv=0.0884621, s=0.1709]
  * Beta parameters: [s1=1.02527, s2=10.6797]
  * Adjusted p-values: [emp=0.716418, beta=0.698276]

Processing phenotype [ENSG00000248101.2] [44/216]
  * #variants in cis = 12
  * Best hit: [id=19_internal_10163, d=-316929, pv=0.0733506, s=0.1987]
  * Beta parameters: [s1=1.07454, s2=10.2127]
  * Adjusted p-values: [emp=0.587065, beta=0.585173]

Processing phenotype [ENSG00000239382.5] [45/216]
  * #variants in cis = 12
  * Best hit: [id=19_internal_10163, d=-316921, pv=0.0380452, s=0.2419]
  * Beta parameters: [s1=1.04379, s2=10.2504]
  * Adjusted p-values: [emp=0.38806, beta=0.380295]

Processing phenotype [ENSG00000267698.1] [46/216]
  * #variants in cis = 12
  * Best hit: [id=19_internal_7366, d=403332, pv=0.140992, s=-0.1606]
  * Beta parameters: [s1=1.05843, s2=12.3836]
  * Adjusted p-values: [emp=0.855721, beta=0.858349]

Processing phenotype [ENSG00000105270.9] [47/216]
  * #variants in cis = 12
  * Best hit: [id=19_internal_6512, d=-80394, pv=0.174341, s=0.1363]
  * Beta parameters: [s1=0.976172, s2=11.5431]
  * Adjusted p-values: [emp=0.895522, beta=0.902334]

Processing phenotype [ENSG00000161277.7] [48/216]
  * #variants in cis = 12
  * Best hit: [id=19_internal_6361, d=137543, pv=0.096054, s=-0.1762]
  * Beta parameters: [s1=1.02956, s2=11.5381]
  * Adjusted p-values: [emp=0.681592, beta=0.678366]

Processing phenotype [ENSG00000075702.10] [49/216]
  * #variants in cis = 12
  * Best hit: [id=19_internal_6361, d=-137662, pv=0.013081, s=-0.2727]
  * Beta parameters: [s1=0.93941, s2=11.7422]
  * Adjusted p-values: [emp=0.159204, beta=0.161783]

Processing phenotype [ENSG00000105261.5] [50/216]
  * #variants in cis = 12
  * Best hit: [id=19_internal_8325, d=29795, pv=0.000706313, s=0.3669]
  * Beta parameters: [s1=0.997935, s2=10.0855]
  * Adjusted p-values: [emp=0.00995025, beta=0.0111029]

Processing phenotype [ENSG00000105254.6] [51/216]
  * #variants in cis = 12
  * Best hit: [id=19_internal_7366, d=303551, pv=0.0909752, s=0.1747]
  * Beta parameters: [s1=0.973152, s2=10.104]
  * Adjusted p-values: [emp=0.691542, beta=0.672702]

Processing phenotype [ENSG00000266974.1] [52/216]
  * #variants in cis = 12
  * Best hit: [id=19_internal_10163, d=216802, pv=0.0549489, s=0.1938]
  * Beta parameters: [s1=0.997947, s2=11.5924]
  * Adjusted p-values: [emp=0.447761, beta=0.435142]

Processing phenotype [ENSG00000105258.4] [53/216]
  * #variants in cis = 12
  * Best hit: [id=19_internal_7366, d=-302494, pv=0.0090694, s=0.2751]
  * Beta parameters: [s1=0.997719, s2=9.70053]
  * Adjusted p-values: [emp=0.104478, beta=0.0957577]

Processing phenotype [ENSG00000126247.5] [54/216]
  * #variants in cis = 12
  * Best hit: [id=19_internal_8752, d=75709, pv=0.101447, s=-0.1707]
  * Beta parameters: [s1=0.867559, s2=11.3626]
  * Adjusted p-values: [emp=0.711443, beta=0.718124]

Processing phenotype [ENSG00000161281.6] [55/216]
  * #variants in cis = 12
  * Best hit: [id=19_internal_10163, d=-178295, pv=0.117267, s=-0.1628]
  * Beta parameters: [s1=1.10661, s2=10.7396]
  * Adjusted p-values: [emp=0.820896, beta=0.806527]

Processing phenotype [ENSG00000167635.7] [56/216]
  * #variants in cis = 12
  * Best hit: [id=19_internal_7290, d=-855758, pv=0.1535, s=-0.1451]
  * Beta parameters: [s1=1.02511, s2=13.1825]
  * Adjusted p-values: [emp=0.865672, beta=0.861909]

Processing phenotype [ENSG00000196357.7] [57/216]
  * #variants in cis = 12
  * Best hit: [id=19_internal_7195, d=594322, pv=0.0442885, s=-0.2156]
  * Beta parameters: [s1=1.02043, s2=10.1354]
  * Adjusted p-values: [emp=0.373134, beta=0.352408]

Processing phenotype [ENSG00000232677.2] [58/216]
  * #variants in cis = 11
  * Best hit: [id=19_internal_10163, d=0, pv=1.11825e-05, s=0.4188]
  * Beta parameters: [s1=0.917677, s2=8.89316]
  * Adjusted p-values: [emp=0.00497512, beta=0.000290854]

Processing phenotype [ENSG00000266973.1] [59/216]
  * #variants in cis = 10
  * Best hit: [id=19_internal_6512, d=-248236, pv=0.0135005, s=0.2462]
  * Beta parameters: [s1=0.987403, s2=8.2312]
  * Adjusted p-values: [emp=0.179104, beta=0.17208]

Processing phenotype [ENSG00000142065.9] [60/216]
  * #variants in cis = 10
  * Best hit: [id=19_internal_10163, d=0, pv=0.0389856, s=0.2232]
  * Beta parameters: [s1=0.937723, s2=9.03115]
  * Adjusted p-values: [emp=0.273632, beta=0.282434]

Processing phenotype [ENSG00000181007.7] [61/216]
  * #variants in cis = 10
  * Best hit: [id=19_internal_10163, d=0, pv=1.11219e-07, s=0.5450]
  * Beta parameters: [s1=1.04092, s2=7.81492]
  * Adjusted p-values: [emp=0.00497512, beta=4.29072e-06]

Processing phenotype [ENSG00000267309.1] [62/216]
  * #variants in cis = 9
  * Best hit: [id=19_internal_10163, d=0, pv=0.00436774, s=0.3055]
  * Beta parameters: [s1=1.01715, s2=6.81784]
  * Adjusted p-values: [emp=0.0746269, beta=0.0619398]

Processing phenotype [ENSG00000186017.10] [63/216]
  * #variants in cis = 9
  * Best hit: [id=19_internal_8325, d=275174, pv=0.0171055, s=0.2573]
  * Beta parameters: [s1=1.05661, s2=9.26801]
  * Adjusted p-values: [emp=0.129353, beta=0.149454]

Processing phenotype [ENSG00000228629.2] [64/216]
  * #variants in cis = 9
  * Best hit: [id=19_internal_7366, d=0, pv=0.187618, s=-0.1434]
  * Beta parameters: [s1=1.0403, s2=8.87884]
  * Adjusted p-values: [emp=0.855721, beta=0.834982]

Processing phenotype [ENSG00000254004.2] [65/216]
  * #variants in cis = 9
  * Best hit: [id=19_internal_10163, d=0, pv=0.00891763, s=0.2884]
  * Beta parameters: [s1=0.987692, s2=8.01352]
  * Adjusted p-values: [emp=0.0945274, beta=0.0862805]

Processing phenotype [ENSG00000233527.3] [66/216]
  * #variants in cis = 9
  * Best hit: [id=19_internal_8752, d=-193199, pv=0.032457, s=0.2246]
  * Beta parameters: [s1=0.813779, s2=9.14905]
  * Adjusted p-values: [emp=0.268657, beta=0.266812]

Processing phenotype [ENSG00000161298.12] [67/216]
  * #variants in cis = 9
  * Best hit: [id=19_internal_10163, d=0, pv=0.00287972, s=0.3241]
  * Beta parameters: [s1=1.04251, s2=8.39971]
  * Adjusted p-values: [emp=0.039801, beta=0.0376561]

Processing phenotype [ENSG00000186020.8] [68/216]
  * #variants in cis = 9
  * Best hit: [id=19_internal_7366, d=0, pv=1.43262e-07, s=0.5153]
  * Beta parameters: [s1=1.05255, s2=8.00621]
  * Adjusted p-values: [emp=0.00497512, beta=4.49553e-07]

Processing phenotype [ENSG00000266935.1] [69/216]
  * #variants in cis = 9
  * Best hit: [id=19_internal_8752, d=-248922, pv=0.0372413, s=0.2250]
  * Beta parameters: [s1=0.977043, s2=7.76902]
  * Adjusted p-values: [emp=0.288557, beta=0.275788]

Processing phenotype [ENSG00000197808.7] [70/216]
  * #variants in cis = 8
  * Best hit: [id=19_internal_10163, d=0, pv=4.54544e-05, s=0.4244]
  * Beta parameters: [s1=1.01916, s2=7.75628]
  * Adjusted p-values: [emp=0.00497512, beta=0.000691782]

Processing phenotype [ENSG00000225975.2] [71/216]
  * #variants in cis = 8
  * Best hit: [id=19_internal_7366, d=0, pv=0.0759178, s=0.1955]
  * Beta parameters: [s1=0.926359, s2=8.20477]
  * Adjusted p-values: [emp=0.393035, beta=0.428841]

Processing phenotype [ENSG00000189042.9] [72/216]
  * #variants in cis = 8
  * Best hit: [id=19_internal_6512, d=-557820, pv=0.116734, s=0.1714]
  * Beta parameters: [s1=0.844819, s2=7.99794]
  * Adjusted p-values: [emp=0.562189, beta=0.58047]

Processing phenotype [ENSG00000267041.1] [73/216]
  * #variants in cis = 8
  * Best hit: [id=19_internal_10163, d=0, pv=0.106712, s=0.1651]
  * Beta parameters: [s1=1.0139, s2=7.14064]
  * Adjusted p-values: [emp=0.60199, beta=0.582498]

Processing phenotype [ENSG00000267260.1] [74/216]
  * #variants in cis = 8
  * Best hit: [id=19_internal_7366, d=0, pv=0.00576421, s=0.2715]
  * Beta parameters: [s1=1.01678, s2=8.74446]
  * Adjusted p-values: [emp=0.0497512, beta=0.0408881]

Processing phenotype [ENSG00000267353.1] [75/216]
  * #variants in cis = 8
  * Best hit: [id=19_internal_7366, d=0, pv=0.036182, s=0.2128]
  * Beta parameters: [s1=1.01795, s2=7.73054]
  * Adjusted p-values: [emp=0.263682, beta=0.273282]

Processing phenotype [ENSG00000267254.1] [76/216]
  * #variants in cis = 8
  * Best hit: [id=19_internal_10163, d=0, pv=0.00090596, s=0.3416]
  * Beta parameters: [s1=1.02791, s2=7.14797]
  * Adjusted p-values: [emp=0.0149254, beta=0.00703078]

Processing phenotype [ENSG00000251247.5] [77/216]
  * #variants in cis = 7
  * Best hit: [id=19_internal_10163, d=0, pv=0.0123435, s=0.2629]
  * Beta parameters: [s1=1.04791, s2=7.86225]
  * Adjusted p-values: [emp=0.0895522, beta=0.0803444]

Processing phenotype [ENSG00000197863.4] [78/216]
  * #variants in cis = 7
  * Best hit: [id=19_internal_10163, d=0, pv=7.89503e-05, s=0.3765]
  * Beta parameters: [s1=0.978109, s2=6.41335]
  * Adjusted p-values: [emp=0.00497512, beta=0.000553747]

Processing phenotype [ENSG00000206669.1] [79/216]
  * #variants in cis = 7
  * Best hit: [id=19_internal_8325, d=643601, pv=0.194541, s=-0.1298]
  * Beta parameters: [s1=1.08877, s2=6.23822]
  * Adjusted p-values: [emp=0.771144, beta=0.756714]

Processing phenotype [ENSG00000185869.9] [80/216]
  * #variants in cis = 7
  * Best hit: [id=19_internal_10163, d=0, pv=0.020657, s=0.2699]
  * Beta parameters: [s1=1.01539, s2=8.4071]
  * Adjusted p-values: [emp=0.104478, beta=0.110313]

Processing phenotype [ENSG00000198453.8] [81/216]
  * #variants in cis = 7
  * Best hit: [id=19_internal_8325, d=-701601, pv=0.050656, s=-0.2194]
  * Beta parameters: [s1=0.966279, s2=5.76085]
  * Adjusted p-values: [emp=0.313433, beta=0.334783]

Processing phenotype [ENSG00000197050.6] [82/216]
  * #variants in cis = 7
  * Best hit: [id=19_internal_10163, d=0, pv=0.321124, s=0.1092]
  * Beta parameters: [s1=0.95109, s2=7.53641]
  * Adjusted p-values: [emp=0.955224, beta=0.942458]

Processing phenotype [ENSG00000267345.1] [83/216]
  * #variants in cis = 8
  * Best hit: [id=19_internal_8325, d=863877, pv=0.120045, s=-0.1751]
  * Beta parameters: [s1=1.10155, s2=7.74134]
  * Adjusted p-values: [emp=0.666667, beta=0.663555]

Processing phenotype [ENSG00000267672.1] [84/216]
  * #variants in cis = 8
  * Best hit: [id=19_internal_8237, d=966471, pv=0.0798489, s=-0.1577]
  * Beta parameters: [s1=1.02814, s2=7.47569]
  * Adjusted p-values: [emp=0.422886, beta=0.446645]

Processing phenotype [ENSG00000267437.1] [85/216]
  * #variants in cis = 7
  * Best hit: [id=19_internal_8432, d=-789222, pv=0.292647, s=0.1078]
  * Beta parameters: [s1=1.02369, s2=6.55866]
  * Adjusted p-values: [emp=0.895522, beta=0.899121]

Processing phenotype [ENSG00000196967.5] [86/216]
  * #variants in cis = 7
  * Best hit: [id=19_internal_10163, d=0, pv=0.00485332, s=0.2924]
  * Beta parameters: [s1=0.912045, s2=9.1499]
  * Adjusted p-values: [emp=0.0298507, beta=0.0230246]

Processing phenotype [ENSG00000267360.1] [87/216]
  * #variants in cis = 7
  * Best hit: [id=19_internal_10163, d=0, pv=0.014862, s=0.2696]
  * Beta parameters: [s1=1.05058, s2=6.81633]
  * Adjusted p-values: [emp=0.079602, beta=0.0850327]

Processing phenotype [ENSG00000188283.7] [88/216]
  * #variants in cis = 6
  * Best hit: [id=19_internal_8237, d=839886, pv=0.049824, s=-0.1988]
  * Maximum Likelihood estimation failed, use Moment Matching instead!
  * Beta parameters: [s1=0.99991, s2=5.36504]
  * Adjusted p-values: [emp=0.288557, beta=0.246293]

Processing phenotype [ENSG00000245680.5] [89/216]
  * #variants in cis = 6
  * Best hit: [id=19_internal_10163, d=0, pv=0.00181887, s=0.3508]
  * Maximum Likelihood estimation failed, use Moment Matching instead!
  * Beta parameters: [s1=0.999938, s2=4.69683]
  * Adjusted p-values: [emp=0.0149254, beta=0.0177412]

Processing phenotype [ENSG00000181666.13] [90/216]
  * #variants in cis = 8
  * Best hit: [id=19_internal_10163, d=0, pv=5.60053e-06, s=0.4714]
  * Beta parameters: [s1=1.01609, s2=7.05311]
  * Adjusted p-values: [emp=0.00497512, beta=6.77224e-05]

Processing phenotype [ENSG00000267682.1] [91/216]
  * #variants in cis = 8
  * Best hit: [id=19_internal_8347, d=588505, pv=0.140751, s=-0.1428]
  * Beta parameters: [s1=1.12383, s2=7.58267]
  * Adjusted p-values: [emp=0.666667, beta=0.646737]

Processing phenotype [ENSG00000189164.10] [92/216]
  * #variants in cis = 8
  * Best hit: [id=19_internal_10163, d=0, pv=0.0270137, s=0.2489]
  * Beta parameters: [s1=0.8318, s2=8.32758]
  * Adjusted p-values: [emp=0.273632, beta=0.26393]

Processing phenotype [ENSG00000171827.6] [93/216]
  * #variants in cis = 8
  * Best hit: [id=19_internal_7366, d=0, pv=0.000304834, s=0.3795]
  * Beta parameters: [s1=0.968043, s2=7.95754]
  * Adjusted p-values: [emp=0.00497512, beta=0.0022779]

Processing phenotype [ENSG00000196437.6] [94/216]
  * #variants in cis = 8
  * Best hit: [id=19_internal_10163, d=0, pv=0.141222, s=0.1676]
  * Beta parameters: [s1=1.01136, s2=7.43108]
  * Adjusted p-values: [emp=0.671642, beta=0.666176]

Processing phenotype [ENSG00000267381.1] [95/216]
  * #variants in cis = 8
  * Best hit: [id=19_internal_9320, d=774669, pv=0.0393449, s=0.2156]
  * Beta parameters: [s1=0.974395, s2=7.5567]
  * Adjusted p-values: [emp=0.298507, beta=0.272234]

Processing phenotype [ENSG00000188227.8] [96/216]
  * #variants in cis = 8
  * Best hit: [id=19_internal_10163, d=0, pv=1.38556e-06, s=0.4788]
  * Beta parameters: [s1=1.0525, s2=6.01644]
  * Adjusted p-values: [emp=0.00497512, beta=2.94143e-05]

Processing phenotype [ENSG00000266916.1] [97/216]
  * #variants in cis = 8
  * Best hit: [id=19_internal_10163, d=0, pv=0.00298424, s=0.3013]
  * Beta parameters: [s1=1.01385, s2=6.81389]
  * Adjusted p-values: [emp=0.0447761, beta=0.0322978]

Processing phenotype [ENSG00000267470.1] [98/216]
  * #variants in cis = 9
  * Best hit: [id=19_internal_7366, d=0, pv=0.00222321, s=0.3313]
  * Beta parameters: [s1=0.901151, s2=9.27047]
  * Adjusted p-values: [emp=0.039801, beta=0.025458]

Processing phenotype [ENSG00000180458.2] [99/216]
  * #variants in cis = 9
  * Best hit: [id=19_internal_10163, d=0, pv=0.00610247, s=0.3160]
  * Beta parameters: [s1=0.992222, s2=8.8249]
  * Adjusted p-values: [emp=0.0547264, beta=0.0488921]

Processing phenotype [ENSG00000171817.12] [100/216]
  * #variants in cis = 9
  * Best hit: [id=19_internal_7366, d=0, pv=0.00491122, s=0.3044]
  * Beta parameters: [s1=0.951346, s2=7.46363]
  * Adjusted p-values: [emp=0.0597015, beta=0.0452392]

Processing phenotype [ENSG00000180479.9] [101/216]
  * #variants in cis = 9
  * Best hit: [id=19_internal_10163, d=0, pv=0.0015301, s=0.3402]
  * Beta parameters: [s1=1.03315, s2=8.6055]
  * Adjusted p-values: [emp=0.00995025, beta=0.0139574]

Processing phenotype [ENSG00000196381.5] [102/216]
  * #variants in cis = 10
  * Best hit: [id=19_internal_10163, d=0, pv=0.00274958, s=0.3182]
  * Beta parameters: [s1=0.944785, s2=11.585]
  * Adjusted p-values: [emp=0.0149254, beta=0.0198971]

Processing phenotype [ENSG00000120784.11] [103/216]
  * #variants in cis = 10
  * Best hit: [id=19_internal_8237, d=-365476, pv=0.0898867, s=0.1668]
  * Beta parameters: [s1=0.904009, s2=9.51924]
  * Adjusted p-values: [emp=0.61194, beta=0.603834]

Processing phenotype [ENSG00000267552.1] [104/216]
  * #variants in cis = 10
  * Best hit: [id=19_internal_10163, d=0, pv=0.00145642, s=0.3549]
  * Beta parameters: [s1=1.02382, s2=8.72772]
  * Adjusted p-values: [emp=0.00995025, beta=0.00711272]

Processing phenotype [ENSG00000198182.7] [105/216]
  * #variants in cis = 10
  * Best hit: [id=19_internal_10163, d=0, pv=9.86177e-06, s=0.4522]
  * Beta parameters: [s1=1.02517, s2=8.57922]
  * Adjusted p-values: [emp=0.00497512, beta=0.000131799]

Processing phenotype [ENSG00000267152.1] [106/216]
  * #variants in cis = 10
  * Best hit: [id=19_internal_6937, d=-577206, pv=0.0854419, s=-0.1895]
  * Beta parameters: [s1=1.01662, s2=11.3252]
  * Adjusted p-values: [emp=0.606965, beta=0.581672]

Processing phenotype [ENSG00000267422.1] [107/216]
  * #variants in cis = 10
  * Best hit: [id=19_internal_7366, d=0, pv=0.000598034, s=0.3780]
  * Beta parameters: [s1=0.868917, s2=9.46825]
  * Adjusted p-values: [emp=0.0199005, beta=0.00759627]

Processing phenotype [ENSG00000189144.8] [108/216]
  * #variants in cis = 10
  * Best hit: [id=19_internal_10163, d=36576, pv=0.00636222, s=0.3102]
  * Beta parameters: [s1=1.01389, s2=9.11799]
  * Adjusted p-values: [emp=0.0646766, beta=0.0567188]

Processing phenotype [ENSG00000267640.1] [109/216]
  * #variants in cis = 10
  * Best hit: [id=19_internal_7366, d=-36848, pv=0.025307, s=0.2526]
  * Beta parameters: [s1=1.05836, s2=9.69106]
  * Adjusted p-values: [emp=0.208955, beta=0.21015]

Processing phenotype [ENSG00000105738.6] [110/216]
  * #variants in cis = 10
  * Best hit: [id=19_internal_6563, d=494960, pv=0.282024, s=-0.1158]
  * Beta parameters: [s1=0.93156, s2=8.65788]
  * Adjusted p-values: [emp=0.955224, beta=0.958158]

Processing phenotype [ENSG00000268051.1] [111/216]
  * #variants in cis = 10
  * Best hit: [id=19_internal_7366, d=-183342, pv=0.141941, s=0.1514]
  * Beta parameters: [s1=1.08376, s2=10.8255]
  * Adjusted p-values: [emp=0.771144, beta=0.755171]

Processing phenotype [ENSG00000268764.1] [112/216]
  * #variants in cis = 10
  * Best hit: [id=19_internal_9320, d=-153397, pv=0.130347, s=-0.1504]
  * Beta parameters: [s1=0.929649, s2=9.01531]
  * Adjusted p-values: [emp=0.741294, beta=0.727169]

Processing phenotype [ENSG00000269653.1] [113/216]
  * #variants in cis = 10
  * Best hit: [id=19_internal_7366, d=-403865, pv=0.278243, s=-0.1171]
  * Beta parameters: [s1=0.926146, s2=10.2165]
  * Adjusted p-values: [emp=0.965174, beta=0.958696]

Processing phenotype [ENSG00000268499.1] [114/216]
  * #variants in cis = 10
  * Best hit: [id=19_internal_8237, d=-126688, pv=0.080948, s=0.1829]
  * Beta parameters: [s1=0.912206, s2=10.2422]
  * Adjusted p-values: [emp=0.537313, beta=0.582944]

Processing phenotype [ENSG00000266428.1] [115/216]
  * #variants in cis = 10
  * Best hit: [id=19_internal_6937, d=107876, pv=0.021958, s=0.2065]
  * Beta parameters: [s1=1.04582, s2=9.83539]
  * Adjusted p-values: [emp=0.159204, beta=0.166428]

Processing phenotype [ENSG00000167642.7] [116/216]
  * #variants in cis = 10
  * Best hit: [id=19_internal_9320, d=18895, pv=0.0420221, s=0.2054]
  * Beta parameters: [s1=1.12142, s2=10.2149]
  * Adjusted p-values: [emp=0.393035, beta=0.347006]

Processing phenotype [ENSG00000267748.1] [117/216]
  * #variants in cis = 10
  * Best hit: [id=19_internal_9320, d=0, pv=0.0989201, s=0.1701]
  * Beta parameters: [s1=1.05406, s2=9.53211]
  * Adjusted p-values: [emp=0.646766, beta=0.648716]

Processing phenotype [ENSG00000167644.6] [118/216]
  * #variants in cis = 10
  * Best hit: [id=19_internal_9320, d=-14662, pv=0.100104, s=0.1781]
  * Beta parameters: [s1=0.943599, s2=9.49967]
  * Adjusted p-values: [emp=0.656716, beta=0.650706]

Processing phenotype [ENSG00000167645.12] [119/216]
  * #variants in cis = 10
  * Best hit: [id=19_internal_10163, d=536549, pv=0.194849, s=0.1384]
  * Beta parameters: [s1=0.911586, s2=12.4491]
  * Adjusted p-values: [emp=0.875622, beta=0.90133]

Processing phenotype [ENSG00000099337.3] [120/216]
  * #variants in cis = 10
  * Best hit: [id=19_internal_8237, d=-246696, pv=0.0748628, s=0.1899]
  * Beta parameters: [s1=0.969873, s2=11.787]
  * Adjusted p-values: [emp=0.517413, beta=0.529259]

Processing phenotype [ENSG00000268913.1] [121/216]
  * #variants in cis = 11
  * Best hit: [id=19_internal_7366, d=-551123, pv=0.0428643, s=0.1946]
  * Beta parameters: [s1=1.07414, s2=10.9787]
  * Adjusted p-values: [emp=0.343284, beta=0.352373]

Processing phenotype [ENSG00000099338.16] [122/216]
  * #variants in cis = 11
  * Best hit: [id=19_internal_6563, d=66413, pv=0.0469604, s=0.1962]
  * Beta parameters: [s1=1.02435, s2=12.4204]
  * Adjusted p-values: [emp=0.41791, beta=0.415636]

Processing phenotype [ENSG00000238838.1] [123/216]
  * #variants in cis = 11
  * Best hit: [id=19_internal_8152, d=-187701, pv=0.139563, s=-0.1347]
  * Beta parameters: [s1=0.958161, s2=9.44599]
  * Adjusted p-values: [emp=0.751244, beta=0.790731]

Processing phenotype [ENSG00000266963.1] [124/216]
  * #variants in cis = 11
  * Best hit: [id=19_internal_6563, d=-39704, pv=0.0644295, s=0.1859]
  * Beta parameters: [s1=1.05342, s2=9.5923]
  * Adjusted p-values: [emp=0.527363, beta=0.513559]

Processing phenotype [ENSG00000099341.6] [125/216]
  * #variants in cis = 11
  * Best hit: [id=19_internal_9320, d=-85037, pv=0.123119, s=-0.1591]
  * Beta parameters: [s1=1.0198, s2=10.728]
  * Adjusted p-values: [emp=0.761194, beta=0.753331]

Processing phenotype [ENSG00000267090.1] [126/216]
  * #variants in cis = 11
  * Best hit: [id=19_internal_7366, d=-605011, pv=0.0158715, s=-0.2521]
  * Beta parameters: [s1=1.19022, s2=11.9806]
  * Adjusted p-values: [emp=0.164179, beta=0.136553]

Processing phenotype [ENSG00000179168.10] [127/216]
  * #variants in cis = 11
  * Best hit: [id=19_internal_8152, d=-148729, pv=0.0481276, s=0.2043]
  * Beta parameters: [s1=0.964431, s2=13.496]
  * Adjusted p-values: [emp=0.472637, beta=0.476202]

Processing phenotype [ENSG00000188766.7] [128/216]
  * #variants in cis = 12
  * Best hit: [id=19_internal_10163, d=-607697, pv=0.0182585, s=0.2177]
  * Beta parameters: [s1=1.08136, s2=11.5003]
  * Adjusted p-values: [emp=0.18408, beta=0.194754]

Processing phenotype [ENSG00000267473.1] [129/216]
  * #variants in cis = 12
  * Best hit: [id=19_internal_10163, d=-617457, pv=0.11486, s=0.1652]
  * Beta parameters: [s1=1.10057, s2=11.7441]
  * Adjusted p-values: [emp=0.766169, beta=0.753008]

Processing phenotype [ENSG00000130244.8] [130/216]
  * #variants in cis = 12
  * Best hit: [id=19_internal_8152, d=133676, pv=0.0680223, s=0.1891]
  * Beta parameters: [s1=1.09035, s2=10.245]
  * Adjusted p-values: [emp=0.542289, beta=0.522927]

Processing phenotype [ENSG00000171777.11] [131/216]
  * #variants in cis = 12
  * Best hit: [id=19_internal_7366, d=645794, pv=0.00445703, s=-0.2976]
  * Beta parameters: [s1=0.900884, s2=15.1777]
  * Adjusted p-values: [emp=0.0547264, beta=0.0382062]

Processing phenotype [ENSG00000196218.7] [132/216]
  * #variants in cis = 13
  * Best hit: [id=19_internal_7366, d=-653188, pv=0.119805, s=-0.1581]
  * Beta parameters: [s1=0.985843, s2=13.2892]
  * Adjusted p-values: [emp=0.791045, beta=0.77858]

Processing phenotype [ENSG00000267291.1] [133/216]
  * #variants in cis = 13
  * Best hit: [id=19_internal_7366, d=-815835, pv=0.0866307, s=0.1733]
  * Beta parameters: [s1=1.03897, s2=12.2663]
  * Adjusted p-values: [emp=0.711443, beta=0.673181]

Processing phenotype [ENSG00000104814.8] [134/216]
  * #variants in cis = 13
  * Best hit: [id=19_internal_8237, d=545734, pv=0.0214205, s=-0.2559]
  * Beta parameters: [s1=0.893689, s2=13.4912]
  * Adjusted p-values: [emp=0.208955, beta=0.21087]

Processing phenotype [ENSG00000178982.5] [135/216]
  * #variants in cis = 13
  * Best hit: [id=19_internal_7366, d=-838584, pv=0.3094, s=-0.1097]
  * Beta parameters: [s1=1.04595, s2=12.9768]
  * Adjusted p-values: [emp=0.995025, beta=0.992962]

Processing phenotype [ENSG00000130402.7] [136/216]
  * #variants in cis = 13
  * Best hit: [id=19_internal_6397, d=0, pv=6.44625e-05, s=0.4161]
  * Beta parameters: [s1=1.12856, s2=14.207]
  * Adjusted p-values: [emp=0.00497512, beta=0.000433993]

Processing phenotype [ENSG00000182472.4] [137/216]
  * #variants in cis = 14
  * Best hit: [id=19_internal_6397, d=69757, pv=0.0123151, s=0.2728]
  * Beta parameters: [s1=0.963482, s2=13.4294]
  * Adjusted p-values: [emp=0.114428, beta=0.125214]

Processing phenotype [ENSG00000171747.4] [138/216]
  * #variants in cis = 12
  * Best hit: [id=19_internal_5928, d=-575035, pv=0.0108755, s=-0.2508]
  * Beta parameters: [s1=1.12463, s2=13.0444]
  * Adjusted p-values: [emp=0.0895522, beta=0.106821]

Processing phenotype [ENSG00000268756.1] [139/216]
  * #variants in cis = 12
  * Best hit: [id=19_internal_8432, d=-833128, pv=0.192597, s=-0.1331]
  * Beta parameters: [s1=1.00392, s2=8.01166]
  * Adjusted p-values: [emp=0.860697, beta=0.886436]

Processing phenotype [ENSG00000104823.4] [140/216]
  * #variants in cis = 12
  * Best hit: [id=19_internal_6937, d=507705, pv=0.01393, s=-0.2675]
  * Beta parameters: [s1=0.997855, s2=9.16169]
  * Adjusted p-values: [emp=0.169154, beta=0.152625]

Processing phenotype [ENSG00000268083.1] [141/216]
  * #variants in cis = 12
  * Best hit: [id=19_internal_6937, d=515878, pv=0.141419, s=-0.1675]
  * Beta parameters: [s1=1.06559, s2=10.4715]
  * Adjusted p-values: [emp=0.78607, beta=0.78284]

Processing phenotype [ENSG00000269688.1] [142/216]
  * #variants in cis = 12
  * Best hit: [id=19_internal_6563, d=418499, pv=0.107978, s=0.1675]
  * Beta parameters: [s1=1.08915, s2=12.7009]
  * Adjusted p-values: [emp=0.741294, beta=0.711945]

Processing phenotype [ENSG00000104824.10] [143/216]
  * #variants in cis = 12
  * Best hit: [id=19_internal_5928, d=-536052, pv=0.183105, s=0.1490]
  * Beta parameters: [s1=1.05185, s2=11.2795]
  * Adjusted p-values: [emp=0.890547, beta=0.889633]

Processing phenotype [ENSG00000269050.1] [144/216]
  * #variants in cis = 12
  * Best hit: [id=19_internal_8237, d=-797011, pv=0.0824357, s=-0.1752]
  * Beta parameters: [s1=1.10186, s2=11.4096]
  * Adjusted p-values: [emp=0.646766, beta=0.613213]

Processing phenotype [ENSG00000187994.8] [145/216]
  * #variants in cis = 12
  * Best hit: [id=19_internal_5985, d=-444686, pv=0.032334, s=-0.2314]
  * Beta parameters: [s1=1.04058, s2=10.7654]
  * Adjusted p-values: [emp=0.318408, beta=0.319809]

Processing phenotype [ENSG00000104825.12] [146/216]
  * #variants in cis = 12
  * Best hit: [id=19_internal_8237, d=-826552, pv=0.0294479, s=-0.2339]
  * Beta parameters: [s1=0.952714, s2=13.7507]
  * Adjusted p-values: [emp=0.293532, beta=0.259662]

Processing phenotype [ENSG00000068903.15] [147/216]
  * #variants in cis = 12
  * Best hit: [id=19_internal_8237, d=826714, pv=0.0591516, s=-0.1973]
  * Beta parameters: [s1=1.19784, s2=10.9661]
  * Adjusted p-values: [emp=0.587065, beta=0.546692]

Processing phenotype [ENSG00000262484.1] [148/216]
  * #variants in cis = 12
  * Best hit: [id=19_internal_9320, d=622659, pv=0.0136038, s=-0.2555]
  * Beta parameters: [s1=0.919374, s2=9.4242]
  * Adjusted p-values: [emp=0.19403, beta=0.181741]

Processing phenotype [ENSG00000128626.7] [149/216]
  * #variants in cis = 13
  * Best hit: [id=19_internal_6397, d=-230401, pv=0.0769366, s=-0.1915]
  * Beta parameters: [s1=0.993857, s2=10.2103]
  * Adjusted p-values: [emp=0.631841, beta=0.638408]

Processing phenotype [ENSG00000269486.1] [150/216]
  * #variants in cis = 13
  * Best hit: [id=19_internal_6937, d=614332, pv=0.25238, s=0.1269]
  * Beta parameters: [s1=1.03217, s2=12.6984]
  * Adjusted p-values: [emp=0.99005, beta=0.96916]

Processing phenotype [ENSG00000269547.1] [151/216]
  * #variants in cis = 13
  * Best hit: [id=19_internal_6123, d=-785169, pv=0.0782682, s=0.1956]
  * Beta parameters: [s1=1.03542, s2=13.7958]
  * Adjusted p-values: [emp=0.59204, beta=0.576966]

Processing phenotype [ENSG00000104835.10] [152/216]
  * #variants in cis = 13
  * Best hit: [id=19_internal_8432, d=962817, pv=0.0543274, s=-0.2125]
  * Beta parameters: [s1=1.09587, s2=12.4637]
  * Adjusted p-values: [emp=0.517413, beta=0.484402]

Processing phenotype [ENSG00000130669.13] [153/216]
  * #variants in cis = 10
  * Best hit: [id=19_internal_9337, d=304353, pv=0.0155765, s=-0.2667]
  * Beta parameters: [s1=0.975359, s2=10.7844]
  * Adjusted p-values: [emp=0.139303, beta=0.135251]

Processing phenotype [ENSG00000268510.1] [154/216]
  * #variants in cis = 10
  * Best hit: [id=19_internal_6937, d=912993, pv=0.0431621, s=-0.2268]
  * Beta parameters: [s1=1.06671, s2=7.36433]
  * Adjusted p-values: [emp=0.378109, beta=0.366086]

Processing phenotype [ENSG00000182393.2] [155/216]
  * #variants in cis = 9
  * Best hit: [id=19_internal_9337, d=133798, pv=0.174209, s=0.1495]
  * Beta parameters: [s1=1.01538, s2=8.06563]
  * Adjusted p-values: [emp=0.810945, beta=0.815587]

Processing phenotype [ENSG00000128011.4] [156/216]
  * #variants in cis = 9
  * Best hit: [id=19_internal_6397, d=615189, pv=0.30008, s=0.1045]
  * Beta parameters: [s1=1.03168, s2=9.40383]
  * Adjusted p-values: [emp=0.965174, beta=0.961035]

Processing phenotype [ENSG00000268262.1] [157/216]
  * #variants in cis = 9
  * Best hit: [id=19_internal_5985, d=-2107, pv=0.150438, s=-0.1479]
  * Beta parameters: [s1=0.94551, s2=10.7014]
  * Adjusted p-values: [emp=0.726368, beta=0.778413]

Processing phenotype [ENSG00000269246.1] [158/216]
  * #variants in cis = 8
  * Best hit: [id=19_internal_6397, d=641798, pv=0.064634, s=0.1915]
  * Beta parameters: [s1=0.996054, s2=8.08452]
  * Adjusted p-values: [emp=0.383085, beta=0.368688]

Processing phenotype [ENSG00000130755.8] [159/216]
  * #variants in cis = 8
  * Best hit: [id=19_internal_8152, d=776088, pv=0.0721424, s=0.2112]
  * Beta parameters: [s1=0.92624, s2=8.45213]
  * Adjusted p-values: [emp=0.437811, beta=0.416395]

Processing phenotype [ENSG00000179134.10] [160/216]
  * #variants in cis = 8
  * Best hit: [id=19_internal_6123, d=392628, pv=0.104633, s=-0.1494]
  * Beta parameters: [s1=0.993746, s2=9.1174]
  * Adjusted p-values: [emp=0.562189, beta=0.544417]

Processing phenotype [ENSG00000006712.10] [161/216]
  * #variants in cis = 8
  * Best hit: [id=19_internal_8152, d=824911, pv=0.299179, s=-0.1041]
  * Beta parameters: [s1=1.0083, s2=8.5362]
  * Adjusted p-values: [emp=0.935323, beta=0.9368]

Processing phenotype [ENSG00000063322.8] [162/216]
  * #variants in cis = 8
  * Best hit: [id=19_internal_6123, d=343721, pv=0.0494843, s=-0.2102]
  * Beta parameters: [s1=1.05289, s2=7.34252]
  * Adjusted p-values: [emp=0.348259, beta=0.327985]

Processing phenotype [ENSG00000128016.4] [163/216]
  * #variants in cis = 8
  * Best hit: [id=19_internal_6397, d=-706666, pv=0.00101626, s=0.3566]
  * Beta parameters: [s1=0.9231, s2=8.42645]
  * Adjusted p-values: [emp=0.0149254, beta=0.00608262]

Processing phenotype [ENSG00000090924.9] [164/216]
  * #variants in cis = 8
  * Best hit: [id=19_internal_6123, d=322439, pv=0.165975, s=-0.1543]
  * Beta parameters: [s1=0.942694, s2=6.13427]
  * Adjusted p-values: [emp=0.746269, beta=0.749767]

Processing phenotype [ENSG00000269410.1] [165/216]
  * #variants in cis = 9
  * Best hit: [id=19_internal_6397, d=-725788, pv=0.0979235, s=0.1665]
  * Beta parameters: [s1=0.956884, s2=8.49861]
  * Adjusted p-values: [emp=0.552239, beta=0.559944]

Processing phenotype [ENSG00000105193.4] [166/216]
  * #variants in cis = 9
  * Best hit: [id=19_internal_6397, d=735801, pv=0.018894, s=-0.2550]
  * Beta parameters: [s1=1.1205, s2=7.22883]
  * Adjusted p-values: [emp=0.174129, beta=0.159432]

Processing phenotype [ENSG00000196235.9] [167/216]
  * #variants in cis = 9
  * Best hit: [id=19_internal_9337, d=0, pv=0.0494362, s=0.2053]
  * Beta parameters: [s1=0.952049, s2=9.75772]
  * Adjusted p-values: [emp=0.373134, beta=0.348587]

Processing phenotype [ENSG00000105197.5] [168/216]
  * #variants in cis = 11
  * Best hit: [id=19_internal_9337, d=0, pv=0.0279794, s=0.2474]
  * Beta parameters: [s1=1.06463, s2=11.4795]
  * Adjusted p-values: [emp=0.19403, beta=0.195918]

Processing phenotype [ENSG00000269792.1] [169/216]
  * #variants in cis = 11
  * Best hit: [id=19_internal_5985, d=-117625, pv=0.00209692, s=-0.3454]
  * Beta parameters: [s1=0.989476, s2=11.1358]
  * Adjusted p-values: [emp=0.0298507, beta=0.0135191]

Processing phenotype [ENSG00000176401.5] [170/216]
  * #variants in cis = 11
  * Best hit: [id=19_internal_5985, d=118067, pv=0.128795, s=-0.1603]
  * Beta parameters: [s1=1.03912, s2=10.4258]
  * Adjusted p-values: [emp=0.791045, beta=0.786511]

Processing phenotype [ENSG00000176396.9] [171/216]
  * #variants in cis = 11
  * Best hit: [id=19_internal_9337, d=36728, pv=0.0172095, s=0.2521]
  * Beta parameters: [s1=0.930366, s2=11.7528]
  * Adjusted p-values: [emp=0.169154, beta=0.155974]

Processing phenotype [ENSG00000226025.4] [172/216]
  * #variants in cis = 11
  * Best hit: [id=19_internal_6123, d=55650, pv=0.00654507, s=0.2972]
  * Beta parameters: [s1=1.03381, s2=9.09326]
  * Adjusted p-values: [emp=0.0746269, beta=0.0621742]

Processing phenotype [ENSG00000269460.1] [173/216]
  * #variants in cis = 11
  * Best hit: [id=19_internal_8154, d=790413, pv=0.0877265, s=-0.1804]
  * Beta parameters: [s1=1.07672, s2=11.9364]
  * Adjusted p-values: [emp=0.666667, beta=0.644181]

Processing phenotype [ENSG00000268088.1] [174/216]
  * #variants in cis = 11
  * Best hit: [id=19_internal_6123, d=41099, pv=0.228918, s=0.1272]
  * Beta parameters: [s1=1.04828, s2=8.6605]
  * Adjusted p-values: [emp=0.900498, beta=0.920583]

Processing phenotype [ENSG00000006659.8] [175/216]
  * #variants in cis = 10
  * Best hit: [id=19_internal_9337, d=-200804, pv=0.0463173, s=-0.2029]
  * Beta parameters: [s1=1.02285, s2=10.7514]
  * Adjusted p-values: [emp=0.368159, beta=0.380173]

Processing phenotype [ENSG00000105205.6] [176/216]
  * #variants in cis = 10
  * Best hit: [id=19_internal_5985, d=323241, pv=0.0387305, s=-0.2371]
  * Beta parameters: [s1=0.990126, s2=9.91153]
  * Adjusted p-values: [emp=0.263682, beta=0.272344]

Processing phenotype [ENSG00000105204.9] [177/216]
  * #variants in cis = 11
  * Best hit: [id=19_internal_6123, d=67233, pv=0.0192362, s=0.2717]
  * Beta parameters: [s1=0.945239, s2=10.1867]
  * Adjusted p-values: [emp=0.179104, beta=0.178127]

Processing phenotype [ENSG00000105202.3] [178/216]
  * #variants in cis = 12
  * Best hit: [id=19_internal_6498, d=-588595, pv=0.0369892, s=0.2157]
  * Beta parameters: [s1=0.917484, s2=11.0319]
  * Adjusted p-values: [emp=0.363184, beta=0.320023]

Processing phenotype [ENSG00000090920.9] [179/216]
  * #variants in cis = 14
  * Best hit: [id=19_internal_8057, d=0, pv=9.97711e-07, s=0.5044]
  * Beta parameters: [s1=0.945398, s2=13.6403]
  * Adjusted p-values: [emp=0.00497512, beta=7.70853e-06]

Processing phenotype [ENSG00000187534.5] [180/216]
  * #variants in cis = 14
  * Best hit: [id=19_internal_6422, d=-878251, pv=0.142994, s=0.1597]
  * Beta parameters: [s1=0.879413, s2=13.193]
  * Adjusted p-values: [emp=0.825871, beta=0.86649]

Processing phenotype [ENSG00000013275.3] [181/216]
  * #variants in cis = 14
  * Best hit: [id=19_internal_8891, d=877292, pv=0.0056274, s=-0.2728]
  * Beta parameters: [s1=0.899205, s2=13.6888]
  * Adjusted p-values: [emp=0.0995025, beta=0.0814023]

Processing phenotype [ENSG00000187187.9] [182/216]
  * #variants in cis = 14
  * Best hit: [id=19_internal_8355, d=419393, pv=0.0122701, s=-0.2748]
  * Beta parameters: [s1=0.970905, s2=15.0935]
  * Adjusted p-values: [emp=0.139303, beta=0.121083]

Processing phenotype [ENSG00000268166.1] [183/216]
  * #variants in cis = 14
  * Best hit: [id=19_internal_6422, d=801593, pv=0.140158, s=0.1615]
  * Beta parameters: [s1=1.02919, s2=11.1729]
  * Adjusted p-values: [emp=0.820896, beta=0.845176]

Processing phenotype [ENSG00000269069.1] [184/216]
  * #variants in cis = 14
  * Best hit: [id=19_internal_8355, d=-378025, pv=0.161139, s=-0.1437]
  * Beta parameters: [s1=1.05807, s2=13.6042]
  * Adjusted p-values: [emp=0.895522, beta=0.887965]

Processing phenotype [ENSG00000128000.11] [185/216]
  * #variants in cis = 14
  * Best hit: [id=19_internal_6422, d=-765769, pv=0.0711085, s=0.1986]
  * Beta parameters: [s1=0.974854, s2=14.0941]
  * Adjusted p-values: [emp=0.59204, beta=0.625196]

Processing phenotype [ENSG00000269296.1] [186/216]
  * #variants in cis = 14
  * Best hit: [id=19_internal_5928, d=-656183, pv=0.0939466, s=-0.1739]
  * Beta parameters: [s1=1.09992, s2=11.2857]
  * Adjusted p-values: [emp=0.721393, beta=0.712871]

Processing phenotype [ENSG00000269749.1] [187/216]
  * #variants in cis = 14
  * Best hit: [id=19_internal_6422, d=-731053, pv=0.0325432, s=0.2135]
  * Beta parameters: [s1=1.09049, s2=13.4193]
  * Adjusted p-values: [emp=0.343284, beta=0.320837]

Processing phenotype [ENSG00000197782.9] [188/216]
  * #variants in cis = 14
  * Best hit: [id=19_internal_8891, d=-757359, pv=0.098959, s=0.1569]
  * Beta parameters: [s1=1.09267, s2=12.5671]
  * Adjusted p-values: [emp=0.761194, beta=0.744209]

Processing phenotype [ENSG00000130758.3] [189/216]
  * #variants in cis = 14
  * Best hit: [id=19_internal_8057, d=-218980, pv=0.00419932, s=-0.2953]
  * Beta parameters: [s1=1.06022, s2=14.4312]
  * Adjusted p-values: [emp=0.039801, beta=0.0290709]

Processing phenotype [ENSG00000174521.7] [190/216]
  * #variants in cis = 14
  * Best hit: [id=19_internal_6123, d=466698, pv=0.181366, s=-0.1359]
  * Beta parameters: [s1=1.22251, s2=13.9475]
  * Adjusted p-values: [emp=0.935323, beta=0.937419]

Processing phenotype [ENSG00000105219.4] [191/216]
  * #variants in cis = 14
  * Best hit: [id=19_internal_8057, d=253926, pv=0.0423482, s=-0.1965]
  * Beta parameters: [s1=0.915913, s2=10.0807]
  * Adjusted p-values: [emp=0.447761, beta=0.481488]

Processing phenotype [ENSG00000205041.1] [192/216]
  * #variants in cis = 15
  * Best hit: [id=19_internal_8057, d=302715, pv=0.0707584, s=0.2012]
  * Beta parameters: [s1=0.965849, s2=10.5309]
  * Adjusted p-values: [emp=0.59204, beta=0.618858]

Processing phenotype [ENSG00000207631.1] [193/216]
  * #variants in cis = 15
  * Best hit: [id=19_internal_6498, d=-137101, pv=0.0471978, s=0.2080]
  * Beta parameters: [s1=0.9129, s2=23.6962]
  * Adjusted p-values: [emp=0.452736, beta=0.496277]

Processing phenotype [ENSG00000105221.11] [194/216]
  * #variants in cis = 15
  * Best hit: [id=19_internal_6339, d=-614253, pv=0.0828542, s=-0.1807]
  * Beta parameters: [s1=1.0426, s2=11.4466]
  * Adjusted p-values: [emp=0.661692, beta=0.678126]

Processing phenotype [ENSG00000105223.14] [195/216]
  * #variants in cis = 16
  * Best hit: [id=19_internal_5919, d=912023, pv=0.0819281, s=0.1985]
  * Beta parameters: [s1=1.00571, s2=14.2492]
  * Adjusted p-values: [emp=0.696517, beta=0.690423]

Processing phenotype [ENSG00000160392.9] [196/216]
  * #variants in cis = 16
  * Best hit: [id=19_internal_5985, d=949007, pv=0.133607, s=-0.1661]
  * Beta parameters: [s1=1.09857, s2=16.0772]
  * Adjusted p-values: [emp=0.880597, beta=0.881094]

Processing phenotype [ENSG00000160396.8] [197/216]
  * #variants in cis = 17
  * Best hit: [id=19_internal_6339, d=-509602, pv=0.0736638, s=-0.1782]
  * Beta parameters: [s1=0.973234, s2=12.0915]
  * Adjusted p-values: [emp=0.696517, beta=0.717888]

Processing phenotype [ENSG00000105227.10] [198/216]
  * #variants in cis = 16
  * Best hit: [id=19_internal_8355, d=0, pv=0.0549858, s=0.2107]
  * Beta parameters: [s1=0.950717, s2=12.3851]
  * Adjusted p-values: [emp=0.58209, beta=0.580639]

Processing phenotype [ENSG00000197019.4] [199/216]
  * #variants in cis = 16
  * Best hit: [id=19_internal_6686, d=-869945, pv=0.0461325, s=0.2281]
  * Beta parameters: [s1=1.01538, s2=14.7861]
  * Adjusted p-values: [emp=0.552239, beta=0.542158]

Processing phenotype [ENSG00000268366.1] [200/216]
  * #variants in cis = 15
  * Best hit: [id=19_internal_7032, d=130501, pv=0.027852, s=0.2159]
  * Beta parameters: [s1=1.08336, s2=12.2635]
  * Adjusted p-values: [emp=0.328358, beta=0.304077]

Processing phenotype [ENSG00000167565.8] [201/216]
  * #variants in cis = 15
  * Best hit: [id=19_internal_6422, d=-377273, pv=0.326308, s=-0.1083]
  * Beta parameters: [s1=1.0001, s2=12.3867]
  * Adjusted p-values: [emp=0.99005, beta=0.99475]

Processing phenotype [ENSG00000090013.5] [202/216]
  * #variants in cis = 15
  * Best hit: [id=19_internal_8355, d=47272, pv=0.0676918, s=0.2006]
  * Beta parameters: [s1=0.896095, s2=13.9233]
  * Adjusted p-values: [emp=0.577114, beta=0.61614]

Processing phenotype [ENSG00000160460.11] [203/216]
  * #variants in cis = 15
  * Best hit: [id=19_internal_8057, d=-493477, pv=0.0749847, s=0.1968]
  * Beta parameters: [s1=1.02525, s2=15.7736]
  * Adjusted p-values: [emp=0.706468, beta=0.689637]

Processing phenotype [ENSG00000160410.10] [204/216]
  * #variants in cis = 17
  * Best hit: [id=19_internal_8057, d=-604086, pv=0.00256472, s=-0.2985]
  * Beta parameters: [s1=0.821477, s2=17.2563]
  * Adjusted p-values: [emp=0.0597015, beta=0.0429927]

Processing phenotype [ENSG00000090006.13] [205/216]
  * #variants in cis = 17
  * Best hit: [id=19_internal_6422, d=229096, pv=0.0317783, s=0.2269]
  * Beta parameters: [s1=0.989078, s2=19.2956]
  * Adjusted p-values: [emp=0.41791, beta=0.387567]

Processing phenotype [ENSG00000105245.5] [206/216]
  * #variants in cis = 17
  * Best hit: [id=19_internal_6498, d=254017, pv=0.00530784, s=-0.2762]
  * Beta parameters: [s1=0.957729, s2=16.7704]
  * Adjusted p-values: [emp=0.0845771, beta=0.0846343]

Processing phenotype [ENSG00000223284.1] [207/216]
  * #variants in cis = 17
  * Best hit: [id=19_internal_6422, d=-113817, pv=0.0188512, s=-0.2302]
  * Beta parameters: [s1=0.994802, s2=15.6595]
  * Adjusted p-values: [emp=0.248756, beta=0.27709]

Processing phenotype [ENSG00000086544.2] [208/216]
  * #variants in cis = 17
  * Best hit: [id=19_internal_7032, d=-121690, pv=0.0697089, s=0.1834]
  * Beta parameters: [s1=0.953349, s2=14.0136]
  * Adjusted p-values: [emp=0.696517, beta=0.667556]

Processing phenotype [ENSG00000123815.7] [209/216]
  * #variants in cis = 17
  * Best hit: [id=19_internal_6422, d=-103773, pv=0.0511821, s=0.2010]
  * Beta parameters: [s1=0.907932, s2=18.5839]
  * Adjusted p-values: [emp=0.572139, beta=0.592952]

Processing phenotype [ENSG00000077312.4] [210/216]
  * #variants in cis = 17
  * Best hit: [id=19_internal_6686, d=545335, pv=0.0370062, s=-0.2189]
  * Beta parameters: [s1=0.934626, s2=20.7662]
  * Adjusted p-values: [emp=0.522388, beta=0.506068]

Processing phenotype [ENSG00000188493.9] [211/216]
  * #variants in cis = 17
  * Best hit: [id=19_internal_6422, d=-70427, pv=0.0153231, s=0.2636]
  * Beta parameters: [s1=0.914846, s2=15.6789]
  * Adjusted p-values: [emp=0.258706, beta=0.248958]

Processing phenotype [ENSG00000268975.1] [212/216]
  * #variants in cis = 16
  * Best hit: [id=19_internal_8057, d=-798882, pv=0.0186541, s=-0.2478]
  * Beta parameters: [s1=0.930523, s2=12.9882]
  * Adjusted p-values: [emp=0.263682, beta=0.269462]

Processing phenotype [ENSG00000261857.2] [213/216]
  * #variants in cis = 16
  * Best hit: [id=19_internal_7010, d=-328336, pv=0.134534, s=0.1513]
  * Beta parameters: [s1=1.03247, s2=14.8058]
  * Adjusted p-values: [emp=0.865672, beta=0.868876]

Processing phenotype [ENSG00000167578.12] [214/216]
  * #variants in cis = 16
  * Best hit: [id=19_internal_8057, d=-805450, pv=0.00668942, s=-0.2762]
  * Beta parameters: [s1=0.988245, s2=14.3819]
  * Adjusted p-values: [emp=0.104478, beta=0.0970789]

Processing phenotype [ENSG00000171570.6] [215/216]
  * #variants in cis = 16
  * Best hit: [id=19_internal_6339, d=121549, pv=0.017928, s=0.2644]
  * Beta parameters: [s1=0.929039, s2=19.6557]
  * Adjusted p-values: [emp=0.174129, beta=0.219131]

Processing phenotype [ENSG00000269858.1] [216/216]
  * #variants in cis = 16
  * Best hit: [id=19_internal_6339, d=100795, pv=0.00812994, s=0.2970]
  * Beta parameters: [s1=1.17016, s2=12.71]
  * Adjusted p-values: [emp=0.129353, beta=0.110981]

Running time: 2 seconds
