Sender: LSF System <lsfadmin@cpt07>
Subject: Job 974329: </data/unige/funpopgen/odelanea/SGX/V2/binaries/qtltools/bin/QTLtools cis --vcf /data/unige/funpopgen/grey2/SYSCID/BLUEPRINT_DATA/CRD/THREE_CELL_TYPES/CLOMICS/CELL_TYPE_COMPARISON_GENE_CRD_ASSOCIATIONS/quantify/73_vs_70_ALL.ALLchr.mean.txt.gz --bed /data/unige/funpopgen/grey2/SYSCID/BLUEPRINT_DATA/CRD/THREE_CELL_TYPES/QTL_TOOLS/EGAD00001002671_v3.0/EGAD00001002671_RNA.PC10.bed.gz --permute 200 --chunk 86 100 --out /data/unige/funpopgen/grey2/SYSCID/BLUEPRINT_DATA/CRD/THREE_CELL_TYPES/CLOMICS/CELL_TYPE_COMPARISON_GENE_CRD_ASSOCIATIONS/mapping_aCRD_gene/73_vs_70/gene_CRD_mean_chunk86\.txt> in cluster <ug> Done

Job </data/unige/funpopgen/odelanea/SGX/V2/binaries/qtltools/bin/QTLtools cis --vcf /data/unige/funpopgen/grey2/SYSCID/BLUEPRINT_DATA/CRD/THREE_CELL_TYPES/CLOMICS/CELL_TYPE_COMPARISON_GENE_CRD_ASSOCIATIONS/quantify/73_vs_70_ALL.ALLchr.mean.txt.gz --bed /data/unige/funpopgen/grey2/SYSCID/BLUEPRINT_DATA/CRD/THREE_CELL_TYPES/QTL_TOOLS/EGAD00001002671_v3.0/EGAD00001002671_RNA.PC10.bed.gz --permute 200 --chunk 86 100 --out /data/unige/funpopgen/grey2/SYSCID/BLUEPRINT_DATA/CRD/THREE_CELL_TYPES/CLOMICS/CELL_TYPE_COMPARISON_GENE_CRD_ASSOCIATIONS/mapping_aCRD_gene/73_vs_70/gene_CRD_mean_chunk86\.txt> was submitted from host <frt.ug.vital-it.ch> by user <grey2> in cluster <ug>.
Job was executed on host(s) <cpt07>, in queue <normal>, as user <grey2> in cluster <ug>.
</home/grey2> was used as the home directory.
</data/unige/funpopgen/grey2/SYSCID/BLUEPRINT_DATA/CRD/THREE_CELL_TYPES/CLOMICS/CELL_TYPE_COMPARISON_GENE_CRD_ASSOCIATIONS> was used as the working directory.
Started at Thu Mar 21 11:28:29 2019
Results reported at Thu Mar 21 11:28:35 2019

Your job looked like:

------------------------------------------------------------
# LSBATCH: User input
/data/unige/funpopgen/odelanea/SGX/V2/binaries/qtltools/bin/QTLtools cis --vcf /data/unige/funpopgen/grey2/SYSCID/BLUEPRINT_DATA/CRD/THREE_CELL_TYPES/CLOMICS/CELL_TYPE_COMPARISON_GENE_CRD_ASSOCIATIONS/quantify/73_vs_70_ALL.ALLchr.mean.txt.gz --bed /data/unige/funpopgen/grey2/SYSCID/BLUEPRINT_DATA/CRD/THREE_CELL_TYPES/QTL_TOOLS/EGAD00001002671_v3.0/EGAD00001002671_RNA.PC10.bed.gz --permute 200 --chunk 86 100 --out /data/unige/funpopgen/grey2/SYSCID/BLUEPRINT_DATA/CRD/THREE_CELL_TYPES/CLOMICS/CELL_TYPE_COMPARISON_GENE_CRD_ASSOCIATIONS/mapping_aCRD_gene/73_vs_70/gene_CRD_mean_chunk86\.txt

------------------------------------------------------------

Successfully completed.

Resource usage summary:

    CPU time :               2.35 sec.
    Max Memory :             2.75 MB
    Average Memory :         2.75 MB
    Total Requested Memory : -
    Delta Memory :           -
    (Delta: the difference between total requested memory and actual max usage.)
    Max Swap :               31 MB

    Max Processes :          1
    Max Threads :            1

The output (if any) follows:


[32mQTLtools[0m
  * Authors : Olivier DELANEAU / Halit ONGEN / Emmanouil DERMITZAKIS
  * Contact : olivier.delaneau@gmail.com / halit.ongen@unige.ch / Emmanouil.Dermitzakis@unige.ch
  * Webpage : https://qtltools.github.io/qtltools/
  * Version : 1.1
  * Date    : 21/03/2019 - 11:28:33
  * Citation: A complete tool set for molecular QTL discovery and analysis, https://doi.org/10.1101/068635

[32mMAPPING QTL IN CIS[0m
  * TASK: Perform 200 permutations
  * Linear model: Phe ~ Var
  * Cis-window size is 1000000 bp
  * Chunk = [86/100]

Scanning phenotype data in [/data/unige/funpopgen/grey2/SYSCID/BLUEPRINT_DATA/CRD/THREE_CELL_TYPES/QTL_TOOLS/EGAD00001002671_v3.0/EGAD00001002671_RNA.PC10.bed.gz]
  * 24372 phenotypes included
  * 12152 phenotypes are on the negative strand

Initialize random number generator
  * Built-in seed is 15112011
  * First Integer = 30554
  * First Double = 0.0126695

Reading sample list from [/data/unige/funpopgen/grey2/SYSCID/BLUEPRINT_DATA/CRD/THREE_CELL_TYPES/QTL_TOOLS/EGAD00001002671_v3.0/EGAD00001002671_RNA.PC10.bed.gz]
  * #samples = 169

Reading sample list from [/data/unige/funpopgen/grey2/SYSCID/BLUEPRINT_DATA/CRD/THREE_CELL_TYPES/CLOMICS/CELL_TYPE_COMPARISON_GENE_CRD_ASSOCIATIONS/quantify/73_vs_70_ALL.ALLchr.mean.txt.gz]
  * #samples = 94

Merging sample sets from all input files
  * #files = 2
  * #samples in all files = 91
  * #samples NOT in all files (i.e. ignored) = 81

Reading phenotype data in [/data/unige/funpopgen/grey2/SYSCID/BLUEPRINT_DATA/CRD/THREE_CELL_TYPES/QTL_TOOLS/EGAD00001002671_v3.0/EGAD00001002671_RNA.PC10.bed.gz]
  * target region [4:37869913-83720010]
  * 205 phenotypes included
  * 106 phenotypes are on the negative strand

Reading genotype data in [/data/unige/funpopgen/grey2/SYSCID/BLUEPRINT_DATA/CRD/THREE_CELL_TYPES/CLOMICS/CELL_TYPE_COMPARISON_GENE_CRD_ASSOCIATIONS/quantify/73_vs_70_ALL.ALLchr.mean.txt.gz]
  * File format detected: BED
  * 91 samples included
  * 5 samples without phenotype data
  * target region [4:36869913-84720010]
  * 81 variants included

Processing phenotype [ENSG00000249863.2] [1/205]
  * #variants in cis = 13
  * Best hit: [id=4_internal_8355, d=42727, pv=0.0146425, s=-0.2366]
  * Beta parameters: [s1=0.990468, s2=13.4983]
  * Adjusted p-values: [emp=0.164179, beta=0.161885]

Processing phenotype [ENSG00000065882.10] [2/205]
  * #variants in cis = 13
  * Best hit: [id=4_internal_10158, d=669, pv=0.00921564, s=0.2798]
  * Beta parameters: [s1=1.00924, s2=11.1801]
  * Adjusted p-values: [emp=0.129353, beta=0.122443]

Processing phenotype [ENSG00000227325.1] [3/205]
  * #variants in cis = 13
  * Best hit: [id=4_internal_9115, d=-192568, pv=0.119742, s=0.1680]
  * Beta parameters: [s1=0.988227, s2=11.808]
  * Adjusted p-values: [emp=0.810945, beta=0.820468]

Processing phenotype [ENSG00000250254.1] [4/205]
  * #variants in cis = 13
  * Best hit: [id=4_internal_9115, d=-192568, pv=0.156864, s=0.1538]
  * Beta parameters: [s1=1.02827, s2=10.9118]
  * Adjusted p-values: [emp=0.860697, beta=0.871612]

Processing phenotype [ENSG00000251332.1] [5/205]
  * #variants in cis = 13
  * Best hit: [id=4_internal_8355, d=66277, pv=0.0946506, s=-0.1716]
  * Beta parameters: [s1=0.967191, s2=14.1555]
  * Adjusted p-values: [emp=0.696517, beta=0.723336]

Processing phenotype [ENSG00000249667.1] [6/205]
  * #variants in cis = 14
  * Best hit: [id=4_internal_8355, d=-579841, pv=0.175756, s=-0.1513]
  * Beta parameters: [s1=0.95636, s2=14.3441]
  * Adjusted p-values: [emp=0.930348, beta=0.921836]

Processing phenotype [ENSG00000109787.8] [7/205]
  * #variants in cis = 13
  * Best hit: [id=4_internal_8249, d=360775, pv=0.021845, s=-0.2549]
  * Beta parameters: [s1=0.880005, s2=12.8264]
  * Adjusted p-values: [emp=0.283582, beta=0.263132]

Processing phenotype [ENSG00000196355.2] [8/205]
  * #variants in cis = 13
  * Best hit: [id=4_internal_8320, d=768097, pv=0.00595513, s=-0.2792]
  * Beta parameters: [s1=0.935175, s2=17.7337]
  * Adjusted p-values: [emp=0.0696517, beta=0.0742596]

Processing phenotype [ENSG00000231160.3] [9/205]
  * #variants in cis = 13
  * Best hit: [id=4_internal_8320, d=768171, pv=0.00866721, s=-0.2618]
  * Beta parameters: [s1=0.973087, s2=12.9737]
  * Adjusted p-values: [emp=0.134328, beta=0.12615]

Processing phenotype [ENSG00000174123.6] [10/205]
  * #variants in cis = 10
  * Best hit: [id=4_internal_9223, d=790592, pv=0.0394226, s=0.2410]
  * Beta parameters: [s1=1.02051, s2=8.76491]
  * Adjusted p-values: [emp=0.338308, beta=0.321403]

Processing phenotype [ENSG00000174125.3] [11/205]
  * #variants in cis = 9
  * Best hit: [id=4_internal_9077, d=676519, pv=0.0323727, s=0.2280]
  * Beta parameters: [s1=0.945782, s2=7.2979]
  * Adjusted p-values: [emp=0.258706, beta=0.278744]

Processing phenotype [ENSG00000174130.8] [12/205]
  * #variants in cis = 9
  * Best hit: [id=4_internal_9077, d=676519, pv=0.0335019, s=0.2113]
  * Beta parameters: [s1=0.997848, s2=8.3016]
  * Adjusted p-values: [emp=0.233831, beta=0.243273]

Processing phenotype [ENSG00000121895.7] [13/205]
  * #variants in cis = 5
  * Best hit: [id=4_internal_8249, d=0, pv=1.13947e-10, s=0.6210]
  * Beta parameters: [s1=0.95565, s2=6.15077]
  * Adjusted p-values: [emp=0.00497512, beta=1.10104e-11]

Processing phenotype [ENSG00000109790.12] [14/205]
  * #variants in cis = 5
  * Best hit: [id=4_internal_8249, d=0, pv=2.57055e-07, s=0.5338]
  * Maximum Likelihood estimation failed, use Moment Matching instead!
  * Beta parameters: [s1=0.999901, s2=4.38049]
  * Adjusted p-values: [emp=0.00497512, beta=6.88583e-06]

Processing phenotype [ENSG00000249207.1] [15/205]
  * #variants in cis = 4
  * Best hit: [id=4_internal_8249, d=77455, pv=9.90445e-05, s=0.4207]
  * Maximum Likelihood estimation failed, use Moment Matching instead!
  * Beta parameters: [s1=1.00003, s2=3.4459]
  * Adjusted p-values: [emp=0.00497512, beta=0.00112508]

Processing phenotype [ENSG00000249685.1] [16/205]
  * #variants in cis = 4
  * Best hit: [id=4_internal_8249, d=-84550, pv=0.0184812, s=0.2312]
  * Maximum Likelihood estimation failed, use Moment Matching instead!
  * Beta parameters: [s1=0.999998, s2=5.4092]
  * Adjusted p-values: [emp=0.0746269, beta=0.0651402]

Processing phenotype [ENSG00000157796.13] [17/205]
  * #variants in cis = 3
  * Best hit: [id=4_internal_8249, d=-133041, pv=0.407802, s=-0.0940]
  * Maximum Likelihood estimation failed, use Moment Matching instead!
  * Beta parameters: [s1=0.999978, s2=3.61478]
  * Adjusted p-values: [emp=0.835821, beta=0.819576]

Processing phenotype [ENSG00000206675.1] [18/205]
  * #variants in cis = 4
  * Best hit: [id=4_internal_8249, d=248348, pv=0.133059, s=-0.1487]
  * Maximum Likelihood estimation failed, use Moment Matching instead!
  * Beta parameters: [s1=1.00011, s2=4.02114]
  * Adjusted p-values: [emp=0.432836, beta=0.454672]

Processing phenotype [ENSG00000035928.10] [19/205]
  * #variants in cis = 4
  * Best hit: [id=4_internal_8640, d=-927992, pv=0.0503726, s=0.2262]
  * Maximum Likelihood estimation failed, use Moment Matching instead!
  * Beta parameters: [s1=0.999943, s2=3.59389]
  * Adjusted p-values: [emp=0.228856, beta=0.214619]

Processing phenotype [ENSG00000134962.6] [20/205]
  * #variants in cis = 4
  * Best hit: [id=4_internal_9875, d=-566773, pv=0.776737, s=-0.0300]
  * Maximum Likelihood estimation failed, use Moment Matching instead!
  * Beta parameters: [s1=1.00006, s2=3.92457]
  * Adjusted p-values: [emp=0.995025, beta=0.997538]

Processing phenotype [ENSG00000163682.11] [21/205]
  * #variants in cis = 5
  * Best hit: [id=4_internal_8640, d=-835419, pv=0.219665, s=-0.1324]
  * Maximum Likelihood estimation failed, use Moment Matching instead!
  * Beta parameters: [s1=1.00007, s2=4.84234]
  * Adjusted p-values: [emp=0.746269, beta=0.708833]

Processing phenotype [ENSG00000121897.9] [22/205]
  * #variants in cis = 5
  * Best hit: [id=4_internal_8249, d=-409637, pv=0.501594, s=0.0745]
  * Maximum Likelihood estimation failed, use Moment Matching instead!
  * Beta parameters: [s1=0.999993, s2=5.05087]
  * Adjusted p-values: [emp=0.9801, beta=0.972403]

Processing phenotype [ENSG00000224097.4] [23/205]
  * #variants in cis = 5
  * Best hit: [id=4_internal_7998, d=974729, pv=0.139594, s=0.1597]
  * Maximum Likelihood estimation failed, use Moment Matching instead!
  * Beta parameters: [s1=1.00008, s2=5.32855]
  * Adjusted p-values: [emp=0.552239, beta=0.556139]

Processing phenotype [ENSG00000249348.1] [24/205]
  * #variants in cis = 6
  * Best hit: [id=4_internal_9875, d=-687939, pv=0.112791, s=-0.1636]
  * Beta parameters: [s1=1.0284, s2=6.55141]
  * Adjusted p-values: [emp=0.527363, beta=0.514767]

Processing phenotype [ENSG00000109814.7] [25/205]
  * #variants in cis = 6
  * Best hit: [id=4_internal_9875, d=688231, pv=0.0672735, s=-0.2048]
  * Maximum Likelihood estimation failed, use Moment Matching instead!
  * Beta parameters: [s1=1.00011, s2=4.93529]
  * Adjusted p-values: [emp=0.39801, beta=0.368147]

Processing phenotype [ENSG00000238206.3] [26/205]
  * #variants in cis = 7
  * Best hit: [id=4_internal_7493, d=-687691, pv=0.0318415, s=-0.2281]
  * Beta parameters: [s1=1.12146, s2=8.83221]
  * Adjusted p-values: [emp=0.179104, beta=0.150643]

Processing phenotype [ENSG00000163683.6] [27/205]
  * #variants in cis = 7
  * Best hit: [id=4_internal_8249, d=589727, pv=0.197631, s=-0.1393]
  * Beta parameters: [s1=0.940667, s2=7.00932]
  * Adjusted p-values: [emp=0.751244, beta=0.760705]

Processing phenotype [ENSG00000078140.9] [28/205]
  * #variants in cis = 7
  * Best hit: [id=4_internal_7493, d=-837899, pv=0.174059, s=0.1451]
  * Beta parameters: [s1=0.960143, s2=7.41524]
  * Adjusted p-values: [emp=0.771144, beta=0.748566]

Processing phenotype [ENSG00000252975.1] [29/205]
  * #variants in cis = 9
  * Best hit: [id=4_internal_9875, d=870096, pv=0.0862791, s=-0.1734]
  * Beta parameters: [s1=0.999917, s2=7.46982]
  * Adjusted p-values: [emp=0.512438, beta=0.532602]

Processing phenotype [ENSG00000249019.2] [30/205]
  * #variants in cis = 9
  * Best hit: [id=4_internal_7493, d=854306, pv=0.0184463, s=-0.2402]
  * Beta parameters: [s1=1.02904, s2=7.8258]
  * Adjusted p-values: [emp=0.114428, beta=0.129394]

Processing phenotype [ENSG00000243260.2] [31/205]
  * #variants in cis = 9
  * Best hit: [id=4_internal_9875, d=-920920, pv=0.00546552, s=0.2854]
  * Beta parameters: [s1=0.913601, s2=8.82038]
  * Adjusted p-values: [emp=0.0447761, beta=0.034777]

Processing phenotype [ENSG00000180610.9] [32/205]
  * #variants in cis = 9
  * Best hit: [id=4_internal_7596, d=-713183, pv=0.123425, s=-0.1785]
  * Beta parameters: [s1=0.974365, s2=9.09131]
  * Adjusted p-values: [emp=0.661692, beta=0.684769]

Processing phenotype [ENSG00000252970.1] [33/205]
  * #variants in cis = 7
  * Best hit: [id=4_internal_9691, d=772718, pv=0.185251, s=0.1401]
  * Beta parameters: [s1=1.02087, s2=6.61701]
  * Adjusted p-values: [emp=0.671642, beta=0.696962]

Processing phenotype [ENSG00000250568.1] [34/205]
  * #variants in cis = 8
  * Best hit: [id=4_internal_8640, d=-320925, pv=0.134203, s=-0.1599]
  * Beta parameters: [s1=0.947587, s2=6.654]
  * Adjusted p-values: [emp=0.661692, beta=0.659761]

Processing phenotype [ENSG00000231707.4] [35/205]
  * #variants in cis = 8
  * Best hit: [id=4_internal_9691, d=736027, pv=0.0564539, s=-0.2204]
  * Beta parameters: [s1=0.992663, s2=8.11205]
  * Adjusted p-values: [emp=0.353234, beta=0.363073]

Processing phenotype [ENSG00000121892.10] [36/205]
  * #variants in cis = 8
  * Best hit: [id=4_internal_7596, d=-506607, pv=0.0906523, s=0.1908]
  * Beta parameters: [s1=1.00403, s2=8.36484]
  * Adjusted p-values: [emp=0.492537, beta=0.503249]

Processing phenotype [ENSG00000078177.9] [37/205]
  * #variants in cis = 7
  * Best hit: [id=4_internal_7596, d=427737, pv=0.000686566, s=0.3744]
  * Beta parameters: [s1=0.970444, s2=6.05898]
  * Adjusted p-values: [emp=0.00497512, beta=0.00277733]

Processing phenotype [ENSG00000205794.4] [38/205]
  * #variants in cis = 7
  * Best hit: [id=4_internal_10635, d=-484840, pv=0.0433514, s=0.2016]
  * Beta parameters: [s1=0.965115, s2=6.06845]
  * Adjusted p-values: [emp=0.233831, beta=0.254157]

Processing phenotype [ENSG00000201863.1] [39/205]
  * #variants in cis = 7
  * Best hit: [id=4_internal_10635, d=459056, pv=0.0184578, s=0.2637]
  * Beta parameters: [s1=0.852657, s2=7.19105]
  * Adjusted p-values: [emp=0.104478, beta=0.0972497]

Processing phenotype [ENSG00000260296.1] [40/205]
  * #variants in cis = 7
  * Best hit: [id=4_internal_7596, d=317888, pv=0.00103818, s=0.3691]
  * Beta parameters: [s1=0.909644, s2=7.33852]
  * Adjusted p-values: [emp=0.0149254, beta=0.00691342]

Processing phenotype [ENSG00000168421.7] [41/205]
  * #variants in cis = 7
  * Best hit: [id=4_internal_7596, d=293510, pv=0.000404152, s=0.3625]
  * Maximum Likelihood estimation failed, use Moment Matching instead!
  * Beta parameters: [s1=0.999982, s2=5.32604]
  * Adjusted p-values: [emp=0.00995025, beta=0.00395331]

Processing phenotype [ENSG00000250338.1] [42/205]
  * #variants in cis = 7
  * Best hit: [id=4_internal_9691, d=443999, pv=0.00442361, s=-0.3019]
  * Beta parameters: [s1=0.999946, s2=6.57136]
  * Adjusted p-values: [emp=0.0348259, beta=0.0228478]

Processing phenotype [ENSG00000249241.1] [43/205]
  * #variants in cis = 7
  * Best hit: [id=4_internal_10608, d=635035, pv=0.258551, s=-0.1290]
  * Beta parameters: [s1=1.04732, s2=6.67522]
  * Adjusted p-values: [emp=0.855721, beta=0.860507]

Processing phenotype [ENSG00000174343.5] [44/205]
  * #variants in cis = 7
  * Best hit: [id=4_internal_7596, d=148837, pv=0.0816714, s=0.1724]
  * Maximum Likelihood estimation failed, use Moment Matching instead!
  * Beta parameters: [s1=0.999884, s2=5.22316]
  * Adjusted p-values: [emp=0.457711, beta=0.413972]

Processing phenotype [ENSG00000163694.10] [45/205]
  * #variants in cis = 7
  * Best hit: [id=4_internal_7596, d=0, pv=0.000299219, s=0.3764]
  * Beta parameters: [s1=1.06551, s2=6.03937]
  * Adjusted p-values: [emp=0.00497512, beta=0.00149494]

Processing phenotype [ENSG00000109133.8] [46/205]
  * #variants in cis = 3
  * Best hit: [id=4_internal_9413, d=779860, pv=0.176078, s=-0.1520]
  * Maximum Likelihood estimation failed, use Moment Matching instead!
  * Beta parameters: [s1=1.00009, s2=3.0137]
  * Adjusted p-values: [emp=0.402985, beta=0.395788]

Processing phenotype [ENSG00000182308.5] [47/205]
  * #variants in cis = 3
  * Best hit: [id=4_internal_10608, d=-98463, pv=0.17604, s=0.1355]
  * Maximum Likelihood estimation failed, use Moment Matching instead!
  * Beta parameters: [s1=1.00009, s2=2.56462]
  * Adjusted p-values: [emp=0.447761, beta=0.422913]

Processing phenotype [ENSG00000014824.8] [48/205]
  * #variants in cis = 3
  * Best hit: [id=4_internal_9413, d=724508, pv=0.159395, s=0.1485]
  * Maximum Likelihood estimation failed, use Moment Matching instead!
  * Beta parameters: [s1=1.00008, s2=2.28447]
  * Adjusted p-values: [emp=0.383085, beta=0.374288]

Processing phenotype [ENSG00000249212.1] [49/205]
  * #variants in cis = 3
  * Best hit: [id=4_internal_9413, d=685771, pv=0.00216295, s=0.3181]
  * Maximum Likelihood estimation failed, use Moment Matching instead!
  * Beta parameters: [s1=0.999967, s2=2.94338]
  * Adjusted p-values: [emp=0.0199005, beta=0.0069213]

Processing phenotype [ENSG00000188848.11] [50/205]
  * #variants in cis = 3
  * Best hit: [id=4_internal_7938, d=-563470, pv=0.362976, s=0.0991]
  * Maximum Likelihood estimation failed, use Moment Matching instead!
  * Beta parameters: [s1=1.00004, s2=3.36662]
  * Adjusted p-values: [emp=0.736318, beta=0.747029]

Processing phenotype [ENSG00000178343.4] [51/205]
  * #variants in cis = 3
  * Best hit: [id=4_internal_7938, d=318509, pv=0.0396025, s=0.2100]
  * Maximum Likelihood estimation failed, use Moment Matching instead!
  * Beta parameters: [s1=0.999909, s2=2.368]
  * Adjusted p-values: [emp=0.174129, beta=0.166168]

Processing phenotype [ENSG00000240167.1] [52/205]
  * #variants in cis = 3
  * Best hit: [id=4_internal_9413, d=243170, pv=0.372894, s=0.0949]
  * Maximum Likelihood estimation failed, use Moment Matching instead!
  * Beta parameters: [s1=1.00003, s2=2.67923]
  * Adjusted p-values: [emp=0.711443, beta=0.720756]

Processing phenotype [ENSG00000248283.2] [53/205]
  * #variants in cis = 3
  * Best hit: [id=4_internal_7938, d=-153923, pv=5.22466e-05, s=0.4214]
  * Maximum Likelihood estimation failed, use Moment Matching instead!
  * Beta parameters: [s1=0.999978, s2=2.9546]
  * Adjusted p-values: [emp=0.00497512, beta=0.000144023]

Processing phenotype [ENSG00000124406.12] [54/205]
  * #variants in cis = 3
  * Best hit: [id=4_internal_7938, d=-59243, pv=0.000280876, s=0.4012]
  * Maximum Likelihood estimation failed, use Moment Matching instead!
  * Beta parameters: [s1=1.00006, s2=2.93531]
  * Adjusted p-values: [emp=0.00497512, beta=0.000537089]

Processing phenotype [ENSG00000151806.9] [55/205]
  * #variants in cis = 0

Processing phenotype [ENSG00000177752.9] [56/205]
  * #variants in cis = 0

Processing phenotype [ENSG00000163281.6] [57/205]
  * #variants in cis = 0

Processing phenotype [ENSG00000249936.2] [58/205]
  * #variants in cis = 3
  * Best hit: [id=4_internal_9587, d=-714390, pv=0.126826, s=0.1697]
  * Maximum Likelihood estimation failed, use Moment Matching instead!
  * Beta parameters: [s1=0.99996, s2=2.7592]
  * Adjusted p-values: [emp=0.373134, beta=0.378555]

Processing phenotype [ENSG00000260918.1] [59/205]
  * #variants in cis = 4
  * Best hit: [id=4_internal_9587, d=7038, pv=0.250072, s=0.1215]
  * Maximum Likelihood estimation failed, use Moment Matching instead!
  * Beta parameters: [s1=1.00009, s2=3.82988]
  * Adjusted p-values: [emp=0.656716, beta=0.678186]

Processing phenotype [ENSG00000169019.9] [60/205]
  * #variants in cis = 4
  * Best hit: [id=4_internal_8868, d=-371304, pv=0.219003, s=0.1310]
  * Maximum Likelihood estimation failed, use Moment Matching instead!
  * Beta parameters: [s1=1.00004, s2=3.71183]
  * Adjusted p-values: [emp=0.666667, beta=0.645871]

Processing phenotype [ENSG00000145246.8] [61/205]
  * #variants in cis = 4
  * Best hit: [id=4_internal_9587, d=0, pv=0.0783581, s=0.2013]
  * Maximum Likelihood estimation failed, use Moment Matching instead!
  * Beta parameters: [s1=1.0001, s2=3.60219]
  * Adjusted p-values: [emp=0.298507, beta=0.296991]

Processing phenotype [ENSG00000248254.1] [62/205]
  * #variants in cis = 4
  * Best hit: [id=4_internal_9587, d=26431, pv=0.024432, s=0.2391]
  * Maximum Likelihood estimation failed, use Moment Matching instead!
  * Beta parameters: [s1=1.00003, s2=4.18709]
  * Adjusted p-values: [emp=0.0845771, beta=0.0891808]

Processing phenotype [ENSG00000242262.1] [63/205]
  * #variants in cis = 5
  * Best hit: [id=4_internal_9276, d=-530627, pv=0.156551, s=0.1535]
  * Maximum Likelihood estimation failed, use Moment Matching instead!
  * Beta parameters: [s1=1.00009, s2=4.94147]
  * Adjusted p-values: [emp=0.552239, beta=0.553321]

Processing phenotype [ENSG00000145244.7] [64/205]
  * #variants in cis = 5
  * Best hit: [id=4_internal_8663, d=805144, pv=0.377525, s=0.0936]
  * Beta parameters: [s1=0.99665, s2=6.0327]
  * Adjusted p-values: [emp=0.940299, beta=0.928778]

Processing phenotype [ENSG00000259959.1] [65/205]
  * #variants in cis = 5
  * Best hit: [id=4_internal_9276, d=668594, pv=0.00222389, s=0.3105]
  * Maximum Likelihood estimation failed, use Moment Matching instead!
  * Beta parameters: [s1=0.999877, s2=4.99259]
  * Adjusted p-values: [emp=0.0149254, beta=0.0173295]

Processing phenotype [ENSG00000163293.7] [66/205]
  * #variants in cis = 5
  * Best hit: [id=4_internal_9587, d=-380314, pv=0.271351, s=0.0984]
  * Maximum Likelihood estimation failed, use Moment Matching instead!
  * Beta parameters: [s1=1.00006, s2=4.94953]
  * Adjusted p-values: [emp=0.756219, beta=0.750157]

Processing phenotype [ENSG00000170448.7] [67/205]
  * #variants in cis = 5
  * Best hit: [id=4_internal_9276, d=738891, pv=0.135253, s=0.1658]
  * Beta parameters: [s1=1.03734, s2=6.70507]
  * Adjusted p-values: [emp=0.482587, beta=0.480433]

Processing phenotype [ENSG00000198515.9] [68/205]
  * #variants in cis = 5
  * Best hit: [id=4_internal_9276, d=840927, pv=0.141101, s=-0.1617]
  * Beta parameters: [s1=0.939614, s2=5.49976]
  * Adjusted p-values: [emp=0.557214, beta=0.551601]

Processing phenotype [ENSG00000200269.1] [69/205]
  * #variants in cis = 6
  * Best hit: [id=4_internal_9360, d=-577505, pv=0.283795, s=-0.1122]
  * Beta parameters: [s1=1.03576, s2=7.03209]
  * Adjusted p-values: [emp=0.885572, beta=0.891645]

Processing phenotype [ENSG00000253050.1] [70/205]
  * #variants in cis = 6
  * Best hit: [id=4_internal_9276, d=933665, pv=0.206476, s=-0.1260]
  * Beta parameters: [s1=1.02512, s2=5.95499]
  * Adjusted p-values: [emp=0.736318, beta=0.709561]

Processing phenotype [ENSG00000074966.6] [71/205]
  * #variants in cis = 6
  * Best hit: [id=4_internal_8622, d=-967014, pv=0.0463729, s=-0.2140]
  * Beta parameters: [s1=1.01937, s2=6.746]
  * Adjusted p-values: [emp=0.233831, beta=0.226569]

Processing phenotype [ENSG00000135605.7] [72/205]
  * #variants in cis = 5
  * Best hit: [id=4_internal_8868, d=342400, pv=0.104881, s=-0.1755]
  * Maximum Likelihood estimation failed, use Moment Matching instead!
  * Beta parameters: [s1=1.00008, s2=4.54477]
  * Adjusted p-values: [emp=0.363184, beta=0.388724]

Processing phenotype [ENSG00000109171.9] [73/205]
  * #variants in cis = 5
  * Best hit: [id=4_internal_9360, d=342371, pv=0.0796113, s=0.1962]
  * Maximum Likelihood estimation failed, use Moment Matching instead!
  * Beta parameters: [s1=1.00011, s2=4.38853]
  * Adjusted p-values: [emp=0.368159, beta=0.346716]

Processing phenotype [ENSG00000182223.6] [74/205]
  * #variants in cis = 5
  * Best hit: [id=4_internal_9360, d=193441, pv=0.0401905, s=-0.2124]
  * Maximum Likelihood estimation failed, use Moment Matching instead!
  * Beta parameters: [s1=0.999915, s2=5.30492]
  * Adjusted p-values: [emp=0.189055, beta=0.181145]

Processing phenotype [ENSG00000251722.1] [75/205]
  * #variants in cis = 4
  * Best hit: [id=4_internal_8622, d=-526750, pv=0.0472822, s=-0.2113]
  * Maximum Likelihood estimation failed, use Moment Matching instead!
  * Beta parameters: [s1=1.00005, s2=3.76933]
  * Adjusted p-values: [emp=0.144279, beta=0.169894]

Processing phenotype [ENSG00000075539.9] [76/205]
  * #variants in cis = 4
  * Best hit: [id=4_internal_8868, d=852858, pv=0.115776, s=-0.1834]
  * Maximum Likelihood estimation failed, use Moment Matching instead!
  * Beta parameters: [s1=1.00002, s2=4.61609]
  * Adjusted p-values: [emp=0.383085, beta=0.379069]

Processing phenotype [ENSG00000109180.10] [77/205]
  * #variants in cis = 4
  * Best hit: [id=4_internal_9360, d=-109962, pv=0.29667, s=-0.1104]
  * Maximum Likelihood estimation failed, use Moment Matching instead!
  * Beta parameters: [s1=1.00002, s2=5.81124]
  * Adjusted p-values: [emp=0.716418, beta=0.766535]

Processing phenotype [ENSG00000248256.1] [78/205]
  * #variants in cis = 4
  * Best hit: [id=4_internal_9211, d=-230827, pv=0.0744144, s=0.2041]
  * Maximum Likelihood estimation failed, use Moment Matching instead!
  * Beta parameters: [s1=1.00006, s2=4.61597]
  * Adjusted p-values: [emp=0.228856, beta=0.215977]

Processing phenotype [ENSG00000145247.7] [79/205]
  * #variants in cis = 4
  * Best hit: [id=4_internal_9211, d=-184093, pv=0.0340591, s=0.2447]
  * Maximum Likelihood estimation failed, use Moment Matching instead!
  * Beta parameters: [s1=1.00009, s2=4.69393]
  * Adjusted p-values: [emp=0.104478, beta=0.10579]

Processing phenotype [ENSG00000109184.10] [80/205]
  * #variants in cis = 2
  * Best hit: [id=4_internal_9298, d=194632, pv=0.0899442, s=0.1815]
  * Maximum Likelihood estimation failed, use Moment Matching instead!
  * Beta parameters: [s1=1.00002, s2=1.89073]
  * Adjusted p-values: [emp=0.233831, beta=0.203959]

Processing phenotype [ENSG00000250473.1] [81/205]
  * #variants in cis = 2
  * Best hit: [id=4_internal_10472, d=0, pv=0.103995, s=-0.1775]
  * Maximum Likelihood estimation failed, use Moment Matching instead!
  * Beta parameters: [s1=0.999967, s2=1.77558]
  * Adjusted p-values: [emp=0.233831, beta=0.221628]

Processing phenotype [ENSG00000188993.3] [82/205]
  * #variants in cis = 2
  * Best hit: [id=4_internal_9298, d=-20012, pv=0.145696, s=0.1596]
  * Maximum Likelihood estimation failed, use Moment Matching instead!
  * Beta parameters: [s1=1.00009, s2=1.95286]
  * Adjusted p-values: [emp=0.308458, beta=0.283864]

Processing phenotype [ENSG00000163069.8] [83/205]
  * #variants in cis = 2
  * Best hit: [id=4_internal_10472, d=22547, pv=0.0749482, s=0.1815]
  * Maximum Likelihood estimation failed, use Moment Matching instead!
  * Beta parameters: [s1=1, s2=1.89498]
  * Adjusted p-values: [emp=0.139303, beta=0.105359]

Processing phenotype [ENSG00000109189.7] [84/205]
  * #variants in cis = 2
  * Best hit: [id=4_internal_9298, d=0, pv=0.0231434, s=0.2370]
  * Maximum Likelihood estimation failed, use Moment Matching instead!
  * Beta parameters: [s1=1.00001, s2=1.74137]
  * Adjusted p-values: [emp=0.039801, beta=0.0451737]

Processing phenotype [ENSG00000248866.1] [85/205]
  * #variants in cis = 2
  * Best hit: [id=4_internal_9298, d=0, pv=0.104079, s=0.1742]
  * Maximum Likelihood estimation failed, use Moment Matching instead!
  * Beta parameters: [s1=1.00008, s2=1.93273]
  * Adjusted p-values: [emp=0.21393, beta=0.203717]

Processing phenotype [ENSG00000226950.2] [86/205]
  * #variants in cis = 2
  * Best hit: [id=4_internal_9298, d=0, pv=0.000553584, s=0.3562]
  * Maximum Likelihood estimation failed, use Moment Matching instead!
  * Beta parameters: [s1=1.00009, s2=1.62009]
  * Adjusted p-values: [emp=0.00497512, beta=0.00267844]

Processing phenotype [ENSG00000212588.1] [87/205]
  * #variants in cis = 2
  * Best hit: [id=4_internal_9298, d=0, pv=0.0778483, s=0.1872]
  * Maximum Likelihood estimation failed, use Moment Matching instead!
  * Beta parameters: [s1=0.999958, s2=1.71662]
  * Adjusted p-values: [emp=0.154229, beta=0.15418]

Processing phenotype [ENSG00000248375.1] [88/205]
  * #variants in cis = 2
  * Best hit: [id=4_internal_9298, d=7155, pv=0.259707, s=-0.1253]
  * Maximum Likelihood estimation failed, use Moment Matching instead!
  * Beta parameters: [s1=1.00007, s2=2.05663]
  * Adjusted p-values: [emp=0.412935, beta=0.436208]

Processing phenotype [ENSG00000128045.5] [89/205]
  * #variants in cis = 2
  * Best hit: [id=4_internal_10472, d=-846356, pv=0.405882, s=-0.0830]
  * Maximum Likelihood estimation failed, use Moment Matching instead!
  * Beta parameters: [s1=1.00001, s2=1.83847]
  * Adjusted p-values: [emp=0.666667, beta=0.667744]

Processing phenotype [ENSG00000248115.1] [90/205]
  * #variants in cis = 3
  * Best hit: [id=4_internal_9298, d=-231973, pv=0.13718, s=0.1610]
  * Maximum Likelihood estimation failed, use Moment Matching instead!
  * Beta parameters: [s1=0.999939, s2=3.23007]
  * Adjusted p-values: [emp=0.353234, beta=0.363126]

Processing phenotype [ENSG00000184178.11] [91/205]
  * #variants in cis = 3
  * Best hit: [id=4_internal_9298, d=652399, pv=0.445116, s=-0.0815]
  * Maximum Likelihood estimation failed, use Moment Matching instead!
  * Beta parameters: [s1=0.999928, s2=2.48785]
  * Adjusted p-values: [emp=0.781095, beta=0.773424]

Processing phenotype [ENSG00000145216.11] [92/205]
  * #variants in cis = 3
  * Best hit: [id=4_internal_9298, d=-663967, pv=0.110678, s=-0.1706]
  * Maximum Likelihood estimation failed, use Moment Matching instead!
  * Beta parameters: [s1=0.999903, s2=2.76665]
  * Adjusted p-values: [emp=0.333333, beta=0.309078]

Processing phenotype [ENSG00000072201.9] [93/205]
  * #variants in cis = 4
  * Best hit: [id=4_internal_9499, d=-210591, pv=0.120213, s=-0.1667]
  * Maximum Likelihood estimation failed, use Moment Matching instead!
  * Beta parameters: [s1=0.999977, s2=4.05035]
  * Adjusted p-values: [emp=0.40796, beta=0.412897]

Processing phenotype [ENSG00000229585.4] [94/205]
  * #variants in cis = 3
  * Best hit: [id=4_internal_9499, d=0, pv=0.0811615, s=0.1651]
  * Maximum Likelihood estimation failed, use Moment Matching instead!
  * Beta parameters: [s1=1.00003, s2=3.01154]
  * Adjusted p-values: [emp=0.21393, beta=0.208556]

Processing phenotype [ENSG00000269506.1] [95/205]
  * #variants in cis = 3
  * Best hit: [id=4_internal_9499, d=-65370, pv=0.449731, s=0.0875]
  * Maximum Likelihood estimation failed, use Moment Matching instead!
  * Beta parameters: [s1=0.999937, s2=2.53017]
  * Adjusted p-values: [emp=0.79602, beta=0.80531]

Processing phenotype [ENSG00000109220.6] [96/205]
  * #variants in cis = 3
  * Best hit: [id=4_internal_8287, d=-33984, pv=0.164688, s=0.1486]
  * Maximum Likelihood estimation failed, use Moment Matching instead!
  * Beta parameters: [s1=1.00006, s2=2.69679]
  * Adjusted p-values: [emp=0.422886, beta=0.433857]

Processing phenotype [ENSG00000157404.11] [97/205]
  * #variants in cis = 4
  * Best hit: [id=4_internal_10794, d=24925, pv=0.00231575, s=0.3452]
  * Maximum Likelihood estimation failed, use Moment Matching instead!
  * Beta parameters: [s1=0.999919, s2=3.49656]
  * Adjusted p-values: [emp=0.0149254, beta=0.0109156]

Processing phenotype [ENSG00000128039.6] [98/205]
  * #variants in cis = 3
  * Best hit: [id=4_internal_7663, d=0, pv=1.69399e-09, s=0.5348]
  * Maximum Likelihood estimation failed, use Moment Matching instead!
  * Beta parameters: [s1=1.00007, s2=3.47064]
  * Adjusted p-values: [emp=0.00497512, beta=1.44311e-09]

Processing phenotype [ENSG00000251111.2] [99/205]
  * #variants in cis = 3
  * Best hit: [id=4_internal_7663, d=0, pv=0.00225338, s=0.3090]
  * Maximum Likelihood estimation failed, use Moment Matching instead!
  * Beta parameters: [s1=0.999999, s2=2.53475]
  * Adjusted p-values: [emp=0.00995025, beta=0.0138973]

Processing phenotype [ENSG00000249700.3] [100/205]
  * #variants in cis = 3
  * Best hit: [id=4_internal_7663, d=35806, pv=1.26419e-06, s=0.4520]
  * Maximum Likelihood estimation failed, use Moment Matching instead!
  * Beta parameters: [s1=0.999982, s2=2.81346]
  * Adjusted p-values: [emp=0.00497512, beta=3.89677e-06]

Processing phenotype [ENSG00000134851.7] [101/205]
  * #variants in cis = 3
  * Best hit: [id=4_internal_10794, d=-575763, pv=0.114691, s=0.1514]
  * Maximum Likelihood estimation failed, use Moment Matching instead!
  * Beta parameters: [s1=0.999897, s2=2.74224]
  * Adjusted p-values: [emp=0.298507, beta=0.30194]

Processing phenotype [ENSG00000203615.2] [102/205]
  * #variants in cis = 3
  * Best hit: [id=4_internal_10794, d=590952, pv=0.262116, s=0.1129]
  * Maximum Likelihood estimation failed, use Moment Matching instead!
  * Beta parameters: [s1=0.999943, s2=2.9649]
  * Adjusted p-values: [emp=0.60199, beta=0.59281]

Processing phenotype [ENSG00000239040.1] [103/205]
  * #variants in cis = 3
  * Best hit: [id=4_internal_7663, d=-52600, pv=0.385149, s=-0.0852]
  * Maximum Likelihood estimation failed, use Moment Matching instead!
  * Beta parameters: [s1=1.00002, s2=3.25742]
  * Adjusted p-values: [emp=0.776119, beta=0.800031]

Processing phenotype [ENSG00000223305.1] [104/205]
  * #variants in cis = 3
  * Best hit: [id=4_internal_10518, d=-346698, pv=0.0952518, s=0.1701]
  * Maximum Likelihood estimation failed, use Moment Matching instead!
  * Beta parameters: [s1=0.99991, s2=2.78043]
  * Adjusted p-values: [emp=0.258706, beta=0.245946]

Processing phenotype [ENSG00000134852.10] [105/205]
  * #variants in cis = 3
  * Best hit: [id=4_internal_10518, d=-340395, pv=0.0182427, s=-0.2387]
  * Maximum Likelihood estimation failed, use Moment Matching instead!
  * Beta parameters: [s1=0.999919, s2=2.83451]
  * Adjusted p-values: [emp=0.0447761, beta=0.0529347]

Processing phenotype [ENSG00000090989.13] [106/205]
  * #variants in cis = 3
  * Best hit: [id=4_internal_10518, d=33918, pv=0.053426, s=0.2128]
  * Maximum Likelihood estimation failed, use Moment Matching instead!
  * Beta parameters: [s1=1.00002, s2=3.67493]
  * Adjusted p-values: [emp=0.164179, beta=0.109451]

Processing phenotype [ENSG00000202358.1] [107/205]
  * #variants in cis = 3
  * Best hit: [id=4_internal_7663, d=-525558, pv=0.024469, s=-0.2153]
  * Maximum Likelihood estimation failed, use Moment Matching instead!
  * Beta parameters: [s1=0.999982, s2=2.91597]
  * Adjusted p-values: [emp=0.0845771, beta=0.0735449]

Processing phenotype [ENSG00000174799.5] [108/205]
  * #variants in cis = 3
  * Best hit: [id=4_internal_10518, d=-54640, pv=0.825284, s=0.0253]
  * Maximum Likelihood estimation failed, use Moment Matching instead!
  * Beta parameters: [s1=0.999936, s2=2.4484]
  * Adjusted p-values: [emp=0.9801, beta=0.986819]

Processing phenotype [ENSG00000242083.2] [109/205]
  * #variants in cis = 3
  * Best hit: [id=4_internal_7663, d=-996098, pv=0.402066, s=0.0835]
  * Maximum Likelihood estimation failed, use Moment Matching instead!
  * Beta parameters: [s1=1.00006, s2=2.96195]
  * Adjusted p-values: [emp=0.830846, beta=0.818314]

Processing phenotype [ENSG00000157426.8] [110/205]
  * #variants in cis = 2
  * Best hit: [id=4_internal_10518, d=493269, pv=0.705599, s=0.0395]
  * Maximum Likelihood estimation failed, use Moment Matching instead!
  * Beta parameters: [s1=0.999975, s2=1.75063]
  * Adjusted p-values: [emp=0.900498, beta=0.903904]

Processing phenotype [ENSG00000268171.1] [111/205]
  * #variants in cis = 2
  * Best hit: [id=4_internal_10518, d=-516285, pv=0.55566, s=-0.0551]
  * Maximum Likelihood estimation failed, use Moment Matching instead!
  * Beta parameters: [s1=0.999989, s2=1.65717]
  * Adjusted p-values: [emp=0.741294, beta=0.750448]

Processing phenotype [ENSG00000128059.4] [112/205]
  * #variants in cis = 2
  * Best hit: [id=4_internal_10547, d=-212440, pv=0.00799719, s=0.2898]
  * Maximum Likelihood estimation failed, use Moment Matching instead!
  * Beta parameters: [s1=1.00009, s2=2.07077]
  * Adjusted p-values: [emp=0.0149254, beta=0.0203688]

Processing phenotype [ENSG00000128050.4] [113/205]
  * #variants in cis = 2
  * Best hit: [id=4_internal_10518, d=-541510, pv=0.123192, s=-0.1623]
  * Maximum Likelihood estimation failed, use Moment Matching instead!
  * Beta parameters: [s1=1.00003, s2=1.96119]
  * Adjusted p-values: [emp=0.263682, beta=0.256704]

Processing phenotype [ENSG00000174780.11] [114/205]
  * #variants in cis = 2
  * Best hit: [id=4_internal_10518, d=-572684, pv=0.191272, s=-0.1407]
  * Maximum Likelihood estimation failed, use Moment Matching instead!
  * Beta parameters: [s1=1.00004, s2=2.07117]
  * Adjusted p-values: [emp=0.353234, beta=0.350325]

Processing phenotype [ENSG00000171476.16] [115/205]
  * #variants in cis = 2
  * Best hit: [id=4_internal_10547, d=0, pv=0.42615, s=0.0843]
  * Maximum Likelihood estimation failed, use Moment Matching instead!
  * Beta parameters: [s1=1.00002, s2=2.00373]
  * Adjusted p-values: [emp=0.696517, beta=0.675555]

Processing phenotype [ENSG00000128040.6] [116/205]
  * #variants in cis = 2
  * Best hit: [id=4_internal_10547, d=55492, pv=0.00110092, s=0.3538]
  * Maximum Likelihood estimation failed, use Moment Matching instead!
  * Beta parameters: [s1=1.00007, s2=2.20912]
  * Adjusted p-values: [emp=0.00497512, beta=0.000685876]

Processing phenotype [ENSG00000084093.11] [117/205]
  * #variants in cis = 1
  * Best hit: [id=4_internal_10547, d=-141659, pv=0.0438025, s=0.1991]
  * Maximum Likelihood estimation failed, use Moment Matching instead!
  * Beta parameters: [s1=0.999947, s2=0.955761]
  * Adjusted p-values: [emp=0.0348259, beta=0.0304612]

Processing phenotype [ENSG00000047315.10] [118/205]
  * #variants in cis = 1
  * Best hit: [id=4_internal_10547, d=-211472, pv=0.0483119, s=-0.2168]
  * Maximum Likelihood estimation failed, use Moment Matching instead!
  * Beta parameters: [s1=1.00005, s2=1.00446]
  * Adjusted p-values: [emp=0.0547264, beta=0.0595504]

Processing phenotype [ENSG00000084092.6] [119/205]
  * #variants in cis = 1
  * Best hit: [id=4_internal_10547, d=212573, pv=0.456152, s=0.0848]
  * Maximum Likelihood estimation failed, use Moment Matching instead!
  * Beta parameters: [s1=1.00001, s2=1.08942]
  * Adjusted p-values: [emp=0.512438, beta=0.489666]

Processing phenotype [ENSG00000238579.1] [120/205]
  * #variants in cis = 1
  * Best hit: [id=4_internal_10547, d=-227825, pv=0.376483, s=-0.0909]
  * Maximum Likelihood estimation failed, use Moment Matching instead!
  * Beta parameters: [s1=1.00008, s2=0.823385]
  * Adjusted p-values: [emp=0.333333, beta=0.348843]

Processing phenotype [ENSG00000251703.1] [121/205]
  * #variants in cis = 1
  * Best hit: [id=4_internal_10547, d=-236442, pv=0.0733279, s=-0.1841]
  * Maximum Likelihood estimation failed, use Moment Matching instead!
  * Beta parameters: [s1=1.00003, s2=0.931923]
  * Adjusted p-values: [emp=0.0696517, beta=0.0639184]

Processing phenotype [ENSG00000250610.1] [122/205]
  * #variants in cis = 1
  * Best hit: [id=4_internal_10547, d=299353, pv=0.115884, s=-0.1772]
  * Maximum Likelihood estimation failed, use Moment Matching instead!
  * Beta parameters: [s1=1.00005, s2=1.0672]
  * Adjusted p-values: [emp=0.0895522, beta=0.102879]

Processing phenotype [ENSG00000163453.6] [123/205]
  * #variants in cis = 1
  * Best hit: [id=4_internal_10547, d=344135, pv=0.0974609, s=-0.1859]
  * Maximum Likelihood estimation failed, use Moment Matching instead!
  * Beta parameters: [s1=1.00003, s2=0.967882]
  * Adjusted p-values: [emp=0.139303, beta=0.114486]

Processing phenotype [ENSG00000225405.3] [124/205]
  * #variants in cis = 1
  * Best hit: [id=4_internal_7592, d=637411, pv=0.974279, s=0.0036]
  * Maximum Likelihood estimation failed, use Moment Matching instead!
  * Beta parameters: [s1=1.00006, s2=1.05821]
  * Adjusted p-values: [emp=0.985075, beta=0.979527]

Processing phenotype [ENSG00000243199.1] [125/205]
  * #variants in cis = 0

Processing phenotype [ENSG00000206629.1] [126/205]
  * #variants in cis = 1
  * Best hit: [id=4_internal_7547, d=139978, pv=0.734974, s=0.0328]
  * Maximum Likelihood estimation failed, use Moment Matching instead!
  * Beta parameters: [s1=0.999959, s2=0.974566]
  * Adjusted p-values: [emp=0.736318, beta=0.731815]

Processing phenotype [ENSG00000250030.2] [127/205]
  * #variants in cis = 1
  * Best hit: [id=4_internal_7547, d=-156491, pv=0.600048, s=-0.0561]
  * Maximum Likelihood estimation failed, use Moment Matching instead!
  * Beta parameters: [s1=0.999964, s2=1.17961]
  * Adjusted p-values: [emp=0.572139, beta=0.574061]

Processing phenotype [ENSG00000250075.1] [128/205]
  * #variants in cis = 1
  * Best hit: [id=4_internal_7547, d=178475, pv=0.117434, s=-0.1678]
  * Maximum Likelihood estimation failed, use Moment Matching instead!
  * Beta parameters: [s1=0.999971, s2=1.0645]
  * Adjusted p-values: [emp=0.0945274, beta=0.104874]

Processing phenotype [ENSG00000145241.6] [129/205]
  * #variants in cis = 1
  * Best hit: [id=4_internal_7547, d=255830, pv=0.438447, s=0.0786]
  * Maximum Likelihood estimation failed, use Moment Matching instead!
  * Beta parameters: [s1=0.999957, s2=0.886025]
  * Adjusted p-values: [emp=0.422886, beta=0.44851]

Processing phenotype [ENSG00000035720.3] [130/205]
  * #variants in cis = 1
  * Best hit: [id=4_internal_7547, d=-268952, pv=0.0656005, s=0.2053]
  * Maximum Likelihood estimation failed, use Moment Matching instead!
  * Beta parameters: [s1=1.00006, s2=0.88336]
  * Adjusted p-values: [emp=0.0845771, beta=0.0855755]

Processing phenotype [ENSG00000033178.7] [131/205]
  * #variants in cis = 1
  * Best hit: [id=4_internal_7547, d=411403, pv=0.609839, s=0.0579]
  * Maximum Likelihood estimation failed, use Moment Matching instead!
  * Beta parameters: [s1=0.999948, s2=1.00003]
  * Adjusted p-values: [emp=0.597015, beta=0.592768]

Processing phenotype [ENSG00000248049.2] [132/205]
  * #variants in cis = 1
  * Best hit: [id=4_internal_7547, d=-411504, pv=0.275807, s=0.1247]
  * Maximum Likelihood estimation failed, use Moment Matching instead!
  * Beta parameters: [s1=0.999995, s2=0.945225]
  * Adjusted p-values: [emp=0.243781, beta=0.260638]

Processing phenotype [ENSG00000250656.2] [133/205]
  * #variants in cis = 1
  * Best hit: [id=4_internal_7547, d=427612, pv=0.170244, s=0.1550]
  * Maximum Likelihood estimation failed, use Moment Matching instead!
  * Beta parameters: [s1=1.00004, s2=1.10672]
  * Adjusted p-values: [emp=0.0895522, beta=0.120822]

Processing phenotype [ENSG00000109163.6] [134/205]
  * #variants in cis = 1
  * Best hit: [id=4_internal_7547, d=464584, pv=0.149826, s=0.1486]
  * Maximum Likelihood estimation failed, use Moment Matching instead!
  * Beta parameters: [s1=1.00004, s2=1.0672]
  * Adjusted p-values: [emp=0.134328, beta=0.131128]

Processing phenotype [ENSG00000232398.1] [135/205]
  * #variants in cis = 1
  * Best hit: [id=4_internal_7547, d=484078, pv=0.45105, s=0.0877]
  * Maximum Likelihood estimation failed, use Moment Matching instead!
  * Beta parameters: [s1=0.999958, s2=0.98743]
  * Adjusted p-values: [emp=0.447761, beta=0.419771]

Processing phenotype [ENSG00000153802.7] [136/205]
  * #variants in cis = 1
  * Best hit: [id=4_internal_7547, d=594256, pv=0.0213811, s=0.2460]
  * Maximum Likelihood estimation failed, use Moment Matching instead!
  * Beta parameters: [s1=0.999968, s2=0.944695]
  * Adjusted p-values: [emp=0.0348259, beta=0.0216787]

Processing phenotype [ENSG00000083896.8] [137/205]
  * #variants in cis = 0

Processing phenotype [ENSG00000173597.3] [138/205]
  * #variants in cis = 0

Processing phenotype [ENSG00000132464.7] [139/205]
  * #variants in cis = 2
  * Best hit: [id=4_internal_9910, d=350383, pv=0.0436865, s=0.2020]
  * Maximum Likelihood estimation failed, use Moment Matching instead!
  * Beta parameters: [s1=1.00002, s2=1.94476]
  * Adjusted p-values: [emp=0.0995025, beta=0.084679]

Processing phenotype [ENSG00000132465.6] [140/205]
  * #variants in cis = 2
  * Best hit: [id=4_internal_9910, d=-297310, pv=0.0522045, s=0.1970]
  * Maximum Likelihood estimation failed, use Moment Matching instead!
  * Beta parameters: [s1=0.999948, s2=2.05548]
  * Adjusted p-values: [emp=0.0696517, beta=0.0987795]

Processing phenotype [ENSG00000132467.2] [141/205]
  * #variants in cis = 2
  * Best hit: [id=4_internal_9910, d=290648, pv=0.735056, s=-0.0366]
  * Maximum Likelihood estimation failed, use Moment Matching instead!
  * Beta parameters: [s1=0.999974, s2=2.03375]
  * Adjusted p-values: [emp=0.925373, beta=0.928211]

Processing phenotype [ENSG00000018189.7] [142/205]
  * #variants in cis = 2
  * Best hit: [id=4_internal_7762, d=103641, pv=0.0269555, s=0.2064]
  * Maximum Likelihood estimation failed, use Moment Matching instead!
  * Beta parameters: [s1=0.999945, s2=2.49478]
  * Adjusted p-values: [emp=0.0447761, beta=0.0336463]

Processing phenotype [ENSG00000132463.9] [143/205]
  * #variants in cis = 2
  * Best hit: [id=4_internal_9910, d=-139182, pv=0.468004, s=-0.0733]
  * Maximum Likelihood estimation failed, use Moment Matching instead!
  * Beta parameters: [s1=1.00005, s2=2.07052]
  * Adjusted p-values: [emp=0.741294, beta=0.718182]

Processing phenotype [ENSG00000173542.4] [144/205]
  * #variants in cis = 2
  * Best hit: [id=4_internal_9910, d=76801, pv=0.700192, s=-0.0420]
  * Maximum Likelihood estimation failed, use Moment Matching instead!
  * Beta parameters: [s1=1.00007, s2=1.86058]
  * Adjusted p-values: [emp=0.870647, beta=0.898701]

Processing phenotype [ENSG00000156136.5] [145/205]
  * #variants in cis = 2
  * Best hit: [id=4_internal_9910, d=0, pv=0.605873, s=0.0559]
  * Maximum Likelihood estimation failed, use Moment Matching instead!
  * Beta parameters: [s1=1.00001, s2=1.8879]
  * Adjusted p-values: [emp=0.81592, beta=0.821867]

Processing phenotype [ENSG00000080493.9] [146/205]
  * #variants in cis = 2
  * Best hit: [id=4_internal_7762, d=-367221, pv=0.021574, s=-0.2389]
  * Maximum Likelihood estimation failed, use Moment Matching instead!
  * Beta parameters: [s1=1.00008, s2=1.90897]
  * Adjusted p-values: [emp=0.0597015, beta=0.0564001]

Processing phenotype [ENSG00000163626.12] [147/205]
  * #variants in cis = 4
  * Best hit: [id=4_internal_7953, d=-620038, pv=0.11336, s=-0.1779]
  * Maximum Likelihood estimation failed, use Moment Matching instead!
  * Beta parameters: [s1=0.999986, s2=4.10454]
  * Adjusted p-values: [emp=0.363184, beta=0.347346]

Processing phenotype [ENSG00000248641.1] [148/205]
  * #variants in cis = 5
  * Best hit: [id=4_internal_6993, d=599390, pv=0.0890876, s=-0.1869]
  * Maximum Likelihood estimation failed, use Moment Matching instead!
  * Beta parameters: [s1=1.00007, s2=5.37777]
  * Adjusted p-values: [emp=0.363184, beta=0.388171]

Processing phenotype [ENSG00000132466.13] [149/205]
  * #variants in cis = 5
  * Best hit: [id=4_internal_7953, d=-430995, pv=0.133366, s=-0.1574]
  * Beta parameters: [s1=0.987334, s2=5.83875]
  * Adjusted p-values: [emp=0.492537, beta=0.501444]

Processing phenotype [ENSG00000250220.1] [150/205]
  * #variants in cis = 5
  * Best hit: [id=4_internal_6993, d=439003, pv=0.0741127, s=0.2072]
  * Maximum Likelihood estimation failed, use Moment Matching instead!
  * Beta parameters: [s1=1.00002, s2=5.07077]
  * Adjusted p-values: [emp=0.288557, beta=0.304386]

Processing phenotype [ENSG00000221639.1] [151/205]
  * #variants in cis = 5
  * Best hit: [id=4_internal_7953, d=425833, pv=0.018983, s=0.2185]
  * Maximum Likelihood estimation failed, use Moment Matching instead!
  * Beta parameters: [s1=0.999982, s2=4.72109]
  * Adjusted p-values: [emp=0.104478, beta=0.101254]

Processing phenotype [ENSG00000163631.12] [152/205]
  * #variants in cis = 6
  * Best hit: [id=4_internal_6993, d=301098, pv=0.133471, s=0.1462]
  * Maximum Likelihood estimation failed, use Moment Matching instead!
  * Beta parameters: [s1=1.00011, s2=4.56537]
  * Adjusted p-values: [emp=0.597015, beta=0.593327]

Processing phenotype [ENSG00000169435.9] [153/205]
  * #variants in cis = 5
  * Best hit: [id=4_internal_6993, d=-77581, pv=0.0287537, s=0.2488]
  * Maximum Likelihood estimation failed, use Moment Matching instead!
  * Beta parameters: [s1=1.00011, s2=5.06596]
  * Adjusted p-values: [emp=0.104478, beta=0.114963]

Processing phenotype [ENSG00000163736.3] [154/205]
  * #variants in cis = 6
  * Best hit: [id=4_internal_6993, d=264289, pv=0.119207, s=-0.1656]
  * Beta parameters: [s1=0.928078, s2=6.4391]
  * Adjusted p-values: [emp=0.492537, beta=0.515034]

Processing phenotype [ENSG00000163738.13] [155/205]
  * #variants in cis = 7
  * Best hit: [id=4_internal_7862, d=-237924, pv=0.104914, s=0.1740]
  * Beta parameters: [s1=0.968352, s2=6.48076]
  * Adjusted p-values: [emp=0.532338, beta=0.538342]

Processing phenotype [ENSG00000269559.1] [156/205]
  * #variants in cis = 7
  * Best hit: [id=4_internal_10038, d=58068, pv=0.338948, s=0.0952]
  * Beta parameters: [s1=1.09069, s2=9.232]
  * Adjusted p-values: [emp=0.975124, beta=0.964332]

Processing phenotype [ENSG00000182585.5] [157/205]
  * #variants in cis = 7
  * Best hit: [id=4_internal_8040, d=379186, pv=0.1777, s=0.1388]
  * Beta parameters: [s1=0.923337, s2=6.9199]
  * Adjusted p-values: [emp=0.79602, beta=0.770089]

Processing phenotype [ENSG00000124882.3] [158/205]
  * #variants in cis = 7
  * Best hit: [id=4_internal_10344, d=0, pv=0.00154195, s=0.3272]
  * Beta parameters: [s1=0.99454, s2=6.10858]
  * Adjusted p-values: [emp=0.0149254, beta=0.0135827]

Processing phenotype [ENSG00000109321.6] [159/205]
  * #variants in cis = 7
  * Best hit: [id=4_internal_8040, d=242525, pv=0.173558, s=0.1554]
  * Beta parameters: [s1=1.00109, s2=6.45614]
  * Adjusted p-values: [emp=0.721393, beta=0.730473]

Processing phenotype [ENSG00000169116.7] [160/205]
  * #variants in cis = 5
  * Best hit: [id=4_internal_10344, d=-621769, pv=0.152855, s=0.1384]
  * Maximum Likelihood estimation failed, use Moment Matching instead!
  * Beta parameters: [s1=0.999896, s2=4.1616]
  * Adjusted p-values: [emp=0.59204, beta=0.5882]

Processing phenotype [ENSG00000174796.8] [161/205]
  * #variants in cis = 7
  * Best hit: [id=4_internal_10045, d=756821, pv=0.08374, s=-0.1983]
  * Maximum Likelihood estimation failed, use Moment Matching instead!
  * Beta parameters: [s1=1.00004, s2=5.29024]
  * Adjusted p-values: [emp=0.432836, beta=0.436452]

Processing phenotype [ENSG00000163743.9] [162/205]
  * #variants in cis = 7
  * Best hit: [id=4_internal_8179, d=-774619, pv=0.0905311, s=0.1972]
  * Beta parameters: [s1=1.04348, s2=8.30413]
  * Adjusted p-values: [emp=0.532338, beta=0.498003]

Processing phenotype [ENSG00000174792.6] [163/205]
  * #variants in cis = 7
  * Best hit: [id=4_internal_8040, d=-921826, pv=0.221562, s=-0.1366]
  * Maximum Likelihood estimation failed, use Moment Matching instead!
  * Beta parameters: [s1=0.999975, s2=5.48919]
  * Adjusted p-values: [emp=0.81592, beta=0.792873]

Processing phenotype [ENSG00000138769.6] [164/205]
  * #variants in cis = 7
  * Best hit: [id=4_internal_8040, d=996468, pv=0.2474, s=0.1308]
  * Beta parameters: [s1=1.04903, s2=7.15306]
  * Adjusted p-values: [emp=0.870647, beta=0.875634]

Processing phenotype [ENSG00000201644.1] [165/205]
  * #variants in cis = 6
  * Best hit: [id=4_internal_10206, d=-234379, pv=0.0754483, s=-0.1838]
  * Beta parameters: [s1=1.1399, s2=6.83692]
  * Adjusted p-values: [emp=0.368159, beta=0.34593]

Processing phenotype [ENSG00000138757.10] [166/205]
  * #variants in cis = 6
  * Best hit: [id=4_internal_10045, d=-546268, pv=0.1199, s=-0.1850]
  * Beta parameters: [s1=0.885446, s2=7.90676]
  * Adjusted p-values: [emp=0.567164, beta=0.565985]

Processing phenotype [ENSG00000138768.9] [167/205]
  * #variants in cis = 6
  * Best hit: [id=4_internal_9702, d=465354, pv=0.262176, s=-0.1221]
  * Beta parameters: [s1=1.01084, s2=6.08767]
  * Adjusted p-values: [emp=0.860697, beta=0.848043]

Processing phenotype [ENSG00000156194.12] [168/205]
  * #variants in cis = 6
  * Best hit: [id=4_internal_9702, d=-291392, pv=0.0954495, s=-0.1741]
  * Maximum Likelihood estimation failed, use Moment Matching instead!
  * Beta parameters: [s1=0.999976, s2=4.93935]
  * Adjusted p-values: [emp=0.472637, beta=0.477835]

Processing phenotype [ENSG00000138744.9] [169/205]
  * #variants in cis = 6
  * Best hit: [id=4_internal_10429, d=-81372, pv=0.0431216, s=0.1987]
  * Beta parameters: [s1=1.0042, s2=6.42104]
  * Adjusted p-values: [emp=0.248756, beta=0.226501]

Processing phenotype [ENSG00000268788.1] [170/205]
  * #variants in cis = 6
  * Best hit: [id=4_internal_10429, d=71693, pv=0.326118, s=0.1050]
  * Maximum Likelihood estimation failed, use Moment Matching instead!
  * Beta parameters: [s1=0.999893, s2=5.18392]
  * Adjusted p-values: [emp=0.890547, beta=0.895963]

Processing phenotype [ENSG00000245928.2] [171/205]
  * #variants in cis = 6
  * Best hit: [id=4_internal_10045, d=294034, pv=0.0706387, s=-0.1945]
  * Beta parameters: [s1=1.02157, s2=5.6751]
  * Adjusted p-values: [emp=0.378109, beta=0.357713]

Processing phenotype [ENSG00000198301.7] [172/205]
  * #variants in cis = 6
  * Best hit: [id=4_internal_10429, d=-31461, pv=0.339312, s=0.1019]
  * Maximum Likelihood estimation failed, use Moment Matching instead!
  * Beta parameters: [s1=0.999881, s2=4.8304]
  * Adjusted p-values: [emp=0.895522, beta=0.912331]

Processing phenotype [ENSG00000156219.12] [173/205]
  * #variants in cis = 7
  * Best hit: [id=4_internal_7804, d=-970163, pv=0.112994, s=-0.1592]
  * Beta parameters: [s1=0.947308, s2=5.75031]
  * Adjusted p-values: [emp=0.487562, beta=0.512349]

Processing phenotype [ENSG00000138750.10] [174/205]
  * #variants in cis = 8
  * Best hit: [id=4_internal_10206, d=135654, pv=0.0673358, s=0.2019]
  * Beta parameters: [s1=0.8824, s2=8.80953]
  * Adjusted p-values: [emp=0.442786, beta=0.448232]

Processing phenotype [ENSG00000138760.4] [175/205]
  * #variants in cis = 9
  * Best hit: [id=4_internal_9702, d=0, pv=0.158113, s=0.1398]
  * Beta parameters: [s1=0.908296, s2=9.29305]
  * Adjusted p-values: [emp=0.78607, beta=0.787686]

Processing phenotype [ENSG00000189157.8] [176/205]
  * #variants in cis = 9
  * Best hit: [id=4_internal_10206, d=-201179, pv=0.173125, s=0.1574]
  * Beta parameters: [s1=1.01581, s2=7.63587]
  * Adjusted p-values: [emp=0.791045, beta=0.777036]

Processing phenotype [ENSG00000118804.7] [177/205]
  * #variants in cis = 9
  * Best hit: [id=4_internal_10045, d=23091, pv=0.144046, s=0.1499]
  * Beta parameters: [s1=0.90701, s2=8.46419]
  * Adjusted p-values: [emp=0.711443, beta=0.753331]

Processing phenotype [ENSG00000138758.7] [178/205]
  * #variants in cis = 9
  * Best hit: [id=4_internal_7499, d=243132, pv=0.0951035, s=0.1792]
  * Beta parameters: [s1=1.06641, s2=9.73177]
  * Adjusted p-values: [emp=0.567164, beta=0.541399]

Processing phenotype [ENSG00000118816.5] [179/205]
  * #variants in cis = 7
  * Best hit: [id=4_internal_10045, d=558955, pv=0.0702544, s=0.2001]
  * Maximum Likelihood estimation failed, use Moment Matching instead!
  * Beta parameters: [s1=0.999995, s2=5.34443]
  * Adjusted p-values: [emp=0.437811, beta=0.436047]

Processing phenotype [ENSG00000214062.5] [180/205]
  * #variants in cis = 7
  * Best hit: [id=4_internal_9702, d=810177, pv=0.0998969, s=-0.1879]
  * Beta parameters: [s1=1.13101, s2=6.90823]
  * Adjusted p-values: [emp=0.512438, beta=0.495666]

Processing phenotype [ENSG00000138764.9] [181/205]
  * #variants in cis = 7
  * Best hit: [id=4_internal_10045, d=-640101, pv=0.119368, s=0.1693]
  * Beta parameters: [s1=0.956616, s2=7.07672]
  * Adjusted p-values: [emp=0.572139, beta=0.577152]

Processing phenotype [ENSG00000138767.8] [182/205]
  * #variants in cis = 9
  * Best hit: [id=4_internal_7764, d=-698783, pv=0.0762467, s=0.1882]
  * Beta parameters: [s1=1.00304, s2=9.32925]
  * Adjusted p-values: [emp=0.502488, beta=0.49741]

Processing phenotype [ENSG00000169288.13] [183/205]
  * #variants in cis = 9
  * Best hit: [id=4_internal_8432, d=-733626, pv=0.151985, s=-0.1618]
  * Beta parameters: [s1=1.04788, s2=9.62637]
  * Adjusted p-values: [emp=0.756219, beta=0.767266]

Processing phenotype [ENSG00000250214.1] [184/205]
  * #variants in cis = 9
  * Best hit: [id=4_internal_10950, d=-745558, pv=0.0677797, s=0.1899]
  * Beta parameters: [s1=1.05031, s2=8.22485]
  * Adjusted p-values: [emp=0.432836, beta=0.417649]

Processing phenotype [ENSG00000248926.1] [185/205]
  * #variants in cis = 9
  * Best hit: [id=4_internal_9923, d=946599, pv=0.0240684, s=-0.2247]
  * Beta parameters: [s1=0.956742, s2=9.20081]
  * Adjusted p-values: [emp=0.233831, beta=0.231655]

Processing phenotype [ENSG00000248956.1] [186/205]
  * #variants in cis = 9
  * Best hit: [id=4_internal_7764, d=554458, pv=0.213156, s=0.1265]
  * Beta parameters: [s1=1.02066, s2=11.4883]
  * Adjusted p-values: [emp=0.885572, beta=0.902753]

Processing phenotype [ENSG00000249565.2] [187/205]
  * #variants in cis = 6
  * Best hit: [id=4_internal_7898, d=-368113, pv=0.0471547, s=-0.2059]
  * Beta parameters: [s1=0.990895, s2=6.21059]
  * Adjusted p-values: [emp=0.273632, beta=0.280397]

Processing phenotype [ENSG00000138756.13] [188/205]
  * #variants in cis = 6
  * Best hit: [id=4_internal_10950, d=-124412, pv=0.00593143, s=0.2940]
  * Beta parameters: [s1=0.985198, s2=6.07712]
  * Adjusted p-values: [emp=0.0497512, beta=0.0417022]

Processing phenotype [ENSG00000242175.2] [189/205]
  * #variants in cis = 6
  * Best hit: [id=4_internal_7898, d=-328907, pv=0.124677, s=-0.1737]
  * Maximum Likelihood estimation failed, use Moment Matching instead!
  * Beta parameters: [s1=0.99998, s2=5.5947]
  * Adjusted p-values: [emp=0.502488, beta=0.501815]

Processing phenotype [ENSG00000163291.10] [190/205]
  * #variants in cis = 6
  * Best hit: [id=4_internal_10950, d=287508, pv=0.11689, s=0.1720]
  * Beta parameters: [s1=1.09345, s2=6.27491]
  * Adjusted p-values: [emp=0.537313, beta=0.509128]

Processing phenotype [ENSG00000249307.1] [191/205]
  * #variants in cis = 6
  * Best hit: [id=4_internal_10950, d=-319818, pv=0.138803, s=0.1618]
  * Maximum Likelihood estimation failed, use Moment Matching instead!
  * Beta parameters: [s1=1.00012, s2=4.9943]
  * Adjusted p-values: [emp=0.587065, beta=0.564]

Processing phenotype [ENSG00000163297.12] [192/205]
  * #variants in cis = 6
  * Best hit: [id=4_internal_7621, d=53059, pv=7.71227e-15, s=0.7410]
  * Beta parameters: [s1=1.01365, s2=5.81686]
  * Adjusted p-values: [emp=0.00497512, beta=4.18691e-15]

Processing phenotype [ENSG00000152784.9] [193/205]
  * #variants in cis = 6
  * Best hit: [id=4_internal_10209, d=0, pv=0.000327415, s=0.3554]
  * Maximum Likelihood estimation failed, use Moment Matching instead!
  * Beta parameters: [s1=0.99991, s2=5.23363]
  * Adjusted p-values: [emp=0.00497512, beta=0.00188626]

Processing phenotype [ENSG00000248719.1] [194/205]
  * #variants in cis = 6
  * Best hit: [id=4_internal_7621, d=117774, pv=0.0473301, s=0.2145]
  * Maximum Likelihood estimation failed, use Moment Matching instead!
  * Beta parameters: [s1=0.999934, s2=5.22042]
  * Adjusted p-values: [emp=0.258706, beta=0.25578]

Processing phenotype [ENSG00000138669.5] [195/205]
  * #variants in cis = 1
  * Best hit: [id=4_internal_9947, d=-274963, pv=0.107373, s=0.1759]
  * Maximum Likelihood estimation failed, use Moment Matching instead!
  * Beta parameters: [s1=1.00002, s2=0.932616]
  * Adjusted p-values: [emp=0.119403, beta=0.100283]

Processing phenotype [ENSG00000138670.11] [196/205]
  * #variants in cis = 4
  * Best hit: [id=4_internal_7069, d=-898577, pv=0.120343, s=-0.1740]
  * Maximum Likelihood estimation failed, use Moment Matching instead!
  * Beta parameters: [s1=0.999999, s2=4.26034]
  * Adjusted p-values: [emp=0.40796, beta=0.388102]

Processing phenotype [ENSG00000251331.1] [197/205]
  * #variants in cis = 4
  * Best hit: [id=4_internal_7069, d=-326262, pv=0.418004, s=0.0901]
  * Maximum Likelihood estimation failed, use Moment Matching instead!
  * Beta parameters: [s1=0.999957, s2=3.63887]
  * Adjusted p-values: [emp=0.875622, beta=0.864248]

Processing phenotype [ENSG00000234568.3] [198/205]
  * #variants in cis = 7
  * Best hit: [id=4_internal_7658, d=0, pv=0.200274, s=0.1319]
  * Beta parameters: [s1=0.863864, s2=8.03295]
  * Adjusted p-values: [emp=0.781095, beta=0.799263]

Processing phenotype [ENSG00000138668.14] [199/205]
  * #variants in cis = 9
  * Best hit: [id=4_internal_7572, d=-728868, pv=0.0790527, s=-0.1936]
  * Beta parameters: [s1=0.949878, s2=8.09905]
  * Adjusted p-values: [emp=0.512438, beta=0.534651]

Processing phenotype [ENSG00000152795.12] [200/205]
  * #variants in cis = 9
  * Best hit: [id=4_internal_7572, d=-673230, pv=0.181994, s=0.1547]
  * Beta parameters: [s1=0.952014, s2=6.72051]
  * Adjusted p-values: [emp=0.80597, beta=0.802818]

Processing phenotype [ENSG00000145293.10] [201/205]
  * #variants in cis = 9
  * Best hit: [id=4_internal_7572, d=672809, pv=0.126379, s=-0.1711]
  * Beta parameters: [s1=1.01934, s2=7.0813]
  * Adjusted p-values: [emp=0.711443, beta=0.689113]

Processing phenotype [ENSG00000214988.4] [202/205]
  * #variants in cis = 9
  * Best hit: [id=4_internal_7658, d=215047, pv=0.0658824, s=0.1776]
  * Beta parameters: [s1=1.03216, s2=8.90129]
  * Adjusted p-values: [emp=0.437811, beta=0.43552]

Processing phenotype [ENSG00000227304.3] [203/205]
  * #variants in cis = 9
  * Best hit: [id=4_internal_9847, d=-862084, pv=0.0538932, s=-0.2070]
  * Beta parameters: [s1=0.936907, s2=8.05902]
  * Adjusted p-values: [emp=0.422886, beta=0.418399]

Processing phenotype [ENSG00000249242.2] [204/205]
  * #variants in cis = 9
  * Best hit: [id=4_internal_7069, d=0, pv=0.0392637, s=0.2117]
  * Beta parameters: [s1=1.05949, s2=9.77626]
  * Adjusted p-values: [emp=0.348259, beta=0.327836]

Processing phenotype [ENSG00000145284.7] [205/205]
  * #variants in cis = 10
  * Best hit: [id=4_internal_10955, d=-460826, pv=0.00160256, s=-0.3531]
  * Beta parameters: [s1=1.02536, s2=9.36466]
  * Adjusted p-values: [emp=0.0199005, beta=0.0165707]

Running time: 2 seconds
