Sender: LSF System <lsfadmin@cpt18>
Subject: Job 974262: </data/unige/funpopgen/odelanea/SGX/V2/binaries/qtltools/bin/QTLtools cis --vcf /data/unige/funpopgen/grey2/SYSCID/BLUEPRINT_DATA/CRD/THREE_CELL_TYPES/CLOMICS/CELL_TYPE_COMPARISON_GENE_CRD_ASSOCIATIONS/quantify/73_vs_70_ALL.ALLchr.mean.txt.gz --bed /data/unige/funpopgen/grey2/SYSCID/BLUEPRINT_DATA/CRD/THREE_CELL_TYPES/QTL_TOOLS/EGAD00001002671_v3.0/EGAD00001002671_RNA.PC10.bed.gz --permute 200 --chunk 19 100 --out /data/unige/funpopgen/grey2/SYSCID/BLUEPRINT_DATA/CRD/THREE_CELL_TYPES/CLOMICS/CELL_TYPE_COMPARISON_GENE_CRD_ASSOCIATIONS/mapping_aCRD_gene/73_vs_70/gene_CRD_mean_chunk19\.txt> in cluster <ug> Done

Job </data/unige/funpopgen/odelanea/SGX/V2/binaries/qtltools/bin/QTLtools cis --vcf /data/unige/funpopgen/grey2/SYSCID/BLUEPRINT_DATA/CRD/THREE_CELL_TYPES/CLOMICS/CELL_TYPE_COMPARISON_GENE_CRD_ASSOCIATIONS/quantify/73_vs_70_ALL.ALLchr.mean.txt.gz --bed /data/unige/funpopgen/grey2/SYSCID/BLUEPRINT_DATA/CRD/THREE_CELL_TYPES/QTL_TOOLS/EGAD00001002671_v3.0/EGAD00001002671_RNA.PC10.bed.gz --permute 200 --chunk 19 100 --out /data/unige/funpopgen/grey2/SYSCID/BLUEPRINT_DATA/CRD/THREE_CELL_TYPES/CLOMICS/CELL_TYPE_COMPARISON_GENE_CRD_ASSOCIATIONS/mapping_aCRD_gene/73_vs_70/gene_CRD_mean_chunk19\.txt> was submitted from host <frt.ug.vital-it.ch> by user <grey2> in cluster <ug>.
Job was executed on host(s) <cpt18>, in queue <normal>, as user <grey2> in cluster <ug>.
</home/grey2> was used as the home directory.
</data/unige/funpopgen/grey2/SYSCID/BLUEPRINT_DATA/CRD/THREE_CELL_TYPES/CLOMICS/CELL_TYPE_COMPARISON_GENE_CRD_ASSOCIATIONS> was used as the working directory.
Started at Thu Mar 21 11:27:39 2019
Results reported at Thu Mar 21 11:27:46 2019

Your job looked like:

------------------------------------------------------------
# LSBATCH: User input
/data/unige/funpopgen/odelanea/SGX/V2/binaries/qtltools/bin/QTLtools cis --vcf /data/unige/funpopgen/grey2/SYSCID/BLUEPRINT_DATA/CRD/THREE_CELL_TYPES/CLOMICS/CELL_TYPE_COMPARISON_GENE_CRD_ASSOCIATIONS/quantify/73_vs_70_ALL.ALLchr.mean.txt.gz --bed /data/unige/funpopgen/grey2/SYSCID/BLUEPRINT_DATA/CRD/THREE_CELL_TYPES/QTL_TOOLS/EGAD00001002671_v3.0/EGAD00001002671_RNA.PC10.bed.gz --permute 200 --chunk 19 100 --out /data/unige/funpopgen/grey2/SYSCID/BLUEPRINT_DATA/CRD/THREE_CELL_TYPES/CLOMICS/CELL_TYPE_COMPARISON_GENE_CRD_ASSOCIATIONS/mapping_aCRD_gene/73_vs_70/gene_CRD_mean_chunk19\.txt

------------------------------------------------------------

Successfully completed.

Resource usage summary:

    CPU time :               2.94 sec.
    Max Memory :             3.24 MB
    Average Memory :         3.24 MB
    Total Requested Memory : -
    Delta Memory :           -
    (Delta: the difference between total requested memory and actual max usage.)
    Max Swap :               32 MB

    Max Processes :          1
    Max Threads :            1

The output (if any) follows:


[32mQTLtools[0m
  * Authors : Olivier DELANEAU / Halit ONGEN / Emmanouil DERMITZAKIS
  * Contact : olivier.delaneau@gmail.com / halit.ongen@unige.ch / Emmanouil.Dermitzakis@unige.ch
  * Webpage : https://qtltools.github.io/qtltools/
  * Version : 1.1
  * Date    : 21/03/2019 - 11:27:43
  * Citation: A complete tool set for molecular QTL discovery and analysis, https://doi.org/10.1101/068635

[32mMAPPING QTL IN CIS[0m
  * TASK: Perform 200 permutations
  * Linear model: Phe ~ Var
  * Cis-window size is 1000000 bp
  * Chunk = [19/100]

Scanning phenotype data in [/data/unige/funpopgen/grey2/SYSCID/BLUEPRINT_DATA/CRD/THREE_CELL_TYPES/QTL_TOOLS/EGAD00001002671_v3.0/EGAD00001002671_RNA.PC10.bed.gz]
  * 24372 phenotypes included
  * 12152 phenotypes are on the negative strand

Initialize random number generator
  * Built-in seed is 15112011
  * First Integer = 30554
  * First Double = 0.0126695

Reading sample list from [/data/unige/funpopgen/grey2/SYSCID/BLUEPRINT_DATA/CRD/THREE_CELL_TYPES/QTL_TOOLS/EGAD00001002671_v3.0/EGAD00001002671_RNA.PC10.bed.gz]
  * #samples = 169

Reading sample list from [/data/unige/funpopgen/grey2/SYSCID/BLUEPRINT_DATA/CRD/THREE_CELL_TYPES/CLOMICS/CELL_TYPE_COMPARISON_GENE_CRD_ASSOCIATIONS/quantify/73_vs_70_ALL.ALLchr.mean.txt.gz]
  * #samples = 94

Merging sample sets from all input files
  * #files = 2
  * #samples in all files = 91
  * #samples NOT in all files (i.e. ignored) = 81

Reading phenotype data in [/data/unige/funpopgen/grey2/SYSCID/BLUEPRINT_DATA/CRD/THREE_CELL_TYPES/QTL_TOOLS/EGAD00001002671_v3.0/EGAD00001002671_RNA.PC10.bed.gz]
  * target region [6:292097-30734602]
  * 303 phenotypes included
  * 144 phenotypes are on the negative strand

Reading genotype data in [/data/unige/funpopgen/grey2/SYSCID/BLUEPRINT_DATA/CRD/THREE_CELL_TYPES/CLOMICS/CELL_TYPE_COMPARISON_GENE_CRD_ASSOCIATIONS/quantify/73_vs_70_ALL.ALLchr.mean.txt.gz]
  * File format detected: BED
  * 91 samples included
  * 5 samples without phenotype data
  * target region [6:0-31734602]
  * 154 variants included

Processing phenotype [ENSG00000112679.9] [1/303]
  * #variants in cis = 7
  * Best hit: [id=6_internal_16710, d=0, pv=2.2698e-06, s=0.4788]
  * Maximum Likelihood estimation failed, use Moment Matching instead!
  * Beta parameters: [s1=1.00013, s2=5.54841]
  * Adjusted p-values: [emp=0.00497512, beta=4.98385e-05]

Processing phenotype [ENSG00000137265.10] [2/303]
  * #variants in cis = 7
  * Best hit: [id=6_internal_15939, d=185779, pv=0.0332086, s=-0.2250]
  * Maximum Likelihood estimation failed, use Moment Matching instead!
  * Beta parameters: [s1=1.00007, s2=5.14398]
  * Adjusted p-values: [emp=0.258706, beta=0.254182]

Processing phenotype [ENSG00000230433.1] [3/303]
  * #variants in cis = 7
  * Best hit: [id=6_internal_16710, d=-144244, pv=0.00624781, s=0.2881]
  * Beta parameters: [s1=0.966711, s2=6.02639]
  * Adjusted p-values: [emp=0.039801, beta=0.0294093]

Processing phenotype [ENSG00000188996.4] [4/303]
  * #variants in cis = 7
  * Best hit: [id=6_internal_15939, d=0, pv=0.0222468, s=-0.2463]
  * Beta parameters: [s1=0.886234, s2=7.60444]
  * Adjusted p-values: [emp=0.159204, beta=0.145013]

Processing phenotype [ENSG00000219712.1] [5/303]
  * #variants in cis = 7
  * Best hit: [id=6_internal_14463, d=308931, pv=0.0555228, s=-0.1962]
  * Beta parameters: [s1=0.880188, s2=7.58785]
  * Adjusted p-values: [emp=0.308458, beta=0.302667]

Processing phenotype [ENSG00000112685.8] [6/303]
  * #variants in cis = 8
  * Best hit: [id=6_internal_15939, d=0, pv=0.125628, s=0.1799]
  * Beta parameters: [s1=1.07092, s2=6.95763]
  * Adjusted p-values: [emp=0.606965, beta=0.609079]

Processing phenotype [ENSG00000218027.2] [7/303]
  * #variants in cis = 7
  * Best hit: [id=6_internal_10681, d=-988339, pv=0.102798, s=-0.1742]
  * Beta parameters: [s1=1.06537, s2=6.77183]
  * Adjusted p-values: [emp=0.497512, beta=0.482172]

Processing phenotype [ENSG00000054598.5] [8/303]
  * #variants in cis = 7
  * Best hit: [id=6_internal_12070, d=-898266, pv=0.0954891, s=0.1745]
  * Beta parameters: [s1=0.944512, s2=8.41063]
  * Adjusted p-values: [emp=0.517413, beta=0.514656]

Processing phenotype [ENSG00000112699.6] [9/303]
  * #variants in cis = 11
  * Best hit: [id=6_internal_15244, d=-690324, pv=0.00580915, s=0.2753]
  * Beta parameters: [s1=0.96926, s2=9.22631]
  * Adjusted p-values: [emp=0.0845771, beta=0.073954]

Processing phenotype [ENSG00000250903.2] [10/303]
  * #variants in cis = 11
  * Best hit: [id=6_internal_14741, d=600046, pv=0.0138143, s=0.2296]
  * Beta parameters: [s1=0.91364, s2=9.87962]
  * Adjusted p-values: [emp=0.18408, beta=0.151803]

Processing phenotype [ENSG00000236086.2] [11/303]
  * #variants in cis = 11
  * Best hit: [id=6_internal_11973, d=815403, pv=0.0216568, s=-0.2439]
  * Beta parameters: [s1=0.966036, s2=11.5163]
  * Adjusted p-values: [emp=0.174129, beta=0.190664]

Processing phenotype [ENSG00000145949.8] [12/303]
  * #variants in cis = 11
  * Best hit: [id=6_internal_10445, d=-247217, pv=0.0443943, s=0.2111]
  * Beta parameters: [s1=1.06167, s2=10.4114]
  * Adjusted p-values: [emp=0.462687, beta=0.414808]

Processing phenotype [ENSG00000124535.10] [13/303]
  * #variants in cis = 10
  * Best hit: [id=6_internal_15244, d=170602, pv=0.000288904, s=0.3732]
  * Beta parameters: [s1=1.12323, s2=9.86039]
  * Adjusted p-values: [emp=0.00497512, beta=0.00208102]

Processing phenotype [ENSG00000251499.1] [14/303]
  * #variants in cis = 10
  * Best hit: [id=6_internal_12472, d=-751798, pv=0.0266213, s=-0.2347]
  * Beta parameters: [s1=1.01946, s2=12.0582]
  * Adjusted p-values: [emp=0.218905, beta=0.213863]

Processing phenotype [ENSG00000021355.8] [15/303]
  * #variants in cis = 10
  * Best hit: [id=6_internal_15244, d=-94010, pv=0.000338167, s=0.3871]
  * Beta parameters: [s1=0.950164, s2=10.8739]
  * Adjusted p-values: [emp=0.00497512, beta=0.00221059]

Processing phenotype [ENSG00000230438.3] [16/303]
  * #variants in cis = 10
  * Best hit: [id=6_internal_14741, d=0, pv=4.7322e-08, s=0.5386]
  * Beta parameters: [s1=1.02929, s2=10.7058]
  * Adjusted p-values: [emp=0.00497512, beta=8.75313e-08]

Processing phenotype [ENSG00000170542.5] [17/303]
  * #variants in cis = 10
  * Best hit: [id=6_internal_14741, d=0, pv=5.1123e-17, s=0.7636]
  * Beta parameters: [s1=0.915683, s2=9.78587]
  * Adjusted p-values: [emp=0.00497512, beta=4.33393e-16]

Processing phenotype [ENSG00000124570.12] [18/303]
  * #variants in cis = 10
  * Best hit: [id=6_internal_15244, d=0, pv=5.83222e-26, s=0.7887]
  * Beta parameters: [s1=0.908903, s2=8.35776]
  * Adjusted p-values: [emp=0.00497512, beta=2.21643e-24]

Processing phenotype [ENSG00000244041.2] [19/303]
  * #variants in cis = 10
  * Best hit: [id=6_internal_11482, d=0, pv=0.000877747, s=0.3709]
  * Beta parameters: [s1=1.08965, s2=8.47317]
  * Adjusted p-values: [emp=0.00995025, beta=0.00832908]

Processing phenotype [ENSG00000124588.14] [20/303]
  * #variants in cis = 10
  * Best hit: [id=6_internal_10445, d=10196, pv=3.04066e-05, s=0.4354]
  * Beta parameters: [s1=1.08895, s2=9.0798]
  * Adjusted p-values: [emp=0.00497512, beta=0.000229686]

Processing phenotype [ENSG00000224846.1] [21/303]
  * #variants in cis = 10
  * Best hit: [id=6_internal_12932, d=345518, pv=0.167761, s=-0.1444]
  * Beta parameters: [s1=0.925594, s2=8.34908]
  * Adjusted p-values: [emp=0.810945, beta=0.815271]

Processing phenotype [ENSG00000261015.1] [22/303]
  * #variants in cis = 10
  * Best hit: [id=6_internal_12525, d=706657, pv=0.087531, s=0.1775]
  * Beta parameters: [s1=1.02776, s2=9.99755]
  * Adjusted p-values: [emp=0.542289, beta=0.52935]

Processing phenotype [ENSG00000137275.8] [23/303]
  * #variants in cis = 10
  * Best hit: [id=6_internal_14984, d=-35572, pv=0.0063219, s=0.3068]
  * Beta parameters: [s1=1.08325, s2=8.64051]
  * Adjusted p-values: [emp=0.0447761, beta=0.0647502]

Processing phenotype [ENSG00000222248.1] [24/303]
  * #variants in cis = 10
  * Best hit: [id=6_internal_12932, d=435193, pv=0.199748, s=-0.1410]
  * Beta parameters: [s1=0.946656, s2=8.84341]
  * Adjusted p-values: [emp=0.885572, beta=0.871714]

Processing phenotype [ENSG00000137274.8] [25/303]
  * #variants in cis = 10
  * Best hit: [id=6_internal_11973, d=38479, pv=0.107167, s=0.1775]
  * Beta parameters: [s1=0.92303, s2=8.38497]
  * Adjusted p-values: [emp=0.646766, beta=0.668729]

Processing phenotype [ENSG00000228170.1] [26/303]
  * #variants in cis = 10
  * Best hit: [id=6_internal_11482, d=93021, pv=0.0642699, s=-0.2100]
  * Beta parameters: [s1=1.0894, s2=9.12686]
  * Adjusted p-values: [emp=0.442786, beta=0.477774]

Processing phenotype [ENSG00000137267.5] [27/303]
  * #variants in cis = 10
  * Best hit: [id=6_internal_11973, d=0, pv=1.04443e-07, s=0.5248]
  * Beta parameters: [s1=0.913653, s2=9.57994]
  * Adjusted p-values: [emp=0.00497512, beta=3.10083e-06]

Processing phenotype [ENSG00000180822.7] [28/303]
  * #variants in cis = 10
  * Best hit: [id=6_internal_12472, d=285987, pv=0.0930106, s=-0.1924]
  * Beta parameters: [s1=1.05979, s2=8.83833]
  * Adjusted p-values: [emp=0.641791, beta=0.623619]

Processing phenotype [ENSG00000137266.10] [29/303]
  * #variants in cis = 11
  * Best hit: [id=6_internal_14741, d=544834, pv=0.0922538, s=-0.1882]
  * Beta parameters: [s1=0.85585, s2=9.35128]
  * Adjusted p-values: [emp=0.616915, beta=0.65779]

Processing phenotype [ENSG00000145945.5] [30/303]
  * #variants in cis = 9
  * Best hit: [id=6_internal_14741, d=-937198, pv=0.0893238, s=-0.1804]
  * Beta parameters: [s1=1.02366, s2=8.19388]
  * Adjusted p-values: [emp=0.577114, beta=0.55637]

Processing phenotype [ENSG00000216657.1] [31/303]
  * #variants in cis = 8
  * Best hit: [id=6_internal_14984, d=-949776, pv=0.124068, s=-0.1690]
  * Beta parameters: [s1=0.937949, s2=6.30223]
  * Adjusted p-values: [emp=0.626866, beta=0.626749]

Processing phenotype [ENSG00000145965.5] [32/303]
  * #variants in cis = 8
  * Best hit: [id=6_internal_11973, d=-819012, pv=0.148717, s=0.1656]
  * Beta parameters: [s1=0.945772, s2=7.61371]
  * Adjusted p-values: [emp=0.686567, beta=0.682928]

Processing phenotype [ENSG00000112739.11] [33/303]
  * #variants in cis = 7
  * Best hit: [id=6_internal_11973, d=-857604, pv=0.0395204, s=0.2185]
  * Beta parameters: [s1=0.978482, s2=7.21324]
  * Adjusted p-values: [emp=0.19403, beta=0.195821]

Processing phenotype [ENSG00000185689.11] [34/303]
  * #variants in cis = 4
  * Best hit: [id=6_internal_12472, d=-494925, pv=0.0349415, s=0.2228]
  * Maximum Likelihood estimation failed, use Moment Matching instead!
  * Beta parameters: [s1=0.999978, s2=4.16851]
  * Adjusted p-values: [emp=0.114428, beta=0.142058]

Processing phenotype [ENSG00000145975.8] [35/303]
  * #variants in cis = 4
  * Best hit: [id=6_internal_12472, d=503063, pv=0.112451, s=-0.1628]
  * Maximum Likelihood estimation failed, use Moment Matching instead!
  * Beta parameters: [s1=0.999995, s2=3.25854]
  * Adjusted p-values: [emp=0.348259, beta=0.342787]

Processing phenotype [ENSG00000254821.1] [36/303]
  * #variants in cis = 5
  * Best hit: [id=6_internal_12472, d=-551142, pv=0.0315853, s=0.2227]
  * Maximum Likelihood estimation failed, use Moment Matching instead!
  * Beta parameters: [s1=0.999992, s2=5.03636]
  * Adjusted p-values: [emp=0.114428, beta=0.131127]

Processing phenotype [ENSG00000198721.8] [37/303]
  * #variants in cis = 5
  * Best hit: [id=6_internal_12472, d=551316, pv=0.0426719, s=0.2232]
  * Maximum Likelihood estimation failed, use Moment Matching instead!
  * Beta parameters: [s1=1.00008, s2=4.71258]
  * Adjusted p-values: [emp=0.189055, beta=0.187051]

Processing phenotype [ENSG00000234817.2] [38/303]
  * #variants in cis = 5
  * Best hit: [id=6_internal_11973, d=-972409, pv=0.354345, s=0.0986]
  * Maximum Likelihood estimation failed, use Moment Matching instead!
  * Beta parameters: [s1=0.999939, s2=4.55183]
  * Adjusted p-values: [emp=0.870647, beta=0.872125]

Processing phenotype [ENSG00000153046.12] [39/303]
  * #variants in cis = 8
  * Best hit: [id=6_internal_12297, d=475071, pv=0.00532114, s=-0.2919]
  * Beta parameters: [s1=0.975184, s2=9.30906]
  * Adjusted p-values: [emp=0.0348259, beta=0.0256928]

Processing phenotype [ENSG00000124787.9] [40/303]
  * #variants in cis = 10
  * Best hit: [id=6_internal_11202, d=-659634, pv=0.00948263, s=0.2817]
  * Beta parameters: [s1=0.905524, s2=10.55]
  * Adjusted p-values: [emp=0.0845771, beta=0.0782311]

Processing phenotype [ENSG00000252419.1] [41/303]
  * #variants in cis = 10
  * Best hit: [id=6_internal_11968, d=-215409, pv=0.0408449, s=-0.2131]
  * Beta parameters: [s1=0.971985, s2=10.3147]
  * Adjusted p-values: [emp=0.358209, beta=0.33835]

Processing phenotype [ENSG00000214113.5] [42/303]
  * #variants in cis = 10
  * Best hit: [id=6_internal_12297, d=54153, pv=0.0246229, s=0.2528]
  * Beta parameters: [s1=1.02531, s2=8.4402]
  * Adjusted p-values: [emp=0.248756, beta=0.209866]

Processing phenotype [ENSG00000145982.6] [43/303]
  * #variants in cis = 10
  * Best hit: [id=6_internal_12581, d=456684, pv=0.0221096, s=-0.2420]
  * Beta parameters: [s1=1.04184, s2=8.43503]
  * Adjusted p-values: [emp=0.238806, beta=0.211705]

Processing phenotype [ENSG00000218574.1] [44/303]
  * #variants in cis = 15
  * Best hit: [id=6_internal_9921, d=-358546, pv=0.132283, s=-0.1518]
  * Beta parameters: [s1=1.1088, s2=11.8291]
  * Adjusted p-values: [emp=0.830846, beta=0.846734]

Processing phenotype [ENSG00000217239.2] [45/303]
  * #variants in cis = 17
  * Best hit: [id=6_internal_12316, d=651992, pv=0.0416429, s=0.2179]
  * Beta parameters: [s1=0.93137, s2=17.5048]
  * Adjusted p-values: [emp=0.437811, beta=0.441334]

Processing phenotype [ENSG00000216360.1] [46/303]
  * #variants in cis = 18
  * Best hit: [id=6_internal_10949, d=-465893, pv=0.0275517, s=-0.2432]
  * Beta parameters: [s1=1.0658, s2=15.4494]
  * Adjusted p-values: [emp=0.378109, beta=0.379129]

Processing phenotype [ENSG00000124491.10] [47/303]
  * #variants in cis = 25
  * Best hit: [id=6_internal_10704, d=-764898, pv=0.019232, s=-0.2550]
  * Beta parameters: [s1=0.954407, s2=20.2682]
  * Adjusted p-values: [emp=0.373134, beta=0.361137]

Processing phenotype [ENSG00000112799.3] [48/303]
  * #variants in cis = 26
  * Best hit: [id=6_internal_15099, d=0, pv=2.8174e-07, s=0.5055]
  * Beta parameters: [s1=1.10795, s2=19.2258]
  * Adjusted p-values: [emp=0.00497512, beta=1.00571e-05]

Processing phenotype [ENSG00000124782.14] [49/303]
  * #variants in cis = 24
  * Best hit: [id=6_internal_10772, d=0, pv=5.2264e-07, s=0.4927]
  * Beta parameters: [s1=0.929821, s2=23.5591]
  * Adjusted p-values: [emp=0.00497512, beta=1.25004e-05]

Processing phenotype [ENSG00000225092.2] [50/303]
  * #variants in cis = 24
  * Best hit: [id=6_internal_10453, d=-8576, pv=0.0181608, s=0.2356]
  * Beta parameters: [s1=1.10458, s2=16.2933]
  * Adjusted p-values: [emp=0.427861, beta=0.400375]

Processing phenotype [ENSG00000238221.1] [51/303]
  * #variants in cis = 24
  * Best hit: [id=6_internal_12209, d=-77948, pv=0.00178787, s=-0.3131]
  * Beta parameters: [s1=1.05346, s2=26.0158]
  * Adjusted p-values: [emp=0.0348259, beta=0.0338477]

Processing phenotype [ENSG00000220472.1] [52/303]
  * #variants in cis = 24
  * Best hit: [id=6_internal_14139, d=-48748, pv=0.011425, s=0.2597]
  * Beta parameters: [s1=0.983731, s2=31.1743]
  * Adjusted p-values: [emp=0.218905, beta=0.230482]

Processing phenotype [ENSG00000124783.8] [53/303]
  * #variants in cis = 24
  * Best hit: [id=6_internal_12209, d=149363, pv=0.00324252, s=-0.2975]
  * Beta parameters: [s1=1.02503, s2=21.1525]
  * Adjusted p-values: [emp=0.109453, beta=0.0841785]

Processing phenotype [ENSG00000124784.4] [54/303]
  * #variants in cis = 24
  * Best hit: [id=6_internal_12209, d=-191413, pv=0.00820127, s=-0.2902]
  * Beta parameters: [s1=0.941197, s2=25.2741]
  * Adjusted p-values: [emp=0.174129, beta=0.160755]

Processing phenotype [ENSG00000164304.11] [55/303]
  * #variants in cis = 24
  * Best hit: [id=6_internal_13195, d=997061, pv=0.0180892, s=-0.2624]
  * Beta parameters: [s1=1.05596, s2=19.2339]
  * Adjusted p-values: [emp=0.348259, beta=0.353852]

Processing phenotype [ENSG00000168566.10] [56/303]
  * #variants in cis = 20
  * Best hit: [id=6_internal_13192, d=130670, pv=0.151315, s=-0.1430]
  * Beta parameters: [s1=1.08011, s2=14.6008]
  * Adjusted p-values: [emp=0.930348, beta=0.936178]

Processing phenotype [ENSG00000236512.1] [57/303]
  * #variants in cis = 20
  * Best hit: [id=6_internal_14674, d=109966, pv=0.113635, s=-0.1642]
  * Beta parameters: [s1=1.05302, s2=18.8712]
  * Adjusted p-values: [emp=0.920398, beta=0.898566]

Processing phenotype [ENSG00000153162.8] [58/303]
  * #variants in cis = 18
  * Best hit: [id=6_internal_14139, d=-133257, pv=0.0282265, s=-0.2340]
  * Beta parameters: [s1=0.909175, s2=22.0326]
  * Adjusted p-values: [emp=0.412935, beta=0.421329]

Processing phenotype [ENSG00000219294.5] [59/303]
  * #variants in cis = 16
  * Best hit: [id=6_internal_11664, d=-336060, pv=0.0579944, s=-0.1857]
  * Beta parameters: [s1=0.9256, s2=12.5833]
  * Adjusted p-values: [emp=0.58209, beta=0.599518]

Processing phenotype [ENSG00000239264.2] [60/303]
  * #variants in cis = 16
  * Best hit: [id=6_internal_14674, d=293836, pv=0.0112092, s=-0.2485]
  * Beta parameters: [s1=0.963426, s2=14.1564]
  * Adjusted p-values: [emp=0.189055, beta=0.172611]

Processing phenotype [ENSG00000259040.1] [61/303]
  * #variants in cis = 16
  * Best hit: [id=6_internal_14674, d=331787, pv=0.00968583, s=-0.2534]
  * Beta parameters: [s1=0.950503, s2=15.4222]
  * Adjusted p-values: [emp=0.149254, beta=0.152171]

Processing phenotype [ENSG00000188428.12] [62/303]
  * #variants in cis = 16
  * Best hit: [id=6_internal_11205, d=778728, pv=0.0389857, s=0.2119]
  * Beta parameters: [s1=1.06169, s2=20.0874]
  * Adjusted p-values: [emp=0.41791, beta=0.428652]

Processing phenotype [ENSG00000265818.1] [63/303]
  * #variants in cis = 14
  * Best hit: [id=6_internal_13192, d=0, pv=0.00861984, s=-0.2593]
  * Beta parameters: [s1=0.941866, s2=19.1517]
  * Adjusted p-values: [emp=0.104478, beta=0.0898537]

Processing phenotype [ENSG00000124802.7] [64/303]
  * #variants in cis = 14
  * Best hit: [id=6_internal_14139, d=509038, pv=0.0133391, s=0.2766]
  * Beta parameters: [s1=1.00838, s2=14.314]
  * Adjusted p-values: [emp=0.139303, beta=0.147547]

Processing phenotype [ENSG00000124786.8] [65/303]
  * #variants in cis = 8
  * Best hit: [id=6_internal_13806, d=-395231, pv=0.119916, s=-0.1616]
  * Beta parameters: [s1=0.901886, s2=7.14739]
  * Adjusted p-values: [emp=0.606965, beta=0.614741]

Processing phenotype [ENSG00000251164.1] [66/303]
  * #variants in cis = 7
  * Best hit: [id=6_internal_13192, d=-520330, pv=0.225375, s=-0.1147]
  * Beta parameters: [s1=1.10158, s2=6.76666]
  * Adjusted p-values: [emp=0.835821, beta=0.844977]

Processing phenotype [ENSG00000111846.11] [67/303]
  * #variants in cis = 11
  * Best hit: [id=6_internal_12048, d=18165, pv=3.00536e-06, s=0.4931]
  * Beta parameters: [s1=0.944553, s2=10.1691]
  * Adjusted p-values: [emp=0.00497512, beta=4.24514e-05]

Processing phenotype [ENSG00000111845.4] [68/303]
  * #variants in cis = 14
  * Best hit: [id=6_internal_10187, d=801373, pv=0.109929, s=0.1892]
  * Beta parameters: [s1=0.973522, s2=16.3071]
  * Adjusted p-values: [emp=0.800995, beta=0.80736]

Processing phenotype [ENSG00000137434.7] [69/303]
  * #variants in cis = 14
  * Best hit: [id=6_internal_10995, d=-819046, pv=0.0852957, s=0.1764]
  * Beta parameters: [s1=1.10115, s2=12.32]
  * Adjusted p-values: [emp=0.731343, beta=0.717456]

Processing phenotype [ENSG00000111843.9] [70/303]
  * #variants in cis = 15
  * Best hit: [id=6_internal_12048, d=-122594, pv=0.00288212, s=0.2870]
  * Beta parameters: [s1=1.03393, s2=15.6849]
  * Adjusted p-values: [emp=0.0497512, beta=0.0420067]

Processing phenotype [ENSG00000137210.7] [71/303]
  * #variants in cis = 15
  * Best hit: [id=6_internal_10773, d=-329838, pv=0.0481465, s=0.2343]
  * Beta parameters: [s1=0.912898, s2=13.8267]
  * Adjusted p-values: [emp=0.477612, beta=0.506959]

Processing phenotype [ENSG00000153157.8] [72/303]
  * #variants in cis = 15
  * Best hit: [id=6_internal_11588, d=573315, pv=0.00264803, s=-0.3374]
  * Beta parameters: [s1=0.928637, s2=16.1086]
  * Adjusted p-values: [emp=0.0696517, beta=0.0380281]

Processing phenotype [ENSG00000222383.1] [73/303]
  * #variants in cis = 15
  * Best hit: [id=6_internal_10677, d=-390371, pv=0.06385, s=0.1831]
  * Beta parameters: [s1=0.869691, s2=15.1859]
  * Adjusted p-values: [emp=0.60199, beta=0.616015]

Processing phenotype [ENSG00000111837.7] [74/303]
  * #variants in cis = 15
  * Best hit: [id=6_internal_11119, d=738192, pv=0.00183507, s=-0.3504]
  * Beta parameters: [s1=1.08912, s2=12.8109]
  * Adjusted p-values: [emp=0.0348259, beta=0.0260151]

Processing phenotype [ENSG00000224531.3] [75/303]
  * #variants in cis = 15
  * Best hit: [id=6_internal_13700, d=123527, pv=0.0674726, s=0.2061]
  * Beta parameters: [s1=0.948492, s2=13.1152]
  * Adjusted p-values: [emp=0.636816, beta=0.66846]

Processing phenotype [ENSG00000244476.2] [76/303]
  * #variants in cis = 14
  * Best hit: [id=6_internal_10677, d=-31565, pv=0.114586, s=-0.1650]
  * Beta parameters: [s1=1.09361, s2=14.6892]
  * Adjusted p-values: [emp=0.840796, beta=0.832599]

Processing phenotype [ENSG00000247925.2] [77/303]
  * #variants in cis = 14
  * Best hit: [id=6_internal_10677, d=0, pv=0.0707727, s=0.1738]
  * Beta parameters: [s1=1.04484, s2=14.1695]
  * Adjusted p-values: [emp=0.606965, beta=0.623004]

Processing phenotype [ENSG00000111859.12] [78/303]
  * #variants in cis = 18
  * Best hit: [id=6_internal_12631, d=0, pv=0.0127562, s=0.2943]
  * Beta parameters: [s1=0.933907, s2=16.6739]
  * Adjusted p-values: [emp=0.218905, beta=0.220446]

Processing phenotype [ENSG00000205269.4] [79/303]
  * #variants in cis = 17
  * Best hit: [id=6_internal_10995, d=0, pv=0.0514108, s=0.1969]
  * Beta parameters: [s1=0.86516, s2=18.3664]
  * Adjusted p-values: [emp=0.587065, beta=0.603552]

Processing phenotype [ENSG00000207419.1] [80/303]
  * #variants in cis = 15
  * Best hit: [id=6_internal_10566, d=-103280, pv=0.0169222, s=0.2158]
  * Beta parameters: [s1=1.03397, s2=16.8295]
  * Adjusted p-values: [emp=0.308458, beta=0.26546]

Processing phenotype [ENSG00000111863.7] [81/303]
  * #variants in cis = 15
  * Best hit: [id=6_internal_13758, d=67424, pv=3.38268e-07, s=0.5166]
  * Beta parameters: [s1=1.06733, s2=16.7564]
  * Adjusted p-values: [emp=0.00497512, beta=1.35492e-06]

Processing phenotype [ENSG00000229896.1] [82/303]
  * #variants in cis = 16
  * Best hit: [id=6_internal_14573, d=242474, pv=0.0325162, s=-0.2265]
  * Beta parameters: [s1=0.981188, s2=17.7265]
  * Adjusted p-values: [emp=0.447761, beta=0.411508]

Processing phenotype [ENSG00000095951.12] [83/303]
  * #variants in cis = 16
  * Best hit: [id=6_internal_13758, d=-269140, pv=0.000126263, s=0.3941]
  * Beta parameters: [s1=1.03522, s2=14.7957]
  * Adjusted p-values: [emp=0.00995025, beta=0.00230325]

Processing phenotype [ENSG00000078401.6] [84/303]
  * #variants in cis = 19
  * Best hit: [id=6_internal_10454, d=962408, pv=0.0520844, s=0.1893]
  * Beta parameters: [s1=1.00011, s2=18.8611]
  * Adjusted p-values: [emp=0.631841, beta=0.623457]

Processing phenotype [ENSG00000212802.3] [85/303]
  * #variants in cis = 18
  * Best hit: [id=6_internal_14783, d=388678, pv=0.0176681, s=-0.2339]
  * Beta parameters: [s1=0.97868, s2=18.0911]
  * Adjusted p-values: [emp=0.268657, beta=0.258454]

Processing phenotype [ENSG00000112137.11] [86/303]
  * #variants in cis = 15
  * Best hit: [id=6_internal_13621, d=550811, pv=0.00124151, s=0.3417]
  * Beta parameters: [s1=0.989046, s2=13.5529]
  * Adjusted p-values: [emp=0.0348259, beta=0.0249239]

Processing phenotype [ENSG00000215022.2] [87/303]
  * #variants in cis = 14
  * Best hit: [id=6_internal_11960, d=992753, pv=0.120307, s=-0.1586]
  * Beta parameters: [s1=1.0067, s2=18.3468]
  * Adjusted p-values: [emp=0.840796, beta=0.829865]

Processing phenotype [ENSG00000145979.12] [88/303]
  * #variants in cis = 13
  * Best hit: [id=6_internal_10454, d=52770, pv=0.00722852, s=0.2806]
  * Beta parameters: [s1=0.998997, s2=12.3136]
  * Adjusted p-values: [emp=0.0945274, beta=0.0795708]

Processing phenotype [ENSG00000187461.5] [89/303]
  * #variants in cis = 11
  * Best hit: [id=6_internal_11070, d=18554, pv=0.0466816, s=0.2070]
  * Beta parameters: [s1=0.966361, s2=10.1445]
  * Adjusted p-values: [emp=0.368159, beta=0.357697]

Processing phenotype [ENSG00000237786.1] [90/303]
  * #variants in cis = 11
  * Best hit: [id=6_internal_10871, d=-5419, pv=0.290156, s=-0.1050]
  * Beta parameters: [s1=1.06037, s2=9.32499]
  * Adjusted p-values: [emp=0.965174, beta=0.962425]

Processing phenotype [ENSG00000145990.5] [91/303]
  * #variants in cis = 11
  * Best hit: [id=6_internal_16700, d=19477, pv=1.29633e-06, s=0.4913]
  * Beta parameters: [s1=1.08871, s2=8.84614]
  * Adjusted p-values: [emp=0.00497512, beta=2.25536e-05]

Processing phenotype [ENSG00000124523.9] [92/303]
  * #variants in cis = 11
  * Best hit: [id=6_internal_14783, d=-610403, pv=0.0915815, s=-0.1997]
  * Beta parameters: [s1=0.995231, s2=12.7036]
  * Adjusted p-values: [emp=0.621891, beta=0.636847]

Processing phenotype [ENSG00000261071.1] [93/303]
  * #variants in cis = 11
  * Best hit: [id=6_internal_10572, d=384696, pv=0.103709, s=0.1559]
  * Beta parameters: [s1=1.0115, s2=8.68672]
  * Adjusted p-values: [emp=0.671642, beta=0.672308]

Processing phenotype [ENSG00000225921.2] [94/303]
  * #variants in cis = 11
  * Best hit: [id=6_internal_11064, d=-200265, pv=0.0596656, s=-0.2002]
  * Beta parameters: [s1=0.972621, s2=10.1585]
  * Adjusted p-values: [emp=0.487562, beta=0.47232]

Processing phenotype [ENSG00000268059.1] [95/303]
  * #variants in cis = 11
  * Best hit: [id=6_internal_13621, d=291027, pv=0.0210876, s=0.2421]
  * Beta parameters: [s1=0.924812, s2=11.9677]
  * Adjusted p-values: [emp=0.218905, beta=0.232291]

Processing phenotype [ENSG00000252966.1] [96/303]
  * #variants in cis = 12
  * Best hit: [id=6_internal_16700, d=-212002, pv=0.0354605, s=-0.2175]
  * Beta parameters: [s1=0.88682, s2=15.1526]
  * Adjusted p-values: [emp=0.318408, beta=0.333223]

Processing phenotype [ENSG00000010017.9] [97/303]
  * #variants in cis = 12
  * Best hit: [id=6_internal_16700, d=243486, pv=0.0274303, s=0.2435]
  * Beta parameters: [s1=0.997864, s2=12.7871]
  * Adjusted p-values: [emp=0.258706, beta=0.248034]

Processing phenotype [ENSG00000050393.6] [98/303]
  * #variants in cis = 13
  * Best hit: [id=6_internal_10518, d=-799738, pv=0.115234, s=0.1466]
  * Beta parameters: [s1=1.04025, s2=12.7225]
  * Adjusted p-values: [emp=0.791045, beta=0.775874]

Processing phenotype [ENSG00000112149.5] [99/303]
  * #variants in cis = 14
  * Best hit: [id=6_internal_10518, d=496666, pv=0.0337996, s=0.2368]
  * Beta parameters: [s1=0.953252, s2=14.4377]
  * Adjusted p-values: [emp=0.422886, beta=0.414284]

Processing phenotype [ENSG00000008083.9] [100/303]
  * #variants in cis = 12
  * Best hit: [id=6_internal_11513, d=2423, pv=0.000414542, s=0.3799]
  * Beta parameters: [s1=0.919355, s2=13.7814]
  * Adjusted p-values: [emp=0.00995025, beta=0.00437179]

Processing phenotype [ENSG00000235488.1] [101/303]
  * #variants in cis = 12
  * Best hit: [id=6_internal_13206, d=535162, pv=0.116836, s=0.1718]
  * Beta parameters: [s1=0.950081, s2=10.2871]
  * Adjusted p-values: [emp=0.766169, beta=0.779029]

Processing phenotype [ENSG00000047579.14] [102/303]
  * #variants in cis = 12
  * Best hit: [id=6_internal_10096, d=918082, pv=0.0789667, s=-0.2134]
  * Beta parameters: [s1=1.1518, s2=11.2405]
  * Adjusted p-values: [emp=0.636816, beta=0.617842]

Processing phenotype [ENSG00000007944.10] [103/303]
  * #variants in cis = 12
  * Best hit: [id=6_internal_13583, d=-907894, pv=0.110139, s=0.1809]
  * Beta parameters: [s1=1.05625, s2=9.28986]
  * Adjusted p-values: [emp=0.756219, beta=0.746619]

Processing phenotype [ENSG00000263712.1] [104/303]
  * #variants in cis = 12
  * Best hit: [id=6_internal_16899, d=0, pv=0.307365, s=0.1081]
  * Beta parameters: [s1=1.00381, s2=11.0594]
  * Adjusted p-values: [emp=0.985075, beta=0.984523]

Processing phenotype [ENSG00000251793.1] [105/303]
  * #variants in cis = 12
  * Best hit: [id=6_internal_16899, d=6281, pv=0.123549, s=-0.1763]
  * Beta parameters: [s1=0.962778, s2=9.69449]
  * Adjusted p-values: [emp=0.731343, beta=0.720457]

Processing phenotype [ENSG00000218073.1] [106/303]
  * #variants in cis = 12
  * Best hit: [id=6_internal_11592, d=-258376, pv=0.0134935, s=0.2371]
  * Beta parameters: [s1=0.944061, s2=13.4952]
  * Adjusted p-values: [emp=0.179104, beta=0.17195]

Processing phenotype [ENSG00000217078.1] [107/303]
  * #variants in cis = 12
  * Best hit: [id=6_internal_16899, d=21598, pv=0.0973007, s=0.1735]
  * Beta parameters: [s1=1.15941, s2=11.3888]
  * Adjusted p-values: [emp=0.686567, beta=0.67109]

Processing phenotype [ENSG00000137198.5] [108/303]
  * #variants in cis = 11
  * Best hit: [id=6_internal_13165, d=0, pv=0.160301, s=0.1573]
  * Beta parameters: [s1=1.05651, s2=12.161]
  * Adjusted p-values: [emp=0.830846, beta=0.84326]

Processing phenotype [ENSG00000229931.1] [109/303]
  * #variants in cis = 9
  * Best hit: [id=6_internal_15354, d=-1155, pv=0.00013677, s=0.3956]
  * Beta parameters: [s1=0.93254, s2=8.41417]
  * Adjusted p-values: [emp=0.00497512, beta=0.000814893]

Processing phenotype [ENSG00000215019.1] [110/303]
  * #variants in cis = 9
  * Best hit: [id=6_internal_15354, d=1507, pv=2.7317e-05, s=0.4646]
  * Beta parameters: [s1=0.936844, s2=8.00283]
  * Adjusted p-values: [emp=0.00497512, beta=0.00050046]

Processing phenotype [ENSG00000124788.12] [111/303]
  * #variants in cis = 9
  * Best hit: [id=6_internal_15354, d=1508, pv=1.51521e-07, s=0.5560]
  * Beta parameters: [s1=0.969021, s2=8.42511]
  * Adjusted p-values: [emp=0.00497512, beta=1.59493e-06]

Processing phenotype [ENSG00000184612.7] [112/303]
  * #variants in cis = 12
  * Best hit: [id=6_internal_12377, d=429074, pv=0.0694457, s=0.2108]
  * Beta parameters: [s1=1.08928, s2=11.7831]
  * Adjusted p-values: [emp=0.562189, beta=0.527417]

Processing phenotype [ENSG00000137414.5] [113/303]
  * #variants in cis = 12
  * Best hit: [id=6_internal_10049, d=-879108, pv=0.217015, s=-0.1393]
  * Beta parameters: [s1=1.06769, s2=10.777]
  * Adjusted p-values: [emp=0.940299, beta=0.941539]

Processing phenotype [ENSG00000206881.1] [114/303]
  * #variants in cis = 12
  * Best hit: [id=6_internal_11129, d=707385, pv=0.0446188, s=-0.2017]
  * Beta parameters: [s1=1.12311, s2=11.4658]
  * Adjusted p-values: [emp=0.447761, beta=0.417038]

Processing phenotype [ENSG00000124789.7] [115/303]
  * #variants in cis = 12
  * Best hit: [id=6_internal_10049, d=985178, pv=0.0109471, s=0.2857]
  * Beta parameters: [s1=1.00949, s2=10.9656]
  * Adjusted p-values: [emp=0.144279, beta=0.119828]

Processing phenotype [ENSG00000137177.13] [116/303]
  * #variants in cis = 9
  * Best hit: [id=6_internal_10931, d=-162725, pv=9.67862e-05, s=0.3524]
  * Beta parameters: [s1=0.903164, s2=7.17338]
  * Adjusted p-values: [emp=0.00995025, beta=0.00273075]

Processing phenotype [ENSG00000187566.3] [117/303]
  * #variants in cis = 8
  * Best hit: [id=6_internal_12107, d=-120702, pv=0.110711, s=0.1714]
  * Beta parameters: [s1=0.923191, s2=9.01923]
  * Adjusted p-values: [emp=0.651741, beta=0.64719]

Processing phenotype [ENSG00000137364.4] [118/303]
  * #variants in cis = 8
  * Best hit: [id=6_internal_10931, d=4, pv=0.00983296, s=0.2622]
  * Beta parameters: [s1=1.01323, s2=9.0311]
  * Adjusted p-values: [emp=0.0895522, beta=0.0941466]

Processing phenotype [ENSG00000165097.8] [119/303]
  * #variants in cis = 8
  * Best hit: [id=6_internal_10717, d=-685103, pv=0.104644, s=0.1763]
  * Beta parameters: [s1=0.888654, s2=6.68057]
  * Adjusted p-values: [emp=0.552239, beta=0.563721]

Processing phenotype [ENSG00000124795.10] [120/303]
  * #variants in cis = 8
  * Best hit: [id=6_internal_12107, d=17367, pv=0.11267, s=-0.1774]
  * Beta parameters: [s1=1.00047, s2=8.57445]
  * Adjusted p-values: [emp=0.636816, beta=0.624156]

Processing phenotype [ENSG00000137393.8] [121/303]
  * #variants in cis = 8
  * Best hit: [id=6_internal_12107, d=-121092, pv=0.204923, s=0.1380]
  * Beta parameters: [s1=0.853594, s2=7.26492]
  * Adjusted p-values: [emp=0.825871, beta=0.831204]

Processing phenotype [ENSG00000227803.1] [122/303]
  * #variants in cis = 1
  * Best hit: [id=6_internal_11321, d=873026, pv=0.98255, s=0.0025]
  * Maximum Likelihood estimation failed, use Moment Matching instead!
  * Beta parameters: [s1=1.00006, s2=1.00298]
  * Adjusted p-values: [emp=0.9801, beta=0.982019]

Processing phenotype [ENSG00000172197.9] [123/303]
  * #variants in cis = 1
  * Best hit: [id=6_internal_11321, d=-872674, pv=0.877354, s=-0.0169]
  * Maximum Likelihood estimation failed, use Moment Matching instead!
  * Beta parameters: [s1=0.999952, s2=1.05837]
  * Adjusted p-values: [emp=0.865672, beta=0.880499]

Processing phenotype [ENSG00000112242.10] [124/303]
  * #variants in cis = 1
  * Best hit: [id=6_internal_11321, d=682946, pv=0.505235, s=0.0699]
  * Maximum Likelihood estimation failed, use Moment Matching instead!
  * Beta parameters: [s1=1.00003, s2=1.13138]
  * Adjusted p-values: [emp=0.532338, beta=0.538808]

Processing phenotype [ENSG00000240869.2] [125/303]
  * #variants in cis = 1
  * Best hit: [id=6_internal_11321, d=-663226, pv=0.00671071, s=-0.2655]
  * Maximum Likelihood estimation failed, use Moment Matching instead!
  * Beta parameters: [s1=1.00004, s2=0.91454]
  * Adjusted p-values: [emp=0.00497512, beta=0.00674292]

Processing phenotype [ENSG00000224707.1] [126/303]
  * #variants in cis = 1
  * Best hit: [id=6_internal_11321, d=647292, pv=0.93267, s=-0.0086]
  * Maximum Likelihood estimation failed, use Moment Matching instead!
  * Beta parameters: [s1=1.00002, s2=0.999465]
  * Adjusted p-values: [emp=0.930348, beta=0.933209]

Processing phenotype [ENSG00000145996.7] [127/303]
  * #variants in cis = 2
  * Best hit: [id=6_internal_11321, d=550656, pv=0.127869, s=-0.1643]
  * Maximum Likelihood estimation failed, use Moment Matching instead!
  * Beta parameters: [s1=1.00005, s2=1.97488]
  * Adjusted p-values: [emp=0.243781, beta=0.210675]

Processing phenotype [ENSG00000225832.1] [128/303]
  * #variants in cis = 4
  * Best hit: [id=6_internal_12184, d=-862916, pv=0.148138, s=0.1508]
  * Maximum Likelihood estimation failed, use Moment Matching instead!
  * Beta parameters: [s1=0.999989, s2=3.87289]
  * Adjusted p-values: [emp=0.502488, beta=0.495678]

Processing phenotype [ENSG00000233848.1] [129/303]
  * #variants in cis = 4
  * Best hit: [id=6_internal_10419, d=-786920, pv=0.353649, s=-0.1026]
  * Maximum Likelihood estimation failed, use Moment Matching instead!
  * Beta parameters: [s1=0.999973, s2=3.25337]
  * Adjusted p-values: [emp=0.776119, beta=0.800478]

Processing phenotype [ENSG00000124766.4] [130/303]
  * #variants in cis = 4
  * Best hit: [id=6_internal_10419, d=0, pv=0.000775904, s=0.3661]
  * Maximum Likelihood estimation failed, use Moment Matching instead!
  * Beta parameters: [s1=0.99994, s2=4.08337]
  * Adjusted p-values: [emp=0.00497512, beta=0.00324602]

Processing phenotype [ENSG00000146038.7] [131/303]
  * #variants in cis = 6
  * Best hit: [id=6_internal_10198, d=-588604, pv=0.0373373, s=0.2046]
  * Beta parameters: [s1=0.870975, s2=5.84199]
  * Adjusted p-values: [emp=0.248756, beta=0.221779]

Processing phenotype [ENSG00000124532.9] [132/303]
  * #variants in cis = 6
  * Best hit: [id=6_internal_11145, d=895115, pv=0.189952, s=-0.1404]
  * Beta parameters: [s1=0.982496, s2=7.24714]
  * Adjusted p-values: [emp=0.756219, beta=0.751201]

Processing phenotype [ENSG00000112294.8] [133/303]
  * #variants in cis = 5
  * Best hit: [id=6_internal_10198, d=451804, pv=0.374602, s=0.0970]
  * Maximum Likelihood estimation failed, use Moment Matching instead!
  * Beta parameters: [s1=1.0001, s2=4.12188]
  * Adjusted p-values: [emp=0.880597, beta=0.878214]

Processing phenotype [ENSG00000112293.9] [134/303]
  * #variants in cis = 5
  * Best hit: [id=6_internal_10329, d=-338623, pv=0.17318, s=-0.1318]
  * Maximum Likelihood estimation failed, use Moment Matching instead!
  * Beta parameters: [s1=1.00006, s2=6.39637]
  * Adjusted p-values: [emp=0.552239, beta=0.583953]

Processing phenotype [ENSG00000137261.9] [135/303]
  * #variants in cis = 5
  * Best hit: [id=6_internal_11612, d=-101812, pv=0.0110661, s=0.2663]
  * Maximum Likelihood estimation failed, use Moment Matching instead!
  * Beta parameters: [s1=1.00009, s2=3.63655]
  * Adjusted p-values: [emp=0.0597015, beta=0.075652]

Processing phenotype [ENSG00000111802.9] [136/303]
  * #variants in cis = 5
  * Best hit: [id=6_internal_11612, d=-80934, pv=0.0434398, s=0.2170]
  * Maximum Likelihood estimation failed, use Moment Matching instead!
  * Beta parameters: [s1=0.99992, s2=4.7153]
  * Adjusted p-values: [emp=0.21393, beta=0.223637]

Processing phenotype [ENSG00000112304.5] [137/303]
  * #variants in cis = 5
  * Best hit: [id=6_internal_10198, d=279621, pv=0.00174986, s=0.3109]
  * Maximum Likelihood estimation failed, use Moment Matching instead!
  * Beta parameters: [s1=1.00012, s2=4.20286]
  * Adjusted p-values: [emp=0.0199005, beta=0.0144156]

Processing phenotype [ENSG00000112308.7] [138/303]
  * #variants in cis = 5
  * Best hit: [id=6_internal_10329, d=-112992, pv=0.0515674, s=0.2095]
  * Maximum Likelihood estimation failed, use Moment Matching instead!
  * Beta parameters: [s1=1.00007, s2=5.19056]
  * Adjusted p-values: [emp=0.278607, beta=0.218625]

Processing phenotype [ENSG00000112312.5] [139/303]
  * #variants in cis = 5
  * Best hit: [id=6_internal_11612, d=-16206, pv=0.209486, s=-0.1323]
  * Beta parameters: [s1=0.962902, s2=6.1997]
  * Adjusted p-values: [emp=0.701493, beta=0.703006]

Processing phenotype [ENSG00000260286.1] [140/303]
  * #variants in cis = 5
  * Best hit: [id=6_internal_11145, d=-499151, pv=0.538224, s=-0.0682]
  * Maximum Likelihood estimation failed, use Moment Matching instead!
  * Beta parameters: [s1=1.00007, s2=4.66131]
  * Adjusted p-values: [emp=0.960199, beta=0.973331]

Processing phenotype [ENSG00000263391.1] [141/303]
  * #variants in cis = 5
  * Best hit: [id=6_internal_10198, d=-106591, pv=0.0574025, s=0.2019]
  * Maximum Likelihood estimation failed, use Moment Matching instead!
  * Beta parameters: [s1=1.00011, s2=4.49022]
  * Adjusted p-values: [emp=0.293532, beta=0.269598]

Processing phenotype [ENSG00000214975.4] [142/303]
  * #variants in cis = 5
  * Best hit: [id=6_internal_14587, d=-490983, pv=0.264417, s=0.1238]
  * Maximum Likelihood estimation failed, use Moment Matching instead!
  * Beta parameters: [s1=1.0001, s2=5.36184]
  * Adjusted p-values: [emp=0.781095, beta=0.796408]

Processing phenotype [ENSG00000220517.2] [143/303]
  * #variants in cis = 6
  * Best hit: [id=6_internal_10198, d=23532, pv=0.415116, s=-0.0902]
  * Beta parameters: [s1=0.989098, s2=6.0238]
  * Adjusted p-values: [emp=0.965174, beta=0.951559]

Processing phenotype [ENSG00000229313.1] [144/303]
  * #variants in cis = 6
  * Best hit: [id=6_internal_11612, d=-283114, pv=0.291237, s=0.1005]
  * Beta parameters: [s1=1.17577, s2=6.97786]
  * Adjusted p-values: [emp=0.870647, beta=0.869194]

Processing phenotype [ENSG00000111913.11] [145/303]
  * #variants in cis = 6
  * Best hit: [id=6_internal_10198, d=41059, pv=0.0723793, s=0.1811]
  * Beta parameters: [s1=0.910061, s2=5.50179]
  * Adjusted p-values: [emp=0.363184, beta=0.35604]

Processing phenotype [ENSG00000219682.3] [146/303]
  * #variants in cis = 6
  * Best hit: [id=6_internal_11145, d=158056, pv=0.0687846, s=0.1794]
  * Maximum Likelihood estimation failed, use Moment Matching instead!
  * Beta parameters: [s1=1.00012, s2=5.13048]
  * Adjusted p-values: [emp=0.348259, beta=0.372743]

Processing phenotype [ENSG00000168405.9] [147/303]
  * #variants in cis = 7
  * Best hit: [id=6_internal_11145, d=-79570, pv=0.052616, s=-0.2174]
  * Beta parameters: [s1=1.01602, s2=6.68953]
  * Adjusted p-values: [emp=0.273632, beta=0.260915]

Processing phenotype [ENSG00000079691.14] [148/303]
  * #variants in cis = 7
  * Best hit: [id=6_internal_11145, d=18962, pv=6.81812e-11, s=0.6029]
  * Maximum Likelihood estimation failed, use Moment Matching instead!
  * Beta parameters: [s1=0.999964, s2=6.82557]
  * Adjusted p-values: [emp=0.00497512, beta=1.0316e-11]

Processing phenotype [ENSG00000112343.7] [149/303]
  * #variants in cis = 9
  * Best hit: [id=6_internal_10874, d=192086, pv=0.018697, s=0.2308]
  * Beta parameters: [s1=1.02551, s2=7.90463]
  * Adjusted p-values: [emp=0.114428, beta=0.108158]

Processing phenotype [ENSG00000124610.3] [150/303]
  * #variants in cis = 7
  * Best hit: [id=6_internal_10874, d=-137076, pv=0.0269897, s=0.2302]
  * Maximum Likelihood estimation failed, use Moment Matching instead!
  * Beta parameters: [s1=1.00004, s2=5.51229]
  * Adjusted p-values: [emp=0.154229, beta=0.14535]

Processing phenotype [ENSG00000198366.5] [151/303]
  * #variants in cis = 7
  * Best hit: [id=6_internal_11117, d=339821, pv=0.209991, s=-0.1409]
  * Maximum Likelihood estimation failed, use Moment Matching instead!
  * Beta parameters: [s1=1.00011, s2=5.44046]
  * Adjusted p-values: [emp=0.776119, beta=0.753597]

Processing phenotype [ENSG00000196176.7] [152/303]
  * #variants in cis = 7
  * Best hit: [id=6_internal_11117, d=338632, pv=0.165031, s=0.1407]
  * Beta parameters: [s1=1.04561, s2=7.4798]
  * Adjusted p-values: [emp=0.681592, beta=0.669102]

Processing phenotype [ENSG00000124529.3] [153/303]
  * #variants in cis = 7
  * Best hit: [id=6_internal_11117, d=-333059, pv=0.00938625, s=-0.2688]
  * Beta parameters: [s1=0.999157, s2=5.88635]
  * Adjusted p-values: [emp=0.079602, beta=0.072577]

Processing phenotype [ENSG00000124693.2] [154/303]
  * #variants in cis = 7
  * Best hit: [id=6_internal_11117, d=-328251, pv=0.180289, s=0.1400]
  * Beta parameters: [s1=0.969191, s2=5.58901]
  * Adjusted p-values: [emp=0.706468, beta=0.689653]

Processing phenotype [ENSG00000137259.2] [155/303]
  * #variants in cis = 7
  * Best hit: [id=6_internal_10874, d=-121320, pv=0.255314, s=-0.1195]
  * Maximum Likelihood estimation failed, use Moment Matching instead!
  * Beta parameters: [s1=1.00004, s2=5.07195]
  * Adjusted p-values: [emp=0.825871, beta=0.811207]

Processing phenotype [ENSG00000196226.2] [156/303]
  * #variants in cis = 7
  * Best hit: [id=6_internal_10874, d=-111231, pv=0.269595, s=-0.1179]
  * Beta parameters: [s1=1.04707, s2=6.01699]
  * Adjusted p-values: [emp=0.860697, beta=0.853343]

Processing phenotype [ENSG00000234816.2] [157/303]
  * #variants in cis = 7
  * Best hit: [id=6_internal_10270, d=356564, pv=0.0114517, s=-0.2752]
  * Maximum Likelihood estimation failed, use Moment Matching instead!
  * Beta parameters: [s1=0.99993, s2=4.9986]
  * Adjusted p-values: [emp=0.079602, beta=0.069142]

Processing phenotype [ENSG00000196532.4] [158/303]
  * #variants in cis = 7
  * Best hit: [id=6_internal_11117, d=314900, pv=0.0820196, s=0.1774]
  * Maximum Likelihood estimation failed, use Moment Matching instead!
  * Beta parameters: [s1=0.999947, s2=6.93032]
  * Adjusted p-values: [emp=0.343284, beta=0.319162]

Processing phenotype [ENSG00000187837.2] [159/303]
  * #variants in cis = 7
  * Best hit: [id=6_internal_11117, d=-303840, pv=0.207218, s=-0.1323]
  * Maximum Likelihood estimation failed, use Moment Matching instead!
  * Beta parameters: [s1=1.00005, s2=5.64092]
  * Adjusted p-values: [emp=0.721393, beta=0.754837]

Processing phenotype [ENSG00000010704.14] [160/303]
  * #variants in cis = 7
  * Best hit: [id=6_internal_10551, d=351644, pv=0.085595, s=0.1835]
  * Maximum Likelihood estimation failed, use Moment Matching instead!
  * Beta parameters: [s1=0.999953, s2=5.43411]
  * Adjusted p-values: [emp=0.482587, beta=0.462903]

Processing phenotype [ENSG00000197061.3] [161/303]
  * #variants in cis = 7
  * Best hit: [id=6_internal_10551, d=335049, pv=0.0126749, s=-0.2664]
  * Beta parameters: [s1=1.07173, s2=6.2662]
  * Adjusted p-values: [emp=0.039801, beta=0.0625186]

Processing phenotype [ENSG00000180596.6] [162/303]
  * #variants in cis = 7
  * Best hit: [id=6_internal_10874, d=-30962, pv=0.0574007, s=0.1932]
  * Maximum Likelihood estimation failed, use Moment Matching instead!
  * Beta parameters: [s1=1.00006, s2=5.13484]
  * Adjusted p-values: [emp=0.303483, beta=0.311937]

Processing phenotype [ENSG00000180573.7] [163/303]
  * #variants in cis = 7
  * Best hit: [id=6_internal_11028, d=334336, pv=0.0807998, s=-0.1908]
  * Beta parameters: [s1=0.91011, s2=7.45998]
  * Adjusted p-values: [emp=0.393035, beta=0.409519]

Processing phenotype [ENSG00000168298.4] [164/303]
  * #variants in cis = 7
  * Best hit: [id=6_internal_11028, d=302150, pv=0.0282897, s=-0.2281]
  * Beta parameters: [s1=0.896506, s2=7.01937]
  * Adjusted p-values: [emp=0.164179, beta=0.148642]

Processing phenotype [ENSG00000158373.7] [165/303]
  * #variants in cis = 7
  * Best hit: [id=6_internal_11028, d=300360, pv=0.221001, s=-0.1247]
  * Beta parameters: [s1=0.943374, s2=6.08035]
  * Adjusted p-values: [emp=0.756219, beta=0.764763]

Processing phenotype [ENSG00000197697.3] [166/303]
  * #variants in cis = 7
  * Best hit: [id=6_internal_11145, d=-775402, pv=0.305416, s=-0.1045]
  * Beta parameters: [s1=0.991798, s2=5.42634]
  * Adjusted p-values: [emp=0.880597, beta=0.883724]

Processing phenotype [ENSG00000188987.2] [167/303]
  * #variants in cis = 7
  * Best hit: [id=6_internal_11145, d=780748, pv=0.204925, s=-0.1399]
  * Beta parameters: [s1=1.09365, s2=7.08872]
  * Adjusted p-values: [emp=0.766169, beta=0.767554]

Processing phenotype [ENSG00000216331.1] [168/303]
  * #variants in cis = 7
  * Best hit: [id=6_internal_10874, d=0, pv=0.0665066, s=-0.2213]
  * Beta parameters: [s1=0.93652, s2=6.5779]
  * Adjusted p-values: [emp=0.353234, beta=0.360766]

Processing phenotype [ENSG00000196866.2] [169/303]
  * #variants in cis = 7
  * Best hit: [id=6_internal_10551, d=-239682, pv=0.427225, s=-0.0891]
  * Maximum Likelihood estimation failed, use Moment Matching instead!
  * Beta parameters: [s1=0.999921, s2=6.01692]
  * Adjusted p-values: [emp=0.970149, beta=0.957932]

Processing phenotype [ENSG00000197409.6] [170/303]
  * #variants in cis = 7
  * Best hit: [id=6_internal_10551, d=-239632, pv=0.304626, s=-0.1144]
  * Beta parameters: [s1=1.02915, s2=5.97299]
  * Adjusted p-values: [emp=0.880597, beta=0.891981]

Processing phenotype [ENSG00000197846.3] [171/303]
  * #variants in cis = 7
  * Best hit: [id=6_internal_15838, d=0, pv=0.114793, s=0.1593]
  * Beta parameters: [s1=0.993905, s2=5.73142]
  * Adjusted p-values: [emp=0.477612, beta=0.463259]

Processing phenotype [ENSG00000198518.5] [172/303]
  * #variants in cis = 7
  * Best hit: [id=6_internal_10270, d=195923, pv=0.026106, s=-0.2292]
  * Beta parameters: [s1=0.931411, s2=6.21403]
  * Adjusted p-values: [emp=0.169154, beta=0.168574]

Processing phenotype [ENSG00000187990.4] [173/303]
  * #variants in cis = 7
  * Best hit: [id=6_internal_11028, d=-241837, pv=0.186716, s=-0.1371]
  * Beta parameters: [s1=1.01939, s2=6.77865]
  * Adjusted p-values: [emp=0.741294, beta=0.712812]

Processing phenotype [ENSG00000168274.3] [174/303]
  * #variants in cis = 7
  * Best hit: [id=6_internal_10551, d=221988, pv=0.37726, s=-0.0969]
  * Beta parameters: [s1=0.958236, s2=6.31175]
  * Adjusted p-values: [emp=0.945274, beta=0.949618]

Processing phenotype [ENSG00000196966.3] [175/303]
  * #variants in cis = 7
  * Best hit: [id=6_internal_11145, d=-816827, pv=0.0125077, s=0.2650]
  * Maximum Likelihood estimation failed, use Moment Matching instead!
  * Beta parameters: [s1=1.00011, s2=5.35709]
  * Adjusted p-values: [emp=0.0995025, beta=0.0803541]

Processing phenotype [ENSG00000124575.5] [176/303]
  * #variants in cis = 7
  * Best hit: [id=6_internal_10551, d=-203937, pv=0.160081, s=-0.1537]
  * Maximum Likelihood estimation failed, use Moment Matching instead!
  * Beta parameters: [s1=0.999996, s2=5.78855]
  * Adjusted p-values: [emp=0.626866, beta=0.637569]

Processing phenotype [ENSG00000198327.3] [177/303]
  * #variants in cis = 7
  * Best hit: [id=6_internal_10551, d=198592, pv=0.0966854, s=-0.1707]
  * Beta parameters: [s1=0.959763, s2=5.37529]
  * Adjusted p-values: [emp=0.437811, beta=0.439884]

Processing phenotype [ENSG00000256316.1] [178/303]
  * #variants in cis = 7
  * Best hit: [id=6_internal_11117, d=-109704, pv=0.177843, s=0.1394]
  * Beta parameters: [s1=0.99197, s2=6.58495]
  * Adjusted p-values: [emp=0.736318, beta=0.733016]

Processing phenotype [ENSG00000197459.2] [179/303]
  * #variants in cis = 7
  * Best hit: [id=6_internal_11117, d=108660, pv=0.499381, s=0.0714]
  * Beta parameters: [s1=1.09539, s2=6.59167]
  * Adjusted p-values: [emp=0.985075, beta=0.988541]

Processing phenotype [ENSG00000256018.1] [180/303]
  * #variants in cis = 7
  * Best hit: [id=6_internal_11117, d=-88927, pv=0.0900568, s=0.1869]
  * Maximum Likelihood estimation failed, use Moment Matching instead!
  * Beta parameters: [s1=0.999978, s2=7.27402]
  * Adjusted p-values: [emp=0.422886, beta=0.420684]

Processing phenotype [ENSG00000218690.1] [181/303]
  * #variants in cis = 7
  * Best hit: [id=6_internal_11145, d=864212, pv=0.222842, s=-0.1343]
  * Maximum Likelihood estimation failed, use Moment Matching instead!
  * Beta parameters: [s1=0.999877, s2=4.77468]
  * Adjusted p-values: [emp=0.731343, beta=0.74597]

Processing phenotype [ENSG00000168242.3] [182/303]
  * #variants in cis = 7
  * Best hit: [id=6_internal_10551, d=166009, pv=0.258961, s=-0.1207]
  * Maximum Likelihood estimation failed, use Moment Matching instead!
  * Beta parameters: [s1=0.999978, s2=5.68829]
  * Adjusted p-values: [emp=0.835821, beta=0.828899]

Processing phenotype [ENSG00000158406.2] [183/303]
  * #variants in cis = 7
  * Best hit: [id=6_internal_10874, d=83995, pv=0.0478738, s=-0.2084]
  * Beta parameters: [s1=1.01473, s2=5.79657]
  * Adjusted p-values: [emp=0.228856, beta=0.245249]

Processing phenotype [ENSG00000186470.8] [184/303]
  * #variants in cis = 7
  * Best hit: [id=6_internal_11117, d=0, pv=1.75884e-10, s=0.6743]
  * Beta parameters: [s1=0.960394, s2=6.35548]
  * Adjusted p-values: [emp=0.00497512, beta=7.12389e-10]

Processing phenotype [ENSG00000124508.12] [185/303]
  * #variants in cis = 7
  * Best hit: [id=6_internal_11117, d=-10617, pv=0.000348752, s=-0.3897]
  * Beta parameters: [s1=1.0076, s2=6.55359]
  * Adjusted p-values: [emp=0.00995025, beta=0.00209655]

Processing phenotype [ENSG00000026950.12] [186/303]
  * #variants in cis = 7
  * Best hit: [id=6_internal_10270, d=0, pv=0.0546468, s=0.1981]
  * Maximum Likelihood estimation failed, use Moment Matching instead!
  * Beta parameters: [s1=0.9999, s2=5.38904]
  * Adjusted p-values: [emp=0.288557, beta=0.305517]

Processing phenotype [ENSG00000124549.9] [187/303]
  * #variants in cis = 6
  * Best hit: [id=6_internal_11117, d=-48912, pv=0.00464486, s=-0.2914]
  * Maximum Likelihood estimation failed, use Moment Matching instead!
  * Beta parameters: [s1=1.00004, s2=5.23526]
  * Adjusted p-values: [emp=0.0298507, beta=0.0176697]

Processing phenotype [ENSG00000111801.10] [188/303]
  * #variants in cis = 7
  * Best hit: [id=6_internal_10270, d=0, pv=0.0102591, s=0.2468]
  * Beta parameters: [s1=0.986503, s2=6.15328]
  * Adjusted p-values: [emp=0.0646766, beta=0.0715993]

Processing phenotype [ENSG00000112763.11] [189/303]
  * #variants in cis = 7
  * Best hit: [id=6_internal_11117, d=-85443, pv=0.017083, s=0.2134]
  * Beta parameters: [s1=0.989271, s2=5.37657]
  * Adjusted p-values: [emp=0.0945274, beta=0.0905658]

Processing phenotype [ENSG00000228223.1] [190/303]
  * #variants in cis = 7
  * Best hit: [id=6_internal_11028, d=0, pv=0.00978137, s=0.2696]
  * Beta parameters: [s1=0.990826, s2=6.50182]
  * Adjusted p-values: [emp=0.0696517, beta=0.0548511]

Processing phenotype [ENSG00000261353.1] [191/303]
  * #variants in cis = 7
  * Best hit: [id=6_internal_11117, d=-154584, pv=0.0985037, s=0.1737]
  * Beta parameters: [s1=1.00229, s2=5.51253]
  * Adjusted p-values: [emp=0.452736, beta=0.452553]

Processing phenotype [ENSG00000182952.3] [192/303]
  * #variants in cis = 7
  * Best hit: [id=6_internal_10874, d=-336805, pv=0.290638, s=-0.1160]
  * Beta parameters: [s1=0.925587, s2=5.75402]
  * Adjusted p-values: [emp=0.870647, beta=0.874405]

Processing phenotype [ENSG00000146109.3] [193/303]
  * #variants in cis = 7
  * Best hit: [id=6_internal_15838, d=0, pv=0.0275288, s=0.2326]
  * Beta parameters: [s1=0.973139, s2=6.64778]
  * Adjusted p-values: [emp=0.154229, beta=0.144052]

Processing phenotype [ENSG00000233631.1] [194/303]
  * #variants in cis = 7
  * Best hit: [id=6_internal_11117, d=264301, pv=0.144956, s=0.1602]
  * Maximum Likelihood estimation failed, use Moment Matching instead!
  * Beta parameters: [s1=1.00011, s2=5.40034]
  * Adjusted p-values: [emp=0.59204, beta=0.587093]

Processing phenotype [ENSG00000181315.6] [195/303]
  * #variants in cis = 7
  * Best hit: [id=6_internal_11117, d=287273, pv=0.000104762, s=0.4104]
  * Beta parameters: [s1=0.917628, s2=5.33105]
  * Adjusted p-values: [emp=0.00497512, beta=0.000543631]

Processing phenotype [ENSG00000261584.1] [196/303]
  * #variants in cis = 7
  * Best hit: [id=6_internal_15838, d=0, pv=0.244557, s=0.1183]
  * Beta parameters: [s1=1.02492, s2=6.09709]
  * Adjusted p-values: [emp=0.820896, beta=0.822299]

Processing phenotype [ENSG00000197848.5] [197/303]
  * #variants in cis = 8
  * Best hit: [id=6_internal_10270, d=-383727, pv=0.128005, s=0.1474]
  * Beta parameters: [s1=1.07222, s2=7.11601]
  * Adjusted p-values: [emp=0.61194, beta=0.593375]

Processing phenotype [ENSG00000242026.1] [198/303]
  * #variants in cis = 8
  * Best hit: [id=6_internal_15838, d=0, pv=0.0291521, s=0.2264]
  * Beta parameters: [s1=0.954867, s2=7.11592]
  * Adjusted p-values: [emp=0.179104, beta=0.175705]

Processing phenotype [ENSG00000241549.3] [199/303]
  * #variants in cis = 8
  * Best hit: [id=6_internal_10787, d=-849748, pv=0.224715, s=-0.1304]
  * Maximum Likelihood estimation failed, use Moment Matching instead!
  * Beta parameters: [s1=1.00007, s2=5.12705]
  * Adjusted p-values: [emp=0.820896, beta=0.792115]

Processing phenotype [ENSG00000124635.6] [200/303]
  * #variants in cis = 9
  * Best hit: [id=6_internal_9985, d=-338778, pv=0.352102, s=0.0931]
  * Beta parameters: [s1=1.01671, s2=7.58284]
  * Adjusted p-values: [emp=0.970149, beta=0.964799]

Processing phenotype [ENSG00000196787.2] [201/303]
  * #variants in cis = 9
  * Best hit: [id=6_internal_10270, d=-620433, pv=0.251857, s=-0.1254]
  * Beta parameters: [s1=1.00555, s2=7.85427]
  * Adjusted p-values: [emp=0.910448, beta=0.896002]

Processing phenotype [ENSG00000198339.3] [202/303]
  * #variants in cis = 9
  * Best hit: [id=6_internal_10270, d=-626677, pv=0.203198, s=-0.1316]
  * Beta parameters: [s1=0.942275, s2=7.03892]
  * Adjusted p-values: [emp=0.776119, beta=0.800058]

Processing phenotype [ENSG00000197903.6] [203/303]
  * #variants in cis = 9
  * Best hit: [id=6_internal_15789, d=-932391, pv=0.437454, s=0.0791]
  * Beta parameters: [s1=0.91231, s2=7.99202]
  * Adjusted p-values: [emp=1, beta=0.988455]

Processing phenotype [ENSG00000184825.4] [204/303]
  * #variants in cis = 9
  * Best hit: [id=6_internal_11117, d=-742154, pv=0.419037, s=0.0844]
  * Beta parameters: [s1=0.907607, s2=9.80582]
  * Adjusted p-values: [emp=0.995025, beta=0.993297]

Processing phenotype [ENSG00000204789.3] [205/303]
  * #variants in cis = 10
  * Best hit: [id=6_internal_10270, d=858905, pv=0.0691711, s=-0.1914]
  * Beta parameters: [s1=0.918038, s2=11.106]
  * Adjusted p-values: [emp=0.39801, beta=0.408235]

Processing phenotype [ENSG00000124613.4] [206/303]
  * #variants in cis = 10
  * Best hit: [id=6_internal_10270, d=-861995, pv=0.170207, s=-0.1475]
  * Beta parameters: [s1=1.08258, s2=8.19281]
  * Adjusted p-values: [emp=0.79602, beta=0.779901]

Processing phenotype [ENSG00000096654.11] [207/303]
  * #variants in cis = 10
  * Best hit: [id=6_internal_10746, d=-688255, pv=0.000101299, s=0.3813]
  * Beta parameters: [s1=1.01757, s2=8.39946]
  * Adjusted p-values: [emp=0.00497512, beta=0.000796904]

Processing phenotype [ENSG00000185130.4] [208/303]
  * #variants in cis = 8
  * Best hit: [id=6_internal_12580, d=-634627, pv=0.185374, s=-0.1509]
  * Beta parameters: [s1=1.05797, s2=7.41217]
  * Adjusted p-values: [emp=0.776119, beta=0.775375]

Processing phenotype [ENSG00000196747.3] [209/303]
  * #variants in cis = 8
  * Best hit: [id=6_internal_10409, d=680883, pv=0.0700345, s=-0.1942]
  * Beta parameters: [s1=1.01525, s2=6.55179]
  * Adjusted p-values: [emp=0.422886, beta=0.423569]

Processing phenotype [ENSG00000203813.4] [210/303]
  * #variants in cis = 8
  * Best hit: [id=6_internal_12580, d=632494, pv=0.150725, s=-0.1730]
  * Beta parameters: [s1=1.03067, s2=6.73012]
  * Adjusted p-values: [emp=0.696517, beta=0.654019]

Processing phenotype [ENSG00000182611.3] [211/303]
  * #variants in cis = 8
  * Best hit: [id=6_internal_10787, d=0, pv=0.0664388, s=-0.1909]
  * Beta parameters: [s1=1.04695, s2=8.08545]
  * Adjusted p-values: [emp=0.38806, beta=0.409688]

Processing phenotype [ENSG00000196374.5] [212/303]
  * #variants in cis = 8
  * Best hit: [id=6_internal_10753, d=392104, pv=0.0792904, s=0.1663]
  * Beta parameters: [s1=1.07215, s2=7.7362]
  * Adjusted p-values: [emp=0.427861, beta=0.433067]

Processing phenotype [ENSG00000197238.3] [213/303]
  * #variants in cis = 8
  * Best hit: [id=6_internal_15838, d=0, pv=0.0640643, s=-0.2104]
  * Beta parameters: [s1=1.00965, s2=6.8591]
  * Adjusted p-values: [emp=0.373134, beta=0.36628]

Processing phenotype [ENSG00000197914.2] [214/303]
  * #variants in cis = 8
  * Best hit: [id=6_internal_15838, d=0, pv=0.0468327, s=0.2237]
  * Beta parameters: [s1=0.987448, s2=7.9099]
  * Adjusted p-values: [emp=0.318408, beta=0.325552]

Processing phenotype [ENSG00000184348.2] [215/303]
  * #variants in cis = 8
  * Best hit: [id=6_internal_10409, d=-650665, pv=0.0776883, s=-0.1960]
  * Beta parameters: [s1=1.03342, s2=7.13431]
  * Adjusted p-values: [emp=0.467662, beta=0.443019]

Processing phenotype [ENSG00000233822.2] [216/303]
  * #variants in cis = 8
  * Best hit: [id=6_internal_10409, d=650459, pv=0.0808402, s=-0.1960]
  * Beta parameters: [s1=0.999231, s2=6.98307]
  * Adjusted p-values: [emp=0.462687, beta=0.471964]

Processing phenotype [ENSG00000198374.3] [217/303]
  * #variants in cis = 8
  * Best hit: [id=6_internal_10787, d=0, pv=0.106803, s=-0.1688]
  * Beta parameters: [s1=1.03115, s2=7.41788]
  * Adjusted p-values: [emp=0.636816, beta=0.609567]

Processing phenotype [ENSG00000184357.3] [218/303]
  * #variants in cis = 8
  * Best hit: [id=6_internal_10787, d=0, pv=0.168464, s=-0.1367]
  * Beta parameters: [s1=0.988542, s2=6.35932]
  * Adjusted p-values: [emp=0.761194, beta=0.749805]

Processing phenotype [ENSG00000182572.2] [219/303]
  * #variants in cis = 8
  * Best hit: [id=6_internal_10746, d=-289053, pv=0.054165, s=0.2082]
  * Maximum Likelihood estimation failed, use Moment Matching instead!
  * Beta parameters: [s1=0.999943, s2=7.28567]
  * Adjusted p-values: [emp=0.308458, beta=0.288761]

Processing phenotype [ENSG00000198558.2] [220/303]
  * #variants in cis = 8
  * Best hit: [id=6_internal_12580, d=-569047, pv=0.0755756, s=-0.2090]
  * Beta parameters: [s1=0.965069, s2=7.85394]
  * Adjusted p-values: [emp=0.402985, beta=0.428886]

Processing phenotype [ENSG00000197153.3] [221/303]
  * #variants in cis = 8
  * Best hit: [id=6_internal_10409, d=-595898, pv=0.0874265, s=-0.1890]
  * Beta parameters: [s1=0.956626, s2=7.62835]
  * Adjusted p-values: [emp=0.467662, beta=0.48353]

Processing phenotype [ENSG00000233224.1] [222/303]
  * #variants in cis = 8
  * Best hit: [id=6_internal_10746, d=-268189, pv=0.123337, s=0.1724]
  * Beta parameters: [s1=0.954638, s2=8.43375]
  * Adjusted p-values: [emp=0.681592, beta=0.681593]

Processing phenotype [ENSG00000196331.5] [223/303]
  * #variants in cis = 8
  * Best hit: [id=6_internal_10409, d=595579, pv=0.0658841, s=-0.2024]
  * Beta parameters: [s1=1.01801, s2=7.85824]
  * Adjusted p-values: [emp=0.422886, beta=0.387741]

Processing phenotype [ENSG00000197279.3] [224/303]
  * #variants in cis = 9
  * Best hit: [id=6_internal_10746, d=80399, pv=0.00246599, s=0.3272]
  * Beta parameters: [s1=0.999929, s2=9.12583]
  * Adjusted p-values: [emp=0.0298507, beta=0.0167909]

Processing phenotype [ENSG00000219891.2] [225/303]
  * #variants in cis = 9
  * Best hit: [id=6_internal_10746, d=70220, pv=0.214749, s=-0.1241]
  * Beta parameters: [s1=0.99749, s2=6.52226]
  * Adjusted p-values: [emp=0.835821, beta=0.836825]

Processing phenotype [ENSG00000219392.1] [226/303]
  * #variants in cis = 9
  * Best hit: [id=6_internal_10746, d=45746, pv=0.00761291, s=0.2613]
  * Beta parameters: [s1=0.8933, s2=9.608]
  * Adjusted p-values: [emp=0.079602, beta=0.0459334]

Processing phenotype [ENSG00000196812.4] [227/303]
  * #variants in cis = 9
  * Best hit: [id=6_internal_10409, d=364444, pv=0.130905, s=0.1490]
  * Beta parameters: [s1=0.942791, s2=7.88203]
  * Adjusted p-values: [emp=0.676617, beta=0.678442]

Processing phenotype [ENSG00000261839.1] [228/303]
  * #variants in cis = 9
  * Best hit: [id=6_internal_10787, d=-239822, pv=0.00511994, s=-0.3018]
  * Beta parameters: [s1=0.922147, s2=8.30734]
  * Adjusted p-values: [emp=0.0547264, beta=0.0484306]

Processing phenotype [ENSG00000269293.1] [229/303]
  * #variants in cis = 9
  * Best hit: [id=6_internal_12580, d=-305265, pv=0.149618, s=0.1579]
  * Beta parameters: [s1=1.12488, s2=9.02643]
  * Adjusted p-values: [emp=0.776119, beta=0.735402]

Processing phenotype [ENSG00000198315.5] [230/303]
  * #variants in cis = 9
  * Best hit: [id=6_internal_10787, d=-244911, pv=0.0123967, s=0.2712]
  * Beta parameters: [s1=1.01049, s2=8.76707]
  * Adjusted p-values: [emp=0.119403, beta=0.112958]

Processing phenotype [ENSG00000226314.3] [231/303]
  * #variants in cis = 9
  * Best hit: [id=6_internal_10746, d=0, pv=0.000545896, s=0.3488]
  * Beta parameters: [s1=0.966935, s2=8.52392]
  * Adjusted p-values: [emp=0.00497512, beta=0.00535855]

Processing phenotype [ENSG00000137185.7] [232/303]
  * #variants in cis = 9
  * Best hit: [id=6_internal_10746, d=0, pv=0.0259892, s=0.2282]
  * Beta parameters: [s1=1.00276, s2=7.97107]
  * Adjusted p-values: [emp=0.243781, beta=0.214013]

Processing phenotype [ENSG00000187626.7] [233/303]
  * #variants in cis = 9
  * Best hit: [id=6_internal_10409, d=-229771, pv=0.0134678, s=0.2526]
  * Beta parameters: [s1=1.08619, s2=8.30147]
  * Adjusted p-values: [emp=0.0945274, beta=0.0834206]

Processing phenotype [ENSG00000197062.6] [234/303]
  * #variants in cis = 9
  * Best hit: [id=6_internal_10746, d=0, pv=0.117192, s=0.1790]
  * Beta parameters: [s1=0.822271, s2=9.77149]
  * Adjusted p-values: [emp=0.616915, beta=0.65275]

Processing phenotype [ENSG00000137338.4] [235/303]
  * #variants in cis = 9
  * Best hit: [id=6_internal_10409, d=207468, pv=0.143085, s=0.1526]
  * Beta parameters: [s1=1.00679, s2=9.32176]
  * Adjusted p-values: [emp=0.736318, beta=0.729231]

Processing phenotype [ENSG00000189298.7] [236/303]
  * #variants in cis = 9
  * Best hit: [id=6_internal_9985, d=-869388, pv=0.223077, s=-0.1204]
  * Beta parameters: [s1=1.02865, s2=7.44796]
  * Adjusted p-values: [emp=0.830846, beta=0.855036]

Processing phenotype [ENSG00000235109.3] [237/303]
  * #variants in cis = 9
  * Best hit: [id=6_internal_10787, d=459243, pv=0.0533247, s=-0.1981]
  * Beta parameters: [s1=0.873195, s2=6.91678]
  * Adjusted p-values: [emp=0.383085, beta=0.402877]

Processing phenotype [ENSG00000158691.10] [238/303]
  * #variants in cis = 9
  * Best hit: [id=6_internal_12293, d=-505502, pv=0.00175314, s=0.3333]
  * Beta parameters: [s1=1.03064, s2=7.40125]
  * Adjusted p-values: [emp=0.0149254, beta=0.0167933]

Processing phenotype [ENSG00000187987.5] [239/303]
  * #variants in cis = 9
  * Best hit: [id=6_internal_15789, d=106469, pv=0.0523434, s=0.2058]
  * Beta parameters: [s1=1.05603, s2=9.72804]
  * Adjusted p-values: [emp=0.383085, beta=0.379557]

Processing phenotype [ENSG00000232040.2] [240/303]
  * #variants in cis = 8
  * Best hit: [id=6_internal_10409, d=71531, pv=0.0146865, s=-0.2586]
  * Beta parameters: [s1=0.88196, s2=7.70941]
  * Adjusted p-values: [emp=0.0995025, beta=0.104891]

Processing phenotype [ENSG00000235559.1] [241/303]
  * #variants in cis = 11
  * Best hit: [id=6_internal_10409, d=239323, pv=0.12076, s=0.1567]
  * Beta parameters: [s1=1.15478, s2=10.2292]
  * Adjusted p-values: [emp=0.761194, beta=0.744923]

Processing phenotype [ENSG00000224157.1] [242/303]
  * #variants in cis = 12
  * Best hit: [id=6_internal_15838, d=-999916, pv=0.0470672, s=-0.2328]
  * Beta parameters: [s1=0.909188, s2=12.1504]
  * Adjusted p-values: [emp=0.383085, beta=0.406949]

Processing phenotype [ENSG00000204713.6] [243/303]
  * #variants in cis = 10
  * Best hit: [id=6_internal_12293, d=0, pv=0.0825499, s=0.1857]
  * Beta parameters: [s1=0.988537, s2=8.97845]
  * Adjusted p-values: [emp=0.58209, beta=0.575466]

Processing phenotype [ENSG00000263426.1] [244/303]
  * #variants in cis = 10
  * Best hit: [id=6_internal_15250, d=728207, pv=0.196064, s=0.1383]
  * Beta parameters: [s1=0.944338, s2=11.9811]
  * Adjusted p-values: [emp=0.910448, beta=0.909991]

Processing phenotype [ENSG00000197935.6] [245/303]
  * #variants in cis = 11
  * Best hit: [id=6_internal_15789, d=668283, pv=0.0965685, s=0.1742]
  * Beta parameters: [s1=1.01596, s2=10.1556]
  * Adjusted p-values: [emp=0.631841, beta=0.624293]

Processing phenotype [ENSG00000204657.2] [246/303]
  * #variants in cis = 11
  * Best hit: [id=6_internal_12293, d=-650948, pv=0.113168, s=-0.1725]
  * Beta parameters: [s1=1.11293, s2=10.9948]
  * Adjusted p-values: [emp=0.761194, beta=0.753277]

Processing phenotype [ENSG00000204681.5] [247/303]
  * #variants in cis = 11
  * Best hit: [id=6_internal_12849, d=0, pv=3.41459e-05, s=0.4221]
  * Beta parameters: [s1=0.944057, s2=12.6021]
  * Adjusted p-values: [emp=0.00497512, beta=0.000318675]

Processing phenotype [ENSG00000233916.1] [248/303]
  * #variants in cis = 12
  * Best hit: [id=6_internal_15250, d=0, pv=0.00746879, s=0.2752]
  * Beta parameters: [s1=1.00932, s2=12.2879]
  * Adjusted p-values: [emp=0.0845771, beta=0.0735513]

Processing phenotype [ENSG00000204642.8] [249/303]
  * #variants in cis = 12
  * Best hit: [id=6_internal_9837, d=764807, pv=0.00584127, s=-0.2988]
  * Beta parameters: [s1=1.01417, s2=11.3297]
  * Adjusted p-values: [emp=0.0696517, beta=0.0737302]

Processing phenotype [ENSG00000225864.1] [250/303]
  * #variants in cis = 12
  * Best hit: [id=6_internal_9751, d=-601085, pv=0.00990608, s=-0.2755]
  * Beta parameters: [s1=0.874174, s2=14.4178]
  * Adjusted p-values: [emp=0.119403, beta=0.0938626]

Processing phenotype [ENSG00000239257.1] [251/303]
  * #variants in cis = 12
  * Best hit: [id=6_internal_15250, d=0, pv=0.00868523, s=0.2896]
  * Beta parameters: [s1=1.0379, s2=11.3371]
  * Adjusted p-values: [emp=0.0945274, beta=0.0990847]

Processing phenotype [ENSG00000250991.1] [252/303]
  * #variants in cis = 14
  * Best hit: [id=6_internal_9837, d=-738613, pv=0.0451655, s=-0.2031]
  * Beta parameters: [s1=0.886265, s2=13.1344]
  * Adjusted p-values: [emp=0.442786, beta=0.474791]

Processing phenotype [ENSG00000214922.3] [253/303]
  * #variants in cis = 14
  * Best hit: [id=6_internal_15250, d=0, pv=1.5148e-05, s=0.4657]
  * Beta parameters: [s1=0.979927, s2=12.3794]
  * Adjusted p-values: [emp=0.00497512, beta=0.000258131]

Processing phenotype [ENSG00000235821.1] [254/303]
  * #variants in cis = 14
  * Best hit: [id=6_internal_15250, d=0, pv=0.000249073, s=0.3686]
  * Beta parameters: [s1=1.15217, s2=10.0063]
  * Adjusted p-values: [emp=0.00995025, beta=0.00332995]

Processing phenotype [ENSG00000181126.8] [255/303]
  * #variants in cis = 16
  * Best hit: [id=6_internal_10068, d=708600, pv=0.0637024, s=0.1885]
  * Beta parameters: [s1=1.06721, s2=15.1013]
  * Adjusted p-values: [emp=0.616915, beta=0.599806]

Processing phenotype [ENSG00000176998.3] [256/303]
  * #variants in cis = 16
  * Best hit: [id=6_internal_13602, d=-973035, pv=0.000366388, s=-0.3985]
  * Beta parameters: [s1=0.974127, s2=16.3132]
  * Adjusted p-values: [emp=0.0149254, beta=0.00571129]

Processing phenotype [ENSG00000204632.7] [257/303]
  * #variants in cis = 17
  * Best hit: [id=6_internal_15250, d=0, pv=0.00103751, s=0.3332]
  * Beta parameters: [s1=1.00305, s2=16.9014]
  * Adjusted p-values: [emp=0.0149254, beta=0.0116113]

Processing phenotype [ENSG00000206341.6] [258/303]
  * #variants in cis = 17
  * Best hit: [id=6_internal_10485, d=841899, pv=0.0597426, s=-0.1971]
  * Beta parameters: [s1=0.891729, s2=16.6866]
  * Adjusted p-values: [emp=0.606965, beta=0.62258]

Processing phenotype [ENSG00000230521.1] [259/303]
  * #variants in cis = 17
  * Best hit: [id=6_internal_11008, d=0, pv=0.00139868, s=-0.3093]
  * Beta parameters: [s1=0.9196, s2=18.0493]
  * Adjusted p-values: [emp=0.0248756, beta=0.0176537]

Processing phenotype [ENSG00000231130.1] [260/303]
  * #variants in cis = 17
  * Best hit: [id=6_internal_11008, d=0, pv=0.000665263, s=0.3229]
  * Beta parameters: [s1=0.99679, s2=16.3193]
  * Adjusted p-values: [emp=0.00995025, beta=0.00744556]

Processing phenotype [ENSG00000230795.2] [261/303]
  * #variants in cis = 17
  * Best hit: [id=6_internal_11008, d=0, pv=5.79929e-11, s=0.5929]
  * Beta parameters: [s1=0.991248, s2=16.6065]
  * Adjusted p-values: [emp=0.00497512, beta=7.99545e-10]

Processing phenotype [ENSG00000227262.2] [262/303]
  * #variants in cis = 17
  * Best hit: [id=6_internal_11008, d=0, pv=8.03734e-08, s=0.5216]
  * Beta parameters: [s1=0.916677, s2=23.3021]
  * Adjusted p-values: [emp=0.00497512, beta=1.91166e-07]

Processing phenotype [ENSG00000206503.7] [263/303]
  * #variants in cis = 16
  * Best hit: [id=6_internal_15250, d=0, pv=0.00473815, s=0.3043]
  * Beta parameters: [s1=1.00379, s2=15.0295]
  * Adjusted p-values: [emp=0.0995025, beta=0.0769137]

Processing phenotype [ENSG00000227766.1] [264/303]
  * #variants in cis = 16
  * Best hit: [id=6_internal_15250, d=0, pv=0.000595561, s=0.3855]
  * Beta parameters: [s1=0.982758, s2=14.7645]
  * Adjusted p-values: [emp=0.0199005, beta=0.00887025]

Processing phenotype [ENSG00000235290.1] [265/303]
  * #variants in cis = 16
  * Best hit: [id=6_internal_11008, d=-27644, pv=0.0063979, s=-0.2847]
  * Beta parameters: [s1=1.03497, s2=12.653]
  * Adjusted p-values: [emp=0.104478, beta=0.114862]

Processing phenotype [ENSG00000229390.1] [266/303]
  * #variants in cis = 16
  * Best hit: [id=6_internal_15250, d=0, pv=0.003473, s=0.2910]
  * Beta parameters: [s1=0.948577, s2=13.8739]
  * Adjusted p-values: [emp=0.079602, beta=0.0639555]

Processing phenotype [ENSG00000204622.6] [267/303]
  * #variants in cis = 16
  * Best hit: [id=6_internal_11008, d=-77631, pv=0.0357578, s=-0.2016]
  * Beta parameters: [s1=1.06118, s2=13.7882]
  * Adjusted p-values: [emp=0.452736, beta=0.425984]

Processing phenotype [ENSG00000237669.1] [268/303]
  * #variants in cis = 16
  * Best hit: [id=6_internal_12162, d=38416, pv=0.140157, s=0.1502]
  * Beta parameters: [s1=0.963652, s2=14.3194]
  * Adjusted p-values: [emp=0.880597, beta=0.870054]

Processing phenotype [ENSG00000232757.1] [269/303]
  * #variants in cis = 16
  * Best hit: [id=6_internal_13300, d=720540, pv=0.0428861, s=-0.2120]
  * Beta parameters: [s1=0.988837, s2=12.0548]
  * Adjusted p-values: [emp=0.492537, beta=0.473919]

Processing phenotype [ENSG00000066379.10] [270/303]
  * #variants in cis = 16
  * Best hit: [id=6_internal_9751, d=266157, pv=0.0357809, s=0.2242]
  * Beta parameters: [s1=1.09833, s2=13.4947]
  * Adjusted p-values: [emp=0.422886, beta=0.410728]

Processing phenotype [ENSG00000204623.4] [271/303]
  * #variants in cis = 16
  * Best hit: [id=6_internal_13602, d=-704468, pv=0.052161, s=-0.2177]
  * Beta parameters: [s1=1.00837, s2=15.0672]
  * Adjusted p-values: [emp=0.522388, beta=0.516062]

Processing phenotype [ENSG00000204619.3] [272/303]
  * #variants in cis = 16
  * Best hit: [id=6_internal_10485, d=662763, pv=0.0448519, s=-0.2080]
  * Beta parameters: [s1=0.935949, s2=13.5324]
  * Adjusted p-values: [emp=0.537313, beta=0.538215]

Processing phenotype [ENSG00000204618.4] [273/303]
  * #variants in cis = 16
  * Best hit: [id=6_internal_9837, d=-411695, pv=0.023095, s=-0.2282]
  * Beta parameters: [s1=1.00202, s2=11.0542]
  * Adjusted p-values: [emp=0.338308, beta=0.322763]

Processing phenotype [ENSG00000204616.5] [274/303]
  * #variants in cis = 16
  * Best hit: [id=6_internal_13300, d=-639147, pv=0.158756, s=-0.1540]
  * Beta parameters: [s1=0.928452, s2=21.2282]
  * Adjusted p-values: [emp=0.935323, beta=0.931453]

Processing phenotype [ENSG00000233892.1] [275/303]
  * #variants in cis = 17
  * Best hit: [id=6_internal_10243, d=-319149, pv=0.0839774, s=0.1944]
  * Beta parameters: [s1=0.974695, s2=16.3027]
  * Adjusted p-values: [emp=0.756219, beta=0.757804]

Processing phenotype [ENSG00000234127.3] [276/303]
  * #variants in cis = 17
  * Best hit: [id=6_internal_12366, d=-426950, pv=0.00848938, s=-0.2866]
  * Beta parameters: [s1=1.00843, s2=13.678]
  * Adjusted p-values: [emp=0.109453, beta=0.106468]

Processing phenotype [ENSG00000243753.1] [277/303]
  * #variants in cis = 17
  * Best hit: [id=6_internal_10363, d=556740, pv=0.015381, s=0.2557]
  * Beta parameters: [s1=0.901405, s2=14.8873]
  * Adjusted p-values: [emp=0.21393, beta=0.203242]

Processing phenotype [ENSG00000242996.1] [278/303]
  * #variants in cis = 17
  * Best hit: [id=6_internal_9837, d=-161448, pv=0.0510423, s=-0.2072]
  * Beta parameters: [s1=1.0833, s2=14.9021]
  * Adjusted p-values: [emp=0.557214, beta=0.562209]

Processing phenotype [ENSG00000204599.10] [279/303]
  * #variants in cis = 17
  * Best hit: [id=6_internal_10363, d=489845, pv=0.0115809, s=0.2583]
  * Beta parameters: [s1=0.965016, s2=16.4754]
  * Adjusted p-values: [emp=0.124378, beta=0.16052]

Processing phenotype [ENSG00000231074.2] [280/303]
  * #variants in cis = 17
  * Best hit: [id=6_internal_15677, d=-851565, pv=0.109428, s=0.1690]
  * Beta parameters: [s1=1.05007, s2=14.6408]
  * Adjusted p-values: [emp=0.800995, beta=0.817515]

Processing phenotype [ENSG00000248167.3] [281/303]
  * #variants in cis = 17
  * Best hit: [id=6_internal_10363, d=486742, pv=0.0187465, s=0.2344]
  * Beta parameters: [s1=0.970676, s2=16.9065]
  * Adjusted p-values: [emp=0.263682, beta=0.234436]

Processing phenotype [ENSG00000241370.1] [282/303]
  * #variants in cis = 17
  * Best hit: [id=6_internal_12162, d=-376431, pv=0.00801463, s=0.2782]
  * Beta parameters: [s1=0.963498, s2=18.0611]
  * Adjusted p-values: [emp=0.104478, beta=0.112963]

Processing phenotype [ENSG00000236603.1] [283/303]
  * #variants in cis = 19
  * Best hit: [id=6_internal_15677, d=692775, pv=0.0212596, s=0.2296]
  * Beta parameters: [s1=1.02415, s2=16.9845]
  * Adjusted p-values: [emp=0.288557, beta=0.294568]

Processing phenotype [ENSG00000204592.5] [284/303]
  * #variants in cis = 19
  * Best hit: [id=6_internal_15197, d=873307, pv=0.00161157, s=0.3520]
  * Beta parameters: [s1=1.04953, s2=13.2671]
  * Adjusted p-values: [emp=0.0348259, beta=0.0442548]

Processing phenotype [ENSG00000235781.1] [285/303]
  * #variants in cis = 19
  * Best hit: [id=6_internal_9751, d=0, pv=0.0197954, s=-0.2402]
  * Beta parameters: [s1=0.991333, s2=16.0309]
  * Adjusted p-values: [emp=0.338308, beta=0.294185]

Processing phenotype [ENSG00000204576.7] [286/303]
  * #variants in cis = 19
  * Best hit: [id=6_internal_13300, d=195367, pv=0.0113653, s=0.2615]
  * Beta parameters: [s1=1.11207, s2=16.9861]
  * Adjusted p-values: [emp=0.164179, beta=0.187669]

Processing phenotype [ENSG00000204590.8] [287/303]
  * #variants in cis = 19
  * Best hit: [id=6_internal_15250, d=584151, pv=0.0382601, s=0.2151]
  * Beta parameters: [s1=1.05456, s2=16.5518]
  * Adjusted p-values: [emp=0.492537, beta=0.462529]

Processing phenotype [ENSG00000204574.7] [288/303]
  * #variants in cis = 19
  * Best hit: [id=6_internal_11008, d=-642424, pv=0.000690251, s=-0.3600]
  * Beta parameters: [s1=0.993027, s2=18.3427]
  * Adjusted p-values: [emp=0.0149254, beta=0.0120485]

Processing phenotype [ENSG00000216101.1] [289/303]
  * #variants in cis = 19
  * Best hit: [id=6_internal_10068, d=-50452, pv=0.167663, s=0.1384]
  * Beta parameters: [s1=0.918834, s2=18.7882]
  * Adjusted p-values: [emp=0.965174, beta=0.961086]

Processing phenotype [ENSG00000222894.1] [290/303]
  * #variants in cis = 19
  * Best hit: [id=6_internal_14754, d=540108, pv=0.00224907, s=-0.3310]
  * Beta parameters: [s1=0.898429, s2=14.7878]
  * Adjusted p-values: [emp=0.0497512, beta=0.0446718]

Processing phenotype [ENSG00000204568.6] [291/303]
  * #variants in cis = 19
  * Best hit: [id=6_internal_15677, d=561006, pv=0.147748, s=-0.1541]
  * Beta parameters: [s1=0.898242, s2=18.4437]
  * Adjusted p-values: [emp=0.915423, beta=0.924722]

Processing phenotype [ENSG00000204569.5] [292/303]
  * #variants in cis = 19
  * Best hit: [id=6_internal_13244, d=398797, pv=0.0386483, s=0.2363]
  * Beta parameters: [s1=0.996034, s2=14.2525]
  * Adjusted p-values: [emp=0.452736, beta=0.427522]

Processing phenotype [ENSG00000137343.12] [293/303]
  * #variants in cis = 19
  * Best hit: [id=6_internal_9837, d=-6832, pv=0.00404317, s=0.2402]
  * Beta parameters: [s1=1.1135, s2=18.3296]
  * Adjusted p-values: [emp=0.0696517, beta=0.0595787]

Processing phenotype [ENSG00000204564.7] [294/303]
  * #variants in cis = 18
  * Best hit: [id=6_internal_12162, d=-678339, pv=0.0567664, s=0.2021]
  * Beta parameters: [s1=1.0262, s2=18.0146]
  * Adjusted p-values: [emp=0.636816, beta=0.604727]

Processing phenotype [ENSG00000204560.5] [295/303]
  * #variants in cis = 18
  * Best hit: [id=6_internal_10485, d=-56435, pv=0.0421279, s=0.2146]
  * Beta parameters: [s1=1.0201, s2=18.8271]
  * Adjusted p-values: [emp=0.512438, beta=0.523386]

Processing phenotype [ENSG00000146112.7] [296/303]
  * #variants in cis = 18
  * Best hit: [id=6_internal_15677, d=-490820, pv=0.0376622, s=0.2325]
  * Beta parameters: [s1=1.13635, s2=14.4642]
  * Adjusted p-values: [emp=0.527363, beta=0.474854]

Processing phenotype [ENSG00000137404.10] [297/303]
  * #variants in cis = 18
  * Best hit: [id=6_internal_15250, d=718397, pv=0.0120119, s=-0.2573]
  * Beta parameters: [s1=0.942145, s2=16.1131]
  * Adjusted p-values: [emp=0.174129, beta=0.181114]

Processing phenotype [ENSG00000224328.1] [298/303]
  * #variants in cis = 18
  * Best hit: [id=6_internal_15197, d=659707, pv=0.0535035, s=-0.1898]
  * Beta parameters: [s1=1.05822, s2=14.5024]
  * Adjusted p-values: [emp=0.60199, beta=0.573322]

Processing phenotype [ENSG00000137337.10] [299/303]
  * #variants in cis = 18
  * Best hit: [id=6_internal_10068, d=184009, pv=0.0282869, s=-0.2319]
  * Beta parameters: [s1=1.03362, s2=14.0615]
  * Adjusted p-values: [emp=0.373134, beta=0.388039]

Processing phenotype [ENSG00000196230.8] [300/303]
  * #variants in cis = 18
  * Best hit: [id=6_internal_15677, d=458514, pv=0.0132736, s=0.2649]
  * Beta parameters: [s1=0.996223, s2=12.7253]
  * Adjusted p-values: [emp=0.208955, beta=0.212102]

Processing phenotype [ENSG00000137312.10] [301/303]
  * #variants in cis = 18
  * Best hit: [id=6_internal_13602, d=-23375, pv=9.98424e-09, s=0.5801]
  * Beta parameters: [s1=0.990652, s2=13.9921]
  * Adjusted p-values: [emp=0.00497512, beta=4.56504e-07]

Processing phenotype [ENSG00000137331.11] [302/303]
  * #variants in cis = 18
  * Best hit: [id=6_internal_13602, d=-21554, pv=1.03934e-08, s=0.5872]
  * Beta parameters: [s1=1.01679, s2=13.5658]
  * Adjusted p-values: [emp=0.00497512, beta=2.62401e-07]

Processing phenotype [ENSG00000228022.1] [303/303]
  * #variants in cis = 18
  * Best hit: [id=6_internal_13300, d=0, pv=0.0956249, s=-0.1732]
  * Beta parameters: [s1=0.997488, s2=15.3651]
  * Adjusted p-values: [emp=0.791045, beta=0.779966]

Running time: 2 seconds
