Sender: LSF System <lsfadmin@cpt07>
Subject: Job 974303: </data/unige/funpopgen/odelanea/SGX/V2/binaries/qtltools/bin/QTLtools cis --vcf /data/unige/funpopgen/grey2/SYSCID/BLUEPRINT_DATA/CRD/THREE_CELL_TYPES/CLOMICS/CELL_TYPE_COMPARISON_GENE_CRD_ASSOCIATIONS/quantify/73_vs_70_ALL.ALLchr.mean.txt.gz --bed /data/unige/funpopgen/grey2/SYSCID/BLUEPRINT_DATA/CRD/THREE_CELL_TYPES/QTL_TOOLS/EGAD00001002671_v3.0/EGAD00001002671_RNA.PC10.bed.gz --permute 200 --chunk 60 100 --out /data/unige/funpopgen/grey2/SYSCID/BLUEPRINT_DATA/CRD/THREE_CELL_TYPES/CLOMICS/CELL_TYPE_COMPARISON_GENE_CRD_ASSOCIATIONS/mapping_aCRD_gene/73_vs_70/gene_CRD_mean_chunk60\.txt> in cluster <ug> Done

Job </data/unige/funpopgen/odelanea/SGX/V2/binaries/qtltools/bin/QTLtools cis --vcf /data/unige/funpopgen/grey2/SYSCID/BLUEPRINT_DATA/CRD/THREE_CELL_TYPES/CLOMICS/CELL_TYPE_COMPARISON_GENE_CRD_ASSOCIATIONS/quantify/73_vs_70_ALL.ALLchr.mean.txt.gz --bed /data/unige/funpopgen/grey2/SYSCID/BLUEPRINT_DATA/CRD/THREE_CELL_TYPES/QTL_TOOLS/EGAD00001002671_v3.0/EGAD00001002671_RNA.PC10.bed.gz --permute 200 --chunk 60 100 --out /data/unige/funpopgen/grey2/SYSCID/BLUEPRINT_DATA/CRD/THREE_CELL_TYPES/CLOMICS/CELL_TYPE_COMPARISON_GENE_CRD_ASSOCIATIONS/mapping_aCRD_gene/73_vs_70/gene_CRD_mean_chunk60\.txt> was submitted from host <frt.ug.vital-it.ch> by user <grey2> in cluster <ug>.
Job was executed on host(s) <cpt07>, in queue <normal>, as user <grey2> in cluster <ug>.
</home/grey2> was used as the home directory.
</data/unige/funpopgen/grey2/SYSCID/BLUEPRINT_DATA/CRD/THREE_CELL_TYPES/CLOMICS/CELL_TYPE_COMPARISON_GENE_CRD_ASSOCIATIONS> was used as the working directory.
Started at Thu Mar 21 11:28:09 2019
Results reported at Thu Mar 21 11:28:15 2019

Your job looked like:

------------------------------------------------------------
# LSBATCH: User input
/data/unige/funpopgen/odelanea/SGX/V2/binaries/qtltools/bin/QTLtools cis --vcf /data/unige/funpopgen/grey2/SYSCID/BLUEPRINT_DATA/CRD/THREE_CELL_TYPES/CLOMICS/CELL_TYPE_COMPARISON_GENE_CRD_ASSOCIATIONS/quantify/73_vs_70_ALL.ALLchr.mean.txt.gz --bed /data/unige/funpopgen/grey2/SYSCID/BLUEPRINT_DATA/CRD/THREE_CELL_TYPES/QTL_TOOLS/EGAD00001002671_v3.0/EGAD00001002671_RNA.PC10.bed.gz --permute 200 --chunk 60 100 --out /data/unige/funpopgen/grey2/SYSCID/BLUEPRINT_DATA/CRD/THREE_CELL_TYPES/CLOMICS/CELL_TYPE_COMPARISON_GENE_CRD_ASSOCIATIONS/mapping_aCRD_gene/73_vs_70/gene_CRD_mean_chunk60\.txt

------------------------------------------------------------

Successfully completed.

Resource usage summary:

    CPU time :               2.80 sec.
    Max Memory :             2.75 MB
    Average Memory :         2.75 MB
    Total Requested Memory : -
    Delta Memory :           -
    (Delta: the difference between total requested memory and actual max usage.)
    Max Swap :               31 MB

    Max Processes :          1
    Max Threads :            1

The output (if any) follows:


[32mQTLtools[0m
  * Authors : Olivier DELANEAU / Halit ONGEN / Emmanouil DERMITZAKIS
  * Contact : olivier.delaneau@gmail.com / halit.ongen@unige.ch / Emmanouil.Dermitzakis@unige.ch
  * Webpage : https://qtltools.github.io/qtltools/
  * Version : 1.1
  * Date    : 21/03/2019 - 11:28:12
  * Citation: A complete tool set for molecular QTL discovery and analysis, https://doi.org/10.1101/068635

[32mMAPPING QTL IN CIS[0m
  * TASK: Perform 200 permutations
  * Linear model: Phe ~ Var
  * Cis-window size is 1000000 bp
  * Chunk = [60/100]

Scanning phenotype data in [/data/unige/funpopgen/grey2/SYSCID/BLUEPRINT_DATA/CRD/THREE_CELL_TYPES/QTL_TOOLS/EGAD00001002671_v3.0/EGAD00001002671_RNA.PC10.bed.gz]
  * 24372 phenotypes included
  * 12152 phenotypes are on the negative strand

Initialize random number generator
  * Built-in seed is 15112011
  * First Integer = 30554
  * First Double = 0.0126695

Reading sample list from [/data/unige/funpopgen/grey2/SYSCID/BLUEPRINT_DATA/CRD/THREE_CELL_TYPES/QTL_TOOLS/EGAD00001002671_v3.0/EGAD00001002671_RNA.PC10.bed.gz]
  * #samples = 169

Reading sample list from [/data/unige/funpopgen/grey2/SYSCID/BLUEPRINT_DATA/CRD/THREE_CELL_TYPES/CLOMICS/CELL_TYPE_COMPARISON_GENE_CRD_ASSOCIATIONS/quantify/73_vs_70_ALL.ALLchr.mean.txt.gz]
  * #samples = 94

Merging sample sets from all input files
  * #files = 2
  * #samples in all files = 91
  * #samples NOT in all files (i.e. ignored) = 81

Reading phenotype data in [/data/unige/funpopgen/grey2/SYSCID/BLUEPRINT_DATA/CRD/THREE_CELL_TYPES/QTL_TOOLS/EGAD00001002671_v3.0/EGAD00001002671_RNA.PC10.bed.gz]
  * target region [1:63153969-110881128]
  * 307 phenotypes included
  * 130 phenotypes are on the negative strand

Reading genotype data in [/data/unige/funpopgen/grey2/SYSCID/BLUEPRINT_DATA/CRD/THREE_CELL_TYPES/CLOMICS/CELL_TYPE_COMPARISON_GENE_CRD_ASSOCIATIONS/quantify/73_vs_70_ALL.ALLchr.mean.txt.gz]
  * File format detected: BED
  * 91 samples included
  * 5 samples without phenotype data
  * target region [1:62153969-111881128]
  * 93 variants included

Processing phenotype [ENSG00000116641.11] [1/307]
  * #variants in cis = 3
  * Best hit: [id=1_internal_16870, d=119757, pv=0.293066, s=0.1203]
  * Maximum Likelihood estimation failed, use Moment Matching instead!
  * Beta parameters: [s1=0.999969, s2=3.55189]
  * Adjusted p-values: [emp=0.641791, beta=0.648193]

Processing phenotype [ENSG00000235545.1] [2/307]
  * #variants in cis = 3
  * Best hit: [id=1_internal_16870, d=-119941, pv=0.0983661, s=-0.1660]
  * Maximum Likelihood estimation failed, use Moment Matching instead!
  * Beta parameters: [s1=1.00007, s2=3.05678]
  * Adjusted p-values: [emp=0.293532, beta=0.298927]

Processing phenotype [ENSG00000125703.9] [3/307]
  * #variants in cis = 3
  * Best hit: [id=1_internal_21209, d=-430743, pv=0.665086, s=0.0479]
  * Maximum Likelihood estimation failed, use Moment Matching instead!
  * Beta parameters: [s1=1.00006, s2=2.88196]
  * Adjusted p-values: [emp=0.960199, beta=0.954438]

Processing phenotype [ENSG00000088035.9] [4/307]
  * #variants in cis = 4
  * Best hit: [id=1_internal_18945, d=272087, pv=0.0324161, s=-0.2244]
  * Maximum Likelihood estimation failed, use Moment Matching instead!
  * Beta parameters: [s1=1.0001, s2=4.7977]
  * Adjusted p-values: [emp=0.119403, beta=0.119077]

Processing phenotype [ENSG00000203965.7] [5/307]
  * #variants in cis = 5
  * Best hit: [id=1_internal_19941, d=946003, pv=0.0741226, s=0.1907]
  * Maximum Likelihood estimation failed, use Moment Matching instead!
  * Beta parameters: [s1=0.999961, s2=4.28225]
  * Adjusted p-values: [emp=0.288557, beta=0.313649]

Processing phenotype [ENSG00000116652.4] [6/307]
  * #variants in cis = 5
  * Best hit: [id=1_internal_18945, d=90713, pv=0.0971443, s=-0.1599]
  * Maximum Likelihood estimation failed, use Moment Matching instead!
  * Beta parameters: [s1=1.00012, s2=4.14487]
  * Adjusted p-values: [emp=0.402985, beta=0.405448]

Processing phenotype [ENSG00000079739.10] [7/307]
  * #variants in cis = 4
  * Best hit: [id=1_internal_19941, d=876099, pv=0.529815, s=-0.0637]
  * Maximum Likelihood estimation failed, use Moment Matching instead!
  * Beta parameters: [s1=0.999967, s2=5.29289]
  * Adjusted p-values: [emp=0.975124, beta=0.96774]

Processing phenotype [ENSG00000142856.12] [8/307]
  * #variants in cis = 4
  * Best hit: [id=1_internal_17565, d=-577236, pv=0.12849, s=0.1477]
  * Maximum Likelihood estimation failed, use Moment Matching instead!
  * Beta parameters: [s1=1, s2=3.52729]
  * Adjusted p-values: [emp=0.41791, beta=0.422886]

Processing phenotype [ENSG00000244256.2] [9/307]
  * #variants in cis = 4
  * Best hit: [id=1_internal_18945, d=0, pv=0.257377, s=-0.1130]
  * Maximum Likelihood estimation failed, use Moment Matching instead!
  * Beta parameters: [s1=0.999907, s2=3.6392]
  * Adjusted p-values: [emp=0.696517, beta=0.676704]

Processing phenotype [ENSG00000158966.9] [10/307]
  * #variants in cis = 9
  * Best hit: [id=1_internal_19941, d=0, pv=6.64761e-05, s=0.4168]
  * Beta parameters: [s1=1.04692, s2=8.28561]
  * Adjusted p-values: [emp=0.00497512, beta=0.00115761]

Processing phenotype [ENSG00000162437.10] [11/307]
  * #variants in cis = 9
  * Best hit: [id=1_internal_25939, d=0, pv=0.0648099, s=0.2058]
  * Beta parameters: [s1=0.951815, s2=7.24017]
  * Adjusted p-values: [emp=0.422886, beta=0.470388]

Processing phenotype [ENSG00000234784.2] [12/307]
  * #variants in cis = 9
  * Best hit: [id=1_internal_17283, d=242022, pv=0.168085, s=-0.1432]
  * Beta parameters: [s1=1.03041, s2=9.36796]
  * Adjusted p-values: [emp=0.830846, beta=0.804374]

Processing phenotype [ENSG00000233877.2] [13/307]
  * #variants in cis = 9
  * Best hit: [id=1_internal_22963, d=69565, pv=0.00625892, s=-0.2721]
  * Beta parameters: [s1=1.1208, s2=8.10235]
  * Adjusted p-values: [emp=0.0646766, beta=0.0690409]

Processing phenotype [ENSG00000162434.7] [14/307]
  * #variants in cis = 9
  * Best hit: [id=1_internal_22963, d=-45040, pv=0.0849286, s=0.1996]
  * Beta parameters: [s1=1.00254, s2=9.60661]
  * Adjusted p-values: [emp=0.577114, beta=0.549614]

Processing phenotype [ENSG00000185031.6] [15/307]
  * #variants in cis = 9
  * Best hit: [id=1_internal_23876, d=-551517, pv=0.073951, s=0.1901]
  * Beta parameters: [s1=0.986822, s2=7.59197]
  * Adjusted p-values: [emp=0.482587, beta=0.481393]

Processing phenotype [ENSG00000226891.1] [16/307]
  * #variants in cis = 9
  * Best hit: [id=1_internal_17565, d=818323, pv=0.232113, s=0.1226]
  * Beta parameters: [s1=1.03493, s2=8.36202]
  * Adjusted p-values: [emp=0.900498, beta=0.903535]

Processing phenotype [ENSG00000265996.1] [17/307]
  * #variants in cis = 9
  * Best hit: [id=1_internal_25688, d=91842, pv=0.0513861, s=-0.1944]
  * Beta parameters: [s1=1.02762, s2=6.96428]
  * Adjusted p-values: [emp=0.373134, beta=0.364627]

Processing phenotype [ENSG00000231485.1] [18/307]
  * #variants in cis = 9
  * Best hit: [id=1_internal_17283, d=-92728, pv=0.0263872, s=-0.2377]
  * Beta parameters: [s1=1.05379, s2=10.7882]
  * Adjusted p-values: [emp=0.174129, beta=0.168622]

Processing phenotype [ENSG00000116675.10] [19/307]
  * #variants in cis = 7
  * Best hit: [id=1_internal_24647, d=-171917, pv=0.15237, s=0.1520]
  * Beta parameters: [s1=1.07759, s2=5.97969]
  * Adjusted p-values: [emp=0.706468, beta=0.692992]

Processing phenotype [ENSG00000116678.14] [20/307]
  * #variants in cis = 10
  * Best hit: [id=1_internal_17365, d=845443, pv=0.0331898, s=-0.2345]
  * Beta parameters: [s1=1.04805, s2=9.49311]
  * Adjusted p-values: [emp=0.283582, beta=0.271529]

Processing phenotype [ENSG00000213625.4] [21/307]
  * #variants in cis = 10
  * Best hit: [id=1_internal_17283, d=-234900, pv=0.10932, s=-0.1650]
  * Beta parameters: [s1=0.987546, s2=9.64438]
  * Adjusted p-values: [emp=0.701493, beta=0.67974]

Processing phenotype [ENSG00000224570.1] [22/307]
  * #variants in cis = 9
  * Best hit: [id=1_internal_23876, d=0, pv=0.0231949, s=0.2412]
  * Beta parameters: [s1=0.951277, s2=9.57315]
  * Adjusted p-values: [emp=0.233831, beta=0.234607]

Processing phenotype [ENSG00000184588.13] [23/307]
  * #variants in cis = 10
  * Best hit: [id=1_internal_23876, d=-184901, pv=0.00300629, s=-0.3420]
  * Beta parameters: [s1=1.01623, s2=9.11032]
  * Adjusted p-values: [emp=0.0149254, beta=0.0193807]

Processing phenotype [ENSG00000152763.11] [24/307]
  * #variants in cis = 4
  * Best hit: [id=1_internal_17084, d=507389, pv=0.0821222, s=-0.1960]
  * Maximum Likelihood estimation failed, use Moment Matching instead!
  * Beta parameters: [s1=1.00004, s2=4.9613]
  * Adjusted p-values: [emp=0.333333, beta=0.307373]

Processing phenotype [ENSG00000198160.10] [25/307]
  * #variants in cis = 4
  * Best hit: [id=1_internal_17084, d=-507397, pv=0.0660472, s=-0.2072]
  * Maximum Likelihood estimation failed, use Moment Matching instead!
  * Beta parameters: [s1=1, s2=4.3718]
  * Adjusted p-values: [emp=0.189055, beta=0.116428]

Processing phenotype [ENSG00000116704.6] [26/307]
  * #variants in cis = 4
  * Best hit: [id=1_internal_18909, d=735824, pv=0.0917583, s=-0.1773]
  * Maximum Likelihood estimation failed, use Moment Matching instead!
  * Beta parameters: [s1=0.999904, s2=3.63087]
  * Adjusted p-values: [emp=0.348259, beta=0.315082]

Processing phenotype [ENSG00000081985.6] [27/307]
  * #variants in cis = 5
  * Best hit: [id=1_internal_18909, d=-989089, pv=0.157874, s=0.1459]
  * Maximum Likelihood estimation failed, use Moment Matching instead!
  * Beta parameters: [s1=0.999871, s2=4.64579]
  * Adjusted p-values: [emp=0.59204, beta=0.593846]

Processing phenotype [ENSG00000223263.1] [28/307]
  * #variants in cis = 3
  * Best hit: [id=1_internal_17084, d=-999716, pv=0.216103, s=-0.1297]
  * Maximum Likelihood estimation failed, use Moment Matching instead!
  * Beta parameters: [s1=1, s2=3.14598]
  * Adjusted p-values: [emp=0.507463, beta=0.526758]

Processing phenotype [ENSG00000142864.10] [29/307]
  * #variants in cis = 2
  * Best hit: [id=1_internal_25199, d=662229, pv=0.406041, s=0.0958]
  * Maximum Likelihood estimation failed, use Moment Matching instead!
  * Beta parameters: [s1=1.00003, s2=2.01156]
  * Adjusted p-values: [emp=0.61194, beta=0.61457]

Processing phenotype [ENSG00000116717.7] [30/307]
  * #variants in cis = 2
  * Best hit: [id=1_internal_26698, d=455167, pv=0.168011, s=-0.1472]
  * Maximum Likelihood estimation failed, use Moment Matching instead!
  * Beta parameters: [s1=1.00009, s2=1.797]
  * Adjusted p-values: [emp=0.338308, beta=0.310245]

Processing phenotype [ENSG00000229133.1] [31/307]
  * #variants in cis = 1
  * Best hit: [id=1_internal_26698, d=0, pv=0.768516, s=0.0339]
  * Maximum Likelihood estimation failed, use Moment Matching instead!
  * Beta parameters: [s1=0.999943, s2=0.866333]
  * Adjusted p-values: [emp=0.756219, beta=0.741724]

Processing phenotype [ENSG00000033122.13] [32/307]
  * #variants in cis = 2
  * Best hit: [id=1_internal_17286, d=0, pv=9.11948e-05, s=0.4122]
  * Maximum Likelihood estimation failed, use Moment Matching instead!
  * Beta parameters: [s1=1.00009, s2=1.87752]
  * Adjusted p-values: [emp=0.00497512, beta=0.000212791]

Processing phenotype [ENSG00000244389.2] [33/307]
  * #variants in cis = 2
  * Best hit: [id=1_internal_18260, d=137351, pv=0.166934, s=-0.1488]
  * Maximum Likelihood estimation failed, use Moment Matching instead!
  * Beta parameters: [s1=0.999936, s2=2.44659]
  * Adjusted p-values: [emp=0.378109, beta=0.37467]

Processing phenotype [ENSG00000066557.5] [34/307]
  * #variants in cis = 2
  * Best hit: [id=1_internal_18260, d=162531, pv=0.553777, s=0.0647]
  * Maximum Likelihood estimation failed, use Moment Matching instead!
  * Beta parameters: [s1=1.00005, s2=2.32745]
  * Adjusted p-values: [emp=0.820896, beta=0.827415]

Processing phenotype [ENSG00000116754.9] [35/307]
  * #variants in cis = 2
  * Best hit: [id=1_internal_18260, d=-162593, pv=0.206295, s=-0.1472]
  * Maximum Likelihood estimation failed, use Moment Matching instead!
  * Beta parameters: [s1=1.00005, s2=2.3704]
  * Adjusted p-values: [emp=0.358209, beta=0.352653]

Processing phenotype [ENSG00000228988.1] [36/307]
  * #variants in cis = 2
  * Best hit: [id=1_internal_18260, d=177934, pv=0.298304, s=0.1164]
  * Maximum Likelihood estimation failed, use Moment Matching instead!
  * Beta parameters: [s1=0.999926, s2=1.93419]
  * Adjusted p-values: [emp=0.472637, beta=0.466185]

Processing phenotype [ENSG00000118454.8] [37/307]
  * #variants in cis = 2
  * Best hit: [id=1_internal_17286, d=663137, pv=0.514763, s=-0.0743]
  * Maximum Likelihood estimation failed, use Moment Matching instead!
  * Beta parameters: [s1=0.999926, s2=2.21385]
  * Adjusted p-values: [emp=0.756219, beta=0.782463]

Processing phenotype [ENSG00000197568.9] [38/307]
  * #variants in cis = 2
  * Best hit: [id=1_internal_18260, d=-311716, pv=0.516437, s=0.0685]
  * Maximum Likelihood estimation failed, use Moment Matching instead!
  * Beta parameters: [s1=1.00003, s2=2.06175]
  * Adjusted p-values: [emp=0.810945, beta=0.794606]

Processing phenotype [ENSG00000226088.1] [39/307]
  * #variants in cis = 2
  * Best hit: [id=1_internal_17286, d=668840, pv=0.676451, s=0.0417]
  * Maximum Likelihood estimation failed, use Moment Matching instead!
  * Beta parameters: [s1=0.999939, s2=2.4374]
  * Adjusted p-values: [emp=0.910448, beta=0.913522]

Processing phenotype [ENSG00000116761.7] [40/307]
  * #variants in cis = 2
  * Best hit: [id=1_internal_18260, d=-368129, pv=0.564767, s=-0.0631]
  * Maximum Likelihood estimation failed, use Moment Matching instead!
  * Beta parameters: [s1=0.999948, s2=2.34316]
  * Adjusted p-values: [emp=0.855721, beta=0.843955]

Processing phenotype [ENSG00000050628.15] [41/307]
  * #variants in cis = 0

Processing phenotype [ENSG00000235079.1] [42/307]
  * #variants in cis = 0

Processing phenotype [ENSG00000207721.1] [43/307]
  * #variants in cis = 1
  * Best hit: [id=1_internal_16630, d=-992955, pv=0.712178, s=0.0399]
  * Maximum Likelihood estimation failed, use Moment Matching instead!
  * Beta parameters: [s1=1, s2=0.939546]
  * Adjusted p-values: [emp=0.721393, beta=0.707259]

Processing phenotype [ENSG00000132485.8] [44/307]
  * #variants in cis = 1
  * Best hit: [id=1_internal_16630, d=-979374, pv=0.473938, s=0.0810]
  * Maximum Likelihood estimation failed, use Moment Matching instead!
  * Beta parameters: [s1=1, s2=0.919788]
  * Adjusted p-values: [emp=0.412935, beta=0.422466]

Processing phenotype [ENSG00000229956.4] [45/307]
  * #variants in cis = 1
  * Best hit: [id=1_internal_16630, d=979347, pv=0.642391, s=-0.0491]
  * Maximum Likelihood estimation failed, use Moment Matching instead!
  * Beta parameters: [s1=0.999923, s2=0.863226]
  * Adjusted p-values: [emp=0.636816, beta=0.625092]

Processing phenotype [ENSG00000233994.2] [46/307]
  * #variants in cis = 2
  * Best hit: [id=1_internal_18693, d=5999, pv=0.0470629, s=-0.2135]
  * Maximum Likelihood estimation failed, use Moment Matching instead!
  * Beta parameters: [s1=1.00003, s2=2.02274]
  * Adjusted p-values: [emp=0.104478, beta=0.107673]

Processing phenotype [ENSG00000172260.8] [47/307]
  * #variants in cis = 2
  * Best hit: [id=1_internal_16630, d=219538, pv=0.0686955, s=0.2024]
  * Maximum Likelihood estimation failed, use Moment Matching instead!
  * Beta parameters: [s1=0.999992, s2=1.84131]
  * Adjusted p-values: [emp=0.159204, beta=0.131781]

Processing phenotype [ENSG00000162620.11] [48/307]
  * #variants in cis = 0

Processing phenotype [ENSG00000254685.1] [49/307]
  * #variants in cis = 0

Processing phenotype [ENSG00000259030.1] [50/307]
  * #variants in cis = 0

Processing phenotype [ENSG00000116783.9] [51/307]
  * #variants in cis = 0

Processing phenotype [ENSG00000237324.2] [52/307]
  * #variants in cis = 0

Processing phenotype [ENSG00000162623.10] [53/307]
  * #variants in cis = 0

Processing phenotype [ENSG00000116791.9] [54/307]
  * #variants in cis = 0

Processing phenotype [ENSG00000117054.8] [55/307]
  * #variants in cis = 1
  * Best hit: [id=1_internal_24909, d=349680, pv=0.503346, s=0.0722]
  * Maximum Likelihood estimation failed, use Moment Matching instead!
  * Beta parameters: [s1=0.99999, s2=1.11279]
  * Adjusted p-values: [emp=0.507463, beta=0.498226]

Processing phenotype [ENSG00000181227.2] [56/307]
  * #variants in cis = 1
  * Best hit: [id=1_internal_24909, d=-329255, pv=0.14263, s=0.1599]
  * Maximum Likelihood estimation failed, use Moment Matching instead!
  * Beta parameters: [s1=1.00007, s2=0.831734]
  * Adjusted p-values: [emp=0.189055, beta=0.192171]

Processing phenotype [ENSG00000137955.11] [57/307]
  * #variants in cis = 2
  * Best hit: [id=1_internal_24909, d=287837, pv=0.657212, s=-0.0517]
  * Maximum Likelihood estimation failed, use Moment Matching instead!
  * Beta parameters: [s1=1.00001, s2=1.90121]
  * Adjusted p-values: [emp=0.845771, beta=0.868108]

Processing phenotype [ENSG00000206620.1] [58/307]
  * #variants in cis = 2
  * Best hit: [id=1_internal_24909, d=286959, pv=0.0927603, s=-0.1901]
  * Maximum Likelihood estimation failed, use Moment Matching instead!
  * Beta parameters: [s1=0.999975, s2=1.98774]
  * Adjusted p-values: [emp=0.159204, beta=0.165943]

Processing phenotype [ENSG00000207241.1] [59/307]
  * #variants in cis = 2
  * Best hit: [id=1_internal_17977, d=971805, pv=0.19746, s=-0.1403]
  * Maximum Likelihood estimation failed, use Moment Matching instead!
  * Beta parameters: [s1=0.999955, s2=1.90175]
  * Adjusted p-values: [emp=0.363184, beta=0.343943]

Processing phenotype [ENSG00000201487.1] [60/307]
  * #variants in cis = 2
  * Best hit: [id=1_internal_17977, d=970217, pv=0.747002, s=-0.0385]
  * Maximum Likelihood estimation failed, use Moment Matching instead!
  * Beta parameters: [s1=0.999919, s2=2.051]
  * Adjusted p-values: [emp=0.945274, beta=0.940052]

Processing phenotype [ENSG00000057468.6] [61/307]
  * #variants in cis = 2
  * Best hit: [id=1_internal_17977, d=962812, pv=0.217096, s=-0.1282]
  * Maximum Likelihood estimation failed, use Moment Matching instead!
  * Beta parameters: [s1=1.00007, s2=1.82163]
  * Adjusted p-values: [emp=0.323383, beta=0.350527]

Processing phenotype [ENSG00000184005.9] [62/307]
  * #variants in cis = 2
  * Best hit: [id=1_internal_24909, d=0, pv=3.2572e-15, s=0.6768]
  * Maximum Likelihood estimation failed, use Moment Matching instead!
  * Beta parameters: [s1=0.999957, s2=1.75928]
  * Adjusted p-values: [emp=0.00497512, beta=8.82089e-14]

Processing phenotype [ENSG00000226415.1] [63/307]
  * #variants in cis = 2
  * Best hit: [id=1_internal_17977, d=59905, pv=0.646496, s=0.0498]
  * Maximum Likelihood estimation failed, use Moment Matching instead!
  * Beta parameters: [s1=1.00002, s2=1.7678]
  * Adjusted p-values: [emp=0.860697, beta=0.8578]

Processing phenotype [ENSG00000117069.10] [64/307]
  * #variants in cis = 2
  * Best hit: [id=1_internal_17977, d=0, pv=0.0177867, s=0.2423]
  * Maximum Likelihood estimation failed, use Moment Matching instead!
  * Beta parameters: [s1=1.00005, s2=1.75394]
  * Adjusted p-values: [emp=0.0348259, beta=0.0312735]

Processing phenotype [ENSG00000230498.1] [65/307]
  * #variants in cis = 2
  * Best hit: [id=1_internal_17977, d=-173345, pv=0.396771, s=0.0848]
  * Maximum Likelihood estimation failed, use Moment Matching instead!
  * Beta parameters: [s1=1.00003, s2=2.0283]
  * Adjusted p-values: [emp=0.666667, beta=0.64133]

Processing phenotype [ENSG00000226084.4] [66/307]
  * #variants in cis = 2
  * Best hit: [id=1_internal_24909, d=-826400, pv=0.360593, s=-0.0935]
  * Maximum Likelihood estimation failed, use Moment Matching instead!
  * Beta parameters: [s1=1.00008, s2=2.35237]
  * Adjusted p-values: [emp=0.61194, beta=0.612199]

Processing phenotype [ENSG00000228187.1] [67/307]
  * #variants in cis = 2
  * Best hit: [id=1_internal_17977, d=-300250, pv=0.101312, s=-0.1588]
  * Maximum Likelihood estimation failed, use Moment Matching instead!
  * Beta parameters: [s1=0.999921, s2=1.95722]
  * Adjusted p-values: [emp=0.159204, beta=0.167715]

Processing phenotype [ENSG00000142892.10] [68/307]
  * #variants in cis = 2
  * Best hit: [id=1_internal_17977, d=324855, pv=0.407709, s=-0.0941]
  * Maximum Likelihood estimation failed, use Moment Matching instead!
  * Beta parameters: [s1=1.00004, s2=1.8649]
  * Adjusted p-values: [emp=0.597015, beta=0.606097]

Processing phenotype [ENSG00000154027.14] [69/307]
  * #variants in cis = 2
  * Best hit: [id=1_internal_24909, d=-979368, pv=0.226253, s=0.1378]
  * Maximum Likelihood estimation failed, use Moment Matching instead!
  * Beta parameters: [s1=0.999979, s2=2.18737]
  * Adjusted p-values: [emp=0.447761, beta=0.440519]

Processing phenotype [ENSG00000233099.1] [70/307]
  * #variants in cis = 1
  * Best hit: [id=1_internal_17977, d=455010, pv=0.595966, s=0.0565]
  * Maximum Likelihood estimation failed, use Moment Matching instead!
  * Beta parameters: [s1=0.999915, s2=0.972454]
  * Adjusted p-values: [emp=0.606965, beta=0.612501]

Processing phenotype [ENSG00000251767.1] [71/307]
  * #variants in cis = 1
  * Best hit: [id=1_internal_17977, d=-525750, pv=0.51672, s=0.0679]
  * Maximum Likelihood estimation failed, use Moment Matching instead!
  * Beta parameters: [s1=1.00006, s2=1.12698]
  * Adjusted p-values: [emp=0.532338, beta=0.550435]

Processing phenotype [ENSG00000251785.1] [72/307]
  * #variants in cis = 2
  * Best hit: [id=1_internal_17902, d=860682, pv=0.0974091, s=-0.1711]
  * Maximum Likelihood estimation failed, use Moment Matching instead!
  * Beta parameters: [s1=0.999924, s2=1.90799]
  * Adjusted p-values: [emp=0.228856, beta=0.21362]

Processing phenotype [ENSG00000243437.2] [73/307]
  * #variants in cis = 3
  * Best hit: [id=1_internal_17902, d=830227, pv=0.680226, s=-0.0413]
  * Maximum Likelihood estimation failed, use Moment Matching instead!
  * Beta parameters: [s1=0.999908, s2=2.59034]
  * Adjusted p-values: [emp=0.960199, beta=0.954215]

Processing phenotype [ENSG00000036549.8] [74/307]
  * #variants in cis = 3
  * Best hit: [id=1_internal_17977, d=788844, pv=0.0490345, s=0.2048]
  * Maximum Likelihood estimation failed, use Moment Matching instead!
  * Beta parameters: [s1=0.999978, s2=3.10369]
  * Adjusted p-values: [emp=0.189055, beta=0.197581]

Processing phenotype [ENSG00000077254.10] [75/307]
  * #variants in cis = 3
  * Best hit: [id=1_internal_17902, d=-715699, pv=0.212135, s=0.1373]
  * Maximum Likelihood estimation failed, use Moment Matching instead!
  * Beta parameters: [s1=0.999964, s2=2.86461]
  * Adjusted p-values: [emp=0.552239, beta=0.546458]

Processing phenotype [ENSG00000180488.8] [76/307]
  * #variants in cis = 3
  * Best hit: [id=1_internal_18043, d=839240, pv=0.267038, s=0.1221]
  * Maximum Likelihood estimation failed, use Moment Matching instead!
  * Beta parameters: [s1=1.00009, s2=3.02697]
  * Adjusted p-values: [emp=0.656716, beta=0.650478]

Processing phenotype [ENSG00000222849.1] [77/307]
  * #variants in cis = 3
  * Best hit: [id=1_internal_17977, d=-885329, pv=0.0310877, s=-0.2393]
  * Maximum Likelihood estimation failed, use Moment Matching instead!
  * Beta parameters: [s1=1.00011, s2=3.23629]
  * Adjusted p-values: [emp=0.079602, beta=0.0969793]

Processing phenotype [ENSG00000219201.3] [78/307]
  * #variants in cis = 3
  * Best hit: [id=1_internal_17977, d=917361, pv=0.0930999, s=0.1633]
  * Maximum Likelihood estimation failed, use Moment Matching instead!
  * Beta parameters: [s1=1.00001, s2=3.01457]
  * Adjusted p-values: [emp=0.253731, beta=0.216715]

Processing phenotype [ENSG00000235613.2] [79/307]
  * #variants in cis = 3
  * Best hit: [id=1_internal_18043, d=771754, pv=0.18316, s=-0.1493]
  * Maximum Likelihood estimation failed, use Moment Matching instead!
  * Beta parameters: [s1=0.999968, s2=2.77981]
  * Adjusted p-values: [emp=0.442786, beta=0.438328]

Processing phenotype [ENSG00000232015.1] [80/307]
  * #variants in cis = 3
  * Best hit: [id=1_internal_18043, d=765509, pv=0.385218, s=0.0924]
  * Maximum Likelihood estimation failed, use Moment Matching instead!
  * Beta parameters: [s1=0.999997, s2=2.74231]
  * Adjusted p-values: [emp=0.771144, beta=0.759152]

Processing phenotype [ENSG00000162614.13] [81/307]
  * #variants in cis = 3
  * Best hit: [id=1_internal_18043, d=730351, pv=0.119202, s=-0.1659]
  * Maximum Likelihood estimation failed, use Moment Matching instead!
  * Beta parameters: [s1=1.00005, s2=3.21283]
  * Adjusted p-values: [emp=0.238806, beta=0.263308]

Processing phenotype [ENSG00000235927.2] [82/307]
  * #variants in cis = 3
  * Best hit: [id=1_internal_17977, d=994964, pv=0.109946, s=-0.1497]
  * Maximum Likelihood estimation failed, use Moment Matching instead!
  * Beta parameters: [s1=1.00006, s2=3.10357]
  * Adjusted p-values: [emp=0.248756, beta=0.229733]

Processing phenotype [ENSG00000162613.12] [83/307]
  * #variants in cis = 2
  * Best hit: [id=1_internal_17902, d=-496442, pv=0.117931, s=0.1642]
  * Maximum Likelihood estimation failed, use Moment Matching instead!
  * Beta parameters: [s1=0.999955, s2=1.81806]
  * Adjusted p-values: [emp=0.233831, beta=0.228994]

Processing phenotype [ENSG00000162616.7] [84/307]
  * #variants in cis = 2
  * Best hit: [id=1_internal_18043, d=639690, pv=0.446509, s=0.0897]
  * Maximum Likelihood estimation failed, use Moment Matching instead!
  * Beta parameters: [s1=1.00002, s2=1.91686]
  * Adjusted p-values: [emp=0.661692, beta=0.667007]

Processing phenotype [ENSG00000137960.5] [85/307]
  * #variants in cis = 2
  * Best hit: [id=1_internal_18043, d=639323, pv=0.169959, s=0.1598]
  * Maximum Likelihood estimation failed, use Moment Matching instead!
  * Beta parameters: [s1=0.999964, s2=2.0104]
  * Adjusted p-values: [emp=0.283582, beta=0.267663]

Processing phenotype [ENSG00000137959.10] [86/307]
  * #variants in cis = 2
  * Best hit: [id=1_internal_18043, d=0, pv=1.27976e-08, s=0.5674]
  * Maximum Likelihood estimation failed, use Moment Matching instead!
  * Beta parameters: [s1=0.999988, s2=2.23446]
  * Adjusted p-values: [emp=0.00497512, beta=1.25109e-08]

Processing phenotype [ENSG00000137965.6] [87/307]
  * #variants in cis = 2
  * Best hit: [id=1_internal_18043, d=0, pv=6.03879e-09, s=0.5971]
  * Maximum Likelihood estimation failed, use Moment Matching instead!
  * Beta parameters: [s1=1.00007, s2=1.96442]
  * Adjusted p-values: [emp=0.00497512, beta=6.40997e-09]

Processing phenotype [ENSG00000229752.1] [88/307]
  * #variants in cis = 3
  * Best hit: [id=1_internal_17011, d=-308212, pv=0.201547, s=0.1267]
  * Maximum Likelihood estimation failed, use Moment Matching instead!
  * Beta parameters: [s1=0.999987, s2=3.07617]
  * Adjusted p-values: [emp=0.532338, beta=0.511082]

Processing phenotype [ENSG00000233008.1] [89/307]
  * #variants in cis = 0

Processing phenotype [ENSG00000137941.12] [90/307]
  * #variants in cis = 1
  * Best hit: [id=1_internal_23748, d=-988814, pv=0.793808, s=-0.0294]
  * Maximum Likelihood estimation failed, use Moment Matching instead!
  * Beta parameters: [s1=0.999961, s2=1.23817]
  * Adjusted p-values: [emp=0.840796, beta=0.842708]

Processing phenotype [ENSG00000142875.14] [91/307]
  * #variants in cis = 1
  * Best hit: [id=1_internal_23748, d=909902, pv=0.290776, s=0.1192]
  * Maximum Likelihood estimation failed, use Moment Matching instead!
  * Beta parameters: [s1=1.00007, s2=1.0305]
  * Adjusted p-values: [emp=0.258706, beta=0.273172]

Processing phenotype [ENSG00000213540.3] [92/307]
  * #variants in cis = 1
  * Best hit: [id=1_internal_23748, d=902223, pv=0.816917, s=-0.0241]
  * Maximum Likelihood estimation failed, use Moment Matching instead!
  * Beta parameters: [s1=0.999946, s2=1.14871]
  * Adjusted p-values: [emp=0.860697, beta=0.848694]

Processing phenotype [ENSG00000226970.2] [93/307]
  * #variants in cis = 1
  * Best hit: [id=1_internal_23748, d=743630, pv=0.408335, s=-0.0874]
  * Maximum Likelihood estimation failed, use Moment Matching instead!
  * Beta parameters: [s1=0.999977, s2=1.00088]
  * Adjusted p-values: [emp=0.40796, beta=0.427176]

Processing phenotype [ENSG00000203943.4] [94/307]
  * #variants in cis = 1
  * Best hit: [id=1_internal_23748, d=689598, pv=0.620526, s=-0.0541]
  * Maximum Likelihood estimation failed, use Moment Matching instead!
  * Beta parameters: [s1=1.00006, s2=0.988412]
  * Adjusted p-values: [emp=0.641791, beta=0.60678]

Processing phenotype [ENSG00000117133.6] [95/307]
  * #variants in cis = 1
  * Best hit: [id=1_internal_23748, d=508705, pv=0.851839, s=0.0223]
  * Maximum Likelihood estimation failed, use Moment Matching instead!
  * Beta parameters: [s1=0.999996, s2=0.995989]
  * Adjusted p-values: [emp=0.860697, beta=0.856718]

Processing phenotype [ENSG00000122432.11] [96/307]
  * #variants in cis = 1
  * Best hit: [id=1_internal_23748, d=481673, pv=0.600163, s=0.0571]
  * Maximum Likelihood estimation failed, use Moment Matching instead!
  * Beta parameters: [s1=1.00002, s2=0.955738]
  * Adjusted p-values: [emp=0.61194, beta=0.598384]

Processing phenotype [ENSG00000174021.6] [97/307]
  * #variants in cis = 1
  * Best hit: [id=1_internal_23748, d=-481399, pv=0.814994, s=-0.0279]
  * Maximum Likelihood estimation failed, use Moment Matching instead!
  * Beta parameters: [s1=1.00005, s2=1.19723]
  * Adjusted p-values: [emp=0.895522, beta=0.874435]

Processing phenotype [ENSG00000117151.7] [98/307]
  * #variants in cis = 1
  * Best hit: [id=1_internal_23748, d=-413484, pv=0.694475, s=0.0454]
  * Maximum Likelihood estimation failed, use Moment Matching instead!
  * Beta parameters: [s1=0.999946, s2=1.06531]
  * Adjusted p-values: [emp=0.701493, beta=0.695968]

Processing phenotype [ENSG00000117155.11] [99/307]
  * #variants in cis = 1
  * Best hit: [id=1_internal_23748, d=-297161, pv=0.330304, s=0.1077]
  * Maximum Likelihood estimation failed, use Moment Matching instead!
  * Beta parameters: [s1=0.999955, s2=0.990186]
  * Adjusted p-values: [emp=0.343284, beta=0.330004]

Processing phenotype [ENSG00000171517.5] [100/307]
  * #variants in cis = 1
  * Best hit: [id=1_internal_23748, d=-94751, pv=0.225511, s=0.1282]
  * Maximum Likelihood estimation failed, use Moment Matching instead!
  * Beta parameters: [s1=0.999955, s2=1.23426]
  * Adjusted p-values: [emp=0.19403, beta=0.221224]

Processing phenotype [ENSG00000153898.8] [101/307]
  * #variants in cis = 1
  * Best hit: [id=1_internal_23748, d=0, pv=0.0190239, s=0.2349]
  * Maximum Likelihood estimation failed, use Moment Matching instead!
  * Beta parameters: [s1=0.999974, s2=0.916192]
  * Adjusted p-values: [emp=0.039801, beta=0.0165941]

Processing phenotype [ENSG00000162643.8] [102/307]
  * #variants in cis = 1
  * Best hit: [id=1_internal_23748, d=0, pv=0.127787, s=0.1769]
  * Maximum Likelihood estimation failed, use Moment Matching instead!
  * Beta parameters: [s1=1.00008, s2=1.00671]
  * Adjusted p-values: [emp=0.144279, beta=0.142947]

Processing phenotype [ENSG00000055732.7] [103/307]
  * #variants in cis = 1
  * Best hit: [id=1_internal_23748, d=0, pv=0.137247, s=0.1632]
  * Maximum Likelihood estimation failed, use Moment Matching instead!
  * Beta parameters: [s1=0.999944, s2=1.06723]
  * Adjusted p-values: [emp=0.159204, beta=0.140431]

Processing phenotype [ENSG00000097096.8] [104/307]
  * #variants in cis = 1
  * Best hit: [id=1_internal_23748, d=138090, pv=0.823102, s=0.0260]
  * Maximum Likelihood estimation failed, use Moment Matching instead!
  * Beta parameters: [s1=0.999962, s2=1.04077]
  * Adjusted p-values: [emp=0.840796, beta=0.832051]

Processing phenotype [ENSG00000162642.9] [105/307]
  * #variants in cis = 1
  * Best hit: [id=1_internal_23748, d=196716, pv=0.790553, s=-0.0301]
  * Maximum Likelihood estimation failed, use Moment Matching instead!
  * Beta parameters: [s1=0.99994, s2=0.985912]
  * Adjusted p-values: [emp=0.810945, beta=0.779255]

Processing phenotype [ENSG00000223254.1] [106/307]
  * #variants in cis = 1
  * Best hit: [id=1_internal_23748, d=-201340, pv=0.538852, s=-0.0627]
  * Maximum Likelihood estimation failed, use Moment Matching instead!
  * Beta parameters: [s1=0.99994, s2=1.08111]
  * Adjusted p-values: [emp=0.557214, beta=0.56921]

Processing phenotype [ENSG00000142867.7] [107/307]
  * #variants in cis = 1
  * Best hit: [id=1_internal_23748, d=215132, pv=0.713982, s=0.0393]
  * Maximum Likelihood estimation failed, use Moment Matching instead!
  * Beta parameters: [s1=1.00002, s2=0.983423]
  * Adjusted p-values: [emp=0.701493, beta=0.701464]

Processing phenotype [ENSG00000142871.11] [108/307]
  * #variants in cis = 2
  * Best hit: [id=1_internal_23748, d=-517805, pv=0.478982, s=0.0746]
  * Maximum Likelihood estimation failed, use Moment Matching instead!
  * Beta parameters: [s1=1.00004, s2=1.82063]
  * Adjusted p-values: [emp=0.661692, beta=0.682195]

Processing phenotype [ENSG00000117174.6] [109/307]
  * #variants in cis = 2
  * Best hit: [id=1_internal_23748, d=645477, pv=0.45417, s=0.0823]
  * Maximum Likelihood estimation failed, use Moment Matching instead!
  * Beta parameters: [s1=0.999928, s2=2.01748]
  * Adjusted p-values: [emp=0.691542, beta=0.709831]

Processing phenotype [ENSG00000171502.10] [110/307]
  * #variants in cis = 3
  * Best hit: [id=1_internal_16097, d=-615580, pv=0.20516, s=0.1410]
  * Maximum Likelihood estimation failed, use Moment Matching instead!
  * Beta parameters: [s1=0.999929, s2=3.2146]
  * Adjusted p-values: [emp=0.422886, beta=0.424038]

Processing phenotype [ENSG00000122417.10] [111/307]
  * #variants in cis = 4
  * Best hit: [id=1_internal_24446, d=-902997, pv=0.0890982, s=0.1878]
  * Maximum Likelihood estimation failed, use Moment Matching instead!
  * Beta parameters: [s1=0.999983, s2=4.42172]
  * Adjusted p-values: [emp=0.343284, beta=0.326874]

Processing phenotype [ENSG00000153923.6] [112/307]
  * #variants in cis = 4
  * Best hit: [id=1_internal_16097, d=138250, pv=0.198611, s=-0.1365]
  * Maximum Likelihood estimation failed, use Moment Matching instead!
  * Beta parameters: [s1=0.999945, s2=3.97223]
  * Adjusted p-values: [emp=0.537313, beta=0.546696]

Processing phenotype [ENSG00000261737.1] [113/307]
  * #variants in cis = 4
  * Best hit: [id=1_internal_18408, d=364095, pv=0.226623, s=0.1315]
  * Maximum Likelihood estimation failed, use Moment Matching instead!
  * Beta parameters: [s1=1.00007, s2=4.12182]
  * Adjusted p-values: [emp=0.656716, beta=0.6552]

Processing phenotype [ENSG00000097033.9] [114/307]
  * #variants in cis = 4
  * Best hit: [id=1_internal_16097, d=67947, pv=0.0745481, s=0.1940]
  * Maximum Likelihood estimation failed, use Moment Matching instead!
  * Beta parameters: [s1=0.999935, s2=4.28599]
  * Adjusted p-values: [emp=0.273632, beta=0.259104]

Processing phenotype [ENSG00000183291.11] [115/307]
  * #variants in cis = 4
  * Best hit: [id=1_internal_18408, d=574057, pv=0.142596, s=0.1623]
  * Maximum Likelihood estimation failed, use Moment Matching instead!
  * Beta parameters: [s1=0.999943, s2=3.70481]
  * Adjusted p-values: [emp=0.472637, beta=0.469832]

Processing phenotype [ENSG00000153936.12] [116/307]
  * #variants in cis = 4
  * Best hit: [id=1_internal_24446, d=384691, pv=0.416387, s=0.0929]
  * Maximum Likelihood estimation failed, use Moment Matching instead!
  * Beta parameters: [s1=0.999935, s2=3.75821]
  * Adjusted p-values: [emp=0.880597, beta=0.865254]

Processing phenotype [ENSG00000267734.1] [117/307]
  * #variants in cis = 4
  * Best hit: [id=1_internal_24446, d=-364448, pv=0.137032, s=0.1496]
  * Maximum Likelihood estimation failed, use Moment Matching instead!
  * Beta parameters: [s1=0.999917, s2=4.89108]
  * Adjusted p-values: [emp=0.487562, beta=0.478832]

Processing phenotype [ENSG00000224198.1] [118/307]
  * #variants in cis = 4
  * Best hit: [id=1_internal_21321, d=145333, pv=0.149761, s=0.1522]
  * Maximum Likelihood estimation failed, use Moment Matching instead!
  * Beta parameters: [s1=0.99993, s2=5.31825]
  * Adjusted p-values: [emp=0.507463, beta=0.515455]

Processing phenotype [ENSG00000267561.1] [119/307]
  * #variants in cis = 4
  * Best hit: [id=1_internal_16097, d=-202548, pv=0.241297, s=0.1246]
  * Maximum Likelihood estimation failed, use Moment Matching instead!
  * Beta parameters: [s1=1.00007, s2=3.85676]
  * Adjusted p-values: [emp=0.666667, beta=0.663051]

Processing phenotype [ENSG00000235251.2] [120/307]
  * #variants in cis = 4
  * Best hit: [id=1_internal_18408, d=705504, pv=0.0354458, s=0.2293]
  * Maximum Likelihood estimation failed, use Moment Matching instead!
  * Beta parameters: [s1=0.999991, s2=3.56161]
  * Adjusted p-values: [emp=0.134328, beta=0.108078]

Processing phenotype [ENSG00000225568.1] [121/307]
  * #variants in cis = 4
  * Best hit: [id=1_internal_18408, d=-705508, pv=0.300899, s=0.1155]
  * Maximum Likelihood estimation failed, use Moment Matching instead!
  * Beta parameters: [s1=1.0001, s2=4.01734]
  * Adjusted p-values: [emp=0.771144, beta=0.743676]

Processing phenotype [ENSG00000267272.1] [122/307]
  * #variants in cis = 4
  * Best hit: [id=1_internal_18408, d=-789398, pv=0.401396, s=0.0814]
  * Maximum Likelihood estimation failed, use Moment Matching instead!
  * Beta parameters: [s1=0.999921, s2=3.64376]
  * Adjusted p-values: [emp=0.850746, beta=0.842866]

Processing phenotype [ENSG00000143013.7] [123/307]
  * #variants in cis = 4
  * Best hit: [id=1_internal_16097, d=-538007, pv=0.00140838, s=-0.3370]
  * Maximum Likelihood estimation failed, use Moment Matching instead!
  * Beta parameters: [s1=1.00007, s2=3.82983]
  * Adjusted p-values: [emp=0.00995025, beta=0.00557715]

Processing phenotype [ENSG00000065243.14] [124/307]
  * #variants in cis = 5
  * Best hit: [id=1_internal_19379, d=196894, pv=0.0701917, s=-0.1896]
  * Beta parameters: [s1=1.00282, s2=5.7615]
  * Adjusted p-values: [emp=0.273632, beta=0.276901]

Processing phenotype [ENSG00000237505.1] [125/307]
  * #variants in cis = 5
  * Best hit: [id=1_internal_19933, d=79587, pv=0.422809, s=-0.0764]
  * Maximum Likelihood estimation failed, use Moment Matching instead!
  * Beta parameters: [s1=1.00001, s2=4.94479]
  * Adjusted p-values: [emp=0.925373, beta=0.927723]

Processing phenotype [ENSG00000207234.1] [126/307]
  * #variants in cis = 5
  * Best hit: [id=1_internal_18932, d=203373, pv=0.29389, s=-0.1098]
  * Maximum Likelihood estimation failed, use Moment Matching instead!
  * Beta parameters: [s1=1.00006, s2=5.54987]
  * Adjusted p-values: [emp=0.791045, beta=0.802153]

Processing phenotype [ENSG00000241975.1] [127/307]
  * #variants in cis = 5
  * Best hit: [id=1_internal_25571, d=694310, pv=0.337394, s=-0.0954]
  * Maximum Likelihood estimation failed, use Moment Matching instead!
  * Beta parameters: [s1=1.00006, s2=4.81599]
  * Adjusted p-values: [emp=0.855721, beta=0.861263]

Processing phenotype [ENSG00000137947.7] [128/307]
  * #variants in cis = 5
  * Best hit: [id=1_internal_18862, d=186900, pv=0.607733, s=-0.0518]
  * Maximum Likelihood estimation failed, use Moment Matching instead!
  * Beta parameters: [s1=1.00002, s2=5.17644]
  * Adjusted p-values: [emp=0.995025, beta=0.990498]

Processing phenotype [ENSG00000235308.1] [129/307]
  * #variants in cis = 5
  * Best hit: [id=1_internal_25571, d=600042, pv=0.147357, s=-0.1659]
  * Maximum Likelihood estimation failed, use Moment Matching instead!
  * Beta parameters: [s1=1.00007, s2=5.23159]
  * Adjusted p-values: [emp=0.472637, beta=0.484081]

Processing phenotype [ENSG00000137944.12] [130/307]
  * #variants in cis = 5
  * Best hit: [id=1_internal_18932, d=-27199, pv=0.430797, s=-0.0907]
  * Maximum Likelihood estimation failed, use Moment Matching instead!
  * Beta parameters: [s1=1.00008, s2=4.72963]
  * Adjusted p-values: [emp=0.945274, beta=0.934549]

Processing phenotype [ENSG00000213516.5] [131/307]
  * #variants in cis = 5
  * Best hit: [id=1_internal_19933, d=387343, pv=0.0883354, s=0.1902]
  * Maximum Likelihood estimation failed, use Moment Matching instead!
  * Beta parameters: [s1=0.999949, s2=4.70924]
  * Adjusted p-values: [emp=0.328358, beta=0.340858]

Processing phenotype [ENSG00000202385.1] [132/307]
  * #variants in cis = 6
  * Best hit: [id=1_internal_18862, d=315321, pv=0.100912, s=-0.1787]
  * Beta parameters: [s1=1.03223, s2=6.38689]
  * Adjusted p-values: [emp=0.482587, beta=0.455277]

Processing phenotype [ENSG00000117226.7] [133/307]
  * #variants in cis = 6
  * Best hit: [id=1_internal_18932, d=0, pv=0.199122, s=0.1293]
  * Maximum Likelihood estimation failed, use Moment Matching instead!
  * Beta parameters: [s1=0.999959, s2=6.00733]
  * Adjusted p-values: [emp=0.686567, beta=0.696324]

Processing phenotype [ENSG00000117228.9] [134/307]
  * #variants in cis = 6
  * Best hit: [id=1_internal_18932, d=0, pv=0.000167554, s=0.3877]
  * Maximum Likelihood estimation failed, use Moment Matching instead!
  * Beta parameters: [s1=0.999901, s2=4.4393]
  * Adjusted p-values: [emp=0.00995025, beta=0.00171957]

Processing phenotype [ENSG00000234518.1] [135/307]
  * #variants in cis = 6
  * Best hit: [id=1_internal_18932, d=0, pv=0.0500964, s=0.2099]
  * Beta parameters: [s1=0.934186, s2=6.00256]
  * Adjusted p-values: [emp=0.263682, beta=0.253321]

Processing phenotype [ENSG00000162645.8] [136/307]
  * #variants in cis = 6
  * Best hit: [id=1_internal_18932, d=0, pv=2.21771e-05, s=0.4642]
  * Maximum Likelihood estimation failed, use Moment Matching instead!
  * Beta parameters: [s1=0.999969, s2=5.49739]
  * Adjusted p-values: [emp=0.00497512, beta=0.000247637]

Processing phenotype [ENSG00000213512.1] [137/307]
  * #variants in cis = 6
  * Best hit: [id=1_internal_25571, d=-347372, pv=0.0295995, s=-0.2296]
  * Beta parameters: [s1=0.980126, s2=5.64564]
  * Adjusted p-values: [emp=0.19403, beta=0.16957]

Processing phenotype [ENSG00000162654.8] [138/307]
  * #variants in cis = 6
  * Best hit: [id=1_internal_18932, d=0, pv=1.19191e-08, s=0.5791]
  * Maximum Likelihood estimation failed, use Moment Matching instead!
  * Beta parameters: [s1=0.999947, s2=5.0594]
  * Adjusted p-values: [emp=0.00497512, beta=2.73679e-08]

Processing phenotype [ENSG00000237568.1] [139/307]
  * #variants in cis = 6
  * Best hit: [id=1_internal_18932, d=0, pv=1.81244e-08, s=0.5732]
  * Maximum Likelihood estimation failed, use Moment Matching instead!
  * Beta parameters: [s1=0.999984, s2=4.73374]
  * Adjusted p-values: [emp=0.00497512, beta=6.24976e-08]

Processing phenotype [ENSG00000154451.10] [140/307]
  * #variants in cis = 6
  * Best hit: [id=1_internal_18932, d=0, pv=4.10614e-08, s=0.5753]
  * Beta parameters: [s1=0.982155, s2=5.6104]
  * Adjusted p-values: [emp=0.00497512, beta=8.41511e-08]

Processing phenotype [ENSG00000233235.1] [141/307]
  * #variants in cis = 6
  * Best hit: [id=1_internal_19379, d=-431745, pv=0.00304394, s=0.2559]
  * Beta parameters: [s1=0.883886, s2=5.80653]
  * Adjusted p-values: [emp=0.0298507, beta=0.0125232]

Processing phenotype [ENSG00000183347.12] [142/307]
  * #variants in cis = 6
  * Best hit: [id=1_internal_18932, d=-5121, pv=0.000384921, s=0.3481]
  * Beta parameters: [s1=0.969675, s2=6.07761]
  * Adjusted p-values: [emp=0.00497512, beta=0.00204377]

Processing phenotype [ENSG00000225492.2] [143/307]
  * #variants in cis = 6
  * Best hit: [id=1_internal_18932, d=-48742, pv=0.000163232, s=0.3925]
  * Maximum Likelihood estimation failed, use Moment Matching instead!
  * Beta parameters: [s1=1.00009, s2=5.19619]
  * Adjusted p-values: [emp=0.00497512, beta=0.00177941]

Processing phenotype [ENSG00000197147.7] [144/307]
  * #variants in cis = 6
  * Best hit: [id=1_internal_25571, d=0, pv=0.063425, s=0.2051]
  * Beta parameters: [s1=0.894141, s2=5.91143]
  * Adjusted p-values: [emp=0.318408, beta=0.284492]

Processing phenotype [ENSG00000251289.1] [145/307]
  * #variants in cis = 6
  * Best hit: [id=1_internal_18932, d=-225551, pv=0.182052, s=-0.1386]
  * Beta parameters: [s1=0.879968, s2=6.10271]
  * Adjusted p-values: [emp=0.676617, beta=0.689426]

Processing phenotype [ENSG00000230735.1] [146/307]
  * #variants in cis = 5
  * Best hit: [id=1_internal_18932, d=-270788, pv=0.00182857, s=0.2904]
  * Maximum Likelihood estimation failed, use Moment Matching instead!
  * Beta parameters: [s1=1.00004, s2=5.15581]
  * Adjusted p-values: [emp=0.0149254, beta=0.00626541]

Processing phenotype [ENSG00000231999.2] [147/307]
  * #variants in cis = 5
  * Best hit: [id=1_internal_18862, d=927726, pv=0.0951947, s=-0.1863]
  * Maximum Likelihood estimation failed, use Moment Matching instead!
  * Beta parameters: [s1=0.999977, s2=5.13403]
  * Adjusted p-values: [emp=0.303483, beta=0.301526]

Processing phenotype [ENSG00000171488.9] [148/307]
  * #variants in cis = 5
  * Best hit: [id=1_internal_25571, d=0, pv=0.00423105, s=0.3105]
  * Maximum Likelihood estimation failed, use Moment Matching instead!
  * Beta parameters: [s1=0.999896, s2=5.40478]
  * Adjusted p-values: [emp=0.0199005, beta=0.015923]

Processing phenotype [ENSG00000226394.2] [149/307]
  * #variants in cis = 5
  * Best hit: [id=1_internal_18862, d=956185, pv=0.0024634, s=0.3187]
  * Maximum Likelihood estimation failed, use Moment Matching instead!
  * Beta parameters: [s1=0.999966, s2=4.21527]
  * Adjusted p-values: [emp=0.00497512, beta=0.0205131]

Processing phenotype [ENSG00000231613.1] [150/307]
  * #variants in cis = 5
  * Best hit: [id=1_internal_25571, d=0, pv=0.0666545, s=0.1851]
  * Maximum Likelihood estimation failed, use Moment Matching instead!
  * Beta parameters: [s1=0.999913, s2=4.31217]
  * Adjusted p-values: [emp=0.233831, beta=0.258155]

Processing phenotype [ENSG00000171492.10] [151/307]
  * #variants in cis = 5
  * Best hit: [id=1_internal_25571, d=0, pv=0.078258, s=0.1994]
  * Maximum Likelihood estimation failed, use Moment Matching instead!
  * Beta parameters: [s1=1.00002, s2=4.8666]
  * Adjusted p-values: [emp=0.308458, beta=0.283464]

Processing phenotype [ENSG00000162664.11] [152/307]
  * #variants in cis = 4
  * Best hit: [id=1_internal_18932, d=-636175, pv=0.482911, s=-0.0747]
  * Maximum Likelihood estimation failed, use Moment Matching instead!
  * Beta parameters: [s1=1.00004, s2=3.48153]
  * Adjusted p-values: [emp=0.915423, beta=0.915175]

Processing phenotype [ENSG00000232236.1] [153/307]
  * #variants in cis = 4
  * Best hit: [id=1_internal_17186, d=0, pv=0.0490983, s=0.1851]
  * Maximum Likelihood estimation failed, use Moment Matching instead!
  * Beta parameters: [s1=1.0001, s2=3.99362]
  * Adjusted p-values: [emp=0.208955, beta=0.214296]

Processing phenotype [ENSG00000232882.1] [154/307]
  * #variants in cis = 5
  * Best hit: [id=1_internal_17186, d=884579, pv=0.509361, s=0.0689]
  * Maximum Likelihood estimation failed, use Moment Matching instead!
  * Beta parameters: [s1=0.999902, s2=4.75481]
  * Adjusted p-values: [emp=0.970149, beta=0.969719]

Processing phenotype [ENSG00000122482.16] [155/307]
  * #variants in cis = 4
  * Best hit: [id=1_internal_24316, d=-477665, pv=0.0231077, s=-0.2458]
  * Maximum Likelihood estimation failed, use Moment Matching instead!
  * Beta parameters: [s1=0.999918, s2=3.6651]
  * Adjusted p-values: [emp=0.0696517, beta=0.0630874]

Processing phenotype [ENSG00000097046.8] [156/307]
  * #variants in cis = 5
  * Best hit: [id=1_internal_24316, d=0, pv=0.00349973, s=0.3049]
  * Beta parameters: [s1=1.05485, s2=5.86015]
  * Adjusted p-values: [emp=0.0149254, beta=0.0154591]

Processing phenotype [ENSG00000229067.1] [157/307]
  * #variants in cis = 7
  * Best hit: [id=1_internal_17139, d=962383, pv=0.0105401, s=-0.2635]
  * Beta parameters: [s1=0.991188, s2=8.06192]
  * Adjusted p-values: [emp=0.0547264, beta=0.0451744]

Processing phenotype [ENSG00000239794.2] [158/307]
  * #variants in cis = 7
  * Best hit: [id=1_internal_18104, d=-898154, pv=0.0748706, s=-0.1782]
  * Beta parameters: [s1=1.136, s2=8.47998]
  * Adjusted p-values: [emp=0.447761, beta=0.435578]

Processing phenotype [ENSG00000069702.6] [159/307]
  * #variants in cis = 7
  * Best hit: [id=1_internal_24316, d=100351, pv=0.031454, s=0.2265]
  * Beta parameters: [s1=1.01043, s2=6.25562]
  * Adjusted p-values: [emp=0.208955, beta=0.187838]

Processing phenotype [ENSG00000230667.4] [160/307]
  * #variants in cis = 7
  * Best hit: [id=1_internal_18104, d=-652817, pv=0.0116413, s=0.2275]
  * Beta parameters: [s1=0.935313, s2=8.1846]
  * Adjusted p-values: [emp=0.0746269, beta=0.0737058]

Processing phenotype [ENSG00000189195.5] [161/307]
  * #variants in cis = 7
  * Best hit: [id=1_internal_17139, d=482249, pv=0.127254, s=0.1581]
  * Beta parameters: [s1=1.00001, s2=7.47014]
  * Adjusted p-values: [emp=0.606965, beta=0.620724]

Processing phenotype [ENSG00000224678.3] [162/307]
  * #variants in cis = 7
  * Best hit: [id=1_internal_17449, d=251055, pv=0.0338401, s=0.2296]
  * Beta parameters: [s1=1.03516, s2=8.92519]
  * Adjusted p-values: [emp=0.268657, beta=0.236509]

Processing phenotype [ENSG00000233401.1] [163/307]
  * #variants in cis = 7
  * Best hit: [id=1_internal_20670, d=389222, pv=0.148586, s=0.1500]
  * Beta parameters: [s1=0.906961, s2=7.31625]
  * Adjusted p-values: [emp=0.646766, beta=0.685251]

Processing phenotype [ENSG00000069712.9] [164/307]
  * #variants in cis = 7
  * Best hit: [id=1_internal_24316, d=-361001, pv=0.0616577, s=-0.2053]
  * Beta parameters: [s1=1.00072, s2=5.51099]
  * Adjusted p-values: [emp=0.363184, beta=0.366422]

Processing phenotype [ENSG00000203910.4] [165/307]
  * #variants in cis = 7
  * Best hit: [id=1_internal_17139, d=344614, pv=0.26283, s=0.1249]
  * Beta parameters: [s1=1.02051, s2=7.9066]
  * Adjusted p-values: [emp=0.905473, beta=0.899048]

Processing phenotype [ENSG00000122484.7] [166/307]
  * #variants in cis = 7
  * Best hit: [id=1_internal_18125, d=-201449, pv=0.0257961, s=0.2518]
  * Beta parameters: [s1=1.08761, s2=6.53411]
  * Adjusted p-values: [emp=0.164179, beta=0.169764]

Processing phenotype [ENSG00000174842.12] [167/307]
  * #variants in cis = 7
  * Best hit: [id=1_internal_17139, d=-263567, pv=0.219403, s=-0.1313]
  * Beta parameters: [s1=1.01603, s2=6.85035]
  * Adjusted p-values: [emp=0.825871, beta=0.821086]

Processing phenotype [ENSG00000261311.1] [168/307]
  * #variants in cis = 7
  * Best hit: [id=1_internal_18125, d=-301458, pv=0.130943, s=-0.1518]
  * Beta parameters: [s1=1.14729, s2=8.1257]
  * Adjusted p-values: [emp=0.606965, beta=0.609427]

Processing phenotype [ENSG00000162676.7] [169/307]
  * #variants in cis = 7
  * Best hit: [id=1_internal_24316, d=680892, pv=0.0315749, s=0.2263]
  * Beta parameters: [s1=1.04966, s2=7.17825]
  * Adjusted p-values: [emp=0.233831, beta=0.229162]

Processing phenotype [ENSG00000067208.9] [170/307]
  * #variants in cis = 8
  * Best hit: [id=1_internal_18125, d=694888, pv=0.0841117, s=0.1800]
  * Beta parameters: [s1=0.95616, s2=7.32844]
  * Adjusted p-values: [emp=0.497512, beta=0.49595]

Processing phenotype [ENSG00000122406.7] [171/307]
  * #variants in cis = 7
  * Best hit: [id=1_internal_20578, d=-944960, pv=0.0631888, s=-0.1812]
  * Beta parameters: [s1=1.01306, s2=6.66465]
  * Adjusted p-values: [emp=0.333333, beta=0.343328]

Processing phenotype [ENSG00000206680.1] [172/307]
  * #variants in cis = 7
  * Best hit: [id=1_internal_18125, d=-739773, pv=0.0382897, s=-0.2356]
  * Beta parameters: [s1=1.00292, s2=6.61825]
  * Adjusted p-values: [emp=0.273632, beta=0.257512]

Processing phenotype [ENSG00000251795.1] [173/307]
  * #variants in cis = 7
  * Best hit: [id=1_internal_20578, d=-950920, pv=0.343937, s=-0.0958]
  * Beta parameters: [s1=0.928374, s2=7.1322]
  * Adjusted p-values: [emp=0.920398, beta=0.936836]

Processing phenotype [ENSG00000207523.1] [174/307]
  * #variants in cis = 7
  * Best hit: [id=1_internal_18104, d=-53151, pv=0.0300183, s=-0.2296]
  * Beta parameters: [s1=0.950649, s2=7.88416]
  * Adjusted p-values: [emp=0.174129, beta=0.165609]

Processing phenotype [ENSG00000207022.1] [175/307]
  * #variants in cis = 7
  * Best hit: [id=1_internal_20250, d=703154, pv=0.0299429, s=0.2119]
  * Maximum Likelihood estimation failed, use Moment Matching instead!
  * Beta parameters: [s1=1.00003, s2=5.37326]
  * Adjusted p-values: [emp=0.228856, beta=0.208695]

Processing phenotype [ENSG00000229052.1] [176/307]
  * #variants in cis = 5
  * Best hit: [id=1_internal_20250, d=617868, pv=0.179992, s=-0.1408]
  * Maximum Likelihood estimation failed, use Moment Matching instead!
  * Beta parameters: [s1=1.00006, s2=4.55579]
  * Adjusted p-values: [emp=0.616915, beta=0.61848]

Processing phenotype [ENSG00000154511.7] [177/307]
  * #variants in cis = 7
  * Best hit: [id=1_internal_18104, d=173932, pv=0.163247, s=0.1470]
  * Beta parameters: [s1=1.01939, s2=6.70919]
  * Adjusted p-values: [emp=0.771144, beta=0.758067]

Processing phenotype [ENSG00000143033.12] [178/307]
  * #variants in cis = 7
  * Best hit: [id=1_internal_18104, d=-291667, pv=0.107332, s=-0.1833]
  * Beta parameters: [s1=0.945952, s2=7.31092]
  * Adjusted p-values: [emp=0.472637, beta=0.477734]

Processing phenotype [ENSG00000122483.13] [179/307]
  * #variants in cis = 6
  * Best hit: [id=1_internal_17139, d=-604005, pv=0.0917404, s=0.1899]
  * Maximum Likelihood estimation failed, use Moment Matching instead!
  * Beta parameters: [s1=0.99997, s2=5.34186]
  * Adjusted p-values: [emp=0.447761, beta=0.44844]

Processing phenotype [ENSG00000117500.8] [180/307]
  * #variants in cis = 6
  * Best hit: [id=1_internal_17100, d=-775748, pv=0.216082, s=-0.1368]
  * Maximum Likelihood estimation failed, use Moment Matching instead!
  * Beta parameters: [s1=1.00003, s2=5.5029]
  * Adjusted p-values: [emp=0.79602, beta=0.781349]

Processing phenotype [ENSG00000237003.1] [181/307]
  * #variants in cis = 6
  * Best hit: [id=1_internal_17139, d=615146, pv=0.294439, s=-0.1014]
  * Beta parameters: [s1=1.00958, s2=6.16796]
  * Adjusted p-values: [emp=0.895522, beta=0.880091]

Processing phenotype [ENSG00000229567.1] [182/307]
  * #variants in cis = 6
  * Best hit: [id=1_internal_17139, d=703215, pv=0.0256627, s=-0.2414]
  * Beta parameters: [s1=0.990579, s2=6.34373]
  * Adjusted p-values: [emp=0.119403, beta=0.12225]

Processing phenotype [ENSG00000117505.7] [183/307]
  * #variants in cis = 8
  * Best hit: [id=1_internal_20250, d=203325, pv=0.14729, s=-0.1610]
  * Beta parameters: [s1=0.959318, s2=7.47853]
  * Adjusted p-values: [emp=0.681592, beta=0.728142]

Processing phenotype [ENSG00000223745.1] [184/307]
  * #variants in cis = 8
  * Best hit: [id=1_internal_21329, d=-961965, pv=0.0193847, s=0.2485]
  * Beta parameters: [s1=0.969454, s2=7.62596]
  * Adjusted p-values: [emp=0.159204, beta=0.131845]

Processing phenotype [ENSG00000229635.1] [185/307]
  * #variants in cis = 8
  * Best hit: [id=1_internal_17100, d=-571478, pv=0.0957927, s=0.1539]
  * Beta parameters: [s1=1.02169, s2=9.52276]
  * Adjusted p-values: [emp=0.61194, beta=0.581544]

Processing phenotype [ENSG00000137942.11] [186/307]
  * #variants in cis = 9
  * Best hit: [id=1_internal_17100, d=508375, pv=0.0248733, s=0.2242]
  * Beta parameters: [s1=1.027, s2=8.35645]
  * Adjusted p-values: [emp=0.238806, beta=0.238409]

Processing phenotype [ENSG00000224093.1] [187/307]
  * #variants in cis = 7
  * Best hit: [id=1_internal_19457, d=746745, pv=0.00272934, s=0.2878]
  * Beta parameters: [s1=0.933482, s2=7.84675]
  * Adjusted p-values: [emp=0.0298507, beta=0.0188433]

Processing phenotype [ENSG00000230439.2] [188/307]
  * #variants in cis = 10
  * Best hit: [id=1_internal_18104, d=987875, pv=0.00544335, s=-0.2814]
  * Beta parameters: [s1=0.975979, s2=12.9429]
  * Adjusted p-values: [emp=0.0547264, beta=0.0447434]

Processing phenotype [ENSG00000211575.1] [189/307]
  * #variants in cis = 11
  * Best hit: [id=1_internal_22553, d=758918, pv=0.0393989, s=-0.2350]
  * Beta parameters: [s1=1.10407, s2=9.80884]
  * Adjusted p-values: [emp=0.393035, beta=0.376858]

Processing phenotype [ENSG00000137936.11] [190/307]
  * #variants in cis = 11
  * Best hit: [id=1_internal_21261, d=-563450, pv=0.189778, s=0.1273]
  * Beta parameters: [s1=1.02914, s2=12.857]
  * Adjusted p-values: [emp=0.930348, beta=0.922297]

Processing phenotype [ENSG00000260464.1] [191/307]
  * #variants in cis = 11
  * Best hit: [id=1_internal_21818, d=942670, pv=0.0285791, s=0.2322]
  * Beta parameters: [s1=1.04321, s2=10.072]
  * Adjusted p-values: [emp=0.268657, beta=0.282307]

Processing phenotype [ENSG00000067334.8] [192/307]
  * #variants in cis = 11
  * Best hit: [id=1_internal_17100, d=-76559, pv=0.0253921, s=0.2317]
  * Beta parameters: [s1=1.04281, s2=9.83823]
  * Adjusted p-values: [emp=0.278607, beta=0.259029]

Processing phenotype [ENSG00000023909.5] [193/307]
  * #variants in cis = 11
  * Best hit: [id=1_internal_16141, d=-46959, pv=0.0187106, s=0.2529]
  * Beta parameters: [s1=0.916233, s2=9.73301]
  * Adjusted p-values: [emp=0.20398, beta=0.211489]

Processing phenotype [ENSG00000234099.1] [194/307]
  * #variants in cis = 11
  * Best hit: [id=1_internal_15769, d=-859225, pv=0.0493487, s=0.2126]
  * Beta parameters: [s1=1.00979, s2=12.0127]
  * Adjusted p-values: [emp=0.402985, beta=0.389455]

Processing phenotype [ENSG00000117528.7] [195/307]
  * #variants in cis = 12
  * Best hit: [id=1_internal_17417, d=207555, pv=0.0855521, s=-0.1961]
  * Beta parameters: [s1=1.07443, s2=10.2322]
  * Adjusted p-values: [emp=0.691542, beta=0.654687]

Processing phenotype [ENSG00000117519.11] [196/307]
  * #variants in cis = 11
  * Best hit: [id=1_internal_18786, d=170463, pv=0.000258622, s=0.3647]
  * Beta parameters: [s1=0.827393, s2=12.0053]
  * Adjusted p-values: [emp=0.00497512, beta=0.0027341]

Processing phenotype [ENSG00000235501.1] [197/307]
  * #variants in cis = 11
  * Best hit: [id=1_internal_17100, d=-623016, pv=0.0103119, s=-0.2669]
  * Beta parameters: [s1=1.13256, s2=11.7049]
  * Adjusted p-values: [emp=0.109453, beta=0.119857]

Processing phenotype [ENSG00000250094.1] [198/307]
  * #variants in cis = 10
  * Best hit: [id=1_internal_21329, d=691001, pv=0.123425, s=0.1858]
  * Beta parameters: [s1=1.0846, s2=9.35235]
  * Adjusted p-values: [emp=0.731343, beta=0.736054]

Processing phenotype [ENSG00000230427.1] [199/307]
  * #variants in cis = 10
  * Best hit: [id=1_internal_21818, d=-254076, pv=0.0576438, s=0.1888]
  * Beta parameters: [s1=0.908494, s2=9.64622]
  * Adjusted p-values: [emp=0.447761, beta=0.453086]

Processing phenotype [ENSG00000172339.7] [200/307]
  * #variants in cis = 10
  * Best hit: [id=1_internal_17417, d=438835, pv=0.0378482, s=-0.2329]
  * Beta parameters: [s1=1.11259, s2=8.72063]
  * Adjusted p-values: [emp=0.323383, beta=0.308729]

Processing phenotype [ENSG00000152078.5] [201/307]
  * #variants in cis = 10
  * Best hit: [id=1_internal_21329, d=-781136, pv=0.11353, s=-0.1715]
  * Beta parameters: [s1=0.913841, s2=10.0652]
  * Adjusted p-values: [emp=0.696517, beta=0.736938]

Processing phenotype [ENSG00000122481.12] [202/307]
  * #variants in cis = 10
  * Best hit: [id=1_internal_21329, d=-897953, pv=0.172024, s=-0.1634]
  * Beta parameters: [s1=0.988283, s2=9.50741]
  * Adjusted p-values: [emp=0.820896, beta=0.83912]

Processing phenotype [ENSG00000228852.2] [203/307]
  * #variants in cis = 10
  * Best hit: [id=1_internal_21818, d=456534, pv=0.0227307, s=-0.2178]
  * Beta parameters: [s1=0.96174, s2=10.2149]
  * Adjusted p-values: [emp=0.189055, beta=0.195799]

Processing phenotype [ENSG00000228502.1] [204/307]
  * #variants in cis = 2
  * Best hit: [id=1_internal_17483, d=0, pv=0.0459992, s=0.2115]
  * Maximum Likelihood estimation failed, use Moment Matching instead!
  * Beta parameters: [s1=0.99996, s2=2.27209]
  * Adjusted p-values: [emp=0.139303, beta=0.123719]

Processing phenotype [ENSG00000137970.7] [205/307]
  * #variants in cis = 2
  * Best hit: [id=1_internal_25824, d=-3469, pv=0.574458, s=0.0650]
  * Maximum Likelihood estimation failed, use Moment Matching instead!
  * Beta parameters: [s1=0.999906, s2=1.72806]
  * Adjusted p-values: [emp=0.80597, beta=0.795709]

Processing phenotype [ENSG00000117569.13] [206/307]
  * #variants in cis = 2
  * Best hit: [id=1_internal_25824, d=0, pv=1.98724e-06, s=0.5077]
  * Maximum Likelihood estimation failed, use Moment Matching instead!
  * Beta parameters: [s1=1, s2=2.43656]
  * Adjusted p-values: [emp=0.00497512, beta=7.33285e-07]

Processing phenotype [ENSG00000232878.1] [207/307]
  * #variants in cis = 2
  * Best hit: [id=1_internal_25824, d=-347389, pv=0.580551, s=0.0553]
  * Maximum Likelihood estimation failed, use Moment Matching instead!
  * Beta parameters: [s1=1, s2=2.27683]
  * Adjusted p-values: [emp=0.835821, beta=0.834025]

Processing phenotype [ENSG00000232542.1] [208/307]
  * #variants in cis = 3
  * Best hit: [id=1_internal_22215, d=-872939, pv=0.0834053, s=-0.1982]
  * Maximum Likelihood estimation failed, use Moment Matching instead!
  * Beta parameters: [s1=0.999935, s2=2.79584]
  * Adjusted p-values: [emp=0.189055, beta=0.186918]

Processing phenotype [ENSG00000228057.1] [209/307]
  * #variants in cis = 3
  * Best hit: [id=1_internal_25824, d=-797167, pv=0.561031, s=-0.0677]
  * Maximum Likelihood estimation failed, use Moment Matching instead!
  * Beta parameters: [s1=0.999925, s2=2.85303]
  * Adjusted p-values: [emp=0.930348, beta=0.917055]

Processing phenotype [ENSG00000226128.1] [210/307]
  * #variants in cis = 2
  * Best hit: [id=1_internal_22215, d=707218, pv=0.137608, s=-0.1435]
  * Maximum Likelihood estimation failed, use Moment Matching instead!
  * Beta parameters: [s1=1.00001, s2=1.84555]
  * Adjusted p-values: [emp=0.208955, beta=0.248973]

Processing phenotype [ENSG00000230718.1] [211/307]
  * #variants in cis = 1
  * Best hit: [id=1_internal_22215, d=518411, pv=0.754353, s=0.0302]
  * Maximum Likelihood estimation failed, use Moment Matching instead!
  * Beta parameters: [s1=0.999951, s2=0.986327]
  * Adjusted p-values: [emp=0.776119, beta=0.755143]

Processing phenotype [ENSG00000235777.1] [212/307]
  * #variants in cis = 1
  * Best hit: [id=1_internal_22215, d=496159, pv=0.216802, s=0.1285]
  * Maximum Likelihood estimation failed, use Moment Matching instead!
  * Beta parameters: [s1=0.999954, s2=0.982004]
  * Adjusted p-values: [emp=0.189055, beta=0.174864]

Processing phenotype [ENSG00000188641.8] [213/307]
  * #variants in cis = 2
  * Best hit: [id=1_internal_17855, d=-948193, pv=0.355072, s=-0.1026]
  * Maximum Likelihood estimation failed, use Moment Matching instead!
  * Beta parameters: [s1=1.00001, s2=1.92052]
  * Adjusted p-values: [emp=0.59204, beta=0.577801]

Processing phenotype [ENSG00000156869.7] [214/307]
  * #variants in cis = 3
  * Best hit: [id=1_internal_17855, d=883776, pv=0.662788, s=0.0498]
  * Maximum Likelihood estimation failed, use Moment Matching instead!
  * Beta parameters: [s1=1.0001, s2=2.72527]
  * Adjusted p-values: [emp=0.955224, beta=0.953245]

Processing phenotype [ENSG00000162688.11] [215/307]
  * #variants in cis = 3
  * Best hit: [id=1_internal_18906, d=664791, pv=0.421954, s=0.0892]
  * Maximum Likelihood estimation failed, use Moment Matching instead!
  * Beta parameters: [s1=0.999958, s2=3.88107]
  * Adjusted p-values: [emp=0.79602, beta=0.813601]

Processing phenotype [ENSG00000117620.7] [216/307]
  * #variants in cis = 3
  * Best hit: [id=1_internal_18729, d=978576, pv=0.738142, s=-0.0399]
  * Maximum Likelihood estimation failed, use Moment Matching instead!
  * Beta parameters: [s1=1.0001, s2=2.64164]
  * Adjusted p-values: [emp=0.970149, beta=0.976933]

Processing phenotype [ENSG00000228084.1] [217/307]
  * #variants in cis = 3
  * Best hit: [id=1_internal_18729, d=-978501, pv=0.576136, s=0.0627]
  * Maximum Likelihood estimation failed, use Moment Matching instead!
  * Beta parameters: [s1=1.00009, s2=3.11148]
  * Adjusted p-values: [emp=0.940299, beta=0.937306]

Processing phenotype [ENSG00000212248.1] [218/307]
  * #variants in cis = 3
  * Best hit: [id=1_internal_18906, d=535936, pv=0.289463, s=-0.1215]
  * Maximum Likelihood estimation failed, use Moment Matching instead!
  * Beta parameters: [s1=0.999989, s2=2.97818]
  * Adjusted p-values: [emp=0.626866, beta=0.6202]

Processing phenotype [ENSG00000202259.1] [219/307]
  * #variants in cis = 4
  * Best hit: [id=1_internal_18729, d=-947626, pv=0.0485907, s=0.1941]
  * Maximum Likelihood estimation failed, use Moment Matching instead!
  * Beta parameters: [s1=1.00003, s2=4.30847]
  * Adjusted p-values: [emp=0.134328, beta=0.122887]

Processing phenotype [ENSG00000261254.1] [220/307]
  * #variants in cis = 4
  * Best hit: [id=1_internal_19585, d=964092, pv=0.184106, s=-0.1509]
  * Maximum Likelihood estimation failed, use Moment Matching instead!
  * Beta parameters: [s1=0.999982, s2=3.74294]
  * Adjusted p-values: [emp=0.552239, beta=0.56109]

Processing phenotype [ENSG00000156875.9] [221/307]
  * #variants in cis = 4
  * Best hit: [id=1_internal_19585, d=956561, pv=0.408175, s=0.0918]
  * Maximum Likelihood estimation failed, use Moment Matching instead!
  * Beta parameters: [s1=0.999944, s2=3.47799]
  * Adjusted p-values: [emp=0.855721, beta=0.863291]

Processing phenotype [ENSG00000241073.1] [222/307]
  * #variants in cis = 4
  * Best hit: [id=1_internal_18906, d=-430404, pv=0.0330686, s=0.2263]
  * Maximum Likelihood estimation failed, use Moment Matching instead!
  * Beta parameters: [s1=0.999854, s2=3.37335]
  * Adjusted p-values: [emp=0.159204, beta=0.179767]

Processing phenotype [ENSG00000226952.1] [223/307]
  * #variants in cis = 4
  * Best hit: [id=1_internal_18311, d=286331, pv=0.326571, s=0.1043]
  * Maximum Likelihood estimation failed, use Moment Matching instead!
  * Beta parameters: [s1=0.99992, s2=3.16689]
  * Adjusted p-values: [emp=0.736318, beta=0.746023]

Processing phenotype [ENSG00000156876.8] [224/307]
  * #variants in cis = 4
  * Best hit: [id=1_internal_18729, d=-815410, pv=0.103183, s=-0.1783]
  * Maximum Likelihood estimation failed, use Moment Matching instead!
  * Beta parameters: [s1=1.00003, s2=3.56311]
  * Adjusted p-values: [emp=0.368159, beta=0.401258]

Processing phenotype [ENSG00000122435.5] [225/307]
  * #variants in cis = 4
  * Best hit: [id=1_internal_18729, d=815215, pv=0.155181, s=-0.1539]
  * Maximum Likelihood estimation failed, use Moment Matching instead!
  * Beta parameters: [s1=0.999981, s2=3.69896]
  * Adjusted p-values: [emp=0.467662, beta=0.471845]

Processing phenotype [ENSG00000122477.8] [226/307]
  * #variants in cis = 4
  * Best hit: [id=1_internal_18311, d=-207355, pv=0.150474, s=0.1594]
  * Maximum Likelihood estimation failed, use Moment Matching instead!
  * Beta parameters: [s1=0.999977, s2=4.46511]
  * Adjusted p-values: [emp=0.502488, beta=0.504612]

Processing phenotype [ENSG00000225169.1] [227/307]
  * #variants in cis = 4
  * Best hit: [id=1_internal_18729, d=735072, pv=0.0404017, s=0.2038]
  * Maximum Likelihood estimation failed, use Moment Matching instead!
  * Beta parameters: [s1=1.0001, s2=3.55333]
  * Adjusted p-values: [emp=0.159204, beta=0.153706]

Processing phenotype [ENSG00000230287.2] [228/307]
  * #variants in cis = 4
  * Best hit: [id=1_internal_18729, d=699275, pv=0.0638578, s=0.1891]
  * Maximum Likelihood estimation failed, use Moment Matching instead!
  * Beta parameters: [s1=1.00008, s2=3.71157]
  * Adjusted p-values: [emp=0.278607, beta=0.282874]

Processing phenotype [ENSG00000137992.9] [229/307]
  * #variants in cis = 4
  * Best hit: [id=1_internal_18311, d=-135736, pv=0.225833, s=-0.1382]
  * Maximum Likelihood estimation failed, use Moment Matching instead!
  * Beta parameters: [s1=0.999981, s2=3.51079]
  * Adjusted p-values: [emp=0.621891, beta=0.646609]

Processing phenotype [ENSG00000224616.1] [230/307]
  * #variants in cis = 4
  * Best hit: [id=1_internal_18311, d=-119450, pv=0.0647088, s=-0.1930]
  * Maximum Likelihood estimation failed, use Moment Matching instead!
  * Beta parameters: [s1=0.999919, s2=3.86273]
  * Adjusted p-values: [emp=0.288557, beta=0.24783]

Processing phenotype [ENSG00000137996.8] [231/307]
  * #variants in cis = 4
  * Best hit: [id=1_internal_18729, d=682158, pv=0.116932, s=0.1719]
  * Maximum Likelihood estimation failed, use Moment Matching instead!
  * Beta parameters: [s1=1.00009, s2=3.83298]
  * Adjusted p-values: [emp=0.38806, beta=0.390376]

Processing phenotype [ENSG00000207750.1] [232/307]
  * #variants in cis = 4
  * Best hit: [id=1_internal_18729, d=667124, pv=0.468332, s=-0.0711]
  * Maximum Likelihood estimation failed, use Moment Matching instead!
  * Beta parameters: [s1=1.00004, s2=3.76333]
  * Adjusted p-values: [emp=0.930348, beta=0.922055]

Processing phenotype [ENSG00000079335.13] [233/307]
  * #variants in cis = 4
  * Best hit: [id=1_internal_18311, d=40542, pv=0.000176458, s=0.3970]
  * Maximum Likelihood estimation failed, use Moment Matching instead!
  * Beta parameters: [s1=0.999974, s2=4.81052]
  * Adjusted p-values: [emp=0.00497512, beta=0.000320652]

Processing phenotype [ENSG00000234332.1] [234/307]
  * #variants in cis = 4
  * Best hit: [id=1_internal_18311, d=0, pv=0.0105008, s=0.2760]
  * Maximum Likelihood estimation failed, use Moment Matching instead!
  * Beta parameters: [s1=1.00005, s2=4.20736]
  * Adjusted p-values: [emp=0.0746269, beta=0.0474713]

Processing phenotype [ENSG00000228086.1] [235/307]
  * #variants in cis = 4
  * Best hit: [id=1_internal_18311, d=59616, pv=0.000162239, s=0.4213]
  * Maximum Likelihood estimation failed, use Moment Matching instead!
  * Beta parameters: [s1=0.999957, s2=3.69838]
  * Adjusted p-values: [emp=0.00497512, beta=0.00080054]

Processing phenotype [ENSG00000162694.9] [236/307]
  * #variants in cis = 4
  * Best hit: [id=1_internal_19585, d=-98660, pv=0.0670417, s=-0.2168]
  * Maximum Likelihood estimation failed, use Moment Matching instead!
  * Beta parameters: [s1=0.99995, s2=4.33075]
  * Adjusted p-values: [emp=0.268657, beta=0.230047]

Processing phenotype [ENSG00000162695.6] [237/307]
  * #variants in cis = 4
  * Best hit: [id=1_internal_19585, d=98582, pv=0.0879496, s=0.1918]
  * Maximum Likelihood estimation failed, use Moment Matching instead!
  * Beta parameters: [s1=1.00007, s2=4.82957]
  * Adjusted p-values: [emp=0.323383, beta=0.309806]

Processing phenotype [ENSG00000230946.3] [238/307]
  * #variants in cis = 4
  * Best hit: [id=1_internal_18311, d=515614, pv=0.153885, s=-0.1534]
  * Maximum Likelihood estimation failed, use Moment Matching instead!
  * Beta parameters: [s1=0.999916, s2=4.19863]
  * Adjusted p-values: [emp=0.477612, beta=0.479256]

Processing phenotype [ENSG00000269175.1] [239/307]
  * #variants in cis = 4
  * Best hit: [id=1_internal_18311, d=-563824, pv=0.114984, s=-0.1620]
  * Maximum Likelihood estimation failed, use Moment Matching instead!
  * Beta parameters: [s1=1.00001, s2=3.98894]
  * Adjusted p-values: [emp=0.437811, beta=0.430406]

Processing phenotype [ENSG00000235795.1] [240/307]
  * #variants in cis = 4
  * Best hit: [id=1_internal_18311, d=-569092, pv=0.100398, s=-0.1812]
  * Maximum Likelihood estimation failed, use Moment Matching instead!
  * Beta parameters: [s1=0.999917, s2=4.1224]
  * Adjusted p-values: [emp=0.293532, beta=0.292397]

Processing phenotype [ENSG00000233184.1] [241/307]
  * #variants in cis = 4
  * Best hit: [id=1_internal_19585, d=0, pv=0.0273883, s=0.2333]
  * Maximum Likelihood estimation failed, use Moment Matching instead!
  * Beta parameters: [s1=1.0001, s2=4.88746]
  * Adjusted p-values: [emp=0.104478, beta=0.0891778]

Processing phenotype [ENSG00000117543.14] [242/307]
  * #variants in cis = 4
  * Best hit: [id=1_internal_18906, d=501211, pv=0.118707, s=-0.1669]
  * Maximum Likelihood estimation failed, use Moment Matching instead!
  * Beta parameters: [s1=1.00004, s2=5.28067]
  * Adjusted p-values: [emp=0.373134, beta=0.38047]

Processing phenotype [ENSG00000225938.1] [243/307]
  * #variants in cis = 4
  * Best hit: [id=1_internal_18729, d=266626, pv=0.0514749, s=0.2307]
  * Maximum Likelihood estimation failed, use Moment Matching instead!
  * Beta parameters: [s1=0.999991, s2=4.00144]
  * Adjusted p-values: [emp=0.169154, beta=0.167525]

Processing phenotype [ENSG00000170989.8] [244/307]
  * #variants in cis = 4
  * Best hit: [id=1_internal_19585, d=-209827, pv=0.103049, s=0.1875]
  * Maximum Likelihood estimation failed, use Moment Matching instead!
  * Beta parameters: [s1=1.00004, s2=4.08282]
  * Adjusted p-values: [emp=0.383085, beta=0.382929]

Processing phenotype [ENSG00000260940.1] [245/307]
  * #variants in cis = 4
  * Best hit: [id=1_internal_19585, d=-216097, pv=0.218335, s=-0.1515]
  * Maximum Likelihood estimation failed, use Moment Matching instead!
  * Beta parameters: [s1=0.999995, s2=3.39821]
  * Adjusted p-values: [emp=0.681592, beta=0.645528]

Processing phenotype [ENSG00000228399.1] [246/307]
  * #variants in cis = 4
  * Best hit: [id=1_internal_18311, d=-829893, pv=0.567208, s=0.0509]
  * Maximum Likelihood estimation failed, use Moment Matching instead!
  * Beta parameters: [s1=1.00006, s2=3.8415]
  * Adjusted p-values: [emp=0.950249, beta=0.959863]

Processing phenotype [ENSG00000183298.4] [247/307]
  * #variants in cis = 2
  * Best hit: [id=1_internal_19585, d=761442, pv=0.59892, s=0.0522]
  * Maximum Likelihood estimation failed, use Moment Matching instead!
  * Beta parameters: [s1=1.00004, s2=1.93973]
  * Adjusted p-values: [emp=0.870647, beta=0.861194]

Processing phenotype [ENSG00000185946.10] [248/307]
  * #variants in cis = 0

Processing phenotype [ENSG00000240038.2] [249/307]
  * #variants in cis = 0

Processing phenotype [ENSG00000236085.1] [250/307]
  * #variants in cis = 0

Processing phenotype [ENSG00000232952.1] [251/307]
  * #variants in cis = 0

Processing phenotype [ENSG00000198890.5] [252/307]
  * #variants in cis = 2
  * Best hit: [id=1_internal_17616, d=850880, pv=0.388184, s=0.0926]
  * Maximum Likelihood estimation failed, use Moment Matching instead!
  * Beta parameters: [s1=0.999958, s2=2.46758]
  * Adjusted p-values: [emp=0.61194, beta=0.626637]

Processing phenotype [ENSG00000224550.1] [253/307]
  * #variants in cis = 3
  * Best hit: [id=1_internal_17616, d=402322, pv=0.0479546, s=-0.2052]
  * Maximum Likelihood estimation failed, use Moment Matching instead!
  * Beta parameters: [s1=1.00003, s2=2.24304]
  * Adjusted p-values: [emp=0.208955, beta=0.190648]

Processing phenotype [ENSG00000134215.11] [254/307]
  * #variants in cis = 4
  * Best hit: [id=1_internal_25154, d=-75989, pv=0.000175276, s=0.3864]
  * Maximum Likelihood estimation failed, use Moment Matching instead!
  * Beta parameters: [s1=1.00001, s2=3.75743]
  * Adjusted p-values: [emp=0.00497512, beta=0.000455463]

Processing phenotype [ENSG00000260879.1] [255/307]
  * #variants in cis = 8
  * Best hit: [id=1_internal_26135, d=0, pv=0.000100577, s=0.4242]
  * Beta parameters: [s1=1.02938, s2=7.17715]
  * Adjusted p-values: [emp=0.00497512, beta=0.000725478]

Processing phenotype [ENSG00000085491.11] [256/307]
  * #variants in cis = 8
  * Best hit: [id=1_internal_26135, d=0, pv=7.06106e-05, s=0.4439]
  * Beta parameters: [s1=0.793738, s2=10.7905]
  * Adjusted p-values: [emp=0.00497512, beta=0.000330733]

Processing phenotype [ENSG00000162636.11] [257/307]
  * #variants in cis = 12
  * Best hit: [id=1_internal_19934, d=82299, pv=0.152882, s=0.1456]
  * Beta parameters: [s1=0.949425, s2=13.1246]
  * Adjusted p-values: [emp=0.855721, beta=0.849806]

Processing phenotype [ENSG00000162639.11] [258/307]
  * #variants in cis = 16
  * Best hit: [id=1_internal_19934, d=0, pv=0.000208677, s=0.3705]
  * Beta parameters: [s1=0.953487, s2=15.5426]
  * Adjusted p-values: [emp=0.00995025, beta=0.00521932]

Processing phenotype [ENSG00000134186.7] [259/307]
  * #variants in cis = 16
  * Best hit: [id=1_internal_19934, d=-29366, pv=0.0118973, s=0.2507]
  * Beta parameters: [s1=1.02529, s2=12.5838]
  * Adjusted p-values: [emp=0.223881, beta=0.222135]

Processing phenotype [ENSG00000143107.4] [260/307]
  * #variants in cis = 16
  * Best hit: [id=1_internal_17759, d=890062, pv=0.179107, s=-0.1336]
  * Beta parameters: [s1=0.983312, s2=15.0893]
  * Adjusted p-values: [emp=0.935323, beta=0.940767]

Processing phenotype [ENSG00000116266.6] [261/307]
  * #variants in cis = 16
  * Best hit: [id=1_internal_18581, d=543695, pv=0.00824122, s=0.2758]
  * Beta parameters: [s1=0.91376, s2=19.0242]
  * Adjusted p-values: [emp=0.114428, beta=0.107668]

Processing phenotype [ENSG00000228076.2] [262/307]
  * #variants in cis = 16
  * Best hit: [id=1_internal_19485, d=-307001, pv=0.113024, s=0.1661]
  * Beta parameters: [s1=0.940289, s2=15.9184]
  * Adjusted p-values: [emp=0.855721, beta=0.850291]

Processing phenotype [ENSG00000121957.7] [263/307]
  * #variants in cis = 18
  * Best hit: [id=1_internal_26135, d=-673474, pv=0.0410863, s=0.1901]
  * Beta parameters: [s1=1.05333, s2=23.5022]
  * Adjusted p-values: [emp=0.537313, beta=0.519371]

Processing phenotype [ENSG00000162641.13] [264/307]
  * #variants in cis = 17
  * Best hit: [id=1_internal_21202, d=-315798, pv=0.000402678, s=0.3721]
  * Beta parameters: [s1=0.975025, s2=20.7281]
  * Adjusted p-values: [emp=0.00497512, beta=0.00358662]

Processing phenotype [ENSG00000121940.11] [265/307]
  * #variants in cis = 17
  * Best hit: [id=1_internal_18881, d=-670532, pv=0.0325669, s=-0.2205]
  * Beta parameters: [s1=0.986624, s2=16.7859]
  * Adjusted p-values: [emp=0.383085, beta=0.392457]

Processing phenotype [ENSG00000244716.2] [266/307]
  * #variants in cis = 17
  * Best hit: [id=1_internal_17498, d=281075, pv=0.0817938, s=-0.1617]
  * Beta parameters: [s1=1.01108, s2=29.3105]
  * Adjusted p-values: [emp=0.766169, beta=0.790579]

Processing phenotype [ENSG00000228665.2] [267/307]
  * #variants in cis = 17
  * Best hit: [id=1_internal_25154, d=-945946, pv=0.137571, s=0.1540]
  * Beta parameters: [s1=1.09771, s2=15.0707]
  * Adjusted p-values: [emp=0.910448, beta=0.902167]

Processing phenotype [ENSG00000085433.11] [268/307]
  * #variants in cis = 17
  * Best hit: [id=1_internal_17926, d=0, pv=0.0468061, s=0.1963]
  * Beta parameters: [s1=0.924788, s2=15.3237]
  * Adjusted p-values: [emp=0.477612, beta=0.505404]

Processing phenotype [ENSG00000197780.4] [269/307]
  * #variants in cis = 17
  * Best hit: [id=1_internal_23864, d=-23390, pv=0.0438867, s=0.2286]
  * Beta parameters: [s1=0.940619, s2=22.5729]
  * Adjusted p-values: [emp=0.442786, beta=0.472704]

Processing phenotype [ENSG00000215717.4] [270/307]
  * #variants in cis = 16
  * Best hit: [id=1_internal_19934, d=-427778, pv=0.114776, s=-0.1765]
  * Beta parameters: [s1=0.89005, s2=13.2567]
  * Adjusted p-values: [emp=0.825871, beta=0.839431]

Processing phenotype [ENSG00000238881.1] [271/307]
  * #variants in cis = 16
  * Best hit: [id=1_internal_19934, d=-437236, pv=0.00566609, s=0.3123]
  * Beta parameters: [s1=0.9524, s2=15.5336]
  * Adjusted p-values: [emp=0.0945274, beta=0.0747522]

Processing phenotype [ENSG00000251484.2] [272/307]
  * #variants in cis = 16
  * Best hit: [id=1_internal_19485, d=19447, pv=0.10702, s=-0.1663]
  * Beta parameters: [s1=0.981553, s2=13.7778]
  * Adjusted p-values: [emp=0.79602, beta=0.788795]

Processing phenotype [ENSG00000116299.11] [273/307]
  * #variants in cis = 16
  * Best hit: [id=1_internal_18921, d=496525, pv=0.00666954, s=0.2891]
  * Beta parameters: [s1=0.869442, s2=18.9403]
  * Adjusted p-values: [emp=0.119403, beta=0.109791]

Processing phenotype [ENSG00000179902.8] [274/307]
  * #variants in cis = 16
  * Best hit: [id=1_internal_17759, d=-488862, pv=0.0162165, s=0.2391]
  * Beta parameters: [s1=0.944604, s2=16.0235]
  * Adjusted p-values: [emp=0.223881, beta=0.207187]

Processing phenotype [ENSG00000031698.8] [275/307]
  * #variants in cis = 16
  * Best hit: [id=1_internal_19485, d=-128599, pv=0.0376279, s=0.2393]
  * Beta parameters: [s1=0.997803, s2=12.5506]
  * Adjusted p-values: [emp=0.412935, beta=0.445144]

Processing phenotype [ENSG00000143126.6] [276/307]
  * #variants in cis = 17
  * Best hit: [id=1_internal_23164, d=957054, pv=0.0545537, s=0.2001]
  * Beta parameters: [s1=1.05178, s2=13.0045]
  * Adjusted p-values: [emp=0.59204, beta=0.56512]

Processing phenotype [ENSG00000134222.11] [277/307]
  * #variants in cis = 17
  * Best hit: [id=1_internal_19934, d=620229, pv=0.0970644, s=0.1907]
  * Beta parameters: [s1=0.920282, s2=14.2251]
  * Adjusted p-values: [emp=0.800995, beta=0.810795]

Processing phenotype [ENSG00000134243.7] [278/307]
  * #variants in cis = 18
  * Best hit: [id=1_internal_18881, d=-236070, pv=0.0530908, s=0.2046]
  * Beta parameters: [s1=0.939969, s2=15.0743]
  * Adjusted p-values: [emp=0.557214, beta=0.594803]

Processing phenotype [ENSG00000143106.8] [279/307]
  * #variants in cis = 18
  * Best hit: [id=1_internal_23864, d=208951, pv=0.133768, s=0.1594]
  * Beta parameters: [s1=0.907559, s2=16.1856]
  * Adjusted p-values: [emp=0.920398, beta=0.914153]

Processing phenotype [ENSG00000143028.7] [280/307]
  * #variants in cis = 18
  * Best hit: [id=1_internal_24812, d=321610, pv=0.0296391, s=-0.2082]
  * Beta parameters: [s1=1.00964, s2=14.8998]
  * Adjusted p-values: [emp=0.40796, beta=0.45083]

Processing phenotype [ENSG00000162650.10] [281/307]
  * #variants in cis = 18
  * Best hit: [id=1_internal_18921, d=126725, pv=0.0460039, s=-0.2196]
  * Beta parameters: [s1=0.988349, s2=19.4346]
  * Adjusted p-values: [emp=0.557214, beta=0.557842]

Processing phenotype [ENSG00000174151.9] [282/307]
  * #variants in cis = 18
  * Best hit: [id=1_internal_19934, d=-831095, pv=0.0505922, s=-0.2043]
  * Beta parameters: [s1=1.03256, s2=19.3301]
  * Adjusted p-values: [emp=0.572139, beta=0.569432]

Processing phenotype [ENSG00000181754.6] [283/307]
  * #variants in cis = 18
  * Best hit: [id=1_internal_19934, d=846781, pv=0.0217142, s=-0.2558]
  * Beta parameters: [s1=0.873279, s2=16.2351]
  * Adjusted p-values: [emp=0.293532, beta=0.324274]

Processing phenotype [ENSG00000156097.8] [284/307]
  * #variants in cis = 18
  * Best hit: [id=1_internal_17498, d=-261629, pv=0.00866878, s=0.2757]
  * Beta parameters: [s1=1.09434, s2=15.5476]
  * Adjusted p-values: [emp=0.159204, beta=0.155084]

Processing phenotype [ENSG00000254942.1] [285/307]
  * #variants in cis = 18
  * Best hit: [id=1_internal_17498, d=265594, pv=0.000920472, s=0.3783]
  * Beta parameters: [s1=1.13546, s2=19.4011]
  * Adjusted p-values: [emp=0.0149254, beta=0.0137793]

Processing phenotype [ENSG00000065135.7] [286/307]
  * #variants in cis = 18
  * Best hit: [id=1_internal_23864, d=-331122, pv=0.0694387, s=0.1971]
  * Beta parameters: [s1=1.00484, s2=14.8709]
  * Adjusted p-values: [emp=0.731343, beta=0.715058]

Processing phenotype [ENSG00000206832.1] [287/307]
  * #variants in cis = 18
  * Best hit: [id=1_internal_22821, d=-51254, pv=0.0892092, s=0.1822]
  * Beta parameters: [s1=1.0297, s2=17.9565]
  * Adjusted p-values: [emp=0.791045, beta=0.794484]

Processing phenotype [ENSG00000225113.1] [288/307]
  * #variants in cis = 18
  * Best hit: [id=1_internal_18881, d=37796, pv=0.231165, s=-0.1264]
  * Beta parameters: [s1=1.00653, s2=17.1209]
  * Adjusted p-values: [emp=0.9801, beta=0.98823]

Processing phenotype [ENSG00000207709.2] [289/307]
  * #variants in cis = 18
  * Best hit: [id=1_internal_21202, d=-288597, pv=0.0114549, s=-0.2584]
  * Beta parameters: [s1=1.03546, s2=16.0168]
  * Adjusted p-values: [emp=0.218905, beta=0.197585]

Processing phenotype [ENSG00000134183.7] [290/307]
  * #variants in cis = 18
  * Best hit: [id=1_internal_18881, d=-20964, pv=0.139349, s=-0.1598]
  * Beta parameters: [s1=1.08862, s2=17.7424]
  * Adjusted p-values: [emp=0.930348, beta=0.934719]

Processing phenotype [ENSG00000116337.11] [291/307]
  * #variants in cis = 18
  * Best hit: [id=1_internal_19934, d=-953147, pv=0.00108377, s=-0.3605]
  * Beta parameters: [s1=1.01993, s2=19.3344]
  * Adjusted p-values: [emp=0.0199005, beta=0.0169144]

Processing phenotype [ENSG00000228703.1] [292/307]
  * #variants in cis = 19
  * Best hit: [id=1_internal_19934, d=967348, pv=0.00853406, s=-0.2770]
  * Beta parameters: [s1=1.09149, s2=23.5022]
  * Adjusted p-values: [emp=0.134328, beta=0.121972]

Processing phenotype [ENSG00000235045.2] [293/307]
  * #variants in cis = 19
  * Best hit: [id=1_internal_19934, d=-988413, pv=0.0274349, s=0.2323]
  * Beta parameters: [s1=0.772033, s2=18.325]
  * Adjusted p-values: [emp=0.41791, beta=0.399461]

Processing phenotype [ENSG00000168765.10] [294/307]
  * #variants in cis = 19
  * Best hit: [id=1_internal_22821, d=0, pv=0.00246462, s=0.2748]
  * Beta parameters: [s1=1.04738, s2=17.004]
  * Adjusted p-values: [emp=0.0597015, beta=0.0452108]

Processing phenotype [ENSG00000213366.7] [295/307]
  * #variants in cis = 18
  * Best hit: [id=1_internal_22821, d=0, pv=5.53356e-06, s=0.4745]
  * Beta parameters: [s1=1.06176, s2=18.9933]
  * Adjusted p-values: [emp=0.00497512, beta=3.89998e-05]

Processing phenotype [ENSG00000241720.1] [296/307]
  * #variants in cis = 18
  * Best hit: [id=1_internal_21702, d=98330, pv=0.0240328, s=0.2602]
  * Beta parameters: [s1=1.03191, s2=17.4642]
  * Adjusted p-values: [emp=0.363184, beta=0.333875]

Processing phenotype [ENSG00000134202.6] [297/307]
  * #variants in cis = 18
  * Best hit: [id=1_internal_21702, d=-44396, pv=0.0709093, s=0.2071]
  * Beta parameters: [s1=1.05792, s2=19.4689]
  * Adjusted p-values: [emp=0.751244, beta=0.720689]

Processing phenotype [ENSG00000184371.9] [298/307]
  * #variants in cis = 18
  * Best hit: [id=1_internal_21702, d=0, pv=0.000481349, s=0.3730]
  * Beta parameters: [s1=1.00827, s2=22.6092]
  * Adjusted p-values: [emp=0.00995025, beta=0.00412309]

Processing phenotype [ENSG00000168710.13] [299/307]
  * #variants in cis = 20
  * Best hit: [id=1_internal_23164, d=222387, pv=0.00280175, s=-0.3174]
  * Beta parameters: [s1=0.956511, s2=22.9243]
  * Adjusted p-values: [emp=0.0547264, beta=0.0468317]

Processing phenotype [ENSG00000143093.9] [300/307]
  * #variants in cis = 20
  * Best hit: [id=1_internal_16969, d=346559, pv=0.109936, s=0.1733]
  * Beta parameters: [s1=1.12846, s2=25.6325]
  * Adjusted p-values: [emp=0.920398, beta=0.917471]

Processing phenotype [ENSG00000258686.1] [301/307]
  * #variants in cis = 20
  * Best hit: [id=1_internal_19485, d=-955852, pv=0.240655, s=-0.1275]
  * Beta parameters: [s1=0.941985, s2=20.24]
  * Adjusted p-values: [emp=0.99005, beta=0.994766]

Processing phenotype [ENSG00000258634.2] [302/307]
  * #variants in cis = 20
  * Best hit: [id=1_internal_18892, d=892453, pv=0.0423916, s=-0.2149]
  * Beta parameters: [s1=0.963636, s2=16.2601]
  * Adjusted p-values: [emp=0.597015, beta=0.596335]

Processing phenotype [ENSG00000156150.5] [303/307]
  * #variants in cis = 20
  * Best hit: [id=1_internal_18881, d=429524, pv=0.122061, s=-0.1542]
  * Beta parameters: [s1=0.993892, s2=16.0914]
  * Adjusted p-values: [emp=0.910448, beta=0.903861]

Processing phenotype [ENSG00000197106.5] [304/307]
  * #variants in cis = 18
  * Best hit: [id=1_internal_17759, d=-541623, pv=0.0501321, s=-0.2061]
  * Beta parameters: [s1=1.05239, s2=19.6614]
  * Adjusted p-values: [emp=0.641791, beta=0.627579]

Processing phenotype [ENSG00000224965.1] [305/307]
  * #variants in cis = 18
  * Best hit: [id=1_internal_21702, d=294975, pv=0.101985, s=-0.1817]
  * Beta parameters: [s1=0.910438, s2=19.6461]
  * Adjusted p-values: [emp=0.840796, beta=0.849086]

Processing phenotype [ENSG00000116396.9] [306/307]
  * #variants in cis = 18
  * Best hit: [id=1_internal_18921, d=-580941, pv=0.0438345, s=0.2255]
  * Beta parameters: [s1=1.10579, s2=17.7976]
  * Adjusted p-values: [emp=0.59204, beta=0.588524]

Processing phenotype [ENSG00000162775.9] [307/307]
  * #variants in cis = 14
  * Best hit: [id=1_internal_17700, d=279793, pv=0.226393, s=-0.1321]
  * Beta parameters: [s1=0.912746, s2=12.9954]
  * Adjusted p-values: [emp=0.970149, beta=0.968271]

Running time: 2 seconds
