Sender: LSF System <lsfadmin@cpt10>
Subject: Job 974251: </data/unige/funpopgen/odelanea/SGX/V2/binaries/qtltools/bin/QTLtools cis --vcf /data/unige/funpopgen/grey2/SYSCID/BLUEPRINT_DATA/CRD/THREE_CELL_TYPES/CLOMICS/CELL_TYPE_COMPARISON_GENE_CRD_ASSOCIATIONS/quantify/73_vs_70_ALL.ALLchr.mean.txt.gz --bed /data/unige/funpopgen/grey2/SYSCID/BLUEPRINT_DATA/CRD/THREE_CELL_TYPES/QTL_TOOLS/EGAD00001002671_v3.0/EGAD00001002671_RNA.PC10.bed.gz --permute 200 --chunk 8 100 --out /data/unige/funpopgen/grey2/SYSCID/BLUEPRINT_DATA/CRD/THREE_CELL_TYPES/CLOMICS/CELL_TYPE_COMPARISON_GENE_CRD_ASSOCIATIONS/mapping_aCRD_gene/73_vs_70/gene_CRD_mean_chunk8\.txt> in cluster <ug> Done

Job </data/unige/funpopgen/odelanea/SGX/V2/binaries/qtltools/bin/QTLtools cis --vcf /data/unige/funpopgen/grey2/SYSCID/BLUEPRINT_DATA/CRD/THREE_CELL_TYPES/CLOMICS/CELL_TYPE_COMPARISON_GENE_CRD_ASSOCIATIONS/quantify/73_vs_70_ALL.ALLchr.mean.txt.gz --bed /data/unige/funpopgen/grey2/SYSCID/BLUEPRINT_DATA/CRD/THREE_CELL_TYPES/QTL_TOOLS/EGAD00001002671_v3.0/EGAD00001002671_RNA.PC10.bed.gz --permute 200 --chunk 8 100 --out /data/unige/funpopgen/grey2/SYSCID/BLUEPRINT_DATA/CRD/THREE_CELL_TYPES/CLOMICS/CELL_TYPE_COMPARISON_GENE_CRD_ASSOCIATIONS/mapping_aCRD_gene/73_vs_70/gene_CRD_mean_chunk8\.txt> was submitted from host <frt.ug.vital-it.ch> by user <grey2> in cluster <ug>.
Job was executed on host(s) <cpt10>, in queue <normal>, as user <grey2> in cluster <ug>.
</home/grey2> was used as the home directory.
</data/unige/funpopgen/grey2/SYSCID/BLUEPRINT_DATA/CRD/THREE_CELL_TYPES/CLOMICS/CELL_TYPE_COMPARISON_GENE_CRD_ASSOCIATIONS> was used as the working directory.
Started at Thu Mar 21 11:27:34 2019
Results reported at Thu Mar 21 11:27:41 2019

Your job looked like:

------------------------------------------------------------
# LSBATCH: User input
/data/unige/funpopgen/odelanea/SGX/V2/binaries/qtltools/bin/QTLtools cis --vcf /data/unige/funpopgen/grey2/SYSCID/BLUEPRINT_DATA/CRD/THREE_CELL_TYPES/CLOMICS/CELL_TYPE_COMPARISON_GENE_CRD_ASSOCIATIONS/quantify/73_vs_70_ALL.ALLchr.mean.txt.gz --bed /data/unige/funpopgen/grey2/SYSCID/BLUEPRINT_DATA/CRD/THREE_CELL_TYPES/QTL_TOOLS/EGAD00001002671_v3.0/EGAD00001002671_RNA.PC10.bed.gz --permute 200 --chunk 8 100 --out /data/unige/funpopgen/grey2/SYSCID/BLUEPRINT_DATA/CRD/THREE_CELL_TYPES/CLOMICS/CELL_TYPE_COMPARISON_GENE_CRD_ASSOCIATIONS/mapping_aCRD_gene/73_vs_70/gene_CRD_mean_chunk8\.txt

------------------------------------------------------------

Successfully completed.

Resource usage summary:

    CPU time :               3.09 sec.
    Max Memory :             3.85 MB
    Average Memory :         3.85 MB
    Total Requested Memory : -
    Delta Memory :           -
    (Delta: the difference between total requested memory and actual max usage.)
    Max Swap :               238 MB

    Max Processes :          3
    Max Threads :            4

The output (if any) follows:


[32mQTLtools[0m
  * Authors : Olivier DELANEAU / Halit ONGEN / Emmanouil DERMITZAKIS
  * Contact : olivier.delaneau@gmail.com / halit.ongen@unige.ch / Emmanouil.Dermitzakis@unige.ch
  * Webpage : https://qtltools.github.io/qtltools/
  * Version : 1.1
  * Date    : 21/03/2019 - 11:27:37
  * Citation: A complete tool set for molecular QTL discovery and analysis, https://doi.org/10.1101/068635

[32mMAPPING QTL IN CIS[0m
  * TASK: Perform 200 permutations
  * Linear model: Phe ~ Var
  * Cis-window size is 1000000 bp
  * Chunk = [8/100]

Scanning phenotype data in [/data/unige/funpopgen/grey2/SYSCID/BLUEPRINT_DATA/CRD/THREE_CELL_TYPES/QTL_TOOLS/EGAD00001002671_v3.0/EGAD00001002671_RNA.PC10.bed.gz]
  * 24372 phenotypes included
  * 12152 phenotypes are on the negative strand

Initialize random number generator
  * Built-in seed is 15112011
  * First Integer = 30554
  * First Double = 0.0126695

Reading sample list from [/data/unige/funpopgen/grey2/SYSCID/BLUEPRINT_DATA/CRD/THREE_CELL_TYPES/QTL_TOOLS/EGAD00001002671_v3.0/EGAD00001002671_RNA.PC10.bed.gz]
  * #samples = 169

Reading sample list from [/data/unige/funpopgen/grey2/SYSCID/BLUEPRINT_DATA/CRD/THREE_CELL_TYPES/CLOMICS/CELL_TYPE_COMPARISON_GENE_CRD_ASSOCIATIONS/quantify/73_vs_70_ALL.ALLchr.mean.txt.gz]
  * #samples = 94

Merging sample sets from all input files
  * #files = 2
  * #samples in all files = 91
  * #samples NOT in all files (i.e. ignored) = 81

Reading phenotype data in [/data/unige/funpopgen/grey2/SYSCID/BLUEPRINT_DATA/CRD/THREE_CELL_TYPES/QTL_TOOLS/EGAD00001002671_v3.0/EGAD00001002671_RNA.PC10.bed.gz]
  * target region [16:69452-11945442]
  * 299 phenotypes included
  * 148 phenotypes are on the negative strand

Reading genotype data in [/data/unige/funpopgen/grey2/SYSCID/BLUEPRINT_DATA/CRD/THREE_CELL_TYPES/CLOMICS/CELL_TYPE_COMPARISON_GENE_CRD_ASSOCIATIONS/quantify/73_vs_70_ALL.ALLchr.mean.txt.gz]
  * File format detected: BED
  * 91 samples included
  * 5 samples without phenotype data
  * target region [16:0-12945442]
  * 73 variants included

Processing phenotype [ENSG00000234769.4] [1/299]
  * #variants in cis = 16
  * Best hit: [id=16_internal_6983, d=-405289, pv=0.0851577, s=0.1819]
  * Beta parameters: [s1=0.950167, s2=15.7457]
  * Adjusted p-values: [emp=0.696517, beta=0.690664]

Processing phenotype [ENSG00000260803.1] [2/299]
  * #variants in cis = 16
  * Best hit: [id=16_internal_5804, d=-357039, pv=0.019886, s=0.2178]
  * Beta parameters: [s1=0.884607, s2=11.3913]
  * Adjusted p-values: [emp=0.268657, beta=0.281729]

Processing phenotype [ENSG00000226942.2] [3/299]
  * #variants in cis = 16
  * Best hit: [id=16_internal_6093, d=-602135, pv=0.0229909, s=-0.2440]
  * Beta parameters: [s1=0.978451, s2=15.3919]
  * Adjusted p-values: [emp=0.333333, beta=0.320095]

Processing phenotype [ENSG00000161981.6] [4/299]
  * #variants in cis = 16
  * Best hit: [id=16_internal_7099, d=0, pv=0.035839, s=0.2057]
  * Beta parameters: [s1=0.993495, s2=12.3291]
  * Adjusted p-values: [emp=0.427861, beta=0.417596]

Processing phenotype [ENSG00000161980.5] [5/299]
  * #variants in cis = 16
  * Best hit: [id=16_internal_6983, d=-371113, pv=0.00178617, s=-0.3419]
  * Beta parameters: [s1=0.921951, s2=14.7924]
  * Adjusted p-values: [emp=0.0497512, beta=0.0300217]

Processing phenotype [ENSG00000007384.10] [6/299]
  * #variants in cis = 16
  * Best hit: [id=16_internal_6866, d=-292248, pv=0.0361415, s=-0.2277]
  * Beta parameters: [s1=0.943667, s2=14.5511]
  * Adjusted p-values: [emp=0.383085, beta=0.399342]

Processing phenotype [ENSG00000103152.7] [7/299]
  * #variants in cis = 16
  * Best hit: [id=16_internal_6421, d=468585, pv=0.0146414, s=0.2342]
  * Beta parameters: [s1=0.98065, s2=14.8767]
  * Adjusted p-values: [emp=0.208955, beta=0.211328]

Processing phenotype [ENSG00000269482.1] [8/299]
  * #variants in cis = 16
  * Best hit: [id=16_internal_6093, d=549827, pv=0.0109994, s=-0.2582]
  * Beta parameters: [s1=1.1073, s2=13.0939]
  * Adjusted p-values: [emp=0.154229, beta=0.143398]

Processing phenotype [ENSG00000228779.1] [9/299]
  * #variants in cis = 16
  * Best hit: [id=16_internal_6983, d=299005, pv=0.0413318, s=-0.2005]
  * Beta parameters: [s1=0.89216, s2=15.8665]
  * Adjusted p-values: [emp=0.39801, beta=0.414857]

Processing phenotype [ENSG00000103148.9] [10/299]
  * #variants in cis = 16
  * Best hit: [id=16_internal_6983, d=-285882, pv=0.0282823, s=-0.2364]
  * Beta parameters: [s1=0.961533, s2=12.3115]
  * Adjusted p-values: [emp=0.402985, beta=0.369397]

Processing phenotype [ENSG00000268836.1] [11/299]
  * #variants in cis = 16
  * Best hit: [id=16_internal_6171, d=-508257, pv=0.101655, s=0.1498]
  * Beta parameters: [s1=0.841305, s2=16.248]
  * Adjusted p-values: [emp=0.776119, beta=0.784796]

Processing phenotype [ENSG00000007392.12] [12/299]
  * #variants in cis = 16
  * Best hit: [id=16_internal_5804, d=-162772, pv=0.010286, s=0.2568]
  * Beta parameters: [s1=1.04595, s2=15.6063]
  * Adjusted p-values: [emp=0.129353, beta=0.141528]

Processing phenotype [ENSG00000167930.11] [13/299]
  * #variants in cis = 16
  * Best hit: [id=16_internal_8835, d=-136906, pv=0.222337, s=0.1259]
  * Beta parameters: [s1=0.875664, s2=14.367]
  * Adjusted p-values: [emp=0.985075, beta=0.97847]

Processing phenotype [ENSG00000269881.1] [14/299]
  * #variants in cis = 16
  * Best hit: [id=16_internal_8835, d=-151907, pv=0.258209, s=0.1231]
  * Beta parameters: [s1=0.958037, s2=15.1338]
  * Adjusted p-values: [emp=0.99005, beta=0.989354]

Processing phenotype [ENSG00000242173.4] [15/299]
  * #variants in cis = 16
  * Best hit: [id=16_internal_6465, d=-32233, pv=0.138897, s=0.1587]
  * Beta parameters: [s1=1.12596, s2=12.7145]
  * Adjusted p-values: [emp=0.860697, beta=0.880134]

Processing phenotype [ENSG00000076344.11] [16/299]
  * #variants in cis = 16
  * Best hit: [id=16_internal_7811, d=-32481, pv=0.00509785, s=0.3012]
  * Beta parameters: [s1=1.07976, s2=11.4812]
  * Adjusted p-values: [emp=0.0746269, beta=0.0720353]

Processing phenotype [ENSG00000185615.11] [17/299]
  * #variants in cis = 16
  * Best hit: [id=16_internal_5920, d=351343, pv=0.0749144, s=0.1869]
  * Beta parameters: [s1=1.00818, s2=13.6227]
  * Adjusted p-values: [emp=0.681592, beta=0.655481]

Processing phenotype [ENSG00000103126.10] [18/299]
  * #variants in cis = 18
  * Best hit: [id=16_internal_7811, d=308, pv=0.00651791, s=0.2861]
  * Beta parameters: [s1=1.01562, s2=19.2125]
  * Adjusted p-values: [emp=0.104478, beta=0.0941666]

Processing phenotype [ENSG00000086504.10] [19/299]
  * #variants in cis = 18
  * Best hit: [id=16_internal_6983, d=-54173, pv=0.0222359, s=0.2288]
  * Beta parameters: [s1=0.989996, s2=19.4074]
  * Adjusted p-values: [emp=0.318408, beta=0.338605]

Processing phenotype [ENSG00000236829.4] [20/299]
  * #variants in cis = 19
  * Best hit: [id=16_internal_6324, d=-415, pv=0.000109442, s=0.4057]
  * Beta parameters: [s1=0.933559, s2=19.1451]
  * Adjusted p-values: [emp=0.00497512, beta=0.00126819]

Processing phenotype [ENSG00000241145.1] [21/299]
  * #variants in cis = 19
  * Best hit: [id=16_internal_7811, d=-34398, pv=0.0688395, s=-0.1830]
  * Beta parameters: [s1=1.01731, s2=16.4523]
  * Adjusted p-values: [emp=0.736318, beta=0.737155]

Processing phenotype [ENSG00000129925.6] [22/299]
  * #variants in cis = 19
  * Best hit: [id=16_internal_6324, d=5431, pv=3.60265e-15, s=0.7809]
  * Beta parameters: [s1=1.13651, s2=16.3842]
  * Adjusted p-values: [emp=0.00497512, beta=3.47051e-14]

Processing phenotype [ENSG00000103202.7] [23/299]
  * #variants in cis = 19
  * Best hit: [id=16_internal_8835, d=-299086, pv=0.0166493, s=-0.2512]
  * Beta parameters: [s1=0.897585, s2=17.8867]
  * Adjusted p-values: [emp=0.268657, beta=0.231116]

Processing phenotype [ENSG00000242612.1] [24/299]
  * #variants in cis = 19
  * Best hit: [id=16_internal_5731, d=0, pv=0.00682306, s=-0.2678]
  * Beta parameters: [s1=0.808463, s2=17.8337]
  * Adjusted p-values: [emp=0.129353, beta=0.109363]

Processing phenotype [ENSG00000090565.11] [25/299]
  * #variants in cis = 19
  * Best hit: [id=16_internal_5804, d=-27692, pv=0.0141853, s=-0.2405]
  * Beta parameters: [s1=0.940328, s2=12.258]
  * Adjusted p-values: [emp=0.258706, beta=0.268665]

Processing phenotype [ENSG00000103326.6] [26/299]
  * #variants in cis = 21
  * Best hit: [id=16_internal_5804, d=-129790, pv=0.0368508, s=-0.2176]
  * Beta parameters: [s1=0.974913, s2=16.4349]
  * Adjusted p-values: [emp=0.522388, beta=0.517986]

Processing phenotype [ENSG00000261691.1] [27/299]
  * #variants in cis = 21
  * Best hit: [id=16_internal_6983, d=75576, pv=0.0414872, s=0.2244]
  * Beta parameters: [s1=1.05066, s2=17.6348]
  * Adjusted p-values: [emp=0.537313, beta=0.532979]

Processing phenotype [ENSG00000007541.10] [28/299]
  * #variants in cis = 21
  * Best hit: [id=16_internal_6866, d=-163950, pv=0.0777687, s=0.1840]
  * Beta parameters: [s1=1.02605, s2=15.2145]
  * Adjusted p-values: [emp=0.761194, beta=0.754794]

Processing phenotype [ENSG00000257108.1] [29/299]
  * #variants in cis = 21
  * Best hit: [id=16_internal_5804, d=-169069, pv=0.00594254, s=-0.2867]
  * Beta parameters: [s1=1.04146, s2=17.046]
  * Adjusted p-values: [emp=0.129353, beta=0.115937]

Processing phenotype [ENSG00000197562.5] [30/299]
  * #variants in cis = 21
  * Best hit: [id=16_internal_6171, d=105193, pv=0.0125358, s=-0.2715]
  * Beta parameters: [s1=1.15121, s2=16.9876]
  * Adjusted p-values: [emp=0.21393, beta=0.219169]

Processing phenotype [ENSG00000127578.6] [31/299]
  * #variants in cis = 22
  * Best hit: [id=16_internal_6365, d=694378, pv=0.0194501, s=-0.2565]
  * Beta parameters: [s1=1.09435, s2=15.1747]
  * Adjusted p-values: [emp=0.40796, beta=0.391141]

Processing phenotype [ENSG00000130731.11] [32/299]
  * #variants in cis = 22
  * Best hit: [id=16_internal_6093, d=-4098, pv=0.043877, s=0.2254]
  * Beta parameters: [s1=0.883447, s2=16.138]
  * Adjusted p-values: [emp=0.537313, beta=0.553397]

Processing phenotype [ENSG00000172366.15] [33/299]
  * #variants in cis = 22
  * Best hit: [id=16_internal_5736, d=63310, pv=0.071191, s=0.1936]
  * Beta parameters: [s1=0.922222, s2=20.1845]
  * Adjusted p-values: [emp=0.776119, beta=0.76117]

Processing phenotype [ENSG00000228201.1] [34/299]
  * #variants in cis = 22
  * Best hit: [id=16_internal_6421, d=77043, pv=0.0223123, s=0.2597]
  * Beta parameters: [s1=0.990763, s2=18.4245]
  * Adjusted p-values: [emp=0.422886, beta=0.396105]

Processing phenotype [ENSG00000161996.13] [35/299]
  * #variants in cis = 22
  * Best hit: [id=16_internal_6365, d=674306, pv=0.0152016, s=-0.2540]
  * Beta parameters: [s1=0.934499, s2=20.414]
  * Adjusted p-values: [emp=0.278607, beta=0.266037]

Processing phenotype [ENSG00000262528.1] [36/299]
  * #variants in cis = 22
  * Best hit: [id=16_internal_6983, d=177923, pv=0.0176809, s=0.2639]
  * Beta parameters: [s1=0.917274, s2=18.434]
  * Adjusted p-values: [emp=0.318408, beta=0.28878]

Processing phenotype [ENSG00000140983.7] [37/299]
  * #variants in cis = 22
  * Best hit: [id=16_internal_6365, d=655531, pv=0.00219887, s=-0.3242]
  * Beta parameters: [s1=1.13784, s2=22.0464]
  * Adjusted p-values: [emp=0.0199005, beta=0.0305693]

Processing phenotype [ENSG00000103269.9] [38/299]
  * #variants in cis = 22
  * Best hit: [id=16_internal_6365, d=647951, pv=0.00172399, s=-0.3306]
  * Beta parameters: [s1=0.797479, s2=14.4471]
  * Adjusted p-values: [emp=0.0696517, beta=0.054416]

Processing phenotype [ENSG00000260394.2] [39/299]
  * #variants in cis = 22
  * Best hit: [id=16_internal_6365, d=-643840, pv=0.0728788, s=-0.1995]
  * Beta parameters: [s1=0.981278, s2=14.0411]
  * Adjusted p-values: [emp=0.741294, beta=0.765046]

Processing phenotype [ENSG00000103266.5] [40/299]
  * #variants in cis = 22
  * Best hit: [id=16_internal_5804, d=-282297, pv=0.000678061, s=0.3694]
  * Beta parameters: [s1=0.932952, s2=27.7924]
  * Adjusted p-values: [emp=0.0149254, beta=0.00708514]

Processing phenotype [ENSG00000261004.1] [41/299]
  * #variants in cis = 22
  * Best hit: [id=16_internal_6093, d=-30775, pv=0.0842813, s=-0.1869]
  * Beta parameters: [s1=0.91262, s2=16.5042]
  * Adjusted p-values: [emp=0.81592, beta=0.801435]

Processing phenotype [ENSG00000260964.1] [42/299]
  * #variants in cis = 22
  * Best hit: [id=16_internal_7007, d=-427908, pv=0.0100424, s=0.2553]
  * Beta parameters: [s1=1.03387, s2=19.4533]
  * Adjusted p-values: [emp=0.164179, beta=0.160705]

Processing phenotype [ENSG00000161999.6] [43/299]
  * #variants in cis = 22
  * Best hit: [id=16_internal_5804, d=286602, pv=0.031918, s=0.2328]
  * Beta parameters: [s1=1.03853, s2=17.5007]
  * Adjusted p-values: [emp=0.41791, beta=0.442677]

Processing phenotype [ENSG00000261659.2] [44/299]
  * #variants in cis = 22
  * Best hit: [id=16_internal_5731, d=-286285, pv=0.0171944, s=-0.2332]
  * Beta parameters: [s1=0.968907, s2=19.7764]
  * Adjusted p-values: [emp=0.318408, beta=0.325183]

Processing phenotype [ENSG00000127580.11] [45/299]
  * #variants in cis = 22
  * Best hit: [id=16_internal_5920, d=0, pv=0.0718358, s=0.1745]
  * Beta parameters: [s1=0.916196, s2=16.9156]
  * Adjusted p-values: [emp=0.726368, beta=0.742271]

Processing phenotype [ENSG00000127585.7] [46/299]
  * #variants in cis = 22
  * Best hit: [id=16_internal_6171, d=4260, pv=7.77486e-06, s=0.4688]
  * Beta parameters: [s1=1.02621, s2=19.273]
  * Adjusted p-values: [emp=0.00497512, beta=6.95385e-05]

Processing phenotype [ENSG00000103260.3] [47/299]
  * #variants in cis = 23
  * Best hit: [id=16_internal_6421, d=-142958, pv=0.00214068, s=0.3130]
  * Beta parameters: [s1=0.93123, s2=15.8347]
  * Adjusted p-values: [emp=0.0597015, beta=0.0527219]

Processing phenotype [ENSG00000103254.5] [48/299]
  * #variants in cis = 23
  * Best hit: [id=16_internal_6421, d=-148424, pv=0.00719097, s=0.2756]
  * Beta parameters: [s1=0.9284, s2=24.027]
  * Adjusted p-values: [emp=0.174129, beta=0.168053]

Processing phenotype [ENSG00000103253.12] [49/299]
  * #variants in cis = 23
  * Best hit: [id=16_internal_6421, d=-154779, pv=0.0031706, s=0.2771]
  * Beta parameters: [s1=1.03573, s2=18.6603]
  * Adjusted p-values: [emp=0.0845771, beta=0.0575427]

Processing phenotype [ENSG00000162004.11] [50/299]
  * #variants in cis = 23
  * Best hit: [id=16_internal_5984, d=0, pv=0.00123825, s=0.3034]
  * Beta parameters: [s1=1.01678, s2=15.1908]
  * Adjusted p-values: [emp=0.039801, beta=0.0374109]

Processing phenotype [ENSG00000103245.8] [51/299]
  * #variants in cis = 23
  * Best hit: [id=16_internal_6324, d=359647, pv=0.0664145, s=-0.1934]
  * Beta parameters: [s1=0.942731, s2=21.2542]
  * Adjusted p-values: [emp=0.751244, beta=0.749519]

Processing phenotype [ENSG00000127586.11] [52/299]
  * #variants in cis = 25
  * Best hit: [id=16_internal_5736, d=0, pv=0.0209202, s=0.2584]
  * Beta parameters: [s1=1.00746, s2=22.7566]
  * Adjusted p-values: [emp=0.437811, beta=0.415271]

Processing phenotype [ENSG00000007376.3] [53/299]
  * #variants in cis = 25
  * Best hit: [id=16_internal_6171, d=86828, pv=0.0511242, s=-0.1924]
  * Beta parameters: [s1=1.11502, s2=23.0174]
  * Adjusted p-values: [emp=0.751244, beta=0.717972]

Processing phenotype [ENSG00000167945.1] [54/299]
  * #variants in cis = 25
  * Best hit: [id=16_internal_5804, d=-407516, pv=0.00945206, s=-0.2822]
  * Beta parameters: [s1=0.853477, s2=22.1912]
  * Adjusted p-values: [emp=0.228856, beta=0.206998]

Processing phenotype [ENSG00000260022.1] [55/299]
  * #variants in cis = 25
  * Best hit: [id=16_internal_6465, d=-647287, pv=0.0255226, s=0.2184]
  * Beta parameters: [s1=0.940483, s2=20.7608]
  * Adjusted p-values: [emp=0.437811, beta=0.433729]

Processing phenotype [ENSG00000260316.1] [56/299]
  * #variants in cis = 25
  * Best hit: [id=16_internal_5731, d=502508, pv=0.0130431, s=-0.2494]
  * Beta parameters: [s1=0.876483, s2=25.0133]
  * Adjusted p-values: [emp=0.288557, beta=0.244422]

Processing phenotype [ENSG00000260439.1] [57/299]
  * #variants in cis = 25
  * Best hit: [id=16_internal_5804, d=-523106, pv=0.0306546, s=0.2035]
  * Beta parameters: [s1=0.972195, s2=19.1627]
  * Adjusted p-values: [emp=0.512438, beta=0.495901]

Processing phenotype [ENSG00000103227.13] [58/299]
  * #variants in cis = 26
  * Best hit: [id=16_internal_5920, d=191111, pv=0.00481196, s=0.2962]
  * Beta parameters: [s1=1.00221, s2=19.6628]
  * Adjusted p-values: [emp=0.154229, beta=0.127395]

Processing phenotype [ENSG00000260807.2] [59/299]
  * #variants in cis = 26
  * Best hit: [id=16_internal_6324, d=599914, pv=0.0516905, s=-0.1966]
  * Beta parameters: [s1=0.916706, s2=32.5262]
  * Adjusted p-values: [emp=0.686567, beta=0.702816]

Processing phenotype [ENSG00000005513.9] [60/299]
  * #variants in cis = 26
  * Best hit: [id=16_internal_6324, d=-600126, pv=0.0771701, s=-0.1967]
  * Beta parameters: [s1=0.84372, s2=16.9319]
  * Adjusted p-values: [emp=0.835821, beta=0.802764]

Processing phenotype [ENSG00000260496.2] [61/299]
  * #variants in cis = 26
  * Best hit: [id=16_internal_6983, d=522655, pv=0.0017921, s=-0.3261]
  * Beta parameters: [s1=0.978496, s2=24.2312]
  * Adjusted p-values: [emp=0.0447761, beta=0.0299271]

Processing phenotype [ENSG00000196557.6] [62/299]
  * #variants in cis = 24
  * Best hit: [id=16_internal_6093, d=-502345, pv=0.0372862, s=0.2331]
  * Beta parameters: [s1=0.972397, s2=23.0533]
  * Adjusted p-values: [emp=0.497512, beta=0.524283]

Processing phenotype [ENSG00000261294.1] [63/299]
  * #variants in cis = 24
  * Best hit: [id=16_internal_6365, d=-116493, pv=0.07533, s=0.1841]
  * Beta parameters: [s1=1.06063, s2=20.0484]
  * Adjusted p-values: [emp=0.825871, beta=0.813598]

Processing phenotype [ENSG00000103275.14] [64/299]
  * #variants in cis = 22
  * Best hit: [id=16_internal_7569, d=308609, pv=0.226949, s=0.1306]
  * Beta parameters: [s1=0.913528, s2=23.2499]
  * Adjusted p-values: [emp=1, beta=0.995061]

Processing phenotype [ENSG00000261505.1] [65/299]
  * #variants in cis = 22
  * Best hit: [id=16_internal_6324, d=941164, pv=0.0491407, s=-0.2083]
  * Beta parameters: [s1=1.04617, s2=18.945]
  * Adjusted p-values: [emp=0.626866, beta=0.616594]

Processing phenotype [ENSG00000007516.9] [66/299]
  * #variants in cis = 22
  * Best hit: [id=16_internal_7811, d=-981237, pv=0.0253642, s=0.2360]
  * Beta parameters: [s1=0.979229, s2=22.878]
  * Adjusted p-values: [emp=0.363184, beta=0.369759]

Processing phenotype [ENSG00000007520.3] [67/299]
  * #variants in cis = 22
  * Best hit: [id=16_internal_5808, d=7696, pv=0.0206288, s=0.2562]
  * Beta parameters: [s1=0.930772, s2=16.1512]
  * Adjusted p-values: [emp=0.323383, beta=0.344204]

Processing phenotype [ENSG00000090581.5] [68/299]
  * #variants in cis = 22
  * Best hit: [id=16_internal_6171, d=-650355, pv=0.0318995, s=-0.2310]
  * Beta parameters: [s1=0.921197, s2=16.5291]
  * Adjusted p-values: [emp=0.383085, beta=0.394429]

Processing phenotype [ENSG00000260425.1] [69/299]
  * #variants in cis = 21
  * Best hit: [id=16_internal_6365, d=28971, pv=0.0309906, s=-0.2170]
  * Beta parameters: [s1=0.847471, s2=18.6169]
  * Adjusted p-values: [emp=0.457711, beta=0.449022]

Processing phenotype [ENSG00000260132.1] [70/299]
  * #variants in cis = 17
  * Best hit: [id=16_internal_6421, d=-836678, pv=0.241219, s=-0.1169]
  * Beta parameters: [s1=0.937096, s2=16.4259]
  * Adjusted p-values: [emp=0.985075, beta=0.985339]

Processing phenotype [ENSG00000059145.13] [71/299]
  * #variants in cis = 17
  * Best hit: [id=16_internal_5534, d=4695, pv=0.0200775, s=0.2604]
  * Beta parameters: [s1=0.731549, s2=15.6479]
  * Adjusted p-values: [emp=0.258706, beta=0.251843]

Processing phenotype [ENSG00000174109.3] [72/299]
  * #variants in cis = 17
  * Best hit: [id=16_internal_5534, d=19288, pv=0.0106433, s=0.2506]
  * Beta parameters: [s1=0.97148, s2=13.546]
  * Adjusted p-values: [emp=0.134328, beta=0.150532]

Processing phenotype [ENSG00000197599.8] [73/299]
  * #variants in cis = 17
  * Best hit: [id=16_internal_6339, d=10978, pv=0.00103758, s=0.3536]
  * Beta parameters: [s1=0.870481, s2=16.2059]
  * Adjusted p-values: [emp=0.0348259, beta=0.0141401]

Processing phenotype [ENSG00000261641.1] [74/299]
  * #variants in cis = 17
  * Best hit: [id=16_internal_7569, d=168813, pv=0.11776, s=0.1599]
  * Beta parameters: [s1=0.934739, s2=12.8012]
  * Adjusted p-values: [emp=0.820896, beta=0.829455]

Processing phenotype [ENSG00000260051.1] [75/299]
  * #variants in cis = 17
  * Best hit: [id=16_internal_6983, d=-973490, pv=0.00341461, s=0.3206]
  * Beta parameters: [s1=0.920129, s2=15.2682]
  * Adjusted p-values: [emp=0.0597015, beta=0.0541414]

Processing phenotype [ENSG00000261430.1] [76/299]
  * #variants in cis = 17
  * Best hit: [id=16_internal_5534, d=62628, pv=0.0227626, s=0.2340]
  * Beta parameters: [s1=0.975801, s2=13.184]
  * Adjusted p-values: [emp=0.308458, beta=0.351775]

Processing phenotype [ENSG00000103249.12] [77/299]
  * #variants in cis = 17
  * Best hit: [id=16_internal_7569, d=-138576, pv=0.0357797, s=0.2089]
  * Beta parameters: [s1=0.961144, s2=15.7578]
  * Adjusted p-values: [emp=0.482587, beta=0.470922]

Processing phenotype [ENSG00000219027.2] [78/299]
  * #variants in cis = 17
  * Best hit: [id=16_internal_9032, d=291532, pv=0.0707226, s=-0.1856]
  * Beta parameters: [s1=0.930632, s2=13.3452]
  * Adjusted p-values: [emp=0.711443, beta=0.700241]

Processing phenotype [ENSG00000100726.10] [79/299]
  * #variants in cis = 16
  * Best hit: [id=16_internal_5808, d=-149129, pv=0.0466468, s=0.2080]
  * Beta parameters: [s1=1.0345, s2=10.9471]
  * Adjusted p-values: [emp=0.517413, beta=0.505425]

Processing phenotype [ENSG00000260646.1] [80/299]
  * #variants in cis = 18
  * Best hit: [id=16_internal_5534, d=-102923, pv=0.0516029, s=0.2057]
  * Beta parameters: [s1=0.991326, s2=16.9489]
  * Adjusted p-values: [emp=0.547264, beta=0.561363]

Processing phenotype [ENSG00000131634.9] [81/299]
  * #variants in cis = 18
  * Best hit: [id=16_internal_7569, d=85468, pv=0.0494052, s=0.2278]
  * Beta parameters: [s1=0.960964, s2=14.4729]
  * Adjusted p-values: [emp=0.572139, beta=0.568633]

Processing phenotype [ENSG00000187535.9] [82/299]
  * #variants in cis = 18
  * Best hit: [id=16_internal_6146, d=-888496, pv=0.0202062, s=0.2280]
  * Beta parameters: [s1=0.976028, s2=13.9372]
  * Adjusted p-values: [emp=0.318408, beta=0.298495]

Processing phenotype [ENSG00000007545.10] [83/299]
  * #variants in cis = 18
  * Best hit: [id=16_internal_7569, d=1831, pv=0.00015353, s=0.3703]
  * Beta parameters: [s1=0.920889, s2=15.3491]
  * Adjusted p-values: [emp=0.00497512, beta=0.00342307]

Processing phenotype [ENSG00000226890.1] [84/299]
  * #variants in cis = 18
  * Best hit: [id=16_internal_5421, d=-886535, pv=0.00673305, s=0.2866]
  * Beta parameters: [s1=1.00012, s2=15.553]
  * Adjusted p-values: [emp=0.129353, beta=0.0994826]

Processing phenotype [ENSG00000261732.1] [85/299]
  * #variants in cis = 18
  * Best hit: [id=16_internal_7569, d=0, pv=0.00127045, s=0.3259]
  * Beta parameters: [s1=0.927763, s2=17.6981]
  * Adjusted p-values: [emp=0.0248756, beta=0.0201563]

Processing phenotype [ENSG00000206053.8] [86/299]
  * #variants in cis = 17
  * Best hit: [id=16_internal_6365, d=-345822, pv=0.0439462, s=-0.2207]
  * Beta parameters: [s1=1.0975, s2=16.3525]
  * Adjusted p-values: [emp=0.517413, beta=0.50507]

Processing phenotype [ENSG00000138834.8] [87/299]
  * #variants in cis = 16
  * Best hit: [id=16_internal_6365, d=-373749, pv=0.0107593, s=-0.2677]
  * Beta parameters: [s1=1.1226, s2=14.1262]
  * Adjusted p-values: [emp=0.19403, beta=0.159608]

Processing phenotype [ENSG00000261399.1] [88/299]
  * #variants in cis = 16
  * Best hit: [id=16_internal_5736, d=731801, pv=0.0187969, s=-0.2356]
  * Beta parameters: [s1=0.8966, s2=14.2727]
  * Adjusted p-values: [emp=0.258706, beta=0.277355]

Processing phenotype [ENSG00000261207.1] [89/299]
  * #variants in cis = 15
  * Best hit: [id=16_internal_6365, d=419828, pv=0.0210539, s=-0.2330]
  * Beta parameters: [s1=1.1539, s2=15.9858]
  * Adjusted p-values: [emp=0.253731, beta=0.222889]

Processing phenotype [ENSG00000103024.3] [90/299]
  * #variants in cis = 15
  * Best hit: [id=16_internal_8249, d=45740, pv=0.163105, s=0.1447]
  * Beta parameters: [s1=1.17923, s2=16.4726]
  * Adjusted p-values: [emp=0.925373, beta=0.930675]

Processing phenotype [ENSG00000074071.8] [91/299]
  * #variants in cis = 15
  * Best hit: [id=16_internal_5421, d=-739540, pv=0.0634647, s=0.2059]
  * Beta parameters: [s1=0.907298, s2=15.8335]
  * Adjusted p-values: [emp=0.587065, beta=0.619702]

Processing phenotype [ENSG00000197774.7] [92/299]
  * #variants in cis = 15
  * Best hit: [id=16_internal_5534, d=-363151, pv=0.024707, s=0.2429]
  * Beta parameters: [s1=0.905842, s2=12.8778]
  * Adjusted p-values: [emp=0.323383, beta=0.342274]

Processing phenotype [ENSG00000162032.10] [93/299]
  * #variants in cis = 15
  * Best hit: [id=16_internal_5421, d=-729875, pv=0.0406955, s=0.2229]
  * Beta parameters: [s1=0.984617, s2=11.2095]
  * Adjusted p-values: [emp=0.452736, beta=0.446613]

Processing phenotype [ENSG00000095906.11] [94/299]
  * #variants in cis = 15
  * Best hit: [id=16_internal_7569, d=-135968, pv=0.145781, s=0.1557]
  * Beta parameters: [s1=1.12359, s2=12.1704]
  * Adjusted p-values: [emp=0.915423, beta=0.887522]

Processing phenotype [ENSG00000259936.1] [95/299]
  * #variants in cis = 16
  * Best hit: [id=16_internal_6146, d=-711420, pv=0.00643319, s=0.2878]
  * Beta parameters: [s1=1.01605, s2=13.2009]
  * Adjusted p-values: [emp=0.104478, beta=0.107166]

Processing phenotype [ENSG00000261661.1] [96/299]
  * #variants in cis = 15
  * Best hit: [id=16_internal_6365, d=461266, pv=0.0887118, s=-0.1914]
  * Beta parameters: [s1=1.13477, s2=13.6359]
  * Adjusted p-values: [emp=0.78607, beta=0.762956]

Processing phenotype [ENSG00000099769.5] [97/299]
  * #variants in cis = 15
  * Best hit: [id=16_internal_8249, d=68981, pv=0.0618968, s=0.2117]
  * Beta parameters: [s1=0.959665, s2=16.3464]
  * Adjusted p-values: [emp=0.636816, beta=0.597119]

Processing phenotype [ENSG00000180185.7] [98/299]
  * #variants in cis = 15
  * Best hit: [id=16_internal_8249, d=-100977, pv=0.0183452, s=-0.2531]
  * Beta parameters: [s1=0.948231, s2=17.4144]
  * Adjusted p-values: [emp=0.253731, beta=0.23065]

Processing phenotype [ENSG00000063854.7] [99/299]
  * #variants in cis = 15
  * Best hit: [id=16_internal_5464, d=0, pv=0.044846, s=0.2031]
  * Beta parameters: [s1=1.05686, s2=13.5114]
  * Adjusted p-values: [emp=0.457711, beta=0.453727]

Processing phenotype [ENSG00000260541.1] [100/299]
  * #variants in cis = 15
  * Best hit: [id=16_internal_6365, d=511113, pv=0.0249847, s=-0.2313]
  * Beta parameters: [s1=0.968366, s2=11.7061]
  * Adjusted p-values: [emp=0.293532, beta=0.300368]

Processing phenotype [ENSG00000162039.10] [101/299]
  * #variants in cis = 16
  * Best hit: [id=16_internal_6146, d=-616312, pv=0.0598577, s=-0.2008]
  * Beta parameters: [s1=0.866407, s2=12.9044]
  * Adjusted p-values: [emp=0.621891, beta=0.617384]

Processing phenotype [ENSG00000198736.7] [102/299]
  * #variants in cis = 17
  * Best hit: [id=16_internal_6339, d=509748, pv=0.0943196, s=-0.1890]
  * Beta parameters: [s1=1.05047, s2=15.0433]
  * Adjusted p-values: [emp=0.756219, beta=0.766875]

Processing phenotype [ENSG00000140990.10] [103/299]
  * #variants in cis = 17
  * Best hit: [id=16_internal_5421, d=553187, pv=0.117131, s=0.1556]
  * Beta parameters: [s1=0.903171, s2=15.2676]
  * Adjusted p-values: [emp=0.850746, beta=0.860171]

Processing phenotype [ENSG00000206811.1] [104/299]
  * #variants in cis = 17
  * Best hit: [id=16_internal_6146, d=-538140, pv=0.0301919, s=-0.2257]
  * Beta parameters: [s1=0.950118, s2=19.5087]
  * Adjusted p-values: [emp=0.39801, beta=0.407111]

Processing phenotype [ENSG00000207405.1] [105/299]
  * #variants in cis = 17
  * Best hit: [id=16_internal_9032, d=32239, pv=0.00711288, s=0.3089]
  * Beta parameters: [s1=1.0041, s2=13.9635]
  * Adjusted p-values: [emp=0.129353, beta=0.116142]

Processing phenotype [ENSG00000255513.1] [106/299]
  * #variants in cis = 17
  * Best hit: [id=16_internal_5421, d=-548600, pv=0.0212275, s=0.2287]
  * Beta parameters: [s1=1.04481, s2=13.046]
  * Adjusted p-values: [emp=0.338308, beta=0.298444]

Processing phenotype [ENSG00000140988.10] [107/299]
  * #variants in cis = 17
  * Best hit: [id=16_internal_6146, d=-535746, pv=0.0261151, s=-0.2298]
  * Beta parameters: [s1=0.925842, s2=19.2182]
  * Adjusted p-values: [emp=0.383085, beta=0.370732]

Processing phenotype [ENSG00000255198.2] [108/299]
  * #variants in cis = 17
  * Best hit: [id=16_internal_6357, d=916407, pv=0.0183042, s=0.2524]
  * Beta parameters: [s1=0.908361, s2=14.6278]
  * Adjusted p-values: [emp=0.308458, beta=0.310548]

Processing phenotype [ENSG00000238671.1] [109/299]
  * #variants in cis = 17
  * Best hit: [id=16_internal_5808, d=-620969, pv=0.0740565, s=0.1918]
  * Beta parameters: [s1=0.926734, s2=20.4935]
  * Adjusted p-values: [emp=0.681592, beta=0.692774]

Processing phenotype [ENSG00000183751.9] [110/299]
  * #variants in cis = 17
  * Best hit: [id=16_internal_5736, d=-989630, pv=0.0954119, s=0.1751]
  * Beta parameters: [s1=0.992181, s2=16.2909]
  * Adjusted p-values: [emp=0.825871, beta=0.808665]

Processing phenotype [ENSG00000269205.1] [111/299]
  * #variants in cis = 17
  * Best hit: [id=16_internal_7569, d=-334699, pv=0.0734164, s=-0.1849]
  * Beta parameters: [s1=0.997643, s2=19.6779]
  * Adjusted p-values: [emp=0.731343, beta=0.752676]

Processing phenotype [ENSG00000196408.7] [112/299]
  * #variants in cis = 16
  * Best hit: [id=16_internal_5534, d=574136, pv=0.120112, s=0.1726]
  * Beta parameters: [s1=1.14773, s2=15.9165]
  * Adjusted p-values: [emp=0.830846, beta=0.834442]

Processing phenotype [ENSG00000127554.12] [113/299]
  * #variants in cis = 16
  * Best hit: [id=16_internal_7823, d=623317, pv=0.00399797, s=-0.3156]
  * Beta parameters: [s1=1.0752, s2=12.7457]
  * Adjusted p-values: [emp=0.0746269, beta=0.068149]

Processing phenotype [ENSG00000127561.9] [114/299]
  * #variants in cis = 16
  * Best hit: [id=16_internal_7569, d=-342727, pv=0.0255006, s=-0.2323]
  * Beta parameters: [s1=1.03141, s2=17.4775]
  * Adjusted p-values: [emp=0.318408, beta=0.320357]

Processing phenotype [ENSG00000261790.1] [115/299]
  * #variants in cis = 16
  * Best hit: [id=16_internal_6339, d=556779, pv=0.0276168, s=-0.2438]
  * Beta parameters: [s1=0.849982, s2=18.7298]
  * Adjusted p-values: [emp=0.283582, beta=0.294304]

Processing phenotype [ENSG00000260107.1] [116/299]
  * #variants in cis = 16
  * Best hit: [id=16_internal_7569, d=-350721, pv=0.0571322, s=-0.1957]
  * Beta parameters: [s1=1.09328, s2=11.8093]
  * Adjusted p-values: [emp=0.597015, beta=0.601648]

Processing phenotype [ENSG00000167962.8] [117/299]
  * #variants in cis = 17
  * Best hit: [id=16_internal_6365, d=677389, pv=0.00253376, s=-0.3214]
  * Beta parameters: [s1=0.969679, s2=19.3047]
  * Adjusted p-values: [emp=0.0547264, beta=0.0306557]

Processing phenotype [ENSG00000065054.8] [118/299]
  * #variants in cis = 18
  * Best hit: [id=16_internal_6365, d=-692922, pv=0.0652256, s=-0.1989]
  * Beta parameters: [s1=1.08306, s2=15.9219]
  * Adjusted p-values: [emp=0.691542, beta=0.685875]

Processing phenotype [ENSG00000103197.12] [119/299]
  * #variants in cis = 18
  * Best hit: [id=16_internal_6339, d=-613887, pv=0.0198674, s=0.2722]
  * Beta parameters: [s1=0.923588, s2=18.9737]
  * Adjusted p-values: [emp=0.283582, beta=0.285825]

Processing phenotype [ENSG00000065057.2] [120/299]
  * #variants in cis = 18
  * Best hit: [id=16_internal_6890, d=-888739, pv=0.0229209, s=-0.2421]
  * Beta parameters: [s1=1.11306, s2=17.2643]
  * Adjusted p-values: [emp=0.343284, beta=0.34496]

Processing phenotype [ENSG00000259933.1] [121/299]
  * #variants in cis = 19
  * Best hit: [id=16_internal_5808, d=-747221, pv=0.0699542, s=-0.1709]
  * Beta parameters: [s1=0.968155, s2=17.9343]
  * Adjusted p-values: [emp=0.756219, beta=0.734812]

Processing phenotype [ENSG00000261123.1] [122/299]
  * #variants in cis = 19
  * Best hit: [id=16_internal_5808, d=752811, pv=0.00961156, s=-0.2615]
  * Beta parameters: [s1=0.973486, s2=24.7373]
  * Adjusted p-values: [emp=0.129353, beta=0.116554]

Processing phenotype [ENSG00000261240.1] [123/299]
  * #variants in cis = 20
  * Best hit: [id=16_internal_8425, d=-622643, pv=0.0238381, s=0.2309]
  * Beta parameters: [s1=0.886922, s2=16.241]
  * Adjusted p-values: [emp=0.402985, beta=0.387282]

Processing phenotype [ENSG00000260447.1] [124/299]
  * #variants in cis = 20
  * Best hit: [id=16_internal_5421, d=393488, pv=0.0847892, s=-0.1884]
  * Beta parameters: [s1=0.996743, s2=17.0448]
  * Adjusted p-values: [emp=0.78607, beta=0.807711]

Processing phenotype [ENSG00000008710.12] [125/299]
  * #variants in cis = 20
  * Best hit: [id=16_internal_7823, d=-471626, pv=0.0485079, s=0.2225]
  * Beta parameters: [s1=1.04129, s2=16.7382]
  * Adjusted p-values: [emp=0.676617, beta=0.66008]

Processing phenotype [ENSG00000167964.7] [126/299]
  * #variants in cis = 20
  * Best hit: [id=16_internal_6890, d=795802, pv=0.00586249, s=-0.2819]
  * Beta parameters: [s1=0.929782, s2=19.6941]
  * Adjusted p-values: [emp=0.0995025, beta=0.097047]

Processing phenotype [ENSG00000206630.1] [127/299]
  * #variants in cis = 20
  * Best hit: [id=16_internal_7823, d=-452419, pv=0.0588505, s=0.2068]
  * Beta parameters: [s1=1.14813, s2=17.2163]
  * Adjusted p-values: [emp=0.686567, beta=0.68416]

Processing phenotype [ENSG00000260260.1] [128/299]
  * #variants in cis = 20
  * Best hit: [id=16_internal_5421, d=-357337, pv=0.0829104, s=0.1943]
  * Beta parameters: [s1=0.850495, s2=24.4287]
  * Adjusted p-values: [emp=0.80597, beta=0.826574]

Processing phenotype [ENSG00000131653.8] [129/299]
  * #variants in cis = 20
  * Best hit: [id=16_internal_5978, d=847948, pv=0.0434511, s=0.2021]
  * Beta parameters: [s1=0.899984, s2=17.8681]
  * Adjusted p-values: [emp=0.522388, beta=0.545174]

Processing phenotype [ENSG00000167971.13] [130/299]
  * #variants in cis = 21
  * Best hit: [id=16_internal_6500, d=-886707, pv=0.029346, s=0.2261]
  * Beta parameters: [s1=0.962833, s2=19.6678]
  * Adjusted p-values: [emp=0.452736, beta=0.453516]

Processing phenotype [ENSG00000167965.12] [131/299]
  * #variants in cis = 21
  * Best hit: [id=16_internal_8738, d=580400, pv=0.12425, s=0.1660]
  * Beta parameters: [s1=0.98381, s2=20.5886]
  * Adjusted p-values: [emp=0.955224, beta=0.944475]

Processing phenotype [ENSG00000182685.3] [132/299]
  * #variants in cis = 21
  * Best hit: [id=16_internal_6339, d=778372, pv=0.0341327, s=0.2322]
  * Beta parameters: [s1=1.01516, s2=19.7514]
  * Adjusted p-values: [emp=0.487562, beta=0.463239]

Processing phenotype [ENSG00000261532.1] [133/299]
  * #variants in cis = 21
  * Best hit: [id=16_internal_8063, d=975846, pv=0.196305, s=0.1407]
  * Beta parameters: [s1=1.14992, s2=18.9525]
  * Adjusted p-values: [emp=0.9801, beta=0.989657]

Processing phenotype [ENSG00000184207.7] [134/299]
  * #variants in cis = 21
  * Best hit: [id=16_internal_8249, d=488817, pv=0.115978, s=0.1594]
  * Beta parameters: [s1=0.865376, s2=19.3217]
  * Adjusted p-values: [emp=0.890547, beta=0.899186]

Processing phenotype [ENSG00000167967.10] [135/299]
  * #variants in cis = 21
  * Best hit: [id=16_internal_6357, d=657807, pv=0.108958, s=-0.1809]
  * Beta parameters: [s1=1.06663, s2=20.1169]
  * Adjusted p-values: [emp=0.930348, beta=0.917399]

Processing phenotype [ENSG00000167968.7] [136/299]
  * #variants in cis = 21
  * Best hit: [id=16_internal_5534, d=-825760, pv=0.0222054, s=0.2461]
  * Beta parameters: [s1=1.00611, s2=15.4228]
  * Adjusted p-values: [emp=0.432836, beta=0.423172]

Processing phenotype [ENSG00000259780.2] [137/299]
  * #variants in cis = 21
  * Best hit: [id=16_internal_5464, d=408885, pv=0.0323011, s=0.2208]
  * Beta parameters: [s1=0.841696, s2=24.8332]
  * Adjusted p-values: [emp=0.487562, beta=0.511411]

Processing phenotype [ENSG00000261663.1] [138/299]
  * #variants in cis = 21
  * Best hit: [id=16_internal_5421, d=272208, pv=0.00174821, s=0.3233]
  * Beta parameters: [s1=0.978983, s2=18.9514]
  * Adjusted p-values: [emp=0.039801, beta=0.0399152]

Processing phenotype [ENSG00000167969.7] [139/299]
  * #variants in cis = 21
  * Best hit: [id=16_internal_6146, d=-248306, pv=0.0111055, s=-0.2714]
  * Beta parameters: [s1=0.917584, s2=16.4495]
  * Adjusted p-values: [emp=0.253731, beta=0.251641]

Processing phenotype [ENSG00000167970.6] [140/299]
  * #variants in cis = 21
  * Best hit: [id=16_internal_8738, d=530911, pv=0.000471347, s=0.3419]
  * Beta parameters: [s1=0.971112, s2=17.6891]
  * Adjusted p-values: [emp=0.0298507, beta=0.0147874]

Processing phenotype [ENSG00000260778.1] [141/299]
  * #variants in cis = 21
  * Best hit: [id=16_internal_8425, d=-778463, pv=0.158774, s=0.1567]
  * Beta parameters: [s1=1.10004, s2=18.4658]
  * Adjusted p-values: [emp=0.970149, beta=0.969434]

Processing phenotype [ENSG00000205937.6] [142/299]
  * #variants in cis = 21
  * Best hit: [id=16_internal_6365, d=935978, pv=0.00179282, s=-0.3122]
  * Beta parameters: [s1=0.962699, s2=31.2277]
  * Adjusted p-values: [emp=0.0298507, beta=0.0272546]

Processing phenotype [ENSG00000243445.1] [143/299]
  * #variants in cis = 20
  * Best hit: [id=16_internal_6357, d=-548634, pv=0.0621727, s=0.2057]
  * Beta parameters: [s1=1.01305, s2=15.8559]
  * Adjusted p-values: [emp=0.721393, beta=0.723501]

Processing phenotype [ENSG00000238098.4] [144/299]
  * #variants in cis = 20
  * Best hit: [id=16_internal_8249, d=-613160, pv=0.00487413, s=-0.2827]
  * Beta parameters: [s1=1.02635, s2=19.9626]
  * Adjusted p-values: [emp=0.0696517, beta=0.0701312]

Processing phenotype [ENSG00000167972.8] [145/299]
  * #variants in cis = 20
  * Best hit: [id=16_internal_5865, d=-676507, pv=0.0181444, s=-0.2299]
  * Beta parameters: [s1=0.760612, s2=18.7607]
  * Adjusted p-values: [emp=0.328358, beta=0.313801]

Processing phenotype [ENSG00000162063.8] [146/299]
  * #variants in cis = 18
  * Best hit: [id=16_internal_5421, d=83301, pv=0.0149616, s=0.2646]
  * Beta parameters: [s1=0.947751, s2=17.1109]
  * Adjusted p-values: [emp=0.233831, beta=0.21698]

Processing phenotype [ENSG00000260095.1] [147/299]
  * #variants in cis = 18
  * Best hit: [id=16_internal_8063, d=-734866, pv=0.0268753, s=0.2352]
  * Beta parameters: [s1=1.06812, s2=17.6132]
  * Adjusted p-values: [emp=0.368159, beta=0.352423]

Processing phenotype [ENSG00000260874.1] [148/299]
  * #variants in cis = 18
  * Best hit: [id=16_internal_5865, d=-557274, pv=0.099527, s=0.1756]
  * Beta parameters: [s1=0.947958, s2=15.7287]
  * Adjusted p-values: [emp=0.835821, beta=0.831124]

Processing phenotype [ENSG00000162062.10] [149/299]
  * #variants in cis = 18
  * Best hit: [id=16_internal_6890, d=476525, pv=0.0505238, s=0.2133]
  * Beta parameters: [s1=1, s2=16.7901]
  * Adjusted p-values: [emp=0.58209, beta=0.603174]

Processing phenotype [ENSG00000162065.7] [150/299]
  * #variants in cis = 18
  * Best hit: [id=16_internal_5865, d=542107, pv=0.0326316, s=-0.2352]
  * Beta parameters: [s1=0.979908, s2=15.9342]
  * Adjusted p-values: [emp=0.447761, beta=0.446589]

Processing phenotype [ENSG00000260272.1] [151/299]
  * #variants in cis = 17
  * Best hit: [id=16_internal_5865, d=521221, pv=0.0473295, s=-0.2111]
  * Beta parameters: [s1=0.93527, s2=12.6598]
  * Adjusted p-values: [emp=0.532338, beta=0.54594]

Processing phenotype [ENSG00000185883.5] [152/299]
  * #variants in cis = 17
  * Best hit: [id=16_internal_8738, d=270922, pv=0.0576957, s=0.2040]
  * Beta parameters: [s1=0.967592, s2=16.6849]
  * Adjusted p-values: [emp=0.651741, beta=0.652056]

Processing phenotype [ENSG00000259784.1] [153/299]
  * #variants in cis = 17
  * Best hit: [id=16_internal_7823, d=93559, pv=0.0357674, s=0.2091]
  * Beta parameters: [s1=1.11753, s2=16.507]
  * Adjusted p-values: [emp=0.502488, beta=0.474474]

Processing phenotype [ENSG00000162066.10] [154/299]
  * #variants in cis = 17
  * Best hit: [id=16_internal_6890, d=416248, pv=0.0479783, s=-0.2364]
  * Beta parameters: [s1=0.863494, s2=21.4259]
  * Adjusted p-values: [emp=0.542289, beta=0.563549]

Processing phenotype [ENSG00000205923.2] [155/299]
  * #variants in cis = 17
  * Best hit: [id=16_internal_6890, d=-405186, pv=0.0826163, s=-0.2074]
  * Beta parameters: [s1=0.965121, s2=14.9884]
  * Adjusted p-values: [emp=0.751244, beta=0.749371]

Processing phenotype [ENSG00000266232.1] [156/299]
  * #variants in cis = 17
  * Best hit: [id=16_internal_8249, d=806015, pv=0.0172648, s=0.2636]
  * Beta parameters: [s1=1.19533, s2=17.0537]
  * Adjusted p-values: [emp=0.258706, beta=0.242309]

Processing phenotype [ENSG00000140992.13] [157/299]
  * #variants in cis = 17
  * Best hit: [id=16_internal_7569, d=-891031, pv=0.0712848, s=0.1873]
  * Beta parameters: [s1=0.907318, s2=17.8005]
  * Adjusted p-values: [emp=0.676617, beta=0.699796]

Processing phenotype [ENSG00000261613.1] [158/299]
  * #variants in cis = 17
  * Best hit: [id=16_internal_8738, d=-218354, pv=0.00555938, s=0.2899]
  * Beta parameters: [s1=1.0238, s2=17.7958]
  * Adjusted p-values: [emp=0.0597015, beta=0.0682877]

Processing phenotype [ENSG00000261093.1] [159/299]
  * #variants in cis = 18
  * Best hit: [id=16_internal_6340, d=-849899, pv=0.0174353, s=0.2557]
  * Beta parameters: [s1=0.981502, s2=19.8906]
  * Adjusted p-values: [emp=0.288557, beta=0.28546]

Processing phenotype [ENSG00000215154.2] [160/299]
  * #variants in cis = 18
  * Best hit: [id=16_internal_7823, d=4174, pv=0.00124725, s=0.3227]
  * Beta parameters: [s1=0.998652, s2=21.4805]
  * Adjusted p-values: [emp=0.0199005, beta=0.00984923]

Processing phenotype [ENSG00000205918.5] [161/299]
  * #variants in cis = 18
  * Best hit: [id=16_internal_5464, d=815268, pv=0.0127848, s=-0.2476]
  * Beta parameters: [s1=0.931606, s2=19.3312]
  * Adjusted p-values: [emp=0.21393, beta=0.194575]

Processing phenotype [ENSG00000261169.1] [162/299]
  * #variants in cis = 17
  * Best hit: [id=16_internal_5464, d=845394, pv=0.0144809, s=-0.2396]
  * Beta parameters: [s1=0.918535, s2=19.4084]
  * Adjusted p-values: [emp=0.278607, beta=0.245867]

Processing phenotype [ENSG00000260565.1] [163/299]
  * #variants in cis = 17
  * Best hit: [id=16_internal_7823, d=0, pv=0.000766087, s=0.3545]
  * Beta parameters: [s1=0.944021, s2=19.4972]
  * Adjusted p-values: [emp=0.00995025, beta=0.00787093]

Processing phenotype [ENSG00000167977.4] [164/299]
  * #variants in cis = 17
  * Best hit: [id=16_internal_6890, d=254130, pv=0.00530318, s=-0.2766]
  * Beta parameters: [s1=0.956458, s2=13.4988]
  * Adjusted p-values: [emp=0.139303, beta=0.113299]

Processing phenotype [ENSG00000172382.5] [165/299]
  * #variants in cis = 17
  * Best hit: [id=16_internal_8738, d=-64097, pv=0.0624466, s=0.1743]
  * Beta parameters: [s1=0.943769, s2=18.2492]
  * Adjusted p-values: [emp=0.59204, beta=0.623822]

Processing phenotype [ENSG00000167978.11] [166/299]
  * #variants in cis = 16
  * Best hit: [id=16_internal_6357, d=129037, pv=0.0660281, s=0.1966]
  * Beta parameters: [s1=0.883885, s2=18.4473]
  * Adjusted p-values: [emp=0.58209, beta=0.61954]

Processing phenotype [ENSG00000205913.2] [167/299]
  * #variants in cis = 16
  * Best hit: [id=16_internal_5989, d=-822334, pv=0.00605119, s=-0.2986]
  * Beta parameters: [s1=1.02855, s2=18.0717]
  * Adjusted p-values: [emp=0.0995025, beta=0.08349]

Processing phenotype [ENSG00000265864.1] [168/299]
  * #variants in cis = 16
  * Best hit: [id=16_internal_8063, d=417971, pv=0.0307567, s=-0.2173]
  * Beta parameters: [s1=0.991635, s2=12.7555]
  * Adjusted p-values: [emp=0.412935, beta=0.398519]

Processing phenotype [ENSG00000103363.10] [169/299]
  * #variants in cis = 16
  * Best hit: [id=16_internal_8738, d=-7351, pv=0.0177934, s=-0.2552]
  * Beta parameters: [s1=0.933322, s2=11.7426]
  * Adjusted p-values: [emp=0.293532, beta=0.28664]

Processing phenotype [ENSG00000007038.6] [170/299]
  * #variants in cis = 16
  * Best hit: [id=16_internal_8738, d=0, pv=0.000236927, s=0.4035]
  * Beta parameters: [s1=0.991875, s2=17.9064]
  * Adjusted p-values: [emp=0.00995025, beta=0.00416931]

Processing phenotype [ENSG00000172460.10] [171/299]
  * #variants in cis = 15
  * Best hit: [id=16_internal_6890, d=-93861, pv=0.0860236, s=-0.1894]
  * Beta parameters: [s1=0.964742, s2=10.1298]
  * Adjusted p-values: [emp=0.651741, beta=0.662669]

Processing phenotype [ENSG00000162076.8] [172/299]
  * #variants in cis = 15
  * Best hit: [id=16_internal_5865, d=134067, pv=0.0391008, s=-0.2273]
  * Beta parameters: [s1=0.942347, s2=16.2068]
  * Adjusted p-values: [emp=0.41791, beta=0.433619]

Processing phenotype [ENSG00000059122.12] [173/299]
  * #variants in cis = 15
  * Best hit: [id=16_internal_5989, d=662997, pv=0.0245696, s=-0.2313]
  * Beta parameters: [s1=1.05666, s2=15.0121]
  * Adjusted p-values: [emp=0.268657, beta=0.291549]

Processing phenotype [ENSG00000262959.1] [174/299]
  * #variants in cis = 15
  * Best hit: [id=16_internal_6890, d=-13375, pv=0.131589, s=-0.1439]
  * Beta parameters: [s1=1.02746, s2=12.123]
  * Adjusted p-values: [emp=0.820896, beta=0.840672]

Processing phenotype [ENSG00000262482.1] [175/299]
  * #variants in cis = 14
  * Best hit: [id=16_internal_6934, d=-151224, pv=0.0438803, s=-0.2150]
  * Beta parameters: [s1=1.0621, s2=12.97]
  * Adjusted p-values: [emp=0.447761, beta=0.455196]

Processing phenotype [ENSG00000162073.9] [176/299]
  * #variants in cis = 15
  * Best hit: [id=16_internal_7823, d=-283106, pv=0.0628617, s=0.1986]
  * Beta parameters: [s1=0.883743, s2=14.772]
  * Adjusted p-values: [emp=0.60199, beta=0.60794]

Processing phenotype [ENSG00000127564.12] [177/299]
  * #variants in cis = 14
  * Best hit: [id=16_internal_8063, d=-207304, pv=0.0355784, s=0.2099]
  * Beta parameters: [s1=0.966862, s2=13.7829]
  * Adjusted p-values: [emp=0.412935, beta=0.422174]

Processing phenotype [ENSG00000131652.9] [178/299]
  * #variants in cis = 14
  * Best hit: [id=16_internal_7701, d=936129, pv=0.036042, s=-0.2168]
  * Beta parameters: [s1=1.01241, s2=13.886]
  * Adjusted p-values: [emp=0.457711, beta=0.451212]

Processing phenotype [ENSG00000103145.5] [179/299]
  * #variants in cis = 14
  * Best hit: [id=16_internal_8738, d=165266, pv=0.00885219, s=0.2496]
  * Beta parameters: [s1=0.93245, s2=14.9535]
  * Adjusted p-values: [emp=0.124378, beta=0.122689]

Processing phenotype [ENSG00000162069.10] [180/299]
  * #variants in cis = 14
  * Best hit: [id=16_internal_5865, d=0, pv=0.107226, s=-0.1757]
  * Beta parameters: [s1=0.981591, s2=12.6866]
  * Adjusted p-values: [emp=0.756219, beta=0.754091]

Processing phenotype [ENSG00000008516.12] [181/299]
  * #variants in cis = 14
  * Best hit: [id=16_internal_7701, d=913475, pv=0.0110683, s=-0.2639]
  * Beta parameters: [s1=1.02178, s2=11.8279]
  * Adjusted p-values: [emp=0.149254, beta=0.143645]

Processing phenotype [ENSG00000262019.1] [182/299]
  * #variants in cis = 14
  * Best hit: [id=16_internal_6357, d=-140499, pv=0.0684488, s=0.2004]
  * Beta parameters: [s1=0.950787, s2=13.5843]
  * Adjusted p-values: [emp=0.577114, beta=0.618147]

Processing phenotype [ENSG00000261971.2] [183/299]
  * #variants in cis = 14
  * Best hit: [id=16_internal_6500, d=-23862, pv=0.0127552, s=0.2336]
  * Beta parameters: [s1=1.01653, s2=13.4785]
  * Adjusted p-values: [emp=0.169154, beta=0.167573]

Processing phenotype [ENSG00000008517.12] [184/299]
  * #variants in cis = 14
  * Best hit: [id=16_internal_6500, d=17935, pv=0.00286398, s=0.3031]
  * Beta parameters: [s1=0.987922, s2=15.4154]
  * Adjusted p-values: [emp=0.0298507, beta=0.0269151]

Processing phenotype [ENSG00000252561.1] [185/299]
  * #variants in cis = 14
  * Best hit: [id=16_internal_6500, d=13709, pv=0.0322021, s=0.2079]
  * Beta parameters: [s1=0.882246, s2=13.4768]
  * Adjusted p-values: [emp=0.353234, beta=0.362405]

Processing phenotype [ENSG00000262370.1] [186/299]
  * #variants in cis = 14
  * Best hit: [id=16_internal_6500, d=0, pv=5.68894e-06, s=0.4602]
  * Beta parameters: [s1=0.99564, s2=12.1466]
  * Adjusted p-values: [emp=0.00497512, beta=0.000229547]

Processing phenotype [ENSG00000263011.1] [187/299]
  * #variants in cis = 14
  * Best hit: [id=16_internal_6934, d=0, pv=0.00312266, s=0.3116]
  * Beta parameters: [s1=1.06423, s2=13.7526]
  * Adjusted p-values: [emp=0.0348259, beta=0.0391083]

Processing phenotype [ENSG00000122386.6] [188/299]
  * #variants in cis = 14
  * Best hit: [id=16_internal_5865, d=-73176, pv=0.0139427, s=0.2569]
  * Beta parameters: [s1=0.922832, s2=16.6926]
  * Adjusted p-values: [emp=0.179104, beta=0.164182]

Processing phenotype [ENSG00000263214.1] [189/299]
  * #variants in cis = 14
  * Best hit: [id=16_internal_6934, d=0, pv=0.024449, s=0.2296]
  * Beta parameters: [s1=1.00461, s2=13.3717]
  * Adjusted p-values: [emp=0.338308, beta=0.302819]

Processing phenotype [ENSG00000085644.9] [190/299]
  * #variants in cis = 14
  * Best hit: [id=16_internal_7823, d=-443638, pv=0.0110714, s=0.2807]
  * Beta parameters: [s1=1.03607, s2=13.8754]
  * Adjusted p-values: [emp=0.129353, beta=0.146196]

Processing phenotype [ENSG00000263072.1] [191/299]
  * #variants in cis = 14
  * Best hit: [id=16_internal_6500, d=8568, pv=0.0613109, s=0.2011]
  * Beta parameters: [s1=1.07527, s2=15.4722]
  * Adjusted p-values: [emp=0.567164, beta=0.554956]

Processing phenotype [ENSG00000228146.2] [192/299]
  * #variants in cis = 14
  * Best hit: [id=16_internal_8063, d=43624, pv=0.0761818, s=0.1875]
  * Beta parameters: [s1=1.08445, s2=17.9003]
  * Adjusted p-values: [emp=0.731343, beta=0.740799]

Processing phenotype [ENSG00000261889.1] [193/299]
  * #variants in cis = 14
  * Best hit: [id=16_internal_5865, d=118099, pv=0.0527991, s=-0.2205]
  * Beta parameters: [s1=1.0398, s2=13.2991]
  * Adjusted p-values: [emp=0.542289, beta=0.535407]

Processing phenotype [ENSG00000262668.1] [194/299]
  * #variants in cis = 15
  * Best hit: [id=16_internal_8063, d=0, pv=0.0094743, s=0.2673]
  * Beta parameters: [s1=0.970497, s2=14.7958]
  * Adjusted p-values: [emp=0.134328, beta=0.121658]

Processing phenotype [ENSG00000203581.6] [195/299]
  * #variants in cis = 15
  * Best hit: [id=16_internal_8063, d=0, pv=2.52296e-05, s=0.4225]
  * Beta parameters: [s1=0.924072, s2=21.6889]
  * Adjusted p-values: [emp=0.00497512, beta=0.000162064]

Processing phenotype [ENSG00000010539.7] [196/299]
  * #variants in cis = 15
  * Best hit: [id=16_internal_8063, d=0, pv=0.00100035, s=0.3171]
  * Beta parameters: [s1=0.932685, s2=19.6514]
  * Adjusted p-values: [emp=0.00995025, beta=0.0127998]

Processing phenotype [ENSG00000103313.7] [197/299]
  * #variants in cis = 16
  * Best hit: [id=16_internal_8063, d=0, pv=0.00162965, s=0.3250]
  * Beta parameters: [s1=0.906383, s2=13.8521]
  * Adjusted p-values: [emp=0.0447761, beta=0.0293034]

Processing phenotype [ENSG00000006194.6] [198/299]
  * #variants in cis = 16
  * Best hit: [id=16_internal_8063, d=0, pv=0.000767121, s=0.3442]
  * Beta parameters: [s1=1.00551, s2=13.0288]
  * Adjusted p-values: [emp=0.0199005, beta=0.0146935]

Processing phenotype [ENSG00000162086.9] [199/299]
  * #variants in cis = 16
  * Best hit: [id=16_internal_5865, d=-266021, pv=0.0361504, s=0.2342]
  * Beta parameters: [s1=1.10524, s2=16.1493]
  * Adjusted p-values: [emp=0.482587, beta=0.43324]

Processing phenotype [ENSG00000140993.6] [200/299]
  * #variants in cis = 16
  * Best hit: [id=16_internal_6236, d=-864240, pv=0.0206306, s=0.2199]
  * Beta parameters: [s1=0.99337, s2=20.7297]
  * Adjusted p-values: [emp=0.233831, beta=0.260365]

Processing phenotype [ENSG00000262899.1] [201/299]
  * #variants in cis = 16
  * Best hit: [id=16_internal_8063, d=22239, pv=0.0755035, s=0.1886]
  * Beta parameters: [s1=1.1605, s2=15.2581]
  * Adjusted p-values: [emp=0.716418, beta=0.696578]

Processing phenotype [ENSG00000262554.1] [202/299]
  * #variants in cis = 16
  * Best hit: [id=16_internal_5989, d=266326, pv=0.112833, s=-0.1750]
  * Beta parameters: [s1=0.954447, s2=13.671]
  * Adjusted p-values: [emp=0.865672, beta=0.855457]

Processing phenotype [ENSG00000168158.2] [203/299]
  * #variants in cis = 16
  * Best hit: [id=16_internal_8738, d=-496868, pv=0.00797096, s=-0.2796]
  * Beta parameters: [s1=0.934749, s2=15.775]
  * Adjusted p-values: [emp=0.124378, beta=0.10758]

Processing phenotype [ENSG00000262621.1] [204/299]
  * #variants in cis = 16
  * Best hit: [id=16_internal_6340, d=84519, pv=0.09099, s=-0.1708]
  * Beta parameters: [s1=0.984035, s2=17.9535]
  * Adjusted p-values: [emp=0.81592, beta=0.821747]

Processing phenotype [ENSG00000262118.1] [205/299]
  * #variants in cis = 16
  * Best hit: [id=16_internal_6357, d=455402, pv=0.0511652, s=0.1829]
  * Beta parameters: [s1=1.05092, s2=17.5424]
  * Adjusted p-values: [emp=0.552239, beta=0.581915]

Processing phenotype [ENSG00000263177.1] [206/299]
  * #variants in cis = 16
  * Best hit: [id=16_internal_6890, d=413364, pv=0.0569087, s=-0.2077]
  * Beta parameters: [s1=1.04186, s2=18.0194]
  * Adjusted p-values: [emp=0.646766, beta=0.6179]

Processing phenotype [ENSG00000232196.2] [207/299]
  * #variants in cis = 16
  * Best hit: [id=16_internal_5989, d=-202652, pv=0.0172409, s=-0.2572]
  * Beta parameters: [s1=0.928505, s2=17.8587]
  * Adjusted p-values: [emp=0.273632, beta=0.254739]

Processing phenotype [ENSG00000140987.15] [208/299]
  * #variants in cis = 16
  * Best hit: [id=16_internal_6934, d=228321, pv=0.163382, s=0.1587]
  * Beta parameters: [s1=0.846613, s2=16.3835]
  * Adjusted p-values: [emp=0.955224, beta=0.937259]

Processing phenotype [ENSG00000103343.8] [209/299]
  * #variants in cis = 16
  * Best hit: [id=16_internal_6236, d=768734, pv=0.0582321, s=0.2038]
  * Beta parameters: [s1=1.19671, s2=10.9477]
  * Adjusted p-values: [emp=0.60199, beta=0.559956]

Processing phenotype [ENSG00000167981.4] [210/299]
  * #variants in cis = 16
  * Best hit: [id=16_internal_7823, d=757402, pv=0.244569, s=-0.1173]
  * Beta parameters: [s1=1.04184, s2=16.2286]
  * Adjusted p-values: [emp=0.970149, beta=0.983798]

Processing phenotype [ENSG00000122390.12] [211/299]
  * #variants in cis = 16
  * Best hit: [id=16_internal_6340, d=6007, pv=0.0200325, s=-0.2314]
  * Beta parameters: [s1=0.897095, s2=14.8618]
  * Adjusted p-values: [emp=0.288557, beta=0.275545]

Processing phenotype [ENSG00000263212.1] [212/299]
  * #variants in cis = 17
  * Best hit: [id=16_internal_6236, d=711898, pv=0.0645209, s=0.1916]
  * Beta parameters: [s1=1.05708, s2=15.1193]
  * Adjusted p-values: [emp=0.751244, beta=0.719859]

Processing phenotype [ENSG00000103351.8] [213/299]
  * #variants in cis = 17
  * Best hit: [id=16_internal_6236, d=669045, pv=0.0652502, s=0.1849]
  * Beta parameters: [s1=0.898633, s2=17.4398]
  * Adjusted p-values: [emp=0.671642, beta=0.663342]

Processing phenotype [ENSG00000262312.1] [214/299]
  * #variants in cis = 17
  * Best hit: [id=16_internal_7823, d=-858291, pv=0.00370847, s=-0.2952]
  * Beta parameters: [s1=0.994973, s2=15.3542]
  * Adjusted p-values: [emp=0.0447761, beta=0.053136]

Processing phenotype [ENSG00000167984.10] [215/299]
  * #variants in cis = 17
  * Best hit: [id=16_internal_5421, d=821327, pv=0.0517875, s=-0.2223]
  * Beta parameters: [s1=0.997646, s2=15.5999]
  * Adjusted p-values: [emp=0.562189, beta=0.568123]

Processing phenotype [ENSG00000261938.1] [216/299]
  * #variants in cis = 17
  * Best hit: [id=16_internal_6236, d=588787, pv=0.11201, s=-0.1668]
  * Beta parameters: [s1=1.03037, s2=16.6917]
  * Adjusted p-values: [emp=0.845771, beta=0.831628]

Processing phenotype [ENSG00000262861.1] [217/299]
  * #variants in cis = 17
  * Best hit: [id=16_internal_6362, d=644639, pv=0.0593296, s=0.1872]
  * Beta parameters: [s1=1.00834, s2=20.6255]
  * Adjusted p-values: [emp=0.681592, beta=0.632022]

Processing phenotype [ENSG00000188827.6] [218/299]
  * #variants in cis = 17
  * Best hit: [id=16_internal_6362, d=-634162, pv=0.00557345, s=0.2960]
  * Beta parameters: [s1=0.889382, s2=24.7616]
  * Adjusted p-values: [emp=0.079602, beta=0.0754672]

Processing phenotype [ENSG00000213918.6] [219/299]
  * #variants in cis = 17
  * Best hit: [id=16_internal_6890, d=-654187, pv=0.0402648, s=-0.2273]
  * Beta parameters: [s1=1.02285, s2=12.7239]
  * Adjusted p-values: [emp=0.502488, beta=0.493417]

Processing phenotype [ENSG00000263235.1] [220/299]
  * #variants in cis = 19
  * Best hit: [id=16_internal_6710, d=-858246, pv=0.0232267, s=-0.2446]
  * Beta parameters: [s1=0.93147, s2=18.1131]
  * Adjusted p-values: [emp=0.348259, beta=0.357277]

Processing phenotype [ENSG00000178430.4] [221/299]
  * #variants in cis = 20
  * Best hit: [id=16_internal_5861, d=962968, pv=0.0031949, s=0.2957]
  * Beta parameters: [s1=1.04587, s2=20.8957]
  * Adjusted p-values: [emp=0.0447761, beta=0.0360502]

Processing phenotype [ENSG00000126602.6] [222/299]
  * #variants in cis = 19
  * Best hit: [id=16_internal_5861, d=-920781, pv=0.0815642, s=0.1769]
  * Beta parameters: [s1=0.992902, s2=18.3999]
  * Adjusted p-values: [emp=0.776119, beta=0.765258]

Processing phenotype [ENSG00000262516.1] [223/299]
  * #variants in cis = 19
  * Best hit: [id=16_internal_6357, d=-926685, pv=0.011242, s=0.2607]
  * Beta parameters: [s1=1.04583, s2=14.4499]
  * Adjusted p-values: [emp=0.253731, beta=0.215195]

Processing phenotype [ENSG00000005339.8] [224/299]
  * #variants in cis = 18
  * Best hit: [id=16_internal_6442, d=-893164, pv=0.114886, s=0.1754]
  * Beta parameters: [s1=1.03315, s2=14.7738]
  * Adjusted p-values: [emp=0.870647, beta=0.847153]

Processing phenotype [ENSG00000162104.5] [225/299]
  * #variants in cis = 15
  * Best hit: [id=16_internal_6710, d=-393764, pv=0.0124444, s=0.2527]
  * Beta parameters: [s1=0.877975, s2=16.9608]
  * Adjusted p-values: [emp=0.144279, beta=0.141788]

Processing phenotype [ENSG00000262468.1] [226/299]
  * #variants in cis = 13
  * Best hit: [id=16_internal_8257, d=-202106, pv=0.0509112, s=-0.2074]
  * Beta parameters: [s1=0.85831, s2=10.4309]
  * Adjusted p-values: [emp=0.437811, beta=0.455703]

Processing phenotype [ENSG00000090447.7] [227/299]
  * #variants in cis = 13
  * Best hit: [id=16_internal_5989, d=680533, pv=0.0474805, s=0.2055]
  * Beta parameters: [s1=0.980917, s2=10.8926]
  * Adjusted p-values: [emp=0.482587, beta=0.479134]

Processing phenotype [ENSG00000126603.4] [228/299]
  * #variants in cis = 12
  * Best hit: [id=16_internal_6710, d=195188, pv=0.0114793, s=-0.2706]
  * Beta parameters: [s1=0.962558, s2=10.6995]
  * Adjusted p-values: [emp=0.129353, beta=0.12823]

Processing phenotype [ENSG00000262712.1] [229/299]
  * #variants in cis = 12
  * Best hit: [id=16_internal_5861, d=-300560, pv=0.0976308, s=-0.1812]
  * Beta parameters: [s1=0.971899, s2=10.7509]
  * Adjusted p-values: [emp=0.641791, beta=0.660909]

Processing phenotype [ENSG00000217930.3] [230/299]
  * #variants in cis = 12
  * Best hit: [id=16_internal_6362, d=98454, pv=0.0468907, s=-0.2007]
  * Beta parameters: [s1=0.95388, s2=9.94779]
  * Adjusted p-values: [emp=0.457711, beta=0.46978]

Processing phenotype [ENSG00000168140.4] [231/299]
  * #variants in cis = 12
  * Best hit: [id=16_internal_6442, d=402042, pv=0.00340029, s=0.3174]
  * Beta parameters: [s1=0.963889, s2=8.87432]
  * Adjusted p-values: [emp=0.0597015, beta=0.057691]

Processing phenotype [ENSG00000103426.8] [232/299]
  * #variants in cis = 12
  * Best hit: [id=16_internal_7701, d=328557, pv=0.156459, s=0.1645]
  * Beta parameters: [s1=1.17724, s2=10.7315]
  * Adjusted p-values: [emp=0.855721, beta=0.852663]

Processing phenotype [ENSG00000262246.1] [233/299]
  * #variants in cis = 12
  * Best hit: [id=16_internal_6442, d=-348185, pv=0.212219, s=0.1397]
  * Beta parameters: [s1=0.993952, s2=14.4944]
  * Adjusted p-values: [emp=0.935323, beta=0.940854]

Processing phenotype [ENSG00000103423.9] [234/299]
  * #variants in cis = 12
  * Best hit: [id=16_internal_5757, d=219497, pv=0.146447, s=0.1536]
  * Beta parameters: [s1=0.923288, s2=10.2658]
  * Adjusted p-values: [emp=0.81592, beta=0.808169]

Processing phenotype [ENSG00000268334.1] [235/299]
  * #variants in cis = 12
  * Best hit: [id=16_internal_5861, d=-191232, pv=0.362268, s=-0.0997]
  * Beta parameters: [s1=0.899599, s2=12.937]
  * Adjusted p-values: [emp=0.995025, beta=0.995629]

Processing phenotype [ENSG00000103415.7] [236/299]
  * #variants in cis = 11
  * Best hit: [id=16_internal_8257, d=0, pv=0.12661, s=0.1683]
  * Beta parameters: [s1=1.02704, s2=9.32502]
  * Adjusted p-values: [emp=0.731343, beta=0.735721]

Processing phenotype [ENSG00000153406.9] [237/299]
  * #variants in cis = 11
  * Best hit: [id=16_internal_8257, d=0, pv=0.0018513, s=0.3265]
  * Beta parameters: [s1=0.909423, s2=11.353]
  * Adjusted p-values: [emp=0.0298507, beta=0.0171919]

Processing phenotype [ENSG00000089486.11] [238/299]
  * #variants in cis = 11
  * Best hit: [id=16_internal_8257, d=39432, pv=0.0110023, s=0.2668]
  * Beta parameters: [s1=1.02833, s2=10.8697]
  * Adjusted p-values: [emp=0.134328, beta=0.116705]

Processing phenotype [ENSG00000205832.7] [239/299]
  * #variants in cis = 11
  * Best hit: [id=16_internal_8257, d=-57094, pv=0.0744745, s=-0.1762]
  * Beta parameters: [s1=0.976393, s2=9.45299]
  * Adjusted p-values: [emp=0.522388, beta=0.543523]

Processing phenotype [ENSG00000261612.1] [240/299]
  * #variants in cis = 11
  * Best hit: [id=16_internal_7701, d=471191, pv=0.00605623, s=-0.2948]
  * Beta parameters: [s1=0.959039, s2=10.5281]
  * Adjusted p-values: [emp=0.0447761, beta=0.0443513]

Processing phenotype [ENSG00000153443.7] [241/299]
  * #variants in cis = 10
  * Best hit: [id=16_internal_6362, d=357874, pv=0.109324, s=0.1737]
  * Beta parameters: [s1=0.929966, s2=9.13859]
  * Adjusted p-values: [emp=0.651741, beta=0.65483]

Processing phenotype [ENSG00000102858.8] [242/299]
  * #variants in cis = 10
  * Best hit: [id=16_internal_7805, d=328168, pv=0.186742, s=0.1370]
  * Beta parameters: [s1=0.901599, s2=12.3163]
  * Adjusted p-values: [emp=0.875622, beta=0.869837]

Processing phenotype [ENSG00000261442.1] [243/299]
  * #variants in cis = 10
  * Best hit: [id=16_internal_5757, d=-4679, pv=0.00913205, s=-0.2323]
  * Beta parameters: [s1=0.929863, s2=7.8428]
  * Adjusted p-values: [emp=0.114428, beta=0.105766]

Processing phenotype [ENSG00000168101.10] [244/299]
  * #variants in cis = 10
  * Best hit: [id=16_internal_6710, d=-154211, pv=0.0428467, s=0.1992]
  * Beta parameters: [s1=1.04087, s2=8.41472]
  * Adjusted p-values: [emp=0.373134, beta=0.366119]

Processing phenotype [ENSG00000166246.9] [245/299]
  * #variants in cis = 10
  * Best hit: [id=16_internal_5801, d=-38273, pv=0.0857504, s=0.1663]
  * Beta parameters: [s1=1.06141, s2=8.82075]
  * Adjusted p-values: [emp=0.567164, beta=0.536427]

Processing phenotype [ENSG00000168096.10] [246/299]
  * #variants in cis = 10
  * Best hit: [id=16_internal_5801, d=38379, pv=0.124065, s=-0.1594]
  * Beta parameters: [s1=1.02903, s2=9.55974]
  * Adjusted p-values: [emp=0.721393, beta=0.726973]

Processing phenotype [ENSG00000266994.1] [247/299]
  * #variants in cis = 10
  * Best hit: [id=16_internal_6442, d=-21325, pv=0.135031, s=-0.1488]
  * Beta parameters: [s1=0.970645, s2=10.3521]
  * Adjusted p-values: [emp=0.761194, beta=0.757233]

Processing phenotype [ENSG00000103199.9] [248/299]
  * #variants in cis = 10
  * Best hit: [id=16_internal_6710, d=228141, pv=0.14103, s=-0.1634]
  * Beta parameters: [s1=1.04399, s2=8.5177]
  * Adjusted p-values: [emp=0.791045, beta=0.760929]

Processing phenotype [ENSG00000067836.8] [249/299]
  * #variants in cis = 10
  * Best hit: [id=16_internal_6362, d=545797, pv=0.0401591, s=-0.2186]
  * Beta parameters: [s1=1.05602, s2=9.98518]
  * Adjusted p-values: [emp=0.348259, beta=0.336452]

Processing phenotype [ENSG00000256599.1] [250/299]
  * #variants in cis = 10
  * Best hit: [id=16_internal_8257, d=305390, pv=0.0213282, s=0.2271]
  * Beta parameters: [s1=0.985282, s2=8.1233]
  * Adjusted p-values: [emp=0.233831, beta=0.230717]

Processing phenotype [ENSG00000118900.10] [251/299]
  * #variants in cis = 10
  * Best hit: [id=16_internal_7805, d=97996, pv=0.0515844, s=0.2017]
  * Beta parameters: [s1=1.05614, s2=10.2665]
  * Adjusted p-values: [emp=0.378109, beta=0.366653]

Processing phenotype [ENSG00000140632.12] [252/299]
  * #variants in cis = 10
  * Best hit: [id=16_internal_8257, d=347946, pv=0.0568332, s=0.1811]
  * Beta parameters: [s1=0.942652, s2=8.62924]
  * Adjusted p-values: [emp=0.422886, beta=0.413124]

Processing phenotype [ENSG00000118898.10] [253/299]
  * #variants in cis = 10
  * Best hit: [id=16_internal_6442, d=155446, pv=0.0527607, s=0.2166]
  * Beta parameters: [s1=0.92315, s2=11.5152]
  * Adjusted p-values: [emp=0.338308, beta=0.399916]

Processing phenotype [ENSG00000267072.1] [254/299]
  * #variants in cis = 10
  * Best hit: [id=16_internal_7805, d=-51826, pv=0.196713, s=0.1412]
  * Beta parameters: [s1=0.964383, s2=13.2574]
  * Adjusted p-values: [emp=0.885572, beta=0.888889]

Processing phenotype [ENSG00000033011.7] [255/299]
  * #variants in cis = 10
  * Best hit: [id=16_internal_8257, d=-534306, pv=0.0973152, s=-0.1806]
  * Beta parameters: [s1=1.07579, s2=12.7772]
  * Adjusted p-values: [emp=0.616915, beta=0.577295]

Processing phenotype [ENSG00000103174.7] [256/299]
  * #variants in cis = 10
  * Best hit: [id=16_internal_8257, d=534745, pv=0.0929964, s=0.1782]
  * Beta parameters: [s1=0.961508, s2=12.3587]
  * Adjusted p-values: [emp=0.641791, beta=0.647115]

Processing phenotype [ENSG00000153446.11] [257/299]
  * #variants in cis = 10
  * Best hit: [id=16_internal_6710, d=526627, pv=0.000117281, s=-0.3787]
  * Beta parameters: [s1=1.09183, s2=9.99513]
  * Adjusted p-values: [emp=0.00497512, beta=0.000433946]

Processing phenotype [ENSG00000260882.1] [258/299]
  * #variants in cis = 10
  * Best hit: [id=16_internal_5801, d=382606, pv=0.173414, s=-0.1302]
  * Beta parameters: [s1=1.04456, s2=10.302]
  * Adjusted p-values: [emp=0.845771, beta=0.836144]

Processing phenotype [ENSG00000118894.10] [259/299]
  * #variants in cis = 9
  * Best hit: [id=16_internal_8257, d=598412, pv=0.173304, s=-0.1476]
  * Beta parameters: [s1=0.902244, s2=7.43558]
  * Adjusted p-values: [emp=0.741294, beta=0.763279]

Processing phenotype [ENSG00000067365.10] [260/299]
  * #variants in cis = 5
  * Best hit: [id=16_internal_5776, d=8791, pv=0.0648285, s=0.1747]
  * Maximum Likelihood estimation failed, use Moment Matching instead!
  * Beta parameters: [s1=1.00006, s2=5.19572]
  * Adjusted p-values: [emp=0.238806, beta=0.228327]

Processing phenotype [ENSG00000183044.7] [261/299]
  * #variants in cis = 5
  * Best hit: [id=16_internal_8614, d=121011, pv=0.0624918, s=-0.1972]
  * Maximum Likelihood estimation failed, use Moment Matching instead!
  * Beta parameters: [s1=0.999898, s2=4.30193]
  * Adjusted p-values: [emp=0.288557, beta=0.291705]

Processing phenotype [ENSG00000243954.2] [262/299]
  * #variants in cis = 5
  * Best hit: [id=16_internal_5776, d=-36633, pv=0.112235, s=-0.1621]
  * Maximum Likelihood estimation failed, use Moment Matching instead!
  * Beta parameters: [s1=1.00012, s2=4.35802]
  * Adjusted p-values: [emp=0.412935, beta=0.411987]

Processing phenotype [ENSG00000140650.7] [263/299]
  * #variants in cis = 5
  * Best hit: [id=16_internal_6648, d=0, pv=0.22215, s=-0.1314]
  * Beta parameters: [s1=0.966288, s2=5.29034]
  * Adjusted p-values: [emp=0.686567, beta=0.698957]

Processing phenotype [ENSG00000184857.7] [264/299]
  * #variants in cis = 5
  * Best hit: [id=16_internal_5776, d=151027, pv=0.0448337, s=-0.2180]
  * Maximum Likelihood estimation failed, use Moment Matching instead!
  * Beta parameters: [s1=1, s2=4.73023]
  * Adjusted p-values: [emp=0.199005, beta=0.189189]

Processing phenotype [ENSG00000260276.1] [265/299]
  * #variants in cis = 5
  * Best hit: [id=16_internal_5723, d=-97964, pv=0.285143, s=-0.1233]
  * Maximum Likelihood estimation failed, use Moment Matching instead!
  * Beta parameters: [s1=1.00013, s2=4.18732]
  * Adjusted p-values: [emp=0.810945, beta=0.799847]

Processing phenotype [ENSG00000260350.1] [266/299]
  * #variants in cis = 5
  * Best hit: [id=16_internal_5776, d=202103, pv=0.152587, s=0.1519]
  * Maximum Likelihood estimation failed, use Moment Matching instead!
  * Beta parameters: [s1=1.00001, s2=5.24017]
  * Adjusted p-values: [emp=0.557214, beta=0.581711]

Processing phenotype [ENSG00000259939.1] [267/299]
  * #variants in cis = 5
  * Best hit: [id=16_internal_5723, d=-103171, pv=0.238671, s=-0.1114]
  * Maximum Likelihood estimation failed, use Moment Matching instead!
  * Beta parameters: [s1=0.999919, s2=6.40264]
  * Adjusted p-values: [emp=0.716418, beta=0.759709]

Processing phenotype [ENSG00000153048.6] [268/299]
  * #variants in cis = 5
  * Best hit: [id=16_internal_5723, d=118868, pv=0.0436199, s=-0.2151]
  * Maximum Likelihood estimation failed, use Moment Matching instead!
  * Beta parameters: [s1=1.00009, s2=4.82365]
  * Adjusted p-values: [emp=0.18408, beta=0.19556]

Processing phenotype [ENSG00000260979.1] [269/299]
  * #variants in cis = 5
  * Best hit: [id=16_internal_6648, d=-120046, pv=0.14465, s=0.1634]
  * Beta parameters: [s1=1.02151, s2=5.85495]
  * Adjusted p-values: [emp=0.477612, beta=0.503117]

Processing phenotype [ENSG00000187555.10] [270/299]
  * #variants in cis = 5
  * Best hit: [id=16_internal_8614, d=83811, pv=0.0486377, s=-0.2239]
  * Maximum Likelihood estimation failed, use Moment Matching instead!
  * Beta parameters: [s1=0.99998, s2=5.01117]
  * Adjusted p-values: [emp=0.233831, beta=0.232907]

Processing phenotype [ENSG00000182831.7] [271/299]
  * #variants in cis = 5
  * Best hit: [id=16_internal_5776, d=-445027, pv=0.261813, s=-0.1206]
  * Beta parameters: [s1=1.00848, s2=5.46704]
  * Adjusted p-values: [emp=0.756219, beta=0.756518]

Processing phenotype [ENSG00000262944.1] [272/299]
  * #variants in cis = 5
  * Best hit: [id=16_internal_5723, d=-354707, pv=0.0685001, s=0.2031]
  * Maximum Likelihood estimation failed, use Moment Matching instead!
  * Beta parameters: [s1=0.999903, s2=4.96868]
  * Adjusted p-values: [emp=0.273632, beta=0.283995]

Processing phenotype [ENSG00000260349.1] [273/299]
  * #variants in cis = 5
  * Best hit: [id=16_internal_6648, d=264514, pv=0.212431, s=-0.1363]
  * Maximum Likelihood estimation failed, use Moment Matching instead!
  * Beta parameters: [s1=1, s2=4.89955]
  * Adjusted p-values: [emp=0.681592, beta=0.660677]

Processing phenotype [ENSG00000263244.1] [274/299]
  * #variants in cis = 5
  * Best hit: [id=16_internal_5723, d=-357100, pv=0.0290755, s=0.2481]
  * Maximum Likelihood estimation failed, use Moment Matching instead!
  * Beta parameters: [s1=0.999965, s2=4.54546]
  * Adjusted p-values: [emp=0.144279, beta=0.143727]

Processing phenotype [ENSG00000220793.4] [275/299]
  * #variants in cis = 5
  * Best hit: [id=16_internal_6025, d=-122333, pv=0.115487, s=0.1510]
  * Maximum Likelihood estimation failed, use Moment Matching instead!
  * Beta parameters: [s1=0.999957, s2=4.30539]
  * Adjusted p-values: [emp=0.462687, beta=0.431914]

Processing phenotype [ENSG00000166669.9] [276/299]
  * #variants in cis = 9
  * Best hit: [id=16_internal_7542, d=59789, pv=0.025832, s=0.2406]
  * Beta parameters: [s1=0.985337, s2=9.65511]
  * Adjusted p-values: [emp=0.233831, beta=0.215311]

Processing phenotype [ENSG00000264305.1] [277/299]
  * #variants in cis = 10
  * Best hit: [id=16_internal_5697, d=698557, pv=0.0513881, s=-0.2170]
  * Beta parameters: [s1=1.02243, s2=9.57156]
  * Adjusted p-values: [emp=0.467662, beta=0.431755]

Processing phenotype [ENSG00000103274.6] [278/299]
  * #variants in cis = 13
  * Best hit: [id=16_internal_7050, d=605650, pv=0.0268251, s=0.2301]
  * Beta parameters: [s1=1.01433, s2=10.3794]
  * Adjusted p-values: [emp=0.303483, beta=0.287453]

Processing phenotype [ENSG00000166676.10] [279/299]
  * #variants in cis = 14
  * Best hit: [id=16_internal_6166, d=-379464, pv=0.106433, s=0.1638]
  * Beta parameters: [s1=0.988029, s2=13.4037]
  * Adjusted p-values: [emp=0.830846, beta=0.835458]

Processing phenotype [ENSG00000179583.13] [280/299]
  * #variants in cis = 14
  * Best hit: [id=16_internal_6688, d=530382, pv=0.0600672, s=0.2020]
  * Beta parameters: [s1=1.01072, s2=9.21398]
  * Adjusted p-values: [emp=0.537313, beta=0.552601]

Processing phenotype [ENSG00000263013.1] [281/299]
  * #variants in cis = 14
  * Best hit: [id=16_internal_8695, d=66334, pv=0.0240717, s=-0.2315]
  * Beta parameters: [s1=0.878897, s2=13.6155]
  * Adjusted p-values: [emp=0.293532, beta=0.281024]

Processing phenotype [ENSG00000262222.1] [282/299]
  * #variants in cis = 14
  * Best hit: [id=16_internal_5697, d=163781, pv=0.0358377, s=0.2246]
  * Beta parameters: [s1=0.977342, s2=14.3767]
  * Adjusted p-values: [emp=0.343284, beta=0.361676]

Processing phenotype [ENSG00000182108.5] [283/299]
  * #variants in cis = 14
  * Best hit: [id=16_internal_7562, d=-401927, pv=0.0508383, s=0.2067]
  * Beta parameters: [s1=1.1337, s2=14.0427]
  * Adjusted p-values: [emp=0.60199, beta=0.578833]

Processing phenotype [ENSG00000038532.10] [284/299]
  * #variants in cis = 14
  * Best hit: [id=16_internal_7562, d=399899, pv=0.0222721, s=0.2284]
  * Beta parameters: [s1=0.932119, s2=14.2714]
  * Adjusted p-values: [emp=0.268657, beta=0.274062]

Processing phenotype [ENSG00000229917.2] [285/299]
  * #variants in cis = 15
  * Best hit: [id=16_internal_8348, d=960725, pv=0.0474603, s=-0.2257]
  * Beta parameters: [s1=1.08515, s2=11.5212]
  * Adjusted p-values: [emp=0.517413, beta=0.511627]

Processing phenotype [ENSG00000262020.1] [286/299]
  * #variants in cis = 15
  * Best hit: [id=16_internal_6566, d=-21581, pv=0.00930039, s=0.2669]
  * Beta parameters: [s1=1.09845, s2=14.7128]
  * Adjusted p-values: [emp=0.144279, beta=0.139239]

Processing phenotype [ENSG00000263033.1] [287/299]
  * #variants in cis = 16
  * Best hit: [id=16_internal_7612, d=616871, pv=0.0675166, s=0.1871]
  * Beta parameters: [s1=0.988528, s2=11.9085]
  * Adjusted p-values: [emp=0.61194, beta=0.624069]

Processing phenotype [ENSG00000263179.1] [288/299]
  * #variants in cis = 17
  * Best hit: [id=16_internal_5565, d=336943, pv=0.0820782, s=0.1675]
  * Beta parameters: [s1=0.912048, s2=21.1055]
  * Adjusted p-values: [emp=0.771144, beta=0.759846]

Processing phenotype [ENSG00000175643.7] [289/299]
  * #variants in cis = 17
  * Best hit: [id=16_internal_7050, d=99817, pv=2.39333e-05, s=0.4164]
  * Beta parameters: [s1=1.12821, s2=19.4403]
  * Adjusted p-values: [emp=0.00497512, beta=0.000129825]

Processing phenotype [ENSG00000185338.4] [290/299]
  * #variants in cis = 17
  * Best hit: [id=16_internal_7050, d=-93257, pv=0.0293209, s=0.2436]
  * Beta parameters: [s1=0.936856, s2=17.6379]
  * Adjusted p-values: [emp=0.39801, beta=0.3709]

Processing phenotype [ENSG00000262703.1] [291/299]
  * #variants in cis = 17
  * Best hit: [id=16_internal_7050, d=-115, pv=0.000237585, s=0.3920]
  * Beta parameters: [s1=1.02654, s2=16.886]
  * Adjusted p-values: [emp=0.00995025, beta=0.00331461]

Processing phenotype [ENSG00000262999.1] [292/299]
  * #variants in cis = 16
  * Best hit: [id=16_internal_7559, d=63049, pv=0.000321174, s=-0.3822]
  * Beta parameters: [s1=0.95662, s2=20.6723]
  * Adjusted p-values: [emp=0.00497512, beta=0.00414758]

Processing phenotype [ENSG00000188897.4] [293/299]
  * #variants in cis = 16
  * Best hit: [id=16_internal_7559, d=-4721, pv=0.0051646, s=-0.3062]
  * Beta parameters: [s1=0.856903, s2=12.726]
  * Adjusted p-values: [emp=0.0845771, beta=0.0886475]

Processing phenotype [ENSG00000189067.8] [294/299]
  * #variants in cis = 16
  * Best hit: [id=16_internal_6166, d=423133, pv=0.0501477, s=-0.2148]
  * Beta parameters: [s1=0.918836, s2=18.1227]
  * Adjusted p-values: [emp=0.517413, beta=0.530754]

Processing phenotype [ENSG00000184602.5] [295/299]
  * #variants in cis = 16
  * Best hit: [id=16_internal_5565, d=-26172, pv=0.0212088, s=0.2598]
  * Beta parameters: [s1=0.955841, s2=17.783]
  * Adjusted p-values: [emp=0.288557, beta=0.266279]

Processing phenotype [ENSG00000262420.2] [296/299]
  * #variants in cis = 17
  * Best hit: [id=16_internal_7562, d=-369691, pv=0.212318, s=0.1503]
  * Beta parameters: [s1=1.01347, s2=20.6369]
  * Adjusted p-values: [emp=0.99005, beta=0.989435]

Processing phenotype [ENSG00000153066.8] [297/299]
  * #variants in cis = 17
  * Best hit: [id=16_internal_9056, d=-335304, pv=0.0691724, s=-0.1945]
  * Beta parameters: [s1=0.947865, s2=13.6338]
  * Adjusted p-values: [emp=0.671642, beta=0.671396]

Processing phenotype [ENSG00000122299.7] [298/299]
  * #variants in cis = 17
  * Best hit: [id=16_internal_8695, d=923556, pv=0.0102304, s=0.2851]
  * Beta parameters: [s1=0.989036, s2=19.8324]
  * Adjusted p-values: [emp=0.164179, beta=0.149191]

Processing phenotype [ENSG00000171490.8] [299/299]
  * #variants in cis = 16
  * Best hit: [id=16_internal_5565, d=209344, pv=0.0506914, s=0.2131]
  * Beta parameters: [s1=1.12419, s2=13.2924]
  * Adjusted p-values: [emp=0.577114, beta=0.547802]

Running time: 2 seconds
