Sender: LSF System <lsfadmin@cpt16>
Subject: Job 974260: </data/unige/funpopgen/odelanea/SGX/V2/binaries/qtltools/bin/QTLtools cis --vcf /data/unige/funpopgen/grey2/SYSCID/BLUEPRINT_DATA/CRD/THREE_CELL_TYPES/CLOMICS/CELL_TYPE_COMPARISON_GENE_CRD_ASSOCIATIONS/quantify/73_vs_70_ALL.ALLchr.mean.txt.gz --bed /data/unige/funpopgen/grey2/SYSCID/BLUEPRINT_DATA/CRD/THREE_CELL_TYPES/QTL_TOOLS/EGAD00001002671_v3.0/EGAD00001002671_RNA.PC10.bed.gz --permute 200 --chunk 17 100 --out /data/unige/funpopgen/grey2/SYSCID/BLUEPRINT_DATA/CRD/THREE_CELL_TYPES/CLOMICS/CELL_TYPE_COMPARISON_GENE_CRD_ASSOCIATIONS/mapping_aCRD_gene/73_vs_70/gene_CRD_mean_chunk17\.txt> in cluster <ug> Done

Job </data/unige/funpopgen/odelanea/SGX/V2/binaries/qtltools/bin/QTLtools cis --vcf /data/unige/funpopgen/grey2/SYSCID/BLUEPRINT_DATA/CRD/THREE_CELL_TYPES/CLOMICS/CELL_TYPE_COMPARISON_GENE_CRD_ASSOCIATIONS/quantify/73_vs_70_ALL.ALLchr.mean.txt.gz --bed /data/unige/funpopgen/grey2/SYSCID/BLUEPRINT_DATA/CRD/THREE_CELL_TYPES/QTL_TOOLS/EGAD00001002671_v3.0/EGAD00001002671_RNA.PC10.bed.gz --permute 200 --chunk 17 100 --out /data/unige/funpopgen/grey2/SYSCID/BLUEPRINT_DATA/CRD/THREE_CELL_TYPES/CLOMICS/CELL_TYPE_COMPARISON_GENE_CRD_ASSOCIATIONS/mapping_aCRD_gene/73_vs_70/gene_CRD_mean_chunk17\.txt> was submitted from host <frt.ug.vital-it.ch> by user <grey2> in cluster <ug>.
Job was executed on host(s) <cpt16>, in queue <normal>, as user <grey2> in cluster <ug>.
</home/grey2> was used as the home directory.
</data/unige/funpopgen/grey2/SYSCID/BLUEPRINT_DATA/CRD/THREE_CELL_TYPES/CLOMICS/CELL_TYPE_COMPARISON_GENE_CRD_ASSOCIATIONS> was used as the working directory.
Started at Thu Mar 21 11:27:39 2019
Results reported at Thu Mar 21 11:27:45 2019

Your job looked like:

------------------------------------------------------------
# LSBATCH: User input
/data/unige/funpopgen/odelanea/SGX/V2/binaries/qtltools/bin/QTLtools cis --vcf /data/unige/funpopgen/grey2/SYSCID/BLUEPRINT_DATA/CRD/THREE_CELL_TYPES/CLOMICS/CELL_TYPE_COMPARISON_GENE_CRD_ASSOCIATIONS/quantify/73_vs_70_ALL.ALLchr.mean.txt.gz --bed /data/unige/funpopgen/grey2/SYSCID/BLUEPRINT_DATA/CRD/THREE_CELL_TYPES/QTL_TOOLS/EGAD00001002671_v3.0/EGAD00001002671_RNA.PC10.bed.gz --permute 200 --chunk 17 100 --out /data/unige/funpopgen/grey2/SYSCID/BLUEPRINT_DATA/CRD/THREE_CELL_TYPES/CLOMICS/CELL_TYPE_COMPARISON_GENE_CRD_ASSOCIATIONS/mapping_aCRD_gene/73_vs_70/gene_CRD_mean_chunk17\.txt

------------------------------------------------------------

Successfully completed.

Resource usage summary:

    CPU time :               2.30 sec.
    Max Memory :             3.04 MB
    Average Memory :         3.04 MB
    Total Requested Memory : -
    Delta Memory :           -
    (Delta: the difference between total requested memory and actual max usage.)
    Max Swap :               31 MB

    Max Processes :          1
    Max Threads :            1

The output (if any) follows:


[32mQTLtools[0m
  * Authors : Olivier DELANEAU / Halit ONGEN / Emmanouil DERMITZAKIS
  * Contact : olivier.delaneau@gmail.com / halit.ongen@unige.ch / Emmanouil.Dermitzakis@unige.ch
  * Webpage : https://qtltools.github.io/qtltools/
  * Version : 1.1
  * Date    : 21/03/2019 - 11:27:43
  * Citation: A complete tool set for molecular QTL discovery and analysis, https://doi.org/10.1101/068635

[32mMAPPING QTL IN CIS[0m
  * TASK: Perform 200 permutations
  * Linear model: Phe ~ Var
  * Cis-window size is 1000000 bp
  * Chunk = [17/100]

Scanning phenotype data in [/data/unige/funpopgen/grey2/SYSCID/BLUEPRINT_DATA/CRD/THREE_CELL_TYPES/QTL_TOOLS/EGAD00001002671_v3.0/EGAD00001002671_RNA.PC10.bed.gz]
  * 24372 phenotypes included
  * 12152 phenotypes are on the negative strand

Initialize random number generator
  * Built-in seed is 15112011
  * First Integer = 30554
  * First Double = 0.0126695

Reading sample list from [/data/unige/funpopgen/grey2/SYSCID/BLUEPRINT_DATA/CRD/THREE_CELL_TYPES/QTL_TOOLS/EGAD00001002671_v3.0/EGAD00001002671_RNA.PC10.bed.gz]
  * #samples = 169

Reading sample list from [/data/unige/funpopgen/grey2/SYSCID/BLUEPRINT_DATA/CRD/THREE_CELL_TYPES/CLOMICS/CELL_TYPE_COMPARISON_GENE_CRD_ASSOCIATIONS/quantify/73_vs_70_ALL.ALLchr.mean.txt.gz]
  * #samples = 94

Merging sample sets from all input files
  * #files = 2
  * #samples in all files = 91
  * #samples NOT in all files (i.e. ignored) = 81

Reading phenotype data in [/data/unige/funpopgen/grey2/SYSCID/BLUEPRINT_DATA/CRD/THREE_CELL_TYPES/QTL_TOOLS/EGAD00001002671_v3.0/EGAD00001002671_RNA.PC10.bed.gz]
  * target region [4:53179-37828255]
  * 204 phenotypes included
  * 109 phenotypes are on the negative strand

Reading genotype data in [/data/unige/funpopgen/grey2/SYSCID/BLUEPRINT_DATA/CRD/THREE_CELL_TYPES/CLOMICS/CELL_TYPE_COMPARISON_GENE_CRD_ASSOCIATIONS/quantify/73_vs_70_ALL.ALLchr.mean.txt.gz]
  * File format detected: BED
  * 91 samples included
  * 5 samples without phenotype data
  * target region [4:0-38828255]
  * 86 variants included

Processing phenotype [ENSG00000197701.7] [1/204]
  * #variants in cis = 7
  * Best hit: [id=4_internal_7295, d=0, pv=0.00173074, s=0.3627]
  * Beta parameters: [s1=0.942637, s2=6.82914]
  * Adjusted p-values: [emp=0.0298507, beta=0.0164073]

Processing phenotype [ENSG00000207643.1] [2/204]
  * #variants in cis = 7
  * Best hit: [id=4_internal_7893, d=504385, pv=0.00111949, s=0.3570]
  * Beta parameters: [s1=0.9325, s2=7.33443]
  * Adjusted p-values: [emp=0.0149254, beta=0.0062231]

Processing phenotype [ENSG00000255436.2] [3/204]
  * #variants in cis = 7
  * Best hit: [id=4_internal_7295, d=-17018, pv=0.00466746, s=0.3308]
  * Beta parameters: [s1=0.912562, s2=6.47255]
  * Adjusted p-values: [emp=0.0497512, beta=0.0293895]

Processing phenotype [ENSG00000250312.2] [4/204]
  * #variants in cis = 7
  * Best hit: [id=4_internal_7893, d=445016, pv=0.143616, s=0.1520]
  * Beta parameters: [s1=0.875258, s2=7.1575]
  * Adjusted p-values: [emp=0.60199, beta=0.638244]

Processing phenotype [ENSG00000256143.1] [5/204]
  * #variants in cis = 7
  * Best hit: [id=4_internal_11082, d=0, pv=5.82064e-05, s=0.3984]
  * Beta parameters: [s1=1.03414, s2=9.16416]
  * Adjusted p-values: [emp=0.00497512, beta=0.000153842]

Processing phenotype [ENSG00000211553.1] [6/204]
  * #variants in cis = 8
  * Best hit: [id=4_internal_11082, d=0, pv=7.73537e-05, s=0.3340]
  * Beta parameters: [s1=0.884555, s2=7.68]
  * Adjusted p-values: [emp=0.00995025, beta=0.0017985]

Processing phenotype [ENSG00000250892.1] [7/204]
  * #variants in cis = 8
  * Best hit: [id=4_internal_11082, d=0, pv=0.00608772, s=0.2957]
  * Beta parameters: [s1=1.04949, s2=7.46822]
  * Adjusted p-values: [emp=0.0547264, beta=0.0506659]

Processing phenotype [ENSG00000198155.5] [8/204]
  * #variants in cis = 8
  * Best hit: [id=4_internal_11082, d=0, pv=0.000248047, s=0.3699]
  * Beta parameters: [s1=1.11502, s2=7.47468]
  * Adjusted p-values: [emp=0.00497512, beta=0.00193569]

Processing phenotype [ENSG00000186777.7] [9/204]
  * #variants in cis = 9
  * Best hit: [id=4_internal_7295, d=230507, pv=0.00580918, s=0.2801]
  * Beta parameters: [s1=0.985978, s2=9.12567]
  * Adjusted p-values: [emp=0.0348259, beta=0.0363068]

Processing phenotype [ENSG00000251535.1] [10/204]
  * #variants in cis = 9
  * Best hit: [id=4_internal_8677, d=0, pv=0.0422331, s=-0.2024]
  * Beta parameters: [s1=0.939619, s2=10.9463]
  * Adjusted p-values: [emp=0.358209, beta=0.333903]

Processing phenotype [ENSG00000131127.9] [11/204]
  * #variants in cis = 9
  * Best hit: [id=4_internal_7893, d=237799, pv=0.0581938, s=0.2011]
  * Beta parameters: [s1=1.02743, s2=8.36327]
  * Adjusted p-values: [emp=0.41791, beta=0.388071]

Processing phenotype [ENSG00000248564.1] [12/204]
  * #variants in cis = 9
  * Best hit: [id=4_internal_8901, d=-629024, pv=0.0402064, s=0.2420]
  * Beta parameters: [s1=1.10408, s2=10.112]
  * Adjusted p-values: [emp=0.318408, beta=0.3166]

Processing phenotype [ENSG00000250321.1] [13/204]
  * #variants in cis = 9
  * Best hit: [id=4_internal_7015, d=-953738, pv=0.0140589, s=-0.2330]
  * Beta parameters: [s1=0.975746, s2=8.04208]
  * Adjusted p-values: [emp=0.159204, beta=0.130149]

Processing phenotype [ENSG00000207642.1] [14/204]
  * #variants in cis = 9
  * Best hit: [id=4_internal_8677, d=0, pv=0.112894, s=-0.1579]
  * Beta parameters: [s1=1.04968, s2=8.51421]
  * Adjusted p-values: [emp=0.641791, beta=0.636802]

Processing phenotype [ENSG00000252150.1] [15/204]
  * #variants in cis = 9
  * Best hit: [id=4_internal_7015, d=-829064, pv=0.0344348, s=0.2284]
  * Beta parameters: [s1=1.00337, s2=10.0115]
  * Adjusted p-values: [emp=0.303483, beta=0.313193]

Processing phenotype [ENSG00000251595.3] [16/204]
  * #variants in cis = 9
  * Best hit: [id=4_internal_7893, d=-101484, pv=0.0342904, s=0.2220]
  * Beta parameters: [s1=0.90586, s2=10.0635]
  * Adjusted p-values: [emp=0.293532, beta=0.263661]

Processing phenotype [ENSG00000182903.11] [17/204]
  * #variants in cis = 9
  * Best hit: [id=4_internal_10444, d=-173554, pv=0.0098606, s=0.2733]
  * Beta parameters: [s1=1.04525, s2=10.0107]
  * Adjusted p-values: [emp=0.0696517, beta=0.06229]

Processing phenotype [ENSG00000174227.11] [18/204]
  * #variants in cis = 9
  * Best hit: [id=4_internal_8677, d=0, pv=0.00297995, s=0.3272]
  * Beta parameters: [s1=0.9668, s2=9.35499]
  * Adjusted p-values: [emp=0.0199005, beta=0.0313032]

Processing phenotype [ENSG00000133256.8] [19/204]
  * #variants in cis = 9
  * Best hit: [id=4_internal_8677, d=-125143, pv=0.00137937, s=0.3198]
  * Beta parameters: [s1=0.923259, s2=9.70743]
  * Adjusted p-values: [emp=0.00995025, beta=0.0112662]

Processing phenotype [ENSG00000242686.2] [20/204]
  * #variants in cis = 9
  * Best hit: [id=4_internal_8016, d=-479609, pv=0.0710383, s=-0.1704]
  * Beta parameters: [s1=0.936032, s2=10.5644]
  * Adjusted p-values: [emp=0.507463, beta=0.480456]

Processing phenotype [ENSG00000215375.2] [21/204]
  * #variants in cis = 9
  * Best hit: [id=4_internal_11082, d=-189367, pv=0.332138, s=-0.1077]
  * Beta parameters: [s1=1.03745, s2=9.08403]
  * Adjusted p-values: [emp=0.965174, beta=0.975114]

Processing phenotype [ENSG00000169020.5] [22/204]
  * #variants in cis = 9
  * Best hit: [id=4_internal_7893, d=0, pv=0.138034, s=-0.1642]
  * Beta parameters: [s1=0.920994, s2=11.9281]
  * Adjusted p-values: [emp=0.716418, beta=0.748985]

Processing phenotype [ENSG00000169026.8] [23/204]
  * #variants in cis = 9
  * Best hit: [id=4_internal_7015, d=-607259, pv=0.06146, s=-0.2100]
  * Beta parameters: [s1=0.964207, s2=10.2242]
  * Adjusted p-values: [emp=0.432836, beta=0.441481]

Processing phenotype [ENSG00000185619.13] [24/204]
  * #variants in cis = 9
  * Best hit: [id=4_internal_11082, d=-221535, pv=0.102539, s=-0.1892]
  * Beta parameters: [s1=0.889353, s2=7.66074]
  * Adjusted p-values: [emp=0.587065, beta=0.592691]

Processing phenotype [ENSG00000248416.1] [25/204]
  * #variants in cis = 9
  * Best hit: [id=4_internal_10444, d=0, pv=0.0658091, s=0.1840]
  * Beta parameters: [s1=1.03098, s2=10.106]
  * Adjusted p-values: [emp=0.467662, beta=0.45356]

Processing phenotype [ENSG00000233799.1] [26/204]
  * #variants in cis = 9
  * Best hit: [id=4_internal_7893, d=0, pv=0.0600551, s=-0.1842]
  * Beta parameters: [s1=0.861319, s2=8.41268]
  * Adjusted p-values: [emp=0.39801, beta=0.427141]

Processing phenotype [ENSG00000249592.1] [27/204]
  * #variants in cis = 9
  * Best hit: [id=4_internal_10444, d=0, pv=0.171783, s=-0.1568]
  * Beta parameters: [s1=1.03632, s2=9.60969]
  * Adjusted p-values: [emp=0.880597, beta=0.86038]

Processing phenotype [ENSG00000168993.9] [28/204]
  * #variants in cis = 9
  * Best hit: [id=4_internal_7869, d=-143910, pv=0.124081, s=-0.1406]
  * Beta parameters: [s1=0.937593, s2=9.6778]
  * Adjusted p-values: [emp=0.681592, beta=0.695425]

Processing phenotype [ENSG00000178950.12] [29/204]
  * #variants in cis = 9
  * Best hit: [id=4_internal_10444, d=139452, pv=0.0762535, s=0.1858]
  * Beta parameters: [s1=1.00576, s2=9.60439]
  * Adjusted p-values: [emp=0.532338, beta=0.539561]

Processing phenotype [ENSG00000127419.11] [30/204]
  * #variants in cis = 9
  * Best hit: [id=4_internal_7015, d=364314, pv=0.0369261, s=-0.2233]
  * Beta parameters: [s1=0.925662, s2=7.85966]
  * Adjusted p-values: [emp=0.308458, beta=0.283162]

Processing phenotype [ENSG00000145214.9] [31/204]
  * #variants in cis = 9
  * Best hit: [id=4_internal_8901, d=0, pv=0.000165344, s=-0.3722]
  * Beta parameters: [s1=1.06894, s2=9.2944]
  * Adjusted p-values: [emp=0.00497512, beta=0.00109603]

Processing phenotype [ENSG00000127415.8] [32/204]
  * #variants in cis = 9
  * Best hit: [id=4_internal_7869, d=-6385, pv=0.000263831, s=0.3615]
  * Beta parameters: [s1=0.937969, s2=9.00965]
  * Adjusted p-values: [emp=0.00995025, beta=0.00404968]

Processing phenotype [ENSG00000145217.9] [33/204]
  * #variants in cis = 9
  * Best hit: [id=4_internal_8901, d=5801, pv=0.182849, s=0.1447]
  * Beta parameters: [s1=1.02748, s2=10.3924]
  * Adjusted p-values: [emp=0.875622, beta=0.854169]

Processing phenotype [ENSG00000127418.10] [34/204]
  * #variants in cis = 9
  * Best hit: [id=4_internal_8016, d=125319, pv=0.0117248, s=0.2634]
  * Beta parameters: [s1=0.930275, s2=11.279]
  * Adjusted p-values: [emp=0.0845771, beta=0.0696454]

Processing phenotype [ENSG00000251639.2] [35/204]
  * #variants in cis = 8
  * Best hit: [id=4_internal_8901, d=113919, pv=0.267397, s=-0.1143]
  * Beta parameters: [s1=1.0419, s2=8.38515]
  * Adjusted p-values: [emp=0.920398, beta=0.922505]

Processing phenotype [ENSG00000178222.8] [36/204]
  * #variants in cis = 8
  * Best hit: [id=4_internal_8016, d=-21693, pv=0.0278799, s=0.2269]
  * Beta parameters: [s1=0.77211, s2=7.10706]
  * Adjusted p-values: [emp=0.253731, beta=0.24732]

Processing phenotype [ENSG00000251652.1] [37/204]
  * #variants in cis = 8
  * Best hit: [id=4_internal_8016, d=21616, pv=0.107449, s=0.1646]
  * Beta parameters: [s1=1.02461, s2=6.32239]
  * Adjusted p-values: [emp=0.59204, beta=0.583627]

Processing phenotype [ENSG00000227189.2] [38/204]
  * #variants in cis = 8
  * Best hit: [id=4_internal_8016, d=0, pv=0.0118778, s=0.2485]
  * Beta parameters: [s1=0.965774, s2=8.33148]
  * Adjusted p-values: [emp=0.0895522, beta=0.107799]

Processing phenotype [ENSG00000215367.6] [39/204]
  * #variants in cis = 8
  * Best hit: [id=4_internal_8016, d=0, pv=0.0101425, s=0.2467]
  * Beta parameters: [s1=0.97663, s2=7.21953]
  * Adjusted p-values: [emp=0.0895522, beta=0.0954119]

Processing phenotype [ENSG00000181877.3] [40/204]
  * #variants in cis = 8
  * Best hit: [id=4_internal_8016, d=33134, pv=0.0487749, s=0.2034]
  * Beta parameters: [s1=1.07172, s2=6.75934]
  * Adjusted p-values: [emp=0.383085, beta=0.359144]

Processing phenotype [ENSG00000159674.7] [41/204]
  * #variants in cis = 8
  * Best hit: [id=4_internal_8016, d=40680, pv=0.139642, s=0.1554]
  * Beta parameters: [s1=0.997235, s2=6.82976]
  * Adjusted p-values: [emp=0.691542, beta=0.701208]

Processing phenotype [ENSG00000196810.4] [42/204]
  * #variants in cis = 8
  * Best hit: [id=4_internal_7015, d=47401, pv=3.77721e-05, s=0.4090]
  * Beta parameters: [s1=0.914968, s2=9.3366]
  * Adjusted p-values: [emp=0.00497512, beta=0.000262635]

Processing phenotype [ENSG00000159692.11] [43/204]
  * #variants in cis = 8
  * Best hit: [id=4_internal_7869, d=269341, pv=0.186985, s=0.1429]
  * Beta parameters: [s1=0.966491, s2=9.13669]
  * Adjusted p-values: [emp=0.80597, beta=0.81731]

Processing phenotype [ENSG00000090316.11] [44/204]
  * #variants in cis = 8
  * Best hit: [id=4_internal_7015, d=6850, pv=0.0278426, s=-0.2396]
  * Beta parameters: [s1=1.00469, s2=9.26367]
  * Adjusted p-values: [emp=0.19403, beta=0.189657]

Processing phenotype [ENSG00000163945.11] [45/204]
  * #variants in cis = 9
  * Best hit: [id=4_internal_7015, d=-8643, pv=0.178629, s=0.1391]
  * Beta parameters: [s1=0.922897, s2=7.48204]
  * Adjusted p-values: [emp=0.850746, beta=0.831511]

Processing phenotype [ENSG00000254094.1] [46/204]
  * #variants in cis = 9
  * Best hit: [id=4_internal_7819, d=939951, pv=0.119568, s=0.1796]
  * Beta parameters: [s1=1.09164, s2=8.1255]
  * Adjusted p-values: [emp=0.721393, beta=0.677725]

Processing phenotype [ENSG00000253399.1] [47/204]
  * #variants in cis = 9
  * Best hit: [id=4_internal_7819, d=938053, pv=0.0450062, s=-0.2005]
  * Beta parameters: [s1=0.89199, s2=8.67657]
  * Adjusted p-values: [emp=0.323383, beta=0.371191]

Processing phenotype [ENSG00000179979.7] [48/204]
  * #variants in cis = 9
  * Best hit: [id=4_internal_7015, d=-52929, pv=0.0110689, s=0.2630]
  * Beta parameters: [s1=0.933551, s2=8.08676]
  * Adjusted p-values: [emp=0.104478, beta=0.0879413]

Processing phenotype [ENSG00000244459.2] [49/204]
  * #variants in cis = 7
  * Best hit: [id=4_internal_7015, d=249569, pv=0.0341616, s=0.2218]
  * Beta parameters: [s1=0.994197, s2=6.35459]
  * Adjusted p-values: [emp=0.208955, beta=0.23418]

Processing phenotype [ENSG00000174137.8] [50/204]
  * #variants in cis = 8
  * Best hit: [id=4_internal_7740, d=-896787, pv=0.0212172, s=0.2313]
  * Beta parameters: [s1=0.903736, s2=9.83182]
  * Adjusted p-values: [emp=0.164179, beta=0.150387]

Processing phenotype [ENSG00000163950.7] [51/204]
  * #variants in cis = 8
  * Best hit: [id=4_internal_7869, d=739882, pv=0.0286341, s=-0.2242]
  * Beta parameters: [s1=0.941366, s2=9.85792]
  * Adjusted p-values: [emp=0.19403, beta=0.167198]

Processing phenotype [ENSG00000168936.6] [52/204]
  * #variants in cis = 8
  * Best hit: [id=4_internal_8901, d=741658, pv=0.191136, s=-0.1492]
  * Beta parameters: [s1=0.872069, s2=9.52237]
  * Adjusted p-values: [emp=0.781095, beta=0.813513]

Processing phenotype [ENSG00000013810.14] [53/204]
  * #variants in cis = 8
  * Best hit: [id=4_internal_7740, d=859589, pv=0.095654, s=-0.1733]
  * Beta parameters: [s1=0.87407, s2=6.56062]
  * Adjusted p-values: [emp=0.487562, beta=0.524263]

Processing phenotype [ENSG00000218422.2] [54/204]
  * #variants in cis = 8
  * Best hit: [id=4_internal_7015, d=-408667, pv=0.0722398, s=-0.1730]
  * Beta parameters: [s1=0.995578, s2=6.77045]
  * Adjusted p-values: [emp=0.457711, beta=0.460946]

Processing phenotype [ENSG00000168924.10] [55/204]
  * #variants in cis = 7
  * Best hit: [id=4_internal_8901, d=876547, pv=0.401429, s=-0.0938]
  * Beta parameters: [s1=0.933736, s2=8.84601]
  * Adjusted p-values: [emp=0.99005, beta=0.982456]

Processing phenotype [ENSG00000240455.1] [56/204]
  * #variants in cis = 7
  * Best hit: [id=4_internal_7819, d=-419256, pv=0.0636508, s=0.1856]
  * Beta parameters: [s1=1.03263, s2=7.41126]
  * Adjusted p-values: [emp=0.353234, beta=0.333167]

Processing phenotype [ENSG00000109685.13] [57/204]
  * #variants in cis = 7
  * Best hit: [id=4_internal_7869, d=-898751, pv=0.151244, s=0.1482]
  * Beta parameters: [s1=0.902083, s2=7.02832]
  * Adjusted p-values: [emp=0.641791, beta=0.661623]

Processing phenotype [ENSG00000183504.1] [58/204]
  * #variants in cis = 7
  * Best hit: [id=4_internal_8016, d=800043, pv=0.0275387, s=-0.2142]
  * Beta parameters: [s1=0.962518, s2=7.89785]
  * Adjusted p-values: [emp=0.164179, beta=0.172879]

Processing phenotype [ENSG00000252006.1] [59/204]
  * #variants in cis = 6
  * Best hit: [id=4_internal_8901, d=-994936, pv=0.254093, s=0.1116]
  * Beta parameters: [s1=1.06539, s2=6.25354]
  * Adjusted p-values: [emp=0.820896, beta=0.813812]

Processing phenotype [ENSG00000249784.1] [60/204]
  * #variants in cis = 6
  * Best hit: [id=4_internal_8901, d=-994936, pv=0.254093, s=0.1116]
  * Beta parameters: [s1=0.937943, s2=5.54615]
  * Adjusted p-values: [emp=0.761194, beta=0.786269]

Processing phenotype [ENSG00000216105.1] [61/204]
  * #variants in cis = 5
  * Best hit: [id=4_internal_7015, d=655793, pv=0.00509561, s=0.2861]
  * Maximum Likelihood estimation failed, use Moment Matching instead!
  * Beta parameters: [s1=1.00008, s2=4.28]
  * Adjusted p-values: [emp=0.0298507, beta=0.0324394]

Processing phenotype [ENSG00000185049.7] [62/204]
  * #variants in cis = 6
  * Best hit: [id=4_internal_7702, d=-802361, pv=0.100951, s=0.1907]
  * Beta parameters: [s1=0.918121, s2=5.62508]
  * Adjusted p-values: [emp=0.402985, beta=0.42848]

Processing phenotype [ENSG00000243449.2] [63/204]
  * #variants in cis = 6
  * Best hit: [id=4_internal_7819, d=246631, pv=0.316607, s=-0.1050]
  * Beta parameters: [s1=1.09234, s2=6.09816]
  * Adjusted p-values: [emp=0.900498, beta=0.905299]

Processing phenotype [ENSG00000249006.1] [64/204]
  * #variants in cis = 6
  * Best hit: [id=4_internal_7702, d=-753647, pv=0.00471028, s=0.2935]
  * Maximum Likelihood estimation failed, use Moment Matching instead!
  * Beta parameters: [s1=0.999882, s2=4.79879]
  * Adjusted p-values: [emp=0.0248756, beta=0.0447175]

Processing phenotype [ENSG00000249047.2] [65/204]
  * #variants in cis = 5
  * Best hit: [id=4_internal_7740, d=346838, pv=0.112208, s=0.1576]
  * Maximum Likelihood estimation failed, use Moment Matching instead!
  * Beta parameters: [s1=0.9999, s2=4.41473]
  * Adjusted p-values: [emp=0.40796, beta=0.396666]

Processing phenotype [ENSG00000130997.12] [66/204]
  * #variants in cis = 5
  * Best hit: [id=4_internal_7819, d=-46472, pv=0.0939887, s=0.1944]
  * Maximum Likelihood estimation failed, use Moment Matching instead!
  * Beta parameters: [s1=0.999891, s2=3.92267]
  * Adjusted p-values: [emp=0.422886, beta=0.421817]

Processing phenotype [ENSG00000214367.3] [67/204]
  * #variants in cis = 5
  * Best hit: [id=4_internal_7819, d=-46429, pv=0.381328, s=0.0975]
  * Beta parameters: [s1=0.972283, s2=6.91729]
  * Adjusted p-values: [emp=0.915423, beta=0.931527]

Processing phenotype [ENSG00000265080.1] [68/204]
  * #variants in cis = 5
  * Best hit: [id=4_internal_10477, d=-786804, pv=0.168288, s=-0.1369]
  * Maximum Likelihood estimation failed, use Moment Matching instead!
  * Beta parameters: [s1=1, s2=5.49447]
  * Adjusted p-values: [emp=0.572139, beta=0.598056]

Processing phenotype [ENSG00000123933.10] [69/204]
  * #variants in cis = 5
  * Best hit: [id=4_internal_7015, d=931610, pv=0.196546, s=0.1414]
  * Maximum Likelihood estimation failed, use Moment Matching instead!
  * Beta parameters: [s1=0.999915, s2=4.99575]
  * Adjusted p-values: [emp=0.626866, beta=0.631687]

Processing phenotype [ENSG00000249077.1] [70/204]
  * #variants in cis = 5
  * Best hit: [id=4_internal_7702, d=519797, pv=0.0257873, s=0.2484]
  * Maximum Likelihood estimation failed, use Moment Matching instead!
  * Beta parameters: [s1=0.999914, s2=3.87302]
  * Adjusted p-values: [emp=0.0895522, beta=0.13211]

Processing phenotype [ENSG00000159733.9] [71/204]
  * #variants in cis = 4
  * Best hit: [id=4_internal_7819, d=121721, pv=0.00879861, s=0.2769]
  * Maximum Likelihood estimation failed, use Moment Matching instead!
  * Beta parameters: [s1=0.999949, s2=4.32372]
  * Adjusted p-values: [emp=0.0547264, beta=0.0292189]

Processing phenotype [ENSG00000063978.11] [72/204]
  * #variants in cis = 4
  * Best hit: [id=4_internal_7702, d=382044, pv=0.0525484, s=-0.2199]
  * Maximum Likelihood estimation failed, use Moment Matching instead!
  * Beta parameters: [s1=1.00008, s2=5.12567]
  * Adjusted p-values: [emp=0.20398, beta=0.167933]

Processing phenotype [ENSG00000251229.1] [73/204]
  * #variants in cis = 4
  * Best hit: [id=4_internal_7740, d=-74810, pv=0.132511, s=0.1553]
  * Maximum Likelihood estimation failed, use Moment Matching instead!
  * Beta parameters: [s1=0.999944, s2=3.82115]
  * Adjusted p-values: [emp=0.41791, beta=0.427964]

Processing phenotype [ENSG00000125386.10] [74/204]
  * #variants in cis = 5
  * Best hit: [id=4_internal_11446, d=882776, pv=0.0986446, s=0.1596]
  * Maximum Likelihood estimation failed, use Moment Matching instead!
  * Beta parameters: [s1=0.999993, s2=4.19041]
  * Adjusted p-values: [emp=0.39801, beta=0.407944]

Processing phenotype [ENSG00000168884.10] [75/204]
  * #variants in cis = 5
  * Best hit: [id=4_internal_7740, d=155594, pv=0.113893, s=-0.1734]
  * Maximum Likelihood estimation failed, use Moment Matching instead!
  * Beta parameters: [s1=0.999958, s2=5.70033]
  * Adjusted p-values: [emp=0.427861, beta=0.429599]

Processing phenotype [ENSG00000087266.11] [76/204]
  * #variants in cis = 5
  * Best hit: [id=4_internal_7702, d=51241, pv=0.019475, s=0.2551]
  * Beta parameters: [s1=1.03122, s2=5.96815]
  * Adjusted p-values: [emp=0.0646766, beta=0.0646648]

Processing phenotype [ENSG00000087274.12] [77/204]
  * #variants in cis = 5
  * Best hit: [id=4_internal_11446, d=664180, pv=0.0538605, s=-0.2111]
  * Beta parameters: [s1=0.985701, s2=5.62051]
  * Adjusted p-values: [emp=0.323383, beta=0.277948]

Processing phenotype [ENSG00000109736.10] [78/204]
  * #variants in cis = 5
  * Best hit: [id=4_internal_7819, d=637917, pv=0.0329401, s=-0.2345]
  * Maximum Likelihood estimation failed, use Moment Matching instead!
  * Beta parameters: [s1=0.999887, s2=5.15094]
  * Adjusted p-values: [emp=0.233831, beta=0.207215]

Processing phenotype [ENSG00000249673.1] [79/204]
  * #variants in cis = 5
  * Best hit: [id=4_internal_10477, d=102061, pv=0.381561, s=0.0946]
  * Maximum Likelihood estimation failed, use Moment Matching instead!
  * Beta parameters: [s1=1.00001, s2=4.13361]
  * Adjusted p-values: [emp=0.875622, beta=0.862686]

Processing phenotype [ENSG00000087269.11] [80/204]
  * #variants in cis = 5
  * Best hit: [id=4_internal_10477, d=-73575, pv=0.0798367, s=0.1879]
  * Maximum Likelihood estimation failed, use Moment Matching instead!
  * Beta parameters: [s1=1.00005, s2=5.5236]
  * Adjusted p-values: [emp=0.373134, beta=0.359216]

Processing phenotype [ENSG00000125388.14] [81/204]
  * #variants in cis = 5
  * Best hit: [id=4_internal_10477, d=73352, pv=0.456275, s=0.0675]
  * Maximum Likelihood estimation failed, use Moment Matching instead!
  * Beta parameters: [s1=0.999992, s2=4.36957]
  * Adjusted p-values: [emp=0.935323, beta=0.944671]

Processing phenotype [ENSG00000197386.6] [82/204]
  * #variants in cis = 5
  * Best hit: [id=4_internal_7819, d=-777739, pv=0.384442, s=0.0942]
  * Beta parameters: [s1=0.890009, s2=6.26119]
  * Adjusted p-values: [emp=0.960199, beta=0.935512]

Processing phenotype [ENSG00000188981.6] [83/204]
  * #variants in cis = 5
  * Best hit: [id=4_internal_7740, d=-643587, pv=0.099307, s=-0.1809]
  * Maximum Likelihood estimation failed, use Moment Matching instead!
  * Beta parameters: [s1=0.999986, s2=5.38602]
  * Adjusted p-values: [emp=0.412935, beta=0.416085]

Processing phenotype [ENSG00000159788.13] [84/204]
  * #variants in cis = 5
  * Best hit: [id=4_internal_7702, d=-403478, pv=0.00759407, s=0.3096]
  * Maximum Likelihood estimation failed, use Moment Matching instead!
  * Beta parameters: [s1=0.999922, s2=4.53086]
  * Adjusted p-values: [emp=0.039801, beta=0.0446849]

Processing phenotype [ENSG00000109758.4] [85/204]
  * #variants in cis = 4
  * Best hit: [id=4_internal_7702, d=-552337, pv=0.0641909, s=0.1938]
  * Maximum Likelihood estimation failed, use Moment Matching instead!
  * Beta parameters: [s1=1, s2=3.64593]
  * Adjusted p-values: [emp=0.179104, beta=0.202491]

Processing phenotype [ENSG00000175920.11] [86/204]
  * #variants in cis = 4
  * Best hit: [id=4_internal_7702, d=-573756, pv=0.040377, s=0.2256]
  * Maximum Likelihood estimation failed, use Moment Matching instead!
  * Beta parameters: [s1=0.999947, s2=4.97197]
  * Adjusted p-values: [emp=0.159204, beta=0.110316]

Processing phenotype [ENSG00000261643.1] [87/204]
  * #variants in cis = 4
  * Best hit: [id=4_internal_11446, d=-3580, pv=0.386301, s=-0.0934]
  * Maximum Likelihood estimation failed, use Moment Matching instead!
  * Beta parameters: [s1=1.00009, s2=3.92976]
  * Adjusted p-values: [emp=0.835821, beta=0.855943]

Processing phenotype [ENSG00000268781.1] [88/204]
  * #variants in cis = 4
  * Best hit: [id=4_internal_11446, d=0, pv=0.220852, s=0.1170]
  * Maximum Likelihood estimation failed, use Moment Matching instead!
  * Beta parameters: [s1=1.00007, s2=3.80847]
  * Adjusted p-values: [emp=0.636816, beta=0.640457]

Processing phenotype [ENSG00000163956.6] [89/204]
  * #variants in cis = 4
  * Best hit: [id=4_internal_7702, d=643009, pv=0.0352387, s=0.2322]
  * Maximum Likelihood estimation failed, use Moment Matching instead!
  * Beta parameters: [s1=0.99997, s2=4.48855]
  * Adjusted p-values: [emp=0.18408, beta=0.130122]

Processing phenotype [ENSG00000251271.2] [90/204]
  * #variants in cis = 2
  * Best hit: [id=4_internal_10477, d=-849424, pv=0.414214, s=-0.0897]
  * Maximum Likelihood estimation failed, use Moment Matching instead!
  * Beta parameters: [s1=1.0001, s2=1.93399]
  * Adjusted p-values: [emp=0.701493, beta=0.688849]

Processing phenotype [ENSG00000251669.1] [91/204]
  * #variants in cis = 3
  * Best hit: [id=4_internal_11446, d=363972, pv=0.0997641, s=-0.1814]
  * Maximum Likelihood estimation failed, use Moment Matching instead!
  * Beta parameters: [s1=0.99988, s2=2.73706]
  * Adjusted p-values: [emp=0.308458, beta=0.317824]

Processing phenotype [ENSG00000253917.2] [92/204]
  * #variants in cis = 3
  * Best hit: [id=4_internal_8255, d=-987279, pv=0.126798, s=-0.1526]
  * Maximum Likelihood estimation failed, use Moment Matching instead!
  * Beta parameters: [s1=0.999973, s2=2.80174]
  * Adjusted p-values: [emp=0.353234, beta=0.348688]

Processing phenotype [ENSG00000132406.7] [93/204]
  * #variants in cis = 3
  * Best hit: [id=4_internal_11446, d=656776, pv=0.195397, s=0.1321]
  * Maximum Likelihood estimation failed, use Moment Matching instead!
  * Beta parameters: [s1=1.00001, s2=3.09531]
  * Adjusted p-values: [emp=0.447761, beta=0.449436]

Processing phenotype [ENSG00000145220.9] [94/204]
  * #variants in cis = 3
  * Best hit: [id=4_internal_11446, d=698722, pv=0.445127, s=0.0792]
  * Maximum Likelihood estimation failed, use Moment Matching instead!
  * Beta parameters: [s1=0.99998, s2=2.87001]
  * Adjusted p-values: [emp=0.78607, beta=0.820351]

Processing phenotype [ENSG00000168826.11] [95/204]
  * #variants in cis = 3
  * Best hit: [id=4_internal_7335, d=740081, pv=0.113164, s=0.1585]
  * Maximum Likelihood estimation failed, use Moment Matching instead!
  * Beta parameters: [s1=0.999966, s2=3.1665]
  * Adjusted p-values: [emp=0.258706, beta=0.260638]

Processing phenotype [ENSG00000168824.10] [96/204]
  * #variants in cis = 3
  * Best hit: [id=4_internal_7335, d=682138, pv=0.00547142, s=0.2886]
  * Maximum Likelihood estimation failed, use Moment Matching instead!
  * Beta parameters: [s1=0.999933, s2=3.68191]
  * Adjusted p-values: [emp=0.00995025, beta=0.00986512]

Processing phenotype [ENSG00000237170.3] [97/204]
  * #variants in cis = 3
  * Best hit: [id=4_internal_8255, d=435622, pv=0.0277013, s=0.2472]
  * Maximum Likelihood estimation failed, use Moment Matching instead!
  * Beta parameters: [s1=0.999981, s2=3.30702]
  * Adjusted p-values: [emp=0.0895522, beta=0.0655993]

Processing phenotype [ENSG00000247708.2] [98/204]
  * #variants in cis = 3
  * Best hit: [id=4_internal_7335, d=488147, pv=0.0760646, s=-0.1759]
  * Maximum Likelihood estimation failed, use Moment Matching instead!
  * Beta parameters: [s1=1.00004, s2=3.09407]
  * Adjusted p-values: [emp=0.218905, beta=0.213143]

Processing phenotype [ENSG00000168818.5] [99/204]
  * #variants in cis = 3
  * Best hit: [id=4_internal_11446, d=950899, pv=0.339175, s=-0.1010]
  * Maximum Likelihood estimation failed, use Moment Matching instead!
  * Beta parameters: [s1=0.999999, s2=3.46556]
  * Adjusted p-values: [emp=0.751244, beta=0.751814]

Processing phenotype [ENSG00000170891.6] [100/204]
  * #variants in cis = 3
  * Best hit: [id=4_internal_8255, d=70706, pv=0.506139, s=-0.0710]
  * Maximum Likelihood estimation failed, use Moment Matching instead!
  * Beta parameters: [s1=1.00005, s2=2.85657]
  * Adjusted p-values: [emp=0.825871, beta=0.836584]

Processing phenotype [ENSG00000173040.8] [101/204]
  * #variants in cis = 6
  * Best hit: [id=4_internal_7381, d=-489860, pv=0.142438, s=0.1382]
  * Maximum Likelihood estimation failed, use Moment Matching instead!
  * Beta parameters: [s1=1.00002, s2=5.25116]
  * Adjusted p-values: [emp=0.547264, beta=0.576401]

Processing phenotype [ENSG00000152969.12] [102/204]
  * #variants in cis = 7
  * Best hit: [id=4_internal_7426, d=-709635, pv=0.209272, s=-0.1294]
  * Beta parameters: [s1=1.0611, s2=6.21781]
  * Adjusted p-values: [emp=0.761194, beta=0.75753]

Processing phenotype [ENSG00000109501.9] [103/204]
  * #variants in cis = 7
  * Best hit: [id=4_internal_7247, d=415772, pv=0.0560888, s=0.1903]
  * Beta parameters: [s1=0.958329, s2=6.68349]
  * Adjusted p-values: [emp=0.333333, beta=0.333201]

Processing phenotype [ENSG00000013288.4] [104/204]
  * #variants in cis = 7
  * Best hit: [id=4_internal_10783, d=297862, pv=0.346637, s=0.0929]
  * Beta parameters: [s1=1.04879, s2=6.90863]
  * Adjusted p-values: [emp=0.940299, beta=0.942939]

Processing phenotype [ENSG00000179010.10] [105/204]
  * #variants in cis = 8
  * Best hit: [id=4_internal_7247, d=45530, pv=0.152059, s=-0.1571]
  * Beta parameters: [s1=1.0342, s2=8.29903]
  * Adjusted p-values: [emp=0.731343, beta=0.722985]

Processing phenotype [ENSG00000170846.11] [106/204]
  * #variants in cis = 8
  * Best hit: [id=4_internal_7247, d=12170, pv=0.00775127, s=0.2743]
  * Beta parameters: [s1=0.985211, s2=7.24497]
  * Adjusted p-values: [emp=0.0746269, beta=0.0543771]

Processing phenotype [ENSG00000251580.1] [107/204]
  * #variants in cis = 8
  * Best hit: [id=4_internal_7247, d=-11791, pv=0.0228476, s=0.2299]
  * Beta parameters: [s1=0.92973, s2=7.93483]
  * Adjusted p-values: [emp=0.179104, beta=0.157443]

Processing phenotype [ENSG00000246526.2] [108/204]
  * #variants in cis = 8
  * Best hit: [id=4_internal_7247, d=0, pv=0.003588, s=0.3017]
  * Beta parameters: [s1=0.991729, s2=8.37894]
  * Adjusted p-values: [emp=0.0298507, beta=0.0213556]

Processing phenotype [ENSG00000163993.6] [109/204]
  * #variants in cis = 8
  * Best hit: [id=4_internal_7247, d=0, pv=0.0324075, s=0.2364]
  * Beta parameters: [s1=0.804773, s2=8.32599]
  * Adjusted p-values: [emp=0.303483, beta=0.256751]

Processing phenotype [ENSG00000178988.10] [110/204]
  * #variants in cis = 8
  * Best hit: [id=4_internal_10325, d=-57881, pv=0.00585743, s=0.3113]
  * Beta parameters: [s1=0.913808, s2=8.26298]
  * Adjusted p-values: [emp=0.0696517, beta=0.0417877]

Processing phenotype [ENSG00000186222.3] [111/204]
  * #variants in cis = 8
  * Best hit: [id=4_internal_10783, d=156922, pv=0.101907, s=-0.1749]
  * Beta parameters: [s1=0.897551, s2=8.24262]
  * Adjusted p-values: [emp=0.552239, beta=0.550154]

Processing phenotype [ENSG00000170871.7] [112/204]
  * #variants in cis = 8
  * Best hit: [id=4_internal_7426, d=128851, pv=0.00576581, s=0.2737]
  * Beta parameters: [s1=0.994656, s2=8.12351]
  * Adjusted p-values: [emp=0.039801, beta=0.0359647]

Processing phenotype [ENSG00000132405.14] [113/204]
  * #variants in cis = 7
  * Best hit: [id=4_internal_7426, d=984, pv=3.77655e-06, s=0.4706]
  * Beta parameters: [s1=0.984317, s2=6.46975]
  * Adjusted p-values: [emp=0.00497512, beta=2.36461e-05]

Processing phenotype [ENSG00000187904.3] [114/204]
  * #variants in cis = 7
  * Best hit: [id=4_internal_10783, d=0, pv=0.365577, s=-0.0903]
  * Maximum Likelihood estimation failed, use Moment Matching instead!
  * Beta parameters: [s1=0.999931, s2=4.89125]
  * Adjusted p-values: [emp=0.920398, beta=0.924303]

Processing phenotype [ENSG00000202392.1] [115/204]
  * #variants in cis = 7
  * Best hit: [id=4_internal_7247, d=-284933, pv=0.22507, s=-0.1244]
  * Beta parameters: [s1=0.950421, s2=6.44218]
  * Adjusted p-values: [emp=0.820896, beta=0.811056]

Processing phenotype [ENSG00000173011.10] [116/204]
  * #variants in cis = 7
  * Best hit: [id=4_internal_9859, d=592284, pv=0.0160105, s=0.2427]
  * Beta parameters: [s1=1.01272, s2=7.8899]
  * Adjusted p-values: [emp=0.0945274, beta=0.0782537]

Processing phenotype [ENSG00000173013.4] [117/204]
  * #variants in cis = 7
  * Best hit: [id=4_internal_7426, d=42415, pv=0.103916, s=0.1708]
  * Beta parameters: [s1=1.0008, s2=5.51952]
  * Adjusted p-values: [emp=0.507463, beta=0.484529]

Processing phenotype [ENSG00000245748.1] [118/204]
  * #variants in cis = 7
  * Best hit: [id=4_internal_7426, d=45645, pv=2.64732e-05, s=0.4314]
  * Beta parameters: [s1=1.05373, s2=6.5342]
  * Adjusted p-values: [emp=0.00497512, beta=0.000216227]

Processing phenotype [ENSG00000109519.8] [119/204]
  * #variants in cis = 7
  * Best hit: [id=4_internal_10783, d=67070, pv=0.0764268, s=-0.1944]
  * Beta parameters: [s1=0.972519, s2=6.19]
  * Adjusted p-values: [emp=0.412935, beta=0.416422]

Processing phenotype [ENSG00000245562.2] [120/204]
  * #variants in cis = 7
  * Best hit: [id=4_internal_10783, d=102253, pv=0.0480893, s=0.2079]
  * Beta parameters: [s1=0.962661, s2=7.30385]
  * Adjusted p-values: [emp=0.323383, beta=0.340078]

Processing phenotype [ENSG00000245468.2] [121/204]
  * #variants in cis = 7
  * Best hit: [id=4_internal_10783, d=102258, pv=0.0703591, s=0.2024]
  * Beta parameters: [s1=1.08381, s2=6.74165]
  * Adjusted p-values: [emp=0.412935, beta=0.387993]

Processing phenotype [ENSG00000184985.12] [122/204]
  * #variants in cis = 8
  * Best hit: [id=4_internal_9859, d=441645, pv=0.00949912, s=0.2757]
  * Beta parameters: [s1=1.02668, s2=6.08354]
  * Adjusted p-values: [emp=0.0895522, beta=0.0821398]

Processing phenotype [ENSG00000228919.3] [123/204]
  * #variants in cis = 7
  * Best hit: [id=4_internal_9859, d=0, pv=2.72363e-09, s=0.5908]
  * Beta parameters: [s1=0.983193, s2=6.64942]
  * Adjusted p-values: [emp=0.00497512, beta=1.78659e-08]

Processing phenotype [ENSG00000196526.6] [124/204]
  * #variants in cis = 7
  * Best hit: [id=4_internal_9859, d=0, pv=5.35309e-12, s=0.6901]
  * Beta parameters: [s1=1.03139, s2=7.85874]
  * Adjusted p-values: [emp=0.00497512, beta=7.99636e-12]

Processing phenotype [ENSG00000163995.14] [125/204]
  * #variants in cis = 5
  * Best hit: [id=4_internal_10649, d=-59650, pv=0.370036, s=0.1039]
  * Maximum Likelihood estimation failed, use Moment Matching instead!
  * Beta parameters: [s1=1.00002, s2=5.02011]
  * Adjusted p-values: [emp=0.935323, beta=0.925975]

Processing phenotype [ENSG00000125089.11] [126/204]
  * #variants in cis = 5
  * Best hit: [id=4_internal_8474, d=7620, pv=1.31529e-13, s=0.6968]
  * Maximum Likelihood estimation failed, use Moment Matching instead!
  * Beta parameters: [s1=1.00008, s2=4.89652]
  * Adjusted p-values: [emp=0.00497512, beta=2.85648e-13]

Processing phenotype [ENSG00000249762.1] [127/204]
  * #variants in cis = 5
  * Best hit: [id=4_internal_8474, d=-10707, pv=0.000491368, s=0.3449]
  * Maximum Likelihood estimation failed, use Moment Matching instead!
  * Beta parameters: [s1=1.00007, s2=4.76307]
  * Adjusted p-values: [emp=0.00497512, beta=0.00174472]

Processing phenotype [ENSG00000251615.1] [128/204]
  * #variants in cis = 5
  * Best hit: [id=4_internal_7607, d=-60988, pv=0.0541593, s=0.2116]
  * Maximum Likelihood estimation failed, use Moment Matching instead!
  * Beta parameters: [s1=0.999906, s2=4.55418]
  * Adjusted p-values: [emp=0.223881, beta=0.21064]

Processing phenotype [ENSG00000155275.14] [129/204]
  * #variants in cis = 5
  * Best hit: [id=4_internal_9859, d=-400284, pv=0.478115, s=-0.0741]
  * Maximum Likelihood estimation failed, use Moment Matching instead!
  * Beta parameters: [s1=0.999959, s2=3.68047]
  * Adjusted p-values: [emp=0.935323, beta=0.927725]

Processing phenotype [ENSG00000087008.10] [130/204]
  * #variants in cis = 5
  * Best hit: [id=4_internal_10649, d=36493, pv=0.030985, s=-0.2277]
  * Maximum Likelihood estimation failed, use Moment Matching instead!
  * Beta parameters: [s1=0.999971, s2=5.21919]
  * Adjusted p-values: [emp=0.179104, beta=0.166585]

Processing phenotype [ENSG00000251186.1] [131/204]
  * #variants in cis = 5
  * Best hit: [id=4_internal_7124, d=-272136, pv=0.159936, s=-0.1499]
  * Maximum Likelihood estimation failed, use Moment Matching instead!
  * Beta parameters: [s1=0.999918, s2=4.91989]
  * Adjusted p-values: [emp=0.527363, beta=0.527329]

Processing phenotype [ENSG00000205959.3] [132/204]
  * #variants in cis = 5
  * Best hit: [id=4_internal_9859, d=-446414, pv=0.490847, s=-0.0684]
  * Maximum Likelihood estimation failed, use Moment Matching instead!
  * Beta parameters: [s1=0.999972, s2=4.89677]
  * Adjusted p-values: [emp=0.960199, beta=0.961309]

Processing phenotype [ENSG00000249767.1] [133/204]
  * #variants in cis = 6
  * Best hit: [id=4_internal_8474, d=-848885, pv=0.0296, s=0.2000]
  * Maximum Likelihood estimation failed, use Moment Matching instead!
  * Beta parameters: [s1=1.00011, s2=4.96268]
  * Adjusted p-values: [emp=0.199005, beta=0.217233]

Processing phenotype [ENSG00000109667.7] [134/204]
  * #variants in cis = 6
  * Best hit: [id=4_internal_7344, d=-101030, pv=0.430059, s=-0.0794]
  * Beta parameters: [s1=1.00295, s2=6.06838]
  * Adjusted p-values: [emp=0.970149, beta=0.964503]

Processing phenotype [ENSG00000261490.1] [135/204]
  * #variants in cis = 6
  * Best hit: [id=4_internal_11196, d=8604, pv=0.174505, s=0.1419]
  * Maximum Likelihood estimation failed, use Moment Matching instead!
  * Beta parameters: [s1=1.00008, s2=6.48129]
  * Adjusted p-values: [emp=0.671642, beta=0.698491]

Processing phenotype [ENSG00000264931.1] [136/204]
  * #variants in cis = 6
  * Best hit: [id=4_internal_7344, d=-77274, pv=0.0282558, s=0.2352]
  * Beta parameters: [s1=1.01097, s2=5.8926]
  * Adjusted p-values: [emp=0.134328, beta=0.148412]

Processing phenotype [ENSG00000223086.1] [137/204]
  * #variants in cis = 6
  * Best hit: [id=4_internal_11196, d=51469, pv=0.0133558, s=0.2581]
  * Beta parameters: [s1=1.0364, s2=6.28124]
  * Adjusted p-values: [emp=0.0646766, beta=0.0617482]

Processing phenotype [ENSG00000071127.12] [138/204]
  * #variants in cis = 6
  * Best hit: [id=4_internal_7273, d=-62956, pv=0.0171132, s=-0.2618]
  * Beta parameters: [s1=1.02281, s2=5.93274]
  * Adjusted p-values: [emp=0.0995025, beta=0.0915604]

Processing phenotype [ENSG00000250040.2] [139/204]
  * #variants in cis = 7
  * Best hit: [id=4_internal_7273, d=0, pv=0.00865347, s=0.2706]
  * Maximum Likelihood estimation failed, use Moment Matching instead!
  * Beta parameters: [s1=1.00009, s2=5.41466]
  * Adjusted p-values: [emp=0.0945274, beta=0.0935826]

Processing phenotype [ENSG00000178163.3] [140/204]
  * #variants in cis = 7
  * Best hit: [id=4_internal_7344, d=294556, pv=0.006448, s=0.2990]
  * Maximum Likelihood estimation failed, use Moment Matching instead!
  * Beta parameters: [s1=0.999863, s2=5.27223]
  * Adjusted p-values: [emp=0.0547264, beta=0.064861]

Processing phenotype [ENSG00000109684.10] [141/204]
  * #variants in cis = 8
  * Best hit: [id=4_internal_7785, d=-785212, pv=0.429253, s=-0.0882]
  * Beta parameters: [s1=1.03249, s2=7.2598]
  * Adjusted p-values: [emp=0.9801, beta=0.984287]

Processing phenotype [ENSG00000250896.1] [142/204]
  * #variants in cis = 5
  * Best hit: [id=4_internal_7519, d=473697, pv=0.0022182, s=-0.2897]
  * Maximum Likelihood estimation failed, use Moment Matching instead!
  * Beta parameters: [s1=0.9999, s2=5.71242]
  * Adjusted p-values: [emp=0.00995025, beta=0.00889944]

Processing phenotype [ENSG00000002587.5] [143/204]
  * #variants in cis = 5
  * Best hit: [id=4_internal_7833, d=89750, pv=0.060352, s=0.2039]
  * Maximum Likelihood estimation failed, use Moment Matching instead!
  * Beta parameters: [s1=1.00005, s2=5.28301]
  * Adjusted p-values: [emp=0.21393, beta=0.246888]

Processing phenotype [ENSG00000250371.1] [144/204]
  * #variants in cis = 1
  * Best hit: [id=4_internal_7519, d=997210, pv=0.759071, s=-0.0324]
  * Maximum Likelihood estimation failed, use Moment Matching instead!
  * Beta parameters: [s1=1.00003, s2=0.965782]
  * Adjusted p-values: [emp=0.741294, beta=0.757091]

Processing phenotype [ENSG00000205940.6] [145/204]
  * #variants in cis = 1
  * Best hit: [id=4_internal_9401, d=931984, pv=0.446789, s=-0.0784]
  * Maximum Likelihood estimation failed, use Moment Matching instead!
  * Beta parameters: [s1=0.999941, s2=0.964518]
  * Adjusted p-values: [emp=0.38806, beta=0.409913]

Processing phenotype [ENSG00000157869.10] [146/204]
  * #variants in cis = 1
  * Best hit: [id=4_internal_9401, d=-784098, pv=0.523425, s=-0.0728]
  * Maximum Likelihood estimation failed, use Moment Matching instead!
  * Beta parameters: [s1=1.00003, s2=0.936957]
  * Adjusted p-values: [emp=0.457711, beta=0.496051]

Processing phenotype [ENSG00000038219.8] [147/204]
  * #variants in cis = 1
  * Best hit: [id=4_internal_9401, d=-640740, pv=0.994443, s=-0.0008]
  * Maximum Likelihood estimation failed, use Moment Matching instead!
  * Beta parameters: [s1=0.999975, s2=1.09881]
  * Adjusted p-values: [emp=0.995025, beta=0.996534]

Processing phenotype [ENSG00000247624.2] [148/204]
  * #variants in cis = 8
  * Best hit: [id=4_internal_6953, d=-614184, pv=0.343415, s=-0.0976]
  * Beta parameters: [s1=1.0364, s2=8.25414]
  * Adjusted p-values: [emp=0.965174, beta=0.973108]

Processing phenotype [ENSG00000137449.11] [149/204]
  * #variants in cis = 8
  * Best hit: [id=4_internal_7190, d=146647, pv=0.0406024, s=0.2137]
  * Beta parameters: [s1=1.04449, s2=6.75437]
  * Adjusted p-values: [emp=0.248756, beta=0.269653]

Processing phenotype [ENSG00000163145.8] [150/204]
  * #variants in cis = 9
  * Best hit: [id=4_internal_7813, d=58455, pv=0.27236, s=-0.1204]
  * Beta parameters: [s1=0.961286, s2=11.9482]
  * Adjusted p-values: [emp=0.970149, beta=0.957098]

Processing phenotype [ENSG00000251379.1] [151/204]
  * #variants in cis = 8
  * Best hit: [id=4_internal_10758, d=380540, pv=0.0946263, s=0.1964]
  * Beta parameters: [s1=0.81793, s2=10.7866]
  * Adjusted p-values: [emp=0.507463, beta=0.53885]

Processing phenotype [ENSG00000249252.1] [152/204]
  * #variants in cis = 8
  * Best hit: [id=4_internal_7602, d=12468, pv=0.0560438, s=-0.1881]
  * Beta parameters: [s1=0.934779, s2=7.14598]
  * Adjusted p-values: [emp=0.368159, beta=0.356286]

Processing phenotype [ENSG00000048342.11] [153/204]
  * #variants in cis = 8
  * Best hit: [id=4_internal_7602, d=-54419, pv=0.0294447, s=0.2245]
  * Beta parameters: [s1=0.91621, s2=6.94048]
  * Adjusted p-values: [emp=0.233831, beta=0.216124]

Processing phenotype [ENSG00000237765.2] [154/204]
  * #variants in cis = 9
  * Best hit: [id=4_internal_12663, d=200863, pv=0.0434933, s=0.1953]
  * Beta parameters: [s1=1.02038, s2=9.32568]
  * Adjusted p-values: [emp=0.368159, beta=0.355679]

Processing phenotype [ENSG00000118564.10] [155/204]
  * #variants in cis = 9
  * Best hit: [id=4_internal_9351, d=-484322, pv=0.20936, s=-0.1388]
  * Beta parameters: [s1=0.999973, s2=10.0257]
  * Adjusted p-values: [emp=0.875622, beta=0.878191]

Processing phenotype [ENSG00000109743.6] [156/204]
  * #variants in cis = 9
  * Best hit: [id=4_internal_11155, d=-776215, pv=0.0179758, s=0.2390]
  * Beta parameters: [s1=0.823485, s2=9.49581]
  * Adjusted p-values: [emp=0.139303, beta=0.132134]

Processing phenotype [ENSG00000004468.7] [157/204]
  * #variants in cis = 9
  * Best hit: [id=4_internal_11155, d=-851540, pv=0.0270736, s=-0.2257]
  * Beta parameters: [s1=1.01059, s2=7.48753]
  * Adjusted p-values: [emp=0.21393, beta=0.212101]

Processing phenotype [ENSG00000137441.7] [158/204]
  * #variants in cis = 8
  * Best hit: [id=4_internal_7813, d=551155, pv=0.0831514, s=0.1861]
  * Beta parameters: [s1=1.07369, s2=8.56721]
  * Adjusted p-values: [emp=0.492537, beta=0.470832]

Processing phenotype [ENSG00000007062.7] [159/204]
  * #variants in cis = 7
  * Best hit: [id=4_internal_9351, d=-81623, pv=0.0704159, s=-0.1893]
  * Maximum Likelihood estimation failed, use Moment Matching instead!
  * Beta parameters: [s1=0.999961, s2=5.36372]
  * Adjusted p-values: [emp=0.402985, beta=0.405206]

Processing phenotype [ENSG00000249234.1] [160/204]
  * #variants in cis = 7
  * Best hit: [id=4_internal_6953, d=-524440, pv=0.0827103, s=-0.1854]
  * Beta parameters: [s1=1.05562, s2=7.66087]
  * Adjusted p-values: [emp=0.497512, beta=0.470953]

Processing phenotype [ENSG00000263327.2] [161/204]
  * #variants in cis = 6
  * Best hit: [id=4_internal_9351, d=-8405, pv=0.242857, s=0.1185]
  * Beta parameters: [s1=0.950741, s2=5.54252]
  * Adjusted p-values: [emp=0.80597, beta=0.804932]

Processing phenotype [ENSG00000169762.12] [162/204]
  * #variants in cis = 6
  * Best hit: [id=4_internal_6953, d=572911, pv=0.0508631, s=0.1882]
  * Beta parameters: [s1=0.894453, s2=5.91234]
  * Adjusted p-values: [emp=0.293532, beta=0.283694]

Processing phenotype [ENSG00000242358.1] [163/204]
  * #variants in cis = 6
  * Best hit: [id=4_internal_7813, d=838401, pv=0.25607, s=-0.1238]
  * Beta parameters: [s1=0.997316, s2=5.42994]
  * Adjusted p-values: [emp=0.81592, beta=0.789807]

Processing phenotype [ENSG00000151552.7] [164/204]
  * #variants in cis = 1
  * Best hit: [id=4_internal_7350, d=973961, pv=0.0933636, s=0.1824]
  * Maximum Likelihood estimation failed, use Moment Matching instead!
  * Beta parameters: [s1=1.00001, s2=1.04138]
  * Adjusted p-values: [emp=0.119403, beta=0.0911584]

Processing phenotype [ENSG00000002549.7] [165/204]
  * #variants in cis = 0

Processing phenotype [ENSG00000249502.1] [166/204]
  * #variants in cis = 0

Processing phenotype [ENSG00000118579.6] [167/204]
  * #variants in cis = 0

Processing phenotype [ENSG00000254360.1] [168/204]
  * #variants in cis = 0

Processing phenotype [ENSG00000047662.4] [169/204]
  * #variants in cis = 0

Processing phenotype [ENSG00000163257.6] [170/204]
  * #variants in cis = 0

Processing phenotype [ENSG00000109805.5] [171/204]
  * #variants in cis = 0

Processing phenotype [ENSG00000235413.3] [172/204]
  * #variants in cis = 0

Processing phenotype [ENSG00000178177.9] [173/204]
  * #variants in cis = 0

Processing phenotype [ENSG00000241612.1] [174/204]
  * #variants in cis = 0

Processing phenotype [ENSG00000163138.13] [175/204]
  * #variants in cis = 0

Processing phenotype [ENSG00000185774.9] [176/204]
  * #variants in cis = 1
  * Best hit: [id=4_internal_7913, d=-718969, pv=0.139921, s=0.1571]
  * Maximum Likelihood estimation failed, use Moment Matching instead!
  * Beta parameters: [s1=1.00005, s2=0.899981]
  * Adjusted p-values: [emp=0.109453, beta=0.12536]

Processing phenotype [ENSG00000152990.9] [177/204]
  * #variants in cis = 3
  * Best hit: [id=4_internal_7913, d=-151714, pv=1.01393e-10, s=0.6260]
  * Maximum Likelihood estimation failed, use Moment Matching instead!
  * Beta parameters: [s1=1.00006, s2=3.21103]
  * Adjusted p-values: [emp=0.00497512, beta=5.40007e-12]

Processing phenotype [ENSG00000244538.1] [178/204]
  * #variants in cis = 3
  * Best hit: [id=4_internal_8479, d=697158, pv=0.412636, s=-0.0972]
  * Maximum Likelihood estimation failed, use Moment Matching instead!
  * Beta parameters: [s1=0.999914, s2=2.66868]
  * Adjusted p-values: [emp=0.731343, beta=0.744975]

Processing phenotype [ENSG00000237350.1] [179/204]
  * #variants in cis = 3
  * Best hit: [id=4_internal_7923, d=-595589, pv=0.0118091, s=-0.2641]
  * Maximum Likelihood estimation failed, use Moment Matching instead!
  * Beta parameters: [s1=0.999916, s2=2.96872]
  * Adjusted p-values: [emp=0.039801, beta=0.0238251]

Processing phenotype [ENSG00000207697.1] [180/204]
  * #variants in cis = 6
  * Best hit: [id=4_internal_8529, d=-392119, pv=0.0509566, s=0.1952]
  * Beta parameters: [s1=1.03533, s2=7.63916]
  * Adjusted p-values: [emp=0.293532, beta=0.297228]

Processing phenotype [ENSG00000243005.2] [181/204]
  * #variants in cis = 6
  * Best hit: [id=4_internal_9145, d=-595001, pv=0.114171, s=-0.1708]
  * Beta parameters: [s1=0.992826, s2=6.35182]
  * Adjusted p-values: [emp=0.522388, beta=0.514234]

Processing phenotype [ENSG00000109606.8] [182/204]
  * #variants in cis = 6
  * Best hit: [id=4_internal_8529, d=-327859, pv=0.256588, s=-0.1338]
  * Beta parameters: [s1=1.03719, s2=5.76909]
  * Adjusted p-values: [emp=0.850746, beta=0.838944]

Processing phenotype [ENSG00000109618.7] [183/204]
  * #variants in cis = 9
  * Best hit: [id=4_internal_7238, d=128933, pv=0.0269151, s=0.2366]
  * Beta parameters: [s1=0.983412, s2=8.92638]
  * Adjusted p-values: [emp=0.218905, beta=0.226391]

Processing phenotype [ENSG00000038210.9] [184/204]
  * #variants in cis = 9
  * Best hit: [id=4_internal_7238, d=-128992, pv=0.10454, s=-0.1656]
  * Beta parameters: [s1=1.11239, s2=8.35763]
  * Adjusted p-values: [emp=0.646766, beta=0.642823]

Processing phenotype [ENSG00000168228.10] [185/204]
  * #variants in cis = 11
  * Best hit: [id=4_internal_8529, d=-331513, pv=0.0233708, s=0.2371]
  * Beta parameters: [s1=0.935641, s2=8.62946]
  * Adjusted p-values: [emp=0.238806, beta=0.225478]

Processing phenotype [ENSG00000264496.1] [186/204]
  * #variants in cis = 12
  * Best hit: [id=4_internal_9145, d=-171144, pv=0.0947909, s=0.1842]
  * Beta parameters: [s1=1.0636, s2=9.6142]
  * Adjusted p-values: [emp=0.666667, beta=0.659633]

Processing phenotype [ENSG00000053900.6] [187/204]
  * #variants in cis = 13
  * Best hit: [id=4_internal_7803, d=0, pv=0.0298207, s=0.2354]
  * Beta parameters: [s1=1.05225, s2=11.8577]
  * Adjusted p-values: [emp=0.348259, beta=0.327114]

Processing phenotype [ENSG00000250541.1] [188/204]
  * #variants in cis = 14
  * Best hit: [id=4_internal_9195, d=547468, pv=0.0235883, s=0.2463]
  * Beta parameters: [s1=0.867262, s2=13.1104]
  * Adjusted p-values: [emp=0.263682, beta=0.268059]

Processing phenotype [ENSG00000250317.4] [189/204]
  * #variants in cis = 18
  * Best hit: [id=4_internal_7571, d=403878, pv=0.122358, s=0.1691]
  * Beta parameters: [s1=1.03399, s2=18.8718]
  * Adjusted p-values: [emp=0.905473, beta=0.899624]

Processing phenotype [ENSG00000091490.6] [190/204]
  * #variants in cis = 18
  * Best hit: [id=4_internal_10572, d=-921740, pv=0.00758118, s=-0.2602]
  * Beta parameters: [s1=0.945358, s2=20.1122]
  * Adjusted p-values: [emp=0.149254, beta=0.126967]

Processing phenotype [ENSG00000168214.16] [191/204]
  * #variants in cis = 15
  * Best hit: [id=4_internal_7710, d=-41581, pv=0.0182287, s=0.2453]
  * Beta parameters: [s1=0.915125, s2=20.8219]
  * Adjusted p-values: [emp=0.18408, beta=0.209699]

Processing phenotype [ENSG00000109680.6] [192/204]
  * #variants in cis = 13
  * Best hit: [id=4_internal_9245, d=285241, pv=0.00343896, s=0.3151]
  * Beta parameters: [s1=0.948366, s2=12.4819]
  * Adjusted p-values: [emp=0.039801, beta=0.0404992]

Processing phenotype [ENSG00000109689.10] [193/204]
  * #variants in cis = 13
  * Best hit: [id=4_internal_10572, d=-34017, pv=0.0232113, s=0.2395]
  * Beta parameters: [s1=0.992742, s2=12.3438]
  * Adjusted p-values: [emp=0.288557, beta=0.305888]

Processing phenotype [ENSG00000240005.1] [194/204]
  * #variants in cis = 13
  * Best hit: [id=4_internal_8588, d=0, pv=0.0390113, s=0.2257]
  * Beta parameters: [s1=0.928674, s2=13.2775]
  * Adjusted p-values: [emp=0.427861, beta=0.435318]

Processing phenotype [ENSG00000248340.2] [195/204]
  * #variants in cis = 12
  * Best hit: [id=4_internal_7673, d=0, pv=0.00943654, s=0.2684]
  * Beta parameters: [s1=0.977363, s2=13.0908]
  * Adjusted p-values: [emp=0.119403, beta=0.103842]

Processing phenotype [ENSG00000248466.1] [196/204]
  * #variants in cis = 4
  * Best hit: [id=4_internal_9710, d=-44426, pv=0.256798, s=0.1191]
  * Maximum Likelihood estimation failed, use Moment Matching instead!
  * Beta parameters: [s1=1.00002, s2=3.35593]
  * Adjusted p-values: [emp=0.641791, beta=0.650695]

Processing phenotype [ENSG00000251160.1] [197/204]
  * #variants in cis = 4
  * Best hit: [id=4_internal_11702, d=-40650, pv=0.00187926, s=0.3152]
  * Maximum Likelihood estimation failed, use Moment Matching instead!
  * Beta parameters: [s1=0.999995, s2=3.79872]
  * Adjusted p-values: [emp=0.0149254, beta=0.006241]

Processing phenotype [ENSG00000247193.2] [198/204]
  * #variants in cis = 4
  * Best hit: [id=4_internal_11702, d=0, pv=0.210864, s=0.1306]
  * Maximum Likelihood estimation failed, use Moment Matching instead!
  * Beta parameters: [s1=0.999917, s2=3.17042]
  * Adjusted p-values: [emp=0.621891, beta=0.605128]

Processing phenotype [ENSG00000047365.6] [199/204]
  * #variants in cis = 4
  * Best hit: [id=4_internal_11702, d=0, pv=0.00607866, s=0.2778]
  * Maximum Likelihood estimation failed, use Moment Matching instead!
  * Beta parameters: [s1=0.999918, s2=4.09467]
  * Adjusted p-values: [emp=0.0248756, beta=0.0256675]

Processing phenotype [ENSG00000197057.4] [200/204]
  * #variants in cis = 4
  * Best hit: [id=4_internal_8419, d=0, pv=0.265623, s=0.1100]
  * Maximum Likelihood estimation failed, use Moment Matching instead!
  * Beta parameters: [s1=0.999942, s2=3.95064]
  * Adjusted p-values: [emp=0.681592, beta=0.683697]

Processing phenotype [ENSG00000154274.10] [201/204]
  * #variants in cis = 11
  * Best hit: [id=4_internal_7603, d=313116, pv=0.0732234, s=0.1856]
  * Beta parameters: [s1=1.03491, s2=11.785]
  * Adjusted p-values: [emp=0.59204, beta=0.554526]

Processing phenotype [ENSG00000248936.1] [202/204]
  * #variants in cis = 11
  * Best hit: [id=4_internal_8320, d=-296121, pv=0.0389746, s=0.2079]
  * Beta parameters: [s1=1.04929, s2=11.3641]
  * Adjusted p-values: [emp=0.328358, beta=0.331448]

Processing phenotype [ENSG00000181826.5] [203/204]
  * #variants in cis = 11
  * Best hit: [id=4_internal_8831, d=546, pv=0.0049027, s=0.2689]
  * Beta parameters: [s1=0.975122, s2=10.2389]
  * Adjusted p-values: [emp=0.0696517, beta=0.0670554]

Processing phenotype [ENSG00000169299.8] [204/204]
  * #variants in cis = 13
  * Best hit: [id=4_internal_8831, d=-140803, pv=0.10892, s=0.1614]
  * Beta parameters: [s1=1.03595, s2=11.2533]
  * Adjusted p-values: [emp=0.79602, beta=0.79684]

Running time: 2 seconds
