Sender: LSF System <lsfadmin@cpt02>
Subject: Job 974312: </data/unige/funpopgen/odelanea/SGX/V2/binaries/qtltools/bin/QTLtools cis --vcf /data/unige/funpopgen/grey2/SYSCID/BLUEPRINT_DATA/CRD/THREE_CELL_TYPES/CLOMICS/CELL_TYPE_COMPARISON_GENE_CRD_ASSOCIATIONS/quantify/73_vs_70_ALL.ALLchr.mean.txt.gz --bed /data/unige/funpopgen/grey2/SYSCID/BLUEPRINT_DATA/CRD/THREE_CELL_TYPES/QTL_TOOLS/EGAD00001002671_v3.0/EGAD00001002671_RNA.PC10.bed.gz --permute 200 --chunk 69 100 --out /data/unige/funpopgen/grey2/SYSCID/BLUEPRINT_DATA/CRD/THREE_CELL_TYPES/CLOMICS/CELL_TYPE_COMPARISON_GENE_CRD_ASSOCIATIONS/mapping_aCRD_gene/73_vs_70/gene_CRD_mean_chunk69\.txt> in cluster <ug> Done

Job </data/unige/funpopgen/odelanea/SGX/V2/binaries/qtltools/bin/QTLtools cis --vcf /data/unige/funpopgen/grey2/SYSCID/BLUEPRINT_DATA/CRD/THREE_CELL_TYPES/CLOMICS/CELL_TYPE_COMPARISON_GENE_CRD_ASSOCIATIONS/quantify/73_vs_70_ALL.ALLchr.mean.txt.gz --bed /data/unige/funpopgen/grey2/SYSCID/BLUEPRINT_DATA/CRD/THREE_CELL_TYPES/QTL_TOOLS/EGAD00001002671_v3.0/EGAD00001002671_RNA.PC10.bed.gz --permute 200 --chunk 69 100 --out /data/unige/funpopgen/grey2/SYSCID/BLUEPRINT_DATA/CRD/THREE_CELL_TYPES/CLOMICS/CELL_TYPE_COMPARISON_GENE_CRD_ASSOCIATIONS/mapping_aCRD_gene/73_vs_70/gene_CRD_mean_chunk69\.txt> was submitted from host <frt.ug.vital-it.ch> by user <grey2> in cluster <ug>.
Job was executed on host(s) <cpt02>, in queue <normal>, as user <grey2> in cluster <ug>.
</home/grey2> was used as the home directory.
</data/unige/funpopgen/grey2/SYSCID/BLUEPRINT_DATA/CRD/THREE_CELL_TYPES/CLOMICS/CELL_TYPE_COMPARISON_GENE_CRD_ASSOCIATIONS> was used as the working directory.
Started at Thu Mar 21 11:28:19 2019
Results reported at Thu Mar 21 11:28:24 2019

Your job looked like:

------------------------------------------------------------
# LSBATCH: User input
/data/unige/funpopgen/odelanea/SGX/V2/binaries/qtltools/bin/QTLtools cis --vcf /data/unige/funpopgen/grey2/SYSCID/BLUEPRINT_DATA/CRD/THREE_CELL_TYPES/CLOMICS/CELL_TYPE_COMPARISON_GENE_CRD_ASSOCIATIONS/quantify/73_vs_70_ALL.ALLchr.mean.txt.gz --bed /data/unige/funpopgen/grey2/SYSCID/BLUEPRINT_DATA/CRD/THREE_CELL_TYPES/QTL_TOOLS/EGAD00001002671_v3.0/EGAD00001002671_RNA.PC10.bed.gz --permute 200 --chunk 69 100 --out /data/unige/funpopgen/grey2/SYSCID/BLUEPRINT_DATA/CRD/THREE_CELL_TYPES/CLOMICS/CELL_TYPE_COMPARISON_GENE_CRD_ASSOCIATIONS/mapping_aCRD_gene/73_vs_70/gene_CRD_mean_chunk69\.txt

------------------------------------------------------------

Successfully completed.

Resource usage summary:

    CPU time :               2.74 sec.
    Max Memory :             3.12 MB
    Average Memory :         3.12 MB
    Total Requested Memory : -
    Delta Memory :           -
    (Delta: the difference between total requested memory and actual max usage.)
    Max Swap :               31 MB

    Max Processes :          1
    Max Threads :            1

The output (if any) follows:


[32mQTLtools[0m
  * Authors : Olivier DELANEAU / Halit ONGEN / Emmanouil DERMITZAKIS
  * Contact : olivier.delaneau@gmail.com / halit.ongen@unige.ch / Emmanouil.Dermitzakis@unige.ch
  * Webpage : https://qtltools.github.io/qtltools/
  * Version : 1.1
  * Date    : 21/03/2019 - 11:28:21
  * Citation: A complete tool set for molecular QTL discovery and analysis, https://doi.org/10.1101/068635

[32mMAPPING QTL IN CIS[0m
  * TASK: Perform 200 permutations
  * Linear model: Phe ~ Var
  * Cis-window size is 1000000 bp
  * Chunk = [69/100]

Scanning phenotype data in [/data/unige/funpopgen/grey2/SYSCID/BLUEPRINT_DATA/CRD/THREE_CELL_TYPES/QTL_TOOLS/EGAD00001002671_v3.0/EGAD00001002671_RNA.PC10.bed.gz]
  * 24372 phenotypes included
  * 12152 phenotypes are on the negative strand

Initialize random number generator
  * Built-in seed is 15112011
  * First Integer = 30554
  * First Double = 0.0126695

Reading sample list from [/data/unige/funpopgen/grey2/SYSCID/BLUEPRINT_DATA/CRD/THREE_CELL_TYPES/QTL_TOOLS/EGAD00001002671_v3.0/EGAD00001002671_RNA.PC10.bed.gz]
  * #samples = 169

Reading sample list from [/data/unige/funpopgen/grey2/SYSCID/BLUEPRINT_DATA/CRD/THREE_CELL_TYPES/CLOMICS/CELL_TYPE_COMPARISON_GENE_CRD_ASSOCIATIONS/quantify/73_vs_70_ALL.ALLchr.mean.txt.gz]
  * #samples = 94

Merging sample sets from all input files
  * #files = 2
  * #samples in all files = 91
  * #samples NOT in all files (i.e. ignored) = 81

Reading phenotype data in [/data/unige/funpopgen/grey2/SYSCID/BLUEPRINT_DATA/CRD/THREE_CELL_TYPES/QTL_TOOLS/EGAD00001002671_v3.0/EGAD00001002671_RNA.PC10.bed.gz]
  * target region [22:32287420-51222091]
  * 296 phenotypes included
  * 155 phenotypes are on the negative strand

Reading genotype data in [/data/unige/funpopgen/grey2/SYSCID/BLUEPRINT_DATA/CRD/THREE_CELL_TYPES/CLOMICS/CELL_TYPE_COMPARISON_GENE_CRD_ASSOCIATIONS/quantify/73_vs_70_ALL.ALLchr.mean.txt.gz]
  * File format detected: BED
  * 91 samples included
  * 5 samples without phenotype data
  * target region [22:31287420-52222091]
  * 105 variants included

Processing phenotype [ENSG00000227813.1] [1/296]
  * #variants in cis = 12
  * Best hit: [id=22_internal_4866, d=148383, pv=0.150727, s=-0.1383]
  * Beta parameters: [s1=0.967724, s2=13.2148]
  * Adjusted p-values: [emp=0.875622, beta=0.887357]

Processing phenotype [ENSG00000128245.10] [2/296]
  * #variants in cis = 12
  * Best hit: [id=22_internal_4090, d=811884, pv=0.0506987, s=0.2224]
  * Beta parameters: [s1=0.952424, s2=12.116]
  * Adjusted p-values: [emp=0.457711, beta=0.468984]

Processing phenotype [ENSG00000128254.9] [3/296]
  * #variants in cis = 12
  * Best hit: [id=22_internal_4866, d=202467, pv=0.0221502, s=-0.2430]
  * Beta parameters: [s1=0.937902, s2=10.1813]
  * Adjusted p-values: [emp=0.268657, beta=0.264659]

Processing phenotype [ENSG00000232346.1] [4/296]
  * #variants in cis = 12
  * Best hit: [id=22_internal_3496, d=-740839, pv=0.0462801, s=-0.1973]
  * Beta parameters: [s1=0.995949, s2=10.8014]
  * Adjusted p-values: [emp=0.393035, beta=0.400643]

Processing phenotype [ENSG00000128253.9] [5/296]
  * #variants in cis = 12
  * Best hit: [id=22_internal_4047, d=0, pv=8.08824e-06, s=0.4530]
  * Beta parameters: [s1=1.01451, s2=15.3184]
  * Adjusted p-values: [emp=0.00497512, beta=6.76633e-05]

Processing phenotype [ENSG00000242082.1] [6/296]
  * #variants in cis = 12
  * Best hit: [id=22_internal_4047, d=0, pv=7.45237e-05, s=0.4019]
  * Beta parameters: [s1=0.950002, s2=11.3869]
  * Adjusted p-values: [emp=0.00995025, beta=0.00168488]

Processing phenotype [ENSG00000214076.3] [7/296]
  * #variants in cis = 12
  * Best hit: [id=22_internal_4047, d=-48379, pv=9.87205e-08, s=0.5185]
  * Beta parameters: [s1=1.04718, s2=11.9843]
  * Adjusted p-values: [emp=0.00497512, beta=5.13572e-07]

Processing phenotype [ENSG00000128276.6] [8/296]
  * #variants in cis = 10
  * Best hit: [id=22_internal_4372, d=-673491, pv=0.232891, s=0.1243]
  * Beta parameters: [s1=0.901697, s2=9.59804]
  * Adjusted p-values: [emp=0.930348, beta=0.918111]

Processing phenotype [ENSG00000230736.2] [9/296]
  * #variants in cis = 10
  * Best hit: [id=22_internal_3792, d=-680376, pv=0.0311324, s=0.2297]
  * Beta parameters: [s1=1.113, s2=9.37075]
  * Adjusted p-values: [emp=0.273632, beta=0.265638]

Processing phenotype [ENSG00000243519.1] [10/296]
  * #variants in cis = 10
  * Best hit: [id=22_internal_3887, d=-323528, pv=0.00560154, s=-0.2775]
  * Beta parameters: [s1=0.821083, s2=12.6517]
  * Adjusted p-values: [emp=0.0746269, beta=0.0562301]

Processing phenotype [ENSG00000205853.6] [11/296]
  * #variants in cis = 10
  * Best hit: [id=22_internal_4090, d=-374292, pv=0.347653, s=0.1028]
  * Beta parameters: [s1=1.12585, s2=9.88876]
  * Adjusted p-values: [emp=0.985075, beta=0.987456]

Processing phenotype [ENSG00000241954.1] [12/296]
  * #variants in cis = 10
  * Best hit: [id=22_internal_3793, d=-793879, pv=0.0524863, s=0.2335]
  * Beta parameters: [s1=0.988913, s2=10.0136]
  * Adjusted p-values: [emp=0.412935, beta=0.397199]

Processing phenotype [ENSG00000232218.1] [13/296]
  * #variants in cis = 10
  * Best hit: [id=22_internal_3844, d=-731769, pv=0.0175764, s=-0.2446]
  * Beta parameters: [s1=0.983684, s2=10.0267]
  * Adjusted p-values: [emp=0.174129, beta=0.166965]

Processing phenotype [ENSG00000100220.7] [14/296]
  * #variants in cis = 10
  * Best hit: [id=22_internal_3648, d=748845, pv=0.103693, s=0.1794]
  * Beta parameters: [s1=1.06235, s2=8.61719]
  * Adjusted p-values: [emp=0.686567, beta=0.696266]

Processing phenotype [ENSG00000100225.13] [15/296]
  * #variants in cis = 10
  * Best hit: [id=22_internal_4047, d=-253674, pv=0.0111039, s=-0.2531]
  * Beta parameters: [s1=0.913145, s2=8.92953]
  * Adjusted p-values: [emp=0.129353, beta=0.107735]

Processing phenotype [ENSG00000133424.15] [16/296]
  * #variants in cis = 1
  * Best hit: [id=22_internal_3652, d=0, pv=0.034554, s=0.2223]
  * Maximum Likelihood estimation failed, use Moment Matching instead!
  * Beta parameters: [s1=0.999998, s2=0.859771]
  * Adjusted p-values: [emp=0.0298507, beta=0.0383887]

Processing phenotype [ENSG00000100281.9] [17/296]
  * #variants in cis = 7
  * Best hit: [id=22_internal_3878, d=105968, pv=0.0515231, s=0.2191]
  * Beta parameters: [s1=1.11566, s2=8.38758]
  * Adjusted p-values: [emp=0.283582, beta=0.297899]

Processing phenotype [ENSG00000100284.15] [18/296]
  * #variants in cis = 9
  * Best hit: [id=22_internal_4626, d=20365, pv=0.0932039, s=0.1657]
  * Beta parameters: [s1=1.20836, s2=8.43892]
  * Adjusted p-values: [emp=0.646766, beta=0.615753]

Processing phenotype [ENSG00000100292.12] [19/296]
  * #variants in cis = 9
  * Best hit: [id=22_internal_4886, d=0, pv=0.0388175, s=0.2090]
  * Beta parameters: [s1=1.00899, s2=11.0865]
  * Adjusted p-values: [emp=0.328358, beta=0.315509]

Processing phenotype [ENSG00000100297.9] [20/296]
  * #variants in cis = 11
  * Best hit: [id=22_internal_3878, d=0, pv=0.0709398, s=0.1886]
  * Beta parameters: [s1=1.16567, s2=11.5412]
  * Adjusted p-values: [emp=0.587065, beta=0.559766]

Processing phenotype [ENSG00000240293.1] [21/296]
  * #variants in cis = 11
  * Best hit: [id=22_internal_4886, d=0, pv=0.0117268, s=0.2743]
  * Beta parameters: [s1=1.05289, s2=9.41721]
  * Adjusted p-values: [emp=0.144279, beta=0.132886]

Processing phenotype [ENSG00000221963.4] [22/296]
  * #variants in cis = 14
  * Best hit: [id=22_internal_3373, d=588531, pv=0.000479209, s=0.3554]
  * Beta parameters: [s1=0.961173, s2=13.4061]
  * Adjusted p-values: [emp=0.0149254, beta=0.00919916]

Processing phenotype [ENSG00000100320.17] [23/296]
  * #variants in cis = 19
  * Best hit: [id=22_internal_4096, d=-934272, pv=0.0395421, s=-0.2316]
  * Beta parameters: [s1=0.975638, s2=16.3853]
  * Adjusted p-values: [emp=0.557214, beta=0.53265]

Processing phenotype [ENSG00000128284.15] [24/296]
  * #variants in cis = 19
  * Best hit: [id=22_internal_3373, d=-70748, pv=0.0234933, s=0.2490]
  * Beta parameters: [s1=1.1159, s2=14.6151]
  * Adjusted p-values: [emp=0.422886, beta=0.406772]

Processing phenotype [ENSG00000128335.9] [25/296]
  * #variants in cis = 20
  * Best hit: [id=22_internal_3373, d=0, pv=0.0159378, s=0.2618]
  * Beta parameters: [s1=0.942089, s2=24.8993]
  * Adjusted p-values: [emp=0.253731, beta=0.254381]

Processing phenotype [ENSG00000100342.16] [26/296]
  * #variants in cis = 20
  * Best hit: [id=22_internal_3373, d=0, pv=0.0140864, s=0.2852]
  * Beta parameters: [s1=0.917749, s2=20.1157]
  * Adjusted p-values: [emp=0.268657, beta=0.251093]

Processing phenotype [ENSG00000266345.1] [27/296]
  * #variants in cis = 20
  * Best hit: [id=22_internal_4096, d=-646499, pv=0.0274853, s=-0.2011]
  * Beta parameters: [s1=0.870809, s2=31.5662]
  * Adjusted p-values: [emp=0.368159, beta=0.397062]

Processing phenotype [ENSG00000100345.16] [28/296]
  * #variants in cis = 18
  * Best hit: [id=22_internal_3725, d=-797893, pv=0.00556543, s=-0.3097]
  * Beta parameters: [s1=0.864696, s2=14.6366]
  * Adjusted p-values: [emp=0.149254, beta=0.13196]

Processing phenotype [ENSG00000237668.1] [29/296]
  * #variants in cis = 16
  * Best hit: [id=22_internal_3474, d=-511600, pv=0.0389154, s=0.2265]
  * Beta parameters: [s1=0.904255, s2=15.9597]
  * Adjusted p-values: [emp=0.437811, beta=0.432747]

Processing phenotype [ENSG00000100348.5] [30/296]
  * #variants in cis = 15
  * Best hit: [id=22_internal_4315, d=0, pv=0.0559961, s=0.2011]
  * Beta parameters: [s1=1.07289, s2=18.0721]
  * Adjusted p-values: [emp=0.522388, beta=0.503712]

Processing phenotype [ENSG00000100350.10] [31/296]
  * #variants in cis = 15
  * Best hit: [id=22_internal_4315, d=0, pv=0.000653291, s=0.3754]
  * Beta parameters: [s1=1.15516, s2=20.9396]
  * Adjusted p-values: [emp=0.00497512, beta=0.00343029]

Processing phenotype [ENSG00000100353.13] [32/296]
  * #variants in cis = 15
  * Best hit: [id=22_internal_4096, d=-433262, pv=0.0175493, s=-0.2477]
  * Beta parameters: [s1=0.964552, s2=14.415]
  * Adjusted p-values: [emp=0.179104, beta=0.178749]

Processing phenotype [ENSG00000100360.10] [33/296]
  * #variants in cis = 18
  * Best hit: [id=22_internal_3559, d=317864, pv=0.00740275, s=0.2693]
  * Beta parameters: [s1=1.0562, s2=18.9965]
  * Adjusted p-values: [emp=0.0945274, beta=0.105058]

Processing phenotype [ENSG00000100365.10] [34/296]
  * #variants in cis = 18
  * Best hit: [id=22_internal_3293, d=0, pv=2.22507e-05, s=0.4012]
  * Beta parameters: [s1=1.045, s2=14.7405]
  * Adjusted p-values: [emp=0.00497512, beta=0.000742061]

Processing phenotype [ENSG00000100368.9] [35/296]
  * #variants in cis = 19
  * Best hit: [id=22_internal_3725, d=272286, pv=0.288636, s=-0.1153]
  * Beta parameters: [s1=1.11719, s2=13.9822]
  * Adjusted p-values: [emp=0.995025, beta=0.99565]

Processing phenotype [ENSG00000128309.12] [36/296]
  * #variants in cis = 19
  * Best hit: [id=22_internal_3725, d=166280, pv=0.0526568, s=0.1937]
  * Beta parameters: [s1=1.05328, s2=17.8188]
  * Adjusted p-values: [emp=0.631841, beta=0.632012]

Processing phenotype [ENSG00000128311.9] [37/296]
  * #variants in cis = 19
  * Best hit: [id=22_internal_3739, d=711211, pv=0.0362822, s=-0.2218]
  * Beta parameters: [s1=0.89558, s2=16.7037]
  * Adjusted p-values: [emp=0.482587, beta=0.504286]

Processing phenotype [ENSG00000100379.13] [38/296]
  * #variants in cis = 19
  * Best hit: [id=22_internal_3960, d=-576716, pv=0.0169299, s=-0.2359]
  * Beta parameters: [s1=0.946654, s2=20.193]
  * Adjusted p-values: [emp=0.263682, beta=0.253864]

Processing phenotype [ENSG00000187045.12] [39/296]
  * #variants in cis = 19
  * Best hit: [id=22_internal_3474, d=153561, pv=0.00330782, s=0.3281]
  * Beta parameters: [s1=0.873647, s2=23.3811]
  * Adjusted p-values: [emp=0.0696517, beta=0.0578766]

Processing phenotype [ENSG00000235237.1] [40/296]
  * #variants in cis = 20
  * Best hit: [id=22_internal_3293, d=-227799, pv=0.0793361, s=0.1649]
  * Beta parameters: [s1=1.16518, s2=20.3562]
  * Adjusted p-values: [emp=0.781095, beta=0.78954]

Processing phenotype [ENSG00000100385.9] [41/296]
  * #variants in cis = 21
  * Best hit: [id=22_internal_3904, d=-478133, pv=0.0854694, s=-0.1902]
  * Beta parameters: [s1=0.961928, s2=16.4]
  * Adjusted p-values: [emp=0.825871, beta=0.807363]

Processing phenotype [ENSG00000133466.9] [42/296]
  * #variants in cis = 21
  * Best hit: [id=22_internal_3293, d=260427, pv=0.0452192, s=0.1989]
  * Beta parameters: [s1=1.01956, s2=14.0785]
  * Adjusted p-values: [emp=0.626866, beta=0.622393]

Processing phenotype [ENSG00000183473.5] [43/296]
  * #variants in cis = 21
  * Best hit: [id=22_internal_4096, d=233390, pv=0.0510882, s=0.2190]
  * Beta parameters: [s1=1.0086, s2=20.2672]
  * Adjusted p-values: [emp=0.691542, beta=0.660977]

Processing phenotype [ENSG00000226233.1] [44/296]
  * #variants in cis = 21
  * Best hit: [id=22_internal_4446, d=-321645, pv=0.0478286, s=0.2242]
  * Beta parameters: [s1=0.971684, s2=20.2907]
  * Adjusted p-values: [emp=0.686567, beta=0.690823]

Processing phenotype [ENSG00000255594.1] [45/296]
  * #variants in cis = 21
  * Best hit: [id=22_internal_3373, d=971588, pv=0.115829, s=0.1682]
  * Beta parameters: [s1=1.13771, s2=17.8395]
  * Adjusted p-values: [emp=0.930348, beta=0.912362]

Processing phenotype [ENSG00000128340.10] [46/296]
  * #variants in cis = 21
  * Best hit: [id=22_internal_3373, d=990041, pv=0.0686519, s=0.1984]
  * Beta parameters: [s1=1.01603, s2=19.6855]
  * Adjusted p-values: [emp=0.776119, beta=0.747787]

Processing phenotype [ENSG00000100055.16] [47/296]
  * #variants in cis = 19
  * Best hit: [id=22_internal_4050, d=-774331, pv=0.0265738, s=0.2229]
  * Beta parameters: [s1=0.931803, s2=22.9184]
  * Adjusted p-values: [emp=0.378109, beta=0.370735]

Processing phenotype [ENSG00000166897.9] [48/296]
  * #variants in cis = 17
  * Best hit: [id=22_internal_3904, d=-225722, pv=0.0731872, s=0.1841]
  * Beta parameters: [s1=1.10852, s2=14.1901]
  * Adjusted p-values: [emp=0.761194, beta=0.743579]

Processing phenotype [ENSG00000100060.13] [49/296]
  * #variants in cis = 14
  * Best hit: [id=22_internal_3700, d=-659891, pv=0.122344, s=-0.1814]
  * Beta parameters: [s1=1.08233, s2=11.2271]
  * Adjusted p-values: [emp=0.850746, beta=0.847269]

Processing phenotype [ENSG00000100065.10] [50/296]
  * #variants in cis = 13
  * Best hit: [id=22_internal_3700, d=-626781, pv=0.0113493, s=-0.2465]
  * Beta parameters: [s1=1.01067, s2=12.5841]
  * Adjusted p-values: [emp=0.134328, beta=0.144713]

Processing phenotype [ENSG00000100083.14] [51/296]
  * #variants in cis = 12
  * Best hit: [id=22_internal_3904, d=44746, pv=0.0222528, s=0.2639]
  * Beta parameters: [s1=1.05197, s2=9.85602]
  * Adjusted p-values: [emp=0.298507, beta=0.270606]

Processing phenotype [ENSG00000100092.16] [52/296]
  * #variants in cis = 12
  * Best hit: [id=22_internal_4806, d=260368, pv=0.0260539, s=0.2283]
  * Beta parameters: [s1=0.979108, s2=13.0211]
  * Adjusted p-values: [emp=0.253731, beta=0.253396]

Processing phenotype [ENSG00000233360.3] [53/296]
  * #variants in cis = 12
  * Best hit: [id=22_internal_4806, d=-236645, pv=0.0134927, s=0.2504]
  * Beta parameters: [s1=0.979739, s2=13.2513]
  * Adjusted p-values: [emp=0.124378, beta=0.121556]

Processing phenotype [ENSG00000241360.1] [54/296]
  * #variants in cis = 12
  * Best hit: [id=22_internal_3860, d=0, pv=0.0281179, s=0.2130]
  * Beta parameters: [s1=1.09698, s2=12.1318]
  * Adjusted p-values: [emp=0.308458, beta=0.291614]

Processing phenotype [ENSG00000241333.2] [55/296]
  * #variants in cis = 12
  * Best hit: [id=22_internal_3904, d=12941, pv=0.109663, s=-0.1806]
  * Beta parameters: [s1=1.08194, s2=11.4156]
  * Adjusted p-values: [emp=0.781095, beta=0.756651]

Processing phenotype [ENSG00000100097.7] [56/296]
  * #variants in cis = 12
  * Best hit: [id=22_internal_3860, d=0, pv=0.130189, s=0.1606]
  * Beta parameters: [s1=1.19111, s2=11.5277]
  * Adjusted p-values: [emp=0.81592, beta=0.792703]

Processing phenotype [ENSG00000256872.1] [57/296]
  * #variants in cis = 12
  * Best hit: [id=22_internal_3980, d=-826819, pv=0.0465606, s=0.2067]
  * Beta parameters: [s1=0.996092, s2=12.4796]
  * Adjusted p-values: [emp=0.447761, beta=0.458129]

Processing phenotype [ENSG00000100101.12] [58/296]
  * #variants in cis = 12
  * Best hit: [id=22_internal_3860, d=0, pv=0.0274894, s=-0.2460]
  * Beta parameters: [s1=0.937943, s2=16.7358]
  * Adjusted p-values: [emp=0.278607, beta=0.250754]

Processing phenotype [ENSG00000100106.15] [59/296]
  * #variants in cis = 12
  * Best hit: [id=22_internal_4806, d=198018, pv=0.0498339, s=-0.2067]
  * Beta parameters: [s1=0.964688, s2=11.8334]
  * Adjusted p-values: [emp=0.373134, beta=0.413904]

Processing phenotype [ENSG00000189060.4] [60/296]
  * #variants in cis = 12
  * Best hit: [id=22_internal_4806, d=89915, pv=0.0412183, s=0.2301]
  * Beta parameters: [s1=1.0413, s2=12.7399]
  * Adjusted p-values: [emp=0.368159, beta=0.371745]

Processing phenotype [ENSG00000100116.12] [61/296]
  * #variants in cis = 12
  * Best hit: [id=22_internal_4806, d=87117, pv=0.00612178, s=0.2897]
  * Beta parameters: [s1=0.985473, s2=11.8896]
  * Adjusted p-values: [emp=0.0895522, beta=0.0878639]

Processing phenotype [ENSG00000100124.7] [62/296]
  * #variants in cis = 12
  * Best hit: [id=22_internal_3401, d=526692, pv=0.00105609, s=-0.3335]
  * Beta parameters: [s1=0.880229, s2=11.9471]
  * Adjusted p-values: [emp=0.0248756, beta=0.0140746]

Processing phenotype [ENSG00000100129.11] [63/296]
  * #variants in cis = 12
  * Best hit: [id=22_internal_3860, d=-115269, pv=0.0618341, s=0.2094]
  * Beta parameters: [s1=0.942963, s2=15.8144]
  * Adjusted p-values: [emp=0.482587, beta=0.486558]

Processing phenotype [ENSG00000100139.9] [64/296]
  * #variants in cis = 13
  * Best hit: [id=22_internal_3904, d=-248859, pv=0.0266825, s=-0.2391]
  * Beta parameters: [s1=1.02029, s2=13.8612]
  * Adjusted p-values: [emp=0.258706, beta=0.268733]

Processing phenotype [ENSG00000100142.8] [65/296]
  * #variants in cis = 13
  * Best hit: [id=22_internal_4135, d=909303, pv=0.169821, s=0.1385]
  * Beta parameters: [s1=1.03514, s2=13.333]
  * Adjusted p-values: [emp=0.920398, beta=0.919171]

Processing phenotype [ENSG00000128346.6] [66/296]
  * #variants in cis = 13
  * Best hit: [id=22_internal_4806, d=39736, pv=0.011956, s=0.2821]
  * Beta parameters: [s1=0.971935, s2=12.24]
  * Adjusted p-values: [emp=0.129353, beta=0.120416]

Processing phenotype [ENSG00000100146.12] [67/296]
  * #variants in cis = 12
  * Best hit: [id=22_internal_3401, d=669683, pv=0.25939, s=-0.1169]
  * Beta parameters: [s1=0.957211, s2=12.8284]
  * Adjusted p-values: [emp=0.975124, beta=0.976594]

Processing phenotype [ENSG00000222044.1] [68/296]
  * #variants in cis = 13
  * Best hit: [id=22_internal_4446, d=440843, pv=0.082535, s=0.1666]
  * Beta parameters: [s1=1.03196, s2=13.9173]
  * Adjusted p-values: [emp=0.656716, beta=0.639054]

Processing phenotype [ENSG00000100151.11] [69/296]
  * #variants in cis = 13
  * Best hit: [id=22_internal_4958, d=115974, pv=0.205852, s=0.1360]
  * Beta parameters: [s1=0.974579, s2=12.8746]
  * Adjusted p-values: [emp=0.925373, beta=0.939434]

Processing phenotype [ENSG00000233739.1] [70/296]
  * #variants in cis = 13
  * Best hit: [id=22_internal_4995, d=-795492, pv=0.0968567, s=-0.1695]
  * Beta parameters: [s1=0.989353, s2=12.8079]
  * Adjusted p-values: [emp=0.711443, beta=0.716058]

Processing phenotype [ENSG00000100156.6] [71/296]
  * #variants in cis = 13
  * Best hit: [id=22_internal_3700, d=-62230, pv=0.0355319, s=0.2057]
  * Beta parameters: [s1=0.957066, s2=12.14]
  * Adjusted p-values: [emp=0.383085, beta=0.381008]

Processing phenotype [ENSG00000128298.12] [72/296]
  * #variants in cis = 13
  * Best hit: [id=22_internal_4135, d=-751240, pv=0.0926488, s=-0.1774]
  * Beta parameters: [s1=1.05544, s2=12.8579]
  * Adjusted p-values: [emp=0.771144, beta=0.749804]

Processing phenotype [ENSG00000185022.7] [73/296]
  * #variants in cis = 14
  * Best hit: [id=22_internal_4631, d=774964, pv=0.0220796, s=-0.2421]
  * Beta parameters: [s1=1.16894, s2=15.3314]
  * Adjusted p-values: [emp=0.199005, beta=0.240582]

Processing phenotype [ENSG00000184381.13] [74/296]
  * #variants in cis = 14
  * Best hit: [id=22_internal_4958, d=0, pv=0.000537327, s=0.3372]
  * Beta parameters: [s1=0.950647, s2=14.7032]
  * Adjusted p-values: [emp=0.0149254, beta=0.00597177]

Processing phenotype [ENSG00000256873.1] [75/296]
  * #variants in cis = 14
  * Best hit: [id=22_internal_3725, d=959376, pv=0.000225865, s=-0.3828]
  * Beta parameters: [s1=1.02045, s2=14.2543]
  * Adjusted p-values: [emp=0.00497512, beta=0.00200593]

Processing phenotype [ENSG00000251267.1] [76/296]
  * #variants in cis = 14
  * Best hit: [id=22_internal_4806, d=308999, pv=0.0437206, s=0.2146]
  * Beta parameters: [s1=1.0362, s2=16.8441]
  * Adjusted p-values: [emp=0.537313, beta=0.529946]

Processing phenotype [ENSG00000235246.1] [77/296]
  * #variants in cis = 14
  * Best hit: [id=22_internal_4995, d=638113, pv=0.0558896, s=-0.2073]
  * Beta parameters: [s1=1.18682, s2=12.3804]
  * Adjusted p-values: [emp=0.552239, beta=0.517067]

Processing phenotype [ENSG00000198792.7] [78/296]
  * #variants in cis = 13
  * Best hit: [id=22_internal_4631, d=-703813, pv=0.0120014, s=-0.2571]
  * Beta parameters: [s1=0.991979, s2=13.4942]
  * Adjusted p-values: [emp=0.124378, beta=0.131556]

Processing phenotype [ENSG00000229955.1] [79/296]
  * #variants in cis = 13
  * Best hit: [id=22_internal_3700, d=193406, pv=0.0235908, s=0.2429]
  * Beta parameters: [s1=1.01292, s2=10.6536]
  * Adjusted p-values: [emp=0.283582, beta=0.259841]

Processing phenotype [ENSG00000213923.6] [80/296]
  * #variants in cis = 13
  * Best hit: [id=22_internal_4449, d=-528468, pv=0.0573463, s=-0.2035]
  * Beta parameters: [s1=1.16935, s2=13.0098]
  * Adjusted p-values: [emp=0.572139, beta=0.538124]

Processing phenotype [ENSG00000244627.1] [81/296]
  * #variants in cis = 13
  * Best hit: [id=22_internal_4995, d=-470505, pv=0.035431, s=-0.2180]
  * Beta parameters: [s1=1.04451, s2=15.1738]
  * Adjusted p-values: [emp=0.422886, beta=0.369899]

Processing phenotype [ENSG00000100196.6] [82/296]
  * #variants in cis = 14
  * Best hit: [id=22_internal_4446, d=-874675, pv=0.215942, s=0.1310]
  * Beta parameters: [s1=1.06555, s2=13.0793]
  * Adjusted p-values: [emp=0.960199, beta=0.969678]

Processing phenotype [ENSG00000100201.14] [83/296]
  * #variants in cis = 14
  * Best hit: [id=22_internal_5129, d=-662797, pv=0.138558, s=0.1625]
  * Beta parameters: [s1=0.975527, s2=13.4818]
  * Adjusted p-values: [emp=0.870647, beta=0.861852]

Processing phenotype [ENSG00000100206.5] [84/296]
  * #variants in cis = 14
  * Best hit: [id=22_internal_3989, d=-866100, pv=0.0376248, s=0.2100]
  * Beta parameters: [s1=1.05894, s2=13.1307]
  * Adjusted p-values: [emp=0.348259, beta=0.369516]

Processing phenotype [ENSG00000184949.9] [85/296]
  * #variants in cis = 13
  * Best hit: [id=22_internal_3860, d=923028, pv=0.0356333, s=0.2215]
  * Beta parameters: [s1=1.00441, s2=13.7629]
  * Adjusted p-values: [emp=0.383085, beta=0.330877]

Processing phenotype [ENSG00000100211.6] [86/296]
  * #variants in cis = 13
  * Best hit: [id=22_internal_5129, d=513821, pv=0.051448, s=0.2141]
  * Beta parameters: [s1=0.941654, s2=12.3609]
  * Adjusted p-values: [emp=0.512438, beta=0.536704]

Processing phenotype [ENSG00000230912.1] [87/296]
  * #variants in cis = 12
  * Best hit: [id=22_internal_3860, d=935149, pv=0.111889, s=0.1566]
  * Beta parameters: [s1=1.0928, s2=11.3707]
  * Adjusted p-values: [emp=0.776119, beta=0.747922]

Processing phenotype [ENSG00000228274.2] [88/296]
  * #variants in cis = 12
  * Best hit: [id=22_internal_4631, d=-295028, pv=0.128881, s=0.1508]
  * Beta parameters: [s1=1.15489, s2=10.3456]
  * Adjusted p-values: [emp=0.81592, beta=0.78982]

Processing phenotype [ENSG00000100216.4] [89/296]
  * #variants in cis = 12
  * Best hit: [id=22_internal_3989, d=754438, pv=0.0140509, s=0.2674]
  * Beta parameters: [s1=1.02433, s2=10.6042]
  * Adjusted p-values: [emp=0.139303, beta=0.14628]

Processing phenotype [ENSG00000100221.6] [90/296]
  * #variants in cis = 12
  * Best hit: [id=22_internal_4135, d=-160356, pv=0.0839706, s=0.1954]
  * Beta parameters: [s1=0.989552, s2=13.4782]
  * Adjusted p-values: [emp=0.626866, beta=0.639787]

Processing phenotype [ENSG00000100226.11] [91/296]
  * #variants in cis = 12
  * Best hit: [id=22_internal_3989, d=730663, pv=0.0528981, s=0.2189]
  * Beta parameters: [s1=1.07676, s2=13.6314]
  * Adjusted p-values: [emp=0.467662, beta=0.464588]

Processing phenotype [ENSG00000229598.1] [92/296]
  * #variants in cis = 12
  * Best hit: [id=22_internal_3989, d=-712881, pv=0.0308569, s=0.2454]
  * Beta parameters: [s1=0.970988, s2=12.8227]
  * Adjusted p-values: [emp=0.328358, beta=0.340131]

Processing phenotype [ENSG00000257034.1] [93/296]
  * #variants in cis = 12
  * Best hit: [id=22_internal_4806, d=-817838, pv=0.064919, s=0.1922]
  * Beta parameters: [s1=0.893794, s2=11.3087]
  * Adjusted p-values: [emp=0.527363, beta=0.550869]

Processing phenotype [ENSG00000203583.2] [94/296]
  * #variants in cis = 12
  * Best hit: [id=22_internal_4631, d=243939, pv=0.157655, s=-0.1579]
  * Beta parameters: [s1=0.946815, s2=12.2083]
  * Adjusted p-values: [emp=0.875622, beta=0.887462]

Processing phenotype [ENSG00000244491.1] [95/296]
  * #variants in cis = 11
  * Best hit: [id=22_internal_5129, d=435732, pv=0.00515873, s=0.3250]
  * Beta parameters: [s1=1.01405, s2=9.37297]
  * Adjusted p-values: [emp=0.0547264, beta=0.053618]

Processing phenotype [ENSG00000230149.2] [96/296]
  * #variants in cis = 11
  * Best hit: [id=22_internal_4449, d=192260, pv=0.0661243, s=-0.2048]
  * Beta parameters: [s1=0.93027, s2=10.0589]
  * Adjusted p-values: [emp=0.517413, beta=0.503656]

Processing phenotype [ENSG00000225450.1] [97/296]
  * #variants in cis = 11
  * Best hit: [id=22_internal_4449, d=187987, pv=0.0583202, s=-0.2156]
  * Beta parameters: [s1=1.15676, s2=9.47273]
  * Adjusted p-values: [emp=0.472637, beta=0.446051]

Processing phenotype [ENSG00000100242.11] [98/296]
  * #variants in cis = 11
  * Best hit: [id=22_internal_5129, d=-376314, pv=0.00858425, s=0.3040]
  * Beta parameters: [s1=1.09828, s2=11.6008]
  * Adjusted p-values: [emp=0.079602, beta=0.0732004]

Processing phenotype [ENSG00000100246.7] [99/296]
  * #variants in cis = 11
  * Best hit: [id=22_internal_5129, d=-376259, pv=0.12611, s=-0.1748]
  * Beta parameters: [s1=0.951106, s2=11.8389]
  * Adjusted p-values: [emp=0.791045, beta=0.776452]

Processing phenotype [ENSG00000221890.2] [100/296]
  * #variants in cis = 11
  * Best hit: [id=22_internal_4135, d=-17930, pv=0.0733166, s=0.1804]
  * Beta parameters: [s1=0.959505, s2=13.702]
  * Adjusted p-values: [emp=0.552239, beta=0.592051]

Processing phenotype [ENSG00000183741.7] [101/296]
  * #variants in cis = 12
  * Best hit: [id=22_internal_4995, d=0, pv=0.0216542, s=0.2534]
  * Beta parameters: [s1=0.987733, s2=12.5889]
  * Adjusted p-values: [emp=0.243781, beta=0.243314]

Processing phenotype [ENSG00000179750.11] [102/296]
  * #variants in cis = 12
  * Best hit: [id=22_internal_3989, d=454039, pv=0.0437421, s=0.1990]
  * Beta parameters: [s1=0.90027, s2=12.3533]
  * Adjusted p-values: [emp=0.39801, beta=0.429111]

Processing phenotype [ENSG00000244509.2] [103/296]
  * #variants in cis = 12
  * Best hit: [id=22_internal_3989, d=422303, pv=4.24151e-05, s=-0.4445]
  * Beta parameters: [s1=0.961609, s2=13.719]
  * Adjusted p-values: [emp=0.00497512, beta=0.000394992]

Processing phenotype [ENSG00000243811.2] [104/296]
  * #variants in cis = 12
  * Best hit: [id=22_internal_5002, d=0, pv=0.0180969, s=0.2418]
  * Beta parameters: [s1=0.940902, s2=14.4196]
  * Adjusted p-values: [emp=0.189055, beta=0.197043]

Processing phenotype [ENSG00000128394.12] [105/296]
  * #variants in cis = 12
  * Best hit: [id=22_internal_3989, d=395782, pv=0.0218412, s=-0.2253]
  * Beta parameters: [s1=1.0995, s2=10.2353]
  * Adjusted p-values: [emp=0.233831, beta=0.233415]

Processing phenotype [ENSG00000239713.3] [106/296]
  * #variants in cis = 12
  * Best hit: [id=22_internal_5002, d=0, pv=2.29685e-07, s=0.4968]
  * Beta parameters: [s1=0.914339, s2=14.8522]
  * Adjusted p-values: [emp=0.00497512, beta=7.02036e-07]

Processing phenotype [ENSG00000100298.11] [107/296]
  * #variants in cis = 13
  * Best hit: [id=22_internal_5002, d=0, pv=0.00391678, s=0.3047]
  * Beta parameters: [s1=1.00959, s2=13.0165]
  * Adjusted p-values: [emp=0.0696517, beta=0.0500433]

Processing phenotype [ENSG00000226024.1] [108/296]
  * #variants in cis = 13
  * Best hit: [id=22_internal_4995, d=0, pv=0.0160796, s=-0.2198]
  * Beta parameters: [s1=1.01594, s2=12.1115]
  * Adjusted p-values: [emp=0.19403, beta=0.201324]

Processing phenotype [ENSG00000233899.1] [109/296]
  * #variants in cis = 13
  * Best hit: [id=22_internal_5129, d=-29273, pv=0.119111, s=0.1648]
  * Beta parameters: [s1=1.04574, s2=11.4654]
  * Adjusted p-values: [emp=0.79602, beta=0.791639]

Processing phenotype [ENSG00000100307.8] [110/296]
  * #variants in cis = 13
  * Best hit: [id=22_internal_4135, d=250775, pv=0.0388009, s=0.2253]
  * Beta parameters: [s1=1.07383, s2=17.7625]
  * Adjusted p-values: [emp=0.338308, beta=0.370413]

Processing phenotype [ENSG00000227009.1] [111/296]
  * #variants in cis = 13
  * Best hit: [id=22_internal_4995, d=-1706, pv=0.228904, s=0.1248]
  * Beta parameters: [s1=1.20937, s2=8.52442]
  * Adjusted p-values: [emp=0.925373, beta=0.928029]

Processing phenotype [ENSG00000100311.12] [112/296]
  * #variants in cis = 13
  * Best hit: [id=22_internal_4995, d=90932, pv=0.00821352, s=-0.2642]
  * Beta parameters: [s1=0.941295, s2=16.9806]
  * Adjusted p-values: [emp=0.104478, beta=0.0928869]

Processing phenotype [ENSG00000209480.1] [113/296]
  * #variants in cis = 13
  * Best hit: [id=22_internal_3745, d=-584633, pv=0.082933, s=0.1905]
  * Beta parameters: [s1=0.961491, s2=11.9577]
  * Adjusted p-values: [emp=0.626866, beta=0.636662]

Processing phenotype [ENSG00000209482.1] [114/296]
  * #variants in cis = 13
  * Best hit: [id=22_internal_3443, d=-747488, pv=0.0526659, s=0.2111]
  * Beta parameters: [s1=1.01429, s2=10.7014]
  * Adjusted p-values: [emp=0.512438, beta=0.493504]

Processing phenotype [ENSG00000263764.1] [115/296]
  * #variants in cis = 13
  * Best hit: [id=22_internal_5129, d=0, pv=0.114946, s=-0.1655]
  * Beta parameters: [s1=0.807361, s2=12.6572]
  * Adjusted p-values: [emp=0.79602, beta=0.80118]

Processing phenotype [ENSG00000100316.11] [116/296]
  * #variants in cis = 13
  * Best hit: [id=22_internal_3251, d=-854765, pv=0.0223414, s=0.2243]
  * Beta parameters: [s1=0.993134, s2=11.3697]
  * Adjusted p-values: [emp=0.21393, beta=0.224779]

Processing phenotype [ENSG00000100321.10] [117/296]
  * #variants in cis = 13
  * Best hit: [id=22_internal_3989, d=86461, pv=6.20126e-05, s=0.4061]
  * Beta parameters: [s1=1.05115, s2=13.9129]
  * Adjusted p-values: [emp=0.00497512, beta=0.000487632]

Processing phenotype [ENSG00000100324.9] [118/296]
  * #variants in cis = 16
  * Best hit: [id=22_internal_3989, d=36645, pv=0.00332787, s=0.3051]
  * Beta parameters: [s1=1.07976, s2=16.0927]
  * Adjusted p-values: [emp=0.0497512, beta=0.0550833]

Processing phenotype [ENSG00000128268.11] [119/296]
  * #variants in cis = 16
  * Best hit: [id=22_internal_3437, d=924939, pv=0.0655322, s=-0.2014]
  * Beta parameters: [s1=0.986868, s2=17.0718]
  * Adjusted p-values: [emp=0.666667, beta=0.658691]

Processing phenotype [ENSG00000100335.8] [120/296]
  * #variants in cis = 17
  * Best hit: [id=22_internal_4034, d=990520, pv=0.0168527, s=-0.2512]
  * Beta parameters: [s1=0.927261, s2=27.8835]
  * Adjusted p-values: [emp=0.20398, beta=0.183199]

Processing phenotype [ENSG00000128272.10] [121/296]
  * #variants in cis = 18
  * Best hit: [id=22_internal_4995, d=-365876, pv=0.0824807, s=0.1935]
  * Beta parameters: [s1=0.965566, s2=17.5563]
  * Adjusted p-values: [emp=0.751244, beta=0.751351]

Processing phenotype [ENSG00000187051.4] [122/296]
  * #variants in cis = 18
  * Best hit: [id=22_internal_3443, d=-529940, pv=0.0279835, s=0.2441]
  * Beta parameters: [s1=0.976025, s2=19.2872]
  * Adjusted p-values: [emp=0.348259, beta=0.364624]

Processing phenotype [ENSG00000100346.13] [123/296]
  * #variants in cis = 18
  * Best hit: [id=22_internal_3989, d=-97198, pv=0.055411, s=0.2110]
  * Beta parameters: [s1=0.934797, s2=20.1409]
  * Adjusted p-values: [emp=0.666667, beta=0.672069]

Processing phenotype [ENSG00000226085.2] [124/296]
  * #variants in cis = 18
  * Best hit: [id=22_internal_3989, d=-401733, pv=0.0276, s=-0.2240]
  * Beta parameters: [s1=0.930093, s2=15.2862]
  * Adjusted p-values: [emp=0.39801, beta=0.399116]

Processing phenotype [ENSG00000176177.9] [125/296]
  * #variants in cis = 18
  * Best hit: [id=22_internal_3817, d=-488679, pv=0.0376836, s=0.2213]
  * Beta parameters: [s1=1.03542, s2=16.0982]
  * Adjusted p-values: [emp=0.477612, beta=0.454284]

Processing phenotype [ENSG00000100351.12] [126/296]
  * #variants in cis = 18
  * Best hit: [id=22_internal_3745, d=0, pv=0.0027767, s=0.3109]
  * Beta parameters: [s1=1.05816, s2=19.0541]
  * Adjusted p-values: [emp=0.039801, beta=0.0335214]

Processing phenotype [ENSG00000225528.1] [127/296]
  * #variants in cis = 17
  * Best hit: [id=22_internal_4995, d=-806577, pv=0.00681146, s=-0.2560]
  * Beta parameters: [s1=0.958668, s2=12.3793]
  * Adjusted p-values: [emp=0.149254, beta=0.125127]

Processing phenotype [ENSG00000133477.11] [128/296]
  * #variants in cis = 18
  * Best hit: [id=22_internal_4654, d=-142662, pv=0.0347657, s=-0.2440]
  * Beta parameters: [s1=0.945605, s2=16.1993]
  * Adjusted p-values: [emp=0.447761, beta=0.442453]

Processing phenotype [ENSG00000261202.1] [129/296]
  * #variants in cis = 18
  * Best hit: [id=22_internal_3745, d=36238, pv=0.0448662, s=-0.2291]
  * Beta parameters: [s1=1.01072, s2=15.1258]
  * Adjusted p-values: [emp=0.567164, beta=0.540382]

Processing phenotype [ENSG00000100354.15] [130/296]
  * #variants in cis = 18
  * Best hit: [id=22_internal_4034, d=445136, pv=0.0346293, s=0.2371]
  * Beta parameters: [s1=1.04237, s2=14.3376]
  * Adjusted p-values: [emp=0.477612, beta=0.441685]

Processing phenotype [ENSG00000228599.1] [131/296]
  * #variants in cis = 18
  * Best hit: [id=22_internal_4995, d=953246, pv=0.0178601, s=0.2520]
  * Beta parameters: [s1=1.10592, s2=14.3206]
  * Adjusted p-values: [emp=0.298507, beta=0.298599]

Processing phenotype [ENSG00000239900.6] [132/296]
  * #variants in cis = 13
  * Best hit: [id=22_internal_3712, d=48982, pv=0.00250176, s=0.3423]
  * Beta parameters: [s1=1.0461, s2=11.3471]
  * Adjusted p-values: [emp=0.039801, beta=0.0365038]

Processing phenotype [ENSG00000254994.1] [133/296]
  * #variants in cis = 13
  * Best hit: [id=22_internal_3989, d=-891483, pv=0.0423787, s=0.2154]
  * Beta parameters: [s1=1.01229, s2=10.557]
  * Adjusted p-values: [emp=0.452736, beta=0.44594]

Processing phenotype [ENSG00000100359.15] [134/296]
  * #variants in cis = 13
  * Best hit: [id=22_internal_3437, d=11693, pv=0.000496751, s=0.3826]
  * Beta parameters: [s1=1.02872, s2=14.9456]
  * Adjusted p-values: [emp=0.00995025, beta=0.00267257]

Processing phenotype [ENSG00000229999.1] [135/296]
  * #variants in cis = 13
  * Best hit: [id=22_internal_3443, d=269522, pv=0.00334791, s=-0.2974]
  * Beta parameters: [s1=1.16414, s2=9.32922]
  * Adjusted p-values: [emp=0.0497512, beta=0.0502024]

Processing phenotype [ENSG00000227413.1] [136/296]
  * #variants in cis = 13
  * Best hit: [id=22_internal_3437, d=-28812, pv=0.0354937, s=0.2145]
  * Beta parameters: [s1=0.922066, s2=11.5009]
  * Adjusted p-values: [emp=0.263682, beta=0.28164]

Processing phenotype [ENSG00000232564.1] [137/296]
  * #variants in cis = 12
  * Best hit: [id=22_internal_4034, d=0, pv=0.170487, s=-0.1479]
  * Beta parameters: [s1=0.989203, s2=14.1466]
  * Adjusted p-values: [emp=0.865672, beta=0.893322]

Processing phenotype [ENSG00000230071.2] [138/296]
  * #variants in cis = 12
  * Best hit: [id=22_internal_3610, d=270325, pv=0.0152224, s=0.2433]
  * Beta parameters: [s1=0.929852, s2=12.5641]
  * Adjusted p-values: [emp=0.129353, beta=0.122557]

Processing phenotype [ENSG00000196588.9] [139/296]
  * #variants in cis = 13
  * Best hit: [id=22_internal_5361, d=0, pv=0.0570322, s=0.2050]
  * Beta parameters: [s1=0.913305, s2=10.7037]
  * Adjusted p-values: [emp=0.502488, beta=0.536922]

Processing phenotype [ENSG00000128285.4] [140/296]
  * #variants in cis = 13
  * Best hit: [id=22_internal_3823, d=270805, pv=0.157632, s=-0.1548]
  * Beta parameters: [s1=1.02569, s2=12.7035]
  * Adjusted p-values: [emp=0.860697, beta=0.864792]

Processing phenotype [ENSG00000230769.1] [141/296]
  * #variants in cis = 14
  * Best hit: [id=22_internal_5361, d=142138, pv=0.0629376, s=0.2110]
  * Beta parameters: [s1=1.03316, s2=12.5236]
  * Adjusted p-values: [emp=0.631841, beta=0.60139]

Processing phenotype [ENSG00000100372.10] [142/296]
  * #variants in cis = 14
  * Best hit: [id=22_internal_3745, d=811107, pv=0.00330857, s=0.3076]
  * Beta parameters: [s1=1.04882, s2=12.0472]
  * Adjusted p-values: [emp=0.0199005, beta=0.0370661]

Processing phenotype [ENSG00000100380.8] [143/296]
  * #variants in cis = 14
  * Best hit: [id=22_internal_3610, d=539344, pv=0.0596184, s=0.1813]
  * Beta parameters: [s1=1.12687, s2=11.6047]
  * Adjusted p-values: [emp=0.557214, beta=0.509298]

Processing phenotype [ENSG00000196236.7] [144/296]
  * #variants in cis = 14
  * Best hit: [id=22_internal_3443, d=-738309, pv=0.0260074, s=0.2464]
  * Beta parameters: [s1=1.09071, s2=15.3403]
  * Adjusted p-values: [emp=0.248756, beta=0.261858]

Processing phenotype [ENSG00000172404.4] [145/296]
  * #variants in cis = 14
  * Best hit: [id=22_internal_4034, d=47482, pv=0.0472086, s=0.2099]
  * Beta parameters: [s1=1.01114, s2=12.5946]
  * Adjusted p-values: [emp=0.497512, beta=0.5128]

Processing phenotype [ENSG00000100387.8] [146/296]
  * #variants in cis = 15
  * Best hit: [id=22_internal_3408, d=825630, pv=0.0166191, s=0.2750]
  * Beta parameters: [s1=0.858221, s2=16.6351]
  * Adjusted p-values: [emp=0.233831, beta=0.201666]

Processing phenotype [ENSG00000237214.2] [147/296]
  * #variants in cis = 14
  * Best hit: [id=22_internal_3232, d=554290, pv=0.213315, s=0.1351]
  * Beta parameters: [s1=0.923536, s2=13.5213]
  * Adjusted p-values: [emp=0.965174, beta=0.964918]

Processing phenotype [ENSG00000100393.9] [148/296]
  * #variants in cis = 14
  * Best hit: [id=22_internal_3437, d=-687462, pv=0.113262, s=-0.1629]
  * Beta parameters: [s1=1.11906, s2=9.04489]
  * Adjusted p-values: [emp=0.746269, beta=0.741864]

Processing phenotype [ENSG00000221160.1] [149/296]
  * #variants in cis = 14
  * Best hit: [id=22_internal_4034, d=-277869, pv=0.039873, s=0.2035]
  * Beta parameters: [s1=1.18257, s2=11.6428]
  * Adjusted p-values: [emp=0.472637, beta=0.441119]

Processing phenotype [ENSG00000252859.1] [150/296]
  * #variants in cis = 13
  * Best hit: [id=22_internal_3610, d=-850539, pv=0.032087, s=0.2408]
  * Beta parameters: [s1=0.839377, s2=11.2696]
  * Adjusted p-values: [emp=0.353234, beta=0.337179]

Processing phenotype [ENSG00000232754.1] [151/296]
  * #variants in cis = 14
  * Best hit: [id=22_internal_4476, d=111642, pv=0.0901155, s=-0.1818]
  * Beta parameters: [s1=1.03758, s2=9.78973]
  * Adjusted p-values: [emp=0.711443, beta=0.709855]

Processing phenotype [ENSG00000231993.1] [152/296]
  * #variants in cis = 15
  * Best hit: [id=22_internal_3232, d=-420886, pv=0.226455, s=0.1224]
  * Beta parameters: [s1=0.98707, s2=13.5381]
  * Adjusted p-values: [emp=0.9801, beta=0.970298]

Processing phenotype [ENSG00000100395.10] [153/296]
  * #variants in cis = 15
  * Best hit: [id=22_internal_3437, d=-800881, pv=0.0353532, s=0.2355]
  * Beta parameters: [s1=0.995215, s2=12.158]
  * Adjusted p-values: [emp=0.40796, beta=0.412072]

Processing phenotype [ENSG00000235513.1] [154/296]
  * #variants in cis = 15
  * Best hit: [id=22_internal_4038, d=-610128, pv=0.18039, s=-0.1378]
  * Beta parameters: [s1=0.950714, s2=15.1273]
  * Adjusted p-values: [emp=0.945274, beta=0.940883]

Processing phenotype [ENSG00000100399.11] [155/296]
  * #variants in cis = 15
  * Best hit: [id=22_internal_3937, d=-938428, pv=0.0919154, s=0.1716]
  * Beta parameters: [s1=0.944183, s2=11.2633]
  * Adjusted p-values: [emp=0.711443, beta=0.731595]

Processing phenotype [ENSG00000100401.15] [156/296]
  * #variants in cis = 16
  * Best hit: [id=22_internal_3712, d=797764, pv=0.000335438, s=0.3711]
  * Beta parameters: [s1=1.1763, s2=14.2987]
  * Adjusted p-values: [emp=0.00995025, beta=0.00365011]

Processing phenotype [ENSG00000100403.10] [157/296]
  * #variants in cis = 16
  * Best hit: [id=22_internal_3823, d=-277695, pv=0.166754, s=-0.1395]
  * Beta parameters: [s1=1.01136, s2=13.7304]
  * Adjusted p-values: [emp=0.955224, beta=0.946455]

Processing phenotype [ENSG00000167074.9] [158/296]
  * #variants in cis = 15
  * Best hit: [id=22_internal_3437, d=-963009, pv=0.191376, s=0.1459]
  * Beta parameters: [s1=0.930544, s2=12.8148]
  * Adjusted p-values: [emp=0.940299, beta=0.947288]

Processing phenotype [ENSG00000183864.4] [159/296]
  * #variants in cis = 16
  * Best hit: [id=22_internal_3937, d=-732339, pv=0.00262993, s=0.3211]
  * Beta parameters: [s1=1.06055, s2=15.7724]
  * Adjusted p-values: [emp=0.039801, beta=0.039046]

Processing phenotype [ENSG00000100410.3] [160/296]
  * #variants in cis = 16
  * Best hit: [id=22_internal_5361, d=821596, pv=0.00186165, s=0.3472]
  * Beta parameters: [s1=1.05827, s2=14.4028]
  * Adjusted p-values: [emp=0.0298507, beta=0.0316205]

Processing phenotype [ENSG00000100412.11] [161/296]
  * #variants in cis = 16
  * Best hit: [id=22_internal_4034, d=-654481, pv=0.155392, s=-0.1597]
  * Beta parameters: [s1=1.0973, s2=13.9645]
  * Adjusted p-values: [emp=0.940299, beta=0.920926]

Processing phenotype [ENSG00000100413.12] [162/296]
  * #variants in cis = 15
  * Best hit: [id=22_internal_3823, d=520779, pv=0.039808, s=-0.2227]
  * Beta parameters: [s1=0.882945, s2=13.4867]
  * Adjusted p-values: [emp=0.422886, beta=0.43638]

Processing phenotype [ENSG00000172346.10] [163/296]
  * #variants in cis = 15
  * Best hit: [id=22_internal_3937, d=618599, pv=0.0415332, s=0.2145]
  * Beta parameters: [s1=1.11562, s2=15.5337]
  * Adjusted p-values: [emp=0.472637, beta=0.474444]

Processing phenotype [ENSG00000100417.7] [164/296]
  * #variants in cis = 15
  * Best hit: [id=22_internal_4034, d=775246, pv=0.0162164, s=-0.2396]
  * Beta parameters: [s1=0.959736, s2=11.6388]
  * Adjusted p-values: [emp=0.233831, beta=0.245589]

Processing phenotype [ENSG00000100418.7] [165/296]
  * #variants in cis = 16
  * Best hit: [id=22_internal_4748, d=-649617, pv=0.0027674, s=-0.3040]
  * Beta parameters: [s1=0.995843, s2=13.9875]
  * Adjusted p-values: [emp=0.0497512, beta=0.045471]

Processing phenotype [ENSG00000196419.8] [166/296]
  * #variants in cis = 16
  * Best hit: [id=22_internal_5115, d=878875, pv=0.0748674, s=0.1997]
  * Beta parameters: [s1=0.895045, s2=13.1408]
  * Adjusted p-values: [emp=0.686567, beta=0.710153]

Processing phenotype [ENSG00000200332.1] [167/296]
  * #variants in cis = 15
  * Best hit: [id=22_internal_3823, d=624363, pv=0.0195471, s=-0.2339]
  * Beta parameters: [s1=1.03248, s2=16.2195]
  * Adjusted p-values: [emp=0.21393, beta=0.19428]

Processing phenotype [ENSG00000207457.1] [168/296]
  * #variants in cis = 15
  * Best hit: [id=22_internal_4748, d=591002, pv=0.166803, s=-0.1463]
  * Beta parameters: [s1=0.974268, s2=13.6826]
  * Adjusted p-values: [emp=0.925373, beta=0.908374]

Processing phenotype [ENSG00000184208.10] [169/296]
  * #variants in cis = 16
  * Best hit: [id=22_internal_4038, d=138816, pv=0.0171943, s=0.2455]
  * Beta parameters: [s1=1.10154, s2=17.4758]
  * Adjusted p-values: [emp=0.243781, beta=0.229411]

Processing phenotype [ENSG00000100138.9] [170/296]
  * #variants in cis = 16
  * Best hit: [id=22_internal_3232, d=0, pv=0.029071, s=0.2277]
  * Beta parameters: [s1=1.01131, s2=14.365]
  * Adjusted p-values: [emp=0.328358, beta=0.350338]

Processing phenotype [ENSG00000255782.1] [171/296]
  * #variants in cis = 16
  * Best hit: [id=22_internal_4038, d=133568, pv=0.0032142, s=0.2986]
  * Beta parameters: [s1=0.879583, s2=15.8827]
  * Adjusted p-values: [emp=0.0746269, beta=0.0539387]

Processing phenotype [ENSG00000167077.8] [172/296]
  * #variants in cis = 16
  * Best hit: [id=22_internal_3408, d=77478, pv=0.00584362, s=0.3217]
  * Beta parameters: [s1=0.914457, s2=14.6751]
  * Adjusted p-values: [emp=0.114428, beta=0.0941661]

Processing phenotype [ENSG00000100147.9] [173/296]
  * #variants in cis = 18
  * Best hit: [id=22_internal_3823, d=-776852, pv=0.134678, s=0.1605]
  * Beta parameters: [s1=0.93693, s2=21.9894]
  * Adjusted p-values: [emp=0.945274, beta=0.940358]

Processing phenotype [ENSG00000198911.7] [174/296]
  * #variants in cis = 17
  * Best hit: [id=22_internal_4038, d=0, pv=0.00249551, s=0.3113]
  * Beta parameters: [s1=1.11721, s2=15.529]
  * Adjusted p-values: [emp=0.0298507, beta=0.0374137]

Processing phenotype [ENSG00000184068.2] [175/296]
  * #variants in cis = 17
  * Best hit: [id=22_internal_3506, d=-962020, pv=0.132272, s=0.1816]
  * Beta parameters: [s1=0.931559, s2=13.4279]
  * Adjusted p-values: [emp=0.885572, beta=0.888226]

Processing phenotype [ENSG00000260655.1] [176/296]
  * #variants in cis = 20
  * Best hit: [id=22_internal_4038, d=59284, pv=5.0729e-08, s=0.5081]
  * Beta parameters: [s1=1.02137, s2=20.0833]
  * Adjusted p-values: [emp=0.00497512, beta=7.45216e-07]

Processing phenotype [ENSG00000159958.3] [177/296]
  * #variants in cis = 20
  * Best hit: [id=22_internal_4038, d=63002, pv=1.26623e-05, s=0.4951]
  * Beta parameters: [s1=1.06893, s2=21.8646]
  * Adjusted p-values: [emp=0.00497512, beta=9.90966e-05]

Processing phenotype [ENSG00000100162.10] [178/296]
  * #variants in cis = 20
  * Best hit: [id=22_internal_4019, d=-848560, pv=0.0181144, s=0.2495]
  * Beta parameters: [s1=1.03801, s2=17.6209]
  * Adjusted p-values: [emp=0.268657, beta=0.242618]

Processing phenotype [ENSG00000183066.10] [179/296]
  * #variants in cis = 21
  * Best hit: [id=22_internal_3506, d=797960, pv=0.0577314, s=0.1847]
  * Beta parameters: [s1=1.00396, s2=16.894]
  * Adjusted p-values: [emp=0.746269, beta=0.714073]

Processing phenotype [ENSG00000215347.3] [180/296]
  * #variants in cis = 21
  * Best hit: [id=22_internal_3506, d=-794719, pv=0.0261409, s=0.2132]
  * Beta parameters: [s1=1.05394, s2=18.6502]
  * Adjusted p-values: [emp=0.442786, beta=0.457627]

Processing phenotype [ENSG00000198951.7] [181/296]
  * #variants in cis = 20
  * Best hit: [id=22_internal_3863, d=-317579, pv=0.114041, s=-0.1698]
  * Beta parameters: [s1=0.962099, s2=21.8177]
  * Adjusted p-values: [emp=0.915423, beta=0.915078]

Processing phenotype [ENSG00000177096.4] [182/296]
  * #variants in cis = 19
  * Best hit: [id=22_internal_3304, d=826672, pv=0.0409965, s=0.2252]
  * Beta parameters: [s1=0.860202, s2=16.7277]
  * Adjusted p-values: [emp=0.507463, beta=0.500308]

Processing phenotype [ENSG00000183172.7] [183/296]
  * #variants in cis = 19
  * Best hit: [id=22_internal_3937, d=99671, pv=0.0232042, s=-0.2627]
  * Beta parameters: [s1=0.908899, s2=20.0671]
  * Adjusted p-values: [emp=0.353234, beta=0.347241]

Processing phenotype [ENSG00000237037.4] [184/296]
  * #variants in cis = 19
  * Best hit: [id=22_internal_3863, d=297488, pv=0.00771406, s=0.2938]
  * Beta parameters: [s1=0.890079, s2=17.879]
  * Adjusted p-values: [emp=0.129353, beta=0.122076]

Processing phenotype [ENSG00000184983.4] [185/296]
  * #variants in cis = 19
  * Best hit: [id=22_internal_4019, d=-704769, pv=0.0439844, s=0.2401]
  * Beta parameters: [s1=1.01736, s2=17.4061]
  * Adjusted p-values: [emp=0.597015, beta=0.580902]

Processing phenotype [ENSG00000213790.2] [186/296]
  * #variants in cis = 19
  * Best hit: [id=22_internal_4748, d=-161760, pv=0.0698737, s=0.1893]
  * Beta parameters: [s1=0.918615, s2=16.1217]
  * Adjusted p-values: [emp=0.666667, beta=0.685999]

Processing phenotype [ENSG00000100197.16] [187/296]
  * #variants in cis = 21
  * Best hit: [id=22_internal_3863, d=-257517, pv=0.0715699, s=0.1935]
  * Beta parameters: [s1=1.06144, s2=21.7008]
  * Adjusted p-values: [emp=0.756219, beta=0.747008]

Processing phenotype [ENSG00000227370.1] [188/296]
  * #variants in cis = 21
  * Best hit: [id=22_internal_5115, d=367448, pv=0.0172218, s=0.2275]
  * Beta parameters: [s1=1.03084, s2=19.1926]
  * Adjusted p-values: [emp=0.313433, beta=0.28284]

Processing phenotype [ENSG00000232710.1] [189/296]
  * #variants in cis = 21
  * Best hit: [id=22_internal_3268, d=-469156, pv=0.0231915, s=-0.2556]
  * Beta parameters: [s1=1.08236, s2=13.1874]
  * Adjusted p-values: [emp=0.348259, beta=0.379391]

Processing phenotype [ENSG00000205702.6] [190/296]
  * #variants in cis = 21
  * Best hit: [id=22_internal_4117, d=-971230, pv=0.119877, s=-0.1794]
  * Beta parameters: [s1=1.09064, s2=18.5414]
  * Adjusted p-values: [emp=0.920398, beta=0.921576]

Processing phenotype [ENSG00000226450.2] [191/296]
  * #variants in cis = 21
  * Best hit: [id=22_internal_4384, d=-225502, pv=0.00885599, s=-0.2681]
  * Beta parameters: [s1=1.05316, s2=23.1059]
  * Adjusted p-values: [emp=0.19403, beta=0.185617]

Processing phenotype [ENSG00000182057.4] [192/296]
  * #variants in cis = 21
  * Best hit: [id=22_internal_4044, d=618272, pv=0.019139, s=0.2305]
  * Beta parameters: [s1=0.975558, s2=17.766]
  * Adjusted p-values: [emp=0.338308, beta=0.330788]

Processing phenotype [ENSG00000233903.1] [193/296]
  * #variants in cis = 21
  * Best hit: [id=22_internal_4384, d=104148, pv=0.0491664, s=0.2103]
  * Beta parameters: [s1=1.00128, s2=18.8303]
  * Adjusted p-values: [emp=0.597015, beta=0.585628]

Processing phenotype [ENSG00000100207.14] [194/296]
  * #variants in cis = 21
  * Best hit: [id=22_internal_4748, d=27798, pv=0.111508, s=0.1767]
  * Beta parameters: [s1=0.932309, s2=17.5381]
  * Adjusted p-values: [emp=0.900498, beta=0.905415]

Processing phenotype [ENSG00000172250.10] [195/296]
  * #variants in cis = 21
  * Best hit: [id=22_internal_5185, d=16958, pv=2.29571e-08, s=0.5094]
  * Beta parameters: [s1=0.872725, s2=22.4586]
  * Adjusted p-values: [emp=0.00497512, beta=4.1646e-07]

Processing phenotype [ENSG00000189306.6] [196/296]
  * #variants in cis = 21
  * Best hit: [id=22_internal_5115, d=0, pv=2.77267e-12, s=0.5530]
  * Beta parameters: [s1=0.883949, s2=21.268]
  * Adjusted p-values: [emp=0.00497512, beta=5.89325e-11]

Processing phenotype [ENSG00000183569.13] [197/296]
  * #variants in cis = 21
  * Best hit: [id=22_internal_3304, d=347304, pv=0.032284, s=-0.2251]
  * Beta parameters: [s1=1.02655, s2=18.9057]
  * Adjusted p-values: [emp=0.497512, beta=0.507957]

Processing phenotype [ENSG00000202058.1] [198/296]
  * #variants in cis = 21
  * Best hit: [id=22_internal_3284, d=-321333, pv=0.124396, s=-0.1779]
  * Beta parameters: [s1=0.955218, s2=20.2566]
  * Adjusted p-values: [emp=0.945274, beta=0.936686]

Processing phenotype [ENSG00000251913.1] [199/296]
  * #variants in cis = 21
  * Best hit: [id=22_internal_3506, d=-227433, pv=0.0159214, s=0.2440]
  * Beta parameters: [s1=0.953267, s2=25.9793]
  * Adjusted p-values: [emp=0.218905, beta=0.232519]

Processing phenotype [ENSG00000182841.8] [200/296]
  * #variants in cis = 21
  * Best hit: [id=22_internal_3304, d=-318883, pv=0.0654924, s=-0.1855]
  * Beta parameters: [s1=0.878681, s2=19.6411]
  * Adjusted p-values: [emp=0.756219, beta=0.732828]

Processing phenotype [ENSG00000100227.13] [201/296]
  * #variants in cis = 21
  * Best hit: [id=22_internal_4044, d=-273063, pv=0.121774, s=-0.1632]
  * Beta parameters: [s1=0.993069, s2=17.0699]
  * Adjusted p-values: [emp=0.880597, beta=0.904211]

Processing phenotype [ENSG00000199382.1] [202/296]
  * #variants in cis = 21
  * Best hit: [id=22_internal_4038, d=-751430, pv=0.0322469, s=0.2316]
  * Beta parameters: [s1=0.92377, s2=22.0698]
  * Adjusted p-values: [emp=0.442786, beta=0.464989]

Processing phenotype [ENSG00000249222.1] [203/296]
  * #variants in cis = 21
  * Best hit: [id=22_internal_3331, d=-330951, pv=0.0527857, s=-0.1994]
  * Beta parameters: [s1=1.12334, s2=24.5694]
  * Adjusted p-values: [emp=0.616915, beta=0.596348]

Processing phenotype [ENSG00000100243.16] [204/296]
  * #variants in cis = 21
  * Best hit: [id=22_internal_4038, d=785754, pv=0.00213789, s=0.3445]
  * Beta parameters: [s1=0.959621, s2=18.0304]
  * Adjusted p-values: [emp=0.0646766, beta=0.046791]

Processing phenotype [ENSG00000234009.1] [205/296]
  * #variants in cis = 20
  * Best hit: [id=22_internal_3284, d=-109367, pv=0.0197525, s=-0.2141]
  * Beta parameters: [s1=0.995607, s2=19.5131]
  * Adjusted p-values: [emp=0.303483, beta=0.301557]

Processing phenotype [ENSG00000226989.1] [206/296]
  * #variants in cis = 19
  * Best hit: [id=22_internal_3284, d=-32864, pv=0.0285527, s=0.2174]
  * Beta parameters: [s1=1.11403, s2=14.8164]
  * Adjusted p-values: [emp=0.378109, beta=0.353527]

Processing phenotype [ENSG00000242247.6] [207/296]
  * #variants in cis = 19
  * Best hit: [id=22_internal_3284, d=-28557, pv=0.026924, s=-0.2561]
  * Beta parameters: [s1=0.888833, s2=16.4569]
  * Adjusted p-values: [emp=0.38806, beta=0.399414]

Processing phenotype [ENSG00000100266.12] [208/296]
  * #variants in cis = 18
  * Best hit: [id=22_internal_3304, d=470, pv=0.000343856, s=0.3702]
  * Beta parameters: [s1=0.909382, s2=19.6373]
  * Adjusted p-values: [emp=0.0149254, beta=0.00547917]

Processing phenotype [ENSG00000230319.1] [209/296]
  * #variants in cis = 18
  * Best hit: [id=22_internal_4117, d=77215, pv=0.030424, s=0.2151]
  * Beta parameters: [s1=0.968385, s2=12.0821]
  * Adjusted p-values: [emp=0.442786, beta=0.431509]

Processing phenotype [ENSG00000100271.12] [210/296]
  * #variants in cis = 18
  * Best hit: [id=22_internal_4117, d=-26372, pv=0.000328711, s=0.3603]
  * Beta parameters: [s1=1.00304, s2=21.427]
  * Adjusted p-values: [emp=0.00497512, beta=0.00349618]

Processing phenotype [ENSG00000234735.1] [211/296]
  * #variants in cis = 18
  * Best hit: [id=22_internal_5303, d=862268, pv=0.0108617, s=-0.2394]
  * Beta parameters: [s1=1.03295, s2=17.1003]
  * Adjusted p-values: [emp=0.159204, beta=0.166849]

Processing phenotype [ENSG00000100290.2] [212/296]
  * #variants in cis = 18
  * Best hit: [id=22_internal_5303, d=843687, pv=0.0584793, s=-0.1997]
  * Beta parameters: [s1=1.15985, s2=14.0321]
  * Adjusted p-values: [emp=0.656716, beta=0.647931]

Processing phenotype [ENSG00000100294.7] [213/296]
  * #variants in cis = 18
  * Best hit: [id=22_internal_4130, d=417151, pv=0.00270716, s=0.3090]
  * Beta parameters: [s1=1.04697, s2=16.8917]
  * Adjusted p-values: [emp=0.0348259, beta=0.0392694]

Processing phenotype [ENSG00000100300.13] [214/296]
  * #variants in cis = 18
  * Best hit: [id=22_internal_5463, d=0, pv=0.0324708, s=0.2449]
  * Beta parameters: [s1=1.04701, s2=22.8986]
  * Adjusted p-values: [emp=0.432836, beta=0.436321]

Processing phenotype [ENSG00000100304.12] [215/296]
  * #variants in cis = 18
  * Best hit: [id=22_internal_3863, d=777389, pv=0.0821183, s=0.1892]
  * Beta parameters: [s1=1.02284, s2=21.0489]
  * Adjusted p-values: [emp=0.726368, beta=0.735957]

Processing phenotype [ENSG00000186976.10] [216/296]
  * #variants in cis = 10
  * Best hit: [id=22_internal_5303, d=-142224, pv=0.0176518, s=-0.2319]
  * Beta parameters: [s1=0.882559, s2=9.89436]
  * Adjusted p-values: [emp=0.149254, beta=0.159741]

Processing phenotype [ENSG00000261251.1] [217/296]
  * #variants in cis = 10
  * Best hit: [id=22_internal_4019, d=-848440, pv=0.0683503, s=-0.1932]
  * Beta parameters: [s1=0.948076, s2=10.5731]
  * Adjusted p-values: [emp=0.447761, beta=0.438437]

Processing phenotype [ENSG00000100344.6] [218/296]
  * #variants in cis = 9
  * Best hit: [id=22_internal_5463, d=-736554, pv=0.187421, s=-0.1385]
  * Beta parameters: [s1=1.06679, s2=8.17699]
  * Adjusted p-values: [emp=0.865672, beta=0.841246]

Processing phenotype [ENSG00000100347.10] [219/296]
  * #variants in cis = 9
  * Best hit: [id=22_internal_3331, d=-952459, pv=0.0952834, s=-0.1788]
  * Beta parameters: [s1=0.967038, s2=9.99647]
  * Adjusted p-values: [emp=0.572139, beta=0.579173]

Processing phenotype [ENSG00000224856.2] [220/296]
  * #variants in cis = 9
  * Best hit: [id=22_internal_4117, d=-833898, pv=0.0577195, s=-0.2032]
  * Beta parameters: [s1=1.03584, s2=8.62357]
  * Adjusted p-values: [emp=0.378109, beta=0.372094]

Processing phenotype [ENSG00000188677.9] [221/296]
  * #variants in cis = 6
  * Best hit: [id=22_internal_5303, d=0, pv=9.31362e-08, s=0.4970]
  * Beta parameters: [s1=1.1016, s2=6.23142]
  * Adjusted p-values: [emp=0.00497512, beta=2.93003e-07]

Processing phenotype [ENSG00000138964.10] [222/296]
  * #variants in cis = 4
  * Best hit: [id=22_internal_5303, d=0, pv=0.0692606, s=0.1893]
  * Maximum Likelihood estimation failed, use Moment Matching instead!
  * Beta parameters: [s1=1.00007, s2=3.99616]
  * Adjusted p-values: [emp=0.253731, beta=0.269245]

Processing phenotype [ENSG00000188636.3] [223/296]
  * #variants in cis = 6
  * Best hit: [id=22_internal_3436, d=-746140, pv=0.15266, s=-0.1522]
  * Beta parameters: [s1=0.914115, s2=5.93953]
  * Adjusted p-values: [emp=0.59204, beta=0.614637]

Processing phenotype [ENSG00000186654.15] [224/296]
  * #variants in cis = 7
  * Best hit: [id=22_internal_5303, d=-482940, pv=0.0937319, s=-0.1712]
  * Beta parameters: [s1=1.03553, s2=7.44669]
  * Adjusted p-values: [emp=0.492537, beta=0.484244]

Processing phenotype [ENSG00000248405.5] [225/296]
  * #variants in cis = 7
  * Best hit: [id=22_internal_5259, d=566266, pv=0.145273, s=0.1585]
  * Beta parameters: [s1=1.00957, s2=7.09347]
  * Adjusted p-values: [emp=0.621891, beta=0.615867]

Processing phenotype [ENSG00000241484.5] [226/296]
  * #variants in cis = 7
  * Best hit: [id=22_internal_5303, d=-516702, pv=0.107413, s=-0.1771]
  * Beta parameters: [s1=1.00586, s2=8.92311]
  * Adjusted p-values: [emp=0.58209, beta=0.56539]

Processing phenotype [ENSG00000226328.1] [227/296]
  * #variants in cis = 8
  * Best hit: [id=22_internal_3436, d=-80656, pv=0.0882264, s=0.1731]
  * Beta parameters: [s1=0.96158, s2=6.99275]
  * Adjusted p-values: [emp=0.517413, beta=0.511376]

Processing phenotype [ENSG00000093000.13] [228/296]
  * #variants in cis = 8
  * Best hit: [id=22_internal_3436, d=80596, pv=0.263176, s=0.1211]
  * Beta parameters: [s1=1.04308, s2=7.18753]
  * Adjusted p-values: [emp=0.925373, beta=0.90235]

Processing phenotype [ENSG00000100364.13] [229/296]
  * #variants in cis = 7
  * Best hit: [id=22_internal_3436, d=-3668, pv=7.61064e-07, s=0.4917]
  * Beta parameters: [s1=0.934771, s2=6.11217]
  * Adjusted p-values: [emp=0.00497512, beta=1.9275e-05]

Processing phenotype [ENSG00000100376.7] [230/296]
  * #variants in cis = 8
  * Best hit: [id=22_internal_3510, d=765211, pv=0.0133852, s=-0.2831]
  * Beta parameters: [s1=0.904947, s2=8.24438]
  * Adjusted p-values: [emp=0.079602, beta=0.0834285]

Processing phenotype [ENSG00000077935.12] [231/296]
  * #variants in cis = 8
  * Best hit: [id=22_internal_3510, d=-660560, pv=0.0807567, s=0.1958]
  * Beta parameters: [s1=0.984717, s2=9.33976]
  * Adjusted p-values: [emp=0.427861, beta=0.429819]

Processing phenotype [ENSG00000130638.11] [232/296]
  * #variants in cis = 9
  * Best hit: [id=22_internal_5243, d=-25406, pv=0.0559553, s=0.2211]
  * Beta parameters: [s1=0.942783, s2=8.41507]
  * Adjusted p-values: [emp=0.41791, beta=0.413511]

Processing phenotype [ENSG00000235347.1] [233/296]
  * #variants in cis = 8
  * Best hit: [id=22_internal_4906, d=367446, pv=0.0139413, s=0.2689]
  * Beta parameters: [s1=0.953799, s2=7.2874]
  * Adjusted p-values: [emp=0.0945274, beta=0.0725127]

Processing phenotype [ENSG00000235091.1] [234/296]
  * #variants in cis = 9
  * Best hit: [id=22_internal_3436, d=622855, pv=0.106264, s=0.1752]
  * Beta parameters: [s1=0.994184, s2=5.41049]
  * Adjusted p-values: [emp=0.636816, beta=0.605004]

Processing phenotype [ENSG00000258242.1] [235/296]
  * #variants in cis = 10
  * Best hit: [id=22_internal_3510, d=60574, pv=0.00357071, s=-0.3106]
  * Beta parameters: [s1=0.90231, s2=10.4339]
  * Adjusted p-values: [emp=0.0298507, beta=0.0272547]

Processing phenotype [ENSG00000231711.1] [236/296]
  * #variants in cis = 10
  * Best hit: [id=22_internal_3436, d=779960, pv=0.0447135, s=-0.2109]
  * Beta parameters: [s1=1.06634, s2=9.27804]
  * Adjusted p-values: [emp=0.393035, beta=0.354786]

Processing phenotype [ENSG00000241990.1] [237/296]
  * #variants in cis = 10
  * Best hit: [id=22_internal_5259, d=-669597, pv=0.00604026, s=0.2526]
  * Beta parameters: [s1=0.846807, s2=9.29173]
  * Adjusted p-values: [emp=0.0845771, beta=0.0764063]

Processing phenotype [ENSG00000197182.8] [238/296]
  * #variants in cis = 10
  * Best hit: [id=22_internal_3510, d=20311, pv=0.00575807, s=0.3031]
  * Beta parameters: [s1=1.07597, s2=11.4044]
  * Adjusted p-values: [emp=0.0348259, beta=0.0368899]

Processing phenotype [ENSG00000182257.5] [239/296]
  * #variants in cis = 10
  * Best hit: [id=22_internal_5243, d=407752, pv=0.0495152, s=-0.2093]
  * Beta parameters: [s1=1.03381, s2=9.38936]
  * Adjusted p-values: [emp=0.41791, beta=0.408482]

Processing phenotype [ENSG00000231010.1] [240/296]
  * #variants in cis = 10
  * Best hit: [id=22_internal_4840, d=-794601, pv=0.00605171, s=0.2893]
  * Beta parameters: [s1=1.01036, s2=8.13462]
  * Adjusted p-values: [emp=0.0646766, beta=0.0651486]

Processing phenotype [ENSG00000235159.1] [241/296]
  * #variants in cis = 10
  * Best hit: [id=22_internal_3510, d=-4289, pv=0.00887643, s=0.2427]
  * Beta parameters: [s1=1.17946, s2=11.7681]
  * Adjusted p-values: [emp=0.0447761, beta=0.0646594]

Processing phenotype [ENSG00000264147.1] [242/296]
  * #variants in cis = 10
  * Best hit: [id=22_internal_3510, d=-34180, pv=0.0346607, s=0.2351]
  * Beta parameters: [s1=1.07679, s2=10.7735]
  * Adjusted p-values: [emp=0.283582, beta=0.273657]

Processing phenotype [ENSG00000186951.12] [243/296]
  * #variants in cis = 10
  * Best hit: [id=22_internal_4840, d=702217, pv=0.0263753, s=0.2455]
  * Beta parameters: [s1=0.950171, s2=13.5065]
  * Adjusted p-values: [emp=0.208955, beta=0.218345]

Processing phenotype [ENSG00000205643.6] [244/296]
  * #variants in cis = 9
  * Best hit: [id=22_internal_4268, d=-681423, pv=0.060918, s=-0.2019]
  * Beta parameters: [s1=1.09129, s2=8.26704]
  * Adjusted p-values: [emp=0.492537, beta=0.439802]

Processing phenotype [ENSG00000130943.5] [245/296]
  * #variants in cis = 9
  * Best hit: [id=22_internal_3436, d=998446, pv=0.0387786, s=-0.2039]
  * Beta parameters: [s1=0.903458, s2=8.6593]
  * Adjusted p-values: [emp=0.283582, beta=0.300854]

Processing phenotype [ENSG00000075234.12] [246/296]
  * #variants in cis = 8
  * Best hit: [id=22_internal_3510, d=-188592, pv=0.00208251, s=-0.3276]
  * Beta parameters: [s1=0.947884, s2=10.5463]
  * Adjusted p-values: [emp=0.0149254, beta=0.00787504]

Processing phenotype [ENSG00000075218.14] [247/296]
  * #variants in cis = 8
  * Best hit: [id=22_internal_5243, d=-650366, pv=0.189538, s=-0.1486]
  * Beta parameters: [s1=0.946171, s2=6.51085]
  * Adjusted p-values: [emp=0.751244, beta=0.763275]

Processing phenotype [ENSG00000100416.8] [248/296]
  * #variants in cis = 8
  * Best hit: [id=22_internal_4906, d=-904702, pv=0.0228153, s=-0.2367]
  * Beta parameters: [s1=0.958396, s2=7.93917]
  * Adjusted p-values: [emp=0.179104, beta=0.169497]

Processing phenotype [ENSG00000075275.12] [249/296]
  * #variants in cis = 6
  * Best hit: [id=22_internal_4840, d=-315574, pv=0.331209, s=-0.1067]
  * Beta parameters: [s1=1.03202, s2=5.94744]
  * Adjusted p-values: [emp=0.895522, beta=0.888471]

Processing phenotype [ENSG00000075240.12] [250/296]
  * #variants in cis = 6
  * Best hit: [id=22_internal_5273, d=0, pv=0.00013924, s=0.4123]
  * Maximum Likelihood estimation failed, use Moment Matching instead!
  * Beta parameters: [s1=0.999931, s2=4.40943]
  * Adjusted p-values: [emp=0.00497512, beta=0.00158796]

Processing phenotype [ENSG00000100422.9] [251/296]
  * #variants in cis = 5
  * Best hit: [id=22_internal_4840, d=-114483, pv=0.0688972, s=0.2057]
  * Maximum Likelihood estimation failed, use Moment Matching instead!
  * Beta parameters: [s1=0.999901, s2=4.00861]
  * Adjusted p-values: [emp=0.348259, beta=0.325894]

Processing phenotype [ENSG00000260708.1] [252/296]
  * #variants in cis = 5
  * Best hit: [id=22_internal_4840, d=-90181, pv=0.615198, s=0.0565]
  * Maximum Likelihood estimation failed, use Moment Matching instead!
  * Beta parameters: [s1=1, s2=5.03899]
  * Adjusted p-values: [emp=1, beta=0.991853]

Processing phenotype [ENSG00000054611.9] [253/296]
  * #variants in cis = 5
  * Best hit: [id=22_internal_4840, d=90123, pv=0.0752928, s=0.1969]
  * Maximum Likelihood estimation failed, use Moment Matching instead!
  * Beta parameters: [s1=1.00009, s2=5.31834]
  * Adjusted p-values: [emp=0.293532, beta=0.319034]

Processing phenotype [ENSG00000218357.3] [254/296]
  * #variants in cis = 4
  * Best hit: [id=22_internal_5273, d=799669, pv=0.360448, s=-0.0966]
  * Maximum Likelihood estimation failed, use Moment Matching instead!
  * Beta parameters: [s1=0.999988, s2=4.23979]
  * Adjusted p-values: [emp=0.855721, beta=0.848011]

Processing phenotype [ENSG00000212939.2] [255/296]
  * #variants in cis = 11
  * Best hit: [id=22_internal_3822, d=0, pv=0.000203323, s=0.3730]
  * Beta parameters: [s1=0.951826, s2=10.0822]
  * Adjusted p-values: [emp=0.00995025, beta=0.00176504]

Processing phenotype [ENSG00000213279.2] [256/296]
  * #variants in cis = 12
  * Best hit: [id=22_internal_3822, d=0, pv=0.00149981, s=0.3220]
  * Beta parameters: [s1=0.99788, s2=10.1059]
  * Adjusted p-values: [emp=0.0248756, beta=0.0209039]

Processing phenotype [ENSG00000235111.1] [257/296]
  * #variants in cis = 12
  * Best hit: [id=22_internal_3822, d=0, pv=2.60526e-06, s=0.5183]
  * Beta parameters: [s1=1.00778, s2=12.1661]
  * Adjusted p-values: [emp=0.00497512, beta=1.77126e-05]

Processing phenotype [ENSG00000188511.8] [258/296]
  * #variants in cis = 12
  * Best hit: [id=22_internal_3822, d=0, pv=0.00124168, s=0.3115]
  * Beta parameters: [s1=1.00428, s2=11.7819]
  * Adjusted p-values: [emp=0.0248756, beta=0.0162172]

Processing phenotype [ENSG00000226954.1] [259/296]
  * #variants in cis = 12
  * Best hit: [id=22_internal_4008, d=-56764, pv=0.0418038, s=0.2136]
  * Beta parameters: [s1=1.04423, s2=10.397]
  * Adjusted p-values: [emp=0.432836, beta=0.417458]

Processing phenotype [ENSG00000214727.2] [260/296]
  * #variants in cis = 12
  * Best hit: [id=22_internal_4872, d=-1348, pv=0.0647439, s=0.1792]
  * Beta parameters: [s1=1.00396, s2=10.0756]
  * Adjusted p-values: [emp=0.537313, beta=0.512261]

Processing phenotype [ENSG00000236867.1] [261/296]
  * #variants in cis = 12
  * Best hit: [id=22_internal_4008, d=-19722, pv=0.0871757, s=0.1905]
  * Beta parameters: [s1=0.912162, s2=12.0175]
  * Adjusted p-values: [emp=0.626866, beta=0.620149]

Processing phenotype [ENSG00000100425.14] [262/296]
  * #variants in cis = 12
  * Best hit: [id=22_internal_4008, d=29986, pv=0.00533736, s=0.3140]
  * Beta parameters: [s1=0.985243, s2=9.52607]
  * Adjusted p-values: [emp=0.0696517, beta=0.0598149]

Processing phenotype [ENSG00000260613.1] [263/296]
  * #variants in cis = 12
  * Best hit: [id=22_internal_4008, d=40260, pv=0.035212, s=0.2106]
  * Beta parameters: [s1=1.08464, s2=10.5661]
  * Adjusted p-values: [emp=0.338308, beta=0.313787]

Processing phenotype [ENSG00000100426.5] [264/296]
  * #variants in cis = 12
  * Best hit: [id=22_internal_4254, d=407, pv=0.0341378, s=0.2311]
  * Beta parameters: [s1=0.937179, s2=10.3766]
  * Adjusted p-values: [emp=0.358209, beta=0.349337]

Processing phenotype [ENSG00000184164.10] [265/296]
  * #variants in cis = 12
  * Best hit: [id=22_internal_4254, d=0, pv=0.00522487, s=0.2847]
  * Beta parameters: [s1=1.00434, s2=12.575]
  * Adjusted p-values: [emp=0.0597015, beta=0.0490358]

Processing phenotype [ENSG00000182858.8] [266/296]
  * #variants in cis = 12
  * Best hit: [id=22_internal_4762, d=-156022, pv=0.0348946, s=0.2006]
  * Beta parameters: [s1=1.06236, s2=10.0166]
  * Adjusted p-values: [emp=0.318408, beta=0.30375]

Processing phenotype [ENSG00000198355.4] [267/296]
  * #variants in cis = 12
  * Best hit: [id=22_internal_4872, d=0, pv=0.000966926, s=0.3424]
  * Beta parameters: [s1=1.03241, s2=12.4278]
  * Adjusted p-values: [emp=0.00995025, beta=0.0115109]

Processing phenotype [ENSG00000100427.11] [268/296]
  * #variants in cis = 12
  * Best hit: [id=22_internal_4640, d=70580, pv=0.00412013, s=-0.2890]
  * Beta parameters: [s1=0.852895, s2=12.4232]
  * Adjusted p-values: [emp=0.0547264, beta=0.049578]

Processing phenotype [ENSG00000170638.5] [269/296]
  * #variants in cis = 12
  * Best hit: [id=22_internal_3512, d=0, pv=0.0509245, s=0.2030]
  * Beta parameters: [s1=0.877264, s2=9.20687]
  * Adjusted p-values: [emp=0.368159, beta=0.397643]

Processing phenotype [ENSG00000073169.9] [270/296]
  * #variants in cis = 12
  * Best hit: [id=22_internal_4762, d=-56430, pv=0.0403007, s=0.2064]
  * Beta parameters: [s1=0.997475, s2=10.2607]
  * Adjusted p-values: [emp=0.358209, beta=0.363192]

Processing phenotype [ENSG00000128159.7] [271/296]
  * #variants in cis = 12
  * Best hit: [id=22_internal_5163, d=-200209, pv=0.0319376, s=0.2430]
  * Beta parameters: [s1=0.9259, s2=10.1643]
  * Adjusted p-values: [emp=0.248756, beta=0.26955]

Processing phenotype [ENSG00000100429.13] [272/296]
  * #variants in cis = 12
  * Best hit: [id=22_internal_4762, d=106856, pv=0.0158663, s=0.2535]
  * Beta parameters: [s1=0.989115, s2=10.3141]
  * Adjusted p-values: [emp=0.228856, beta=0.208291]

Processing phenotype [ENSG00000188130.9] [273/296]
  * #variants in cis = 12
  * Best hit: [id=22_internal_4762, d=117276, pv=0.0255395, s=0.2316]
  * Beta parameters: [s1=1.15185, s2=11.3799]
  * Adjusted p-values: [emp=0.288557, beta=0.277465]

Processing phenotype [ENSG00000185386.10] [274/296]
  * #variants in cis = 12
  * Best hit: [id=22_internal_3822, d=656976, pv=0.173362, s=-0.1331]
  * Beta parameters: [s1=1.0886, s2=10.0226]
  * Adjusted p-values: [emp=0.860697, beta=0.857039]

Processing phenotype [ENSG00000196576.10] [275/296]
  * #variants in cis = 12
  * Best hit: [id=22_internal_5163, d=-137574, pv=0.00370061, s=0.3078]
  * Beta parameters: [s1=0.987605, s2=10.5857]
  * Adjusted p-values: [emp=0.0348259, beta=0.0401111]

Processing phenotype [ENSG00000227484.1] [276/296]
  * #variants in cis = 12
  * Best hit: [id=22_internal_3329, d=-503267, pv=0.0128852, s=0.2768]
  * Beta parameters: [s1=0.951927, s2=15.034]
  * Adjusted p-values: [emp=0.144279, beta=0.142536]

Processing phenotype [ENSG00000205593.5] [277/296]
  * #variants in cis = 12
  * Best hit: [id=22_internal_4872, d=400518, pv=0.0243887, s=0.2499]
  * Beta parameters: [s1=1.01963, s2=13.3718]
  * Adjusted p-values: [emp=0.243781, beta=0.222597]

Processing phenotype [ENSG00000100239.10] [278/296]
  * #variants in cis = 12
  * Best hit: [id=22_internal_3329, d=-531940, pv=0.0449784, s=0.2126]
  * Beta parameters: [s1=0.903856, s2=11.3396]
  * Adjusted p-values: [emp=0.39801, beta=0.407189]

Processing phenotype [ENSG00000238604.1] [279/296]
  * #variants in cis = 12
  * Best hit: [id=22_internal_3822, d=-785029, pv=0.268476, s=0.1047]
  * Beta parameters: [s1=1.04194, s2=9.12516]
  * Adjusted p-values: [emp=0.945274, beta=0.947599]

Processing phenotype [ENSG00000100241.15] [280/296]
  * #variants in cis = 12
  * Best hit: [id=22_internal_5163, d=21485, pv=0.00380514, s=0.3160]
  * Beta parameters: [s1=0.917181, s2=12.016]
  * Adjusted p-values: [emp=0.0547264, beta=0.0515812]

Processing phenotype [ENSG00000128165.7] [281/296]
  * #variants in cis = 12
  * Best hit: [id=22_internal_4254, d=-577969, pv=0.00805075, s=0.2719]
  * Beta parameters: [s1=1.02802, s2=11.524]
  * Adjusted p-values: [emp=0.0995025, beta=0.107046]

Processing phenotype [ENSG00000100258.12] [282/296]
  * #variants in cis = 12
  * Best hit: [id=22_internal_4762, d=363157, pv=0.00664866, s=0.2920]
  * Beta parameters: [s1=1.02458, s2=10.0868]
  * Adjusted p-values: [emp=0.0895522, beta=0.0831858]

Processing phenotype [ENSG00000025770.13] [283/296]
  * #variants in cis = 12
  * Best hit: [id=22_internal_4254, d=-604629, pv=0.00539147, s=0.2794]
  * Beta parameters: [s1=1.00888, s2=9.62635]
  * Adjusted p-values: [emp=0.0845771, beta=0.0877439]

Processing phenotype [ENSG00000130489.8] [284/296]
  * #variants in cis = 12
  * Best hit: [id=22_internal_4872, d=599897, pv=0.168264, s=0.1521]
  * Beta parameters: [s1=1.08954, s2=9.77565]
  * Adjusted p-values: [emp=0.885572, beta=0.862618]

Processing phenotype [ENSG00000025708.8] [285/296]
  * #variants in cis = 12
  * Best hit: [id=22_internal_4254, d=626469, pv=0.0917414, s=0.1901]
  * Beta parameters: [s1=0.923397, s2=11.5085]
  * Adjusted p-values: [emp=0.631841, beta=0.651079]

Processing phenotype [ENSG00000177989.9] [286/296]
  * #variants in cis = 12
  * Best hit: [id=22_internal_3674, d=0, pv=0.0138213, s=0.2673]
  * Beta parameters: [s1=1.04455, s2=9.69538]
  * Adjusted p-values: [emp=0.139303, beta=0.142578]

Processing phenotype [ENSG00000130487.4] [287/296]
  * #variants in cis = 12
  * Best hit: [id=22_internal_4640, d=-532711, pv=0.0972008, s=-0.1800]
  * Beta parameters: [s1=0.973156, s2=12.2026]
  * Adjusted p-values: [emp=0.651741, beta=0.662559]

Processing phenotype [ENSG00000205560.8] [288/296]
  * #variants in cis = 12
  * Best hit: [id=22_internal_4254, d=675883, pv=0.0187326, s=0.2539]
  * Beta parameters: [s1=0.819079, s2=14.322]
  * Adjusted p-values: [emp=0.189055, beta=0.191065]

Processing phenotype [ENSG00000254413.4] [289/296]
  * #variants in cis = 12
  * Best hit: [id=22_internal_5163, d=129425, pv=0.011366, s=0.2857]
  * Beta parameters: [s1=0.983159, s2=11.8797]
  * Adjusted p-values: [emp=0.139303, beta=0.112388]

Processing phenotype [ENSG00000205559.3] [290/296]
  * #variants in cis = 12
  * Best hit: [id=22_internal_3329, d=-771662, pv=0.210069, s=-0.1355]
  * Beta parameters: [s1=1.06528, s2=10.3051]
  * Adjusted p-values: [emp=0.930348, beta=0.914544]

Processing phenotype [ENSG00000008735.10] [291/296]
  * #variants in cis = 12
  * Best hit: [id=22_internal_4640, d=-585363, pv=0.158205, s=-0.1401]
  * Beta parameters: [s1=0.973599, s2=12.6727]
  * Adjusted p-values: [emp=0.835821, beta=0.828232]

Processing phenotype [ENSG00000100288.15] [292/296]
  * #variants in cis = 12
  * Best hit: [id=22_internal_5163, d=147915, pv=0.00785761, s=0.3017]
  * Beta parameters: [s1=0.915444, s2=10.3451]
  * Adjusted p-values: [emp=0.109453, beta=0.101008]

Processing phenotype [ENSG00000100299.12] [293/296]
  * #variants in cis = 11
  * Best hit: [id=22_internal_4008, d=875433, pv=0.0419488, s=-0.2227]
  * Beta parameters: [s1=0.985199, s2=8.98515]
  * Adjusted p-values: [emp=0.328358, beta=0.333574]

Processing phenotype [ENSG00000213683.3] [294/296]
  * #variants in cis = 10
  * Best hit: [id=22_internal_3692, d=444879, pv=0.12974, s=0.1454]
  * Beta parameters: [s1=0.912571, s2=9.66482]
  * Adjusted p-values: [emp=0.711443, beta=0.712609]

Processing phenotype [ENSG00000184319.11] [295/296]
  * #variants in cis = 10
  * Best hit: [id=22_internal_4640, d=-741625, pv=0.0581542, s=-0.2072]
  * Beta parameters: [s1=1.01227, s2=9.75737]
  * Adjusted p-values: [emp=0.452736, beta=0.429642]

Processing phenotype [ENSG00000079974.13] [296/296]
  * #variants in cis = 10
  * Best hit: [id=22_internal_4872, d=857120, pv=0.189285, s=0.1208]
  * Beta parameters: [s1=0.899326, s2=7.28386]
  * Adjusted p-values: [emp=0.875622, beta=0.852615]

Running time: 2 seconds
