Sender: LSF System <lsfadmin@cpt11>
Subject: Job 974314: </data/unige/funpopgen/odelanea/SGX/V2/binaries/qtltools/bin/QTLtools cis --vcf /data/unige/funpopgen/grey2/SYSCID/BLUEPRINT_DATA/CRD/THREE_CELL_TYPES/CLOMICS/CELL_TYPE_COMPARISON_GENE_CRD_ASSOCIATIONS/quantify/73_vs_70_ALL.ALLchr.mean.txt.gz --bed /data/unige/funpopgen/grey2/SYSCID/BLUEPRINT_DATA/CRD/THREE_CELL_TYPES/QTL_TOOLS/EGAD00001002671_v3.0/EGAD00001002671_RNA.PC10.bed.gz --permute 200 --chunk 71 100 --out /data/unige/funpopgen/grey2/SYSCID/BLUEPRINT_DATA/CRD/THREE_CELL_TYPES/CLOMICS/CELL_TYPE_COMPARISON_GENE_CRD_ASSOCIATIONS/mapping_aCRD_gene/73_vs_70/gene_CRD_mean_chunk71\.txt> in cluster <ug> Done

Job </data/unige/funpopgen/odelanea/SGX/V2/binaries/qtltools/bin/QTLtools cis --vcf /data/unige/funpopgen/grey2/SYSCID/BLUEPRINT_DATA/CRD/THREE_CELL_TYPES/CLOMICS/CELL_TYPE_COMPARISON_GENE_CRD_ASSOCIATIONS/quantify/73_vs_70_ALL.ALLchr.mean.txt.gz --bed /data/unige/funpopgen/grey2/SYSCID/BLUEPRINT_DATA/CRD/THREE_CELL_TYPES/QTL_TOOLS/EGAD00001002671_v3.0/EGAD00001002671_RNA.PC10.bed.gz --permute 200 --chunk 71 100 --out /data/unige/funpopgen/grey2/SYSCID/BLUEPRINT_DATA/CRD/THREE_CELL_TYPES/CLOMICS/CELL_TYPE_COMPARISON_GENE_CRD_ASSOCIATIONS/mapping_aCRD_gene/73_vs_70/gene_CRD_mean_chunk71\.txt> was submitted from host <frt.ug.vital-it.ch> by user <grey2> in cluster <ug>.
Job was executed on host(s) <cpt11>, in queue <normal>, as user <grey2> in cluster <ug>.
</home/grey2> was used as the home directory.
</data/unige/funpopgen/grey2/SYSCID/BLUEPRINT_DATA/CRD/THREE_CELL_TYPES/CLOMICS/CELL_TYPE_COMPARISON_GENE_CRD_ASSOCIATIONS> was used as the working directory.
Started at Thu Mar 21 11:28:19 2019
Results reported at Thu Mar 21 11:28:24 2019

Your job looked like:

------------------------------------------------------------
# LSBATCH: User input
/data/unige/funpopgen/odelanea/SGX/V2/binaries/qtltools/bin/QTLtools cis --vcf /data/unige/funpopgen/grey2/SYSCID/BLUEPRINT_DATA/CRD/THREE_CELL_TYPES/CLOMICS/CELL_TYPE_COMPARISON_GENE_CRD_ASSOCIATIONS/quantify/73_vs_70_ALL.ALLchr.mean.txt.gz --bed /data/unige/funpopgen/grey2/SYSCID/BLUEPRINT_DATA/CRD/THREE_CELL_TYPES/QTL_TOOLS/EGAD00001002671_v3.0/EGAD00001002671_RNA.PC10.bed.gz --permute 200 --chunk 71 100 --out /data/unige/funpopgen/grey2/SYSCID/BLUEPRINT_DATA/CRD/THREE_CELL_TYPES/CLOMICS/CELL_TYPE_COMPARISON_GENE_CRD_ASSOCIATIONS/mapping_aCRD_gene/73_vs_70/gene_CRD_mean_chunk71\.txt

------------------------------------------------------------

Successfully completed.

Resource usage summary:

    CPU time :               2.53 sec.
    Max Memory :             2.15 MB
    Average Memory :         2.15 MB
    Total Requested Memory : -
    Delta Memory :           -
    (Delta: the difference between total requested memory and actual max usage.)
    Max Swap :               30 MB

    Max Processes :          1
    Max Threads :            1

The output (if any) follows:


[32mQTLtools[0m
  * Authors : Olivier DELANEAU / Halit ONGEN / Emmanouil DERMITZAKIS
  * Contact : olivier.delaneau@gmail.com / halit.ongen@unige.ch / Emmanouil.Dermitzakis@unige.ch
  * Webpage : https://qtltools.github.io/qtltools/
  * Version : 1.1
  * Date    : 21/03/2019 - 11:28:22
  * Citation: A complete tool set for molecular QTL discovery and analysis, https://doi.org/10.1101/068635

[32mMAPPING QTL IN CIS[0m
  * TASK: Perform 200 permutations
  * Linear model: Phe ~ Var
  * Cis-window size is 1000000 bp
  * Chunk = [71/100]

Scanning phenotype data in [/data/unige/funpopgen/grey2/SYSCID/BLUEPRINT_DATA/CRD/THREE_CELL_TYPES/QTL_TOOLS/EGAD00001002671_v3.0/EGAD00001002671_RNA.PC10.bed.gz]
  * 24372 phenotypes included
  * 12152 phenotypes are on the negative strand

Initialize random number generator
  * Built-in seed is 15112011
  * First Integer = 30554
  * First Double = 0.0126695

Reading sample list from [/data/unige/funpopgen/grey2/SYSCID/BLUEPRINT_DATA/CRD/THREE_CELL_TYPES/QTL_TOOLS/EGAD00001002671_v3.0/EGAD00001002671_RNA.PC10.bed.gz]
  * #samples = 169

Reading sample list from [/data/unige/funpopgen/grey2/SYSCID/BLUEPRINT_DATA/CRD/THREE_CELL_TYPES/CLOMICS/CELL_TYPE_COMPARISON_GENE_CRD_ASSOCIATIONS/quantify/73_vs_70_ALL.ALLchr.mean.txt.gz]
  * #samples = 94

Merging sample sets from all input files
  * #files = 2
  * #samples in all files = 91
  * #samples NOT in all files (i.e. ignored) = 81

Reading phenotype data in [/data/unige/funpopgen/grey2/SYSCID/BLUEPRINT_DATA/CRD/THREE_CELL_TYPES/QTL_TOOLS/EGAD00001002671_v3.0/EGAD00001002671_RNA.PC10.bed.gz]
  * target region [5:67455721-114541943]
  * 262 phenotypes included
  * 138 phenotypes are on the negative strand

Reading genotype data in [/data/unige/funpopgen/grey2/SYSCID/BLUEPRINT_DATA/CRD/THREE_CELL_TYPES/CLOMICS/CELL_TYPE_COMPARISON_GENE_CRD_ASSOCIATIONS/quantify/73_vs_70_ALL.ALLchr.mean.txt.gz]
  * File format detected: BED
  * 91 samples included
  * 5 samples without phenotype data
  * target region [5:66455721-115541943]
  * 107 variants included

Processing phenotype [ENSG00000213864.3] [1/262]
  * #variants in cis = 6
  * Best hit: [id=5_internal_12839, d=148474, pv=0.338017, s=0.1007]
  * Beta parameters: [s1=0.974979, s2=7.2879]
  * Adjusted p-values: [emp=0.900498, beta=0.927175]

Processing phenotype [ENSG00000145675.10] [2/262]
  * #variants in cis = 6
  * Best hit: [id=5_internal_9474, d=-908671, pv=0.0272755, s=0.2400]
  * Beta parameters: [s1=0.972811, s2=6.54045]
  * Adjusted p-values: [emp=0.129353, beta=0.132386]

Processing phenotype [ENSG00000145740.14] [3/262]
  * #variants in cis = 4
  * Best hit: [id=5_internal_10108, d=955377, pv=0.0484028, s=-0.2012]
  * Maximum Likelihood estimation failed, use Moment Matching instead!
  * Beta parameters: [s1=0.999961, s2=3.3329]
  * Adjusted p-values: [emp=0.21393, beta=0.216792]

Processing phenotype [ENSG00000248664.1] [4/262]
  * #variants in cis = 4
  * Best hit: [id=5_internal_12475, d=699441, pv=0.533752, s=0.0720]
  * Maximum Likelihood estimation failed, use Moment Matching instead!
  * Beta parameters: [s1=1.00001, s2=4.18652]
  * Adjusted p-values: [emp=0.955224, beta=0.958997]

Processing phenotype [ENSG00000134057.10] [5/262]
  * #variants in cis = 4
  * Best hit: [id=5_internal_10758, d=438844, pv=0.000393609, s=-0.3732]
  * Maximum Likelihood estimation failed, use Moment Matching instead!
  * Beta parameters: [s1=1.00002, s2=4.49687]
  * Adjusted p-values: [emp=0.00497512, beta=0.00147628]

Processing phenotype [ENSG00000153044.5] [6/262]
  * #variants in cis = 4
  * Best hit: [id=5_internal_10108, d=859475, pv=0.0277356, s=0.2329]
  * Maximum Likelihood estimation failed, use Moment Matching instead!
  * Beta parameters: [s1=1.0001, s2=4.00974]
  * Adjusted p-values: [emp=0.0845771, beta=0.0787595]

Processing phenotype [ENSG00000134056.6] [7/262]
  * #variants in cis = 4
  * Best hit: [id=5_internal_10758, d=388094, pv=0.614381, s=-0.0571]
  * Maximum Likelihood estimation failed, use Moment Matching instead!
  * Beta parameters: [s1=1.00005, s2=4.51625]
  * Adjusted p-values: [emp=0.9801, beta=0.981155]

Processing phenotype [ENSG00000134058.6] [8/262]
  * #variants in cis = 4
  * Best hit: [id=5_internal_12475, d=-797888, pv=0.0443313, s=0.2330]
  * Maximum Likelihood estimation failed, use Moment Matching instead!
  * Beta parameters: [s1=0.999887, s2=3.58629]
  * Adjusted p-values: [emp=0.174129, beta=0.193443]

Processing phenotype [ENSG00000213830.3] [9/262]
  * #variants in cis = 4
  * Best hit: [id=5_internal_10758, d=-291982, pv=0.105591, s=0.1666]
  * Maximum Likelihood estimation failed, use Moment Matching instead!
  * Beta parameters: [s1=1.0001, s2=3.84367]
  * Adjusted p-values: [emp=0.373134, beta=0.35086]

Processing phenotype [ENSG00000183323.8] [10/262]
  * #variants in cis = 4
  * Best hit: [id=5_internal_10758, d=-273045, pv=0.00446594, s=0.2726]
  * Maximum Likelihood estimation failed, use Moment Matching instead!
  * Beta parameters: [s1=0.999912, s2=3.92043]
  * Adjusted p-values: [emp=0.0199005, beta=0.0214301]

Processing phenotype [ENSG00000152942.14] [11/262]
  * #variants in cis = 4
  * Best hit: [id=5_internal_10758, d=236561, pv=0.0318076, s=-0.2170]
  * Maximum Likelihood estimation failed, use Moment Matching instead!
  * Beta parameters: [s1=0.999918, s2=3.33303]
  * Adjusted p-values: [emp=0.119403, beta=0.160664]

Processing phenotype [ENSG00000085231.9] [12/262]
  * #variants in cis = 4
  * Best hit: [id=5_internal_10758, d=-235841, pv=0.0170741, s=0.2428]
  * Maximum Likelihood estimation failed, use Moment Matching instead!
  * Beta parameters: [s1=1.00003, s2=3.8542]
  * Adjusted p-values: [emp=0.0746269, beta=0.0777627]

Processing phenotype [ENSG00000152939.10] [13/262]
  * #variants in cis = 5
  * Best hit: [id=5_internal_9115, d=986027, pv=0.30836, s=-0.1073]
  * Maximum Likelihood estimation failed, use Moment Matching instead!
  * Beta parameters: [s1=0.999925, s2=5.09933]
  * Adjusted p-values: [emp=0.840796, beta=0.826895]

Processing phenotype [ENSG00000197822.6] [14/262]
  * #variants in cis = 4
  * Best hit: [id=5_internal_10758, d=113562, pv=0.00120324, s=0.3558]
  * Maximum Likelihood estimation failed, use Moment Matching instead!
  * Beta parameters: [s1=1.00011, s2=3.82759]
  * Adjusted p-values: [emp=0.00995025, beta=0.00628484]

Processing phenotype [ENSG00000183474.10] [15/262]
  * #variants in cis = 4
  * Best hit: [id=5_internal_10758, d=45646, pv=0.0198223, s=0.2490]
  * Maximum Likelihood estimation failed, use Moment Matching instead!
  * Beta parameters: [s1=1.00006, s2=4.39774]
  * Adjusted p-values: [emp=0.0597015, beta=0.0657397]

Processing phenotype [ENSG00000250138.3] [16/262]
  * #variants in cis = 4
  * Best hit: [id=5_internal_10108, d=417060, pv=0.0147036, s=0.2514]
  * Maximum Likelihood estimation failed, use Moment Matching instead!
  * Beta parameters: [s1=0.999939, s2=4.04573]
  * Adjusted p-values: [emp=0.0646766, beta=0.0792784]

Processing phenotype [ENSG00000269208.1] [17/262]
  * #variants in cis = 4
  * Best hit: [id=5_internal_10108, d=-413546, pv=0.0103365, s=0.2725]
  * Maximum Likelihood estimation failed, use Moment Matching instead!
  * Beta parameters: [s1=0.999917, s2=3.76928]
  * Adjusted p-values: [emp=0.0845771, beta=0.0529935]

Processing phenotype [ENSG00000253203.2] [18/262]
  * #variants in cis = 4
  * Best hit: [id=5_internal_9115, d=-690625, pv=0.0626819, s=0.2008]
  * Maximum Likelihood estimation failed, use Moment Matching instead!
  * Beta parameters: [s1=1.00001, s2=3.25288]
  * Adjusted p-values: [emp=0.228856, beta=0.227141]

Processing phenotype [ENSG00000198237.7] [19/262]
  * #variants in cis = 4
  * Best hit: [id=5_internal_10758, d=0, pv=0.124199, s=0.1548]
  * Maximum Likelihood estimation failed, use Moment Matching instead!
  * Beta parameters: [s1=0.999902, s2=3.53644]
  * Adjusted p-values: [emp=0.437811, beta=0.44154]

Processing phenotype [ENSG00000250763.1] [20/262]
  * #variants in cis = 4
  * Best hit: [id=5_internal_9115, d=422609, pv=0.0108399, s=0.2729]
  * Maximum Likelihood estimation failed, use Moment Matching instead!
  * Beta parameters: [s1=0.999992, s2=4.59239]
  * Adjusted p-values: [emp=0.0248756, beta=0.0238771]

Processing phenotype [ENSG00000205572.5] [21/262]
  * #variants in cis = 4
  * Best hit: [id=5_internal_10108, d=23776, pv=6.16878e-06, s=0.4688]
  * Maximum Likelihood estimation failed, use Moment Matching instead!
  * Beta parameters: [s1=1.0001, s2=4.06108]
  * Adjusted p-values: [emp=0.00497512, beta=1.78581e-05]

Processing phenotype [ENSG00000205571.7] [22/262]
  * #variants in cis = 4
  * Best hit: [id=5_internal_10108, d=0, pv=0.0163899, s=0.2594]
  * Maximum Likelihood estimation failed, use Moment Matching instead!
  * Beta parameters: [s1=0.999894, s2=3.71472]
  * Adjusted p-values: [emp=0.0348259, beta=0.0782452]

Processing phenotype [ENSG00000179978.10] [23/262]
  * #variants in cis = 4
  * Best hit: [id=5_internal_10108, d=0, pv=0.000619408, s=0.3424]
  * Maximum Likelihood estimation failed, use Moment Matching instead!
  * Beta parameters: [s1=1.00009, s2=3.44495]
  * Adjusted p-values: [emp=0.00497512, beta=0.00363466]

Processing phenotype [ENSG00000254701.2] [24/262]
  * #variants in cis = 4
  * Best hit: [id=5_internal_10108, d=0, pv=0.000650475, s=0.3532]
  * Maximum Likelihood estimation failed, use Moment Matching instead!
  * Beta parameters: [s1=1.00006, s2=3.57364]
  * Adjusted p-values: [emp=0.00995025, beta=0.00347869]

Processing phenotype [ENSG00000253816.2] [25/262]
  * #variants in cis = 4
  * Best hit: [id=5_internal_10108, d=0, pv=0.000178688, s=0.4056]
  * Maximum Likelihood estimation failed, use Moment Matching instead!
  * Beta parameters: [s1=0.999918, s2=4.59059]
  * Adjusted p-values: [emp=0.00497512, beta=0.000232056]

Processing phenotype [ENSG00000226259.5] [26/262]
  * #variants in cis = 3
  * Best hit: [id=5_internal_9115, d=0, pv=0.000303579, s=0.3971]
  * Maximum Likelihood estimation failed, use Moment Matching instead!
  * Beta parameters: [s1=0.999977, s2=3.55492]
  * Adjusted p-values: [emp=0.00497512, beta=0.000177709]

Processing phenotype [ENSG00000237075.4] [27/262]
  * #variants in cis = 3
  * Best hit: [id=5_internal_10758, d=0, pv=0.000985666, s=0.3218]
  * Maximum Likelihood estimation failed, use Moment Matching instead!
  * Beta parameters: [s1=1.00006, s2=2.88524]
  * Adjusted p-values: [emp=0.00497512, beta=0.002654]

Processing phenotype [ENSG00000205565.6] [28/262]
  * #variants in cis = 3
  * Best hit: [id=5_internal_10108, d=-67600, pv=0.00740424, s=-0.2841]
  * Maximum Likelihood estimation failed, use Moment Matching instead!
  * Beta parameters: [s1=1.00002, s2=2.95818]
  * Adjusted p-values: [emp=0.0298507, beta=0.0288483]

Processing phenotype [ENSG00000250918.2] [29/262]
  * #variants in cis = 3
  * Best hit: [id=5_internal_10108, d=-88892, pv=0.0295493, s=0.2091]
  * Maximum Likelihood estimation failed, use Moment Matching instead!
  * Beta parameters: [s1=0.999962, s2=3.03196]
  * Adjusted p-values: [emp=0.0597015, beta=0.0659111]

Processing phenotype [ENSG00000197284.4] [30/262]
  * #variants in cis = 3
  * Best hit: [id=5_internal_10108, d=337829, pv=0.00318057, s=0.3001]
  * Maximum Likelihood estimation failed, use Moment Matching instead!
  * Beta parameters: [s1=1.0001, s2=3.52655]
  * Adjusted p-values: [emp=0.0298507, beta=0.00926583]

Processing phenotype [ENSG00000172062.12] [31/262]
  * #variants in cis = 3
  * Best hit: [id=5_internal_10758, d=0, pv=0.0864507, s=0.1730]
  * Maximum Likelihood estimation failed, use Moment Matching instead!
  * Beta parameters: [s1=1.00004, s2=3.33452]
  * Adjusted p-values: [emp=0.228856, beta=0.200028]

Processing phenotype [ENSG00000249437.3] [32/262]
  * #variants in cis = 3
  * Best hit: [id=5_internal_10108, d=584635, pv=0.00117931, s=0.3132]
  * Maximum Likelihood estimation failed, use Moment Matching instead!
  * Beta parameters: [s1=1.00007, s2=2.96522]
  * Adjusted p-values: [emp=0.0149254, beta=0.00565149]

Processing phenotype [ENSG00000254353.1] [33/262]
  * #variants in cis = 3
  * Best hit: [id=5_internal_9115, d=0, pv=1.35606e-05, s=0.4522]
  * Maximum Likelihood estimation failed, use Moment Matching instead!
  * Beta parameters: [s1=1.00003, s2=2.91936]
  * Adjusted p-values: [emp=0.00497512, beta=4.82831e-05]

Processing phenotype [ENSG00000145736.9] [34/262]
  * #variants in cis = 3
  * Best hit: [id=5_internal_9115, d=0, pv=0.000366765, s=0.3537]
  * Maximum Likelihood estimation failed, use Moment Matching instead!
  * Beta parameters: [s1=1.00003, s2=3.39405]
  * Adjusted p-values: [emp=0.00497512, beta=0.000666851]

Processing phenotype [ENSG00000251634.2] [35/262]
  * #variants in cis = 3
  * Best hit: [id=5_internal_10108, d=688274, pv=0.002109, s=0.2863]
  * Maximum Likelihood estimation failed, use Moment Matching instead!
  * Beta parameters: [s1=1.00006, s2=3.10413]
  * Adjusted p-values: [emp=0.00995025, beta=0.00339194]

Processing phenotype [ENSG00000235558.3] [36/262]
  * #variants in cis = 3
  * Best hit: [id=5_internal_9115, d=0, pv=9.78054e-05, s=-0.3869]
  * Maximum Likelihood estimation failed, use Moment Matching instead!
  * Beta parameters: [s1=1.00007, s2=3.36034]
  * Adjusted p-values: [emp=0.00497512, beta=3.89151e-05]

Processing phenotype [ENSG00000215630.5] [37/262]
  * #variants in cis = 3
  * Best hit: [id=5_internal_10758, d=271691, pv=9.2438e-05, s=-0.3864]
  * Maximum Likelihood estimation failed, use Moment Matching instead!
  * Beta parameters: [s1=0.999987, s2=3.07124]
  * Adjusted p-values: [emp=0.00497512, beta=0.000209975]

Processing phenotype [ENSG00000145734.13] [38/262]
  * #variants in cis = 3
  * Best hit: [id=5_internal_9115, d=0, pv=0.874072, s=0.0183]
  * Maximum Likelihood estimation failed, use Moment Matching instead!
  * Beta parameters: [s1=0.999957, s2=2.79604]
  * Adjusted p-values: [emp=1, beta=0.997062]

Processing phenotype [ENSG00000253536.1] [39/262]
  * #variants in cis = 3
  * Best hit: [id=5_internal_10758, d=458223, pv=0.244259, s=0.1189]
  * Maximum Likelihood estimation failed, use Moment Matching instead!
  * Beta parameters: [s1=0.999989, s2=3.13687]
  * Adjusted p-values: [emp=0.597015, beta=0.570904]

Processing phenotype [ENSG00000247911.3] [40/262]
  * #variants in cis = 4
  * Best hit: [id=5_internal_9115, d=80816, pv=0.0402584, s=0.2169]
  * Maximum Likelihood estimation failed, use Moment Matching instead!
  * Beta parameters: [s1=0.999966, s2=4.50298]
  * Adjusted p-values: [emp=0.134328, beta=0.100064]

Processing phenotype [ENSG00000131844.11] [41/262]
  * #variants in cis = 4
  * Best hit: [id=5_internal_9115, d=-130258, pv=0.0472341, s=0.2092]
  * Maximum Likelihood estimation failed, use Moment Matching instead!
  * Beta parameters: [s1=1.00012, s2=4.18051]
  * Adjusted p-values: [emp=0.20398, beta=0.210679]

Processing phenotype [ENSG00000131711.10] [42/262]
  * #variants in cis = 4
  * Best hit: [id=5_internal_11722, d=829882, pv=0.250351, s=-0.1294]
  * Maximum Likelihood estimation failed, use Moment Matching instead!
  * Beta parameters: [s1=0.999966, s2=4.09684]
  * Adjusted p-values: [emp=0.646766, beta=0.659912]

Processing phenotype [ENSG00000244748.2] [43/262]
  * #variants in cis = 5
  * Best hit: [id=5_internal_9070, d=-917379, pv=0.616139, s=0.0528]
  * Maximum Likelihood estimation failed, use Moment Matching instead!
  * Beta parameters: [s1=0.99992, s2=5.49648]
  * Adjusted p-values: [emp=0.995025, beta=0.993179]

Processing phenotype [ENSG00000049883.9] [44/262]
  * #variants in cis = 5
  * Best hit: [id=5_internal_9115, d=-863337, pv=0.170953, s=-0.1494]
  * Maximum Likelihood estimation failed, use Moment Matching instead!
  * Beta parameters: [s1=1.00001, s2=5.30654]
  * Adjusted p-values: [emp=0.572139, beta=0.59729]

Processing phenotype [ENSG00000113048.11] [45/262]
  * #variants in cis = 5
  * Best hit: [id=5_internal_9553, d=-159917, pv=0.352144, s=-0.0973]
  * Maximum Likelihood estimation failed, use Moment Matching instead!
  * Beta parameters: [s1=1, s2=5.167]
  * Adjusted p-values: [emp=0.885572, beta=0.896643]

Processing phenotype [ENSG00000244061.1] [46/262]
  * #variants in cis = 6
  * Best hit: [id=5_internal_11722, d=555322, pv=0.0275514, s=0.2414]
  * Beta parameters: [s1=0.882336, s2=6.78533]
  * Adjusted p-values: [emp=0.154229, beta=0.128094]

Processing phenotype [ENSG00000083312.11] [47/262]
  * #variants in cis = 6
  * Best hit: [id=5_internal_9070, d=415755, pv=0.0972402, s=0.1958]
  * Beta parameters: [s1=0.991768, s2=6.32705]
  * Adjusted p-values: [emp=0.41791, beta=0.451473]

Processing phenotype [ENSG00000263593.1] [48/262]
  * #variants in cis = 6
  * Best hit: [id=5_internal_9779, d=485164, pv=0.0444031, s=0.2179]
  * Maximum Likelihood estimation failed, use Moment Matching instead!
  * Beta parameters: [s1=1.00002, s2=5.77309]
  * Adjusted p-values: [emp=0.238806, beta=0.236833]

Processing phenotype [ENSG00000242602.1] [49/262]
  * #variants in cis = 6
  * Best hit: [id=5_internal_11722, d=-57931, pv=0.0418154, s=0.2164]
  * Beta parameters: [s1=0.997347, s2=6.2715]
  * Adjusted p-values: [emp=0.20398, beta=0.20509]

Processing phenotype [ENSG00000157107.8] [50/262]
  * #variants in cis = 6
  * Best hit: [id=5_internal_11722, d=0, pv=0.148417, s=0.1592]
  * Beta parameters: [s1=0.967507, s2=7.7004]
  * Adjusted p-values: [emp=0.606965, beta=0.612672]

Processing phenotype [ENSG00000145741.10] [51/262]
  * #variants in cis = 6
  * Best hit: [id=5_internal_9397, d=104870, pv=0.00535569, s=0.3102]
  * Beta parameters: [s1=0.934309, s2=7.65229]
  * Adjusted p-values: [emp=0.0199005, beta=0.0212687]

Processing phenotype [ENSG00000255883.1] [52/262]
  * #variants in cis = 6
  * Best hit: [id=5_internal_9779, d=-116573, pv=0.428046, s=-0.0830]
  * Beta parameters: [s1=1.02585, s2=7.01075]
  * Adjusted p-values: [emp=0.9801, beta=0.977718]

Processing phenotype [ENSG00000164338.5] [53/262]
  * #variants in cis = 5
  * Best hit: [id=5_internal_12890, d=673265, pv=0.301475, s=0.1109]
  * Maximum Likelihood estimation failed, use Moment Matching instead!
  * Beta parameters: [s1=1.00003, s2=4.45317]
  * Adjusted p-values: [emp=0.80597, beta=0.811666]

Processing phenotype [ENSG00000164331.5] [54/262]
  * #variants in cis = 5
  * Best hit: [id=5_internal_9397, d=-37592, pv=0.382808, s=0.0918]
  * Beta parameters: [s1=0.90552, s2=5.94274]
  * Adjusted p-values: [emp=0.920398, beta=0.933581]

Processing phenotype [ENSG00000049860.9] [55/262]
  * #variants in cis = 2
  * Best hit: [id=5_internal_12890, d=0, pv=0.00115945, s=0.3399]
  * Maximum Likelihood estimation failed, use Moment Matching instead!
  * Beta parameters: [s1=0.999958, s2=2.1074]
  * Adjusted p-values: [emp=0.00995025, beta=0.00106962]

Processing phenotype [ENSG00000171617.8] [56/262]
  * #variants in cis = 2
  * Best hit: [id=5_internal_12890, d=0, pv=1.01824e-14, s=0.7343]
  * Maximum Likelihood estimation failed, use Moment Matching instead!
  * Beta parameters: [s1=0.999939, s2=2.49249]
  * Adjusted p-values: [emp=0.00497512, beta=5.83818e-17]

Processing phenotype [ENSG00000207336.1] [57/262]
  * #variants in cis = 3
  * Best hit: [id=5_internal_9230, d=-991090, pv=0.126664, s=-0.1530]
  * Maximum Likelihood estimation failed, use Moment Matching instead!
  * Beta parameters: [s1=1, s2=3.2248]
  * Adjusted p-values: [emp=0.358209, beta=0.341962]

Processing phenotype [ENSG00000164346.5] [58/262]
  * #variants in cis = 3
  * Best hit: [id=5_internal_12890, d=-79393, pv=0.00789394, s=-0.2524]
  * Maximum Likelihood estimation failed, use Moment Matching instead!
  * Beta parameters: [s1=1.00004, s2=3.10147]
  * Adjusted p-values: [emp=0.0497512, beta=0.031895]

Processing phenotype [ENSG00000164347.12] [59/262]
  * #variants in cis = 3
  * Best hit: [id=5_internal_8406, d=-550962, pv=0.0733816, s=-0.1857]
  * Maximum Likelihood estimation failed, use Moment Matching instead!
  * Beta parameters: [s1=0.999989, s2=3.76955]
  * Adjusted p-values: [emp=0.243781, beta=0.219383]

Processing phenotype [ENSG00000199645.1] [60/262]
  * #variants in cis = 3
  * Best hit: [id=5_internal_12890, d=-91710, pv=0.0390266, s=0.2226]
  * Maximum Likelihood estimation failed, use Moment Matching instead!
  * Beta parameters: [s1=1.00009, s2=2.50542]
  * Adjusted p-values: [emp=0.114428, beta=0.138332]

Processing phenotype [ENSG00000250071.1] [61/262]
  * #variants in cis = 3
  * Best hit: [id=5_internal_9230, d=917300, pv=0.116134, s=0.1692]
  * Maximum Likelihood estimation failed, use Moment Matching instead!
  * Beta parameters: [s1=0.999898, s2=2.53554]
  * Adjusted p-values: [emp=0.333333, beta=0.319378]

Processing phenotype [ENSG00000198780.7] [62/262]
  * #variants in cis = 3
  * Best hit: [id=5_internal_9230, d=-849343, pv=0.0403735, s=-0.2131]
  * Maximum Likelihood estimation failed, use Moment Matching instead!
  * Beta parameters: [s1=0.999942, s2=3.7664]
  * Adjusted p-values: [emp=0.124378, beta=0.0829978]

Processing phenotype [ENSG00000182383.8] [63/262]
  * #variants in cis = 3
  * Best hit: [id=5_internal_9230, d=-725657, pv=0.459284, s=0.0794]
  * Maximum Likelihood estimation failed, use Moment Matching instead!
  * Beta parameters: [s1=0.999977, s2=3.02266]
  * Adjusted p-values: [emp=0.845771, beta=0.84936]

Processing phenotype [ENSG00000249856.1] [64/262]
  * #variants in cis = 4
  * Best hit: [id=5_internal_8406, d=-294405, pv=0.120874, s=0.1568]
  * Maximum Likelihood estimation failed, use Moment Matching instead!
  * Beta parameters: [s1=1.00005, s2=4.83039]
  * Adjusted p-values: [emp=0.358209, beta=0.335981]

Processing phenotype [ENSG00000176928.4] [65/262]
  * #variants in cis = 4
  * Best hit: [id=5_internal_12890, d=343300, pv=0.0353154, s=-0.2272]
  * Maximum Likelihood estimation failed, use Moment Matching instead!
  * Beta parameters: [s1=0.999969, s2=4.54082]
  * Adjusted p-values: [emp=0.144279, beta=0.145684]

Processing phenotype [ENSG00000250889.2] [66/262]
  * #variants in cis = 4
  * Best hit: [id=5_internal_11615, d=-953067, pv=0.00532566, s=-0.2956]
  * Maximum Likelihood estimation failed, use Moment Matching instead!
  * Beta parameters: [s1=1.00005, s2=4.3006]
  * Adjusted p-values: [emp=0.039801, beta=0.0146546]

Processing phenotype [ENSG00000145700.4] [67/262]
  * #variants in cis = 4
  * Best hit: [id=5_internal_8406, d=-81455, pv=0.474292, s=0.0749]
  * Maximum Likelihood estimation failed, use Moment Matching instead!
  * Beta parameters: [s1=1.0001, s2=3.57335]
  * Adjusted p-values: [emp=0.900498, beta=0.900946]

Processing phenotype [ENSG00000113161.11] [68/262]
  * #variants in cis = 6
  * Best hit: [id=5_internal_11615, d=669581, pv=0.108212, s=-0.1772]
  * Beta parameters: [s1=0.983204, s2=5.45674]
  * Adjusted p-values: [emp=0.467662, beta=0.464157]

Processing phenotype [ENSG00000242198.1] [69/262]
  * #variants in cis = 6
  * Best hit: [id=5_internal_13072, d=928943, pv=0.470698, s=0.0803]
  * Beta parameters: [s1=1.02054, s2=5.80082]
  * Adjusted p-values: [emp=0.975124, beta=0.975607]

Processing phenotype [ENSG00000122008.11] [70/262]
  * #variants in cis = 8
  * Best hit: [id=5_internal_13328, d=878334, pv=0.209003, s=0.1359]
  * Beta parameters: [s1=1.07847, s2=7.67541]
  * Adjusted p-values: [emp=0.835821, beta=0.85867]

Processing phenotype [ENSG00000113163.9] [71/262]
  * #variants in cis = 8
  * Best hit: [id=5_internal_13328, d=-877952, pv=0.0586117, s=-0.2008]
  * Beta parameters: [s1=0.835154, s2=8.12961]
  * Adjusted p-values: [emp=0.402985, beta=0.413516]

Processing phenotype [ENSG00000248881.1] [72/262]
  * #variants in cis = 10
  * Best hit: [id=5_internal_9581, d=-964759, pv=0.00489349, s=0.3083]
  * Beta parameters: [s1=1.00961, s2=10.2805]
  * Adjusted p-values: [emp=0.0597015, beta=0.0479337]

Processing phenotype [ENSG00000189045.8] [73/262]
  * #variants in cis = 10
  * Best hit: [id=5_internal_8406, d=-273159, pv=0.202054, s=0.1347]
  * Beta parameters: [s1=1.03162, s2=12.1299]
  * Adjusted p-values: [emp=0.890547, beta=0.904104]

Processing phenotype [ENSG00000152359.9] [74/262]
  * #variants in cis = 9
  * Best hit: [id=5_internal_9827, d=-803091, pv=0.149739, s=-0.1572]
  * Beta parameters: [s1=1.07312, s2=7.50145]
  * Adjusted p-values: [emp=0.766169, beta=0.758661]

Processing phenotype [ENSG00000254893.2] [75/262]
  * #variants in cis = 11
  * Best hit: [id=5_internal_11461, d=-970076, pv=0.282858, s=-0.1160]
  * Beta parameters: [s1=0.898843, s2=14.7758]
  * Adjusted p-values: [emp=0.99005, beta=0.985172]

Processing phenotype [ENSG00000145703.11] [76/262]
  * #variants in cis = 10
  * Best hit: [id=5_internal_13072, d=0, pv=0.00575869, s=0.2898]
  * Beta parameters: [s1=1.00149, s2=9.25419]
  * Adjusted p-values: [emp=0.0696517, beta=0.0600776]

Processing phenotype [ENSG00000250574.1] [77/262]
  * #variants in cis = 11
  * Best hit: [id=5_internal_13072, d=0, pv=0.0830098, s=0.1830]
  * Beta parameters: [s1=1.05698, s2=11.2863]
  * Adjusted p-values: [emp=0.661692, beta=0.616024]

Processing phenotype [ENSG00000249713.1] [78/262]
  * #variants in cis = 11
  * Best hit: [id=5_internal_13072, d=36491, pv=0.0300015, s=0.2453]
  * Beta parameters: [s1=0.975722, s2=10.0037]
  * Adjusted p-values: [emp=0.263682, beta=0.283714]

Processing phenotype [ENSG00000164220.5] [79/262]
  * #variants in cis = 11
  * Best hit: [id=5_internal_13072, d=50955, pv=0.00161531, s=0.2918]
  * Beta parameters: [s1=1.07846, s2=12.0565]
  * Adjusted p-values: [emp=0.0199005, beta=0.0126771]

Processing phenotype [ENSG00000181104.6] [80/262]
  * #variants in cis = 11
  * Best hit: [id=5_internal_9581, d=-144165, pv=0.0654885, s=0.2026]
  * Beta parameters: [s1=0.947026, s2=9.45852]
  * Adjusted p-values: [emp=0.527363, beta=0.530842]

Processing phenotype [ENSG00000225407.3] [81/262]
  * #variants in cis = 11
  * Best hit: [id=5_internal_9581, d=144337, pv=0.0386583, s=-0.2225]
  * Beta parameters: [s1=0.873815, s2=10.2403]
  * Adjusted p-values: [emp=0.358209, beta=0.348375]

Processing phenotype [ENSG00000164251.4] [82/262]
  * #variants in cis = 12
  * Best hit: [id=5_internal_11461, d=325488, pv=0.121541, s=0.1699]
  * Beta parameters: [s1=0.988749, s2=11.8816]
  * Adjusted p-values: [emp=0.766169, beta=0.78889]

Processing phenotype [ENSG00000171643.9] [83/262]
  * #variants in cis = 12
  * Best hit: [id=5_internal_9581, d=-278123, pv=0.118046, s=0.1631]
  * Beta parameters: [s1=0.996312, s2=10.6403]
  * Adjusted p-values: [emp=0.756219, beta=0.759941]

Processing phenotype [ENSG00000145708.6] [84/262]
  * #variants in cis = 13
  * Best hit: [id=5_internal_9827, d=-348902, pv=0.0572966, s=0.1966]
  * Beta parameters: [s1=1.00084, s2=9.28353]
  * Adjusted p-values: [emp=0.527363, beta=0.526598]

Processing phenotype [ENSG00000164252.8] [85/262]
  * #variants in cis = 13
  * Best hit: [id=5_internal_9827, d=-425440, pv=0.0566018, s=0.1969]
  * Beta parameters: [s1=0.945637, s2=11.3021]
  * Adjusted p-values: [emp=0.572139, beta=0.576107]

Processing phenotype [ENSG00000238961.1] [86/262]
  * #variants in cis = 13
  * Best hit: [id=5_internal_13328, d=517505, pv=0.155382, s=-0.1605]
  * Beta parameters: [s1=0.90706, s2=17.4895]
  * Adjusted p-values: [emp=0.935323, beta=0.927041]

Processing phenotype [ENSG00000250802.2] [87/262]
  * #variants in cis = 13
  * Best hit: [id=5_internal_9581, d=-514862, pv=0.129848, s=0.1615]
  * Beta parameters: [s1=0.906822, s2=17.3]
  * Adjusted p-values: [emp=0.860697, beta=0.8624]

Processing phenotype [ENSG00000132846.5] [88/262]
  * #variants in cis = 13
  * Best hit: [id=5_internal_13328, d=524257, pv=0.202618, s=0.1334]
  * Beta parameters: [s1=1.03497, s2=13.5682]
  * Adjusted p-values: [emp=0.940299, beta=0.950707]

Processing phenotype [ENSG00000113231.9] [89/262]
  * #variants in cis = 12
  * Best hit: [id=5_internal_10924, d=272422, pv=0.00103188, s=0.3483]
  * Beta parameters: [s1=1.13926, s2=11.5922]
  * Adjusted p-values: [emp=0.0149254, beta=0.00797338]

Processing phenotype [ENSG00000244363.2] [90/262]
  * #variants in cis = 12
  * Best hit: [id=5_internal_12621, d=956534, pv=0.00314392, s=-0.3159]
  * Beta parameters: [s1=0.979644, s2=10.1204]
  * Adjusted p-values: [emp=0.0248756, beta=0.0331739]

Processing phenotype [ENSG00000164253.8] [91/262]
  * #variants in cis = 11
  * Best hit: [id=5_internal_10924, d=127158, pv=1.74891e-06, s=0.5162]
  * Beta parameters: [s1=1.058, s2=11.3023]
  * Adjusted p-values: [emp=0.00497512, beta=4.10311e-05]

Processing phenotype [ENSG00000213763.4] [92/262]
  * #variants in cis = 13
  * Best hit: [id=5_internal_10382, d=-7362, pv=0.100013, s=0.1793]
  * Beta parameters: [s1=0.989053, s2=13.7552]
  * Adjusted p-values: [emp=0.731343, beta=0.735809]

Processing phenotype [ENSG00000171530.8] [93/262]
  * #variants in cis = 12
  * Best hit: [id=5_internal_10230, d=0, pv=0.0350352, s=0.2405]
  * Beta parameters: [s1=0.982603, s2=11.9338]
  * Adjusted p-values: [emp=0.358209, beta=0.370217]

Processing phenotype [ENSG00000253558.1] [94/262]
  * #variants in cis = 13
  * Best hit: [id=5_internal_13193, d=-208138, pv=0.0982942, s=0.1751]
  * Beta parameters: [s1=1.03586, s2=14.4571]
  * Adjusted p-values: [emp=0.825871, beta=0.781115]

Processing phenotype [ENSG00000222085.1] [95/262]
  * #variants in cis = 13
  * Best hit: [id=5_internal_8982, d=-915759, pv=0.0436096, s=-0.1966]
  * Beta parameters: [s1=0.923225, s2=13.1517]
  * Adjusted p-values: [emp=0.39801, beta=0.41927]

Processing phenotype [ENSG00000249372.1] [96/262]
  * #variants in cis = 14
  * Best hit: [id=5_internal_13358, d=135992, pv=0.0477458, s=-0.2237]
  * Beta parameters: [s1=1.0444, s2=13.3172]
  * Adjusted p-values: [emp=0.487562, beta=0.441434]

Processing phenotype [ENSG00000132842.9] [97/262]
  * #variants in cis = 13
  * Best hit: [id=5_internal_12621, d=-244153, pv=0.0366481, s=-0.2295]
  * Beta parameters: [s1=1.08134, s2=11.8148]
  * Adjusted p-values: [emp=0.393035, beta=0.383699]

Processing phenotype [ENSG00000245556.2] [98/262]
  * #variants in cis = 13
  * Best hit: [id=5_internal_8860, d=0, pv=0.0943207, s=0.1735]
  * Beta parameters: [s1=0.93559, s2=12.0498]
  * Adjusted p-values: [emp=0.696517, beta=0.718965]

Processing phenotype [ENSG00000085365.12] [99/262]
  * #variants in cis = 13
  * Best hit: [id=5_internal_8860, d=0, pv=0.145784, s=-0.1675]
  * Beta parameters: [s1=1.06546, s2=13.9875]
  * Adjusted p-values: [emp=0.880597, beta=0.882566]

Processing phenotype [ENSG00000145685.8] [100/262]
  * #variants in cis = 12
  * Best hit: [id=5_internal_10382, d=992501, pv=0.104246, s=-0.1744]
  * Beta parameters: [s1=0.961636, s2=9.83641]
  * Adjusted p-values: [emp=0.731343, beta=0.734717]

Processing phenotype [ENSG00000113273.11] [101/262]
  * #variants in cis = 10
  * Best hit: [id=5_internal_8982, d=1410, pv=0.0261806, s=0.2333]
  * Beta parameters: [s1=1.08167, s2=13.2293]
  * Adjusted p-values: [emp=0.189055, beta=0.170519]

Processing phenotype [ENSG00000132837.10] [102/262]
  * #variants in cis = 12
  * Best hit: [id=5_internal_12621, d=470728, pv=0.0402458, s=0.2204]
  * Beta parameters: [s1=0.989117, s2=10.1019]
  * Adjusted p-values: [emp=0.393035, beta=0.375276]

Processing phenotype [ENSG00000152409.8] [103/262]
  * #variants in cis = 12
  * Best hit: [id=5_internal_12325, d=-407696, pv=0.198845, s=0.1432]
  * Beta parameters: [s1=1.00316, s2=13.9657]
  * Adjusted p-values: [emp=0.930348, beta=0.935757]

Processing phenotype [ENSG00000213757.3] [104/262]
  * #variants in cis = 12
  * Best hit: [id=5_internal_8944, d=46627, pv=0.117957, s=-0.1588]
  * Beta parameters: [s1=1.18045, s2=11.896]
  * Adjusted p-values: [emp=0.791045, beta=0.762988]

Processing phenotype [ENSG00000213755.3] [105/262]
  * #variants in cis = 13
  * Best hit: [id=5_internal_10499, d=-738115, pv=0.140844, s=0.1443]
  * Beta parameters: [s1=0.909804, s2=11.8186]
  * Adjusted p-values: [emp=0.820896, beta=0.832828]

Processing phenotype [ENSG00000152413.10] [106/262]
  * #variants in cis = 12
  * Best hit: [id=5_internal_12621, d=748907, pv=0.0798243, s=0.2012]
  * Beta parameters: [s1=1.18113, s2=10.4858]
  * Adjusted p-values: [emp=0.686567, beta=0.657281]

Processing phenotype [ENSG00000164329.9] [107/262]
  * #variants in cis = 13
  * Best hit: [id=5_internal_10632, d=564383, pv=0.0686909, s=0.1885]
  * Beta parameters: [s1=0.798659, s2=18.0353]
  * Adjusted p-values: [emp=0.542289, beta=0.582418]

Processing phenotype [ENSG00000164309.10] [108/262]
  * #variants in cis = 12
  * Best hit: [id=5_internal_11057, d=673058, pv=0.00418849, s=-0.3092]
  * Beta parameters: [s1=0.934019, s2=15.198]
  * Adjusted p-values: [emp=0.0696517, beta=0.0504929]

Processing phenotype [ENSG00000177034.10] [109/262]
  * #variants in cis = 9
  * Best hit: [id=5_internal_10632, d=-185244, pv=0.284669, s=-0.1213]
  * Beta parameters: [s1=0.973686, s2=8.77676]
  * Adjusted p-values: [emp=0.935323, beta=0.945792]

Processing phenotype [ENSG00000113296.10] [110/262]
  * #variants in cis = 9
  * Best hit: [id=5_internal_12002, d=576759, pv=0.00747659, s=0.2561]
  * Beta parameters: [s1=1.00569, s2=9.35278]
  * Adjusted p-values: [emp=0.0696517, beta=0.0659588]

Processing phenotype [ENSG00000251050.1] [111/262]
  * #variants in cis = 9
  * Best hit: [id=5_internal_8944, d=-781318, pv=0.0311001, s=-0.2333]
  * Beta parameters: [s1=0.985063, s2=8.20181]
  * Adjusted p-values: [emp=0.258706, beta=0.255447]

Processing phenotype [ENSG00000249825.1] [112/262]
  * #variants in cis = 9
  * Best hit: [id=5_internal_9938, d=-37922, pv=0.0445941, s=0.1981]
  * Beta parameters: [s1=0.944749, s2=8.07682]
  * Adjusted p-values: [emp=0.363184, beta=0.333703]

Processing phenotype [ENSG00000251675.1] [113/262]
  * #variants in cis = 9
  * Best hit: [id=5_internal_9938, d=0, pv=0.0257276, s=0.2257]
  * Beta parameters: [s1=0.889402, s2=11.5307]
  * Adjusted p-values: [emp=0.18408, beta=0.168561]

Processing phenotype [ENSG00000239159.1] [114/262]
  * #variants in cis = 8
  * Best hit: [id=5_internal_10998, d=-226517, pv=0.261416, s=-0.1235]
  * Maximum Likelihood estimation failed, use Moment Matching instead!
  * Beta parameters: [s1=0.99986, s2=5.43413]
  * Adjusted p-values: [emp=0.875622, beta=0.876199]

Processing phenotype [ENSG00000164300.11] [115/262]
  * #variants in cis = 8
  * Best hit: [id=5_internal_9938, d=86851, pv=0.000366647, s=0.4041]
  * Beta parameters: [s1=0.933848, s2=10.7398]
  * Adjusted p-values: [emp=0.00497512, beta=0.00173923]

Processing phenotype [ENSG00000220157.4] [116/262]
  * #variants in cis = 8
  * Best hit: [id=5_internal_8976, d=286986, pv=0.10292, s=-0.1478]
  * Beta parameters: [s1=0.995199, s2=8.15972]
  * Adjusted p-values: [emp=0.606965, beta=0.610367]

Processing phenotype [ENSG00000039319.12] [117/262]
  * #variants in cis = 8
  * Best hit: [id=5_internal_12002, d=160061, pv=0.135889, s=-0.1623]
  * Beta parameters: [s1=1.03666, s2=8.26128]
  * Adjusted p-values: [emp=0.646766, beta=0.661702]

Processing phenotype [ENSG00000152380.5] [118/262]
  * #variants in cis = 8
  * Best hit: [id=5_internal_10998, d=-6259, pv=0.222095, s=0.1174]
  * Beta parameters: [s1=0.882193, s2=9.09407]
  * Adjusted p-values: [emp=0.865672, beta=0.869361]

Processing phenotype [ENSG00000249042.1] [119/262]
  * #variants in cis = 8
  * Best hit: [id=5_internal_10998, d=6353, pv=0.201739, s=0.1282]
  * Beta parameters: [s1=0.8908, s2=8.39057]
  * Adjusted p-values: [emp=0.800995, beta=0.819819]

Processing phenotype [ENSG00000251221.1] [120/262]
  * #variants in cis = 8
  * Best hit: [id=5_internal_10632, d=314718, pv=0.0644904, s=-0.1985]
  * Beta parameters: [s1=0.940838, s2=8.30288]
  * Adjusted p-values: [emp=0.40796, beta=0.430218]

Processing phenotype [ENSG00000249655.1] [121/262]
  * #variants in cis = 8
  * Best hit: [id=5_internal_11548, d=-220335, pv=0.0360289, s=0.2006]
  * Beta parameters: [s1=0.909418, s2=6.82469]
  * Adjusted p-values: [emp=0.248756, beta=0.258961]

Processing phenotype [ENSG00000113318.9] [122/262]
  * #variants in cis = 8
  * Best hit: [id=5_internal_8976, d=-581594, pv=0.0271682, s=0.2438]
  * Beta parameters: [s1=0.985727, s2=8.30248]
  * Adjusted p-values: [emp=0.20398, beta=0.194916]

Processing phenotype [ENSG00000228716.2] [123/262]
  * #variants in cis = 8
  * Best hit: [id=5_internal_11548, d=-196942, pv=0.0657769, s=0.2061]
  * Beta parameters: [s1=0.911621, s2=7.31989]
  * Adjusted p-values: [emp=0.41791, beta=0.412978]

Processing phenotype [ENSG00000248967.1] [124/262]
  * #variants in cis = 8
  * Best hit: [id=5_internal_8976, d=673765, pv=0.0702454, s=0.1884]
  * Beta parameters: [s1=0.823994, s2=8.7265]
  * Adjusted p-values: [emp=0.412935, beta=0.432847]

Processing phenotype [ENSG00000244630.2] [125/262]
  * #variants in cis = 9
  * Best hit: [id=5_internal_8976, d=782789, pv=0.243264, s=0.1145]
  * Beta parameters: [s1=1.02324, s2=7.90835]
  * Adjusted p-values: [emp=0.915423, beta=0.917927]

Processing phenotype [ENSG00000113319.7] [126/262]
  * #variants in cis = 9
  * Best hit: [id=5_internal_10632, d=-652866, pv=0.0320378, s=0.2325]
  * Beta parameters: [s1=1.11694, s2=8.71625]
  * Adjusted p-values: [emp=0.223881, beta=0.231196]

Processing phenotype [ENSG00000251450.1] [127/262]
  * #variants in cis = 9
  * Best hit: [id=5_internal_11175, d=-817163, pv=0.0749133, s=-0.2038]
  * Beta parameters: [s1=0.838815, s2=7.87475]
  * Adjusted p-values: [emp=0.437811, beta=0.475521]

Processing phenotype [ENSG00000251001.1] [128/262]
  * #variants in cis = 10
  * Best hit: [id=5_internal_9938, d=828819, pv=0.00366474, s=-0.3005]
  * Beta parameters: [s1=1.02954, s2=8.331]
  * Adjusted p-values: [emp=0.0447761, beta=0.040177]

Processing phenotype [ENSG00000249772.1] [129/262]
  * #variants in cis = 10
  * Best hit: [id=5_internal_8716, d=-928311, pv=0.024659, s=0.2520]
  * Beta parameters: [s1=1.01047, s2=11.5726]
  * Adjusted p-values: [emp=0.208955, beta=0.24023]

Processing phenotype [ENSG00000131730.11] [130/262]
  * #variants in cis = 9
  * Best hit: [id=5_internal_10998, d=-751575, pv=0.00562594, s=0.2908]
  * Beta parameters: [s1=1.03035, s2=9.75473]
  * Adjusted p-values: [emp=0.0696517, beta=0.0500213]

Processing phenotype [ENSG00000248794.1] [131/262]
  * #variants in cis = 9
  * Best hit: [id=5_internal_8716, d=-800564, pv=0.060598, s=0.2087]
  * Beta parameters: [s1=1.03123, s2=7.31437]
  * Adjusted p-values: [emp=0.41791, beta=0.426033]

Processing phenotype [ENSG00000247572.2] [132/262]
  * #variants in cis = 9
  * Best hit: [id=5_internal_8716, d=-741603, pv=0.000868918, s=0.3340]
  * Beta parameters: [s1=0.91116, s2=9.30184]
  * Adjusted p-values: [emp=0.0149254, beta=0.00750256]

Processing phenotype [ENSG00000131732.7] [133/262]
  * #variants in cis = 9
  * Best hit: [id=5_internal_10632, d=-993784, pv=0.0810221, s=-0.1810]
  * Beta parameters: [s1=1.03601, s2=9.69767]
  * Adjusted p-values: [emp=0.507463, beta=0.535968]

Processing phenotype [ENSG00000172497.4] [134/262]
  * #variants in cis = 9
  * Best hit: [id=5_internal_11548, d=489357, pv=0.0216801, s=-0.2168]
  * Beta parameters: [s1=1.05841, s2=8.67343]
  * Adjusted p-values: [emp=0.20398, beta=0.204035]

Processing phenotype [ENSG00000145687.11] [135/262]
  * #variants in cis = 5
  * Best hit: [id=5_internal_8716, d=-291366, pv=0.0865408, s=0.1809]
  * Maximum Likelihood estimation failed, use Moment Matching instead!
  * Beta parameters: [s1=0.999917, s2=5.11267]
  * Adjusted p-values: [emp=0.323383, beta=0.333117]

Processing phenotype [ENSG00000152348.10] [136/262]
  * #variants in cis = 4
  * Best hit: [id=5_internal_9914, d=384255, pv=0.0355949, s=-0.2201]
  * Maximum Likelihood estimation failed, use Moment Matching instead!
  * Beta parameters: [s1=1, s2=4.2059]
  * Adjusted p-values: [emp=0.149254, beta=0.132526]

Processing phenotype [ENSG00000236447.2] [137/262]
  * #variants in cis = 4
  * Best hit: [id=5_internal_8716, d=51168, pv=0.115572, s=0.1729]
  * Maximum Likelihood estimation failed, use Moment Matching instead!
  * Beta parameters: [s1=0.999936, s2=5.19101]
  * Adjusted p-values: [emp=0.368159, beta=0.376741]

Processing phenotype [ENSG00000251495.1] [138/262]
  * #variants in cis = 4
  * Best hit: [id=5_internal_8716, d=-33069, pv=0.0628241, s=0.1881]
  * Maximum Likelihood estimation failed, use Moment Matching instead!
  * Beta parameters: [s1=1.00002, s2=3.99266]
  * Adjusted p-values: [emp=0.21393, beta=0.228385]

Processing phenotype [ENSG00000248192.1] [139/262]
  * #variants in cis = 4
  * Best hit: [id=5_internal_9914, d=-282578, pv=0.706204, s=-0.0376]
  * Maximum Likelihood estimation failed, use Moment Matching instead!
  * Beta parameters: [s1=1.00005, s2=3.89205]
  * Adjusted p-values: [emp=0.985075, beta=0.990683]

Processing phenotype [ENSG00000251374.1] [140/262]
  * #variants in cis = 4
  * Best hit: [id=5_internal_9914, d=-91021, pv=0.184694, s=0.1293]
  * Maximum Likelihood estimation failed, use Moment Matching instead!
  * Beta parameters: [s1=1.00001, s2=3.92719]
  * Adjusted p-values: [emp=0.487562, beta=0.509044]

Processing phenotype [ENSG00000186468.8] [141/262]
  * #variants in cis = 4
  * Best hit: [id=5_internal_8716, d=0, pv=0.065379, s=-0.1935]
  * Maximum Likelihood estimation failed, use Moment Matching instead!
  * Beta parameters: [s1=0.999944, s2=4.13067]
  * Adjusted p-values: [emp=0.243781, beta=0.227533]

Processing phenotype [ENSG00000205464.5] [142/262]
  * #variants in cis = 4
  * Best hit: [id=5_internal_8716, d=0, pv=0.00141526, s=0.2913]
  * Maximum Likelihood estimation failed, use Moment Matching instead!
  * Beta parameters: [s1=0.999945, s2=4.32135]
  * Adjusted p-values: [emp=0.0149254, beta=0.00370233]

Processing phenotype [ENSG00000249664.1] [143/262]
  * #variants in cis = 4
  * Best hit: [id=5_internal_9914, d=651847, pv=0.0111323, s=0.2320]
  * Maximum Likelihood estimation failed, use Moment Matching instead!
  * Beta parameters: [s1=0.999967, s2=4.93605]
  * Adjusted p-values: [emp=0.0746269, beta=0.045078]

Processing phenotype [ENSG00000238835.1] [144/262]
  * #variants in cis = 4
  * Best hit: [id=5_internal_9914, d=703075, pv=0.292342, s=-0.1166]
  * Maximum Likelihood estimation failed, use Moment Matching instead!
  * Beta parameters: [s1=1.00007, s2=3.8284]
  * Adjusted p-values: [emp=0.721393, beta=0.74815]

Processing phenotype [ENSG00000152422.11] [145/262]
  * #variants in cis = 4
  * Best hit: [id=5_internal_9257, d=-975791, pv=0.291027, s=0.1106]
  * Maximum Likelihood estimation failed, use Moment Matching instead!
  * Beta parameters: [s1=0.999915, s2=5.0021]
  * Adjusted p-values: [emp=0.746269, beta=0.777266]

Processing phenotype [ENSG00000174695.5] [146/262]
  * #variants in cis = 4
  * Best hit: [id=5_internal_9257, d=976156, pv=0.0796771, s=-0.1825]
  * Maximum Likelihood estimation failed, use Moment Matching instead!
  * Beta parameters: [s1=1.00002, s2=5.11442]
  * Adjusted p-values: [emp=0.313433, beta=0.295124]

Processing phenotype [ENSG00000251552.1] [147/262]
  * #variants in cis = 3
  * Best hit: [id=5_internal_8716, d=981594, pv=0.191577, s=-0.1277]
  * Maximum Likelihood estimation failed, use Moment Matching instead!
  * Beta parameters: [s1=1.00005, s2=3.08099]
  * Adjusted p-values: [emp=0.467662, beta=0.472093]

Processing phenotype [ENSG00000243859.3] [148/262]
  * #variants in cis = 1
  * Best hit: [id=5_internal_9684, d=-668663, pv=0.892142, s=0.0151]
  * Maximum Likelihood estimation failed, use Moment Matching instead!
  * Beta parameters: [s1=1.00005, s2=0.918612]
  * Adjusted p-values: [emp=0.870647, beta=0.864475]

Processing phenotype [ENSG00000127184.6] [149/262]
  * #variants in cis = 0

Processing phenotype [ENSG00000199262.1] [150/262]
  * #variants in cis = 0

Processing phenotype [ENSG00000250544.1] [151/262]
  * #variants in cis = 0

Processing phenotype [ENSG00000242477.1] [152/262]
  * #variants in cis = 0

Processing phenotype [ENSG00000145715.10] [153/262]
  * #variants in cis = 0

Processing phenotype [ENSG00000241243.2] [154/262]
  * #variants in cis = 0

Processing phenotype [ENSG00000207452.1] [155/262]
  * #variants in cis = 0

Processing phenotype [ENSG00000134480.9] [156/262]
  * #variants in cis = 0

Processing phenotype [ENSG00000197071.1] [157/262]
  * #variants in cis = 1
  * Best hit: [id=5_internal_8776, d=603936, pv=0.0315963, s=0.1983]
  * Maximum Likelihood estimation failed, use Moment Matching instead!
  * Beta parameters: [s1=0.999947, s2=0.88273]
  * Adjusted p-values: [emp=0.0547264, beta=0.0352778]

Processing phenotype [ENSG00000247828.2] [158/262]
  * #variants in cis = 2
  * Best hit: [id=5_internal_9906, d=977216, pv=0.179059, s=-0.1452]
  * Maximum Likelihood estimation failed, use Moment Matching instead!
  * Beta parameters: [s1=1.00006, s2=2.22604]
  * Adjusted p-values: [emp=0.363184, beta=0.356773]

Processing phenotype [ENSG00000164180.9] [159/262]
  * #variants in cis = 2
  * Best hit: [id=5_internal_8776, d=-553351, pv=0.180547, s=0.1551]
  * Maximum Likelihood estimation failed, use Moment Matching instead!
  * Beta parameters: [s1=1.00002, s2=2.24714]
  * Adjusted p-values: [emp=0.318408, beta=0.320083]

Processing phenotype [ENSG00000207129.1] [160/262]
  * #variants in cis = 2
  * Best hit: [id=5_internal_8776, d=-548451, pv=0.271619, s=0.1257]
  * Maximum Likelihood estimation failed, use Moment Matching instead!
  * Beta parameters: [s1=0.999931, s2=2.19654]
  * Adjusted p-values: [emp=0.482587, beta=0.476281]

Processing phenotype [ENSG00000081189.9] [161/262]
  * #variants in cis = 4
  * Best hit: [id=5_internal_8776, d=0, pv=0.295053, s=0.1088]
  * Maximum Likelihood estimation failed, use Moment Matching instead!
  * Beta parameters: [s1=1.0001, s2=3.65578]
  * Adjusted p-values: [emp=0.731343, beta=0.713832]

Processing phenotype [ENSG00000260871.1] [162/262]
  * #variants in cis = 7
  * Best hit: [id=5_internal_8392, d=0, pv=0.0759629, s=0.1955]
  * Beta parameters: [s1=1.07469, s2=6.26802]
  * Adjusted p-values: [emp=0.427861, beta=0.424107]

Processing phenotype [ENSG00000153140.4] [163/262]
  * #variants in cis = 7
  * Best hit: [id=5_internal_10544, d=-873481, pv=0.0978997, s=0.1590]
  * Beta parameters: [s1=1.03033, s2=6.4339]
  * Adjusted p-values: [emp=0.492537, beta=0.50061]

Processing phenotype [ENSG00000255647.1] [164/262]
  * #variants in cis = 7
  * Best hit: [id=5_internal_10415, d=-964447, pv=0.205531, s=0.1369]
  * Beta parameters: [s1=1.13413, s2=7.38814]
  * Adjusted p-values: [emp=0.79602, beta=0.796581]

Processing phenotype [ENSG00000113356.6] [165/262]
  * #variants in cis = 6
  * Best hit: [id=5_internal_9092, d=683956, pv=0.0208569, s=-0.2473]
  * Maximum Likelihood estimation failed, use Moment Matching instead!
  * Beta parameters: [s1=0.999948, s2=5.08714]
  * Adjusted p-values: [emp=0.109453, beta=0.117286]

Processing phenotype [ENSG00000259131.2] [166/262]
  * #variants in cis = 6
  * Best hit: [id=5_internal_9092, d=-680936, pv=0.000707213, s=0.3714]
  * Maximum Likelihood estimation failed, use Moment Matching instead!
  * Beta parameters: [s1=0.999949, s2=5.64056]
  * Adjusted p-values: [emp=0.00995025, beta=0.00379094]

Processing phenotype [ENSG00000176055.9] [167/262]
  * #variants in cis = 6
  * Best hit: [id=5_internal_9092, d=-680936, pv=0.000214178, s=0.4068]
  * Beta parameters: [s1=1.10611, s2=6.68717]
  * Adjusted p-values: [emp=0.00497512, beta=0.00127894]

Processing phenotype [ENSG00000164199.11] [168/262]
  * #variants in cis = 6
  * Best hit: [id=5_internal_9881, d=572144, pv=0.196847, s=0.1436]
  * Beta parameters: [s1=0.916215, s2=5.80636]
  * Adjusted p-values: [emp=0.726368, beta=0.72927]

Processing phenotype [ENSG00000259141.1] [169/262]
  * #variants in cis = 6
  * Best hit: [id=5_internal_8776, d=0, pv=0.221513, s=-0.1263]
  * Beta parameters: [s1=0.936268, s2=7.04313]
  * Adjusted p-values: [emp=0.800995, beta=0.803408]

Processing phenotype [ENSG00000176018.8] [170/262]
  * #variants in cis = 6
  * Best hit: [id=5_internal_8776, d=0, pv=0.264991, s=-0.1156]
  * Beta parameters: [s1=0.909368, s2=7.68631]
  * Adjusted p-values: [emp=0.895522, beta=0.861808]

Processing phenotype [ENSG00000113369.4] [171/262]
  * #variants in cis = 6
  * Best hit: [id=5_internal_10544, d=26723, pv=0.222785, s=-0.1365]
  * Beta parameters: [s1=1.00981, s2=7.01123]
  * Adjusted p-values: [emp=0.766169, beta=0.761388]

Processing phenotype [ENSG00000251725.1] [172/262]
  * #variants in cis = 3
  * Best hit: [id=5_internal_10735, d=-411995, pv=0.531845, s=0.0626]
  * Maximum Likelihood estimation failed, use Moment Matching instead!
  * Beta parameters: [s1=1.00007, s2=3.56621]
  * Adjusted p-values: [emp=0.920398, beta=0.917015]

Processing phenotype [ENSG00000249353.2] [173/262]
  * #variants in cis = 3
  * Best hit: [id=5_internal_13694, d=-424463, pv=0.778955, s=-0.0308]
  * Maximum Likelihood estimation failed, use Moment Matching instead!
  * Beta parameters: [s1=0.999923, s2=3.17758]
  * Adjusted p-values: [emp=0.995025, beta=0.989383]

Processing phenotype [ENSG00000248483.3] [174/262]
  * #variants in cis = 3
  * Best hit: [id=5_internal_10735, d=-291180, pv=0.240859, s=-0.1152]
  * Maximum Likelihood estimation failed, use Moment Matching instead!
  * Beta parameters: [s1=0.999994, s2=2.99277]
  * Adjusted p-values: [emp=0.557214, beta=0.550317]

Processing phenotype [ENSG00000251023.1] [175/262]
  * #variants in cis = 4
  * Best hit: [id=5_internal_12293, d=-216578, pv=0.412311, s=0.0810]
  * Maximum Likelihood estimation failed, use Moment Matching instead!
  * Beta parameters: [s1=0.999967, s2=4.28085]
  * Adjusted p-values: [emp=0.890547, beta=0.869922]

Processing phenotype [ENSG00000113391.12] [176/262]
  * #variants in cis = 5
  * Best hit: [id=5_internal_10992, d=-824972, pv=0.0197859, s=-0.2293]
  * Beta parameters: [s1=0.998088, s2=6.22072]
  * Adjusted p-values: [emp=0.124378, beta=0.0866833]

Processing phenotype [ENSG00000232578.3] [177/262]
  * #variants in cis = 5
  * Best hit: [id=5_internal_10992, d=343903, pv=0.0357255, s=-0.2445]
  * Maximum Likelihood estimation failed, use Moment Matching instead!
  * Beta parameters: [s1=0.999977, s2=5.22735]
  * Adjusted p-values: [emp=0.159204, beta=0.153174]

Processing phenotype [ENSG00000133302.8] [178/262]
  * #variants in cis = 5
  * Best hit: [id=5_internal_13694, d=0, pv=0.047757, s=0.2128]
  * Beta parameters: [s1=0.969361, s2=6.2144]
  * Adjusted p-values: [emp=0.21393, beta=0.225619]

Processing phenotype [ENSG00000185261.8] [179/262]
  * #variants in cis = 5
  * Best hit: [id=5_internal_12952, d=-133815, pv=0.0165911, s=-0.2614]
  * Beta parameters: [s1=0.977207, s2=5.56928]
  * Adjusted p-values: [emp=0.0447761, beta=0.0517921]

Processing phenotype [ENSG00000175471.14] [180/262]
  * #variants in cis = 6
  * Best hit: [id=5_internal_13694, d=568288, pv=0.0990009, s=0.1809]
  * Beta parameters: [s1=0.985617, s2=5.72817]
  * Adjusted p-values: [emp=0.482587, beta=0.469907]

Processing phenotype [ENSG00000153347.5] [181/262]
  * #variants in cis = 6
  * Best hit: [id=5_internal_8828, d=415372, pv=0.439123, s=0.0768]
  * Beta parameters: [s1=0.969506, s2=5.67197]
  * Adjusted p-values: [emp=0.970149, beta=0.966345]

Processing phenotype [ENSG00000225165.3] [182/262]
  * #variants in cis = 5
  * Best hit: [id=5_internal_8828, d=366672, pv=0.0677301, s=-0.1772]
  * Maximum Likelihood estimation failed, use Moment Matching instead!
  * Beta parameters: [s1=0.999919, s2=5.22213]
  * Adjusted p-values: [emp=0.323383, beta=0.314652]

Processing phenotype [ENSG00000212259.1] [183/262]
  * #variants in cis = 5
  * Best hit: [id=5_internal_13694, d=-805082, pv=0.350907, s=-0.1043]
  * Maximum Likelihood estimation failed, use Moment Matching instead!
  * Beta parameters: [s1=0.999957, s2=3.93306]
  * Adjusted p-values: [emp=0.825871, beta=0.854823]

Processing phenotype [ENSG00000198677.6] [184/262]
  * #variants in cis = 5
  * Best hit: [id=5_internal_8828, d=-251709, pv=0.270829, s=0.1249]
  * Maximum Likelihood estimation failed, use Moment Matching instead!
  * Beta parameters: [s1=0.999942, s2=5.09611]
  * Adjusted p-values: [emp=0.791045, beta=0.794843]

Processing phenotype [ENSG00000164291.12] [185/262]
  * #variants in cis = 5
  * Best hit: [id=5_internal_13694, d=-838787, pv=0.280058, s=-0.1150]
  * Maximum Likelihood estimation failed, use Moment Matching instead!
  * Beta parameters: [s1=0.999973, s2=4.71191]
  * Adjusted p-values: [emp=0.80597, beta=0.830357]

Processing phenotype [ENSG00000178015.4] [186/262]
  * #variants in cis = 7
  * Best hit: [id=5_internal_9403, d=970602, pv=0.0540133, s=0.2000]
  * Beta parameters: [s1=0.979587, s2=6.89891]
  * Adjusted p-values: [emp=0.353234, beta=0.329239]

Processing phenotype [ENSG00000175449.7] [187/262]
  * #variants in cis = 7
  * Best hit: [id=5_internal_8828, d=159962, pv=0.0548728, s=0.2052]
  * Beta parameters: [s1=1.02062, s2=7.09319]
  * Adjusted p-values: [emp=0.343284, beta=0.362977]

Processing phenotype [ENSG00000251659.1] [188/262]
  * #variants in cis = 7
  * Best hit: [id=5_internal_12181, d=244950, pv=0.0531194, s=-0.1846]
  * Beta parameters: [s1=0.96474, s2=5.936]
  * Adjusted p-values: [emp=0.308458, beta=0.306874]

Processing phenotype [ENSG00000145757.11] [189/262]
  * #variants in cis = 7
  * Best hit: [id=5_internal_8828, d=-108005, pv=0.0464219, s=0.2005]
  * Beta parameters: [s1=0.906863, s2=5.88591]
  * Adjusted p-values: [emp=0.273632, beta=0.285906]

Processing phenotype [ENSG00000164292.7] [190/262]
  * #variants in cis = 8
  * Best hit: [id=5_internal_10992, d=-753715, pv=0.186323, s=-0.1432]
  * Beta parameters: [s1=0.960877, s2=6.98681]
  * Adjusted p-values: [emp=0.771144, beta=0.782358]

Processing phenotype [ENSG00000250240.1] [191/262]
  * #variants in cis = 7
  * Best hit: [id=5_internal_12952, d=546731, pv=0.274656, s=0.1168]
  * Beta parameters: [s1=0.983481, s2=6.54158]
  * Adjusted p-values: [emp=0.875622, beta=0.892374]

Processing phenotype [ENSG00000251348.1] [192/262]
  * #variants in cis = 7
  * Best hit: [id=5_internal_9403, d=821681, pv=0.0381165, s=0.2223]
  * Beta parameters: [s1=0.885245, s2=9.28666]
  * Adjusted p-values: [emp=0.253731, beta=0.245117]

Processing phenotype [ENSG00000173221.9] [193/262]
  * #variants in cis = 8
  * Best hit: [id=5_internal_8828, d=0, pv=0.00123028, s=0.3306]
  * Beta parameters: [s1=0.886923, s2=8.21531]
  * Adjusted p-values: [emp=0.0199005, beta=0.00980929]

Processing phenotype [ENSG00000251000.1] [194/262]
  * #variants in cis = 8
  * Best hit: [id=5_internal_10992, d=875239, pv=0.123458, s=-0.1764]
  * Beta parameters: [s1=1.00766, s2=7.38322]
  * Adjusted p-values: [emp=0.626866, beta=0.618139]

Processing phenotype [ENSG00000236882.3] [195/262]
  * #variants in cis = 8
  * Best hit: [id=5_internal_10992, d=-892425, pv=0.00217123, s=0.3279]
  * Beta parameters: [s1=1.05801, s2=7.31369]
  * Adjusted p-values: [emp=0.0298507, beta=0.0169614]

Processing phenotype [ENSG00000118985.10] [196/262]
  * #variants in cis = 8
  * Best hit: [id=5_internal_12625, d=-651423, pv=0.0830168, s=-0.1730]
  * Beta parameters: [s1=1.02846, s2=7.88598]
  * Adjusted p-values: [emp=0.482587, beta=0.493999]

Processing phenotype [ENSG00000175426.6] [197/262]
  * #variants in cis = 10
  * Best hit: [id=5_internal_12625, d=-179351, pv=0.256382, s=-0.1165]
  * Beta parameters: [s1=0.963552, s2=13.1725]
  * Adjusted p-values: [emp=0.975124, beta=0.973254]

Processing phenotype [ENSG00000153113.17] [198/262]
  * #variants in cis = 10
  * Best hit: [id=5_internal_9633, d=172028, pv=0.000232765, s=0.3407]
  * Beta parameters: [s1=0.9223, s2=11.1738]
  * Adjusted p-values: [emp=0.0149254, beta=0.00211272]

Processing phenotype [ENSG00000249180.1] [199/262]
  * #variants in cis = 10
  * Best hit: [id=5_internal_9633, d=26196, pv=2.16438e-05, s=0.4361]
  * Beta parameters: [s1=0.993995, s2=9.21663]
  * Adjusted p-values: [emp=0.00497512, beta=0.000173279]

Processing phenotype [ENSG00000248734.1] [200/262]
  * #variants in cis = 10
  * Best hit: [id=5_internal_9633, d=-68275, pv=0.00464888, s=0.2952]
  * Beta parameters: [s1=1.1107, s2=9.44714]
  * Adjusted p-values: [emp=0.0348259, beta=0.0363442]

Processing phenotype [ENSG00000164307.7] [201/262]
  * #variants in cis = 10
  * Best hit: [id=5_internal_10352, d=15975, pv=0.00438975, s=0.2777]
  * Beta parameters: [s1=1.05038, s2=8.48861]
  * Adjusted p-values: [emp=0.0497512, beta=0.0425556]

Processing phenotype [ENSG00000164308.12] [202/262]
  * #variants in cis = 9
  * Best hit: [id=5_internal_12979, d=173004, pv=0.0587732, s=-0.2063]
  * Beta parameters: [s1=0.979884, s2=7.48685]
  * Adjusted p-values: [emp=0.442786, beta=0.458617]

Processing phenotype [ENSG00000113441.11] [203/262]
  * #variants in cis = 9
  * Best hit: [id=5_internal_9403, d=-337882, pv=0.0530722, s=-0.2025]
  * Beta parameters: [s1=1.19914, s2=8.9515]
  * Adjusted p-values: [emp=0.422886, beta=0.405547]

Processing phenotype [ENSG00000247121.2] [204/262]
  * #variants in cis = 9
  * Best hit: [id=5_internal_9033, d=0, pv=0.0450227, s=-0.2116]
  * Beta parameters: [s1=0.977742, s2=8.83059]
  * Adjusted p-values: [emp=0.248756, beta=0.281464]

Processing phenotype [ENSG00000227836.1] [205/262]
  * #variants in cis = 9
  * Best hit: [id=5_internal_12979, d=106644, pv=0.193957, s=-0.1392]
  * Beta parameters: [s1=0.999612, s2=7.14548]
  * Adjusted p-values: [emp=0.810945, beta=0.81311]

Processing phenotype [ENSG00000213702.2] [206/262]
  * #variants in cis = 8
  * Best hit: [id=5_internal_9403, d=-438370, pv=0.0118486, s=-0.2723]
  * Beta parameters: [s1=1.03029, s2=7.32205]
  * Adjusted p-values: [emp=0.079602, beta=0.0803197]

Processing phenotype [ENSG00000213701.4] [207/262]
  * #variants in cis = 8
  * Best hit: [id=5_internal_12979, d=0, pv=0.207505, s=-0.1325]
  * Beta parameters: [s1=1.0334, s2=6.24589]
  * Adjusted p-values: [emp=0.820896, beta=0.825013]

Processing phenotype [ENSG00000251606.1] [208/262]
  * #variants in cis = 8
  * Best hit: [id=5_internal_9633, d=-372573, pv=0.0317318, s=0.2155]
  * Beta parameters: [s1=1.10876, s2=7.56502]
  * Adjusted p-values: [emp=0.20398, beta=0.201396]

Processing phenotype [ENSG00000145721.7] [209/262]
  * #variants in cis = 8
  * Best hit: [id=5_internal_9633, d=426370, pv=0.0602419, s=0.1863]
  * Beta parameters: [s1=1.1454, s2=8.3886]
  * Adjusted p-values: [emp=0.432836, beta=0.417468]

Processing phenotype [ENSG00000206698.1] [210/262]
  * #variants in cis = 8
  * Best hit: [id=5_internal_12979, d=33122, pv=0.146992, s=-0.1638]
  * Beta parameters: [s1=0.993668, s2=8.44756]
  * Adjusted p-values: [emp=0.726368, beta=0.719855]

Processing phenotype [ENSG00000058729.6] [211/262]
  * #variants in cis = 8
  * Best hit: [id=5_internal_9033, d=182630, pv=0.201472, s=0.1305]
  * Beta parameters: [s1=1.10252, s2=8.927]
  * Adjusted p-values: [emp=0.840796, beta=0.840102]

Processing phenotype [ENSG00000238000.1] [212/262]
  * #variants in cis = 2
  * Best hit: [id=5_internal_9669, d=747845, pv=0.3015, s=-0.0993]
  * Maximum Likelihood estimation failed, use Moment Matching instead!
  * Beta parameters: [s1=1.00001, s2=2.0522]
  * Adjusted p-values: [emp=0.552239, beta=0.524364]

Processing phenotype [ENSG00000176183.8] [213/262]
  * #variants in cis = 2
  * Best hit: [id=5_internal_9887, d=-789509, pv=0.118317, s=-0.1669]
  * Maximum Likelihood estimation failed, use Moment Matching instead!
  * Beta parameters: [s1=0.999964, s2=1.98402]
  * Adjusted p-values: [emp=0.208955, beta=0.205231]

Processing phenotype [ENSG00000174136.7] [214/262]
  * #variants in cis = 1
  * Best hit: [id=5_internal_9669, d=192597, pv=0.859016, s=0.0190]
  * Maximum Likelihood estimation failed, use Moment Matching instead!
  * Beta parameters: [s1=0.999981, s2=1.194]
  * Adjusted p-values: [emp=0.900498, beta=0.88962]

Processing phenotype [ENSG00000246763.2] [215/262]
  * #variants in cis = 1
  * Best hit: [id=5_internal_9669, d=-187778, pv=0.871133, s=0.0176]
  * Maximum Likelihood estimation failed, use Moment Matching instead!
  * Beta parameters: [s1=0.999937, s2=1.05019]
  * Adjusted p-values: [emp=0.895522, beta=0.883651]

Processing phenotype [ENSG00000222610.1] [216/262]
  * #variants in cis = 1
  * Best hit: [id=5_internal_9669, d=71516, pv=0.321763, s=0.1123]
  * Maximum Likelihood estimation failed, use Moment Matching instead!
  * Beta parameters: [s1=0.999935, s2=0.916116]
  * Adjusted p-values: [emp=0.368159, beta=0.35451]

Processing phenotype [ENSG00000153922.6] [217/262]
  * #variants in cis = 1
  * Best hit: [id=5_internal_9669, d=-34711, pv=0.733968, s=0.0345]
  * Maximum Likelihood estimation failed, use Moment Matching instead!
  * Beta parameters: [s1=0.999979, s2=1.24265]
  * Adjusted p-values: [emp=0.791045, beta=0.780686]

Processing phenotype [ENSG00000248489.1] [218/262]
  * #variants in cis = 1
  * Best hit: [id=5_internal_9669, d=32076, pv=0.571072, s=0.0654]
  * Maximum Likelihood estimation failed, use Moment Matching instead!
  * Beta parameters: [s1=1.00008, s2=1.12535]
  * Adjusted p-values: [emp=0.646766, beta=0.631844]

Processing phenotype [ENSG00000247877.2] [219/262]
  * #variants in cis = 6
  * Best hit: [id=5_internal_12471, d=-111920, pv=0.167819, s=0.1417]
  * Maximum Likelihood estimation failed, use Moment Matching instead!
  * Beta parameters: [s1=0.999868, s2=4.77542]
  * Adjusted p-values: [emp=0.726368, beta=0.689404]

Processing phenotype [ENSG00000174132.7] [220/262]
  * #variants in cis = 6
  * Best hit: [id=5_internal_8201, d=129109, pv=0.0310262, s=0.2299]
  * Beta parameters: [s1=1.02365, s2=6.17894]
  * Adjusted p-values: [emp=0.159204, beta=0.170312]

Processing phenotype [ENSG00000113532.7] [221/262]
  * #variants in cis = 6
  * Best hit: [id=5_internal_8819, d=58058, pv=0.104282, s=0.1885]
  * Maximum Likelihood estimation failed, use Moment Matching instead!
  * Beta parameters: [s1=0.999966, s2=5.21958]
  * Adjusted p-values: [emp=0.412935, beta=0.427701]

Processing phenotype [ENSG00000173930.8] [222/262]
  * #variants in cis = 4
  * Best hit: [id=5_internal_13192, d=-457649, pv=0.0575549, s=0.2163]
  * Maximum Likelihood estimation failed, use Moment Matching instead!
  * Beta parameters: [s1=1.00008, s2=3.98107]
  * Adjusted p-values: [emp=0.253731, beta=0.220388]

Processing phenotype [ENSG00000145730.16] [223/262]
  * #variants in cis = 4
  * Best hit: [id=5_internal_13192, d=217, pv=7.68329e-08, s=0.5250]
  * Maximum Likelihood estimation failed, use Moment Matching instead!
  * Beta parameters: [s1=1.00008, s2=3.96384]
  * Adjusted p-values: [emp=0.00497512, beta=3.87909e-07]

Processing phenotype [ENSG00000175749.11] [224/262]
  * #variants in cis = 4
  * Best hit: [id=5_internal_10951, d=63159, pv=0.0738516, s=-0.1925]
  * Maximum Likelihood estimation failed, use Moment Matching instead!
  * Beta parameters: [s1=0.999964, s2=4.0889]
  * Adjusted p-values: [emp=0.303483, beta=0.273424]

Processing phenotype [ENSG00000145725.13] [225/262]
  * #variants in cis = 4
  * Best hit: [id=5_internal_10951, d=0, pv=0.00102056, s=0.3377]
  * Maximum Likelihood estimation failed, use Moment Matching instead!
  * Beta parameters: [s1=0.999959, s2=4.1453]
  * Adjusted p-values: [emp=0.00995025, beta=0.00618583]

Processing phenotype [ENSG00000145723.12] [226/262]
  * #variants in cis = 4
  * Best hit: [id=5_internal_8259, d=0, pv=0.305317, s=0.1111]
  * Maximum Likelihood estimation failed, use Moment Matching instead!
  * Beta parameters: [s1=1.0001, s2=4.29324]
  * Adjusted p-values: [emp=0.81592, beta=0.799572]

Processing phenotype [ENSG00000181751.5] [227/262]
  * #variants in cis = 3
  * Best hit: [id=5_internal_8259, d=-26600, pv=0.109022, s=0.1557]
  * Maximum Likelihood estimation failed, use Moment Matching instead!
  * Beta parameters: [s1=1.00004, s2=2.997]
  * Adjusted p-values: [emp=0.263682, beta=0.250485]

Processing phenotype [ENSG00000112874.5] [228/262]
  * #variants in cis = 3
  * Best hit: [id=5_internal_10951, d=350175, pv=0.0435602, s=0.2244]
  * Maximum Likelihood estimation failed, use Moment Matching instead!
  * Beta parameters: [s1=0.999893, s2=2.59378]
  * Adjusted p-values: [emp=0.134328, beta=0.133337]

Processing phenotype [ENSG00000145743.10] [229/262]
  * #variants in cis = 1
  * Best hit: [id=5_internal_10891, d=809413, pv=0.0526177, s=0.2107]
  * Maximum Likelihood estimation failed, use Moment Matching instead!
  * Beta parameters: [s1=1.00001, s2=1.06503]
  * Adjusted p-values: [emp=0.0646766, beta=0.0645025]

Processing phenotype [ENSG00000244245.1] [230/262]
  * #variants in cis = 1
  * Best hit: [id=5_internal_12252, d=889290, pv=0.725515, s=-0.0397]
  * Maximum Likelihood estimation failed, use Moment Matching instead!
  * Beta parameters: [s1=1.00005, s2=1.0355]
  * Adjusted p-values: [emp=0.731343, beta=0.7486]

Processing phenotype [ENSG00000151422.8] [231/262]
  * #variants in cis = 2
  * Best hit: [id=5_internal_12252, d=735077, pv=0.630335, s=-0.0554]
  * Maximum Likelihood estimation failed, use Moment Matching instead!
  * Beta parameters: [s1=1.00003, s2=2.08348]
  * Adjusted p-values: [emp=0.880597, beta=0.872049]

Processing phenotype [ENSG00000176857.4] [232/262]
  * #variants in cis = 2
  * Best hit: [id=5_internal_12252, d=-430442, pv=0.32366, s=-0.1084]
  * Maximum Likelihood estimation failed, use Moment Matching instead!
  * Beta parameters: [s1=1.00007, s2=2.07486]
  * Adjusted p-values: [emp=0.547264, beta=0.51474]

Processing phenotype [ENSG00000249476.1] [233/262]
  * #variants in cis = 2
  * Best hit: [id=5_internal_12921, d=-377471, pv=0.162629, s=0.1372]
  * Maximum Likelihood estimation failed, use Moment Matching instead!
  * Beta parameters: [s1=0.999956, s2=1.80019]
  * Adjusted p-values: [emp=0.273632, beta=0.292076]

Processing phenotype [ENSG00000198961.5] [234/262]
  * #variants in cis = 2
  * Best hit: [id=5_internal_12921, d=-293846, pv=0.543377, s=0.0666]
  * Maximum Likelihood estimation failed, use Moment Matching instead!
  * Beta parameters: [s1=0.999978, s2=2.16099]
  * Adjusted p-values: [emp=0.79602, beta=0.801795]

Processing phenotype [ENSG00000112893.5] [235/262]
  * #variants in cis = 2
  * Best hit: [id=5_internal_12921, d=14474, pv=7.02316e-07, s=0.4719]
  * Maximum Likelihood estimation failed, use Moment Matching instead!
  * Beta parameters: [s1=0.999941, s2=1.93248]
  * Adjusted p-values: [emp=0.00497512, beta=2.70204e-06]

Processing phenotype [ENSG00000202512.1] [236/262]
  * #variants in cis = 2
  * Best hit: [id=5_internal_12252, d=0, pv=0.106983, s=-0.1881]
  * Maximum Likelihood estimation failed, use Moment Matching instead!
  * Beta parameters: [s1=1.00004, s2=1.87776]
  * Adjusted p-values: [emp=0.199005, beta=0.208429]

Processing phenotype [ENSG00000249068.1] [237/262]
  * #variants in cis = 2
  * Best hit: [id=5_internal_12252, d=77194, pv=0.129617, s=0.1660]
  * Maximum Likelihood estimation failed, use Moment Matching instead!
  * Beta parameters: [s1=0.99994, s2=1.96621]
  * Adjusted p-values: [emp=0.223881, beta=0.201184]

Processing phenotype [ENSG00000164209.12] [238/262]
  * #variants in cis = 2
  * Best hit: [id=5_internal_12790, d=789660, pv=0.578023, s=0.0652]
  * Maximum Likelihood estimation failed, use Moment Matching instead!
  * Beta parameters: [s1=1.00007, s2=2.1604]
  * Adjusted p-values: [emp=0.835821, beta=0.83153]

Processing phenotype [ENSG00000186952.10] [239/262]
  * #variants in cis = 2
  * Best hit: [id=5_internal_12252, d=975458, pv=0.225245, s=0.1315]
  * Maximum Likelihood estimation failed, use Moment Matching instead!
  * Beta parameters: [s1=0.999948, s2=1.66676]
  * Adjusted p-values: [emp=0.343284, beta=0.357306]

Processing phenotype [ENSG00000248966.1] [240/262]
  * #variants in cis = 1
  * Best hit: [id=5_internal_12790, d=-577018, pv=0.33398, s=0.1026]
  * Maximum Likelihood estimation failed, use Moment Matching instead!
  * Beta parameters: [s1=0.999972, s2=0.979466]
  * Adjusted p-values: [emp=0.378109, beta=0.357729]

Processing phenotype [ENSG00000134987.7] [241/262]
  * #variants in cis = 1
  * Best hit: [id=5_internal_12790, d=436083, pv=0.742888, s=-0.0370]
  * Maximum Likelihood estimation failed, use Moment Matching instead!
  * Beta parameters: [s1=1.00002, s2=0.99434]
  * Adjusted p-values: [emp=0.771144, beta=0.730898]

Processing phenotype [ENSG00000214784.4] [242/262]
  * #variants in cis = 1
  * Best hit: [id=5_internal_12790, d=-334757, pv=0.364398, s=-0.1011]
  * Maximum Likelihood estimation failed, use Moment Matching instead!
  * Beta parameters: [s1=1.00001, s2=0.969883]
  * Adjusted p-values: [emp=0.368159, beta=0.348941]

Processing phenotype [ENSG00000152495.6] [243/262]
  * #variants in cis = 1
  * Best hit: [id=5_internal_12790, d=304146, pv=0.263924, s=0.1282]
  * Maximum Likelihood estimation failed, use Moment Matching instead!
  * Beta parameters: [s1=1.00007, s2=0.992518]
  * Adjusted p-values: [emp=0.273632, beta=0.262443]

Processing phenotype [ENSG00000249318.1] [244/262]
  * #variants in cis = 1
  * Best hit: [id=5_internal_12790, d=-257710, pv=0.197725, s=0.1361]
  * Maximum Likelihood estimation failed, use Moment Matching instead!
  * Beta parameters: [s1=0.999998, s2=0.974464]
  * Adjusted p-values: [emp=0.189055, beta=0.177823]

Processing phenotype [ENSG00000248268.1] [245/262]
  * #variants in cis = 1
  * Best hit: [id=5_internal_12790, d=-225232, pv=0.101093, s=0.1663]
  * Maximum Likelihood estimation failed, use Moment Matching instead!
  * Beta parameters: [s1=1, s2=0.93927]
  * Adjusted p-values: [emp=0.109453, beta=0.0917804]

Processing phenotype [ENSG00000246859.2] [246/262]
  * #variants in cis = 1
  * Best hit: [id=5_internal_12790, d=15573, pv=0.849311, s=0.0214]
  * Maximum Likelihood estimation failed, use Moment Matching instead!
  * Beta parameters: [s1=0.999914, s2=0.942434]
  * Adjusted p-values: [emp=0.835821, beta=0.848037]

Processing phenotype [ENSG00000164211.8] [247/262]
  * #variants in cis = 1
  * Best hit: [id=5_internal_12790, d=-15209, pv=0.941481, s=-0.0081]
  * Maximum Likelihood estimation failed, use Moment Matching instead!
  * Beta parameters: [s1=0.999979, s2=1.04917]
  * Adjusted p-values: [emp=0.955224, beta=0.94934]

Processing phenotype [ENSG00000134986.9] [248/262]
  * #variants in cis = 5
  * Best hit: [id=5_internal_12413, d=-914371, pv=0.373076, s=0.0995]
  * Maximum Likelihood estimation failed, use Moment Matching instead!
  * Beta parameters: [s1=1.00012, s2=4.2227]
  * Adjusted p-values: [emp=0.900498, beta=0.884995]

Processing phenotype [ENSG00000224032.2] [249/262]
  * #variants in cis = 6
  * Best hit: [id=5_internal_8735, d=760077, pv=0.458016, s=-0.0775]
  * Beta parameters: [s1=0.927238, s2=5.55444]
  * Adjusted p-values: [emp=0.965174, beta=0.967997]

Processing phenotype [ENSG00000238363.1] [250/262]
  * #variants in cis = 6
  * Best hit: [id=5_internal_12413, d=750350, pv=0.273382, s=0.1247]
  * Maximum Likelihood estimation failed, use Moment Matching instead!
  * Beta parameters: [s1=0.999914, s2=5.55284]
  * Adjusted p-values: [emp=0.845771, beta=0.861466]

Processing phenotype [ENSG00000129595.7] [251/262]
  * #variants in cis = 7
  * Best hit: [id=5_internal_12753, d=-958018, pv=0.0363437, s=0.1856]
  * Beta parameters: [s1=1.02668, s2=6.98937]
  * Adjusted p-values: [emp=0.233831, beta=0.211609]

Processing phenotype [ENSG00000134982.11] [252/262]
  * #variants in cis = 7
  * Best hit: [id=5_internal_9559, d=297613, pv=0.0282269, s=0.2438]
  * Beta parameters: [s1=0.933721, s2=6.99955]
  * Adjusted p-values: [emp=0.18408, beta=0.197426]

Processing phenotype [ENSG00000250045.2] [253/262]
  * #variants in cis = 7
  * Best hit: [id=5_internal_12753, d=-599173, pv=0.0281585, s=-0.2410]
  * Beta parameters: [s1=1.02555, s2=6.49625]
  * Adjusted p-values: [emp=0.20398, beta=0.200964]

Processing phenotype [ENSG00000258864.1] [254/262]
  * #variants in cis = 6
  * Best hit: [id=5_internal_8516, d=-87189, pv=0.0800728, s=0.2013]
  * Beta parameters: [s1=0.960445, s2=5.78443]
  * Adjusted p-values: [emp=0.383085, beta=0.391072]

Processing phenotype [ENSG00000153037.7] [255/262]
  * #variants in cis = 6
  * Best hit: [id=5_internal_8516, d=-121164, pv=0.141147, s=0.1681]
  * Maximum Likelihood estimation failed, use Moment Matching instead!
  * Beta parameters: [s1=1.00009, s2=4.8853]
  * Adjusted p-values: [emp=0.542289, beta=0.533356]

Processing phenotype [ENSG00000249947.2] [256/262]
  * #variants in cis = 6
  * Best hit: [id=5_internal_8516, d=-145070, pv=0.00932638, s=-0.2652]
  * Maximum Likelihood estimation failed, use Moment Matching instead!
  * Beta parameters: [s1=1.00004, s2=4.83347]
  * Adjusted p-values: [emp=0.0646766, beta=0.0738249]

Processing phenotype [ENSG00000212643.1] [257/262]
  * #variants in cis = 6
  * Best hit: [id=5_internal_8516, d=-151592, pv=0.319545, s=-0.0947]
  * Beta parameters: [s1=1.00329, s2=5.76021]
  * Adjusted p-values: [emp=0.885572, beta=0.859883]

Processing phenotype [ENSG00000129625.8] [258/262]
  * #variants in cis = 6
  * Best hit: [id=5_internal_9559, d=-82572, pv=0.0299644, s=0.2265]
  * Maximum Likelihood estimation failed, use Moment Matching instead!
  * Beta parameters: [s1=0.999887, s2=5.07836]
  * Adjusted p-values: [emp=0.154229, beta=0.141893]

Processing phenotype [ENSG00000172795.11] [259/262]
  * #variants in cis = 6
  * Best hit: [id=5_internal_12413, d=-14970, pv=0.0911508, s=0.1880]
  * Beta parameters: [s1=1.02595, s2=6.83901]
  * Adjusted p-values: [emp=0.462687, beta=0.457873]

Processing phenotype [ENSG00000171444.12] [260/262]
  * #variants in cis = 6
  * Best hit: [id=5_internal_9559, d=464705, pv=0.0220885, s=0.2373]
  * Maximum Likelihood estimation failed, use Moment Matching instead!
  * Beta parameters: [s1=1.00006, s2=5.31207]
  * Adjusted p-values: [emp=0.144279, beta=0.113068]

Processing phenotype [ENSG00000047188.11] [261/262]
  * #variants in cis = 6
  * Best hit: [id=5_internal_9559, d=-489558, pv=0.268057, s=0.1123]
  * Maximum Likelihood estimation failed, use Moment Matching instead!
  * Beta parameters: [s1=0.999923, s2=5.12682]
  * Adjusted p-values: [emp=0.820896, beta=0.816634]

Processing phenotype [ENSG00000248175.1] [262/262]
  * #variants in cis = 9
  * Best hit: [id=5_internal_12591, d=-703736, pv=0.0206816, s=0.2429]
  * Beta parameters: [s1=0.997105, s2=6.98221]
  * Adjusted p-values: [emp=0.20398, beta=0.171134]

Running time: 2 seconds
