Sender: LSF System <lsfadmin@cpt13>
Subject: Job 974798: </data/unige/funpopgen/odelanea/SGX/V2/binaries/qtltools/bin/QTLtools cis --vcf /data/unige/funpopgen/grey2/SYSCID/BLUEPRINT_DATA/CRD/THREE_CELL_TYPES/CLOMICS/CELL_TYPE_COMPARISON_GENE_CRD_ASSOCIATIONS/quantify/73_vs_70_ALL.ALLchr.mean.txt.gz --bed /data/unige/funpopgen/grey2/SYSCID/BLUEPRINT_DATA/CRD/THREE_CELL_TYPES/QTL_TOOLS/EGAD00001002671_v3.0/EGAD00001002671_RNA.PC10.bed.gz --nominal /data/unige/funpopgen/grey2/SYSCID/BLUEPRINT_DATA/CRD/THREE_CELL_TYPES/CLOMICS/CELL_TYPE_COMPARISON_GENE_CRD_ASSOCIATIONS/mapping_aCRD_gene/73_vs_70/gene_CRD_mean_permutations.thresholds.txt --chunk 77 100 --out /data/unige/funpopgen/grey2/SYSCID/BLUEPRINT_DATA/CRD/THREE_CELL_TYPES/CLOMICS/CELL_TYPE_COMPARISON_GENE_CRD_ASSOCIATIONS/mapping_aCRD_gene/73_vs_70/mapping_gene_CRD_mean_chunk77\.txt> in cluster <ug> Done

Job </data/unige/funpopgen/odelanea/SGX/V2/binaries/qtltools/bin/QTLtools cis --vcf /data/unige/funpopgen/grey2/SYSCID/BLUEPRINT_DATA/CRD/THREE_CELL_TYPES/CLOMICS/CELL_TYPE_COMPARISON_GENE_CRD_ASSOCIATIONS/quantify/73_vs_70_ALL.ALLchr.mean.txt.gz --bed /data/unige/funpopgen/grey2/SYSCID/BLUEPRINT_DATA/CRD/THREE_CELL_TYPES/QTL_TOOLS/EGAD00001002671_v3.0/EGAD00001002671_RNA.PC10.bed.gz --nominal /data/unige/funpopgen/grey2/SYSCID/BLUEPRINT_DATA/CRD/THREE_CELL_TYPES/CLOMICS/CELL_TYPE_COMPARISON_GENE_CRD_ASSOCIATIONS/mapping_aCRD_gene/73_vs_70/gene_CRD_mean_permutations.thresholds.txt --chunk 77 100 --out /data/unige/funpopgen/grey2/SYSCID/BLUEPRINT_DATA/CRD/THREE_CELL_TYPES/CLOMICS/CELL_TYPE_COMPARISON_GENE_CRD_ASSOCIATIONS/mapping_aCRD_gene/73_vs_70/mapping_gene_CRD_mean_chunk77\.txt> was submitted from host <cpt01> by user <grey2> in cluster <ug>.
Job was executed on host(s) <cpt13>, in queue <normal>, as user <grey2> in cluster <ug>.
</home/grey2> was used as the home directory.
</data/unige/funpopgen/grey2/SYSCID/BLUEPRINT_DATA/CRD/THREE_CELL_TYPES/CLOMICS/CELL_TYPE_COMPARISON_GENE_CRD_ASSOCIATIONS> was used as the working directory.
Started at Thu Mar 21 13:50:39 2019
Results reported at Thu Mar 21 13:50:41 2019

Your job looked like:

------------------------------------------------------------
# LSBATCH: User input
/data/unige/funpopgen/odelanea/SGX/V2/binaries/qtltools/bin/QTLtools cis --vcf /data/unige/funpopgen/grey2/SYSCID/BLUEPRINT_DATA/CRD/THREE_CELL_TYPES/CLOMICS/CELL_TYPE_COMPARISON_GENE_CRD_ASSOCIATIONS/quantify/73_vs_70_ALL.ALLchr.mean.txt.gz --bed /data/unige/funpopgen/grey2/SYSCID/BLUEPRINT_DATA/CRD/THREE_CELL_TYPES/QTL_TOOLS/EGAD00001002671_v3.0/EGAD00001002671_RNA.PC10.bed.gz --nominal /data/unige/funpopgen/grey2/SYSCID/BLUEPRINT_DATA/CRD/THREE_CELL_TYPES/CLOMICS/CELL_TYPE_COMPARISON_GENE_CRD_ASSOCIATIONS/mapping_aCRD_gene/73_vs_70/gene_CRD_mean_permutations.thresholds.txt --chunk 77 100 --out /data/unige/funpopgen/grey2/SYSCID/BLUEPRINT_DATA/CRD/THREE_CELL_TYPES/CLOMICS/CELL_TYPE_COMPARISON_GENE_CRD_ASSOCIATIONS/mapping_aCRD_gene/73_vs_70/mapping_gene_CRD_mean_chunk77\.txt

------------------------------------------------------------

Successfully completed.

Resource usage summary:

    CPU time :               1.48 sec.
    Max Memory :             14.50 MB
    Average Memory :         14.50 MB
    Total Requested Memory : -
    Delta Memory :           -
    (Delta: the difference between total requested memory and actual max usage.)
    Max Swap :               348 MB

    Max Processes :          4
    Max Threads :            5

The output (if any) follows:


[32mQTLtools[0m
  * Authors : Olivier DELANEAU / Halit ONGEN / Emmanouil DERMITZAKIS
  * Contact : olivier.delaneau@gmail.com / halit.ongen@unige.ch / Emmanouil.Dermitzakis@unige.ch
  * Webpage : https://qtltools.github.io/qtltools/
  * Version : 1.1
  * Date    : 21/03/2019 - 13:50:40
  * Citation: A complete tool set for molecular QTL discovery and analysis, https://doi.org/10.1101/068635

[32mMAPPING QTL IN CIS[0m
  * TASK: Report all nominal associations with p below thresholds in [/data/unige/funpopgen/grey2/SYSCID/BLUEPRINT_DATA/CRD/THREE_CELL_TYPES/CLOMICS/CELL_TYPE_COMPARISON_GENE_CRD_ASSOCIATIONS/mapping_aCRD_gene/73_vs_70/gene_CRD_mean_permutations.thresholds.txt]
  * Linear model: Phe ~ Var
  * Cis-window size is 1000000 bp
  * Chunk = [77/100]

Scanning phenotype data in [/data/unige/funpopgen/grey2/SYSCID/BLUEPRINT_DATA/CRD/THREE_CELL_TYPES/QTL_TOOLS/EGAD00001002671_v3.0/EGAD00001002671_RNA.PC10.bed.gz]
  * 24372 phenotypes included
  * 12152 phenotypes are on the negative strand

Initialize random number generator
  * Built-in seed is 15112011
  * First Integer = 30554
  * First Double = 0.0126695

Reading sample list from [/data/unige/funpopgen/grey2/SYSCID/BLUEPRINT_DATA/CRD/THREE_CELL_TYPES/QTL_TOOLS/EGAD00001002671_v3.0/EGAD00001002671_RNA.PC10.bed.gz]
  * #samples = 169

Reading sample list from [/data/unige/funpopgen/grey2/SYSCID/BLUEPRINT_DATA/CRD/THREE_CELL_TYPES/CLOMICS/CELL_TYPE_COMPARISON_GENE_CRD_ASSOCIATIONS/quantify/73_vs_70_ALL.ALLchr.mean.txt.gz]
  * #samples = 94

Merging sample sets from all input files
  * #files = 2
  * #samples in all files = 91
  * #samples NOT in all files (i.e. ignored) = 81

Reading phenotype data in [/data/unige/funpopgen/grey2/SYSCID/BLUEPRINT_DATA/CRD/THREE_CELL_TYPES/QTL_TOOLS/EGAD00001002671_v3.0/EGAD00001002671_RNA.PC10.bed.gz]
  * target region [10:103113820-135455590]
  * 229 phenotypes included
  * 111 phenotypes are on the negative strand

Reading genotype data in [/data/unige/funpopgen/grey2/SYSCID/BLUEPRINT_DATA/CRD/THREE_CELL_TYPES/CLOMICS/CELL_TYPE_COMPARISON_GENE_CRD_ASSOCIATIONS/quantify/73_vs_70_ALL.ALLchr.mean.txt.gz]
  * File format detected: BED
  * 91 samples included
  * 5 samples without phenotype data
  * target region [10:102113820-136455590]
  * 116 variants included

Reading nominal thresholds in [/data/unige/funpopgen/grey2/SYSCID/BLUEPRINT_DATA/CRD/THREE_CELL_TYPES/CLOMICS/CELL_TYPE_COMPARISON_GENE_CRD_ASSOCIATIONS/mapping_aCRD_gene/73_vs_70/gene_CRD_mean_permutations.thresholds.txt]
  * #phenotypes set = 229

Processing phenotype [ENSG00000166167.13] [1/229]
  * #variants in cis = 9
  * Best hit: [id=10_internal_8815, d=0, pv=0.157231, s=0.1620]

Processing phenotype [ENSG00000222414.1] [2/229]
  * #variants in cis = 9
  * Best hit: [id=10_internal_8084, d=-101276, pv=0.0441768, s=0.1863]

Processing phenotype [ENSG00000166171.8] [3/229]
  * #variants in cis = 9
  * Best hit: [id=10_internal_10846, d=849636, pv=0.0930226, s=-0.1689]

Processing phenotype [ENSG00000166169.11] [4/229]
  * #variants in cis = 9
  * Best hit: [id=10_internal_10846, d=-831926, pv=0.00423877, s=-0.2760]

Processing phenotype [ENSG00000222051.1] [5/229]
  * #variants in cis = 11
  * Best hit: [id=10_internal_9872, d=0, pv=0.113917, s=-0.1723]

Processing phenotype [ENSG00000107829.8] [6/229]
  * #variants in cis = 12
  * Best hit: [id=10_internal_8815, d=124172, pv=0.0543384, s=-0.2098]

Processing phenotype [ENSG00000107833.6] [7/229]
  * #variants in cis = 13
  * Best hit: [id=10_internal_8912, d=-997630, pv=0.0803953, s=0.1869]

Processing phenotype [ENSG00000229793.1] [8/229]
  * #variants in cis = 13
  * Best hit: [id=10_internal_8815, d=-239814, pv=0.172291, s=0.1474]

Processing phenotype [ENSG00000198408.7] [9/229]
  * #variants in cis = 13
  * Best hit: [id=10_internal_9431, d=-235378, pv=0.0245297, s=0.2241]

Processing phenotype [ENSG00000226009.1] [10/229]
  * #variants in cis = 13
  * Best hit: [id=10_internal_9431, d=235239, pv=0.023306, s=-0.2303]

Processing phenotype [ENSG00000120049.13] [11/229]
  * #variants in cis = 13
  * Best hit: [id=10_internal_8093, d=26239, pv=0.0597756, s=-0.2021]

Processing phenotype [ENSG00000120029.8] [12/229]
  * #variants in cis = 13
  * Best hit: [id=10_internal_8084, d=568266, pv=0.00357507, s=-0.2949]

Processing phenotype [ENSG00000166189.6] [13/229]
  * #variants in cis = 13
  * Best hit: [id=10_internal_8694, d=530683, pv=0.279348, s=-0.1189]

Processing phenotype [ENSG00000198728.6] [14/229]
  * #variants in cis = 13
  * Best hit: [id=10_internal_9872, d=437407, pv=0.225464, s=0.1279]

Processing phenotype [ENSG00000228091.1] [15/229]
  * #variants in cis = 13
  * Best hit: [id=10_internal_9431, d=-47126, pv=0.0198552, s=0.2514]

Processing phenotype [ENSG00000148840.6] [16/229]
  * #variants in cis = 13
  * Best hit: [id=10_internal_8093, d=-315349, pv=0.126038, s=0.1705]

Processing phenotype [ENSG00000166197.11] [17/229]
  * #variants in cis = 13
  * Best hit: [id=10_internal_10846, d=268020, pv=0.300626, s=-0.1163]

Processing phenotype [ENSG00000107862.4] [18/229]
  * #variants in cis = 14
  * Best hit: [id=10_internal_10586, d=365335, pv=0.0401179, s=-0.1974]

Processing phenotype [ENSG00000077150.13] [19/229]
  * #variants in cis = 14
  * Best hit: [id=10_internal_10586, d=216757, pv=0.00880304, s=-0.2699]

Processing phenotype [ENSG00000107872.8] [20/229]
  * #variants in cis = 14
  * Best hit: [id=10_internal_10846, d=1007, pv=0.0075421, s=0.2898]

Processing phenotype [ENSG00000059915.11] [21/229]
  * #variants in cis = 14
  * Best hit: [id=10_internal_8084, d=933612, pv=0.0449095, s=0.2132]

Processing phenotype [ENSG00000107874.5] [22/229]
  * #variants in cis = 14
  * Best hit: [id=10_internal_8626, d=-213080, pv=0.0361364, s=-0.2245]

Processing phenotype [ENSG00000269609.1] [23/229]
  * #variants in cis = 14
  * Best hit: [id=10_internal_9431, d=-376290, pv=0.100418, s=-0.1717]

Processing phenotype [ENSG00000120055.5] [24/229]
  * #variants in cis = 14
  * Best hit: [id=10_internal_8317, d=-771716, pv=0.0433608, s=-0.1928]

Processing phenotype [ENSG00000138111.8] [25/229]
  * #variants in cis = 14
  * Best hit: [id=10_internal_9075, d=691223, pv=0.039027, s=-0.2040]

Processing phenotype [ENSG00000243628.1] [26/229]
  * #variants in cis = 14
  * Best hit: [id=10_internal_9075, d=691220, pv=0.0114324, s=-0.2335]

Processing phenotype [ENSG00000138107.6] [27/229]
  * #variants in cis = 13
  * Best hit: [id=10_internal_8694, d=-93348, pv=0.174763, s=0.1627]

Processing phenotype [ENSG00000107882.7] [28/229]
  * #variants in cis = 13
  * Best hit: [id=10_internal_9872, d=-820941, pv=0.156104, s=-0.1463]

Processing phenotype [ENSG00000242311.2] [29/229]
  * #variants in cis = 13
  * Best hit: [id=10_internal_8815, d=-954784, pv=0.00552014, s=-0.2686]

Processing phenotype [ENSG00000228657.1] [30/229]
  * #variants in cis = 12
  * Best hit: [id=10_internal_9075, d=-579390, pv=0.0582923, s=0.2022]

Processing phenotype [ENSG00000171206.7] [31/229]
  * #variants in cis = 12
  * Best hit: [id=10_internal_9166, d=-186743, pv=0.00601035, s=-0.2910]

Processing phenotype [ENSG00000138175.7] [32/229]
  * #variants in cis = 12
  * Best hit: [id=10_internal_8912, d=-66636, pv=0.0733781, s=0.1878]

Processing phenotype [ENSG00000156398.6] [33/229]
  * #variants in cis = 12
  * Best hit: [id=10_internal_10586, d=-77215, pv=0.0966154, s=0.1804]

Processing phenotype [ENSG00000166272.12] [34/229]
  * #variants in cis = 12
  * Best hit: [id=10_internal_8626, d=-64015, pv=0.0689082, s=0.2010]

Processing phenotype [ENSG00000203886.4] [35/229]
  * #variants in cis = 11
  * Best hit: [id=10_internal_9431, d=-759194, pv=0.327486, s=0.1093]

Processing phenotype [ENSG00000148795.4] [36/229]
  * #variants in cis = 11
  * Best hit: [id=10_internal_9166, d=379781, pv=0.0728215, s=0.1904]

Processing phenotype [ENSG00000166275.10] [37/229]
  * #variants in cis = 12
  * Best hit: [id=10_internal_8912, d=-33813, pv=0.00131075, s=0.3509]

Processing phenotype [ENSG00000201080.1] [38/229]
  * #variants in cis = 12
  * Best hit: [id=10_internal_10846, d=-405001, pv=0.0882872, s=-0.1736]

Processing phenotype [ENSG00000214435.3] [39/229]
  * #variants in cis = 12
  * Best hit: [id=10_internal_9431, d=-795989, pv=0.0358446, s=-0.2264]

Processing phenotype [ENSG00000148842.11] [40/229]
  * #variants in cis = 14
  * Best hit: [id=10_internal_10927, d=759126, pv=0.0318012, s=-0.2478]

Processing phenotype [ENSG00000237827.1] [41/229]
  * #variants in cis = 14
  * Best hit: [id=10_internal_9166, d=667664, pv=0.0233698, s=-0.2331]

Processing phenotype [ENSG00000213277.3] [42/229]
  * #variants in cis = 14
  * Best hit: [id=10_internal_8909, d=799282, pv=0.114497, s=0.1749]

Processing phenotype [ENSG00000076685.14] [43/229]
  * #variants in cis = 14
  * Best hit: [id=10_internal_9075, d=5977, pv=0.00092774, s=0.3356]

Processing phenotype [ENSG00000156374.8] [44/229]
  * #variants in cis = 15
  * Best hit: [id=10_internal_10846, d=887714, pv=0.00746155, s=0.3061]

Processing phenotype [ENSG00000148835.9] [45/229]
  * #variants in cis = 15
  * Best hit: [id=10_internal_8256, d=477355, pv=0.0437013, s=0.1984]

Processing phenotype [ENSG00000221767.1] [46/229]
  * #variants in cis = 15
  * Best hit: [id=10_internal_10103, d=-633642, pv=0.000484606, s=0.3719]

Processing phenotype [ENSG00000173915.8] [47/229]
  * #variants in cis = 15
  * Best hit: [id=10_internal_8909, d=-578370, pv=0.0631463, s=-0.2083]

Processing phenotype [ENSG00000148843.8] [48/229]
  * #variants in cis = 15
  * Best hit: [id=10_internal_10103, d=631395, pv=0.0739787, s=0.1925]

Processing phenotype [ENSG00000138172.6] [49/229]
  * #variants in cis = 17
  * Best hit: [id=10_internal_10927, d=-224537, pv=0.101542, s=0.1751]

Processing phenotype [ENSG00000107954.6] [50/229]
  * #variants in cis = 16
  * Best hit: [id=10_internal_12088, d=979271, pv=0.0588591, s=0.2023]

Processing phenotype [ENSG00000222503.1] [51/229]
  * #variants in cis = 15
  * Best hit: [id=10_internal_10103, d=354884, pv=0.0702849, s=0.1894]

Processing phenotype [ENSG00000107957.11] [52/229]
  * #variants in cis = 13
  * Best hit: [id=10_internal_8348, d=-32337, pv=0.00156198, s=-0.3345]

Processing phenotype [ENSG00000260461.1] [53/229]
  * #variants in cis = 13
  * Best hit: [id=10_internal_8348, d=-8119, pv=0.00857979, s=0.2546]

Processing phenotype [ENSG00000107960.6] [54/229]
  * #variants in cis = 13
  * Best hit: [id=10_internal_10151, d=14317, pv=1.67983e-06, s=0.4936]

Processing phenotype [ENSG00000065613.9] [55/229]
  * #variants in cis = 13
  * Best hit: [id=10_internal_8985, d=371533, pv=0.000417789, s=-0.3673]

Processing phenotype [ENSG00000065618.12] [56/229]
  * #variants in cis = 13
  * Best hit: [id=10_internal_10151, d=182114, pv=0.015944, s=0.2470]

Processing phenotype [ENSG00000156384.10] [57/229]
  * #variants in cis = 13
  * Best hit: [id=10_internal_10927, d=-424675, pv=0.30151, s=-0.1069]

Processing phenotype [ENSG00000197748.8] [58/229]
  * #variants in cis = 12
  * Best hit: [id=10_internal_8909, d=241559, pv=0.208416, s=0.1327]

Processing phenotype [ENSG00000148834.8] [59/229]
  * #variants in cis = 12
  * Best hit: [id=10_internal_7895, d=179896, pv=0.00474243, s=0.2886]

Processing phenotype [ENSG00000266852.1] [60/229]
  * #variants in cis = 11
  * Best hit: [id=10_internal_7895, d=-146833, pv=0.00280203, s=0.3199]

Processing phenotype [ENSG00000065621.8] [61/229]
  * #variants in cis = 11
  * Best hit: [id=10_internal_10151, d=-364985, pv=0.0378555, s=-0.2178]

Processing phenotype [ENSG00000228261.1] [62/229]
  * #variants in cis = 11
  * Best hit: [id=10_internal_7895, d=91883, pv=0.0338388, s=-0.2294]

Processing phenotype [ENSG00000148841.10] [63/229]
  * #variants in cis = 11
  * Best hit: [id=10_internal_10927, d=641021, pv=0.0239762, s=0.2531]

Processing phenotype [ENSG00000156395.8] [64/229]
  * #variants in cis = 11
  * Best hit: [id=10_internal_8290, d=0, pv=0.000849723, s=0.3335]

Processing phenotype [ENSG00000223279.1] [65/229]
  * #variants in cis = 12
  * Best hit: [id=10_internal_10281, d=869726, pv=0.0432902, s=-0.1935]

Processing phenotype [ENSG00000108039.12] [66/229]
  * #variants in cis = 13
  * Best hit: [id=10_internal_11680, d=0, pv=5.11068e-05, s=0.4195]

Processing phenotype [ENSG00000203876.4] [67/229]
  * #variants in cis = 13
  * Best hit: [id=10_internal_8536, d=-41844, pv=0.00171763, s=0.3093]

Processing phenotype [ENSG00000148700.8] [68/229]
  * #variants in cis = 13
  * Best hit: [id=10_internal_11680, d=0, pv=0.000612209, s=0.3541]

Processing phenotype [ENSG00000226734.1] [69/229]
  * #variants in cis = 13
  * Best hit: [id=10_internal_8712, d=-780660, pv=0.0442187, s=-0.2249]

Processing phenotype [ENSG00000119950.15] [70/229]
  * #variants in cis = 13
  * Best hit: [id=10_internal_9021, d=0, pv=7.88453e-08, s=0.5530]

Processing phenotype [ENSG00000228417.1] [71/229]
  * #variants in cis = 13
  * Best hit: [id=10_internal_9021, d=0, pv=6.55305e-05, s=0.3914]

Processing phenotype [ENSG00000214067.2] [72/229]
  * #variants in cis = 13
  * Best hit: [id=10_internal_9312, d=-137018, pv=0.0040484, s=-0.3110]

Processing phenotype [ENSG00000119953.7] [73/229]
  * #variants in cis = 13
  * Best hit: [id=10_internal_10745, d=200002, pv=0.0636466, s=-0.2243]

Processing phenotype [ENSG00000138166.4] [74/229]
  * #variants in cis = 13
  * Best hit: [id=10_internal_11687, d=0, pv=0.0598235, s=0.1980]

Processing phenotype [ENSG00000225461.1] [75/229]
  * #variants in cis = 13
  * Best hit: [id=10_internal_10745, d=393593, pv=0.199255, s=0.1445]

Processing phenotype [ENSG00000108055.9] [76/229]
  * #variants in cis = 13
  * Best hit: [id=10_internal_10890, d=112836, pv=0.0451179, s=0.2246]

Processing phenotype [ENSG00000239125.1] [77/229]
  * #variants in cis = 13
  * Best hit: [id=10_internal_9312, d=-456314, pv=0.0164457, s=-0.2683]

Processing phenotype [ENSG00000203867.7] [78/229]
  * #variants in cis = 13
  * Best hit: [id=10_internal_8702, d=198012, pv=0.251828, s=0.1309]

Processing phenotype [ENSG00000232470.1] [79/229]
  * #variants in cis = 13
  * Best hit: [id=10_internal_10890, d=-143494, pv=0.14071, s=0.1611]

Processing phenotype [ENSG00000150593.11] [80/229]
  * #variants in cis = 13
  * Best hit: [id=10_internal_10281, d=0, pv=0.00366007, s=0.3096]

Processing phenotype [ENSG00000203497.2] [81/229]
  * #variants in cis = 13
  * Best hit: [id=10_internal_8702, d=0, pv=0.0018469, s=0.3044]

Processing phenotype [ENSG00000265827.1] [82/229]
  * #variants in cis = 13
  * Best hit: [id=10_internal_9312, d=-778044, pv=0.102308, s=-0.1769]

Processing phenotype [ENSG00000214413.2] [83/229]
  * #variants in cis = 13
  * Best hit: [id=10_internal_10745, d=814325, pv=0.0103444, s=0.2726]

Processing phenotype [ENSG00000108061.7] [84/229]
  * #variants in cis = 13
  * Best hit: [id=10_internal_11680, d=-901501, pv=0.000222398, s=0.3571]

Processing phenotype [ENSG00000234118.1] [85/229]
  * #variants in cis = 13
  * Best hit: [id=10_internal_8712, d=0, pv=0.00226306, s=0.3003]

Processing phenotype [ENSG00000221214.1] [86/229]
  * #variants in cis = 13
  * Best hit: [id=10_internal_8702, d=-94503, pv=0.0940866, s=-0.1770]

Processing phenotype [ENSG00000119927.9] [87/229]
  * #variants in cis = 6
  * Best hit: [id=10_internal_11435, d=-871468, pv=0.0248496, s=-0.2209]

Processing phenotype [ENSG00000197142.6] [88/229]
  * #variants in cis = 7
  * Best hit: [id=10_internal_8810, d=0, pv=0.000289943, s=0.3701]

Processing phenotype [ENSG00000232934.2] [89/229]
  * #variants in cis = 7
  * Best hit: [id=10_internal_11011, d=-534766, pv=0.0255404, s=0.2267]

Processing phenotype [ENSG00000023041.7] [90/229]
  * #variants in cis = 7
  * Best hit: [id=10_internal_8810, d=55236, pv=0.0191367, s=-0.2356]

Processing phenotype [ENSG00000151532.9] [91/229]
  * #variants in cis = 7
  * Best hit: [id=10_internal_8353, d=502664, pv=0.0895259, s=0.1707]

Processing phenotype [ENSG00000234017.1] [92/229]
  * #variants in cis = 7
  * Best hit: [id=10_internal_8353, d=-400789, pv=0.0781903, s=0.1772]

Processing phenotype [ENSG00000233340.1] [93/229]
  * #variants in cis = 7
  * Best hit: [id=10_internal_11011, d=-276953, pv=0.46973, s=-0.0689]

Processing phenotype [ENSG00000234221.1] [94/229]
  * #variants in cis = 7
  * Best hit: [id=10_internal_11011, d=267167, pv=0.0523567, s=0.1959]

Processing phenotype [ENSG00000260917.1] [95/229]
  * #variants in cis = 7
  * Best hit: [id=10_internal_8353, d=126171, pv=0.304874, s=0.1054]

Processing phenotype [ENSG00000225292.1] [96/229]
  * #variants in cis = 7
  * Best hit: [id=10_internal_11435, d=198111, pv=0.0751519, s=0.1793]

Processing phenotype [ENSG00000148737.11] [97/229]
  * #variants in cis = 7
  * Best hit: [id=10_internal_11011, d=4522, pv=4.77167e-06, s=0.4593]

Processing phenotype [ENSG00000233547.1] [98/229]
  * #variants in cis = 7
  * Best hit: [id=10_internal_11011, d=-2897, pv=0.00981872, s=0.2783]

Processing phenotype [ENSG00000237996.1] [99/229]
  * #variants in cis = 8
  * Best hit: [id=10_internal_8810, d=-692117, pv=0.166958, s=0.1394]

Processing phenotype [ENSG00000165806.13] [100/229]
  * #variants in cis = 9
  * Best hit: [id=10_internal_8935, d=-527071, pv=0.00264366, s=0.3050]

Processing phenotype [ENSG00000234393.1] [101/229]
  * #variants in cis = 9
  * Best hit: [id=10_internal_11011, d=579212, pv=0.0262679, s=0.2140]

Processing phenotype [ENSG00000198924.3] [102/229]
  * #variants in cis = 9
  * Best hit: [id=10_internal_9816, d=530215, pv=0.154137, s=-0.1555]

Processing phenotype [ENSG00000196865.4] [103/229]
  * #variants in cis = 9
  * Best hit: [id=10_internal_9829, d=636378, pv=0.0058342, s=0.3009]

Processing phenotype [ENSG00000234631.1] [104/229]
  * #variants in cis = 9
  * Best hit: [id=10_internal_9829, d=576268, pv=0.063543, s=0.1937]

Processing phenotype [ENSG00000238742.1] [105/229]
  * #variants in cis = 4
  * Best hit: [id=10_internal_8520, d=-64836, pv=0.379267, s=-0.0928]

Processing phenotype [ENSG00000165813.12] [106/229]
  * #variants in cis = 4
  * Best hit: [id=10_internal_8964, d=70526, pv=0.100115, s=-0.1816]

Processing phenotype [ENSG00000095627.5] [107/229]
  * #variants in cis = 4
  * Best hit: [id=10_internal_8520, d=59745, pv=0.272164, s=-0.1124]

Processing phenotype [ENSG00000169129.9] [108/229]
  * #variants in cis = 3
  * Best hit: [id=10_internal_8520, d=0, pv=0.178271, s=-0.1477]

Processing phenotype [ENSG00000242912.2] [109/229]
  * #variants in cis = 3
  * Best hit: [id=10_internal_8964, d=320373, pv=0.560091, s=0.0595]

Processing phenotype [ENSG00000229668.1] [110/229]
  * #variants in cis = 3
  * Best hit: [id=10_internal_9829, d=0, pv=0.0384135, s=0.2088]

Processing phenotype [ENSG00000099204.13] [111/229]
  * #variants in cis = 3
  * Best hit: [id=10_internal_9829, d=0, pv=0.659851, s=0.0463]

Processing phenotype [ENSG00000151553.10] [112/229]
  * #variants in cis = 3
  * Best hit: [id=10_internal_8520, d=-416599, pv=0.00137748, s=0.3207]

Processing phenotype [ENSG00000165832.4] [113/229]
  * #variants in cis = 3
  * Best hit: [id=10_internal_8520, d=-533048, pv=0.0259378, s=0.2350]

Processing phenotype [ENSG00000187164.12] [114/229]
  * #variants in cis = 16
  * Best hit: [id=10_internal_8543, d=-919006, pv=0.0103975, s=-0.2744]

Processing phenotype [ENSG00000165646.7] [115/229]
  * #variants in cis = 16
  * Best hit: [id=10_internal_8350, d=5854, pv=0.00148214, s=0.3528]

Processing phenotype [ENSG00000165650.7] [116/229]
  * #variants in cis = 15
  * Best hit: [id=10_internal_9189, d=-7109, pv=0.00164104, s=-0.3320]

Processing phenotype [ENSG00000231104.2] [117/229]
  * #variants in cis = 15
  * Best hit: [id=10_internal_10173, d=-775008, pv=0.013753, s=0.2454]

Processing phenotype [ENSG00000177640.11] [118/229]
  * #variants in cis = 15
  * Best hit: [id=10_internal_8990, d=-828491, pv=0.0794693, s=0.1939]

Processing phenotype [ENSG00000107560.6] [119/229]
  * #variants in cis = 15
  * Best hit: [id=10_internal_8336, d=837968, pv=0.134527, s=-0.1626]

Processing phenotype [ENSG00000243540.1] [120/229]
  * #variants in cis = 14
  * Best hit: [id=10_internal_8355, d=589263, pv=0.00522207, s=0.2979]

Processing phenotype [ENSG00000165669.7] [121/229]
  * #variants in cis = 14
  * Best hit: [id=10_internal_9189, d=948956, pv=0.0564548, s=-0.1898]

Processing phenotype [ENSG00000151893.9] [122/229]
  * #variants in cis = 9
  * Best hit: [id=10_internal_11239, d=-450605, pv=0.119535, s=-0.1524]

Processing phenotype [ENSG00000236058.2] [123/229]
  * #variants in cis = 9
  * Best hit: [id=10_internal_11239, d=-333252, pv=0.0809551, s=-0.1756]

Processing phenotype [ENSG00000188613.5] [124/229]
  * #variants in cis = 8
  * Best hit: [id=10_internal_8097, d=-997583, pv=0.0335085, s=-0.2383]

Processing phenotype [ENSG00000207468.1] [125/229]
  * #variants in cis = 7
  * Best hit: [id=10_internal_9525, d=-68206, pv=0.210257, s=0.1334]

Processing phenotype [ENSG00000222588.1] [126/229]
  * #variants in cis = 7
  * Best hit: [id=10_internal_9885, d=-222567, pv=0.0953327, s=-0.1647]

Processing phenotype [ENSG00000107581.6] [127/229]
  * #variants in cis = 7
  * Best hit: [id=10_internal_9525, d=-47460, pv=0.0887437, s=0.1962]

Processing phenotype [ENSG00000119979.10] [128/229]
  * #variants in cis = 7
  * Best hit: [id=10_internal_9525, d=24258, pv=0.0141738, s=0.2695]

Processing phenotype [ENSG00000183605.11] [129/229]
  * #variants in cis = 7
  * Best hit: [id=10_internal_9525, d=0, pv=0.00287271, s=-0.3308]

Processing phenotype [ENSG00000165672.5] [130/229]
  * #variants in cis = 7
  * Best hit: [id=10_internal_11239, d=-27021, pv=0.0609271, s=0.2073]

Processing phenotype [ENSG00000198873.9] [131/229]
  * #variants in cis = 7
  * Best hit: [id=10_internal_11239, d=0, pv=1.26876e-08, s=0.6123]

Processing phenotype [ENSG00000228485.1] [132/229]
  * #variants in cis = 7
  * Best hit: [id=10_internal_9268, d=-87134, pv=0.0900689, s=-0.1825]

Processing phenotype [ENSG00000242853.2] [133/229]
  * #variants in cis = 7
  * Best hit: [id=10_internal_8379, d=-648062, pv=0.180542, s=-0.1408]

Processing phenotype [ENSG00000236426.2] [134/229]
  * #variants in cis = 7
  * Best hit: [id=10_internal_11239, d=0, pv=0.0143146, s=0.2617]

Processing phenotype [ENSG00000148908.10] [135/229]
  * #variants in cis = 6
  * Best hit: [id=10_internal_9886, d=0, pv=0.116717, s=0.1714]

Processing phenotype [ENSG00000233177.1] [136/229]
  * #variants in cis = 5
  * Best hit: [id=10_internal_9886, d=-28083, pv=0.110864, s=0.1829]

Processing phenotype [ENSG00000151923.12] [137/229]
  * #variants in cis = 5
  * Best hit: [id=10_internal_11239, d=181056, pv=0.274337, s=0.1194]

Processing phenotype [ENSG00000151929.5] [138/229]
  * #variants in cis = 5
  * Best hit: [id=10_internal_9886, d=-107649, pv=0.317878, s=-0.1096]

Processing phenotype [ENSG00000224489.1] [139/229]
  * #variants in cis = 6
  * Best hit: [id=10_internal_9268, d=603291, pv=0.0980599, s=-0.1759]

Processing phenotype [ENSG00000198825.7] [140/229]
  * #variants in cis = 6
  * Best hit: [id=10_internal_9885, d=-404754, pv=0.00466573, s=-0.2841]

Processing phenotype [ENSG00000197771.8] [141/229]
  * #variants in cis = 7
  * Best hit: [id=10_internal_9885, d=571213, pv=0.153359, s=-0.1565]

Processing phenotype [ENSG00000107651.8] [142/229]
  * #variants in cis = 7
  * Best hit: [id=10_internal_9886, d=-348990, pv=0.0748335, s=0.1937]

Processing phenotype [ENSG00000229304.1] [143/229]
  * #variants in cis = 7
  * Best hit: [id=10_internal_9525, d=-697015, pv=0.0765551, s=-0.1642]

Processing phenotype [ENSG00000220842.5] [144/229]
  * #variants in cis = 4
  * Best hit: [id=10_internal_11239, d=939233, pv=0.0140786, s=0.2505]

Processing phenotype [ENSG00000120008.10] [145/229]
  * #variants in cis = 3
  * Best hit: [id=10_internal_12723, d=0, pv=0.0387246, s=0.2267]

Processing phenotype [ENSG00000236762.1] [146/229]
  * #variants in cis = 4
  * Best hit: [id=10_internal_12723, d=0, pv=0.0385746, s=0.2070]

Processing phenotype [ENSG00000226864.1] [147/229]
  * #variants in cis = 5
  * Best hit: [id=10_internal_12436, d=0, pv=0.195449, s=0.1399]

Processing phenotype [ENSG00000107669.12] [148/229]
  * #variants in cis = 5
  * Best hit: [id=10_internal_12723, d=217897, pv=0.179537, s=0.1454]

Processing phenotype [ENSG00000107672.8] [149/229]
  * #variants in cis = 4
  * Best hit: [id=10_internal_11815, d=-485055, pv=0.21816, s=-0.1254]

Processing phenotype [ENSG00000107679.9] [150/229]
  * #variants in cis = 5
  * Best hit: [id=10_internal_8207, d=758036, pv=0.0698056, s=0.1979]

Processing phenotype [ENSG00000138161.8] [151/229]
  * #variants in cis = 4
  * Best hit: [id=10_internal_11815, d=313390, pv=0.453971, s=0.0803]

Processing phenotype [ENSG00000213185.2] [152/229]
  * #variants in cis = 4
  * Best hit: [id=10_internal_12436, d=903241, pv=0.708197, s=0.0376]

Processing phenotype [ENSG00000255624.1] [153/229]
  * #variants in cis = 4
  * Best hit: [id=10_internal_11815, d=-313490, pv=0.327448, s=0.0961]

Processing phenotype [ENSG00000179988.8] [154/229]
  * #variants in cis = 4
  * Best hit: [id=10_internal_8207, d=178312, pv=0.377795, s=0.0978]

Processing phenotype [ENSG00000119965.8] [155/229]
  * #variants in cis = 4
  * Best hit: [id=10_internal_12436, d=978003, pv=0.129562, s=-0.1579]

Processing phenotype [ENSG00000095574.7] [156/229]
  * #variants in cis = 5
  * Best hit: [id=10_internal_8207, d=-123876, pv=0.361529, s=0.1087]

Processing phenotype [ENSG00000196177.7] [157/229]
  * #variants in cis = 5
  * Best hit: [id=10_internal_8207, d=123714, pv=0.143537, s=-0.1678]

Processing phenotype [ENSG00000154473.11] [158/229]
  * #variants in cis = 7
  * Best hit: [id=10_internal_11815, d=-588037, pv=0.0231646, s=-0.2542]

Processing phenotype [ENSG00000227586.4] [159/229]
  * #variants in cis = 7
  * Best hit: [id=10_internal_11630, d=0, pv=0.15138, s=0.1546]

Processing phenotype [ENSG00000230131.1] [160/229]
  * #variants in cis = 8
  * Best hit: [id=10_internal_8460, d=656397, pv=0.056238, s=0.1972]

Processing phenotype [ENSG00000182022.13] [161/229]
  * #variants in cis = 14
  * Best hit: [id=10_internal_9785, d=1630, pv=2.34336e-07, s=0.4914]

Processing phenotype [ENSG00000065154.7] [162/229]
  * #variants in cis = 13
  * Best hit: [id=10_internal_7905, d=252980, pv=0.00767888, s=-0.2838]

Processing phenotype [ENSG00000107902.9] [163/229]
  * #variants in cis = 13
  * Best hit: [id=10_internal_10025, d=585819, pv=0.0143196, s=0.2607]

Processing phenotype [ENSG00000229455.2] [164/229]
  * #variants in cis = 13
  * Best hit: [id=10_internal_8782, d=-411921, pv=0.0115015, s=0.2206]

Processing phenotype [ENSG00000233334.2] [165/229]
  * #variants in cis = 12
  * Best hit: [id=10_internal_7740, d=-584608, pv=0.0430284, s=-0.2261]

Processing phenotype [ENSG00000189319.9] [166/229]
  * #variants in cis = 12
  * Best hit: [id=10_internal_9457, d=13570, pv=7.73938e-07, s=0.5132]

Processing phenotype [ENSG00000199466.1] [167/229]
  * #variants in cis = 12
  * Best hit: [id=10_internal_8782, d=136303, pv=0.270372, s=0.1123]

Processing phenotype [ENSG00000258539.1] [168/229]
  * #variants in cis = 12
  * Best hit: [id=10_internal_9457, d=61028, pv=1.44875e-06, s=0.5116]

Processing phenotype [ENSG00000203791.7] [169/229]
  * #variants in cis = 12
  * Best hit: [id=10_internal_11852, d=-215301, pv=0.0580473, s=0.2156]

Processing phenotype [ENSG00000165660.6] [170/229]
  * #variants in cis = 12
  * Best hit: [id=10_internal_7740, d=-682768, pv=0.0437675, s=0.2027]

Processing phenotype [ENSG00000203457.3] [171/229]
  * #variants in cis = 12
  * Best hit: [id=10_internal_9785, d=-641757, pv=0.0160384, s=0.2570]

Processing phenotype [ENSG00000207494.1] [172/229]
  * #variants in cis = 12
  * Best hit: [id=10_internal_10025, d=-232591, pv=0.243085, s=0.1082]

Processing phenotype [ENSG00000249456.1] [173/229]
  * #variants in cis = 14
  * Best hit: [id=10_internal_8782, d=-3337, pv=0.0509276, s=0.1883]

Processing phenotype [ENSG00000237866.1] [174/229]
  * #variants in cis = 14
  * Best hit: [id=10_internal_8460, d=832545, pv=0.00153088, s=-0.3289]

Processing phenotype [ENSG00000019995.6] [175/229]
  * #variants in cis = 14
  * Best hit: [id=10_internal_7740, d=-823106, pv=0.246926, s=-0.1220]

Processing phenotype [ENSG00000226899.1] [176/229]
  * #variants in cis = 14
  * Best hit: [id=10_internal_9457, d=215733, pv=0.00694525, s=0.2896]

Processing phenotype [ENSG00000175029.11] [177/229]
  * #variants in cis = 13
  * Best hit: [id=10_internal_8553, d=270204, pv=0.0087191, s=-0.2654]

Processing phenotype [ENSG00000228021.2] [178/229]
  * #variants in cis = 10
  * Best hit: [id=10_internal_9457, d=-952530, pv=0.0640661, s=0.1827]

Processing phenotype [ENSG00000234134.1] [179/229]
  * #variants in cis = 10
  * Best hit: [id=10_internal_11852, d=696075, pv=0.105526, s=0.1438]

Processing phenotype [ENSG00000107938.13] [180/229]
  * #variants in cis = 10
  * Best hit: [id=10_internal_9868, d=-560366, pv=0.0633839, s=-0.1863]

Processing phenotype [ENSG00000224023.6] [181/229]
  * #variants in cis = 10
  * Best hit: [id=10_internal_8203, d=-166095, pv=0.0341054, s=0.2247]

Processing phenotype [ENSG00000236991.2] [182/229]
  * #variants in cis = 8
  * Best hit: [id=10_internal_8782, d=838304, pv=0.0827382, s=0.1754]

Processing phenotype [ENSG00000214294.3] [183/229]
  * #variants in cis = 8
  * Best hit: [id=10_internal_8782, d=-842977, pv=0.103885, s=-0.1577]

Processing phenotype [ENSG00000154485.4] [184/229]
  * #variants in cis = 8
  * Best hit: [id=10_internal_11852, d=752531, pv=0.157571, s=0.1294]

Processing phenotype [ENSG00000188690.7] [185/229]
  * #variants in cis = 8
  * Best hit: [id=10_internal_8203, d=-62413, pv=0.183233, s=0.1531]

Processing phenotype [ENSG00000107949.12] [186/229]
  * #variants in cis = 8
  * Best hit: [id=10_internal_10025, d=-764774, pv=0.111854, s=0.1576]

Processing phenotype [ENSG00000089876.7] [187/229]
  * #variants in cis = 7
  * Best hit: [id=10_internal_12518, d=-138271, pv=0.0476149, s=0.2184]

Processing phenotype [ENSG00000203780.6] [188/229]
  * #variants in cis = 7
  * Best hit: [id=10_internal_12518, d=138168, pv=0.00491635, s=0.2973]

Processing phenotype [ENSG00000148848.9] [189/229]
  * #variants in cis = 5
  * Best hit: [id=10_internal_12518, d=239629, pv=0.0021908, s=0.3105]

Processing phenotype [ENSG00000150760.8] [190/229]
  * #variants in cis = 7
  * Best hit: [id=10_internal_10608, d=453823, pv=0.103238, s=0.1827]

Processing phenotype [ENSG00000132334.12] [191/229]
  * #variants in cis = 9
  * Best hit: [id=10_internal_8351, d=243034, pv=0.0351689, s=0.2341]

Processing phenotype [ENSG00000148773.8] [192/229]
  * #variants in cis = 10
  * Best hit: [id=10_internal_9534, d=-83301, pv=0.0998808, s=0.1697]

Processing phenotype [ENSG00000170430.9] [193/229]
  * #variants in cis = 3
  * Best hit: [id=10_internal_7981, d=495046, pv=0.372024, s=-0.0942]

Processing phenotype [ENSG00000237224.2] [194/229]
  * #variants in cis = 3
  * Best hit: [id=10_internal_8902, d=-169198, pv=0.0014939, s=-0.3300]

Processing phenotype [ENSG00000227374.1] [195/229]
  * #variants in cis = 3
  * Best hit: [id=10_internal_8902, d=101911, pv=0.57121, s=-0.0581]

Processing phenotype [ENSG00000228671.1] [196/229]
  * #variants in cis = 3
  * Best hit: [id=10_internal_12309, d=-12482, pv=0.0162862, s=0.2313]

Processing phenotype [ENSG00000233122.1] [197/229]
  * #variants in cis = 3
  * Best hit: [id=10_internal_7981, d=-133011, pv=0.127665, s=-0.1625]

Processing phenotype [ENSG00000237489.2] [198/229]
  * #variants in cis = 3
  * Best hit: [id=10_internal_7981, d=137819, pv=0.0281862, s=0.2147]

Processing phenotype [ENSG00000108010.7] [199/229]
  * #variants in cis = 3
  * Best hit: [id=10_internal_12309, d=-366028, pv=0.0112085, s=0.2566]

Processing phenotype [ENSG00000203417.2] [200/229]
  * #variants in cis = 3
  * Best hit: [id=10_internal_12309, d=-415810, pv=0.277806, s=0.1046]

Processing phenotype [ENSG00000175470.14] [201/229]
  * #variants in cis = 6
  * Best hit: [id=10_internal_11356, d=543578, pv=0.0773628, s=-0.1681]

Processing phenotype [ENSG00000176171.7] [202/229]
  * #variants in cis = 7
  * Best hit: [id=10_internal_9928, d=-561997, pv=0.122988, s=0.1517]

Processing phenotype [ENSG00000188385.7] [203/229]
  * #variants in cis = 7
  * Best hit: [id=10_internal_11316, d=80717, pv=0.00658528, s=0.3005]

Processing phenotype [ENSG00000235010.1] [204/229]
  * #variants in cis = 7
  * Best hit: [id=10_internal_11316, d=0, pv=0.00481831, s=0.3049]

Processing phenotype [ENSG00000151640.7] [205/229]
  * #variants in cis = 7
  * Best hit: [id=10_internal_11316, d=0, pv=0.0228716, s=0.2445]

Processing phenotype [ENSG00000165752.11] [206/229]
  * #variants in cis = 8
  * Best hit: [id=10_internal_11316, d=0, pv=0.0408777, s=0.2232]

Processing phenotype [ENSG00000148814.13] [207/229]
  * #variants in cis = 8
  * Best hit: [id=10_internal_11316, d=0, pv=5.14034e-05, s=0.4133]

Processing phenotype [ENSG00000171813.10] [208/229]
  * #variants in cis = 8
  * Best hit: [id=10_internal_8521, d=152986, pv=0.0152399, s=-0.2732]

Processing phenotype [ENSG00000180066.5] [209/229]
  * #variants in cis = 8
  * Best hit: [id=10_internal_10667, d=497714, pv=0.0264194, s=0.2422]

Processing phenotype [ENSG00000068383.13] [210/229]
  * #variants in cis = 9
  * Best hit: [id=10_internal_9928, d=6108, pv=0.00016225, s=0.4150]

Processing phenotype [ENSG00000234531.2] [211/229]
  * #variants in cis = 9
  * Best hit: [id=10_internal_8521, d=194868, pv=0.063598, s=0.1999]

Processing phenotype [ENSG00000151651.11] [212/229]
  * #variants in cis = 9
  * Best hit: [id=10_internal_10433, d=0, pv=0.00262837, s=0.3029]

Processing phenotype [ENSG00000235245.1] [213/229]
  * #variants in cis = 9
  * Best hit: [id=10_internal_10667, d=265983, pv=0.0754645, s=-0.1932]

Processing phenotype [ENSG00000198546.9] [214/229]
  * #variants in cis = 9
  * Best hit: [id=10_internal_10433, d=-13368, pv=0.0758286, s=-0.1838]

Processing phenotype [ENSG00000130640.8] [215/229]
  * #variants in cis = 9
  * Best hit: [id=10_internal_10433, d=17230, pv=0.060013, s=-0.1952]

Processing phenotype [ENSG00000130643.4] [216/229]
  * #variants in cis = 9
  * Best hit: [id=10_internal_10433, d=41864, pv=0.0100401, s=0.2939]

Processing phenotype [ENSG00000230306.1] [217/229]
  * #variants in cis = 9
  * Best hit: [id=10_internal_9928, d=750690, pv=0.065595, s=-0.1774]

Processing phenotype [ENSG00000165828.9] [218/229]
  * #variants in cis = 9
  * Best hit: [id=10_internal_11316, d=-956499, pv=0.0767904, s=-0.2138]

Processing phenotype [ENSG00000226699.1] [219/229]
  * #variants in cis = 9
  * Best hit: [id=10_internal_10667, d=320732, pv=0.0377116, s=-0.2238]

Processing phenotype [ENSG00000148803.7] [220/229]
  * #variants in cis = 9
  * Best hit: [id=10_internal_10667, d=328031, pv=0.0506931, s=-0.2097]

Processing phenotype [ENSG00000127884.4] [221/229]
  * #variants in cis = 9
  * Best hit: [id=10_internal_8521, d=783792, pv=0.230361, s=-0.1407]

Processing phenotype [ENSG00000148832.10] [222/229]
  * #variants in cis = 9
  * Best hit: [id=10_internal_10667, d=-349197, pv=0.0853848, s=-0.1835]

Processing phenotype [ENSG00000254536.1] [223/229]
  * #variants in cis = 8
  * Best hit: [id=10_internal_11356, d=-871771, pv=0.0587469, s=0.2087]

Processing phenotype [ENSG00000148824.13] [224/229]
  * #variants in cis = 8
  * Best hit: [id=10_internal_11356, d=-875031, pv=0.048212, s=0.2113]

Processing phenotype [ENSG00000214279.6] [225/229]
  * #variants in cis = 8
  * Best hit: [id=10_internal_12401, d=65754, pv=0.0408781, s=0.2220]

Processing phenotype [ENSG00000130649.5] [226/229]
  * #variants in cis = 6
  * Best hit: [id=10_internal_12401, d=0, pv=0.00619314, s=0.3064]

Processing phenotype [ENSG00000171772.10] [227/229]
  * #variants in cis = 6
  * Best hit: [id=10_internal_12401, d=0, pv=0.0203508, s=0.2687]

Processing phenotype [ENSG00000203772.6] [228/229]
  * #variants in cis = 6
  * Best hit: [id=10_internal_8521, d=979515, pv=0.105058, s=0.1685]

Processing phenotype [ENSG00000233435.1] [229/229]
  * #variants in cis = 4
  * Best hit: [id=10_internal_12401, d=0, pv=0.187367, s=0.1426]

Running time: 1 seconds
