Sender: LSF System <lsfadmin@cpt13>
Subject: Job 974768: </data/unige/funpopgen/odelanea/SGX/V2/binaries/qtltools/bin/QTLtools cis --vcf /data/unige/funpopgen/grey2/SYSCID/BLUEPRINT_DATA/CRD/THREE_CELL_TYPES/CLOMICS/CELL_TYPE_COMPARISON_GENE_CRD_ASSOCIATIONS/quantify/73_vs_70_ALL.ALLchr.mean.txt.gz --bed /data/unige/funpopgen/grey2/SYSCID/BLUEPRINT_DATA/CRD/THREE_CELL_TYPES/QTL_TOOLS/EGAD00001002671_v3.0/EGAD00001002671_RNA.PC10.bed.gz --nominal /data/unige/funpopgen/grey2/SYSCID/BLUEPRINT_DATA/CRD/THREE_CELL_TYPES/CLOMICS/CELL_TYPE_COMPARISON_GENE_CRD_ASSOCIATIONS/mapping_aCRD_gene/73_vs_70/gene_CRD_mean_permutations.thresholds.txt --chunk 47 100 --out /data/unige/funpopgen/grey2/SYSCID/BLUEPRINT_DATA/CRD/THREE_CELL_TYPES/CLOMICS/CELL_TYPE_COMPARISON_GENE_CRD_ASSOCIATIONS/mapping_aCRD_gene/73_vs_70/mapping_gene_CRD_mean_chunk47\.txt> in cluster <ug> Done

Job </data/unige/funpopgen/odelanea/SGX/V2/binaries/qtltools/bin/QTLtools cis --vcf /data/unige/funpopgen/grey2/SYSCID/BLUEPRINT_DATA/CRD/THREE_CELL_TYPES/CLOMICS/CELL_TYPE_COMPARISON_GENE_CRD_ASSOCIATIONS/quantify/73_vs_70_ALL.ALLchr.mean.txt.gz --bed /data/unige/funpopgen/grey2/SYSCID/BLUEPRINT_DATA/CRD/THREE_CELL_TYPES/QTL_TOOLS/EGAD00001002671_v3.0/EGAD00001002671_RNA.PC10.bed.gz --nominal /data/unige/funpopgen/grey2/SYSCID/BLUEPRINT_DATA/CRD/THREE_CELL_TYPES/CLOMICS/CELL_TYPE_COMPARISON_GENE_CRD_ASSOCIATIONS/mapping_aCRD_gene/73_vs_70/gene_CRD_mean_permutations.thresholds.txt --chunk 47 100 --out /data/unige/funpopgen/grey2/SYSCID/BLUEPRINT_DATA/CRD/THREE_CELL_TYPES/CLOMICS/CELL_TYPE_COMPARISON_GENE_CRD_ASSOCIATIONS/mapping_aCRD_gene/73_vs_70/mapping_gene_CRD_mean_chunk47\.txt> was submitted from host <cpt01> by user <grey2> in cluster <ug>.
Job was executed on host(s) <cpt13>, in queue <normal>, as user <grey2> in cluster <ug>.
</home/grey2> was used as the home directory.
</data/unige/funpopgen/grey2/SYSCID/BLUEPRINT_DATA/CRD/THREE_CELL_TYPES/CLOMICS/CELL_TYPE_COMPARISON_GENE_CRD_ASSOCIATIONS> was used as the working directory.
Started at Thu Mar 21 13:49:59 2019
Results reported at Thu Mar 21 13:50:02 2019

Your job looked like:

------------------------------------------------------------
# LSBATCH: User input
/data/unige/funpopgen/odelanea/SGX/V2/binaries/qtltools/bin/QTLtools cis --vcf /data/unige/funpopgen/grey2/SYSCID/BLUEPRINT_DATA/CRD/THREE_CELL_TYPES/CLOMICS/CELL_TYPE_COMPARISON_GENE_CRD_ASSOCIATIONS/quantify/73_vs_70_ALL.ALLchr.mean.txt.gz --bed /data/unige/funpopgen/grey2/SYSCID/BLUEPRINT_DATA/CRD/THREE_CELL_TYPES/QTL_TOOLS/EGAD00001002671_v3.0/EGAD00001002671_RNA.PC10.bed.gz --nominal /data/unige/funpopgen/grey2/SYSCID/BLUEPRINT_DATA/CRD/THREE_CELL_TYPES/CLOMICS/CELL_TYPE_COMPARISON_GENE_CRD_ASSOCIATIONS/mapping_aCRD_gene/73_vs_70/gene_CRD_mean_permutations.thresholds.txt --chunk 47 100 --out /data/unige/funpopgen/grey2/SYSCID/BLUEPRINT_DATA/CRD/THREE_CELL_TYPES/CLOMICS/CELL_TYPE_COMPARISON_GENE_CRD_ASSOCIATIONS/mapping_aCRD_gene/73_vs_70/mapping_gene_CRD_mean_chunk47\.txt

------------------------------------------------------------

Successfully completed.

Resource usage summary:

    CPU time :               1.25 sec.
    Max Memory :             5.14 MB
    Average Memory :         5.14 MB
    Total Requested Memory : -
    Delta Memory :           -
    (Delta: the difference between total requested memory and actual max usage.)
    Max Swap :               239 MB

    Max Processes :          4
    Max Threads :            5

The output (if any) follows:


[32mQTLtools[0m
  * Authors : Olivier DELANEAU / Halit ONGEN / Emmanouil DERMITZAKIS
  * Contact : olivier.delaneau@gmail.com / halit.ongen@unige.ch / Emmanouil.Dermitzakis@unige.ch
  * Webpage : https://qtltools.github.io/qtltools/
  * Version : 1.1
  * Date    : 21/03/2019 - 13:50:00
  * Citation: A complete tool set for molecular QTL discovery and analysis, https://doi.org/10.1101/068635

[32mMAPPING QTL IN CIS[0m
  * TASK: Report all nominal associations with p below thresholds in [/data/unige/funpopgen/grey2/SYSCID/BLUEPRINT_DATA/CRD/THREE_CELL_TYPES/CLOMICS/CELL_TYPE_COMPARISON_GENE_CRD_ASSOCIATIONS/mapping_aCRD_gene/73_vs_70/gene_CRD_mean_permutations.thresholds.txt]
  * Linear model: Phe ~ Var
  * Cis-window size is 1000000 bp
  * Chunk = [47/100]

Scanning phenotype data in [/data/unige/funpopgen/grey2/SYSCID/BLUEPRINT_DATA/CRD/THREE_CELL_TYPES/QTL_TOOLS/EGAD00001002671_v3.0/EGAD00001002671_RNA.PC10.bed.gz]
  * 24372 phenotypes included
  * 12152 phenotypes are on the negative strand

Initialize random number generator
  * Built-in seed is 15112011
  * First Integer = 30554
  * First Double = 0.0126695

Reading sample list from [/data/unige/funpopgen/grey2/SYSCID/BLUEPRINT_DATA/CRD/THREE_CELL_TYPES/QTL_TOOLS/EGAD00001002671_v3.0/EGAD00001002671_RNA.PC10.bed.gz]
  * #samples = 169

Reading sample list from [/data/unige/funpopgen/grey2/SYSCID/BLUEPRINT_DATA/CRD/THREE_CELL_TYPES/CLOMICS/CELL_TYPE_COMPARISON_GENE_CRD_ASSOCIATIONS/quantify/73_vs_70_ALL.ALLchr.mean.txt.gz]
  * #samples = 94

Merging sample sets from all input files
  * #files = 2
  * #samples in all files = 91
  * #samples NOT in all files (i.e. ignored) = 81

Reading phenotype data in [/data/unige/funpopgen/grey2/SYSCID/BLUEPRINT_DATA/CRD/THREE_CELL_TYPES/QTL_TOOLS/EGAD00001002671_v3.0/EGAD00001002671_RNA.PC10.bed.gz]
  * target region [17:59668541-73937221]
  * 202 phenotypes included
  * 109 phenotypes are on the negative strand

Reading genotype data in [/data/unige/funpopgen/grey2/SYSCID/BLUEPRINT_DATA/CRD/THREE_CELL_TYPES/CLOMICS/CELL_TYPE_COMPARISON_GENE_CRD_ASSOCIATIONS/quantify/73_vs_70_ALL.ALLchr.mean.txt.gz]
  * File format detected: BED
  * 91 samples included
  * 5 samples without phenotype data
  * target region [17:58668541-74937221]
  * 75 variants included

Reading nominal thresholds in [/data/unige/funpopgen/grey2/SYSCID/BLUEPRINT_DATA/CRD/THREE_CELL_TYPES/CLOMICS/CELL_TYPE_COMPARISON_GENE_CRD_ASSOCIATIONS/mapping_aCRD_gene/73_vs_70/gene_CRD_mean_permutations.thresholds.txt]
  * #phenotypes set = 202

Processing phenotype [ENSG00000196861.4] [1/202]
  * #variants in cis = 2
  * Best hit: [id=17_internal_9230, d=-578775, pv=0.361999, s=-0.1061]

Processing phenotype [ENSG00000253506.1] [2/202]
  * #variants in cis = 2
  * Best hit: [id=17_internal_9230, d=-578753, pv=0.308419, s=-0.1168]

Processing phenotype [ENSG00000136492.4] [3/202]
  * #variants in cis = 2
  * Best hit: [id=17_internal_9230, d=-306434, pv=0.200729, s=0.1448]

Processing phenotype [ENSG00000108506.7] [4/202]
  * #variants in cis = 3
  * Best hit: [id=17_internal_9230, d=-241939, pv=0.309118, s=-0.1049]

Processing phenotype [ENSG00000242398.2] [5/202]
  * #variants in cis = 3
  * Best hit: [id=17_internal_8587, d=749958, pv=0.339551, s=0.0959]

Processing phenotype [ENSG00000200842.1] [6/202]
  * #variants in cis = 3
  * Best hit: [id=17_internal_8259, d=844952, pv=0.100617, s=0.1552]

Processing phenotype [ENSG00000108510.5] [7/202]
  * #variants in cis = 3
  * Best hit: [id=17_internal_9230, d=-104673, pv=0.36965, s=0.1073]

Processing phenotype [ENSG00000266066.1] [8/202]
  * #variants in cis = 4
  * Best hit: [id=17_internal_8259, d=-741146, pv=0.279227, s=0.1128]

Processing phenotype [ENSG00000087995.11] [9/202]
  * #variants in cis = 3
  * Best hit: [id=17_internal_9136, d=651469, pv=0.222832, s=-0.1268]

Processing phenotype [ENSG00000146872.12] [10/202]
  * #variants in cis = 3
  * Best hit: [id=17_internal_9230, d=-251827, pv=0.0395998, s=-0.2256]

Processing phenotype [ENSG00000239246.2] [11/202]
  * #variants in cis = 3
  * Best hit: [id=17_internal_9230, d=309936, pv=0.11475, s=-0.1657]

Processing phenotype [ENSG00000264546.1] [12/202]
  * #variants in cis = 3
  * Best hit: [id=17_internal_9230, d=-342895, pv=0.106366, s=-0.1788]

Processing phenotype [ENSG00000011028.9] [13/202]
  * #variants in cis = 5
  * Best hit: [id=17_internal_9136, d=447935, pv=0.287815, s=-0.1047]

Processing phenotype [ENSG00000173838.7] [14/202]
  * #variants in cis = 8
  * Best hit: [id=17_internal_9230, d=601513, pv=0.0155046, s=0.2861]

Processing phenotype [ENSG00000263931.1] [15/202]
  * #variants in cis = 9
  * Best hit: [id=17_internal_9136, d=-108526, pv=0.132156, s=-0.1665]

Processing phenotype [ENSG00000266411.1] [16/202]
  * #variants in cis = 9
  * Best hit: [id=17_internal_9230, d=761718, pv=0.0312414, s=0.2397]

Processing phenotype [ENSG00000170921.10] [17/202]
  * #variants in cis = 9
  * Best hit: [id=17_internal_9583, d=590318, pv=0.0394942, s=0.2038]

Processing phenotype [ENSG00000264513.1] [18/202]
  * #variants in cis = 12
  * Best hit: [id=17_internal_8259, d=233781, pv=0.044114, s=0.1866]

Processing phenotype [ENSG00000233635.2] [19/202]
  * #variants in cis = 12
  * Best hit: [id=17_internal_12384, d=-734489, pv=0.0577548, s=-0.1973]

Processing phenotype [ENSG00000226797.1] [20/202]
  * #variants in cis = 12
  * Best hit: [id=17_internal_9750, d=-224289, pv=0.163388, s=-0.1458]

Processing phenotype [ENSG00000263644.1] [21/202]
  * #variants in cis = 12
  * Best hit: [id=17_internal_8518, d=-387402, pv=0.0718038, s=-0.1975]

Processing phenotype [ENSG00000008283.11] [22/202]
  * #variants in cis = 12
  * Best hit: [id=17_internal_8518, d=-372113, pv=0.000760048, s=0.3360]

Processing phenotype [ENSG00000159640.10] [23/202]
  * #variants in cis = 12
  * Best hit: [id=17_internal_8518, d=341430, pv=0.0696333, s=0.1799]

Processing phenotype [ENSG00000264813.1] [24/202]
  * #variants in cis = 12
  * Best hit: [id=17_internal_10217, d=563717, pv=0.161988, s=-0.1398]

Processing phenotype [ENSG00000173826.10] [25/202]
  * #variants in cis = 12
  * Best hit: [id=17_internal_9583, d=76540, pv=0.0239213, s=0.2226]

Processing phenotype [ENSG00000136485.9] [26/202]
  * #variants in cis = 12
  * Best hit: [id=17_internal_9585, d=72710, pv=0.0173204, s=-0.2517]

Processing phenotype [ENSG00000200560.1] [27/202]
  * #variants in cis = 13
  * Best hit: [id=17_internal_12384, d=-500197, pv=0.0305108, s=0.2187]

Processing phenotype [ENSG00000136463.7] [28/202]
  * #variants in cis = 13
  * Best hit: [id=17_internal_9583, d=0, pv=0.000285588, s=0.3739]

Processing phenotype [ENSG00000198909.3] [29/202]
  * #variants in cis = 13
  * Best hit: [id=17_internal_9136, d=-464465, pv=0.0502178, s=-0.2057]

Processing phenotype [ENSG00000263883.1] [30/202]
  * #variants in cis = 13
  * Best hit: [id=17_internal_8518, d=181891, pv=0.104622, s=0.1658]

Processing phenotype [ENSG00000136490.4] [31/202]
  * #variants in cis = 13
  * Best hit: [id=17_internal_12384, d=-372371, pv=0.180639, s=-0.1460]

Processing phenotype [ENSG00000266173.1] [32/202]
  * #variants in cis = 14
  * Best hit: [id=17_internal_9136, d=584020, pv=0.0138949, s=-0.2489]

Processing phenotype [ENSG00000125695.12] [33/202]
  * #variants in cis = 14
  * Best hit: [id=17_internal_9136, d=594147, pv=0.00767877, s=-0.2619]

Processing phenotype [ENSG00000198231.7] [34/202]
  * #variants in cis = 14
  * Best hit: [id=17_internal_8221, d=-9903, pv=0.0195563, s=0.2541]

Processing phenotype [ENSG00000108588.8] [35/202]
  * #variants in cis = 14
  * Best hit: [id=17_internal_9585, d=92654, pv=0.0210673, s=-0.2434]

Processing phenotype [ENSG00000087191.8] [36/202]
  * #variants in cis = 14
  * Best hit: [id=17_internal_9583, d=-214624, pv=0.00658176, s=0.3065]

Processing phenotype [ENSG00000108592.10] [37/202]
  * #variants in cis = 15
  * Best hit: [id=17_internal_8221, d=66312, pv=0.0252557, s=0.2502]

Processing phenotype [ENSG00000264756.1] [38/202]
  * #variants in cis = 15
  * Best hit: [id=17_internal_8026, d=987714, pv=0.121524, s=-0.1693]

Processing phenotype [ENSG00000108604.11] [39/202]
  * #variants in cis = 15
  * Best hit: [id=17_internal_8518, d=7050, pv=0.01199, s=-0.2635]

Processing phenotype [ENSG00000007312.8] [40/202]
  * #variants in cis = 14
  * Best hit: [id=17_internal_8026, d=-895343, pv=0.103386, s=-0.1736]

Processing phenotype [ENSG00000224383.3] [41/202]
  * #variants in cis = 14
  * Best hit: [id=17_internal_12384, d=75192, pv=0.016321, s=0.2593]

Processing phenotype [ENSG00000264954.1] [42/202]
  * #variants in cis = 14
  * Best hit: [id=17_internal_8856, d=-709833, pv=0.143935, s=0.1359]

Processing phenotype [ENSG00000108622.6] [43/202]
  * #variants in cis = 14
  * Best hit: [id=17_internal_12384, d=-52909, pv=0.0145684, s=0.2642]

Processing phenotype [ENSG00000263899.1] [44/202]
  * #variants in cis = 14
  * Best hit: [id=17_internal_10217, d=-6698, pv=1.07922e-07, s=0.4744]

Processing phenotype [ENSG00000178607.9] [45/202]
  * #variants in cis = 15
  * Best hit: [id=17_internal_10217, d=7598, pv=1.04799e-08, s=0.5174]

Processing phenotype [ENSG00000266402.1] [46/202]
  * #variants in cis = 15
  * Best hit: [id=17_internal_8518, d=-309955, pv=0.141761, s=-0.1562]

Processing phenotype [ENSG00000199753.1] [47/202]
  * #variants in cis = 15
  * Best hit: [id=17_internal_8026, d=681614, pv=0.00261151, s=0.3156]

Processing phenotype [ENSG00000221462.2] [48/202]
  * #variants in cis = 15
  * Best hit: [id=17_internal_8518, d=-310324, pv=0.0666943, s=-0.1896]

Processing phenotype [ENSG00000136478.3] [49/202]
  * #variants in cis = 14
  * Best hit: [id=17_internal_9034, d=-792298, pv=0.0178127, s=-0.2658]

Processing phenotype [ENSG00000256525.2] [50/202]
  * #variants in cis = 14
  * Best hit: [id=17_internal_8026, d=-411903, pv=0.03045, s=0.2080]

Processing phenotype [ENSG00000265695.1] [51/202]
  * #variants in cis = 14
  * Best hit: [id=17_internal_8026, d=-408100, pv=0.212629, s=0.1416]

Processing phenotype [ENSG00000266241.1] [52/202]
  * #variants in cis = 14
  * Best hit: [id=17_internal_8518, d=584056, pv=0.150499, s=0.1654]

Processing phenotype [ENSG00000258890.2] [53/202]
  * #variants in cis = 14
  * Best hit: [id=17_internal_10217, d=-302800, pv=0.00663168, s=0.2662]

Processing phenotype [ENSG00000108654.6] [54/202]
  * #variants in cis = 14
  * Best hit: [id=17_internal_9583, d=814429, pv=0.0637952, s=0.2002]

Processing phenotype [ENSG00000266566.1] [55/202]
  * #variants in cis = 14
  * Best hit: [id=17_internal_9585, d=765918, pv=0.00470676, s=-0.2833]

Processing phenotype [ENSG00000108854.11] [56/202]
  * #variants in cis = 15
  * Best hit: [id=17_internal_8026, d=-246871, pv=0.143363, s=-0.1668]

Processing phenotype [ENSG00000265298.1] [57/202]
  * #variants in cis = 14
  * Best hit: [id=17_internal_8221, d=-905478, pv=0.0775012, s=-0.1934]

Processing phenotype [ENSG00000266820.1] [58/202]
  * #variants in cis = 13
  * Best hit: [id=17_internal_8026, d=-150336, pv=0.00877456, s=0.2589]

Processing phenotype [ENSG00000263647.1] [59/202]
  * #variants in cis = 13
  * Best hit: [id=17_internal_8500, d=583557, pv=0.0367024, s=0.2127]

Processing phenotype [ENSG00000265982.1] [60/202]
  * #variants in cis = 12
  * Best hit: [id=17_internal_8999, d=933298, pv=0.0766819, s=-0.1930]

Processing phenotype [ENSG00000215769.4] [61/202]
  * #variants in cis = 12
  * Best hit: [id=17_internal_8026, d=-126940, pv=0.00402355, s=0.2987]

Processing phenotype [ENSG00000214176.5] [62/202]
  * #variants in cis = 12
  * Best hit: [id=17_internal_8856, d=37865, pv=0.00526307, s=0.2999]

Processing phenotype [ENSG00000265218.1] [63/202]
  * #variants in cis = 10
  * Best hit: [id=17_internal_8026, d=16210, pv=1.06136e-06, s=0.4858]

Processing phenotype [ENSG00000266644.1] [64/202]
  * #variants in cis = 10
  * Best hit: [id=17_internal_8026, d=9173, pv=0.00119445, s=0.3424]

Processing phenotype [ENSG00000176809.6] [65/202]
  * #variants in cis = 9
  * Best hit: [id=17_internal_8026, d=0, pv=2.67005e-08, s=0.5568]

Processing phenotype [ENSG00000264057.1] [66/202]
  * #variants in cis = 9
  * Best hit: [id=17_internal_8026, d=-2838, pv=0.00686261, s=0.2697]

Processing phenotype [ENSG00000232457.3] [67/202]
  * #variants in cis = 9
  * Best hit: [id=17_internal_9341, d=612226, pv=0.210722, s=0.1376]

Processing phenotype [ENSG00000265912.1] [68/202]
  * #variants in cis = 9
  * Best hit: [id=17_internal_8856, d=-143973, pv=0.107792, s=0.1740]

Processing phenotype [ENSG00000214174.4] [69/202]
  * #variants in cis = 9
  * Best hit: [id=17_internal_8856, d=176287, pv=0.069855, s=0.1899]

Processing phenotype [ENSG00000266598.1] [70/202]
  * #variants in cis = 9
  * Best hit: [id=17_internal_8026, d=-127113, pv=0.160043, s=0.1565]

Processing phenotype [ENSG00000120063.5] [71/202]
  * #variants in cis = 9
  * Best hit: [id=17_internal_11900, d=395086, pv=0.12604, s=-0.1719]

Processing phenotype [ENSG00000108370.11] [72/202]
  * #variants in cis = 9
  * Best hit: [id=17_internal_9341, d=415397, pv=0.0325528, s=0.2366]

Processing phenotype [ENSG00000168646.8] [73/202]
  * #variants in cis = 7
  * Best hit: [id=17_internal_9341, d=0, pv=0.0396446, s=0.2087]

Processing phenotype [ENSG00000266076.1] [74/202]
  * #variants in cis = 7
  * Best hit: [id=17_internal_9341, d=0, pv=0.0348134, s=0.2214]

Processing phenotype [ENSG00000154240.12] [75/202]
  * #variants in cis = 3
  * Best hit: [id=17_internal_12223, d=-162846, pv=0.156604, s=0.1499]

Processing phenotype [ENSG00000154229.7] [76/202]
  * #variants in cis = 4
  * Best hit: [id=17_internal_12223, d=52294, pv=0.536853, s=0.0681]

Processing phenotype [ENSG00000244044.2] [77/202]
  * #variants in cis = 5
  * Best hit: [id=17_internal_12223, d=0, pv=0.370031, s=-0.0941]

Processing phenotype [ENSG00000264630.1] [78/202]
  * #variants in cis = 6
  * Best hit: [id=17_internal_10562, d=-959211, pv=0.121121, s=0.1617]

Processing phenotype [ENSG00000252685.1] [79/202]
  * #variants in cis = 6
  * Best hit: [id=17_internal_9274, d=713765, pv=0.223265, s=0.1383]

Processing phenotype [ENSG00000229330.2] [80/202]
  * #variants in cis = 6
  * Best hit: [id=17_internal_12223, d=-60689, pv=0.00457905, s=0.3081]

Processing phenotype [ENSG00000207943.1] [81/202]
  * #variants in cis = 5
  * Best hit: [id=17_internal_9544, d=420794, pv=0.118877, s=-0.1775]

Processing phenotype [ENSG00000108878.3] [82/202]
  * #variants in cis = 5
  * Best hit: [id=17_internal_10562, d=331477, pv=0.229873, s=0.1339]

Processing phenotype [ENSG00000264421.1] [83/202]
  * #variants in cis = 7
  * Best hit: [id=17_internal_9688, d=908690, pv=0.0567116, s=0.1875]

Processing phenotype [ENSG00000213180.4] [84/202]
  * #variants in cis = 7
  * Best hit: [id=17_internal_10351, d=-590582, pv=0.0187541, s=-0.2338]

Processing phenotype [ENSG00000266473.1] [85/202]
  * #variants in cis = 7
  * Best hit: [id=17_internal_9127, d=959957, pv=0.291918, s=-0.1024]

Processing phenotype [ENSG00000198265.7] [86/202]
  * #variants in cis = 7
  * Best hit: [id=17_internal_9274, d=-106049, pv=0.144846, s=0.1564]

Processing phenotype [ENSG00000197170.5] [87/202]
  * #variants in cis = 12
  * Best hit: [id=17_internal_8600, d=-920531, pv=0.00940543, s=0.2643]

Processing phenotype [ENSG00000154217.10] [88/202]
  * #variants in cis = 12
  * Best hit: [id=17_internal_10562, d=0, pv=3.95303e-05, s=0.4330]

Processing phenotype [ENSG00000238612.1] [89/202]
  * #variants in cis = 12
  * Best hit: [id=17_internal_12223, d=792261, pv=0.318943, s=-0.1061]

Processing phenotype [ENSG00000201547.1] [90/202]
  * #variants in cis = 12
  * Best hit: [id=17_internal_9228, d=-934213, pv=0.193786, s=-0.1288]

Processing phenotype [ENSG00000244610.2] [91/202]
  * #variants in cis = 12
  * Best hit: [id=17_internal_8718, d=-789446, pv=0.080963, s=-0.1790]

Processing phenotype [ENSG00000264754.1] [92/202]
  * #variants in cis = 12
  * Best hit: [id=17_internal_10562, d=-2695, pv=0.0183334, s=0.2529]

Processing phenotype [ENSG00000130935.5] [93/202]
  * #variants in cis = 11
  * Best hit: [id=17_internal_8718, d=528903, pv=0.139159, s=0.1688]

Processing phenotype [ENSG00000200394.1] [94/202]
  * #variants in cis = 11
  * Best hit: [id=17_internal_8600, d=546489, pv=0.0345257, s=0.2260]

Processing phenotype [ENSG00000171634.12] [95/202]
  * #variants in cis = 11
  * Best hit: [id=17_internal_9688, d=307469, pv=0.0485167, s=-0.2225]

Processing phenotype [ENSG00000266717.1] [96/202]
  * #variants in cis = 11
  * Best hit: [id=17_internal_8231, d=-340329, pv=0.0254079, s=0.2129]

Processing phenotype [ENSG00000186665.8] [97/202]
  * #variants in cis = 11
  * Best hit: [id=17_internal_7864, d=-601036, pv=0.00028199, s=0.3651]

Processing phenotype [ENSG00000182481.4] [98/202]
  * #variants in cis = 11
  * Best hit: [id=17_internal_8600, d=251639, pv=0.0637171, s=-0.2013]

Processing phenotype [ENSG00000237854.2] [99/202]
  * #variants in cis = 12
  * Best hit: [id=17_internal_8600, d=185225, pv=0.0184907, s=0.2678]

Processing phenotype [ENSG00000267352.1] [100/202]
  * #variants in cis = 12
  * Best hit: [id=17_internal_8600, d=-151529, pv=0.0207333, s=0.2526]

Processing phenotype [ENSG00000267023.1] [101/202]
  * #variants in cis = 12
  * Best hit: [id=17_internal_8600, d=-134665, pv=0.0018631, s=0.3355]

Processing phenotype [ENSG00000267708.1] [102/202]
  * #variants in cis = 12
  * Best hit: [id=17_internal_9274, d=791709, pv=0.135071, s=-0.1593]

Processing phenotype [ENSG00000267731.1] [103/202]
  * #variants in cis = 12
  * Best hit: [id=17_internal_8718, d=56827, pv=0.0266159, s=0.2310]

Processing phenotype [ENSG00000196704.7] [104/202]
  * #variants in cis = 11
  * Best hit: [id=17_internal_9127, d=-24283, pv=0.00320582, s=0.3090]

Processing phenotype [ENSG00000265100.1] [105/202]
  * #variants in cis = 11
  * Best hit: [id=17_internal_9127, d=24647, pv=0.000305084, s=0.3787]

Processing phenotype [ENSG00000141337.8] [106/202]
  * #variants in cis = 11
  * Best hit: [id=17_internal_10562, d=-737421, pv=0.150346, s=-0.1632]

Processing phenotype [ENSG00000108932.7] [107/202]
  * #variants in cis = 11
  * Best hit: [id=17_internal_7864, d=-303393, pv=0.143894, s=0.1562]

Processing phenotype [ENSG00000108946.8] [108/202]
  * #variants in cis = 11
  * Best hit: [id=17_internal_8718, d=-153441, pv=0.00635761, s=-0.2704]

Processing phenotype [ENSG00000267009.1] [109/202]
  * #variants in cis = 11
  * Best hit: [id=17_internal_9370, d=944965, pv=0.153501, s=-0.1584]

Processing phenotype [ENSG00000207561.1] [110/202]
  * #variants in cis = 12
  * Best hit: [id=17_internal_9688, d=258717, pv=0.0587884, s=0.1979]

Processing phenotype [ENSG00000070540.8] [111/202]
  * #variants in cis = 12
  * Best hit: [id=17_internal_10562, d=935752, pv=0.158296, s=-0.1468]

Processing phenotype [ENSG00000269657.1] [112/202]
  * #variants in cis = 11
  * Best hit: [id=17_internal_8231, d=-31004, pv=0.17893, s=0.1315]

Processing phenotype [ENSG00000108950.7] [113/202]
  * #variants in cis = 11
  * Best hit: [id=17_internal_9127, d=378098, pv=0.0276103, s=-0.2320]

Processing phenotype [ENSG00000154258.12] [114/202]
  * #variants in cis = 12
  * Best hit: [id=17_internal_8786, d=-1610, pv=0.0108121, s=0.2797]

Processing phenotype [ENSG00000154262.8] [115/202]
  * #variants in cis = 12
  * Best hit: [id=17_internal_8786, d=70142, pv=0.0331782, s=0.1958]

Processing phenotype [ENSG00000154263.12] [116/202]
  * #variants in cis = 12
  * Best hit: [id=17_internal_8786, d=173100, pv=0.000845403, s=0.3327]

Processing phenotype [ENSG00000267203.1] [117/202]
  * #variants in cis = 10
  * Best hit: [id=17_internal_9382, d=-933314, pv=0.0294566, s=0.2275]

Processing phenotype [ENSG00000154265.11] [118/202]
  * #variants in cis = 10
  * Best hit: [id=17_internal_8786, d=255498, pv=0.00367331, s=0.3270]

Processing phenotype [ENSG00000108984.9] [119/202]
  * #variants in cis = 8
  * Best hit: [id=17_internal_8857, d=459600, pv=0.017755, s=-0.2650]

Processing phenotype [ENSG00000267653.1] [120/202]
  * #variants in cis = 8
  * Best hit: [id=17_internal_10058, d=-702713, pv=0.123565, s=0.1556]

Processing phenotype [ENSG00000267194.1] [121/202]
  * #variants in cis = 8
  * Best hit: [id=17_internal_11945, d=-119634, pv=0.246286, s=0.1212]

Processing phenotype [ENSG00000227517.2] [122/202]
  * #variants in cis = 8
  * Best hit: [id=17_internal_9370, d=-201159, pv=0.156164, s=-0.1568]

Processing phenotype [ENSG00000227036.2] [123/202]
  * #variants in cis = 6
  * Best hit: [id=17_internal_10425, d=-281654, pv=0.123948, s=0.1794]

Processing phenotype [ENSG00000200783.1] [124/202]
  * #variants in cis = 6
  * Best hit: [id=17_internal_8487, d=19202, pv=0.143184, s=0.1522]

Processing phenotype [ENSG00000264196.1] [125/202]
  * #variants in cis = 7
  * Best hit: [id=17_internal_8487, d=-194089, pv=0.100218, s=-0.1608]

Processing phenotype [ENSG00000133195.7] [126/202]
  * #variants in cis = 7
  * Best hit: [id=17_internal_12335, d=-336532, pv=0.0744997, s=0.1952]

Processing phenotype [ENSG00000264860.1] [127/202]
  * #variants in cis = 7
  * Best hit: [id=17_internal_12163, d=96680, pv=0.143851, s=-0.1496]

Processing phenotype [ENSG00000166685.6] [128/202]
  * #variants in cis = 7
  * Best hit: [id=17_internal_11296, d=-35944, pv=0.0197197, s=0.2555]

Processing phenotype [ENSG00000141219.11] [129/202]
  * #variants in cis = 7
  * Best hit: [id=17_internal_10169, d=-46792, pv=0.072625, s=0.1963]

Processing phenotype [ENSG00000133193.8] [130/202]
  * #variants in cis = 7
  * Best hit: [id=17_internal_12335, d=-192491, pv=0.00568439, s=0.3151]

Processing phenotype [ENSG00000187959.5] [131/202]
  * #variants in cis = 7
  * Best hit: [id=17_internal_8487, d=617402, pv=0.0919203, s=0.1863]

Processing phenotype [ENSG00000179604.8] [132/202]
  * #variants in cis = 7
  * Best hit: [id=17_internal_8487, d=667225, pv=0.00242214, s=0.3230]

Processing phenotype [ENSG00000264985.1] [133/202]
  * #variants in cis = 11
  * Best hit: [id=17_internal_12335, d=0, pv=6.26335e-05, s=0.4384]

Processing phenotype [ENSG00000069188.12] [134/202]
  * #variants in cis = 11
  * Best hit: [id=17_internal_12335, d=0, pv=1.59728e-11, s=0.6757]

Processing phenotype [ENSG00000172809.8] [135/202]
  * #variants in cis = 11
  * Best hit: [id=17_internal_8686, d=256018, pv=0.048391, s=0.2160]

Processing phenotype [ENSG00000246731.2] [136/202]
  * #variants in cis = 11
  * Best hit: [id=17_internal_11727, d=452799, pv=0.116865, s=-0.1635]

Processing phenotype [ENSG00000141540.6] [137/202]
  * #variants in cis = 11
  * Best hit: [id=17_internal_9493, d=619951, pv=0.0299088, s=0.2247]

Processing phenotype [ENSG00000264272.1] [138/202]
  * #variants in cis = 13
  * Best hit: [id=17_internal_8226, d=-823372, pv=0.0271707, s=-0.2247]

Processing phenotype [ENSG00000171595.9] [139/202]
  * #variants in cis = 14
  * Best hit: [id=17_internal_11618, d=227321, pv=0.0567601, s=0.1914]

Processing phenotype [ENSG00000196169.10] [140/202]
  * #variants in cis = 14
  * Best hit: [id=17_internal_10086, d=0, pv=0.160874, s=0.1457]

Processing phenotype [ENSG00000167851.9] [141/202]
  * #variants in cis = 14
  * Best hit: [id=17_internal_8686, d=0, pv=5.12902e-07, s=0.5325]

Processing phenotype [ENSG00000172794.14] [142/202]
  * #variants in cis = 17
  * Best hit: [id=17_internal_11175, d=136257, pv=0.00602598, s=-0.2844]

Processing phenotype [ENSG00000264624.1] [143/202]
  * #variants in cis = 19
  * Best hit: [id=17_internal_8736, d=0, pv=0.0154142, s=0.2600]

Processing phenotype [ENSG00000109062.5] [144/202]
  * #variants in cis = 19
  * Best hit: [id=17_internal_9493, d=84813, pv=0.0635163, s=0.2016]

Processing phenotype [ENSG00000266036.1] [145/202]
  * #variants in cis = 19
  * Best hit: [id=17_internal_11727, d=988369, pv=0.115902, s=0.1532]

Processing phenotype [ENSG00000109065.7] [146/202]
  * #variants in cis = 18
  * Best hit: [id=17_internal_10489, d=-449765, pv=0.0468314, s=0.2200]

Processing phenotype [ENSG00000109066.9] [147/202]
  * #variants in cis = 18
  * Best hit: [id=17_internal_8736, d=0, pv=0.0217014, s=0.2308]

Processing phenotype [ENSG00000161509.9] [148/202]
  * #variants in cis = 19
  * Best hit: [id=17_internal_8686, d=380582, pv=0.0454618, s=0.2310]

Processing phenotype [ENSG00000161513.7] [149/202]
  * #variants in cis = 19
  * Best hit: [id=17_internal_8809, d=-367525, pv=0.0486971, s=-0.1721]

Processing phenotype [ENSG00000167861.11] [150/202]
  * #variants in cis = 21
  * Best hit: [id=17_internal_8686, d=492216, pv=0.0336507, s=-0.2409]

Processing phenotype [ENSG00000167862.5] [151/202]
  * #variants in cis = 21
  * Best hit: [id=17_internal_10489, d=213506, pv=0.0134392, s=0.2637]

Processing phenotype [ENSG00000180901.6] [152/202]
  * #variants in cis = 21
  * Best hit: [id=17_internal_10297, d=232001, pv=0.0367123, s=0.2207]

Processing phenotype [ENSG00000239607.2] [153/202]
  * #variants in cis = 21
  * Best hit: [id=17_internal_10086, d=-683789, pv=0.0766584, s=-0.1845]

Processing phenotype [ENSG00000167863.7] [154/202]
  * #variants in cis = 20
  * Best hit: [id=17_internal_8736, d=263280, pv=0.126281, s=-0.1650]

Processing phenotype [ENSG00000170190.11] [155/202]
  * #variants in cis = 20
  * Best hit: [id=17_internal_8226, d=0, pv=0.0116002, s=0.2639]

Processing phenotype [ENSG00000125449.2] [156/202]
  * #variants in cis = 20
  * Best hit: [id=17_internal_10086, d=-752006, pv=0.129498, s=0.1622]

Processing phenotype [ENSG00000125458.2] [157/202]
  * #variants in cis = 20
  * Best hit: [id=17_internal_11618, d=485064, pv=0.266603, s=-0.1182]

Processing phenotype [ENSG00000265800.1] [158/202]
  * #variants in cis = 20
  * Best hit: [id=17_internal_8809, d=-99236, pv=0.0429085, s=-0.1815]

Processing phenotype [ENSG00000263786.1] [159/202]
  * #variants in cis = 20
  * Best hit: [id=17_internal_11393, d=-806622, pv=0.0657276, s=0.1932]

Processing phenotype [ENSG00000265242.1] [160/202]
  * #variants in cis = 20
  * Best hit: [id=17_internal_10238, d=471880, pv=0.0957696, s=-0.1689]

Processing phenotype [ENSG00000189159.10] [161/202]
  * #variants in cis = 20
  * Best hit: [id=17_internal_10489, d=-57895, pv=0.0600204, s=0.2107]

Processing phenotype [ENSG00000188612.7] [162/202]
  * #variants in cis = 20
  * Best hit: [id=17_internal_10489, d=-43193, pv=0.0060549, s=0.2940]

Processing phenotype [ENSG00000125450.6] [163/202]
  * #variants in cis = 20
  * Best hit: [id=17_internal_8809, d=34927, pv=0.0447236, s=-0.2155]

Processing phenotype [ENSG00000125445.6] [164/202]
  * #variants in cis = 21
  * Best hit: [id=17_internal_9070, d=403968, pv=0.106084, s=0.1747]

Processing phenotype [ENSG00000125447.12] [165/202]
  * #variants in cis = 21
  * Best hit: [id=17_internal_11618, d=615618, pv=0.00568385, s=0.3112]

Processing phenotype [ENSG00000125457.9] [166/202]
  * #variants in cis = 21
  * Best hit: [id=17_internal_8608, d=-214452, pv=2.24062e-05, s=-0.4308]

Processing phenotype [ENSG00000263843.1] [167/202]
  * #variants in cis = 21
  * Best hit: [id=17_internal_9070, d=394273, pv=0.0200179, s=0.2679]

Processing phenotype [ENSG00000125454.7] [168/202]
  * #variants in cis = 21
  * Best hit: [id=17_internal_8639, d=-960508, pv=0.0291183, s=0.2204]

Processing phenotype [ENSG00000257073.1] [169/202]
  * #variants in cis = 21
  * Best hit: [id=17_internal_9070, d=-346313, pv=0.0331701, s=-0.2328]

Processing phenotype [ENSG00000228007.1] [170/202]
  * #variants in cis = 21
  * Best hit: [id=17_internal_8693, d=482500, pv=0.0831507, s=-0.1802]

Processing phenotype [ENSG00000265987.1] [171/202]
  * #variants in cis = 21
  * Best hit: [id=17_internal_9493, d=-481562, pv=0.0161118, s=-0.2641]

Processing phenotype [ENSG00000264853.1] [172/202]
  * #variants in cis = 21
  * Best hit: [id=17_internal_10297, d=0, pv=0.345105, s=0.1001]

Processing phenotype [ENSG00000265342.1] [173/202]
  * #variants in cis = 21
  * Best hit: [id=17_internal_8686, d=-913159, pv=0.0220763, s=0.2402]

Processing phenotype [ENSG00000177885.9] [174/202]
  * #variants in cis = 21
  * Best hit: [id=17_internal_8639, d=-844309, pv=0.028158, s=-0.2436]

Processing phenotype [ENSG00000177728.10] [175/202]
  * #variants in cis = 21
  * Best hit: [id=17_internal_8693, d=380168, pv=0.0190687, s=-0.2412]

Processing phenotype [ENSG00000265636.1] [176/202]
  * #variants in cis = 20
  * Best hit: [id=17_internal_8736, d=-712926, pv=0.0369802, s=0.2395]

Processing phenotype [ENSG00000177303.5] [177/202]
  * #variants in cis = 21
  * Best hit: [id=17_internal_8809, d=262694, pv=0.0026683, s=0.3248]

Processing phenotype [ENSG00000182173.8] [178/202]
  * #variants in cis = 21
  * Best hit: [id=17_internal_10778, d=993956, pv=0.0533398, s=0.2071]

Processing phenotype [ENSG00000073350.9] [179/202]
  * #variants in cis = 21
  * Best hit: [id=17_internal_11393, d=428102, pv=0.0066937, s=0.3079]

Processing phenotype [ENSG00000266714.1] [180/202]
  * #variants in cis = 24
  * Best hit: [id=17_internal_8608, d=0, pv=1.03232e-05, s=0.4402]

Processing phenotype [ENSG00000188126.7] [181/202]
  * #variants in cis = 24
  * Best hit: [id=17_internal_8608, d=0, pv=1.33358e-05, s=0.4393]

Processing phenotype [ENSG00000204323.5] [182/202]
  * #variants in cis = 25
  * Best hit: [id=17_internal_8809, d=-380544, pv=0.0267197, s=0.2266]

Processing phenotype [ENSG00000259120.2] [183/202]
  * #variants in cis = 25
  * Best hit: [id=17_internal_10489, d=-393730, pv=0.0176619, s=0.2597]

Processing phenotype [ENSG00000161526.10] [184/202]
  * #variants in cis = 24
  * Best hit: [id=17_internal_10297, d=-253500, pv=0.0128494, s=0.2561]

Processing phenotype [ENSG00000108469.10] [185/202]
  * #variants in cis = 24
  * Best hit: [id=17_internal_10489, d=414676, pv=0.0306146, s=0.2436]

Processing phenotype [ENSG00000264829.1] [186/202]
  * #variants in cis = 24
  * Best hit: [id=17_internal_10778, d=-830050, pv=0.160676, s=0.1547]

Processing phenotype [ENSG00000264270.1] [187/202]
  * #variants in cis = 24
  * Best hit: [id=17_internal_8809, d=431909, pv=0.0665527, s=0.1934]

Processing phenotype [ENSG00000132470.9] [188/202]
  * #variants in cis = 23
  * Best hit: [id=17_internal_9493, d=-858484, pv=0.00013232, s=0.3657]

Processing phenotype [ENSG00000108479.7] [189/202]
  * #variants in cis = 23
  * Best hit: [id=17_internal_9234, d=-585613, pv=0.104453, s=0.1813]

Processing phenotype [ENSG00000132478.5] [190/202]
  * #variants in cis = 22
  * Best hit: [id=17_internal_9234, d=566724, pv=0.0805697, s=-0.1951]

Processing phenotype [ENSG00000132475.4] [191/202]
  * #variants in cis = 22
  * Best hit: [id=17_internal_10940, d=46009, pv=0.049852, s=0.2080]

Processing phenotype [ENSG00000266980.1] [192/202]
  * #variants in cis = 22
  * Best hit: [id=17_internal_11175, d=976189, pv=0.0351062, s=-0.2310]

Processing phenotype [ENSG00000178932.2] [193/202]
  * #variants in cis = 22
  * Best hit: [id=17_internal_11175, d=978124, pv=0.00674303, s=-0.2730]

Processing phenotype [ENSG00000092929.7] [194/202]
  * #variants in cis = 21
  * Best hit: [id=17_internal_8639, d=-405301, pv=0.0184129, s=-0.2414]

Processing phenotype [ENSG00000132471.7] [195/202]
  * #variants in cis = 21
  * Best hit: [id=17_internal_8608, d=265155, pv=0.0226638, s=0.2408]

Processing phenotype [ENSG00000267801.1] [196/202]
  * #variants in cis = 20
  * Best hit: [id=17_internal_9031, d=699335, pv=0.01341, s=-0.2765]

Processing phenotype [ENSG00000132481.2] [197/202]
  * #variants in cis = 20
  * Best hit: [id=17_internal_8563, d=-64736, pv=0.0222009, s=-0.2532]

Processing phenotype [ENSG00000141569.6] [198/202]
  * #variants in cis = 20
  * Best hit: [id=17_internal_10297, d=483388, pv=0.148441, s=0.1581]

Processing phenotype [ENSG00000267342.1] [199/202]
  * #variants in cis = 20
  * Best hit: [id=17_internal_10940, d=-157176, pv=0.0518108, s=0.2120]

Processing phenotype [ENSG00000204316.8] [200/202]
  * #variants in cis = 20
  * Best hit: [id=17_internal_9394, d=-617453, pv=0.199141, s=-0.1426]

Processing phenotype [ENSG00000267426.1] [201/202]
  * #variants in cis = 20
  * Best hit: [id=17_internal_9031, d=-645578, pv=0.231068, s=-0.1358]

Processing phenotype [ENSG00000188878.11] [202/202]
  * #variants in cis = 20
  * Best hit: [id=17_internal_8693, d=102841, pv=0.138948, s=-0.1718]

Running time: 1 seconds
