Sender: LSF System <lsfadmin@cpt05>
Subject: Job 974809: </data/unige/funpopgen/odelanea/SGX/V2/binaries/qtltools/bin/QTLtools cis --vcf /data/unige/funpopgen/grey2/SYSCID/BLUEPRINT_DATA/CRD/THREE_CELL_TYPES/CLOMICS/CELL_TYPE_COMPARISON_GENE_CRD_ASSOCIATIONS/quantify/73_vs_70_ALL.ALLchr.mean.txt.gz --bed /data/unige/funpopgen/grey2/SYSCID/BLUEPRINT_DATA/CRD/THREE_CELL_TYPES/QTL_TOOLS/EGAD00001002671_v3.0/EGAD00001002671_RNA.PC10.bed.gz --nominal /data/unige/funpopgen/grey2/SYSCID/BLUEPRINT_DATA/CRD/THREE_CELL_TYPES/CLOMICS/CELL_TYPE_COMPARISON_GENE_CRD_ASSOCIATIONS/mapping_aCRD_gene/73_vs_70/gene_CRD_mean_permutations.thresholds.txt --chunk 88 100 --out /data/unige/funpopgen/grey2/SYSCID/BLUEPRINT_DATA/CRD/THREE_CELL_TYPES/CLOMICS/CELL_TYPE_COMPARISON_GENE_CRD_ASSOCIATIONS/mapping_aCRD_gene/73_vs_70/mapping_gene_CRD_mean_chunk88\.txt> in cluster <ug> Done

Job </data/unige/funpopgen/odelanea/SGX/V2/binaries/qtltools/bin/QTLtools cis --vcf /data/unige/funpopgen/grey2/SYSCID/BLUEPRINT_DATA/CRD/THREE_CELL_TYPES/CLOMICS/CELL_TYPE_COMPARISON_GENE_CRD_ASSOCIATIONS/quantify/73_vs_70_ALL.ALLchr.mean.txt.gz --bed /data/unige/funpopgen/grey2/SYSCID/BLUEPRINT_DATA/CRD/THREE_CELL_TYPES/QTL_TOOLS/EGAD00001002671_v3.0/EGAD00001002671_RNA.PC10.bed.gz --nominal /data/unige/funpopgen/grey2/SYSCID/BLUEPRINT_DATA/CRD/THREE_CELL_TYPES/CLOMICS/CELL_TYPE_COMPARISON_GENE_CRD_ASSOCIATIONS/mapping_aCRD_gene/73_vs_70/gene_CRD_mean_permutations.thresholds.txt --chunk 88 100 --out /data/unige/funpopgen/grey2/SYSCID/BLUEPRINT_DATA/CRD/THREE_CELL_TYPES/CLOMICS/CELL_TYPE_COMPARISON_GENE_CRD_ASSOCIATIONS/mapping_aCRD_gene/73_vs_70/mapping_gene_CRD_mean_chunk88\.txt> was submitted from host <cpt01> by user <grey2> in cluster <ug>.
Job was executed on host(s) <cpt05>, in queue <normal>, as user <grey2> in cluster <ug>.
</home/grey2> was used as the home directory.
</data/unige/funpopgen/grey2/SYSCID/BLUEPRINT_DATA/CRD/THREE_CELL_TYPES/CLOMICS/CELL_TYPE_COMPARISON_GENE_CRD_ASSOCIATIONS> was used as the working directory.
Started at Thu Mar 21 13:50:49 2019
Results reported at Thu Mar 21 13:50:54 2019

Your job looked like:

------------------------------------------------------------
# LSBATCH: User input
/data/unige/funpopgen/odelanea/SGX/V2/binaries/qtltools/bin/QTLtools cis --vcf /data/unige/funpopgen/grey2/SYSCID/BLUEPRINT_DATA/CRD/THREE_CELL_TYPES/CLOMICS/CELL_TYPE_COMPARISON_GENE_CRD_ASSOCIATIONS/quantify/73_vs_70_ALL.ALLchr.mean.txt.gz --bed /data/unige/funpopgen/grey2/SYSCID/BLUEPRINT_DATA/CRD/THREE_CELL_TYPES/QTL_TOOLS/EGAD00001002671_v3.0/EGAD00001002671_RNA.PC10.bed.gz --nominal /data/unige/funpopgen/grey2/SYSCID/BLUEPRINT_DATA/CRD/THREE_CELL_TYPES/CLOMICS/CELL_TYPE_COMPARISON_GENE_CRD_ASSOCIATIONS/mapping_aCRD_gene/73_vs_70/gene_CRD_mean_permutations.thresholds.txt --chunk 88 100 --out /data/unige/funpopgen/grey2/SYSCID/BLUEPRINT_DATA/CRD/THREE_CELL_TYPES/CLOMICS/CELL_TYPE_COMPARISON_GENE_CRD_ASSOCIATIONS/mapping_aCRD_gene/73_vs_70/mapping_gene_CRD_mean_chunk88\.txt

------------------------------------------------------------

Successfully completed.

Resource usage summary:

    CPU time :               1.30 sec.
    Max Memory :             2.87 MB
    Average Memory :         2.87 MB
    Total Requested Memory : -
    Delta Memory :           -
    (Delta: the difference between total requested memory and actual max usage.)
    Max Swap :               31 MB

    Max Processes :          1
    Max Threads :            1

The output (if any) follows:


[32mQTLtools[0m
  * Authors : Olivier DELANEAU / Halit ONGEN / Emmanouil DERMITZAKIS
  * Contact : olivier.delaneau@gmail.com / halit.ongen@unige.ch / Emmanouil.Dermitzakis@unige.ch
  * Webpage : https://qtltools.github.io/qtltools/
  * Version : 1.1
  * Date    : 21/03/2019 - 13:50:52
  * Citation: A complete tool set for molecular QTL discovery and analysis, https://doi.org/10.1101/068635

[32mMAPPING QTL IN CIS[0m
  * TASK: Report all nominal associations with p below thresholds in [/data/unige/funpopgen/grey2/SYSCID/BLUEPRINT_DATA/CRD/THREE_CELL_TYPES/CLOMICS/CELL_TYPE_COMPARISON_GENE_CRD_ASSOCIATIONS/mapping_aCRD_gene/73_vs_70/gene_CRD_mean_permutations.thresholds.txt]
  * Linear model: Phe ~ Var
  * Cis-window size is 1000000 bp
  * Chunk = [88/100]

Scanning phenotype data in [/data/unige/funpopgen/grey2/SYSCID/BLUEPRINT_DATA/CRD/THREE_CELL_TYPES/QTL_TOOLS/EGAD00001002671_v3.0/EGAD00001002671_RNA.PC10.bed.gz]
  * 24372 phenotypes included
  * 12152 phenotypes are on the negative strand

Initialize random number generator
  * Built-in seed is 15112011
  * First Integer = 30554
  * First Double = 0.0126695

Reading sample list from [/data/unige/funpopgen/grey2/SYSCID/BLUEPRINT_DATA/CRD/THREE_CELL_TYPES/QTL_TOOLS/EGAD00001002671_v3.0/EGAD00001002671_RNA.PC10.bed.gz]
  * #samples = 169

Reading sample list from [/data/unige/funpopgen/grey2/SYSCID/BLUEPRINT_DATA/CRD/THREE_CELL_TYPES/CLOMICS/CELL_TYPE_COMPARISON_GENE_CRD_ASSOCIATIONS/quantify/73_vs_70_ALL.ALLchr.mean.txt.gz]
  * #samples = 94

Merging sample sets from all input files
  * #files = 2
  * #samples in all files = 91
  * #samples NOT in all files (i.e. ignored) = 81

Reading phenotype data in [/data/unige/funpopgen/grey2/SYSCID/BLUEPRINT_DATA/CRD/THREE_CELL_TYPES/QTL_TOOLS/EGAD00001002671_v3.0/EGAD00001002671_RNA.PC10.bed.gz]
  * target region [8:30454431-77913280]
  * 204 phenotypes included
  * 104 phenotypes are on the negative strand

Reading genotype data in [/data/unige/funpopgen/grey2/SYSCID/BLUEPRINT_DATA/CRD/THREE_CELL_TYPES/CLOMICS/CELL_TYPE_COMPARISON_GENE_CRD_ASSOCIATIONS/quantify/73_vs_70_ALL.ALLchr.mean.txt.gz]
  * File format detected: BED
  * 91 samples included
  * 5 samples without phenotype data
  * target region [8:29454431-78913280]
  * 95 variants included

Reading nominal thresholds in [/data/unige/funpopgen/grey2/SYSCID/BLUEPRINT_DATA/CRD/THREE_CELL_TYPES/CLOMICS/CELL_TYPE_COMPARISON_GENE_CRD_ASSOCIATIONS/mapping_aCRD_gene/73_vs_70/gene_CRD_mean_permutations.thresholds.txt]
  * #phenotypes set = 204

Processing phenotype [ENSG00000253112.1] [1/204]
  * #variants in cis = 8
  * Best hit: [id=8_internal_8091, d=-437399, pv=0.0912621, s=-0.1705]

Processing phenotype [ENSG00000253457.1] [2/204]
  * #variants in cis = 8
  * Best hit: [id=8_internal_8091, d=-479085, pv=0.135668, s=-0.1686]

Processing phenotype [ENSG00000197265.4] [3/204]
  * #variants in cis = 7
  * Best hit: [id=8_internal_9071, d=641845, pv=0.470239, s=-0.0800]

Processing phenotype [ENSG00000104687.8] [4/204]
  * #variants in cis = 7
  * Best hit: [id=8_internal_6745, d=-549189, pv=0.00459222, s=0.2987]

Processing phenotype [ENSG00000104691.10] [5/204]
  * #variants in cis = 7
  * Best hit: [id=8_internal_6745, d=544868, pv=0.293797, s=-0.0994]

Processing phenotype [ENSG00000104695.7] [6/204]
  * #variants in cis = 7
  * Best hit: [id=8_internal_9071, d=797907, pv=0.0231755, s=0.2553]

Processing phenotype [ENSG00000165392.5] [7/204]
  * #variants in cis = 6
  * Best hit: [id=8_internal_7048, d=-609898, pv=0.0312836, s=0.2254]

Processing phenotype [ENSG00000253579.1] [8/204]
  * #variants in cis = 6
  * Best hit: [id=8_internal_8091, d=972286, pv=0.000178346, s=-0.3731]

Processing phenotype [ENSG00000253961.1] [9/204]
  * #variants in cis = 4
  * Best hit: [id=8_internal_10521, d=187433, pv=0.047005, s=0.1945]

Processing phenotype [ENSG00000247134.2] [10/204]
  * #variants in cis = 5
  * Best hit: [id=8_internal_7376, d=-333, pv=0.172103, s=0.1526]

Processing phenotype [ENSG00000172728.11] [11/204]
  * #variants in cis = 5
  * Best hit: [id=8_internal_7976, d=0, pv=0.000418782, s=0.3313]

Processing phenotype [ENSG00000198042.5] [12/204]
  * #variants in cis = 5
  * Best hit: [id=8_internal_7817, d=0, pv=0.12482, s=-0.1748]

Processing phenotype [ENSG00000239039.1] [13/204]
  * #variants in cis = 5
  * Best hit: [id=8_internal_8234, d=0, pv=0.124742, s=0.1667]

Processing phenotype [ENSG00000129696.7] [14/204]
  * #variants in cis = 5
  * Best hit: [id=8_internal_8234, d=0, pv=0.635471, s=0.0570]

Processing phenotype [ENSG00000133874.1] [15/204]
  * #variants in cis = 5
  * Best hit: [id=8_internal_8234, d=0, pv=0.0329756, s=0.2207]

Processing phenotype [ENSG00000243181.2] [16/204]
  * #variants in cis = 0

Processing phenotype [ENSG00000232024.2] [17/204]
  * #variants in cis = 0

Processing phenotype [ENSG00000147475.9] [18/204]
  * #variants in cis = 7
  * Best hit: [id=8_internal_7953, d=704893, pv=0.140911, s=-0.1523]

Processing phenotype [ENSG00000183154.1] [19/204]
  * #variants in cis = 7
  * Best hit: [id=8_internal_8766, d=-614767, pv=0.489044, s=-0.0729]

Processing phenotype [ENSG00000233170.3] [20/204]
  * #variants in cis = 7
  * Best hit: [id=8_internal_8766, d=-604189, pv=0.373583, s=-0.1023]

Processing phenotype [ENSG00000147471.6] [21/204]
  * #variants in cis = 7
  * Best hit: [id=8_internal_7953, d=678899, pv=0.0354253, s=-0.2280]

Processing phenotype [ENSG00000020181.12] [22/204]
  * #variants in cis = 7
  * Best hit: [id=8_internal_9968, d=645333, pv=0.317995, s=0.1004]

Processing phenotype [ENSG00000104221.8] [23/204]
  * #variants in cis = 7
  * Best hit: [id=8_internal_8409, d=25365, pv=0.295936, s=0.1010]

Processing phenotype [ENSG00000156675.11] [24/204]
  * #variants in cis = 7
  * Best hit: [id=8_internal_7953, d=-542025, pv=0.181163, s=-0.1420]

Processing phenotype [ENSG00000187840.4] [25/204]
  * #variants in cis = 8
  * Best hit: [id=8_internal_9968, d=399183, pv=0.113004, s=-0.1625]

Processing phenotype [ENSG00000260949.1] [26/204]
  * #variants in cis = 8
  * Best hit: [id=8_internal_8409, d=-238342, pv=0.171465, s=0.1504]

Processing phenotype [ENSG00000129691.10] [27/204]
  * #variants in cis = 8
  * Best hit: [id=8_internal_10181, d=-512109, pv=0.0922613, s=0.1717]

Processing phenotype [ENSG00000240015.2] [28/204]
  * #variants in cis = 8
  * Best hit: [id=8_internal_8766, d=228919, pv=0.0872795, s=0.1870]

Processing phenotype [ENSG00000253356.1] [29/204]
  * #variants in cis = 8
  * Best hit: [id=8_internal_7036, d=824434, pv=0.0558683, s=0.2181]

Processing phenotype [ENSG00000147465.6] [30/204]
  * #variants in cis = 8
  * Best hit: [id=8_internal_7036, d=-821910, pv=0.0774222, s=0.1625]

Processing phenotype [ENSG00000206610.1] [31/204]
  * #variants in cis = 8
  * Best hit: [id=8_internal_7953, d=-275374, pv=0.0508559, s=-0.2102]

Processing phenotype [ENSG00000253739.1] [32/204]
  * #variants in cis = 8
  * Best hit: [id=8_internal_7953, d=-275374, pv=0.0508559, s=-0.2102]

Processing phenotype [ENSG00000156735.6] [33/204]
  * #variants in cis = 8
  * Best hit: [id=8_internal_7496, d=524609, pv=0.0949013, s=-0.1763]

Processing phenotype [ENSG00000175324.5] [34/204]
  * #variants in cis = 8
  * Best hit: [id=8_internal_9968, d=-252794, pv=0.160792, s=-0.1470]

Processing phenotype [ENSG00000248585.2] [35/204]
  * #variants in cis = 8
  * Best hit: [id=8_internal_9223, d=611756, pv=0.0281795, s=-0.2309]

Processing phenotype [ENSG00000085788.9] [36/204]
  * #variants in cis = 8
  * Best hit: [id=8_internal_9223, d=-632736, pv=0.0708133, s=0.2142]

Processing phenotype [ENSG00000147535.12] [37/204]
  * #variants in cis = 8
  * Best hit: [id=8_internal_7953, d=-172249, pv=0.154872, s=-0.1459]

Processing phenotype [ENSG00000255487.1] [38/204]
  * #variants in cis = 8
  * Best hit: [id=8_internal_7496, d=425254, pv=0.0927701, s=0.1786]

Processing phenotype [ENSG00000254898.1] [39/204]
  * #variants in cis = 8
  * Best hit: [id=8_internal_7496, d=365161, pv=0.235074, s=-0.1253]

Processing phenotype [ENSG00000147548.11] [40/204]
  * #variants in cis = 8
  * Best hit: [id=8_internal_7036, d=-590903, pv=0.164621, s=-0.1399]

Processing phenotype [ENSG00000165046.8] [41/204]
  * #variants in cis = 8
  * Best hit: [id=8_internal_7496, d=314935, pv=0.148655, s=0.1713]

Processing phenotype [ENSG00000255201.1] [42/204]
  * #variants in cis = 8
  * Best hit: [id=8_internal_9223, d=-829407, pv=0.0150235, s=0.2483]

Processing phenotype [ENSG00000077782.15] [43/204]
  * #variants in cis = 8
  * Best hit: [id=8_internal_9968, d=25837, pv=0.00481269, s=0.2984]

Processing phenotype [ENSG00000253570.1] [44/204]
  * #variants in cis = 6
  * Best hit: [id=8_internal_8409, d=776661, pv=0.0485146, s=-0.2112]

Processing phenotype [ENSG00000147526.14] [45/204]
  * #variants in cis = 6
  * Best hit: [id=8_internal_8766, d=-317938, pv=0.0328698, s=-0.2393]

Processing phenotype [ENSG00000253586.1] [46/204]
  * #variants in cis = 6
  * Best hit: [id=8_internal_8409, d=-975104, pv=0.0310061, s=0.2235]

Processing phenotype [ENSG00000253829.1] [47/204]
  * #variants in cis = 5
  * Best hit: [id=8_internal_7496, d=124149, pv=0.156343, s=-0.1422]

Processing phenotype [ENSG00000169499.9] [48/204]
  * #variants in cis = 5
  * Best hit: [id=8_internal_7953, d=-431994, pv=0.238721, s=0.1379]

Processing phenotype [ENSG00000253645.1] [49/204]
  * #variants in cis = 6
  * Best hit: [id=8_internal_9690, d=-939167, pv=0.136439, s=-0.1490]

Processing phenotype [ENSG00000169495.4] [50/204]
  * #variants in cis = 6
  * Best hit: [id=8_internal_8766, d=-563917, pv=0.163287, s=0.1436]

Processing phenotype [ENSG00000169490.12] [51/204]
  * #variants in cis = 6
  * Best hit: [id=8_internal_7036, d=8950, pv=0.0436726, s=-0.2211]

Processing phenotype [ENSG00000168615.7] [52/204]
  * #variants in cis = 6
  * Best hit: [id=8_internal_7496, d=-274580, pv=0.297168, s=-0.1152]

Processing phenotype [ENSG00000147533.11] [53/204]
  * #variants in cis = 5
  * Best hit: [id=8_internal_10223, d=0, pv=8.62052e-05, s=0.4378]

Processing phenotype [ENSG00000253943.1] [54/204]
  * #variants in cis = 5
  * Best hit: [id=8_internal_7041, d=-185767, pv=0.0203067, s=0.2511]

Processing phenotype [ENSG00000147536.6] [55/204]
  * #variants in cis = 6
  * Best hit: [id=8_internal_10223, d=0, pv=0.148129, s=0.1698]

Processing phenotype [ENSG00000253174.2] [56/204]
  * #variants in cis = 6
  * Best hit: [id=8_internal_10223, d=14861, pv=0.0743504, s=0.1918]

Processing phenotype [ENSG00000158669.7] [57/204]
  * #variants in cis = 6
  * Best hit: [id=8_internal_10776, d=0, pv=0.0831629, s=0.1931]

Processing phenotype [ENSG00000253133.1] [58/204]
  * #variants in cis = 6
  * Best hit: [id=8_internal_8577, d=-317505, pv=0.1508, s=0.1504]

Processing phenotype [ENSG00000264578.1] [59/204]
  * #variants in cis = 7
  * Best hit: [id=8_internal_10776, d=0, pv=0.0455134, s=0.2267]

Processing phenotype [ENSG00000260588.1] [60/204]
  * #variants in cis = 8
  * Best hit: [id=8_internal_8119, d=-785987, pv=0.074205, s=0.1929]

Processing phenotype [ENSG00000029534.15] [61/204]
  * #variants in cis = 8
  * Best hit: [id=8_internal_8119, d=-719159, pv=0.0100919, s=-0.2708]

Processing phenotype [ENSG00000256905.1] [62/204]
  * #variants in cis = 8
  * Best hit: [id=8_internal_8577, d=0, pv=0.105733, s=0.1688]

Processing phenotype [ENSG00000238966.1] [63/204]
  * #variants in cis = 8
  * Best hit: [id=8_internal_8636, d=-707727, pv=0.380135, s=-0.0937]

Processing phenotype [ENSG00000083168.5] [64/204]
  * #variants in cis = 8
  * Best hit: [id=8_internal_8577, d=491, pv=0.126425, s=0.1607]

Processing phenotype [ENSG00000261449.1] [65/204]
  * #variants in cis = 8
  * Best hit: [id=8_internal_10223, d=622579, pv=0.02696, s=-0.2641]

Processing phenotype [ENSG00000070718.7] [66/204]
  * #variants in cis = 8
  * Best hit: [id=8_internal_8119, d=462975, pv=0.0655171, s=-0.2061]

Processing phenotype [ENSG00000104368.13] [67/204]
  * #variants in cis = 8
  * Best hit: [id=8_internal_8119, d=-408197, pv=0.26325, s=-0.1288]

Processing phenotype [ENSG00000104365.9] [68/204]
  * #variants in cis = 9
  * Best hit: [id=8_internal_10223, d=-741118, pv=0.0529073, s=-0.1859]

Processing phenotype [ENSG00000070501.6] [69/204]
  * #variants in cis = 8
  * Best hit: [id=8_internal_10691, d=896584, pv=0.251759, s=-0.1296]

Processing phenotype [ENSG00000240395.1] [70/204]
  * #variants in cis = 8
  * Best hit: [id=8_internal_8119, d=-273287, pv=0.0719632, s=-0.1747]

Processing phenotype [ENSG00000078668.8] [71/204]
  * #variants in cis = 8
  * Best hit: [id=8_internal_8636, d=359678, pv=0.0117991, s=0.2679]

Processing phenotype [ENSG00000254131.1] [72/204]
  * #variants in cis = 8
  * Best hit: [id=8_internal_7520, d=33804, pv=0.192529, s=0.1324]

Processing phenotype [ENSG00000254165.1] [73/204]
  * #variants in cis = 7
  * Best hit: [id=8_internal_8577, d=484430, pv=0.0199361, s=0.2343]

Processing phenotype [ENSG00000176209.6] [74/204]
  * #variants in cis = 7
  * Best hit: [id=8_internal_10776, d=-851890, pv=0.198428, s=0.1532]

Processing phenotype [ENSG00000168575.5] [75/204]
  * #variants in cis = 7
  * Best hit: [id=8_internal_8577, d=488052, pv=0.0814157, s=-0.1974]

Processing phenotype [ENSG00000255101.1] [76/204]
  * #variants in cis = 6
  * Best hit: [id=8_internal_8119, d=64922, pv=0.554046, s=0.0657]

Processing phenotype [ENSG00000131931.4] [77/204]
  * #variants in cis = 6
  * Best hit: [id=8_internal_8021, d=484096, pv=0.0490581, s=0.1961]

Processing phenotype [ENSG00000242719.2] [78/204]
  * #variants in cis = 6
  * Best hit: [id=8_internal_8119, d=-224212, pv=0.121573, s=0.1657]

Processing phenotype [ENSG00000168172.3] [79/204]
  * #variants in cis = 6
  * Best hit: [id=8_internal_7520, d=-371090, pv=0.466834, s=0.0750]

Processing phenotype [ENSG00000120925.9] [80/204]
  * #variants in cis = 6
  * Best hit: [id=8_internal_8119, d=240266, pv=0.0339256, s=-0.2362]

Processing phenotype [ENSG00000202514.1] [81/204]
  * #variants in cis = 7
  * Best hit: [id=8_internal_10691, d=-287918, pv=0.196018, s=-0.1377]

Processing phenotype [ENSG00000254673.1] [82/204]
  * #variants in cis = 7
  * Best hit: [id=8_internal_8119, d=-361400, pv=0.0151009, s=-0.2543]

Processing phenotype [ENSG00000168522.8] [83/204]
  * #variants in cis = 7
  * Best hit: [id=8_internal_8119, d=-377170, pv=0.125726, s=-0.1702]

Processing phenotype [ENSG00000200731.1] [84/204]
  * #variants in cis = 6
  * Best hit: [id=8_internal_7520, d=-547632, pv=0.136346, s=-0.1483]

Processing phenotype [ENSG00000185900.5] [85/204]
  * #variants in cis = 6
  * Best hit: [id=8_internal_8119, d=-436491, pv=0.0574004, s=-0.2084]

Processing phenotype [ENSG00000254198.1] [86/204]
  * #variants in cis = 6
  * Best hit: [id=8_internal_8065, d=-788133, pv=0.0723536, s=0.1914]

Processing phenotype [ENSG00000165102.10] [87/204]
  * #variants in cis = 6
  * Best hit: [id=8_internal_8065, d=774117, pv=0.0331438, s=-0.2054]

Processing phenotype [ENSG00000188873.4] [88/204]
  * #variants in cis = 9
  * Best hit: [id=8_internal_9192, d=675876, pv=0.069809, s=0.1880]

Processing phenotype [ENSG00000164808.11] [89/204]
  * #variants in cis = 9
  * Best hit: [id=8_internal_8368, d=-342894, pv=0.0632408, s=0.1970]

Processing phenotype [ENSG00000253330.1] [90/204]
  * #variants in cis = 9
  * Best hit: [id=8_internal_9192, d=-319914, pv=0.190035, s=-0.1392]

Processing phenotype [ENSG00000251354.3] [91/204]
  * #variants in cis = 9
  * Best hit: [id=8_internal_7599, d=-127334, pv=0.177719, s=-0.1393]

Processing phenotype [ENSG00000221869.4] [92/204]
  * #variants in cis = 10
  * Best hit: [id=8_internal_8056, d=-101555, pv=0.0592868, s=-0.1931]

Processing phenotype [ENSG00000253729.3] [93/204]
  * #variants in cis = 10
  * Best hit: [id=8_internal_9192, d=104053, pv=0.0766951, s=0.2004]

Processing phenotype [ENSG00000104738.11] [94/204]
  * #variants in cis = 10
  * Best hit: [id=8_internal_8404, d=854622, pv=0.090808, s=0.1848]

Processing phenotype [ENSG00000169139.6] [95/204]
  * #variants in cis = 10
  * Best hit: [id=8_internal_8933, d=-137509, pv=0.0665778, s=0.2234]

Processing phenotype [ENSG00000147485.8] [96/204]
  * #variants in cis = 1
  * Best hit: [id=8_internal_7844, d=-355603, pv=0.637152, s=0.0540]

Processing phenotype [ENSG00000232941.1] [97/204]
  * #variants in cis = 1
  * Best hit: [id=8_internal_7844, d=347465, pv=0.69761, s=-0.0414]

Processing phenotype [ENSG00000253475.1] [98/204]
  * #variants in cis = 1
  * Best hit: [id=8_internal_7844, d=-268674, pv=0.665502, s=0.0423]

Processing phenotype [ENSG00000168300.9] [99/204]
  * #variants in cis = 1
  * Best hit: [id=8_internal_7844, d=-265873, pv=0.0449079, s=-0.2241]

Processing phenotype [ENSG00000228801.4] [100/204]
  * #variants in cis = 1
  * Best hit: [id=8_internal_7844, d=265723, pv=0.166943, s=-0.1478]

Processing phenotype [ENSG00000023287.8] [101/204]
  * #variants in cis = 1
  * Best hit: [id=8_internal_7844, d=568031, pv=0.24098, s=0.1341]

Processing phenotype [ENSG00000047249.11] [102/204]
  * #variants in cis = 0

Processing phenotype [ENSG00000147509.9] [103/204]
  * #variants in cis = 0

Processing phenotype [ENSG00000253667.1] [104/204]
  * #variants in cis = 0

Processing phenotype [ENSG00000187735.8] [105/204]
  * #variants in cis = 0

Processing phenotype [ENSG00000260955.1] [106/204]
  * #variants in cis = 0

Processing phenotype [ENSG00000254274.1] [107/204]
  * #variants in cis = 0

Processing phenotype [ENSG00000120992.12] [108/204]
  * #variants in cis = 0

Processing phenotype [ENSG00000137547.4] [109/204]
  * #variants in cis = 0

Processing phenotype [ENSG00000137574.6] [110/204]
  * #variants in cis = 5
  * Best hit: [id=8_internal_6888, d=197040, pv=0.156648, s=-0.1441]

Processing phenotype [ENSG00000167904.10] [111/204]
  * #variants in cis = 5
  * Best hit: [id=8_internal_8852, d=-627466, pv=0.0338245, s=0.2052]

Processing phenotype [ENSG00000254087.2] [112/204]
  * #variants in cis = 5
  * Best hit: [id=8_internal_7193, d=67617, pv=0.016594, s=-0.2493]

Processing phenotype [ENSG00000236814.1] [113/204]
  * #variants in cis = 5
  * Best hit: [id=8_internal_8624, d=0, pv=0.0904672, s=0.1746]

Processing phenotype [ENSG00000238650.1] [114/204]
  * #variants in cis = 5
  * Best hit: [id=8_internal_6743, d=77417, pv=0.015528, s=0.2529]

Processing phenotype [ENSG00000008988.5] [115/204]
  * #variants in cis = 5
  * Best hit: [id=8_internal_6743, d=78026, pv=0.0403223, s=0.2287]

Processing phenotype [ENSG00000248578.1] [116/204]
  * #variants in cis = 5
  * Best hit: [id=8_internal_6743, d=105783, pv=0.457935, s=0.0828]

Processing phenotype [ENSG00000181690.3] [117/204]
  * #variants in cis = 6
  * Best hit: [id=8_internal_8852, d=-189549, pv=0.154152, s=0.1568]

Processing phenotype [ENSG00000170791.13] [118/204]
  * #variants in cis = 6
  * Best hit: [id=8_internal_8624, d=-142930, pv=0.12676, s=-0.1642]

Processing phenotype [ENSG00000241431.1] [119/204]
  * #variants in cis = 6
  * Best hit: [id=8_internal_8852, d=-141207, pv=0.194872, s=-0.1361]

Processing phenotype [ENSG00000197334.1] [120/204]
  * #variants in cis = 7
  * Best hit: [id=8_internal_8624, d=-887332, pv=0.0135303, s=-0.2411]

Processing phenotype [ENSG00000104331.4] [121/204]
  * #variants in cis = 7
  * Best hit: [id=8_internal_7193, d=986018, pv=0.0848024, s=-0.1881]

Processing phenotype [ENSG00000215114.3] [122/204]
  * #variants in cis = 6
  * Best hit: [id=8_internal_8470, d=178505, pv=0.209993, s=-0.1345]

Processing phenotype [ENSG00000250031.1] [123/204]
  * #variants in cis = 6
  * Best hit: [id=8_internal_8894, d=312417, pv=0.0143196, s=-0.2543]

Processing phenotype [ENSG00000137575.7] [124/204]
  * #variants in cis = 6
  * Best hit: [id=8_internal_7063, d=0, pv=0.0968858, s=-0.1859]

Processing phenotype [ENSG00000242970.2] [125/204]
  * #variants in cis = 6
  * Best hit: [id=8_internal_9006, d=208953, pv=0.00809936, s=0.2597]

Processing phenotype [ENSG00000035681.3] [126/204]
  * #variants in cis = 6
  * Best hit: [id=8_internal_8470, d=49990, pv=0.374554, s=0.0842]

Processing phenotype [ENSG00000167912.5] [127/204]
  * #variants in cis = 6
  * Best hit: [id=8_internal_8470, d=-509186, pv=0.0414776, s=0.2199]

Processing phenotype [ENSG00000198846.5] [128/204]
  * #variants in cis = 6
  * Best hit: [id=8_internal_8539, d=10625, pv=0.00205734, s=0.3115]

Processing phenotype [ENSG00000178538.5] [129/204]
  * #variants in cis = 6
  * Best hit: [id=8_internal_8718, d=-98360, pv=0.168484, s=0.1415]

Processing phenotype [ENSG00000104388.10] [130/204]
  * #variants in cis = 6
  * Best hit: [id=8_internal_8139, d=308142, pv=0.102647, s=0.1799]

Processing phenotype [ENSG00000255321.1] [131/204]
  * #variants in cis = 6
  * Best hit: [id=8_internal_10210, d=-98344, pv=0.12075, s=-0.1552]

Processing phenotype [ENSG00000171316.6] [132/204]
  * #variants in cis = 8
  * Best hit: [id=8_internal_10210, d=0, pv=0.00670917, s=0.2914]

Processing phenotype [ENSG00000254432.1] [133/204]
  * #variants in cis = 8
  * Best hit: [id=8_internal_10210, d=26838, pv=0.180397, s=0.1434]

Processing phenotype [ENSG00000254777.1] [134/204]
  * #variants in cis = 9
  * Best hit: [id=8_internal_9157, d=0, pv=0.0464251, s=0.2238]

Processing phenotype [ENSG00000255397.1] [135/204]
  * #variants in cis = 9
  * Best hit: [id=8_internal_7737, d=-714404, pv=0.0341124, s=-0.2311]

Processing phenotype [ENSG00000254802.1] [136/204]
  * #variants in cis = 9
  * Best hit: [id=8_internal_9157, d=0, pv=0.0284, s=0.2362]

Processing phenotype [ENSG00000177182.6] [137/204]
  * #variants in cis = 9
  * Best hit: [id=8_internal_10210, d=-274390, pv=0.039649, s=-0.2421]

Processing phenotype [ENSG00000213881.3] [138/204]
  * #variants in cis = 9
  * Best hit: [id=8_internal_9157, d=-201406, pv=0.0992855, s=0.1592]

Processing phenotype [ENSG00000222898.1] [139/204]
  * #variants in cis = 7
  * Best hit: [id=8_internal_10568, d=-24406, pv=0.0676272, s=-0.1862]

Processing phenotype [ENSG00000198363.10] [140/204]
  * #variants in cis = 7
  * Best hit: [id=8_internal_7737, d=17711, pv=0.00697651, s=0.2770]

Processing phenotype [ENSG00000137563.6] [141/204]
  * #variants in cis = 1
  * Best hit: [id=8_internal_7151, d=-129985, pv=0.905836, s=-0.0138]

Processing phenotype [ENSG00000185728.11] [142/204]
  * #variants in cis = 1
  * Best hit: [id=8_internal_7151, d=603, pv=0.761556, s=-0.0333]

Processing phenotype [ENSG00000261542.1] [143/204]
  * #variants in cis = 1
  * Best hit: [id=8_internal_7151, d=-7169, pv=0.611426, s=0.0541]

Processing phenotype [ENSG00000200714.1] [144/204]
  * #variants in cis = 8
  * Best hit: [id=8_internal_9226, d=497360, pv=0.185546, s=-0.1352]

Processing phenotype [ENSG00000104442.5] [145/204]
  * #variants in cis = 8
  * Best hit: [id=8_internal_9364, d=-802047, pv=0.129056, s=0.1669]

Processing phenotype [ENSG00000066855.10] [146/204]
  * #variants in cis = 8
  * Best hit: [id=8_internal_8088, d=0, pv=7.57608e-06, s=0.4633]

Processing phenotype [ENSG00000267813.1] [147/204]
  * #variants in cis = 8
  * Best hit: [id=8_internal_9226, d=354715, pv=0.194209, s=-0.1375]

Processing phenotype [ENSG00000205268.6] [148/204]
  * #variants in cis = 8
  * Best hit: [id=8_internal_8088, d=196630, pv=0.000244816, s=0.3959]

Processing phenotype [ENSG00000253190.1] [149/204]
  * #variants in cis = 7
  * Best hit: [id=8_internal_10543, d=-373229, pv=0.1924, s=0.1346]

Processing phenotype [ENSG00000246145.1] [150/204]
  * #variants in cis = 8
  * Best hit: [id=8_internal_9364, d=-7277, pv=0.000949883, s=0.3243]

Processing phenotype [ENSG00000179041.2] [151/204]
  * #variants in cis = 8
  * Best hit: [id=8_internal_7162, d=-587672, pv=0.119596, s=0.1764]

Processing phenotype [ENSG00000147576.11] [152/204]
  * #variants in cis = 8
  * Best hit: [id=8_internal_9364, d=6069, pv=0.00549302, s=0.3003]

Processing phenotype [ENSG00000169085.6] [153/204]
  * #variants in cis = 8
  * Best hit: [id=8_internal_9364, d=0, pv=0.0489854, s=0.2296]

Processing phenotype [ENSG00000185697.11] [154/204]
  * #variants in cis = 9
  * Best hit: [id=8_internal_9364, d=85611, pv=0.000168698, s=0.3851]

Processing phenotype [ENSG00000201365.1] [155/204]
  * #variants in cis = 8
  * Best hit: [id=8_internal_9163, d=-90944, pv=0.405164, s=-0.0887]

Processing phenotype [ENSG00000175073.7] [156/204]
  * #variants in cis = 8
  * Best hit: [id=8_internal_9163, d=104692, pv=0.0388301, s=0.2378]

Processing phenotype [ENSG00000104205.7] [157/204]
  * #variants in cis = 8
  * Best hit: [id=8_internal_9163, d=-105071, pv=0.162509, s=0.1504]

Processing phenotype [ENSG00000213865.3] [158/204]
  * #variants in cis = 8
  * Best hit: [id=8_internal_9226, d=-523778, pv=0.0374208, s=-0.2212]

Processing phenotype [ENSG00000178460.13] [159/204]
  * #variants in cis = 6
  * Best hit: [id=8_internal_10295, d=731198, pv=0.0229685, s=-0.2220]

Processing phenotype [ENSG00000254341.1] [160/204]
  * #variants in cis = 6
  * Best hit: [id=8_internal_8310, d=-442786, pv=0.255954, s=-0.1236]

Processing phenotype [ENSG00000201719.1] [161/204]
  * #variants in cis = 6
  * Best hit: [id=8_internal_8310, d=-442782, pv=0.149386, s=-0.1599]

Processing phenotype [ENSG00000245910.2] [162/204]
  * #variants in cis = 6
  * Best hit: [id=8_internal_9226, d=782561, pv=0.249433, s=-0.1235]

Processing phenotype [ENSG00000178125.9] [163/204]
  * #variants in cis = 7
  * Best hit: [id=8_internal_9163, d=494079, pv=0.17811, s=0.1530]

Processing phenotype [ENSG00000266491.1] [164/204]
  * #variants in cis = 7
  * Best hit: [id=8_internal_10439, d=892668, pv=0.259812, s=-0.1110]

Processing phenotype [ENSG00000104218.9] [165/204]
  * #variants in cis = 7
  * Best hit: [id=8_internal_7508, d=902162, pv=0.10945, s=-0.1705]

Processing phenotype [ENSG00000121022.9] [166/204]
  * #variants in cis = 7
  * Best hit: [id=8_internal_9364, d=555147, pv=0.061343, s=0.1892]

Processing phenotype [ENSG00000250869.1] [167/204]
  * #variants in cis = 7
  * Best hit: [id=8_internal_9226, d=992074, pv=0.194506, s=-0.1481]

Processing phenotype [ENSG00000066777.3] [168/204]
  * #variants in cis = 6
  * Best hit: [id=8_internal_10295, d=-258270, pv=0.214129, s=0.1299]

Processing phenotype [ENSG00000253173.2] [169/204]
  * #variants in cis = 8
  * Best hit: [id=8_internal_10263, d=269462, pv=0.0840593, s=-0.1942]

Processing phenotype [ENSG00000213003.2] [170/204]
  * #variants in cis = 8
  * Best hit: [id=8_internal_7053, d=-437614, pv=0.14618, s=-0.1506]

Processing phenotype [ENSG00000140396.7] [171/204]
  * #variants in cis = 8
  * Best hit: [id=8_internal_7137, d=1591, pv=0.000282715, s=0.3897]

Processing phenotype [ENSG00000213002.1] [172/204]
  * #variants in cis = 8
  * Best hit: [id=8_internal_10263, d=-738729, pv=0.138601, s=0.1608]

Processing phenotype [ENSG00000238450.1] [173/204]
  * #variants in cis = 8
  * Best hit: [id=8_internal_7137, d=-202318, pv=0.26531, s=-0.1269]

Processing phenotype [ENSG00000067167.3] [174/204]
  * #variants in cis = 8
  * Best hit: [id=8_internal_10263, d=773670, pv=0.193307, s=0.1403]

Processing phenotype [ENSG00000246366.2] [175/204]
  * #variants in cis = 8
  * Best hit: [id=8_internal_7742, d=-286538, pv=0.0256868, s=0.2287]

Processing phenotype [ENSG00000243532.2] [176/204]
  * #variants in cis = 8
  * Best hit: [id=8_internal_7378, d=581903, pv=0.300304, s=-0.1094]

Processing phenotype [ENSG00000147592.4] [177/204]
  * #variants in cis = 8
  * Best hit: [id=8_internal_7053, d=833419, pv=0.3129, s=0.1090]

Processing phenotype [ENSG00000221947.3] [178/204]
  * #variants in cis = 8
  * Best hit: [id=8_internal_7137, d=-267151, pv=0.305116, s=-0.1084]

Processing phenotype [ENSG00000235531.5] [179/204]
  * #variants in cis = 3
  * Best hit: [id=8_internal_7583, d=0, pv=0.127497, s=0.1562]

Processing phenotype [ENSG00000178860.8] [180/204]
  * #variants in cis = 3
  * Best hit: [id=8_internal_9302, d=0, pv=0.587829, s=-0.0552]

Processing phenotype [ENSG00000147601.8] [181/204]
  * #variants in cis = 6
  * Best hit: [id=8_internal_7960, d=966599, pv=0.0264764, s=0.2294]

Processing phenotype [ENSG00000222488.1] [182/204]
  * #variants in cis = 6
  * Best hit: [id=8_internal_9302, d=874190, pv=0.201368, s=-0.1290]

Processing phenotype [ENSG00000253636.1] [183/204]
  * #variants in cis = 6
  * Best hit: [id=8_internal_7112, d=-112523, pv=0.400646, s=0.0862]

Processing phenotype [ENSG00000164764.10] [184/204]
  * #variants in cis = 6
  * Best hit: [id=8_internal_9302, d=979234, pv=0.0917746, s=-0.1899]

Processing phenotype [ENSG00000121039.5] [185/204]
  * #variants in cis = 5
  * Best hit: [id=8_internal_7561, d=-186604, pv=0.125567, s=0.1651]

Processing phenotype [ENSG00000147604.9] [186/204]
  * #variants in cis = 5
  * Best hit: [id=8_internal_7027, d=-538630, pv=0.0645057, s=0.1978]

Processing phenotype [ENSG00000250295.2] [187/204]
  * #variants in cis = 5
  * Best hit: [id=8_internal_7027, d=-477958, pv=0.0634602, s=-0.1781]

Processing phenotype [ENSG00000253302.1] [188/204]
  * #variants in cis = 5
  * Best hit: [id=8_internal_7561, d=-311996, pv=0.028461, s=0.1959]

Processing phenotype [ENSG00000254273.1] [189/204]
  * #variants in cis = 5
  * Best hit: [id=8_internal_7960, d=-463809, pv=0.197186, s=-0.1297]

Processing phenotype [ENSG00000254105.1] [190/204]
  * #variants in cis = 5
  * Best hit: [id=8_internal_7647, d=-319414, pv=0.142799, s=0.1534]

Processing phenotype [ENSG00000254538.1] [191/204]
  * #variants in cis = 5
  * Best hit: [id=8_internal_7647, d=-338566, pv=0.0545865, s=0.2030]

Processing phenotype [ENSG00000040341.13] [192/204]
  * #variants in cis = 5
  * Best hit: [id=8_internal_7561, d=639700, pv=0.0155218, s=0.2566]

Processing phenotype [ENSG00000253273.2] [193/204]
  * #variants in cis = 5
  * Best hit: [id=8_internal_7960, d=144320, pv=0.016987, s=0.2431]

Processing phenotype [ENSG00000258677.2] [194/204]
  * #variants in cis = 5
  * Best hit: [id=8_internal_7027, d=604, pv=0.10162, s=-0.1814]

Processing phenotype [ENSG00000104343.14] [195/204]
  * #variants in cis = 5
  * Best hit: [id=8_internal_7647, d=547035, pv=0.162783, s=-0.1550]

Processing phenotype [ENSG00000154582.11] [196/204]
  * #variants in cis = 4
  * Best hit: [id=8_internal_7561, d=864279, pv=0.112914, s=0.1649]

Processing phenotype [ENSG00000175606.6] [197/204]
  * #variants in cis = 4
  * Best hit: [id=8_internal_7960, d=3026, pv=0.0937423, s=0.1778]

Processing phenotype [ENSG00000202220.1] [198/204]
  * #variants in cis = 4
  * Best hit: [id=8_internal_7027, d=101627, pv=0.0776857, s=0.1727]

Processing phenotype [ENSG00000244295.2] [199/204]
  * #variants in cis = 4
  * Best hit: [id=8_internal_7960, d=0, pv=0.632841, s=0.0525]

Processing phenotype [ENSG00000253833.1] [200/204]
  * #variants in cis = 4
  * Best hit: [id=8_internal_7647, d=-652618, pv=0.0158649, s=0.2475]

Processing phenotype [ENSG00000154589.2] [201/204]
  * #variants in cis = 4
  * Best hit: [id=8_internal_7960, d=0, pv=0.0343059, s=0.2366]

Processing phenotype [ENSG00000104381.8] [202/204]
  * #variants in cis = 3
  * Best hit: [id=8_internal_7647, d=-989255, pv=0.512345, s=-0.0757]

Processing phenotype [ENSG00000253341.1] [203/204]
  * #variants in cis = 2
  * Best hit: [id=8_internal_7027, d=725994, pv=0.438963, s=-0.0790]

Processing phenotype [ENSG00000164751.10] [204/204]
  * #variants in cis = 0

Running time: 1 seconds
