Sender: LSF System <lsfadmin@cpt13>
Subject: Job 974782: </data/unige/funpopgen/odelanea/SGX/V2/binaries/qtltools/bin/QTLtools cis --vcf /data/unige/funpopgen/grey2/SYSCID/BLUEPRINT_DATA/CRD/THREE_CELL_TYPES/CLOMICS/CELL_TYPE_COMPARISON_GENE_CRD_ASSOCIATIONS/quantify/73_vs_70_ALL.ALLchr.mean.txt.gz --bed /data/unige/funpopgen/grey2/SYSCID/BLUEPRINT_DATA/CRD/THREE_CELL_TYPES/QTL_TOOLS/EGAD00001002671_v3.0/EGAD00001002671_RNA.PC10.bed.gz --nominal /data/unige/funpopgen/grey2/SYSCID/BLUEPRINT_DATA/CRD/THREE_CELL_TYPES/CLOMICS/CELL_TYPE_COMPARISON_GENE_CRD_ASSOCIATIONS/mapping_aCRD_gene/73_vs_70/gene_CRD_mean_permutations.thresholds.txt --chunk 61 100 --out /data/unige/funpopgen/grey2/SYSCID/BLUEPRINT_DATA/CRD/THREE_CELL_TYPES/CLOMICS/CELL_TYPE_COMPARISON_GENE_CRD_ASSOCIATIONS/mapping_aCRD_gene/73_vs_70/mapping_gene_CRD_mean_chunk61\.txt> in cluster <ug> Done

Job </data/unige/funpopgen/odelanea/SGX/V2/binaries/qtltools/bin/QTLtools cis --vcf /data/unige/funpopgen/grey2/SYSCID/BLUEPRINT_DATA/CRD/THREE_CELL_TYPES/CLOMICS/CELL_TYPE_COMPARISON_GENE_CRD_ASSOCIATIONS/quantify/73_vs_70_ALL.ALLchr.mean.txt.gz --bed /data/unige/funpopgen/grey2/SYSCID/BLUEPRINT_DATA/CRD/THREE_CELL_TYPES/QTL_TOOLS/EGAD00001002671_v3.0/EGAD00001002671_RNA.PC10.bed.gz --nominal /data/unige/funpopgen/grey2/SYSCID/BLUEPRINT_DATA/CRD/THREE_CELL_TYPES/CLOMICS/CELL_TYPE_COMPARISON_GENE_CRD_ASSOCIATIONS/mapping_aCRD_gene/73_vs_70/gene_CRD_mean_permutations.thresholds.txt --chunk 61 100 --out /data/unige/funpopgen/grey2/SYSCID/BLUEPRINT_DATA/CRD/THREE_CELL_TYPES/CLOMICS/CELL_TYPE_COMPARISON_GENE_CRD_ASSOCIATIONS/mapping_aCRD_gene/73_vs_70/mapping_gene_CRD_mean_chunk61\.txt> was submitted from host <cpt01> by user <grey2> in cluster <ug>.
Job was executed on host(s) <cpt13>, in queue <normal>, as user <grey2> in cluster <ug>.
</home/grey2> was used as the home directory.
</data/unige/funpopgen/grey2/SYSCID/BLUEPRINT_DATA/CRD/THREE_CELL_TYPES/CLOMICS/CELL_TYPE_COMPARISON_GENE_CRD_ASSOCIATIONS> was used as the working directory.
Started at Thu Mar 21 13:50:19 2019
Results reported at Thu Mar 21 13:50:22 2019

Your job looked like:

------------------------------------------------------------
# LSBATCH: User input
/data/unige/funpopgen/odelanea/SGX/V2/binaries/qtltools/bin/QTLtools cis --vcf /data/unige/funpopgen/grey2/SYSCID/BLUEPRINT_DATA/CRD/THREE_CELL_TYPES/CLOMICS/CELL_TYPE_COMPARISON_GENE_CRD_ASSOCIATIONS/quantify/73_vs_70_ALL.ALLchr.mean.txt.gz --bed /data/unige/funpopgen/grey2/SYSCID/BLUEPRINT_DATA/CRD/THREE_CELL_TYPES/QTL_TOOLS/EGAD00001002671_v3.0/EGAD00001002671_RNA.PC10.bed.gz --nominal /data/unige/funpopgen/grey2/SYSCID/BLUEPRINT_DATA/CRD/THREE_CELL_TYPES/CLOMICS/CELL_TYPE_COMPARISON_GENE_CRD_ASSOCIATIONS/mapping_aCRD_gene/73_vs_70/gene_CRD_mean_permutations.thresholds.txt --chunk 61 100 --out /data/unige/funpopgen/grey2/SYSCID/BLUEPRINT_DATA/CRD/THREE_CELL_TYPES/CLOMICS/CELL_TYPE_COMPARISON_GENE_CRD_ASSOCIATIONS/mapping_aCRD_gene/73_vs_70/mapping_gene_CRD_mean_chunk61\.txt

------------------------------------------------------------

Successfully completed.

Resource usage summary:

    CPU time :               1.47 sec.
    Max Memory :             13.78 MB
    Average Memory :         13.78 MB
    Total Requested Memory : -
    Delta Memory :           -
    (Delta: the difference between total requested memory and actual max usage.)
    Max Swap :               347 MB

    Max Processes :          4
    Max Threads :            5

The output (if any) follows:


[32mQTLtools[0m
  * Authors : Olivier DELANEAU / Halit ONGEN / Emmanouil DERMITZAKIS
  * Contact : olivier.delaneau@gmail.com / halit.ongen@unige.ch / Emmanouil.Dermitzakis@unige.ch
  * Webpage : https://qtltools.github.io/qtltools/
  * Version : 1.1
  * Date    : 21/03/2019 - 13:50:20
  * Citation: A complete tool set for molecular QTL discovery and analysis, https://doi.org/10.1101/068635

[32mMAPPING QTL IN CIS[0m
  * TASK: Report all nominal associations with p below thresholds in [/data/unige/funpopgen/grey2/SYSCID/BLUEPRINT_DATA/CRD/THREE_CELL_TYPES/CLOMICS/CELL_TYPE_COMPARISON_GENE_CRD_ASSOCIATIONS/mapping_aCRD_gene/73_vs_70/gene_CRD_mean_permutations.thresholds.txt]
  * Linear model: Phe ~ Var
  * Cis-window size is 1000000 bp
  * Chunk = [61/100]

Scanning phenotype data in [/data/unige/funpopgen/grey2/SYSCID/BLUEPRINT_DATA/CRD/THREE_CELL_TYPES/QTL_TOOLS/EGAD00001002671_v3.0/EGAD00001002671_RNA.PC10.bed.gz]
  * 24372 phenotypes included
  * 12152 phenotypes are on the negative strand

Initialize random number generator
  * Built-in seed is 15112011
  * First Integer = 30554
  * First Double = 0.0126695

Reading sample list from [/data/unige/funpopgen/grey2/SYSCID/BLUEPRINT_DATA/CRD/THREE_CELL_TYPES/QTL_TOOLS/EGAD00001002671_v3.0/EGAD00001002671_RNA.PC10.bed.gz]
  * #samples = 169

Reading sample list from [/data/unige/funpopgen/grey2/SYSCID/BLUEPRINT_DATA/CRD/THREE_CELL_TYPES/CLOMICS/CELL_TYPE_COMPARISON_GENE_CRD_ASSOCIATIONS/quantify/73_vs_70_ALL.ALLchr.mean.txt.gz]
  * #samples = 94

Merging sample sets from all input files
  * #files = 2
  * #samples in all files = 91
  * #samples NOT in all files (i.e. ignored) = 81

Reading phenotype data in [/data/unige/funpopgen/grey2/SYSCID/BLUEPRINT_DATA/CRD/THREE_CELL_TYPES/QTL_TOOLS/EGAD00001002671_v3.0/EGAD00001002671_RNA.PC10.bed.gz]
  * target region [1:19812066-36930038]
  * 307 phenotypes included
  * 147 phenotypes are on the negative strand

Reading genotype data in [/data/unige/funpopgen/grey2/SYSCID/BLUEPRINT_DATA/CRD/THREE_CELL_TYPES/CLOMICS/CELL_TYPE_COMPARISON_GENE_CRD_ASSOCIATIONS/quantify/73_vs_70_ALL.ALLchr.mean.txt.gz]
  * File format detected: BED
  * 91 samples included
  * 5 samples without phenotype data
  * target region [1:18812066-37930038]
  * 103 variants included

Reading nominal thresholds in [/data/unige/funpopgen/grey2/SYSCID/BLUEPRINT_DATA/CRD/THREE_CELL_TYPES/CLOMICS/CELL_TYPE_COMPARISON_GENE_CRD_ASSOCIATIONS/mapping_aCRD_gene/73_vs_70/gene_CRD_mean_permutations.thresholds.txt]
  * #phenotypes set = 307

Processing phenotype [ENSG00000077549.13] [1/307]
  * #variants in cis = 10
  * Best hit: [id=1_internal_21781, d=-666248, pv=0.0987442, s=0.1734]

Processing phenotype [ENSG00000173436.9] [2/307]
  * #variants in cis = 10
  * Best hit: [id=1_internal_21444, d=-14212, pv=0.124108, s=0.1454]

Processing phenotype [ENSG00000226396.1] [3/307]
  * #variants in cis = 10
  * Best hit: [id=1_internal_21444, d=-25343, pv=0.273919, s=-0.1053]

Processing phenotype [ENSG00000158747.9] [4/307]
  * #variants in cis = 10
  * Best hit: [id=1_internal_19091, d=0, pv=0.00380366, s=0.2930]

Processing phenotype [ENSG00000158748.3] [5/307]
  * #variants in cis = 10
  * Best hit: [id=1_internal_21781, d=486534, pv=0.0623289, s=0.1798]

Processing phenotype [ENSG00000162542.9] [6/307]
  * #variants in cis = 11
  * Best hit: [id=1_internal_21781, d=-351876, pv=0.214582, s=0.1327]

Processing phenotype [ENSG00000169914.5] [7/307]
  * #variants in cis = 11
  * Best hit: [id=1_internal_21444, d=-299741, pv=0.148338, s=0.1649]

Processing phenotype [ENSG00000162543.5] [8/307]
  * #variants in cis = 14
  * Best hit: [id=1_internal_21781, d=0, pv=0.00404201, s=0.3037]

Processing phenotype [ENSG00000225986.1] [9/307]
  * #variants in cis = 14
  * Best hit: [id=1_internal_19091, d=538579, pv=0.0537318, s=0.1965]

Processing phenotype [ENSG00000158816.10] [10/307]
  * #variants in cis = 15
  * Best hit: [id=1_internal_19091, d=-643012, pv=0.0604136, s=0.1954]

Processing phenotype [ENSG00000226664.1] [11/307]
  * #variants in cis = 15
  * Best hit: [id=1_internal_17076, d=833914, pv=0.166391, s=0.1295]

Processing phenotype [ENSG00000162545.5] [12/307]
  * #variants in cis = 14
  * Best hit: [id=1_internal_21781, d=297005, pv=0.0184183, s=0.2544]

Processing phenotype [ENSG00000090432.5] [13/307]
  * #variants in cis = 13
  * Best hit: [id=1_internal_21781, d=318946, pv=0.0126151, s=0.2767]

Processing phenotype [ENSG00000158828.5] [14/307]
  * #variants in cis = 16
  * Best hit: [id=1_internal_20401, d=802971, pv=0.0813171, s=-0.1954]

Processing phenotype [ENSG00000257033.1] [15/307]
  * #variants in cis = 15
  * Best hit: [id=1_internal_22091, d=-446890, pv=0.0060278, s=-0.2902]

Processing phenotype [ENSG00000117242.7] [16/307]
  * #variants in cis = 15
  * Best hit: [id=1_internal_18530, d=479499, pv=0.117045, s=-0.1741]

Processing phenotype [ENSG00000244038.3] [17/307]
  * #variants in cis = 15
  * Best hit: [id=1_internal_17403, d=-330647, pv=0.204621, s=0.1336]

Processing phenotype [ENSG00000189410.7] [18/307]
  * #variants in cis = 16
  * Best hit: [id=1_internal_26514, d=-521309, pv=0.042086, s=-0.2031]

Processing phenotype [ENSG00000203394.2] [19/307]
  * #variants in cis = 16
  * Best hit: [id=1_internal_19119, d=253079, pv=0.0422083, s=-0.2265]

Processing phenotype [ENSG00000127483.12] [20/307]
  * #variants in cis = 16
  * Best hit: [id=1_internal_23521, d=0, pv=0.0199268, s=0.2559]

Processing phenotype [ENSG00000235112.1] [21/307]
  * #variants in cis = 16
  * Best hit: [id=1_internal_22091, d=-42742, pv=0.0800086, s=-0.1741]

Processing phenotype [ENSG00000075151.14] [22/307]
  * #variants in cis = 15
  * Best hit: [id=1_internal_23521, d=4134, pv=0.0688499, s=0.2076]

Processing phenotype [ENSG00000236936.1] [23/307]
  * #variants in cis = 14
  * Best hit: [id=1_internal_26514, d=0, pv=0.00879368, s=0.2767]

Processing phenotype [ENSG00000231105.1] [24/307]
  * #variants in cis = 14
  * Best hit: [id=1_internal_17556, d=241622, pv=0.0126422, s=-0.2731]

Processing phenotype [ENSG00000117298.10] [25/307]
  * #variants in cis = 14
  * Best hit: [id=1_internal_17556, d=-189408, pv=0.0747736, s=0.2029]

Processing phenotype [ENSG00000227001.2] [26/307]
  * #variants in cis = 14
  * Best hit: [id=1_internal_18425, d=-80424, pv=0.0366314, s=0.2252]

Processing phenotype [ENSG00000142794.12] [27/307]
  * #variants in cis = 14
  * Best hit: [id=1_internal_20401, d=0, pv=0.000395409, s=0.3681]

Processing phenotype [ENSG00000076864.14] [28/307]
  * #variants in cis = 15
  * Best hit: [id=1_internal_18425, d=143438, pv=0.00760304, s=0.2817]

Processing phenotype [ENSG00000231978.2] [29/307]
  * #variants in cis = 16
  * Best hit: [id=1_internal_18835, d=-115695, pv=0.0726128, s=0.1685]

Processing phenotype [ENSG00000090686.11] [30/307]
  * #variants in cis = 16
  * Best hit: [id=1_internal_26505, d=0, pv=0.00414177, s=0.2933]

Processing phenotype [ENSG00000187942.7] [31/307]
  * #variants in cis = 16
  * Best hit: [id=1_internal_26505, d=0, pv=0.0109362, s=0.2601]

Processing phenotype [ENSG00000142798.11] [32/307]
  * #variants in cis = 17
  * Best hit: [id=1_internal_26505, d=0, pv=0.00742964, s=0.2745]

Processing phenotype [ENSG00000228397.1] [33/307]
  * #variants in cis = 17
  * Best hit: [id=1_internal_17556, d=433436, pv=0.0321896, s=0.2303]

Processing phenotype [ENSG00000218510.3] [34/307]
  * #variants in cis = 17
  * Best hit: [id=1_internal_23972, d=-884477, pv=0.0756783, s=0.1755]

Processing phenotype [ENSG00000070831.11] [35/307]
  * #variants in cis = 17
  * Best hit: [id=1_internal_26505, d=-1798, pv=8.63063e-06, s=0.4596]

Processing phenotype [ENSG00000230068.1] [36/307]
  * #variants in cis = 17
  * Best hit: [id=1_internal_16886, d=674503, pv=0.0109459, s=-0.2783]

Processing phenotype [ENSG00000162552.9] [37/307]
  * #variants in cis = 13
  * Best hit: [id=1_internal_20401, d=689347, pv=0.115775, s=0.1612]

Processing phenotype [ENSG00000184677.12] [38/307]
  * #variants in cis = 11
  * Best hit: [id=1_internal_16886, d=281849, pv=0.0900927, s=-0.1900]

Processing phenotype [ENSG00000237200.1] [39/307]
  * #variants in cis = 11
  * Best hit: [id=1_internal_21595, d=979565, pv=0.0278245, s=0.2340]

Processing phenotype [ENSG00000004487.10] [40/307]
  * #variants in cis = 10
  * Best hit: [id=1_internal_16886, d=-270926, pv=0.00796966, s=0.2718]

Processing phenotype [ENSG00000266802.1] [41/307]
  * #variants in cis = 9
  * Best hit: [id=1_internal_16886, d=309412, pv=0.133704, s=-0.1599]

Processing phenotype [ENSG00000240553.1] [42/307]
  * #variants in cis = 9
  * Best hit: [id=1_internal_16984, d=592276, pv=0.261448, s=0.1208]

Processing phenotype [ENSG00000229010.1] [43/307]
  * #variants in cis = 8
  * Best hit: [id=1_internal_19712, d=200530, pv=0.0714016, s=0.1904]

Processing phenotype [ENSG00000169641.9] [44/307]
  * #variants in cis = 8
  * Best hit: [id=1_internal_17192, d=-598134, pv=0.0357887, s=-0.2351]

Processing phenotype [ENSG00000261326.1] [45/307]
  * #variants in cis = 9
  * Best hit: [id=1_internal_21595, d=-210287, pv=0.0849349, s=0.1787]

Processing phenotype [ENSG00000125944.12] [46/307]
  * #variants in cis = 9
  * Best hit: [id=1_internal_16886, d=595814, pv=0.00872552, s=0.2712]

Processing phenotype [ENSG00000249087.3] [47/307]
  * #variants in cis = 9
  * Best hit: [id=1_internal_21595, d=128042, pv=0.0873052, s=0.1897]

Processing phenotype [ENSG00000125945.9] [48/307]
  * #variants in cis = 9
  * Best hit: [id=1_internal_17192, d=-406500, pv=0.0486347, s=-0.2134]

Processing phenotype [ENSG00000204219.5] [49/307]
  * #variants in cis = 9
  * Best hit: [id=1_internal_21595, d=-72299, pv=0.162456, s=0.1513]

Processing phenotype [ENSG00000088280.13] [50/307]
  * #variants in cis = 10
  * Best hit: [id=1_internal_21218, d=-978989, pv=0.179489, s=0.1424]

Processing phenotype [ENSG00000007968.6] [51/307]
  * #variants in cis = 10
  * Best hit: [id=1_internal_26066, d=-717628, pv=0.160883, s=0.1505]

Processing phenotype [ENSG00000235052.1] [52/307]
  * #variants in cis = 10
  * Best hit: [id=1_internal_26066, d=-697934, pv=0.0890229, s=0.1803]

Processing phenotype [ENSG00000117318.8] [53/307]
  * #variants in cis = 10
  * Best hit: [id=1_internal_21199, d=0, pv=0.000412417, s=0.3857]

Processing phenotype [ENSG00000197880.4] [54/307]
  * #variants in cis = 10
  * Best hit: [id=1_internal_17909, d=925477, pv=0.199575, s=-0.1331]

Processing phenotype [ENSG00000229239.2] [55/307]
  * #variants in cis = 10
  * Best hit: [id=1_internal_25752, d=55892, pv=0.0184721, s=0.2386]

Processing phenotype [ENSG00000142676.8] [56/307]
  * #variants in cis = 11
  * Best hit: [id=1_internal_23453, d=-806060, pv=0.156694, s=0.1536]

Processing phenotype [ENSG00000011007.7] [57/307]
  * #variants in cis = 11
  * Best hit: [id=1_internal_26066, d=505695, pv=0.0891166, s=0.1625]

Processing phenotype [ENSG00000236810.1] [58/307]
  * #variants in cis = 10
  * Best hit: [id=1_internal_25361, d=-910320, pv=0.211663, s=-0.1269]

Processing phenotype [ENSG00000057757.5] [59/307]
  * #variants in cis = 10
  * Best hit: [id=1_internal_19712, d=-408369, pv=0.0342504, s=-0.2343]

Processing phenotype [ENSG00000011009.6] [60/307]
  * #variants in cis = 10
  * Best hit: [id=1_internal_25361, d=897637, pv=0.0324177, s=0.2383]

Processing phenotype [ENSG00000117308.10] [61/307]
  * #variants in cis = 10
  * Best hit: [id=1_internal_25752, d=0, pv=0.0946338, s=0.1884]

Processing phenotype [ENSG00000117305.9] [62/307]
  * #variants in cis = 10
  * Best hit: [id=1_internal_17192, d=35965, pv=0.00079416, s=0.3326]

Processing phenotype [ENSG00000179163.11] [63/307]
  * #variants in cis = 11
  * Best hit: [id=1_internal_25361, d=-820313, pv=0.00538619, s=0.3073]

Processing phenotype [ENSG00000229106.1] [64/307]
  * #variants in cis = 10
  * Best hit: [id=1_internal_26066, d=-346113, pv=0.0678319, s=0.1757]

Processing phenotype [ENSG00000188822.6] [65/307]
  * #variants in cis = 11
  * Best hit: [id=1_internal_25752, d=41486, pv=0.0311762, s=0.2286]

Processing phenotype [ENSG00000189266.7] [66/307]
  * #variants in cis = 11
  * Best hit: [id=1_internal_25361, d=729498, pv=0.0261971, s=0.2452]

Processing phenotype [ENSG00000188529.9] [67/307]
  * #variants in cis = 11
  * Best hit: [id=1_internal_19712, d=610891, pv=0.104748, s=0.1813]

Processing phenotype [ENSG00000185436.7] [68/307]
  * #variants in cis = 13
  * Best hit: [id=1_internal_17909, d=-319013, pv=0.177326, s=-0.1500]

Processing phenotype [ENSG00000001461.11] [69/307]
  * #variants in cis = 13
  * Best hit: [id=1_internal_26066, d=-92952, pv=0.0357635, s=-0.2077]

Processing phenotype [ENSG00000001460.13] [70/307]
  * #variants in cis = 13
  * Best hit: [id=1_internal_19831, d=-843005, pv=0.0131189, s=0.2454]

Processing phenotype [ENSG00000117602.6] [71/307]
  * #variants in cis = 14
  * Best hit: [id=1_internal_17137, d=969407, pv=0.00708234, s=-0.2874]

Processing phenotype [ENSG00000266551.1] [72/307]
  * #variants in cis = 13
  * Best hit: [id=1_internal_26306, d=-422342, pv=0.0166151, s=-0.2501]

Processing phenotype [ENSG00000264443.1] [73/307]
  * #variants in cis = 13
  * Best hit: [id=1_internal_17137, d=-916279, pv=0.0205891, s=-0.2517]

Processing phenotype [ENSG00000184454.6] [74/307]
  * #variants in cis = 13
  * Best hit: [id=1_internal_21218, d=-41250, pv=0.0119879, s=0.2605]

Processing phenotype [ENSG00000133226.11] [75/307]
  * #variants in cis = 12
  * Best hit: [id=1_internal_26306, d=320339, pv=0.0682503, s=-0.1747]

Processing phenotype [ENSG00000238986.1] [76/307]
  * #variants in cis = 12
  * Best hit: [id=1_internal_16420, d=-180493, pv=0.0276025, s=0.2250]

Processing phenotype [ENSG00000169504.10] [77/307]
  * #variants in cis = 12
  * Best hit: [id=1_internal_25361, d=0, pv=0.143498, s=0.1448]

Processing phenotype [ENSG00000229162.1] [78/307]
  * #variants in cis = 12
  * Best hit: [id=1_internal_23579, d=141613, pv=0.0271799, s=0.2355]

Processing phenotype [ENSG00000020633.14] [79/307]
  * #variants in cis = 12
  * Best hit: [id=1_internal_16420, d=33827, pv=2.3321e-06, s=0.4739]

Processing phenotype [ENSG00000231953.1] [80/307]
  * #variants in cis = 13
  * Best hit: [id=1_internal_16420, d=-276845, pv=0.185968, s=0.1332]

Processing phenotype [ENSG00000117614.5] [81/307]
  * #variants in cis = 13
  * Best hit: [id=1_internal_17137, d=-239801, pv=0.037118, s=0.2301]

Processing phenotype [ENSG00000187010.14] [82/307]
  * #variants in cis = 13
  * Best hit: [id=1_internal_19831, d=0, pv=1.52064e-21, s=0.8314]

Processing phenotype [ENSG00000259984.1] [83/307]
  * #variants in cis = 15
  * Best hit: [id=1_internal_19831, d=454, pv=1.29557e-14, s=0.7695]

Processing phenotype [ENSG00000183726.6] [84/307]
  * #variants in cis = 15
  * Best hit: [id=1_internal_16420, d=-406623, pv=0.100154, s=0.1900]

Processing phenotype [ENSG00000117616.13] [85/307]
  * #variants in cis = 15
  * Best hit: [id=1_internal_22027, d=-957381, pv=0.0312577, s=-0.2216]

Processing phenotype [ENSG00000252515.1] [86/307]
  * #variants in cis = 15
  * Best hit: [id=1_internal_22027, d=954623, pv=0.207901, s=-0.1210]

Processing phenotype [ENSG00000238889.1] [87/307]
  * #variants in cis = 15
  * Best hit: [id=1_internal_23248, d=-927587, pv=0.0817313, s=-0.1794]

Processing phenotype [ENSG00000188672.11] [88/307]
  * #variants in cis = 15
  * Best hit: [id=1_internal_19831, d=93181, pv=0.0127645, s=-0.2512]

Processing phenotype [ENSG00000204178.5] [89/307]
  * #variants in cis = 15
  * Best hit: [id=1_internal_17137, d=41406, pv=0.0074904, s=0.3004]

Processing phenotype [ENSG00000157978.6] [90/307]
  * #variants in cis = 14
  * Best hit: [id=1_internal_25361, d=-706044, pv=0.00719546, s=0.2560]

Processing phenotype [ENSG00000225643.1] [91/307]
  * #variants in cis = 15
  * Best hit: [id=1_internal_19831, d=-244467, pv=0.0263105, s=-0.2305]

Processing phenotype [ENSG00000117643.10] [92/307]
  * #variants in cis = 16
  * Best hit: [id=1_internal_25361, d=-779932, pv=0.197989, s=-0.1427]

Processing phenotype [ENSG00000233478.1] [93/307]
  * #variants in cis = 16
  * Best hit: [id=1_internal_18566, d=-891526, pv=0.03186, s=0.2276]

Processing phenotype [ENSG00000162430.12] [94/307]
  * #variants in cis = 17
  * Best hit: [id=1_internal_16873, d=806479, pv=0.196289, s=0.1273]

Processing phenotype [ENSG00000255054.3] [95/307]
  * #variants in cis = 17
  * Best hit: [id=1_internal_18566, d=739167, pv=0.0475976, s=-0.2023]

Processing phenotype [ENSG00000117640.13] [96/307]
  * #variants in cis = 17
  * Best hit: [id=1_internal_18843, d=-6953, pv=0.0224413, s=0.2548]

Processing phenotype [ENSG00000228172.1] [97/307]
  * #variants in cis = 17
  * Best hit: [id=1_internal_26306, d=781414, pv=0.0485694, s=0.2039]

Processing phenotype [ENSG00000223474.2] [98/307]
  * #variants in cis = 17
  * Best hit: [id=1_internal_18566, d=-729840, pv=0.0737896, s=-0.1903]

Processing phenotype [ENSG00000127423.6] [99/307]
  * #variants in cis = 17
  * Best hit: [id=1_internal_17137, d=373150, pv=0.20457, s=-0.1399]

Processing phenotype [ENSG00000236528.1] [100/307]
  * #variants in cis = 17
  * Best hit: [id=1_internal_16420, d=-928319, pv=0.0310948, s=-0.2343]

Processing phenotype [ENSG00000182749.5] [101/307]
  * #variants in cis = 17
  * Best hit: [id=1_internal_17216, d=8273, pv=0.167101, s=0.1508]

Processing phenotype [ENSG00000117632.16] [102/307]
  * #variants in cis = 17
  * Best hit: [id=1_internal_17527, d=-775330, pv=0.0135961, s=0.2591]

Processing phenotype [ENSG00000158006.8] [103/307]
  * #variants in cis = 16
  * Best hit: [id=1_internal_19234, d=-36372, pv=0.0264058, s=0.2311]

Processing phenotype [ENSG00000158008.5] [104/307]
  * #variants in cis = 16
  * Best hit: [id=1_internal_19234, d=14645, pv=0.0446853, s=0.2169]

Processing phenotype [ENSG00000175087.5] [105/307]
  * #variants in cis = 16
  * Best hit: [id=1_internal_23579, d=-995150, pv=0.0125991, s=-0.2698]

Processing phenotype [ENSG00000142684.7] [106/307]
  * #variants in cis = 15
  * Best hit: [id=1_internal_17951, d=954202, pv=0.13894, s=0.1589]

Processing phenotype [ENSG00000236782.1] [107/307]
  * #variants in cis = 15
  * Best hit: [id=1_internal_17951, d=-952252, pv=0.0591028, s=0.2035]

Processing phenotype [ENSG00000142675.12] [108/307]
  * #variants in cis = 15
  * Best hit: [id=1_internal_21626, d=96616, pv=0.0622556, s=-0.1859]

Processing phenotype [ENSG00000130695.8] [109/307]
  * #variants in cis = 16
  * Best hit: [id=1_internal_21626, d=39819, pv=0.000359885, s=0.3800]

Processing phenotype [ENSG00000142669.9] [110/307]
  * #variants in cis = 16
  * Best hit: [id=1_internal_19234, d=-166055, pv=0.00277415, s=0.3234]

Processing phenotype [ENSG00000169442.4] [111/307]
  * #variants in cis = 16
  * Best hit: [id=1_internal_21626, d=0, pv=0.000135564, s=0.4066]

Processing phenotype [ENSG00000158062.15] [112/307]
  * #variants in cis = 16
  * Best hit: [id=1_internal_21626, d=0, pv=0.00976181, s=0.2826]

Processing phenotype [ENSG00000225854.2] [113/307]
  * #variants in cis = 16
  * Best hit: [id=1_internal_17951, d=797385, pv=0.0552417, s=-0.2006]

Processing phenotype [ENSG00000176092.8] [114/307]
  * #variants in cis = 15
  * Best hit: [id=1_internal_17951, d=-769943, pv=0.0813429, s=-0.1713]

Processing phenotype [ENSG00000131914.6] [115/307]
  * #variants in cis = 16
  * Best hit: [id=1_internal_17951, d=713295, pv=0.0233892, s=0.2226]

Processing phenotype [ENSG00000117682.11] [116/307]
  * #variants in cis = 16
  * Best hit: [id=1_internal_19234, d=-319161, pv=0.150597, s=-0.1527]

Processing phenotype [ENSG00000223583.1] [117/307]
  * #variants in cis = 16
  * Best hit: [id=1_internal_17137, d=968925, pv=0.160592, s=-0.1361]

Processing phenotype [ENSG00000225891.1] [118/307]
  * #variants in cis = 16
  * Best hit: [id=1_internal_17527, d=-215039, pv=0.109314, s=-0.1650]

Processing phenotype [ENSG00000198830.6] [119/307]
  * #variants in cis = 16
  * Best hit: [id=1_internal_19234, d=-359329, pv=0.0251644, s=0.2214]

Processing phenotype [ENSG00000117676.8] [120/307]
  * #variants in cis = 15
  * Best hit: [id=1_internal_18843, d=-718074, pv=0.0033505, s=-0.3205]

Processing phenotype [ENSG00000260063.1] [121/307]
  * #variants in cis = 15
  * Best hit: [id=1_internal_17216, d=831151, pv=0.0278125, s=-0.2399]

Processing phenotype [ENSG00000117713.13] [122/307]
  * #variants in cis = 15
  * Best hit: [id=1_internal_19069, d=501738, pv=0.10504, s=0.1725]

Processing phenotype [ENSG00000266138.1] [123/307]
  * #variants in cis = 15
  * Best hit: [id=1_internal_16873, d=-79578, pv=0.147019, s=0.1469]

Processing phenotype [ENSG00000060642.6] [124/307]
  * #variants in cis = 15
  * Best hit: [id=1_internal_16308, d=50159, pv=0.00552838, s=0.3053]

Processing phenotype [ENSG00000204160.5] [125/307]
  * #variants in cis = 14
  * Best hit: [id=1_internal_22027, d=-492350, pv=0.086582, s=-0.1760]

Processing phenotype [ENSG00000175793.10] [126/307]
  * #variants in cis = 14
  * Best hit: [id=1_internal_17527, d=-46318, pv=0.0927208, s=0.1712]

Processing phenotype [ENSG00000226698.1] [127/307]
  * #variants in cis = 14
  * Best hit: [id=1_internal_22027, d=-541773, pv=0.00284223, s=-0.3277]

Processing phenotype [ENSG00000142751.8] [128/307]
  * #variants in cis = 14
  * Best hit: [id=1_internal_23248, d=0, pv=0.0444594, s=-0.2255]

Processing phenotype [ENSG00000251020.1] [129/307]
  * #variants in cis = 14
  * Best hit: [id=1_internal_21626, d=555172, pv=0.0912225, s=-0.1796]

Processing phenotype [ENSG00000090273.9] [130/307]
  * #variants in cis = 15
  * Best hit: [id=1_internal_18566, d=-337346, pv=0.0552633, s=0.1979]

Processing phenotype [ENSG00000198746.8] [131/307]
  * #variants in cis = 15
  * Best hit: [id=1_internal_21626, d=563077, pv=0.0695383, s=-0.1947]

Processing phenotype [ENSG00000131910.4] [132/307]
  * #variants in cis = 15
  * Best hit: [id=1_internal_18566, d=351074, pv=0.0372496, s=-0.2205]

Processing phenotype [ENSG00000175707.7] [133/307]
  * #variants in cis = 15
  * Best hit: [id=1_internal_17527, d=143582, pv=0.161349, s=0.1372]

Processing phenotype [ENSG00000090020.6] [134/307]
  * #variants in cis = 18
  * Best hit: [id=1_internal_18566, d=604089, pv=0.00605512, s=-0.2774]

Processing phenotype [ENSG00000225159.1] [135/307]
  * #variants in cis = 18
  * Best hit: [id=1_internal_16308, d=-363810, pv=0.081491, s=-0.1838]

Processing phenotype [ENSG00000142784.10] [136/307]
  * #variants in cis = 19
  * Best hit: [id=1_internal_18566, d=-671624, pv=0.0283919, s=-0.2282]

Processing phenotype [ENSG00000240397.1] [137/307]
  * #variants in cis = 21
  * Best hit: [id=1_internal_24133, d=206814, pv=0.00133504, s=-0.3153]

Processing phenotype [ENSG00000243659.1] [138/307]
  * #variants in cis = 21
  * Best hit: [id=1_internal_17254, d=44056, pv=0.118427, s=-0.1641]

Processing phenotype [ENSG00000186501.9] [139/307]
  * #variants in cis = 21
  * Best hit: [id=1_internal_16308, d=-479040, pv=0.058038, s=-0.1948]

Processing phenotype [ENSG00000206888.1] [140/307]
  * #variants in cis = 21
  * Best hit: [id=1_internal_16804, d=-822866, pv=0.0166627, s=0.2486]

Processing phenotype [ENSG00000241547.1] [141/307]
  * #variants in cis = 21
  * Best hit: [id=1_internal_24136, d=904376, pv=0.0155593, s=0.2453]

Processing phenotype [ENSG00000142765.12] [142/307]
  * #variants in cis = 19
  * Best hit: [id=1_internal_23248, d=0, pv=0.0105201, s=0.2868]

Processing phenotype [ENSG00000142733.9] [143/307]
  * #variants in cis = 19
  * Best hit: [id=1_internal_17254, d=0, pv=0.00129672, s=0.3220]

Processing phenotype [ENSG00000181773.6] [144/307]
  * #variants in cis = 19
  * Best hit: [id=1_internal_16873, d=-708611, pv=0.016037, s=0.2455]

Processing phenotype [ENSG00000241169.1] [145/307]
  * #variants in cis = 19
  * Best hit: [id=1_internal_16549, d=652912, pv=0.000376635, s=0.3474]

Processing phenotype [ENSG00000158195.6] [146/307]
  * #variants in cis = 19
  * Best hit: [id=1_internal_15829, d=-405870, pv=0.0267986, s=-0.2285]

Processing phenotype [ENSG00000237429.1] [147/307]
  * #variants in cis = 19
  * Best hit: [id=1_internal_24136, d=703880, pv=0.0708127, s=-0.1697]

Processing phenotype [ENSG00000126705.7] [148/307]
  * #variants in cis = 18
  * Best hit: [id=1_internal_23248, d=0, pv=0.0894837, s=-0.1927]

Processing phenotype [ENSG00000000938.7] [149/307]
  * #variants in cis = 18
  * Best hit: [id=1_internal_23248, d=0, pv=0.0827006, s=0.1941]

Processing phenotype [ENSG00000235912.1] [150/307]
  * #variants in cis = 18
  * Best hit: [id=1_internal_24133, d=-548466, pv=0.121667, s=-0.1590]

Processing phenotype [ENSG00000225886.1] [151/307]
  * #variants in cis = 18
  * Best hit: [id=1_internal_16304, d=440428, pv=0.0488304, s=-0.2111]

Processing phenotype [ENSG00000126709.10] [152/307]
  * #variants in cis = 18
  * Best hit: [id=1_internal_23248, d=0, pv=0.0516446, s=-0.2174]

Processing phenotype [ENSG00000009780.10] [153/307]
  * #variants in cis = 17
  * Best hit: [id=1_internal_24133, d=-625026, pv=0.0917716, s=-0.1834]

Processing phenotype [ENSG00000231344.1] [154/307]
  * #variants in cis = 17
  * Best hit: [id=1_internal_17527, d=-922287, pv=0.0783931, s=0.1778]

Processing phenotype [ENSG00000230833.1] [155/307]
  * #variants in cis = 17
  * Best hit: [id=1_internal_17254, d=-368685, pv=0.0444887, s=0.2204]

Processing phenotype [ENSG00000117758.8] [156/307]
  * #variants in cis = 17
  * Best hit: [id=1_internal_17254, d=-401914, pv=0.303019, s=-0.1110]

Processing phenotype [ENSG00000117751.13] [157/307]
  * #variants in cis = 16
  * Best hit: [id=1_internal_15829, d=65250, pv=0.0793447, s=-0.1844]

Processing phenotype [ENSG00000252947.1] [158/307]
  * #variants in cis = 16
  * Best hit: [id=1_internal_24133, d=-733448, pv=0.0322476, s=-0.2263]

Processing phenotype [ENSG00000268552.1] [159/307]
  * #variants in cis = 15
  * Best hit: [id=1_internal_23401, d=-195556, pv=0.00542565, s=-0.2647]

Processing phenotype [ENSG00000130775.11] [160/307]
  * #variants in cis = 15
  * Best hit: [id=1_internal_15762, d=0, pv=3.48343e-18, s=0.7605]

Processing phenotype [ENSG00000117748.5] [161/307]
  * #variants in cis = 16
  * Best hit: [id=1_internal_15829, d=4254, pv=3.05785e-06, s=0.4922]

Processing phenotype [ENSG00000130768.9] [162/307]
  * #variants in cis = 16
  * Best hit: [id=1_internal_15762, d=0, pv=0.00270103, s=0.2939]

Processing phenotype [ENSG00000158156.7] [163/307]
  * #variants in cis = 17
  * Best hit: [id=1_internal_24133, d=-858509, pv=0.031402, s=0.2221]

Processing phenotype [ENSG00000227050.1] [164/307]
  * #variants in cis = 17
  * Best hit: [id=1_internal_15762, d=13839, pv=0.0134965, s=0.2799]

Processing phenotype [ENSG00000238231.2] [165/307]
  * #variants in cis = 17
  * Best hit: [id=1_internal_22749, d=-300634, pv=0.00967687, s=-0.2548]

Processing phenotype [ENSG00000237895.1] [166/307]
  * #variants in cis = 17
  * Best hit: [id=1_internal_22749, d=-260246, pv=0.0493119, s=-0.2028]

Processing phenotype [ENSG00000240750.2] [167/307]
  * #variants in cis = 17
  * Best hit: [id=1_internal_17254, d=660911, pv=0.109392, s=0.1867]

Processing phenotype [ENSG00000158161.11] [168/307]
  * #variants in cis = 17
  * Best hit: [id=1_internal_18540, d=-795728, pv=0.164483, s=0.1591]

Processing phenotype [ENSG00000169403.7] [169/307]
  * #variants in cis = 15
  * Best hit: [id=1_internal_19895, d=-311150, pv=0.0666851, s=-0.1858]

Processing phenotype [ENSG00000269804.1] [170/307]
  * #variants in cis = 15
  * Best hit: [id=1_internal_19729, d=737875, pv=0.0822576, s=0.1859]

Processing phenotype [ENSG00000215902.1] [171/307]
  * #variants in cis = 15
  * Best hit: [id=1_internal_15829, d=290149, pv=0.0853524, s=-0.1667]

Processing phenotype [ENSG00000126698.5] [172/307]
  * #variants in cis = 15
  * Best hit: [id=1_internal_19729, d=-705409, pv=0.043957, s=0.2336]

Processing phenotype [ENSG00000130770.12] [173/307]
  * #variants in cis = 15
  * Best hit: [id=1_internal_18540, d=648315, pv=0.0474131, s=-0.2080]

Processing phenotype [ENSG00000130766.4] [174/307]
  * #variants in cis = 14
  * Best hit: [id=1_internal_20720, d=-110849, pv=0.196071, s=0.1332]

Processing phenotype [ENSG00000130772.9] [175/307]
  * #variants in cis = 14
  * Best hit: [id=1_internal_24136, d=0, pv=0.216487, s=-0.1321]

Processing phenotype [ENSG00000204138.8] [176/307]
  * #variants in cis = 14
  * Best hit: [id=1_internal_17254, d=-998334, pv=0.007517, s=-0.2703]

Processing phenotype [ENSG00000229820.2] [177/307]
  * #variants in cis = 13
  * Best hit: [id=1_internal_24136, d=-98468, pv=0.0372913, s=-0.2184]

Processing phenotype [ENSG00000180198.10] [178/307]
  * #variants in cis = 13
  * Best hit: [id=1_internal_15829, d=-595452, pv=0.0527111, s=-0.2232]

Processing phenotype [ENSG00000242125.1] [179/307]
  * #variants in cis = 13
  * Best hit: [id=1_internal_15829, d=-595489, pv=0.0956289, s=-0.1808]

Processing phenotype [ENSG00000201808.1] [180/307]
  * #variants in cis = 13
  * Best hit: [id=1_internal_15829, d=-596875, pv=0.118284, s=-0.1683]

Processing phenotype [ENSG00000200087.1] [181/307]
  * #variants in cis = 13
  * Best hit: [id=1_internal_18540, d=375864, pv=0.0682509, s=0.1798]

Processing phenotype [ENSG00000238821.1] [182/307]
  * #variants in cis = 13
  * Best hit: [id=1_internal_22749, d=-209555, pv=0.180072, s=-0.1410]

Processing phenotype [ENSG00000231468.1] [183/307]
  * #variants in cis = 13
  * Best hit: [id=1_internal_24136, d=172157, pv=0.0382528, s=0.2105]

Processing phenotype [ENSG00000180098.5] [184/307]
  * #variants in cis = 13
  * Best hit: [id=1_internal_18540, d=331338, pv=0.00762046, s=-0.2783]

Processing phenotype [ENSG00000221539.1] [185/307]
  * #variants in cis = 13
  * Best hit: [id=1_internal_20720, d=430145, pv=0.183556, s=0.1469]

Processing phenotype [ENSG00000207311.1] [186/307]
  * #variants in cis = 13
  * Best hit: [id=1_internal_15829, d=669402, pv=0.0639485, s=-0.2009]

Processing phenotype [ENSG00000207314.1] [187/307]
  * #variants in cis = 13
  * Best hit: [id=1_internal_16304, d=439558, pv=0.0854529, s=0.1825]

Processing phenotype [ENSG00000207070.1] [188/307]
  * #variants in cis = 13
  * Best hit: [id=1_internal_15829, d=670563, pv=0.0424488, s=-0.2187]

Processing phenotype [ENSG00000197989.8] [189/307]
  * #variants in cis = 13
  * Best hit: [id=1_internal_15829, d=672492, pv=0.115481, s=-0.1705]

Processing phenotype [ENSG00000120656.7] [190/307]
  * #variants in cis = 13
  * Best hit: [id=1_internal_16549, d=501367, pv=0.000830339, s=-0.3558]

Processing phenotype [ENSG00000229388.1] [191/307]
  * #variants in cis = 13
  * Best hit: [id=1_internal_23401, d=-561757, pv=0.271763, s=0.1130]

Processing phenotype [ENSG00000209804.1] [192/307]
  * #variants in cis = 13
  * Best hit: [id=1_internal_23248, d=0, pv=0.0606133, s=-0.2105]

Processing phenotype [ENSG00000162419.7] [193/307]
  * #variants in cis = 13
  * Best hit: [id=1_internal_19074, d=-337915, pv=0.0147952, s=0.2813]

Processing phenotype [ENSG00000198492.10] [194/307]
  * #variants in cis = 13
  * Best hit: [id=1_internal_16304, d=-595667, pv=0.00853522, s=0.2583]

Processing phenotype [ENSG00000159023.14] [195/307]
  * #variants in cis = 13
  * Best hit: [id=1_internal_19729, d=51342, pv=0.0357508, s=0.2215]

Processing phenotype [ENSG00000225616.2] [196/307]
  * #variants in cis = 11
  * Best hit: [id=1_internal_19729, d=26227, pv=0.155644, s=-0.1329]

Processing phenotype [ENSG00000253304.1] [197/307]
  * #variants in cis = 10
  * Best hit: [id=1_internal_19729, d=167554, pv=0.250805, s=0.1293]

Processing phenotype [ENSG00000225750.1] [198/307]
  * #variants in cis = 8
  * Best hit: [id=1_internal_19074, d=816177, pv=0.103476, s=-0.1780]

Processing phenotype [ENSG00000227637.1] [199/307]
  * #variants in cis = 7
  * Best hit: [id=1_internal_19729, d=-196108, pv=0.0585068, s=-0.1980]

Processing phenotype [ENSG00000116350.10] [200/307]
  * #variants in cis = 7
  * Best hit: [id=1_internal_18540, d=248197, pv=0.135788, s=-0.1575]

Processing phenotype [ENSG00000237934.1] [201/307]
  * #variants in cis = 7
  * Best hit: [id=1_internal_19729, d=-267552, pv=0.213437, s=-0.1163]

Processing phenotype [ENSG00000116353.10] [202/307]
  * #variants in cis = 7
  * Best hit: [id=1_internal_19074, d=900125, pv=0.0619592, s=0.2118]

Processing phenotype [ENSG00000186056.4] [203/307]
  * #variants in cis = 6
  * Best hit: [id=1_internal_17873, d=520799, pv=0.0850502, s=-0.2012]

Processing phenotype [ENSG00000162510.5] [204/307]
  * #variants in cis = 6
  * Best hit: [id=1_internal_18533, d=-903992, pv=0.0286156, s=-0.2628]

Processing phenotype [ENSG00000264773.1] [205/307]
  * #variants in cis = 6
  * Best hit: [id=1_internal_17873, d=-499660, pv=0.177034, s=0.1446]

Processing phenotype [ENSG00000162511.7] [206/307]
  * #variants in cis = 6
  * Best hit: [id=1_internal_19698, d=-173027, pv=0.298605, s=0.1134]

Processing phenotype [ENSG00000200181.1] [207/307]
  * #variants in cis = 10
  * Best hit: [id=1_internal_17873, d=-270656, pv=0.275591, s=-0.1150]

Processing phenotype [ENSG00000237329.2] [208/307]
  * #variants in cis = 11
  * Best hit: [id=1_internal_16538, d=778714, pv=0.0576158, s=0.1942]

Processing phenotype [ENSG00000232768.1] [209/307]
  * #variants in cis = 11
  * Best hit: [id=1_internal_16538, d=764576, pv=0.0785194, s=0.1916]

Processing phenotype [ENSG00000134644.11] [210/307]
  * #variants in cis = 12
  * Best hit: [id=1_internal_16226, d=919323, pv=0.101492, s=0.1641]

Processing phenotype [ENSG00000229447.2] [211/307]
  * #variants in cis = 11
  * Best hit: [id=1_internal_20523, d=-794912, pv=0.399958, s=0.0862]

Processing phenotype [ENSG00000060688.8] [212/307]
  * #variants in cis = 11
  * Best hit: [id=1_internal_20523, d=-761778, pv=0.0166489, s=0.2629]

Processing phenotype [ENSG00000121766.10] [213/307]
  * #variants in cis = 11
  * Best hit: [id=1_internal_19698, d=-340679, pv=0.00691352, s=-0.2675]

Processing phenotype [ENSG00000229044.1] [214/307]
  * #variants in cis = 12
  * Best hit: [id=1_internal_17873, d=73326, pv=0.1004, s=-0.1724]

Processing phenotype [ENSG00000121769.3] [215/307]
  * #variants in cis = 12
  * Best hit: [id=1_internal_22970, d=-403356, pv=0.0481668, s=0.1949]

Processing phenotype [ENSG00000121764.7] [216/307]
  * #variants in cis = 12
  * Best hit: [id=1_internal_17873, d=-336967, pv=0.000482636, s=0.3882]

Processing phenotype [ENSG00000264078.1] [217/307]
  * #variants in cis = 13
  * Best hit: [id=1_internal_16538, d=178000, pv=0.0193457, s=-0.2400]

Processing phenotype [ENSG00000162517.8] [218/307]
  * #variants in cis = 13
  * Best hit: [id=1_internal_17873, d=364177, pv=0.0073498, s=0.2769]

Processing phenotype [ENSG00000235790.2] [219/307]
  * #variants in cis = 13
  * Best hit: [id=1_internal_20677, d=977915, pv=0.0205601, s=-0.2551]

Processing phenotype [ENSG00000084636.11] [220/307]
  * #variants in cis = 13
  * Best hit: [id=1_internal_22970, d=-83133, pv=0.0482161, s=0.2166]

Processing phenotype [ENSG00000121753.8] [221/307]
  * #variants in cis = 13
  * Best hit: [id=1_internal_22748, d=214422, pv=0.00489471, s=0.2969]

Processing phenotype [ENSG00000212673.1] [222/307]
  * #variants in cis = 12
  * Best hit: [id=1_internal_16538, d=-5939, pv=0.0197155, s=0.2628]

Processing phenotype [ENSG00000228634.1] [223/307]
  * #variants in cis = 12
  * Best hit: [id=1_internal_17873, d=-652301, pv=0.0428524, s=-0.1879]

Processing phenotype [ENSG00000184007.11] [224/307]
  * #variants in cis = 13
  * Best hit: [id=1_internal_16538, d=37222, pv=0.00084574, s=0.3735]

Processing phenotype [ENSG00000121774.12] [225/307]
  * #variants in cis = 13
  * Best hit: [id=1_internal_22970, d=-210505, pv=0.115614, s=-0.1713]

Processing phenotype [ENSG00000121775.13] [226/307]
  * #variants in cis = 13
  * Best hit: [id=1_internal_17303, d=-165402, pv=0.0107528, s=-0.2805]

Processing phenotype [ENSG00000203325.3] [227/307]
  * #variants in cis = 13
  * Best hit: [id=1_internal_17873, d=792755, pv=0.048265, s=-0.1966]

Processing phenotype [ENSG00000025800.9] [228/307]
  * #variants in cis = 13
  * Best hit: [id=1_internal_17303, d=-201409, pv=0.178897, s=0.1342]

Processing phenotype [ENSG00000250135.1] [229/307]
  * #variants in cis = 13
  * Best hit: [id=1_internal_17303, d=-264104, pv=0.00936649, s=0.2534]

Processing phenotype [ENSG00000084652.11] [230/307]
  * #variants in cis = 13
  * Best hit: [id=1_internal_20677, d=443218, pv=0.128372, s=-0.1703]

Processing phenotype [ENSG00000160050.10] [231/307]
  * #variants in cis = 14
  * Best hit: [id=1_internal_24138, d=-186743, pv=0.0867824, s=0.1879]

Processing phenotype [ENSG00000160051.7] [232/307]
  * #variants in cis = 14
  * Best hit: [id=1_internal_20523, d=-131023, pv=0.130824, s=0.1690]

Processing phenotype [ENSG00000224066.1] [233/307]
  * #variants in cis = 14
  * Best hit: [id=1_internal_16069, d=-127499, pv=0.106706, s=0.1723]

Processing phenotype [ENSG00000222046.2] [234/307]
  * #variants in cis = 14
  * Best hit: [id=1_internal_24112, d=-350733, pv=0.00957648, s=0.2632]

Processing phenotype [ENSG00000084623.7] [235/307]
  * #variants in cis = 14
  * Best hit: [id=1_internal_18533, d=-559395, pv=0.0701108, s=0.1857]

Processing phenotype [ENSG00000160055.15] [236/307]
  * #variants in cis = 14
  * Best hit: [id=1_internal_22970, d=419047, pv=0.0746805, s=0.1855]

Processing phenotype [ENSG00000220785.3] [237/307]
  * #variants in cis = 14
  * Best hit: [id=1_internal_19021, d=-939096, pv=0.023186, s=0.2293]

Processing phenotype [ENSG00000183615.5] [238/307]
  * #variants in cis = 14
  * Best hit: [id=1_internal_19021, d=933483, pv=0.00713689, s=0.2791]

Processing phenotype [ENSG00000182866.12] [239/307]
  * #variants in cis = 14
  * Best hit: [id=1_internal_16538, d=-343605, pv=0.0070738, s=0.3003]

Processing phenotype [ENSG00000116478.7] [240/307]
  * #variants in cis = 13
  * Best hit: [id=1_internal_16538, d=-384452, pv=0.0195135, s=0.2487]

Processing phenotype [ENSG00000175130.6] [241/307]
  * #variants in cis = 15
  * Best hit: [id=1_internal_16069, d=0, pv=0.185464, s=0.1506]

Processing phenotype [ENSG00000162526.6] [242/307]
  * #variants in cis = 15
  * Best hit: [id=1_internal_16069, d=0, pv=0.0767662, s=-0.1941]

Processing phenotype [ENSG00000225828.1] [243/307]
  * #variants in cis = 15
  * Best hit: [id=1_internal_20523, d=289666, pv=0.00602926, s=-0.2950]

Processing phenotype [ENSG00000160058.14] [244/307]
  * #variants in cis = 17
  * Best hit: [id=1_internal_17282, d=-903180, pv=0.0018414, s=-0.3459]

Processing phenotype [ENSG00000254553.1] [245/307]
  * #variants in cis = 17
  * Best hit: [id=1_internal_17748, d=473758, pv=0.0297823, s=-0.2436]

Processing phenotype [ENSG00000160062.9] [246/307]
  * #variants in cis = 18
  * Best hit: [id=1_internal_17748, d=399388, pv=0.0144791, s=-0.2750]

Processing phenotype [ENSG00000200591.1] [247/307]
  * #variants in cis = 17
  * Best hit: [id=1_internal_22970, d=-836627, pv=0.0884297, s=-0.1758]

Processing phenotype [ENSG00000176261.10] [248/307]
  * #variants in cis = 17
  * Best hit: [id=1_internal_16069, d=298310, pv=0.0203607, s=-0.2541]

Processing phenotype [ENSG00000162521.12] [249/307]
  * #variants in cis = 17
  * Best hit: [id=1_internal_19143, d=644033, pv=0.0902473, s=-0.1799]

Processing phenotype [ENSG00000162520.10] [250/307]
  * #variants in cis = 16
  * Best hit: [id=1_internal_24138, d=689953, pv=0.118195, s=0.1602]

Processing phenotype [ENSG00000162522.6] [251/307]
  * #variants in cis = 16
  * Best hit: [id=1_internal_20677, d=-91529, pv=0.0708452, s=0.1856]

Processing phenotype [ENSG00000116497.13] [252/307]
  * #variants in cis = 15
  * Best hit: [id=1_internal_15957, d=160470, pv=0.00500904, s=0.3009]

Processing phenotype [ENSG00000134684.6] [253/307]
  * #variants in cis = 15
  * Best hit: [id=1_internal_15957, d=-159084, pv=0.00940777, s=0.2941]

Processing phenotype [ENSG00000160097.10] [254/307]
  * #variants in cis = 14
  * Best hit: [id=1_internal_15957, d=-104755, pv=0.0449821, s=0.2180]

Processing phenotype [ENSG00000116514.12] [255/307]
  * #variants in cis = 12
  * Best hit: [id=1_internal_22566, d=-402644, pv=0.023028, s=-0.2498]

Processing phenotype [ENSG00000217644.4] [256/307]
  * #variants in cis = 12
  * Best hit: [id=1_internal_24138, d=-966299, pv=0.142222, s=-0.1372]

Processing phenotype [ENSG00000239670.1] [257/307]
  * #variants in cis = 12
  * Best hit: [id=1_internal_15957, d=0, pv=0.0102145, s=0.2341]

Processing phenotype [ENSG00000236065.2] [258/307]
  * #variants in cis = 12
  * Best hit: [id=1_internal_16069, d=-634482, pv=0.206529, s=0.1309]

Processing phenotype [ENSG00000004455.12] [259/307]
  * #variants in cis = 10
  * Best hit: [id=1_internal_19166, d=-298662, pv=0.219002, s=-0.1366]

Processing phenotype [ENSG00000142920.12] [260/307]
  * #variants in cis = 10
  * Best hit: [id=1_internal_22566, d=286225, pv=0.00155378, s=-0.3364]

Processing phenotype [ENSG00000116525.9] [261/307]
  * #variants in cis = 10
  * Best hit: [id=1_internal_15957, d=140540, pv=0.0126493, s=0.2584]

Processing phenotype [ENSG00000160094.9] [262/307]
  * #variants in cis = 10
  * Best hit: [id=1_internal_22566, d=110784, pv=0.00687929, s=0.2662]

Processing phenotype [ENSG00000256142.1] [263/307]
  * #variants in cis = 10
  * Best hit: [id=1_internal_20677, d=-649018, pv=0.0241639, s=0.2412]

Processing phenotype [ENSG00000225313.2] [264/307]
  * #variants in cis = 10
  * Best hit: [id=1_internal_17282, d=0, pv=0.165148, s=0.1417]

Processing phenotype [ENSG00000266239.1] [265/307]
  * #variants in cis = 10
  * Best hit: [id=1_internal_22981, d=-137667, pv=0.0580579, s=-0.1951]

Processing phenotype [ENSG00000222112.1] [266/307]
  * #variants in cis = 10
  * Best hit: [id=1_internal_22566, d=-30465, pv=0.00834174, s=0.2622]

Processing phenotype [ENSG00000134686.12] [267/307]
  * #variants in cis = 9
  * Best hit: [id=1_internal_22566, d=53256, pv=0.228806, s=-0.1244]

Processing phenotype [ENSG00000121903.9] [268/307]
  * #variants in cis = 9
  * Best hit: [id=1_internal_20677, d=-822289, pv=0.00211313, s=-0.3486]

Processing phenotype [ENSG00000230163.1] [269/307]
  * #variants in cis = 4
  * Best hit: [id=1_internal_22981, d=-220989, pv=0.435755, s=-0.0794]

Processing phenotype [ENSG00000163866.8] [270/307]
  * #variants in cis = 4
  * Best hit: [id=1_internal_22981, d=230111, pv=0.0906391, s=0.1864]

Processing phenotype [ENSG00000116544.7] [271/307]
  * #variants in cis = 5
  * Best hit: [id=1_internal_19011, d=-575718, pv=0.154591, s=0.1476]

Processing phenotype [ENSG00000241014.1] [272/307]
  * #variants in cis = 5
  * Best hit: [id=1_internal_16970, d=-896942, pv=0.0611972, s=0.2099]

Processing phenotype [ENSG00000243749.1] [273/307]
  * #variants in cis = 5
  * Best hit: [id=1_internal_16970, d=-896902, pv=0.0652604, s=0.2078]

Processing phenotype [ENSG00000163867.11] [274/307]
  * #variants in cis = 5
  * Best hit: [id=1_internal_16970, d=-850287, pv=0.0545343, s=-0.2113]

Processing phenotype [ENSG00000197056.5] [275/307]
  * #variants in cis = 6
  * Best hit: [id=1_internal_22981, d=-430081, pv=0.0907729, s=-0.1826]

Processing phenotype [ENSG00000116560.6] [276/307]
  * #variants in cis = 8
  * Best hit: [id=1_internal_16970, d=-689107, pv=0.114172, s=-0.1765]

Processing phenotype [ENSG00000146463.7] [277/307]
  * #variants in cis = 10
  * Best hit: [id=1_internal_16156, d=887827, pv=0.00829286, s=0.2819]

Processing phenotype [ENSG00000229994.1] [278/307]
  * #variants in cis = 11
  * Best hit: [id=1_internal_16970, d=531533, pv=0.186442, s=0.1433]

Processing phenotype [ENSG00000227409.1] [279/307]
  * #variants in cis = 11
  * Best hit: [id=1_internal_16156, d=-790717, pv=0.0588888, s=0.2075]

Processing phenotype [ENSG00000202129.1] [280/307]
  * #variants in cis = 12
  * Best hit: [id=1_internal_16970, d=-454362, pv=0.0241636, s=-0.2140]

Processing phenotype [ENSG00000236274.1] [281/307]
  * #variants in cis = 12
  * Best hit: [id=1_internal_15887, d=711999, pv=0.145679, s=0.1465]

Processing phenotype [ENSG00000020129.11] [282/307]
  * #variants in cis = 12
  * Best hit: [id=1_internal_19011, d=-11049, pv=0.00459185, s=0.3115]

Processing phenotype [ENSG00000142687.11] [283/307]
  * #variants in cis = 12
  * Best hit: [id=1_internal_19011, d=11526, pv=0.00481205, s=0.3100]

Processing phenotype [ENSG00000116819.6] [284/307]
  * #variants in cis = 12
  * Best hit: [id=1_internal_19011, d=-26946, pv=0.00909783, s=0.2696]

Processing phenotype [ENSG00000239636.1] [285/307]
  * #variants in cis = 12
  * Best hit: [id=1_internal_19011, d=31305, pv=0.0586188, s=0.2010]

Processing phenotype [ENSG00000225306.1] [286/307]
  * #variants in cis = 12
  * Best hit: [id=1_internal_19011, d=-45952, pv=0.00955848, s=0.2600]

Processing phenotype [ENSG00000126067.7] [287/307]
  * #variants in cis = 11
  * Best hit: [id=1_internal_16970, d=-240411, pv=0.167892, s=0.1535]

Processing phenotype [ENSG00000142686.7] [288/307]
  * #variants in cis = 12
  * Best hit: [id=1_internal_17657, d=-331806, pv=0.0565303, s=-0.1973]

Processing phenotype [ENSG00000092853.9] [289/307]
  * #variants in cis = 12
  * Best hit: [id=1_internal_15887, d=-451774, pv=0.0692891, s=0.1944]

Processing phenotype [ENSG00000134698.10] [290/307]
  * #variants in cis = 12
  * Best hit: [id=1_internal_16942, d=338697, pv=0.0272185, s=0.2391]

Processing phenotype [ENSG00000092847.6] [291/307]
  * #variants in cis = 11
  * Best hit: [id=1_internal_16820, d=360436, pv=0.190042, s=-0.1367]

Processing phenotype [ENSG00000126070.12] [292/307]
  * #variants in cis = 11
  * Best hit: [id=1_internal_15887, d=291023, pv=0.0439316, s=-0.2066]

Processing phenotype [ENSG00000232862.3] [293/307]
  * #variants in cis = 11
  * Best hit: [id=1_internal_16777, d=-329449, pv=0.00516932, s=0.2794]

Processing phenotype [ENSG00000092850.7] [294/307]
  * #variants in cis = 11
  * Best hit: [id=1_internal_16942, d=62794, pv=0.0231673, s=0.2528]

Processing phenotype [ENSG00000116863.9] [295/307]
  * #variants in cis = 11
  * Best hit: [id=1_internal_16509, d=253176, pv=0.203788, s=0.1343]

Processing phenotype [ENSG00000171812.6] [296/307]
  * #variants in cis = 11
  * Best hit: [id=1_internal_16156, d=-31574, pv=0.202171, s=0.1353]

Processing phenotype [ENSG00000054116.7] [297/307]
  * #variants in cis = 11
  * Best hit: [id=1_internal_16942, d=0, pv=0.0574009, s=0.1975]

Processing phenotype [ENSG00000116871.11] [298/307]
  * #variants in cis = 11
  * Best hit: [id=1_internal_16942, d=0, pv=0.451877, s=-0.0822]

Processing phenotype [ENSG00000054118.9] [299/307]
  * #variants in cis = 11
  * Best hit: [id=1_internal_17657, d=-132147, pv=0.121195, s=0.1800]

Processing phenotype [ENSG00000231849.1] [300/307]
  * #variants in cis = 11
  * Best hit: [id=1_internal_16970, d=346519, pv=0.0199553, s=-0.2373]

Processing phenotype [ENSG00000214193.5] [301/307]
  * #variants in cis = 11
  * Best hit: [id=1_internal_16970, d=-410750, pv=0.0223494, s=-0.2427]

Processing phenotype [ENSG00000116883.7] [302/307]
  * #variants in cis = 11
  * Best hit: [id=1_internal_16509, d=18317, pv=0.0372418, s=0.2211]

Processing phenotype [ENSG00000142694.6] [303/307]
  * #variants in cis = 11
  * Best hit: [id=1_internal_15887, d=0, pv=0.378827, s=-0.0981]

Processing phenotype [ENSG00000196182.6] [304/307]
  * #variants in cis = 11
  * Best hit: [id=1_internal_16156, d=0, pv=0.0146799, s=0.2504]

Processing phenotype [ENSG00000181817.5] [305/307]
  * #variants in cis = 11
  * Best hit: [id=1_internal_16942, d=0, pv=0.0230654, s=0.2380]

Processing phenotype [ENSG00000116885.14] [306/307]
  * #variants in cis = 11
  * Best hit: [id=1_internal_19011, d=904061, pv=0.00163927, s=-0.3086]

Processing phenotype [ENSG00000116898.7] [307/307]
  * #variants in cis = 11
  * Best hit: [id=1_internal_16970, d=568800, pv=0.0188191, s=-0.2543]

Running time: 1 seconds
