Sender: LSF System <lsfadmin@cpt10>
Subject: Job 974788: </data/unige/funpopgen/odelanea/SGX/V2/binaries/qtltools/bin/QTLtools cis --vcf /data/unige/funpopgen/grey2/SYSCID/BLUEPRINT_DATA/CRD/THREE_CELL_TYPES/CLOMICS/CELL_TYPE_COMPARISON_GENE_CRD_ASSOCIATIONS/quantify/73_vs_70_ALL.ALLchr.mean.txt.gz --bed /data/unige/funpopgen/grey2/SYSCID/BLUEPRINT_DATA/CRD/THREE_CELL_TYPES/QTL_TOOLS/EGAD00001002671_v3.0/EGAD00001002671_RNA.PC10.bed.gz --nominal /data/unige/funpopgen/grey2/SYSCID/BLUEPRINT_DATA/CRD/THREE_CELL_TYPES/CLOMICS/CELL_TYPE_COMPARISON_GENE_CRD_ASSOCIATIONS/mapping_aCRD_gene/73_vs_70/gene_CRD_mean_permutations.thresholds.txt --chunk 67 100 --out /data/unige/funpopgen/grey2/SYSCID/BLUEPRINT_DATA/CRD/THREE_CELL_TYPES/CLOMICS/CELL_TYPE_COMPARISON_GENE_CRD_ASSOCIATIONS/mapping_aCRD_gene/73_vs_70/mapping_gene_CRD_mean_chunk67\.txt> in cluster <ug> Done

Job </data/unige/funpopgen/odelanea/SGX/V2/binaries/qtltools/bin/QTLtools cis --vcf /data/unige/funpopgen/grey2/SYSCID/BLUEPRINT_DATA/CRD/THREE_CELL_TYPES/CLOMICS/CELL_TYPE_COMPARISON_GENE_CRD_ASSOCIATIONS/quantify/73_vs_70_ALL.ALLchr.mean.txt.gz --bed /data/unige/funpopgen/grey2/SYSCID/BLUEPRINT_DATA/CRD/THREE_CELL_TYPES/QTL_TOOLS/EGAD00001002671_v3.0/EGAD00001002671_RNA.PC10.bed.gz --nominal /data/unige/funpopgen/grey2/SYSCID/BLUEPRINT_DATA/CRD/THREE_CELL_TYPES/CLOMICS/CELL_TYPE_COMPARISON_GENE_CRD_ASSOCIATIONS/mapping_aCRD_gene/73_vs_70/gene_CRD_mean_permutations.thresholds.txt --chunk 67 100 --out /data/unige/funpopgen/grey2/SYSCID/BLUEPRINT_DATA/CRD/THREE_CELL_TYPES/CLOMICS/CELL_TYPE_COMPARISON_GENE_CRD_ASSOCIATIONS/mapping_aCRD_gene/73_vs_70/mapping_gene_CRD_mean_chunk67\.txt> was submitted from host <cpt01> by user <grey2> in cluster <ug>.
Job was executed on host(s) <cpt10>, in queue <normal>, as user <grey2> in cluster <ug>.
</home/grey2> was used as the home directory.
</data/unige/funpopgen/grey2/SYSCID/BLUEPRINT_DATA/CRD/THREE_CELL_TYPES/CLOMICS/CELL_TYPE_COMPARISON_GENE_CRD_ASSOCIATIONS> was used as the working directory.
Started at Thu Mar 21 13:50:29 2019
Results reported at Thu Mar 21 13:50:34 2019

Your job looked like:

------------------------------------------------------------
# LSBATCH: User input
/data/unige/funpopgen/odelanea/SGX/V2/binaries/qtltools/bin/QTLtools cis --vcf /data/unige/funpopgen/grey2/SYSCID/BLUEPRINT_DATA/CRD/THREE_CELL_TYPES/CLOMICS/CELL_TYPE_COMPARISON_GENE_CRD_ASSOCIATIONS/quantify/73_vs_70_ALL.ALLchr.mean.txt.gz --bed /data/unige/funpopgen/grey2/SYSCID/BLUEPRINT_DATA/CRD/THREE_CELL_TYPES/QTL_TOOLS/EGAD00001002671_v3.0/EGAD00001002671_RNA.PC10.bed.gz --nominal /data/unige/funpopgen/grey2/SYSCID/BLUEPRINT_DATA/CRD/THREE_CELL_TYPES/CLOMICS/CELL_TYPE_COMPARISON_GENE_CRD_ASSOCIATIONS/mapping_aCRD_gene/73_vs_70/gene_CRD_mean_permutations.thresholds.txt --chunk 67 100 --out /data/unige/funpopgen/grey2/SYSCID/BLUEPRINT_DATA/CRD/THREE_CELL_TYPES/CLOMICS/CELL_TYPE_COMPARISON_GENE_CRD_ASSOCIATIONS/mapping_aCRD_gene/73_vs_70/mapping_gene_CRD_mean_chunk67\.txt

------------------------------------------------------------

Successfully completed.

Resource usage summary:

    CPU time :               1.34 sec.
    Max Memory :             3.14 MB
    Average Memory :         3.14 MB
    Total Requested Memory : -
    Delta Memory :           -
    (Delta: the difference between total requested memory and actual max usage.)
    Max Swap :               32 MB

    Max Processes :          1
    Max Threads :            1

The output (if any) follows:


[32mQTLtools[0m
  * Authors : Olivier DELANEAU / Halit ONGEN / Emmanouil DERMITZAKIS
  * Contact : olivier.delaneau@gmail.com / halit.ongen@unige.ch / Emmanouil.Dermitzakis@unige.ch
  * Webpage : https://qtltools.github.io/qtltools/
  * Version : 1.1
  * Date    : 21/03/2019 - 13:50:32
  * Citation: A complete tool set for molecular QTL discovery and analysis, https://doi.org/10.1101/068635

[32mMAPPING QTL IN CIS[0m
  * TASK: Report all nominal associations with p below thresholds in [/data/unige/funpopgen/grey2/SYSCID/BLUEPRINT_DATA/CRD/THREE_CELL_TYPES/CLOMICS/CELL_TYPE_COMPARISON_GENE_CRD_ASSOCIATIONS/mapping_aCRD_gene/73_vs_70/gene_CRD_mean_permutations.thresholds.txt]
  * Linear model: Phe ~ Var
  * Cis-window size is 1000000 bp
  * Chunk = [67/100]

Scanning phenotype data in [/data/unige/funpopgen/grey2/SYSCID/BLUEPRINT_DATA/CRD/THREE_CELL_TYPES/QTL_TOOLS/EGAD00001002671_v3.0/EGAD00001002671_RNA.PC10.bed.gz]
  * 24372 phenotypes included
  * 12152 phenotypes are on the negative strand

Initialize random number generator
  * Built-in seed is 15112011
  * First Integer = 30554
  * First Double = 0.0126695

Reading sample list from [/data/unige/funpopgen/grey2/SYSCID/BLUEPRINT_DATA/CRD/THREE_CELL_TYPES/QTL_TOOLS/EGAD00001002671_v3.0/EGAD00001002671_RNA.PC10.bed.gz]
  * #samples = 169

Reading sample list from [/data/unige/funpopgen/grey2/SYSCID/BLUEPRINT_DATA/CRD/THREE_CELL_TYPES/CLOMICS/CELL_TYPE_COMPARISON_GENE_CRD_ASSOCIATIONS/quantify/73_vs_70_ALL.ALLchr.mean.txt.gz]
  * #samples = 94

Merging sample sets from all input files
  * #files = 2
  * #samples in all files = 91
  * #samples NOT in all files (i.e. ignored) = 81

Reading phenotype data in [/data/unige/funpopgen/grey2/SYSCID/BLUEPRINT_DATA/CRD/THREE_CELL_TYPES/QTL_TOOLS/EGAD00001002671_v3.0/EGAD00001002671_RNA.PC10.bed.gz]
  * target region [16:68294346-90252405]
  * 301 phenotypes included
  * 149 phenotypes are on the negative strand

Reading genotype data in [/data/unige/funpopgen/grey2/SYSCID/BLUEPRINT_DATA/CRD/THREE_CELL_TYPES/CLOMICS/CELL_TYPE_COMPARISON_GENE_CRD_ASSOCIATIONS/quantify/73_vs_70_ALL.ALLchr.mean.txt.gz]
  * File format detected: BED
  * 91 samples included
  * 5 samples without phenotype data
  * target region [16:67294346-91252405]
  * 97 variants included

Reading nominal thresholds in [/data/unige/funpopgen/grey2/SYSCID/BLUEPRINT_DATA/CRD/THREE_CELL_TYPES/CLOMICS/CELL_TYPE_COMPARISON_GENE_CRD_ASSOCIATIONS/mapping_aCRD_gene/73_vs_70/gene_CRD_mean_permutations.thresholds.txt]
  * #phenotypes set = 301

Processing phenotype [ENSG00000260441.1] [1/301]
  * #variants in cis = 13
  * Best hit: [id=16_internal_7780, d=-208326, pv=0.109103, s=0.1662]

Processing phenotype [ENSG00000103064.9] [2/301]
  * #variants in cis = 13
  * Best hit: [id=16_internal_8022, d=920366, pv=0.0846192, s=0.1913]

Processing phenotype [ENSG00000252026.1] [3/301]
  * #variants in cis = 13
  * Best hit: [id=16_internal_8022, d=-900578, pv=0.0375379, s=0.2233]

Processing phenotype [ENSG00000103061.6] [4/301]
  * #variants in cis = 13
  * Best hit: [id=16_internal_6276, d=214673, pv=0.041203, s=0.2190]

Processing phenotype [ENSG00000132600.12] [5/301]
  * #variants in cis = 13
  * Best hit: [id=16_internal_5719, d=-635384, pv=0.0276637, s=-0.2456]

Processing phenotype [ENSG00000238343.1] [6/301]
  * #variants in cis = 13
  * Best hit: [id=16_internal_5719, d=637750, pv=0.111931, s=-0.1497]

Processing phenotype [ENSG00000259797.1] [7/301]
  * #variants in cis = 13
  * Best hit: [id=16_internal_5701, d=-821680, pv=0.0260541, s=0.2294]

Processing phenotype [ENSG00000103056.7] [8/301]
  * #variants in cis = 16
  * Best hit: [id=16_internal_6404, d=-18790, pv=0.0246029, s=0.2535]

Processing phenotype [ENSG00000184939.9] [9/301]
  * #variants in cis = 15
  * Best hit: [id=16_internal_7780, d=-48238, pv=0.00742628, s=0.2946]

Processing phenotype [ENSG00000262820.1] [10/301]
  * #variants in cis = 15
  * Best hit: [id=16_internal_7780, d=-80209, pv=0.00974693, s=0.2888]

Processing phenotype [ENSG00000260084.1] [11/301]
  * #variants in cis = 15
  * Best hit: [id=16_internal_8416, d=-833977, pv=0.0338, s=-0.2078]

Processing phenotype [ENSG00000062038.9] [12/301]
  * #variants in cis = 15
  * Best hit: [id=16_internal_8022, d=548707, pv=0.0145722, s=0.2721]

Processing phenotype [ENSG00000103047.3] [13/301]
  * #variants in cis = 13
  * Best hit: [id=16_internal_6490, d=-758493, pv=0.0088847, s=0.2660]

Processing phenotype [ENSG00000266801.1] [14/301]
  * #variants in cis = 13
  * Best hit: [id=16_internal_6490, d=-848709, pv=0.0113274, s=-0.2769]

Processing phenotype [ENSG00000260999.1] [15/301]
  * #variants in cis = 13
  * Best hit: [id=16_internal_6490, d=863150, pv=0.264083, s=0.1124]

Processing phenotype [ENSG00000244378.1] [16/301]
  * #variants in cis = 13
  * Best hit: [id=16_internal_5726, d=-987142, pv=0.0731916, s=-0.1869]

Processing phenotype [ENSG00000103044.6] [17/301]
  * #variants in cis = 10
  * Best hit: [id=16_internal_8545, d=329003, pv=0.00677811, s=-0.2859]

Processing phenotype [ENSG00000263203.1] [18/301]
  * #variants in cis = 11
  * Best hit: [id=16_internal_8545, d=-314139, pv=0.248976, s=-0.1179]

Processing phenotype [ENSG00000141076.12] [19/301]
  * #variants in cis = 11
  * Best hit: [id=16_internal_6530, d=983371, pv=0.0451238, s=-0.2195]

Processing phenotype [ENSG00000168802.8] [20/301]
  * #variants in cis = 11
  * Best hit: [id=16_internal_8545, d=-301983, pv=0.114996, s=-0.1690]

Processing phenotype [ENSG00000260499.2] [21/301]
  * #variants in cis = 12
  * Best hit: [id=16_internal_6530, d=947558, pv=0.0273678, s=-0.2659]

Processing phenotype [ENSG00000168807.12] [22/301]
  * #variants in cis = 11
  * Best hit: [id=16_internal_8022, d=0, pv=0.0056102, s=0.3026]

Processing phenotype [ENSG00000132612.13] [23/301]
  * #variants in cis = 11
  * Best hit: [id=16_internal_8545, d=134908, pv=0.0302265, s=-0.2363]

Processing phenotype [ENSG00000260914.2] [24/301]
  * #variants in cis = 11
  * Best hit: [id=16_internal_5642, d=124123, pv=0.00444207, s=0.3203]

Processing phenotype [ENSG00000258429.1] [25/301]
  * #variants in cis = 11
  * Best hit: [id=16_internal_8022, d=29339, pv=0.00181054, s=-0.3364]

Processing phenotype [ENSG00000261576.1] [26/301]
  * #variants in cis = 11
  * Best hit: [id=16_internal_6145, d=-806021, pv=0.0475174, s=-0.2208]

Processing phenotype [ENSG00000132603.9] [27/301]
  * #variants in cis = 11
  * Best hit: [id=16_internal_5642, d=84375, pv=0.153565, s=0.1381]

Processing phenotype [ENSG00000213380.7] [28/301]
  * #variants in cis = 11
  * Best hit: [id=16_internal_5642, d=-84138, pv=0.0862448, s=0.1946]

Processing phenotype [ENSG00000259900.1] [29/301]
  * #variants in cis = 11
  * Best hit: [id=16_internal_8022, d=50474, pv=0.0450249, s=0.2204]

Processing phenotype [ENSG00000157315.4] [30/301]
  * #variants in cis = 11
  * Best hit: [id=16_internal_7183, d=292674, pv=0.00397662, s=0.2848]

Processing phenotype [ENSG00000260371.1] [31/301]
  * #variants in cis = 11
  * Best hit: [id=16_internal_8022, d=55050, pv=0.0936821, s=0.1761]

Processing phenotype [ENSG00000132604.4] [32/301]
  * #variants in cis = 12
  * Best hit: [id=16_internal_6145, d=-732321, pv=0.145156, s=-0.1573]

Processing phenotype [ENSG00000103018.12] [33/301]
  * #variants in cis = 12
  * Best hit: [id=16_internal_8545, d=10042, pv=1.62995e-07, s=0.4948]

Processing phenotype [ENSG00000261527.1] [34/301]
  * #variants in cis = 12
  * Best hit: [id=16_internal_8545, d=0, pv=0.00175808, s=0.3263]

Processing phenotype [ENSG00000260108.1] [35/301]
  * #variants in cis = 12
  * Best hit: [id=16_internal_8545, d=0, pv=0.00230936, s=0.3107]

Processing phenotype [ENSG00000102908.16] [36/301]
  * #variants in cis = 10
  * Best hit: [id=16_internal_5642, d=-135828, pv=0.0236453, s=0.2225]

Processing phenotype [ENSG00000260772.1] [37/301]
  * #variants in cis = 11
  * Best hit: [id=16_internal_6530, d=411597, pv=0.16606, s=-0.1456]

Processing phenotype [ENSG00000261602.1] [38/301]
  * #variants in cis = 11
  * Best hit: [id=16_internal_6448, d=113412, pv=0.0250716, s=-0.2418]

Processing phenotype [ENSG00000181019.8] [39/301]
  * #variants in cis = 11
  * Best hit: [id=16_internal_6448, d=-96335, pv=0.0517132, s=-0.2184]

Processing phenotype [ENSG00000262136.1] [40/301]
  * #variants in cis = 11
  * Best hit: [id=16_internal_6530, d=387649, pv=0.015184, s=-0.2403]

Processing phenotype [ENSG00000141101.8] [41/301]
  * #variants in cis = 11
  * Best hit: [id=16_internal_6448, d=-68346, pv=0.237464, s=0.1234]

Processing phenotype [ENSG00000260290.2] [42/301]
  * #variants in cis = 11
  * Best hit: [id=16_internal_6145, d=-382955, pv=0.022313, s=-0.2452]

Processing phenotype [ENSG00000198373.8] [43/301]
  * #variants in cis = 11
  * Best hit: [id=16_internal_6436, d=632799, pv=0.0649147, s=0.1945]

Processing phenotype [ENSG00000157322.12] [44/301]
  * #variants in cis = 10
  * Best hit: [id=16_internal_5951, d=744542, pv=0.0494635, s=-0.1875]

Processing phenotype [ENSG00000239118.1] [45/301]
  * #variants in cis = 11
  * Best hit: [id=16_internal_8545, d=-413481, pv=0.159917, s=0.1418]

Processing phenotype [ENSG00000255185.1] [46/301]
  * #variants in cis = 10
  * Best hit: [id=16_internal_6436, d=-329160, pv=0.0236003, s=-0.2338]

Processing phenotype [ENSG00000196696.7] [47/301]
  * #variants in cis = 10
  * Best hit: [id=16_internal_6436, d=-329157, pv=0.0436459, s=-0.2036]

Processing phenotype [ENSG00000226232.3] [48/301]
  * #variants in cis = 10
  * Best hit: [id=16_internal_6436, d=-329157, pv=0.0286317, s=-0.2208]

Processing phenotype [ENSG00000090857.9] [49/301]
  * #variants in cis = 10
  * Best hit: [id=16_internal_6145, d=27266, pv=5.23498e-16, s=0.6814]

Processing phenotype [ENSG00000247228.2] [50/301]
  * #variants in cis = 10
  * Best hit: [id=16_internal_6145, d=10236, pv=2.05007e-16, s=0.6767]

Processing phenotype [ENSG00000261556.3] [51/301]
  * #variants in cis = 10
  * Best hit: [id=16_internal_8022, d=944360, pv=0.0163848, s=0.2467]

Processing phenotype [ENSG00000223496.1] [52/301]
  * #variants in cis = 10
  * Best hit: [id=16_internal_6145, d=88718, pv=0.131324, s=-0.1721]

Processing phenotype [ENSG00000090861.10] [53/301]
  * #variants in cis = 10
  * Best hit: [id=16_internal_8416, d=747664, pv=0.0103534, s=0.2817]

Processing phenotype [ENSG00000157349.11] [54/301]
  * #variants in cis = 10
  * Best hit: [id=16_internal_6448, d=-422904, pv=0.0524641, s=-0.2046]

Processing phenotype [ENSG00000260537.1] [55/301]
  * #variants in cis = 10
  * Best hit: [id=16_internal_6448, d=-432435, pv=0.144112, s=-0.1578]

Processing phenotype [ENSG00000261777.1] [56/301]
  * #variants in cis = 9
  * Best hit: [id=16_internal_6448, d=479988, pv=0.140968, s=-0.1621]

Processing phenotype [ENSG00000168872.11] [57/301]
  * #variants in cis = 9
  * Best hit: [id=16_internal_6530, d=-181372, pv=0.250737, s=0.1350]

Processing phenotype [ENSG00000260111.1] [58/301]
  * #variants in cis = 9
  * Best hit: [id=16_internal_6448, d=-512698, pv=0.101259, s=0.1736]

Processing phenotype [ENSG00000157350.8] [59/301]
  * #variants in cis = 8
  * Best hit: [id=16_internal_6436, d=0, pv=0.00452786, s=0.2996]

Processing phenotype [ENSG00000157353.12] [60/301]
  * #variants in cis = 8
  * Best hit: [id=16_internal_8545, d=-837556, pv=0.0157217, s=-0.2503]

Processing phenotype [ENSG00000103051.14] [61/301]
  * #variants in cis = 9
  * Best hit: [id=16_internal_8545, d=906700, pv=0.00153329, s=-0.3169]

Processing phenotype [ENSG00000189091.8] [62/301]
  * #variants in cis = 9
  * Best hit: [id=16_internal_6436, d=-83345, pv=0.0117649, s=-0.2931]

Processing phenotype [ENSG00000221514.1] [63/301]
  * #variants in cis = 9
  * Best hit: [id=16_internal_6021, d=932015, pv=0.0587604, s=0.2074]

Processing phenotype [ENSG00000221066.1] [64/301]
  * #variants in cis = 9
  * Best hit: [id=16_internal_8416, d=-996126, pv=0.0545059, s=-0.2177]

Processing phenotype [ENSG00000260023.1] [65/301]
  * #variants in cis = 8
  * Best hit: [id=16_internal_6436, d=-135858, pv=0.0259179, s=-0.2246]

Processing phenotype [ENSG00000157368.6] [66/301]
  * #variants in cis = 8
  * Best hit: [id=16_internal_6927, d=419883, pv=0.00552972, s=0.2932]

Processing phenotype [ENSG00000268927.1] [67/301]
  * #variants in cis = 7
  * Best hit: [id=16_internal_5951, d=33782, pv=0.0501336, s=0.2063]

Processing phenotype [ENSG00000132613.10] [68/301]
  * #variants in cis = 7
  * Best hit: [id=16_internal_5951, d=-9383, pv=0.00527589, s=0.2871]

Processing phenotype [ENSG00000260156.1] [69/301]
  * #variants in cis = 7
  * Best hit: [id=16_internal_5951, d=0, pv=0.000663353, s=0.3495]

Processing phenotype [ENSG00000214353.3] [70/301]
  * #variants in cis = 7
  * Best hit: [id=16_internal_6448, d=-888339, pv=0.0428305, s=0.2199]

Processing phenotype [ENSG00000103043.10] [71/301]
  * #variants in cis = 7
  * Best hit: [id=16_internal_6145, d=637949, pv=0.255598, s=0.1166]

Processing phenotype [ENSG00000157423.12] [72/301]
  * #variants in cis = 7
  * Best hit: [id=16_internal_5951, d=476925, pv=0.137252, s=-0.1553]

Processing phenotype [ENSG00000180917.12] [73/301]
  * #variants in cis = 7
  * Best hit: [id=16_internal_6021, d=-171809, pv=0.0183641, s=0.2495]

Processing phenotype [ENSG00000262086.1] [74/301]
  * #variants in cis = 6
  * Best hit: [id=16_internal_6021, d=-8875, pv=1.63402e-05, s=0.4417]

Processing phenotype [ENSG00000247324.2] [75/301]
  * #variants in cis = 6
  * Best hit: [id=16_internal_6021, d=0, pv=0.000748503, s=0.3402]

Processing phenotype [ENSG00000167377.12] [76/301]
  * #variants in cis = 6
  * Best hit: [id=16_internal_6021, d=0, pv=1.27632e-05, s=0.4397]

Processing phenotype [ENSG00000261611.3] [77/301]
  * #variants in cis = 6
  * Best hit: [id=16_internal_6021, d=0, pv=2.04672e-05, s=0.4312]

Processing phenotype [ENSG00000157429.11] [78/301]
  * #variants in cis = 6
  * Best hit: [id=16_internal_6021, d=0, pv=0.00876272, s=0.2732]

Processing phenotype [ENSG00000260886.1] [79/301]
  * #variants in cis = 6
  * Best hit: [id=16_internal_5951, d=-811992, pv=0.143963, s=0.1618]

Processing phenotype [ENSG00000198650.6] [80/301]
  * #variants in cis = 6
  * Best hit: [id=16_internal_6927, d=537840, pv=0.574048, s=-0.0605]

Processing phenotype [ENSG00000140832.5] [81/301]
  * #variants in cis = 6
  * Best hit: [id=16_internal_8519, d=373113, pv=0.0342118, s=0.2236]

Processing phenotype [ENSG00000260185.1] [82/301]
  * #variants in cis = 6
  * Best hit: [id=16_internal_8230, d=301510, pv=0.067184, s=0.1974]

Processing phenotype [ENSG00000261513.1] [83/301]
  * #variants in cis = 6
  * Best hit: [id=16_internal_6927, d=-683890, pv=0.0752763, s=-0.2070]

Processing phenotype [ENSG00000040199.14] [84/301]
  * #variants in cis = 6
  * Best hit: [id=16_internal_6927, d=685411, pv=0.0736699, s=0.2019]

Processing phenotype [ENSG00000223224.1] [85/301]
  * #variants in cis = 5
  * Best hit: [id=16_internal_8519, d=-240787, pv=0.102705, s=0.1691]

Processing phenotype [ENSG00000166747.8] [86/301]
  * #variants in cis = 5
  * Best hit: [id=16_internal_6927, d=769911, pv=0.236891, s=0.1168]

Processing phenotype [ENSG00000224470.2] [87/301]
  * #variants in cis = 5
  * Best hit: [id=16_internal_6927, d=-806701, pv=0.0316356, s=-0.2197]

Processing phenotype [ENSG00000261750.1] [88/301]
  * #variants in cis = 5
  * Best hit: [id=16_internal_5915, d=325390, pv=0.214139, s=-0.1324]

Processing phenotype [ENSG00000182149.14] [89/301]
  * #variants in cis = 7
  * Best hit: [id=16_internal_8519, d=114041, pv=0.105564, s=0.1841]

Processing phenotype [ENSG00000102984.10] [90/301]
  * #variants in cis = 7
  * Best hit: [id=16_internal_8230, d=-61201, pv=0.348958, s=0.1012]

Processing phenotype [ENSG00000261337.1] [91/301]
  * #variants in cis = 7
  * Best hit: [id=16_internal_6021, d=359398, pv=0.106455, s=0.1522]

Processing phenotype [ENSG00000263320.1] [92/301]
  * #variants in cis = 7
  * Best hit: [id=16_internal_8230, d=26526, pv=0.0366539, s=0.2125]

Processing phenotype [ENSG00000187008.2] [93/301]
  * #variants in cis = 8
  * Best hit: [id=16_internal_6927, d=960684, pv=0.0468507, s=-0.2139]

Processing phenotype [ENSG00000263232.2] [94/301]
  * #variants in cis = 8
  * Best hit: [id=16_internal_6927, d=967249, pv=0.0399578, s=-0.2024]

Processing phenotype [ENSG00000102967.7] [95/301]
  * #variants in cis = 8
  * Best hit: [id=16_internal_8194, d=967509, pv=0.144552, s=-0.1636]

Processing phenotype [ENSG00000257017.4] [96/301]
  * #variants in cis = 7
  * Best hit: [id=16_internal_7355, d=797212, pv=0.0902806, s=-0.1732]

Processing phenotype [ENSG00000261701.2] [97/301]
  * #variants in cis = 7
  * Best hit: [id=16_internal_8230, d=-94550, pv=0.171063, s=-0.1415]

Processing phenotype [ENSG00000260252.1] [98/301]
  * #variants in cis = 7
  * Best hit: [id=16_internal_8519, d=-67142, pv=0.00173401, s=0.3174]

Processing phenotype [ENSG00000140829.7] [99/301]
  * #variants in cis = 7
  * Best hit: [id=16_internal_8230, d=-133489, pv=0.222294, s=-0.1307]

Processing phenotype [ENSG00000140830.4] [100/301]
  * #variants in cis = 7
  * Best hit: [id=16_internal_5843, d=-757841, pv=0.0987028, s=0.1747]

Processing phenotype [ENSG00000118557.11] [101/301]
  * #variants in cis = 7
  * Best hit: [id=16_internal_8230, d=216805, pv=0.0352424, s=-0.2063]

Processing phenotype [ENSG00000260664.1] [102/301]
  * #variants in cis = 7
  * Best hit: [id=16_internal_6021, d=-859607, pv=0.0630367, s=0.1922]

Processing phenotype [ENSG00000261008.2] [103/301]
  * #variants in cis = 6
  * Best hit: [id=16_internal_8230, d=704936, pv=0.161873, s=-0.1439]

Processing phenotype [ENSG00000259768.3] [104/301]
  * #variants in cis = 6
  * Best hit: [id=16_internal_5915, d=-460273, pv=0.0621918, s=0.2006]

Processing phenotype [ENSG00000259901.1] [105/301]
  * #variants in cis = 6
  * Best hit: [id=16_internal_7355, d=62561, pv=0.0616762, s=0.2067]

Processing phenotype [ENSG00000140836.9] [106/301]
  * #variants in cis = 4
  * Best hit: [id=16_internal_8194, d=0, pv=2.99281e-05, s=0.4384]

Processing phenotype [ENSG00000261404.1] [107/301]
  * #variants in cis = 7
  * Best hit: [id=16_internal_6499, d=-953330, pv=0.493474, s=-0.0773]

Processing phenotype [ENSG00000103035.5] [108/301]
  * #variants in cis = 7
  * Best hit: [id=16_internal_7338, d=740999, pv=0.0655053, s=-0.2013]

Processing phenotype [ENSG00000260884.1] [109/301]
  * #variants in cis = 7
  * Best hit: [id=16_internal_5833, d=50639, pv=0.172502, s=0.1315]

Processing phenotype [ENSG00000239763.2] [110/301]
  * #variants in cis = 7
  * Best hit: [id=16_internal_7338, d=-724384, pv=0.548321, s=0.0582]

Processing phenotype [ENSG00000259972.1] [111/301]
  * #variants in cis = 7
  * Best hit: [id=16_internal_5833, d=-28630, pv=0.0380228, s=0.2372]

Processing phenotype [ENSG00000261079.1] [112/301]
  * #variants in cis = 7
  * Best hit: [id=16_internal_5833, d=0, pv=1.41336e-15, s=0.6765]

Processing phenotype [ENSG00000214331.4] [113/301]
  * #variants in cis = 7
  * Best hit: [id=16_internal_5833, d=0, pv=5.21464e-13, s=0.6798]

Processing phenotype [ENSG00000196436.6] [114/301]
  * #variants in cis = 7
  * Best hit: [id=16_internal_5833, d=0, pv=0.00973309, s=-0.2604]

Processing phenotype [ENSG00000140839.7] [115/301]
  * #variants in cis = 7
  * Best hit: [id=16_internal_8905, d=-120853, pv=0.192905, s=-0.1316]

Processing phenotype [ENSG00000260539.1] [116/301]
  * #variants in cis = 7
  * Best hit: [id=16_internal_8273, d=-241451, pv=0.114516, s=0.1697]

Processing phenotype [ENSG00000251794.1] [117/301]
  * #variants in cis = 7
  * Best hit: [id=16_internal_6499, d=793551, pv=0.108134, s=0.1644]

Processing phenotype [ENSG00000207525.1] [118/301]
  * #variants in cis = 7
  * Best hit: [id=16_internal_5833, d=56257, pv=0.223415, s=-0.1345]

Processing phenotype [ENSG00000240861.1] [119/301]
  * #variants in cis = 7
  * Best hit: [id=16_internal_7338, d=485523, pv=0.0166312, s=-0.2420]

Processing phenotype [ENSG00000090863.7] [120/301]
  * #variants in cis = 7
  * Best hit: [id=16_internal_8639, d=-391122, pv=0.126781, s=0.1611]

Processing phenotype [ENSG00000168411.9] [121/301]
  * #variants in cis = 7
  * Best hit: [id=16_internal_7338, d=-370893, pv=0.217216, s=0.1219]

Processing phenotype [ENSG00000168404.8] [122/301]
  * #variants in cis = 7
  * Best hit: [id=16_internal_8273, d=0, pv=9.33642e-10, s=0.5647]

Processing phenotype [ENSG00000186187.7] [123/301]
  * #variants in cis = 7
  * Best hit: [id=16_internal_8639, d=0, pv=2.42669e-05, s=0.4492]

Processing phenotype [ENSG00000103091.10] [124/301]
  * #variants in cis = 7
  * Best hit: [id=16_internal_8905, d=389956, pv=0.0336655, s=-0.2207]

Processing phenotype [ENSG00000247033.1] [125/301]
  * #variants in cis = 7
  * Best hit: [id=16_internal_8639, d=0, pv=0.0151253, s=0.2531]

Processing phenotype [ENSG00000166816.9] [126/301]
  * #variants in cis = 7
  * Best hit: [id=16_internal_5833, d=709040, pv=0.174113, s=-0.1505]

Processing phenotype [ENSG00000184517.7] [127/301]
  * #variants in cis = 7
  * Best hit: [id=16_internal_7553, d=-590398, pv=0.179251, s=0.1477]

Processing phenotype [ENSG00000259999.1] [128/301]
  * #variants in cis = 7
  * Best hit: [id=16_internal_5833, d=917317, pv=0.118998, s=-0.1643]

Processing phenotype [ENSG00000261783.1] [129/301]
  * #variants in cis = 7
  * Best hit: [id=16_internal_7553, d=823166, pv=0.0822869, s=0.1799]

Processing phenotype [ENSG00000153774.4] [130/301]
  * #variants in cis = 6
  * Best hit: [id=16_internal_8273, d=723009, pv=0.0578173, s=-0.1932]

Processing phenotype [ENSG00000261476.1] [131/301]
  * #variants in cis = 6
  * Best hit: [id=16_internal_8639, d=346477, pv=0.0509802, s=0.2151]

Processing phenotype [ENSG00000261717.1] [132/301]
  * #variants in cis = 6
  * Best hit: [id=16_internal_7553, d=906612, pv=0.134502, s=-0.1500]

Processing phenotype [ENSG00000166822.8] [133/301]
  * #variants in cis = 6
  * Best hit: [id=16_internal_8639, d=351957, pv=0.0264742, s=0.2352]

Processing phenotype [ENSG00000262583.1] [134/301]
  * #variants in cis = 6
  * Best hit: [id=16_internal_8273, d=805804, pv=0.300856, s=-0.1014]

Processing phenotype [ENSG00000260092.1] [135/301]
  * #variants in cis = 6
  * Best hit: [id=16_internal_8273, d=834952, pv=0.0590499, s=0.1903]

Processing phenotype [ENSG00000205084.4] [136/301]
  * #variants in cis = 6
  * Best hit: [id=16_internal_7338, d=501403, pv=0.033261, s=-0.2122]

Processing phenotype [ENSG00000034713.3] [137/301]
  * #variants in cis = 5
  * Best hit: [id=16_internal_8905, d=-956134, pv=0.0398052, s=-0.2237]

Processing phenotype [ENSG00000259992.1] [138/301]
  * #variants in cis = 5
  * Best hit: [id=16_internal_8905, d=998228, pv=0.016148, s=0.2408]

Processing phenotype [ENSG00000065457.6] [139/301]
  * #variants in cis = 4
  * Best hit: [id=16_internal_6499, d=356521, pv=0.285033, s=-0.1146]

Processing phenotype [ENSG00000166848.4] [140/301]
  * #variants in cis = 4
  * Best hit: [id=16_internal_8639, d=-534246, pv=0.634599, s=-0.0491]

Processing phenotype [ENSG00000065427.10] [141/301]
  * #variants in cis = 4
  * Best hit: [id=16_internal_8639, d=535103, pv=0.06825, s=-0.1868]

Processing phenotype [ENSG00000103111.10] [142/301]
  * #variants in cis = 1
  * Best hit: [id=16_internal_5879, d=484862, pv=0.844309, s=0.0206]

Processing phenotype [ENSG00000205078.5] [143/301]
  * #variants in cis = 1
  * Best hit: [id=16_internal_5879, d=476300, pv=0.0850241, s=0.1776]

Processing phenotype [ENSG00000261063.1] [144/301]
  * #variants in cis = 1
  * Best hit: [id=16_internal_5879, d=-425740, pv=0.576459, s=-0.0601]

Processing phenotype [ENSG00000140876.7] [145/301]
  * #variants in cis = 2
  * Best hit: [id=16_internal_5879, d=0, pv=0.407476, s=-0.0892]

Processing phenotype [ENSG00000261707.1] [146/301]
  * #variants in cis = 2
  * Best hit: [id=16_internal_5879, d=0, pv=0.686664, s=-0.0431]

Processing phenotype [ENSG00000186153.12] [147/301]
  * #variants in cis = 3
  * Best hit: [id=16_internal_5879, d=-309988, pv=0.163895, s=-0.1488]

Processing phenotype [ENSG00000260733.1] [148/301]
  * #variants in cis = 3
  * Best hit: [id=16_internal_5879, d=717143, pv=0.0534433, s=-0.2054]

Processing phenotype [ENSG00000261837.1] [149/301]
  * #variants in cis = 3
  * Best hit: [id=16_internal_6735, d=554700, pv=0.0823395, s=-0.1605]

Processing phenotype [ENSG00000243101.1] [150/301]
  * #variants in cis = 2
  * Best hit: [id=16_internal_6735, d=263793, pv=0.11182, s=-0.1686]

Processing phenotype [ENSG00000260816.1] [151/301]
  * #variants in cis = 2
  * Best hit: [id=16_internal_6735, d=191909, pv=0.113271, s=-0.1837]

Processing phenotype [ENSG00000261537.1] [152/301]
  * #variants in cis = 2
  * Best hit: [id=16_internal_6735, d=94729, pv=0.21814, s=0.1218]

Processing phenotype [ENSG00000178573.6] [153/301]
  * #variants in cis = 2
  * Best hit: [id=16_internal_6735, d=435704, pv=0.332357, s=-0.1082]

Processing phenotype [ENSG00000168589.10] [154/301]
  * #variants in cis = 4
  * Best hit: [id=16_internal_8580, d=12983, pv=0.14448, s=0.1518]

Processing phenotype [ENSG00000261128.1] [155/301]
  * #variants in cis = 4
  * Best hit: [id=16_internal_8580, d=0, pv=1.67819e-07, s=0.5109]

Processing phenotype [ENSG00000260064.1] [156/301]
  * #variants in cis = 4
  * Best hit: [id=16_internal_8580, d=0, pv=0.0908451, s=0.1944]

Processing phenotype [ENSG00000166446.9] [157/301]
  * #variants in cis = 7
  * Best hit: [id=16_internal_8580, d=0, pv=4.57662e-07, s=0.5239]

Processing phenotype [ENSG00000166451.9] [158/301]
  * #variants in cis = 9
  * Best hit: [id=16_internal_6394, d=865928, pv=0.187398, s=0.1308]

Processing phenotype [ENSG00000103121.4] [159/301]
  * #variants in cis = 9
  * Best hit: [id=16_internal_6162, d=-724008, pv=0.13261, s=0.1464]

Processing phenotype [ENSG00000261061.1] [160/301]
  * #variants in cis = 9
  * Best hit: [id=16_internal_5886, d=764008, pv=0.0547977, s=-0.2166]

Processing phenotype [ENSG00000260213.1] [161/301]
  * #variants in cis = 9
  * Best hit: [id=16_internal_7370, d=226809, pv=0.0269195, s=-0.2367]

Processing phenotype [ENSG00000166454.5] [162/301]
  * #variants in cis = 9
  * Best hit: [id=16_internal_6162, d=708431, pv=0.0555438, s=0.1932]

Processing phenotype [ENSG00000166455.9] [163/301]
  * #variants in cis = 9
  * Best hit: [id=16_internal_7370, d=268317, pv=0.0675856, s=-0.1942]

Processing phenotype [ENSG00000245059.2] [164/301]
  * #variants in cis = 9
  * Best hit: [id=16_internal_8580, d=-266381, pv=0.230667, s=-0.1349]

Processing phenotype [ENSG00000260643.1] [165/301]
  * #variants in cis = 9
  * Best hit: [id=16_internal_5886, d=-707127, pv=0.458789, s=0.0810]

Processing phenotype [ENSG00000140905.5] [166/301]
  * #variants in cis = 9
  * Best hit: [id=16_internal_6661, d=-753815, pv=0.158915, s=-0.1405]

Processing phenotype [ENSG00000260495.1] [167/301]
  * #variants in cis = 9
  * Best hit: [id=16_internal_6394, d=-559003, pv=0.131078, s=-0.1708]

Processing phenotype [ENSG00000127688.3] [168/301]
  * #variants in cis = 9
  * Best hit: [id=16_internal_6394, d=557474, pv=0.260746, s=0.1228]

Processing phenotype [ENSG00000261609.1] [169/301]
  * #variants in cis = 9
  * Best hit: [id=16_internal_6661, d=466949, pv=0.171157, s=0.1598]

Processing phenotype [ENSG00000265271.1] [170/301]
  * #variants in cis = 9
  * Best hit: [id=16_internal_6162, d=359260, pv=0.172416, s=-0.1398]

Processing phenotype [ENSG00000153815.10] [171/301]
  * #variants in cis = 9
  * Best hit: [id=16_internal_6162, d=299108, pv=0.0921686, s=0.1610]

Processing phenotype [ENSG00000260229.1] [172/301]
  * #variants in cis = 9
  * Best hit: [id=16_internal_6394, d=-395907, pv=0.102294, s=-0.1804]

Processing phenotype [ENSG00000197943.5] [173/301]
  * #variants in cis = 9
  * Best hit: [id=16_internal_5886, d=55681, pv=0.0361673, s=0.2175]

Processing phenotype [ENSG00000260682.1] [174/301]
  * #variants in cis = 7
  * Best hit: [id=16_internal_7666, d=-321809, pv=0.0866191, s=0.1787]

Processing phenotype [ENSG00000200543.1] [175/301]
  * #variants in cis = 7
  * Best hit: [id=16_internal_7666, d=-323816, pv=0.0953563, s=0.1747]

Processing phenotype [ENSG00000184860.4] [176/301]
  * #variants in cis = 7
  * Best hit: [id=16_internal_6394, d=125188, pv=0.0669257, s=0.1997]

Processing phenotype [ENSG00000086696.4] [177/301]
  * #variants in cis = 7
  * Best hit: [id=16_internal_6394, d=-148704, pv=0.0543414, s=0.1977]

Processing phenotype [ENSG00000261235.1] [178/301]
  * #variants in cis = 7
  * Best hit: [id=16_internal_5886, d=270204, pv=0.106416, s=-0.1669]

Processing phenotype [ENSG00000135698.5] [179/301]
  * #variants in cis = 7
  * Best hit: [id=16_internal_8012, d=610490, pv=0.000663864, s=0.3699]

Processing phenotype [ENSG00000230989.2] [180/301]
  * #variants in cis = 10
  * Best hit: [id=16_internal_6355, d=997242, pv=0.0428425, s=0.2121]

Processing phenotype [ENSG00000103150.4] [181/301]
  * #variants in cis = 12
  * Best hit: [id=16_internal_6355, d=905959, pv=0.0250133, s=-0.2528]

Processing phenotype [ENSG00000260300.1] [182/301]
  * #variants in cis = 12
  * Best hit: [id=16_internal_6532, d=-162483, pv=0.0287701, s=0.2325]

Processing phenotype [ENSG00000260932.1] [183/301]
  * #variants in cis = 12
  * Best hit: [id=16_internal_8646, d=-7684, pv=0.12596, s=0.1587]

Processing phenotype [ENSG00000140961.8] [184/301]
  * #variants in cis = 12
  * Best hit: [id=16_internal_7043, d=577777, pv=0.0381438, s=0.2346]

Processing phenotype [ENSG00000140943.12] [185/301]
  * #variants in cis = 18
  * Best hit: [id=16_internal_6277, d=266711, pv=0.0251551, s=0.2235]

Processing phenotype [ENSG00000260018.1] [186/301]
  * #variants in cis = 18
  * Best hit: [id=16_internal_7879, d=896947, pv=0.053624, s=-0.2102]

Processing phenotype [ENSG00000103160.6] [187/301]
  * #variants in cis = 18
  * Best hit: [id=16_internal_6355, d=-659893, pv=0.0830303, s=0.1860]

Processing phenotype [ENSG00000154099.12] [188/301]
  * #variants in cis = 18
  * Best hit: [id=16_internal_8646, d=-26872, pv=0.0702585, s=-0.1765]

Processing phenotype [ENSG00000103168.12] [189/301]
  * #variants in cis = 18
  * Best hit: [id=16_internal_8646, d=68676, pv=0.103743, s=-0.1682]

Processing phenotype [ENSG00000140955.6] [190/301]
  * #variants in cis = 18
  * Best hit: [id=16_internal_6466, d=843681, pv=0.10874, s=-0.1782]

Processing phenotype [ENSG00000250685.3] [191/301]
  * #variants in cis = 18
  * Best hit: [id=16_internal_5629, d=-501572, pv=0.113932, s=-0.1768]

Processing phenotype [ENSG00000064270.7] [192/301]
  * #variants in cis = 19
  * Best hit: [id=16_internal_7043, d=157531, pv=0.000735579, s=0.3425]

Processing phenotype [ENSG00000261286.1] [193/301]
  * #variants in cis = 19
  * Best hit: [id=16_internal_7043, d=-58697, pv=0.00852784, s=0.2817]

Processing phenotype [ENSG00000261243.1] [194/301]
  * #variants in cis = 19
  * Best hit: [id=16_internal_5629, d=203026, pv=0.0489655, s=-0.2214]

Processing phenotype [ENSG00000140950.11] [195/301]
  * #variants in cis = 19
  * Best hit: [id=16_internal_7043, d=8557, pv=0.0139904, s=0.2527]

Processing phenotype [ENSG00000261471.1] [196/301]
  * #variants in cis = 20
  * Best hit: [id=16_internal_7526, d=-393711, pv=0.0587579, s=-0.1981]

Processing phenotype [ENSG00000103187.5] [197/301]
  * #variants in cis = 20
  * Best hit: [id=16_internal_6672, d=-406152, pv=0.0869583, s=0.1890]

Processing phenotype [ENSG00000135686.8] [198/301]
  * #variants in cis = 20
  * Best hit: [id=16_internal_8705, d=654426, pv=0.106112, s=0.1754]

Processing phenotype [ENSG00000103194.11] [199/301]
  * #variants in cis = 20
  * Best hit: [id=16_internal_6135, d=49375, pv=4.11301e-09, s=0.6068]

Processing phenotype [ENSG00000103196.7] [200/301]
  * #variants in cis = 20
  * Best hit: [id=16_internal_6355, d=0, pv=1.36459e-06, s=0.4680]

Processing phenotype [ENSG00000153786.8] [201/301]
  * #variants in cis = 22
  * Best hit: [id=16_internal_6672, d=-12694, pv=0.00283593, s=0.3155]

Processing phenotype [ENSG00000135709.8] [202/301]
  * #variants in cis = 22
  * Best hit: [id=16_internal_6672, d=0, pv=3.07616e-11, s=0.6256]

Processing phenotype [ENSG00000260417.1] [203/301]
  * #variants in cis = 19
  * Best hit: [id=16_internal_6244, d=-946072, pv=0.0161878, s=0.2479]

Processing phenotype [ENSG00000131149.13] [204/301]
  * #variants in cis = 19
  * Best hit: [id=16_internal_8705, d=-3053, pv=0.00933067, s=0.2619]

Processing phenotype [ENSG00000263968.1] [205/301]
  * #variants in cis = 18
  * Best hit: [id=16_internal_6466, d=-595044, pv=0.00454379, s=0.3100]

Processing phenotype [ENSG00000131153.4] [206/301]
  * #variants in cis = 18
  * Best hit: [id=16_internal_6583, d=-198391, pv=0.0679907, s=-0.1973]

Processing phenotype [ENSG00000154102.5] [207/301]
  * #variants in cis = 17
  * Best hit: [id=16_internal_8209, d=0, pv=0.00080936, s=0.3291]

Processing phenotype [ENSG00000252311.1] [208/301]
  * #variants in cis = 17
  * Best hit: [id=16_internal_7107, d=-115078, pv=0.000978615, s=0.3469]

Processing phenotype [ENSG00000131143.4] [209/301]
  * #variants in cis = 16
  * Best hit: [id=16_internal_6605, d=-711222, pv=0.0011398, s=-0.3340]

Processing phenotype [ENSG00000131148.4] [210/301]
  * #variants in cis = 16
  * Best hit: [id=16_internal_6605, d=712197, pv=0.037883, s=-0.2286]

Processing phenotype [ENSG00000140968.5] [211/301]
  * #variants in cis = 15
  * Best hit: [id=16_internal_8211, d=654259, pv=0.000779204, s=-0.3611]

Processing phenotype [ENSG00000268804.1] [212/301]
  * #variants in cis = 13
  * Best hit: [id=16_internal_6605, d=848812, pv=0.0258184, s=-0.2466]

Processing phenotype [ENSG00000243697.1] [213/301]
  * #variants in cis = 11
  * Best hit: [id=16_internal_6547, d=-907412, pv=0.0285316, s=-0.2362]

Processing phenotype [ENSG00000103248.12] [214/301]
  * #variants in cis = 11
  * Best hit: [id=16_internal_5432, d=-808792, pv=0.206424, s=-0.1300]

Processing phenotype [ENSG00000260456.1] [215/301]
  * #variants in cis = 8
  * Best hit: [id=16_internal_8033, d=-515238, pv=0.046831, s=0.2155]

Processing phenotype [ENSG00000131152.4] [216/301]
  * #variants in cis = 8
  * Best hit: [id=16_internal_8211, d=256586, pv=0.0528324, s=0.2000]

Processing phenotype [ENSG00000140941.8] [217/301]
  * #variants in cis = 8
  * Best hit: [id=16_internal_6387, d=421705, pv=0.190833, s=0.1538]

Processing phenotype [ENSG00000103264.11] [218/301]
  * #variants in cis = 8
  * Best hit: [id=16_internal_5971, d=0, pv=0.101391, s=0.1852]

Processing phenotype [ENSG00000261592.1] [219/301]
  * #variants in cis = 8
  * Best hit: [id=16_internal_5971, d=0, pv=0.00405013, s=0.3004]

Processing phenotype [ENSG00000140948.7] [220/301]
  * #variants in cis = 9
  * Best hit: [id=16_internal_5971, d=0, pv=0.0132152, s=0.2658]

Processing phenotype [ENSG00000260750.1] [221/301]
  * #variants in cis = 9
  * Best hit: [id=16_internal_5432, d=-123189, pv=0.0502125, s=0.2025]

Processing phenotype [ENSG00000154118.8] [222/301]
  * #variants in cis = 10
  * Best hit: [id=16_internal_7744, d=-44400, pv=0.0552129, s=0.2198]

Processing phenotype [ENSG00000226180.2] [223/301]
  * #variants in cis = 12
  * Best hit: [id=16_internal_6800, d=-81183, pv=0.0269773, s=0.2420]

Processing phenotype [ENSG00000205047.3] [224/301]
  * #variants in cis = 12
  * Best hit: [id=16_internal_5882, d=-756186, pv=0.0187136, s=0.2533]

Processing phenotype [ENSG00000260671.1] [225/301]
  * #variants in cis = 13
  * Best hit: [id=16_internal_7317, d=-876307, pv=0.0241977, s=0.2356]

Processing phenotype [ENSG00000104731.9] [226/301]
  * #variants in cis = 13
  * Best hit: [id=16_internal_5882, d=-695878, pv=0.00203779, s=0.3354]

Processing phenotype [ENSG00000260466.1] [227/301]
  * #variants in cis = 14
  * Best hit: [id=16_internal_6800, d=0, pv=0.000795944, s=0.3322]

Processing phenotype [ENSG00000103257.4] [228/301]
  * #variants in cis = 14
  * Best hit: [id=16_internal_6800, d=0, pv=1.16768e-06, s=0.4880]

Processing phenotype [ENSG00000172530.14] [229/301]
  * #variants in cis = 15
  * Best hit: [id=16_internal_5882, d=512626, pv=0.0446782, s=0.2210]

Processing phenotype [ENSG00000261193.1] [230/301]
  * #variants in cis = 16
  * Best hit: [id=16_internal_6387, d=270283, pv=0.0746468, s=0.1741]

Processing phenotype [ENSG00000205037.2] [231/301]
  * #variants in cis = 16
  * Best hit: [id=16_internal_8779, d=603997, pv=0.0438358, s=-0.2089]

Processing phenotype [ENSG00000225614.2] [232/301]
  * #variants in cis = 19
  * Best hit: [id=16_internal_7744, d=-902838, pv=0.106651, s=-0.1755]

Processing phenotype [ENSG00000179588.3] [233/301]
  * #variants in cis = 19
  * Best hit: [id=16_internal_5882, d=0, pv=0.0256306, s=0.2330]

Processing phenotype [ENSG00000261744.1] [234/301]
  * #variants in cis = 16
  * Best hit: [id=16_internal_5608, d=-762650, pv=0.00664097, s=0.3037]

Processing phenotype [ENSG00000205036.2] [235/301]
  * #variants in cis = 16
  * Best hit: [id=16_internal_6140, d=90987, pv=0.087098, s=0.1801]

Processing phenotype [ENSG00000158545.11] [236/301]
  * #variants in cis = 16
  * Best hit: [id=16_internal_6800, d=-731009, pv=0.0663851, s=0.2024]

Processing phenotype [ENSG00000124391.4] [237/301]
  * #variants in cis = 16
  * Best hit: [id=16_internal_6800, d=-799219, pv=0.0142993, s=0.2282]

Processing phenotype [ENSG00000051523.6] [238/301]
  * #variants in cis = 16
  * Best hit: [id=16_internal_6119, d=-284061, pv=0.0173841, s=-0.2434]

Processing phenotype [ENSG00000167508.6] [239/301]
  * #variants in cis = 16
  * Best hit: [id=16_internal_7317, d=27815, pv=0.100437, s=0.1748]

Processing phenotype [ENSG00000260630.2] [240/301]
  * #variants in cis = 16
  * Best hit: [id=16_internal_5608, d=630405, pv=0.0879329, s=-0.1895]

Processing phenotype [ENSG00000185669.5] [241/301]
  * #variants in cis = 17
  * Best hit: [id=16_internal_6392, d=-665479, pv=0.0137045, s=0.2529]

Processing phenotype [ENSG00000259813.1] [242/301]
  * #variants in cis = 17
  * Best hit: [id=16_internal_8932, d=46372, pv=0.0317688, s=-0.2098]

Processing phenotype [ENSG00000158717.6] [243/301]
  * #variants in cis = 17
  * Best hit: [id=16_internal_7317, d=71075, pv=0.00610288, s=0.2900]

Processing phenotype [ENSG00000174177.8] [244/301]
  * #variants in cis = 17
  * Best hit: [id=16_internal_6441, d=-63658, pv=0.017766, s=0.2645]

Processing phenotype [ENSG00000265672.1] [245/301]
  * #variants in cis = 17
  * Best hit: [id=16_internal_8033, d=877277, pv=0.00565005, s=-0.2473]

Processing phenotype [ENSG00000260121.1] [246/301]
  * #variants in cis = 17
  * Best hit: [id=16_internal_8932, d=24258, pv=1.36079e-09, s=0.6099]

Processing phenotype [ENSG00000224888.3] [247/301]
  * #variants in cis = 17
  * Best hit: [id=16_internal_8932, d=11693, pv=8.13367e-07, s=0.5352]

Processing phenotype [ENSG00000260617.1] [248/301]
  * #variants in cis = 17
  * Best hit: [id=16_internal_8932, d=1242, pv=0.0143703, s=0.2755]

Processing phenotype [ENSG00000182376.2] [249/301]
  * #variants in cis = 17
  * Best hit: [id=16_internal_6119, d=192446, pv=0.042085, s=0.2203]

Processing phenotype [ENSG00000103335.14] [250/301]
  * #variants in cis = 16
  * Best hit: [id=16_internal_8932, d=0, pv=9.24813e-09, s=0.6037]

Processing phenotype [ENSG00000167513.4] [251/301]
  * #variants in cis = 16
  * Best hit: [id=16_internal_6794, d=516313, pv=0.061514, s=0.2031]

Processing phenotype [ENSG00000198931.6] [252/301]
  * #variants in cis = 16
  * Best hit: [id=16_internal_7745, d=-873890, pv=0.259414, s=-0.1185]

Processing phenotype [ENSG00000167515.6] [253/301]
  * #variants in cis = 15
  * Best hit: [id=16_internal_6794, d=463306, pv=0.00624738, s=-0.2879]

Processing phenotype [ENSG00000141012.8] [254/301]
  * #variants in cis = 15
  * Best hit: [id=16_internal_6441, d=214165, pv=0.136688, s=0.1516]

Processing phenotype [ENSG00000205022.5] [255/301]
  * #variants in cis = 15
  * Best hit: [id=16_internal_6209, d=155021, pv=0.0494381, s=0.2123]

Processing phenotype [ENSG00000129993.10] [256/301]
  * #variants in cis = 15
  * Best hit: [id=16_internal_7776, d=126888, pv=0.0162467, s=-0.2485]

Processing phenotype [ENSG00000176715.11] [257/301]
  * #variants in cis = 15
  * Best hit: [id=16_internal_5608, d=205328, pv=0.0713137, s=0.2021]

Processing phenotype [ENSG00000261546.1] [258/301]
  * #variants in cis = 17
  * Best hit: [id=16_internal_5631, d=-982274, pv=0.0882177, s=0.1993]

Processing phenotype [ENSG00000180422.3] [259/301]
  * #variants in cis = 17
  * Best hit: [id=16_internal_5882, d=-701776, pv=0.00797173, s=0.2379]

Processing phenotype [ENSG00000259803.1] [260/301]
  * #variants in cis = 17
  * Best hit: [id=16_internal_6392, d=-151654, pv=0.00553663, s=-0.2879]

Processing phenotype [ENSG00000259877.1] [261/301]
  * #variants in cis = 17
  * Best hit: [id=16_internal_6209, d=506014, pv=0.0272337, s=-0.2311]

Processing phenotype [ENSG00000170100.9] [262/301]
  * #variants in cis = 17
  * Best hit: [id=16_internal_6441, d=-574905, pv=0.0645728, s=0.1938]

Processing phenotype [ENSG00000205014.4] [263/301]
  * #variants in cis = 17
  * Best hit: [id=16_internal_6140, d=-738559, pv=0.062909, s=0.1840]

Processing phenotype [ENSG00000260659.1] [264/301]
  * #variants in cis = 17
  * Best hit: [id=16_internal_5929, d=25849, pv=0.0385331, s=-0.2026]

Processing phenotype [ENSG00000268218.1] [265/301]
  * #variants in cis = 17
  * Best hit: [id=16_internal_6119, d=-290401, pv=0.0666475, s=0.1794]

Processing phenotype [ENSG00000260279.1] [266/301]
  * #variants in cis = 17
  * Best hit: [id=16_internal_6140, d=-818355, pv=0.101234, s=0.1827]

Processing phenotype [ENSG00000261253.1] [267/301]
  * #variants in cis = 17
  * Best hit: [id=16_internal_5608, d=0, pv=0.002838, s=0.3064]

Processing phenotype [ENSG00000261574.1] [268/301]
  * #variants in cis = 17
  * Best hit: [id=16_internal_6392, d=0, pv=0.0500014, s=-0.1954]

Processing phenotype [ENSG00000261692.1] [269/301]
  * #variants in cis = 17
  * Best hit: [id=16_internal_5892, d=442456, pv=0.0990708, s=0.1819]

Processing phenotype [ENSG00000167522.9] [270/301]
  * #variants in cis = 15
  * Best hit: [id=16_internal_5608, d=1132, pv=0.0102355, s=0.2874]

Processing phenotype [ENSG00000197912.9] [271/301]
  * #variants in cis = 15
  * Best hit: [id=16_internal_5608, d=-1488, pv=0.0140801, s=0.2622]

Processing phenotype [ENSG00000261118.1] [272/301]
  * #variants in cis = 15
  * Best hit: [id=16_internal_5631, d=-593093, pv=0.142188, s=0.1566]

Processing phenotype [ENSG00000167526.9] [273/301]
  * #variants in cis = 15
  * Best hit: [id=16_internal_5631, d=536896, pv=0.106633, s=0.1605]

Processing phenotype [ENSG00000200084.1] [274/301]
  * #variants in cis = 15
  * Best hit: [id=16_internal_8711, d=539928, pv=0.0172362, s=-0.2581]

Processing phenotype [ENSG00000167523.9] [275/301]
  * #variants in cis = 13
  * Best hit: [id=16_internal_7745, d=28032, pv=0.0369326, s=0.2077]

Processing phenotype [ENSG00000131165.10] [276/301]
  * #variants in cis = 13
  * Best hit: [id=16_internal_5929, d=455002, pv=0.272494, s=-0.1177]

Processing phenotype [ENSG00000185324.17] [277/301]
  * #variants in cis = 13
  * Best hit: [id=16_internal_8711, d=420625, pv=0.0147765, s=0.2486]

Processing phenotype [ENSG00000260259.1] [278/301]
  * #variants in cis = 13
  * Best hit: [id=16_internal_5929, d=483726, pv=0.127463, s=-0.1605]

Processing phenotype [ENSG00000158792.11] [279/301]
  * #variants in cis = 13
  * Best hit: [id=16_internal_6119, d=724002, pv=0.133938, s=-0.1621]

Processing phenotype [ENSG00000261373.1] [280/301]
  * #variants in cis = 12
  * Best hit: [id=16_internal_5631, d=385697, pv=0.0174698, s=0.2449]

Processing phenotype [ENSG00000158805.7] [281/301]
  * #variants in cis = 12
  * Best hit: [id=16_internal_8711, d=380962, pv=0.15373, s=-0.1606]

Processing phenotype [ENSG00000075399.8] [282/301]
  * #variants in cis = 12
  * Best hit: [id=16_internal_8711, d=-380376, pv=0.0922971, s=-0.1700]

Processing phenotype [ENSG00000187741.9] [283/301]
  * #variants in cis = 11
  * Best hit: [id=16_internal_6392, d=336968, pv=0.0790423, s=0.2077]

Processing phenotype [ENSG00000204991.6] [284/301]
  * #variants in cis = 11
  * Best hit: [id=16_internal_7039, d=0, pv=0.10295, s=0.1670]

Processing phenotype [ENSG00000141002.13] [285/301]
  * #variants in cis = 10
  * Best hit: [id=16_internal_7745, d=-107349, pv=0.068668, s=-0.2008]

Processing phenotype [ENSG00000267048.1] [286/301]
  * #variants in cis = 10
  * Best hit: [id=16_internal_6392, d=-426468, pv=0.122969, s=-0.1783]

Processing phenotype [ENSG00000258839.2] [287/301]
  * #variants in cis = 10
  * Best hit: [id=16_internal_6794, d=-516507, pv=0.0253441, s=0.2524]

Processing phenotype [ENSG00000256390.1] [288/301]
  * #variants in cis = 10
  * Best hit: [id=16_internal_6392, d=-439176, pv=0.0355184, s=0.2356]

Processing phenotype [ENSG00000198211.8] [289/301]
  * #variants in cis = 10
  * Best hit: [id=16_internal_6794, d=-523553, pv=0.0778403, s=0.1873]

Processing phenotype [ENSG00000258947.2] [290/301]
  * #variants in cis = 10
  * Best hit: [id=16_internal_5608, d=-431963, pv=0.210004, s=-0.1321]

Processing phenotype [ENSG00000259006.1] [291/301]
  * #variants in cis = 10
  * Best hit: [id=16_internal_6392, d=442973, pv=0.000834395, s=0.3427]

Processing phenotype [ENSG00000140995.12] [292/301]
  * #variants in cis = 10
  * Best hit: [id=16_internal_5892, d=-968155, pv=0.0430389, s=-0.2118]

Processing phenotype [ENSG00000261317.1] [293/301]
  * #variants in cis = 10
  * Best hit: [id=16_internal_6392, d=-490102, pv=0.0938929, s=-0.1814]

Processing phenotype [ENSG00000177946.4] [294/301]
  * #variants in cis = 10
  * Best hit: [id=16_internal_6392, d=492845, pv=0.0783798, s=-0.1938]

Processing phenotype [ENSG00000223959.4] [295/301]
  * #variants in cis = 10
  * Best hit: [id=16_internal_7745, d=-206343, pv=0.158386, s=-0.1508]

Processing phenotype [ENSG00000141013.10] [296/301]
  * #variants in cis = 8
  * Best hit: [id=16_internal_7039, d=-153919, pv=0.108571, s=-0.1562]

Processing phenotype [ENSG00000003249.8] [297/301]
  * #variants in cis = 8
  * Best hit: [id=16_internal_5631, d=-77425, pv=0.243716, s=0.1199]

Processing phenotype [ENSG00000221819.2] [298/301]
  * #variants in cis = 8
  * Best hit: [id=16_internal_7039, d=164191, pv=0.278908, s=0.1168]

Processing phenotype [ENSG00000222019.2] [299/301]
  * #variants in cis = 8
  * Best hit: [id=16_internal_7039, d=182063, pv=0.0386192, s=-0.2169]

Processing phenotype [ENSG00000260528.1] [300/301]
  * #variants in cis = 8
  * Best hit: [id=16_internal_7745, d=-335147, pv=0.0710027, s=0.1913]

Processing phenotype [ENSG00000260923.1] [301/301]
  * #variants in cis = 8
  * Best hit: [id=16_internal_7039, d=-320287, pv=0.030679, s=-0.2310]

Running time: 1 seconds
