Sender: LSF System <lsfadmin@cpt15>
Subject: Job 974748: </data/unige/funpopgen/odelanea/SGX/V2/binaries/qtltools/bin/QTLtools cis --vcf /data/unige/funpopgen/grey2/SYSCID/BLUEPRINT_DATA/CRD/THREE_CELL_TYPES/CLOMICS/CELL_TYPE_COMPARISON_GENE_CRD_ASSOCIATIONS/quantify/73_vs_70_ALL.ALLchr.mean.txt.gz --bed /data/unige/funpopgen/grey2/SYSCID/BLUEPRINT_DATA/CRD/THREE_CELL_TYPES/QTL_TOOLS/EGAD00001002671_v3.0/EGAD00001002671_RNA.PC10.bed.gz --nominal /data/unige/funpopgen/grey2/SYSCID/BLUEPRINT_DATA/CRD/THREE_CELL_TYPES/CLOMICS/CELL_TYPE_COMPARISON_GENE_CRD_ASSOCIATIONS/mapping_aCRD_gene/73_vs_70/gene_CRD_mean_permutations.thresholds.txt --chunk 27 100 --out /data/unige/funpopgen/grey2/SYSCID/BLUEPRINT_DATA/CRD/THREE_CELL_TYPES/CLOMICS/CELL_TYPE_COMPARISON_GENE_CRD_ASSOCIATIONS/mapping_aCRD_gene/73_vs_70/mapping_gene_CRD_mean_chunk27\.txt> in cluster <ug> Done

Job </data/unige/funpopgen/odelanea/SGX/V2/binaries/qtltools/bin/QTLtools cis --vcf /data/unige/funpopgen/grey2/SYSCID/BLUEPRINT_DATA/CRD/THREE_CELL_TYPES/CLOMICS/CELL_TYPE_COMPARISON_GENE_CRD_ASSOCIATIONS/quantify/73_vs_70_ALL.ALLchr.mean.txt.gz --bed /data/unige/funpopgen/grey2/SYSCID/BLUEPRINT_DATA/CRD/THREE_CELL_TYPES/QTL_TOOLS/EGAD00001002671_v3.0/EGAD00001002671_RNA.PC10.bed.gz --nominal /data/unige/funpopgen/grey2/SYSCID/BLUEPRINT_DATA/CRD/THREE_CELL_TYPES/CLOMICS/CELL_TYPE_COMPARISON_GENE_CRD_ASSOCIATIONS/mapping_aCRD_gene/73_vs_70/gene_CRD_mean_permutations.thresholds.txt --chunk 27 100 --out /data/unige/funpopgen/grey2/SYSCID/BLUEPRINT_DATA/CRD/THREE_CELL_TYPES/CLOMICS/CELL_TYPE_COMPARISON_GENE_CRD_ASSOCIATIONS/mapping_aCRD_gene/73_vs_70/mapping_gene_CRD_mean_chunk27\.txt> was submitted from host <cpt01> by user <grey2> in cluster <ug>.
Job was executed on host(s) <cpt15>, in queue <normal>, as user <grey2> in cluster <ug>.
</home/grey2> was used as the home directory.
</data/unige/funpopgen/grey2/SYSCID/BLUEPRINT_DATA/CRD/THREE_CELL_TYPES/CLOMICS/CELL_TYPE_COMPARISON_GENE_CRD_ASSOCIATIONS> was used as the working directory.
Started at Thu Mar 21 13:49:29 2019
Results reported at Thu Mar 21 13:49:33 2019

Your job looked like:

------------------------------------------------------------
# LSBATCH: User input
/data/unige/funpopgen/odelanea/SGX/V2/binaries/qtltools/bin/QTLtools cis --vcf /data/unige/funpopgen/grey2/SYSCID/BLUEPRINT_DATA/CRD/THREE_CELL_TYPES/CLOMICS/CELL_TYPE_COMPARISON_GENE_CRD_ASSOCIATIONS/quantify/73_vs_70_ALL.ALLchr.mean.txt.gz --bed /data/unige/funpopgen/grey2/SYSCID/BLUEPRINT_DATA/CRD/THREE_CELL_TYPES/QTL_TOOLS/EGAD00001002671_v3.0/EGAD00001002671_RNA.PC10.bed.gz --nominal /data/unige/funpopgen/grey2/SYSCID/BLUEPRINT_DATA/CRD/THREE_CELL_TYPES/CLOMICS/CELL_TYPE_COMPARISON_GENE_CRD_ASSOCIATIONS/mapping_aCRD_gene/73_vs_70/gene_CRD_mean_permutations.thresholds.txt --chunk 27 100 --out /data/unige/funpopgen/grey2/SYSCID/BLUEPRINT_DATA/CRD/THREE_CELL_TYPES/CLOMICS/CELL_TYPE_COMPARISON_GENE_CRD_ASSOCIATIONS/mapping_aCRD_gene/73_vs_70/mapping_gene_CRD_mean_chunk27\.txt

------------------------------------------------------------

Successfully completed.

Resource usage summary:

    CPU time :               1.52 sec.
    Max Memory :             3.14 MB
    Average Memory :         3.14 MB
    Total Requested Memory : -
    Delta Memory :           -
    (Delta: the difference between total requested memory and actual max usage.)
    Max Swap :               32 MB

    Max Processes :          1
    Max Threads :            1

The output (if any) follows:


[32mQTLtools[0m
  * Authors : Olivier DELANEAU / Halit ONGEN / Emmanouil DERMITZAKIS
  * Contact : olivier.delaneau@gmail.com / halit.ongen@unige.ch / Emmanouil.Dermitzakis@unige.ch
  * Webpage : https://qtltools.github.io/qtltools/
  * Version : 1.1
  * Date    : 21/03/2019 - 13:49:32
  * Citation: A complete tool set for molecular QTL discovery and analysis, https://doi.org/10.1101/068635

[32mMAPPING QTL IN CIS[0m
  * TASK: Report all nominal associations with p below thresholds in [/data/unige/funpopgen/grey2/SYSCID/BLUEPRINT_DATA/CRD/THREE_CELL_TYPES/CLOMICS/CELL_TYPE_COMPARISON_GENE_CRD_ASSOCIATIONS/mapping_aCRD_gene/73_vs_70/gene_CRD_mean_permutations.thresholds.txt]
  * Linear model: Phe ~ Var
  * Cis-window size is 1000000 bp
  * Chunk = [27/100]

Scanning phenotype data in [/data/unige/funpopgen/grey2/SYSCID/BLUEPRINT_DATA/CRD/THREE_CELL_TYPES/QTL_TOOLS/EGAD00001002671_v3.0/EGAD00001002671_RNA.PC10.bed.gz]
  * 24372 phenotypes included
  * 12152 phenotypes are on the negative strand

Initialize random number generator
  * Built-in seed is 15112011
  * First Integer = 30554
  * First Double = 0.0126695

Reading sample list from [/data/unige/funpopgen/grey2/SYSCID/BLUEPRINT_DATA/CRD/THREE_CELL_TYPES/QTL_TOOLS/EGAD00001002671_v3.0/EGAD00001002671_RNA.PC10.bed.gz]
  * #samples = 169

Reading sample list from [/data/unige/funpopgen/grey2/SYSCID/BLUEPRINT_DATA/CRD/THREE_CELL_TYPES/CLOMICS/CELL_TYPE_COMPARISON_GENE_CRD_ASSOCIATIONS/quantify/73_vs_70_ALL.ALLchr.mean.txt.gz]
  * #samples = 94

Merging sample sets from all input files
  * #files = 2
  * #samples in all files = 91
  * #samples NOT in all files (i.e. ignored) = 81

Reading phenotype data in [/data/unige/funpopgen/grey2/SYSCID/BLUEPRINT_DATA/CRD/THREE_CELL_TYPES/QTL_TOOLS/EGAD00001002671_v3.0/EGAD00001002671_RNA.PC10.bed.gz]
  * target region [19:35629712-41304901]
  * 216 phenotypes included
  * 99 phenotypes are on the negative strand

Reading genotype data in [/data/unige/funpopgen/grey2/SYSCID/BLUEPRINT_DATA/CRD/THREE_CELL_TYPES/CLOMICS/CELL_TYPE_COMPARISON_GENE_CRD_ASSOCIATIONS/quantify/73_vs_70_ALL.ALLchr.mean.txt.gz]
  * File format detected: BED
  * 91 samples included
  * 5 samples without phenotype data
  * target region [19:34629712-42304901]
  * 43 variants included

Reading nominal thresholds in [/data/unige/funpopgen/grey2/SYSCID/BLUEPRINT_DATA/CRD/THREE_CELL_TYPES/CLOMICS/CELL_TYPE_COMPARISON_GENE_CRD_ASSOCIATIONS/mapping_aCRD_gene/73_vs_70/gene_CRD_mean_permutations.thresholds.txt]
  * #phenotypes set = 216

Processing phenotype [ENSG00000266964.1] [1/216]
  * #variants in cis = 11
  * Best hit: [id=19_internal_7239, d=-365026, pv=0.0462731, s=0.2137]

Processing phenotype [ENSG00000221857.3] [2/216]
  * #variants in cis = 11
  * Best hit: [id=19_internal_7239, d=-365042, pv=0.0819758, s=0.1770]

Processing phenotype [ENSG00000203403.2] [3/216]
  * #variants in cis = 11
  * Best hit: [id=19_internal_8045, d=365979, pv=0.138627, s=-0.1595]

Processing phenotype [ENSG00000266940.1] [4/216]
  * #variants in cis = 11
  * Best hit: [id=19_internal_8045, d=365979, pv=0.138627, s=-0.1595]

Processing phenotype [ENSG00000153902.9] [5/216]
  * #variants in cis = 12
  * Best hit: [id=19_internal_7239, d=368669, pv=0.15077, s=0.1280]

Processing phenotype [ENSG00000221946.3] [6/216]
  * #variants in cis = 12
  * Best hit: [id=19_internal_7561, d=173555, pv=0.32176, s=-0.1085]

Processing phenotype [ENSG00000089327.9] [7/216]
  * #variants in cis = 12
  * Best hit: [id=19_internal_6668, d=647884, pv=0.0833593, s=0.1763]

Processing phenotype [ENSG00000105699.10] [8/216]
  * #variants in cis = 13
  * Best hit: [id=19_internal_7239, d=-474547, pv=0.0618984, s=-0.2160]

Processing phenotype [ENSG00000268947.1] [9/216]
  * #variants in cis = 13
  * Best hit: [id=19_internal_7239, d=-489063, pv=0.0182582, s=-0.2628]

Processing phenotype [ENSG00000105698.10] [10/216]
  * #variants in cis = 13
  * Best hit: [id=19_internal_7318, d=150912, pv=0.0100135, s=0.2762]

Processing phenotype [ENSG00000105697.3] [11/216]
  * #variants in cis = 13
  * Best hit: [id=19_internal_8325, d=860280, pv=0.0580594, s=-0.1918]

Processing phenotype [ENSG00000012124.10] [12/216]
  * #variants in cis = 13
  * Best hit: [id=19_internal_7318, d=100629, pv=0.0474381, s=-0.2188]

Processing phenotype [ENSG00000268222.1] [13/216]
  * #variants in cis = 14
  * Best hit: [id=19_internal_7318, d=37719, pv=0.198656, s=-0.1454]

Processing phenotype [ENSG00000105679.4] [14/216]
  * #variants in cis = 15
  * Best hit: [id=19_internal_6668, d=269203, pv=0.15148, s=0.1496]

Processing phenotype [ENSG00000267875.1] [15/216]
  * #variants in cis = 15
  * Best hit: [id=19_internal_10163, d=790425, pv=0.0454075, s=0.2169]

Processing phenotype [ENSG00000105677.7] [16/216]
  * #variants in cis = 15
  * Best hit: [id=19_internal_6512, d=568142, pv=0.0124694, s=-0.2855]

Processing phenotype [ENSG00000236144.2] [17/216]
  * #variants in cis = 15
  * Best hit: [id=19_internal_6449, d=-400941, pv=0.208128, s=-0.1409]

Processing phenotype [ENSG00000249115.3] [18/216]
  * #variants in cis = 15
  * Best hit: [id=19_internal_7366, d=805096, pv=0.0128802, s=-0.2628]

Processing phenotype [ENSG00000126254.7] [19/216]
  * #variants in cis = 15
  * Best hit: [id=19_internal_7903, d=-642718, pv=0.00581885, s=-0.2851]

Processing phenotype [ENSG00000105672.10] [20/216]
  * #variants in cis = 15
  * Best hit: [id=19_internal_8752, d=573539, pv=0.0356054, s=0.2353]

Processing phenotype [ENSG00000126267.4] [21/216]
  * #variants in cis = 15
  * Best hit: [id=19_internal_7318, d=-178980, pv=0.141025, s=0.1636]

Processing phenotype [ENSG00000011590.9] [22/216]
  * #variants in cis = 15
  * Best hit: [id=19_internal_6512, d=409210, pv=0.0195187, s=0.2507]

Processing phenotype [ENSG00000105663.9] [23/216]
  * #variants in cis = 15
  * Best hit: [id=19_internal_7318, d=-248776, pv=0.110532, s=-0.1734]

Processing phenotype [ENSG00000126246.5] [24/216]
  * #variants in cis = 15
  * Best hit: [id=19_internal_7239, d=968668, pv=0.207155, s=-0.1417]

Processing phenotype [ENSG00000205155.2] [25/216]
  * #variants in cis = 15
  * Best hit: [id=19_internal_7561, d=-415177, pv=0.0697254, s=-0.2074]

Processing phenotype [ENSG00000267120.2] [26/216]
  * #variants in cis = 15
  * Best hit: [id=19_internal_7239, d=971647, pv=0.0472163, s=-0.2194]

Processing phenotype [ENSG00000161265.9] [27/216]
  * #variants in cis = 15
  * Best hit: [id=19_internal_8045, d=971841, pv=0.224913, s=-0.1252]

Processing phenotype [ENSG00000188223.8] [28/216]
  * #variants in cis = 15
  * Best hit: [id=19_internal_7561, d=-415741, pv=0.0297882, s=-0.2323]

Processing phenotype [ENSG00000267796.2] [29/216]
  * #variants in cis = 15
  * Best hit: [id=19_internal_6668, d=54255, pv=0.166547, s=0.1573]

Processing phenotype [ENSG00000267439.1] [30/216]
  * #variants in cis = 15
  * Best hit: [id=19_internal_8752, d=-461870, pv=0.0826558, s=-0.1946]

Processing phenotype [ENSG00000167595.10] [31/216]
  * #variants in cis = 15
  * Best hit: [id=19_internal_7239, d=-984358, pv=0.250465, s=0.1120]

Processing phenotype [ENSG00000267049.1] [32/216]
  * #variants in cis = 15
  * Best hit: [id=19_internal_7290, d=412184, pv=0.032176, s=0.1983]

Processing phenotype [ENSG00000004777.12] [33/216]
  * #variants in cis = 13
  * Best hit: [id=19_internal_7561, d=-444596, pv=0.163038, s=-0.1514]

Processing phenotype [ENSG00000126259.12] [34/216]
  * #variants in cis = 13
  * Best hit: [id=19_internal_6361, d=0, pv=0.0906581, s=0.1803]

Processing phenotype [ENSG00000105290.5] [35/216]
  * #variants in cis = 13
  * Best hit: [id=19_internal_6512, d=245838, pv=0.0879768, s=-0.1818]

Processing phenotype [ENSG00000267403.1] [36/216]
  * #variants in cis = 13
  * Best hit: [id=19_internal_8325, d=253325, pv=0.0263418, s=-0.2311]

Processing phenotype [ENSG00000167604.8] [37/216]
  * #variants in cis = 13
  * Best hit: [id=19_internal_10163, d=-428881, pv=0.0151932, s=-0.2645]

Processing phenotype [ENSG00000126264.5] [38/216]
  * #variants in cis = 13
  * Best hit: [id=19_internal_7561, d=-572544, pv=0.327568, s=0.1057]

Processing phenotype [ENSG00000011600.5] [39/216]
  * #variants in cis = 13
  * Best hit: [id=19_internal_6512, d=-205428, pv=0.196521, s=0.1384]

Processing phenotype [ENSG00000126243.4] [40/216]
  * #variants in cis = 13
  * Best hit: [id=19_internal_6361, d=-18139, pv=0.199779, s=0.1417]

Processing phenotype [ENSG00000267307.1] [41/216]
  * #variants in cis = 13
  * Best hit: [id=19_internal_7318, d=-480241, pv=0.0411727, s=-0.2168]

Processing phenotype [ENSG00000205138.2] [42/216]
  * #variants in cis = 12
  * Best hit: [id=19_internal_7195, d=-343253, pv=0.0646968, s=0.1930]

Processing phenotype [ENSG00000181392.10] [43/216]
  * #variants in cis = 12
  * Best hit: [id=19_internal_8752, d=-206491, pv=0.0884621, s=0.1709]

Processing phenotype [ENSG00000248101.2] [44/216]
  * #variants in cis = 12
  * Best hit: [id=19_internal_10163, d=-316929, pv=0.0733506, s=0.1987]

Processing phenotype [ENSG00000239382.5] [45/216]
  * #variants in cis = 12
  * Best hit: [id=19_internal_10163, d=-316921, pv=0.0380452, s=0.2419]

Processing phenotype [ENSG00000267698.1] [46/216]
  * #variants in cis = 12
  * Best hit: [id=19_internal_7366, d=403332, pv=0.140992, s=-0.1606]

Processing phenotype [ENSG00000105270.9] [47/216]
  * #variants in cis = 12
  * Best hit: [id=19_internal_6512, d=-80394, pv=0.174341, s=0.1363]

Processing phenotype [ENSG00000161277.7] [48/216]
  * #variants in cis = 12
  * Best hit: [id=19_internal_6361, d=137543, pv=0.096054, s=-0.1762]

Processing phenotype [ENSG00000075702.10] [49/216]
  * #variants in cis = 12
  * Best hit: [id=19_internal_6361, d=-137662, pv=0.013081, s=-0.2727]

Processing phenotype [ENSG00000105261.5] [50/216]
  * #variants in cis = 12
  * Best hit: [id=19_internal_8325, d=29795, pv=0.000706313, s=0.3669]

Processing phenotype [ENSG00000105254.6] [51/216]
  * #variants in cis = 12
  * Best hit: [id=19_internal_7366, d=303551, pv=0.0909752, s=0.1747]

Processing phenotype [ENSG00000266974.1] [52/216]
  * #variants in cis = 12
  * Best hit: [id=19_internal_10163, d=216802, pv=0.0549489, s=0.1938]

Processing phenotype [ENSG00000105258.4] [53/216]
  * #variants in cis = 12
  * Best hit: [id=19_internal_7366, d=-302494, pv=0.0090694, s=0.2751]

Processing phenotype [ENSG00000126247.5] [54/216]
  * #variants in cis = 12
  * Best hit: [id=19_internal_8752, d=75709, pv=0.101447, s=-0.1707]

Processing phenotype [ENSG00000161281.6] [55/216]
  * #variants in cis = 12
  * Best hit: [id=19_internal_10163, d=-178295, pv=0.117267, s=-0.1628]

Processing phenotype [ENSG00000167635.7] [56/216]
  * #variants in cis = 12
  * Best hit: [id=19_internal_7290, d=-855758, pv=0.1535, s=-0.1451]

Processing phenotype [ENSG00000196357.7] [57/216]
  * #variants in cis = 12
  * Best hit: [id=19_internal_7195, d=594322, pv=0.0442885, s=-0.2156]

Processing phenotype [ENSG00000232677.2] [58/216]
  * #variants in cis = 11
  * Best hit: [id=19_internal_10163, d=0, pv=1.11825e-05, s=0.4188]

Processing phenotype [ENSG00000266973.1] [59/216]
  * #variants in cis = 10
  * Best hit: [id=19_internal_6512, d=-248236, pv=0.0135005, s=0.2462]

Processing phenotype [ENSG00000142065.9] [60/216]
  * #variants in cis = 10
  * Best hit: [id=19_internal_10163, d=0, pv=0.0389856, s=0.2232]

Processing phenotype [ENSG00000181007.7] [61/216]
  * #variants in cis = 10
  * Best hit: [id=19_internal_10163, d=0, pv=1.11219e-07, s=0.5450]

Processing phenotype [ENSG00000267309.1] [62/216]
  * #variants in cis = 9
  * Best hit: [id=19_internal_10163, d=0, pv=0.00436774, s=0.3055]

Processing phenotype [ENSG00000186017.10] [63/216]
  * #variants in cis = 9
  * Best hit: [id=19_internal_8325, d=275174, pv=0.0171055, s=0.2573]

Processing phenotype [ENSG00000228629.2] [64/216]
  * #variants in cis = 9
  * Best hit: [id=19_internal_7366, d=0, pv=0.187618, s=-0.1434]

Processing phenotype [ENSG00000254004.2] [65/216]
  * #variants in cis = 9
  * Best hit: [id=19_internal_10163, d=0, pv=0.00891763, s=0.2884]

Processing phenotype [ENSG00000233527.3] [66/216]
  * #variants in cis = 9
  * Best hit: [id=19_internal_8752, d=-193199, pv=0.032457, s=0.2246]

Processing phenotype [ENSG00000161298.12] [67/216]
  * #variants in cis = 9
  * Best hit: [id=19_internal_10163, d=0, pv=0.00287972, s=0.3241]

Processing phenotype [ENSG00000186020.8] [68/216]
  * #variants in cis = 9
  * Best hit: [id=19_internal_7366, d=0, pv=1.43262e-07, s=0.5153]

Processing phenotype [ENSG00000266935.1] [69/216]
  * #variants in cis = 9
  * Best hit: [id=19_internal_8752, d=-248922, pv=0.0372413, s=0.2250]

Processing phenotype [ENSG00000197808.7] [70/216]
  * #variants in cis = 8
  * Best hit: [id=19_internal_10163, d=0, pv=4.54544e-05, s=0.4244]

Processing phenotype [ENSG00000225975.2] [71/216]
  * #variants in cis = 8
  * Best hit: [id=19_internal_7366, d=0, pv=0.0759178, s=0.1955]

Processing phenotype [ENSG00000189042.9] [72/216]
  * #variants in cis = 8
  * Best hit: [id=19_internal_6512, d=-557820, pv=0.116734, s=0.1714]

Processing phenotype [ENSG00000267041.1] [73/216]
  * #variants in cis = 8
  * Best hit: [id=19_internal_10163, d=0, pv=0.106712, s=0.1651]

Processing phenotype [ENSG00000267260.1] [74/216]
  * #variants in cis = 8
  * Best hit: [id=19_internal_7366, d=0, pv=0.00576421, s=0.2715]

Processing phenotype [ENSG00000267353.1] [75/216]
  * #variants in cis = 8
  * Best hit: [id=19_internal_7366, d=0, pv=0.036182, s=0.2128]

Processing phenotype [ENSG00000267254.1] [76/216]
  * #variants in cis = 8
  * Best hit: [id=19_internal_10163, d=0, pv=0.00090596, s=0.3416]

Processing phenotype [ENSG00000251247.5] [77/216]
  * #variants in cis = 7
  * Best hit: [id=19_internal_10163, d=0, pv=0.0123435, s=0.2629]

Processing phenotype [ENSG00000197863.4] [78/216]
  * #variants in cis = 7
  * Best hit: [id=19_internal_10163, d=0, pv=7.89503e-05, s=0.3765]

Processing phenotype [ENSG00000206669.1] [79/216]
  * #variants in cis = 7
  * Best hit: [id=19_internal_8325, d=643601, pv=0.194541, s=-0.1298]

Processing phenotype [ENSG00000185869.9] [80/216]
  * #variants in cis = 7
  * Best hit: [id=19_internal_10163, d=0, pv=0.020657, s=0.2699]

Processing phenotype [ENSG00000198453.8] [81/216]
  * #variants in cis = 7
  * Best hit: [id=19_internal_8325, d=-701601, pv=0.050656, s=-0.2194]

Processing phenotype [ENSG00000197050.6] [82/216]
  * #variants in cis = 7
  * Best hit: [id=19_internal_10163, d=0, pv=0.321124, s=0.1092]

Processing phenotype [ENSG00000267345.1] [83/216]
  * #variants in cis = 8
  * Best hit: [id=19_internal_8325, d=863877, pv=0.120045, s=-0.1751]

Processing phenotype [ENSG00000267672.1] [84/216]
  * #variants in cis = 8
  * Best hit: [id=19_internal_8237, d=966471, pv=0.0798489, s=-0.1577]

Processing phenotype [ENSG00000267437.1] [85/216]
  * #variants in cis = 7
  * Best hit: [id=19_internal_8432, d=-789222, pv=0.292647, s=0.1078]

Processing phenotype [ENSG00000196967.5] [86/216]
  * #variants in cis = 7
  * Best hit: [id=19_internal_10163, d=0, pv=0.00485332, s=0.2924]

Processing phenotype [ENSG00000267360.1] [87/216]
  * #variants in cis = 7
  * Best hit: [id=19_internal_10163, d=0, pv=0.014862, s=0.2696]

Processing phenotype [ENSG00000188283.7] [88/216]
  * #variants in cis = 6
  * Best hit: [id=19_internal_8237, d=839886, pv=0.049824, s=-0.1988]

Processing phenotype [ENSG00000245680.5] [89/216]
  * #variants in cis = 6
  * Best hit: [id=19_internal_10163, d=0, pv=0.00181887, s=0.3508]

Processing phenotype [ENSG00000181666.13] [90/216]
  * #variants in cis = 8
  * Best hit: [id=19_internal_10163, d=0, pv=5.60053e-06, s=0.4714]

Processing phenotype [ENSG00000267682.1] [91/216]
  * #variants in cis = 8
  * Best hit: [id=19_internal_8347, d=588505, pv=0.140751, s=-0.1428]

Processing phenotype [ENSG00000189164.10] [92/216]
  * #variants in cis = 8
  * Best hit: [id=19_internal_10163, d=0, pv=0.0270137, s=0.2489]

Processing phenotype [ENSG00000171827.6] [93/216]
  * #variants in cis = 8
  * Best hit: [id=19_internal_7366, d=0, pv=0.000304834, s=0.3795]

Processing phenotype [ENSG00000196437.6] [94/216]
  * #variants in cis = 8
  * Best hit: [id=19_internal_10163, d=0, pv=0.141222, s=0.1676]

Processing phenotype [ENSG00000267381.1] [95/216]
  * #variants in cis = 8
  * Best hit: [id=19_internal_9320, d=774669, pv=0.0393449, s=0.2156]

Processing phenotype [ENSG00000188227.8] [96/216]
  * #variants in cis = 8
  * Best hit: [id=19_internal_10163, d=0, pv=1.38556e-06, s=0.4788]

Processing phenotype [ENSG00000266916.1] [97/216]
  * #variants in cis = 8
  * Best hit: [id=19_internal_10163, d=0, pv=0.00298424, s=0.3013]

Processing phenotype [ENSG00000267470.1] [98/216]
  * #variants in cis = 9
  * Best hit: [id=19_internal_7366, d=0, pv=0.00222321, s=0.3313]

Processing phenotype [ENSG00000180458.2] [99/216]
  * #variants in cis = 9
  * Best hit: [id=19_internal_10163, d=0, pv=0.00610247, s=0.3160]

Processing phenotype [ENSG00000171817.12] [100/216]
  * #variants in cis = 9
  * Best hit: [id=19_internal_7366, d=0, pv=0.00491122, s=0.3044]

Processing phenotype [ENSG00000180479.9] [101/216]
  * #variants in cis = 9
  * Best hit: [id=19_internal_10163, d=0, pv=0.0015301, s=0.3402]

Processing phenotype [ENSG00000196381.5] [102/216]
  * #variants in cis = 10
  * Best hit: [id=19_internal_10163, d=0, pv=0.00274958, s=0.3182]

Processing phenotype [ENSG00000120784.11] [103/216]
  * #variants in cis = 10
  * Best hit: [id=19_internal_8237, d=-365476, pv=0.0898867, s=0.1668]

Processing phenotype [ENSG00000267552.1] [104/216]
  * #variants in cis = 10
  * Best hit: [id=19_internal_10163, d=0, pv=0.00145642, s=0.3549]

Processing phenotype [ENSG00000198182.7] [105/216]
  * #variants in cis = 10
  * Best hit: [id=19_internal_10163, d=0, pv=9.86177e-06, s=0.4522]

Processing phenotype [ENSG00000267152.1] [106/216]
  * #variants in cis = 10
  * Best hit: [id=19_internal_6937, d=-577206, pv=0.0854419, s=-0.1895]

Processing phenotype [ENSG00000267422.1] [107/216]
  * #variants in cis = 10
  * Best hit: [id=19_internal_7366, d=0, pv=0.000598034, s=0.3780]

Processing phenotype [ENSG00000189144.8] [108/216]
  * #variants in cis = 10
  * Best hit: [id=19_internal_10163, d=36576, pv=0.00636222, s=0.3102]

Processing phenotype [ENSG00000267640.1] [109/216]
  * #variants in cis = 10
  * Best hit: [id=19_internal_7366, d=-36848, pv=0.025307, s=0.2526]

Processing phenotype [ENSG00000105738.6] [110/216]
  * #variants in cis = 10
  * Best hit: [id=19_internal_6563, d=494960, pv=0.282024, s=-0.1158]

Processing phenotype [ENSG00000268051.1] [111/216]
  * #variants in cis = 10
  * Best hit: [id=19_internal_7366, d=-183342, pv=0.141941, s=0.1514]

Processing phenotype [ENSG00000268764.1] [112/216]
  * #variants in cis = 10
  * Best hit: [id=19_internal_9320, d=-153397, pv=0.130347, s=-0.1504]

Processing phenotype [ENSG00000269653.1] [113/216]
  * #variants in cis = 10
  * Best hit: [id=19_internal_7366, d=-403865, pv=0.278243, s=-0.1171]

Processing phenotype [ENSG00000268499.1] [114/216]
  * #variants in cis = 10
  * Best hit: [id=19_internal_8237, d=-126688, pv=0.080948, s=0.1829]

Processing phenotype [ENSG00000266428.1] [115/216]
  * #variants in cis = 10
  * Best hit: [id=19_internal_6937, d=107876, pv=0.021958, s=0.2065]

Processing phenotype [ENSG00000167642.7] [116/216]
  * #variants in cis = 10
  * Best hit: [id=19_internal_9320, d=18895, pv=0.0420221, s=0.2054]

Processing phenotype [ENSG00000267748.1] [117/216]
  * #variants in cis = 10
  * Best hit: [id=19_internal_9320, d=0, pv=0.0989201, s=0.1701]

Processing phenotype [ENSG00000167644.6] [118/216]
  * #variants in cis = 10
  * Best hit: [id=19_internal_9320, d=-14662, pv=0.100104, s=0.1781]

Processing phenotype [ENSG00000167645.12] [119/216]
  * #variants in cis = 10
  * Best hit: [id=19_internal_10163, d=536549, pv=0.194849, s=0.1384]

Processing phenotype [ENSG00000099337.3] [120/216]
  * #variants in cis = 10
  * Best hit: [id=19_internal_8237, d=-246696, pv=0.0748628, s=0.1899]

Processing phenotype [ENSG00000268913.1] [121/216]
  * #variants in cis = 11
  * Best hit: [id=19_internal_7366, d=-551123, pv=0.0428643, s=0.1946]

Processing phenotype [ENSG00000099338.16] [122/216]
  * #variants in cis = 11
  * Best hit: [id=19_internal_6563, d=66413, pv=0.0469604, s=0.1962]

Processing phenotype [ENSG00000238838.1] [123/216]
  * #variants in cis = 11
  * Best hit: [id=19_internal_8152, d=-187701, pv=0.139563, s=-0.1347]

Processing phenotype [ENSG00000266963.1] [124/216]
  * #variants in cis = 11
  * Best hit: [id=19_internal_6563, d=-39704, pv=0.0644295, s=0.1859]

Processing phenotype [ENSG00000099341.6] [125/216]
  * #variants in cis = 11
  * Best hit: [id=19_internal_9320, d=-85037, pv=0.123119, s=-0.1591]

Processing phenotype [ENSG00000267090.1] [126/216]
  * #variants in cis = 11
  * Best hit: [id=19_internal_7366, d=-605011, pv=0.0158715, s=-0.2521]

Processing phenotype [ENSG00000179168.10] [127/216]
  * #variants in cis = 11
  * Best hit: [id=19_internal_8152, d=-148729, pv=0.0481276, s=0.2043]

Processing phenotype [ENSG00000188766.7] [128/216]
  * #variants in cis = 12
  * Best hit: [id=19_internal_10163, d=-607697, pv=0.0182585, s=0.2177]

Processing phenotype [ENSG00000267473.1] [129/216]
  * #variants in cis = 12
  * Best hit: [id=19_internal_10163, d=-617457, pv=0.11486, s=0.1652]

Processing phenotype [ENSG00000130244.8] [130/216]
  * #variants in cis = 12
  * Best hit: [id=19_internal_8152, d=133676, pv=0.0680223, s=0.1891]

Processing phenotype [ENSG00000171777.11] [131/216]
  * #variants in cis = 12
  * Best hit: [id=19_internal_7366, d=645794, pv=0.00445703, s=-0.2976]

Processing phenotype [ENSG00000196218.7] [132/216]
  * #variants in cis = 13
  * Best hit: [id=19_internal_7366, d=-653188, pv=0.119805, s=-0.1581]

Processing phenotype [ENSG00000267291.1] [133/216]
  * #variants in cis = 13
  * Best hit: [id=19_internal_7366, d=-815835, pv=0.0866307, s=0.1733]

Processing phenotype [ENSG00000104814.8] [134/216]
  * #variants in cis = 13
  * Best hit: [id=19_internal_8237, d=545734, pv=0.0214205, s=-0.2559]

Processing phenotype [ENSG00000178982.5] [135/216]
  * #variants in cis = 13
  * Best hit: [id=19_internal_7366, d=-838584, pv=0.3094, s=-0.1097]

Processing phenotype [ENSG00000130402.7] [136/216]
  * #variants in cis = 13
  * Best hit: [id=19_internal_6397, d=0, pv=6.44625e-05, s=0.4161]

Processing phenotype [ENSG00000182472.4] [137/216]
  * #variants in cis = 14
  * Best hit: [id=19_internal_6397, d=69757, pv=0.0123151, s=0.2728]

Processing phenotype [ENSG00000171747.4] [138/216]
  * #variants in cis = 12
  * Best hit: [id=19_internal_5928, d=-575035, pv=0.0108755, s=-0.2508]

Processing phenotype [ENSG00000268756.1] [139/216]
  * #variants in cis = 12
  * Best hit: [id=19_internal_8432, d=-833128, pv=0.192597, s=-0.1331]

Processing phenotype [ENSG00000104823.4] [140/216]
  * #variants in cis = 12
  * Best hit: [id=19_internal_6937, d=507705, pv=0.01393, s=-0.2675]

Processing phenotype [ENSG00000268083.1] [141/216]
  * #variants in cis = 12
  * Best hit: [id=19_internal_6937, d=515878, pv=0.141419, s=-0.1675]

Processing phenotype [ENSG00000269688.1] [142/216]
  * #variants in cis = 12
  * Best hit: [id=19_internal_6563, d=418499, pv=0.107978, s=0.1675]

Processing phenotype [ENSG00000104824.10] [143/216]
  * #variants in cis = 12
  * Best hit: [id=19_internal_5928, d=-536052, pv=0.183105, s=0.1490]

Processing phenotype [ENSG00000269050.1] [144/216]
  * #variants in cis = 12
  * Best hit: [id=19_internal_8237, d=-797011, pv=0.0824357, s=-0.1752]

Processing phenotype [ENSG00000187994.8] [145/216]
  * #variants in cis = 12
  * Best hit: [id=19_internal_5985, d=-444686, pv=0.032334, s=-0.2314]

Processing phenotype [ENSG00000104825.12] [146/216]
  * #variants in cis = 12
  * Best hit: [id=19_internal_8237, d=-826552, pv=0.0294479, s=-0.2339]

Processing phenotype [ENSG00000068903.15] [147/216]
  * #variants in cis = 12
  * Best hit: [id=19_internal_8237, d=826714, pv=0.0591516, s=-0.1973]

Processing phenotype [ENSG00000262484.1] [148/216]
  * #variants in cis = 12
  * Best hit: [id=19_internal_9320, d=622659, pv=0.0136038, s=-0.2555]

Processing phenotype [ENSG00000128626.7] [149/216]
  * #variants in cis = 13
  * Best hit: [id=19_internal_6397, d=-230401, pv=0.0769366, s=-0.1915]

Processing phenotype [ENSG00000269486.1] [150/216]
  * #variants in cis = 13
  * Best hit: [id=19_internal_6937, d=614332, pv=0.25238, s=0.1269]

Processing phenotype [ENSG00000269547.1] [151/216]
  * #variants in cis = 13
  * Best hit: [id=19_internal_6123, d=-785169, pv=0.0782682, s=0.1956]

Processing phenotype [ENSG00000104835.10] [152/216]
  * #variants in cis = 13
  * Best hit: [id=19_internal_8432, d=962817, pv=0.0543274, s=-0.2125]

Processing phenotype [ENSG00000130669.13] [153/216]
  * #variants in cis = 10
  * Best hit: [id=19_internal_9337, d=304353, pv=0.0155765, s=-0.2667]

Processing phenotype [ENSG00000268510.1] [154/216]
  * #variants in cis = 10
  * Best hit: [id=19_internal_6937, d=912993, pv=0.0431621, s=-0.2268]

Processing phenotype [ENSG00000182393.2] [155/216]
  * #variants in cis = 9
  * Best hit: [id=19_internal_9337, d=133798, pv=0.174209, s=0.1495]

Processing phenotype [ENSG00000128011.4] [156/216]
  * #variants in cis = 9
  * Best hit: [id=19_internal_6397, d=615189, pv=0.30008, s=0.1045]

Processing phenotype [ENSG00000268262.1] [157/216]
  * #variants in cis = 9
  * Best hit: [id=19_internal_5985, d=-2107, pv=0.150438, s=-0.1479]

Processing phenotype [ENSG00000269246.1] [158/216]
  * #variants in cis = 8
  * Best hit: [id=19_internal_6397, d=641798, pv=0.064634, s=0.1915]

Processing phenotype [ENSG00000130755.8] [159/216]
  * #variants in cis = 8
  * Best hit: [id=19_internal_8152, d=776088, pv=0.0721424, s=0.2112]

Processing phenotype [ENSG00000179134.10] [160/216]
  * #variants in cis = 8
  * Best hit: [id=19_internal_6123, d=392628, pv=0.104633, s=-0.1494]

Processing phenotype [ENSG00000006712.10] [161/216]
  * #variants in cis = 8
  * Best hit: [id=19_internal_8152, d=824911, pv=0.299179, s=-0.1041]

Processing phenotype [ENSG00000063322.8] [162/216]
  * #variants in cis = 8
  * Best hit: [id=19_internal_6123, d=343721, pv=0.0494843, s=-0.2102]

Processing phenotype [ENSG00000128016.4] [163/216]
  * #variants in cis = 8
  * Best hit: [id=19_internal_6397, d=-706666, pv=0.00101626, s=0.3566]

Processing phenotype [ENSG00000090924.9] [164/216]
  * #variants in cis = 8
  * Best hit: [id=19_internal_6123, d=322439, pv=0.165975, s=-0.1543]

Processing phenotype [ENSG00000269410.1] [165/216]
  * #variants in cis = 9
  * Best hit: [id=19_internal_6397, d=-725788, pv=0.0979235, s=0.1665]

Processing phenotype [ENSG00000105193.4] [166/216]
  * #variants in cis = 9
  * Best hit: [id=19_internal_6397, d=735801, pv=0.018894, s=-0.2550]

Processing phenotype [ENSG00000196235.9] [167/216]
  * #variants in cis = 9
  * Best hit: [id=19_internal_9337, d=0, pv=0.0494362, s=0.2053]

Processing phenotype [ENSG00000105197.5] [168/216]
  * #variants in cis = 11
  * Best hit: [id=19_internal_9337, d=0, pv=0.0279794, s=0.2474]

Processing phenotype [ENSG00000269792.1] [169/216]
  * #variants in cis = 11
  * Best hit: [id=19_internal_5985, d=-117625, pv=0.00209692, s=-0.3454]

Processing phenotype [ENSG00000176401.5] [170/216]
  * #variants in cis = 11
  * Best hit: [id=19_internal_5985, d=118067, pv=0.128795, s=-0.1603]

Processing phenotype [ENSG00000176396.9] [171/216]
  * #variants in cis = 11
  * Best hit: [id=19_internal_9337, d=36728, pv=0.0172095, s=0.2521]

Processing phenotype [ENSG00000226025.4] [172/216]
  * #variants in cis = 11
  * Best hit: [id=19_internal_6123, d=55650, pv=0.00654507, s=0.2972]

Processing phenotype [ENSG00000269460.1] [173/216]
  * #variants in cis = 11
  * Best hit: [id=19_internal_8154, d=790413, pv=0.0877265, s=-0.1804]

Processing phenotype [ENSG00000268088.1] [174/216]
  * #variants in cis = 11
  * Best hit: [id=19_internal_6123, d=41099, pv=0.228918, s=0.1272]

Processing phenotype [ENSG00000006659.8] [175/216]
  * #variants in cis = 10
  * Best hit: [id=19_internal_9337, d=-200804, pv=0.0463173, s=-0.2029]

Processing phenotype [ENSG00000105205.6] [176/216]
  * #variants in cis = 10
  * Best hit: [id=19_internal_5985, d=323241, pv=0.0387305, s=-0.2371]

Processing phenotype [ENSG00000105204.9] [177/216]
  * #variants in cis = 11
  * Best hit: [id=19_internal_6123, d=67233, pv=0.0192362, s=0.2717]

Processing phenotype [ENSG00000105202.3] [178/216]
  * #variants in cis = 12
  * Best hit: [id=19_internal_6498, d=-588595, pv=0.0369892, s=0.2157]

Processing phenotype [ENSG00000090920.9] [179/216]
  * #variants in cis = 14
  * Best hit: [id=19_internal_8057, d=0, pv=9.97711e-07, s=0.5044]

Processing phenotype [ENSG00000187534.5] [180/216]
  * #variants in cis = 14
  * Best hit: [id=19_internal_6422, d=-878251, pv=0.142994, s=0.1597]

Processing phenotype [ENSG00000013275.3] [181/216]
  * #variants in cis = 14
  * Best hit: [id=19_internal_8891, d=877292, pv=0.0056274, s=-0.2728]

Processing phenotype [ENSG00000187187.9] [182/216]
  * #variants in cis = 14
  * Best hit: [id=19_internal_8355, d=419393, pv=0.0122701, s=-0.2748]

Processing phenotype [ENSG00000268166.1] [183/216]
  * #variants in cis = 14
  * Best hit: [id=19_internal_6422, d=801593, pv=0.140158, s=0.1615]

Processing phenotype [ENSG00000269069.1] [184/216]
  * #variants in cis = 14
  * Best hit: [id=19_internal_8355, d=-378025, pv=0.161139, s=-0.1437]

Processing phenotype [ENSG00000128000.11] [185/216]
  * #variants in cis = 14
  * Best hit: [id=19_internal_6422, d=-765769, pv=0.0711085, s=0.1986]

Processing phenotype [ENSG00000269296.1] [186/216]
  * #variants in cis = 14
  * Best hit: [id=19_internal_5928, d=-656183, pv=0.0939466, s=-0.1739]

Processing phenotype [ENSG00000269749.1] [187/216]
  * #variants in cis = 14
  * Best hit: [id=19_internal_6422, d=-731053, pv=0.0325432, s=0.2135]

Processing phenotype [ENSG00000197782.9] [188/216]
  * #variants in cis = 14
  * Best hit: [id=19_internal_8891, d=-757359, pv=0.098959, s=0.1569]

Processing phenotype [ENSG00000130758.3] [189/216]
  * #variants in cis = 14
  * Best hit: [id=19_internal_8057, d=-218980, pv=0.00419932, s=-0.2953]

Processing phenotype [ENSG00000174521.7] [190/216]
  * #variants in cis = 14
  * Best hit: [id=19_internal_6123, d=466698, pv=0.181366, s=-0.1359]

Processing phenotype [ENSG00000105219.4] [191/216]
  * #variants in cis = 14
  * Best hit: [id=19_internal_8057, d=253926, pv=0.0423482, s=-0.1965]

Processing phenotype [ENSG00000205041.1] [192/216]
  * #variants in cis = 15
  * Best hit: [id=19_internal_8057, d=302715, pv=0.0707584, s=0.2012]

Processing phenotype [ENSG00000207631.1] [193/216]
  * #variants in cis = 15
  * Best hit: [id=19_internal_6498, d=-137101, pv=0.0471978, s=0.2080]

Processing phenotype [ENSG00000105221.11] [194/216]
  * #variants in cis = 15
  * Best hit: [id=19_internal_6339, d=-614253, pv=0.0828542, s=-0.1807]

Processing phenotype [ENSG00000105223.14] [195/216]
  * #variants in cis = 16
  * Best hit: [id=19_internal_5919, d=912023, pv=0.0819281, s=0.1985]

Processing phenotype [ENSG00000160392.9] [196/216]
  * #variants in cis = 16
  * Best hit: [id=19_internal_5985, d=949007, pv=0.133607, s=-0.1661]

Processing phenotype [ENSG00000160396.8] [197/216]
  * #variants in cis = 17
  * Best hit: [id=19_internal_6339, d=-509602, pv=0.0736638, s=-0.1782]

Processing phenotype [ENSG00000105227.10] [198/216]
  * #variants in cis = 16
  * Best hit: [id=19_internal_8355, d=0, pv=0.0549858, s=0.2107]

Processing phenotype [ENSG00000197019.4] [199/216]
  * #variants in cis = 16
  * Best hit: [id=19_internal_6686, d=-869945, pv=0.0461325, s=0.2281]

Processing phenotype [ENSG00000268366.1] [200/216]
  * #variants in cis = 15
  * Best hit: [id=19_internal_7032, d=130501, pv=0.027852, s=0.2159]

Processing phenotype [ENSG00000167565.8] [201/216]
  * #variants in cis = 15
  * Best hit: [id=19_internal_6422, d=-377273, pv=0.326308, s=-0.1083]

Processing phenotype [ENSG00000090013.5] [202/216]
  * #variants in cis = 15
  * Best hit: [id=19_internal_8355, d=47272, pv=0.0676918, s=0.2006]

Processing phenotype [ENSG00000160460.11] [203/216]
  * #variants in cis = 15
  * Best hit: [id=19_internal_8057, d=-493477, pv=0.0749847, s=0.1968]

Processing phenotype [ENSG00000160410.10] [204/216]
  * #variants in cis = 17
  * Best hit: [id=19_internal_8057, d=-604086, pv=0.00256472, s=-0.2985]

Processing phenotype [ENSG00000090006.13] [205/216]
  * #variants in cis = 17
  * Best hit: [id=19_internal_6422, d=229096, pv=0.0317783, s=0.2269]

Processing phenotype [ENSG00000105245.5] [206/216]
  * #variants in cis = 17
  * Best hit: [id=19_internal_6498, d=254017, pv=0.00530784, s=-0.2762]

Processing phenotype [ENSG00000223284.1] [207/216]
  * #variants in cis = 17
  * Best hit: [id=19_internal_6422, d=-113817, pv=0.0188512, s=-0.2302]

Processing phenotype [ENSG00000086544.2] [208/216]
  * #variants in cis = 17
  * Best hit: [id=19_internal_7032, d=-121690, pv=0.0697089, s=0.1834]

Processing phenotype [ENSG00000123815.7] [209/216]
  * #variants in cis = 17
  * Best hit: [id=19_internal_6422, d=-103773, pv=0.0511821, s=0.2010]

Processing phenotype [ENSG00000077312.4] [210/216]
  * #variants in cis = 17
  * Best hit: [id=19_internal_6686, d=545335, pv=0.0370062, s=-0.2189]

Processing phenotype [ENSG00000188493.9] [211/216]
  * #variants in cis = 17
  * Best hit: [id=19_internal_6422, d=-70427, pv=0.0153231, s=0.2636]

Processing phenotype [ENSG00000268975.1] [212/216]
  * #variants in cis = 16
  * Best hit: [id=19_internal_8057, d=-798882, pv=0.0186541, s=-0.2478]

Processing phenotype [ENSG00000261857.2] [213/216]
  * #variants in cis = 16
  * Best hit: [id=19_internal_7010, d=-328336, pv=0.134534, s=0.1513]

Processing phenotype [ENSG00000167578.12] [214/216]
  * #variants in cis = 16
  * Best hit: [id=19_internal_8057, d=-805450, pv=0.00668942, s=-0.2762]

Processing phenotype [ENSG00000171570.6] [215/216]
  * #variants in cis = 16
  * Best hit: [id=19_internal_6339, d=121549, pv=0.017928, s=0.2644]

Processing phenotype [ENSG00000269858.1] [216/216]
  * #variants in cis = 16
  * Best hit: [id=19_internal_6339, d=100795, pv=0.00812994, s=0.2970]

Running time: 1 seconds
