Sender: LSF System <lsfadmin@cpt15>
Subject: Job 974731: </data/unige/funpopgen/odelanea/SGX/V2/binaries/qtltools/bin/QTLtools cis --vcf /data/unige/funpopgen/grey2/SYSCID/BLUEPRINT_DATA/CRD/THREE_CELL_TYPES/CLOMICS/CELL_TYPE_COMPARISON_GENE_CRD_ASSOCIATIONS/quantify/73_vs_70_ALL.ALLchr.mean.txt.gz --bed /data/unige/funpopgen/grey2/SYSCID/BLUEPRINT_DATA/CRD/THREE_CELL_TYPES/QTL_TOOLS/EGAD00001002671_v3.0/EGAD00001002671_RNA.PC10.bed.gz --nominal /data/unige/funpopgen/grey2/SYSCID/BLUEPRINT_DATA/CRD/THREE_CELL_TYPES/CLOMICS/CELL_TYPE_COMPARISON_GENE_CRD_ASSOCIATIONS/mapping_aCRD_gene/73_vs_70/gene_CRD_mean_permutations.thresholds.txt --chunk 10 100 --out /data/unige/funpopgen/grey2/SYSCID/BLUEPRINT_DATA/CRD/THREE_CELL_TYPES/CLOMICS/CELL_TYPE_COMPARISON_GENE_CRD_ASSOCIATIONS/mapping_aCRD_gene/73_vs_70/mapping_gene_CRD_mean_chunk10\.txt> in cluster <ug> Done

Job </data/unige/funpopgen/odelanea/SGX/V2/binaries/qtltools/bin/QTLtools cis --vcf /data/unige/funpopgen/grey2/SYSCID/BLUEPRINT_DATA/CRD/THREE_CELL_TYPES/CLOMICS/CELL_TYPE_COMPARISON_GENE_CRD_ASSOCIATIONS/quantify/73_vs_70_ALL.ALLchr.mean.txt.gz --bed /data/unige/funpopgen/grey2/SYSCID/BLUEPRINT_DATA/CRD/THREE_CELL_TYPES/QTL_TOOLS/EGAD00001002671_v3.0/EGAD00001002671_RNA.PC10.bed.gz --nominal /data/unige/funpopgen/grey2/SYSCID/BLUEPRINT_DATA/CRD/THREE_CELL_TYPES/CLOMICS/CELL_TYPE_COMPARISON_GENE_CRD_ASSOCIATIONS/mapping_aCRD_gene/73_vs_70/gene_CRD_mean_permutations.thresholds.txt --chunk 10 100 --out /data/unige/funpopgen/grey2/SYSCID/BLUEPRINT_DATA/CRD/THREE_CELL_TYPES/CLOMICS/CELL_TYPE_COMPARISON_GENE_CRD_ASSOCIATIONS/mapping_aCRD_gene/73_vs_70/mapping_gene_CRD_mean_chunk10\.txt> was submitted from host <cpt01> by user <grey2> in cluster <ug>.
Job was executed on host(s) <cpt15>, in queue <normal>, as user <grey2> in cluster <ug>.
</home/grey2> was used as the home directory.
</data/unige/funpopgen/grey2/SYSCID/BLUEPRINT_DATA/CRD/THREE_CELL_TYPES/CLOMICS/CELL_TYPE_COMPARISON_GENE_CRD_ASSOCIATIONS> was used as the working directory.
Started at Thu Mar 21 13:49:09 2019
Results reported at Thu Mar 21 13:49:13 2019

Your job looked like:

------------------------------------------------------------
# LSBATCH: User input
/data/unige/funpopgen/odelanea/SGX/V2/binaries/qtltools/bin/QTLtools cis --vcf /data/unige/funpopgen/grey2/SYSCID/BLUEPRINT_DATA/CRD/THREE_CELL_TYPES/CLOMICS/CELL_TYPE_COMPARISON_GENE_CRD_ASSOCIATIONS/quantify/73_vs_70_ALL.ALLchr.mean.txt.gz --bed /data/unige/funpopgen/grey2/SYSCID/BLUEPRINT_DATA/CRD/THREE_CELL_TYPES/QTL_TOOLS/EGAD00001002671_v3.0/EGAD00001002671_RNA.PC10.bed.gz --nominal /data/unige/funpopgen/grey2/SYSCID/BLUEPRINT_DATA/CRD/THREE_CELL_TYPES/CLOMICS/CELL_TYPE_COMPARISON_GENE_CRD_ASSOCIATIONS/mapping_aCRD_gene/73_vs_70/gene_CRD_mean_permutations.thresholds.txt --chunk 10 100 --out /data/unige/funpopgen/grey2/SYSCID/BLUEPRINT_DATA/CRD/THREE_CELL_TYPES/CLOMICS/CELL_TYPE_COMPARISON_GENE_CRD_ASSOCIATIONS/mapping_aCRD_gene/73_vs_70/mapping_gene_CRD_mean_chunk10\.txt

------------------------------------------------------------

Successfully completed.

Resource usage summary:

    CPU time :               1.43 sec.
    Max Memory :             3.31 MB
    Average Memory :         3.31 MB
    Total Requested Memory : -
    Delta Memory :           -
    (Delta: the difference between total requested memory and actual max usage.)
    Max Swap :               32 MB

    Max Processes :          1
    Max Threads :            1

The output (if any) follows:


[32mQTLtools[0m
  * Authors : Olivier DELANEAU / Halit ONGEN / Emmanouil DERMITZAKIS
  * Contact : olivier.delaneau@gmail.com / halit.ongen@unige.ch / Emmanouil.Dermitzakis@unige.ch
  * Webpage : https://qtltools.github.io/qtltools/
  * Version : 1.1
  * Date    : 21/03/2019 - 13:49:11
  * Citation: A complete tool set for molecular QTL discovery and analysis, https://doi.org/10.1101/068635

[32mMAPPING QTL IN CIS[0m
  * TASK: Report all nominal associations with p below thresholds in [/data/unige/funpopgen/grey2/SYSCID/BLUEPRINT_DATA/CRD/THREE_CELL_TYPES/CLOMICS/CELL_TYPE_COMPARISON_GENE_CRD_ASSOCIATIONS/mapping_aCRD_gene/73_vs_70/gene_CRD_mean_permutations.thresholds.txt]
  * Linear model: Phe ~ Var
  * Cis-window size is 1000000 bp
  * Chunk = [10/100]

Scanning phenotype data in [/data/unige/funpopgen/grey2/SYSCID/BLUEPRINT_DATA/CRD/THREE_CELL_TYPES/QTL_TOOLS/EGAD00001002671_v3.0/EGAD00001002671_RNA.PC10.bed.gz]
  * 24372 phenotypes included
  * 12152 phenotypes are on the negative strand

Initialize random number generator
  * Built-in seed is 15112011
  * First Integer = 30554
  * First Double = 0.0126695

Reading sample list from [/data/unige/funpopgen/grey2/SYSCID/BLUEPRINT_DATA/CRD/THREE_CELL_TYPES/QTL_TOOLS/EGAD00001002671_v3.0/EGAD00001002671_RNA.PC10.bed.gz]
  * #samples = 169

Reading sample list from [/data/unige/funpopgen/grey2/SYSCID/BLUEPRINT_DATA/CRD/THREE_CELL_TYPES/CLOMICS/CELL_TYPE_COMPARISON_GENE_CRD_ASSOCIATIONS/quantify/73_vs_70_ALL.ALLchr.mean.txt.gz]
  * #samples = 94

Merging sample sets from all input files
  * #files = 2
  * #samples in all files = 91
  * #samples NOT in all files (i.e. ignored) = 81

Reading phenotype data in [/data/unige/funpopgen/grey2/SYSCID/BLUEPRINT_DATA/CRD/THREE_CELL_TYPES/QTL_TOOLS/EGAD00001002671_v3.0/EGAD00001002671_RNA.PC10.bed.gz]
  * target region [18:112367-32870246]
  * 183 phenotypes included
  * 87 phenotypes are on the negative strand

Reading genotype data in [/data/unige/funpopgen/grey2/SYSCID/BLUEPRINT_DATA/CRD/THREE_CELL_TYPES/CLOMICS/CELL_TYPE_COMPARISON_GENE_CRD_ASSOCIATIONS/quantify/73_vs_70_ALL.ALLchr.mean.txt.gz]
  * File format detected: BED
  * 91 samples included
  * 5 samples without phenotype data
  * target region [18:0-33870246]
  * 67 variants included

Reading nominal thresholds in [/data/unige/funpopgen/grey2/SYSCID/BLUEPRINT_DATA/CRD/THREE_CELL_TYPES/CLOMICS/CELL_TYPE_COMPARISON_GENE_CRD_ASSOCIATIONS/mapping_aCRD_gene/73_vs_70/gene_CRD_mean_permutations.thresholds.txt]
  * #phenotypes set = 183

Processing phenotype [ENSG00000263006.1] [1/183]
  * #variants in cis = 6
  * Best hit: [id=18_internal_3400, d=297365, pv=0.209478, s=-0.1306]

Processing phenotype [ENSG00000101557.9] [2/183]
  * #variants in cis = 6
  * Best hit: [id=18_internal_4311, d=202468, pv=0.00669433, s=0.3075]

Processing phenotype [ENSG00000079134.7] [3/183]
  * #variants in cis = 6
  * Best hit: [id=18_internal_4606, d=0, pv=0.00864437, s=0.2592]

Processing phenotype [ENSG00000263884.1] [4/183]
  * #variants in cis = 6
  * Best hit: [id=18_internal_4606, d=0, pv=0.0263884, s=-0.2269]

Processing phenotype [ENSG00000079101.11] [5/183]
  * #variants in cis = 6
  * Best hit: [id=18_internal_3400, d=-148787, pv=0.145538, s=0.1667]

Processing phenotype [ENSG00000176890.11] [6/183]
  * #variants in cis = 6
  * Best hit: [id=18_internal_3736, d=-192518, pv=0.1441, s=-0.1335]

Processing phenotype [ENSG00000265490.1] [7/183]
  * #variants in cis = 6
  * Best hit: [id=18_internal_4311, d=-289609, pv=0.204298, s=-0.1319]

Processing phenotype [ENSG00000132199.12] [8/183]
  * #variants in cis = 6
  * Best hit: [id=18_internal_4311, d=295762, pv=0.263193, s=-0.1137]

Processing phenotype [ENSG00000266171.1] [9/183]
  * #variants in cis = 6
  * Best hit: [id=18_internal_3400, d=-287545, pv=0.0522126, s=0.1852]

Processing phenotype [ENSG00000264339.1] [10/183]
  * #variants in cis = 6
  * Best hit: [id=18_internal_4311, d=-321144, pv=0.197438, s=-0.1350]

Processing phenotype [ENSG00000264635.1] [11/183]
  * #variants in cis = 6
  * Best hit: [id=18_internal_4926, d=-166871, pv=0.184215, s=0.1348]

Processing phenotype [ENSG00000206687.1] [12/183]
  * #variants in cis = 6
  * Best hit: [id=18_internal_4311, d=381222, pv=0.0465094, s=0.1958]

Processing phenotype [ENSG00000176105.9] [13/183]
  * #variants in cis = 6
  * Best hit: [id=18_internal_4293, d=353361, pv=0.446426, s=-0.0764]

Processing phenotype [ENSG00000266783.1] [14/183]
  * #variants in cis = 5
  * Best hit: [id=18_internal_3933, d=-466191, pv=0.0323309, s=-0.2094]

Processing phenotype [ENSG00000101574.9] [15/183]
  * #variants in cis = 5
  * Best hit: [id=18_internal_3933, d=-456902, pv=0.00221234, s=-0.3172]

Processing phenotype [ENSG00000080986.7] [16/183]
  * #variants in cis = 5
  * Best hit: [id=18_internal_3278, d=85562, pv=0.00472769, s=0.2657]

Processing phenotype [ENSG00000235422.1] [17/183]
  * #variants in cis = 7
  * Best hit: [id=18_internal_4926, d=413448, pv=0.0682891, s=0.1953]

Processing phenotype [ENSG00000266405.2] [18/183]
  * #variants in cis = 7
  * Best hit: [id=18_internal_3278, d=-1678, pv=0.087841, s=0.1955]

Processing phenotype [ENSG00000101596.9] [19/183]
  * #variants in cis = 7
  * Best hit: [id=18_internal_3278, d=1335, pv=1.75314e-06, s=0.4329]

Processing phenotype [ENSG00000238425.1] [20/183]
  * #variants in cis = 8
  * Best hit: [id=18_internal_3278, d=-50844, pv=0.0760319, s=0.1905]

Processing phenotype [ENSG00000207034.1] [21/183]
  * #variants in cis = 8
  * Best hit: [id=18_internal_3278, d=-54911, pv=0.170556, s=0.1430]

Processing phenotype [ENSG00000266049.1] [22/183]
  * #variants in cis = 8
  * Best hit: [id=18_internal_3278, d=109035, pv=0.0252954, s=0.2228]

Processing phenotype [ENSG00000132205.6] [23/183]
  * #variants in cis = 8
  * Best hit: [id=18_internal_3933, d=181382, pv=0.000642647, s=0.3624]

Processing phenotype [ENSG00000263606.1] [24/183]
  * #variants in cis = 8
  * Best hit: [id=18_internal_4695, d=-7359, pv=0.00181465, s=0.3458]

Processing phenotype [ENSG00000265907.1] [25/183]
  * #variants in cis = 8
  * Best hit: [id=18_internal_4695, d=6011, pv=2.08906e-07, s=0.5266]

Processing phenotype [ENSG00000266397.1] [26/183]
  * #variants in cis = 8
  * Best hit: [id=18_internal_4695, d=0, pv=1.57877e-05, s=0.4210]

Processing phenotype [ENSG00000264186.1] [27/183]
  * #variants in cis = 8
  * Best hit: [id=18_internal_4695, d=0, pv=4.41517e-05, s=0.4288]

Processing phenotype [ENSG00000101577.5] [28/183]
  * #variants in cis = 8
  * Best hit: [id=18_internal_4695, d=0, pv=1.45778e-08, s=0.5466]

Processing phenotype [ENSG00000265399.1] [29/183]
  * #variants in cis = 7
  * Best hit: [id=18_internal_4519, d=508602, pv=0.121074, s=-0.1573]

Processing phenotype [ENSG00000101605.8] [30/183]
  * #variants in cis = 7
  * Best hit: [id=18_internal_4695, d=156015, pv=0.232208, s=0.1223]

Processing phenotype [ENSG00000101608.6] [31/183]
  * #variants in cis = 7
  * Best hit: [id=18_internal_4519, d=451518, pv=0.0800546, s=0.2004]

Processing phenotype [ENSG00000264235.1] [32/183]
  * #variants in cis = 7
  * Best hit: [id=18_internal_3523, d=362401, pv=0.0823999, s=0.1961]

Processing phenotype [ENSG00000118680.8] [33/183]
  * #variants in cis = 7
  * Best hit: [id=18_internal_3229, d=330610, pv=0.229666, s=-0.1396]

Processing phenotype [ENSG00000177426.15] [34/183]
  * #variants in cis = 7
  * Best hit: [id=18_internal_3229, d=180911, pv=0.0470192, s=0.2039]

Processing phenotype [ENSG00000177337.3] [35/183]
  * #variants in cis = 7
  * Best hit: [id=18_internal_3229, d=0, pv=0.0112185, s=0.2675]

Processing phenotype [ENSG00000262001.1] [36/183]
  * #variants in cis = 7
  * Best hit: [id=18_internal_3229, d=0, pv=0.0314665, s=0.2449]

Processing phenotype [ENSG00000266153.1] [37/183]
  * #variants in cis = 1
  * Best hit: [id=18_internal_4641, d=301572, pv=0.187492, s=-0.1472]

Processing phenotype [ENSG00000263753.1] [38/183]
  * #variants in cis = 1
  * Best hit: [id=18_internal_4641, d=228028, pv=0.209424, s=0.1440]

Processing phenotype [ENSG00000265091.1] [39/183]
  * #variants in cis = 1
  * Best hit: [id=18_internal_4641, d=-222378, pv=0.453652, s=0.0846]

Processing phenotype [ENSG00000264575.1] [40/183]
  * #variants in cis = 1
  * Best hit: [id=18_internal_4641, d=-222306, pv=0.211219, s=0.1501]

Processing phenotype [ENSG00000265188.1] [41/183]
  * #variants in cis = 1
  * Best hit: [id=18_internal_4641, d=-219737, pv=0.0871825, s=0.1795]

Processing phenotype [ENSG00000198081.6] [42/183]
  * #variants in cis = 1
  * Best hit: [id=18_internal_4641, d=-163851, pv=0.684253, s=0.0451]

Processing phenotype [ENSG00000264254.1] [43/183]
  * #variants in cis = 1
  * Best hit: [id=18_internal_4641, d=150508, pv=0.953495, s=0.0065]

Processing phenotype [ENSG00000082397.11] [44/183]
  * #variants in cis = 2
  * Best hit: [id=18_internal_4641, d=113161, pv=8.95757e-23, s=0.8002]

Processing phenotype [ENSG00000154655.10] [45/183]
  * #variants in cis = 4
  * Best hit: [id=18_internal_3616, d=0, pv=0.163703, s=0.1269]

Processing phenotype [ENSG00000235552.4] [46/183]
  * #variants in cis = 4
  * Best hit: [id=18_internal_4641, d=945476, pv=0.0842791, s=0.1941]

Processing phenotype [ENSG00000173482.12] [47/183]
  * #variants in cis = 2
  * Best hit: [id=18_internal_3253, d=0, pv=0.030475, s=0.2450]

Processing phenotype [ENSG00000265413.1] [48/183]
  * #variants in cis = 2
  * Best hit: [id=18_internal_3253, d=-833652, pv=0.15857, s=0.1355]

Processing phenotype [ENSG00000206418.3] [49/183]
  * #variants in cis = 3
  * Best hit: [id=18_internal_3225, d=985038, pv=0.33921, s=0.1052]

Processing phenotype [ENSG00000266708.1] [50/183]
  * #variants in cis = 4
  * Best hit: [id=18_internal_4650, d=-843816, pv=0.065526, s=-0.1923]

Processing phenotype [ENSG00000168502.13] [51/183]
  * #variants in cis = 4
  * Best hit: [id=18_internal_3225, d=888822, pv=0.22046, s=0.1379]

Processing phenotype [ENSG00000178127.8] [52/183]
  * #variants in cis = 10
  * Best hit: [id=18_internal_3719, d=-139076, pv=0.196976, s=0.1455]

Processing phenotype [ENSG00000265257.1] [53/183]
  * #variants in cis = 10
  * Best hit: [id=18_internal_3225, d=491747, pv=0.0506583, s=-0.2247]

Processing phenotype [ENSG00000263847.1] [54/183]
  * #variants in cis = 11
  * Best hit: [id=18_internal_4581, d=-673859, pv=0.317451, s=0.1027]

Processing phenotype [ENSG00000101745.10] [55/183]
  * #variants in cis = 11
  * Best hit: [id=18_internal_4650, d=343935, pv=0.0106757, s=0.2795]

Processing phenotype [ENSG00000266053.1] [56/183]
  * #variants in cis = 11
  * Best hit: [id=18_internal_4650, d=-343518, pv=0.104411, s=0.1861]

Processing phenotype [ENSG00000200883.1] [57/183]
  * #variants in cis = 11
  * Best hit: [id=18_internal_4581, d=-539990, pv=0.00185769, s=-0.3130]

Processing phenotype [ENSG00000207092.1] [58/183]
  * #variants in cis = 11
  * Best hit: [id=18_internal_4650, d=230053, pv=0.0530912, s=0.1958]

Processing phenotype [ENSG00000239087.1] [59/183]
  * #variants in cis = 11
  * Best hit: [id=18_internal_3225, d=316504, pv=0.0562738, s=0.2000]

Processing phenotype [ENSG00000128791.7] [60/183]
  * #variants in cis = 11
  * Best hit: [id=18_internal_3056, d=374079, pv=0.0473135, s=-0.2051]

Processing phenotype [ENSG00000017797.7] [61/183]
  * #variants in cis = 11
  * Best hit: [id=18_internal_3431, d=295262, pv=0.126025, s=0.1671]

Processing phenotype [ENSG00000266805.1] [62/183]
  * #variants in cis = 11
  * Best hit: [id=18_internal_3966, d=604051, pv=0.154637, s=0.1551]

Processing phenotype [ENSG00000251994.1] [63/183]
  * #variants in cis = 11
  * Best hit: [id=18_internal_3225, d=-76223, pv=0.0289449, s=-0.2389]

Processing phenotype [ENSG00000266541.1] [64/183]
  * #variants in cis = 11
  * Best hit: [id=18_internal_3431, d=182885, pv=0.178267, s=0.1502]

Processing phenotype [ENSG00000154845.11] [65/183]
  * #variants in cis = 12
  * Best hit: [id=18_internal_3036, d=-207356, pv=0.163497, s=0.1447]

Processing phenotype [ENSG00000168461.7] [66/183]
  * #variants in cis = 13
  * Best hit: [id=18_internal_4650, d=-209769, pv=0.133015, s=-0.1651]

Processing phenotype [ENSG00000101558.9] [67/183]
  * #variants in cis = 13
  * Best hit: [id=18_internal_4581, d=-42245, pv=0.0390816, s=0.2263]

Processing phenotype [ENSG00000223138.1] [68/183]
  * #variants in cis = 13
  * Best hit: [id=18_internal_3986, d=-59566, pv=0.0128698, s=0.2838]

Processing phenotype [ENSG00000134265.7] [69/183]
  * #variants in cis = 11
  * Best hit: [id=18_internal_3036, d=-667404, pv=0.148143, s=-0.1645]

Processing phenotype [ENSG00000141404.9] [70/183]
  * #variants in cis = 7
  * Best hit: [id=18_internal_3549, d=296405, pv=0.294212, s=-0.1096]

Processing phenotype [ENSG00000255112.2] [71/183]
  * #variants in cis = 6
  * Best hit: [id=18_internal_4803, d=438, pv=0.209106, s=-0.1451]

Processing phenotype [ENSG00000267165.1] [72/183]
  * #variants in cis = 6
  * Best hit: [id=18_internal_3549, d=-132610, pv=0.122662, s=-0.1757]

Processing phenotype [ENSG00000154889.12] [73/183]
  * #variants in cis = 6
  * Best hit: [id=18_internal_3549, d=-76138, pv=0.0832677, s=-0.1696]

Processing phenotype [ENSG00000141401.7] [74/183]
  * #variants in cis = 6
  * Best hit: [id=18_internal_3386, d=0, pv=0.396897, s=-0.0878]

Processing phenotype [ENSG00000176014.8] [75/183]
  * #variants in cis = 8
  * Best hit: [id=18_internal_4556, d=695842, pv=0.0623537, s=-0.2032]

Processing phenotype [ENSG00000141385.5] [76/183]
  * #variants in cis = 9
  * Best hit: [id=18_internal_4556, d=-626197, pv=0.0562827, s=-0.2035]

Processing phenotype [ENSG00000141391.9] [77/183]
  * #variants in cis = 9
  * Best hit: [id=18_internal_3228, d=-480090, pv=0.0347342, s=0.2211]

Processing phenotype [ENSG00000267199.1] [78/183]
  * #variants in cis = 9
  * Best hit: [id=18_internal_3549, d=-432594, pv=0.134387, s=0.1493]

Processing phenotype [ENSG00000134278.10] [79/183]
  * #variants in cis = 10
  * Best hit: [id=18_internal_3549, d=651838, pv=0.0423421, s=0.2057]

Processing phenotype [ENSG00000267411.1] [80/183]
  * #variants in cis = 10
  * Best hit: [id=18_internal_3406, d=602272, pv=0.0824243, s=-0.1923]

Processing phenotype [ENSG00000267249.1] [81/183]
  * #variants in cis = 10
  * Best hit: [id=18_internal_3228, d=743339, pv=0.0158713, s=0.2492]

Processing phenotype [ENSG00000128789.15] [82/183]
  * #variants in cis = 10
  * Best hit: [id=18_internal_3406, d=558556, pv=0.100898, s=-0.1840]

Processing phenotype [ENSG00000101624.6] [83/183]
  * #variants in cis = 10
  * Best hit: [id=18_internal_3199, d=782880, pv=0.0537275, s=0.1947]

Processing phenotype [ENSG00000267654.1] [84/183]
  * #variants in cis = 10
  * Best hit: [id=18_internal_4556, d=-254090, pv=0.130709, s=-0.1593]

Processing phenotype [ENSG00000260302.1] [85/183]
  * #variants in cis = 10
  * Best hit: [id=18_internal_4556, d=-227588, pv=0.154924, s=-0.1542]

Processing phenotype [ENSG00000267336.1] [86/183]
  * #variants in cis = 10
  * Best hit: [id=18_internal_4556, d=90667, pv=0.0309086, s=0.2457]

Processing phenotype [ENSG00000175354.13] [87/183]
  * #variants in cis = 8
  * Best hit: [id=18_internal_4403, d=-539574, pv=0.0735307, s=0.1949]

Processing phenotype [ENSG00000085415.11] [88/183]
  * #variants in cis = 8
  * Best hit: [id=18_internal_4253, d=405564, pv=0.119701, s=0.1717]

Processing phenotype [ENSG00000266969.1] [89/183]
  * #variants in cis = 8
  * Best hit: [id=18_internal_4084, d=382771, pv=0.214249, s=-0.1266]

Processing phenotype [ENSG00000101639.13] [90/183]
  * #variants in cis = 8
  * Best hit: [id=18_internal_4084, d=-382960, pv=0.101115, s=-0.1773]

Processing phenotype [ENSG00000168675.13] [91/183]
  * #variants in cis = 5
  * Best hit: [id=18_internal_4403, d=251719, pv=1.33971e-06, s=0.4917]

Processing phenotype [ENSG00000267690.1] [92/183]
  * #variants in cis = 5
  * Best hit: [id=18_internal_4253, d=48060, pv=0.000120223, s=0.4019]

Processing phenotype [ENSG00000266146.1] [93/183]
  * #variants in cis = 5
  * Best hit: [id=18_internal_3406, d=-191827, pv=0.0237721, s=0.2094]

Processing phenotype [ENSG00000267694.1] [94/183]
  * #variants in cis = 5
  * Best hit: [id=18_internal_4253, d=91403, pv=0.00187884, s=0.2987]

Processing phenotype [ENSG00000267529.1] [95/183]
  * #variants in cis = 5
  * Best hit: [id=18_internal_4403, d=0, pv=0.0199269, s=0.2279]

Processing phenotype [ENSG00000267702.1] [96/183]
  * #variants in cis = 5
  * Best hit: [id=18_internal_4253, d=-107042, pv=0.000111206, s=0.3725]

Processing phenotype [ENSG00000267366.1] [97/183]
  * #variants in cis = 5
  * Best hit: [id=18_internal_4253, d=121869, pv=0.018507, s=0.2388]

Processing phenotype [ENSG00000267136.1] [98/183]
  * #variants in cis = 5
  * Best hit: [id=18_internal_4403, d=0, pv=0.00120006, s=0.3149]

Processing phenotype [ENSG00000267503.1] [99/183]
  * #variants in cis = 5
  * Best hit: [id=18_internal_4403, d=0, pv=0.00458697, s=0.3084]

Processing phenotype [ENSG00000266954.1] [100/183]
  * #variants in cis = 4
  * Best hit: [id=18_internal_4403, d=29053, pv=0.000603373, s=0.3513]

Processing phenotype [ENSG00000266606.1] [101/183]
  * #variants in cis = 4
  * Best hit: [id=18_internal_4253, d=-285695, pv=0.244206, s=-0.1103]

Processing phenotype [ENSG00000242707.2] [102/183]
  * #variants in cis = 4
  * Best hit: [id=18_internal_4253, d=335948, pv=0.202483, s=-0.1367]

Processing phenotype [ENSG00000101654.13] [103/183]
  * #variants in cis = 4
  * Best hit: [id=18_internal_3406, d=-458540, pv=0.0557399, s=0.2086]

Processing phenotype [ENSG00000177150.8] [104/183]
  * #variants in cis = 4
  * Best hit: [id=18_internal_4556, d=718776, pv=0.293397, s=-0.1208]

Processing phenotype [ENSG00000243779.1] [105/183]
  * #variants in cis = 4
  * Best hit: [id=18_internal_3406, d=651803, pv=0.567478, s=0.0639]

Processing phenotype [ENSG00000267756.1] [106/183]
  * #variants in cis = 3
  * Best hit: [id=18_internal_4253, d=696321, pv=0.0855769, s=0.1812]

Processing phenotype [ENSG00000267150.1] [107/183]
  * #variants in cis = 3
  * Best hit: [id=18_internal_4403, d=-473303, pv=0.0220542, s=-0.2072]

Processing phenotype [ENSG00000267356.1] [108/183]
  * #variants in cis = 3
  * Best hit: [id=18_internal_4253, d=-725122, pv=0.0742217, s=0.1798]

Processing phenotype [ENSG00000252234.1] [109/183]
  * #variants in cis = 3
  * Best hit: [id=18_internal_3406, d=850582, pv=0.275893, s=-0.1023]

Processing phenotype [ENSG00000175322.6] [110/183]
  * #variants in cis = 3
  * Best hit: [id=18_internal_4253, d=753070, pv=0.0692502, s=0.1928]

Processing phenotype [ENSG00000186481.10] [111/183]
  * #variants in cis = 3
  * Best hit: [id=18_internal_3406, d=-910977, pv=0.0851213, s=0.1769]

Processing phenotype [ENSG00000266145.1] [112/183]
  * #variants in cis = 3
  * Best hit: [id=18_internal_4253, d=-842588, pv=0.174972, s=0.1348]

Processing phenotype [ENSG00000264222.1] [113/183]
  * #variants in cis = 3
  * Best hit: [id=18_internal_4253, d=-865205, pv=0.0500761, s=-0.1890]

Processing phenotype [ENSG00000265787.1] [114/183]
  * #variants in cis = 2
  * Best hit: [id=18_internal_4253, d=-958003, pv=0.175221, s=-0.1441]

Processing phenotype [ENSG00000260263.1] [115/183]
  * #variants in cis = 2
  * Best hit: [id=18_internal_3270, d=-99318, pv=0.144358, s=0.1517]

Processing phenotype [ENSG00000067900.5] [116/183]
  * #variants in cis = 2
  * Best hit: [id=18_internal_3270, d=1247, pv=0.0268038, s=0.2509]

Processing phenotype [ENSG00000244527.1] [117/183]
  * #variants in cis = 2
  * Best hit: [id=18_internal_3270, d=9057, pv=0.597932, s=-0.0614]

Processing phenotype [ENSG00000141449.9] [118/183]
  * #variants in cis = 2
  * Best hit: [id=18_internal_3755, d=435955, pv=0.647159, s=0.0521]

Processing phenotype [ENSG00000141446.6] [119/183]
  * #variants in cis = 3
  * Best hit: [id=18_internal_3755, d=-77313, pv=0.0299844, s=0.2495]

Processing phenotype [ENSG00000167088.5] [120/183]
  * #variants in cis = 3
  * Best hit: [id=18_internal_3755, d=65930, pv=9.6329e-06, s=0.4618]

Processing phenotype [ENSG00000263350.1] [121/183]
  * #variants in cis = 3
  * Best hit: [id=18_internal_3755, d=48059, pv=0.0205549, s=0.2378]

Processing phenotype [ENSG00000264188.1] [122/183]
  * #variants in cis = 3
  * Best hit: [id=18_internal_3268, d=-622538, pv=0.0768593, s=0.1868]

Processing phenotype [ENSG00000265656.1] [123/183]
  * #variants in cis = 3
  * Best hit: [id=18_internal_3755, d=4569, pv=0.208274, s=0.1319]

Processing phenotype [ENSG00000158201.5] [124/183]
  * #variants in cis = 3
  * Best hit: [id=18_internal_3755, d=930, pv=0.384931, s=0.1006]

Processing phenotype [ENSG00000101752.7] [125/183]
  * #variants in cis = 3
  * Best hit: [id=18_internal_3268, d=579976, pv=0.250875, s=-0.1263]

Processing phenotype [ENSG00000199977.1] [126/183]
  * #variants in cis = 3
  * Best hit: [id=18_internal_3270, d=-707020, pv=0.168324, s=-0.1463]

Processing phenotype [ENSG00000265142.1] [127/183]
  * #variants in cis = 3
  * Best hit: [id=18_internal_3268, d=-453523, pv=0.15442, s=-0.1563]

Processing phenotype [ENSG00000243303.1] [128/183]
  * #variants in cis = 3
  * Best hit: [id=18_internal_3270, d=744383, pv=0.529278, s=0.0717]

Processing phenotype [ENSG00000101773.12] [129/183]
  * #variants in cis = 5
  * Best hit: [id=18_internal_4256, d=794844, pv=0.0356657, s=-0.2101]

Processing phenotype [ENSG00000134508.8] [130/183]
  * #variants in cis = 6
  * Best hit: [id=18_internal_4449, d=249882, pv=0.0216116, s=-0.2418]

Processing phenotype [ENSG00000134490.9] [131/183]
  * #variants in cis = 8
  * Best hit: [id=18_internal_4221, d=-528808, pv=0.0234254, s=0.2009]

Processing phenotype [ENSG00000101782.10] [132/183]
  * #variants in cis = 8
  * Best hit: [id=18_internal_3210, d=-360013, pv=0.0182152, s=0.2497]

Processing phenotype [ENSG00000199357.1] [133/183]
  * #variants in cis = 8
  * Best hit: [id=18_internal_3582, d=969662, pv=0.0245299, s=-0.2250]

Processing phenotype [ENSG00000141452.5] [134/183]
  * #variants in cis = 9
  * Best hit: [id=18_internal_4449, d=-78746, pv=0.0056401, s=0.2845]

Processing phenotype [ENSG00000199366.1] [135/183]
  * #variants in cis = 9
  * Best hit: [id=18_internal_4449, d=157358, pv=0.000335819, s=0.3629]

Processing phenotype [ENSG00000141458.7] [136/183]
  * #variants in cis = 9
  * Best hit: [id=18_internal_4449, d=162135, pv=0.00262922, s=0.3114]

Processing phenotype [ENSG00000154065.11] [137/183]
  * #variants in cis = 9
  * Best hit: [id=18_internal_3154, d=-796418, pv=0.0405214, s=-0.2053]

Processing phenotype [ENSG00000168234.8] [138/183]
  * #variants in cis = 10
  * Best hit: [id=18_internal_3154, d=466530, pv=0.0568458, s=0.2027]

Processing phenotype [ENSG00000264745.1] [139/183]
  * #variants in cis = 10
  * Best hit: [id=18_internal_3154, d=-443964, pv=0.00545943, s=0.3118]

Processing phenotype [ENSG00000265204.1] [140/183]
  * #variants in cis = 9
  * Best hit: [id=18_internal_4221, d=32797, pv=0.0257402, s=0.2284]

Processing phenotype [ENSG00000264924.1] [141/183]
  * #variants in cis = 9
  * Best hit: [id=18_internal_4486, d=859670, pv=0.0400813, s=0.2358]

Processing phenotype [ENSG00000206863.1] [142/183]
  * #variants in cis = 9
  * Best hit: [id=18_internal_4449, d=699522, pv=0.13222, s=0.1583]

Processing phenotype [ENSG00000154040.16] [143/183]
  * #variants in cis = 9
  * Best hit: [id=18_internal_4256, d=-541675, pv=0.0275968, s=-0.2319]

Processing phenotype [ENSG00000265750.1] [144/183]
  * #variants in cis = 9
  * Best hit: [id=18_internal_4256, d=564908, pv=0.193266, s=-0.1291]

Processing phenotype [ENSG00000141447.12] [145/183]
  * #variants in cis = 8
  * Best hit: [id=18_internal_3218, d=0, pv=3.86464e-07, s=0.5331]

Processing phenotype [ENSG00000154059.5] [146/183]
  * #variants in cis = 7
  * Best hit: [id=18_internal_3218, d=0, pv=0.00027762, s=0.3856]

Processing phenotype [ENSG00000134489.6] [147/183]
  * #variants in cis = 7
  * Best hit: [id=18_internal_3154, d=0, pv=0.00134665, s=0.3588]

Processing phenotype [ENSG00000198795.6] [148/183]
  * #variants in cis = 4
  * Best hit: [id=18_internal_3582, d=907285, pv=0.324567, s=-0.1076]

Processing phenotype [ENSG00000141380.9] [149/183]
  * #variants in cis = 2
  * Best hit: [id=18_internal_4624, d=533395, pv=0.045609, s=-0.2188]

Processing phenotype [ENSG00000154611.10] [150/183]
  * #variants in cis = 2
  * Best hit: [id=18_internal_4624, d=-576030, pv=0.768507, s=-0.0316]

Processing phenotype [ENSG00000188985.5] [151/183]
  * #variants in cis = 2
  * Best hit: [id=18_internal_4624, d=613527, pv=0.391929, s=-0.0902]

Processing phenotype [ENSG00000141384.7] [152/183]
  * #variants in cis = 2
  * Best hit: [id=18_internal_4624, d=-668114, pv=0.682982, s=0.0438]

Processing phenotype [ENSG00000263829.1] [153/183]
  * #variants in cis = 2
  * Best hit: [id=18_internal_3425, d=-443289, pv=0.55215, s=0.0662]

Processing phenotype [ENSG00000266237.1] [154/183]
  * #variants in cis = 2
  * Best hit: [id=18_internal_4624, d=-708187, pv=0.210945, s=-0.1357]

Processing phenotype [ENSG00000264911.1] [155/183]
  * #variants in cis = 2
  * Best hit: [id=18_internal_4624, d=-790525, pv=0.503902, s=-0.0697]

Processing phenotype [ENSG00000207160.1] [156/183]
  * #variants in cis = 2
  * Best hit: [id=18_internal_4624, d=808584, pv=0.758908, s=-0.0341]

Processing phenotype [ENSG00000134504.8] [157/183]
  * #variants in cis = 1
  * Best hit: [id=18_internal_3425, d=-42243, pv=0.375085, s=-0.0991]

Processing phenotype [ENSG00000265888.1] [158/183]
  * #variants in cis = 2
  * Best hit: [id=18_internal_3266, d=0, pv=0.00945806, s=0.2728]

Processing phenotype [ENSG00000263698.1] [159/183]
  * #variants in cis = 2
  * Best hit: [id=18_internal_3266, d=0, pv=2.21946e-05, s=0.4513]

Processing phenotype [ENSG00000134765.5] [160/183]
  * #variants in cis = 2
  * Best hit: [id=18_internal_3266, d=0, pv=0.000157311, s=0.3703]

Processing phenotype [ENSG00000046604.8] [161/183]
  * #variants in cis = 2
  * Best hit: [id=18_internal_3266, d=-290148, pv=0.105452, s=0.1826]

Processing phenotype [ENSG00000118276.7] [162/183]
  * #variants in cis = 2
  * Best hit: [id=18_internal_3427, d=-15246, pv=0.110343, s=0.1737]

Processing phenotype [ENSG00000263924.1] [163/183]
  * #variants in cis = 2
  * Best hit: [id=18_internal_3427, d=-132327, pv=0.0135216, s=0.2485]

Processing phenotype [ENSG00000263823.1] [164/183]
  * #variants in cis = 2
  * Best hit: [id=18_internal_3266, d=-734680, pv=0.541049, s=0.0693]

Processing phenotype [ENSG00000153339.9] [165/183]
  * #variants in cis = 2
  * Best hit: [id=18_internal_3427, d=241075, pv=0.899462, s=0.0133]

Processing phenotype [ENSG00000101695.4] [166/183]
  * #variants in cis = 2
  * Best hit: [id=18_internal_3427, d=-306311, pv=0.576876, s=-0.0621]

Processing phenotype [ENSG00000263917.1] [167/183]
  * #variants in cis = 2
  * Best hit: [id=18_internal_3266, d=-810934, pv=0.594599, s=0.0590]

Processing phenotype [ENSG00000265063.1] [168/183]
  * #variants in cis = 2
  * Best hit: [id=18_internal_3427, d=348928, pv=0.0550137, s=-0.2067]

Processing phenotype [ENSG00000263664.1] [169/183]
  * #variants in cis = 2
  * Best hit: [id=18_internal_3266, d=865134, pv=0.174214, s=-0.1403]

Processing phenotype [ENSG00000214917.3] [170/183]
  * #variants in cis = 2
  * Best hit: [id=18_internal_3266, d=868377, pv=0.814457, s=-0.0238]

Processing phenotype [ENSG00000134758.9] [171/183]
  * #variants in cis = 2
  * Best hit: [id=18_internal_3427, d=-379794, pv=0.527342, s=-0.0649]

Processing phenotype [ENSG00000265008.1] [172/183]
  * #variants in cis = 2
  * Best hit: [id=18_internal_3266, d=884224, pv=0.73324, s=-0.0372]

Processing phenotype [ENSG00000238982.1] [173/183]
  * #variants in cis = 2
  * Best hit: [id=18_internal_3266, d=-886609, pv=0.262572, s=-0.1270]

Processing phenotype [ENSG00000263393.1] [174/183]
  * #variants in cis = 2
  * Best hit: [id=18_internal_3266, d=916583, pv=0.194354, s=0.1450]

Processing phenotype [ENSG00000262477.1] [175/183]
  * #variants in cis = 2
  * Best hit: [id=18_internal_3427, d=-700121, pv=0.0913836, s=0.1573]

Processing phenotype [ENSG00000215492.4] [176/183]
  * #variants in cis = 2
  * Best hit: [id=18_internal_3240, d=-730725, pv=0.234193, s=0.1265]

Processing phenotype [ENSG00000141441.10] [177/183]
  * #variants in cis = 2
  * Best hit: [id=18_internal_3427, d=758423, pv=0.834147, s=0.0214]

Processing phenotype [ENSG00000197705.5] [178/183]
  * #variants in cis = 1
  * Best hit: [id=18_internal_3240, d=-370900, pv=0.355311, s=-0.0987]

Processing phenotype [ENSG00000166974.8] [179/183]
  * #variants in cis = 9
  * Best hit: [id=18_internal_3324, d=-265898, pv=0.0133612, s=0.2658]

Processing phenotype [ENSG00000186812.8] [180/183]
  * #variants in cis = 9
  * Best hit: [id=18_internal_3398, d=260474, pv=0.172549, s=-0.1549]

Processing phenotype [ENSG00000268573.1] [181/183]
  * #variants in cis = 9
  * Best hit: [id=18_internal_3398, d=-211303, pv=0.0678528, s=-0.2095]

Processing phenotype [ENSG00000186814.8] [182/183]
  * #variants in cis = 9
  * Best hit: [id=18_internal_3676, d=-176625, pv=0.0158294, s=-0.2624]

Processing phenotype [ENSG00000257267.1] [183/183]
  * #variants in cis = 9
  * Best hit: [id=18_internal_4450, d=301207, pv=0.0493994, s=0.2152]

Running time: 1 seconds
