Sender: LSF System <lsfadmin@cpt10>
Subject: Job 974818: </data/unige/funpopgen/odelanea/SGX/V2/binaries/qtltools/bin/QTLtools cis --vcf /data/unige/funpopgen/grey2/SYSCID/BLUEPRINT_DATA/CRD/THREE_CELL_TYPES/CLOMICS/CELL_TYPE_COMPARISON_GENE_CRD_ASSOCIATIONS/quantify/73_vs_70_ALL.ALLchr.mean.txt.gz --bed /data/unige/funpopgen/grey2/SYSCID/BLUEPRINT_DATA/CRD/THREE_CELL_TYPES/QTL_TOOLS/EGAD00001002671_v3.0/EGAD00001002671_RNA.PC10.bed.gz --nominal /data/unige/funpopgen/grey2/SYSCID/BLUEPRINT_DATA/CRD/THREE_CELL_TYPES/CLOMICS/CELL_TYPE_COMPARISON_GENE_CRD_ASSOCIATIONS/mapping_aCRD_gene/73_vs_70/gene_CRD_mean_permutations.thresholds.txt --chunk 97 100 --out /data/unige/funpopgen/grey2/SYSCID/BLUEPRINT_DATA/CRD/THREE_CELL_TYPES/CLOMICS/CELL_TYPE_COMPARISON_GENE_CRD_ASSOCIATIONS/mapping_aCRD_gene/73_vs_70/mapping_gene_CRD_mean_chunk97\.txt> in cluster <ug> Done

Job </data/unige/funpopgen/odelanea/SGX/V2/binaries/qtltools/bin/QTLtools cis --vcf /data/unige/funpopgen/grey2/SYSCID/BLUEPRINT_DATA/CRD/THREE_CELL_TYPES/CLOMICS/CELL_TYPE_COMPARISON_GENE_CRD_ASSOCIATIONS/quantify/73_vs_70_ALL.ALLchr.mean.txt.gz --bed /data/unige/funpopgen/grey2/SYSCID/BLUEPRINT_DATA/CRD/THREE_CELL_TYPES/QTL_TOOLS/EGAD00001002671_v3.0/EGAD00001002671_RNA.PC10.bed.gz --nominal /data/unige/funpopgen/grey2/SYSCID/BLUEPRINT_DATA/CRD/THREE_CELL_TYPES/CLOMICS/CELL_TYPE_COMPARISON_GENE_CRD_ASSOCIATIONS/mapping_aCRD_gene/73_vs_70/gene_CRD_mean_permutations.thresholds.txt --chunk 97 100 --out /data/unige/funpopgen/grey2/SYSCID/BLUEPRINT_DATA/CRD/THREE_CELL_TYPES/CLOMICS/CELL_TYPE_COMPARISON_GENE_CRD_ASSOCIATIONS/mapping_aCRD_gene/73_vs_70/mapping_gene_CRD_mean_chunk97\.txt> was submitted from host <cpt01> by user <grey2> in cluster <ug>.
Job was executed on host(s) <cpt10>, in queue <normal>, as user <grey2> in cluster <ug>.
</home/grey2> was used as the home directory.
</data/unige/funpopgen/grey2/SYSCID/BLUEPRINT_DATA/CRD/THREE_CELL_TYPES/CLOMICS/CELL_TYPE_COMPARISON_GENE_CRD_ASSOCIATIONS> was used as the working directory.
Started at Thu Mar 21 13:51:09 2019
Results reported at Thu Mar 21 13:51:11 2019

Your job looked like:

------------------------------------------------------------
# LSBATCH: User input
/data/unige/funpopgen/odelanea/SGX/V2/binaries/qtltools/bin/QTLtools cis --vcf /data/unige/funpopgen/grey2/SYSCID/BLUEPRINT_DATA/CRD/THREE_CELL_TYPES/CLOMICS/CELL_TYPE_COMPARISON_GENE_CRD_ASSOCIATIONS/quantify/73_vs_70_ALL.ALLchr.mean.txt.gz --bed /data/unige/funpopgen/grey2/SYSCID/BLUEPRINT_DATA/CRD/THREE_CELL_TYPES/QTL_TOOLS/EGAD00001002671_v3.0/EGAD00001002671_RNA.PC10.bed.gz --nominal /data/unige/funpopgen/grey2/SYSCID/BLUEPRINT_DATA/CRD/THREE_CELL_TYPES/CLOMICS/CELL_TYPE_COMPARISON_GENE_CRD_ASSOCIATIONS/mapping_aCRD_gene/73_vs_70/gene_CRD_mean_permutations.thresholds.txt --chunk 97 100 --out /data/unige/funpopgen/grey2/SYSCID/BLUEPRINT_DATA/CRD/THREE_CELL_TYPES/CLOMICS/CELL_TYPE_COMPARISON_GENE_CRD_ASSOCIATIONS/mapping_aCRD_gene/73_vs_70/mapping_gene_CRD_mean_chunk97\.txt

------------------------------------------------------------

Successfully completed.

Resource usage summary:

    CPU time :               1.28 sec.
    Max Memory :             3.65 MB
    Average Memory :         3.65 MB
    Total Requested Memory : -
    Delta Memory :           -
    (Delta: the difference between total requested memory and actual max usage.)
    Max Swap :               128 MB

    Max Processes :          2
    Max Threads :            3

The output (if any) follows:


[32mQTLtools[0m
  * Authors : Olivier DELANEAU / Halit ONGEN / Emmanouil DERMITZAKIS
  * Contact : olivier.delaneau@gmail.com / halit.ongen@unige.ch / Emmanouil.Dermitzakis@unige.ch
  * Webpage : https://qtltools.github.io/qtltools/
  * Version : 1.1
  * Date    : 21/03/2019 - 13:51:10
  * Citation: A complete tool set for molecular QTL discovery and analysis, https://doi.org/10.1101/068635

[32mMAPPING QTL IN CIS[0m
  * TASK: Report all nominal associations with p below thresholds in [/data/unige/funpopgen/grey2/SYSCID/BLUEPRINT_DATA/CRD/THREE_CELL_TYPES/CLOMICS/CELL_TYPE_COMPARISON_GENE_CRD_ASSOCIATIONS/mapping_aCRD_gene/73_vs_70/gene_CRD_mean_permutations.thresholds.txt]
  * Linear model: Phe ~ Var
  * Cis-window size is 1000000 bp
  * Chunk = [97/100]

Scanning phenotype data in [/data/unige/funpopgen/grey2/SYSCID/BLUEPRINT_DATA/CRD/THREE_CELL_TYPES/QTL_TOOLS/EGAD00001002671_v3.0/EGAD00001002671_RNA.PC10.bed.gz]
  * 24372 phenotypes included
  * 12152 phenotypes are on the negative strand

Initialize random number generator
  * Built-in seed is 15112011
  * First Integer = 30554
  * First Double = 0.0126695

Reading sample list from [/data/unige/funpopgen/grey2/SYSCID/BLUEPRINT_DATA/CRD/THREE_CELL_TYPES/QTL_TOOLS/EGAD00001002671_v3.0/EGAD00001002671_RNA.PC10.bed.gz]
  * #samples = 169

Reading sample list from [/data/unige/funpopgen/grey2/SYSCID/BLUEPRINT_DATA/CRD/THREE_CELL_TYPES/CLOMICS/CELL_TYPE_COMPARISON_GENE_CRD_ASSOCIATIONS/quantify/73_vs_70_ALL.ALLchr.mean.txt.gz]
  * #samples = 94

Merging sample sets from all input files
  * #files = 2
  * #samples in all files = 91
  * #samples NOT in all files (i.e. ignored) = 81

Reading phenotype data in [/data/unige/funpopgen/grey2/SYSCID/BLUEPRINT_DATA/CRD/THREE_CELL_TYPES/QTL_TOOLS/EGAD00001002671_v3.0/EGAD00001002671_RNA.PC10.bed.gz]
  * target region [18:32925446-78005429]
  * 184 phenotypes included
  * 98 phenotypes are on the negative strand

Reading genotype data in [/data/unige/funpopgen/grey2/SYSCID/BLUEPRINT_DATA/CRD/THREE_CELL_TYPES/CLOMICS/CELL_TYPE_COMPARISON_GENE_CRD_ASSOCIATIONS/quantify/73_vs_70_ALL.ALLchr.mean.txt.gz]
  * File format detected: BED
  * 91 samples included
  * 5 samples without phenotype data
  * target region [18:31925446-79005429]
  * 74 variants included

Reading nominal thresholds in [/data/unige/funpopgen/grey2/SYSCID/BLUEPRINT_DATA/CRD/THREE_CELL_TYPES/CLOMICS/CELL_TYPE_COMPARISON_GENE_CRD_ASSOCIATIONS/mapping_aCRD_gene/73_vs_70/gene_CRD_mean_permutations.thresholds.txt]
  * #phenotypes set = 184

Processing phenotype [ENSG00000172466.11] [1/184]
  * #variants in cis = 9
  * Best hit: [id=18_internal_3466, d=-66428, pv=0.112544, s=0.1867]

Processing phenotype [ENSG00000186496.6] [2/184]
  * #variants in cis = 9
  * Best hit: [id=18_internal_3176, d=0, pv=9.38065e-08, s=0.5393]

Processing phenotype [ENSG00000267140.1] [3/184]
  * #variants in cis = 9
  * Best hit: [id=18_internal_3420, d=228116, pv=0.248294, s=0.1293]

Processing phenotype [ENSG00000153391.11] [4/184]
  * #variants in cis = 9
  * Best hit: [id=18_internal_3176, d=119608, pv=0.0332373, s=0.2027]

Processing phenotype [ENSG00000141429.8] [5/184]
  * #variants in cis = 9
  * Best hit: [id=18_internal_3700, d=227608, pv=0.00521689, s=-0.2943]

Processing phenotype [ENSG00000266965.1] [6/184]
  * #variants in cis = 9
  * Best hit: [id=18_internal_3324, d=-884871, pv=0.0729788, s=-0.1870]

Processing phenotype [ENSG00000267397.1] [7/184]
  * #variants in cis = 8
  * Best hit: [id=18_internal_3398, d=-133663, pv=0.00335885, s=0.2970]

Processing phenotype [ENSG00000141428.12] [8/184]
  * #variants in cis = 8
  * Best hit: [id=18_internal_3272, d=-812183, pv=0.0384511, s=0.2323]

Processing phenotype [ENSG00000141425.13] [9/184]
  * #variants in cis = 8
  * Best hit: [id=18_internal_3676, d=540077, pv=0.0758659, s=-0.1845]

Processing phenotype [ENSG00000141424.8] [10/184]
  * #variants in cis = 8
  * Best hit: [id=18_internal_3176, d=751001, pv=0.155363, s=0.1550]

Processing phenotype [ENSG00000134759.9] [11/184]
  * #variants in cis = 8
  * Best hit: [id=18_internal_3398, d=-546736, pv=0.060277, s=-0.2057]

Processing phenotype [ENSG00000260552.1] [12/184]
  * #variants in cis = 7
  * Best hit: [id=18_internal_4450, d=591958, pv=0.105662, s=-0.1640]

Processing phenotype [ENSG00000134775.10] [13/184]
  * #variants in cis = 6
  * Best hit: [id=18_internal_4450, d=-702227, pv=0.0194375, s=0.2376]

Processing phenotype [ENSG00000150477.9] [14/184]
  * #variants in cis = 1
  * Best hit: [id=18_internal_3700, d=-996594, pv=0.020805, s=-0.2383]

Processing phenotype [ENSG00000134779.9] [15/184]
  * #variants in cis = 1
  * Best hit: [id=18_internal_3700, d=996683, pv=0.439741, s=-0.0866]

Processing phenotype [ENSG00000267039.1] [16/184]
  * #variants in cis = 0

Processing phenotype [ENSG00000267651.1] [17/184]
  * #variants in cis = 0

Processing phenotype [ENSG00000267707.1] [18/184]
  * #variants in cis = 0

Processing phenotype [ENSG00000101489.13] [19/184]
  * #variants in cis = 0

Processing phenotype [ENSG00000175886.9] [20/184]
  * #variants in cis = 2
  * Best hit: [id=18_internal_3183, d=-337487, pv=0.282601, s=0.1083]

Processing phenotype [ENSG00000078142.7] [21/184]
  * #variants in cis = 2
  * Best hit: [id=18_internal_3341, d=36849, pv=0.146681, s=0.1565]

Processing phenotype [ENSG00000267088.1] [22/184]
  * #variants in cis = 2
  * Best hit: [id=18_internal_3729, d=-78837, pv=0.257728, s=0.1174]

Processing phenotype [ENSG00000267586.2] [23/184]
  * #variants in cis = 2
  * Best hit: [id=18_internal_3341, d=-148730, pv=0.155362, s=0.1491]

Processing phenotype [ENSG00000152217.12] [24/184]
  * #variants in cis = 4
  * Best hit: [id=18_internal_3409, d=158107, pv=0.202055, s=0.1273]

Processing phenotype [ENSG00000141469.12] [25/184]
  * #variants in cis = 9
  * Best hit: [id=18_internal_3264, d=315510, pv=0.000115655, s=0.4493]

Processing phenotype [ENSG00000267193.1] [26/184]
  * #variants in cis = 9
  * Best hit: [id=18_internal_3264, d=-292422, pv=0.0365356, s=0.2397]

Processing phenotype [ENSG00000197046.6] [27/184]
  * #variants in cis = 7
  * Best hit: [id=18_internal_3409, d=-880874, pv=0.0565639, s=-0.2220]

Processing phenotype [ENSG00000152223.8] [28/184]
  * #variants in cis = 6
  * Best hit: [id=18_internal_3264, d=-72362, pv=0.00119629, s=0.3513]

Processing phenotype [ENSG00000222179.1] [29/184]
  * #variants in cis = 6
  * Best hit: [id=18_internal_3264, d=-49691, pv=0.00883532, s=0.2866]

Processing phenotype [ENSG00000267293.1] [30/184]
  * #variants in cis = 6
  * Best hit: [id=18_internal_3264, d=11330, pv=0.000168931, s=0.3673]

Processing phenotype [ENSG00000152229.13] [31/184]
  * #variants in cis = 6
  * Best hit: [id=18_internal_3264, d=7685, pv=3.36155e-12, s=0.6714]

Processing phenotype [ENSG00000152240.7] [32/184]
  * #variants in cis = 6
  * Best hit: [id=18_internal_3264, d=-39745, pv=0.00197067, s=-0.3202]

Processing phenotype [ENSG00000152234.10] [33/184]
  * #variants in cis = 6
  * Best hit: [id=18_internal_4384, d=-70166, pv=0.368837, s=-0.0994]

Processing phenotype [ENSG00000152242.6] [34/184]
  * #variants in cis = 5
  * Best hit: [id=18_internal_4384, d=947, pv=0.173768, s=0.1521]

Processing phenotype [ENSG00000141622.8] [35/184]
  * #variants in cis = 5
  * Best hit: [id=18_internal_3264, d=-262219, pv=0.146969, s=-0.1481]

Processing phenotype [ENSG00000167210.12] [36/184]
  * #variants in cis = 5
  * Best hit: [id=18_internal_4468, d=592679, pv=0.0132029, s=-0.2828]

Processing phenotype [ENSG00000267167.1] [37/184]
  * #variants in cis = 5
  * Best hit: [id=18_internal_3264, d=739304, pv=0.0198728, s=0.2463]

Processing phenotype [ENSG00000267587.1] [38/184]
  * #variants in cis = 4
  * Best hit: [id=18_internal_4468, d=789528, pv=0.175505, s=-0.1293]

Processing phenotype [ENSG00000167216.12] [39/184]
  * #variants in cis = 6
  * Best hit: [id=18_internal_3277, d=998304, pv=0.057757, s=-0.2070]

Processing phenotype [ENSG00000078043.11] [40/184]
  * #variants in cis = 6
  * Best hit: [id=18_internal_3264, d=855570, pv=0.152597, s=0.1622]

Processing phenotype [ENSG00000266957.1] [41/184]
  * #variants in cis = 6
  * Best hit: [id=18_internal_3277, d=-878108, pv=0.0110822, s=-0.2599]

Processing phenotype [ENSG00000267724.1] [42/184]
  * #variants in cis = 6
  * Best hit: [id=18_internal_3439, d=-448867, pv=0.0518151, s=0.2140]

Processing phenotype [ENSG00000267800.1] [43/184]
  * #variants in cis = 5
  * Best hit: [id=18_internal_3458, d=998671, pv=0.310111, s=0.1099]

Processing phenotype [ENSG00000167220.6] [44/184]
  * #variants in cis = 5
  * Best hit: [id=18_internal_3439, d=493421, pv=0.0327516, s=0.2479]

Processing phenotype [ENSG00000267228.1] [45/184]
  * #variants in cis = 5
  * Best hit: [id=18_internal_3290, d=-754988, pv=0.137578, s=0.1706]

Processing phenotype [ENSG00000134049.3] [46/184]
  * #variants in cis = 5
  * Best hit: [id=18_internal_3439, d=519295, pv=0.176333, s=0.1503]

Processing phenotype [ENSG00000267541.1] [47/184]
  * #variants in cis = 4
  * Best hit: [id=18_internal_3277, d=-115931, pv=0.5033, s=0.0667]

Processing phenotype [ENSG00000269365.1] [48/184]
  * #variants in cis = 5
  * Best hit: [id=18_internal_3290, d=-48825, pv=0.309769, s=-0.1087]

Processing phenotype [ENSG00000175387.11] [49/184]
  * #variants in cis = 6
  * Best hit: [id=18_internal_3277, d=-38244, pv=0.0895238, s=-0.1983]

Processing phenotype [ENSG00000134030.9] [50/184]
  * #variants in cis = 8
  * Best hit: [id=18_internal_3618, d=356444, pv=0.0684286, s=0.1926]

Processing phenotype [ENSG00000101665.4] [51/184]
  * #variants in cis = 9
  * Best hit: [id=18_internal_3618, d=0, pv=4.31064e-05, s=0.4249]

Processing phenotype [ENSG00000264269.1] [52/184]
  * #variants in cis = 7
  * Best hit: [id=18_internal_3458, d=-566200, pv=0.230972, s=-0.1182]

Processing phenotype [ENSG00000265128.1] [53/184]
  * #variants in cis = 7
  * Best hit: [id=18_internal_4570, d=222586, pv=0.0186836, s=-0.2379]

Processing phenotype [ENSG00000266696.1] [54/184]
  * #variants in cis = 7
  * Best hit: [id=18_internal_3898, d=267459, pv=0.0141577, s=0.2749]

Processing phenotype [ENSG00000263895.1] [55/184]
  * #variants in cis = 8
  * Best hit: [id=18_internal_3458, d=989917, pv=0.153495, s=0.1574]

Processing phenotype [ENSG00000141627.9] [56/184]
  * #variants in cis = 7
  * Best hit: [id=18_internal_4570, d=45251, pv=0.0474076, s=0.2081]

Processing phenotype [ENSG00000263916.1] [57/184]
  * #variants in cis = 7
  * Best hit: [id=18_internal_4016, d=616764, pv=0.0110388, s=0.2620]

Processing phenotype [ENSG00000177576.6] [58/184]
  * #variants in cis = 7
  * Best hit: [id=18_internal_3303, d=-871674, pv=0.234553, s=-0.1399]

Processing phenotype [ENSG00000265496.1] [59/184]
  * #variants in cis = 7
  * Best hit: [id=18_internal_4570, d=-71243, pv=0.236241, s=-0.1247]

Processing phenotype [ENSG00000202093.1] [60/184]
  * #variants in cis = 7
  * Best hit: [id=18_internal_4570, d=73212, pv=0.0201247, s=-0.2388]

Processing phenotype [ENSG00000206602.1] [61/184]
  * #variants in cis = 7
  * Best hit: [id=18_internal_3618, d=537596, pv=0.0472323, s=-0.2125]

Processing phenotype [ENSG00000206696.1] [62/184]
  * #variants in cis = 7
  * Best hit: [id=18_internal_4016, d=622344, pv=0.384065, s=-0.0810]

Processing phenotype [ENSG00000265681.1] [63/184]
  * #variants in cis = 7
  * Best hit: [id=18_internal_4570, d=76427, pv=0.204702, s=-0.1389]

Processing phenotype [ENSG00000215472.4] [64/184]
  * #variants in cis = 7
  * Best hit: [id=18_internal_3898, d=3712, pv=0.208923, s=0.1365]

Processing phenotype [ENSG00000167315.12] [65/184]
  * #variants in cis = 6
  * Best hit: [id=18_internal_4570, d=397857, pv=0.0423136, s=0.2199]

Processing phenotype [ENSG00000267322.1] [66/184]
  * #variants in cis = 6
  * Best hit: [id=18_internal_3158, d=118994, pv=0.216697, s=-0.1453]

Processing phenotype [ENSG00000251992.1] [67/184]
  * #variants in cis = 6
  * Best hit: [id=18_internal_3158, d=118884, pv=0.275757, s=-0.1208]

Processing phenotype [ENSG00000252139.1] [68/184]
  * #variants in cis = 6
  * Best hit: [id=18_internal_3158, d=118656, pv=0.18216, s=-0.1493]

Processing phenotype [ENSG00000266997.1] [69/184]
  * #variants in cis = 7
  * Best hit: [id=18_internal_4570, d=421506, pv=0.0869599, s=0.1829]

Processing phenotype [ENSG00000167306.14] [70/184]
  * #variants in cis = 5
  * Best hit: [id=18_internal_3303, d=-163833, pv=0.0956695, s=0.1745]

Processing phenotype [ENSG00000172361.5] [71/184]
  * #variants in cis = 5
  * Best hit: [id=18_internal_3158, d=315178, pv=0.100359, s=0.1748]

Processing phenotype [ENSG00000141644.13] [72/184]
  * #variants in cis = 5
  * Best hit: [id=18_internal_3158, d=330430, pv=0.0775676, s=0.1833]

Processing phenotype [ENSG00000154832.10] [73/184]
  * #variants in cis = 5
  * Best hit: [id=18_internal_3158, d=336960, pv=0.0803332, s=0.1915]

Processing phenotype [ENSG00000154839.5] [74/184]
  * #variants in cis = 5
  * Best hit: [id=18_internal_3671, d=444111, pv=0.163727, s=0.1514]

Processing phenotype [ENSG00000082212.7] [75/184]
  * #variants in cis = 3
  * Best hit: [id=18_internal_3303, d=-503399, pv=0.0956939, s=0.1925]

Processing phenotype [ENSG00000141642.4] [76/184]
  * #variants in cis = 2
  * Best hit: [id=18_internal_3671, d=-82253, pv=0.419445, s=-0.0919]

Processing phenotype [ENSG00000267699.1] [77/184]
  * #variants in cis = 2
  * Best hit: [id=18_internal_3671, d=-82285, pv=0.459093, s=-0.0771]

Processing phenotype [ENSG00000141646.9] [78/184]
  * #variants in cis = 2
  * Best hit: [id=18_internal_3671, d=-82302, pv=0.0601683, s=-0.2114]

Processing phenotype [ENSG00000267717.1] [79/184]
  * #variants in cis = 2
  * Best hit: [id=18_internal_3671, d=273645, pv=0.370609, s=-0.0938]

Processing phenotype [ENSG00000176624.9] [80/184]
  * #variants in cis = 2
  * Best hit: [id=18_internal_3671, d=332566, pv=0.165144, s=-0.1567]

Processing phenotype [ENSG00000264296.1] [81/184]
  * #variants in cis = 3
  * Best hit: [id=18_internal_4431, d=589470, pv=0.0642187, s=-0.2034]

Processing phenotype [ENSG00000207233.1] [82/184]
  * #variants in cis = 3
  * Best hit: [id=18_internal_3811, d=-14716, pv=0.192911, s=0.1402]

Processing phenotype [ENSG00000134046.7] [83/184]
  * #variants in cis = 3
  * Best hit: [id=18_internal_4431, d=-506815, pv=0.747461, s=0.0345]

Processing phenotype [ENSG00000101751.6] [84/184]
  * #variants in cis = 3
  * Best hit: [id=18_internal_3702, d=86061, pv=0.399385, s=-0.0910]

Processing phenotype [ENSG00000166845.9] [85/184]
  * #variants in cis = 3
  * Best hit: [id=18_internal_3702, d=0, pv=0.696035, s=0.0432]

Processing phenotype [ENSG00000264350.1] [86/184]
  * #variants in cis = 3
  * Best hit: [id=18_internal_3811, d=144042, pv=0.264554, s=0.1217]

Processing phenotype [ENSG00000041353.5] [87/184]
  * #variants in cis = 4
  * Best hit: [id=18_internal_4431, d=0, pv=2.89572e-05, s=0.4085]

Processing phenotype [ENSG00000267112.1] [88/184]
  * #variants in cis = 4
  * Best hit: [id=18_internal_4431, d=0, pv=0.00119518, s=0.3080]

Processing phenotype [ENSG00000196628.8] [89/184]
  * #variants in cis = 4
  * Best hit: [id=18_internal_4431, d=704868, pv=0.303301, s=0.1163]

Processing phenotype [ENSG00000091157.9] [90/184]
  * #variants in cis = 3
  * Best hit: [id=18_internal_4569, d=966623, pv=0.114452, s=0.1686]

Processing phenotype [ENSG00000091164.8] [91/184]
  * #variants in cis = 3
  * Best hit: [id=18_internal_4569, d=-966366, pv=0.195809, s=-0.1215]

Processing phenotype [ENSG00000267146.1] [92/184]
  * #variants in cis = 3
  * Best hit: [id=18_internal_4554, d=212770, pv=0.0406199, s=0.2204]

Processing phenotype [ENSG00000212539.1] [93/184]
  * #variants in cis = 3
  * Best hit: [id=18_internal_4569, d=660696, pv=0.180995, s=-0.1518]

Processing phenotype [ENSG00000267225.1] [94/184]
  * #variants in cis = 3
  * Best hit: [id=18_internal_4569, d=590134, pv=0.24046, s=0.1267]

Processing phenotype [ENSG00000258609.1] [95/184]
  * #variants in cis = 3
  * Best hit: [id=18_internal_4350, d=491048, pv=0.368786, s=-0.0916]

Processing phenotype [ENSG00000066926.6] [96/184]
  * #variants in cis = 2
  * Best hit: [id=18_internal_4569, d=-31193, pv=0.7551, s=-0.0317]

Processing phenotype [ENSG00000134440.7] [97/184]
  * #variants in cis = 3
  * Best hit: [id=18_internal_4554, d=961014, pv=0.498419, s=0.0775]

Processing phenotype [ENSG00000267040.2] [98/184]
  * #variants in cis = 3
  * Best hit: [id=18_internal_4569, d=0, pv=0.00108015, s=0.3624]

Processing phenotype [ENSG00000267787.1] [99/184]
  * #variants in cis = 3
  * Best hit: [id=18_internal_4569, d=0, pv=0.00460013, s=0.3164]

Processing phenotype [ENSG00000081923.6] [100/184]
  * #variants in cis = 2
  * Best hit: [id=18_internal_4569, d=135181, pv=0.0355904, s=0.2291]

Processing phenotype [ENSG00000049759.12] [101/184]
  * #variants in cis = 2
  * Best hit: [id=18_internal_4569, d=-376447, pv=0.0621642, s=-0.1881]

Processing phenotype [ENSG00000267396.1] [102/184]
  * #variants in cis = 2
  * Best hit: [id=18_internal_4569, d=732162, pv=0.838053, s=-0.0195]

Processing phenotype [ENSG00000198796.6] [103/184]
  * #variants in cis = 2
  * Best hit: [id=18_internal_3740, d=0, pv=0.0801308, s=0.1904]

Processing phenotype [ENSG00000172175.8] [104/184]
  * #variants in cis = 1
  * Best hit: [id=18_internal_3740, d=0, pv=0.000467657, s=0.4024]

Processing phenotype [ENSG00000267226.1] [105/184]
  * #variants in cis = 1
  * Best hit: [id=18_internal_3740, d=0, pv=0.200555, s=0.1285]

Processing phenotype [ENSG00000266946.1] [106/184]
  * #variants in cis = 1
  * Best hit: [id=18_internal_3740, d=0, pv=0.18307, s=0.1456]

Processing phenotype [ENSG00000267010.1] [107/184]
  * #variants in cis = 1
  * Best hit: [id=18_internal_3740, d=-53823, pv=0.0323296, s=0.2257]

Processing phenotype [ENSG00000267476.1] [108/184]
  * #variants in cis = 1
  * Best hit: [id=18_internal_3740, d=54405, pv=0.464466, s=0.0838]

Processing phenotype [ENSG00000267705.1] [109/184]
  * #variants in cis = 1
  * Best hit: [id=18_internal_3740, d=55573, pv=0.122764, s=0.1662]

Processing phenotype [ENSG00000267501.1] [110/184]
  * #variants in cis = 1
  * Best hit: [id=18_internal_3740, d=59517, pv=0.340588, s=0.1034]

Processing phenotype [ENSG00000074657.9] [111/184]
  * #variants in cis = 1
  * Best hit: [id=18_internal_3740, d=-164275, pv=0.720287, s=0.0392]

Processing phenotype [ENSG00000166562.4] [112/184]
  * #variants in cis = 3
  * Best hit: [id=18_internal_3740, d=-441152, pv=0.301318, s=-0.1076]

Processing phenotype [ENSG00000074695.5] [113/184]
  * #variants in cis = 3
  * Best hit: [id=18_internal_4298, d=-520444, pv=0.19317, s=0.1322]

Processing phenotype [ENSG00000141682.11] [114/184]
  * #variants in cis = 2
  * Best hit: [id=18_internal_4298, d=0, pv=0.046358, s=0.2051]

Processing phenotype [ENSG00000242060.1] [115/184]
  * #variants in cis = 2
  * Best hit: [id=18_internal_4441, d=-230425, pv=0.334144, s=-0.0994]

Processing phenotype [ENSG00000101542.5] [116/184]
  * #variants in cis = 2
  * Best hit: [id=18_internal_3336, d=645399, pv=0.641557, s=-0.0481]

Processing phenotype [ENSG00000197563.5] [117/184]
  * #variants in cis = 4
  * Best hit: [id=18_internal_3315, d=-238025, pv=0.273568, s=0.1140]

Processing phenotype [ENSG00000134444.9] [118/184]
  * #variants in cis = 4
  * Best hit: [id=18_internal_3330, d=-210584, pv=0.204209, s=-0.1354]

Processing phenotype [ENSG00000266900.1] [119/184]
  * #variants in cis = 5
  * Best hit: [id=18_internal_3330, d=-269136, pv=0.181668, s=0.1566]

Processing phenotype [ENSG00000267560.1] [120/184]
  * #variants in cis = 5
  * Best hit: [id=18_internal_4165, d=-933439, pv=0.221968, s=0.1285]

Processing phenotype [ENSG00000141655.11] [121/184]
  * #variants in cis = 5
  * Best hit: [id=18_internal_3330, d=-348613, pv=0.105233, s=0.1845]

Processing phenotype [ENSG00000141664.5] [122/184]
  * #variants in cis = 5
  * Best hit: [id=18_internal_3336, d=-527852, pv=0.116237, s=0.1728]

Processing phenotype [ENSG00000081913.9] [123/184]
  * #variants in cis = 7
  * Best hit: [id=18_internal_4051, d=203501, pv=0.149759, s=0.1446]

Processing phenotype [ENSG00000267766.1] [124/184]
  * #variants in cis = 8
  * Best hit: [id=18_internal_4051, d=199412, pv=0.0128355, s=-0.2472]

Processing phenotype [ENSG00000238988.1] [125/184]
  * #variants in cis = 8
  * Best hit: [id=18_internal_3342, d=-357824, pv=0.0733951, s=0.1892]

Processing phenotype [ENSG00000267701.1] [126/184]
  * #variants in cis = 8
  * Best hit: [id=18_internal_4165, d=41422, pv=0.012634, s=0.2746]

Processing phenotype [ENSG00000171791.10] [127/184]
  * #variants in cis = 8
  * Best hit: [id=18_internal_4165, d=47468, pv=0.00388463, s=0.3185]

Processing phenotype [ENSG00000267390.1] [128/184]
  * #variants in cis = 8
  * Best hit: [id=18_internal_4357, d=490775, pv=0.00866621, s=0.2722]

Processing phenotype [ENSG00000119537.10] [129/184]
  * #variants in cis = 8
  * Best hit: [id=18_internal_4165, d=94850, pv=0.018566, s=-0.2481]

Processing phenotype [ENSG00000267430.1] [130/184]
  * #variants in cis = 8
  * Best hit: [id=18_internal_3014, d=-470286, pv=0.0983033, s=-0.1726]

Processing phenotype [ENSG00000119541.5] [131/184]
  * #variants in cis = 8
  * Best hit: [id=18_internal_3014, d=-464272, pv=0.288209, s=-0.1163]

Processing phenotype [ENSG00000221887.4] [132/184]
  * #variants in cis = 7
  * Best hit: [id=18_internal_3452, d=16965, pv=0.00190226, s=0.3175]

Processing phenotype [ENSG00000166401.9] [133/184]
  * #variants in cis = 6
  * Best hit: [id=18_internal_3452, d=0, pv=0.00286015, s=0.3210]

Processing phenotype [ENSG00000265936.1] [134/184]
  * #variants in cis = 0

Processing phenotype [ENSG00000263424.1] [135/184]
  * #variants in cis = 0

Processing phenotype [ENSG00000171451.13] [136/184]
  * #variants in cis = 0

Processing phenotype [ENSG00000260747.1] [137/184]
  * #variants in cis = 1
  * Best hit: [id=18_internal_3273, d=-430433, pv=0.907566, s=-0.0120]

Processing phenotype [ENSG00000150636.11] [138/184]
  * #variants in cis = 1
  * Best hit: [id=18_internal_3273, d=0, pv=0.0204783, s=0.2484]

Processing phenotype [ENSG00000166479.5] [139/184]
  * #variants in cis = 1
  * Best hit: [id=18_internal_3273, d=0, pv=0.372396, s=0.0984]

Processing phenotype [ENSG00000263637.1] [140/184]
  * #variants in cis = 1
  * Best hit: [id=18_internal_3273, d=30546, pv=0.128291, s=0.1644]

Processing phenotype [ENSG00000264472.1] [141/184]
  * #variants in cis = 1
  * Best hit: [id=18_internal_3273, d=178218, pv=0.589295, s=-0.0569]

Processing phenotype [ENSG00000206052.6] [142/184]
  * #variants in cis = 1
  * Best hit: [id=18_internal_3273, d=-677017, pv=0.933271, s=-0.0089]

Processing phenotype [ENSG00000150637.4] [143/184]
  * #variants in cis = 0

Processing phenotype [ENSG00000176225.8] [144/184]
  * #variants in cis = 0

Processing phenotype [ENSG00000170677.5] [145/184]
  * #variants in cis = 0

Processing phenotype [ENSG00000263417.2] [146/184]
  * #variants in cis = 0

Processing phenotype [ENSG00000141665.7] [147/184]
  * #variants in cis = 2
  * Best hit: [id=18_internal_4414, d=-885974, pv=0.742046, s=-0.0357]

Processing phenotype [ENSG00000075336.7] [148/184]
  * #variants in cis = 2
  * Best hit: [id=18_internal_4414, d=885328, pv=0.11532, s=-0.1650]

Processing phenotype [ENSG00000166347.13] [149/184]
  * #variants in cis = 3
  * Best hit: [id=18_internal_4414, d=-741823, pv=0.472281, s=-0.0730]

Processing phenotype [ENSG00000235297.3] [150/184]
  * #variants in cis = 4
  * Best hit: [id=18_internal_4414, d=-643542, pv=0.432797, s=0.0802]

Processing phenotype [ENSG00000133313.10] [151/184]
  * #variants in cis = 4
  * Best hit: [id=18_internal_3974, d=-202686, pv=0.0522641, s=0.2095]

Processing phenotype [ENSG00000150656.10] [152/184]
  * #variants in cis = 4
  * Best hit: [id=18_internal_4375, d=786428, pv=0.0743891, s=-0.1684]

Processing phenotype [ENSG00000215421.5] [153/184]
  * #variants in cis = 4
  * Best hit: [id=18_internal_4414, d=435968, pv=0.12526, s=-0.1741]

Processing phenotype [ENSG00000264247.1] [154/184]
  * #variants in cis = 4
  * Best hit: [id=18_internal_4895, d=-681587, pv=0.0326083, s=-0.2257]

Processing phenotype [ENSG00000180011.6] [155/184]
  * #variants in cis = 4
  * Best hit: [id=18_internal_4375, d=-66800, pv=2.84432e-05, s=0.4162]

Processing phenotype [ENSG00000179981.9] [156/184]
  * #variants in cis = 4
  * Best hit: [id=18_internal_4375, d=65393, pv=0.000174622, s=0.3948]

Processing phenotype [ENSG00000263982.1] [157/184]
  * #variants in cis = 9
  * Best hit: [id=18_internal_3379, d=32314, pv=0.00326015, s=0.2807]

Processing phenotype [ENSG00000265778.1] [158/184]
  * #variants in cis = 9
  * Best hit: [id=18_internal_3379, d=-3125, pv=5.3347e-05, s=0.4163]

Processing phenotype [ENSG00000101493.6] [159/184]
  * #variants in cis = 9
  * Best hit: [id=18_internal_3379, d=6663, pv=5.5711e-10, s=0.6026]

Processing phenotype [ENSG00000264278.1] [160/184]
  * #variants in cis = 10
  * Best hit: [id=18_internal_3969, d=-209537, pv=0.0319261, s=0.2346]

Processing phenotype [ENSG00000130856.11] [161/184]
  * #variants in cis = 10
  * Best hit: [id=18_internal_3926, d=-296559, pv=0.0694637, s=-0.1978]

Processing phenotype [ENSG00000244229.1] [162/184]
  * #variants in cis = 10
  * Best hit: [id=18_internal_3926, d=308840, pv=0.363957, s=0.1012]

Processing phenotype [ENSG00000265261.1] [163/184]
  * #variants in cis = 10
  * Best hit: [id=18_internal_3375, d=-639678, pv=0.199485, s=-0.1439]

Processing phenotype [ENSG00000266844.1] [164/184]
  * #variants in cis = 10
  * Best hit: [id=18_internal_3375, d=553712, pv=0.203288, s=-0.1295]

Processing phenotype [ENSG00000197971.10] [165/184]
  * #variants in cis = 10
  * Best hit: [id=18_internal_3333, d=2162, pv=0.0106725, s=0.2579]

Processing phenotype [ENSG00000166377.15] [166/184]
  * #variants in cis = 5
  * Best hit: [id=18_internal_5026, d=717145, pv=0.0364031, s=-0.2095]

Processing phenotype [ENSG00000267655.1] [167/184]
  * #variants in cis = 5
  * Best hit: [id=18_internal_4277, d=-240785, pv=0.26297, s=0.1159]

Processing phenotype [ENSG00000267628.1] [168/184]
  * #variants in cis = 5
  * Best hit: [id=18_internal_5026, d=-531574, pv=0.0411792, s=-0.2044]

Processing phenotype [ENSG00000267015.1] [169/184]
  * #variants in cis = 5
  * Best hit: [id=18_internal_4325, d=248931, pv=0.278171, s=0.1080]

Processing phenotype [ENSG00000131196.13] [170/184]
  * #variants in cis = 5
  * Best hit: [id=18_internal_4620, d=2699, pv=0.0138107, s=0.2743]

Processing phenotype [ENSG00000269679.1] [171/184]
  * #variants in cis = 5
  * Best hit: [id=18_internal_4620, d=0, pv=0.0118723, s=0.2563]

Processing phenotype [ENSG00000267287.1] [172/184]
  * #variants in cis = 5
  * Best hit: [id=18_internal_4325, d=-481419, pv=0.385308, s=-0.0850]

Processing phenotype [ENSG00000060069.12] [173/184]
  * #variants in cis = 5
  * Best hit: [id=18_internal_4325, d=-584760, pv=0.200763, s=-0.1373]

Processing phenotype [ENSG00000266901.1] [174/184]
  * #variants in cis = 5
  * Best hit: [id=18_internal_3125, d=12260, pv=0.00413801, s=0.3099]

Processing phenotype [ENSG00000178342.4] [175/184]
  * #variants in cis = 5
  * Best hit: [id=18_internal_4620, d=-287612, pv=0.0964796, s=0.1680]

Processing phenotype [ENSG00000122490.13] [176/184]
  * #variants in cis = 4
  * Best hit: [id=18_internal_5026, d=0, pv=0.000664661, s=0.3560]

Processing phenotype [ENSG00000226742.3] [177/184]
  * #variants in cis = 4
  * Best hit: [id=18_internal_5026, d=0, pv=0.00921581, s=0.2674]

Processing phenotype [ENSG00000141759.10] [178/184]
  * #variants in cis = 4
  * Best hit: [id=18_internal_3125, d=342558, pv=0.58924, s=0.0586]

Processing phenotype [ENSG00000267127.1] [179/184]
  * #variants in cis = 4
  * Best hit: [id=18_internal_4325, d=-939305, pv=0.255442, s=-0.1351]

Processing phenotype [ENSG00000101546.8] [180/184]
  * #variants in cis = 4
  * Best hit: [id=18_internal_4325, d=-939317, pv=0.142664, s=-0.1628]

Processing phenotype [ENSG00000261126.2] [181/184]
  * #variants in cis = 4
  * Best hit: [id=18_internal_4620, d=-461331, pv=0.256595, s=-0.1250]

Processing phenotype [ENSG00000101544.4] [182/184]
  * #variants in cis = 3
  * Best hit: [id=18_internal_3125, d=-415524, pv=0.137728, s=0.1633]

Processing phenotype [ENSG00000267270.1] [183/184]
  * #variants in cis = 3
  * Best hit: [id=18_internal_5026, d=-156049, pv=0.135203, s=0.1502]

Processing phenotype [ENSG00000178184.11] [184/184]
  * #variants in cis = 3
  * Best hit: [id=18_internal_4620, d=669373, pv=0.372162, s=-0.0956]

Running time: 1 seconds
