Sender: LSF System <lsfadmin@cpt09>
Subject: Job 971328: </data/unige/funpopgen/odelanea/SHARE/clomics/bin/clomics quantify --bed /data/unige/funpopgen/grey2/SYSCID/BLUEPRINT_DATA/CRD/THREE_CELL_TYPES/CLOMICS/EGAD00001002670_CLOMICS_v3.0/merged_residuals.bed.gz --region 6 --tree /data/unige/funpopgen/grey2/SYSCID/BLUEPRINT_DATA/CRD/THREE_CELL_TYPES/CLOMICS/EGAD00001002673_CLOMICS_v3.0/EGAD00001002673_ALL.chr6.module.txt.gz /data/unige/funpopgen/grey2/SYSCID/BLUEPRINT_DATA/CRD/THREE_CELL_TYPES/CLOMICS/EGAD00001002673_CLOMICS_v3.0/EGAD00001002673_ALL.modules.MOD1.NRE2.txt.gz --out /data/unige/funpopgen/grey2/SYSCID/BLUEPRINT_DATA/CRD/THREE_CELL_TYPES/CLOMICS/CELL_TYPE_COMPARISON_GENE_CRD_ASSOCIATIONS/quantify//70_vs_73_ALL.chr6.mean\.txt.gz --mean --normal> in cluster <ug> Done

Job </data/unige/funpopgen/odelanea/SHARE/clomics/bin/clomics quantify --bed /data/unige/funpopgen/grey2/SYSCID/BLUEPRINT_DATA/CRD/THREE_CELL_TYPES/CLOMICS/EGAD00001002670_CLOMICS_v3.0/merged_residuals.bed.gz --region 6 --tree /data/unige/funpopgen/grey2/SYSCID/BLUEPRINT_DATA/CRD/THREE_CELL_TYPES/CLOMICS/EGAD00001002673_CLOMICS_v3.0/EGAD00001002673_ALL.chr6.module.txt.gz /data/unige/funpopgen/grey2/SYSCID/BLUEPRINT_DATA/CRD/THREE_CELL_TYPES/CLOMICS/EGAD00001002673_CLOMICS_v3.0/EGAD00001002673_ALL.modules.MOD1.NRE2.txt.gz --out /data/unige/funpopgen/grey2/SYSCID/BLUEPRINT_DATA/CRD/THREE_CELL_TYPES/CLOMICS/CELL_TYPE_COMPARISON_GENE_CRD_ASSOCIATIONS/quantify//70_vs_73_ALL.chr6.mean\.txt.gz --mean --normal> was submitted from host <cpt01> by user <grey2> in cluster <ug>.
Job was executed on host(s) <cpt09>, in queue <normal>, as user <grey2> in cluster <ug>.
</home/grey2> was used as the home directory.
</data/unige/funpopgen/grey2/SYSCID/BLUEPRINT_DATA/CRD/THREE_CELL_TYPES/CLOMICS/CELL_TYPE_COMPARISON_GENE_CRD_ASSOCIATIONS> was used as the working directory.
Started at Fri Mar 15 13:38:38 2019
Results reported at Fri Mar 15 13:38:42 2019

Your job looked like:

------------------------------------------------------------
# LSBATCH: User input
/data/unige/funpopgen/odelanea/SHARE/clomics/bin/clomics quantify --bed /data/unige/funpopgen/grey2/SYSCID/BLUEPRINT_DATA/CRD/THREE_CELL_TYPES/CLOMICS/EGAD00001002670_CLOMICS_v3.0/merged_residuals.bed.gz --region 6 --tree /data/unige/funpopgen/grey2/SYSCID/BLUEPRINT_DATA/CRD/THREE_CELL_TYPES/CLOMICS/EGAD00001002673_CLOMICS_v3.0/EGAD00001002673_ALL.chr6.module.txt.gz /data/unige/funpopgen/grey2/SYSCID/BLUEPRINT_DATA/CRD/THREE_CELL_TYPES/CLOMICS/EGAD00001002673_CLOMICS_v3.0/EGAD00001002673_ALL.modules.MOD1.NRE2.txt.gz --out /data/unige/funpopgen/grey2/SYSCID/BLUEPRINT_DATA/CRD/THREE_CELL_TYPES/CLOMICS/CELL_TYPE_COMPARISON_GENE_CRD_ASSOCIATIONS/quantify//70_vs_73_ALL.chr6.mean\.txt.gz --mean --normal

------------------------------------------------------------

Successfully completed.

Resource usage summary:

    CPU time :               1.86 sec.
    Max Memory :             3.15 MB
    Average Memory :         3.15 MB
    Total Requested Memory : 8000.00 MB
    Delta Memory :           7996.85 MB
    (Delta: the difference between total requested memory and actual max usage.)
    Max Swap :               32 MB

    Max Processes :          1
    Max Threads :            1

The output (if any) follows:


[32mclomics[0m
  * Authors : Olivier DELANEAU / Emmanouil DERMITZAKIS
  * Contact : olivier.delaneau@gmail.com
  * Webpage : XXX
  * Version : XXX
  * Date    : 15/03/2019 - 13:38:40

[32mQUANTIFY MODULES[0m

Initialize random number generator
  * Built-in seed is 15112011
  * First Integer = 30554
  * First Double = 0.0126695

Reading sample list from [/data/unige/funpopgen/grey2/SYSCID/BLUEPRINT_DATA/CRD/THREE_CELL_TYPES/CLOMICS/EGAD00001002670_CLOMICS_v3.0/merged_residuals.bed.gz]
  * #samples = 165

Merging sample sets from all input files
  * #files = 1
  * #samples in all files = 165

Scanning phenotype data in [/data/unige/funpopgen/grey2/SYSCID/BLUEPRINT_DATA/CRD/THREE_CELL_TYPES/CLOMICS/EGAD00001002670_CLOMICS_v3.0/merged_residuals.bed.gz]
  * target region [6]
  * 9671 phenotypes included

Sorting phenotype data and allocating required memory
  * #samples = 165 #phenotypes = 9671

Reading phenotype data in [/data/unige/funpopgen/grey2/SYSCID/BLUEPRINT_DATA/CRD/THREE_CELL_TYPES/CLOMICS/EGAD00001002670_CLOMICS_v3.0/merged_residuals.bed.gz]
  * target region [6]
  * 9671 phenotypes included

Reading tree in [/data/unige/funpopgen/grey2/SYSCID/BLUEPRINT_DATA/CRD/THREE_CELL_TYPES/CLOMICS/EGAD00001002673_CLOMICS_v3.0/EGAD00001002673_ALL.chr6.module.txt.gz]
  * #nodes = 19341
  * #internal_nodes = 9670
  * #leaf_nodes = 9671

Reading modules in [/data/unige/funpopgen/grey2/SYSCID/BLUEPRINT_DATA/CRD/THREE_CELL_TYPES/CLOMICS/EGAD00001002673_CLOMICS_v3.0/EGAD00001002673_ALL.modules.MOD1.NRE2.txt.gz]
  * #modules = 4947

Quantify activity of internal nodes
  * Activity / Mean
  * mean on 3
  * mean on 2
  * mean on 6
  * mean on 12
  * mean on 2
  * mean on 3
  * mean on 2
  * mean on 12
  * mean on 5
  * mean on 2
  * mean on 4
  * mean on 2
  * mean on 2
  * mean on 3
  * mean on 3
  * mean on 3
  * mean on 5
  * mean on 2
  * mean on 3
  * mean on 2
  * mean on 2
  * mean on 36
  * mean on 4
  * mean on 5
  * mean on 4
  * mean on 2
  * mean on 3
  * mean on 2
  * mean on 3
  * mean on 2
  * mean on 2
  * mean on 4
  * mean on 20
  * mean on 2
  * mean on 3
  * mean on 2
  * mean on 3
  * mean on 2
  * mean on 3
  * mean on 5
  * mean on 3
  * mean on 3
  * mean on 2
  * mean on 3
  * mean on 2
  * mean on 8
  * mean on 2
  * mean on 4
  * mean on 9
  * mean on 2
  * mean on 3
  * mean on 2
  * mean on 2
  * mean on 3
  * mean on 2
  * mean on 2
  * mean on 2
  * mean on 2
  * mean on 2
  * mean on 2
  * mean on 14
  * mean on 2
  * mean on 8
  * mean on 6
  * mean on 3
  * mean on 9
  * mean on 2
  * mean on 2
  * mean on 2
  * mean on 2
  * mean on 6
  * mean on 3
  * mean on 10
  * mean on 2
  * mean on 4
  * mean on 3
  * mean on 2
  * mean on 2
  * mean on 2
  * mean on 2
  * mean on 3
  * mean on 2
  * mean on 2
  * mean on 2
  * mean on 3
  * mean on 3
  * mean on 2
  * mean on 2
  * mean on 2
  * mean on 2
  * mean on 3
  * mean on 4
  * mean on 2
  * mean on 3
  * mean on 5
  * mean on 2
  * mean on 2
  * mean on 2
  * mean on 3
  * mean on 41
  * mean on 2
  * mean on 4
  * mean on 9
  * mean on 4
  * mean on 2
  * mean on 2
  * mean on 5
  * mean on 2
  * mean on 2
  * mean on 5
  * mean on 8
  * mean on 10
  * mean on 2
  * mean on 4
  * mean on 2
  * mean on 4
  * mean on 4
  * mean on 3
  * mean on 4
  * mean on 14
  * mean on 2
  * mean on 2
  * mean on 4
  * mean on 2
  * mean on 10
  * mean on 5
  * mean on 2
  * mean on 3
  * mean on 3
  * mean on 2
  * mean on 2
  * mean on 2
  * mean on 10
  * mean on 13
  * mean on 35
  * mean on 3
  * mean on 3
  * mean on 2
  * mean on 2
  * mean on 2
  * mean on 14
  * mean on 3
  * mean on 2
  * mean on 2
  * mean on 2
  * mean on 5
  * mean on 5
  * mean on 26
  * mean on 2
  * mean on 5
  * mean on 3
  * mean on 4
  * mean on 3
  * mean on 6
  * mean on 5
  * mean on 6
  * mean on 9
  * mean on 2
  * mean on 2
  * mean on 2
  * mean on 40
  * mean on 5
  * mean on 4
  * mean on 6
  * mean on 2
  * mean on 2
  * mean on 3
  * mean on 2
  * mean on 8
  * mean on 3
  * mean on 2
  * mean on 2
  * mean on 5
  * mean on 2
  * mean on 11
  * mean on 3
  * mean on 4
  * mean on 2
  * mean on 2
  * mean on 2
  * mean on 2
  * mean on 3
  * mean on 2
  * mean on 2
  * mean on 4
  * mean on 5
  * mean on 2
  * mean on 15
  * mean on 13
  * mean on 8
  * mean on 9
  * mean on 10
  * mean on 32
  * mean on 3
  * mean on 4
  * mean on 2
  * mean on 2
  * mean on 2
  * mean on 8
  * mean on 3
  * mean on 3
  * mean on 14
  * mean on 2
  * mean on 5
  * mean on 2
  * mean on 5
  * mean on 3
  * mean on 3
  * mean on 3
  * mean on 4
  * mean on 13
  * mean on 3
  * mean on 3
  * mean on 2
  * mean on 2
  * mean on 2
  * mean on 4
  * mean on 3
  * mean on 6
  * mean on 2
  * mean on 2
  * mean on 3
  * mean on 5
  * mean on 2
  * mean on 2
  * mean on 4
  * mean on 2
  * mean on 5
  * mean on 2
  * mean on 2
  * mean on 2
  * mean on 2
  * mean on 2
  * mean on 5
  * mean on 3
  * mean on 15
  * mean on 6
  * mean on 3
  * mean on 3
  * mean on 2
  * mean on 3
  * mean on 2
  * mean on 2
  * mean on 2
  * mean on 2
  * mean on 9
  * mean on 2
  * mean on 3
  * mean on 3
  * mean on 12
  * mean on 3
  * mean on 2
  * mean on 2
  * mean on 2
  * mean on 2
  * mean on 4
  * mean on 2
  * mean on 3
  * mean on 2
  * mean on 3
  * mean on 2
  * mean on 3
  * mean on 2
  * mean on 2
  * mean on 2
  * mean on 3
  * mean on 2
  * mean on 2
  * mean on 3
  * mean on 4
  * mean on 3
  * mean on 4
  * mean on 3
  * mean on 9
  * mean on 2
  * mean on 5
  * mean on 2
  * mean on 4
  * mean on 13
  * mean on 3
  * mean on 3
  * mean on 8
  * mean on 2
  * mean on 5
  * mean on 3
  * mean on 3
  * mean on 2
  * mean on 4
  * mean on 4
  * mean on 3
  * mean on 2
  * mean on 4
  * mean on 2
  * mean on 4
  * mean on 2
  * mean on 2
  * mean on 2
  * mean on 7
  * mean on 25
  * mean on 4
  * mean on 2
  * mean on 2
  * mean on 6
  * mean on 8
  * mean on 13
  * mean on 2
  * mean on 2
  * mean on 3
  * mean on 2
  * mean on 2
  * mean on 2
  * mean on 2
  * mean on 4
  * mean on 2
  * mean on 2
  * mean on 3
  * quantification finished

Writing quantifications in [/data/unige/funpopgen/grey2/SYSCID/BLUEPRINT_DATA/CRD/THREE_CELL_TYPES/CLOMICS/CELL_TYPE_COMPARISON_GENE_CRD_ASSOCIATIONS/quantify//70_vs_73_ALL.chr6.mean.txt.gz]
  * writing header
  * writing body

Running time: 1 seconds
