Sender: LSF System <lsfadmin@cpt02>
Subject: Job 971422: </data/unige/funpopgen/odelanea/SHARE/clomics/bin/clomics quantify --bed /data/unige/funpopgen/grey2/SYSCID/BLUEPRINT_DATA/CRD/THREE_CELL_TYPES/CLOMICS/EGAD00001002672_CLOMICS_v3.0/merged_residuals.bed.gz --region 15 --tree /data/unige/funpopgen/grey2/SYSCID/BLUEPRINT_DATA/CRD/THREE_CELL_TYPES/CLOMICS/EGAD00001002673_CLOMICS_v3.0/EGAD00001002673_ALL.chr15.module.txt.gz /data/unige/funpopgen/grey2/SYSCID/BLUEPRINT_DATA/CRD/THREE_CELL_TYPES/CLOMICS/EGAD00001002673_CLOMICS_v3.0/EGAD00001002673_ALL.modules.MOD1.NRE2.txt.gz --out /data/unige/funpopgen/grey2/SYSCID/BLUEPRINT_DATA/CRD/THREE_CELL_TYPES/CLOMICS/CELL_TYPE_COMPARISON_GENE_CRD_ASSOCIATIONS/quantify//72_vs_73_ALL.chr15.mean\.txt.gz --mean --normal> in cluster <ug> Done

Job </data/unige/funpopgen/odelanea/SHARE/clomics/bin/clomics quantify --bed /data/unige/funpopgen/grey2/SYSCID/BLUEPRINT_DATA/CRD/THREE_CELL_TYPES/CLOMICS/EGAD00001002672_CLOMICS_v3.0/merged_residuals.bed.gz --region 15 --tree /data/unige/funpopgen/grey2/SYSCID/BLUEPRINT_DATA/CRD/THREE_CELL_TYPES/CLOMICS/EGAD00001002673_CLOMICS_v3.0/EGAD00001002673_ALL.chr15.module.txt.gz /data/unige/funpopgen/grey2/SYSCID/BLUEPRINT_DATA/CRD/THREE_CELL_TYPES/CLOMICS/EGAD00001002673_CLOMICS_v3.0/EGAD00001002673_ALL.modules.MOD1.NRE2.txt.gz --out /data/unige/funpopgen/grey2/SYSCID/BLUEPRINT_DATA/CRD/THREE_CELL_TYPES/CLOMICS/CELL_TYPE_COMPARISON_GENE_CRD_ASSOCIATIONS/quantify//72_vs_73_ALL.chr15.mean\.txt.gz --mean --normal> was submitted from host <cpt01> by user <grey2> in cluster <ug>.
Job was executed on host(s) <cpt02>, in queue <normal>, as user <grey2> in cluster <ug>.
</home/grey2> was used as the home directory.
</data/unige/funpopgen/grey2/SYSCID/BLUEPRINT_DATA/CRD/THREE_CELL_TYPES/CLOMICS/CELL_TYPE_COMPARISON_GENE_CRD_ASSOCIATIONS> was used as the working directory.
Started at Fri Mar 15 13:43:18 2019
Results reported at Fri Mar 15 13:43:21 2019

Your job looked like:

------------------------------------------------------------
# LSBATCH: User input
/data/unige/funpopgen/odelanea/SHARE/clomics/bin/clomics quantify --bed /data/unige/funpopgen/grey2/SYSCID/BLUEPRINT_DATA/CRD/THREE_CELL_TYPES/CLOMICS/EGAD00001002672_CLOMICS_v3.0/merged_residuals.bed.gz --region 15 --tree /data/unige/funpopgen/grey2/SYSCID/BLUEPRINT_DATA/CRD/THREE_CELL_TYPES/CLOMICS/EGAD00001002673_CLOMICS_v3.0/EGAD00001002673_ALL.chr15.module.txt.gz /data/unige/funpopgen/grey2/SYSCID/BLUEPRINT_DATA/CRD/THREE_CELL_TYPES/CLOMICS/EGAD00001002673_CLOMICS_v3.0/EGAD00001002673_ALL.modules.MOD1.NRE2.txt.gz --out /data/unige/funpopgen/grey2/SYSCID/BLUEPRINT_DATA/CRD/THREE_CELL_TYPES/CLOMICS/CELL_TYPE_COMPARISON_GENE_CRD_ASSOCIATIONS/quantify//72_vs_73_ALL.chr15.mean\.txt.gz --mean --normal

------------------------------------------------------------

Successfully completed.

Resource usage summary:

    CPU time :               0.88 sec.
    Max Memory :             3.11 MB
    Average Memory :         3.11 MB
    Total Requested Memory : 8000.00 MB
    Delta Memory :           7996.89 MB
    (Delta: the difference between total requested memory and actual max usage.)
    Max Swap :               31 MB

    Max Processes :          1
    Max Threads :            1

The output (if any) follows:


[32mclomics[0m
  * Authors : Olivier DELANEAU / Emmanouil DERMITZAKIS
  * Contact : olivier.delaneau@gmail.com
  * Webpage : XXX
  * Version : XXX
  * Date    : 15/03/2019 - 13:43:20

[32mQUANTIFY MODULES[0m

Initialize random number generator
  * Built-in seed is 15112011
  * First Integer = 30554
  * First Double = 0.0126695

Reading sample list from [/data/unige/funpopgen/grey2/SYSCID/BLUEPRINT_DATA/CRD/THREE_CELL_TYPES/CLOMICS/EGAD00001002672_CLOMICS_v3.0/merged_residuals.bed.gz]
  * #samples = 160

Merging sample sets from all input files
  * #files = 1
  * #samples in all files = 160

Scanning phenotype data in [/data/unige/funpopgen/grey2/SYSCID/BLUEPRINT_DATA/CRD/THREE_CELL_TYPES/CLOMICS/EGAD00001002672_CLOMICS_v3.0/merged_residuals.bed.gz]
  * target region [15]
  * 5367 phenotypes included

Sorting phenotype data and allocating required memory
  * #samples = 160 #phenotypes = 5367

Reading phenotype data in [/data/unige/funpopgen/grey2/SYSCID/BLUEPRINT_DATA/CRD/THREE_CELL_TYPES/CLOMICS/EGAD00001002672_CLOMICS_v3.0/merged_residuals.bed.gz]
  * target region [15]
  * 5367 phenotypes included

Reading tree in [/data/unige/funpopgen/grey2/SYSCID/BLUEPRINT_DATA/CRD/THREE_CELL_TYPES/CLOMICS/EGAD00001002673_CLOMICS_v3.0/EGAD00001002673_ALL.chr15.module.txt.gz]
  * #nodes = 10733
  * #internal_nodes = 5366
  * #leaf_nodes = 5367

Reading modules in [/data/unige/funpopgen/grey2/SYSCID/BLUEPRINT_DATA/CRD/THREE_CELL_TYPES/CLOMICS/EGAD00001002673_CLOMICS_v3.0/EGAD00001002673_ALL.modules.MOD1.NRE2.txt.gz]
  * #modules = 4947

Quantify activity of internal nodes
  * Activity / Mean
  * mean on 73
  * mean on 2
  * mean on 2
  * mean on 2
  * mean on 2
  * mean on 4
  * mean on 2
  * mean on 2
  * mean on 2
  * mean on 2
  * mean on 3
  * mean on 9
  * mean on 4
  * mean on 5
  * mean on 2
  * mean on 5
  * mean on 2
  * mean on 5
  * mean on 2
  * mean on 2
  * mean on 2
  * mean on 6
  * mean on 2
  * mean on 3
  * mean on 4
  * mean on 2
  * mean on 3
  * mean on 2
  * mean on 2
  * mean on 4
  * mean on 2
  * mean on 2
  * mean on 3
  * mean on 2
  * mean on 4
  * mean on 2
  * mean on 2
  * mean on 3
  * mean on 4
  * mean on 13
  * mean on 2
  * mean on 2
  * mean on 3
  * mean on 2
  * mean on 3
  * mean on 2
  * mean on 2
  * mean on 2
  * mean on 11
  * mean on 5
  * mean on 2
  * mean on 2
  * mean on 2
  * mean on 2
  * mean on 2
  * mean on 3
  * mean on 2
  * mean on 10
  * mean on 15
  * mean on 9
  * mean on 11
  * mean on 2
  * mean on 2
  * mean on 8
  * mean on 3
  * mean on 4
  * mean on 13
  * mean on 18
  * mean on 4
  * mean on 4
  * mean on 2
  * mean on 3
  * mean on 2
  * mean on 2
  * mean on 2
  * mean on 5
  * mean on 3
  * mean on 2
  * mean on 4
  * mean on 3
  * mean on 2
  * mean on 2
  * mean on 2
  * mean on 2
  * mean on 3
  * mean on 3
  * mean on 2
  * mean on 3
  * mean on 2
  * mean on 2
  * mean on 4
  * mean on 2
  * mean on 2
  * mean on 4
  * mean on 2
  * mean on 2
  * mean on 3
  * mean on 4
  * mean on 2
  * mean on 2
  * mean on 2
  * mean on 3
  * mean on 12
  * mean on 2
  * mean on 7
  * mean on 2
  * mean on 23
  * mean on 4
  * mean on 3
  * mean on 4
  * mean on 3
  * mean on 2
  * mean on 4
  * mean on 2
  * mean on 3
  * mean on 2
  * mean on 6
  * mean on 4
  * mean on 12
  * mean on 3
  * mean on 5
  * mean on 2
  * mean on 2
  * mean on 2
  * mean on 4
  * mean on 2
  * mean on 6
  * mean on 6
  * mean on 3
  * mean on 17
  * mean on 5
  * mean on 4
  * mean on 2
  * mean on 3
  * mean on 2
  * mean on 3
  * mean on 2
  * mean on 2
  * mean on 2
  * mean on 2
  * mean on 2
  * mean on 5
  * mean on 3
  * mean on 58
  * mean on 2
  * mean on 2
  * mean on 2
  * mean on 3
  * mean on 3
  * mean on 2
  * mean on 2
  * mean on 2
  * mean on 2
  * mean on 2
  * mean on 2
  * quantification finished

Writing quantifications in [/data/unige/funpopgen/grey2/SYSCID/BLUEPRINT_DATA/CRD/THREE_CELL_TYPES/CLOMICS/CELL_TYPE_COMPARISON_GENE_CRD_ASSOCIATIONS/quantify//72_vs_73_ALL.chr15.mean.txt.gz]
  * writing header
  * writing body

Running time: 0 seconds
Sender: LSF System <lsfadmin@cpt07>
Subject: Job 973322: </data/unige/funpopgen/odelanea/SHARE/clomics/bin/clomics quantify --bed /data/unige/funpopgen/grey2/SYSCID/BLUEPRINT_DATA/CRD/THREE_CELL_TYPES/CLOMICS/EGAD00001002672_CLOMICS_v3.0/merged_residuals.bed.gz --region 15 --tree /data/unige/funpopgen/grey2/SYSCID/BLUEPRINT_DATA/CRD/THREE_CELL_TYPES/CLOMICS/EGAD00001002673_CLOMICS_v3.0/EGAD00001002673_ALL.chr15.module.txt.gz /data/unige/funpopgen/grey2/SYSCID/BLUEPRINT_DATA/CRD/THREE_CELL_TYPES/CLOMICS/EGAD00001002673_CLOMICS_v3.0/EGAD00001002673_ALL.modules.MOD1.NRE2.txt.gz --out /data/unige/funpopgen/grey2/SYSCID/BLUEPRINT_DATA/CRD/THREE_CELL_TYPES/CLOMICS/CELL_TYPE_COMPARISON_GENE_CRD_ASSOCIATIONS/quantify//72_vs_73_ALL.chr15.mean\.txt.gz --mean --normal> in cluster <ug> Done

Job </data/unige/funpopgen/odelanea/SHARE/clomics/bin/clomics quantify --bed /data/unige/funpopgen/grey2/SYSCID/BLUEPRINT_DATA/CRD/THREE_CELL_TYPES/CLOMICS/EGAD00001002672_CLOMICS_v3.0/merged_residuals.bed.gz --region 15 --tree /data/unige/funpopgen/grey2/SYSCID/BLUEPRINT_DATA/CRD/THREE_CELL_TYPES/CLOMICS/EGAD00001002673_CLOMICS_v3.0/EGAD00001002673_ALL.chr15.module.txt.gz /data/unige/funpopgen/grey2/SYSCID/BLUEPRINT_DATA/CRD/THREE_CELL_TYPES/CLOMICS/EGAD00001002673_CLOMICS_v3.0/EGAD00001002673_ALL.modules.MOD1.NRE2.txt.gz --out /data/unige/funpopgen/grey2/SYSCID/BLUEPRINT_DATA/CRD/THREE_CELL_TYPES/CLOMICS/CELL_TYPE_COMPARISON_GENE_CRD_ASSOCIATIONS/quantify//72_vs_73_ALL.chr15.mean\.txt.gz --mean --normal> was submitted from host <frt.ug.vital-it.ch> by user <grey2> in cluster <ug>.
Job was executed on host(s) <cpt07>, in queue <normal>, as user <grey2> in cluster <ug>.
</home/grey2> was used as the home directory.
</data/unige/funpopgen/grey2/SYSCID/BLUEPRINT_DATA/CRD/THREE_CELL_TYPES/CLOMICS/CELL_TYPE_COMPARISON_GENE_CRD_ASSOCIATIONS> was used as the working directory.
Started at Thu Mar 21 11:10:28 2019
Results reported at Thu Mar 21 11:10:32 2019

Your job looked like:

------------------------------------------------------------
# LSBATCH: User input
/data/unige/funpopgen/odelanea/SHARE/clomics/bin/clomics quantify --bed /data/unige/funpopgen/grey2/SYSCID/BLUEPRINT_DATA/CRD/THREE_CELL_TYPES/CLOMICS/EGAD00001002672_CLOMICS_v3.0/merged_residuals.bed.gz --region 15 --tree /data/unige/funpopgen/grey2/SYSCID/BLUEPRINT_DATA/CRD/THREE_CELL_TYPES/CLOMICS/EGAD00001002673_CLOMICS_v3.0/EGAD00001002673_ALL.chr15.module.txt.gz /data/unige/funpopgen/grey2/SYSCID/BLUEPRINT_DATA/CRD/THREE_CELL_TYPES/CLOMICS/EGAD00001002673_CLOMICS_v3.0/EGAD00001002673_ALL.modules.MOD1.NRE2.txt.gz --out /data/unige/funpopgen/grey2/SYSCID/BLUEPRINT_DATA/CRD/THREE_CELL_TYPES/CLOMICS/CELL_TYPE_COMPARISON_GENE_CRD_ASSOCIATIONS/quantify//72_vs_73_ALL.chr15.mean\.txt.gz --mean --normal

------------------------------------------------------------

Successfully completed.

Resource usage summary:

    CPU time :               1.08 sec.
    Max Memory :             2.75 MB
    Average Memory :         2.75 MB
    Total Requested Memory : 8000.00 MB
    Delta Memory :           7997.25 MB
    (Delta: the difference between total requested memory and actual max usage.)
    Max Swap :               31 MB

    Max Processes :          1
    Max Threads :            1

The output (if any) follows:


[32mclomics[0m
  * Authors : Olivier DELANEAU / Emmanouil DERMITZAKIS
  * Contact : olivier.delaneau@gmail.com
  * Webpage : XXX
  * Version : XXX
  * Date    : 21/03/2019 - 11:10:31

[32mQUANTIFY MODULES[0m

Initialize random number generator
  * Built-in seed is 15112011
  * First Integer = 30554
  * First Double = 0.0126695

Reading sample list from [/data/unige/funpopgen/grey2/SYSCID/BLUEPRINT_DATA/CRD/THREE_CELL_TYPES/CLOMICS/EGAD00001002672_CLOMICS_v3.0/merged_residuals.bed.gz]
  * #samples = 160

Merging sample sets from all input files
  * #files = 1
  * #samples in all files = 160

Scanning phenotype data in [/data/unige/funpopgen/grey2/SYSCID/BLUEPRINT_DATA/CRD/THREE_CELL_TYPES/CLOMICS/EGAD00001002672_CLOMICS_v3.0/merged_residuals.bed.gz]
  * target region [15]
  * 5367 phenotypes included

Sorting phenotype data and allocating required memory
  * #samples = 160 #phenotypes = 5367

Reading phenotype data in [/data/unige/funpopgen/grey2/SYSCID/BLUEPRINT_DATA/CRD/THREE_CELL_TYPES/CLOMICS/EGAD00001002672_CLOMICS_v3.0/merged_residuals.bed.gz]
  * target region [15]
  * 5367 phenotypes included

Reading tree in [/data/unige/funpopgen/grey2/SYSCID/BLUEPRINT_DATA/CRD/THREE_CELL_TYPES/CLOMICS/EGAD00001002673_CLOMICS_v3.0/EGAD00001002673_ALL.chr15.module.txt.gz]
  * #nodes = 10733
  * #internal_nodes = 5366
  * #leaf_nodes = 5367

Reading modules in [/data/unige/funpopgen/grey2/SYSCID/BLUEPRINT_DATA/CRD/THREE_CELL_TYPES/CLOMICS/EGAD00001002673_CLOMICS_v3.0/EGAD00001002673_ALL.modules.MOD1.NRE2.txt.gz]
  * #modules = 4947

Quantify activity of internal nodes
  * Activity / Mean
  * mean on 73
  * mean on 2
  * mean on 2
  * mean on 2
  * mean on 2
  * mean on 4
  * mean on 2
  * mean on 2
  * mean on 2
  * mean on 2
  * mean on 3
  * mean on 9
  * mean on 4
  * mean on 5
  * mean on 2
  * mean on 5
  * mean on 2
  * mean on 5
  * mean on 2
  * mean on 2
  * mean on 2
  * mean on 6
  * mean on 2
  * mean on 3
  * mean on 4
  * mean on 2
  * mean on 3
  * mean on 2
  * mean on 2
  * mean on 4
  * mean on 2
  * mean on 2
  * mean on 3
  * mean on 2
  * mean on 4
  * mean on 2
  * mean on 2
  * mean on 3
  * mean on 4
  * mean on 13
  * mean on 2
  * mean on 2
  * mean on 3
  * mean on 2
  * mean on 3
  * mean on 2
  * mean on 2
  * mean on 2
  * mean on 11
  * mean on 5
  * mean on 2
  * mean on 2
  * mean on 2
  * mean on 2
  * mean on 2
  * mean on 3
  * mean on 2
  * mean on 10
  * mean on 15
  * mean on 9
  * mean on 11
  * mean on 2
  * mean on 2
  * mean on 8
  * mean on 3
  * mean on 4
  * mean on 13
  * mean on 18
  * mean on 4
  * mean on 4
  * mean on 2
  * mean on 3
  * mean on 2
  * mean on 2
  * mean on 2
  * mean on 5
  * mean on 3
  * mean on 2
  * mean on 4
  * mean on 3
  * mean on 2
  * mean on 2
  * mean on 2
  * mean on 2
  * mean on 3
  * mean on 3
  * mean on 2
  * mean on 3
  * mean on 2
  * mean on 2
  * mean on 4
  * mean on 2
  * mean on 2
  * mean on 4
  * mean on 2
  * mean on 2
  * mean on 3
  * mean on 4
  * mean on 2
  * mean on 2
  * mean on 2
  * mean on 3
  * mean on 12
  * mean on 2
  * mean on 7
  * mean on 2
  * mean on 23
  * mean on 4
  * mean on 3
  * mean on 4
  * mean on 3
  * mean on 2
  * mean on 4
  * mean on 2
  * mean on 3
  * mean on 2
  * mean on 6
  * mean on 4
  * mean on 12
  * mean on 3
  * mean on 5
  * mean on 2
  * mean on 2
  * mean on 2
  * mean on 4
  * mean on 2
  * mean on 6
  * mean on 6
  * mean on 3
  * mean on 17
  * mean on 5
  * mean on 4
  * mean on 2
  * mean on 3
  * mean on 2
  * mean on 3
  * mean on 2
  * mean on 2
  * mean on 2
  * mean on 2
  * mean on 2
  * mean on 5
  * mean on 3
  * mean on 58
  * mean on 2
  * mean on 2
  * mean on 2
  * mean on 3
  * mean on 3
  * mean on 2
  * mean on 2
  * mean on 2
  * mean on 2
  * mean on 2
  * mean on 2
  * quantification finished

Writing quantifications in [/data/unige/funpopgen/grey2/SYSCID/BLUEPRINT_DATA/CRD/THREE_CELL_TYPES/CLOMICS/CELL_TYPE_COMPARISON_GENE_CRD_ASSOCIATIONS/quantify//72_vs_73_ALL.chr15.mean.txt.gz]
  * writing header
  * writing body

Running time: 1 seconds
