Sender: LSF System <lsfadmin@cpt18>
Subject: Job 973421: </data/unige/funpopgen/odelanea/SHARE/clomics/bin/clomics quantify --bed /data/unige/funpopgen/grey2/SYSCID/BLUEPRINT_DATA/CRD/THREE_CELL_TYPES/CLOMICS/EGAD00001002673_CLOMICS_v3.0/merged_residuals.bed.gz --region 4 --tree /data/unige/funpopgen/grey2/SYSCID/BLUEPRINT_DATA/CRD/THREE_CELL_TYPES/CLOMICS/EGAD00001002670_CLOMICS_v3.0/EGAD00001002670_ALL.chr4.module.txt.gz /data/unige/funpopgen/grey2/SYSCID/BLUEPRINT_DATA/CRD/THREE_CELL_TYPES/CLOMICS/EGAD00001002670_CLOMICS_v3.0/EGAD00001002670_ALL.modules.MOD1.NRE2.txt.gz --out /data/unige/funpopgen/grey2/SYSCID/BLUEPRINT_DATA/CRD/THREE_CELL_TYPES/CLOMICS/CELL_TYPE_COMPARISON_GENE_CRD_ASSOCIATIONS/quantify//73_vs_70_ALL.chr4.mean\.txt.gz --mean --normal> in cluster <ug> Done

Job </data/unige/funpopgen/odelanea/SHARE/clomics/bin/clomics quantify --bed /data/unige/funpopgen/grey2/SYSCID/BLUEPRINT_DATA/CRD/THREE_CELL_TYPES/CLOMICS/EGAD00001002673_CLOMICS_v3.0/merged_residuals.bed.gz --region 4 --tree /data/unige/funpopgen/grey2/SYSCID/BLUEPRINT_DATA/CRD/THREE_CELL_TYPES/CLOMICS/EGAD00001002670_CLOMICS_v3.0/EGAD00001002670_ALL.chr4.module.txt.gz /data/unige/funpopgen/grey2/SYSCID/BLUEPRINT_DATA/CRD/THREE_CELL_TYPES/CLOMICS/EGAD00001002670_CLOMICS_v3.0/EGAD00001002670_ALL.modules.MOD1.NRE2.txt.gz --out /data/unige/funpopgen/grey2/SYSCID/BLUEPRINT_DATA/CRD/THREE_CELL_TYPES/CLOMICS/CELL_TYPE_COMPARISON_GENE_CRD_ASSOCIATIONS/quantify//73_vs_70_ALL.chr4.mean\.txt.gz --mean --normal> was submitted from host <frt.ug.vital-it.ch> by user <grey2> in cluster <ug>.
Job was executed on host(s) <cpt18>, in queue <normal>, as user <grey2> in cluster <ug>.
</home/grey2> was used as the home directory.
</data/unige/funpopgen/grey2/SYSCID/BLUEPRINT_DATA/CRD/THREE_CELL_TYPES/CLOMICS/CELL_TYPE_COMPARISON_GENE_CRD_ASSOCIATIONS> was used as the working directory.
Started at Thu Mar 21 11:11:23 2019
Results reported at Thu Mar 21 11:11:25 2019

Your job looked like:

------------------------------------------------------------
# LSBATCH: User input
/data/unige/funpopgen/odelanea/SHARE/clomics/bin/clomics quantify --bed /data/unige/funpopgen/grey2/SYSCID/BLUEPRINT_DATA/CRD/THREE_CELL_TYPES/CLOMICS/EGAD00001002673_CLOMICS_v3.0/merged_residuals.bed.gz --region 4 --tree /data/unige/funpopgen/grey2/SYSCID/BLUEPRINT_DATA/CRD/THREE_CELL_TYPES/CLOMICS/EGAD00001002670_CLOMICS_v3.0/EGAD00001002670_ALL.chr4.module.txt.gz /data/unige/funpopgen/grey2/SYSCID/BLUEPRINT_DATA/CRD/THREE_CELL_TYPES/CLOMICS/EGAD00001002670_CLOMICS_v3.0/EGAD00001002670_ALL.modules.MOD1.NRE2.txt.gz --out /data/unige/funpopgen/grey2/SYSCID/BLUEPRINT_DATA/CRD/THREE_CELL_TYPES/CLOMICS/CELL_TYPE_COMPARISON_GENE_CRD_ASSOCIATIONS/quantify//73_vs_70_ALL.chr4.mean\.txt.gz --mean --normal

------------------------------------------------------------

Successfully completed.

Resource usage summary:

    CPU time :               1.13 sec.
    Max Memory :             15.83 MB
    Average Memory :         15.83 MB
    Total Requested Memory : 8000.00 MB
    Delta Memory :           7984.17 MB
    (Delta: the difference between total requested memory and actual max usage.)
    Max Swap :               348 MB

    Max Processes :          4
    Max Threads :            5

The output (if any) follows:


[32mclomics[0m
  * Authors : Olivier DELANEAU / Emmanouil DERMITZAKIS
  * Contact : olivier.delaneau@gmail.com
  * Webpage : XXX
  * Version : XXX
  * Date    : 21/03/2019 - 11:11:24

[32mQUANTIFY MODULES[0m

Initialize random number generator
  * Built-in seed is 15112011
  * First Integer = 30554
  * First Double = 0.0126695

Reading sample list from [/data/unige/funpopgen/grey2/SYSCID/BLUEPRINT_DATA/CRD/THREE_CELL_TYPES/CLOMICS/EGAD00001002673_CLOMICS_v3.0/merged_residuals.bed.gz]
  * #samples = 94

Merging sample sets from all input files
  * #files = 1
  * #samples in all files = 94

Scanning phenotype data in [/data/unige/funpopgen/grey2/SYSCID/BLUEPRINT_DATA/CRD/THREE_CELL_TYPES/CLOMICS/EGAD00001002673_CLOMICS_v3.0/merged_residuals.bed.gz]
  * target region [4]
  * 6870 phenotypes included

Sorting phenotype data and allocating required memory
  * #samples = 94 #phenotypes = 6870

Reading phenotype data in [/data/unige/funpopgen/grey2/SYSCID/BLUEPRINT_DATA/CRD/THREE_CELL_TYPES/CLOMICS/EGAD00001002673_CLOMICS_v3.0/merged_residuals.bed.gz]
  * target region [4]
  * 6870 phenotypes included

Reading tree in [/data/unige/funpopgen/grey2/SYSCID/BLUEPRINT_DATA/CRD/THREE_CELL_TYPES/CLOMICS/EGAD00001002670_CLOMICS_v3.0/EGAD00001002670_ALL.chr4.module.txt.gz]
  * #nodes = 13739
  * #internal_nodes = 6869
  * #leaf_nodes = 6870

Reading modules in [/data/unige/funpopgen/grey2/SYSCID/BLUEPRINT_DATA/CRD/THREE_CELL_TYPES/CLOMICS/EGAD00001002670_CLOMICS_v3.0/EGAD00001002670_ALL.modules.MOD1.NRE2.txt.gz]
  * #modules = 7666

Quantify activity of internal nodes
  * Activity / Mean
  * mean on 4
  * mean on 2
  * mean on 11
  * mean on 3
  * mean on 2
  * mean on 3
  * mean on 2
  * mean on 4
  * mean on 4
  * mean on 2
  * mean on 2
  * mean on 2
  * mean on 5
  * mean on 5
  * mean on 2
  * mean on 5
  * mean on 6
  * mean on 2
  * mean on 2
  * mean on 2
  * mean on 2
  * mean on 25
  * mean on 2
  * mean on 2
  * mean on 5
  * mean on 3
  * mean on 6
  * mean on 2
  * mean on 2
  * mean on 2
  * mean on 2
  * mean on 2
  * mean on 2
  * mean on 2
  * mean on 2
  * mean on 5
  * mean on 5
  * mean on 16
  * mean on 2
  * mean on 2
  * mean on 2
  * mean on 2
  * mean on 2
  * mean on 2
  * mean on 2
  * mean on 3
  * mean on 4
  * mean on 7
  * mean on 7
  * mean on 2
  * mean on 8
  * mean on 2
  * mean on 3
  * mean on 3
  * mean on 3
  * mean on 2
  * mean on 8
  * mean on 2
  * mean on 2
  * mean on 2
  * mean on 2
  * mean on 2
  * mean on 2
  * mean on 2
  * mean on 3
  * mean on 7
  * mean on 2
  * mean on 3
  * mean on 2
  * mean on 2
  * mean on 2
  * mean on 9
  * mean on 2
  * mean on 2
  * mean on 2
  * mean on 3
  * mean on 2
  * mean on 2
  * mean on 2
  * mean on 2
  * mean on 5
  * mean on 5
  * mean on 2
  * mean on 2
  * mean on 2
  * mean on 2
  * mean on 2
  * mean on 2
  * mean on 2
  * mean on 2
  * mean on 6
  * mean on 2
  * mean on 2
  * mean on 3
  * mean on 38
  * mean on 2
  * mean on 2
  * mean on 8
  * mean on 3
  * mean on 2
  * mean on 3
  * mean on 2
  * mean on 4
  * mean on 2
  * mean on 2
  * mean on 3
  * mean on 2
  * mean on 3
  * mean on 3
  * mean on 2
  * mean on 2
  * mean on 4
  * mean on 3
  * mean on 2
  * mean on 2
  * mean on 2
  * mean on 2
  * mean on 29
  * mean on 7
  * mean on 4
  * mean on 2
  * mean on 4
  * mean on 2
  * mean on 2
  * mean on 2
  * mean on 2
  * mean on 3
  * mean on 3
  * mean on 4
  * mean on 2
  * mean on 14
  * mean on 4
  * mean on 3
  * mean on 3
  * mean on 2
  * mean on 4
  * mean on 2
  * mean on 5
  * mean on 2
  * mean on 2
  * mean on 6
  * mean on 5
  * mean on 2
  * mean on 7
  * mean on 12
  * mean on 3
  * mean on 2
  * mean on 10
  * mean on 15
  * mean on 2
  * mean on 22
  * mean on 2
  * mean on 2
  * mean on 13
  * mean on 2
  * mean on 34
  * mean on 16
  * mean on 2
  * mean on 2
  * mean on 11
  * mean on 5
  * mean on 2
  * mean on 14
  * mean on 2
  * mean on 3
  * mean on 2
  * mean on 3
  * mean on 3
  * mean on 2
  * mean on 5
  * mean on 23
  * mean on 3
  * mean on 3
  * mean on 3
  * mean on 13
  * mean on 15
  * mean on 12
  * mean on 15
  * mean on 7
  * mean on 2
  * mean on 25
  * mean on 2
  * mean on 3
  * mean on 4
  * mean on 6
  * mean on 2
  * mean on 3
  * mean on 2
  * mean on 2
  * mean on 2
  * mean on 2
  * mean on 4
  * mean on 2
  * mean on 2
  * mean on 2
  * mean on 2
  * mean on 3
  * mean on 3
  * mean on 3
  * mean on 2
  * mean on 5
  * mean on 3
  * mean on 3
  * mean on 2
  * mean on 2
  * mean on 10
  * mean on 2
  * mean on 3
  * mean on 9
  * mean on 6
  * mean on 3
  * mean on 2
  * mean on 2
  * mean on 5
  * mean on 2
  * mean on 3
  * mean on 3
  * mean on 12
  * mean on 3
  * mean on 2
  * mean on 3
  * mean on 2
  * mean on 6
  * mean on 4
  * mean on 6
  * mean on 4
  * mean on 2
  * mean on 4
  * mean on 12
  * mean on 5
  * mean on 3
  * mean on 2
  * mean on 7
  * mean on 10
  * mean on 2
  * mean on 4
  * mean on 2
  * mean on 4
  * mean on 2
  * mean on 2
  * mean on 2
  * mean on 2
  * mean on 5
  * mean on 5
  * mean on 4
  * mean on 5
  * mean on 4
  * mean on 3
  * mean on 2
  * mean on 3
  * mean on 4
  * mean on 2
  * mean on 7
  * mean on 2
  * mean on 2
  * mean on 4
  * mean on 2
  * mean on 5
  * mean on 2
  * mean on 2
  * mean on 11
  * mean on 2
  * mean on 9
  * mean on 55
  * mean on 3
  * mean on 5
  * mean on 4
  * mean on 2
  * mean on 19
  * mean on 9
  * mean on 2
  * mean on 2
  * mean on 2
  * mean on 2
  * mean on 6
  * mean on 5
  * mean on 2
  * mean on 4
  * mean on 4
  * mean on 2
  * mean on 3
  * mean on 5
  * mean on 2
  * mean on 2
  * mean on 5
  * mean on 6
  * mean on 3
  * mean on 2
  * mean on 2
  * mean on 2
  * mean on 2
  * mean on 8
  * mean on 33
  * mean on 2
  * mean on 4
  * mean on 19
  * mean on 11
  * mean on 2
  * mean on 6
  * mean on 2
  * mean on 2
  * mean on 5
  * mean on 5
  * mean on 2
  * mean on 5
  * mean on 2
  * mean on 11
  * mean on 3
  * quantification finished

Writing quantifications in [/data/unige/funpopgen/grey2/SYSCID/BLUEPRINT_DATA/CRD/THREE_CELL_TYPES/CLOMICS/CELL_TYPE_COMPARISON_GENE_CRD_ASSOCIATIONS/quantify//73_vs_70_ALL.chr4.mean.txt.gz]
  * writing header
  * writing body

Running time: 1 seconds
