Sender: LSF System <lsfadmin@cpt12>
Subject: Job 971625: </data/unige/funpopgen/odelanea/SGX/V2/binaries/qtltools/bin/QTLtools cis --vcf /data/unige/funpopgen/grey2/SYSCID/BLUEPRINT_DATA/CRD/THREE_CELL_TYPES/CLOMICS/CELL_TYPE_COMPARISON_GENE_CRD_ASSOCIATIONS/quantify/70_vs_73_ALL.ALLchr.mean.txt.gz --bed /data/unige/funpopgen/grey2/SYSCID/BLUEPRINT_DATA/CRD/THREE_CELL_TYPES/QTL_TOOLS/EGAD00001002675_v3.0/EGAD00001002675_RNA.PC10.bed.gz --permute 200 --chunk 77 100 --out /data/unige/funpopgen/grey2/SYSCID/BLUEPRINT_DATA/CRD/THREE_CELL_TYPES/CLOMICS/CELL_TYPE_COMPARISON_GENE_CRD_ASSOCIATIONS/mapping_aCRD_gene/70_vs_73/gene_CRD_mean_chunk77\.txt> in cluster <ug> Done

Job </data/unige/funpopgen/odelanea/SGX/V2/binaries/qtltools/bin/QTLtools cis --vcf /data/unige/funpopgen/grey2/SYSCID/BLUEPRINT_DATA/CRD/THREE_CELL_TYPES/CLOMICS/CELL_TYPE_COMPARISON_GENE_CRD_ASSOCIATIONS/quantify/70_vs_73_ALL.ALLchr.mean.txt.gz --bed /data/unige/funpopgen/grey2/SYSCID/BLUEPRINT_DATA/CRD/THREE_CELL_TYPES/QTL_TOOLS/EGAD00001002675_v3.0/EGAD00001002675_RNA.PC10.bed.gz --permute 200 --chunk 77 100 --out /data/unige/funpopgen/grey2/SYSCID/BLUEPRINT_DATA/CRD/THREE_CELL_TYPES/CLOMICS/CELL_TYPE_COMPARISON_GENE_CRD_ASSOCIATIONS/mapping_aCRD_gene/70_vs_73/gene_CRD_mean_chunk77\.txt> was submitted from host <cpt01> by user <grey2> in cluster <ug>.
Job was executed on host(s) <cpt12>, in queue <normal>, as user <grey2> in cluster <ug>.
</home/grey2> was used as the home directory.
</data/unige/funpopgen/grey2/SYSCID/BLUEPRINT_DATA/CRD/THREE_CELL_TYPES/CLOMICS/CELL_TYPE_COMPARISON_GENE_CRD_ASSOCIATIONS> was used as the working directory.
Started at Fri Mar 15 14:03:37 2019
Results reported at Fri Mar 15 14:03:43 2019

Your job looked like:

------------------------------------------------------------
# LSBATCH: User input
/data/unige/funpopgen/odelanea/SGX/V2/binaries/qtltools/bin/QTLtools cis --vcf /data/unige/funpopgen/grey2/SYSCID/BLUEPRINT_DATA/CRD/THREE_CELL_TYPES/CLOMICS/CELL_TYPE_COMPARISON_GENE_CRD_ASSOCIATIONS/quantify/70_vs_73_ALL.ALLchr.mean.txt.gz --bed /data/unige/funpopgen/grey2/SYSCID/BLUEPRINT_DATA/CRD/THREE_CELL_TYPES/QTL_TOOLS/EGAD00001002675_v3.0/EGAD00001002675_RNA.PC10.bed.gz --permute 200 --chunk 77 100 --out /data/unige/funpopgen/grey2/SYSCID/BLUEPRINT_DATA/CRD/THREE_CELL_TYPES/CLOMICS/CELL_TYPE_COMPARISON_GENE_CRD_ASSOCIATIONS/mapping_aCRD_gene/70_vs_73/gene_CRD_mean_chunk77\.txt

------------------------------------------------------------

Successfully completed.

Resource usage summary:

    CPU time :               2.67 sec.
    Max Memory :             3.07 MB
    Average Memory :         3.07 MB
    Total Requested Memory : -
    Delta Memory :           -
    (Delta: the difference between total requested memory and actual max usage.)
    Max Swap :               32 MB

    Max Processes :          1
    Max Threads :            1

The output (if any) follows:


[32mQTLtools[0m
  * Authors : Olivier DELANEAU / Halit ONGEN / Emmanouil DERMITZAKIS
  * Contact : olivier.delaneau@gmail.com / halit.ongen@unige.ch / Emmanouil.Dermitzakis@unige.ch
  * Webpage : https://qtltools.github.io/qtltools/
  * Version : 1.1
  * Date    : 15/03/2019 - 14:03:40
  * Citation: A complete tool set for molecular QTL discovery and analysis, https://doi.org/10.1101/068635

[32mMAPPING QTL IN CIS[0m
  * TASK: Perform 200 permutations
  * Linear model: Phe ~ Var
  * Cis-window size is 1000000 bp
  * Chunk = [77/100]

Scanning phenotype data in [/data/unige/funpopgen/grey2/SYSCID/BLUEPRINT_DATA/CRD/THREE_CELL_TYPES/QTL_TOOLS/EGAD00001002675_v3.0/EGAD00001002675_RNA.PC10.bed.gz]
  * 21589 phenotypes included
  * 10706 phenotypes are on the negative strand

Initialize random number generator
  * Built-in seed is 15112011
  * First Integer = 30554
  * First Double = 0.0126695

Reading sample list from [/data/unige/funpopgen/grey2/SYSCID/BLUEPRINT_DATA/CRD/THREE_CELL_TYPES/QTL_TOOLS/EGAD00001002675_v3.0/EGAD00001002675_RNA.PC10.bed.gz]
  * #samples = 196

Reading sample list from [/data/unige/funpopgen/grey2/SYSCID/BLUEPRINT_DATA/CRD/THREE_CELL_TYPES/CLOMICS/CELL_TYPE_COMPARISON_GENE_CRD_ASSOCIATIONS/quantify/70_vs_73_ALL.ALLchr.mean.txt.gz]
  * #samples = 165

Merging sample sets from all input files
  * #files = 2
  * #samples in all files = 165
  * #samples NOT in all files (i.e. ignored) = 31

Reading phenotype data in [/data/unige/funpopgen/grey2/SYSCID/BLUEPRINT_DATA/CRD/THREE_CELL_TYPES/QTL_TOOLS/EGAD00001002675_v3.0/EGAD00001002675_RNA.PC10.bed.gz]
  * target region [19:54567207-59097525]
  * 197 phenotypes included
  * 85 phenotypes are on the negative strand

Reading genotype data in [/data/unige/funpopgen/grey2/SYSCID/BLUEPRINT_DATA/CRD/THREE_CELL_TYPES/CLOMICS/CELL_TYPE_COMPARISON_GENE_CRD_ASSOCIATIONS/quantify/70_vs_73_ALL.ALLchr.mean.txt.gz]
  * File format detected: BED
  * 165 samples included
  * 2 samples without phenotype data
  * target region [19:53567207-60097525]
  * 22 variants included

Processing phenotype [ENSG00000189068.5] [1/197]
  * #variants in cis = 7
  * Best hit: [id=19_internal_8678, d=-241122, pv=0.0489206, s=-0.1481]
  * Beta parameters: [s1=0.99063, s2=7.73767]
  * Adjusted p-values: [emp=0.323383, beta=0.289686]

Processing phenotype [ENSG00000248385.3] [2/197]
  * #variants in cis = 7
  * Best hit: [id=19_internal_9064, d=-143882, pv=0.0222851, s=-0.1798]
  * Beta parameters: [s1=0.983839, s2=5.92812]
  * Adjusted p-values: [emp=0.243781, beta=0.220781]

Processing phenotype [ENSG00000170909.9] [3/197]
  * #variants in cis = 7
  * Best hit: [id=19_internal_8678, d=-202329, pv=0.100004, s=-0.1291]
  * Beta parameters: [s1=1.01745, s2=7.10875]
  * Adjusted p-values: [emp=0.562189, beta=0.535083]

Processing phenotype [ENSG00000170906.9] [4/197]
  * #variants in cis = 7
  * Best hit: [id=19_internal_9119, d=863659, pv=0.0384446, s=0.1651]
  * Maximum Likelihood estimation failed, use Moment Matching instead!
  * Beta parameters: [s1=0.999974, s2=5.40471]
  * Adjusted p-values: [emp=0.228856, beta=0.232943]

Processing phenotype [ENSG00000231374.1] [5/197]
  * #variants in cis = 7
  * Best hit: [id=19_internal_9064, d=-110922, pv=0.26627, s=-0.0838]
  * Beta parameters: [s1=1.03315, s2=6.60905]
  * Adjusted p-values: [emp=0.875622, beta=0.881386]

Processing phenotype [ENSG00000105618.9] [6/197]
  * #variants in cis = 7
  * Best hit: [id=19_internal_9064, d=109679, pv=0.00130924, s=-0.2468]
  * Beta parameters: [s1=1.08183, s2=6.51747]
  * Adjusted p-values: [emp=0.0149254, beta=0.0151541]

Processing phenotype [ENSG00000105619.9] [7/197]
  * #variants in cis = 7
  * Best hit: [id=19_internal_9064, d=-109461, pv=0.0313113, s=-0.1685]
  * Maximum Likelihood estimation failed, use Moment Matching instead!
  * Beta parameters: [s1=0.999991, s2=6.94659]
  * Adjusted p-values: [emp=0.20398, beta=0.162284]

Processing phenotype [ENSG00000237017.1] [8/197]
  * #variants in cis = 7
  * Best hit: [id=19_internal_9064, d=-99794, pv=0.116236, s=-0.1224]
  * Beta parameters: [s1=1.12952, s2=7.41239]
  * Adjusted p-values: [emp=0.641791, beta=0.592223]

Processing phenotype [ENSG00000088038.13] [9/197]
  * #variants in cis = 7
  * Best hit: [id=19_internal_8678, d=166885, pv=0.0306022, s=-0.1674]
  * Beta parameters: [s1=1.02119, s2=5.60566]
  * Adjusted p-values: [emp=0.223881, beta=0.186754]

Processing phenotype [ENSG00000105617.3] [10/197]
  * #variants in cis = 7
  * Best hit: [id=19_internal_9064, d=-64896, pv=0.0594809, s=-0.1447]
  * Beta parameters: [s1=1.10108, s2=6.29148]
  * Adjusted p-values: [emp=0.393035, beta=0.375681]

Processing phenotype [ENSG00000167608.6] [11/197]
  * #variants in cis = 7
  * Best hit: [id=19_internal_8678, d=-131385, pv=0.0535594, s=-0.1511]
  * Beta parameters: [s1=1.12625, s2=7.96361]
  * Adjusted p-values: [emp=0.353234, beta=0.345831]

Processing phenotype [ENSG00000125505.11] [12/197]
  * #variants in cis = 7
  * Best hit: [id=19_internal_6782, d=-575433, pv=0.00254487, s=-0.2249]
  * Beta parameters: [s1=0.922508, s2=7.55109]
  * Adjusted p-values: [emp=0.0149254, beta=0.00996035]

Processing phenotype [ENSG00000170892.6] [13/197]
  * #variants in cis = 7
  * Best hit: [id=19_internal_6782, d=575377, pv=0.0976307, s=-0.1235]
  * Beta parameters: [s1=0.8839, s2=7.36452]
  * Adjusted p-values: [emp=0.437811, beta=0.475472]

Processing phenotype [ENSG00000268816.1] [14/197]
  * #variants in cis = 7
  * Best hit: [id=19_internal_8498, d=-826806, pv=0.0474781, s=0.1552]
  * Beta parameters: [s1=0.99059, s2=6.43503]
  * Adjusted p-values: [emp=0.318408, beta=0.312443]

Processing phenotype [ENSG00000223660.1] [15/197]
  * #variants in cis = 7
  * Best hit: [id=19_internal_6739, d=-167607, pv=0.00996043, s=-0.2037]
  * Beta parameters: [s1=1.06241, s2=6.78926]
  * Adjusted p-values: [emp=0.0746269, beta=0.0776324]

Processing phenotype [ENSG00000170889.9] [16/197]
  * #variants in cis = 7
  * Best hit: [id=19_internal_9064, d=23906, pv=0.00962893, s=-0.2000]
  * Beta parameters: [s1=1.03017, s2=8.05224]
  * Adjusted p-values: [emp=0.0746269, beta=0.0622518]

Processing phenotype [ENSG00000224579.1] [17/197]
  * #variants in cis = 7
  * Best hit: [id=19_internal_9064, d=-15230, pv=0.0632523, s=0.1479]
  * Beta parameters: [s1=0.939997, s2=7.25676]
  * Adjusted p-values: [emp=0.343284, beta=0.361663]

Processing phenotype [ENSG00000269524.1] [18/197]
  * #variants in cis = 7
  * Best hit: [id=19_internal_9064, d=121, pv=5.57265e-06, s=0.3370]
  * Beta parameters: [s1=0.965345, s2=5.92484]
  * Adjusted p-values: [emp=0.00497512, beta=6.63132e-05]

Processing phenotype [ENSG00000235081.1] [19/197]
  * #variants in cis = 7
  * Best hit: [id=19_internal_9064, d=0, pv=0.000144677, s=0.2886]
  * Beta parameters: [s1=1.06442, s2=6.5889]
  * Adjusted p-values: [emp=0.00497512, beta=0.00079937]

Processing phenotype [ENSG00000204577.7] [20/197]
  * #variants in cis = 7
  * Best hit: [id=19_internal_6739, d=-124843, pv=0.287242, s=-0.0802]
  * Beta parameters: [s1=1.02402, s2=7.03476]
  * Adjusted p-values: [emp=0.870647, beta=0.888207]

Processing phenotype [ENSG00000244482.4] [21/197]
  * #variants in cis = 7
  * Best hit: [id=19_internal_8498, d=876205, pv=0.224715, s=0.0919]
  * Beta parameters: [s1=0.935764, s2=7.57422]
  * Adjusted p-values: [emp=0.850746, beta=0.845062]

Processing phenotype [ENSG00000268164.1] [22/197]
  * #variants in cis = 7
  * Best hit: [id=19_internal_6739, d=-117538, pv=0.0813947, s=0.1389]
  * Beta parameters: [s1=0.850801, s2=6.65648]
  * Adjusted p-values: [emp=0.38806, beta=0.425395]

Processing phenotype [ENSG00000105609.11] [23/197]
  * #variants in cis = 7
  * Best hit: [id=19_internal_9064, d=13925, pv=0.0143892, s=-0.1891]
  * Beta parameters: [s1=1.0545, s2=7.38313]
  * Adjusted p-values: [emp=0.0945274, beta=0.0876128]

Processing phenotype [ENSG00000131042.9] [24/197]
  * #variants in cis = 7
  * Best hit: [id=19_internal_9064, d=37797, pv=0.00371876, s=-0.2242]
  * Beta parameters: [s1=1.04745, s2=7.24608]
  * Adjusted p-values: [emp=0.0348259, beta=0.0293484]

Processing phenotype [ENSG00000251431.1] [25/197]
  * #variants in cis = 7
  * Best hit: [id=19_internal_8678, d=0, pv=4.36139e-05, s=0.3024]
  * Beta parameters: [s1=0.911129, s2=7.70789]
  * Adjusted p-values: [emp=0.00497512, beta=0.000551302]

Processing phenotype [ENSG00000170866.7] [26/197]
  * #variants in cis = 7
  * Best hit: [id=19_internal_8678, d=0, pv=8.79058e-22, s=0.6378]
  * Beta parameters: [s1=1.03925, s2=7.04487]
  * Adjusted p-values: [emp=0.00497512, beta=2.49909e-19]

Processing phenotype [ENSG00000234436.1] [27/197]
  * #variants in cis = 7
  * Best hit: [id=19_internal_8678, d=0, pv=9.9593e-10, s=0.4538]
  * Beta parameters: [s1=1.03908, s2=7.83745]
  * Adjusted p-values: [emp=0.00497512, beta=5.22634e-09]

Processing phenotype [ENSG00000187116.9] [28/197]
  * #variants in cis = 7
  * Best hit: [id=19_internal_8678, d=0, pv=6.98727e-19, s=0.5894]
  * Beta parameters: [s1=1.06148, s2=6.9738]
  * Adjusted p-values: [emp=0.00497512, beta=9.12331e-20]

Processing phenotype [ENSG00000248166.1] [29/197]
  * #variants in cis = 7
  * Best hit: [id=19_internal_8678, d=16156, pv=3.51488e-09, s=0.4271]
  * Beta parameters: [s1=0.929123, s2=6.7015]
  * Adjusted p-values: [emp=0.00497512, beta=2.87651e-08]

Processing phenotype [ENSG00000167613.10] [30/197]
  * #variants in cis = 6
  * Best hit: [id=19_internal_6739, d=0, pv=0.000291905, s=0.2774]
  * Maximum Likelihood estimation failed, use Moment Matching instead!
  * Beta parameters: [s1=0.999959, s2=5.175]
  * Adjusted p-values: [emp=0.00995025, beta=0.00198581]

Processing phenotype [ENSG00000167614.8] [31/197]
  * #variants in cis = 6
  * Best hit: [id=19_internal_9064, d=-179131, pv=0.0428608, s=-0.1563]
  * Maximum Likelihood estimation failed, use Moment Matching instead!
  * Beta parameters: [s1=1.00002, s2=5.38229]
  * Adjusted p-values: [emp=0.278607, beta=0.256503]

Processing phenotype [ENSG00000268496.1] [32/197]
  * #variants in cis = 6
  * Best hit: [id=19_internal_9064, d=-198121, pv=0.202674, s=-0.1023]
  * Beta parameters: [s1=0.884086, s2=5.66022]
  * Adjusted p-values: [emp=0.731343, beta=0.737715]

Processing phenotype [ENSG00000269873.1] [33/197]
  * #variants in cis = 6
  * Best hit: [id=19_internal_9064, d=202286, pv=0.0851991, s=-0.1354]
  * Beta parameters: [s1=0.863358, s2=6.90408]
  * Adjusted p-values: [emp=0.38806, beta=0.426133]

Processing phenotype [ENSG00000267838.1] [34/197]
  * #variants in cis = 6
  * Best hit: [id=19_internal_9119, d=-519333, pv=0.103819, s=0.1271]
  * Beta parameters: [s1=1.12688, s2=7.09669]
  * Adjusted p-values: [emp=0.562189, beta=0.536907]

Processing phenotype [ENSG00000235681.1] [35/197]
  * #variants in cis = 6
  * Best hit: [id=19_internal_6782, d=311158, pv=0.437452, s=0.0628]
  * Beta parameters: [s1=1.01963, s2=5.95175]
  * Adjusted p-values: [emp=0.960199, beta=0.965222]

Processing phenotype [ENSG00000167615.12] [36/197]
  * #variants in cis = 6
  * Best hit: [id=19_internal_9064, d=-212823, pv=0.064261, s=-0.1451]
  * Beta parameters: [s1=1.11717, s2=6.80223]
  * Adjusted p-values: [emp=0.293532, beta=0.314857]

Processing phenotype [ENSG00000226696.1] [37/197]
  * #variants in cis = 6
  * Best hit: [id=19_internal_6739, d=58120, pv=0.0215439, s=-0.1775]
  * Beta parameters: [s1=1.06727, s2=6.27206]
  * Adjusted p-values: [emp=0.0945274, beta=0.101677]

Processing phenotype [ENSG00000182909.5] [38/197]
  * #variants in cis = 6
  * Best hit: [id=19_internal_6782, d=-294272, pv=0.0501257, s=-0.1500]
  * Beta parameters: [s1=1.0084, s2=5.68562]
  * Adjusted p-values: [emp=0.218905, beta=0.218364]

Processing phenotype [ENSG00000104970.6] [39/197]
  * #variants in cis = 6
  * Best hit: [id=19_internal_6739, d=-141806, pv=0.0169975, s=0.1798]
  * Beta parameters: [s1=1, s2=6.057]
  * Adjusted p-values: [emp=0.124378, beta=0.115763]

Processing phenotype [ENSG00000239998.1] [40/197]
  * #variants in cis = 5
  * Best hit: [id=19_internal_9064, d=-337145, pv=0.108069, s=-0.1238]
  * Maximum Likelihood estimation failed, use Moment Matching instead!
  * Beta parameters: [s1=1.00006, s2=5.19159]
  * Adjusted p-values: [emp=0.482587, beta=0.48501]

Processing phenotype [ENSG00000104972.10] [41/197]
  * #variants in cis = 5
  * Best hit: [id=19_internal_9064, d=-338104, pv=0.00238551, s=-0.2362]
  * Maximum Likelihood estimation failed, use Moment Matching instead!
  * Beta parameters: [s1=1, s2=4.52712]
  * Adjusted p-values: [emp=0.00497512, beta=0.0129266]

Processing phenotype [ENSG00000269271.1] [42/197]
  * #variants in cis = 5
  * Best hit: [id=19_internal_6739, d=-198803, pv=0.19497, s=0.1035]
  * Maximum Likelihood estimation failed, use Moment Matching instead!
  * Beta parameters: [s1=0.999932, s2=5.11686]
  * Adjusted p-values: [emp=0.751244, beta=0.717881]

Processing phenotype [ENSG00000104974.6] [43/197]
  * #variants in cis = 5
  * Best hit: [id=19_internal_6782, d=164119, pv=0.239121, s=0.0947]
  * Maximum Likelihood estimation failed, use Moment Matching instead!
  * Beta parameters: [s1=1.00003, s2=4.6889]
  * Adjusted p-values: [emp=0.741294, beta=0.747438]

Processing phenotype [ENSG00000186152.6] [44/197]
  * #variants in cis = 5
  * Best hit: [id=19_internal_9064, d=-461141, pv=4.0215e-05, s=0.3216]
  * Maximum Likelihood estimation failed, use Moment Matching instead!
  * Beta parameters: [s1=0.999997, s2=5.0245]
  * Adjusted p-values: [emp=0.00497512, beta=0.000103147]

Processing phenotype [ENSG00000186431.12] [45/197]
  * #variants in cis = 5
  * Best hit: [id=19_internal_6782, d=-108497, pv=0.00293756, s=0.2379]
  * Maximum Likelihood estimation failed, use Moment Matching instead!
  * Beta parameters: [s1=1.00004, s2=4.59017]
  * Adjusted p-values: [emp=0.0248756, beta=0.016979]

Processing phenotype [ENSG00000268734.1] [46/197]
  * #variants in cis = 5
  * Best hit: [id=19_internal_9064, d=-654797, pv=0.0257585, s=-0.1792]
  * Maximum Likelihood estimation failed, use Moment Matching instead!
  * Beta parameters: [s1=1.00002, s2=4.90778]
  * Adjusted p-values: [emp=0.114428, beta=0.115138]

Processing phenotype [ENSG00000189430.8] [47/197]
  * #variants in cis = 5
  * Best hit: [id=19_internal_6782, d=-140456, pv=4.25319e-05, s=0.3234]
  * Maximum Likelihood estimation failed, use Moment Matching instead!
  * Beta parameters: [s1=1.00005, s2=4.64761]
  * Adjusted p-values: [emp=0.00497512, beta=0.000249569]

Processing phenotype [ENSG00000022556.11] [48/197]
  * #variants in cis = 5
  * Best hit: [id=19_internal_9119, d=5197, pv=0.0112119, s=0.1951]
  * Maximum Likelihood estimation failed, use Moment Matching instead!
  * Beta parameters: [s1=1.00002, s2=5.39584]
  * Adjusted p-values: [emp=0.0497512, beta=0.0401815]

Processing phenotype [ENSG00000167634.8] [49/197]
  * #variants in cis = 5
  * Best hit: [id=19_internal_6782, d=200628, pv=0.00863711, s=0.2014]
  * Maximum Likelihood estimation failed, use Moment Matching instead!
  * Beta parameters: [s1=0.999977, s2=5.10249]
  * Adjusted p-values: [emp=0.0447761, beta=0.0353746]

Processing phenotype [ENSG00000267265.1] [50/197]
  * #variants in cis = 5
  * Best hit: [id=19_internal_9119, d=0, pv=2.42039e-07, s=0.3866]
  * Maximum Likelihood estimation failed, use Moment Matching instead!
  * Beta parameters: [s1=1.00005, s2=4.716]
  * Adjusted p-values: [emp=0.00497512, beta=5.36808e-07]

Processing phenotype [ENSG00000088053.7] [51/197]
  * #variants in cis = 5
  * Best hit: [id=19_internal_9119, d=0, pv=4.70976e-06, s=0.3506]
  * Maximum Likelihood estimation failed, use Moment Matching instead!
  * Beta parameters: [s1=1.00005, s2=4.20077]
  * Adjusted p-values: [emp=0.00497512, beta=3.84087e-05]

Processing phenotype [ENSG00000267149.1] [52/197]
  * #variants in cis = 5
  * Best hit: [id=19_internal_9119, d=10821, pv=1.00723e-06, s=0.3689]
  * Beta parameters: [s1=0.972276, s2=5.41604]
  * Adjusted p-values: [emp=0.00497512, beta=1.30612e-05]

Processing phenotype [ENSG00000160439.10] [53/197]
  * #variants in cis = 5
  * Best hit: [id=19_internal_9119, d=28184, pv=1.28112e-08, s=0.4241]
  * Maximum Likelihood estimation failed, use Moment Matching instead!
  * Beta parameters: [s1=1.00002, s2=5.33205]
  * Adjusted p-values: [emp=0.00497512, beta=2.05128e-08]

Processing phenotype [ENSG00000131037.10] [54/197]
  * #variants in cis = 5
  * Best hit: [id=19_internal_9064, d=-836146, pv=0.0445266, s=0.1540]
  * Maximum Likelihood estimation failed, use Moment Matching instead!
  * Beta parameters: [s1=1.00001, s2=4.54074]
  * Adjusted p-values: [emp=0.238806, beta=0.239657]

Processing phenotype [ENSG00000125503.7] [55/197]
  * #variants in cis = 5
  * Best hit: [id=19_internal_9064, d=881685, pv=0.328403, s=0.0781]
  * Maximum Likelihood estimation failed, use Moment Matching instead!
  * Beta parameters: [s1=0.999976, s2=4.67876]
  * Adjusted p-values: [emp=0.845771, beta=0.850047]

Processing phenotype [ENSG00000267649.1] [56/197]
  * #variants in cis = 6
  * Best hit: [id=19_internal_6739, d=-825925, pv=0.255387, s=-0.0902]
  * Beta parameters: [s1=0.830501, s2=6.24058]
  * Adjusted p-values: [emp=0.80597, beta=0.82976]

Processing phenotype [ENSG00000269808.1] [57/197]
  * #variants in cis = 6
  * Best hit: [id=19_internal_8678, d=-906304, pv=0.00409315, s=-0.2189]
  * Beta parameters: [s1=1.13749, s2=7.266]
  * Adjusted p-values: [emp=0.00995025, beta=0.0154252]

Processing phenotype [ENSG00000180089.4] [58/197]
  * #variants in cis = 6
  * Best hit: [id=19_internal_8678, d=909364, pv=0.0096463, s=-0.1999]
  * Beta parameters: [s1=0.886198, s2=5.67998]
  * Adjusted p-values: [emp=0.0746269, beta=0.0540365]

Processing phenotype [ENSG00000266462.1] [59/197]
  * #variants in cis = 6
  * Best hit: [id=19_internal_9064, d=-998253, pv=0.0864166, s=0.1332]
  * Beta parameters: [s1=0.93535, s2=6.63697]
  * Adjusted p-values: [emp=0.442786, beta=0.444818]

Processing phenotype [ENSG00000105063.14] [60/197]
  * #variants in cis = 5
  * Best hit: [id=19_internal_8678, d=938080, pv=0.020828, s=-0.1701]
  * Maximum Likelihood estimation failed, use Moment Matching instead!
  * Beta parameters: [s1=1.00002, s2=4.13073]
  * Adjusted p-values: [emp=0.114428, beta=0.11748]

Processing phenotype [ENSG00000180061.5] [61/197]
  * #variants in cis = 4
  * Best hit: [id=19_internal_6739, d=943313, pv=0.121928, s=0.1205]
  * Maximum Likelihood estimation failed, use Moment Matching instead!
  * Beta parameters: [s1=0.999991, s2=4.3207]
  * Adjusted p-values: [emp=0.353234, beta=0.341397]

Processing phenotype [ENSG00000133247.9] [62/197]
  * #variants in cis = 4
  * Best hit: [id=19_internal_6739, d=-949118, pv=0.166347, s=0.1105]
  * Maximum Likelihood estimation failed, use Moment Matching instead!
  * Beta parameters: [s1=1.00003, s2=4.67379]
  * Adjusted p-values: [emp=0.472637, beta=0.489183]

Processing phenotype [ENSG00000267531.1] [63/197]
  * #variants in cis = 4
  * Best hit: [id=19_internal_6782, d=-574202, pv=0.161561, s=0.1100]
  * Maximum Likelihood estimation failed, use Moment Matching instead!
  * Beta parameters: [s1=0.999956, s2=3.98982]
  * Adjusted p-values: [emp=0.542289, beta=0.513764]

Processing phenotype [ENSG00000160471.6] [64/197]
  * #variants in cis = 4
  * Best hit: [id=19_internal_6524, d=-766562, pv=0.461991, s=-0.0567]
  * Maximum Likelihood estimation failed, use Moment Matching instead!
  * Beta parameters: [s1=0.999968, s2=3.65503]
  * Adjusted p-values: [emp=0.910448, beta=0.914415]

Processing phenotype [ENSG00000108107.7] [65/197]
  * #variants in cis = 5
  * Best hit: [id=19_internal_6524, d=736031, pv=0.0162035, s=0.1862]
  * Maximum Likelihood estimation failed, use Moment Matching instead!
  * Beta parameters: [s1=0.999971, s2=4.53944]
  * Adjusted p-values: [emp=0.0945274, beta=0.0775145]

Processing phenotype [ENSG00000267093.1] [66/197]
  * #variants in cis = 5
  * Best hit: [id=19_internal_6782, d=634735, pv=0.153331, s=0.1116]
  * Maximum Likelihood estimation failed, use Moment Matching instead!
  * Beta parameters: [s1=1.00004, s2=5.24441]
  * Adjusted p-values: [emp=0.572139, beta=0.57121]

Processing phenotype [ENSG00000108106.9] [67/197]
  * #variants in cis = 5
  * Best hit: [id=19_internal_6782, d=642093, pv=0.139782, s=-0.1165]
  * Maximum Likelihood estimation failed, use Moment Matching instead!
  * Beta parameters: [s1=0.999967, s2=5.12547]
  * Adjusted p-values: [emp=0.572139, beta=0.540213]

Processing phenotype [ENSG00000197483.8] [68/197]
  * #variants in cis = 5
  * Best hit: [id=19_internal_9119, d=-433224, pv=0.286089, s=-0.0858]
  * Maximum Likelihood estimation failed, use Moment Matching instead!
  * Beta parameters: [s1=1, s2=5.3203]
  * Adjusted p-values: [emp=0.825871, beta=0.825967]

Processing phenotype [ENSG00000090971.4] [69/197]
  * #variants in cis = 5
  * Best hit: [id=19_internal_6524, d=636373, pv=0.0572407, s=-0.1466]
  * Maximum Likelihood estimation failed, use Moment Matching instead!
  * Beta parameters: [s1=0.999955, s2=4.59196]
  * Adjusted p-values: [emp=0.263682, beta=0.249773]

Processing phenotype [ENSG00000218891.2] [70/197]
  * #variants in cis = 7
  * Best hit: [id=19_internal_9715, d=-787023, pv=0.00835871, s=0.1934]
  * Beta parameters: [s1=0.929129, s2=7.09179]
  * Adjusted p-values: [emp=0.0597015, beta=0.0424953]

Processing phenotype [ENSG00000171443.6] [71/197]
  * #variants in cis = 7
  * Best hit: [id=19_internal_9715, d=767846, pv=0.00169558, s=-0.2409]
  * Beta parameters: [s1=0.959418, s2=5.90609]
  * Adjusted p-values: [emp=0.0248756, beta=0.0158732]

Processing phenotype [ENSG00000179943.6] [72/197]
  * #variants in cis = 7
  * Best hit: [id=19_internal_6524, d=-519408, pv=0.236119, s=0.0905]
  * Beta parameters: [s1=0.991722, s2=8.60109]
  * Adjusted p-values: [emp=0.850746, beta=0.846472]

Processing phenotype [ENSG00000261221.1] [73/197]
  * #variants in cis = 7
  * Best hit: [id=19_internal_9119, d=-562296, pv=0.210123, s=0.0955]
  * Beta parameters: [s1=1.02155, s2=6.44661]
  * Adjusted p-values: [emp=0.761194, beta=0.780307]

Processing phenotype [ENSG00000179922.5] [74/197]
  * #variants in cis = 7
  * Best hit: [id=19_internal_5872, d=-768316, pv=0.219536, s=-0.0974]
  * Maximum Likelihood estimation failed, use Moment Matching instead!
  * Beta parameters: [s1=0.999941, s2=5.22039]
  * Adjusted p-values: [emp=0.800995, beta=0.803806]

Processing phenotype [ENSG00000213015.4] [75/197]
  * #variants in cis = 7
  * Best hit: [id=19_internal_9715, d=732852, pv=0.0838103, s=0.1358]
  * Beta parameters: [s1=1.09008, s2=6.07282]
  * Adjusted p-values: [emp=0.41791, beta=0.394744]

Processing phenotype [ENSG00000171425.5] [76/197]
  * #variants in cis = 7
  * Best hit: [id=19_internal_9119, d=-592350, pv=0.0160358, s=-0.1899]
  * Beta parameters: [s1=1.0844, s2=7.17849]
  * Adjusted p-values: [emp=0.109453, beta=0.101522]

Processing phenotype [ENSG00000173581.3] [77/197]
  * #variants in cis = 7
  * Best hit: [id=19_internal_6524, d=480316, pv=0.200571, s=0.1029]
  * Maximum Likelihood estimation failed, use Moment Matching instead!
  * Beta parameters: [s1=1.00001, s2=5.33337]
  * Adjusted p-values: [emp=0.741294, beta=0.751288]

Processing phenotype [ENSG00000063244.8] [78/197]
  * #variants in cis = 7
  * Best hit: [id=19_internal_5872, d=738771, pv=0.0469082, s=0.1553]
  * Maximum Likelihood estimation failed, use Moment Matching instead!
  * Beta parameters: [s1=1.00004, s2=4.94146]
  * Adjusted p-values: [emp=0.353234, beta=0.327]

Processing phenotype [ENSG00000267096.1] [79/197]
  * #variants in cis = 7
  * Best hit: [id=19_internal_6102, d=895829, pv=0.0276153, s=0.1755]
  * Beta parameters: [s1=1.02109, s2=6.66665]
  * Adjusted p-values: [emp=0.20398, beta=0.198644]

Processing phenotype [ENSG00000267523.1] [80/197]
  * #variants in cis = 7
  * Best hit: [id=19_internal_5872, d=-718202, pv=0.100923, s=0.1311]
  * Beta parameters: [s1=1.05474, s2=7.16374]
  * Adjusted p-values: [emp=0.477612, beta=0.473769]

Processing phenotype [ENSG00000063245.10] [81/197]
  * #variants in cis = 7
  * Best hit: [id=19_internal_9119, d=-632117, pv=0.35017, s=0.0711]
  * Beta parameters: [s1=0.895549, s2=6.69815]
  * Adjusted p-values: [emp=0.925373, beta=0.934133]

Processing phenotype [ENSG00000211571.1] [82/197]
  * #variants in cis = 7
  * Best hit: [id=19_internal_6206, d=852896, pv=0.146821, s=0.1150]
  * Beta parameters: [s1=0.891542, s2=6.41692]
  * Adjusted p-values: [emp=0.626866, beta=0.661026]

Processing phenotype [ENSG00000267117.1] [83/197]
  * #variants in cis = 7
  * Best hit: [id=19_internal_6524, d=-426820, pv=0.0347956, s=-0.1603]
  * Beta parameters: [s1=0.901655, s2=8.2462]
  * Adjusted p-values: [emp=0.228856, beta=0.219981]

Processing phenotype [ENSG00000267183.1] [84/197]
  * #variants in cis = 7
  * Best hit: [id=19_internal_5872, d=697032, pv=0.287188, s=0.0855]
  * Maximum Likelihood estimation failed, use Moment Matching instead!
  * Beta parameters: [s1=0.999964, s2=5.94248]
  * Adjusted p-values: [emp=0.870647, beta=0.866885]

Processing phenotype [ENSG00000267018.1] [85/197]
  * #variants in cis = 7
  * Best hit: [id=19_internal_6782, d=-930629, pv=0.172919, s=0.1039]
  * Beta parameters: [s1=0.934515, s2=6.46618]
  * Adjusted p-values: [emp=0.676617, beta=0.717676]

Processing phenotype [ENSG00000203305.1] [86/197]
  * #variants in cis = 7
  * Best hit: [id=19_internal_6782, d=-931036, pv=0.224522, s=0.0946]
  * Beta parameters: [s1=0.985248, s2=6.14909]
  * Adjusted p-values: [emp=0.810945, beta=0.82143]

Processing phenotype [ENSG00000267689.1] [87/197]
  * #variants in cis = 7
  * Best hit: [id=19_internal_5872, d=-686745, pv=0.0961586, s=0.1272]
  * Beta parameters: [s1=0.941424, s2=7.95538]
  * Adjusted p-values: [emp=0.447761, beta=0.485693]

Processing phenotype [ENSG00000268593.1] [88/197]
  * #variants in cis = 7
  * Best hit: [id=19_internal_6524, d=414037, pv=0.11012, s=-0.1264]
  * Beta parameters: [s1=0.97191, s2=6.32056]
  * Adjusted p-values: [emp=0.502488, beta=0.507222]

Processing phenotype [ENSG00000267865.1] [89/197]
  * #variants in cis = 7
  * Best hit: [id=19_internal_6206, d=828858, pv=0.0132644, s=-0.1893]
  * Beta parameters: [s1=0.904471, s2=5.9088]
  * Adjusted p-values: [emp=0.124378, beta=0.119354]

Processing phenotype [ENSG00000269574.1] [90/197]
  * #variants in cis = 7
  * Best hit: [id=19_internal_6206, d=828505, pv=0.297917, s=-0.0821]
  * Maximum Likelihood estimation failed, use Moment Matching instead!
  * Beta parameters: [s1=0.99998, s2=7.06298]
  * Adjusted p-values: [emp=0.905473, beta=0.914851]

Processing phenotype [ENSG00000185792.5] [91/197]
  * #variants in cis = 7
  * Best hit: [id=19_internal_6206, d=-799266, pv=0.0679273, s=-0.1371]
  * Beta parameters: [s1=1.02204, s2=7.53327]
  * Adjusted p-values: [emp=0.39801, beta=0.369706]

Processing phenotype [ENSG00000267522.1] [92/197]
  * #variants in cis = 6
  * Best hit: [id=19_internal_6206, d=470984, pv=0.0398788, s=0.1640]
  * Beta parameters: [s1=1.00114, s2=5.702]
  * Adjusted p-values: [emp=0.218905, beta=0.209367]

Processing phenotype [ENSG00000223060.1] [93/197]
  * #variants in cis = 6
  * Best hit: [id=19_internal_5872, d=287498, pv=0.213385, s=0.0977]
  * Maximum Likelihood estimation failed, use Moment Matching instead!
  * Beta parameters: [s1=1.00004, s2=4.8237]
  * Adjusted p-values: [emp=0.731343, beta=0.731387]

Processing phenotype [ENSG00000142409.4] [94/197]
  * #variants in cis = 6
  * Best hit: [id=19_internal_6524, d=-95, pv=0.388658, s=0.0690]
  * Beta parameters: [s1=0.986486, s2=6.06082]
  * Adjusted p-values: [emp=0.940299, beta=0.947046]

Processing phenotype [ENSG00000167685.10] [95/197]
  * #variants in cis = 6
  * Best hit: [id=19_internal_5872, d=260315, pv=0.398129, s=-0.0661]
  * Beta parameters: [s1=1.01017, s2=6.29521]
  * Adjusted p-values: [emp=0.955224, beta=0.949438]

Processing phenotype [ENSG00000267710.1] [96/197]
  * #variants in cis = 7
  * Best hit: [id=19_internal_6102, d=293689, pv=0.548851, s=0.0474]
  * Beta parameters: [s1=1.03826, s2=6.21395]
  * Adjusted p-values: [emp=0.995025, beta=0.994189]

Processing phenotype [ENSG00000267298.1] [97/197]
  * #variants in cis = 8
  * Best hit: [id=19_internal_7761, d=-878222, pv=0.0159715, s=0.1888]
  * Beta parameters: [s1=1.01657, s2=7.10196]
  * Adjusted p-values: [emp=0.134328, beta=0.125531]

Processing phenotype [ENSG00000267549.1] [98/197]
  * #variants in cis = 8
  * Best hit: [id=19_internal_6199, d=523187, pv=0.501893, s=-0.0532]
  * Maximum Likelihood estimation failed, use Moment Matching instead!
  * Beta parameters: [s1=0.999988, s2=5.09009]
  * Adjusted p-values: [emp=0.99005, beta=0.978675]

Processing phenotype [ENSG00000240225.5] [99/197]
  * #variants in cis = 9
  * Best hit: [id=19_internal_9715, d=0, pv=6.28479e-06, s=0.3459]
  * Beta parameters: [s1=1.00538, s2=7.50648]
  * Adjusted p-values: [emp=0.00497512, beta=4.0096e-05]

Processing phenotype [ENSG00000131848.5] [100/197]
  * #variants in cis = 9
  * Best hit: [id=19_internal_5872, d=-24531, pv=0.364676, s=-0.0712]
  * Beta parameters: [s1=0.942568, s2=7.02874]
  * Adjusted p-values: [emp=0.955224, beta=0.956119]

Processing phenotype [ENSG00000018869.12] [101/197]
  * #variants in cis = 9
  * Best hit: [id=19_internal_9715, d=0, pv=1.67671e-09, s=0.4446]
  * Beta parameters: [s1=1.04465, s2=8.38818]
  * Adjusted p-values: [emp=0.00497512, beta=8.76334e-09]

Processing phenotype [ENSG00000267454.1] [102/197]
  * #variants in cis = 9
  * Best hit: [id=19_internal_5872, d=0, pv=0.000286169, s=0.2790]
  * Beta parameters: [s1=0.982662, s2=6.20834]
  * Adjusted p-values: [emp=0.00497512, beta=0.00309191]

Processing phenotype [ENSG00000198440.5] [103/197]
  * #variants in cis = 9
  * Best hit: [id=19_internal_9715, d=0, pv=0.000336213, s=0.2778]
  * Beta parameters: [s1=0.94986, s2=6.75737]
  * Adjusted p-values: [emp=0.00995025, beta=0.00238248]

Processing phenotype [ENSG00000196867.3] [104/197]
  * #variants in cis = 10
  * Best hit: [id=19_internal_9715, d=0, pv=1.49325e-10, s=0.4638]
  * Beta parameters: [s1=0.840453, s2=8.48469]
  * Adjusted p-values: [emp=0.00497512, beta=1.27817e-09]

Processing phenotype [ENSG00000269696.1] [105/197]
  * #variants in cis = 10
  * Best hit: [id=19_internal_9715, d=0, pv=5.46794e-08, s=0.4033]
  * Beta parameters: [s1=0.878812, s2=8.94851]
  * Adjusted p-values: [emp=0.00497512, beta=3.09849e-07]

Processing phenotype [ENSG00000197016.7] [106/197]
  * #variants in cis = 10
  * Best hit: [id=19_internal_9715, d=0, pv=0.0015311, s=0.2491]
  * Beta parameters: [s1=0.922476, s2=6.37806]
  * Adjusted p-values: [emp=0.0298507, beta=0.0250176]

Processing phenotype [ENSG00000197951.4] [107/197]
  * #variants in cis = 10
  * Best hit: [id=19_internal_7761, d=595445, pv=2.73825e-05, s=0.3231]
  * Beta parameters: [s1=1.05315, s2=7.44787]
  * Adjusted p-values: [emp=0.00497512, beta=0.000343508]

Processing phenotype [ENSG00000268568.1] [108/197]
  * #variants in cis = 10
  * Best hit: [id=19_internal_9715, d=0, pv=0.022206, s=0.1773]
  * Beta parameters: [s1=0.993849, s2=7.62851]
  * Adjusted p-values: [emp=0.189055, beta=0.182555]

Processing phenotype [ENSG00000083844.6] [109/197]
  * #variants in cis = 11
  * Best hit: [id=19_internal_9715, d=0, pv=3.77077e-15, s=0.5717]
  * Beta parameters: [s1=0.956752, s2=7.97996]
  * Adjusted p-values: [emp=0.00497512, beta=9.34108e-15]

Processing phenotype [ENSG00000105146.8] [110/197]
  * #variants in cis = 11
  * Best hit: [id=19_internal_7761, d=0, pv=8.0284e-09, s=0.4356]
  * Beta parameters: [s1=0.94461, s2=9.87677]
  * Adjusted p-values: [emp=0.00497512, beta=1.25072e-08]

Processing phenotype [ENSG00000204524.5] [111/197]
  * #variants in cis = 11
  * Best hit: [id=19_internal_6500, d=78988, pv=2.33817e-07, s=0.3987]
  * Beta parameters: [s1=0.874822, s2=7.52608]
  * Adjusted p-values: [emp=0.00497512, beta=8.01005e-06]

Processing phenotype [ENSG00000268713.1] [112/197]
  * #variants in cis = 11
  * Best hit: [id=19_internal_7761, d=0, pv=2.76106e-06, s=0.3665]
  * Beta parameters: [s1=0.937198, s2=8.85386]
  * Adjusted p-values: [emp=0.00497512, beta=2.86756e-05]

Processing phenotype [ENSG00000197714.4] [113/197]
  * #variants in cis = 11
  * Best hit: [id=19_internal_6500, d=39542, pv=1.71521e-11, s=0.5090]
  * Beta parameters: [s1=0.906669, s2=9.64575]
  * Adjusted p-values: [emp=0.00497512, beta=3.19975e-11]

Processing phenotype [ENSG00000267871.1] [114/197]
  * #variants in cis = 11
  * Best hit: [id=19_internal_6500, d=-39259, pv=1.82739e-06, s=0.3676]
  * Beta parameters: [s1=0.965301, s2=10.7316]
  * Adjusted p-values: [emp=0.00497512, beta=4.31163e-06]

Processing phenotype [ENSG00000268205.1] [115/197]
  * #variants in cis = 11
  * Best hit: [id=19_internal_9715, d=0, pv=1.03281e-08, s=0.4380]
  * Beta parameters: [s1=1.04946, s2=8.52502]
  * Adjusted p-values: [emp=0.00497512, beta=5.72598e-08]

Processing phenotype [ENSG00000178229.7] [116/197]
  * #variants in cis = 11
  * Best hit: [id=19_internal_9715, d=0, pv=5.77829e-19, s=0.6161]
  * Beta parameters: [s1=0.852814, s2=7.64511]
  * Adjusted p-values: [emp=0.00497512, beta=3.62175e-16]

Processing phenotype [ENSG00000131845.10] [117/197]
  * #variants in cis = 11
  * Best hit: [id=19_internal_9715, d=0, pv=8.02679e-22, s=0.6569]
  * Beta parameters: [s1=1.01346, s2=8.13172]
  * Adjusted p-values: [emp=0.00497512, beta=2.78271e-20]

Processing phenotype [ENSG00000268678.1] [118/197]
  * #variants in cis = 11
  * Best hit: [id=19_internal_9715, d=0, pv=1.92869e-12, s=0.5168]
  * Beta parameters: [s1=0.852771, s2=8.27307]
  * Adjusted p-values: [emp=0.00497512, beta=2.15431e-10]

Processing phenotype [ENSG00000152433.10] [119/197]
  * #variants in cis = 12
  * Best hit: [id=19_internal_9715, d=0, pv=7.41531e-17, s=0.5957]
  * Beta parameters: [s1=0.976269, s2=9.92736]
  * Adjusted p-values: [emp=0.00497512, beta=1.40635e-16]

Processing phenotype [ENSG00000256060.2] [120/197]
  * #variants in cis = 12
  * Best hit: [id=19_internal_5814, d=0, pv=5.78194e-17, s=0.6017]
  * Beta parameters: [s1=1.04567, s2=8.18313]
  * Adjusted p-values: [emp=0.00497512, beta=6.62032e-16]

Processing phenotype [ENSG00000268133.1] [121/197]
  * #variants in cis = 12
  * Best hit: [id=19_internal_9715, d=0, pv=2.82827e-15, s=0.5831]
  * Beta parameters: [s1=0.806545, s2=10.8294]
  * Adjusted p-values: [emp=0.00497512, beta=6.27099e-14]

Processing phenotype [ENSG00000188785.7] [122/197]
  * #variants in cis = 12
  * Best hit: [id=19_internal_9715, d=0, pv=1.96635e-23, s=0.6845]
  * Beta parameters: [s1=0.997772, s2=8.69078]
  * Adjusted p-values: [emp=0.00497512, beta=1.21331e-20]

Processing phenotype [ENSG00000269533.1] [123/197]
  * #variants in cis = 12
  * Best hit: [id=19_internal_9715, d=0, pv=2.22397e-13, s=0.5308]
  * Beta parameters: [s1=1.0083, s2=8.47279]
  * Adjusted p-values: [emp=0.00497512, beta=7.17253e-12]

Processing phenotype [ENSG00000186272.8] [124/197]
  * #variants in cis = 13
  * Best hit: [id=19_internal_9715, d=0, pv=3.94531e-18, s=0.6191]
  * Beta parameters: [s1=0.947861, s2=12.7243]
  * Adjusted p-values: [emp=0.00497512, beta=5.15527e-18]

Processing phenotype [ENSG00000186230.6] [125/197]
  * #variants in cis = 13
  * Best hit: [id=19_internal_9715, d=0, pv=8.71797e-06, s=0.3491]
  * Beta parameters: [s1=0.942204, s2=10.9809]
  * Adjusted p-values: [emp=0.00497512, beta=0.000125933]

Processing phenotype [ENSG00000178201.3] [126/197]
  * #variants in cis = 13
  * Best hit: [id=19_internal_5814, d=0, pv=1.47653e-08, s=0.4364]
  * Beta parameters: [s1=1.16651, s2=9.52264]
  * Adjusted p-values: [emp=0.00497512, beta=6.38475e-08]

Processing phenotype [ENSG00000268163.1] [127/197]
  * #variants in cis = 13
  * Best hit: [id=19_internal_5814, d=0, pv=1.29136e-09, s=0.4631]
  * Beta parameters: [s1=0.939485, s2=10.1358]
  * Adjusted p-values: [emp=0.00497512, beta=1.32224e-08]

Processing phenotype [ENSG00000197128.7] [128/197]
  * #variants in cis = 13
  * Best hit: [id=19_internal_9715, d=0, pv=1.7745e-16, s=0.5841]
  * Beta parameters: [s1=0.842992, s2=9.03295]
  * Adjusted p-values: [emp=0.00497512, beta=1.15222e-13]

Processing phenotype [ENSG00000105136.14] [129/197]
  * #variants in cis = 13
  * Best hit: [id=19_internal_9715, d=0, pv=4.69813e-19, s=0.6331]
  * Beta parameters: [s1=0.903849, s2=11.5623]
  * Adjusted p-values: [emp=0.00497512, beta=3.4627e-19]

Processing phenotype [ENSG00000268107.1] [130/197]
  * #variants in cis = 13
  * Best hit: [id=19_internal_9715, d=0, pv=4.86637e-08, s=0.4066]
  * Beta parameters: [s1=0.905456, s2=7.47359]
  * Adjusted p-values: [emp=0.00497512, beta=3.84752e-06]

Processing phenotype [ENSG00000152439.8] [131/197]
  * #variants in cis = 13
  * Best hit: [id=19_internal_9715, d=0, pv=3.90656e-22, s=0.6812]
  * Beta parameters: [s1=0.831527, s2=11.4727]
  * Adjusted p-values: [emp=0.00497512, beta=9.91059e-21]

Processing phenotype [ENSG00000121406.4] [132/197]
  * #variants in cis = 13
  * Best hit: [id=19_internal_9715, d=0, pv=3.93647e-25, s=0.7178]
  * Beta parameters: [s1=0.926335, s2=8.84453]
  * Adjusted p-values: [emp=0.00497512, beta=2.31368e-23]

Processing phenotype [ENSG00000251369.3] [133/197]
  * #variants in cis = 13
  * Best hit: [id=19_internal_9715, d=0, pv=1.11377e-18, s=0.6383]
  * Beta parameters: [s1=0.882059, s2=10.1234]
  * Adjusted p-values: [emp=0.00497512, beta=1.2617e-15]

Processing phenotype [ENSG00000171649.7] [134/197]
  * #variants in cis = 13
  * Best hit: [id=19_internal_9715, d=0, pv=1.65611e-15, s=0.5669]
  * Beta parameters: [s1=1.02301, s2=11.2235]
  * Adjusted p-values: [emp=0.00497512, beta=4.77453e-15]

Processing phenotype [ENSG00000083817.8] [135/197]
  * #variants in cis = 13
  * Best hit: [id=19_internal_9715, d=0, pv=4.15222e-13, s=0.5106]
  * Beta parameters: [s1=1.00336, s2=8.35115]
  * Adjusted p-values: [emp=0.00497512, beta=5.07126e-11]

Processing phenotype [ENSG00000183647.6] [136/197]
  * #variants in cis = 13
  * Best hit: [id=19_internal_9715, d=0, pv=1.82672e-18, s=0.6065]
  * Beta parameters: [s1=0.90769, s2=10.0398]
  * Adjusted p-values: [emp=0.00497512, beta=3.18795e-17]

Processing phenotype [ENSG00000213762.6] [137/197]
  * #variants in cis = 13
  * Best hit: [id=19_internal_9715, d=0, pv=1.68984e-23, s=0.6955]
  * Beta parameters: [s1=0.976697, s2=8.3464]
  * Adjusted p-values: [emp=0.00497512, beta=4.62463e-21]

Processing phenotype [ENSG00000121417.9] [138/197]
  * #variants in cis = 13
  * Best hit: [id=19_internal_9715, d=0, pv=5.62425e-21, s=0.6427]
  * Beta parameters: [s1=1.08235, s2=9.52898]
  * Adjusted p-values: [emp=0.00497512, beta=1.77047e-19]

Processing phenotype [ENSG00000204519.5] [139/197]
  * #variants in cis = 13
  * Best hit: [id=19_internal_9715, d=0, pv=1.70288e-16, s=0.6010]
  * Beta parameters: [s1=0.975702, s2=11.6599]
  * Adjusted p-values: [emp=0.00497512, beta=1.30646e-16]

Processing phenotype [ENSG00000269026.1] [140/197]
  * #variants in cis = 13
  * Best hit: [id=19_internal_6500, d=0, pv=0.000111155, s=0.2948]
  * Beta parameters: [s1=0.881695, s2=12.3201]
  * Adjusted p-values: [emp=0.00497512, beta=0.000839461]

Processing phenotype [ENSG00000228006.2] [141/197]
  * #variants in cis = 13
  * Best hit: [id=19_internal_9715, d=0, pv=9.28759e-17, s=0.5979]
  * Beta parameters: [s1=0.997877, s2=11.2028]
  * Adjusted p-values: [emp=0.00497512, beta=2.45737e-17]

Processing phenotype [ENSG00000179909.11] [142/197]
  * #variants in cis = 13
  * Best hit: [id=19_internal_9715, d=0, pv=1.9168e-11, s=0.4968]
  * Beta parameters: [s1=1.05581, s2=9.54186]
  * Adjusted p-values: [emp=0.00497512, beta=2.61484e-09]

Processing phenotype [ENSG00000083814.8] [143/197]
  * #variants in cis = 13
  * Best hit: [id=19_internal_9715, d=0, pv=2.26151e-12, s=0.5026]
  * Beta parameters: [s1=0.879849, s2=8.56139]
  * Adjusted p-values: [emp=0.00497512, beta=5.61486e-10]

Processing phenotype [ENSG00000152443.8] [144/197]
  * #variants in cis = 13
  * Best hit: [id=19_internal_5814, d=0, pv=2.19239e-07, s=0.3909]
  * Beta parameters: [s1=0.883507, s2=9.58672]
  * Adjusted p-values: [emp=0.00497512, beta=2.21189e-06]

Processing phenotype [ENSG00000083828.10] [145/197]
  * #variants in cis = 13
  * Best hit: [id=19_internal_6500, d=0, pv=0.00831165, s=0.2005]
  * Beta parameters: [s1=0.95282, s2=8.86506]
  * Adjusted p-values: [emp=0.0945274, beta=0.0885507]

Processing phenotype [ENSG00000178935.5] [146/197]
  * #variants in cis = 13
  * Best hit: [id=19_internal_6596, d=43914, pv=0.000355784, s=0.2685]
  * Beta parameters: [s1=0.907616, s2=12.1526]
  * Adjusted p-values: [emp=0.00497512, beta=0.00428049]

Processing phenotype [ENSG00000268750.1] [147/197]
  * #variants in cis = 13
  * Best hit: [id=19_internal_6596, d=-48720, pv=7.66147e-05, s=0.3046]
  * Beta parameters: [s1=0.933529, s2=10.3221]
  * Adjusted p-values: [emp=0.00497512, beta=0.00146546]

Processing phenotype [ENSG00000269343.1] [148/197]
  * #variants in cis = 13
  * Best hit: [id=19_internal_6596, d=-48732, pv=0.00114135, s=0.2539]
  * Beta parameters: [s1=0.868402, s2=9.83654]
  * Adjusted p-values: [emp=0.0298507, beta=0.0213011]

Processing phenotype [ENSG00000269304.1] [149/197]
  * #variants in cis = 13
  * Best hit: [id=19_internal_7159, d=-60344, pv=0.0178958, s=0.1781]
  * Beta parameters: [s1=1.05672, s2=12.1376]
  * Adjusted p-values: [emp=0.164179, beta=0.151132]

Processing phenotype [ENSG00000198466.7] [150/197]
  * #variants in cis = 13
  * Best hit: [id=19_internal_6596, d=-78861, pv=0.00052697, s=0.2653]
  * Beta parameters: [s1=0.819121, s2=9.31032]
  * Adjusted p-values: [emp=0.00995025, beta=0.00646942]

Processing phenotype [ENSG00000269867.1] [151/197]
  * #variants in cis = 13
  * Best hit: [id=19_internal_5957, d=-133660, pv=0.0113925, s=0.1973]
  * Beta parameters: [s1=1.04312, s2=12.1148]
  * Adjusted p-values: [emp=0.109453, beta=0.0944984]

Processing phenotype [ENSG00000204514.5] [152/197]
  * #variants in cis = 13
  * Best hit: [id=19_internal_6596, d=118075, pv=2.6398e-06, s=0.3562]
  * Beta parameters: [s1=1.06007, s2=9.87284]
  * Adjusted p-values: [emp=0.00497512, beta=3.84384e-05]

Processing phenotype [ENSG00000269476.1] [153/197]
  * #variants in cis = 13
  * Best hit: [id=19_internal_7761, d=0, pv=4.89373e-11, s=0.4839]
  * Beta parameters: [s1=0.91523, s2=9.73015]
  * Adjusted p-values: [emp=0.00497512, beta=8.36007e-10]

Processing phenotype [ENSG00000173480.6] [154/197]
  * #variants in cis = 13
  * Best hit: [id=19_internal_9715, d=0, pv=4.69805e-12, s=0.5070]
  * Beta parameters: [s1=0.91375, s2=11.8915]
  * Adjusted p-values: [emp=0.00497512, beta=4.27182e-11]

Processing phenotype [ENSG00000196724.8] [155/197]
  * #variants in cis = 13
  * Best hit: [id=19_internal_9715, d=0, pv=5.78229e-20, s=0.6397]
  * Beta parameters: [s1=0.875752, s2=8.35453]
  * Adjusted p-values: [emp=0.00497512, beta=1.37169e-17]

Processing phenotype [ENSG00000152454.3] [156/197]
  * #variants in cis = 13
  * Best hit: [id=19_internal_9715, d=0, pv=8.31959e-16, s=0.5861]
  * Beta parameters: [s1=0.915659, s2=11.8762]
  * Adjusted p-values: [emp=0.00497512, beta=1.51932e-14]

Processing phenotype [ENSG00000177025.3] [157/197]
  * #variants in cis = 13
  * Best hit: [id=19_internal_9715, d=0, pv=3.55591e-07, s=0.3844]
  * Beta parameters: [s1=0.893643, s2=11.2677]
  * Adjusted p-values: [emp=0.00497512, beta=2.63796e-06]

Processing phenotype [ENSG00000176593.3] [158/197]
  * #variants in cis = 13
  * Best hit: [id=19_internal_9715, d=0, pv=1.03061e-11, s=0.4937]
  * Beta parameters: [s1=0.888019, s2=9.42792]
  * Adjusted p-values: [emp=0.00497512, beta=1.05136e-09]

Processing phenotype [ENSG00000166704.7] [159/197]
  * #variants in cis = 13
  * Best hit: [id=19_internal_5957, d=0, pv=6.84616e-09, s=0.4281]
  * Beta parameters: [s1=0.810034, s2=12.3995]
  * Adjusted p-values: [emp=0.00497512, beta=3.13409e-07]

Processing phenotype [ENSG00000176293.13] [160/197]
  * #variants in cis = 13
  * Best hit: [id=19_internal_9715, d=0, pv=3.08368e-15, s=0.5663]
  * Beta parameters: [s1=1.00006, s2=9.6538]
  * Adjusted p-values: [emp=0.00497512, beta=1.89204e-13]

Processing phenotype [ENSG00000121413.8] [161/197]
  * #variants in cis = 12
  * Best hit: [id=19_internal_9715, d=0, pv=7.94891e-17, s=0.5849]
  * Beta parameters: [s1=0.892665, s2=8.98715]
  * Adjusted p-values: [emp=0.00497512, beta=1.9541e-14]

Processing phenotype [ENSG00000181894.10] [162/197]
  * #variants in cis = 12
  * Best hit: [id=19_internal_9715, d=0, pv=1.02724e-23, s=0.6899]
  * Beta parameters: [s1=0.947145, s2=8.16995]
  * Adjusted p-values: [emp=0.00497512, beta=6.04542e-21]

Processing phenotype [ENSG00000171606.13] [163/197]
  * #variants in cis = 12
  * Best hit: [id=19_internal_9715, d=0, pv=8.12353e-08, s=0.4053]
  * Beta parameters: [s1=0.957791, s2=10.4469]
  * Adjusted p-values: [emp=0.00497512, beta=2.44313e-07]

Processing phenotype [ENSG00000213013.4] [164/197]
  * #variants in cis = 12
  * Best hit: [id=19_internal_9715, d=0, pv=0.00994707, s=0.2064]
  * Beta parameters: [s1=0.885671, s2=9.04126]
  * Adjusted p-values: [emp=0.0945274, beta=0.0915955]

Processing phenotype [ENSG00000198131.9] [165/197]
  * #variants in cis = 12
  * Best hit: [id=19_internal_9715, d=0, pv=5.57099e-10, s=0.4579]
  * Beta parameters: [s1=0.852622, s2=8.68037]
  * Adjusted p-values: [emp=0.00497512, beta=9.25518e-09]

Processing phenotype [ENSG00000269545.1] [166/197]
  * #variants in cis = 12
  * Best hit: [id=19_internal_9715, d=0, pv=0.000213576, s=0.2848]
  * Beta parameters: [s1=1.02175, s2=7.26213]
  * Adjusted p-values: [emp=0.0149254, beta=0.00232073]

Processing phenotype [ENSG00000268201.1] [167/197]
  * #variants in cis = 12
  * Best hit: [id=19_internal_5957, d=-110945, pv=9.08096e-05, s=0.2964]
  * Beta parameters: [s1=1.05721, s2=8.30296]
  * Adjusted p-values: [emp=0.00497512, beta=0.00104583]

Processing phenotype [ENSG00000268516.1] [168/197]
  * #variants in cis = 12
  * Best hit: [id=19_internal_9715, d=49343, pv=2.84759e-09, s=0.4387]
  * Beta parameters: [s1=1.03412, s2=7.83412]
  * Adjusted p-values: [emp=0.00497512, beta=6.07145e-08]

Processing phenotype [ENSG00000083842.8] [169/197]
  * #variants in cis = 12
  * Best hit: [id=19_internal_5814, d=-94507, pv=2.78931e-05, s=0.3137]
  * Beta parameters: [s1=1.00426, s2=10.9624]
  * Adjusted p-values: [emp=0.00497512, beta=0.000167604]

Processing phenotype [ENSG00000267216.1] [170/197]
  * #variants in cis = 12
  * Best hit: [id=19_internal_5814, d=-94522, pv=3.04996e-05, s=0.3253]
  * Beta parameters: [s1=1.01106, s2=9.52715]
  * Adjusted p-values: [emp=0.00497512, beta=0.00038943]

Processing phenotype [ENSG00000142396.5] [171/197]
  * #variants in cis = 12
  * Best hit: [id=19_internal_8512, d=101631, pv=0.00225958, s=0.2419]
  * Beta parameters: [s1=0.964184, s2=8.69241]
  * Adjusted p-values: [emp=0.0447761, beta=0.0335401]

Processing phenotype [ENSG00000264333.1] [172/197]
  * #variants in cis = 12
  * Best hit: [id=19_internal_8512, d=-95978, pv=0.00782768, s=0.2080]
  * Beta parameters: [s1=0.823196, s2=9.80407]
  * Adjusted p-values: [emp=0.0895522, beta=0.0754818]

Processing phenotype [ENSG00000269794.1] [173/197]
  * #variants in cis = 12
  * Best hit: [id=19_internal_6500, d=-401835, pv=0.0532501, s=0.1422]
  * Beta parameters: [s1=1.05293, s2=11.2845]
  * Adjusted p-values: [emp=0.373134, beta=0.368183]

Processing phenotype [ENSG00000182318.5] [174/197]
  * #variants in cis = 12
  * Best hit: [id=19_internal_7005, d=34597, pv=0.000801523, s=0.2591]
  * Beta parameters: [s1=1.12543, s2=9.64109]
  * Adjusted p-values: [emp=0.0149254, beta=0.00879396]

Processing phenotype [ENSG00000268895.1] [175/197]
  * #variants in cis = 12
  * Best hit: [id=19_internal_7005, d=13865, pv=7.99546e-08, s=0.4017]
  * Beta parameters: [s1=0.897947, s2=7.93675]
  * Adjusted p-values: [emp=0.00497512, beta=2.31796e-06]

Processing phenotype [ENSG00000121410.7] [176/197]
  * #variants in cis = 11
  * Best hit: [id=19_internal_7005, d=-8117, pv=1.54859e-06, s=0.3687]
  * Beta parameters: [s1=1.1025, s2=6.96194]
  * Adjusted p-values: [emp=0.00497512, beta=3.36776e-05]

Processing phenotype [ENSG00000268230.1] [177/197]
  * #variants in cis = 11
  * Best hit: [id=19_internal_7005, d=0, pv=6.17439e-08, s=0.4127]
  * Beta parameters: [s1=0.923259, s2=10.2774]
  * Adjusted p-values: [emp=0.00497512, beta=3.38095e-07]

Processing phenotype [ENSG00000174586.6] [178/197]
  * #variants in cis = 11
  * Best hit: [id=19_internal_7005, d=0, pv=2.04214e-07, s=0.3928]
  * Beta parameters: [s1=0.95222, s2=8.04684]
  * Adjusted p-values: [emp=0.00497512, beta=2.59379e-06]

Processing phenotype [ENSG00000083845.4] [179/197]
  * #variants in cis = 11
  * Best hit: [id=19_internal_7005, d=0, pv=0.0428068, s=-0.1610]
  * Beta parameters: [s1=0.951151, s2=7.75635]
  * Adjusted p-values: [emp=0.308458, beta=0.303553]

Processing phenotype [ENSG00000171574.13] [180/197]
  * #variants in cis = 11
  * Best hit: [id=19_internal_7005, d=0, pv=0.00465715, s=0.2243]
  * Beta parameters: [s1=0.916388, s2=9.33144]
  * Adjusted p-values: [emp=0.0646766, beta=0.044658]

Processing phenotype [ENSG00000232098.2] [181/197]
  * #variants in cis = 11
  * Best hit: [id=19_internal_8512, d=0, pv=0.000558172, s=0.2695]
  * Beta parameters: [s1=1.03197, s2=7.66354]
  * Adjusted p-values: [emp=0.00497512, beta=0.00317842]

Processing phenotype [ENSG00000131849.10] [182/197]
  * #variants in cis = 11
  * Best hit: [id=19_internal_6129, d=0, pv=2.89274e-05, s=0.3233]
  * Beta parameters: [s1=0.979875, s2=8.35419]
  * Adjusted p-values: [emp=0.00497512, beta=0.000161415]

Processing phenotype [ENSG00000269473.1] [183/197]
  * #variants in cis = 11
  * Best hit: [id=19_internal_6129, d=0, pv=0.000367461, s=0.2859]
  * Beta parameters: [s1=0.981289, s2=8.43298]
  * Adjusted p-values: [emp=0.00497512, beta=0.00401156]

Processing phenotype [ENSG00000249471.3] [184/197]
  * #variants in cis = 11
  * Best hit: [id=19_internal_5814, d=-267161, pv=0.0144664, s=0.1987]
  * Beta parameters: [s1=0.87157, s2=8.14951]
  * Adjusted p-values: [emp=0.139303, beta=0.116482]

Processing phenotype [ENSG00000083812.7] [185/197]
  * #variants in cis = 11
  * Best hit: [id=19_internal_5814, d=-282613, pv=0.0213728, s=0.1743]
  * Beta parameters: [s1=0.983151, s2=7.59482]
  * Adjusted p-values: [emp=0.189055, beta=0.189769]

Processing phenotype [ENSG00000083838.11] [186/197]
  * #variants in cis = 11
  * Best hit: [id=19_internal_5814, d=-289574, pv=8.53596e-05, s=0.3032]
  * Beta parameters: [s1=0.939388, s2=8.96579]
  * Adjusted p-values: [emp=0.00497512, beta=0.000652773]

Processing phenotype [ENSG00000269106.1] [187/197]
  * #variants in cis = 11
  * Best hit: [id=19_internal_6206, d=791932, pv=0.0269043, s=0.1720]
  * Beta parameters: [s1=0.910324, s2=7.73734]
  * Adjusted p-values: [emp=0.253731, beta=0.241101]

Processing phenotype [ENSG00000083807.5] [188/197]
  * #variants in cis = 11
  * Best hit: [id=19_internal_5957, d=356724, pv=0.131749, s=0.1146]
  * Beta parameters: [s1=1.0278, s2=7.54191]
  * Adjusted p-values: [emp=0.671642, beta=0.654537]

Processing phenotype [ENSG00000119574.8] [189/197]
  * #variants in cis = 11
  * Best hit: [id=19_internal_7761, d=478819, pv=0.00255409, s=0.2364]
  * Beta parameters: [s1=1.03245, s2=7.67533]
  * Adjusted p-values: [emp=0.0149254, beta=0.0206714]

Processing phenotype [ENSG00000130726.7] [190/197]
  * #variants in cis = 11
  * Best hit: [id=19_internal_5814, d=-359648, pv=0.00120465, s=-0.2541]
  * Beta parameters: [s1=0.87688, s2=7.95066]
  * Adjusted p-values: [emp=0.0149254, beta=0.0110546]

Processing phenotype [ENSG00000130724.4] [191/197]
  * #variants in cis = 11
  * Best hit: [id=19_internal_6129, d=0, pv=0.235829, s=0.0947]
  * Beta parameters: [s1=0.865161, s2=7.24091]
  * Adjusted p-values: [emp=0.890547, beta=0.872597]

Processing phenotype [ENSG00000130725.3] [192/197]
  * #variants in cis = 11
  * Best hit: [id=19_internal_9715, d=329496, pv=0.0125487, s=-0.1982]
  * Beta parameters: [s1=0.917949, s2=8.88328]
  * Adjusted p-values: [emp=0.129353, beta=0.103086]

Processing phenotype [ENSG00000267858.1] [193/197]
  * #variants in cis = 11
  * Best hit: [id=19_internal_6129, d=0, pv=3.38922e-06, s=0.3578]
  * Beta parameters: [s1=0.937613, s2=8.17397]
  * Adjusted p-values: [emp=0.00497512, beta=5.86884e-05]

Processing phenotype [ENSG00000213753.5] [194/197]
  * #variants in cis = 11
  * Best hit: [id=19_internal_6206, d=-889672, pv=0.0848274, s=-0.1381]
  * Beta parameters: [s1=1.08896, s2=7.37983]
  * Adjusted p-values: [emp=0.597015, beta=0.575014]

Processing phenotype [ENSG00000099326.4] [195/197]
  * #variants in cis = 11
  * Best hit: [id=19_internal_6129, d=0, pv=0.0171495, s=0.1848]
  * Beta parameters: [s1=0.876863, s2=8.31024]
  * Adjusted p-values: [emp=0.119403, beta=0.120891]

Processing phenotype [ENSG00000268784.1] [196/197]
  * #variants in cis = 11
  * Best hit: [id=19_internal_6206, d=-898193, pv=0.0403654, s=-0.1645]
  * Beta parameters: [s1=0.907928, s2=9.60366]
  * Adjusted p-values: [emp=0.343284, beta=0.361638]

Processing phenotype [ENSG00000269032.1] [197/197]
  * #variants in cis = 11
  * Best hit: [id=19_internal_6206, d=-902327, pv=0.120121, s=-0.1227]
  * Beta parameters: [s1=0.940466, s2=9.75899]
  * Adjusted p-values: [emp=0.671642, beta=0.666538]

Running time: 2 seconds
