Sender: LSF System <lsfadmin@cpt05>
Subject: Job 971557: </data/unige/funpopgen/odelanea/SGX/V2/binaries/qtltools/bin/QTLtools cis --vcf /data/unige/funpopgen/grey2/SYSCID/BLUEPRINT_DATA/CRD/THREE_CELL_TYPES/CLOMICS/CELL_TYPE_COMPARISON_GENE_CRD_ASSOCIATIONS/quantify/70_vs_73_ALL.ALLchr.mean.txt.gz --bed /data/unige/funpopgen/grey2/SYSCID/BLUEPRINT_DATA/CRD/THREE_CELL_TYPES/QTL_TOOLS/EGAD00001002675_v3.0/EGAD00001002675_RNA.PC10.bed.gz --permute 200 --chunk 9 100 --out /data/unige/funpopgen/grey2/SYSCID/BLUEPRINT_DATA/CRD/THREE_CELL_TYPES/CLOMICS/CELL_TYPE_COMPARISON_GENE_CRD_ASSOCIATIONS/mapping_aCRD_gene/70_vs_73/gene_CRD_mean_chunk9\.txt> in cluster <ug> Done

Job </data/unige/funpopgen/odelanea/SGX/V2/binaries/qtltools/bin/QTLtools cis --vcf /data/unige/funpopgen/grey2/SYSCID/BLUEPRINT_DATA/CRD/THREE_CELL_TYPES/CLOMICS/CELL_TYPE_COMPARISON_GENE_CRD_ASSOCIATIONS/quantify/70_vs_73_ALL.ALLchr.mean.txt.gz --bed /data/unige/funpopgen/grey2/SYSCID/BLUEPRINT_DATA/CRD/THREE_CELL_TYPES/QTL_TOOLS/EGAD00001002675_v3.0/EGAD00001002675_RNA.PC10.bed.gz --permute 200 --chunk 9 100 --out /data/unige/funpopgen/grey2/SYSCID/BLUEPRINT_DATA/CRD/THREE_CELL_TYPES/CLOMICS/CELL_TYPE_COMPARISON_GENE_CRD_ASSOCIATIONS/mapping_aCRD_gene/70_vs_73/gene_CRD_mean_chunk9\.txt> was submitted from host <cpt01> by user <grey2> in cluster <ug>.
Job was executed on host(s) <cpt05>, in queue <normal>, as user <grey2> in cluster <ug>.
</home/grey2> was used as the home directory.
</data/unige/funpopgen/grey2/SYSCID/BLUEPRINT_DATA/CRD/THREE_CELL_TYPES/CLOMICS/CELL_TYPE_COMPARISON_GENE_CRD_ASSOCIATIONS> was used as the working directory.
Started at Fri Mar 15 14:02:32 2019
Results reported at Fri Mar 15 14:02:35 2019

Your job looked like:

------------------------------------------------------------
# LSBATCH: User input
/data/unige/funpopgen/odelanea/SGX/V2/binaries/qtltools/bin/QTLtools cis --vcf /data/unige/funpopgen/grey2/SYSCID/BLUEPRINT_DATA/CRD/THREE_CELL_TYPES/CLOMICS/CELL_TYPE_COMPARISON_GENE_CRD_ASSOCIATIONS/quantify/70_vs_73_ALL.ALLchr.mean.txt.gz --bed /data/unige/funpopgen/grey2/SYSCID/BLUEPRINT_DATA/CRD/THREE_CELL_TYPES/QTL_TOOLS/EGAD00001002675_v3.0/EGAD00001002675_RNA.PC10.bed.gz --permute 200 --chunk 9 100 --out /data/unige/funpopgen/grey2/SYSCID/BLUEPRINT_DATA/CRD/THREE_CELL_TYPES/CLOMICS/CELL_TYPE_COMPARISON_GENE_CRD_ASSOCIATIONS/mapping_aCRD_gene/70_vs_73/gene_CRD_mean_chunk9\.txt

------------------------------------------------------------

Successfully completed.

Resource usage summary:

    CPU time :               2.73 sec.
    Max Memory :             13.06 MB
    Average Memory :         13.06 MB
    Total Requested Memory : -
    Delta Memory :           -
    (Delta: the difference between total requested memory and actual max usage.)
    Max Swap :               346 MB

    Max Processes :          4
    Max Threads :            5

The output (if any) follows:


[32mQTLtools[0m
  * Authors : Olivier DELANEAU / Halit ONGEN / Emmanouil DERMITZAKIS
  * Contact : olivier.delaneau@gmail.com / halit.ongen@unige.ch / Emmanouil.Dermitzakis@unige.ch
  * Webpage : https://qtltools.github.io/qtltools/
  * Version : 1.1
  * Date    : 15/03/2019 - 14:02:33
  * Citation: A complete tool set for molecular QTL discovery and analysis, https://doi.org/10.1101/068635

[32mMAPPING QTL IN CIS[0m
  * TASK: Perform 200 permutations
  * Linear model: Phe ~ Var
  * Cis-window size is 1000000 bp
  * Chunk = [9/100]

Scanning phenotype data in [/data/unige/funpopgen/grey2/SYSCID/BLUEPRINT_DATA/CRD/THREE_CELL_TYPES/QTL_TOOLS/EGAD00001002675_v3.0/EGAD00001002675_RNA.PC10.bed.gz]
  * 21589 phenotypes included
  * 10706 phenotypes are on the negative strand

Initialize random number generator
  * Built-in seed is 15112011
  * First Integer = 30554
  * First Double = 0.0126695

Reading sample list from [/data/unige/funpopgen/grey2/SYSCID/BLUEPRINT_DATA/CRD/THREE_CELL_TYPES/QTL_TOOLS/EGAD00001002675_v3.0/EGAD00001002675_RNA.PC10.bed.gz]
  * #samples = 196

Reading sample list from [/data/unige/funpopgen/grey2/SYSCID/BLUEPRINT_DATA/CRD/THREE_CELL_TYPES/CLOMICS/CELL_TYPE_COMPARISON_GENE_CRD_ASSOCIATIONS/quantify/70_vs_73_ALL.ALLchr.mean.txt.gz]
  * #samples = 165

Merging sample sets from all input files
  * #files = 2
  * #samples in all files = 165
  * #samples NOT in all files (i.e. ignored) = 31

Reading phenotype data in [/data/unige/funpopgen/grey2/SYSCID/BLUEPRINT_DATA/CRD/THREE_CELL_TYPES/QTL_TOOLS/EGAD00001002675_v3.0/EGAD00001002675_RNA.PC10.bed.gz]
  * target region [17:236045-7210318]
  * 178 phenotypes included
  * 99 phenotypes are on the negative strand

Reading genotype data in [/data/unige/funpopgen/grey2/SYSCID/BLUEPRINT_DATA/CRD/THREE_CELL_TYPES/CLOMICS/CELL_TYPE_COMPARISON_GENE_CRD_ASSOCIATIONS/quantify/70_vs_73_ALL.ALLchr.mean.txt.gz]
  * File format detected: BED
  * 165 samples included
  * 2 samples without phenotype data
  * target region [17:0-8210318]
  * 31 variants included

Processing phenotype [ENSG00000181031.11] [1/178]
  * #variants in cis = 6
  * Best hit: [id=17_internal_12296, d=18625, pv=1.77189e-10, s=0.4798]
  * Beta parameters: [s1=1.02933, s2=6.85359]
  * Adjusted p-values: [emp=0.00497512, beta=3.39662e-10]

Processing phenotype [ENSG00000187624.7] [2/178]
  * #variants in cis = 6
  * Best hit: [id=17_internal_9967, d=0, pv=7.37386e-05, s=0.3090]
  * Beta parameters: [s1=0.881209, s2=6.3285]
  * Adjusted p-values: [emp=0.00497512, beta=0.000411594]

Processing phenotype [ENSG00000241525.3] [3/178]
  * #variants in cis = 6
  * Best hit: [id=17_internal_9967, d=0, pv=8.01412e-05, s=0.3067]
  * Beta parameters: [s1=1.01572, s2=6.57239]
  * Adjusted p-values: [emp=0.00497512, beta=0.000322713]

Processing phenotype [ENSG00000183688.4] [4/178]
  * #variants in cis = 6
  * Best hit: [id=17_internal_9967, d=0, pv=0.0939702, s=0.1282]
  * Beta parameters: [s1=1.12485, s2=6.73468]
  * Adjusted p-values: [emp=0.442786, beta=0.410927]

Processing phenotype [ENSG00000263015.1] [5/178]
  * #variants in cis = 6
  * Best hit: [id=17_internal_9967, d=0, pv=0.0115173, s=0.1888]
  * Beta parameters: [s1=0.973067, s2=6.23748]
  * Adjusted p-values: [emp=0.0895522, beta=0.0786981]

Processing phenotype [ENSG00000263300.1] [6/178]
  * #variants in cis = 6
  * Best hit: [id=17_internal_8733, d=-129581, pv=0.065481, s=-0.1462]
  * Beta parameters: [s1=1.01343, s2=7.69231]
  * Adjusted p-values: [emp=0.358209, beta=0.354746]

Processing phenotype [ENSG00000262905.1] [7/178]
  * #variants in cis = 6
  * Best hit: [id=17_internal_9983, d=-1701, pv=9.50452e-05, s=0.2878]
  * Beta parameters: [s1=0.909209, s2=5.79319]
  * Adjusted p-values: [emp=0.00497512, beta=0.000517289]

Processing phenotype [ENSG00000262708.1] [8/178]
  * #variants in cis = 8
  * Best hit: [id=17_internal_8733, d=-222443, pv=0.0866188, s=0.1330]
  * Beta parameters: [s1=0.986129, s2=8.58347]
  * Adjusted p-values: [emp=0.507463, beta=0.51602]

Processing phenotype [ENSG00000244097.1] [9/178]
  * #variants in cis = 8
  * Best hit: [id=17_internal_9983, d=106682, pv=0.0973925, s=0.1247]
  * Beta parameters: [s1=1.13509, s2=8.27663]
  * Adjusted p-values: [emp=0.572139, beta=0.54175]

Processing phenotype [ENSG00000141252.15] [10/178]
  * #variants in cis = 8
  * Best hit: [id=17_internal_9983, d=170852, pv=0.000194313, s=0.2753]
  * Beta parameters: [s1=1.10079, s2=9.72008]
  * Adjusted p-values: [emp=0.00497512, beta=0.00139098]

Processing phenotype [ENSG00000167695.9] [11/178]
  * #variants in cis = 9
  * Best hit: [id=17_internal_8733, d=-338853, pv=0.0305006, s=-0.1686]
  * Beta parameters: [s1=0.918114, s2=8.96112]
  * Adjusted p-values: [emp=0.268657, beta=0.239075]

Processing phenotype [ENSG00000179409.6] [12/178]
  * #variants in cis = 9
  * Best hit: [id=17_internal_8899, d=587345, pv=0.138426, s=0.1162]
  * Beta parameters: [s1=1.17106, s2=9.16744]
  * Adjusted p-values: [emp=0.736318, beta=0.714801]

Processing phenotype [ENSG00000171861.6] [13/178]
  * #variants in cis = 9
  * Best hit: [id=17_internal_10077, d=939932, pv=0.00303332, s=0.2312]
  * Beta parameters: [s1=0.955659, s2=12.6099]
  * Adjusted p-values: [emp=0.0348259, beta=0.0213885]

Processing phenotype [ENSG00000167699.9] [14/178]
  * #variants in cis = 9
  * Best hit: [id=17_internal_12296, d=468161, pv=0.113653, s=0.1242]
  * Beta parameters: [s1=0.878291, s2=9.40533]
  * Adjusted p-values: [emp=0.626866, beta=0.64895]

Processing phenotype [ENSG00000167693.12] [15/178]
  * #variants in cis = 9
  * Best hit: [id=17_internal_10778, d=438039, pv=0.0766337, s=-0.1348]
  * Beta parameters: [s1=0.978043, s2=8.93374]
  * Adjusted p-values: [emp=0.522388, beta=0.533961]

Processing phenotype [ENSG00000177370.3] [16/178]
  * #variants in cis = 9
  * Best hit: [id=17_internal_10781, d=588866, pv=0.220787, s=-0.0969]
  * Beta parameters: [s1=0.98033, s2=9.62768]
  * Adjusted p-values: [emp=0.885572, beta=0.877732]

Processing phenotype [ENSG00000159842.9] [17/178]
  * #variants in cis = 9
  * Best hit: [id=17_internal_8981, d=-883517, pv=0.0694205, s=0.1341]
  * Beta parameters: [s1=0.946705, s2=8.91599]
  * Adjusted p-values: [emp=0.442786, beta=0.470366]

Processing phenotype [ENSG00000108953.12] [18/178]
  * #variants in cis = 9
  * Best hit: [id=17_internal_10781, d=-185551, pv=0.086121, s=0.1295]
  * Beta parameters: [s1=1.15221, s2=8.29944]
  * Adjusted p-values: [emp=0.567164, beta=0.545782]

Processing phenotype [ENSG00000262777.1] [19/178]
  * #variants in cis = 9
  * Best hit: [id=17_internal_8420, d=147485, pv=0.0542469, s=-0.1481]
  * Beta parameters: [s1=1.02338, s2=7.76672]
  * Adjusted p-values: [emp=0.333333, beta=0.348969]

Processing phenotype [ENSG00000167193.7] [20/178]
  * #variants in cis = 9
  * Best hit: [id=17_internal_9967, d=958931, pv=0.0259587, s=0.1704]
  * Beta parameters: [s1=0.923304, s2=9.67701]
  * Adjusted p-values: [emp=0.228856, beta=0.232536]

Processing phenotype [ENSG00000197879.9] [21/178]
  * #variants in cis = 9
  * Best hit: [id=17_internal_7873, d=-765282, pv=0.138015, s=-0.1133]
  * Beta parameters: [s1=0.886527, s2=9.31814]
  * Adjusted p-values: [emp=0.716418, beta=0.721239]

Processing phenotype [ENSG00000132376.14] [22/178]
  * #variants in cis = 8
  * Best hit: [id=17_internal_8420, d=-55070, pv=0.187038, s=0.1046]
  * Beta parameters: [s1=0.951249, s2=8.62472]
  * Adjusted p-values: [emp=0.820896, beta=0.813948]

Processing phenotype [ENSG00000236618.2] [23/178]
  * #variants in cis = 8
  * Best hit: [id=17_internal_10255, d=732789, pv=0.0312099, s=0.1658]
  * Beta parameters: [s1=0.9905, s2=7.28685]
  * Adjusted p-values: [emp=0.248756, beta=0.236529]

Processing phenotype [ENSG00000174238.10] [24/178]
  * #variants in cis = 6
  * Best hit: [id=17_internal_10077, d=-159335, pv=0.01184, s=-0.1956]
  * Beta parameters: [s1=0.953164, s2=5.57441]
  * Adjusted p-values: [emp=0.0696517, beta=0.0660438]

Processing phenotype [ENSG00000243704.2] [25/178]
  * #variants in cis = 6
  * Best hit: [id=17_internal_10781, d=0, pv=0.02295, s=0.1779]
  * Beta parameters: [s1=1.02515, s2=6.16096]
  * Adjusted p-values: [emp=0.159204, beta=0.144353]

Processing phenotype [ENSG00000238946.1] [26/178]
  * #variants in cis = 6
  * Best hit: [id=17_internal_10781, d=7093, pv=0.073901, s=0.1452]
  * Beta parameters: [s1=0.954352, s2=6.0006]
  * Adjusted p-values: [emp=0.358209, beta=0.395318]

Processing phenotype [ENSG00000167703.9] [27/178]
  * #variants in cis = 6
  * Best hit: [id=17_internal_8981, d=-483652, pv=0.0148281, s=-0.1900]
  * Maximum Likelihood estimation failed, use Moment Matching instead!
  * Beta parameters: [s1=0.99996, s2=5.31724]
  * Adjusted p-values: [emp=0.0995025, beta=0.0978355]

Processing phenotype [ENSG00000074660.11] [28/178]
  * #variants in cis = 6
  * Best hit: [id=17_internal_8981, d=-466791, pv=0.277247, s=-0.0827]
  * Maximum Likelihood estimation failed, use Moment Matching instead!
  * Beta parameters: [s1=1.00003, s2=7.09383]
  * Adjusted p-values: [emp=0.845771, beta=0.86367]

Processing phenotype [ENSG00000167705.7] [29/178]
  * #variants in cis = 6
  * Best hit: [id=17_internal_7873, d=-608017, pv=0.147834, s=0.1097]
  * Beta parameters: [s1=0.924838, s2=6.06455]
  * Adjusted p-values: [emp=0.577114, beta=0.586508]

Processing phenotype [ENSG00000174231.12] [30/178]
  * #variants in cis = 6
  * Best hit: [id=17_internal_8420, d=90418, pv=0.0628858, s=-0.1452]
  * Beta parameters: [s1=1.02373, s2=5.98547]
  * Adjusted p-values: [emp=0.348259, beta=0.340423]

Processing phenotype [ENSG00000185561.8] [31/178]
  * #variants in cis = 7
  * Best hit: [id=17_internal_7900, d=-997093, pv=0.0285211, s=-0.1688]
  * Beta parameters: [s1=1.01471, s2=6.765]
  * Adjusted p-values: [emp=0.208955, beta=0.209046]

Processing phenotype [ENSG00000199060.1] [32/178]
  * #variants in cis = 7
  * Best hit: [id=17_internal_10255, d=-535729, pv=0.170758, s=0.1055]
  * Beta parameters: [s1=1.06951, s2=6.37715]
  * Adjusted p-values: [emp=0.736318, beta=0.706421]

Processing phenotype [ENSG00000167716.14] [33/178]
  * #variants in cis = 7
  * Best hit: [id=17_internal_10077, d=5628, pv=0.0085407, s=0.2033]
  * Beta parameters: [s1=1.0404, s2=7.03728]
  * Adjusted p-values: [emp=0.104478, beta=0.0805935]

Processing phenotype [ENSG00000186594.6] [34/178]
  * #variants in cis = 7
  * Best hit: [id=17_internal_8420, d=122710, pv=0.0907554, s=0.1322]
  * Beta parameters: [s1=0.823231, s2=6.22989]
  * Adjusted p-values: [emp=0.482587, beta=0.492392]

Processing phenotype [ENSG00000262791.1] [35/178]
  * #variants in cis = 7
  * Best hit: [id=17_internal_7873, d=-519509, pv=0.0435227, s=0.1505]
  * Beta parameters: [s1=1.00772, s2=6.1508]
  * Adjusted p-values: [emp=0.253731, beta=0.249887]

Processing phenotype [ENSG00000132386.5] [36/178]
  * #variants in cis = 7
  * Best hit: [id=17_internal_8420, d=-167495, pv=0.0509624, s=-0.1504]
  * Beta parameters: [s1=0.926259, s2=6.52994]
  * Adjusted p-values: [emp=0.313433, beta=0.340489]

Processing phenotype [ENSG00000132383.7] [37/178]
  * #variants in cis = 8
  * Best hit: [id=17_internal_7900, d=877829, pv=0.008537, s=-0.2039]
  * Beta parameters: [s1=1.06982, s2=7.53666]
  * Adjusted p-values: [emp=0.0447761, beta=0.0608993]

Processing phenotype [ENSG00000186532.7] [38/178]
  * #variants in cis = 8
  * Best hit: [id=17_internal_10077, d=45819, pv=1.86697e-07, s=0.3895]
  * Beta parameters: [s1=0.944308, s2=7.45624]
  * Adjusted p-values: [emp=0.00497512, beta=4.45873e-06]

Processing phenotype [ENSG00000108963.11] [39/178]
  * #variants in cis = 9
  * Best hit: [id=17_internal_8981, d=82428, pv=0.000826044, s=0.2566]
  * Beta parameters: [s1=0.985584, s2=9.24964]
  * Adjusted p-values: [emp=0.00995025, beta=0.00811763]

Processing phenotype [ENSG00000214014.3] [40/178]
  * #variants in cis = 9
  * Best hit: [id=17_internal_8981, d=70555, pv=0.000626172, s=0.2610]
  * Beta parameters: [s1=1.12157, s2=7.68438]
  * Adjusted p-values: [emp=0.00497512, beta=0.00668104]

Processing phenotype [ENSG00000262664.1] [41/178]
  * #variants in cis = 9
  * Best hit: [id=17_internal_8981, d=70505, pv=0.000609473, s=0.2615]
  * Beta parameters: [s1=0.970276, s2=9.96804]
  * Adjusted p-values: [emp=0.00995025, beta=0.00350458]

Processing phenotype [ENSG00000262533.1] [42/178]
  * #variants in cis = 9
  * Best hit: [id=17_internal_8981, d=-69113, pv=0.000417513, s=0.2687]
  * Beta parameters: [s1=0.907688, s2=7.74292]
  * Adjusted p-values: [emp=0.0149254, beta=0.00523489]

Processing phenotype [ENSG00000263050.1] [43/178]
  * #variants in cis = 9
  * Best hit: [id=17_internal_8981, d=-67570, pv=0.0156915, s=0.1895]
  * Beta parameters: [s1=0.908983, s2=7.80323]
  * Adjusted p-values: [emp=0.149254, beta=0.163002]

Processing phenotype [ENSG00000177374.7] [44/178]
  * #variants in cis = 9
  * Best hit: [id=17_internal_7873, d=203940, pv=0.00451989, s=0.2206]
  * Beta parameters: [s1=0.995893, s2=10.0749]
  * Adjusted p-values: [emp=0.0248756, beta=0.0255879]

Processing phenotype [ENSG00000262810.1] [45/178]
  * #variants in cis = 9
  * Best hit: [id=17_internal_10077, d=-304866, pv=0.111495, s=-0.1248]
  * Beta parameters: [s1=1.08327, s2=10.9111]
  * Adjusted p-values: [emp=0.681592, beta=0.690231]

Processing phenotype [ENSG00000262402.1] [46/178]
  * #variants in cis = 9
  * Best hit: [id=17_internal_7900, d=-579627, pv=0.268318, s=0.0873]
  * Beta parameters: [s1=1.03486, s2=8.88977]
  * Adjusted p-values: [emp=0.925373, beta=0.943774]

Processing phenotype [ENSG00000236838.2] [47/178]
  * #variants in cis = 9
  * Best hit: [id=17_internal_8420, d=-619233, pv=0.193229, s=0.1039]
  * Beta parameters: [s1=0.87104, s2=6.68695]
  * Adjusted p-values: [emp=0.835821, beta=0.833796]

Processing phenotype [ENSG00000236457.1] [48/178]
  * #variants in cis = 9
  * Best hit: [id=17_internal_10209, d=-713146, pv=0.245054, s=0.0901]
  * Beta parameters: [s1=1.02378, s2=8.15905]
  * Adjusted p-values: [emp=0.930348, beta=0.916006]

Processing phenotype [ENSG00000225084.1] [49/178]
  * #variants in cis = 9
  * Best hit: [id=17_internal_8981, d=-92828, pv=0.0647606, s=0.1436]
  * Beta parameters: [s1=1.07982, s2=8.92385]
  * Adjusted p-values: [emp=0.522388, beta=0.502982]

Processing phenotype [ENSG00000167720.7] [50/178]
  * #variants in cis = 9
  * Best hit: [id=17_internal_10781, d=-694181, pv=0.211538, s=-0.1007]
  * Beta parameters: [s1=1.04963, s2=8.59845]
  * Adjusted p-values: [emp=0.890547, beta=0.900182]

Processing phenotype [ENSG00000070366.8] [51/178]
  * #variants in cis = 9
  * Best hit: [id=17_internal_7873, d=26904, pv=0.0134053, s=0.1899]
  * Beta parameters: [s1=0.951678, s2=9.58305]
  * Adjusted p-values: [emp=0.104478, beta=0.113145]

Processing phenotype [ENSG00000141258.7] [52/178]
  * #variants in cis = 9
  * Best hit: [id=17_internal_8420, d=-743034, pv=0.100633, s=-0.1269]
  * Beta parameters: [s1=0.96496, s2=9.20754]
  * Adjusted p-values: [emp=0.562189, beta=0.594853]

Processing phenotype [ENSG00000167721.5] [53/178]
  * #variants in cis = 9
  * Best hit: [id=17_internal_7873, d=60640, pv=0.0122606, s=0.2018]
  * Beta parameters: [s1=0.887388, s2=10.0175]
  * Adjusted p-values: [emp=0.129353, beta=0.109878]

Processing phenotype [ENSG00000263345.1] [54/178]
  * #variants in cis = 9
  * Best hit: [id=17_internal_10077, d=594491, pv=0.034167, s=-0.1638]
  * Beta parameters: [s1=0.944412, s2=7.30271]
  * Adjusted p-values: [emp=0.253731, beta=0.292728]

Processing phenotype [ENSG00000262456.1] [55/178]
  * #variants in cis = 9
  * Best hit: [id=17_internal_7900, d=322684, pv=0.0692084, s=-0.1472]
  * Beta parameters: [s1=0.951338, s2=8.11042]
  * Adjusted p-values: [emp=0.462687, beta=0.460628]

Processing phenotype [ENSG00000261903.1] [56/178]
  * #variants in cis = 9
  * Best hit: [id=17_internal_7900, d=-315453, pv=0.09256, s=-0.1319]
  * Beta parameters: [s1=1.08259, s2=8.43973]
  * Adjusted p-values: [emp=0.58209, beta=0.548447]

Processing phenotype [ENSG00000070444.8] [57/178]
  * #variants in cis = 9
  * Best hit: [id=17_internal_7873, d=124251, pv=0.0601738, s=0.1528]
  * Beta parameters: [s1=1.04571, s2=8.80621]
  * Adjusted p-values: [emp=0.462687, beta=0.400087]

Processing phenotype [ENSG00000205821.3] [58/178]
  * #variants in cis = 9
  * Best hit: [id=17_internal_7900, d=-291446, pv=0.11794, s=-0.1224]
  * Beta parameters: [s1=0.910834, s2=8.09438]
  * Adjusted p-values: [emp=0.61194, beta=0.64245]

Processing phenotype [ENSG00000127804.7] [59/178]
  * #variants in cis = 9
  * Best hit: [id=17_internal_7873, d=235024, pv=0.0403897, s=-0.1587]
  * Beta parameters: [s1=1.20735, s2=9.91502]
  * Adjusted p-values: [emp=0.308458, beta=0.296294]

Processing phenotype [ENSG00000007168.6] [60/178]
  * #variants in cis = 9
  * Best hit: [id=17_internal_7873, d=-316343, pv=0.175619, s=-0.1068]
  * Beta parameters: [s1=0.953415, s2=15.3964]
  * Adjusted p-values: [emp=0.905473, beta=0.908923]

Processing phenotype [ENSG00000262480.2] [61/178]
  * #variants in cis = 7
  * Best hit: [id=17_internal_8981, d=474092, pv=0.180125, s=-0.1037]
  * Beta parameters: [s1=0.919159, s2=6.67351]
  * Adjusted p-values: [emp=0.731343, beta=0.755836]

Processing phenotype [ENSG00000239024.1] [62/178]
  * #variants in cis = 7
  * Best hit: [id=17_internal_10077, d=-870864, pv=0.0129784, s=0.1906]
  * Beta parameters: [s1=1.0388, s2=7.20652]
  * Adjusted p-values: [emp=0.079602, beta=0.0850911]

Processing phenotype [ENSG00000239884.2] [63/178]
  * #variants in cis = 7
  * Best hit: [id=17_internal_7900, d=26583, pv=0.0927068, s=-0.1320]
  * Beta parameters: [s1=0.994888, s2=9.84641]
  * Adjusted p-values: [emp=0.517413, beta=0.514124]

Processing phenotype [ENSG00000132361.10] [64/178]
  * #variants in cis = 7
  * Best hit: [id=17_internal_10209, d=-216498, pv=0.0436472, s=-0.1616]
  * Beta parameters: [s1=1.00004, s2=5.89105]
  * Adjusted p-values: [emp=0.273632, beta=0.287693]

Processing phenotype [ENSG00000132359.9] [65/178]
  * #variants in cis = 8
  * Best hit: [id=17_internal_7900, d=0, pv=0.106293, s=-0.1296]
  * Beta parameters: [s1=0.98783, s2=8.12037]
  * Adjusted p-values: [emp=0.567164, beta=0.541626]

Processing phenotype [ENSG00000262884.1] [66/178]
  * #variants in cis = 7
  * Best hit: [id=17_internal_8566, d=-797467, pv=0.204483, s=-0.1031]
  * Beta parameters: [s1=0.924595, s2=7.3631]
  * Adjusted p-values: [emp=0.810945, beta=0.821565]

Processing phenotype [ENSG00000196689.6] [67/178]
  * #variants in cis = 7
  * Best hit: [id=17_internal_8566, d=-166264, pv=0.16195, s=-0.1056]
  * Beta parameters: [s1=0.980871, s2=7.25744]
  * Adjusted p-values: [emp=0.706468, beta=0.725667]

Processing phenotype [ENSG00000262304.1] [68/178]
  * #variants in cis = 7
  * Best hit: [id=17_internal_8566, d=-127113, pv=0.0283454, s=-0.1643]
  * Beta parameters: [s1=1.01691, s2=7.81555]
  * Adjusted p-values: [emp=0.174129, beta=0.170031]

Processing phenotype [ENSG00000197417.7] [69/178]
  * #variants in cis = 7
  * Best hit: [id=17_internal_7900, d=835524, pv=0.0197809, s=-0.1805]
  * Beta parameters: [s1=1.07042, s2=7.73375]
  * Adjusted p-values: [emp=0.144279, beta=0.134143]

Processing phenotype [ENSG00000040531.10] [70/178]
  * #variants in cis = 7
  * Best hit: [id=17_internal_10209, d=-686211, pv=0.0109873, s=-0.1927]
  * Beta parameters: [s1=0.978576, s2=7.40427]
  * Adjusted p-values: [emp=0.0597015, beta=0.068187]

Processing phenotype [ENSG00000262903.1] [71/178]
  * #variants in cis = 7
  * Best hit: [id=17_internal_8566, d=-105270, pv=0.0426122, s=-0.1516]
  * Beta parameters: [s1=1.038, s2=7.64491]
  * Adjusted p-values: [emp=0.21393, beta=0.215751]

Processing phenotype [ENSG00000240898.1] [72/178]
  * #variants in cis = 7
  * Best hit: [id=17_internal_7900, d=-864422, pv=0.0882244, s=-0.1329]
  * Beta parameters: [s1=1.06695, s2=7.29079]
  * Adjusted p-values: [emp=0.507463, beta=0.521562]

Processing phenotype [ENSG00000213977.3] [73/178]
  * #variants in cis = 7
  * Best hit: [id=17_internal_8566, d=-94680, pv=0.261759, s=-0.0881]
  * Beta parameters: [s1=0.920272, s2=7.24623]
  * Adjusted p-values: [emp=0.880597, beta=0.868183]

Processing phenotype [ENSG00000127774.6] [74/178]
  * #variants in cis = 7
  * Best hit: [id=17_internal_8525, d=431092, pv=0.291596, s=0.0834]
  * Beta parameters: [s1=0.91247, s2=7.31915]
  * Adjusted p-values: [emp=0.905473, beta=0.897466]

Processing phenotype [ENSG00000257950.3] [75/178]
  * #variants in cis = 7
  * Best hit: [id=17_internal_10209, d=745937, pv=0.103663, s=-0.1262]
  * Beta parameters: [s1=0.903713, s2=5.89434]
  * Adjusted p-values: [emp=0.542289, beta=0.543046]

Processing phenotype [ENSG00000083454.17] [76/178]
  * #variants in cis = 7
  * Best hit: [id=17_internal_8566, d=-66958, pv=0.0627841, s=-0.1398]
  * Beta parameters: [s1=1.06589, s2=6.1227]
  * Adjusted p-values: [emp=0.373134, beta=0.370706]

Processing phenotype [ENSG00000262692.1] [77/178]
  * #variants in cis = 7
  * Best hit: [id=17_internal_8525, d=378279, pv=0.00866568, s=0.2053]
  * Beta parameters: [s1=1.05403, s2=7.15091]
  * Adjusted p-values: [emp=0.0597015, beta=0.0543067]

Processing phenotype [ENSG00000177602.4] [78/178]
  * #variants in cis = 7
  * Best hit: [id=17_internal_8098, d=-907712, pv=0.301442, s=-0.0811]
  * Beta parameters: [s1=0.935978, s2=8.95403]
  * Adjusted p-values: [emp=0.920398, beta=0.924541]

Processing phenotype [ENSG00000083457.7] [79/178]
  * #variants in cis = 6
  * Best hit: [id=17_internal_8566, d=28822, pv=0.199101, s=0.0996]
  * Beta parameters: [s1=0.915559, s2=6.78232]
  * Adjusted p-values: [emp=0.731343, beta=0.754019]

Processing phenotype [ENSG00000262194.1] [80/178]
  * #variants in cis = 6
  * Best hit: [id=17_internal_8566, d=30961, pv=0.11359, s=0.1253]
  * Maximum Likelihood estimation failed, use Moment Matching instead!
  * Beta parameters: [s1=0.999968, s2=5.19907]
  * Adjusted p-values: [emp=0.562189, beta=0.563886]

Processing phenotype [ENSG00000262758.1] [81/178]
  * #variants in cis = 6
  * Best hit: [id=17_internal_8098, d=992649, pv=0.0754117, s=-0.1402]
  * Beta parameters: [s1=0.797025, s2=5.85449]
  * Adjusted p-values: [emp=0.373134, beta=0.40559]

Processing phenotype [ENSG00000074356.11] [82/178]
  * #variants in cis = 6
  * Best hit: [id=17_internal_9724, d=-367444, pv=0.142948, s=0.1114]
  * Beta parameters: [s1=0.977557, s2=6.54843]
  * Adjusted p-values: [emp=0.641791, beta=0.610527]

Processing phenotype [ENSG00000004660.10] [83/178]
  * #variants in cis = 6
  * Best hit: [id=17_internal_8421, d=-937721, pv=0.0450034, s=-0.1589]
  * Maximum Likelihood estimation failed, use Moment Matching instead!
  * Beta parameters: [s1=0.999964, s2=5.40725]
  * Adjusted p-values: [emp=0.228856, beta=0.257503]

Processing phenotype [ENSG00000108405.3] [84/178]
  * #variants in cis = 6
  * Best hit: [id=17_internal_8525, d=-183407, pv=0.051185, s=-0.1498]
  * Maximum Likelihood estimation failed, use Moment Matching instead!
  * Beta parameters: [s1=0.999996, s2=5.96028]
  * Adjusted p-values: [emp=0.258706, beta=0.245098]

Processing phenotype [ENSG00000074370.13] [85/178]
  * #variants in cis = 5
  * Best hit: [id=17_internal_8525, d=-135465, pv=0.00353598, s=-0.2157]
  * Maximum Likelihood estimation failed, use Moment Matching instead!
  * Beta parameters: [s1=0.999992, s2=4.35597]
  * Adjusted p-values: [emp=0.00497512, beta=0.0208028]

Processing phenotype [ENSG00000252456.1] [86/178]
  * #variants in cis = 6
  * Best hit: [id=17_internal_9724, d=-156819, pv=0.242051, s=-0.0925]
  * Maximum Likelihood estimation failed, use Moment Matching instead!
  * Beta parameters: [s1=0.999953, s2=5.20118]
  * Adjusted p-values: [emp=0.791045, beta=0.792972]

Processing phenotype [ENSG00000238807.1] [87/178]
  * #variants in cis = 6
  * Best hit: [id=17_internal_9445, d=51799, pv=0.305756, s=-0.0787]
  * Beta parameters: [s1=1.00763, s2=7.97727]
  * Adjusted p-values: [emp=0.915423, beta=0.927612]

Processing phenotype [ENSG00000074755.9] [88/178]
  * #variants in cis = 6
  * Best hit: [id=17_internal_8566, d=370599, pv=0.0194522, s=-0.1831]
  * Beta parameters: [s1=1.08449, s2=6.33719]
  * Adjusted p-values: [emp=0.114428, beta=0.0995403]

Processing phenotype [ENSG00000167740.4] [89/178]
  * #variants in cis = 6
  * Best hit: [id=17_internal_8566, d=-370747, pv=0.000135159, s=-0.2899]
  * Beta parameters: [s1=0.960562, s2=6.64979]
  * Adjusted p-values: [emp=0.00497512, beta=0.000518442]

Processing phenotype [ENSG00000263165.1] [90/178]
  * #variants in cis = 6
  * Best hit: [id=17_internal_8421, d=668702, pv=0.0286772, s=-0.1707]
  * Beta parameters: [s1=0.991915, s2=5.44182]
  * Adjusted p-values: [emp=0.179104, beta=0.174457]

Processing phenotype [ENSG00000251812.1] [91/178]
  * #variants in cis = 6
  * Best hit: [id=17_internal_8525, d=-76550, pv=0.393728, s=-0.0668]
  * Maximum Likelihood estimation failed, use Moment Matching instead!
  * Beta parameters: [s1=0.999927, s2=5.54741]
  * Adjusted p-values: [emp=0.940299, beta=0.949971]

Processing phenotype [ENSG00000207390.1] [92/178]
  * #variants in cis = 6
  * Best hit: [id=17_internal_9724, d=20926, pv=0.0512789, s=0.1500]
  * Beta parameters: [s1=1.06597, s2=6.92052]
  * Adjusted p-values: [emp=0.223881, beta=0.233853]

Processing phenotype [ENSG00000263219.1] [93/178]
  * #variants in cis = 7
  * Best hit: [id=17_internal_9445, d=-31625, pv=0.0766983, s=0.1418]
  * Beta parameters: [s1=1.01127, s2=7.24873]
  * Adjusted p-values: [emp=0.457711, beta=0.461595]

Processing phenotype [ENSG00000185722.10] [94/178]
  * #variants in cis = 7
  * Best hit: [id=17_internal_8421, d=-568632, pv=0.154777, s=-0.1104]
  * Beta parameters: [s1=0.945185, s2=5.98668]
  * Adjusted p-values: [emp=0.691542, beta=0.699034]

Processing phenotype [ENSG00000261868.1] [95/178]
  * #variants in cis = 7
  * Best hit: [id=17_internal_8566, d=-528952, pv=0.180713, s=0.1092]
  * Beta parameters: [s1=0.942671, s2=7.61523]
  * Adjusted p-values: [emp=0.741294, beta=0.741946]

Processing phenotype [ENSG00000263882.1] [96/178]
  * #variants in cis = 7
  * Best hit: [id=17_internal_8525, d=254677, pv=0.194101, s=-0.1033]
  * Beta parameters: [s1=1.02494, s2=6.65602]
  * Adjusted p-values: [emp=0.721393, beta=0.735429]

Processing phenotype [ENSG00000132388.8] [97/178]
  * #variants in cis = 7
  * Best hit: [id=17_internal_8525, d=256852, pv=0.0191014, s=0.1857]
  * Beta parameters: [s1=1.00825, s2=6.46925]
  * Adjusted p-values: [emp=0.144279, beta=0.132219]

Processing phenotype [ENSG00000182557.3] [98/178]
  * #variants in cis = 7
  * Best hit: [id=17_internal_9445, d=-243222, pv=0.164878, s=0.1080]
  * Beta parameters: [s1=1.07714, s2=7.28496]
  * Adjusted p-values: [emp=0.731343, beta=0.727761]

Processing phenotype [ENSG00000183018.3] [99/178]
  * #variants in cis = 7
  * Best hit: [id=17_internal_8525, d=-389062, pv=0.426638, s=0.0630]
  * Beta parameters: [s1=1.04924, s2=7.15438]
  * Adjusted p-values: [emp=0.9801, beta=0.980506]

Processing phenotype [ENSG00000132382.10] [100/178]
  * #variants in cis = 7
  * Best hit: [id=17_internal_8566, d=783211, pv=0.0445509, s=0.1613]
  * Beta parameters: [s1=0.982805, s2=6.34683]
  * Adjusted p-values: [emp=0.293532, beta=0.304969]

Processing phenotype [ENSG00000161905.7] [101/178]
  * #variants in cis = 7
  * Best hit: [id=17_internal_8395, d=-387149, pv=0.216509, s=-0.0953]
  * Beta parameters: [s1=0.956311, s2=6.10461]
  * Adjusted p-values: [emp=0.800995, beta=0.809213]

Processing phenotype [ENSG00000141456.9] [102/178]
  * #variants in cis = 7
  * Best hit: [id=17_internal_8566, d=931917, pv=0.447623, s=-0.0615]
  * Beta parameters: [s1=1.01667, s2=6.11276]
  * Adjusted p-values: [emp=0.970149, beta=0.976562]

Processing phenotype [ENSG00000141480.12] [103/178]
  * #variants in cis = 7
  * Best hit: [id=17_internal_8395, d=318954, pv=0.177134, s=0.1077]
  * Beta parameters: [s1=1.00997, s2=6.83005]
  * Adjusted p-values: [emp=0.726368, beta=0.741339]

Processing phenotype [ENSG00000161920.5] [104/178]
  * #variants in cis = 7
  * Best hit: [id=17_internal_8421, d=101183, pv=0.0274196, s=0.1655]
  * Beta parameters: [s1=1.11823, s2=7.07978]
  * Adjusted p-values: [emp=0.134328, beta=0.139886]

Processing phenotype [ENSG00000261898.1] [105/178]
  * #variants in cis = 7
  * Best hit: [id=17_internal_8421, d=-100240, pv=0.0339151, s=0.1559]
  * Beta parameters: [s1=1.07999, s2=6.83561]
  * Adjusted p-values: [emp=0.199005, beta=0.173849]

Processing phenotype [ENSG00000161921.10] [106/178]
  * #variants in cis = 7
  * Best hit: [id=17_internal_11335, d=-458209, pv=0.0333865, s=-0.1648]
  * Beta parameters: [s1=0.943743, s2=8.10153]
  * Adjusted p-values: [emp=0.233831, beta=0.220195]

Processing phenotype [ENSG00000141497.9] [107/178]
  * #variants in cis = 7
  * Best hit: [id=17_internal_8395, d=289419, pv=0.0859715, s=0.1355]
  * Beta parameters: [s1=0.90682, s2=6.88524]
  * Adjusted p-values: [emp=0.412935, beta=0.446138]

Processing phenotype [ENSG00000182327.7] [108/178]
  * #variants in cis = 6
  * Best hit: [id=17_internal_8395, d=240484, pv=0.259341, s=0.0893]
  * Beta parameters: [s1=1.00568, s2=5.53189]
  * Adjusted p-values: [emp=0.79602, beta=0.821967]

Processing phenotype [ENSG00000142507.5] [109/178]
  * #variants in cis = 6
  * Best hit: [id=17_internal_8395, d=233299, pv=0.00495348, s=0.2135]
  * Maximum Likelihood estimation failed, use Moment Matching instead!
  * Beta parameters: [s1=1.00004, s2=4.61012]
  * Adjusted p-values: [emp=0.0248756, beta=0.0308876]

Processing phenotype [ENSG00000129219.8] [110/178]
  * #variants in cis = 6
  * Best hit: [id=17_internal_8395, d=222347, pv=0.0868294, s=0.1370]
  * Beta parameters: [s1=0.994914, s2=6.39686]
  * Adjusted p-values: [emp=0.462687, beta=0.431739]

Processing phenotype [ENSG00000141503.11] [111/178]
  * #variants in cis = 6
  * Best hit: [id=17_internal_8421, d=0, pv=0.00223636, s=0.2409]
  * Maximum Likelihood estimation failed, use Moment Matching instead!
  * Beta parameters: [s1=1.00002, s2=5.10992]
  * Adjusted p-values: [emp=0.0248756, beta=0.0196622]

Processing phenotype [ENSG00000230201.4] [112/178]
  * #variants in cis = 6
  * Best hit: [id=17_internal_9724, d=598533, pv=0.204557, s=-0.0999]
  * Beta parameters: [s1=1.02461, s2=7.18863]
  * Adjusted p-values: [emp=0.810945, beta=0.800457]

Processing phenotype [ENSG00000205710.3] [113/178]
  * #variants in cis = 6
  * Best hit: [id=17_internal_8395, d=130025, pv=0.18489, s=0.1072]
  * Maximum Likelihood estimation failed, use Moment Matching instead!
  * Beta parameters: [s1=1.00003, s2=5.27036]
  * Adjusted p-values: [emp=0.751244, beta=0.707733]

Processing phenotype [ENSG00000108556.7] [114/178]
  * #variants in cis = 6
  * Best hit: [id=17_internal_8395, d=-126369, pv=0.191241, s=0.1056]
  * Maximum Likelihood estimation failed, use Moment Matching instead!
  * Beta parameters: [s1=1, s2=5.45746]
  * Adjusted p-values: [emp=0.676617, beta=0.701833]

Processing phenotype [ENSG00000185245.6] [115/178]
  * #variants in cis = 6
  * Best hit: [id=17_internal_8525, d=-822521, pv=0.158086, s=0.1111]
  * Beta parameters: [s1=1.13029, s2=7.20899]
  * Adjusted p-values: [emp=0.706468, beta=0.689145]

Processing phenotype [ENSG00000108523.11] [116/178]
  * #variants in cis = 6
  * Best hit: [id=17_internal_8421, d=-80654, pv=0.0330549, s=0.1743]
  * Beta parameters: [s1=1.03926, s2=6.65954]
  * Adjusted p-values: [emp=0.208955, beta=0.190392]

Processing phenotype [ENSG00000108528.9] [117/178]
  * #variants in cis = 6
  * Best hit: [id=17_internal_8421, d=80897, pv=0.00123392, s=0.2458]
  * Beta parameters: [s1=0.995781, s2=6.25174]
  * Adjusted p-values: [emp=0.00995025, beta=0.00747684]

Processing phenotype [ENSG00000108515.12] [118/178]
  * #variants in cis = 6
  * Best hit: [id=17_internal_9724, d=-689251, pv=0.249892, s=0.0918]
  * Beta parameters: [s1=1.05526, s2=6.43071]
  * Adjusted p-values: [emp=0.845771, beta=0.819951]

Processing phenotype [ENSG00000108518.7] [119/178]
  * #variants in cis = 6
  * Best hit: [id=17_internal_8395, d=-80382, pv=0.263566, s=0.0888]
  * Beta parameters: [s1=1.00824, s2=7.29368]
  * Adjusted p-values: [emp=0.890547, beta=0.870602]

Processing phenotype [ENSG00000091640.3] [120/178]
  * #variants in cis = 6
  * Best hit: [id=17_internal_8421, d=108518, pv=0.135571, s=-0.1174]
  * Beta parameters: [s1=1.02209, s2=5.61295]
  * Adjusted p-values: [emp=0.646766, beta=0.620079]

Processing phenotype [ENSG00000262429.1] [121/178]
  * #variants in cis = 6
  * Best hit: [id=17_internal_8525, d=-858219, pv=0.343346, s=-0.0774]
  * Maximum Likelihood estimation failed, use Moment Matching instead!
  * Beta parameters: [s1=1.00003, s2=5.02257]
  * Adjusted p-values: [emp=0.905473, beta=0.904731]

Processing phenotype [ENSG00000234203.1] [122/178]
  * #variants in cis = 6
  * Best hit: [id=17_internal_8395, d=56592, pv=0.0365434, s=0.1655]
  * Beta parameters: [s1=1.07679, s2=6.9375]
  * Adjusted p-values: [emp=0.218905, beta=0.221515]

Processing phenotype [ENSG00000262678.1] [123/178]
  * #variants in cis = 6
  * Best hit: [id=17_internal_8421, d=-127112, pv=0.0680324, s=-0.1410]
  * Beta parameters: [s1=1.03301, s2=6.52444]
  * Adjusted p-values: [emp=0.353234, beta=0.377629]

Processing phenotype [ENSG00000203562.2] [124/178]
  * #variants in cis = 6
  * Best hit: [id=17_internal_8421, d=-127653, pv=0.0063046, s=-0.2110]
  * Maximum Likelihood estimation failed, use Moment Matching instead!
  * Beta parameters: [s1=1.00003, s2=5.06665]
  * Adjusted p-values: [emp=0.0547264, beta=0.0490565]

Processing phenotype [ENSG00000108509.15] [125/178]
  * #variants in cis = 6
  * Best hit: [id=17_internal_8395, d=-41778, pv=0.101078, s=0.1298]
  * Beta parameters: [s1=1.07268, s2=6.046]
  * Adjusted p-values: [emp=0.437811, beta=0.464124]

Processing phenotype [ENSG00000262227.1] [126/178]
  * #variants in cis = 6
  * Best hit: [id=17_internal_8395, d=41737, pv=0.159939, s=0.1117]
  * Beta parameters: [s1=1.00346, s2=5.93912]
  * Adjusted p-values: [emp=0.61194, beta=0.626981]

Processing phenotype [ENSG00000196388.4] [127/178]
  * #variants in cis = 6
  * Best hit: [id=17_internal_8421, d=138256, pv=0.0949432, s=-0.1306]
  * Beta parameters: [s1=1.00183, s2=5.51948]
  * Adjusted p-values: [emp=0.472637, beta=0.441954]

Processing phenotype [ENSG00000129250.7] [128/178]
  * #variants in cis = 6
  * Best hit: [id=17_internal_8395, d=31495, pv=0.00176777, s=0.2384]
  * Beta parameters: [s1=1.0705, s2=7.07237]
  * Adjusted p-values: [emp=0.00995025, beta=0.00825603]

Processing phenotype [ENSG00000227495.1] [129/178]
  * #variants in cis = 6
  * Best hit: [id=17_internal_8525, d=910317, pv=0.01556, s=-0.1942]
  * Beta parameters: [s1=0.984417, s2=5.96914]
  * Adjusted p-values: [emp=0.0895522, beta=0.0795075]

Processing phenotype [ENSG00000180787.5] [130/178]
  * #variants in cis = 6
  * Best hit: [id=17_internal_8395, d=-31943, pv=0.189705, s=0.1003]
  * Beta parameters: [s1=0.956347, s2=6.11655]
  * Adjusted p-values: [emp=0.726368, beta=0.751309]

Processing phenotype [ENSG00000129204.12] [131/178]
  * #variants in cis = 5
  * Best hit: [id=17_internal_9445, d=-925972, pv=0.115437, s=-0.1261]
  * Beta parameters: [s1=1.08378, s2=6.18233]
  * Adjusted p-values: [emp=0.507463, beta=0.509442]

Processing phenotype [ENSG00000029725.12] [132/178]
  * #variants in cis = 3
  * Best hit: [id=17_internal_11335, d=-38373, pv=0.583949, s=0.0418]
  * Maximum Likelihood estimation failed, use Moment Matching instead!
  * Beta parameters: [s1=1.00006, s2=2.53545]
  * Adjusted p-values: [emp=0.890547, beta=0.907509]

Processing phenotype [ENSG00000263220.1] [133/178]
  * #variants in cis = 3
  * Best hit: [id=17_internal_8421, d=512272, pv=0.10638, s=-0.1243]
  * Maximum Likelihood estimation failed, use Moment Matching instead!
  * Beta parameters: [s1=1.00003, s2=3.20847]
  * Adjusted p-values: [emp=0.248756, beta=0.245423]

Processing phenotype [ENSG00000129197.10] [134/178]
  * #variants in cis = 3
  * Best hit: [id=17_internal_8395, d=-373361, pv=0.303824, s=-0.0794]
  * Maximum Likelihood estimation failed, use Moment Matching instead!
  * Beta parameters: [s1=1.00002, s2=2.76906]
  * Adjusted p-values: [emp=0.626866, beta=0.618793]

Processing phenotype [ENSG00000108559.7] [135/178]
  * #variants in cis = 3
  * Best hit: [id=17_internal_8421, d=560831, pv=0.00741445, s=0.2058]
  * Maximum Likelihood estimation failed, use Moment Matching instead!
  * Beta parameters: [s1=1.00002, s2=3.19046]
  * Adjusted p-values: [emp=0.0497512, beta=0.0113736]

Processing phenotype [ENSG00000215099.3] [136/178]
  * #variants in cis = 3
  * Best hit: [id=17_internal_8421, d=-565820, pv=0.484123, s=-0.0537]
  * Maximum Likelihood estimation failed, use Moment Matching instead!
  * Beta parameters: [s1=1.00001, s2=3.62793]
  * Adjusted p-values: [emp=0.905473, beta=0.899874]

Processing phenotype [ENSG00000263272.1] [137/178]
  * #variants in cis = 3
  * Best hit: [id=17_internal_8421, d=573547, pv=0.502488, s=-0.0515]
  * Maximum Likelihood estimation failed, use Moment Matching instead!
  * Beta parameters: [s1=1.00003, s2=3.52697]
  * Adjusted p-values: [emp=0.915423, beta=0.895391]

Processing phenotype [ENSG00000108561.4] [138/178]
  * #variants in cis = 3
  * Best hit: [id=17_internal_11335, d=204965, pv=0.342295, s=0.0732]
  * Maximum Likelihood estimation failed, use Moment Matching instead!
  * Beta parameters: [s1=0.999973, s2=4.21021]
  * Adjusted p-values: [emp=0.756219, beta=0.751522]

Processing phenotype [ENSG00000005100.8] [139/178]
  * #variants in cis = 3
  * Best hit: [id=17_internal_8395, d=422780, pv=0.437303, s=-0.0617]
  * Maximum Likelihood estimation failed, use Moment Matching instead!
  * Beta parameters: [s1=1.00001, s2=2.98516]
  * Adjusted p-values: [emp=0.835821, beta=0.834423]

Processing phenotype [ENSG00000262099.1] [140/178]
  * #variants in cis = 3
  * Best hit: [id=17_internal_8395, d=-422812, pv=0.47349, s=-0.0555]
  * Maximum Likelihood estimation failed, use Moment Matching instead!
  * Beta parameters: [s1=0.999974, s2=3.6357]
  * Adjusted p-values: [emp=0.870647, beta=0.87785]

Processing phenotype [ENSG00000167842.11] [141/178]
  * #variants in cis = 3
  * Best hit: [id=17_internal_8421, d=-626956, pv=0.026406, s=0.1723]
  * Maximum Likelihood estimation failed, use Moment Matching instead!
  * Beta parameters: [s1=1.00002, s2=3.01545]
  * Adjusted p-values: [emp=0.0696517, beta=0.0729024]

Processing phenotype [ENSG00000072849.6] [142/178]
  * #variants in cis = 3
  * Best hit: [id=17_internal_8395, d=440531, pv=0.324826, s=-0.0771]
  * Maximum Likelihood estimation failed, use Moment Matching instead!
  * Beta parameters: [s1=0.999982, s2=3.24222]
  * Adjusted p-values: [emp=0.711443, beta=0.73002]

Processing phenotype [ENSG00000253071.1] [143/178]
  * #variants in cis = 3
  * Best hit: [id=17_internal_8421, d=654941, pv=0.181248, s=0.1050]
  * Maximum Likelihood estimation failed, use Moment Matching instead!
  * Beta parameters: [s1=1.00004, s2=2.87639]
  * Adjusted p-values: [emp=0.393035, beta=0.39411]

Processing phenotype [ENSG00000091592.10] [144/178]
  * #variants in cis = 3
  * Best hit: [id=17_internal_8395, d=573144, pv=0.0614623, s=0.1421]
  * Maximum Likelihood estimation failed, use Moment Matching instead!
  * Beta parameters: [s1=0.999947, s2=3.29539]
  * Adjusted p-values: [emp=0.21393, beta=0.209165]

Processing phenotype [ENSG00000091622.11] [145/178]
  * #variants in cis = 4
  * Best hit: [id=17_internal_11131, d=-379138, pv=0.228513, s=-0.0939]
  * Maximum Likelihood estimation failed, use Moment Matching instead!
  * Beta parameters: [s1=0.999954, s2=4.2269]
  * Adjusted p-values: [emp=0.686567, beta=0.671361]

Processing phenotype [ENSG00000129235.6] [146/178]
  * #variants in cis = 4
  * Best hit: [id=17_internal_7619, d=562781, pv=0.323683, s=0.0791]
  * Maximum Likelihood estimation failed, use Moment Matching instead!
  * Beta parameters: [s1=1.00002, s2=3.51294]
  * Adjusted p-values: [emp=0.781095, beta=0.798351]

Processing phenotype [ENSG00000198920.5] [147/178]
  * #variants in cis = 4
  * Best hit: [id=17_internal_11131, d=-294705, pv=0.484055, s=-0.0537]
  * Maximum Likelihood estimation failed, use Moment Matching instead!
  * Beta parameters: [s1=0.999946, s2=3.43552]
  * Adjusted p-values: [emp=0.910448, beta=0.910668]

Processing phenotype [ENSG00000108590.6] [148/178]
  * #variants in cis = 4
  * Best hit: [id=17_internal_7619, d=-551905, pv=0.194833, s=0.1064]
  * Maximum Likelihood estimation failed, use Moment Matching instead!
  * Beta parameters: [s1=1, s2=3.86013]
  * Adjusted p-values: [emp=0.512438, beta=0.516043]

Processing phenotype [ENSG00000212734.4] [149/178]
  * #variants in cis = 4
  * Best hit: [id=17_internal_7619, d=551888, pv=0.180172, s=0.1045]
  * Maximum Likelihood estimation failed, use Moment Matching instead!
  * Beta parameters: [s1=0.999979, s2=3.93337]
  * Adjusted p-values: [emp=0.552239, beta=0.559775]

Processing phenotype [ENSG00000256806.1] [150/178]
  * #variants in cis = 4
  * Best hit: [id=17_internal_7619, d=551800, pv=0.227558, s=0.0946]
  * Maximum Likelihood estimation failed, use Moment Matching instead!
  * Beta parameters: [s1=1.00003, s2=4.18504]
  * Adjusted p-values: [emp=0.626866, beta=0.652486]

Processing phenotype [ENSG00000261996.1] [151/178]
  * #variants in cis = 4
  * Best hit: [id=17_internal_11131, d=-280624, pv=0.37886, s=0.0687]
  * Maximum Likelihood estimation failed, use Moment Matching instead!
  * Beta parameters: [s1=1, s2=3.80228]
  * Adjusted p-values: [emp=0.870647, beta=0.842048]

Processing phenotype [ENSG00000141485.11] [152/178]
  * #variants in cis = 4
  * Best hit: [id=17_internal_11295, d=-365617, pv=0.310115, s=0.0764]
  * Maximum Likelihood estimation failed, use Moment Matching instead!
  * Beta parameters: [s1=0.999959, s2=3.8916]
  * Adjusted p-values: [emp=0.78607, beta=0.765199]

Processing phenotype [ENSG00000132530.12] [153/178]
  * #variants in cis = 4
  * Best hit: [id=17_internal_7619, d=448093, pv=0.0539144, s=0.1525]
  * Maximum Likelihood estimation failed, use Moment Matching instead!
  * Beta parameters: [s1=0.999982, s2=4.59291]
  * Adjusted p-values: [emp=0.273632, beta=0.240549]

Processing phenotype [ENSG00000177294.6] [154/178]
  * #variants in cis = 4
  * Best hit: [id=17_internal_8561, d=607363, pv=0.0123783, s=0.1953]
  * Maximum Likelihood estimation failed, use Moment Matching instead!
  * Beta parameters: [s1=0.999962, s2=3.71323]
  * Adjusted p-values: [emp=0.0547264, beta=0.0600708]

Processing phenotype [ENSG00000262943.1] [155/178]
  * #variants in cis = 4
  * Best hit: [id=17_internal_8561, d=529725, pv=0.0788681, s=-0.1396]
  * Maximum Likelihood estimation failed, use Moment Matching instead!
  * Beta parameters: [s1=0.999996, s2=3.6994]
  * Adjusted p-values: [emp=0.223881, beta=0.222413]

Processing phenotype [ENSG00000262503.1] [156/178]
  * #variants in cis = 6
  * Best hit: [id=17_internal_8351, d=-993778, pv=0.134694, s=0.1178]
  * Beta parameters: [s1=1.00903, s2=5.55716]
  * Adjusted p-values: [emp=0.572139, beta=0.597813]

Processing phenotype [ENSG00000263316.1] [157/178]
  * #variants in cis = 6
  * Best hit: [id=17_internal_7619, d=-224580, pv=0.0254676, s=-0.1713]
  * Beta parameters: [s1=1.02433, s2=6.33809]
  * Adjusted p-values: [emp=0.144279, beta=0.128002]

Processing phenotype [ENSG00000262089.1] [158/178]
  * #variants in cis = 6
  * Best hit: [id=17_internal_7619, d=-208351, pv=0.291445, s=0.0811]
  * Beta parameters: [s1=0.95661, s2=6.22886]
  * Adjusted p-values: [emp=0.905473, beta=0.887343]

Processing phenotype [ENSG00000108839.7] [159/178]
  * #variants in cis = 6
  * Best hit: [id=17_internal_10671, d=901090, pv=0.033718, s=0.1697]
  * Beta parameters: [s1=1.09049, s2=6.67793]
  * Adjusted p-values: [emp=0.20398, beta=0.183999]

Processing phenotype [ENSG00000215067.5] [160/178]
  * #variants in cis = 6
  * Best hit: [id=17_internal_7619, d=-191191, pv=0.2014, s=0.1022]
  * Beta parameters: [s1=1.03491, s2=6.83396]
  * Adjusted p-values: [emp=0.741294, beta=0.764028]

Processing phenotype [ENSG00000219200.5] [161/178]
  * #variants in cis = 6
  * Best hit: [id=17_internal_11131, d=-71327, pv=0.411613, s=-0.0637]
  * Beta parameters: [s1=0.971346, s2=5.39164]
  * Adjusted p-values: [emp=0.950249, beta=0.952897]

Processing phenotype [ENSG00000161939.11] [162/178]
  * #variants in cis = 6
  * Best hit: [id=17_internal_11131, d=-71545, pv=0.352917, s=-0.0717]
  * Beta parameters: [s1=1.02735, s2=7.61765]
  * Adjusted p-values: [emp=0.945274, beta=0.954074]

Processing phenotype [ENSG00000269871.1] [163/178]
  * #variants in cis = 6
  * Best hit: [id=17_internal_8351, d=-907533, pv=0.282339, s=0.0831]
  * Beta parameters: [s1=1.07662, s2=7.99912]
  * Adjusted p-values: [emp=0.905473, beta=0.894028]

Processing phenotype [ENSG00000258315.1] [164/178]
  * #variants in cis = 6
  * Best hit: [id=17_internal_8351, d=907474, pv=0.168637, s=0.1055]
  * Beta parameters: [s1=0.956141, s2=7.20218]
  * Adjusted p-values: [emp=0.686567, beta=0.680236]

Processing phenotype [ENSG00000267047.1] [165/178]
  * #variants in cis = 6
  * Best hit: [id=17_internal_8351, d=-902555, pv=0.134964, s=0.1159]
  * Beta parameters: [s1=1.03905, s2=5.90868]
  * Adjusted p-values: [emp=0.61194, beta=0.572203]

Processing phenotype [ENSG00000267532.1] [166/178]
  * #variants in cis = 6
  * Best hit: [id=17_internal_11131, d=78569, pv=0.0816054, s=-0.1364]
  * Beta parameters: [s1=0.976994, s2=7.19484]
  * Adjusted p-values: [emp=0.432836, beta=0.436275]

Processing phenotype [ENSG00000174327.6] [167/178]
  * #variants in cis = 6
  * Best hit: [id=17_internal_8351, d=885894, pv=0.247332, s=0.0924]
  * Maximum Likelihood estimation failed, use Moment Matching instead!
  * Beta parameters: [s1=1.00004, s2=4.64691]
  * Adjusted p-values: [emp=0.78607, beta=0.774009]

Processing phenotype [ENSG00000072778.14] [168/178]
  * #variants in cis = 8
  * Best hit: [id=17_internal_7619, d=0, pv=8.68899e-05, s=0.2954]
  * Beta parameters: [s1=1.04092, s2=6.75846]
  * Adjusted p-values: [emp=0.00497512, beta=0.000608576]

Processing phenotype [ENSG00000132535.13] [169/178]
  * #variants in cis = 8
  * Best hit: [id=17_internal_7619, d=0, pv=0.0102438, s=0.2058]
  * Beta parameters: [s1=1.06372, s2=6.81915]
  * Adjusted p-values: [emp=0.0895522, beta=0.0812648]

Processing phenotype [ENSG00000199053.1] [170/178]
  * #variants in cis = 8
  * Best hit: [id=17_internal_7619, d=2101, pv=0.0016332, s=0.2430]
  * Beta parameters: [s1=0.955661, s2=9.80111]
  * Adjusted p-values: [emp=0.0348259, beta=0.016056]

Processing phenotype [ENSG00000004975.7] [171/178]
  * #variants in cis = 8
  * Best hit: [id=17_internal_7619, d=13267, pv=0.0141847, s=0.1904]
  * Beta parameters: [s1=1.03177, s2=8.11074]
  * Adjusted p-values: [emp=0.0945274, beta=0.104261]

Processing phenotype [ENSG00000040633.8] [172/178]
  * #variants in cis = 9
  * Best hit: [id=17_internal_8268, d=-945544, pv=0.0270074, s=-0.1714]
  * Beta parameters: [s1=1.01139, s2=9.00077]
  * Adjusted p-values: [emp=0.293532, beta=0.270497]

Processing phenotype [ENSG00000170296.5] [173/178]
  * #variants in cis = 9
  * Best hit: [id=17_internal_10671, d=-654385, pv=0.0543139, s=-0.1493]
  * Beta parameters: [s1=0.954423, s2=9.34339]
  * Adjusted p-values: [emp=0.442786, beta=0.44434]

Processing phenotype [ENSG00000262526.2] [174/178]
  * #variants in cis = 9
  * Best hit: [id=17_internal_10671, d=-652520, pv=0.0420034, s=-0.1561]
  * Beta parameters: [s1=1.05534, s2=8.18051]
  * Adjusted p-values: [emp=0.278607, beta=0.284743]

Processing phenotype [ENSG00000170291.9] [175/178]
  * #variants in cis = 9
  * Best hit: [id=17_internal_8268, d=933850, pv=0.122225, s=-0.1191]
  * Beta parameters: [s1=0.982276, s2=9.43132]
  * Adjusted p-values: [emp=0.59204, beta=0.58828]

Processing phenotype [ENSG00000175826.7] [176/178]
  * #variants in cis = 9
  * Best hit: [id=17_internal_10671, d=-644664, pv=0.0272005, s=-0.1721]
  * Beta parameters: [s1=0.97776, s2=12.0972]
  * Adjusted p-values: [emp=0.199005, beta=0.163708]

Processing phenotype [ENSG00000262302.1] [177/178]
  * #variants in cis = 9
  * Best hit: [id=17_internal_11131, d=320999, pv=0.155209, s=-0.1117]
  * Beta parameters: [s1=1.04482, s2=10.3043]
  * Adjusted p-values: [emp=0.78607, beta=0.775146]

Processing phenotype [ENSG00000132507.13] [178/178]
  * #variants in cis = 9
  * Best hit: [id=17_internal_7619, d=-85721, pv=0.134041, s=0.1199]
  * Beta parameters: [s1=0.947519, s2=9.39609]
  * Adjusted p-values: [emp=0.711443, beta=0.745334]

Running time: 2 seconds
