Sender: LSF System <lsfadmin@cpt13>
Subject: Job 971577: </data/unige/funpopgen/odelanea/SGX/V2/binaries/qtltools/bin/QTLtools cis --vcf /data/unige/funpopgen/grey2/SYSCID/BLUEPRINT_DATA/CRD/THREE_CELL_TYPES/CLOMICS/CELL_TYPE_COMPARISON_GENE_CRD_ASSOCIATIONS/quantify/70_vs_73_ALL.ALLchr.mean.txt.gz --bed /data/unige/funpopgen/grey2/SYSCID/BLUEPRINT_DATA/CRD/THREE_CELL_TYPES/QTL_TOOLS/EGAD00001002675_v3.0/EGAD00001002675_RNA.PC10.bed.gz --permute 200 --chunk 29 100 --out /data/unige/funpopgen/grey2/SYSCID/BLUEPRINT_DATA/CRD/THREE_CELL_TYPES/CLOMICS/CELL_TYPE_COMPARISON_GENE_CRD_ASSOCIATIONS/mapping_aCRD_gene/70_vs_73/gene_CRD_mean_chunk29\.txt> in cluster <ug> Done

Job </data/unige/funpopgen/odelanea/SGX/V2/binaries/qtltools/bin/QTLtools cis --vcf /data/unige/funpopgen/grey2/SYSCID/BLUEPRINT_DATA/CRD/THREE_CELL_TYPES/CLOMICS/CELL_TYPE_COMPARISON_GENE_CRD_ASSOCIATIONS/quantify/70_vs_73_ALL.ALLchr.mean.txt.gz --bed /data/unige/funpopgen/grey2/SYSCID/BLUEPRINT_DATA/CRD/THREE_CELL_TYPES/QTL_TOOLS/EGAD00001002675_v3.0/EGAD00001002675_RNA.PC10.bed.gz --permute 200 --chunk 29 100 --out /data/unige/funpopgen/grey2/SYSCID/BLUEPRINT_DATA/CRD/THREE_CELL_TYPES/CLOMICS/CELL_TYPE_COMPARISON_GENE_CRD_ASSOCIATIONS/mapping_aCRD_gene/70_vs_73/gene_CRD_mean_chunk29\.txt> was submitted from host <cpt01> by user <grey2> in cluster <ug>.
Job was executed on host(s) <cpt13>, in queue <normal>, as user <grey2> in cluster <ug>.
</home/grey2> was used as the home directory.
</data/unige/funpopgen/grey2/SYSCID/BLUEPRINT_DATA/CRD/THREE_CELL_TYPES/CLOMICS/CELL_TYPE_COMPARISON_GENE_CRD_ASSOCIATIONS> was used as the working directory.
Started at Fri Mar 15 14:02:52 2019
Results reported at Fri Mar 15 14:02:56 2019

Your job looked like:

------------------------------------------------------------
# LSBATCH: User input
/data/unige/funpopgen/odelanea/SGX/V2/binaries/qtltools/bin/QTLtools cis --vcf /data/unige/funpopgen/grey2/SYSCID/BLUEPRINT_DATA/CRD/THREE_CELL_TYPES/CLOMICS/CELL_TYPE_COMPARISON_GENE_CRD_ASSOCIATIONS/quantify/70_vs_73_ALL.ALLchr.mean.txt.gz --bed /data/unige/funpopgen/grey2/SYSCID/BLUEPRINT_DATA/CRD/THREE_CELL_TYPES/QTL_TOOLS/EGAD00001002675_v3.0/EGAD00001002675_RNA.PC10.bed.gz --permute 200 --chunk 29 100 --out /data/unige/funpopgen/grey2/SYSCID/BLUEPRINT_DATA/CRD/THREE_CELL_TYPES/CLOMICS/CELL_TYPE_COMPARISON_GENE_CRD_ASSOCIATIONS/mapping_aCRD_gene/70_vs_73/gene_CRD_mean_chunk29\.txt

------------------------------------------------------------

Successfully completed.

Resource usage summary:

    CPU time :               2.63 sec.
    Max Memory :             13.06 MB
    Average Memory :         13.06 MB
    Total Requested Memory : -
    Delta Memory :           -
    (Delta: the difference between total requested memory and actual max usage.)
    Max Swap :               346 MB

    Max Processes :          4
    Max Threads :            5

The output (if any) follows:


[32mQTLtools[0m
  * Authors : Olivier DELANEAU / Halit ONGEN / Emmanouil DERMITZAKIS
  * Contact : olivier.delaneau@gmail.com / halit.ongen@unige.ch / Emmanouil.Dermitzakis@unige.ch
  * Webpage : https://qtltools.github.io/qtltools/
  * Version : 1.1
  * Date    : 15/03/2019 - 14:02:53
  * Citation: A complete tool set for molecular QTL discovery and analysis, https://doi.org/10.1101/068635

[32mMAPPING QTL IN CIS[0m
  * TASK: Perform 200 permutations
  * Linear model: Phe ~ Var
  * Cis-window size is 1000000 bp
  * Chunk = [29/100]

Scanning phenotype data in [/data/unige/funpopgen/grey2/SYSCID/BLUEPRINT_DATA/CRD/THREE_CELL_TYPES/QTL_TOOLS/EGAD00001002675_v3.0/EGAD00001002675_RNA.PC10.bed.gz]
  * 21589 phenotypes included
  * 10706 phenotypes are on the negative strand

Initialize random number generator
  * Built-in seed is 15112011
  * First Integer = 30554
  * First Double = 0.0126695

Reading sample list from [/data/unige/funpopgen/grey2/SYSCID/BLUEPRINT_DATA/CRD/THREE_CELL_TYPES/QTL_TOOLS/EGAD00001002675_v3.0/EGAD00001002675_RNA.PC10.bed.gz]
  * #samples = 196

Reading sample list from [/data/unige/funpopgen/grey2/SYSCID/BLUEPRINT_DATA/CRD/THREE_CELL_TYPES/CLOMICS/CELL_TYPE_COMPARISON_GENE_CRD_ASSOCIATIONS/quantify/70_vs_73_ALL.ALLchr.mean.txt.gz]
  * #samples = 165

Merging sample sets from all input files
  * #files = 2
  * #samples in all files = 165
  * #samples NOT in all files (i.e. ignored) = 31

Reading phenotype data in [/data/unige/funpopgen/grey2/SYSCID/BLUEPRINT_DATA/CRD/THREE_CELL_TYPES/QTL_TOOLS/EGAD00001002675_v3.0/EGAD00001002675_RNA.PC10.bed.gz]
  * target region [2:113033171-148779147]
  * 173 phenotypes included
  * 79 phenotypes are on the negative strand

Reading genotype data in [/data/unige/funpopgen/grey2/SYSCID/BLUEPRINT_DATA/CRD/THREE_CELL_TYPES/CLOMICS/CELL_TYPE_COMPARISON_GENE_CRD_ASSOCIATIONS/quantify/70_vs_73_ALL.ALLchr.mean.txt.gz]
  * File format detected: BED
  * 165 samples included
  * 2 samples without phenotype data
  * target region [2:112033171-149779147]
  * 51 variants included

Processing phenotype [ENSG00000188177.9] [1/173]
  * #variants in cis = 9
  * Best hit: [id=2_internal_17258, d=914421, pv=0.285726, s=0.0824]
  * Beta parameters: [s1=0.923298, s2=9.77265]
  * Adjusted p-values: [emp=0.955224, beta=0.953087]

Processing phenotype [ENSG00000235258.1] [2/173]
  * #variants in cis = 9
  * Best hit: [id=2_internal_14192, d=-948307, pv=0.0691736, s=-0.1371]
  * Beta parameters: [s1=0.931569, s2=8.58912]
  * Adjusted p-values: [emp=0.412935, beta=0.420487]

Processing phenotype [ENSG00000248341.1] [3/173]
  * #variants in cis = 9
  * Best hit: [id=2_internal_19993, d=648159, pv=0.033685, s=-0.1676]
  * Beta parameters: [s1=0.906621, s2=10.5475]
  * Adjusted p-values: [emp=0.293532, beta=0.265278]

Processing phenotype [ENSG00000169629.7] [4/173]
  * #variants in cis = 8
  * Best hit: [id=2_internal_15212, d=81555, pv=0.000848548, s=0.2613]
  * Beta parameters: [s1=1.00408, s2=7.63771]
  * Adjusted p-values: [emp=0.00497512, beta=0.00686507]

Processing phenotype [ENSG00000114999.6] [5/173]
  * #variants in cis = 6
  * Best hit: [id=2_internal_14192, d=752575, pv=0.0592732, s=-0.1510]
  * Beta parameters: [s1=0.947034, s2=5.79986]
  * Adjusted p-values: [emp=0.338308, beta=0.344528]

Processing phenotype [ENSG00000125630.11] [6/173]
  * #variants in cis = 7
  * Best hit: [id=2_internal_15212, d=-188982, pv=0.000421203, s=0.2618]
  * Beta parameters: [s1=0.828144, s2=8.66381]
  * Adjusted p-values: [emp=0.00995025, beta=0.00243558]

Processing phenotype [ENSG00000125611.11] [7/173]
  * #variants in cis = 7
  * Best hit: [id=2_internal_15212, d=-231307, pv=0.430798, s=-0.0628]
  * Beta parameters: [s1=0.913896, s2=7.03532]
  * Adjusted p-values: [emp=0.985075, beta=0.978088]

Processing phenotype [ENSG00000243389.1] [8/173]
  * #variants in cis = 8
  * Best hit: [id=2_internal_15666, d=-396227, pv=0.317858, s=0.0807]
  * Beta parameters: [s1=0.991069, s2=7.60102]
  * Adjusted p-values: [emp=0.960199, beta=0.949701]

Processing phenotype [ENSG00000228251.1] [9/173]
  * #variants in cis = 8
  * Best hit: [id=2_internal_17258, d=599219, pv=0.0715763, s=-0.1354]
  * Beta parameters: [s1=0.888336, s2=7.3893]
  * Adjusted p-values: [emp=0.427861, beta=0.44724]

Processing phenotype [ENSG00000237753.1] [10/173]
  * #variants in cis = 8
  * Best hit: [id=2_internal_13980, d=0, pv=0.00127438, s=0.2467]
  * Beta parameters: [s1=1.08293, s2=8.95811]
  * Adjusted p-values: [emp=0.0149254, beta=0.00764617]

Processing phenotype [ENSG00000144136.6] [11/173]
  * #variants in cis = 8
  * Best hit: [id=2_internal_13980, d=0, pv=1.09911e-05, s=0.3336]
  * Beta parameters: [s1=1.02899, s2=6.65984]
  * Adjusted p-values: [emp=0.00497512, beta=6.94449e-05]

Processing phenotype [ENSG00000144130.7] [12/173]
  * #variants in cis = 9
  * Best hit: [id=2_internal_13980, d=-58058, pv=0.00508432, s=0.2133]
  * Beta parameters: [s1=0.940722, s2=9.50943]
  * Adjusted p-values: [emp=0.039801, beta=0.0414916]

Processing phenotype [ENSG00000169607.8] [13/173]
  * #variants in cis = 9
  * Best hit: [id=2_internal_13093, d=-734252, pv=0.00296829, s=-0.2288]
  * Beta parameters: [s1=1.13883, s2=8.60534]
  * Adjusted p-values: [emp=0.0447761, beta=0.0320709]

Processing phenotype [ENSG00000125538.7] [14/173]
  * #variants in cis = 9
  * Best hit: [id=2_internal_13623, d=-855448, pv=0.251359, s=-0.0913]
  * Beta parameters: [s1=0.891092, s2=8.31966]
  * Adjusted p-values: [emp=0.915423, beta=0.92114]

Processing phenotype [ENSG00000136689.14] [15/173]
  * #variants in cis = 9
  * Best hit: [id=2_internal_15666, d=-914401, pv=0.0431995, s=0.1609]
  * Beta parameters: [s1=1.02033, s2=10.8211]
  * Adjusted p-values: [emp=0.323383, beta=0.278158]

Processing phenotype [ENSG00000125637.10] [16/173]
  * #variants in cis = 9
  * Best hit: [id=2_internal_14192, d=77404, pv=0.000311618, s=-0.2632]
  * Beta parameters: [s1=0.953205, s2=9.30455]
  * Adjusted p-values: [emp=0.00497512, beta=0.00300965]

Processing phenotype [ENSG00000234174.1] [17/173]
  * #variants in cis = 9
  * Best hit: [id=2_internal_14192, d=-59369, pv=0.0107268, s=-0.1931]
  * Beta parameters: [s1=0.934477, s2=7.64254]
  * Adjusted p-values: [emp=0.0895522, beta=0.0913317]

Processing phenotype [ENSG00000189223.7] [18/173]
  * #variants in cis = 8
  * Best hit: [id=2_internal_14192, d=23207, pv=2.43705e-35, s=0.7788]
  * Beta parameters: [s1=0.997873, s2=11.1061]
  * Adjusted p-values: [emp=0.00497512, beta=5.90949e-40]

Processing phenotype [ENSG00000258395.1] [19/173]
  * #variants in cis = 8
  * Best hit: [id=2_internal_14192, d=0, pv=1.64311e-30, s=0.7357]
  * Beta parameters: [s1=1.01145, s2=9.28081]
  * Adjusted p-values: [emp=0.00497512, beta=5.99221e-31]

Processing phenotype [ENSG00000125618.12] [20/173]
  * #variants in cis = 8
  * Best hit: [id=2_internal_14192, d=5508, pv=7.41845e-33, s=0.7650]
  * Beta parameters: [s1=1.09383, s2=7.57929]
  * Adjusted p-values: [emp=0.00497512, beta=7.15397e-32]

Processing phenotype [ENSG00000234997.1] [21/173]
  * #variants in cis = 7
  * Best hit: [id=2_internal_14462, d=160121, pv=0.167201, s=0.1083]
  * Beta parameters: [s1=1.09995, s2=7.54052]
  * Adjusted p-values: [emp=0.696517, beta=0.688572]

Processing phenotype [ENSG00000136682.10] [22/173]
  * #variants in cis = 7
  * Best hit: [id=2_internal_13093, d=61238, pv=0.00134886, s=0.2445]
  * Beta parameters: [s1=0.995794, s2=6.30255]
  * Adjusted p-values: [emp=0.0149254, beta=0.00662654]

Processing phenotype [ENSG00000238091.1] [23/173]
  * #variants in cis = 7
  * Best hit: [id=2_internal_13623, d=-244499, pv=0.00427404, s=-0.2158]
  * Beta parameters: [s1=1.01171, s2=8.7945]
  * Adjusted p-values: [emp=0.0298507, beta=0.0238688]

Processing phenotype [ENSG00000146556.9] [24/173]
  * #variants in cis = 7
  * Best hit: [id=2_internal_13623, d=108264, pv=0.000731251, s=-0.2584]
  * Beta parameters: [s1=0.93176, s2=6.89211]
  * Adjusted p-values: [emp=0.0199005, beta=0.0077768]

Processing phenotype [ENSG00000236397.2] [25/173]
  * #variants in cis = 7
  * Best hit: [id=2_internal_13623, d=-90784, pv=1.4676e-09, s=0.4633]
  * Beta parameters: [s1=1.01666, s2=7.36706]
  * Adjusted p-values: [emp=0.00497512, beta=4.42885e-09]

Processing phenotype [ENSG00000240356.2] [26/173]
  * #variants in cis = 7
  * Best hit: [id=2_internal_13623, d=-65261, pv=5.26228e-05, s=0.3127]
  * Beta parameters: [s1=0.911921, s2=8.2288]
  * Adjusted p-values: [emp=0.00497512, beta=0.000252776]

Processing phenotype [ENSG00000144134.12] [27/173]
  * #variants in cis = 7
  * Best hit: [id=2_internal_13980, d=-963801, pv=0.0228847, s=-0.1749]
  * Beta parameters: [s1=0.952504, s2=6.74953]
  * Adjusted p-values: [emp=0.164179, beta=0.163129]

Processing phenotype [ENSG00000227359.1] [28/173]
  * #variants in cis = 6
  * Best hit: [id=2_internal_13623, d=3213, pv=0.0201125, s=-0.1806]
  * Beta parameters: [s1=0.959912, s2=5.57205]
  * Adjusted p-values: [emp=0.129353, beta=0.1151]

Processing phenotype [ENSG00000265429.1] [29/173]
  * #variants in cis = 6
  * Best hit: [id=2_internal_14192, d=447926, pv=0.0532736, s=-0.1529]
  * Beta parameters: [s1=0.855667, s2=6.42771]
  * Adjusted p-values: [emp=0.303483, beta=0.297606]

Processing phenotype [ENSG00000115084.8] [30/173]
  * #variants in cis = 6
  * Best hit: [id=2_internal_14192, d=483381, pv=0.00247019, s=-0.2319]
  * Maximum Likelihood estimation failed, use Moment Matching instead!
  * Beta parameters: [s1=1.00003, s2=5.3319]
  * Adjusted p-values: [emp=0.0348259, beta=0.0147479]

Processing phenotype [ENSG00000244063.1] [31/173]
  * #variants in cis = 6
  * Best hit: [id=2_internal_19993, d=832943, pv=0.20127, s=0.0989]
  * Maximum Likelihood estimation failed, use Moment Matching instead!
  * Beta parameters: [s1=0.999995, s2=5.34364]
  * Adjusted p-values: [emp=0.726368, beta=0.725516]

Processing phenotype [ENSG00000228857.2] [32/173]
  * #variants in cis = 6
  * Best hit: [id=2_internal_19993, d=845180, pv=0.0693001, s=0.1450]
  * Beta parameters: [s1=1.06921, s2=6.93006]
  * Adjusted p-values: [emp=0.378109, beta=0.363762]

Processing phenotype [ENSG00000115091.6] [33/173]
  * #variants in cis = 6
  * Best hit: [id=2_internal_13093, d=-385367, pv=0.0946081, s=0.1332]
  * Beta parameters: [s1=1.08515, s2=6.61501]
  * Adjusted p-values: [emp=0.502488, beta=0.481798]

Processing phenotype [ENSG00000234199.2] [34/173]
  * #variants in cis = 6
  * Best hit: [id=2_internal_14192, d=-706127, pv=0.0171174, s=0.1855]
  * Beta parameters: [s1=0.944522, s2=6.92916]
  * Adjusted p-values: [emp=0.0945274, beta=0.0931947]

Processing phenotype [ENSG00000243179.1] [35/173]
  * #variants in cis = 6
  * Best hit: [id=2_internal_14192, d=-706467, pv=0.184617, s=0.1085]
  * Beta parameters: [s1=0.88196, s2=7.35739]
  * Adjusted p-values: [emp=0.761194, beta=0.749158]

Processing phenotype [ENSG00000215984.1] [36/173]
  * #variants in cis = 6
  * Best hit: [id=2_internal_14192, d=716654, pv=0.0943709, s=0.1326]
  * Beta parameters: [s1=1.08817, s2=7.79864]
  * Adjusted p-values: [emp=0.457711, beta=0.455966]

Processing phenotype [ENSG00000212182.1] [37/173]
  * #variants in cis = 5
  * Best hit: [id=2_internal_13093, d=501062, pv=0.24488, s=0.0922]
  * Maximum Likelihood estimation failed, use Moment Matching instead!
  * Beta parameters: [s1=1.00005, s2=4.47589]
  * Adjusted p-values: [emp=0.761194, beta=0.766432]

Processing phenotype [ENSG00000088205.8] [38/173]
  * #variants in cis = 2
  * Best hit: [id=2_internal_15709, d=0, pv=0.0017391, s=0.2390]
  * Maximum Likelihood estimation failed, use Moment Matching instead!
  * Beta parameters: [s1=1.00002, s2=1.9767]
  * Adjusted p-values: [emp=0.00995025, beta=0.00435633]

Processing phenotype [ENSG00000236255.1] [39/173]
  * #variants in cis = 2
  * Best hit: [id=2_internal_15709, d=0, pv=0.000627646, s=0.2526]
  * Maximum Likelihood estimation failed, use Moment Matching instead!
  * Beta parameters: [s1=1.00002, s2=1.89347]
  * Adjusted p-values: [emp=0.00497512, beta=0.00174851]

Processing phenotype [ENSG00000125631.7] [40/173]
  * #variants in cis = 3
  * Best hit: [id=2_internal_13835, d=995462, pv=0.626983, s=-0.0388]
  * Maximum Likelihood estimation failed, use Moment Matching instead!
  * Beta parameters: [s1=0.999985, s2=2.49699]
  * Adjusted p-values: [emp=0.920398, beta=0.916597]

Processing phenotype [ENSG00000224967.1] [41/173]
  * #variants in cis = 4
  * Best hit: [id=2_internal_16110, d=-233619, pv=0.242327, s=-0.0935]
  * Maximum Likelihood estimation failed, use Moment Matching instead!
  * Beta parameters: [s1=0.999993, s2=4.19178]
  * Adjusted p-values: [emp=0.656716, beta=0.654525]

Processing phenotype [ENSG00000235066.2] [42/173]
  * #variants in cis = 4
  * Best hit: [id=2_internal_13835, d=859279, pv=0.093255, s=-0.1330]
  * Maximum Likelihood estimation failed, use Moment Matching instead!
  * Beta parameters: [s1=0.999997, s2=3.70561]
  * Adjusted p-values: [emp=0.318408, beta=0.31907]

Processing phenotype [ENSG00000125633.6] [43/173]
  * #variants in cis = 4
  * Best hit: [id=2_internal_15709, d=177380, pv=0.0229046, s=0.1821]
  * Maximum Likelihood estimation failed, use Moment Matching instead!
  * Beta parameters: [s1=1, s2=4.7003]
  * Adjusted p-values: [emp=0.0597015, beta=0.0777973]

Processing phenotype [ENSG00000125629.10] [44/173]
  * #variants in cis = 4
  * Best hit: [id=2_internal_16110, d=79956, pv=0.201481, s=-0.1008]
  * Maximum Likelihood estimation failed, use Moment Matching instead!
  * Beta parameters: [s1=0.999961, s2=4.62036]
  * Adjusted p-values: [emp=0.58209, beta=0.584154]

Processing phenotype [ENSG00000115107.15] [45/173]
  * #variants in cis = 4
  * Best hit: [id=2_internal_13835, d=-273817, pv=0.246062, s=0.0896]
  * Maximum Likelihood estimation failed, use Moment Matching instead!
  * Beta parameters: [s1=0.999948, s2=3.49543]
  * Adjusted p-values: [emp=0.661692, beta=0.64629]

Processing phenotype [ENSG00000186132.10] [46/173]
  * #variants in cis = 4
  * Best hit: [id=2_internal_17856, d=-560279, pv=0.253752, s=0.0886]
  * Maximum Likelihood estimation failed, use Moment Matching instead!
  * Beta parameters: [s1=1.00003, s2=4.114]
  * Adjusted p-values: [emp=0.706468, beta=0.704545]

Processing phenotype [ENSG00000155368.12] [47/173]
  * #variants in cis = 4
  * Best hit: [id=2_internal_13387, d=554573, pv=0.341324, s=0.0715]
  * Maximum Likelihood estimation failed, use Moment Matching instead!
  * Beta parameters: [s1=1.00004, s2=4.35824]
  * Adjusted p-values: [emp=0.845771, beta=0.828099]

Processing phenotype [ENSG00000088179.4] [48/173]
  * #variants in cis = 4
  * Best hit: [id=2_internal_17856, d=167476, pv=0.111382, s=0.1264]
  * Maximum Likelihood estimation failed, use Moment Matching instead!
  * Beta parameters: [s1=1.00001, s2=3.4491]
  * Adjusted p-values: [emp=0.348259, beta=0.328759]

Processing phenotype [ENSG00000238368.1] [49/173]
  * #variants in cis = 4
  * Best hit: [id=2_internal_19105, d=-902955, pv=0.0738241, s=0.1378]
  * Maximum Likelihood estimation failed, use Moment Matching instead!
  * Beta parameters: [s1=0.999977, s2=4.42897]
  * Adjusted p-values: [emp=0.238806, beta=0.238897]

Processing phenotype [ENSG00000115109.9] [50/173]
  * #variants in cis = 3
  * Best hit: [id=2_internal_17856, d=0, pv=0.0258919, s=0.1699]
  * Maximum Likelihood estimation failed, use Moment Matching instead!
  * Beta parameters: [s1=1.00001, s2=3.01585]
  * Adjusted p-values: [emp=0.079602, beta=0.117336]

Processing phenotype [ENSG00000236878.1] [51/173]
  * #variants in cis = 2
  * Best hit: [id=2_internal_17856, d=-99159, pv=0.528476, s=-0.0490]
  * Maximum Likelihood estimation failed, use Moment Matching instead!
  * Beta parameters: [s1=1.00003, s2=2.04407]
  * Adjusted p-values: [emp=0.791045, beta=0.772147]

Processing phenotype [ENSG00000227788.1] [52/173]
  * #variants in cis = 2
  * Best hit: [id=2_internal_17856, d=-99832, pv=0.664507, s=0.0338]
  * Maximum Likelihood estimation failed, use Moment Matching instead!
  * Beta parameters: [s1=0.999975, s2=1.77087]
  * Adjusted p-values: [emp=0.890547, beta=0.865718]

Processing phenotype [ENSG00000233286.1] [53/173]
  * #variants in cis = 2
  * Best hit: [id=2_internal_17856, d=-101040, pv=0.387614, s=0.0668]
  * Maximum Likelihood estimation failed, use Moment Matching instead!
  * Beta parameters: [s1=0.999975, s2=1.85723]
  * Adjusted p-values: [emp=0.651741, beta=0.635268]

Processing phenotype [ENSG00000243104.1] [54/173]
  * #variants in cis = 2
  * Best hit: [id=2_internal_17856, d=-101449, pv=0.713226, s=-0.0292]
  * Maximum Likelihood estimation failed, use Moment Matching instead!
  * Beta parameters: [s1=0.999965, s2=2.32924]
  * Adjusted p-values: [emp=0.930348, beta=0.934726]

Processing phenotype [ENSG00000234065.2] [55/173]
  * #variants in cis = 2
  * Best hit: [id=2_internal_17856, d=-101736, pv=0.874662, s=-0.0123]
  * Maximum Likelihood estimation failed, use Moment Matching instead!
  * Beta parameters: [s1=1.00001, s2=2.00934]
  * Adjusted p-values: [emp=0.99005, beta=0.984814]

Processing phenotype [ENSG00000223549.1] [56/173]
  * #variants in cis = 2
  * Best hit: [id=2_internal_13387, d=-283422, pv=0.457271, s=-0.0581]
  * Maximum Likelihood estimation failed, use Moment Matching instead!
  * Beta parameters: [s1=1.00003, s2=2.01821]
  * Adjusted p-values: [emp=0.726368, beta=0.726907]

Processing phenotype [ENSG00000224789.1] [57/173]
  * #variants in cis = 2
  * Best hit: [id=2_internal_13387, d=284785, pv=0.346652, s=-0.0709]
  * Maximum Likelihood estimation failed, use Moment Matching instead!
  * Beta parameters: [s1=0.999989, s2=1.90286]
  * Adjusted p-values: [emp=0.621891, beta=0.581196]

Processing phenotype [ENSG00000226479.3] [58/173]
  * #variants in cis = 2
  * Best hit: [id=2_internal_17856, d=111513, pv=0.0596768, s=0.1485]
  * Maximum Likelihood estimation failed, use Moment Matching instead!
  * Beta parameters: [s1=0.999972, s2=2.15604]
  * Adjusted p-values: [emp=0.104478, beta=0.102588]

Processing phenotype [ENSG00000144118.8] [59/173]
  * #variants in cis = 2
  * Best hit: [id=2_internal_17856, d=-128169, pv=0.0255923, s=0.1750]
  * Maximum Likelihood estimation failed, use Moment Matching instead!
  * Beta parameters: [s1=1.00001, s2=2.0107]
  * Adjusted p-values: [emp=0.0696517, beta=0.0734008]

Processing phenotype [ENSG00000235840.1] [60/173]
  * #variants in cis = 2
  * Best hit: [id=2_internal_17856, d=-207112, pv=0.160708, s=0.1054]
  * Maximum Likelihood estimation failed, use Moment Matching instead!
  * Beta parameters: [s1=1.00003, s2=1.89929]
  * Adjusted p-values: [emp=0.303483, beta=0.289807]

Processing phenotype [ENSG00000163083.5] [61/173]
  * #variants in cis = 2
  * Best hit: [id=2_internal_17856, d=-234248, pv=0.0612557, s=0.1489]
  * Maximum Likelihood estimation failed, use Moment Matching instead!
  * Beta parameters: [s1=0.99999, s2=1.90155]
  * Adjusted p-values: [emp=0.159204, beta=0.115262]

Processing phenotype [ENSG00000265451.1] [62/173]
  * #variants in cis = 2
  * Best hit: [id=2_internal_15282, d=229451, pv=0.0522258, s=0.1409]
  * Maximum Likelihood estimation failed, use Moment Matching instead!
  * Beta parameters: [s1=0.999972, s2=1.86824]
  * Adjusted p-values: [emp=0.114428, beta=0.123927]

Processing phenotype [ENSG00000264229.1] [63/173]
  * #variants in cis = 2
  * Best hit: [id=2_internal_15297, d=12381, pv=0.231828, s=0.0918]
  * Maximum Likelihood estimation failed, use Moment Matching instead!
  * Beta parameters: [s1=1.00004, s2=1.75008]
  * Adjusted p-values: [emp=0.393035, beta=0.403769]

Processing phenotype [ENSG00000208506.1] [64/173]
  * #variants in cis = 2
  * Best hit: [id=2_internal_15297, d=12381, pv=0.231828, s=0.0918]
  * Maximum Likelihood estimation failed, use Moment Matching instead!
  * Beta parameters: [s1=0.999999, s2=2.28114]
  * Adjusted p-values: [emp=0.437811, beta=0.44346]

Processing phenotype [ENSG00000222467.1] [65/173]
  * #variants in cis = 2
  * Best hit: [id=2_internal_15297, d=0, pv=0.751179, s=-0.0254]
  * Maximum Likelihood estimation failed, use Moment Matching instead!
  * Beta parameters: [s1=1.00001, s2=2.05509]
  * Adjusted p-values: [emp=0.930348, beta=0.934191]

Processing phenotype [ENSG00000074054.12] [66/173]
  * #variants in cis = 2
  * Best hit: [id=2_internal_15282, d=-110286, pv=0.0873114, s=0.1341]
  * Maximum Likelihood estimation failed, use Moment Matching instead!
  * Beta parameters: [s1=1, s2=2.04428]
  * Adjusted p-values: [emp=0.19403, beta=0.178653]

Processing phenotype [ENSG00000236859.1] [67/173]
  * #variants in cis = 2
  * Best hit: [id=2_internal_15282, d=110223, pv=0.0577825, s=0.1499]
  * Maximum Likelihood estimation failed, use Moment Matching instead!
  * Beta parameters: [s1=1.00001, s2=1.88619]
  * Adjusted p-values: [emp=0.0945274, beta=0.0847718]

Processing phenotype [ENSG00000230993.1] [68/173]
  * #variants in cis = 2
  * Best hit: [id=2_internal_15297, d=40304, pv=0.313141, s=-0.0802]
  * Maximum Likelihood estimation failed, use Moment Matching instead!
  * Beta parameters: [s1=1.00002, s2=2.1233]
  * Adjusted p-values: [emp=0.567164, beta=0.566489]

Processing phenotype [ENSG00000155438.6] [69/173]
  * #variants in cis = 2
  * Best hit: [id=2_internal_15282, d=-22950, pv=0.284377, s=0.0832]
  * Maximum Likelihood estimation failed, use Moment Matching instead!
  * Beta parameters: [s1=0.999979, s2=1.88305]
  * Adjusted p-values: [emp=0.532338, beta=0.531776]

Processing phenotype [ENSG00000211460.7] [70/173]
  * #variants in cis = 2
  * Best hit: [id=2_internal_15282, d=22770, pv=0.00601333, s=0.2081]
  * Maximum Likelihood estimation failed, use Moment Matching instead!
  * Beta parameters: [s1=0.99997, s2=2.00137]
  * Adjusted p-values: [emp=0.00995025, beta=0.0153334]

Processing phenotype [ENSG00000213236.3] [71/173]
  * #variants in cis = 1
  * Best hit: [id=2_internal_14448, d=-117603, pv=0.359141, s=0.0720]
  * Maximum Likelihood estimation failed, use Moment Matching instead!
  * Beta parameters: [s1=1.00003, s2=1.06603]
  * Adjusted p-values: [emp=0.363184, beta=0.370302]

Processing phenotype [ENSG00000136732.10] [72/173]
  * #variants in cis = 3
  * Best hit: [id=2_internal_14448, d=19833, pv=0.204003, s=0.0972]
  * Maximum Likelihood estimation failed, use Moment Matching instead!
  * Beta parameters: [s1=0.999992, s2=2.77025]
  * Adjusted p-values: [emp=0.482587, beta=0.451818]

Processing phenotype [ENSG00000235128.1] [73/173]
  * #variants in cis = 3
  * Best hit: [id=2_internal_15672, d=949861, pv=0.601714, s=0.0416]
  * Maximum Likelihood estimation failed, use Moment Matching instead!
  * Beta parameters: [s1=1.00001, s2=3.17595]
  * Adjusted p-values: [emp=0.940299, beta=0.936417]

Processing phenotype [ENSG00000163161.8] [74/173]
  * #variants in cis = 3
  * Best hit: [id=2_internal_15744, d=-296995, pv=0.0690942, s=0.1430]
  * Maximum Likelihood estimation failed, use Moment Matching instead!
  * Beta parameters: [s1=0.999969, s2=2.38454]
  * Adjusted p-values: [emp=0.238806, beta=0.21864]

Processing phenotype [ENSG00000200250.1] [75/173]
  * #variants in cis = 4
  * Best hit: [id=2_internal_14660, d=991276, pv=0.395363, s=-0.0657]
  * Maximum Likelihood estimation failed, use Moment Matching instead!
  * Beta parameters: [s1=0.999977, s2=4.7936]
  * Adjusted p-values: [emp=0.840796, beta=0.853151]

Processing phenotype [ENSG00000169967.12] [76/173]
  * #variants in cis = 4
  * Best hit: [id=2_internal_15672, d=-241018, pv=0.072007, s=0.1406]
  * Maximum Likelihood estimation failed, use Moment Matching instead!
  * Beta parameters: [s1=1.00001, s2=3.51108]
  * Adjusted p-values: [emp=0.258706, beta=0.248525]

Processing phenotype [ENSG00000236682.1] [77/173]
  * #variants in cis = 4
  * Best hit: [id=2_internal_14448, d=-611298, pv=0.18219, s=0.1051]
  * Maximum Likelihood estimation failed, use Moment Matching instead!
  * Beta parameters: [s1=0.999948, s2=3.86292]
  * Adjusted p-values: [emp=0.557214, beta=0.562807]

Processing phenotype [ENSG00000115718.13] [78/173]
  * #variants in cis = 4
  * Best hit: [id=2_internal_14660, d=889722, pv=0.0867411, s=-0.1356]
  * Maximum Likelihood estimation failed, use Moment Matching instead!
  * Beta parameters: [s1=1.00002, s2=4.58519]
  * Adjusted p-values: [emp=0.228856, beta=0.193918]

Processing phenotype [ENSG00000231731.3] [79/173]
  * #variants in cis = 4
  * Best hit: [id=2_internal_14660, d=844507, pv=0.0273606, s=-0.1749]
  * Maximum Likelihood estimation failed, use Moment Matching instead!
  * Beta parameters: [s1=1.00004, s2=3.69825]
  * Adjusted p-values: [emp=0.0995025, beta=0.0888296]

Processing phenotype [ENSG00000202429.1] [80/173]
  * #variants in cis = 4
  * Best hit: [id=2_internal_14660, d=835915, pv=0.589262, s=-0.0422]
  * Maximum Likelihood estimation failed, use Moment Matching instead!
  * Beta parameters: [s1=1, s2=3.62512]
  * Adjusted p-values: [emp=0.955224, beta=0.957782]

Processing phenotype [ENSG00000163166.9] [81/173]
  * #variants in cis = 4
  * Best hit: [id=2_internal_15672, d=-102597, pv=0.00610702, s=0.2092]
  * Maximum Likelihood estimation failed, use Moment Matching instead!
  * Beta parameters: [s1=1.00005, s2=3.54049]
  * Adjusted p-values: [emp=0.0348259, beta=0.0257724]

Processing phenotype [ENSG00000169994.14] [82/173]
  * #variants in cis = 4
  * Best hit: [id=2_internal_15672, d=93681, pv=1.92155e-10, s=0.4606]
  * Maximum Likelihood estimation failed, use Moment Matching instead!
  * Beta parameters: [s1=0.999988, s2=4.90611]
  * Adjusted p-values: [emp=0.00497512, beta=5.89378e-11]

Processing phenotype [ENSG00000144230.12] [83/173]
  * #variants in cis = 4
  * Best hit: [id=2_internal_15672, d=0, pv=0.0569899, s=0.1450]
  * Maximum Likelihood estimation failed, use Moment Matching instead!
  * Beta parameters: [s1=1.00002, s2=3.59803]
  * Adjusted p-values: [emp=0.179104, beta=0.18415]

Processing phenotype [ENSG00000072163.13] [84/173]
  * #variants in cis = 4
  * Best hit: [id=2_internal_15672, d=34370, pv=6.93458e-05, s=0.2924]
  * Maximum Likelihood estimation failed, use Moment Matching instead!
  * Beta parameters: [s1=0.999968, s2=3.25126]
  * Adjusted p-values: [emp=0.00497512, beta=0.000211029]

Processing phenotype [ENSG00000173349.4] [85/173]
  * #variants in cis = 4
  * Best hit: [id=2_internal_15744, d=-50616, pv=0.038816, s=0.1671]
  * Maximum Likelihood estimation failed, use Moment Matching instead!
  * Beta parameters: [s1=0.99999, s2=3.22123]
  * Adjusted p-values: [emp=0.139303, beta=0.128675]

Processing phenotype [ENSG00000201470.1] [86/173]
  * #variants in cis = 3
  * Best hit: [id=2_internal_14660, d=-509153, pv=0.173551, s=0.1062]
  * Maximum Likelihood estimation failed, use Moment Matching instead!
  * Beta parameters: [s1=0.999976, s2=2.55022]
  * Adjusted p-values: [emp=0.373134, beta=0.391855]

Processing phenotype [ENSG00000136709.7] [87/173]
  * #variants in cis = 3
  * Best hit: [id=2_internal_15744, d=160780, pv=0.23512, s=0.0958]
  * Maximum Likelihood estimation failed, use Moment Matching instead!
  * Beta parameters: [s1=1, s2=2.87899]
  * Adjusted p-values: [emp=0.532338, beta=0.526843]

Processing phenotype [ENSG00000202532.1] [88/173]
  * #variants in cis = 3
  * Best hit: [id=2_internal_15744, d=-194829, pv=0.0892296, s=0.1296]
  * Maximum Likelihood estimation failed, use Moment Matching instead!
  * Beta parameters: [s1=1.00002, s2=3.19295]
  * Adjusted p-values: [emp=0.223881, beta=0.202864]

Processing phenotype [ENSG00000244563.1] [89/173]
  * #variants in cis = 3
  * Best hit: [id=2_internal_15672, d=199668, pv=0.360464, s=0.0694]
  * Maximum Likelihood estimation failed, use Moment Matching instead!
  * Beta parameters: [s1=1.00001, s2=3.33531]
  * Adjusted p-values: [emp=0.711443, beta=0.731618]

Processing phenotype [ENSG00000144231.5] [90/173]
  * #variants in cis = 3
  * Best hit: [id=2_internal_15744, d=207750, pv=0.0820112, s=0.1310]
  * Maximum Likelihood estimation failed, use Moment Matching instead!
  * Beta parameters: [s1=0.999959, s2=2.65644]
  * Adjusted p-values: [emp=0.19403, beta=0.206019]

Processing phenotype [ENSG00000144233.5] [91/173]
  * #variants in cis = 3
  * Best hit: [id=2_internal_14660, d=-422229, pv=0.646864, s=-0.0345]
  * Maximum Likelihood estimation failed, use Moment Matching instead!
  * Beta parameters: [s1=0.99996, s2=2.51153]
  * Adjusted p-values: [emp=0.920398, beta=0.928937]

Processing phenotype [ENSG00000136715.13] [92/173]
  * #variants in cis = 3
  * Best hit: [id=2_internal_14660, d=-280031, pv=0.473228, s=0.0569]
  * Maximum Likelihood estimation failed, use Moment Matching instead!
  * Beta parameters: [s1=1.00001, s2=2.58055]
  * Adjusted p-values: [emp=0.80597, beta=0.809831]

Processing phenotype [ENSG00000136731.8] [93/173]
  * #variants in cis = 3
  * Best hit: [id=2_internal_15744, d=-440793, pv=0.591712, s=0.0418]
  * Maximum Likelihood estimation failed, use Moment Matching instead!
  * Beta parameters: [s1=1.00003, s2=2.65017]
  * Adjusted p-values: [emp=0.935323, beta=0.917589]

Processing phenotype [ENSG00000264856.1] [94/173]
  * #variants in cis = 3
  * Best hit: [id=2_internal_14660, d=186070, pv=0.203429, s=0.0971]
  * Maximum Likelihood estimation failed, use Moment Matching instead!
  * Beta parameters: [s1=0.999986, s2=3.24383]
  * Adjusted p-values: [emp=0.447761, beta=0.429544]

Processing phenotype [ENSG00000229173.1] [95/173]
  * #variants in cis = 3
  * Best hit: [id=2_internal_15672, d=493100, pv=0.487946, s=-0.0543]
  * Maximum Likelihood estimation failed, use Moment Matching instead!
  * Beta parameters: [s1=1.00001, s2=2.97775]
  * Adjusted p-values: [emp=0.875622, beta=0.870095]

Processing phenotype [ENSG00000229758.2] [96/173]
  * #variants in cis = 3
  * Best hit: [id=2_internal_15672, d=-552485, pv=0.116161, s=-0.1206]
  * Maximum Likelihood estimation failed, use Moment Matching instead!
  * Beta parameters: [s1=1.00005, s2=3.15601]
  * Adjusted p-values: [emp=0.293532, beta=0.298919]

Processing phenotype [ENSG00000185631.7] [97/173]
  * #variants in cis = 3
  * Best hit: [id=2_internal_15744, d=-552954, pv=0.301719, s=-0.0805]
  * Maximum Likelihood estimation failed, use Moment Matching instead!
  * Beta parameters: [s1=0.999984, s2=2.44674]
  * Adjusted p-values: [emp=0.59204, beta=0.593531]

Processing phenotype [ENSG00000136720.6] [98/173]
  * #variants in cis = 3
  * Best hit: [id=2_internal_15672, d=671161, pv=0.0740766, s=0.1407]
  * Maximum Likelihood estimation failed, use Moment Matching instead!
  * Beta parameters: [s1=1, s2=2.94073]
  * Adjusted p-values: [emp=0.174129, beta=0.200084]

Processing phenotype [ENSG00000152082.9] [99/173]
  * #variants in cis = 1
  * Best hit: [id=2_internal_14140, d=0, pv=0.12941, s=0.1196]
  * Maximum Likelihood estimation failed, use Moment Matching instead!
  * Beta parameters: [s1=1, s2=1.00777]
  * Adjusted p-values: [emp=0.0995025, beta=0.124508]

Processing phenotype [ENSG00000136699.14] [100/173]
  * #variants in cis = 1
  * Best hit: [id=2_internal_14140, d=0, pv=0.234241, s=0.0939]
  * Maximum Likelihood estimation failed, use Moment Matching instead!
  * Beta parameters: [s1=0.999979, s2=1.06032]
  * Adjusted p-values: [emp=0.21393, beta=0.243229]

Processing phenotype [ENSG00000136718.5] [101/173]
  * #variants in cis = 1
  * Best hit: [id=2_internal_14140, d=0, pv=0.865111, s=-0.0131]
  * Maximum Likelihood estimation failed, use Moment Matching instead!
  * Beta parameters: [s1=1.00002, s2=0.979484]
  * Adjusted p-values: [emp=0.855721, beta=0.854688]

Processing phenotype [ENSG00000136710.5] [102/173]
  * #variants in cis = 1
  * Best hit: [id=2_internal_14140, d=0, pv=0.49224, s=-0.0539]
  * Maximum Likelihood estimation failed, use Moment Matching instead!
  * Beta parameters: [s1=1.00002, s2=0.82629]
  * Adjusted p-values: [emp=0.477612, beta=0.454794]

Processing phenotype [ENSG00000072135.7] [103/173]
  * #variants in cis = 1
  * Best hit: [id=2_internal_14140, d=0, pv=0.323833, s=0.0796]
  * Maximum Likelihood estimation failed, use Moment Matching instead!
  * Beta parameters: [s1=0.999993, s2=0.893353]
  * Adjusted p-values: [emp=0.343284, beta=0.343376]

Processing phenotype [ENSG00000136002.12] [104/173]
  * #variants in cis = 1
  * Best hit: [id=2_internal_14140, d=0, pv=0.0943377, s=0.1303]
  * Maximum Likelihood estimation failed, use Moment Matching instead!
  * Beta parameters: [s1=0.999985, s2=0.962299]
  * Adjusted p-values: [emp=0.0995025, beta=0.0975916]

Processing phenotype [ENSG00000152102.13] [105/173]
  * #variants in cis = 1
  * Best hit: [id=2_internal_14140, d=57520, pv=0.100829, s=0.1230]
  * Maximum Likelihood estimation failed, use Moment Matching instead!
  * Beta parameters: [s1=1.00005, s2=1.09151]
  * Adjusted p-values: [emp=0.144279, beta=0.137456]

Processing phenotype [ENSG00000115762.12] [106/173]
  * #variants in cis = 1
  * Best hit: [id=2_internal_14140, d=-68907, pv=0.376845, s=0.0668]
  * Maximum Likelihood estimation failed, use Moment Matching instead!
  * Beta parameters: [s1=0.999995, s2=1.0182]
  * Adjusted p-values: [emp=0.353234, beta=0.379816]

Processing phenotype [ENSG00000188219.10] [107/173]
  * #variants in cis = 1
  * Best hit: [id=2_internal_14140, d=-182369, pv=0.751251, s=-0.0248]
  * Maximum Likelihood estimation failed, use Moment Matching instead!
  * Beta parameters: [s1=1.00003, s2=0.870611]
  * Adjusted p-values: [emp=0.701493, beta=0.721592]

Processing phenotype [ENSG00000250852.2] [108/173]
  * #variants in cis = 1
  * Best hit: [id=2_internal_14140, d=-182463, pv=0.707374, s=-0.0293]
  * Maximum Likelihood estimation failed, use Moment Matching instead!
  * Beta parameters: [s1=0.999994, s2=0.986088]
  * Adjusted p-values: [emp=0.711443, beta=0.703017]

Processing phenotype [ENSG00000214077.4] [109/173]
  * #variants in cis = 2
  * Best hit: [id=2_internal_14140, d=388927, pv=0.0943655, s=0.1367]
  * Maximum Likelihood estimation failed, use Moment Matching instead!
  * Beta parameters: [s1=1.00004, s2=2.12067]
  * Adjusted p-values: [emp=0.164179, beta=0.170642]

Processing phenotype [ENSG00000232742.2] [110/173]
  * #variants in cis = 2
  * Best hit: [id=2_internal_14140, d=-425020, pv=0.732149, s=0.0275]
  * Maximum Likelihood estimation failed, use Moment Matching instead!
  * Beta parameters: [s1=1.00001, s2=1.91862]
  * Adjusted p-values: [emp=0.915423, beta=0.923392]

Processing phenotype [ENSG00000173272.9] [111/173]
  * #variants in cis = 2
  * Best hit: [id=2_internal_14140, d=456803, pv=0.526295, s=-0.0515]
  * Maximum Likelihood estimation failed, use Moment Matching instead!
  * Beta parameters: [s1=0.999998, s2=1.86899]
  * Adjusted p-values: [emp=0.771144, beta=0.764873]

Processing phenotype [ENSG00000152117.12] [112/173]
  * #variants in cis = 2
  * Best hit: [id=2_internal_18533, d=761263, pv=0.667226, s=-0.0328]
  * Maximum Likelihood estimation failed, use Moment Matching instead!
  * Beta parameters: [s1=1.00001, s2=2.15452]
  * Adjusted p-values: [emp=0.880597, beta=0.891242]

Processing phenotype [ENSG00000152127.4] [113/173]
  * #variants in cis = 6
  * Best hit: [id=2_internal_21647, d=1028, pv=0.0056495, s=0.2137]
  * Beta parameters: [s1=1.06596, s2=6.49749]
  * Adjusted p-values: [emp=0.0298507, beta=0.025339]

Processing phenotype [ENSG00000263813.1] [114/173]
  * #variants in cis = 6
  * Best hit: [id=2_internal_17150, d=264054, pv=0.0367785, s=-0.1623]
  * Beta parameters: [s1=1.01906, s2=6.51791]
  * Adjusted p-values: [emp=0.19403, beta=0.19103]

Processing phenotype [ENSG00000222921.1] [115/173]
  * #variants in cis = 6
  * Best hit: [id=2_internal_15920, d=-46638, pv=0.345373, s=0.0739]
  * Maximum Likelihood estimation failed, use Moment Matching instead!
  * Beta parameters: [s1=1.00002, s2=4.99506]
  * Adjusted p-values: [emp=0.885572, beta=0.905577]

Processing phenotype [ENSG00000234060.1] [116/173]
  * #variants in cis = 6
  * Best hit: [id=2_internal_21647, d=0, pv=0.130644, s=0.1216]
  * Maximum Likelihood estimation failed, use Moment Matching instead!
  * Beta parameters: [s1=1.00003, s2=5.26363]
  * Adjusted p-values: [emp=0.537313, beta=0.551932]

Processing phenotype [ENSG00000255674.1] [117/173]
  * #variants in cis = 6
  * Best hit: [id=2_internal_14281, d=188390, pv=0.104361, s=0.1293]
  * Beta parameters: [s1=0.951098, s2=5.49634]
  * Adjusted p-values: [emp=0.472637, beta=0.46572]

Processing phenotype [ENSG00000152128.13] [118/173]
  * #variants in cis = 6
  * Best hit: [id=2_internal_14157, d=572418, pv=0.0108387, s=0.2035]
  * Maximum Likelihood estimation failed, use Moment Matching instead!
  * Beta parameters: [s1=0.999948, s2=5.47612]
  * Adjusted p-values: [emp=0.0497512, beta=0.0667854]

Processing phenotype [ENSG00000153086.9] [119/173]
  * #variants in cis = 6
  * Best hit: [id=2_internal_15920, d=-653989, pv=0.20592, s=0.0963]
  * Beta parameters: [s1=1.05492, s2=6.14236]
  * Adjusted p-values: [emp=0.741294, beta=0.746844]

Processing phenotype [ENSG00000082258.8] [120/173]
  * #variants in cis = 7
  * Best hit: [id=2_internal_15920, d=-733677, pv=0.151706, s=0.1121]
  * Beta parameters: [s1=0.928987, s2=8.66642]
  * Adjusted p-values: [emp=0.701493, beta=0.716779]

Processing phenotype [ENSG00000224043.3] [121/173]
  * #variants in cis = 7
  * Best hit: [id=2_internal_14281, d=650492, pv=0.0861797, s=-0.1275]
  * Maximum Likelihood estimation failed, use Moment Matching instead!
  * Beta parameters: [s1=1.00001, s2=5.40491]
  * Adjusted p-values: [emp=0.427861, beta=0.458259]

Processing phenotype [ENSG00000176601.7] [122/173]
  * #variants in cis = 9
  * Best hit: [id=2_internal_15184, d=-948645, pv=0.435574, s=-0.0602]
  * Beta parameters: [s1=1.09928, s2=9.60105]
  * Adjusted p-values: [emp=0.985075, beta=0.995532]

Processing phenotype [ENSG00000115839.12] [123/173]
  * #variants in cis = 9
  * Best hit: [id=2_internal_21647, d=-639663, pv=0.279713, s=-0.0860]
  * Beta parameters: [s1=1.05625, s2=7.54466]
  * Adjusted p-values: [emp=0.915423, beta=0.943418]

Processing phenotype [ENSG00000238337.1] [124/173]
  * #variants in cis = 9
  * Best hit: [id=2_internal_15184, d=-930379, pv=0.0241408, s=0.1795]
  * Beta parameters: [s1=0.964867, s2=8.53377]
  * Adjusted p-values: [emp=0.223881, beta=0.204935]

Processing phenotype [ENSG00000208308.1] [125/173]
  * #variants in cis = 9
  * Best hit: [id=2_internal_19783, d=907399, pv=0.127791, s=-0.1223]
  * Beta parameters: [s1=0.985249, s2=8.26282]
  * Adjusted p-values: [emp=0.656716, beta=0.655995]

Processing phenotype [ENSG00000121988.13] [126/173]
  * #variants in cis = 3
  * Best hit: [id=2_internal_16062, d=-382538, pv=0.134319, s=-0.1170]
  * Maximum Likelihood estimation failed, use Moment Matching instead!
  * Beta parameters: [s1=1.00004, s2=3.00747]
  * Adjusted p-values: [emp=0.323383, beta=0.325124]

Processing phenotype [ENSG00000048991.12] [127/173]
  * #variants in cis = 3
  * Best hit: [id=2_internal_19783, d=512572, pv=0.0307507, s=-0.1720]
  * Maximum Likelihood estimation failed, use Moment Matching instead!
  * Beta parameters: [s1=1.00004, s2=2.99362]
  * Adjusted p-values: [emp=0.0895522, beta=0.0707827]

Processing phenotype [ENSG00000144224.12] [128/173]
  * #variants in cis = 3
  * Best hit: [id=2_internal_19783, d=302408, pv=0.1803, s=-0.1041]
  * Maximum Likelihood estimation failed, use Moment Matching instead!
  * Beta parameters: [s1=1.00002, s2=3.55283]
  * Adjusted p-values: [emp=0.40796, beta=0.391952]

Processing phenotype [ENSG00000115850.5] [129/173]
  * #variants in cis = 3
  * Best hit: [id=2_internal_16062, d=-76594, pv=0.18875, s=-0.1042]
  * Maximum Likelihood estimation failed, use Moment Matching instead!
  * Beta parameters: [s1=0.999968, s2=3.60654]
  * Adjusted p-values: [emp=0.412935, beta=0.440303]

Processing phenotype [ENSG00000076003.4] [130/173]
  * #variants in cis = 3
  * Best hit: [id=2_internal_15184, d=-119687, pv=0.273765, s=-0.0860]
  * Maximum Likelihood estimation failed, use Moment Matching instead!
  * Beta parameters: [s1=0.999995, s2=3.31943]
  * Adjusted p-values: [emp=0.58209, beta=0.583332]

Processing phenotype [ENSG00000231890.2] [131/173]
  * #variants in cis = 3
  * Best hit: [id=2_internal_15184, d=10937, pv=0.0407358, s=0.1599]
  * Maximum Likelihood estimation failed, use Moment Matching instead!
  * Beta parameters: [s1=0.999996, s2=2.62079]
  * Adjusted p-values: [emp=0.149254, beta=0.122284]

Processing phenotype [ENSG00000115866.6] [132/173]
  * #variants in cis = 3
  * Best hit: [id=2_internal_16062, d=0, pv=0.48853, s=0.0539]
  * Maximum Likelihood estimation failed, use Moment Matching instead!
  * Beta parameters: [s1=1, s2=2.85992]
  * Adjusted p-values: [emp=0.850746, beta=0.853793]

Processing phenotype [ENSG00000121966.6] [133/173]
  * #variants in cis = 3
  * Best hit: [id=2_internal_16062, d=0, pv=0.000182883, s=0.2984]
  * Maximum Likelihood estimation failed, use Moment Matching instead!
  * Beta parameters: [s1=0.999961, s2=2.74394]
  * Adjusted p-values: [emp=0.00497512, beta=0.0012075]

Processing phenotype [ENSG00000227347.1] [134/173]
  * #variants in cis = 3
  * Best hit: [id=2_internal_19783, d=27724, pv=0.45056, s=-0.0576]
  * Maximum Likelihood estimation failed, use Moment Matching instead!
  * Beta parameters: [s1=1.00003, s2=2.54415]
  * Adjusted p-values: [emp=0.791045, beta=0.779266]

Processing phenotype [ENSG00000150540.9] [135/173]
  * #variants in cis = 2
  * Best hit: [id=2_internal_14672, d=538504, pv=0.0391747, s=-0.1559]
  * Maximum Likelihood estimation failed, use Moment Matching instead!
  * Beta parameters: [s1=0.99999, s2=1.65236]
  * Adjusted p-values: [emp=0.0895522, beta=0.0757613]

Processing phenotype [ENSG00000233045.1] [136/173]
  * #variants in cis = 2
  * Best hit: [id=2_internal_14672, d=223950, pv=0.0865457, s=-0.1337]
  * Maximum Likelihood estimation failed, use Moment Matching instead!
  * Beta parameters: [s1=1.00003, s2=1.92009]
  * Adjusted p-values: [emp=0.19403, beta=0.189346]

Processing phenotype [ENSG00000234645.2] [137/173]
  * #variants in cis = 2
  * Best hit: [id=2_internal_15343, d=-400985, pv=0.0172495, s=0.1865]
  * Maximum Likelihood estimation failed, use Moment Matching instead!
  * Beta parameters: [s1=0.999989, s2=2.13992]
  * Adjusted p-values: [emp=0.0348259, beta=0.0258422]

Processing phenotype [ENSG00000237939.1] [138/173]
  * #variants in cis = 2
  * Best hit: [id=2_internal_15343, d=382459, pv=0.357463, s=0.0731]
  * Maximum Likelihood estimation failed, use Moment Matching instead!
  * Beta parameters: [s1=0.999979, s2=2.47927]
  * Adjusted p-values: [emp=0.686567, beta=0.676033]

Processing phenotype [ENSG00000232915.1] [139/173]
  * #variants in cis = 2
  * Best hit: [id=2_internal_14672, d=-89206, pv=0.461254, s=0.0577]
  * Maximum Likelihood estimation failed, use Moment Matching instead!
  * Beta parameters: [s1=1.00003, s2=1.88463]
  * Adjusted p-values: [emp=0.676617, beta=0.675981]

Processing phenotype [ENSG00000230569.1] [140/173]
  * #variants in cis = 2
  * Best hit: [id=2_internal_15343, d=219122, pv=0.744326, s=-0.0258]
  * Maximum Likelihood estimation failed, use Moment Matching instead!
  * Beta parameters: [s1=0.999978, s2=2.06588]
  * Adjusted p-values: [emp=0.925373, beta=0.943567]

Processing phenotype [ENSG00000228043.1] [141/173]
  * #variants in cis = 2
  * Best hit: [id=2_internal_14672, d=-826, pv=0.267037, s=0.0868]
  * Maximum Likelihood estimation failed, use Moment Matching instead!
  * Beta parameters: [s1=1.00004, s2=1.79156]
  * Adjusted p-values: [emp=0.457711, beta=0.44801]

Processing phenotype [ENSG00000144228.4] [142/173]
  * #variants in cis = 2
  * Best hit: [id=2_internal_14672, d=723, pv=0.0118339, s=0.1944]
  * Maximum Likelihood estimation failed, use Moment Matching instead!
  * Beta parameters: [s1=1.00004, s2=2.0005]
  * Adjusted p-values: [emp=0.0298507, beta=0.0278913]

Processing phenotype [ENSG00000241772.1] [143/173]
  * #variants in cis = 2
  * Best hit: [id=2_internal_14672, d=-31675, pv=0.0605832, s=0.1472]
  * Maximum Likelihood estimation failed, use Moment Matching instead!
  * Beta parameters: [s1=1.00001, s2=1.88387]
  * Adjusted p-values: [emp=0.144279, beta=0.142209]

Processing phenotype [ENSG00000260059.1] [144/173]
  * #variants in cis = 2
  * Best hit: [id=2_internal_15343, d=-87352, pv=0.545345, s=-0.0482]
  * Maximum Likelihood estimation failed, use Moment Matching instead!
  * Beta parameters: [s1=0.999991, s2=1.95405]
  * Adjusted p-values: [emp=0.781095, beta=0.77605]

Processing phenotype [ENSG00000237772.1] [145/173]
  * #variants in cis = 2
  * Best hit: [id=2_internal_14672, d=-67095, pv=0.0107415, s=0.2005]
  * Maximum Likelihood estimation failed, use Moment Matching instead!
  * Beta parameters: [s1=0.999956, s2=1.87497]
  * Adjusted p-values: [emp=0.0298507, beta=0.0285299]

Processing phenotype [ENSG00000115919.9] [146/173]
  * #variants in cis = 4
  * Best hit: [id=2_internal_15343, d=-745806, pv=0.0722424, s=0.1354]
  * Maximum Likelihood estimation failed, use Moment Matching instead!
  * Beta parameters: [s1=1.00002, s2=4.55603]
  * Adjusted p-values: [emp=0.268657, beta=0.269933]

Processing phenotype [ENSG00000075884.8] [147/173]
  * #variants in cis = 4
  * Best hit: [id=2_internal_20500, d=21378, pv=6.4146e-08, s=0.4151]
  * Maximum Likelihood estimation failed, use Moment Matching instead!
  * Beta parameters: [s1=1.00001, s2=3.74519]
  * Adjusted p-values: [emp=0.00497512, beta=2.434e-07]

Processing phenotype [ENSG00000224288.2] [148/173]
  * #variants in cis = 4
  * Best hit: [id=2_internal_20500, d=-18576, pv=0.0137553, s=0.1925]
  * Maximum Likelihood estimation failed, use Moment Matching instead!
  * Beta parameters: [s1=1.00004, s2=3.72393]
  * Adjusted p-values: [emp=0.0597015, beta=0.0458882]

Processing phenotype [ENSG00000226839.1] [149/173]
  * #variants in cis = 4
  * Best hit: [id=2_internal_20500, d=18507, pv=0.00584071, s=0.2181]
  * Maximum Likelihood estimation failed, use Moment Matching instead!
  * Beta parameters: [s1=1.00002, s2=4.84716]
  * Adjusted p-values: [emp=0.0348259, beta=0.0172752]

Processing phenotype [ENSG00000224852.1] [150/173]
  * #variants in cis = 4
  * Best hit: [id=2_internal_20500, d=-16185, pv=0.00424668, s=0.2228]
  * Maximum Likelihood estimation failed, use Moment Matching instead!
  * Beta parameters: [s1=0.999957, s2=4.06823]
  * Adjusted p-values: [emp=0.0199005, beta=0.0135753]

Processing phenotype [ENSG00000232772.1] [151/173]
  * #variants in cis = 4
  * Best hit: [id=2_internal_20500, d=-14733, pv=0.0049599, s=0.2185]
  * Maximum Likelihood estimation failed, use Moment Matching instead!
  * Beta parameters: [s1=0.999982, s2=3.79155]
  * Adjusted p-values: [emp=0.0149254, beta=0.0192081]

Processing phenotype [ENSG00000236300.2] [152/173]
  * #variants in cis = 4
  * Best hit: [id=2_internal_20500, d=-14323, pv=0.00460895, s=0.2183]
  * Maximum Likelihood estimation failed, use Moment Matching instead!
  * Beta parameters: [s1=1.00001, s2=3.86532]
  * Adjusted p-values: [emp=0.0149254, beta=0.0237294]

Processing phenotype [ENSG00000227557.1] [153/173]
  * #variants in cis = 4
  * Best hit: [id=2_internal_20500, d=-13911, pv=0.00756656, s=0.2062]
  * Maximum Likelihood estimation failed, use Moment Matching instead!
  * Beta parameters: [s1=0.999996, s2=4.47734]
  * Adjusted p-values: [emp=0.039801, beta=0.0311044]

Processing phenotype [ENSG00000225476.1] [154/173]
  * #variants in cis = 4
  * Best hit: [id=2_internal_20500, d=-12807, pv=0.0105679, s=0.1982]
  * Maximum Likelihood estimation failed, use Moment Matching instead!
  * Beta parameters: [s1=1.00004, s2=3.95327]
  * Adjusted p-values: [emp=0.0497512, beta=0.0460971]

Processing phenotype [ENSG00000231766.1] [155/173]
  * #variants in cis = 4
  * Best hit: [id=2_internal_14713, d=-34604, pv=0.0153676, s=-0.1879]
  * Maximum Likelihood estimation failed, use Moment Matching instead!
  * Beta parameters: [s1=0.999988, s2=3.71979]
  * Adjusted p-values: [emp=0.0895522, beta=0.0784193]

Processing phenotype [ENSG00000257284.1] [156/173]
  * #variants in cis = 3
  * Best hit: [id=2_internal_20500, d=0, pv=5.28183e-05, s=0.3132]
  * Maximum Likelihood estimation failed, use Moment Matching instead!
  * Beta parameters: [s1=1.00002, s2=2.93572]
  * Adjusted p-values: [emp=0.00497512, beta=0.00032024]

Processing phenotype [ENSG00000228655.2] [157/173]
  * #variants in cis = 6
  * Best hit: [id=2_internal_20500, d=0, pv=0.000144883, s=0.3000]
  * Beta parameters: [s1=0.998016, s2=6.08518]
  * Adjusted p-values: [emp=0.00497512, beta=0.000837892]

Processing phenotype [ENSG00000257640.1] [158/173]
  * #variants in cis = 6
  * Best hit: [id=2_internal_20500, d=26293, pv=5.09241e-05, s=0.3138]
  * Beta parameters: [s1=0.984955, s2=5.872]
  * Adjusted p-values: [emp=0.00497512, beta=0.000312064]

Processing phenotype [ENSG00000258268.1] [159/173]
  * #variants in cis = 6
  * Best hit: [id=2_internal_20500, d=52190, pv=1.05901e-05, s=0.3439]
  * Beta parameters: [s1=1.01673, s2=5.74144]
  * Adjusted p-values: [emp=0.00497512, beta=3.08785e-05]

Processing phenotype [ENSG00000231758.2] [160/173]
  * #variants in cis = 6
  * Best hit: [id=2_internal_20500, d=110367, pv=1.20718e-05, s=0.3406]
  * Beta parameters: [s1=1.02015, s2=6.07691]
  * Adjusted p-values: [emp=0.00497512, beta=3.86955e-05]

Processing phenotype [ENSG00000257277.1] [161/173]
  * #variants in cis = 6
  * Best hit: [id=2_internal_20500, d=195482, pv=5.40577e-06, s=0.3500]
  * Beta parameters: [s1=1.00913, s2=5.74617]
  * Adjusted p-values: [emp=0.00497512, beta=3.48012e-05]

Processing phenotype [ENSG00000257226.1] [162/173]
  * #variants in cis = 6
  * Best hit: [id=2_internal_20500, d=230261, pv=0.000145621, s=0.2974]
  * Maximum Likelihood estimation failed, use Moment Matching instead!
  * Beta parameters: [s1=1.00002, s2=4.95448]
  * Adjusted p-values: [emp=0.0149254, beta=0.00137261]

Processing phenotype [ENSG00000232377.1] [163/173]
  * #variants in cis = 6
  * Best hit: [id=2_internal_15804, d=487082, pv=0.362186, s=0.0713]
  * Beta parameters: [s1=0.937139, s2=6.04728]
  * Adjusted p-values: [emp=0.930348, beta=0.926019]

Processing phenotype [ENSG00000121964.9] [164/173]
  * #variants in cis = 5
  * Best hit: [id=2_internal_20500, d=786754, pv=0.0396424, s=-0.1620]
  * Maximum Likelihood estimation failed, use Moment Matching instead!
  * Beta parameters: [s1=1, s2=4.15886]
  * Adjusted p-values: [emp=0.159204, beta=0.168432]

Processing phenotype [ENSG00000213410.2] [165/173]
  * #variants in cis = 4
  * Best hit: [id=2_internal_15804, d=0, pv=0.126073, s=0.1183]
  * Maximum Likelihood estimation failed, use Moment Matching instead!
  * Beta parameters: [s1=0.999952, s2=4.2213]
  * Adjusted p-values: [emp=0.437811, beta=0.421067]

Processing phenotype [ENSG00000176824.2] [166/173]
  * #variants in cis = 4
  * Best hit: [id=2_internal_15804, d=0, pv=0.00219591, s=0.2345]
  * Maximum Likelihood estimation failed, use Moment Matching instead!
  * Beta parameters: [s1=1.00001, s2=3.249]
  * Adjusted p-values: [emp=0.00995025, beta=0.0116321]

Processing phenotype [ENSG00000238057.3] [167/173]
  * #variants in cis = 4
  * Best hit: [id=2_internal_15804, d=0, pv=0.000914465, s=0.2627]
  * Maximum Likelihood estimation failed, use Moment Matching instead!
  * Beta parameters: [s1=1, s2=3.58271]
  * Adjusted p-values: [emp=0.00995025, beta=0.006278]

Processing phenotype [ENSG00000169554.10] [168/173]
  * #variants in cis = 4
  * Best hit: [id=2_internal_15804, d=0, pv=0.000389696, s=0.2720]
  * Maximum Likelihood estimation failed, use Moment Matching instead!
  * Beta parameters: [s1=1.00005, s2=5.07764]
  * Adjusted p-values: [emp=0.00497512, beta=0.00154723]

Processing phenotype [ENSG00000226674.2] [169/173]
  * #variants in cis = 3
  * Best hit: [id=2_internal_15804, d=-623, pv=0.1441, s=0.1164]
  * Maximum Likelihood estimation failed, use Moment Matching instead!
  * Beta parameters: [s1=0.999969, s2=2.86821]
  * Adjusted p-values: [emp=0.393035, beta=0.361328]

Processing phenotype [ENSG00000121989.10] [170/173]
  * #variants in cis = 8
  * Best hit: [id=2_internal_15591, d=801213, pv=0.0375971, s=0.1573]
  * Beta parameters: [s1=0.921425, s2=7.9051]
  * Adjusted p-values: [emp=0.278607, beta=0.254109]

Processing phenotype [ENSG00000265049.1] [171/173]
  * #variants in cis = 8
  * Best hit: [id=2_internal_15805, d=302726, pv=0.192514, s=-0.0999]
  * Beta parameters: [s1=0.951796, s2=8.31014]
  * Adjusted p-values: [emp=0.835821, beta=0.82935]

Processing phenotype [ENSG00000204406.7] [172/173]
  * #variants in cis = 8
  * Best hit: [id=2_internal_14498, d=500036, pv=0.0658492, s=0.1408]
  * Beta parameters: [s1=0.855465, s2=8.37413]
  * Adjusted p-values: [emp=0.368159, beta=0.398146]

Processing phenotype [ENSG00000115947.8] [173/173]
  * #variants in cis = 8
  * Best hit: [id=2_internal_17480, d=175816, pv=0.160098, s=0.1084]
  * Beta parameters: [s1=0.887546, s2=7.75258]
  * Adjusted p-values: [emp=0.711443, beta=0.724737]

Running time: 2 seconds
