Sender: LSF System <lsfadmin@cpt12>
Subject: Job 971562: </data/unige/funpopgen/odelanea/SGX/V2/binaries/qtltools/bin/QTLtools cis --vcf /data/unige/funpopgen/grey2/SYSCID/BLUEPRINT_DATA/CRD/THREE_CELL_TYPES/CLOMICS/CELL_TYPE_COMPARISON_GENE_CRD_ASSOCIATIONS/quantify/70_vs_73_ALL.ALLchr.mean.txt.gz --bed /data/unige/funpopgen/grey2/SYSCID/BLUEPRINT_DATA/CRD/THREE_CELL_TYPES/QTL_TOOLS/EGAD00001002675_v3.0/EGAD00001002675_RNA.PC10.bed.gz --permute 200 --chunk 14 100 --out /data/unige/funpopgen/grey2/SYSCID/BLUEPRINT_DATA/CRD/THREE_CELL_TYPES/CLOMICS/CELL_TYPE_COMPARISON_GENE_CRD_ASSOCIATIONS/mapping_aCRD_gene/70_vs_73/gene_CRD_mean_chunk14\.txt> in cluster <ug> Done

Job </data/unige/funpopgen/odelanea/SGX/V2/binaries/qtltools/bin/QTLtools cis --vcf /data/unige/funpopgen/grey2/SYSCID/BLUEPRINT_DATA/CRD/THREE_CELL_TYPES/CLOMICS/CELL_TYPE_COMPARISON_GENE_CRD_ASSOCIATIONS/quantify/70_vs_73_ALL.ALLchr.mean.txt.gz --bed /data/unige/funpopgen/grey2/SYSCID/BLUEPRINT_DATA/CRD/THREE_CELL_TYPES/QTL_TOOLS/EGAD00001002675_v3.0/EGAD00001002675_RNA.PC10.bed.gz --permute 200 --chunk 14 100 --out /data/unige/funpopgen/grey2/SYSCID/BLUEPRINT_DATA/CRD/THREE_CELL_TYPES/CLOMICS/CELL_TYPE_COMPARISON_GENE_CRD_ASSOCIATIONS/mapping_aCRD_gene/70_vs_73/gene_CRD_mean_chunk14\.txt> was submitted from host <cpt01> by user <grey2> in cluster <ug>.
Job was executed on host(s) <cpt12>, in queue <normal>, as user <grey2> in cluster <ug>.
</home/grey2> was used as the home directory.
</data/unige/funpopgen/grey2/SYSCID/BLUEPRINT_DATA/CRD/THREE_CELL_TYPES/CLOMICS/CELL_TYPE_COMPARISON_GENE_CRD_ASSOCIATIONS> was used as the working directory.
Started at Fri Mar 15 14:02:37 2019
Results reported at Fri Mar 15 14:02:43 2019

Your job looked like:

------------------------------------------------------------
# LSBATCH: User input
/data/unige/funpopgen/odelanea/SGX/V2/binaries/qtltools/bin/QTLtools cis --vcf /data/unige/funpopgen/grey2/SYSCID/BLUEPRINT_DATA/CRD/THREE_CELL_TYPES/CLOMICS/CELL_TYPE_COMPARISON_GENE_CRD_ASSOCIATIONS/quantify/70_vs_73_ALL.ALLchr.mean.txt.gz --bed /data/unige/funpopgen/grey2/SYSCID/BLUEPRINT_DATA/CRD/THREE_CELL_TYPES/QTL_TOOLS/EGAD00001002675_v3.0/EGAD00001002675_RNA.PC10.bed.gz --permute 200 --chunk 14 100 --out /data/unige/funpopgen/grey2/SYSCID/BLUEPRINT_DATA/CRD/THREE_CELL_TYPES/CLOMICS/CELL_TYPE_COMPARISON_GENE_CRD_ASSOCIATIONS/mapping_aCRD_gene/70_vs_73/gene_CRD_mean_chunk14\.txt

------------------------------------------------------------

Successfully completed.

Resource usage summary:

    CPU time :               2.69 sec.
    Max Memory :             3.07 MB
    Average Memory :         3.07 MB
    Total Requested Memory : -
    Delta Memory :           -
    (Delta: the difference between total requested memory and actual max usage.)
    Max Swap :               32 MB

    Max Processes :          1
    Max Threads :            1

The output (if any) follows:


[32mQTLtools[0m
  * Authors : Olivier DELANEAU / Halit ONGEN / Emmanouil DERMITZAKIS
  * Contact : olivier.delaneau@gmail.com / halit.ongen@unige.ch / Emmanouil.Dermitzakis@unige.ch
  * Webpage : https://qtltools.github.io/qtltools/
  * Version : 1.1
  * Date    : 15/03/2019 - 14:02:40
  * Citation: A complete tool set for molecular QTL discovery and analysis, https://doi.org/10.1101/068635

[32mMAPPING QTL IN CIS[0m
  * TASK: Perform 200 permutations
  * Linear model: Phe ~ Var
  * Cis-window size is 1000000 bp
  * Chunk = [14/100]

Scanning phenotype data in [/data/unige/funpopgen/grey2/SYSCID/BLUEPRINT_DATA/CRD/THREE_CELL_TYPES/QTL_TOOLS/EGAD00001002675_v3.0/EGAD00001002675_RNA.PC10.bed.gz]
  * 21589 phenotypes included
  * 10706 phenotypes are on the negative strand

Initialize random number generator
  * Built-in seed is 15112011
  * First Integer = 30554
  * First Double = 0.0126695

Reading sample list from [/data/unige/funpopgen/grey2/SYSCID/BLUEPRINT_DATA/CRD/THREE_CELL_TYPES/QTL_TOOLS/EGAD00001002675_v3.0/EGAD00001002675_RNA.PC10.bed.gz]
  * #samples = 196

Reading sample list from [/data/unige/funpopgen/grey2/SYSCID/BLUEPRINT_DATA/CRD/THREE_CELL_TYPES/CLOMICS/CELL_TYPE_COMPARISON_GENE_CRD_ASSOCIATIONS/quantify/70_vs_73_ALL.ALLchr.mean.txt.gz]
  * #samples = 165

Merging sample sets from all input files
  * #files = 2
  * #samples in all files = 165
  * #samples NOT in all files (i.e. ignored) = 31

Reading phenotype data in [/data/unige/funpopgen/grey2/SYSCID/BLUEPRINT_DATA/CRD/THREE_CELL_TYPES/QTL_TOOLS/EGAD00001002675_v3.0/EGAD00001002675_RNA.PC10.bed.gz]
  * target region [21:15588451-48073934]
  * 213 phenotypes included
  * 101 phenotypes are on the negative strand

Reading genotype data in [/data/unige/funpopgen/grey2/SYSCID/BLUEPRINT_DATA/CRD/THREE_CELL_TYPES/CLOMICS/CELL_TYPE_COMPARISON_GENE_CRD_ASSOCIATIONS/quantify/70_vs_73_ALL.ALLchr.mean.txt.gz]
  * File format detected: BED
  * 165 samples included
  * 2 samples without phenotype data
  * target region [21:14588451-49073934]
  * 78 variants included

Processing phenotype [ENSG00000185272.9] [1/213]
  * #variants in cis = 5
  * Best hit: [id=21_internal_2257, d=0, pv=0.0108723, s=0.1988]
  * Maximum Likelihood estimation failed, use Moment Matching instead!
  * Beta parameters: [s1=0.999992, s2=4.92915]
  * Adjusted p-values: [emp=0.0696517, beta=0.0485074]

Processing phenotype [ENSG00000155304.4] [2/213]
  * #variants in cis = 5
  * Best hit: [id=21_internal_3552, d=-135125, pv=0.036488, s=0.1591]
  * Maximum Likelihood estimation failed, use Moment Matching instead!
  * Beta parameters: [s1=1.00002, s2=5.00038]
  * Adjusted p-values: [emp=0.154229, beta=0.141972]

Processing phenotype [ENSG00000155307.13] [3/213]
  * #variants in cis = 5
  * Best hit: [id=21_internal_2517, d=0, pv=0.00960258, s=0.2078]
  * Maximum Likelihood estimation failed, use Moment Matching instead!
  * Beta parameters: [s1=1.00002, s2=5.27187]
  * Adjusted p-values: [emp=0.039801, beta=0.0448593]

Processing phenotype [ENSG00000243440.2] [4/213]
  * #variants in cis = 5
  * Best hit: [id=21_internal_3552, d=64304, pv=0.0192415, s=0.1843]
  * Beta parameters: [s1=0.959377, s2=5.63799]
  * Adjusted p-values: [emp=0.0547264, beta=0.0637139]

Processing phenotype [ENSG00000235609.2] [5/213]
  * #variants in cis = 5
  * Best hit: [id=21_internal_2609, d=-251445, pv=0.0312929, s=0.1634]
  * Maximum Likelihood estimation failed, use Moment Matching instead!
  * Beta parameters: [s1=1.00005, s2=4.96836]
  * Adjusted p-values: [emp=0.114428, beta=0.115049]

Processing phenotype [ENSG00000229047.1] [6/213]
  * #variants in cis = 5
  * Best hit: [id=21_internal_2257, d=-718990, pv=0.267503, s=0.0884]
  * Maximum Likelihood estimation failed, use Moment Matching instead!
  * Beta parameters: [s1=0.999999, s2=4.30613]
  * Adjusted p-values: [emp=0.81592, beta=0.777783]

Processing phenotype [ENSG00000231201.1] [7/213]
  * #variants in cis = 5
  * Best hit: [id=21_internal_3552, d=-376953, pv=0.451116, s=0.0604]
  * Maximum Likelihood estimation failed, use Moment Matching instead!
  * Beta parameters: [s1=1.00006, s2=4.62875]
  * Adjusted p-values: [emp=0.940299, beta=0.945468]

Processing phenotype [ENSG00000256895.1] [8/213]
  * #variants in cis = 5
  * Best hit: [id=21_internal_3552, d=-455672, pv=0.513495, s=0.0510]
  * Maximum Likelihood estimation failed, use Moment Matching instead!
  * Beta parameters: [s1=0.999999, s2=5.6408]
  * Adjusted p-values: [emp=0.985075, beta=0.976241]

Processing phenotype [ENSG00000180530.5] [9/213]
  * #variants in cis = 5
  * Best hit: [id=21_internal_2257, d=822681, pv=0.223952, s=0.0931]
  * Maximum Likelihood estimation failed, use Moment Matching instead!
  * Beta parameters: [s1=0.999966, s2=4.15059]
  * Adjusted p-values: [emp=0.716418, beta=0.696984]

Processing phenotype [ENSG00000155313.11] [10/213]
  * #variants in cis = 2
  * Best hit: [id=21_internal_2517, d=-991503, pv=0.00900447, s=-0.2044]
  * Maximum Likelihood estimation failed, use Moment Matching instead!
  * Beta parameters: [s1=1.00004, s2=2.33052]
  * Adjusted p-values: [emp=0.0248756, beta=0.0173734]

Processing phenotype [ENSG00000234159.1] [11/213]
  * #variants in cis = 1
  * Best hit: [id=21_internal_2609, d=603151, pv=0.600896, s=-0.0409]
  * Maximum Likelihood estimation failed, use Moment Matching instead!
  * Beta parameters: [s1=1.00002, s2=1.21832]
  * Adjusted p-values: [emp=0.706468, beta=0.673322]

Processing phenotype [ENSG00000240770.1] [12/213]
  * #variants in cis = 2
  * Best hit: [id=21_internal_2664, d=0, pv=0.00326693, s=0.2135]
  * Maximum Likelihood estimation failed, use Moment Matching instead!
  * Beta parameters: [s1=1.00002, s2=2.0447]
  * Adjusted p-values: [emp=0.0199005, beta=0.00912899]

Processing phenotype [ENSG00000244676.1] [13/213]
  * #variants in cis = 2
  * Best hit: [id=21_internal_2664, d=0, pv=5.36626e-05, s=0.3024]
  * Maximum Likelihood estimation failed, use Moment Matching instead!
  * Beta parameters: [s1=0.999953, s2=1.59099]
  * Adjusted p-values: [emp=0.00497512, beta=0.000263842]

Processing phenotype [ENSG00000154642.6] [14/213]
  * #variants in cis = 2
  * Best hit: [id=21_internal_2664, d=12631, pv=2.25068e-14, s=0.5316]
  * Maximum Likelihood estimation failed, use Moment Matching instead!
  * Beta parameters: [s1=0.999999, s2=2.08464]
  * Adjusted p-values: [emp=0.00497512, beta=2.45641e-14]

Processing phenotype [ENSG00000237484.4] [15/213]
  * #variants in cis = 3
  * Best hit: [id=21_internal_2348, d=-446850, pv=0.232756, s=-0.0946]
  * Maximum Likelihood estimation failed, use Moment Matching instead!
  * Beta parameters: [s1=0.999968, s2=2.77306]
  * Adjusted p-values: [emp=0.467662, beta=0.489173]

Processing phenotype [ENSG00000154719.9] [16/213]
  * #variants in cis = 0

Processing phenotype [ENSG00000154721.10] [17/213]
  * #variants in cis = 0

Processing phenotype [ENSG00000154727.6] [18/213]
  * #variants in cis = 0

Processing phenotype [ENSG00000154723.8] [19/213]
  * #variants in cis = 0

Processing phenotype [ENSG00000235514.1] [20/213]
  * #variants in cis = 0

Processing phenotype [ENSG00000233783.2] [21/213]
  * #variants in cis = 0

Processing phenotype [ENSG00000142192.15] [22/213]
  * #variants in cis = 0

Processing phenotype [ENSG00000197934.4] [23/213]
  * #variants in cis = 0

Processing phenotype [ENSG00000166265.7] [24/213]
  * #variants in cis = 0

Processing phenotype [ENSG00000198862.8] [25/213]
  * #variants in cis = 5
  * Best hit: [id=21_internal_3141, d=-76509, pv=0.209369, s=0.0978]
  * Maximum Likelihood estimation failed, use Moment Matching instead!
  * Beta parameters: [s1=0.999973, s2=4.74021]
  * Adjusted p-values: [emp=0.706468, beta=0.684185]

Processing phenotype [ENSG00000156253.2] [26/213]
  * #variants in cis = 5
  * Best hit: [id=21_internal_2589, d=-326186, pv=0.400938, s=0.0666]
  * Maximum Likelihood estimation failed, use Moment Matching instead!
  * Beta parameters: [s1=1.00004, s2=5.11773]
  * Adjusted p-values: [emp=0.930348, beta=0.940309]

Processing phenotype [ENSG00000156256.10] [27/213]
  * #variants in cis = 5
  * Best hit: [id=21_internal_2736, d=246792, pv=0.0247444, s=0.1777]
  * Beta parameters: [s1=1.03278, s2=6.05747]
  * Adjusted p-values: [emp=0.0845771, beta=0.0741312]

Processing phenotype [ENSG00000231125.2] [28/213]
  * #variants in cis = 5
  * Best hit: [id=21_internal_3141, d=-9370, pv=0.0149284, s=0.1955]
  * Maximum Likelihood estimation failed, use Moment Matching instead!
  * Beta parameters: [s1=0.999974, s2=5.15334]
  * Adjusted p-values: [emp=0.0696517, beta=0.0579091]

Processing phenotype [ENSG00000156261.8] [29/213]
  * #variants in cis = 5
  * Best hit: [id=21_internal_2675, d=0, pv=0.000586928, s=0.2607]
  * Maximum Likelihood estimation failed, use Moment Matching instead!
  * Beta parameters: [s1=0.99996, s2=5.17444]
  * Adjusted p-values: [emp=0.00497512, beta=0.00250476]

Processing phenotype [ENSG00000156265.11] [30/213]
  * #variants in cis = 5
  * Best hit: [id=21_internal_3141, d=0, pv=1.15837e-08, s=0.4195]
  * Maximum Likelihood estimation failed, use Moment Matching instead!
  * Beta parameters: [s1=0.999998, s2=4.33065]
  * Adjusted p-values: [emp=0.00497512, beta=2.18974e-07]

Processing phenotype [ENSG00000215533.4] [31/213]
  * #variants in cis = 5
  * Best hit: [id=21_internal_3141, d=-91933, pv=0.03324, s=0.1588]
  * Maximum Likelihood estimation failed, use Moment Matching instead!
  * Beta parameters: [s1=0.999998, s2=4.61212]
  * Adjusted p-values: [emp=0.18408, beta=0.167641]

Processing phenotype [ENSG00000156273.11] [32/213]
  * #variants in cis = 5
  * Best hit: [id=21_internal_2589, d=151493, pv=0.0538003, s=0.1546]
  * Beta parameters: [s1=0.994334, s2=6.42593]
  * Adjusted p-values: [emp=0.159204, beta=0.156011]

Processing phenotype [ENSG00000236056.1] [33/213]
  * #variants in cis = 5
  * Best hit: [id=21_internal_3141, d=-120774, pv=0.0660452, s=0.1383]
  * Maximum Likelihood estimation failed, use Moment Matching instead!
  * Beta parameters: [s1=1.00004, s2=5.03498]
  * Adjusted p-values: [emp=0.313433, beta=0.309253]

Processing phenotype [ENSG00000248476.1] [34/213]
  * #variants in cis = 5
  * Best hit: [id=21_internal_3141, d=-250087, pv=0.0618425, s=0.1460]
  * Maximum Likelihood estimation failed, use Moment Matching instead!
  * Beta parameters: [s1=0.999954, s2=4.71786]
  * Adjusted p-values: [emp=0.268657, beta=0.270618]

Processing phenotype [ENSG00000228817.2] [35/213]
  * #variants in cis = 5
  * Best hit: [id=21_internal_2736, d=-81757, pv=0.0914608, s=0.1315]
  * Maximum Likelihood estimation failed, use Moment Matching instead!
  * Beta parameters: [s1=1.00003, s2=4.61961]
  * Adjusted p-values: [emp=0.393035, beta=0.414179]

Processing phenotype [ENSG00000232118.1] [36/213]
  * #variants in cis = 5
  * Best hit: [id=21_internal_2589, d=0, pv=0.108328, s=0.1240]
  * Maximum Likelihood estimation failed, use Moment Matching instead!
  * Beta parameters: [s1=1.00002, s2=4.87964]
  * Adjusted p-values: [emp=0.517413, beta=0.508581]

Processing phenotype [ENSG00000239171.1] [37/213]
  * #variants in cis = 5
  * Best hit: [id=21_internal_3141, d=287942, pv=0.187994, s=0.1025]
  * Beta parameters: [s1=0.903269, s2=5.78267]
  * Adjusted p-values: [emp=0.621891, beta=0.620064]

Processing phenotype [ENSG00000234293.1] [38/213]
  * #variants in cis = 5
  * Best hit: [id=21_internal_2675, d=-421250, pv=0.00718821, s=0.1954]
  * Maximum Likelihood estimation failed, use Moment Matching instead!
  * Beta parameters: [s1=0.999948, s2=4.62444]
  * Adjusted p-values: [emp=0.0348259, beta=0.0319731]

Processing phenotype [ENSG00000183653.4] [39/213]
  * #variants in cis = 5
  * Best hit: [id=21_internal_2736, d=-306849, pv=0.254125, s=0.0891]
  * Beta parameters: [s1=0.898093, s2=6.18198]
  * Adjusted p-values: [emp=0.781095, beta=0.766365]

Processing phenotype [ENSG00000171189.12] [40/213]
  * #variants in cis = 5
  * Best hit: [id=21_internal_2736, d=650840, pv=0.0578748, s=0.1460]
  * Maximum Likelihood estimation failed, use Moment Matching instead!
  * Beta parameters: [s1=0.999947, s2=4.95647]
  * Adjusted p-values: [emp=0.293532, beta=0.272014]

Processing phenotype [ENSG00000142168.10] [41/213]
  * #variants in cis = 2
  * Best hit: [id=21_internal_2513, d=-314496, pv=0.0339996, s=0.1684]
  * Maximum Likelihood estimation failed, use Moment Matching instead!
  * Beta parameters: [s1=1.00002, s2=2.13841]
  * Adjusted p-values: [emp=0.0895522, beta=0.063411]

Processing phenotype [ENSG00000229046.1] [42/213]
  * #variants in cis = 2
  * Best hit: [id=21_internal_2951, d=-510060, pv=0.17369, s=0.1079]
  * Maximum Likelihood estimation failed, use Moment Matching instead!
  * Beta parameters: [s1=1.00001, s2=2.10422]
  * Adjusted p-values: [emp=0.323383, beta=0.328573]

Processing phenotype [ENSG00000156304.9] [43/213]
  * #variants in cis = 2
  * Best hit: [id=21_internal_2513, d=386992, pv=0.17915, s=0.1083]
  * Maximum Likelihood estimation failed, use Moment Matching instead!
  * Beta parameters: [s1=0.999989, s2=1.82506]
  * Adjusted p-values: [emp=0.363184, beta=0.341738]

Processing phenotype [ENSG00000159055.3] [44/213]
  * #variants in cis = 3
  * Best hit: [id=21_internal_3244, d=-829923, pv=0.144472, s=0.1137]
  * Maximum Likelihood estimation failed, use Moment Matching instead!
  * Beta parameters: [s1=0.999959, s2=3.4163]
  * Adjusted p-values: [emp=0.343284, beta=0.366615]

Processing phenotype [ENSG00000200792.1] [45/213]
  * #variants in cis = 3
  * Best hit: [id=21_internal_3244, d=-731672, pv=0.125471, s=0.1225]
  * Maximum Likelihood estimation failed, use Moment Matching instead!
  * Beta parameters: [s1=1.00001, s2=2.90499]
  * Adjusted p-values: [emp=0.353234, beta=0.331528]

Processing phenotype [ENSG00000256073.2] [46/213]
  * #variants in cis = 3
  * Best hit: [id=21_internal_3244, d=715864, pv=0.0316785, s=-0.1692]
  * Maximum Likelihood estimation failed, use Moment Matching instead!
  * Beta parameters: [s1=0.999989, s2=2.77314]
  * Adjusted p-values: [emp=0.0995025, beta=0.102645]

Processing phenotype [ENSG00000265590.2] [47/213]
  * #variants in cis = 3
  * Best hit: [id=21_internal_2554, d=-178815, pv=0.105757, s=-0.1262]
  * Maximum Likelihood estimation failed, use Moment Matching instead!
  * Beta parameters: [s1=0.999959, s2=3.01439]
  * Adjusted p-values: [emp=0.283582, beta=0.295211]

Processing phenotype [ENSG00000159079.14] [48/213]
  * #variants in cis = 3
  * Best hit: [id=21_internal_2554, d=-178552, pv=0.230569, s=-0.0935]
  * Maximum Likelihood estimation failed, use Moment Matching instead!
  * Beta parameters: [s1=1.00001, s2=3.2425]
  * Adjusted p-values: [emp=0.527363, beta=0.52629]

Processing phenotype [ENSG00000228433.1] [49/213]
  * #variants in cis = 3
  * Best hit: [id=21_internal_3244, d=487944, pv=0.620364, s=-0.0398]
  * Maximum Likelihood estimation failed, use Moment Matching instead!
  * Beta parameters: [s1=0.999985, s2=2.57796]
  * Adjusted p-values: [emp=0.940299, beta=0.925911]

Processing phenotype [ENSG00000238220.1] [50/213]
  * #variants in cis = 3
  * Best hit: [id=21_internal_2554, d=-166322, pv=0.28455, s=0.0837]
  * Maximum Likelihood estimation failed, use Moment Matching instead!
  * Beta parameters: [s1=1.00004, s2=3.84676]
  * Adjusted p-values: [emp=0.651741, beta=0.648709]

Processing phenotype [ENSG00000159082.13] [51/213]
  * #variants in cis = 3
  * Best hit: [id=21_internal_3122, d=-563429, pv=0.208306, s=-0.0987]
  * Maximum Likelihood estimation failed, use Moment Matching instead!
  * Beta parameters: [s1=1.00002, s2=2.84406]
  * Adjusted p-values: [emp=0.487562, beta=0.469255]

Processing phenotype [ENSG00000238197.1] [52/213]
  * #variants in cis = 3
  * Best hit: [id=21_internal_3244, d=380877, pv=0.313, s=0.0790]
  * Maximum Likelihood estimation failed, use Moment Matching instead!
  * Beta parameters: [s1=1.00001, s2=3.07672]
  * Adjusted p-values: [emp=0.666667, beta=0.65949]

Processing phenotype [ENSG00000159086.10] [53/213]
  * #variants in cis = 3
  * Best hit: [id=21_internal_2554, d=-19559, pv=0.10846, s=0.1236]
  * Maximum Likelihood estimation failed, use Moment Matching instead!
  * Beta parameters: [s1=0.999957, s2=2.79331]
  * Adjusted p-values: [emp=0.323383, beta=0.315984]

Processing phenotype [ENSG00000205930.4] [54/213]
  * #variants in cis = 3
  * Best hit: [id=21_internal_3244, d=336892, pv=0.00572891, s=0.2130]
  * Maximum Likelihood estimation failed, use Moment Matching instead!
  * Beta parameters: [s1=1.00001, s2=3.09624]
  * Adjusted p-values: [emp=0.00995025, beta=0.0098398]

Processing phenotype [ENSG00000205927.4] [55/213]
  * #variants in cis = 5
  * Best hit: [id=21_internal_2554, d=-218533, pv=0.385, s=0.0701]
  * Maximum Likelihood estimation failed, use Moment Matching instead!
  * Beta parameters: [s1=0.999968, s2=4.83902]
  * Adjusted p-values: [emp=0.890547, beta=0.892767]

Processing phenotype [ENSG00000232539.1] [56/213]
  * #variants in cis = 5
  * Best hit: [id=21_internal_2554, d=-250515, pv=0.293078, s=-0.0851]
  * Maximum Likelihood estimation failed, use Moment Matching instead!
  * Beta parameters: [s1=0.999968, s2=4.51329]
  * Adjusted p-values: [emp=0.781095, beta=0.783636]

Processing phenotype [ENSG00000184221.8] [57/213]
  * #variants in cis = 5
  * Best hit: [id=21_internal_2243, d=860851, pv=0.560854, s=-0.0462]
  * Maximum Likelihood estimation failed, use Moment Matching instead!
  * Beta parameters: [s1=0.999939, s2=4.34761]
  * Adjusted p-values: [emp=0.9801, beta=0.977489]

Processing phenotype [ENSG00000159110.14] [58/213]
  * #variants in cis = 7
  * Best hit: [id=21_internal_2209, d=893877, pv=0.0411744, s=0.1643]
  * Beta parameters: [s1=1.0548, s2=6.1849]
  * Adjusted p-values: [emp=0.189055, beta=0.202801]

Processing phenotype [ENSG00000249624.3] [59/213]
  * #variants in cis = 7
  * Best hit: [id=21_internal_2209, d=877004, pv=0.0136253, s=0.1977]
  * Beta parameters: [s1=0.925983, s2=6.58781]
  * Adjusted p-values: [emp=0.129353, beta=0.123849]

Processing phenotype [ENSG00000223799.1] [60/213]
  * #variants in cis = 7
  * Best hit: [id=21_internal_2209, d=-857518, pv=0.0115481, s=0.2007]
  * Beta parameters: [s1=1.02153, s2=6.83231]
  * Adjusted p-values: [emp=0.0597015, beta=0.0606974]

Processing phenotype [ENSG00000243646.4] [61/213]
  * #variants in cis = 7
  * Best hit: [id=21_internal_2237, d=665001, pv=0.00404246, s=0.2196]
  * Beta parameters: [s1=1.06679, s2=7.42585]
  * Adjusted p-values: [emp=0.0199005, beta=0.0152034]

Processing phenotype [ENSG00000142166.8] [62/213]
  * #variants in cis = 7
  * Best hit: [id=21_internal_2209, d=799349, pv=0.0307465, s=0.1678]
  * Beta parameters: [s1=1.00501, s2=6.09629]
  * Adjusted p-values: [emp=0.164179, beta=0.164159]

Processing phenotype [ENSG00000226501.2] [63/213]
  * #variants in cis = 7
  * Best hit: [id=21_internal_2209, d=789206, pv=0.349399, s=0.0699]
  * Beta parameters: [s1=0.969943, s2=5.94351]
  * Adjusted p-values: [emp=0.915423, beta=0.928795]

Processing phenotype [ENSG00000159128.10] [64/213]
  * #variants in cis = 7
  * Best hit: [id=21_internal_3122, d=-96777, pv=0.0647657, s=0.1470]
  * Beta parameters: [s1=0.972173, s2=6.70813]
  * Adjusted p-values: [emp=0.38806, beta=0.388795]

Processing phenotype [ENSG00000142188.12] [65/213]
  * #variants in cis = 7
  * Best hit: [id=21_internal_3244, d=289127, pv=0.0902768, s=0.1345]
  * Beta parameters: [s1=0.79114, s2=7.53571]
  * Adjusted p-values: [emp=0.412935, beta=0.452557]

Processing phenotype [ENSG00000177692.7] [66/213]
  * #variants in cis = 7
  * Best hit: [id=21_internal_2209, d=-632056, pv=0.0723503, s=0.1389]
  * Beta parameters: [s1=0.942216, s2=7.22602]
  * Adjusted p-values: [emp=0.452736, beta=0.436685]

Processing phenotype [ENSG00000159140.13] [67/213]
  * #variants in cis = 7
  * Best hit: [id=21_internal_2623, d=531401, pv=0.115187, s=-0.1218]
  * Beta parameters: [s1=1.00316, s2=6.27086]
  * Adjusted p-values: [emp=0.587065, beta=0.574352]

Processing phenotype [ENSG00000159131.12] [68/213]
  * #variants in cis = 7
  * Best hit: [id=21_internal_2243, d=-387504, pv=0.183014, s=0.1043]
  * Beta parameters: [s1=0.976141, s2=7.54086]
  * Adjusted p-values: [emp=0.721393, beta=0.730385]

Processing phenotype [ENSG00000268265.1] [69/213]
  * #variants in cis = 7
  * Best hit: [id=21_internal_2623, d=-498680, pv=0.0100094, s=0.1943]
  * Maximum Likelihood estimation failed, use Moment Matching instead!
  * Beta parameters: [s1=1.00003, s2=5.40298]
  * Adjusted p-values: [emp=0.0497512, beta=0.0677585]

Processing phenotype [ENSG00000240368.1] [70/213]
  * #variants in cis = 7
  * Best hit: [id=21_internal_2623, d=-495656, pv=0.110458, s=-0.1231]
  * Beta parameters: [s1=0.973084, s2=5.81344]
  * Adjusted p-values: [emp=0.472637, beta=0.479403]

Processing phenotype [ENSG00000159147.12] [71/213]
  * #variants in cis = 7
  * Best hit: [id=21_internal_3122, d=282589, pv=0.0231186, s=-0.1766]
  * Beta parameters: [s1=1.05356, s2=6.69374]
  * Adjusted p-values: [emp=0.18408, beta=0.165847]

Processing phenotype [ENSG00000205726.9] [72/213]
  * #variants in cis = 7
  * Best hit: [id=21_internal_2623, d=431619, pv=0.112532, s=-0.1274]
  * Beta parameters: [s1=0.931479, s2=8.5998]
  * Adjusted p-values: [emp=0.557214, beta=0.57975]

Processing phenotype [ENSG00000205758.7] [73/213]
  * #variants in cis = 7
  * Best hit: [id=21_internal_2237, d=-287432, pv=0.150951, s=-0.1124]
  * Maximum Likelihood estimation failed, use Moment Matching instead!
  * Beta parameters: [s1=0.99997, s2=5.1849]
  * Adjusted p-values: [emp=0.656716, beta=0.656477]

Processing phenotype [ENSG00000249209.1] [74/213]
  * #variants in cis = 9
  * Best hit: [id=21_internal_2290, d=-989246, pv=0.0453383, s=-0.1576]
  * Beta parameters: [s1=1.04495, s2=9.27545]
  * Adjusted p-values: [emp=0.368159, beta=0.34556]

Processing phenotype [ENSG00000237945.2] [75/213]
  * #variants in cis = 9
  * Best hit: [id=21_internal_2243, d=15463, pv=3.39422e-07, s=0.3878]
  * Beta parameters: [s1=0.932204, s2=13.0452]
  * Adjusted p-values: [emp=0.00497512, beta=9.23725e-07]

Processing phenotype [ENSG00000241837.2] [76/213]
  * #variants in cis = 9
  * Best hit: [id=21_internal_2243, d=-15017, pv=0.024592, s=0.1734]
  * Beta parameters: [s1=1.03904, s2=8.69683]
  * Adjusted p-values: [emp=0.21393, beta=0.199273]

Processing phenotype [ENSG00000243927.1] [77/213]
  * #variants in cis = 9
  * Best hit: [id=21_internal_2209, d=50559, pv=8.51691e-08, s=0.3845]
  * Beta parameters: [s1=1.04489, s2=8.96592]
  * Adjusted p-values: [emp=0.00497512, beta=8.87434e-07]

Processing phenotype [ENSG00000198743.5] [78/213]
  * #variants in cis = 9
  * Best hit: [id=21_internal_2209, d=50213, pv=7.05307e-07, s=0.3678]
  * Beta parameters: [s1=1.0913, s2=10.249]
  * Adjusted p-values: [emp=0.00497512, beta=8.38329e-07]

Processing phenotype [ENSG00000214955.4] [79/213]
  * #variants in cis = 9
  * Best hit: [id=21_internal_2209, d=50191, pv=2.14063e-06, s=0.3558]
  * Beta parameters: [s1=1.0021, s2=9.02975]
  * Adjusted p-values: [emp=0.00497512, beta=1.19048e-05]

Processing phenotype [ENSG00000224598.1] [80/213]
  * #variants in cis = 9
  * Best hit: [id=21_internal_2209, d=1627, pv=0.000358461, s=0.2679]
  * Beta parameters: [s1=0.928982, s2=7.71107]
  * Adjusted p-values: [emp=0.00995025, beta=0.00529555]

Processing phenotype [ENSG00000227456.2] [81/213]
  * #variants in cis = 9
  * Best hit: [id=21_internal_2209, d=-46234, pv=0.000265659, s=0.2761]
  * Beta parameters: [s1=0.858689, s2=8.85354]
  * Adjusted p-values: [emp=0.00995025, beta=0.00267075]

Processing phenotype [ENSG00000266007.1] [82/213]
  * #variants in cis = 8
  * Best hit: [id=21_internal_2568, d=520920, pv=0.280394, s=0.0857]
  * Beta parameters: [s1=0.974663, s2=7.59811]
  * Adjusted p-values: [emp=0.885572, beta=0.899878]

Processing phenotype [ENSG00000205670.6] [83/213]
  * #variants in cis = 7
  * Best hit: [id=21_internal_2209, d=-241035, pv=0.109524, s=0.1245]
  * Beta parameters: [s1=1.06986, s2=7.22244]
  * Adjusted p-values: [emp=0.557214, beta=0.523118]

Processing phenotype [ENSG00000243627.4] [84/213]
  * #variants in cis = 7
  * Best hit: [id=21_internal_2568, d=-402086, pv=0.0251434, s=0.1686]
  * Beta parameters: [s1=0.94023, s2=6.09611]
  * Adjusted p-values: [emp=0.18408, beta=0.19069]

Processing phenotype [ENSG00000180509.7] [85/213]
  * #variants in cis = 8
  * Best hit: [id=21_internal_2578, d=-990232, pv=0.05647, s=-0.1531]
  * Beta parameters: [s1=0.951565, s2=6.72677]
  * Adjusted p-values: [emp=0.363184, beta=0.35179]

Processing phenotype [ENSG00000159200.12] [86/213]
  * #variants in cis = 8
  * Best hit: [id=21_internal_2290, d=-286440, pv=0.0831837, s=0.1377]
  * Beta parameters: [s1=0.918945, s2=6.86574]
  * Adjusted p-values: [emp=0.452736, beta=0.456803]

Processing phenotype [ENSG00000234380.1] [87/213]
  * #variants in cis = 8
  * Best hit: [id=21_internal_2623, d=-651166, pv=0.000280494, s=-0.2803]
  * Beta parameters: [s1=1.00273, s2=7.4333]
  * Adjusted p-values: [emp=0.00497512, beta=0.00370171]

Processing phenotype [ENSG00000159216.13] [88/213]
  * #variants in cis = 9
  * Best hit: [id=21_internal_2290, d=930894, pv=0.0044142, s=0.2145]
  * Beta parameters: [s1=1.00683, s2=7.8231]
  * Adjusted p-values: [emp=0.0447761, beta=0.0411526]

Processing phenotype [ENSG00000189089.4] [89/213]
  * #variants in cis = 9
  * Best hit: [id=21_internal_2501, d=237616, pv=0.0358917, s=0.1670]
  * Beta parameters: [s1=0.955804, s2=11.5034]
  * Adjusted p-values: [emp=0.258706, beta=0.244863]

Processing phenotype [ENSG00000159228.8] [90/213]
  * #variants in cis = 7
  * Best hit: [id=21_internal_3140, d=42331, pv=0.293377, s=0.0836]
  * Beta parameters: [s1=1.08233, s2=6.23284]
  * Adjusted p-values: [emp=0.895522, beta=0.899319]

Processing phenotype [ENSG00000185917.9] [91/213]
  * #variants in cis = 7
  * Best hit: [id=21_internal_2388, d=-217033, pv=0.137273, s=-0.1177]
  * Maximum Likelihood estimation failed, use Moment Matching instead!
  * Beta parameters: [s1=1.00005, s2=5.38376]
  * Adjusted p-values: [emp=0.621891, beta=0.629413]

Processing phenotype [ENSG00000226054.1] [92/213]
  * #variants in cis = 7
  * Best hit: [id=21_internal_2486, d=156419, pv=0.0458373, s=0.1579]
  * Beta parameters: [s1=1.01749, s2=6.36429]
  * Adjusted p-values: [emp=0.273632, beta=0.282595]

Processing phenotype [ENSG00000159231.5] [93/213]
  * #variants in cis = 7
  * Best hit: [id=21_internal_3140, d=0, pv=0.030464, s=0.1682]
  * Beta parameters: [s1=1.17152, s2=7.61917]
  * Adjusted p-values: [emp=0.159204, beta=0.181691]

Processing phenotype [ENSG00000236830.1] [94/213]
  * #variants in cis = 7
  * Best hit: [id=21_internal_3140, d=0, pv=0.042615, s=0.1578]
  * Beta parameters: [s1=0.959061, s2=6.26937]
  * Adjusted p-values: [emp=0.223881, beta=0.214327]

Processing phenotype [ENSG00000142197.8] [95/213]
  * #variants in cis = 7
  * Best hit: [id=21_internal_2486, d=130008, pv=0.123473, s=0.1204]
  * Beta parameters: [s1=0.908092, s2=7.83399]
  * Adjusted p-values: [emp=0.616915, beta=0.635116]

Processing phenotype [ENSG00000228149.1] [96/213]
  * #variants in cis = 7
  * Best hit: [id=21_internal_3140, d=0, pv=0.252901, s=-0.0894]
  * Beta parameters: [s1=0.950515, s2=7.58564]
  * Adjusted p-values: [emp=0.860697, beta=0.885643]

Processing phenotype [ENSG00000214867.3] [97/213]
  * #variants in cis = 7
  * Best hit: [id=21_internal_2347, d=-14124, pv=0.462662, s=0.0576]
  * Beta parameters: [s1=0.961253, s2=5.78543]
  * Adjusted p-values: [emp=0.985075, beta=0.979844]

Processing phenotype [ENSG00000159256.8] [98/213]
  * #variants in cis = 7
  * Best hit: [id=21_internal_2486, d=0, pv=0.000245924, s=0.2907]
  * Beta parameters: [s1=1.01909, s2=6.34085]
  * Adjusted p-values: [emp=0.00497512, beta=0.00195002]

Processing phenotype [ENSG00000228107.1] [99/213]
  * #variants in cis = 7
  * Best hit: [id=21_internal_2486, d=-26806, pv=0.000606084, s=0.2698]
  * Beta parameters: [s1=0.903676, s2=6.79603]
  * Adjusted p-values: [emp=0.00497512, beta=0.00582355]

Processing phenotype [ENSG00000159259.6] [100/213]
  * #variants in cis = 7
  * Best hit: [id=21_internal_2501, d=-82403, pv=9.79679e-05, s=0.3143]
  * Beta parameters: [s1=1.12868, s2=9.6268]
  * Adjusted p-values: [emp=0.00497512, beta=0.000163821]

Processing phenotype [ENSG00000185808.8] [101/213]
  * #variants in cis = 6
  * Best hit: [id=21_internal_2486, d=739348, pv=0.166897, s=-0.1090]
  * Beta parameters: [s1=0.997383, s2=5.42474]
  * Adjusted p-values: [emp=0.706468, beta=0.676527]

Processing phenotype [ENSG00000182670.9] [102/213]
  * #variants in cis = 6
  * Best hit: [id=21_internal_2535, d=-92099, pv=0.03874, s=0.1595]
  * Beta parameters: [s1=0.937163, s2=5.9655]
  * Adjusted p-values: [emp=0.21393, beta=0.22787]

Processing phenotype [ENSG00000228677.1] [103/213]
  * #variants in cis = 5
  * Best hit: [id=21_internal_2388, d=112717, pv=0.0871423, s=-0.1362]
  * Maximum Likelihood estimation failed, use Moment Matching instead!
  * Beta parameters: [s1=1.00005, s2=5.50259]
  * Adjusted p-values: [emp=0.333333, beta=0.343795]

Processing phenotype [ENSG00000230366.5] [104/213]
  * #variants in cis = 6
  * Best hit: [id=21_internal_2388, d=-127294, pv=0.0150765, s=0.1871]
  * Maximum Likelihood estimation failed, use Moment Matching instead!
  * Beta parameters: [s1=0.999994, s2=5.17114]
  * Adjusted p-values: [emp=0.129353, beta=0.115839]

Processing phenotype [ENSG00000263969.1] [105/213]
  * #variants in cis = 6
  * Best hit: [id=21_internal_2347, d=-882333, pv=0.30229, s=-0.0806]
  * Beta parameters: [s1=1.01926, s2=6.0532]
  * Adjusted p-values: [emp=0.875622, beta=0.873981]

Processing phenotype [ENSG00000242553.1] [106/213]
  * #variants in cis = 6
  * Best hit: [id=21_internal_2388, d=-140210, pv=0.0939278, s=0.1321]
  * Beta parameters: [s1=0.905851, s2=6.4487]
  * Adjusted p-values: [emp=0.40796, beta=0.404942]

Processing phenotype [ENSG00000157538.9] [107/213]
  * #variants in cis = 6
  * Best hit: [id=21_internal_2347, d=934689, pv=0.127, s=0.1226]
  * Beta parameters: [s1=1.0548, s2=6.60717]
  * Adjusted p-values: [emp=0.497512, beta=0.511702]

Processing phenotype [ENSG00000157540.14] [108/213]
  * #variants in cis = 4
  * Best hit: [id=21_internal_2535, d=-385809, pv=0.586524, s=-0.0421]
  * Maximum Likelihood estimation failed, use Moment Matching instead!
  * Beta parameters: [s1=1.00005, s2=3.7244]
  * Adjusted p-values: [emp=0.970149, beta=0.961276]

Processing phenotype [ENSG00000267937.1] [109/213]
  * #variants in cis = 4
  * Best hit: [id=21_internal_2388, d=-435230, pv=0.261422, s=-0.0859]
  * Maximum Likelihood estimation failed, use Moment Matching instead!
  * Beta parameters: [s1=0.999979, s2=4.01724]
  * Adjusted p-values: [emp=0.731343, beta=0.725095]

Processing phenotype [ENSG00000157542.7] [110/213]
  * #variants in cis = 4
  * Best hit: [id=21_internal_2535, d=935322, pv=0.206545, s=0.0994]
  * Maximum Likelihood estimation failed, use Moment Matching instead!
  * Beta parameters: [s1=1.00003, s2=4.3874]
  * Adjusted p-values: [emp=0.587065, beta=0.618199]

Processing phenotype [ENSG00000198054.7] [111/213]
  * #variants in cis = 2
  * Best hit: [id=21_internal_3079, d=84232, pv=0.142915, s=0.1180]
  * Maximum Likelihood estimation failed, use Moment Matching instead!
  * Beta parameters: [s1=1, s2=1.95854]
  * Adjusted p-values: [emp=0.243781, beta=0.243579]

Processing phenotype [ENSG00000157551.12] [112/213]
  * #variants in cis = 2
  * Best hit: [id=21_internal_3079, d=48649, pv=1.81922e-08, s=0.4051]
  * Maximum Likelihood estimation failed, use Moment Matching instead!
  * Beta parameters: [s1=1.00003, s2=2.21239]
  * Adjusted p-values: [emp=0.00497512, beta=3.39087e-09]

Processing phenotype [ENSG00000226012.1] [113/213]
  * #variants in cis = 3
  * Best hit: [id=21_internal_3079, d=0, pv=7.50411e-08, s=0.3974]
  * Maximum Likelihood estimation failed, use Moment Matching instead!
  * Beta parameters: [s1=1.00002, s2=3.07699]
  * Adjusted p-values: [emp=0.00497512, beta=2.82881e-07]

Processing phenotype [ENSG00000231123.1] [114/213]
  * #variants in cis = 3
  * Best hit: [id=21_internal_3079, d=0, pv=1.66653e-06, s=0.3518]
  * Maximum Likelihood estimation failed, use Moment Matching instead!
  * Beta parameters: [s1=1.00006, s2=2.76508]
  * Adjusted p-values: [emp=0.00497512, beta=2.60876e-05]

Processing phenotype [ENSG00000231231.1] [115/213]
  * #variants in cis = 3
  * Best hit: [id=21_internal_2642, d=0, pv=0.00514881, s=0.2221]
  * Maximum Likelihood estimation failed, use Moment Matching instead!
  * Beta parameters: [s1=1, s2=3.2749]
  * Adjusted p-values: [emp=0.00995025, beta=0.0196629]

Processing phenotype [ENSG00000157554.14] [116/213]
  * #variants in cis = 3
  * Best hit: [id=21_internal_3079, d=308219, pv=0.0290377, s=0.1679]
  * Maximum Likelihood estimation failed, use Moment Matching instead!
  * Beta parameters: [s1=0.999983, s2=3.01921]
  * Adjusted p-values: [emp=0.109453, beta=0.0922227]

Processing phenotype [ENSG00000157557.7] [117/213]
  * #variants in cis = 3
  * Best hit: [id=21_internal_2620, d=375352, pv=0.410881, s=0.0642]
  * Maximum Likelihood estimation failed, use Moment Matching instead!
  * Beta parameters: [s1=1.00003, s2=3.16368]
  * Adjusted p-values: [emp=0.78607, beta=0.802178]

Processing phenotype [ENSG00000183527.7] [118/213]
  * #variants in cis = 3
  * Best hit: [id=21_internal_2620, d=0, pv=0.30083, s=-0.0809]
  * Maximum Likelihood estimation failed, use Moment Matching instead!
  * Beta parameters: [s1=1.00005, s2=2.55032]
  * Adjusted p-values: [emp=0.646766, beta=0.651021]

Processing phenotype [ENSG00000232608.1] [119/213]
  * #variants in cis = 3
  * Best hit: [id=21_internal_3079, d=-863065, pv=0.40501, s=-0.0648]
  * Maximum Likelihood estimation failed, use Moment Matching instead!
  * Beta parameters: [s1=1.00002, s2=3.44626]
  * Adjusted p-values: [emp=0.830846, beta=0.825317]

Processing phenotype [ENSG00000237373.1] [120/213]
  * #variants in cis = 3
  * Best hit: [id=21_internal_2620, d=8811, pv=0.218557, s=-0.0949]
  * Maximum Likelihood estimation failed, use Moment Matching instead!
  * Beta parameters: [s1=1.00001, s2=2.74472]
  * Adjusted p-values: [emp=0.532338, beta=0.518928]

Processing phenotype [ENSG00000229623.1] [121/213]
  * #variants in cis = 3
  * Best hit: [id=21_internal_2642, d=855480, pv=0.156193, s=0.1119]
  * Maximum Likelihood estimation failed, use Moment Matching instead!
  * Beta parameters: [s1=1.00002, s2=2.59682]
  * Adjusted p-values: [emp=0.412935, beta=0.414182]

Processing phenotype [ENSG00000185658.9] [122/213]
  * #variants in cis = 3
  * Best hit: [id=21_internal_2642, d=941019, pv=0.314999, s=0.0780]
  * Maximum Likelihood estimation failed, use Moment Matching instead!
  * Beta parameters: [s1=1.00002, s2=3.19295]
  * Adjusted p-values: [emp=0.651741, beta=0.669487]

Processing phenotype [ENSG00000252915.1] [123/213]
  * #variants in cis = 3
  * Best hit: [id=21_internal_2642, d=-963997, pv=0.344406, s=0.0733]
  * Maximum Likelihood estimation failed, use Moment Matching instead!
  * Beta parameters: [s1=0.999987, s2=3.70388]
  * Adjusted p-values: [emp=0.721393, beta=0.729743]

Processing phenotype [ENSG00000238556.1] [124/213]
  * #variants in cis = 3
  * Best hit: [id=21_internal_2642, d=964917, pv=0.341106, s=0.0748]
  * Maximum Likelihood estimation failed, use Moment Matching instead!
  * Beta parameters: [s1=0.999998, s2=3.76928]
  * Adjusted p-values: [emp=0.711443, beta=0.7333]

Processing phenotype [ENSG00000205581.6] [125/213]
  * #variants in cis = 3
  * Best hit: [id=21_internal_3079, d=996088, pv=0.16197, s=-0.1097]
  * Maximum Likelihood estimation failed, use Moment Matching instead!
  * Beta parameters: [s1=1.00001, s2=2.90493]
  * Adjusted p-values: [emp=0.427861, beta=0.421323]

Processing phenotype [ENSG00000182093.9] [126/213]
  * #variants in cis = 2
  * Best hit: [id=21_internal_2642, d=-999704, pv=0.152131, s=-0.1106]
  * Maximum Likelihood estimation failed, use Moment Matching instead!
  * Beta parameters: [s1=0.999988, s2=2.13971]
  * Adjusted p-values: [emp=0.283582, beta=0.286205]

Processing phenotype [ENSG00000157578.8] [127/213]
  * #variants in cis = 1
  * Best hit: [id=21_internal_2620, d=234811, pv=0.936363, s=0.0061]
  * Maximum Likelihood estimation failed, use Moment Matching instead!
  * Beta parameters: [s1=0.999982, s2=0.969073]
  * Adjusted p-values: [emp=0.945274, beta=0.928941]

Processing phenotype [ENSG00000185437.9] [128/213]
  * #variants in cis = 1
  * Best hit: [id=21_internal_2620, d=-234861, pv=0.794302, s=-0.0198]
  * Maximum Likelihood estimation failed, use Moment Matching instead!
  * Beta parameters: [s1=1.00002, s2=0.825933]
  * Adjusted p-values: [emp=0.751244, beta=0.738841]

Processing phenotype [ENSG00000183844.12] [129/213]
  * #variants in cis = 4
  * Best hit: [id=21_internal_2599, d=113936, pv=0.102309, s=0.1270]
  * Maximum Likelihood estimation failed, use Moment Matching instead!
  * Beta parameters: [s1=0.999947, s2=3.46932]
  * Adjusted p-values: [emp=0.313433, beta=0.331031]

Processing phenotype [ENSG00000183486.8] [130/213]
  * #variants in cis = 4
  * Best hit: [id=21_internal_2599, d=56205, pv=0.0344517, s=0.1672]
  * Maximum Likelihood estimation failed, use Moment Matching instead!
  * Beta parameters: [s1=1.00001, s2=3.72966]
  * Adjusted p-values: [emp=0.124378, beta=0.172443]

Processing phenotype [ENSG00000157601.9] [131/213]
  * #variants in cis = 4
  * Best hit: [id=21_internal_2599, d=0, pv=0.00041624, s=0.2784]
  * Maximum Likelihood estimation failed, use Moment Matching instead!
  * Beta parameters: [s1=0.999974, s2=4.11279]
  * Adjusted p-values: [emp=0.00497512, beta=0.00097527]

Processing phenotype [ENSG00000228318.1] [132/213]
  * #variants in cis = 4
  * Best hit: [id=21_internal_2599, d=13332, pv=0.000393136, s=0.2785]
  * Maximum Likelihood estimation failed, use Moment Matching instead!
  * Beta parameters: [s1=1, s2=3.33786]
  * Adjusted p-values: [emp=0.00497512, beta=0.00244736]

Processing phenotype [ENSG00000183421.7] [133/213]
  * #variants in cis = 12
  * Best hit: [id=21_internal_2782, d=0, pv=4.69106e-17, s=0.6022]
  * Beta parameters: [s1=0.883943, s2=12.5957]
  * Adjusted p-values: [emp=0.00497512, beta=6.62733e-16]

Processing phenotype [ENSG00000141956.9] [134/213]
  * #variants in cis = 12
  * Best hit: [id=21_internal_2612, d=-526647, pv=0.00375302, s=0.2260]
  * Beta parameters: [s1=0.980013, s2=11.631]
  * Adjusted p-values: [emp=0.0497512, beta=0.0369532]

Processing phenotype [ENSG00000157617.12] [135/213]
  * #variants in cis = 12
  * Best hit: [id=21_internal_2782, d=174119, pv=0.0216912, s=0.1805]
  * Beta parameters: [s1=0.892037, s2=13.0337]
  * Adjusted p-values: [emp=0.238806, beta=0.226881]

Processing phenotype [ENSG00000237232.3] [136/213]
  * #variants in cis = 12
  * Best hit: [id=21_internal_2782, d=-229423, pv=0.102885, s=0.1273]
  * Beta parameters: [s1=1.17781, s2=12.8044]
  * Adjusted p-values: [emp=0.78607, beta=0.767978]

Processing phenotype [ENSG00000173276.9] [137/213]
  * #variants in cis = 12
  * Best hit: [id=21_internal_2447, d=-485235, pv=0.0118498, s=0.2001]
  * Beta parameters: [s1=1.0531, s2=12.3991]
  * Adjusted p-values: [emp=0.129353, beta=0.124632]

Processing phenotype [ENSG00000160179.14] [138/213]
  * #variants in cis = 13
  * Best hit: [id=21_internal_2713, d=0, pv=1.68007e-16, s=0.5989]
  * Beta parameters: [s1=1.02277, s2=11.145]
  * Adjusted p-values: [emp=0.00497512, beta=1.68693e-15]

Processing phenotype [ENSG00000223262.1] [139/213]
  * #variants in cis = 13
  * Best hit: [id=21_internal_2408, d=0, pv=1.0589e-08, s=0.4418]
  * Beta parameters: [s1=1.13472, s2=11.9876]
  * Adjusted p-values: [emp=0.00497512, beta=1.93976e-07]

Processing phenotype [ENSG00000216197.1] [140/213]
  * #variants in cis = 13
  * Best hit: [id=21_internal_2713, d=45000, pv=6.01533e-10, s=0.4567]
  * Beta parameters: [s1=1.00415, s2=10.9349]
  * Adjusted p-values: [emp=0.00497512, beta=2.90692e-08]

Processing phenotype [ENSG00000160180.14] [141/213]
  * #variants in cis = 13
  * Best hit: [id=21_internal_2263, d=-87496, pv=0.00679874, s=0.2068]
  * Beta parameters: [s1=0.989151, s2=14.1388]
  * Adjusted p-values: [emp=0.0696517, beta=0.063058]

Processing phenotype [ENSG00000239930.1] [142/213]
  * #variants in cis = 13
  * Best hit: [id=21_internal_2447, d=0, pv=0.0520465, s=0.1515]
  * Beta parameters: [s1=1.14429, s2=13.4675]
  * Adjusted p-values: [emp=0.512438, beta=0.508816]

Processing phenotype [ENSG00000160190.8] [143/213]
  * #variants in cis = 13
  * Best hit: [id=21_internal_2263, d=-69788, pv=0.00150538, s=0.2456]
  * Beta parameters: [s1=1.04107, s2=10.9698]
  * Adjusted p-values: [emp=0.0149254, beta=0.0169483]

Processing phenotype [ENSG00000235772.1] [144/213]
  * #variants in cis = 13
  * Best hit: [id=21_internal_2263, d=135704, pv=0.0127669, s=0.1943]
  * Beta parameters: [s1=1.08791, s2=12.2677]
  * Adjusted p-values: [emp=0.154229, beta=0.163784]

Processing phenotype [ENSG00000160191.13] [145/213]
  * #variants in cis = 13
  * Best hit: [id=21_internal_3056, d=0, pv=1.70025e-10, s=0.4607]
  * Beta parameters: [s1=0.917829, s2=11.7703]
  * Adjusted p-values: [emp=0.00497512, beta=2.58513e-09]

Processing phenotype [ENSG00000225731.1] [146/213]
  * #variants in cis = 14
  * Best hit: [id=21_internal_3056, d=0, pv=1.25847e-10, s=0.4655]
  * Beta parameters: [s1=0.93603, s2=13.515]
  * Adjusted p-values: [emp=0.00497512, beta=3.56156e-09]

Processing phenotype [ENSG00000160193.7] [147/213]
  * #variants in cis = 13
  * Best hit: [id=21_internal_2618, d=70836, pv=0.000396609, s=0.2641]
  * Beta parameters: [s1=0.973198, s2=12.1661]
  * Adjusted p-values: [emp=0.0149254, beta=0.00478605]

Processing phenotype [ENSG00000160194.12] [148/213]
  * #variants in cis = 13
  * Best hit: [id=21_internal_2447, d=-350601, pv=0.18656, s=-0.1065]
  * Beta parameters: [s1=1.10656, s2=11.7139]
  * Adjusted p-values: [emp=0.940299, beta=0.940645]

Processing phenotype [ENSG00000233056.1] [149/213]
  * #variants in cis = 15
  * Best hit: [id=21_internal_2942, d=521754, pv=0.0680976, s=-0.1411]
  * Beta parameters: [s1=0.961515, s2=11.9119]
  * Adjusted p-values: [emp=0.616915, beta=0.625212]

Processing phenotype [ENSG00000160199.9] [150/213]
  * #variants in cis = 15
  * Best hit: [id=21_internal_2713, d=-719165, pv=0.0240803, s=-0.1695]
  * Beta parameters: [s1=0.876839, s2=13.2889]
  * Adjusted p-values: [emp=0.288557, beta=0.322136]

Processing phenotype [ENSG00000160200.13] [151/213]
  * #variants in cis = 16
  * Best hit: [id=21_internal_2713, d=821598, pv=0.0551999, s=-0.1486]
  * Beta parameters: [s1=0.874437, s2=22.6012]
  * Adjusted p-values: [emp=0.577114, beta=0.578506]

Processing phenotype [ENSG00000160201.7] [152/213]
  * #variants in cis = 16
  * Best hit: [id=21_internal_2408, d=868808, pv=0.121586, s=-0.1245]
  * Beta parameters: [s1=0.916421, s2=14.9743]
  * Adjusted p-values: [emp=0.825871, beta=0.851667]

Processing phenotype [ENSG00000232777.1] [153/213]
  * #variants in cis = 16
  * Best hit: [id=21_internal_2673, d=-927542, pv=0.0149296, s=0.1906]
  * Beta parameters: [s1=1.03892, s2=14.267]
  * Adjusted p-values: [emp=0.268657, beta=0.24777]

Processing phenotype [ENSG00000142178.7] [154/213]
  * #variants in cis = 15
  * Best hit: [id=21_internal_2555, d=10552, pv=2.15893e-05, s=0.3252]
  * Beta parameters: [s1=1.03318, s2=11.2053]
  * Adjusted p-values: [emp=0.00497512, beta=0.000615115]

Processing phenotype [ENSG00000160208.11] [155/213]
  * #variants in cis = 14
  * Best hit: [id=21_internal_2618, d=-850587, pv=0.0241525, s=0.1699]
  * Beta parameters: [s1=1.14065, s2=13.8815]
  * Adjusted p-values: [emp=0.223881, beta=0.218783]

Processing phenotype [ENSG00000160209.13] [156/213]
  * #variants in cis = 14
  * Best hit: [id=21_internal_2563, d=0, pv=0.164766, s=-0.1087]
  * Beta parameters: [s1=0.878564, s2=11.3804]
  * Adjusted p-values: [emp=0.890547, beta=0.888821]

Processing phenotype [ENSG00000241238.1] [157/213]
  * #variants in cis = 14
  * Best hit: [id=21_internal_3344, d=788752, pv=0.0481749, s=0.1606]
  * Beta parameters: [s1=1.08545, s2=13.25]
  * Adjusted p-values: [emp=0.492537, beta=0.492353]

Processing phenotype [ENSG00000160213.5] [158/213]
  * #variants in cis = 13
  * Best hit: [id=21_internal_2361, d=990332, pv=0.0587834, s=0.1466]
  * Beta parameters: [s1=0.802245, s2=11.4354]
  * Adjusted p-values: [emp=0.482587, beta=0.524976]

Processing phenotype [ENSG00000160214.8] [159/213]
  * #variants in cis = 12
  * Best hit: [id=21_internal_2365, d=126381, pv=0.124657, s=-0.1200]
  * Beta parameters: [s1=0.843356, s2=15.0814]
  * Adjusted p-values: [emp=0.776119, beta=0.785983]

Processing phenotype [ENSG00000215458.4] [160/213]
  * #variants in cis = 12
  * Best hit: [id=21_internal_2365, d=-103327, pv=0.0238241, s=-0.1747]
  * Beta parameters: [s1=0.961328, s2=9.98078]
  * Adjusted p-values: [emp=0.263682, beta=0.257931]

Processing phenotype [ENSG00000160216.14] [161/213]
  * #variants in cis = 13
  * Best hit: [id=21_internal_3344, d=645258, pv=0.00600148, s=0.2094]
  * Beta parameters: [s1=1.06602, s2=11.7319]
  * Adjusted p-values: [emp=0.0945274, beta=0.0803742]

Processing phenotype [ENSG00000160218.8] [162/213]
  * #variants in cis = 14
  * Best hit: [id=21_internal_2555, d=-595744, pv=0.133397, s=0.1127]
  * Beta parameters: [s1=0.965879, s2=13.636]
  * Adjusted p-values: [emp=0.850746, beta=0.856388]

Processing phenotype [ENSG00000213440.2] [163/213]
  * #variants in cis = 14
  * Best hit: [id=21_internal_2518, d=310417, pv=0.0284107, s=-0.1758]
  * Beta parameters: [s1=1.12327, s2=12.0985]
  * Adjusted p-values: [emp=0.318408, beta=0.285747]

Processing phenotype [ENSG00000241945.2] [164/213]
  * #variants in cis = 16
  * Best hit: [id=21_internal_3344, d=403149, pv=0.139549, s=0.1179]
  * Beta parameters: [s1=1.15354, s2=13.3867]
  * Adjusted p-values: [emp=0.910448, beta=0.908126]

Processing phenotype [ENSG00000248354.1] [165/213]
  * #variants in cis = 16
  * Best hit: [id=21_internal_2154, d=3759, pv=0.0499702, s=-0.1548]
  * Beta parameters: [s1=1.16645, s2=16.5594]
  * Adjusted p-values: [emp=0.587065, beta=0.560986]

Processing phenotype [ENSG00000160221.12] [166/213]
  * #variants in cis = 16
  * Best hit: [id=21_internal_2411, d=60093, pv=0.0315875, s=-0.1651]
  * Beta parameters: [s1=1.02062, s2=15.7546]
  * Adjusted p-values: [emp=0.368159, beta=0.378423]

Processing phenotype [ENSG00000225331.1] [167/213]
  * #variants in cis = 16
  * Best hit: [id=21_internal_2411, d=-33621, pv=0.000880771, s=0.2614]
  * Beta parameters: [s1=0.946169, s2=13.8184]
  * Adjusted p-values: [emp=0.0298507, beta=0.0164054]

Processing phenotype [ENSG00000267913.1] [168/213]
  * #variants in cis = 16
  * Best hit: [id=21_internal_2339, d=233706, pv=0.0071304, s=-0.2055]
  * Beta parameters: [s1=1.0939, s2=13.7941]
  * Adjusted p-values: [emp=0.0895522, beta=0.0895947]

Processing phenotype [ENSG00000141959.12] [169/213]
  * #variants in cis = 17
  * Best hit: [id=21_internal_3344, d=210391, pv=0.027616, s=0.1742]
  * Beta parameters: [s1=0.969659, s2=15.3326]
  * Adjusted p-values: [emp=0.363184, beta=0.387719]

Processing phenotype [ENSG00000241728.1] [170/213]
  * #variants in cis = 17
  * Best hit: [id=21_internal_3100, d=-514836, pv=0.217928, s=0.0989]
  * Beta parameters: [s1=1.13122, s2=13.3775]
  * Adjusted p-values: [emp=0.975124, beta=0.978026]

Processing phenotype [ENSG00000184441.4] [171/213]
  * #variants in cis = 17
  * Best hit: [id=21_internal_2555, d=-914661, pv=0.074035, s=-0.1434]
  * Beta parameters: [s1=0.969018, s2=16.847]
  * Adjusted p-values: [emp=0.666667, beta=0.686744]

Processing phenotype [ENSG00000160226.11] [172/213]
  * #variants in cis = 17
  * Best hit: [id=21_internal_2555, d=922829, pv=0.0535312, s=-0.1515]
  * Beta parameters: [s1=1.08656, s2=18.1409]
  * Adjusted p-values: [emp=0.641791, beta=0.629249]

Processing phenotype [ENSG00000142185.12] [173/213]
  * #variants in cis = 17
  * Best hit: [id=21_internal_3092, d=733892, pv=0.0677134, s=0.1438]
  * Beta parameters: [s1=1.02566, s2=14.5367]
  * Adjusted p-values: [emp=0.706468, beta=0.669688]

Processing phenotype [ENSG00000160233.6] [174/213]
  * #variants in cis = 16
  * Best hit: [id=21_internal_3344, d=54956, pv=8.8072e-05, s=0.3021]
  * Beta parameters: [s1=0.834581, s2=14.5641]
  * Adjusted p-values: [emp=0.00497512, beta=0.00157795]

Processing phenotype [ENSG00000269430.1] [175/213]
  * #variants in cis = 16
  * Best hit: [id=21_internal_3344, d=50511, pv=2.01648e-06, s=0.3743]
  * Beta parameters: [s1=1.05483, s2=14.1615]
  * Adjusted p-values: [emp=0.00497512, beta=1.60651e-05]

Processing phenotype [ENSG00000235890.1] [176/213]
  * #variants in cis = 16
  * Best hit: [id=21_internal_3344, d=3635, pv=3.66684e-22, s=0.6724]
  * Beta parameters: [s1=0.99125, s2=17.317]
  * Adjusted p-values: [emp=0.00497512, beta=4.27477e-23]

Processing phenotype [ENSG00000182912.6] [177/213]
  * #variants in cis = 16
  * Best hit: [id=21_internal_3344, d=0, pv=3.21785e-20, s=0.6522]
  * Beta parameters: [s1=1.06612, s2=13.7699]
  * Adjusted p-values: [emp=0.00497512, beta=5.34122e-19]

Processing phenotype [ENSG00000205445.3] [178/213]
  * #variants in cis = 17
  * Best hit: [id=21_internal_3344, d=0, pv=7.29413e-13, s=0.5010]
  * Beta parameters: [s1=1.0045, s2=12.3247]
  * Adjusted p-values: [emp=0.00497512, beta=2.67633e-10]

Processing phenotype [ENSG00000243489.2] [179/213]
  * #variants in cis = 17
  * Best hit: [id=21_internal_3344, d=0, pv=7.66268e-15, s=0.5643]
  * Beta parameters: [s1=0.904807, s2=17.7207]
  * Adjusted p-values: [emp=0.00497512, beta=1.9089e-13]

Processing phenotype [ENSG00000212933.1] [180/213]
  * #variants in cis = 17
  * Best hit: [id=21_internal_3344, d=0, pv=9.75491e-11, s=0.4769]
  * Beta parameters: [s1=1.07551, s2=14.3155]
  * Adjusted p-values: [emp=0.00497512, beta=2.16639e-09]

Processing phenotype [ENSG00000205439.8] [181/213]
  * #variants in cis = 17
  * Best hit: [id=21_internal_3344, d=0, pv=1.26118e-16, s=0.5836]
  * Beta parameters: [s1=1.14707, s2=18.3787]
  * Adjusted p-values: [emp=0.00497512, beta=1.23465e-17]

Processing phenotype [ENSG00000175894.10] [182/213]
  * #variants in cis = 17
  * Best hit: [id=21_internal_3344, d=0, pv=4.63017e-21, s=0.6562]
  * Beta parameters: [s1=0.998911, s2=13.2728]
  * Adjusted p-values: [emp=0.00497512, beta=1.19363e-18]

Processing phenotype [ENSG00000184787.14] [183/213]
  * #variants in cis = 17
  * Best hit: [id=21_internal_3344, d=77876, pv=3.63256e-09, s=0.4462]
  * Beta parameters: [s1=0.968903, s2=19.2306]
  * Adjusted p-values: [emp=0.00497512, beta=2.2954e-08]

Processing phenotype [ENSG00000236519.1] [184/213]
  * #variants in cis = 17
  * Best hit: [id=21_internal_2225, d=722259, pv=0.15769, s=-0.1098]
  * Beta parameters: [s1=1.03606, s2=17.9547]
  * Adjusted p-values: [emp=0.920398, beta=0.9479]

Processing phenotype [ENSG00000184900.11] [185/213]
  * #variants in cis = 18
  * Best hit: [id=21_internal_3344, d=94636, pv=0.0721145, s=0.1399]
  * Beta parameters: [s1=1.10455, s2=14.6832]
  * Adjusted p-values: [emp=0.706468, beta=0.717615]

Processing phenotype [ENSG00000183255.7] [186/213]
  * #variants in cis = 18
  * Best hit: [id=21_internal_2365, d=933950, pv=0.00946967, s=-0.2016]
  * Beta parameters: [s1=0.955413, s2=20.2406]
  * Adjusted p-values: [emp=0.129353, beta=0.140838]

Processing phenotype [ENSG00000227039.1] [187/213]
  * #variants in cis = 18
  * Best hit: [id=21_internal_3344, d=-196908, pv=0.0750968, s=0.1379]
  * Beta parameters: [s1=1.01446, s2=14.221]
  * Adjusted p-values: [emp=0.711443, beta=0.728181]

Processing phenotype [ENSG00000160255.12] [188/213]
  * #variants in cis = 18
  * Best hit: [id=21_internal_2673, d=875632, pv=0.0923071, s=-0.1248]
  * Beta parameters: [s1=0.9093, s2=16.3841]
  * Adjusted p-values: [emp=0.78607, beta=0.783009]

Processing phenotype [ENSG00000183250.7] [189/213]
  * #variants in cis = 17
  * Best hit: [id=21_internal_3444, d=-799064, pv=0.0199296, s=0.1858]
  * Beta parameters: [s1=0.989873, s2=21.5777]
  * Adjusted p-values: [emp=0.233831, beta=0.263804]

Processing phenotype [ENSG00000160256.8] [190/213]
  * #variants in cis = 16
  * Best hit: [id=21_internal_3444, d=798967, pv=0.011319, s=0.1962]
  * Beta parameters: [s1=1.15521, s2=15.5317]
  * Adjusted p-values: [emp=0.189055, beta=0.172797]

Processing phenotype [ENSG00000197381.11] [191/213]
  * #variants in cis = 15
  * Best hit: [id=21_internal_3092, d=10170, pv=0.016531, s=-0.1875]
  * Beta parameters: [s1=1.05845, s2=14.4531]
  * Adjusted p-values: [emp=0.19403, beta=0.178017]

Processing phenotype [ENSG00000182586.3] [192/213]
  * #variants in cis = 13
  * Best hit: [id=21_internal_3092, d=-64065, pv=0.110184, s=0.1220]
  * Beta parameters: [s1=0.954509, s2=11.9303]
  * Adjusted p-values: [emp=0.751244, beta=0.762706]

Processing phenotype [ENSG00000186866.12] [193/213]
  * #variants in cis = 14
  * Best hit: [id=21_internal_2680, d=-965818, pv=0.0366469, s=-0.1631]
  * Beta parameters: [s1=0.997783, s2=10.2276]
  * Adjusted p-values: [emp=0.427861, beta=0.425338]

Processing phenotype [ENSG00000215447.3] [194/213]
  * #variants in cis = 14
  * Best hit: [id=21_internal_2755, d=865041, pv=0.00340888, s=0.2277]
  * Beta parameters: [s1=1.07312, s2=9.03683]
  * Adjusted p-values: [emp=0.0597015, beta=0.0641502]

Processing phenotype [ENSG00000223768.1] [195/213]
  * #variants in cis = 14
  * Best hit: [id=21_internal_3344, d=-569142, pv=0.109474, s=0.1251]
  * Beta parameters: [s1=1.01944, s2=16.3798]
  * Adjusted p-values: [emp=0.800995, beta=0.795144]

Processing phenotype [ENSG00000182871.10] [196/213]
  * #variants in cis = 15
  * Best hit: [id=21_internal_3526, d=0, pv=3.70117e-05, s=0.3232]
  * Beta parameters: [s1=0.918498, s2=16.3241]
  * Adjusted p-values: [emp=0.00497512, beta=0.000727762]

Processing phenotype [ENSG00000173638.14] [197/213]
  * #variants in cis = 19
  * Best hit: [id=21_internal_3526, d=22721, pv=3.62425e-05, s=0.3215]
  * Beta parameters: [s1=0.94361, s2=19.9573]
  * Adjusted p-values: [emp=0.00497512, beta=0.000518749]

Processing phenotype [ENSG00000183570.11] [198/213]
  * #variants in cis = 20
  * Best hit: [id=21_internal_2225, d=0, pv=2.24952e-10, s=0.4687]
  * Beta parameters: [s1=0.994463, s2=24.4305]
  * Adjusted p-values: [emp=0.00497512, beta=1.27622e-09]

Processing phenotype [ENSG00000267883.1] [199/213]
  * #variants in cis = 20
  * Best hit: [id=21_internal_2225, d=125530, pv=0.00574211, s=0.2204]
  * Beta parameters: [s1=1.10238, s2=22.2495]
  * Adjusted p-values: [emp=0.109453, beta=0.0993847]

Processing phenotype [ENSG00000205424.1] [200/213]
  * #variants in cis = 20
  * Best hit: [id=21_internal_2225, d=191858, pv=2.52855e-06, s=0.3530]
  * Beta parameters: [s1=1.04905, s2=14.6325]
  * Adjusted p-values: [emp=0.00497512, beta=0.00012502]

Processing phenotype [ENSG00000268040.1] [201/213]
  * #variants in cis = 18
  * Best hit: [id=21_internal_2563, d=111523, pv=0.0197892, s=0.1788]
  * Beta parameters: [s1=1.09769, s2=17.4685]
  * Adjusted p-values: [emp=0.308458, beta=0.298424]

Processing phenotype [ENSG00000160285.9] [202/213]
  * #variants in cis = 15
  * Best hit: [id=21_internal_2755, d=42788, pv=2.39537e-05, s=0.3226]
  * Beta parameters: [s1=1.04345, s2=13.9987]
  * Adjusted p-values: [emp=0.00497512, beta=0.000318472]

Processing phenotype [ENSG00000215424.5] [203/213]
  * #variants in cis = 15
  * Best hit: [id=21_internal_2755, d=-43181, pv=0.000732801, s=0.2493]
  * Beta parameters: [s1=0.997667, s2=16.6599]
  * Adjusted p-values: [emp=0.0149254, beta=0.00708805]

Processing phenotype [ENSG00000228137.1] [204/213]
  * #variants in cis = 15
  * Best hit: [id=21_internal_2672, d=121091, pv=0.000526069, s=-0.2620]
  * Beta parameters: [s1=1.11623, s2=18.0369]
  * Adjusted p-values: [emp=0.00497512, beta=0.00263979]

Processing phenotype [ENSG00000239415.1] [205/213]
  * #variants in cis = 15
  * Best hit: [id=21_internal_2680, d=0, pv=0.0135748, s=0.1825]
  * Beta parameters: [s1=1.02244, s2=16.2743]
  * Adjusted p-values: [emp=0.154229, beta=0.162498]

Processing phenotype [ENSG00000160294.6] [206/213]
  * #variants in cis = 15
  * Best hit: [id=21_internal_2755, d=100261, pv=0.000466152, s=0.2570]
  * Beta parameters: [s1=1.13687, s2=13.4163]
  * Adjusted p-values: [emp=0.00497512, beta=0.00698742]

Processing phenotype [ENSG00000182362.9] [207/213]
  * #variants in cis = 15
  * Best hit: [id=21_internal_2672, d=81644, pv=0.00445045, s=0.2198]
  * Beta parameters: [s1=1.03656, s2=14.3325]
  * Adjusted p-values: [emp=0.0597015, beta=0.0621702]

Processing phenotype [ENSG00000160299.12] [208/213]
  * #variants in cis = 15
  * Best hit: [id=21_internal_2376, d=140191, pv=0.016358, s=0.1882]
  * Beta parameters: [s1=1.01846, s2=12.7358]
  * Adjusted p-values: [emp=0.199005, beta=0.188789]

Processing phenotype [ENSG00000160305.13] [209/213]
  * #variants in cis = 15
  * Best hit: [id=21_internal_2460, d=79882, pv=0.000370447, s=0.2657]
  * Beta parameters: [s1=0.97185, s2=15.681]
  * Adjusted p-values: [emp=0.00497512, beta=0.00486449]

Processing phenotype [ENSG00000223692.1] [210/213]
  * #variants in cis = 15
  * Best hit: [id=21_internal_2460, d=76310, pv=0.0379792, s=0.1644]
  * Beta parameters: [s1=1.14384, s2=16.5005]
  * Adjusted p-values: [emp=0.412935, beta=0.402128]

Processing phenotype [ENSG00000239688.2] [211/213]
  * #variants in cis = 14
  * Best hit: [id=21_internal_2755, d=-349759, pv=0.130143, s=0.1120]
  * Beta parameters: [s1=1.04701, s2=14.0594]
  * Adjusted p-values: [emp=0.865672, beta=0.880764]

Processing phenotype [ENSG00000160310.12] [212/213]
  * #variants in cis = 13
  * Best hit: [id=21_internal_2755, d=-449129, pv=0.0208818, s=0.1851]
  * Beta parameters: [s1=0.909504, s2=17.0609]
  * Adjusted p-values: [emp=0.233831, beta=0.232927]

Processing phenotype [ENSG00000230982.1] [213/213]
  * #variants in cis = 12
  * Best hit: [id=21_internal_2680, d=355446, pv=0.0382763, s=0.1666]
  * Beta parameters: [s1=1.01699, s2=11.2311]
  * Adjusted p-values: [emp=0.368159, beta=0.382238]

Running time: 2 seconds
