Sender: LSF System <lsfadmin@cpt15>
Subject: Job 971585: </data/unige/funpopgen/odelanea/SGX/V2/binaries/qtltools/bin/QTLtools cis --vcf /data/unige/funpopgen/grey2/SYSCID/BLUEPRINT_DATA/CRD/THREE_CELL_TYPES/CLOMICS/CELL_TYPE_COMPARISON_GENE_CRD_ASSOCIATIONS/quantify/70_vs_73_ALL.ALLchr.mean.txt.gz --bed /data/unige/funpopgen/grey2/SYSCID/BLUEPRINT_DATA/CRD/THREE_CELL_TYPES/QTL_TOOLS/EGAD00001002675_v3.0/EGAD00001002675_RNA.PC10.bed.gz --permute 200 --chunk 37 100 --out /data/unige/funpopgen/grey2/SYSCID/BLUEPRINT_DATA/CRD/THREE_CELL_TYPES/CLOMICS/CELL_TYPE_COMPARISON_GENE_CRD_ASSOCIATIONS/mapping_aCRD_gene/70_vs_73/gene_CRD_mean_chunk37\.txt> in cluster <ug> Done

Job </data/unige/funpopgen/odelanea/SGX/V2/binaries/qtltools/bin/QTLtools cis --vcf /data/unige/funpopgen/grey2/SYSCID/BLUEPRINT_DATA/CRD/THREE_CELL_TYPES/CLOMICS/CELL_TYPE_COMPARISON_GENE_CRD_ASSOCIATIONS/quantify/70_vs_73_ALL.ALLchr.mean.txt.gz --bed /data/unige/funpopgen/grey2/SYSCID/BLUEPRINT_DATA/CRD/THREE_CELL_TYPES/QTL_TOOLS/EGAD00001002675_v3.0/EGAD00001002675_RNA.PC10.bed.gz --permute 200 --chunk 37 100 --out /data/unige/funpopgen/grey2/SYSCID/BLUEPRINT_DATA/CRD/THREE_CELL_TYPES/CLOMICS/CELL_TYPE_COMPARISON_GENE_CRD_ASSOCIATIONS/mapping_aCRD_gene/70_vs_73/gene_CRD_mean_chunk37\.txt> was submitted from host <cpt01> by user <grey2> in cluster <ug>.
Job was executed on host(s) <cpt15>, in queue <normal>, as user <grey2> in cluster <ug>.
</home/grey2> was used as the home directory.
</data/unige/funpopgen/grey2/SYSCID/BLUEPRINT_DATA/CRD/THREE_CELL_TYPES/CLOMICS/CELL_TYPE_COMPARISON_GENE_CRD_ASSOCIATIONS> was used as the working directory.
Started at Fri Mar 15 14:02:57 2019
Results reported at Fri Mar 15 14:03:03 2019

Your job looked like:

------------------------------------------------------------
# LSBATCH: User input
/data/unige/funpopgen/odelanea/SGX/V2/binaries/qtltools/bin/QTLtools cis --vcf /data/unige/funpopgen/grey2/SYSCID/BLUEPRINT_DATA/CRD/THREE_CELL_TYPES/CLOMICS/CELL_TYPE_COMPARISON_GENE_CRD_ASSOCIATIONS/quantify/70_vs_73_ALL.ALLchr.mean.txt.gz --bed /data/unige/funpopgen/grey2/SYSCID/BLUEPRINT_DATA/CRD/THREE_CELL_TYPES/QTL_TOOLS/EGAD00001002675_v3.0/EGAD00001002675_RNA.PC10.bed.gz --permute 200 --chunk 37 100 --out /data/unige/funpopgen/grey2/SYSCID/BLUEPRINT_DATA/CRD/THREE_CELL_TYPES/CLOMICS/CELL_TYPE_COMPARISON_GENE_CRD_ASSOCIATIONS/mapping_aCRD_gene/70_vs_73/gene_CRD_mean_chunk37\.txt

------------------------------------------------------------

Successfully completed.

Resource usage summary:

    CPU time :               2.87 sec.
    Max Memory :             3.23 MB
    Average Memory :         3.23 MB
    Total Requested Memory : -
    Delta Memory :           -
    (Delta: the difference between total requested memory and actual max usage.)
    Max Swap :               32 MB

    Max Processes :          1
    Max Threads :            1

The output (if any) follows:


[32mQTLtools[0m
  * Authors : Olivier DELANEAU / Halit ONGEN / Emmanouil DERMITZAKIS
  * Contact : olivier.delaneau@gmail.com / halit.ongen@unige.ch / Emmanouil.Dermitzakis@unige.ch
  * Webpage : https://qtltools.github.io/qtltools/
  * Version : 1.1
  * Date    : 15/03/2019 - 14:03:00
  * Citation: A complete tool set for molecular QTL discovery and analysis, https://doi.org/10.1101/068635

[32mMAPPING QTL IN CIS[0m
  * TASK: Perform 200 permutations
  * Linear model: Phe ~ Var
  * Cis-window size is 1000000 bp
  * Chunk = [37/100]

Scanning phenotype data in [/data/unige/funpopgen/grey2/SYSCID/BLUEPRINT_DATA/CRD/THREE_CELL_TYPES/QTL_TOOLS/EGAD00001002675_v3.0/EGAD00001002675_RNA.PC10.bed.gz]
  * 21589 phenotypes included
  * 10706 phenotypes are on the negative strand

Initialize random number generator
  * Built-in seed is 15112011
  * First Integer = 30554
  * First Double = 0.0126695

Reading sample list from [/data/unige/funpopgen/grey2/SYSCID/BLUEPRINT_DATA/CRD/THREE_CELL_TYPES/QTL_TOOLS/EGAD00001002675_v3.0/EGAD00001002675_RNA.PC10.bed.gz]
  * #samples = 196

Reading sample list from [/data/unige/funpopgen/grey2/SYSCID/BLUEPRINT_DATA/CRD/THREE_CELL_TYPES/CLOMICS/CELL_TYPE_COMPARISON_GENE_CRD_ASSOCIATIONS/quantify/70_vs_73_ALL.ALLchr.mean.txt.gz]
  * #samples = 165

Merging sample sets from all input files
  * #files = 2
  * #samples in all files = 165
  * #samples NOT in all files (i.e. ignored) = 31

Reading phenotype data in [/data/unige/funpopgen/grey2/SYSCID/BLUEPRINT_DATA/CRD/THREE_CELL_TYPES/QTL_TOOLS/EGAD00001002675_v3.0/EGAD00001002675_RNA.PC10.bed.gz]
  * target region [7:91772266-127292066]
  * 252 phenotypes included
  * 133 phenotypes are on the negative strand

Reading genotype data in [/data/unige/funpopgen/grey2/SYSCID/BLUEPRINT_DATA/CRD/THREE_CELL_TYPES/CLOMICS/CELL_TYPE_COMPARISON_GENE_CRD_ASSOCIATIONS/quantify/70_vs_73_ALL.ALLchr.mean.txt.gz]
  * File format detected: BED
  * 165 samples included
  * 2 samples without phenotype data
  * target region [7:90772266-128292066]
  * 39 variants included

Processing phenotype [ENSG00000001630.11] [1/252]
  * #variants in cis = 4
  * Best hit: [id=7_internal_12296, d=0, pv=0.122276, s=-0.1210]
  * Maximum Likelihood estimation failed, use Moment Matching instead!
  * Beta parameters: [s1=1.00001, s2=4.00822]
  * Adjusted p-values: [emp=0.527363, beta=0.507216]

Processing phenotype [ENSG00000240720.3] [2/252]
  * #variants in cis = 4
  * Best hit: [id=7_internal_9702, d=-453488, pv=0.226681, s=-0.0948]
  * Maximum Likelihood estimation failed, use Moment Matching instead!
  * Beta parameters: [s1=0.999969, s2=4.87484]
  * Adjusted p-values: [emp=0.661692, beta=0.673984]

Processing phenotype [ENSG00000200769.1] [3/252]
  * #variants in cis = 4
  * Best hit: [id=7_internal_9112, d=-913589, pv=0.315753, s=0.0775]
  * Maximum Likelihood estimation failed, use Moment Matching instead!
  * Beta parameters: [s1=1.00003, s2=4.72542]
  * Adjusted p-values: [emp=0.776119, beta=0.791206]

Processing phenotype [ENSG00000221520.1] [4/252]
  * #variants in cis = 4
  * Best hit: [id=7_internal_9702, d=-428921, pv=0.0213941, s=-0.1781]
  * Maximum Likelihood estimation failed, use Moment Matching instead!
  * Beta parameters: [s1=1.00002, s2=4.59077]
  * Adjusted p-values: [emp=0.079602, beta=0.0637955]

Processing phenotype [ENSG00000243107.1] [5/252]
  * #variants in cis = 4
  * Best hit: [id=7_internal_9702, d=-426162, pv=0.0149808, s=-0.1829]
  * Maximum Likelihood estimation failed, use Moment Matching instead!
  * Beta parameters: [s1=1.00002, s2=3.85348]
  * Adjusted p-values: [emp=0.0547264, beta=0.0731694]

Processing phenotype [ENSG00000001631.10] [6/252]
  * #variants in cis = 4
  * Best hit: [id=7_internal_9702, d=-386853, pv=0.00416369, s=-0.2329]
  * Maximum Likelihood estimation failed, use Moment Matching instead!
  * Beta parameters: [s1=1.00002, s2=4.74997]
  * Adjusted p-values: [emp=0.00497512, beta=0.0148987]

Processing phenotype [ENSG00000001629.5] [7/252]
  * #variants in cis = 4
  * Best hit: [id=7_internal_8042, d=281049, pv=0.0750047, s=0.1386]
  * Maximum Likelihood estimation failed, use Moment Matching instead!
  * Beta parameters: [s1=1.00003, s2=4.14884]
  * Adjusted p-values: [emp=0.223881, beta=0.224421]

Processing phenotype [ENSG00000157259.6] [8/252]
  * #variants in cis = 4
  * Best hit: [id=7_internal_9702, d=185566, pv=0.00914035, s=-0.2086]
  * Maximum Likelihood estimation failed, use Moment Matching instead!
  * Beta parameters: [s1=0.999964, s2=3.77498]
  * Adjusted p-values: [emp=0.0447761, beta=0.0392514]

Processing phenotype [ENSG00000244055.1] [9/252]
  * #variants in cis = 4
  * Best hit: [id=7_internal_12296, d=0, pv=0.540086, s=-0.0491]
  * Maximum Likelihood estimation failed, use Moment Matching instead!
  * Beta parameters: [s1=1.00003, s2=4.85883]
  * Adjusted p-values: [emp=0.965174, beta=0.971643]

Processing phenotype [ENSG00000242950.1] [10/252]
  * #variants in cis = 4
  * Best hit: [id=7_internal_12296, d=0, pv=0.138462, s=0.1206]
  * Maximum Likelihood estimation failed, use Moment Matching instead!
  * Beta parameters: [s1=0.999986, s2=4.14372]
  * Adjusted p-values: [emp=0.412935, beta=0.444497]

Processing phenotype [ENSG00000127980.11] [11/252]
  * #variants in cis = 4
  * Best hit: [id=7_internal_12296, d=0, pv=0.169872, s=-0.1071]
  * Maximum Likelihood estimation failed, use Moment Matching instead!
  * Beta parameters: [s1=0.99997, s2=3.9309]
  * Adjusted p-values: [emp=0.517413, beta=0.519465]

Processing phenotype [ENSG00000127993.10] [12/252]
  * #variants in cis = 4
  * Best hit: [id=7_internal_9112, d=587150, pv=0.255612, s=0.0902]
  * Maximum Likelihood estimation failed, use Moment Matching instead!
  * Beta parameters: [s1=0.99995, s2=3.96726]
  * Adjusted p-values: [emp=0.666667, beta=0.681473]

Processing phenotype [ENSG00000234545.3] [13/252]
  * #variants in cis = 4
  * Best hit: [id=7_internal_9112, d=-525529, pv=0.419382, s=0.0650]
  * Maximum Likelihood estimation failed, use Moment Matching instead!
  * Beta parameters: [s1=1, s2=4.27574]
  * Adjusted p-values: [emp=0.895522, beta=0.888434]

Processing phenotype [ENSG00000105810.5] [14/252]
  * #variants in cis = 4
  * Best hit: [id=7_internal_12296, d=3241, pv=0.0210754, s=0.1801]
  * Maximum Likelihood estimation failed, use Moment Matching instead!
  * Beta parameters: [s1=0.999996, s2=4.42248]
  * Adjusted p-values: [emp=0.0945274, beta=0.0820263]

Processing phenotype [ENSG00000266794.1] [15/252]
  * #variants in cis = 4
  * Best hit: [id=7_internal_9112, d=-144624, pv=0.136979, s=-0.1111]
  * Maximum Likelihood estimation failed, use Moment Matching instead!
  * Beta parameters: [s1=0.999966, s2=3.8718]
  * Adjusted p-values: [emp=0.472637, beta=0.453115]

Processing phenotype [ENSG00000205413.3] [16/252]
  * #variants in cis = 4
  * Best hit: [id=7_internal_9112, d=0, pv=0.103486, s=0.1278]
  * Maximum Likelihood estimation failed, use Moment Matching instead!
  * Beta parameters: [s1=1.00003, s2=4.51122]
  * Adjusted p-values: [emp=0.333333, beta=0.336456]

Processing phenotype [ENSG00000177409.7] [17/252]
  * #variants in cis = 4
  * Best hit: [id=7_internal_9112, d=0, pv=0.00120964, s=0.2516]
  * Maximum Likelihood estimation failed, use Moment Matching instead!
  * Beta parameters: [s1=0.999989, s2=4.35707]
  * Adjusted p-values: [emp=0.00995025, beta=0.00455714]

Processing phenotype [ENSG00000004766.11] [18/252]
  * #variants in cis = 4
  * Best hit: [id=7_internal_9112, d=-82947, pv=0.0209199, s=0.1777]
  * Maximum Likelihood estimation failed, use Moment Matching instead!
  * Beta parameters: [s1=1.00002, s2=4.3592]
  * Adjusted p-values: [emp=0.0746269, beta=0.078761]

Processing phenotype [ENSG00000105829.6] [19/252]
  * #variants in cis = 1
  * Best hit: [id=7_internal_9112, d=854988, pv=0.851786, s=-0.0151]
  * Maximum Likelihood estimation failed, use Moment Matching instead!
  * Beta parameters: [s1=0.999993, s2=0.989203]
  * Adjusted p-values: [emp=0.855721, beta=0.84802]

Processing phenotype [ENSG00000127995.12] [20/252]
  * #variants in cis = 0

Processing phenotype [ENSG00000158528.7] [21/252]
  * #variants in cis = 0

Processing phenotype [ENSG00000004799.7] [22/252]
  * #variants in cis = 1
  * Best hit: [id=7_internal_8886, d=-645186, pv=0.179371, s=0.1036]
  * Maximum Likelihood estimation failed, use Moment Matching instead!
  * Beta parameters: [s1=0.999975, s2=1.04712]
  * Adjusted p-values: [emp=0.174129, beta=0.164772]

Processing phenotype [ENSG00000208025.1] [23/252]
  * #variants in cis = 1
  * Best hit: [id=7_internal_8886, d=-21921, pv=0.0404661, s=-0.1524]
  * Maximum Likelihood estimation failed, use Moment Matching instead!
  * Beta parameters: [s1=1, s2=0.915504]
  * Adjusted p-values: [emp=0.0547264, beta=0.0470788]

Processing phenotype [ENSG00000237551.1] [24/252]
  * #variants in cis = 1
  * Best hit: [id=7_internal_8886, d=-31579, pv=0.235016, s=-0.0935]
  * Maximum Likelihood estimation failed, use Moment Matching instead!
  * Beta parameters: [s1=0.999979, s2=1.06224]
  * Adjusted p-values: [emp=0.248756, beta=0.251493]

Processing phenotype [ENSG00000220987.1] [25/252]
  * #variants in cis = 1
  * Best hit: [id=7_internal_8886, d=55082, pv=0.612566, s=0.0409]
  * Maximum Likelihood estimation failed, use Moment Matching instead!
  * Beta parameters: [s1=1.00004, s2=0.949296]
  * Adjusted p-values: [emp=0.59204, beta=0.631863]

Processing phenotype [ENSG00000004864.8] [26/252]
  * #variants in cis = 1
  * Best hit: [id=7_internal_8886, d=70369, pv=0.445871, s=0.0596]
  * Maximum Likelihood estimation failed, use Moment Matching instead!
  * Beta parameters: [s1=0.999976, s2=0.973068]
  * Adjusted p-values: [emp=0.502488, beta=0.460961]

Processing phenotype [ENSG00000127922.5] [27/252]
  * #variants in cis = 1
  * Best hit: [id=7_internal_8886, d=458113, pv=1.95788e-05, s=0.3345]
  * Maximum Likelihood estimation failed, use Moment Matching instead!
  * Beta parameters: [s1=1, s2=1.02721]
  * Adjusted p-values: [emp=0.00497512, beta=5.77741e-06]

Processing phenotype [ENSG00000196636.7] [28/252]
  * #variants in cis = 2
  * Best hit: [id=7_internal_8745, d=989317, pv=0.00385143, s=-0.2189]
  * Maximum Likelihood estimation failed, use Moment Matching instead!
  * Beta parameters: [s1=1.00004, s2=2.14382]
  * Adjusted p-values: [emp=0.00497512, beta=0.00876415]

Processing phenotype [ENSG00000224551.1] [29/252]
  * #variants in cis = 2
  * Best hit: [id=7_internal_8886, d=883783, pv=0.330044, s=0.0794]
  * Maximum Likelihood estimation failed, use Moment Matching instead!
  * Beta parameters: [s1=0.999991, s2=2.24419]
  * Adjusted p-values: [emp=0.587065, beta=0.557965]

Processing phenotype [ENSG00000070669.12] [30/252]
  * #variants in cis = 2
  * Best hit: [id=7_internal_8745, d=-233365, pv=0.12238, s=-0.1161]
  * Maximum Likelihood estimation failed, use Moment Matching instead!
  * Beta parameters: [s1=1.00001, s2=2.05172]
  * Adjusted p-values: [emp=0.20398, beta=0.211214]

Processing phenotype [ENSG00000183444.9] [31/252]
  * #variants in cis = 2
  * Best hit: [id=7_internal_8745, d=-138884, pv=0.112996, s=-0.1225]
  * Maximum Likelihood estimation failed, use Moment Matching instead!
  * Beta parameters: [s1=0.999991, s2=1.57837]
  * Adjusted p-values: [emp=0.18408, beta=0.183243]

Processing phenotype [ENSG00000243554.1] [32/252]
  * #variants in cis = 2
  * Best hit: [id=7_internal_8745, d=-133653, pv=0.672791, s=-0.0337]
  * Maximum Likelihood estimation failed, use Moment Matching instead!
  * Beta parameters: [s1=1.00001, s2=2.10602]
  * Adjusted p-values: [emp=0.890547, beta=0.897272]

Processing phenotype [ENSG00000164715.5] [33/252]
  * #variants in cis = 3
  * Best hit: [id=7_internal_8745, d=0, pv=0.0132782, s=0.1896]
  * Maximum Likelihood estimation failed, use Moment Matching instead!
  * Beta parameters: [s1=0.999992, s2=2.81445]
  * Adjusted p-values: [emp=0.0298507, beta=0.0292936]

Processing phenotype [ENSG00000205356.5] [34/252]
  * #variants in cis = 3
  * Best hit: [id=7_internal_8745, d=134243, pv=0.0080489, s=-0.2016]
  * Maximum Likelihood estimation failed, use Moment Matching instead!
  * Beta parameters: [s1=1.00002, s2=3.16952]
  * Adjusted p-values: [emp=0.0348259, beta=0.0250188]

Processing phenotype [ENSG00000164713.5] [35/252]
  * #variants in cis = 3
  * Best hit: [id=7_internal_8836, d=183424, pv=0.380364, s=-0.0665]
  * Maximum Likelihood estimation failed, use Moment Matching instead!
  * Beta parameters: [s1=1.00001, s2=2.65555]
  * Adjusted p-values: [emp=0.776119, beta=0.754735]

Processing phenotype [ENSG00000006453.9] [36/252]
  * #variants in cis = 4
  * Best hit: [id=7_internal_8836, d=-34735, pv=0.018553, s=-0.1891]
  * Maximum Likelihood estimation failed, use Moment Matching instead!
  * Beta parameters: [s1=1, s2=3.70576]
  * Adjusted p-values: [emp=0.0646766, beta=0.0937076]

Processing phenotype [ENSG00000196367.7] [37/252]
  * #variants in cis = 8
  * Best hit: [id=7_internal_9315, d=755256, pv=0.00606938, s=0.2075]
  * Beta parameters: [s1=1.05319, s2=7.15574]
  * Adjusted p-values: [emp=0.0547264, beta=0.045089]

Processing phenotype [ENSG00000266019.1] [38/252]
  * #variants in cis = 8
  * Best hit: [id=7_internal_9315, d=751539, pv=0.230702, s=0.0952]
  * Beta parameters: [s1=0.931552, s2=8.50787]
  * Adjusted p-values: [emp=0.880597, beta=0.88788]

Processing phenotype [ENSG00000238459.1] [39/252]
  * #variants in cis = 8
  * Best hit: [id=7_internal_12092, d=-570810, pv=0.0438118, s=-0.1539]
  * Beta parameters: [s1=0.986519, s2=6.843]
  * Adjusted p-values: [emp=0.243781, beta=0.247153]

Processing phenotype [ENSG00000238109.1] [40/252]
  * #variants in cis = 8
  * Best hit: [id=7_internal_12092, d=-455970, pv=0.0645792, s=0.1446]
  * Beta parameters: [s1=0.990268, s2=8.34497]
  * Adjusted p-values: [emp=0.477612, beta=0.492553]

Processing phenotype [ENSG00000242687.2] [41/252]
  * #variants in cis = 8
  * Best hit: [id=7_internal_8025, d=484147, pv=0.121653, s=0.1240]
  * Beta parameters: [s1=1.05484, s2=7.39727]
  * Adjusted p-values: [emp=0.671642, beta=0.63448]

Processing phenotype [ENSG00000198742.5] [42/252]
  * #variants in cis = 10
  * Best hit: [id=7_internal_8836, d=272705, pv=0.00339565, s=-0.2340]
  * Beta parameters: [s1=1.06952, s2=8.77459]
  * Adjusted p-values: [emp=0.0199005, beta=0.0326452]

Processing phenotype [ENSG00000241685.3] [43/252]
  * #variants in cis = 12
  * Best hit: [id=7_internal_8505, d=856805, pv=0.296957, s=-0.0810]
  * Beta parameters: [s1=0.929038, s2=11.6396]
  * Adjusted p-values: [emp=0.995025, beta=0.985171]

Processing phenotype [ENSG00000130429.7] [44/252]
  * #variants in cis = 12
  * Best hit: [id=7_internal_12092, d=81651, pv=0.27083, s=-0.0879]
  * Beta parameters: [s1=1.11724, s2=10.4382]
  * Adjusted p-values: [emp=0.975124, beta=0.972991]

Processing phenotype [ENSG00000106245.5] [45/252]
  * #variants in cis = 12
  * Best hit: [id=7_internal_8025, d=88671, pv=0.128675, s=0.1128]
  * Beta parameters: [s1=1.11832, s2=13.7195]
  * Adjusted p-values: [emp=0.855721, beta=0.844331]

Processing phenotype [ENSG00000106244.8] [46/252]
  * #variants in cis = 12
  * Best hit: [id=7_internal_12092, d=-47071, pv=0.0841778, s=-0.1302]
  * Beta parameters: [s1=0.917246, s2=10.6674]
  * Adjusted p-values: [emp=0.567164, beta=0.592271]

Processing phenotype [ENSG00000239133.1] [47/252]
  * #variants in cis = 12
  * Best hit: [id=7_internal_8616, d=-260312, pv=0.0263163, s=0.1736]
  * Beta parameters: [s1=0.985095, s2=10.2319]
  * Adjusted p-values: [emp=0.288557, beta=0.294647]

Processing phenotype [ENSG00000160917.9] [48/252]
  * #variants in cis = 12
  * Best hit: [id=7_internal_8505, d=743781, pv=0.0100874, s=0.1941]
  * Beta parameters: [s1=0.906894, s2=12.5033]
  * Adjusted p-values: [emp=0.104478, beta=0.0973354]

Processing phenotype [ENSG00000214314.1] [49/252]
  * #variants in cis = 12
  * Best hit: [id=7_internal_9607, d=737249, pv=0.0913625, s=0.1320]
  * Beta parameters: [s1=0.818596, s2=13.8646]
  * Adjusted p-values: [emp=0.606965, beta=0.629928]

Processing phenotype [ENSG00000228335.1] [50/252]
  * #variants in cis = 12
  * Best hit: [id=7_internal_8505, d=-739207, pv=0.0811492, s=0.1359]
  * Beta parameters: [s1=0.969998, s2=12.3969]
  * Adjusted p-values: [emp=0.626866, beta=0.631355]

Processing phenotype [ENSG00000248919.1] [51/252]
  * #variants in cis = 12
  * Best hit: [id=7_internal_8225, d=-652300, pv=0.0387892, s=-0.1599]
  * Beta parameters: [s1=1.1358, s2=10.4448]
  * Adjusted p-values: [emp=0.40796, beta=0.367423]

Processing phenotype [ENSG00000106246.10] [52/252]
  * #variants in cis = 12
  * Best hit: [id=7_internal_8025, d=-31115, pv=0.172421, s=0.1041]
  * Beta parameters: [s1=0.944487, s2=11.8618]
  * Adjusted p-values: [emp=0.895522, beta=0.904926]

Processing phenotype [ENSG00000241468.3] [53/252]
  * #variants in cis = 12
  * Best hit: [id=7_internal_8836, d=594936, pv=0.171693, s=0.1073]
  * Beta parameters: [s1=1.12232, s2=10.2466]
  * Adjusted p-values: [emp=0.900498, beta=0.875868]

Processing phenotype [ENSG00000198556.9] [54/252]
  * #variants in cis = 12
  * Best hit: [id=7_internal_12092, d=-13070, pv=0.14117, s=-0.1174]
  * Beta parameters: [s1=0.859413, s2=16.8641]
  * Adjusted p-values: [emp=0.870647, beta=0.869247]

Processing phenotype [ENSG00000160908.14] [55/252]
  * #variants in cis = 12
  * Best hit: [id=7_internal_12092, d=40553, pv=0.0255669, s=-0.1829]
  * Beta parameters: [s1=1.03167, s2=10.7955]
  * Adjusted p-values: [emp=0.303483, beta=0.275631]

Processing phenotype [ENSG00000196652.7] [56/252]
  * #variants in cis = 12
  * Best hit: [id=7_internal_9315, d=128538, pv=0.0814319, s=0.1357]
  * Beta parameters: [s1=0.925064, s2=12.0837]
  * Adjusted p-values: [emp=0.58209, beta=0.614768]

Processing phenotype [ENSG00000197343.5] [57/252]
  * #variants in cis = 13
  * Best hit: [id=7_internal_9034, d=650134, pv=0.000161566, s=-0.2753]
  * Beta parameters: [s1=1.00709, s2=16.3792]
  * Adjusted p-values: [emp=0.00497512, beta=0.00139475]

Processing phenotype [ENSG00000221909.2] [58/252]
  * #variants in cis = 13
  * Best hit: [id=7_internal_8711, d=-956165, pv=0.0216796, s=-0.1768]
  * Beta parameters: [s1=1.02004, s2=11.8307]
  * Adjusted p-values: [emp=0.228856, beta=0.221535]

Processing phenotype [ENSG00000197037.6] [59/252]
  * #variants in cis = 13
  * Best hit: [id=7_internal_8711, d=897755, pv=0.000492479, s=-0.2746]
  * Beta parameters: [s1=1.04847, s2=17.2122]
  * Adjusted p-values: [emp=0.00995025, beta=0.00373179]

Processing phenotype [ENSG00000224448.1] [60/252]
  * #variants in cis = 13
  * Best hit: [id=7_internal_8423, d=-448944, pv=0.0500097, s=-0.1475]
  * Beta parameters: [s1=1.0252, s2=12.5433]
  * Adjusted p-values: [emp=0.512438, beta=0.484621]

Processing phenotype [ENSG00000106258.9] [61/252]
  * #variants in cis = 13
  * Best hit: [id=7_internal_8423, d=-407713, pv=0.018384, s=0.1778]
  * Beta parameters: [s1=1.18717, s2=13.955]
  * Adjusted p-values: [emp=0.20398, beta=0.179836]

Processing phenotype [ENSG00000160870.8] [62/252]
  * #variants in cis = 13
  * Best hit: [id=7_internal_8025, d=173270, pv=0.18599, s=0.1018]
  * Beta parameters: [s1=0.98551, s2=9.22056]
  * Adjusted p-values: [emp=0.905473, beta=0.906075]

Processing phenotype [ENSG00000146833.11] [63/252]
  * #variants in cis = 12
  * Best hit: [id=7_internal_8025, d=357674, pv=0.00534843, s=0.2079]
  * Beta parameters: [s1=1.07359, s2=15.5046]
  * Adjusted p-values: [emp=0.0497512, beta=0.0566458]

Processing phenotype [ENSG00000106261.12] [64/252]
  * #variants in cis = 12
  * Best hit: [id=7_internal_9034, d=192959, pv=0.0161535, s=0.1838]
  * Beta parameters: [s1=0.950085, s2=11.7693]
  * Adjusted p-values: [emp=0.20398, beta=0.190792]

Processing phenotype [ENSG00000166529.10] [65/252]
  * #variants in cis = 12
  * Best hit: [id=7_internal_8364, d=-654941, pv=0.00829976, s=-0.2104]
  * Beta parameters: [s1=0.987463, s2=12.1699]
  * Adjusted p-values: [emp=0.0945274, beta=0.0891764]

Processing phenotype [ENSG00000166526.12] [66/252]
  * #variants in cis = 12
  * Best hit: [id=7_internal_10194, d=945457, pv=0.0116254, s=0.1861]
  * Beta parameters: [s1=0.91559, s2=12.3435]
  * Adjusted p-values: [emp=0.154229, beta=0.14072]

Processing phenotype [ENSG00000168090.5] [67/252]
  * #variants in cis = 12
  * Best hit: [id=7_internal_9034, d=119586, pv=0.01141, s=0.1857]
  * Beta parameters: [s1=0.748435, s2=15.3318]
  * Adjusted p-values: [emp=0.144279, beta=0.136562]

Processing phenotype [ENSG00000207547.1] [68/252]
  * #variants in cis = 12
  * Best hit: [id=7_internal_8225, d=-24821, pv=0.0686117, s=0.1404]
  * Beta parameters: [s1=0.891592, s2=13.0056]
  * Adjusted p-values: [emp=0.562189, beta=0.57376]

Processing phenotype [ENSG00000207757.1] [69/252]
  * #variants in cis = 12
  * Best hit: [id=7_internal_9607, d=-86331, pv=0.159037, s=0.1091]
  * Beta parameters: [s1=1.10647, s2=11.6774]
  * Adjusted p-values: [emp=0.895522, beta=0.89817]

Processing phenotype [ENSG00000208036.1] [70/252]
  * #variants in cis = 12
  * Best hit: [id=7_internal_8505, d=-88629, pv=0.0359949, s=0.1675]
  * Beta parameters: [s1=1.11933, s2=10.7535]
  * Adjusted p-values: [emp=0.328358, beta=0.308643]

Processing phenotype [ENSG00000221838.5] [71/252]
  * #variants in cis = 12
  * Best hit: [id=7_internal_8616, d=-407533, pv=0.0231217, s=-0.1799]
  * Beta parameters: [s1=0.935346, s2=12.3742]
  * Adjusted p-values: [emp=0.208955, beta=0.24478]

Processing phenotype [ENSG00000166508.13] [72/252]
  * #variants in cis = 12
  * Best hit: [id=7_internal_8025, d=540014, pv=0.00637895, s=0.2118]
  * Beta parameters: [s1=1.00219, s2=11.3579]
  * Adjusted p-values: [emp=0.0646766, beta=0.063802]

Processing phenotype [ENSG00000166997.3] [73/252]
  * #variants in cis = 12
  * Best hit: [id=7_internal_8364, d=-724787, pv=0.0169323, s=-0.1863]
  * Beta parameters: [s1=0.909184, s2=12.336]
  * Adjusted p-values: [emp=0.18408, beta=0.169756]

Processing phenotype [ENSG00000106290.10] [74/252]
  * #variants in cis = 12
  * Best hit: [id=7_internal_9315, d=481188, pv=0.0336374, s=0.1676]
  * Beta parameters: [s1=0.875797, s2=13.3378]
  * Adjusted p-values: [emp=0.313433, beta=0.307427]

Processing phenotype [ENSG00000214309.3] [75/252]
  * #variants in cis = 12
  * Best hit: [id=7_internal_8505, d=56009, pv=0.033292, s=0.1674]
  * Beta parameters: [s1=1.03292, s2=17.7751]
  * Adjusted p-values: [emp=0.258706, beta=0.271959]

Processing phenotype [ENSG00000242798.1] [76/252]
  * #variants in cis = 12
  * Best hit: [id=7_internal_8025, d=565213, pv=0.0813888, s=-0.1347]
  * Beta parameters: [s1=0.96164, s2=12.9478]
  * Adjusted p-values: [emp=0.631841, beta=0.622897]

Processing phenotype [ENSG00000214142.2] [77/252]
  * #variants in cis = 11
  * Best hit: [id=7_internal_8225, d=12040, pv=0.329276, s=0.0749]
  * Beta parameters: [s1=1.04562, s2=10.6448]
  * Adjusted p-values: [emp=0.985075, beta=0.989131]

Processing phenotype [ENSG00000188186.6] [78/252]
  * #variants in cis = 11
  * Best hit: [id=7_internal_8616, d=-454891, pv=0.296109, s=-0.0790]
  * Beta parameters: [s1=1.01031, s2=10.3276]
  * Adjusted p-values: [emp=0.970149, beta=0.974689]

Processing phenotype [ENSG00000266154.1] [79/252]
  * #variants in cis = 11
  * Best hit: [id=7_internal_8505, d=-26034, pv=0.0296723, s=0.1732]
  * Beta parameters: [s1=0.993888, s2=11.8183]
  * Adjusted p-values: [emp=0.298507, beta=0.298013]

Processing phenotype [ENSG00000146826.10] [80/252]
  * #variants in cis = 11
  * Best hit: [id=7_internal_8505, d=-23988, pv=0.0412195, s=0.1571]
  * Beta parameters: [s1=1.06679, s2=11.9996]
  * Adjusted p-values: [emp=0.41791, beta=0.400011]

Processing phenotype [ENSG00000197093.6] [81/252]
  * #variants in cis = 11
  * Best hit: [id=7_internal_9315, d=530097, pv=0.107893, s=-0.1299]
  * Beta parameters: [s1=0.985253, s2=11.5821]
  * Adjusted p-values: [emp=0.721393, beta=0.717643]

Processing phenotype [ENSG00000213420.3] [82/252]
  * #variants in cis = 11
  * Best hit: [id=7_internal_8025, d=615446, pv=0.0307539, s=0.1638]
  * Beta parameters: [s1=1.0095, s2=10.7269]
  * Adjusted p-values: [emp=0.288557, beta=0.275585]

Processing phenotype [ENSG00000066923.12] [83/252]
  * #variants in cis = 11
  * Best hit: [id=7_internal_9607, d=2615, pv=0.0029393, s=0.2283]
  * Beta parameters: [s1=0.964147, s2=10.8587]
  * Adjusted p-values: [emp=0.0348259, beta=0.029865]

Processing phenotype [ENSG00000213413.2] [84/252]
  * #variants in cis = 11
  * Best hit: [id=7_internal_9315, d=-579588, pv=0.00468992, s=0.2194]
  * Beta parameters: [s1=1.07625, s2=8.64769]
  * Adjusted p-values: [emp=0.0646766, beta=0.0629144]

Processing phenotype [ENSG00000222482.1] [85/252]
  * #variants in cis = 11
  * Best hit: [id=7_internal_8025, d=658194, pv=0.0631615, s=0.1494]
  * Beta parameters: [s1=1.01113, s2=13.575]
  * Adjusted p-values: [emp=0.472637, beta=0.477591]

Processing phenotype [ENSG00000239521.2] [86/252]
  * #variants in cis = 11
  * Best hit: [id=7_internal_8711, d=-242487, pv=0.00146245, s=0.2418]
  * Beta parameters: [s1=1.11548, s2=14.3445]
  * Adjusted p-values: [emp=0.00995025, beta=0.00959038]

Processing phenotype [ENSG00000160844.6] [87/252]
  * #variants in cis = 11
  * Best hit: [id=7_internal_8711, d=-242469, pv=0.00625608, s=0.2122]
  * Beta parameters: [s1=0.960862, s2=13.0771]
  * Adjusted p-values: [emp=0.0447761, beta=0.0528503]

Processing phenotype [ENSG00000214300.5] [88/252]
  * #variants in cis = 11
  * Best hit: [id=7_internal_9034, d=-92167, pv=0.0231121, s=0.1776]
  * Beta parameters: [s1=1.04109, s2=11.8847]
  * Adjusted p-values: [emp=0.159204, beta=0.175]

Processing phenotype [ENSG00000121716.12] [89/252]
  * #variants in cis = 11
  * Best hit: [id=7_internal_8505, d=-142325, pv=0.0729821, s=-0.1431]
  * Beta parameters: [s1=0.941879, s2=13.2861]
  * Adjusted p-values: [emp=0.562189, beta=0.574038]

Processing phenotype [ENSG00000242294.1] [90/252]
  * #variants in cis = 11
  * Best hit: [id=7_internal_8423, d=-233129, pv=0.035333, s=0.1687]
  * Beta parameters: [s1=0.903284, s2=9.14682]
  * Adjusted p-values: [emp=0.318408, beta=0.32995]

Processing phenotype [ENSG00000078319.7] [91/252]
  * #variants in cis = 11
  * Best hit: [id=7_internal_12092, d=882137, pv=0.0556441, s=-0.1511]
  * Beta parameters: [s1=1.09123, s2=12.8779]
  * Adjusted p-values: [emp=0.487562, beta=0.511087]

Processing phenotype [ENSG00000235333.3] [92/252]
  * #variants in cis = 11
  * Best hit: [id=7_internal_8505, d=-158606, pv=0.0274233, s=-0.1778]
  * Beta parameters: [s1=0.968242, s2=10.3631]
  * Adjusted p-values: [emp=0.298507, beta=0.295465]

Processing phenotype [ENSG00000085514.10] [93/252]
  * #variants in cis = 11
  * Best hit: [id=7_internal_9607, d=-4559, pv=0.0201118, s=0.1829]
  * Beta parameters: [s1=1.10649, s2=9.62463]
  * Adjusted p-values: [emp=0.20398, beta=0.208721]

Processing phenotype [ENSG00000233389.2] [94/252]
  * #variants in cis = 10
  * Best hit: [id=7_internal_8423, d=-298112, pv=0.024582, s=0.1793]
  * Beta parameters: [s1=0.950302, s2=8.52831]
  * Adjusted p-values: [emp=0.218905, beta=0.227175]

Processing phenotype [ENSG00000146834.8] [95/252]
  * #variants in cis = 10
  * Best hit: [id=7_internal_8025, d=-866864, pv=0.0792942, s=0.1386]
  * Beta parameters: [s1=0.93833, s2=12.8296]
  * Adjusted p-values: [emp=0.552239, beta=0.549747]

Processing phenotype [ENSG00000078487.13] [96/252]
  * #variants in cis = 10
  * Best hit: [id=7_internal_8423, d=325996, pv=0.00206516, s=0.2309]
  * Beta parameters: [s1=0.828126, s2=9.96769]
  * Adjusted p-values: [emp=0.0298507, beta=0.0239255]

Processing phenotype [ENSG00000241357.1] [97/252]
  * #variants in cis = 10
  * Best hit: [id=7_internal_8025, d=-873331, pv=0.116841, s=0.1178]
  * Beta parameters: [s1=1.04984, s2=9.37224]
  * Adjusted p-values: [emp=0.751244, beta=0.7292]

Processing phenotype [ENSG00000240211.1] [98/252]
  * #variants in cis = 10
  * Best hit: [id=7_internal_8505, d=-242450, pv=0.00781967, s=-0.2150]
  * Beta parameters: [s1=0.990896, s2=10.5878]
  * Adjusted p-values: [emp=0.079602, beta=0.0800579]

Processing phenotype [ENSG00000160813.2] [99/252]
  * #variants in cis = 10
  * Best hit: [id=7_internal_8025, d=874639, pv=0.100117, s=0.1250]
  * Beta parameters: [s1=1.09486, s2=9.61986]
  * Adjusted p-values: [emp=0.716418, beta=0.708576]

Processing phenotype [ENSG00000264758.1] [100/252]
  * #variants in cis = 9
  * Best hit: [id=7_internal_8711, d=51872, pv=0.0451362, s=-0.1523]
  * Beta parameters: [s1=1.05806, s2=7.53947]
  * Adjusted p-values: [emp=0.328358, beta=0.333423]

Processing phenotype [ENSG00000185955.4] [101/252]
  * #variants in cis = 9
  * Best hit: [id=7_internal_8025, d=902345, pv=0.124325, s=-0.1191]
  * Beta parameters: [s1=1.09382, s2=7.15399]
  * Adjusted p-values: [emp=0.691542, beta=0.667399]

Processing phenotype [ENSG00000166925.4] [102/252]
  * #variants in cis = 9
  * Best hit: [id=7_internal_8711, d=-35422, pv=0.230666, s=0.0949]
  * Beta parameters: [s1=0.928509, s2=8.83272]
  * Adjusted p-values: [emp=0.900498, beta=0.906995]

Processing phenotype [ENSG00000106351.8] [103/252]
  * #variants in cis = 9
  * Best hit: [id=7_internal_9315, d=-900558, pv=0.0466979, s=-0.1569]
  * Beta parameters: [s1=0.951862, s2=9.20614]
  * Adjusted p-values: [emp=0.368159, beta=0.341091]

Processing phenotype [ENSG00000184414.2] [104/252]
  * #variants in cis = 8
  * Best hit: [id=7_internal_8225, d=-441489, pv=0.122145, s=0.1204]
  * Beta parameters: [s1=0.998604, s2=7.69045]
  * Adjusted p-values: [emp=0.59204, beta=0.623348]

Processing phenotype [ENSG00000205307.6] [105/252]
  * #variants in cis = 8
  * Best hit: [id=7_internal_8505, d=379893, pv=0.15615, s=-0.1117]
  * Beta parameters: [s1=1.03861, s2=8.6723]
  * Adjusted p-values: [emp=0.731343, beta=0.736268]

Processing phenotype [ENSG00000106336.8] [106/252]
  * #variants in cis = 8
  * Best hit: [id=7_internal_8225, d=-455340, pv=0.000352147, s=0.2778]
  * Beta parameters: [s1=1.0835, s2=7.65429]
  * Adjusted p-values: [emp=0.00497512, beta=0.00305041]

Processing phenotype [ENSG00000077454.11] [107/252]
  * #variants in cis = 8
  * Best hit: [id=7_internal_8505, d=392399, pv=0.0957497, s=-0.1311]
  * Beta parameters: [s1=1.03173, s2=6.41206]
  * Adjusted p-values: [emp=0.522388, beta=0.500857]

Processing phenotype [ENSG00000106333.8] [108/252]
  * #variants in cis = 8
  * Best hit: [id=7_internal_9315, d=-963524, pv=0.042218, s=-0.1568]
  * Beta parameters: [s1=1.15044, s2=7.10668]
  * Adjusted p-values: [emp=0.273632, beta=0.261337]

Processing phenotype [ENSG00000224729.4] [109/252]
  * #variants in cis = 8
  * Best hit: [id=7_internal_8225, d=475564, pv=0.0549068, s=0.1506]
  * Beta parameters: [s1=0.917804, s2=10.8715]
  * Adjusted p-values: [emp=0.348259, beta=0.354432]

Processing phenotype [ENSG00000106330.7] [110/252]
  * #variants in cis = 8
  * Best hit: [id=7_internal_8423, d=-509106, pv=0.100486, s=-0.1284]
  * Beta parameters: [s1=1.05585, s2=8.33885]
  * Adjusted p-values: [emp=0.59204, beta=0.558988]

Processing phenotype [ENSG00000172354.5] [111/252]
  * #variants in cis = 7
  * Best hit: [id=7_internal_8423, d=-570535, pv=0.343786, s=-0.0745]
  * Beta parameters: [s1=0.873925, s2=8.72628]
  * Adjusted p-values: [emp=0.985075, beta=0.973829]

Processing phenotype [ENSG00000146830.8] [112/252]
  * #variants in cis = 7
  * Best hit: [id=7_internal_8423, d=586452, pv=0.0970093, s=-0.1349]
  * Beta parameters: [s1=0.96485, s2=6.99787]
  * Adjusted p-values: [emp=0.482587, beta=0.485854]

Processing phenotype [ENSG00000172336.4] [113/252]
  * #variants in cis = 6
  * Best hit: [id=7_internal_8711, d=-154946, pv=0.0112038, s=0.2037]
  * Beta parameters: [s1=0.943475, s2=5.48422]
  * Adjusted p-values: [emp=0.0895522, beta=0.0699229]

Processing phenotype [ENSG00000146828.12] [114/252]
  * #variants in cis = 6
  * Best hit: [id=7_internal_9607, d=-463848, pv=0.319847, s=-0.0790]
  * Beta parameters: [s1=0.981276, s2=8.20853]
  * Adjusted p-values: [emp=0.935323, beta=0.940875]

Processing phenotype [ENSG00000196411.5] [115/252]
  * #variants in cis = 6
  * Best hit: [id=7_internal_9607, d=464527, pv=0.382183, s=0.0680]
  * Beta parameters: [s1=1.11789, s2=6.96053]
  * Adjusted p-values: [emp=0.955224, beta=0.954945]

Processing phenotype [ENSG00000087077.7] [116/252]
  * #variants in cis = 6
  * Best hit: [id=7_internal_8423, d=-764141, pv=0.117706, s=-0.1249]
  * Beta parameters: [s1=0.988354, s2=5.63516]
  * Adjusted p-values: [emp=0.522388, beta=0.510902]

Processing phenotype [ENSG00000087087.14] [117/252]
  * #variants in cis = 6
  * Best hit: [id=7_internal_9607, d=-512139, pv=0.0995048, s=-0.1281]
  * Beta parameters: [s1=0.905467, s2=5.80705]
  * Adjusted p-values: [emp=0.517413, beta=0.535363]

Processing phenotype [ENSG00000176125.3] [118/252]
  * #variants in cis = 6
  * Best hit: [id=7_internal_8225, d=761074, pv=0.158795, s=0.1096]
  * Beta parameters: [s1=1.06065, s2=5.9023]
  * Adjusted p-values: [emp=0.716418, beta=0.702904]

Processing phenotype [ENSG00000169871.8] [119/252]
  * #variants in cis = 4
  * Best hit: [id=7_internal_8505, d=-937343, pv=0.153741, s=0.1105]
  * Maximum Likelihood estimation failed, use Moment Matching instead!
  * Beta parameters: [s1=1.00003, s2=4.81344]
  * Adjusted p-values: [emp=0.462687, beta=0.500615]

Processing phenotype [ENSG00000260336.1] [120/252]
  * #variants in cis = 4
  * Best hit: [id=7_internal_8505, d=-945951, pv=0.105406, s=0.1260]
  * Maximum Likelihood estimation failed, use Moment Matching instead!
  * Beta parameters: [s1=1.00002, s2=4.12424]
  * Adjusted p-values: [emp=0.313433, beta=0.313971]

Processing phenotype [ENSG00000106367.9] [121/252]
  * #variants in cis = 3
  * Best hit: [id=7_internal_9034, d=-984520, pv=0.200318, s=0.1003]
  * Maximum Likelihood estimation failed, use Moment Matching instead!
  * Beta parameters: [s1=1.00003, s2=2.79617]
  * Adjusted p-values: [emp=0.527363, beta=0.486139]

Processing phenotype [ENSG00000106400.7] [122/252]
  * #variants in cis = 2
  * Best hit: [id=7_internal_9607, d=-900355, pv=0.195392, s=0.1026]
  * Maximum Likelihood estimation failed, use Moment Matching instead!
  * Beta parameters: [s1=1, s2=2.06667]
  * Adjusted p-values: [emp=0.353234, beta=0.343621]

Processing phenotype [ENSG00000106397.7] [123/252]
  * #variants in cis = 2
  * Best hit: [id=7_internal_8711, d=712971, pv=0.0657692, s=-0.1433]
  * Maximum Likelihood estimation failed, use Moment Matching instead!
  * Beta parameters: [s1=1.00002, s2=1.92419]
  * Adjusted p-values: [emp=0.149254, beta=0.156206]

Processing phenotype [ENSG00000106404.9] [124/252]
  * #variants in cis = 2
  * Best hit: [id=7_internal_9607, d=921507, pv=0.218585, s=-0.0962]
  * Maximum Likelihood estimation failed, use Moment Matching instead!
  * Beta parameters: [s1=0.99995, s2=1.78872]
  * Adjusted p-values: [emp=0.467662, beta=0.442037]

Processing phenotype [ENSG00000214253.4] [125/252]
  * #variants in cis = 2
  * Best hit: [id=7_internal_8711, d=746867, pv=0.4927, s=-0.0514]
  * Maximum Likelihood estimation failed, use Moment Matching instead!
  * Beta parameters: [s1=0.999994, s2=2.12835]
  * Adjusted p-values: [emp=0.726368, beta=0.730349]

Processing phenotype [ENSG00000257923.3] [126/252]
  * #variants in cis = 2
  * Best hit: [id=7_internal_12102, d=558323, pv=0.51437, s=-0.0508]
  * Maximum Likelihood estimation failed, use Moment Matching instead!
  * Beta parameters: [s1=0.999967, s2=2.0875]
  * Adjusted p-values: [emp=0.751244, beta=0.747517]

Processing phenotype [ENSG00000259294.1] [127/252]
  * #variants in cis = 2
  * Best hit: [id=7_internal_12102, d=-549533, pv=0.234271, s=-0.0947]
  * Maximum Likelihood estimation failed, use Moment Matching instead!
  * Beta parameters: [s1=0.999967, s2=1.91855]
  * Adjusted p-values: [emp=0.40796, beta=0.411638]

Processing phenotype [ENSG00000259263.1] [128/252]
  * #variants in cis = 2
  * Best hit: [id=7_internal_9425, d=-355328, pv=0.00895338, s=0.2042]
  * Maximum Likelihood estimation failed, use Moment Matching instead!
  * Beta parameters: [s1=1.00005, s2=2.12139]
  * Adjusted p-values: [emp=0.00995025, beta=0.0158563]

Processing phenotype [ENSG00000230110.3] [129/252]
  * #variants in cis = 2
  * Best hit: [id=7_internal_12102, d=-212925, pv=0.300914, s=0.0814]
  * Maximum Likelihood estimation failed, use Moment Matching instead!
  * Beta parameters: [s1=0.999952, s2=1.77934]
  * Adjusted p-values: [emp=0.502488, beta=0.514695]

Processing phenotype [ENSG00000258040.1] [130/252]
  * #variants in cis = 2
  * Best hit: [id=7_internal_9425, d=347495, pv=0.154022, s=0.1107]
  * Maximum Likelihood estimation failed, use Moment Matching instead!
  * Beta parameters: [s1=1, s2=1.91113]
  * Adjusted p-values: [emp=0.288557, beta=0.268847]

Processing phenotype [ENSG00000259643.1] [131/252]
  * #variants in cis = 2
  * Best hit: [id=7_internal_12102, d=200763, pv=0.20146, s=-0.0986]
  * Maximum Likelihood estimation failed, use Moment Matching instead!
  * Beta parameters: [s1=0.999963, s2=2.25171]
  * Adjusted p-values: [emp=0.363184, beta=0.3711]

Processing phenotype [ENSG00000256295.2] [132/252]
  * #variants in cis = 2
  * Best hit: [id=7_internal_9425, d=-322752, pv=0.030371, s=0.1744]
  * Maximum Likelihood estimation failed, use Moment Matching instead!
  * Beta parameters: [s1=0.999964, s2=1.64766]
  * Adjusted p-values: [emp=0.0895522, beta=0.0905633]

Processing phenotype [ENSG00000258093.1] [133/252]
  * #variants in cis = 2
  * Best hit: [id=7_internal_9425, d=-320963, pv=0.0940656, s=0.1321]
  * Maximum Likelihood estimation failed, use Moment Matching instead!
  * Beta parameters: [s1=0.999984, s2=3.05038]
  * Adjusted p-values: [emp=0.179104, beta=0.147984]

Processing phenotype [ENSG00000252824.1] [134/252]
  * #variants in cis = 2
  * Best hit: [id=7_internal_12102, d=-180098, pv=0.578726, s=-0.0444]
  * Maximum Likelihood estimation failed, use Moment Matching instead!
  * Beta parameters: [s1=0.999954, s2=2.08624]
  * Adjusted p-values: [emp=0.835821, beta=0.847977]

Processing phenotype [ENSG00000264642.1] [135/252]
  * #variants in cis = 2
  * Best hit: [id=7_internal_9425, d=-271385, pv=0.322495, s=-0.0759]
  * Maximum Likelihood estimation failed, use Moment Matching instead!
  * Beta parameters: [s1=1.00004, s2=2.0625]
  * Adjusted p-values: [emp=0.567164, beta=0.538536]

Processing phenotype [ENSG00000160999.8] [136/252]
  * #variants in cis = 2
  * Best hit: [id=7_internal_9425, d=224666, pv=0.250446, s=-0.0901]
  * Maximum Likelihood estimation failed, use Moment Matching instead!
  * Beta parameters: [s1=1.00002, s2=2.09668]
  * Adjusted p-values: [emp=0.477612, beta=0.459853]

Processing phenotype [ENSG00000264675.1] [137/252]
  * #variants in cis = 2
  * Best hit: [id=7_internal_12102, d=81173, pv=0.240154, s=0.0920]
  * Maximum Likelihood estimation failed, use Moment Matching instead!
  * Beta parameters: [s1=0.999989, s2=2.2486]
  * Adjusted p-values: [emp=0.432836, beta=0.463323]

Processing phenotype [ENSG00000166667.8] [138/252]
  * #variants in cis = 2
  * Best hit: [id=7_internal_9425, d=-156182, pv=2.11313e-10, s=0.4730]
  * Maximum Likelihood estimation failed, use Moment Matching instead!
  * Beta parameters: [s1=1.00001, s2=2.10885]
  * Adjusted p-values: [emp=0.00497512, beta=8.14415e-10]

Processing phenotype [ENSG00000128563.9] [139/252]
  * #variants in cis = 2
  * Best hit: [id=7_internal_12102, d=13223, pv=0.173483, s=0.1052]
  * Maximum Likelihood estimation failed, use Moment Matching instead!
  * Beta parameters: [s1=1.00003, s2=1.75094]
  * Adjusted p-values: [emp=0.393035, beta=0.37357]

Processing phenotype [ENSG00000239969.1] [140/252]
  * #variants in cis = 2
  * Best hit: [id=7_internal_9425, d=148462, pv=0.0650105, s=-0.1462]
  * Maximum Likelihood estimation failed, use Moment Matching instead!
  * Beta parameters: [s1=0.999971, s2=1.71414]
  * Adjusted p-values: [emp=0.0995025, beta=0.118261]

Processing phenotype [ENSG00000239486.1] [141/252]
  * #variants in cis = 2
  * Best hit: [id=7_internal_12102, d=0, pv=0.173425, s=-0.1053]
  * Maximum Likelihood estimation failed, use Moment Matching instead!
  * Beta parameters: [s1=0.999998, s2=2.12521]
  * Adjusted p-values: [emp=0.273632, beta=0.296557]

Processing phenotype [ENSG00000221510.1] [142/252]
  * #variants in cis = 2
  * Best hit: [id=7_internal_12102, d=960, pv=0.370986, s=0.0701]
  * Maximum Likelihood estimation failed, use Moment Matching instead!
  * Beta parameters: [s1=0.999978, s2=1.93259]
  * Adjusted p-values: [emp=0.532338, beta=0.53169]

Processing phenotype [ENSG00000160991.10] [143/252]
  * #variants in cis = 2
  * Best hit: [id=7_internal_12102, d=-28211, pv=0.158198, s=0.1091]
  * Maximum Likelihood estimation failed, use Moment Matching instead!
  * Beta parameters: [s1=1.00003, s2=1.86879]
  * Adjusted p-values: [emp=0.323383, beta=0.301779]

Processing phenotype [ENSG00000239480.1] [144/252]
  * #variants in cis = 2
  * Best hit: [id=7_internal_12102, d=29885, pv=0.218566, s=0.0967]
  * Maximum Likelihood estimation failed, use Moment Matching instead!
  * Beta parameters: [s1=0.999978, s2=1.81524]
  * Adjusted p-values: [emp=0.432836, beta=0.381822]

Processing phenotype [ENSG00000160993.3] [145/252]
  * #variants in cis = 2
  * Best hit: [id=7_internal_9425, d=-47748, pv=0.113249, s=0.1235]
  * Maximum Likelihood estimation failed, use Moment Matching instead!
  * Beta parameters: [s1=1.00002, s2=2.05885]
  * Adjusted p-values: [emp=0.189055, beta=0.196506]

Processing phenotype [ENSG00000161036.5] [146/252]
  * #variants in cis = 2
  * Best hit: [id=7_internal_9425, d=47695, pv=0.0795601, s=0.1368]
  * Maximum Likelihood estimation failed, use Moment Matching instead!
  * Beta parameters: [s1=0.999973, s2=1.66616]
  * Adjusted p-values: [emp=0.19403, beta=0.187677]

Processing phenotype [ENSG00000266715.1] [147/252]
  * #variants in cis = 2
  * Best hit: [id=7_internal_9425, d=46882, pv=0.799789, s=0.0199]
  * Maximum Likelihood estimation failed, use Moment Matching instead!
  * Beta parameters: [s1=1.00002, s2=2.21966]
  * Adjusted p-values: [emp=0.960199, beta=0.97009]

Processing phenotype [ENSG00000264471.1] [148/252]
  * #variants in cis = 2
  * Best hit: [id=7_internal_12102, d=-66574, pv=0.0892377, s=-0.1299]
  * Maximum Likelihood estimation failed, use Moment Matching instead!
  * Beta parameters: [s1=1.00002, s2=2.4798]
  * Adjusted p-values: [emp=0.179104, beta=0.143501]

Processing phenotype [ENSG00000005075.11] [149/252]
  * #variants in cis = 2
  * Best hit: [id=7_internal_12102, d=74012, pv=0.397984, s=0.0682]
  * Maximum Likelihood estimation failed, use Moment Matching instead!
  * Beta parameters: [s1=0.99997, s2=2.22605]
  * Adjusted p-values: [emp=0.626866, beta=0.643196]

Processing phenotype [ENSG00000170667.9] [150/252]
  * #variants in cis = 2
  * Best hit: [id=7_internal_9425, d=0, pv=1.10107e-14, s=0.5596]
  * Maximum Likelihood estimation failed, use Moment Matching instead!
  * Beta parameters: [s1=0.999993, s2=2.11375]
  * Adjusted p-values: [emp=0.00497512, beta=2.15816e-16]

Processing phenotype [ENSG00000205238.5] [151/252]
  * #variants in cis = 2
  * Best hit: [id=7_internal_9425, d=0, pv=8.98666e-08, s=0.4020]
  * Maximum Likelihood estimation failed, use Moment Matching instead!
  * Beta parameters: [s1=1, s2=1.84289]
  * Adjusted p-values: [emp=0.00497512, beta=1.51669e-06]

Processing phenotype [ENSG00000168255.12] [152/252]
  * #variants in cis = 2
  * Best hit: [id=7_internal_9425, d=0, pv=4.27318e-20, s=0.6484]
  * Maximum Likelihood estimation failed, use Moment Matching instead!
  * Beta parameters: [s1=1.00001, s2=2.05139]
  * Adjusted p-values: [emp=0.00497512, beta=1.8775e-20]

Processing phenotype [ENSG00000267368.1] [153/252]
  * #variants in cis = 2
  * Best hit: [id=7_internal_9425, d=28650, pv=1.77045e-12, s=0.5007]
  * Maximum Likelihood estimation failed, use Moment Matching instead!
  * Beta parameters: [s1=0.999957, s2=1.88539]
  * Adjusted p-values: [emp=0.00497512, beta=1.76484e-11]

Processing phenotype [ENSG00000205236.6] [154/252]
  * #variants in cis = 2
  * Best hit: [id=7_internal_9425, d=28728, pv=3.30167e-07, s=0.3758]
  * Maximum Likelihood estimation failed, use Moment Matching instead!
  * Beta parameters: [s1=0.99999, s2=2.26569]
  * Adjusted p-values: [emp=0.00497512, beta=9.13527e-08]

Processing phenotype [ENSG00000105808.11] [155/252]
  * #variants in cis = 2
  * Best hit: [id=7_internal_9425, d=28728, pv=6.92338e-07, s=0.3696]
  * Maximum Likelihood estimation failed, use Moment Matching instead!
  * Beta parameters: [s1=0.999987, s2=1.79138]
  * Adjusted p-values: [emp=0.00497512, beta=2.15032e-06]

Processing phenotype [ENSG00000267645.1] [156/252]
  * #variants in cis = 2
  * Best hit: [id=7_internal_9425, d=57500, pv=4.43032e-13, s=0.5121]
  * Maximum Likelihood estimation failed, use Moment Matching instead!
  * Beta parameters: [s1=0.999962, s2=1.90791]
  * Adjusted p-values: [emp=0.00497512, beta=2.49312e-12]

Processing phenotype [ENSG00000228049.4] [157/252]
  * #variants in cis = 2
  * Best hit: [id=7_internal_9425, d=57594, pv=7.1555e-14, s=0.5282]
  * Maximum Likelihood estimation failed, use Moment Matching instead!
  * Beta parameters: [s1=0.999988, s2=2.11024]
  * Adjusted p-values: [emp=0.00497512, beta=2.81682e-14]

Processing phenotype [ENSG00000222011.4] [158/252]
  * #variants in cis = 2
  * Best hit: [id=7_internal_9425, d=-134830, pv=0.413112, s=0.0669]
  * Maximum Likelihood estimation failed, use Moment Matching instead!
  * Beta parameters: [s1=1.00001, s2=2.10013]
  * Adjusted p-values: [emp=0.671642, beta=0.664718]

Processing phenotype [ENSG00000213385.3] [159/252]
  * #variants in cis = 2
  * Best hit: [id=7_internal_9425, d=-141005, pv=0.327721, s=0.0779]
  * Maximum Likelihood estimation failed, use Moment Matching instead!
  * Beta parameters: [s1=0.999992, s2=2.0205]
  * Adjusted p-values: [emp=0.537313, beta=0.541339]

Processing phenotype [ENSG00000252643.1] [160/252]
  * #variants in cis = 2
  * Best hit: [id=7_internal_9425, d=-220464, pv=0.469419, s=0.0588]
  * Maximum Likelihood estimation failed, use Moment Matching instead!
  * Beta parameters: [s1=1.00003, s2=2.32271]
  * Adjusted p-values: [emp=0.751244, beta=0.740732]

Processing phenotype [ENSG00000238324.1] [161/252]
  * #variants in cis = 2
  * Best hit: [id=7_internal_9425, d=-243309, pv=0.217111, s=0.0978]
  * Maximum Likelihood estimation failed, use Moment Matching instead!
  * Beta parameters: [s1=0.999987, s2=2.23977]
  * Adjusted p-values: [emp=0.412935, beta=0.411654]

Processing phenotype [ENSG00000128606.8] [162/252]
  * #variants in cis = 2
  * Best hit: [id=7_internal_9425, d=-298850, pv=0.429411, s=0.0634]
  * Maximum Likelihood estimation failed, use Moment Matching instead!
  * Beta parameters: [s1=0.999977, s2=1.8313]
  * Adjusted p-values: [emp=0.671642, beta=0.670325]

Processing phenotype [ENSG00000230257.1] [163/252]
  * #variants in cis = 2
  * Best hit: [id=7_internal_12102, d=-568627, pv=0.39934, s=0.0664]
  * Maximum Likelihood estimation failed, use Moment Matching instead!
  * Beta parameters: [s1=0.999994, s2=2.21411]
  * Adjusted p-values: [emp=0.636816, beta=0.638934]

Processing phenotype [ENSG00000236226.1] [164/252]
  * #variants in cis = 2
  * Best hit: [id=7_internal_12102, d=-625209, pv=0.153629, s=0.1103]
  * Maximum Likelihood estimation failed, use Moment Matching instead!
  * Beta parameters: [s1=1.00002, s2=1.873]
  * Adjusted p-values: [emp=0.313433, beta=0.296267]

Processing phenotype [ENSG00000161040.12] [165/252]
  * #variants in cis = 2
  * Best hit: [id=7_internal_9425, d=460698, pv=0.361457, s=0.0737]
  * Maximum Likelihood estimation failed, use Moment Matching instead!
  * Beta parameters: [s1=0.999956, s2=2.00057]
  * Adjusted p-values: [emp=0.58209, beta=0.598422]

Processing phenotype [ENSG00000170632.9] [166/252]
  * #variants in cis = 2
  * Best hit: [id=7_internal_9425, d=-460740, pv=0.168191, s=0.1072]
  * Maximum Likelihood estimation failed, use Moment Matching instead!
  * Beta parameters: [s1=1, s2=2.12411]
  * Adjusted p-values: [emp=0.278607, beta=0.293172]

Processing phenotype [ENSG00000233025.1] [167/252]
  * #variants in cis = 2
  * Best hit: [id=7_internal_9425, d=475469, pv=0.199511, s=0.0997]
  * Maximum Likelihood estimation failed, use Moment Matching instead!
  * Beta parameters: [s1=0.999995, s2=2.25145]
  * Adjusted p-values: [emp=0.338308, beta=0.339258]

Processing phenotype [ENSG00000161048.7] [168/252]
  * #variants in cis = 2
  * Best hit: [id=7_internal_9425, d=535419, pv=0.378057, s=0.0676]
  * Maximum Likelihood estimation failed, use Moment Matching instead!
  * Beta parameters: [s1=1.00001, s2=1.60218]
  * Adjusted p-values: [emp=0.59204, beta=0.604758]

Processing phenotype [ENSG00000170629.9] [169/252]
  * #variants in cis = 2
  * Best hit: [id=7_internal_12102, d=875515, pv=0.0435705, s=0.1523]
  * Maximum Likelihood estimation failed, use Moment Matching instead!
  * Beta parameters: [s1=0.999992, s2=1.94497]
  * Adjusted p-values: [emp=0.114428, beta=0.117111]

Processing phenotype [ENSG00000105819.9] [170/252]
  * #variants in cis = 2
  * Best hit: [id=7_internal_12102, d=-892527, pv=0.00930829, s=-0.2055]
  * Maximum Likelihood estimation failed, use Moment Matching instead!
  * Beta parameters: [s1=1.00003, s2=2.09283]
  * Adjusted p-values: [emp=0.0497512, beta=0.0191089]

Processing phenotype [ENSG00000161057.6] [171/252]
  * #variants in cis = 2
  * Best hit: [id=7_internal_9425, d=-730113, pv=0.155293, s=-0.1129]
  * Maximum Likelihood estimation failed, use Moment Matching instead!
  * Beta parameters: [s1=0.99996, s2=1.7175]
  * Adjusted p-values: [emp=0.313433, beta=0.307582]

Processing phenotype [ENSG00000105821.10] [172/252]
  * #variants in cis = 2
  * Best hit: [id=7_internal_9425, d=730732, pv=0.445396, s=0.0615]
  * Maximum Likelihood estimation failed, use Moment Matching instead!
  * Beta parameters: [s1=0.999993, s2=2.06203]
  * Adjusted p-values: [emp=0.701493, beta=0.696005]

Processing phenotype [ENSG00000164815.6] [173/252]
  * #variants in cis = 2
  * Best hit: [id=7_internal_11107, d=-879859, pv=0.708717, s=0.0300]
  * Maximum Likelihood estimation failed, use Moment Matching instead!
  * Beta parameters: [s1=0.999977, s2=2.08771]
  * Adjusted p-values: [emp=0.925373, beta=0.921192]

Processing phenotype [ENSG00000187416.7] [174/252]
  * #variants in cis = 2
  * Best hit: [id=7_internal_8074, d=611710, pv=0.111122, s=-0.1300]
  * Maximum Likelihood estimation failed, use Moment Matching instead!
  * Beta parameters: [s1=0.999989, s2=2.13524]
  * Adjusted p-values: [emp=0.174129, beta=0.18291]

Processing phenotype [ENSG00000243352.2] [175/252]
  * #variants in cis = 3
  * Best hit: [id=7_internal_8326, d=963696, pv=0.0256113, s=0.1668]
  * Maximum Likelihood estimation failed, use Moment Matching instead!
  * Beta parameters: [s1=1.00002, s2=3.24758]
  * Adjusted p-values: [emp=0.0547264, beta=0.0546726]

Processing phenotype [ENSG00000225329.1] [176/252]
  * #variants in cis = 4
  * Best hit: [id=7_internal_8326, d=-948983, pv=0.475826, s=-0.0575]
  * Maximum Likelihood estimation failed, use Moment Matching instead!
  * Beta parameters: [s1=1.00002, s2=3.57113]
  * Adjusted p-values: [emp=0.915423, beta=0.915002]

Processing phenotype [ENSG00000237513.1] [177/252]
  * #variants in cis = 4
  * Best hit: [id=7_internal_8845, d=983796, pv=0.0347361, s=-0.1647]
  * Maximum Likelihood estimation failed, use Moment Matching instead!
  * Beta parameters: [s1=0.999973, s2=3.17327]
  * Adjusted p-values: [emp=0.179104, beta=0.17177]

Processing phenotype [ENSG00000251911.1] [178/252]
  * #variants in cis = 4
  * Best hit: [id=7_internal_8326, d=904326, pv=0.582139, s=0.0420]
  * Maximum Likelihood estimation failed, use Moment Matching instead!
  * Beta parameters: [s1=1.00004, s2=4.2941]
  * Adjusted p-values: [emp=0.9801, beta=0.976201]

Processing phenotype [ENSG00000228393.3] [179/252]
  * #variants in cis = 4
  * Best hit: [id=7_internal_8074, d=0, pv=0.0372572, s=-0.1621]
  * Maximum Likelihood estimation failed, use Moment Matching instead!
  * Beta parameters: [s1=1.00005, s2=3.72385]
  * Adjusted p-values: [emp=0.114428, beta=0.139876]

Processing phenotype [ENSG00000005483.14] [180/252]
  * #variants in cis = 4
  * Best hit: [id=7_internal_8326, d=861434, pv=0.254647, s=-0.0883]
  * Maximum Likelihood estimation failed, use Moment Matching instead!
  * Beta parameters: [s1=1.00006, s2=4.61708]
  * Adjusted p-values: [emp=0.746269, beta=0.738529]

Processing phenotype [ENSG00000239569.1] [181/252]
  * #variants in cis = 4
  * Best hit: [id=7_internal_8845, d=-910538, pv=0.696876, s=0.0295]
  * Maximum Likelihood estimation failed, use Moment Matching instead!
  * Beta parameters: [s1=1.00004, s2=3.15989]
  * Adjusted p-values: [emp=0.985075, beta=0.97997]

Processing phenotype [ENSG00000213361.2] [182/252]
  * #variants in cis = 5
  * Best hit: [id=7_internal_8326, d=630961, pv=0.126392, s=0.1170]
  * Maximum Likelihood estimation failed, use Moment Matching instead!
  * Beta parameters: [s1=1.00002, s2=5.00287]
  * Adjusted p-values: [emp=0.507463, beta=0.495361]

Processing phenotype [ENSG00000244490.1] [183/252]
  * #variants in cis = 5
  * Best hit: [id=7_internal_8159, d=729103, pv=0.290361, s=0.0853]
  * Maximum Likelihood estimation failed, use Moment Matching instead!
  * Beta parameters: [s1=0.999937, s2=4.93139]
  * Adjusted p-values: [emp=0.820896, beta=0.821136]

Processing phenotype [ENSG00000242154.1] [184/252]
  * #variants in cis = 5
  * Best hit: [id=7_internal_8074, d=-280251, pv=0.221587, s=-0.0970]
  * Maximum Likelihood estimation failed, use Moment Matching instead!
  * Beta parameters: [s1=1.00003, s2=5.0782]
  * Adjusted p-values: [emp=0.686567, beta=0.686077]

Processing phenotype [ENSG00000201179.1] [185/252]
  * #variants in cis = 5
  * Best hit: [id=7_internal_8074, d=-308764, pv=0.397324, s=-0.0638]
  * Maximum Likelihood estimation failed, use Moment Matching instead!
  * Beta parameters: [s1=1.00005, s2=4.81758]
  * Adjusted p-values: [emp=0.900498, beta=0.91526]

Processing phenotype [ENSG00000135250.12] [186/252]
  * #variants in cis = 5
  * Best hit: [id=7_internal_11107, d=302019, pv=0.283261, s=0.0850]
  * Beta parameters: [s1=1.00765, s2=5.47963]
  * Adjusted p-values: [emp=0.840796, beta=0.823283]

Processing phenotype [ENSG00000091127.8] [187/252]
  * #variants in cis = 5
  * Best hit: [id=7_internal_8074, d=498241, pv=0.317574, s=0.0780]
  * Beta parameters: [s1=1.04021, s2=5.84961]
  * Adjusted p-values: [emp=0.850746, beta=0.849524]

Processing phenotype [ENSG00000135249.3] [188/252]
  * #variants in cis = 5
  * Best hit: [id=7_internal_8845, d=392774, pv=0.266024, s=-0.0868]
  * Maximum Likelihood estimation failed, use Moment Matching instead!
  * Beta parameters: [s1=0.999971, s2=3.80861]
  * Adjusted p-values: [emp=0.721393, beta=0.728955]

Processing phenotype [ENSG00000185055.6] [189/252]
  * #variants in cis = 5
  * Best hit: [id=7_internal_11107, d=503586, pv=0.134185, s=-0.1130]
  * Beta parameters: [s1=1.01535, s2=5.51109]
  * Adjusted p-values: [emp=0.527363, beta=0.521692]

Processing phenotype [ENSG00000146776.10] [190/252]
  * #variants in cis = 5
  * Best hit: [id=7_internal_8159, d=-154022, pv=0.069644, s=0.1461]
  * Beta parameters: [s1=0.937479, s2=5.58091]
  * Adjusted p-values: [emp=0.298507, beta=0.297029]

Processing phenotype [ENSG00000008282.3] [191/252]
  * #variants in cis = 4
  * Best hit: [id=7_internal_8326, d=69593, pv=0.0770998, s=0.1340]
  * Maximum Likelihood estimation failed, use Moment Matching instead!
  * Beta parameters: [s1=0.999993, s2=4.19307]
  * Adjusted p-values: [emp=0.228856, beta=0.204246]

Processing phenotype [ENSG00000105835.7] [192/252]
  * #variants in cis = 4
  * Best hit: [id=7_internal_9205, d=-790375, pv=0.138896, s=0.1168]
  * Maximum Likelihood estimation failed, use Moment Matching instead!
  * Beta parameters: [s1=0.99996, s2=4.21324]
  * Adjusted p-values: [emp=0.447761, beta=0.431262]

Processing phenotype [ENSG00000243438.1] [193/252]
  * #variants in cis = 4
  * Best hit: [id=7_internal_8326, d=-272242, pv=0.18227, s=0.1082]
  * Maximum Likelihood estimation failed, use Moment Matching instead!
  * Beta parameters: [s1=0.999968, s2=3.9487]
  * Adjusted p-values: [emp=0.507463, beta=0.519809]

Processing phenotype [ENSG00000177820.5] [194/252]
  * #variants in cis = 5
  * Best hit: [id=7_internal_8326, d=617913, pv=0.118832, s=0.1217]
  * Beta parameters: [s1=1.02961, s2=5.70312]
  * Adjusted p-values: [emp=0.447761, beta=0.463948]

Processing phenotype [ENSG00000253276.1] [195/252]
  * #variants in cis = 5
  * Best hit: [id=7_internal_8326, d=618013, pv=0.380602, s=0.0681]
  * Maximum Likelihood estimation failed, use Moment Matching instead!
  * Beta parameters: [s1=0.999949, s2=5.08339]
  * Adjusted p-values: [emp=0.900498, beta=0.90359]

Processing phenotype [ENSG00000243797.2] [196/252]
  * #variants in cis = 5
  * Best hit: [id=7_internal_9205, d=-306494, pv=0.112058, s=-0.1219]
  * Maximum Likelihood estimation failed, use Moment Matching instead!
  * Beta parameters: [s1=1.00004, s2=4.54445]
  * Adjusted p-values: [emp=0.39801, beta=0.421187]

Processing phenotype [ENSG00000105851.6] [197/252]
  * #variants in cis = 5
  * Best hit: [id=7_internal_8159, d=-821987, pv=0.184079, s=-0.1012]
  * Maximum Likelihood estimation failed, use Moment Matching instead!
  * Beta parameters: [s1=0.999951, s2=4.36006]
  * Adjusted p-values: [emp=0.671642, beta=0.648891]

Processing phenotype [ENSG00000005249.7] [198/252]
  * #variants in cis = 3
  * Best hit: [id=7_internal_8845, d=-984412, pv=0.147114, s=-0.1165]
  * Maximum Likelihood estimation failed, use Moment Matching instead!
  * Beta parameters: [s1=1.00002, s2=2.74346]
  * Adjusted p-values: [emp=0.39801, beta=0.367964]

Processing phenotype [ENSG00000105856.8] [199/252]
  * #variants in cis = 2
  * Best hit: [id=7_internal_9205, d=-408, pv=0.549049, s=-0.0478]
  * Maximum Likelihood estimation failed, use Moment Matching instead!
  * Beta parameters: [s1=1.00004, s2=2.0704]
  * Adjusted p-values: [emp=0.800995, beta=0.812053]

Processing phenotype [ENSG00000228341.1] [200/252]
  * #variants in cis = 3
  * Best hit: [id=7_internal_8488, d=964438, pv=0.233556, s=-0.0959]
  * Maximum Likelihood estimation failed, use Moment Matching instead!
  * Beta parameters: [s1=1.00002, s2=2.99696]
  * Adjusted p-values: [emp=0.616915, beta=0.599283]

Processing phenotype [ENSG00000172209.4] [201/252]
  * #variants in cis = 3
  * Best hit: [id=7_internal_10535, d=0, pv=0.0331282, s=0.1693]
  * Maximum Likelihood estimation failed, use Moment Matching instead!
  * Beta parameters: [s1=0.999995, s2=3.15605]
  * Adjusted p-values: [emp=0.109453, beta=0.111946]

Processing phenotype [ENSG00000105865.6] [202/252]
  * #variants in cis = 3
  * Best hit: [id=7_internal_8488, d=851037, pv=0.343084, s=0.0764]
  * Maximum Likelihood estimation failed, use Moment Matching instead!
  * Beta parameters: [s1=1.00005, s2=2.94214]
  * Adjusted p-values: [emp=0.721393, beta=0.706145]

Processing phenotype [ENSG00000164597.7] [203/252]
  * #variants in cis = 3
  * Best hit: [id=7_internal_10535, d=0, pv=0.340346, s=0.0758]
  * Maximum Likelihood estimation failed, use Moment Matching instead!
  * Beta parameters: [s1=1.00001, s2=2.98588]
  * Adjusted p-values: [emp=0.736318, beta=0.70488]

Processing phenotype [ENSG00000075790.6] [204/252]
  * #variants in cis = 3
  * Best hit: [id=7_internal_9205, d=-411424, pv=0.777066, s=0.0226]
  * Maximum Likelihood estimation failed, use Moment Matching instead!
  * Beta parameters: [s1=1.00005, s2=2.73641]
  * Adjusted p-values: [emp=0.985075, beta=0.98493]

Processing phenotype [ENSG00000241292.1] [205/252]
  * #variants in cis = 3
  * Best hit: [id=7_internal_8488, d=671719, pv=0.237759, s=-0.0886]
  * Maximum Likelihood estimation failed, use Moment Matching instead!
  * Beta parameters: [s1=1.00002, s2=2.92117]
  * Adjusted p-values: [emp=0.577114, beta=0.5798]

Processing phenotype [ENSG00000241764.1] [206/252]
  * #variants in cis = 3
  * Best hit: [id=7_internal_9205, d=-574264, pv=0.463825, s=-0.0548]
  * Maximum Likelihood estimation failed, use Moment Matching instead!
  * Beta parameters: [s1=0.99997, s2=2.38194]
  * Adjusted p-values: [emp=0.78607, beta=0.803198]

Processing phenotype [ENSG00000105879.5] [207/252]
  * #variants in cis = 3
  * Best hit: [id=7_internal_8488, d=670824, pv=0.466245, s=0.0578]
  * Maximum Likelihood estimation failed, use Moment Matching instead!
  * Beta parameters: [s1=1.00004, s2=3.09065]
  * Adjusted p-values: [emp=0.840796, beta=0.840111]

Processing phenotype [ENSG00000091138.8] [208/252]
  * #variants in cis = 3
  * Best hit: [id=7_internal_8488, d=-611296, pv=0.213125, s=0.0968]
  * Maximum Likelihood estimation failed, use Moment Matching instead!
  * Beta parameters: [s1=0.999999, s2=2.90485]
  * Adjusted p-values: [emp=0.522388, beta=0.509062]

Processing phenotype [ENSG00000091140.6] [209/252]
  * #variants in cis = 3
  * Best hit: [id=7_internal_8488, d=523551, pv=0.199843, s=0.0998]
  * Maximum Likelihood estimation failed, use Moment Matching instead!
  * Beta parameters: [s1=0.999965, s2=2.56526]
  * Adjusted p-values: [emp=0.467662, beta=0.46969]

Processing phenotype [ENSG00000091136.9] [210/252]
  * #variants in cis = 3
  * Best hit: [id=7_internal_8488, d=-411266, pv=0.200818, s=0.0980]
  * Maximum Likelihood estimation failed, use Moment Matching instead!
  * Beta parameters: [s1=1, s2=3.1343]
  * Adjusted p-values: [emp=0.462687, beta=0.479089]

Processing phenotype [ENSG00000231006.1] [211/252]
  * #variants in cis = 2
  * Best hit: [id=7_internal_8488, d=-44666, pv=0.221592, s=0.0959]
  * Maximum Likelihood estimation failed, use Moment Matching instead!
  * Beta parameters: [s1=0.999971, s2=2.41562]
  * Adjusted p-values: [emp=0.422886, beta=0.430457]

Processing phenotype [ENSG00000128590.4] [212/252]
  * #variants in cis = 2
  * Best hit: [id=7_internal_10535, d=-929510, pv=0.293353, s=-0.0820]
  * Maximum Likelihood estimation failed, use Moment Matching instead!
  * Beta parameters: [s1=1.00004, s2=2.36267]
  * Adjusted p-values: [emp=0.512438, beta=0.520642]

Processing phenotype [ENSG00000135241.11] [213/252]
  * #variants in cis = 2
  * Best hit: [id=7_internal_8488, d=104099, pv=0.258862, s=0.0898]
  * Maximum Likelihood estimation failed, use Moment Matching instead!
  * Beta parameters: [s1=0.999987, s2=2.3502]
  * Adjusted p-values: [emp=0.462687, beta=0.455361]

Processing phenotype [ENSG00000177683.8] [214/252]
  * #variants in cis = 2
  * Best hit: [id=7_internal_8488, d=104183, pv=0.150736, s=0.1125]
  * Maximum Likelihood estimation failed, use Moment Matching instead!
  * Beta parameters: [s1=0.999986, s2=2.062]
  * Adjusted p-values: [emp=0.268657, beta=0.279956]

Processing phenotype [ENSG00000225572.1] [215/252]
  * #variants in cis = 3
  * Best hit: [id=7_internal_8669, d=-718072, pv=0.302326, s=-0.0799]
  * Maximum Likelihood estimation failed, use Moment Matching instead!
  * Beta parameters: [s1=0.99997, s2=2.99324]
  * Adjusted p-values: [emp=0.701493, beta=0.664028]

Processing phenotype [ENSG00000222346.1] [216/252]
  * #variants in cis = 3
  * Best hit: [id=7_internal_12201, d=848789, pv=0.402271, s=-0.0649]
  * Maximum Likelihood estimation failed, use Moment Matching instead!
  * Beta parameters: [s1=1.00005, s2=2.87733]
  * Adjusted p-values: [emp=0.79602, beta=0.784583]

Processing phenotype [ENSG00000234358.1] [217/252]
  * #variants in cis = 3
  * Best hit: [id=7_internal_8276, d=886612, pv=0.0630805, s=-0.1527]
  * Maximum Likelihood estimation failed, use Moment Matching instead!
  * Beta parameters: [s1=0.99995, s2=3.33343]
  * Adjusted p-values: [emp=0.179104, beta=0.177497]

Processing phenotype [ENSG00000128512.14] [218/252]
  * #variants in cis = 0

Processing phenotype [ENSG00000198839.5] [219/252]
  * #variants in cis = 0

Processing phenotype [ENSG00000202406.1] [220/252]
  * #variants in cis = 0

Processing phenotype [ENSG00000226851.1] [221/252]
  * #variants in cis = 0

Processing phenotype [ENSG00000006652.9] [222/252]
  * #variants in cis = 0

Processing phenotype [ENSG00000180019.5] [223/252]
  * #variants in cis = 0

Processing phenotype [ENSG00000181016.4] [224/252]
  * #variants in cis = 0

Processing phenotype [ENSG00000146802.6] [225/252]
  * #variants in cis = 0

Processing phenotype [ENSG00000164603.7] [226/252]
  * #variants in cis = 0

Processing phenotype [ENSG00000135272.5] [227/252]
  * #variants in cis = 2
  * Best hit: [id=7_internal_12368, d=0, pv=0.00761262, s=0.2112]
  * Maximum Likelihood estimation failed, use Moment Matching instead!
  * Beta parameters: [s1=1.00004, s2=1.89371]
  * Adjusted p-values: [emp=0.0199005, beta=0.015779]

Processing phenotype [ENSG00000105967.11] [228/252]
  * #variants in cis = 2
  * Best hit: [id=7_internal_8672, d=975463, pv=0.708919, s=-0.0296]
  * Maximum Likelihood estimation failed, use Moment Matching instead!
  * Beta parameters: [s1=0.999991, s2=1.96928]
  * Adjusted p-values: [emp=0.910448, beta=0.905602]

Processing phenotype [ENSG00000135269.13] [229/252]
  * #variants in cis = 1
  * Best hit: [id=7_internal_12368, d=0, pv=0.168559, s=0.1080]
  * Maximum Likelihood estimation failed, use Moment Matching instead!
  * Beta parameters: [s1=1.00003, s2=1.02133]
  * Adjusted p-values: [emp=0.218905, beta=0.215041]

Processing phenotype [ENSG00000243243.1] [230/252]
  * #variants in cis = 1
  * Best hit: [id=7_internal_12368, d=91413, pv=0.806775, s=0.0193]
  * Maximum Likelihood estimation failed, use Moment Matching instead!
  * Beta parameters: [s1=1.00004, s2=0.823526]
  * Adjusted p-values: [emp=0.771144, beta=0.768249]

Processing phenotype [ENSG00000237813.2] [231/252]
  * #variants in cis = 1
  * Best hit: [id=7_internal_12368, d=263063, pv=0.673827, s=0.0327]
  * Maximum Likelihood estimation failed, use Moment Matching instead!
  * Beta parameters: [s1=0.999994, s2=0.945255]
  * Adjusted p-values: [emp=0.616915, beta=0.614031]

Processing phenotype [ENSG00000198898.6] [232/252]
  * #variants in cis = 1
  * Best hit: [id=7_internal_12368, d=-574587, pv=0.924232, s=-0.0076]
  * Maximum Likelihood estimation failed, use Moment Matching instead!
  * Beta parameters: [s1=0.999989, s2=0.935095]
  * Adjusted p-values: [emp=0.920398, beta=0.903382]

Processing phenotype [ENSG00000235945.1] [233/252]
  * #variants in cis = 1
  * Best hit: [id=7_internal_12368, d=639893, pv=0.435862, s=0.0606]
  * Maximum Likelihood estimation failed, use Moment Matching instead!
  * Beta parameters: [s1=1.00002, s2=0.891119]
  * Adjusted p-values: [emp=0.348259, beta=0.372232]

Processing phenotype [ENSG00000252115.1] [234/252]
  * #variants in cis = 1
  * Best hit: [id=7_internal_12368, d=673481, pv=0.719894, s=0.0282]
  * Maximum Likelihood estimation failed, use Moment Matching instead!
  * Beta parameters: [s1=0.999999, s2=0.979227]
  * Adjusted p-values: [emp=0.716418, beta=0.706146]

Processing phenotype [ENSG00000004866.13] [235/252]
  * #variants in cis = 1
  * Best hit: [id=7_internal_12368, d=-716755, pv=0.062728, s=0.1436]
  * Maximum Likelihood estimation failed, use Moment Matching instead!
  * Beta parameters: [s1=0.999996, s2=1.04067]
  * Adjusted p-values: [emp=0.0497512, beta=0.0611405]

Processing phenotype [ENSG00000214188.5] [236/252]
  * #variants in cis = 1
  * Best hit: [id=7_internal_12368, d=-717416, pv=0.907529, s=-0.0091]
  * Maximum Likelihood estimation failed, use Moment Matching instead!
  * Beta parameters: [s1=0.999971, s2=1.11027]
  * Adjusted p-values: [emp=0.910448, beta=0.920477]

Processing phenotype [ENSG00000227199.1] [237/252]
  * #variants in cis = 1
  * Best hit: [id=7_internal_12368, d=717851, pv=0.411076, s=0.0639]
  * Maximum Likelihood estimation failed, use Moment Matching instead!
  * Beta parameters: [s1=1, s2=1.08241]
  * Adjusted p-values: [emp=0.422886, beta=0.408381]

Processing phenotype [ENSG00000226367.1] [238/252]
  * #variants in cis = 1
  * Best hit: [id=7_internal_12368, d=909997, pv=0.250779, s=0.0926]
  * Maximum Likelihood estimation failed, use Moment Matching instead!
  * Beta parameters: [s1=0.999959, s2=0.949671]
  * Adjusted p-values: [emp=0.248756, beta=0.247]

Processing phenotype [ENSG00000128534.3] [239/252]
  * #variants in cis = 0

Processing phenotype [ENSG00000071243.11] [240/252]
  * #variants in cis = 1
  * Best hit: [id=7_internal_9337, d=418532, pv=0.880535, s=0.0120]
  * Maximum Likelihood estimation failed, use Moment Matching instead!
  * Beta parameters: [s1=1.00003, s2=0.9853]
  * Adjusted p-values: [emp=0.860697, beta=0.873464]

Processing phenotype [ENSG00000164675.6] [241/252]
  * #variants in cis = 0

Processing phenotype [ENSG00000128609.10] [242/252]
  * #variants in cis = 0

Processing phenotype [ENSG00000170807.11] [243/252]
  * #variants in cis = 0

Processing phenotype [ENSG00000106299.6] [244/252]
  * #variants in cis = 0

Processing phenotype [ENSG00000224897.2] [245/252]
  * #variants in cis = 0

Processing phenotype [ENSG00000128513.9] [246/252]
  * #variants in cis = 0

Processing phenotype [ENSG00000224138.1] [247/252]
  * #variants in cis = 3
  * Best hit: [id=7_internal_9279, d=449686, pv=0.238485, s=0.0952]
  * Maximum Likelihood estimation failed, use Moment Matching instead!
  * Beta parameters: [s1=1.00004, s2=3.5665]
  * Adjusted p-values: [emp=0.567164, beta=0.582356]

Processing phenotype [ENSG00000048405.5] [248/252]
  * #variants in cis = 3
  * Best hit: [id=7_internal_9083, d=-582514, pv=0.134641, s=0.1179]
  * Maximum Likelihood estimation failed, use Moment Matching instead!
  * Beta parameters: [s1=1, s2=2.66859]
  * Adjusted p-values: [emp=0.363184, beta=0.364438]

Processing phenotype [ENSG00000004059.5] [249/252]
  * #variants in cis = 3
  * Best hit: [id=7_internal_9279, d=211469, pv=0.0857275, s=0.1291]
  * Maximum Likelihood estimation failed, use Moment Matching instead!
  * Beta parameters: [s1=0.999989, s2=2.81702]
  * Adjusted p-values: [emp=0.283582, beta=0.272634]

Processing phenotype [ENSG00000106328.8] [250/252]
  * #variants in cis = 3
  * Best hit: [id=7_internal_9279, d=208405, pv=0.0133149, s=0.1867]
  * Maximum Likelihood estimation failed, use Moment Matching instead!
  * Beta parameters: [s1=1.00001, s2=2.96336]
  * Adjusted p-values: [emp=0.0547264, beta=0.045044]

Processing phenotype [ENSG00000179562.2] [251/252]
  * #variants in cis = 3
  * Best hit: [id=7_internal_9272, d=-447365, pv=0.247507, s=0.0901]
  * Maximum Likelihood estimation failed, use Moment Matching instead!
  * Beta parameters: [s1=0.999964, s2=2.90834]
  * Adjusted p-values: [emp=0.597015, beta=0.5761]

Processing phenotype [ENSG00000240790.1] [252/252]
  * #variants in cis = 3
  * Best hit: [id=7_internal_9279, d=-147802, pv=0.00338086, s=0.2299]
  * Maximum Likelihood estimation failed, use Moment Matching instead!
  * Beta parameters: [s1=1, s2=3.16355]
  * Adjusted p-values: [emp=0.0248756, beta=0.00684871]

Running time: 2 seconds
