Sender: LSF System <lsfadmin@cpt05>
Subject: Job 971756: </data/unige/funpopgen/odelanea/SGX/V2/binaries/qtltools/bin/QTLtools cis --vcf /data/unige/funpopgen/grey2/SYSCID/BLUEPRINT_DATA/CRD/THREE_CELL_TYPES/CLOMICS/CELL_TYPE_COMPARISON_GENE_CRD_ASSOCIATIONS/quantify/70_vs_73_ALL.ALLchr.mean.txt.gz --bed /data/unige/funpopgen/grey2/SYSCID/BLUEPRINT_DATA/CRD/THREE_CELL_TYPES/QTL_TOOLS/EGAD00001002675_v3.0/EGAD00001002675_RNA.PC10.bed.gz --nominal /data/unige/funpopgen/grey2/SYSCID/BLUEPRINT_DATA/CRD/THREE_CELL_TYPES/CLOMICS/CELL_TYPE_COMPARISON_GENE_CRD_ASSOCIATIONS/mapping_aCRD_gene/70_vs_73/gene_CRD_mean_permutations.thresholds.txt --chunk 7 100 --out /data/unige/funpopgen/grey2/SYSCID/BLUEPRINT_DATA/CRD/THREE_CELL_TYPES/CLOMICS/CELL_TYPE_COMPARISON_GENE_CRD_ASSOCIATIONS/mapping_aCRD_gene/70_vs_73/mapping_gene_CRD_mean_chunk7\.txt> in cluster <ug> Done

Job </data/unige/funpopgen/odelanea/SGX/V2/binaries/qtltools/bin/QTLtools cis --vcf /data/unige/funpopgen/grey2/SYSCID/BLUEPRINT_DATA/CRD/THREE_CELL_TYPES/CLOMICS/CELL_TYPE_COMPARISON_GENE_CRD_ASSOCIATIONS/quantify/70_vs_73_ALL.ALLchr.mean.txt.gz --bed /data/unige/funpopgen/grey2/SYSCID/BLUEPRINT_DATA/CRD/THREE_CELL_TYPES/QTL_TOOLS/EGAD00001002675_v3.0/EGAD00001002675_RNA.PC10.bed.gz --nominal /data/unige/funpopgen/grey2/SYSCID/BLUEPRINT_DATA/CRD/THREE_CELL_TYPES/CLOMICS/CELL_TYPE_COMPARISON_GENE_CRD_ASSOCIATIONS/mapping_aCRD_gene/70_vs_73/gene_CRD_mean_permutations.thresholds.txt --chunk 7 100 --out /data/unige/funpopgen/grey2/SYSCID/BLUEPRINT_DATA/CRD/THREE_CELL_TYPES/CLOMICS/CELL_TYPE_COMPARISON_GENE_CRD_ASSOCIATIONS/mapping_aCRD_gene/70_vs_73/mapping_gene_CRD_mean_chunk7\.txt> was submitted from host <cpt01> by user <grey2> in cluster <ug>.
Job was executed on host(s) <cpt05>, in queue <normal>, as user <grey2> in cluster <ug>.
</home/grey2> was used as the home directory.
</data/unige/funpopgen/grey2/SYSCID/BLUEPRINT_DATA/CRD/THREE_CELL_TYPES/CLOMICS/CELL_TYPE_COMPARISON_GENE_CRD_ASSOCIATIONS> was used as the working directory.
Started at Fri Mar 15 14:10:37 2019
Results reported at Fri Mar 15 14:10:42 2019

Your job looked like:

------------------------------------------------------------
# LSBATCH: User input
/data/unige/funpopgen/odelanea/SGX/V2/binaries/qtltools/bin/QTLtools cis --vcf /data/unige/funpopgen/grey2/SYSCID/BLUEPRINT_DATA/CRD/THREE_CELL_TYPES/CLOMICS/CELL_TYPE_COMPARISON_GENE_CRD_ASSOCIATIONS/quantify/70_vs_73_ALL.ALLchr.mean.txt.gz --bed /data/unige/funpopgen/grey2/SYSCID/BLUEPRINT_DATA/CRD/THREE_CELL_TYPES/QTL_TOOLS/EGAD00001002675_v3.0/EGAD00001002675_RNA.PC10.bed.gz --nominal /data/unige/funpopgen/grey2/SYSCID/BLUEPRINT_DATA/CRD/THREE_CELL_TYPES/CLOMICS/CELL_TYPE_COMPARISON_GENE_CRD_ASSOCIATIONS/mapping_aCRD_gene/70_vs_73/gene_CRD_mean_permutations.thresholds.txt --chunk 7 100 --out /data/unige/funpopgen/grey2/SYSCID/BLUEPRINT_DATA/CRD/THREE_CELL_TYPES/CLOMICS/CELL_TYPE_COMPARISON_GENE_CRD_ASSOCIATIONS/mapping_aCRD_gene/70_vs_73/mapping_gene_CRD_mean_chunk7\.txt

------------------------------------------------------------

Successfully completed.

Resource usage summary:

    CPU time :               1.33 sec.
    Max Memory :             2.84 MB
    Average Memory :         2.84 MB
    Total Requested Memory : -
    Delta Memory :           -
    (Delta: the difference between total requested memory and actual max usage.)
    Max Swap :               31 MB

    Max Processes :          1
    Max Threads :            1

The output (if any) follows:


[32mQTLtools[0m
  * Authors : Olivier DELANEAU / Halit ONGEN / Emmanouil DERMITZAKIS
  * Contact : olivier.delaneau@gmail.com / halit.ongen@unige.ch / Emmanouil.Dermitzakis@unige.ch
  * Webpage : https://qtltools.github.io/qtltools/
  * Version : 1.1
  * Date    : 15/03/2019 - 14:10:41
  * Citation: A complete tool set for molecular QTL discovery and analysis, https://doi.org/10.1101/068635

[32mMAPPING QTL IN CIS[0m
  * TASK: Report all nominal associations with p below thresholds in [/data/unige/funpopgen/grey2/SYSCID/BLUEPRINT_DATA/CRD/THREE_CELL_TYPES/CLOMICS/CELL_TYPE_COMPARISON_GENE_CRD_ASSOCIATIONS/mapping_aCRD_gene/70_vs_73/gene_CRD_mean_permutations.thresholds.txt]
  * Linear model: Phe ~ Var
  * Cis-window size is 1000000 bp
  * Chunk = [7/100]

Scanning phenotype data in [/data/unige/funpopgen/grey2/SYSCID/BLUEPRINT_DATA/CRD/THREE_CELL_TYPES/QTL_TOOLS/EGAD00001002675_v3.0/EGAD00001002675_RNA.PC10.bed.gz]
  * 21589 phenotypes included
  * 10706 phenotypes are on the negative strand

Initialize random number generator
  * Built-in seed is 15112011
  * First Integer = 30554
  * First Double = 0.0126695

Reading sample list from [/data/unige/funpopgen/grey2/SYSCID/BLUEPRINT_DATA/CRD/THREE_CELL_TYPES/QTL_TOOLS/EGAD00001002675_v3.0/EGAD00001002675_RNA.PC10.bed.gz]
  * #samples = 196

Reading sample list from [/data/unige/funpopgen/grey2/SYSCID/BLUEPRINT_DATA/CRD/THREE_CELL_TYPES/CLOMICS/CELL_TYPE_COMPARISON_GENE_CRD_ASSOCIATIONS/quantify/70_vs_73_ALL.ALLchr.mean.txt.gz]
  * #samples = 165

Merging sample sets from all input files
  * #files = 2
  * #samples in all files = 165
  * #samples NOT in all files (i.e. ignored) = 31

Reading phenotype data in [/data/unige/funpopgen/grey2/SYSCID/BLUEPRINT_DATA/CRD/THREE_CELL_TYPES/QTL_TOOLS/EGAD00001002675_v3.0/EGAD00001002675_RNA.PC10.bed.gz]
  * target region [15:20893737-45366246]
  * 198 phenotypes included
  * 95 phenotypes are on the negative strand

Reading genotype data in [/data/unige/funpopgen/grey2/SYSCID/BLUEPRINT_DATA/CRD/THREE_CELL_TYPES/CLOMICS/CELL_TYPE_COMPARISON_GENE_CRD_ASSOCIATIONS/quantify/70_vs_73_ALL.ALLchr.mean.txt.gz]
  * File format detected: BED
  * 165 samples included
  * 2 samples without phenotype data
  * target region [15:19893737-46366246]
  * 27 variants included

Reading nominal thresholds in [/data/unige/funpopgen/grey2/SYSCID/BLUEPRINT_DATA/CRD/THREE_CELL_TYPES/CLOMICS/CELL_TYPE_COMPARISON_GENE_CRD_ASSOCIATIONS/mapping_aCRD_gene/70_vs_73/gene_CRD_mean_permutations.thresholds.txt]
  * #phenotypes set = 198

Processing phenotype [ENSG00000258590.1] [1/198]
  * #variants in cis = 1
  * Best hit: [id=15_internal_8311, d=0, pv=0.310815, s=0.0778]

Processing phenotype [ENSG00000237161.3] [2/198]
  * #variants in cis = 1
  * Best hit: [id=15_internal_8311, d=0, pv=0.426491, s=-0.0613]

Processing phenotype [ENSG00000153575.6] [3/198]
  * #variants in cis = 1
  * Best hit: [id=15_internal_8311, d=-259910, pv=0.455973, s=0.0589]

Processing phenotype [ENSG00000068793.12] [4/198]
  * #variants in cis = 1
  * Best hit: [id=15_internal_8311, d=-318520, pv=0.354443, s=0.0715]

Processing phenotype [ENSG00000140157.10] [5/198]
  * #variants in cis = 1
  * Best hit: [id=15_internal_8311, d=460942, pv=0.23385, s=0.0943]

Processing phenotype [ENSG00000187667.6] [6/198]
  * #variants in cis = 1
  * Best hit: [id=15_internal_8311, d=635252, pv=0.206988, s=-0.1035]

Processing phenotype [ENSG00000140181.10] [7/198]
  * #variants in cis = 1
  * Best hit: [id=15_internal_8311, d=804743, pv=0.456361, s=0.0590]

Processing phenotype [ENSG00000128739.16] [8/198]
  * #variants in cis = 2
  * Best hit: [id=15_internal_6754, d=133252, pv=0.0683262, s=0.1397]

Processing phenotype [ENSG00000214265.6] [9/198]
  * #variants in cis = 2
  * Best hit: [id=15_internal_7601, d=782961, pv=0.110151, s=0.1243]

Processing phenotype [ENSG00000224078.4] [10/198]
  * #variants in cis = 2
  * Best hit: [id=15_internal_6754, d=0, pv=0.212988, s=0.0996]

Processing phenotype [ENSG00000261529.1] [11/198]
  * #variants in cis = 2
  * Best hit: [id=15_internal_6754, d=0, pv=0.0441821, s=0.1565]

Processing phenotype [ENSG00000114062.12] [12/198]
  * #variants in cis = 2
  * Best hit: [id=15_internal_7601, d=-298966, pv=0.466041, s=0.0576]

Processing phenotype [ENSG00000128731.11] [13/198]
  * #variants in cis = 5
  * Best hit: [id=15_internal_5517, d=143506, pv=0.000476073, s=0.2701]

Processing phenotype [ENSG00000206149.6] [14/198]
  * #variants in cis = 5
  * Best hit: [id=15_internal_6954, d=229627, pv=0.206552, s=-0.1017]

Processing phenotype [ENSG00000248334.2] [15/198]
  * #variants in cis = 5
  * Best hit: [id=15_internal_5736, d=-558385, pv=0.12272, s=0.1225]

Processing phenotype [ENSG00000188626.5] [16/198]
  * #variants in cis = 5
  * Best hit: [id=15_internal_6954, d=-80735, pv=0.0509061, s=-0.1518]

Processing phenotype [ENSG00000185115.4] [17/198]
  * #variants in cis = 3
  * Best hit: [id=15_internal_6152, d=347978, pv=0.0204521, s=0.1823]

Processing phenotype [ENSG00000234664.1] [18/198]
  * #variants in cis = 3
  * Best hit: [id=15_internal_6954, d=-944927, pv=0.0188775, s=-0.1837]

Processing phenotype [ENSG00000186399.7] [19/198]
  * #variants in cis = 4
  * Best hit: [id=15_internal_5869, d=-781450, pv=0.183118, s=-0.1025]

Processing phenotype [ENSG00000215302.4] [20/198]
  * #variants in cis = 4
  * Best hit: [id=15_internal_5757, d=740211, pv=0.226117, s=0.0978]

Processing phenotype [ENSG00000260128.2] [21/198]
  * #variants in cis = 4
  * Best hit: [id=15_internal_6024, d=250126, pv=0.161827, s=-0.1109]

Processing phenotype [ENSG00000261794.1] [22/198]
  * #variants in cis = 4
  * Best hit: [id=15_internal_5869, d=591584, pv=0.162403, s=0.1088]

Processing phenotype [ENSG00000187951.5] [23/198]
  * #variants in cis = 4
  * Best hit: [id=15_internal_5869, d=571216, pv=0.209653, s=0.1002]

Processing phenotype [ENSG00000247728.2] [24/198]
  * #variants in cis = 4
  * Best hit: [id=15_internal_5869, d=-569937, pv=0.0909055, s=0.1367]

Processing phenotype [ENSG00000198690.5] [25/198]
  * #variants in cis = 4
  * Best hit: [id=15_internal_6024, d=-59529, pv=0.0975265, s=0.1278]

Processing phenotype [ENSG00000212526.1] [26/198]
  * #variants in cis = 4
  * Best hit: [id=15_internal_6024, d=112027, pv=0.0551813, s=0.1544]

Processing phenotype [ENSG00000166912.12] [27/198]
  * #variants in cis = 4
  * Best hit: [id=15_internal_6024, d=147284, pv=0.00867342, s=0.2045]

Processing phenotype [ENSG00000259448.1] [28/198]
  * #variants in cis = 4
  * Best hit: [id=15_internal_5757, d=0, pv=0.0432291, s=0.1514]

Processing phenotype [ENSG00000259772.1] [29/198]
  * #variants in cis = 4
  * Best hit: [id=15_internal_5757, d=0, pv=0.0353142, s=0.1625]

Processing phenotype [ENSG00000169926.5] [30/198]
  * #variants in cis = 4
  * Best hit: [id=15_internal_5869, d=-116901, pv=0.0235683, s=0.1792]

Processing phenotype [ENSG00000259179.1] [31/198]
  * #variants in cis = 4
  * Best hit: [id=15_internal_5869, d=-210174, pv=0.363487, s=-0.0728]

Processing phenotype [ENSG00000254912.2] [32/198]
  * #variants in cis = 2
  * Best hit: [id=15_internal_6767, d=-693726, pv=0.683909, s=-0.0330]

Processing phenotype [ENSG00000261064.1] [33/198]
  * #variants in cis = 2
  * Best hit: [id=15_internal_6767, d=658025, pv=0.112453, s=0.1224]

Processing phenotype [ENSG00000223509.3] [34/198]
  * #variants in cis = 2
  * Best hit: [id=15_internal_6767, d=-657146, pv=0.029343, s=0.1683]

Processing phenotype [ENSG00000244952.2] [35/198]
  * #variants in cis = 2
  * Best hit: [id=15_internal_6767, d=580339, pv=0.566538, s=0.0456]

Processing phenotype [ENSG00000198826.6] [36/198]
  * #variants in cis = 2
  * Best hit: [id=15_internal_7204, d=101440, pv=0.0126875, s=0.1930]

Processing phenotype [ENSG00000262728.1] [37/198]
  * #variants in cis = 2
  * Best hit: [id=15_internal_6767, d=-578912, pv=0.0436245, s=0.1606]

Processing phenotype [ENSG00000198838.7] [38/198]
  * #variants in cis = 3
  * Best hit: [id=15_internal_8197, d=965940, pv=0.43732, s=-0.0613]

Processing phenotype [ENSG00000184984.8] [39/198]
  * #variants in cis = 4
  * Best hit: [id=15_internal_7204, d=-807615, pv=0.239538, s=-0.0910]

Processing phenotype [ENSG00000169857.3] [40/198]
  * #variants in cis = 4
  * Best hit: [id=15_internal_7204, d=878071, pv=0.00781442, s=-0.2106]

Processing phenotype [ENSG00000243094.1] [41/198]
  * #variants in cis = 4
  * Best hit: [id=15_internal_7343, d=-349647, pv=0.532428, s=-0.0491]

Processing phenotype [ENSG00000134153.5] [42/198]
  * #variants in cis = 4
  * Best hit: [id=15_internal_7204, d=940843, pv=0.00521238, s=-0.2235]

Processing phenotype [ENSG00000182405.4] [43/198]
  * #variants in cis = 4
  * Best hit: [id=15_internal_7204, d=-940968, pv=0.00376843, s=-0.2193]

Processing phenotype [ENSG00000134152.6] [44/198]
  * #variants in cis = 3
  * Best hit: [id=15_internal_7343, d=-225865, pv=0.527766, s=-0.0509]

Processing phenotype [ENSG00000128463.7] [45/198]
  * #variants in cis = 3
  * Best hit: [id=15_internal_6767, d=-998424, pv=0.25144, s=-0.0867]

Processing phenotype [ENSG00000259468.1] [46/198]
  * #variants in cis = 2
  * Best hit: [id=15_internal_8197, d=21616, pv=0.25126, s=0.0898]

Processing phenotype [ENSG00000207091.1] [47/198]
  * #variants in cis = 2
  * Best hit: [id=15_internal_7343, d=121233, pv=0.120123, s=-0.1213]

Processing phenotype [ENSG00000140199.7] [48/198]
  * #variants in cis = 2
  * Best hit: [id=15_internal_8197, d=0, pv=0.0416437, s=0.1599]

Processing phenotype [ENSG00000182117.4] [49/198]
  * #variants in cis = 2
  * Best hit: [id=15_internal_8197, d=3341, pv=0.730331, s=0.0262]

Processing phenotype [ENSG00000184507.11] [50/198]
  * #variants in cis = 2
  * Best hit: [id=15_internal_8197, d=-3479, pv=0.409094, s=0.0657]

Processing phenotype [ENSG00000176454.8] [51/198]
  * #variants in cis = 2
  * Best hit: [id=15_internal_7343, d=-68683, pv=0.271236, s=-0.0876]

Processing phenotype [ENSG00000215252.6] [52/198]
  * #variants in cis = 2
  * Best hit: [id=15_internal_7343, d=73146, pv=0.0566077, s=-0.1510]

Processing phenotype [ENSG00000175265.13] [53/198]
  * #variants in cis = 2
  * Best hit: [id=15_internal_7343, d=73146, pv=1.22278e-10, s=-0.4806]

Processing phenotype [ENSG00000259751.1] [54/198]
  * #variants in cis = 2
  * Best hit: [id=15_internal_8197, d=510559, pv=0.72193, s=0.0277]

Processing phenotype [ENSG00000231409.3] [55/198]
  * #variants in cis = 2
  * Best hit: [id=15_internal_7343, d=-427723, pv=0.566977, s=0.0423]

Processing phenotype [ENSG00000021776.6] [56/198]
  * #variants in cis = 2
  * Best hit: [id=15_internal_8197, d=630003, pv=0.793085, s=0.0206]

Processing phenotype [ENSG00000212768.2] [57/198]
  * #variants in cis = 2
  * Best hit: [id=15_internal_7343, d=-462994, pv=0.189976, s=0.1060]

Processing phenotype [ENSG00000198146.4] [58/198]
  * #variants in cis = 2
  * Best hit: [id=15_internal_7343, d=472930, pv=0.285447, s=0.0848]

Processing phenotype [ENSG00000186073.7] [59/198]
  * #variants in cis = 0

Processing phenotype [ENSG00000259225.2] [60/198]
  * #variants in cis = 4
  * Best hit: [id=15_internal_6791, d=566953, pv=0.0014286, s=0.2478]

Processing phenotype [ENSG00000236914.3] [61/198]
  * #variants in cis = 4
  * Best hit: [id=15_internal_6791, d=-478760, pv=0.0082323, s=0.2122]

Processing phenotype [ENSG00000166068.8] [62/198]
  * #variants in cis = 4
  * Best hit: [id=15_internal_6791, d=299393, pv=0.00118385, s=0.2487]

Processing phenotype [ENSG00000171262.7] [63/198]
  * #variants in cis = 4
  * Best hit: [id=15_internal_5578, d=192347, pv=0.055008, s=0.1497]

Processing phenotype [ENSG00000259326.1] [64/198]
  * #variants in cis = 4
  * Best hit: [id=15_internal_5578, d=143621, pv=0.0125124, s=0.1984]

Processing phenotype [ENSG00000172575.7] [65/198]
  * #variants in cis = 4
  * Best hit: [id=15_internal_5578, d=-80899, pv=0.000663928, s=0.2630]

Processing phenotype [ENSG00000137801.9] [66/198]
  * #variants in cis = 4
  * Best hit: [id=15_internal_7747, d=463355, pv=0.498274, s=-0.0528]

Processing phenotype [ENSG00000261136.1] [67/198]
  * #variants in cis = 2
  * Best hit: [id=15_internal_7747, d=261863, pv=0.132449, s=-0.1129]

Processing phenotype [ENSG00000150667.6] [68/198]
  * #variants in cis = 2
  * Best hit: [id=15_internal_5879, d=152899, pv=0.20191, s=-0.1024]

Processing phenotype [ENSG00000259580.1] [69/198]
  * #variants in cis = 2
  * Best hit: [id=15_internal_7747, d=-243101, pv=0.465941, s=0.0584]

Processing phenotype [ENSG00000166073.4] [70/198]
  * #variants in cis = 2
  * Best hit: [id=15_internal_5879, d=290961, pv=0.198417, s=-0.0992]

Processing phenotype [ENSG00000128829.6] [71/198]
  * #variants in cis = 2
  * Best hit: [id=15_internal_5879, d=-304215, pv=0.406727, s=-0.0657]

Processing phenotype [ENSG00000140319.6] [72/198]
  * #variants in cis = 2
  * Best hit: [id=15_internal_5879, d=409257, pv=0.133194, s=0.1201]

Processing phenotype [ENSG00000248508.2] [73/198]
  * #variants in cis = 2
  * Best hit: [id=15_internal_7747, d=5123, pv=0.932604, s=0.0069]

Processing phenotype [ENSG00000259409.1] [74/198]
  * #variants in cis = 2
  * Best hit: [id=15_internal_7747, d=0, pv=0.00236264, s=0.2373]

Processing phenotype [ENSG00000104081.9] [75/198]
  * #variants in cis = 2
  * Best hit: [id=15_internal_7747, d=0, pv=0.000936762, s=0.2592]

Processing phenotype [ENSG00000156970.8] [76/198]
  * #variants in cis = 2
  * Best hit: [id=15_internal_7747, d=-44244, pv=0.373113, s=-0.0695]

Processing phenotype [ENSG00000259307.1] [77/198]
  * #variants in cis = 2
  * Best hit: [id=15_internal_5879, d=-670739, pv=0.337574, s=0.0776]

Processing phenotype [ENSG00000137841.7] [78/198]
  * #variants in cis = 2
  * Best hit: [id=15_internal_7747, d=191156, pv=0.121719, s=0.1226]

Processing phenotype [ENSG00000259198.1] [79/198]
  * #variants in cis = 2
  * Best hit: [id=15_internal_7747, d=-195836, pv=0.18093, s=-0.1004]

Processing phenotype [ENSG00000259330.1] [80/198]
  * #variants in cis = 2
  * Best hit: [id=15_internal_7747, d=-208437, pv=0.262806, s=0.0899]

Processing phenotype [ENSG00000252714.1] [81/198]
  * #variants in cis = 2
  * Best hit: [id=15_internal_5879, d=701717, pv=0.890988, s=-0.0108]

Processing phenotype [ENSG00000188549.8] [82/198]
  * #variants in cis = 2
  * Best hit: [id=15_internal_7747, d=224188, pv=0.0647658, s=0.1428]

Processing phenotype [ENSG00000233041.4] [83/198]
  * #variants in cis = 2
  * Best hit: [id=15_internal_5879, d=-721102, pv=0.594468, s=-0.0417]

Processing phenotype [ENSG00000140323.4] [84/198]
  * #variants in cis = 2
  * Best hit: [id=15_internal_7747, d=-241456, pv=0.16318, s=0.1055]

Processing phenotype [ENSG00000128944.8] [85/198]
  * #variants in cis = 2
  * Best hit: [id=15_internal_7747, d=-265942, pv=0.220203, s=-0.0949]

Processing phenotype [ENSG00000128928.4] [86/198]
  * #variants in cis = 2
  * Best hit: [id=15_internal_7747, d=-288706, pv=0.214165, s=0.0928]

Processing phenotype [ENSG00000140320.7] [87/198]
  * #variants in cis = 2
  * Best hit: [id=15_internal_7747, d=-322940, pv=0.317612, s=0.0784]

Processing phenotype [ENSG00000259364.1] [88/198]
  * #variants in cis = 2
  * Best hit: [id=15_internal_5879, d=824706, pv=0.340607, s=0.0736]

Processing phenotype [ENSG00000259211.1] [89/198]
  * #variants in cis = 2
  * Best hit: [id=15_internal_5879, d=836793, pv=0.443872, s=-0.0597]

Processing phenotype [ENSG00000169105.6] [90/198]
  * #variants in cis = 2
  * Best hit: [id=15_internal_7747, d=-354180, pv=0.488636, s=0.0519]

Processing phenotype [ENSG00000259536.1] [91/198]
  * #variants in cis = 2
  * Best hit: [id=15_internal_7747, d=-371260, pv=0.72033, s=0.0275]

Processing phenotype [ENSG00000128891.11] [92/198]
  * #variants in cis = 2
  * Best hit: [id=15_internal_7747, d=448276, pv=0.540588, s=0.0471]

Processing phenotype [ENSG00000137812.14] [93/198]
  * #variants in cis = 2
  * Best hit: [id=15_internal_5879, d=-964086, pv=0.168713, s=-0.1065]

Processing phenotype [ENSG00000051180.12] [94/198]
  * #variants in cis = 1
  * Best hit: [id=15_internal_7747, d=-577992, pv=0.179664, s=-0.1063]

Processing phenotype [ENSG00000245849.2] [95/198]
  * #variants in cis = 1
  * Best hit: [id=15_internal_7747, d=578325, pv=0.665532, s=0.0340]

Processing phenotype [ENSG00000137824.11] [96/198]
  * #variants in cis = 1
  * Best hit: [id=15_internal_7747, d=639069, pv=0.823677, s=0.0173]

Processing phenotype [ENSG00000137880.4] [97/198]
  * #variants in cis = 1
  * Best hit: [id=15_internal_7747, d=-647238, pv=0.767015, s=-0.0226]

Processing phenotype [ENSG00000188277.7] [98/198]
  * #variants in cis = 1
  * Best hit: [id=15_internal_7747, d=-653179, pv=0.0242974, s=-0.1760]

Processing phenotype [ENSG00000166140.12] [99/198]
  * #variants in cis = 1
  * Best hit: [id=15_internal_7747, d=-690304, pv=0.927341, s=0.0069]

Processing phenotype [ENSG00000104129.4] [100/198]
  * #variants in cis = 1
  * Best hit: [id=15_internal_7747, d=690695, pv=0.436983, s=0.0617]

Processing phenotype [ENSG00000166145.9] [101/198]
  * #variants in cis = 1
  * Best hit: [id=15_internal_7747, d=-727236, pv=0.0302277, s=0.1574]

Processing phenotype [ENSG00000104142.6] [102/198]
  * #variants in cis = 1
  * Best hit: [id=15_internal_7747, d=-777648, pv=0.462229, s=0.0566]

Processing phenotype [ENSG00000251161.2] [103/198]
  * #variants in cis = 1
  * Best hit: [id=15_internal_7747, d=-790029, pv=0.832921, s=-0.0169]

Processing phenotype [ENSG00000128917.5] [104/198]
  * #variants in cis = 1
  * Best hit: [id=15_internal_7747, d=-812558, pv=0.134593, s=0.1120]

Processing phenotype [ENSG00000259617.1] [105/198]
  * #variants in cis = 1
  * Best hit: [id=15_internal_7747, d=-882492, pv=0.830869, s=-0.0173]

Processing phenotype [ENSG00000259463.1] [106/198]
  * #variants in cis = 1
  * Best hit: [id=15_internal_7747, d=-894815, pv=0.428254, s=0.0626]

Processing phenotype [ENSG00000259521.1] [107/198]
  * #variants in cis = 1
  * Best hit: [id=15_internal_7747, d=-900025, pv=0.205198, s=-0.1012]

Processing phenotype [ENSG00000259547.1] [108/198]
  * #variants in cis = 1
  * Best hit: [id=15_internal_7747, d=-992096, pv=0.558207, s=-0.0468]

Processing phenotype [ENSG00000128908.11] [109/198]
  * #variants in cis = 1
  * Best hit: [id=15_internal_7747, d=999572, pv=0.911316, s=-0.0088]

Processing phenotype [ENSG00000187446.7] [110/198]
  * #variants in cis = 0

Processing phenotype [ENSG00000247556.2] [111/198]
  * #variants in cis = 0

Processing phenotype [ENSG00000104147.4] [112/198]
  * #variants in cis = 0

Processing phenotype [ENSG00000137804.8] [113/198]
  * #variants in cis = 0

Processing phenotype [ENSG00000137806.4] [114/198]
  * #variants in cis = 0

Processing phenotype [ENSG00000137815.10] [115/198]
  * #variants in cis = 0

Processing phenotype [ENSG00000200407.1] [116/198]
  * #variants in cis = 0

Processing phenotype [ENSG00000103932.6] [117/198]
  * #variants in cis = 0

Processing phenotype [ENSG00000174197.12] [118/198]
  * #variants in cis = 1
  * Best hit: [id=15_internal_5667, d=953527, pv=0.191627, s=-0.1016]

Processing phenotype [ENSG00000137802.9] [119/198]
  * #variants in cis = 1
  * Best hit: [id=15_internal_5667, d=800317, pv=0.39923, s=-0.0667]

Processing phenotype [ENSG00000250379.1] [120/198]
  * #variants in cis = 1
  * Best hit: [id=15_internal_5667, d=-746815, pv=0.59247, s=-0.0416]

Processing phenotype [ENSG00000168970.15] [121/198]
  * #variants in cis = 1
  * Best hit: [id=15_internal_5667, d=746666, pv=0.776775, s=0.0220]

Processing phenotype [ENSG00000243789.6] [122/198]
  * #variants in cis = 1
  * Best hit: [id=15_internal_5667, d=746666, pv=0.665695, s=0.0331]

Processing phenotype [ENSG00000243708.2] [123/198]
  * #variants in cis = 1
  * Best hit: [id=15_internal_5667, d=736976, pv=0.597602, s=0.0409]

Processing phenotype [ENSG00000174171.3] [124/198]
  * #variants in cis = 1
  * Best hit: [id=15_internal_5667, d=681958, pv=0.441925, s=-0.0607]

Processing phenotype [ENSG00000137877.8] [125/198]
  * #variants in cis = 1
  * Best hit: [id=15_internal_5667, d=-680674, pv=0.835664, s=-0.0159]

Processing phenotype [ENSG00000260556.1] [126/198]
  * #variants in cis = 1
  * Best hit: [id=15_internal_5667, d=677261, pv=0.102595, s=0.1262]

Processing phenotype [ENSG00000259883.1] [127/198]
  * #variants in cis = 1
  * Best hit: [id=15_internal_5667, d=653334, pv=0.382266, s=0.0687]

Processing phenotype [ENSG00000103966.5] [128/198]
  * #variants in cis = 1
  * Best hit: [id=15_internal_5667, d=-602173, pv=0.285259, s=0.0835]

Processing phenotype [ENSG00000207712.1] [129/198]
  * #variants in cis = 1
  * Best hit: [id=15_internal_5667, d=-375085, pv=0.908835, s=-0.0092]

Processing phenotype [ENSG00000166887.11] [130/198]
  * #variants in cis = 1
  * Best hit: [id=15_internal_5667, d=-366435, pv=0.348428, s=-0.0743]

Processing phenotype [ENSG00000261002.1] [131/198]
  * #variants in cis = 1
  * Best hit: [id=15_internal_5667, d=366338, pv=0.481087, s=-0.0550]

Processing phenotype [ENSG00000214013.5] [132/198]
  * #variants in cis = 1
  * Best hit: [id=15_internal_5667, d=301518, pv=0.234837, s=0.0926]

Processing phenotype [ENSG00000103978.11] [133/198]
  * #variants in cis = 1
  * Best hit: [id=15_internal_5667, d=-301088, pv=0.66307, s=-0.0337]

Processing phenotype [ENSG00000260571.1] [134/198]
  * #variants in cis = 1
  * Best hit: [id=15_internal_5667, d=261064, pv=0.884575, s=0.0115]

Processing phenotype [ENSG00000258461.1] [135/198]
  * #variants in cis = 1
  * Best hit: [id=15_internal_5667, d=226648, pv=0.357534, s=0.0734]

Processing phenotype [ENSG00000092529.18] [136/198]
  * #variants in cis = 1
  * Best hit: [id=15_internal_5667, d=226648, pv=0.149421, s=0.1152]

Processing phenotype [ENSG00000201077.1] [137/198]
  * #variants in cis = 1
  * Best hit: [id=15_internal_5667, d=-147054, pv=0.286678, s=-0.0853]

Processing phenotype [ENSG00000103994.11] [138/198]
  * #variants in cis = 1
  * Best hit: [id=15_internal_5667, d=-83628, pv=0.81958, s=-0.0183]

Processing phenotype [ENSG00000092531.5] [139/198]
  * #variants in cis = 1
  * Best hit: [id=15_internal_5667, d=83518, pv=0.997137, s=-0.0003]

Processing phenotype [ENSG00000261684.1] [140/198]
  * #variants in cis = 2
  * Best hit: [id=15_internal_6379, d=-976664, pv=0.698304, s=0.0311]

Processing phenotype [ENSG00000180979.5] [141/198]
  * #variants in cis = 2
  * Best hit: [id=15_internal_5667, d=-25949, pv=0.180554, s=0.1059]

Processing phenotype [ENSG00000137814.4] [142/198]
  * #variants in cis = 2
  * Best hit: [id=15_internal_6379, d=960694, pv=0.132495, s=-0.1166]

Processing phenotype [ENSG00000261822.1] [143/198]
  * #variants in cis = 2
  * Best hit: [id=15_internal_5667, d=-4757, pv=0.298114, s=-0.0793]

Processing phenotype [ENSG00000159433.7] [144/198]
  * #variants in cis = 2
  * Best hit: [id=15_internal_5667, d=0, pv=0.237065, s=-0.0942]

Processing phenotype [ENSG00000140326.8] [145/198]
  * #variants in cis = 2
  * Best hit: [id=15_internal_5667, d=154772, pv=0.345385, s=-0.0748]

Processing phenotype [ENSG00000246283.2] [146/198]
  * #variants in cis = 2
  * Best hit: [id=15_internal_5667, d=-156764, pv=0.230917, s=-0.0961]

Processing phenotype [ENSG00000260799.1] [147/198]
  * #variants in cis = 2
  * Best hit: [id=15_internal_5667, d=220051, pv=0.113024, s=-0.1252]

Processing phenotype [ENSG00000128881.12] [148/198]
  * #variants in cis = 2
  * Best hit: [id=15_internal_6379, d=-588695, pv=0.237962, s=0.0941]

Processing phenotype [ENSG00000159459.7] [149/198]
  * #variants in cis = 2
  * Best hit: [id=15_internal_5667, d=523759, pv=0.0550675, s=0.1542]

Processing phenotype [ENSG00000137842.2] [150/198]
  * #variants in cis = 2
  * Best hit: [id=15_internal_5667, d=-540925, pv=0.544236, s=0.0476]

Processing phenotype [ENSG00000166946.8] [151/198]
  * #variants in cis = 2
  * Best hit: [id=15_internal_5667, d=-602764, pv=0.51713, s=-0.0507]

Processing phenotype [ENSG00000261687.1] [152/198]
  * #variants in cis = 2
  * Best hit: [id=15_internal_5667, d=602787, pv=0.387886, s=0.0677]

Processing phenotype [ENSG00000166947.7] [153/198]
  * #variants in cis = 2
  * Best hit: [id=15_internal_6379, d=-288221, pv=0.337937, s=0.0763]

Processing phenotype [ENSG00000168806.6] [154/198]
  * #variants in cis = 2
  * Best hit: [id=15_internal_5667, d=748251, pv=0.182464, s=0.1052]

Processing phenotype [ENSG00000168803.10] [155/198]
  * #variants in cis = 2
  * Best hit: [id=15_internal_6379, d=178830, pv=0.219505, s=0.0963]

Processing phenotype [ENSG00000137822.8] [156/198]
  * #variants in cis = 2
  * Best hit: [id=15_internal_6379, d=140283, pv=0.429278, s=-0.0627]

Processing phenotype [ENSG00000140265.8] [157/198]
  * #variants in cis = 2
  * Best hit: [id=15_internal_5667, d=788671, pv=0.494644, s=-0.0533]

Processing phenotype [ENSG00000067369.8] [158/198]
  * #variants in cis = 2
  * Best hit: [id=15_internal_5667, d=928374, pv=0.43857, s=0.0625]

Processing phenotype [ENSG00000166963.8] [159/198]
  * #variants in cis = 2
  * Best hit: [id=15_internal_6379, d=0, pv=0.0458207, s=-0.1604]

Processing phenotype [ENSG00000168781.16] [160/198]
  * #variants in cis = 1
  * Best hit: [id=15_internal_6379, d=0, pv=0.261369, s=-0.0897]

Processing phenotype [ENSG00000166762.11] [161/198]
  * #variants in cis = 1
  * Best hit: [id=15_internal_6379, d=0, pv=0.13371, s=0.1157]

Processing phenotype [ENSG00000167004.8] [162/198]
  * #variants in cis = 2
  * Best hit: [id=15_internal_6379, d=-87, pv=0.31761, s=-0.0773]

Processing phenotype [ENSG00000205771.2] [163/198]
  * #variants in cis = 2
  * Best hit: [id=15_internal_6379, d=789, pv=0.0826239, s=-0.1321]

Processing phenotype [ENSG00000140264.15] [164/198]
  * #variants in cis = 2
  * Best hit: [id=15_internal_6379, d=-30782, pv=0.124974, s=0.1207]

Processing phenotype [ENSG00000128886.7] [165/198]
  * #variants in cis = 2
  * Best hit: [id=15_internal_6379, d=31238, pv=0.12436, s=-0.1191]

Processing phenotype [ENSG00000221792.1] [166/198]
  * #variants in cis = 2
  * Best hit: [id=15_internal_6379, d=47454, pv=0.0150073, s=0.1886]

Processing phenotype [ENSG00000242028.1] [167/198]
  * #variants in cis = 2
  * Best hit: [id=15_internal_6379, d=-49837, pv=0.715897, s=-0.0293]

Processing phenotype [ENSG00000262560.1] [168/198]
  * #variants in cis = 2
  * Best hit: [id=15_internal_6379, d=52828, pv=0.171881, s=-0.1110]

Processing phenotype [ENSG00000184716.9] [169/198]
  * #variants in cis = 2
  * Best hit: [id=15_internal_6379, d=53916, pv=0.526016, s=-0.0516]

Processing phenotype [ENSG00000140259.6] [170/198]
  * #variants in cis = 2
  * Best hit: [id=15_internal_5786, d=-908621, pv=0.716766, s=-0.0289]

Processing phenotype [ENSG00000092470.7] [171/198]
  * #variants in cis = 2
  * Best hit: [id=15_internal_5786, d=906460, pv=0.0345501, s=-0.1612]

Processing phenotype [ENSG00000166734.13] [172/198]
  * #variants in cis = 3
  * Best hit: [id=15_internal_5683, d=822725, pv=0.289392, s=-0.0850]

Processing phenotype [ENSG00000259653.1] [173/198]
  * #variants in cis = 3
  * Best hit: [id=15_internal_5786, d=-444074, pv=0.54176, s=-0.0471]

Processing phenotype [ENSG00000203575.1] [174/198]
  * #variants in cis = 3
  * Best hit: [id=15_internal_5683, d=813870, pv=0.357479, s=0.0755]

Processing phenotype [ENSG00000196274.4] [175/198]
  * #variants in cis = 3
  * Best hit: [id=15_internal_5683, d=-808359, pv=0.479725, s=0.0569]

Processing phenotype [ENSG00000203572.3] [176/198]
  * #variants in cis = 3
  * Best hit: [id=15_internal_6379, d=576054, pv=0.523296, s=0.0488]

Processing phenotype [ENSG00000250130.1] [177/198]
  * #variants in cis = 3
  * Best hit: [id=15_internal_5683, d=756763, pv=0.447569, s=-0.0589]

Processing phenotype [ENSG00000259499.1] [178/198]
  * #variants in cis = 3
  * Best hit: [id=15_internal_5683, d=-721003, pv=0.0115262, s=-0.1930]

Processing phenotype [ENSG00000259595.1] [179/198]
  * #variants in cis = 3
  * Best hit: [id=15_internal_5683, d=-684310, pv=0.139438, s=-0.1180]

Processing phenotype [ENSG00000137770.9] [180/198]
  * #variants in cis = 3
  * Best hit: [id=15_internal_5786, d=306189, pv=0.234383, s=0.0956]

Processing phenotype [ENSG00000265191.1] [181/198]
  * #variants in cis = 3
  * Best hit: [id=15_internal_5683, d=677200, pv=0.260831, s=-0.0888]

Processing phenotype [ENSG00000259335.1] [182/198]
  * #variants in cis = 3
  * Best hit: [id=15_internal_6379, d=703039, pv=0.53708, s=-0.0502]

Processing phenotype [ENSG00000259563.1] [183/198]
  * #variants in cis = 3
  * Best hit: [id=15_internal_5786, d=-215940, pv=0.159787, s=0.1105]

Processing phenotype [ENSG00000179523.4] [184/198]
  * #variants in cis = 3
  * Best hit: [id=15_internal_6379, d=790618, pv=0.384513, s=-0.0678]

Processing phenotype [ENSG00000104131.8] [185/198]
  * #variants in cis = 3
  * Best hit: [id=15_internal_5683, d=574397, pv=0.0863887, s=-0.1331]

Processing phenotype [ENSG00000259659.1] [186/198]
  * #variants in cis = 3
  * Best hit: [id=15_internal_5786, d=175594, pv=0.159639, s=-0.1119]

Processing phenotype [ENSG00000104133.10] [187/198]
  * #variants in cis = 4
  * Best hit: [id=15_internal_8202, d=-994888, pv=0.0988943, s=-0.1281]

Processing phenotype [ENSG00000206957.2] [188/198]
  * #variants in cis = 4
  * Best hit: [id=15_internal_6379, d=951125, pv=0.460422, s=0.0575]

Processing phenotype [ENSG00000229474.2] [189/198]
  * #variants in cis = 4
  * Best hit: [id=15_internal_8202, d=-947250, pv=0.206512, s=-0.0989]

Processing phenotype [ENSG00000166710.12] [190/198]
  * #variants in cis = 4
  * Best hit: [id=15_internal_8202, d=947089, pv=0.219327, s=-0.0928]

Processing phenotype [ENSG00000185880.8] [191/198]
  * #variants in cis = 4
  * Best hit: [id=15_internal_5683, d=382466, pv=0.100274, s=-0.1300]

Processing phenotype [ENSG00000259479.2] [192/198]
  * #variants in cis = 3
  * Best hit: [id=15_internal_5786, d=99241, pv=0.397419, s=0.0700]

Processing phenotype [ENSG00000167014.6] [193/198]
  * #variants in cis = 3
  * Best hit: [id=15_internal_5683, d=154752, pv=0.0321328, s=0.1658]

Processing phenotype [ENSG00000259304.1] [194/198]
  * #variants in cis = 3
  * Best hit: [id=15_internal_5683, d=-140276, pv=0.0294459, s=0.1700]

Processing phenotype [ENSG00000212550.1] [195/198]
  * #variants in cis = 3
  * Best hit: [id=15_internal_5786, d=217575, pv=0.38668, s=0.0676]

Processing phenotype [ENSG00000140263.9] [196/198]
  * #variants in cis = 3
  * Best hit: [id=15_internal_5683, d=88350, pv=0.118152, s=0.1230]

Processing phenotype [ENSG00000259418.1] [197/198]
  * #variants in cis = 3
  * Best hit: [id=15_internal_8202, d=-599859, pv=0.0313584, s=-0.1645]

Processing phenotype [ENSG00000259352.1] [198/198]
  * #variants in cis = 3
  * Best hit: [id=15_internal_5683, d=-37406, pv=0.520818, s=0.0491]

Running time: 1 seconds
