Sender: LSF System <lsfadmin@cpt09>
Subject: Job 971795: </data/unige/funpopgen/odelanea/SGX/V2/binaries/qtltools/bin/QTLtools cis --vcf /data/unige/funpopgen/grey2/SYSCID/BLUEPRINT_DATA/CRD/THREE_CELL_TYPES/CLOMICS/CELL_TYPE_COMPARISON_GENE_CRD_ASSOCIATIONS/quantify/70_vs_73_ALL.ALLchr.mean.txt.gz --bed /data/unige/funpopgen/grey2/SYSCID/BLUEPRINT_DATA/CRD/THREE_CELL_TYPES/QTL_TOOLS/EGAD00001002675_v3.0/EGAD00001002675_RNA.PC10.bed.gz --nominal /data/unige/funpopgen/grey2/SYSCID/BLUEPRINT_DATA/CRD/THREE_CELL_TYPES/CLOMICS/CELL_TYPE_COMPARISON_GENE_CRD_ASSOCIATIONS/mapping_aCRD_gene/70_vs_73/gene_CRD_mean_permutations.thresholds.txt --chunk 46 100 --out /data/unige/funpopgen/grey2/SYSCID/BLUEPRINT_DATA/CRD/THREE_CELL_TYPES/CLOMICS/CELL_TYPE_COMPARISON_GENE_CRD_ASSOCIATIONS/mapping_aCRD_gene/70_vs_73/mapping_gene_CRD_mean_chunk46\.txt> in cluster <ug> Done

Job </data/unige/funpopgen/odelanea/SGX/V2/binaries/qtltools/bin/QTLtools cis --vcf /data/unige/funpopgen/grey2/SYSCID/BLUEPRINT_DATA/CRD/THREE_CELL_TYPES/CLOMICS/CELL_TYPE_COMPARISON_GENE_CRD_ASSOCIATIONS/quantify/70_vs_73_ALL.ALLchr.mean.txt.gz --bed /data/unige/funpopgen/grey2/SYSCID/BLUEPRINT_DATA/CRD/THREE_CELL_TYPES/QTL_TOOLS/EGAD00001002675_v3.0/EGAD00001002675_RNA.PC10.bed.gz --nominal /data/unige/funpopgen/grey2/SYSCID/BLUEPRINT_DATA/CRD/THREE_CELL_TYPES/CLOMICS/CELL_TYPE_COMPARISON_GENE_CRD_ASSOCIATIONS/mapping_aCRD_gene/70_vs_73/gene_CRD_mean_permutations.thresholds.txt --chunk 46 100 --out /data/unige/funpopgen/grey2/SYSCID/BLUEPRINT_DATA/CRD/THREE_CELL_TYPES/CLOMICS/CELL_TYPE_COMPARISON_GENE_CRD_ASSOCIATIONS/mapping_aCRD_gene/70_vs_73/mapping_gene_CRD_mean_chunk46\.txt> was submitted from host <cpt01> by user <grey2> in cluster <ug>.
Job was executed on host(s) <cpt09>, in queue <normal>, as user <grey2> in cluster <ug>.
</home/grey2> was used as the home directory.
</data/unige/funpopgen/grey2/SYSCID/BLUEPRINT_DATA/CRD/THREE_CELL_TYPES/CLOMICS/CELL_TYPE_COMPARISON_GENE_CRD_ASSOCIATIONS> was used as the working directory.
Started at Fri Mar 15 14:11:17 2019
Results reported at Fri Mar 15 14:11:22 2019

Your job looked like:

------------------------------------------------------------
# LSBATCH: User input
/data/unige/funpopgen/odelanea/SGX/V2/binaries/qtltools/bin/QTLtools cis --vcf /data/unige/funpopgen/grey2/SYSCID/BLUEPRINT_DATA/CRD/THREE_CELL_TYPES/CLOMICS/CELL_TYPE_COMPARISON_GENE_CRD_ASSOCIATIONS/quantify/70_vs_73_ALL.ALLchr.mean.txt.gz --bed /data/unige/funpopgen/grey2/SYSCID/BLUEPRINT_DATA/CRD/THREE_CELL_TYPES/QTL_TOOLS/EGAD00001002675_v3.0/EGAD00001002675_RNA.PC10.bed.gz --nominal /data/unige/funpopgen/grey2/SYSCID/BLUEPRINT_DATA/CRD/THREE_CELL_TYPES/CLOMICS/CELL_TYPE_COMPARISON_GENE_CRD_ASSOCIATIONS/mapping_aCRD_gene/70_vs_73/gene_CRD_mean_permutations.thresholds.txt --chunk 46 100 --out /data/unige/funpopgen/grey2/SYSCID/BLUEPRINT_DATA/CRD/THREE_CELL_TYPES/CLOMICS/CELL_TYPE_COMPARISON_GENE_CRD_ASSOCIATIONS/mapping_aCRD_gene/70_vs_73/mapping_gene_CRD_mean_chunk46\.txt

------------------------------------------------------------

Successfully completed.

Resource usage summary:

    CPU time :               1.40 sec.
    Max Memory :             3.16 MB
    Average Memory :         3.16 MB
    Total Requested Memory : -
    Delta Memory :           -
    (Delta: the difference between total requested memory and actual max usage.)
    Max Swap :               32 MB

    Max Processes :          1
    Max Threads :            1

The output (if any) follows:


[32mQTLtools[0m
  * Authors : Olivier DELANEAU / Halit ONGEN / Emmanouil DERMITZAKIS
  * Contact : olivier.delaneau@gmail.com / halit.ongen@unige.ch / Emmanouil.Dermitzakis@unige.ch
  * Webpage : https://qtltools.github.io/qtltools/
  * Version : 1.1
  * Date    : 15/03/2019 - 14:11:20
  * Citation: A complete tool set for molecular QTL discovery and analysis, https://doi.org/10.1101/068635

[32mMAPPING QTL IN CIS[0m
  * TASK: Report all nominal associations with p below thresholds in [/data/unige/funpopgen/grey2/SYSCID/BLUEPRINT_DATA/CRD/THREE_CELL_TYPES/CLOMICS/CELL_TYPE_COMPARISON_GENE_CRD_ASSOCIATIONS/mapping_aCRD_gene/70_vs_73/gene_CRD_mean_permutations.thresholds.txt]
  * Linear model: Phe ~ Var
  * Cis-window size is 1000000 bp
  * Chunk = [46/100]

Scanning phenotype data in [/data/unige/funpopgen/grey2/SYSCID/BLUEPRINT_DATA/CRD/THREE_CELL_TYPES/QTL_TOOLS/EGAD00001002675_v3.0/EGAD00001002675_RNA.PC10.bed.gz]
  * 21589 phenotypes included
  * 10706 phenotypes are on the negative strand

Initialize random number generator
  * Built-in seed is 15112011
  * First Integer = 30554
  * First Double = 0.0126695

Reading sample list from [/data/unige/funpopgen/grey2/SYSCID/BLUEPRINT_DATA/CRD/THREE_CELL_TYPES/QTL_TOOLS/EGAD00001002675_v3.0/EGAD00001002675_RNA.PC10.bed.gz]
  * #samples = 196

Reading sample list from [/data/unige/funpopgen/grey2/SYSCID/BLUEPRINT_DATA/CRD/THREE_CELL_TYPES/CLOMICS/CELL_TYPE_COMPARISON_GENE_CRD_ASSOCIATIONS/quantify/70_vs_73_ALL.ALLchr.mean.txt.gz]
  * #samples = 165

Merging sample sets from all input files
  * #files = 2
  * #samples in all files = 165
  * #samples NOT in all files (i.e. ignored) = 31

Reading phenotype data in [/data/unige/funpopgen/grey2/SYSCID/BLUEPRINT_DATA/CRD/THREE_CELL_TYPES/QTL_TOOLS/EGAD00001002675_v3.0/EGAD00001002675_RNA.PC10.bed.gz]
  * target region [17:61713961-74068734]
  * 180 phenotypes included
  * 95 phenotypes are on the negative strand

Reading genotype data in [/data/unige/funpopgen/grey2/SYSCID/BLUEPRINT_DATA/CRD/THREE_CELL_TYPES/CLOMICS/CELL_TYPE_COMPARISON_GENE_CRD_ASSOCIATIONS/quantify/70_vs_73_ALL.ALLchr.mean.txt.gz]
  * File format detected: BED
  * 165 samples included
  * 2 samples without phenotype data
  * target region [17:60713961-75068734]
  * 55 variants included

Reading nominal thresholds in [/data/unige/funpopgen/grey2/SYSCID/BLUEPRINT_DATA/CRD/THREE_CELL_TYPES/CLOMICS/CELL_TYPE_COMPARISON_GENE_CRD_ASSOCIATIONS/mapping_aCRD_gene/70_vs_73/gene_CRD_mean_permutations.thresholds.txt]
  * #phenotypes set = 180

Processing phenotype [ENSG00000263883.1] [1/180]
  * #variants in cis = 11
  * Best hit: [id=17_internal_9678, d=-200457, pv=0.205702, s=0.1014]

Processing phenotype [ENSG00000136490.4] [2/180]
  * #variants in cis = 11
  * Best hit: [id=17_internal_9507, d=29903, pv=0.0102258, s=0.1953]

Processing phenotype [ENSG00000266173.1] [3/180]
  * #variants in cis = 11
  * Best hit: [id=17_internal_8400, d=-188529, pv=0.111914, s=-0.1247]

Processing phenotype [ENSG00000125695.12] [4/180]
  * #variants in cis = 11
  * Best hit: [id=17_internal_8400, d=-178402, pv=0.035552, s=-0.1651]

Processing phenotype [ENSG00000198231.7] [5/180]
  * #variants in cis = 11
  * Best hit: [id=17_internal_8288, d=-325872, pv=0.0385751, s=-0.1659]

Processing phenotype [ENSG00000108588.8] [6/180]
  * #variants in cis = 11
  * Best hit: [id=17_internal_8400, d=-154148, pv=0.0863831, s=-0.1322]

Processing phenotype [ENSG00000087191.8] [7/180]
  * #variants in cis = 11
  * Best hit: [id=17_internal_8009, d=201610, pv=0.192661, s=-0.1015]

Processing phenotype [ENSG00000108592.10] [8/180]
  * #variants in cis = 11
  * Best hit: [id=17_internal_9678, d=393868, pv=0.144211, s=0.1154]

Processing phenotype [ENSG00000264756.1] [9/180]
  * #variants in cis = 11
  * Best hit: [id=17_internal_8288, d=-392252, pv=0.181895, s=-0.1012]

Processing phenotype [ENSG00000108604.11] [10/180]
  * #variants in cis = 11
  * Best hit: [id=17_internal_9678, d=406921, pv=0.0652461, s=0.1390]

Processing phenotype [ENSG00000224383.3] [11/180]
  * #variants in cis = 11
  * Best hit: [id=17_internal_7843, d=-385823, pv=0.0245966, s=0.1770]

Processing phenotype [ENSG00000108622.6] [12/180]
  * #variants in cis = 11
  * Best hit: [id=17_internal_10372, d=-526779, pv=0.0426935, s=-0.1620]

Processing phenotype [ENSG00000263899.1] [13/180]
  * #variants in cis = 11
  * Best hit: [id=17_internal_9306, d=-6698, pv=0.000425094, s=0.2743]

Processing phenotype [ENSG00000178607.9] [14/180]
  * #variants in cis = 11
  * Best hit: [id=17_internal_9306, d=0, pv=0.000247277, s=0.2891]

Processing phenotype [ENSG00000266402.1] [15/180]
  * #variants in cis = 11
  * Best hit: [id=17_internal_9306, d=-11977, pv=0.25501, s=-0.0911]

Processing phenotype [ENSG00000199753.1] [16/180]
  * #variants in cis = 11
  * Best hit: [id=17_internal_7843, d=-533555, pv=0.144192, s=0.1171]

Processing phenotype [ENSG00000221462.2] [17/180]
  * #variants in cis = 11
  * Best hit: [id=17_internal_8009, d=-94033, pv=0.316815, s=0.0802]

Processing phenotype [ENSG00000136478.3] [18/180]
  * #variants in cis = 11
  * Best hit: [id=17_internal_8718, d=821888, pv=0.261629, s=0.0868]

Processing phenotype [ENSG00000256358.1] [19/180]
  * #variants in cis = 11
  * Best hit: [id=17_internal_9306, d=174697, pv=0.0689283, s=-0.1447]

Processing phenotype [ENSG00000256826.1] [20/180]
  * #variants in cis = 12
  * Best hit: [id=17_internal_8544, d=135501, pv=0.113243, s=0.1282]

Processing phenotype [ENSG00000256525.2] [21/180]
  * #variants in cis = 12
  * Best hit: [id=17_internal_8544, d=-129987, pv=0.014456, s=0.1950]

Processing phenotype [ENSG00000265695.1] [22/180]
  * #variants in cis = 12
  * Best hit: [id=17_internal_8009, d=367291, pv=0.0756474, s=0.1429]

Processing phenotype [ENSG00000266241.1] [23/180]
  * #variants in cis = 12
  * Best hit: [id=17_internal_8009, d=367765, pv=0.0337995, s=0.1682]

Processing phenotype [ENSG00000258890.2] [24/180]
  * #variants in cis = 12
  * Best hit: [id=17_internal_8544, d=120435, pv=0.0916732, s=0.1329]

Processing phenotype [ENSG00000108654.6] [25/180]
  * #variants in cis = 12
  * Best hit: [id=17_internal_8718, d=985544, pv=0.0600798, s=0.1493]

Processing phenotype [ENSG00000108854.11] [26/180]
  * #variants in cis = 11
  * Best hit: [id=17_internal_8946, d=-860380, pv=0.100943, s=-0.1266]

Processing phenotype [ENSG00000265298.1] [27/180]
  * #variants in cis = 11
  * Best hit: [id=17_internal_8400, d=-721608, pv=0.203543, s=0.1019]

Processing phenotype [ENSG00000266820.1] [28/180]
  * #variants in cis = 10
  * Best hit: [id=17_internal_8009, d=625055, pv=0.114222, s=-0.1262]

Processing phenotype [ENSG00000263647.1] [29/180]
  * #variants in cis = 10
  * Best hit: [id=17_internal_9306, d=547475, pv=0.133705, s=0.1219]

Processing phenotype [ENSG00000265982.1] [30/180]
  * #variants in cis = 10
  * Best hit: [id=17_internal_9306, d=563702, pv=0.00975561, s=0.2025]

Processing phenotype [ENSG00000215769.4] [31/180]
  * #variants in cis = 10
  * Best hit: [id=17_internal_8009, d=648451, pv=0.159163, s=-0.1125]

Processing phenotype [ENSG00000263804.1] [32/180]
  * #variants in cis = 10
  * Best hit: [id=17_internal_8400, d=788667, pv=0.0525432, s=-0.1515]

Processing phenotype [ENSG00000252242.1] [33/180]
  * #variants in cis = 10
  * Best hit: [id=17_internal_8452, d=-924592, pv=0.079164, s=0.1335]

Processing phenotype [ENSG00000214176.5] [34/180]
  * #variants in cis = 10
  * Best hit: [id=17_internal_8009, d=703606, pv=0.250105, s=-0.0907]

Processing phenotype [ENSG00000265218.1] [35/180]
  * #variants in cis = 10
  * Best hit: [id=17_internal_8946, d=629719, pv=0.0163195, s=-0.1874]

Processing phenotype [ENSG00000266644.1] [36/180]
  * #variants in cis = 10
  * Best hit: [id=17_internal_10372, d=-257410, pv=0.0291585, s=0.1633]

Processing phenotype [ENSG00000176809.6] [37/180]
  * #variants in cis = 10
  * Best hit: [id=17_internal_8946, d=-602968, pv=0.00617096, s=-0.2123]

Processing phenotype [ENSG00000214174.4] [38/180]
  * #variants in cis = 10
  * Best hit: [id=17_internal_8946, d=-546872, pv=0.124457, s=-0.1199]

Processing phenotype [ENSG00000266598.1] [39/180]
  * #variants in cis = 9
  * Best hit: [id=17_internal_9306, d=-836674, pv=0.0082418, s=0.2081]

Processing phenotype [ENSG00000120063.5] [40/180]
  * #variants in cis = 9
  * Best hit: [id=17_internal_10700, d=-336895, pv=0.175646, s=-0.1034]

Processing phenotype [ENSG00000154229.7] [41/180]
  * #variants in cis = 9
  * Best hit: [id=17_internal_9261, d=5122, pv=0.000238741, s=0.2780]

Processing phenotype [ENSG00000244044.2] [42/180]
  * #variants in cis = 9
  * Best hit: [id=17_internal_9261, d=0, pv=0.570232, s=0.0431]

Processing phenotype [ENSG00000075461.5] [43/180]
  * #variants in cis = 10
  * Best hit: [id=17_internal_9710, d=411157, pv=0.0572829, s=0.1505]

Processing phenotype [ENSG00000108878.3] [44/180]
  * #variants in cis = 10
  * Best hit: [id=17_internal_9466, d=-706046, pv=0.0308324, s=-0.1693]

Processing phenotype [ENSG00000264421.1] [45/180]
  * #variants in cis = 11
  * Best hit: [id=17_internal_7987, d=-815930, pv=0.101708, s=0.1254]

Processing phenotype [ENSG00000213180.4] [46/180]
  * #variants in cis = 11
  * Best hit: [id=17_internal_9759, d=170470, pv=0.00562665, s=0.2143]

Processing phenotype [ENSG00000266473.1] [47/180]
  * #variants in cis = 11
  * Best hit: [id=17_internal_8617, d=856001, pv=0.111414, s=0.1253]

Processing phenotype [ENSG00000198265.7] [48/180]
  * #variants in cis = 11
  * Best hit: [id=17_internal_9629, d=-150724, pv=0.0096133, s=0.2049]

Processing phenotype [ENSG00000197170.5] [49/180]
  * #variants in cis = 10
  * Best hit: [id=17_internal_9710, d=-9440, pv=0.000467688, s=0.2755]

Processing phenotype [ENSG00000154217.10] [50/180]
  * #variants in cis = 10
  * Best hit: [id=17_internal_9629, d=19254, pv=2.47434e-19, s=0.6271]

Processing phenotype [ENSG00000201547.1] [51/180]
  * #variants in cis = 9
  * Best hit: [id=17_internal_9710, d=0, pv=0.00688752, s=0.2123]

Processing phenotype [ENSG00000244610.2] [52/180]
  * #variants in cis = 9
  * Best hit: [id=17_internal_9710, d=0, pv=0.0435827, s=0.1584]

Processing phenotype [ENSG00000207688.2] [53/180]
  * #variants in cis = 9
  * Best hit: [id=17_internal_9710, d=0, pv=0.037201, s=0.1539]

Processing phenotype [ENSG00000264754.1] [54/180]
  * #variants in cis = 9
  * Best hit: [id=17_internal_9710, d=-36580, pv=0.000124941, s=0.2957]

Processing phenotype [ENSG00000130935.5] [55/180]
  * #variants in cis = 6
  * Best hit: [id=17_internal_8617, d=383005, pv=0.0100441, s=-0.2060]

Processing phenotype [ENSG00000200394.1] [56/180]
  * #variants in cis = 6
  * Best hit: [id=17_internal_9759, d=-247819, pv=0.272275, s=-0.0862]

Processing phenotype [ENSG00000171634.12] [57/180]
  * #variants in cis = 6
  * Best hit: [id=17_internal_9710, d=-337623, pv=0.104569, s=0.1248]

Processing phenotype [ENSG00000266717.1] [58/180]
  * #variants in cis = 6
  * Best hit: [id=17_internal_9629, d=429960, pv=0.0203892, s=0.1858]

Processing phenotype [ENSG00000186665.8] [59/180]
  * #variants in cis = 6
  * Best hit: [id=17_internal_9759, d=500799, pv=0.0268015, s=-0.1758]

Processing phenotype [ENSG00000182481.4] [60/180]
  * #variants in cis = 6
  * Best hit: [id=17_internal_8117, d=256556, pv=0.0587509, s=0.1499]

Processing phenotype [ENSG00000237854.2] [61/180]
  * #variants in cis = 6
  * Best hit: [id=17_internal_8617, d=0, pv=0.100115, s=0.1287]

Processing phenotype [ENSG00000267352.1] [62/180]
  * #variants in cis = 6
  * Best hit: [id=17_internal_8107, d=630840, pv=0.0660771, s=-0.1396]

Processing phenotype [ENSG00000267023.1] [63/180]
  * #variants in cis = 6
  * Best hit: [id=17_internal_8617, d=0, pv=0.000975723, s=0.2524]

Processing phenotype [ENSG00000267708.1] [64/180]
  * #variants in cis = 6
  * Best hit: [id=17_internal_8617, d=0, pv=0.00630814, s=0.2055]

Processing phenotype [ENSG00000267731.1] [65/180]
  * #variants in cis = 6
  * Best hit: [id=17_internal_9629, d=-668123, pv=0.285029, s=0.0857]

Processing phenotype [ENSG00000196704.7] [66/180]
  * #variants in cis = 6
  * Best hit: [id=17_internal_9710, d=-759698, pv=0.274785, s=-0.0863]

Processing phenotype [ENSG00000265100.1] [67/180]
  * #variants in cis = 6
  * Best hit: [id=17_internal_9710, d=760062, pv=0.0274177, s=0.1774]

Processing phenotype [ENSG00000141337.8] [68/180]
  * #variants in cis = 6
  * Best hit: [id=17_internal_8117, d=32868, pv=0.0275824, s=0.1724]

Processing phenotype [ENSG00000108932.7] [69/180]
  * #variants in cis = 6
  * Best hit: [id=17_internal_9759, d=798442, pv=0.287359, s=-0.0865]

Processing phenotype [ENSG00000108946.8] [70/180]
  * #variants in cis = 6
  * Best hit: [id=17_internal_8617, d=-173081, pv=0.00035941, s=0.2747]

Processing phenotype [ENSG00000267009.1] [71/180]
  * #variants in cis = 6
  * Best hit: [id=17_internal_9759, d=-920817, pv=0.0270573, s=-0.1760]

Processing phenotype [ENSG00000207561.1] [72/180]
  * #variants in cis = 6
  * Best hit: [id=17_internal_9759, d=931723, pv=0.00801052, s=-0.2091]

Processing phenotype [ENSG00000070540.8] [73/180]
  * #variants in cis = 6
  * Best hit: [id=17_internal_9710, d=969637, pv=0.283787, s=-0.0842]

Processing phenotype [ENSG00000269657.1] [74/180]
  * #variants in cis = 2
  * Best hit: [id=17_internal_8617, d=-302686, pv=0.0340781, s=0.1618]

Processing phenotype [ENSG00000267461.1] [75/180]
  * #variants in cis = 2
  * Best hit: [id=17_internal_8617, d=-316974, pv=0.440043, s=0.0594]

Processing phenotype [ENSG00000108950.7] [76/180]
  * #variants in cis = 2
  * Best hit: [id=17_internal_8617, d=360847, pv=0.185335, s=0.1021]

Processing phenotype [ENSG00000154258.12] [77/180]
  * #variants in cis = 2
  * Best hit: [id=17_internal_8617, d=820522, pv=0.249459, s=0.0907]

Processing phenotype [ENSG00000154262.8] [78/180]
  * #variants in cis = 2
  * Best hit: [id=17_internal_8617, d=901346, pv=0.852077, s=-0.0150]

Processing phenotype [ENSG00000154263.12] [79/180]
  * #variants in cis = 1
  * Best hit: [id=17_internal_8117, d=883956, pv=0.713818, s=0.0288]

Processing phenotype [ENSG00000267203.1] [80/180]
  * #variants in cis = 1
  * Best hit: [id=17_internal_8117, d=-957843, pv=0.058536, s=0.1511]

Processing phenotype [ENSG00000154265.11] [81/180]
  * #variants in cis = 1
  * Best hit: [id=17_internal_8117, d=966354, pv=0.204042, s=0.0991]

Processing phenotype [ENSG00000108984.9] [82/180]
  * #variants in cis = 0

Processing phenotype [ENSG00000267194.1] [83/180]
  * #variants in cis = 0

Processing phenotype [ENSG00000227517.2] [84/180]
  * #variants in cis = 0

Processing phenotype [ENSG00000153822.9] [85/180]
  * #variants in cis = 0

Processing phenotype [ENSG00000123700.4] [86/180]
  * #variants in cis = 0

Processing phenotype [ENSG00000267365.1] [87/180]
  * #variants in cis = 0

Processing phenotype [ENSG00000200783.1] [88/180]
  * #variants in cis = 4
  * Best hit: [id=17_internal_10229, d=-45421, pv=0.250411, s=0.0852]

Processing phenotype [ENSG00000264196.1] [89/180]
  * #variants in cis = 4
  * Best hit: [id=17_internal_10229, d=-117763, pv=6.12561e-05, s=0.3107]

Processing phenotype [ENSG00000133195.7] [90/180]
  * #variants in cis = 4
  * Best hit: [id=17_internal_9499, d=371773, pv=4.51686e-11, s=0.4885]

Processing phenotype [ENSG00000264860.1] [91/180]
  * #variants in cis = 4
  * Best hit: [id=17_internal_11093, d=26926, pv=0.303144, s=0.0837]

Processing phenotype [ENSG00000180616.4] [92/180]
  * #variants in cis = 4
  * Best hit: [id=17_internal_11852, d=0, pv=0.0367284, s=-0.1584]

Processing phenotype [ENSG00000166685.6] [93/180]
  * #variants in cis = 4
  * Best hit: [id=17_internal_9499, d=-472051, pv=0.223554, s=0.0980]

Processing phenotype [ENSG00000141219.11] [94/180]
  * #variants in cis = 5
  * Best hit: [id=17_internal_11093, d=-19162, pv=0.282307, s=0.0804]

Processing phenotype [ENSG00000133193.8] [95/180]
  * #variants in cis = 5
  * Best hit: [id=17_internal_9499, d=515814, pv=0.0632315, s=0.1427]

Processing phenotype [ENSG00000187959.5] [96/180]
  * #variants in cis = 5
  * Best hit: [id=17_internal_9870, d=-948002, pv=0.476878, s=0.0575]

Processing phenotype [ENSG00000179604.8] [97/180]
  * #variants in cis = 6
  * Best hit: [id=17_internal_11852, d=0, pv=4.40654e-05, s=0.2964]

Processing phenotype [ENSG00000172809.8] [98/180]
  * #variants in cis = 9
  * Best hit: [id=17_internal_11852, d=-187198, pv=0.191934, s=0.1020]

Processing phenotype [ENSG00000246731.2] [99/180]
  * #variants in cis = 8
  * Best hit: [id=17_internal_8190, d=-165776, pv=0.0418487, s=0.1579]

Processing phenotype [ENSG00000141540.6] [100/180]
  * #variants in cis = 8
  * Best hit: [id=17_internal_9119, d=343686, pv=0.00305918, s=0.2369]

Processing phenotype [ENSG00000264272.1] [101/180]
  * #variants in cis = 9
  * Best hit: [id=17_internal_8568, d=-11753, pv=0.0171644, s=0.1893]

Processing phenotype [ENSG00000170412.12] [102/180]
  * #variants in cis = 10
  * Best hit: [id=17_internal_8190, d=0, pv=0.00655433, s=0.2123]

Processing phenotype [ENSG00000167851.9] [103/180]
  * #variants in cis = 10
  * Best hit: [id=17_internal_10197, d=0, pv=8.06734e-10, s=0.4612]

Processing phenotype [ENSG00000178789.4] [104/180]
  * #variants in cis = 11
  * Best hit: [id=17_internal_9119, d=-25726, pv=0.00267494, s=0.2305]

Processing phenotype [ENSG00000167850.3] [105/180]
  * #variants in cis = 11
  * Best hit: [id=17_internal_9119, d=-11057, pv=1.01355e-16, s=0.5942]

Processing phenotype [ENSG00000236770.1] [106/180]
  * #variants in cis = 11
  * Best hit: [id=17_internal_9119, d=-4463, pv=1.21622e-05, s=0.3349]

Processing phenotype [ENSG00000231027.1] [107/180]
  * #variants in cis = 11
  * Best hit: [id=17_internal_9119, d=0, pv=3.14552e-09, s=0.4400]

Processing phenotype [ENSG00000204345.1] [108/180]
  * #variants in cis = 11
  * Best hit: [id=17_internal_9119, d=0, pv=2.32553e-16, s=0.5841]

Processing phenotype [ENSG00000261222.2] [109/180]
  * #variants in cis = 11
  * Best hit: [id=17_internal_9119, d=0, pv=7.25498e-12, s=0.5050]

Processing phenotype [ENSG00000186407.4] [110/180]
  * #variants in cis = 11
  * Best hit: [id=17_internal_9119, d=14878, pv=2.22826e-08, s=0.4290]

Processing phenotype [ENSG00000172794.14] [111/180]
  * #variants in cis = 11
  * Best hit: [id=17_internal_9119, d=-61698, pv=0.0793413, s=0.1310]

Processing phenotype [ENSG00000264659.1] [112/180]
  * #variants in cis = 11
  * Best hit: [id=17_internal_9119, d=68720, pv=0.0710743, s=0.1378]

Processing phenotype [ENSG00000186074.14] [113/180]
  * #variants in cis = 11
  * Best hit: [id=17_internal_9119, d=104098, pv=0.00666139, s=0.2105]

Processing phenotype [ENSG00000264624.1] [114/180]
  * #variants in cis = 11
  * Best hit: [id=17_internal_11204, d=559167, pv=0.054048, s=-0.1496]

Processing phenotype [ENSG00000109062.5] [115/180]
  * #variants in cis = 11
  * Best hit: [id=17_internal_9119, d=-139772, pv=0.00918279, s=0.2068]

Processing phenotype [ENSG00000266036.1] [116/180]
  * #variants in cis = 11
  * Best hit: [id=17_internal_11204, d=-558868, pv=0.0804977, s=-0.1356]

Processing phenotype [ENSG00000109065.7] [117/180]
  * #variants in cis = 11
  * Best hit: [id=17_internal_10197, d=295461, pv=0.00116961, s=0.2495]

Processing phenotype [ENSG00000109066.9] [118/180]
  * #variants in cis = 11
  * Best hit: [id=17_internal_9870, d=-491248, pv=0.0647643, s=0.1427]

Processing phenotype [ENSG00000161509.9] [119/180]
  * #variants in cis = 13
  * Best hit: [id=17_internal_9052, d=-392204, pv=0.111795, s=-0.1248]

Processing phenotype [ENSG00000161513.7] [120/180]
  * #variants in cis = 14
  * Best hit: [id=17_internal_12136, d=-186464, pv=0.00678734, s=0.2032]

Processing phenotype [ENSG00000167862.5] [121/180]
  * #variants in cis = 14
  * Best hit: [id=17_internal_9870, d=-727391, pv=0.0546012, s=-0.1437]

Processing phenotype [ENSG00000180901.6] [122/180]
  * #variants in cis = 14
  * Best hit: [id=17_internal_12136, d=26950, pv=0.026397, s=0.1718]

Processing phenotype [ENSG00000239607.2] [123/180]
  * #variants in cis = 14
  * Best hit: [id=17_internal_8622, d=779662, pv=0.0484436, s=0.1542]

Processing phenotype [ENSG00000167863.7] [124/180]
  * #variants in cis = 14
  * Best hit: [id=17_internal_8568, d=761493, pv=0.0125116, s=-0.1910]

Processing phenotype [ENSG00000232724.1] [125/180]
  * #variants in cis = 16
  * Best hit: [id=17_internal_8568, d=-788814, pv=0.103491, s=-0.1236]

Processing phenotype [ENSG00000170190.11] [126/180]
  * #variants in cis = 17
  * Best hit: [id=17_internal_8190, d=-632197, pv=0.00931103, s=0.2033]

Processing phenotype [ENSG00000206713.1] [127/180]
  * #variants in cis = 17
  * Best hit: [id=17_internal_9052, d=-163762, pv=0.0775839, s=-0.1409]

Processing phenotype [ENSG00000125449.2] [128/180]
  * #variants in cis = 17
  * Best hit: [id=17_internal_8190, d=-654422, pv=0.00872157, s=0.2086]

Processing phenotype [ENSG00000125458.2] [129/180]
  * #variants in cis = 17
  * Best hit: [id=17_internal_8190, d=676265, pv=0.0258741, s=0.1762]

Processing phenotype [ENSG00000265800.1] [130/180]
  * #variants in cis = 17
  * Best hit: [id=17_internal_10337, d=-886788, pv=0.0175857, s=0.1872]

Processing phenotype [ENSG00000252042.1] [131/180]
  * #variants in cis = 17
  * Best hit: [id=17_internal_10197, d=-664720, pv=0.231798, s=-0.0898]

Processing phenotype [ENSG00000263786.1] [132/180]
  * #variants in cis = 17
  * Best hit: [id=17_internal_8622, d=-674851, pv=0.0274726, s=0.1746]

Processing phenotype [ENSG00000265242.1] [133/180]
  * #variants in cis = 17
  * Best hit: [id=17_internal_7774, d=-348615, pv=0.0142138, s=0.1928]

Processing phenotype [ENSG00000189159.10] [134/180]
  * #variants in cis = 17
  * Best hit: [id=17_internal_8190, d=712751, pv=0.0523072, s=0.1511]

Processing phenotype [ENSG00000188612.7] [135/180]
  * #variants in cis = 19
  * Best hit: [id=17_internal_10269, d=-986927, pv=0.0309102, s=0.1644]

Processing phenotype [ENSG00000125450.6] [136/180]
  * #variants in cis = 20
  * Best hit: [id=17_internal_12136, d=-107851, pv=0.148639, s=0.1155]

Processing phenotype [ENSG00000125445.6] [137/180]
  * #variants in cis = 21
  * Best hit: [id=17_internal_9603, d=924084, pv=0.0717249, s=0.1357]

Processing phenotype [ENSG00000125447.12] [138/180]
  * #variants in cis = 21
  * Best hit: [id=17_internal_10269, d=-907561, pv=0.0383949, s=-0.1601]

Processing phenotype [ENSG00000125457.9] [139/180]
  * #variants in cis = 21
  * Best hit: [id=17_internal_9052, d=0, pv=3.13851e-05, s=0.3060]

Processing phenotype [ENSG00000263843.1] [140/180]
  * #variants in cis = 21
  * Best hit: [id=17_internal_8744, d=-297814, pv=0.00611317, s=-0.2090]

Processing phenotype [ENSG00000125454.7] [141/180]
  * #variants in cis = 19
  * Best hit: [id=17_internal_9052, d=14900, pv=0.00141057, s=0.2465]

Processing phenotype [ENSG00000257073.1] [142/180]
  * #variants in cis = 19
  * Best hit: [id=17_internal_11204, d=0, pv=0.0167469, s=0.1862]

Processing phenotype [ENSG00000228007.1] [143/180]
  * #variants in cis = 19
  * Best hit: [id=17_internal_9052, d=-64217, pv=0.00896721, s=0.1994]

Processing phenotype [ENSG00000265987.1] [144/180]
  * #variants in cis = 19
  * Best hit: [id=17_internal_8584, d=485546, pv=0.0363924, s=0.1630]

Processing phenotype [ENSG00000264853.1] [145/180]
  * #variants in cis = 19
  * Best hit: [id=17_internal_8584, d=-456215, pv=0.0286566, s=0.1731]

Processing phenotype [ENSG00000265342.1] [146/180]
  * #variants in cis = 19
  * Best hit: [id=17_internal_8190, d=-938579, pv=0.0150504, s=0.1890]

Processing phenotype [ENSG00000177885.9] [147/180]
  * #variants in cis = 19
  * Best hit: [id=17_internal_9603, d=-780049, pv=0.0132409, s=-0.1953]

Processing phenotype [ENSG00000177728.10] [148/180]
  * #variants in cis = 20
  * Best hit: [id=17_internal_10269, d=728765, pv=0.148628, s=0.1058]

Processing phenotype [ENSG00000265636.1] [149/180]
  * #variants in cis = 18
  * Best hit: [id=17_internal_10337, d=531507, pv=0.0389097, s=-0.1542]

Processing phenotype [ENSG00000177303.5] [150/180]
  * #variants in cis = 18
  * Best hit: [id=17_internal_8232, d=-721982, pv=0.0507542, s=0.1517]

Processing phenotype [ENSG00000182173.8] [151/180]
  * #variants in cis = 18
  * Best hit: [id=17_internal_9052, d=-241450, pv=0.0179667, s=-0.1847]

Processing phenotype [ENSG00000073350.9] [152/180]
  * #variants in cis = 18
  * Best hit: [id=17_internal_8744, d=-551525, pv=0.022906, s=-0.1768]

Processing phenotype [ENSG00000266714.1] [153/180]
  * #variants in cis = 18
  * Best hit: [id=17_internal_7844, d=475040, pv=0.214787, s=0.0958]

Processing phenotype [ENSG00000188126.7] [154/180]
  * #variants in cis = 18
  * Best hit: [id=17_internal_7844, d=475040, pv=0.207034, s=0.0970]

Processing phenotype [ENSG00000204323.5] [155/180]
  * #variants in cis = 17
  * Best hit: [id=17_internal_10561, d=806118, pv=0.00950022, s=-0.2035]

Processing phenotype [ENSG00000259120.2] [156/180]
  * #variants in cis = 18
  * Best hit: [id=17_internal_8584, d=183709, pv=0.080275, s=-0.1392]

Processing phenotype [ENSG00000161526.10] [157/180]
  * #variants in cis = 19
  * Best hit: [id=17_internal_12136, d=-569293, pv=0.0182414, s=0.1865]

Processing phenotype [ENSG00000108469.10] [158/180]
  * #variants in cis = 19
  * Best hit: [id=17_internal_10337, d=-360964, pv=0.0422292, s=-0.1623]

Processing phenotype [ENSG00000264829.1] [159/180]
  * #variants in cis = 19
  * Best hit: [id=17_internal_12136, d=582144, pv=0.0116671, s=0.1987]

Processing phenotype [ENSG00000264270.1] [160/180]
  * #variants in cis = 19
  * Best hit: [id=17_internal_10269, d=-485126, pv=0.0721573, s=0.1395]

Processing phenotype [ENSG00000132470.9] [161/180]
  * #variants in cis = 19
  * Best hit: [id=17_internal_9603, d=464431, pv=0.0543649, s=0.1533]

Processing phenotype [ENSG00000108479.7] [162/180]
  * #variants in cis = 19
  * Best hit: [id=17_internal_8154, d=-309826, pv=0.0292913, s=0.1642]

Processing phenotype [ENSG00000132478.5] [163/180]
  * #variants in cis = 19
  * Best hit: [id=17_internal_12136, d=-686778, pv=0.011068, s=0.1949]

Processing phenotype [ENSG00000263565.1] [164/180]
  * #variants in cis = 19
  * Best hit: [id=17_internal_8744, d=811052, pv=0.00929854, s=0.2033]

Processing phenotype [ENSG00000132475.4] [165/180]
  * #variants in cis = 19
  * Best hit: [id=17_internal_7878, d=-283336, pv=0.0429883, s=0.1601]

Processing phenotype [ENSG00000266980.1] [166/180]
  * #variants in cis = 19
  * Best hit: [id=17_internal_8744, d=846500, pv=0.00613012, s=-0.2150]

Processing phenotype [ENSG00000178932.2] [167/180]
  * #variants in cis = 19
  * Best hit: [id=17_internal_12136, d=724168, pv=0.0161496, s=0.1871]

Processing phenotype [ENSG00000092929.7] [168/180]
  * #variants in cis = 19
  * Best hit: [id=17_internal_8584, d=0, pv=0.0414465, s=0.1526]

Processing phenotype [ENSG00000132471.7] [169/180]
  * #variants in cis = 19
  * Best hit: [id=17_internal_11049, d=-783274, pv=0.0839087, s=0.1330]

Processing phenotype [ENSG00000141569.6] [170/180]
  * #variants in cis = 19
  * Best hit: [id=17_internal_8622, d=60490, pv=0.0561575, s=0.1499]

Processing phenotype [ENSG00000204316.8] [171/180]
  * #variants in cis = 19
  * Best hit: [id=17_internal_10561, d=-529733, pv=0.039711, s=0.1601]

Processing phenotype [ENSG00000267426.1] [172/180]
  * #variants in cis = 19
  * Best hit: [id=17_internal_8584, d=80124, pv=0.0892315, s=0.1299]

Processing phenotype [ENSG00000188878.11] [173/180]
  * #variants in cis = 19
  * Best hit: [id=17_internal_7774, d=414975, pv=0.314747, s=0.0768]

Processing phenotype [ENSG00000267615.1] [174/180]
  * #variants in cis = 19
  * Best hit: [id=17_internal_10561, d=495719, pv=0.0241961, s=0.1790]

Processing phenotype [ENSG00000257949.2] [175/180]
  * #variants in cis = 19
  * Best hit: [id=17_internal_10337, d=48932, pv=0.20998, s=-0.0976]

Processing phenotype [ENSG00000261408.1] [176/180]
  * #variants in cis = 19
  * Best hit: [id=17_internal_10337, d=48921, pv=0.138239, s=-0.1144]

Processing phenotype [ENSG00000161533.6] [177/180]
  * #variants in cis = 19
  * Best hit: [id=17_internal_7845, d=81357, pv=0.0766927, s=0.1403]

Processing phenotype [ENSG00000250506.2] [178/180]
  * #variants in cis = 19
  * Best hit: [id=17_internal_10337, d=27246, pv=0.0904801, s=-0.1300]

Processing phenotype [ENSG00000186919.8] [179/180]
  * #variants in cis = 19
  * Best hit: [id=17_internal_7818, d=102969, pv=0.00637961, s=-0.2107]

Processing phenotype [ENSG00000167881.9] [180/180]
  * #variants in cis = 19
  * Best hit: [id=17_internal_8020, d=-896062, pv=0.0422522, s=-0.1569]

Running time: 1 seconds
