Sender: LSF System <lsfadmin@cpt13>
Subject: Job 971752: </data/unige/funpopgen/odelanea/SGX/V2/binaries/qtltools/bin/QTLtools cis --vcf /data/unige/funpopgen/grey2/SYSCID/BLUEPRINT_DATA/CRD/THREE_CELL_TYPES/CLOMICS/CELL_TYPE_COMPARISON_GENE_CRD_ASSOCIATIONS/quantify/70_vs_73_ALL.ALLchr.mean.txt.gz --bed /data/unige/funpopgen/grey2/SYSCID/BLUEPRINT_DATA/CRD/THREE_CELL_TYPES/QTL_TOOLS/EGAD00001002675_v3.0/EGAD00001002675_RNA.PC10.bed.gz --nominal /data/unige/funpopgen/grey2/SYSCID/BLUEPRINT_DATA/CRD/THREE_CELL_TYPES/CLOMICS/CELL_TYPE_COMPARISON_GENE_CRD_ASSOCIATIONS/mapping_aCRD_gene/70_vs_73/gene_CRD_mean_permutations.thresholds.txt --chunk 3 100 --out /data/unige/funpopgen/grey2/SYSCID/BLUEPRINT_DATA/CRD/THREE_CELL_TYPES/CLOMICS/CELL_TYPE_COMPARISON_GENE_CRD_ASSOCIATIONS/mapping_aCRD_gene/70_vs_73/mapping_gene_CRD_mean_chunk3\.txt> in cluster <ug> Done

Job </data/unige/funpopgen/odelanea/SGX/V2/binaries/qtltools/bin/QTLtools cis --vcf /data/unige/funpopgen/grey2/SYSCID/BLUEPRINT_DATA/CRD/THREE_CELL_TYPES/CLOMICS/CELL_TYPE_COMPARISON_GENE_CRD_ASSOCIATIONS/quantify/70_vs_73_ALL.ALLchr.mean.txt.gz --bed /data/unige/funpopgen/grey2/SYSCID/BLUEPRINT_DATA/CRD/THREE_CELL_TYPES/QTL_TOOLS/EGAD00001002675_v3.0/EGAD00001002675_RNA.PC10.bed.gz --nominal /data/unige/funpopgen/grey2/SYSCID/BLUEPRINT_DATA/CRD/THREE_CELL_TYPES/CLOMICS/CELL_TYPE_COMPARISON_GENE_CRD_ASSOCIATIONS/mapping_aCRD_gene/70_vs_73/gene_CRD_mean_permutations.thresholds.txt --chunk 3 100 --out /data/unige/funpopgen/grey2/SYSCID/BLUEPRINT_DATA/CRD/THREE_CELL_TYPES/CLOMICS/CELL_TYPE_COMPARISON_GENE_CRD_ASSOCIATIONS/mapping_aCRD_gene/70_vs_73/mapping_gene_CRD_mean_chunk3\.txt> was submitted from host <cpt01> by user <grey2> in cluster <ug>.
Job was executed on host(s) <cpt13>, in queue <normal>, as user <grey2> in cluster <ug>.
</home/grey2> was used as the home directory.
</data/unige/funpopgen/grey2/SYSCID/BLUEPRINT_DATA/CRD/THREE_CELL_TYPES/CLOMICS/CELL_TYPE_COMPARISON_GENE_CRD_ASSOCIATIONS> was used as the working directory.
Started at Fri Mar 15 14:10:32 2019
Results reported at Fri Mar 15 14:10:34 2019

Your job looked like:

------------------------------------------------------------
# LSBATCH: User input
/data/unige/funpopgen/odelanea/SGX/V2/binaries/qtltools/bin/QTLtools cis --vcf /data/unige/funpopgen/grey2/SYSCID/BLUEPRINT_DATA/CRD/THREE_CELL_TYPES/CLOMICS/CELL_TYPE_COMPARISON_GENE_CRD_ASSOCIATIONS/quantify/70_vs_73_ALL.ALLchr.mean.txt.gz --bed /data/unige/funpopgen/grey2/SYSCID/BLUEPRINT_DATA/CRD/THREE_CELL_TYPES/QTL_TOOLS/EGAD00001002675_v3.0/EGAD00001002675_RNA.PC10.bed.gz --nominal /data/unige/funpopgen/grey2/SYSCID/BLUEPRINT_DATA/CRD/THREE_CELL_TYPES/CLOMICS/CELL_TYPE_COMPARISON_GENE_CRD_ASSOCIATIONS/mapping_aCRD_gene/70_vs_73/gene_CRD_mean_permutations.thresholds.txt --chunk 3 100 --out /data/unige/funpopgen/grey2/SYSCID/BLUEPRINT_DATA/CRD/THREE_CELL_TYPES/CLOMICS/CELL_TYPE_COMPARISON_GENE_CRD_ASSOCIATIONS/mapping_aCRD_gene/70_vs_73/mapping_gene_CRD_mean_chunk3\.txt

------------------------------------------------------------

Successfully completed.

Resource usage summary:

    CPU time :               1.24 sec.
    Max Memory :             5.14 MB
    Average Memory :         5.14 MB
    Total Requested Memory : -
    Delta Memory :           -
    (Delta: the difference between total requested memory and actual max usage.)
    Max Swap :               239 MB

    Max Processes :          4
    Max Threads :            5

The output (if any) follows:


[32mQTLtools[0m
  * Authors : Olivier DELANEAU / Halit ONGEN / Emmanouil DERMITZAKIS
  * Contact : olivier.delaneau@gmail.com / halit.ongen@unige.ch / Emmanouil.Dermitzakis@unige.ch
  * Webpage : https://qtltools.github.io/qtltools/
  * Version : 1.1
  * Date    : 15/03/2019 - 14:10:33
  * Citation: A complete tool set for molecular QTL discovery and analysis, https://doi.org/10.1101/068635

[32mMAPPING QTL IN CIS[0m
  * TASK: Report all nominal associations with p below thresholds in [/data/unige/funpopgen/grey2/SYSCID/BLUEPRINT_DATA/CRD/THREE_CELL_TYPES/CLOMICS/CELL_TYPE_COMPARISON_GENE_CRD_ASSOCIATIONS/mapping_aCRD_gene/70_vs_73/gene_CRD_mean_permutations.thresholds.txt]
  * Linear model: Phe ~ Var
  * Cis-window size is 1000000 bp
  * Chunk = [3/100]

Scanning phenotype data in [/data/unige/funpopgen/grey2/SYSCID/BLUEPRINT_DATA/CRD/THREE_CELL_TYPES/QTL_TOOLS/EGAD00001002675_v3.0/EGAD00001002675_RNA.PC10.bed.gz]
  * 21589 phenotypes included
  * 10706 phenotypes are on the negative strand

Initialize random number generator
  * Built-in seed is 15112011
  * First Integer = 30554
  * First Double = 0.0126695

Reading sample list from [/data/unige/funpopgen/grey2/SYSCID/BLUEPRINT_DATA/CRD/THREE_CELL_TYPES/QTL_TOOLS/EGAD00001002675_v3.0/EGAD00001002675_RNA.PC10.bed.gz]
  * #samples = 196

Reading sample list from [/data/unige/funpopgen/grey2/SYSCID/BLUEPRINT_DATA/CRD/THREE_CELL_TYPES/CLOMICS/CELL_TYPE_COMPARISON_GENE_CRD_ASSOCIATIONS/quantify/70_vs_73_ALL.ALLchr.mean.txt.gz]
  * #samples = 165

Merging sample sets from all input files
  * #files = 2
  * #samples in all files = 165
  * #samples NOT in all files (i.e. ignored) = 31

Reading phenotype data in [/data/unige/funpopgen/grey2/SYSCID/BLUEPRINT_DATA/CRD/THREE_CELL_TYPES/QTL_TOOLS/EGAD00001002675_v3.0/EGAD00001002675_RNA.PC10.bed.gz]
  * target region [11:139117-5959849]
  * 148 phenotypes included
  * 73 phenotypes are on the negative strand

Reading genotype data in [/data/unige/funpopgen/grey2/SYSCID/BLUEPRINT_DATA/CRD/THREE_CELL_TYPES/CLOMICS/CELL_TYPE_COMPARISON_GENE_CRD_ASSOCIATIONS/quantify/70_vs_73_ALL.ALLchr.mean.txt.gz]
  * File format detected: BED
  * 165 samples included
  * 2 samples without phenotype data
  * target region [11:0-6959849]
  * 26 variants included

Reading nominal thresholds in [/data/unige/funpopgen/grey2/SYSCID/BLUEPRINT_DATA/CRD/THREE_CELL_TYPES/CLOMICS/CELL_TYPE_COMPARISON_GENE_CRD_ASSOCIATIONS/mapping_aCRD_gene/70_vs_73/gene_CRD_mean_permutations.thresholds.txt]
  * #phenotypes set = 148

Processing phenotype [ENSG00000230724.3] [1/148]
  * #variants in cis = 10
  * Best hit: [id=11_internal_8593, d=-157646, pv=0.0189641, s=0.1857]

Processing phenotype [ENSG00000177947.9] [2/148]
  * #variants in cis = 10
  * Best hit: [id=11_internal_10945, d=4485, pv=0.0203776, s=0.1840]

Processing phenotype [ENSG00000254559.1] [3/148]
  * #variants in cis = 10
  * Best hit: [id=11_internal_10945, d=0, pv=0.00138647, s=0.2539]

Processing phenotype [ENSG00000232495.2] [4/148]
  * #variants in cis = 10
  * Best hit: [id=11_internal_10945, d=0, pv=0.000772277, s=0.2665]

Processing phenotype [ENSG00000177951.12] [5/148]
  * #variants in cis = 10
  * Best hit: [id=11_internal_10945, d=0, pv=0.00214466, s=0.2406]

Processing phenotype [ENSG00000177963.7] [6/148]
  * #variants in cis = 10
  * Best hit: [id=11_internal_7947, d=568798, pv=0.193487, s=-0.1056]

Processing phenotype [ENSG00000185627.13] [7/148]
  * #variants in cis = 10
  * Best hit: [id=11_internal_10945, d=0, pv=0.0895823, s=0.1332]

Processing phenotype [ENSG00000142082.10] [8/148]
  * #variants in cis = 10
  * Best hit: [id=11_internal_8413, d=-85758, pv=0.00198733, s=0.2409]

Processing phenotype [ENSG00000174885.8] [9/148]
  * #variants in cis = 10
  * Best hit: [id=11_internal_8413, d=44324, pv=5.45063e-06, s=0.3322]

Processing phenotype [ENSG00000255026.1] [10/148]
  * #variants in cis = 10
  * Best hit: [id=11_internal_8413, d=35384, pv=0.0122211, s=0.1910]

Processing phenotype [ENSG00000142102.11] [11/148]
  * #variants in cis = 10
  * Best hit: [id=11_internal_10945, d=0, pv=0.039525, s=0.1573]

Processing phenotype [ENSG00000206013.2] [12/148]
  * #variants in cis = 10
  * Best hit: [id=11_internal_8593, d=0, pv=0.00499402, s=0.2164]

Processing phenotype [ENSG00000185201.11] [13/148]
  * #variants in cis = 10
  * Best hit: [id=11_internal_8413, d=15058, pv=1.14898e-09, s=0.4583]

Processing phenotype [ENSG00000254910.1] [14/148]
  * #variants in cis = 10
  * Best hit: [id=11_internal_8413, d=-11548, pv=2.17906e-07, s=0.3824]

Processing phenotype [ENSG00000185885.11] [15/148]
  * #variants in cis = 10
  * Best hit: [id=11_internal_8413, d=9183, pv=2.81626e-19, s=0.6352]

Processing phenotype [ENSG00000251661.2] [16/148]
  * #variants in cis = 10
  * Best hit: [id=11_internal_8413, d=4049, pv=1.91207e-18, s=0.6267]

Processing phenotype [ENSG00000142089.10] [17/148]
  * #variants in cis = 10
  * Best hit: [id=11_internal_7933, d=0, pv=0.00113864, s=-0.2510]

Processing phenotype [ENSG00000255089.1] [18/148]
  * #variants in cis = 10
  * Best hit: [id=11_internal_8413, d=698, pv=0.000546588, s=0.2652]

Processing phenotype [ENSG00000255328.1] [19/148]
  * #variants in cis = 10
  * Best hit: [id=11_internal_8413, d=0, pv=3.19487e-18, s=0.6331]

Processing phenotype [ENSG00000185187.7] [20/148]
  * #variants in cis = 10
  * Best hit: [id=11_internal_8324, d=-159141, pv=0.000395966, s=0.2719]

Processing phenotype [ENSG00000243562.2] [21/148]
  * #variants in cis = 10
  * Best hit: [id=11_internal_10945, d=119286, pv=0.0395946, s=-0.1639]

Processing phenotype [ENSG00000174915.7] [22/148]
  * #variants in cis = 10
  * Best hit: [id=11_internal_10034, d=476592, pv=0.0308293, s=0.1655]

Processing phenotype [ENSG00000023191.11] [23/148]
  * #variants in cis = 11
  * Best hit: [id=11_internal_7929, d=-999906, pv=0.00147636, s=-0.2433]

Processing phenotype [ENSG00000174775.12] [24/148]
  * #variants in cis = 11
  * Best hit: [id=11_internal_8357, d=-151476, pv=0.0630119, s=-0.1407]

Processing phenotype [ENSG00000254815.1] [25/148]
  * #variants in cis = 11
  * Best hit: [id=11_internal_7708, d=244946, pv=0.0383313, s=-0.1606]

Processing phenotype [ENSG00000099849.10] [26/148]
  * #variants in cis = 11
  * Best hit: [id=11_internal_8324, d=16192, pv=0.0977171, s=0.1296]

Processing phenotype [ENSG00000185522.4] [27/148]
  * #variants in cis = 11
  * Best hit: [id=11_internal_8324, d=-15817, pv=0.118252, s=0.1226]

Processing phenotype [ENSG00000247095.2] [28/148]
  * #variants in cis = 11
  * Best hit: [id=11_internal_8324, d=-8139, pv=0.0135367, s=0.1897]

Processing phenotype [ENSG00000070047.6] [29/148]
  * #variants in cis = 11
  * Best hit: [id=11_internal_7929, d=930720, pv=0.151339, s=-0.1121]

Processing phenotype [ENSG00000185507.14] [30/148]
  * #variants in cis = 11
  * Best hit: [id=11_internal_8593, d=315368, pv=0.00898953, s=0.1989]

Processing phenotype [ENSG00000099834.14] [31/148]
  * #variants in cis = 11
  * Best hit: [id=11_internal_8413, d=287859, pv=0.217597, s=0.0969]

Processing phenotype [ENSG00000255158.1] [32/148]
  * #variants in cis = 11
  * Best hit: [id=11_internal_9106, d=295987, pv=0.0332647, s=-0.1656]

Processing phenotype [ENSG00000177106.9] [33/148]
  * #variants in cis = 11
  * Best hit: [id=11_internal_8413, d=-356219, pv=0.0371563, s=0.1628]

Processing phenotype [ENSG00000177042.9] [34/148]
  * #variants in cis = 11
  * Best hit: [id=11_internal_8357, d=0, pv=0.00537069, s=0.2074]

Processing phenotype [ENSG00000177030.11] [35/148]
  * #variants in cis = 11
  * Best hit: [id=11_internal_7947, d=-69594, pv=0.184931, s=0.1007]

Processing phenotype [ENSG00000177156.6] [36/148]
  * #variants in cis = 11
  * Best hit: [id=11_internal_8357, d=-20364, pv=0.0182426, s=-0.1829]

Processing phenotype [ENSG00000177225.11] [37/148]
  * #variants in cis = 12
  * Best hit: [id=11_internal_8593, d=476870, pv=0.0104313, s=-0.1975]

Processing phenotype [ENSG00000255284.1] [38/148]
  * #variants in cis = 12
  * Best hit: [id=11_internal_8324, d=-188259, pv=0.0816684, s=-0.1362]

Processing phenotype [ENSG00000177236.3] [39/148]
  * #variants in cis = 12
  * Best hit: [id=11_internal_8413, d=-441898, pv=0.167229, s=-0.1096]

Processing phenotype [ENSG00000255142.1] [40/148]
  * #variants in cis = 12
  * Best hit: [id=11_internal_8324, d=-192326, pv=0.0339013, s=-0.1651]

Processing phenotype [ENSG00000184524.5] [41/148]
  * #variants in cis = 12
  * Best hit: [id=11_internal_7929, d=-717083, pv=0.103734, s=-0.1227]

Processing phenotype [ENSG00000177542.6] [42/148]
  * #variants in cis = 12
  * Best hit: [id=11_internal_7708, d=-4225, pv=0.036151, s=0.1605]

Processing phenotype [ENSG00000177600.4] [43/148]
  * #variants in cis = 12
  * Best hit: [id=11_internal_10945, d=-488240, pv=0.146389, s=-0.1138]

Processing phenotype [ENSG00000177595.12] [44/148]
  * #variants in cis = 12
  * Best hit: [id=11_internal_9106, d=-152144, pv=0.100283, s=-0.1259]

Processing phenotype [ENSG00000199785.1] [45/148]
  * #variants in cis = 12
  * Best hit: [id=11_internal_10034, d=113179, pv=0.209186, s=0.1007]

Processing phenotype [ENSG00000177666.11] [46/148]
  * #variants in cis = 12
  * Best hit: [id=11_internal_8357, d=-91937, pv=0.081838, s=0.1342]

Processing phenotype [ENSG00000177685.11] [47/148]
  * #variants in cis = 12
  * Best hit: [id=11_internal_7708, d=0, pv=0.000142855, s=0.2909]

Processing phenotype [ENSG00000177697.12] [48/148]
  * #variants in cis = 12
  * Best hit: [id=11_internal_7708, d=0, pv=0.00101206, s=0.2576]

Processing phenotype [ENSG00000255108.1] [49/148]
  * #variants in cis = 12
  * Best hit: [id=11_internal_8357, d=105918, pv=0.00137659, s=0.2439]

Processing phenotype [ENSG00000177700.5] [50/148]
  * #variants in cis = 12
  * Best hit: [id=11_internal_7708, d=0, pv=0.0155794, s=-0.1891]

Processing phenotype [ENSG00000177830.13] [51/148]
  * #variants in cis = 13
  * Best hit: [id=11_internal_8593, d=614427, pv=0.0513806, s=-0.1512]

Processing phenotype [ENSG00000183020.8] [52/148]
  * #variants in cis = 13
  * Best hit: [id=11_internal_8593, d=-624263, pv=0.1157, s=-0.1212]

Processing phenotype [ENSG00000184956.11] [53/148]
  * #variants in cis = 13
  * Best hit: [id=11_internal_12023, d=-846799, pv=0.180452, s=0.1014]

Processing phenotype [ENSG00000117983.13] [54/148]
  * #variants in cis = 13
  * Best hit: [id=11_internal_12023, d=639209, pv=0.0332863, s=0.1633]

Processing phenotype [ENSG00000267950.1] [55/148]
  * #variants in cis = 13
  * Best hit: [id=11_internal_7929, d=211397, pv=0.0228601, s=-0.1746]

Processing phenotype [ENSG00000078902.11] [56/148]
  * #variants in cis = 10
  * Best hit: [id=11_internal_7929, d=-176322, pv=0.106703, s=-0.1266]

Processing phenotype [ENSG00000255153.1] [57/148]
  * #variants in cis = 10
  * Best hit: [id=11_internal_12023, d=552506, pv=0.0165227, s=0.1842]

Processing phenotype [ENSG00000174672.11] [58/148]
  * #variants in cis = 9
  * Best hit: [id=11_internal_7708, d=-564328, pv=0.14292, s=0.1145]

Processing phenotype [ENSG00000182208.8] [59/148]
  * #variants in cis = 9
  * Best hit: [id=11_internal_7699, d=-244606, pv=0.11726, s=-0.1246]

Processing phenotype [ENSG00000244242.1] [60/148]
  * #variants in cis = 7
  * Best hit: [id=11_internal_10034, d=753826, pv=0.0654147, s=-0.1390]

Processing phenotype [ENSG00000250644.1] [61/148]
  * #variants in cis = 7
  * Best hit: [id=11_internal_12023, d=-103224, pv=0.00833939, s=0.1908]

Processing phenotype [ENSG00000235027.1] [62/148]
  * #variants in cis = 7
  * Best hit: [id=11_internal_7929, d=-251353, pv=0.0864292, s=-0.1277]

Processing phenotype [ENSG00000229512.1] [63/148]
  * #variants in cis = 7
  * Best hit: [id=11_internal_12023, d=-98526, pv=0.218245, s=0.0969]

Processing phenotype [ENSG00000117984.8] [64/148]
  * #variants in cis = 7
  * Best hit: [id=11_internal_7929, d=254997, pv=0.0268063, s=-0.1635]

Processing phenotype [ENSG00000130598.11] [65/148]
  * #variants in cis = 6
  * Best hit: [id=11_internal_7929, d=-329994, pv=0.0349641, s=-0.1661]

Processing phenotype [ENSG00000130592.9] [66/148]
  * #variants in cis = 6
  * Best hit: [id=11_internal_12023, d=9305, pv=0.0188822, s=0.1865]

Processing phenotype [ENSG00000264493.1] [67/148]
  * #variants in cis = 6
  * Best hit: [id=11_internal_12023, d=-2739, pv=0.143348, s=0.1152]

Processing phenotype [ENSG00000249086.1] [68/148]
  * #variants in cis = 6
  * Best hit: [id=11_internal_12023, d=0, pv=0.0974093, s=0.1335]

Processing phenotype [ENSG00000184682.5] [69/148]
  * #variants in cis = 6
  * Best hit: [id=11_internal_12023, d=0, pv=0.163077, s=0.1110]

Processing phenotype [ENSG00000130595.12] [70/148]
  * #variants in cis = 5
  * Best hit: [id=11_internal_9106, d=-968975, pv=0.452452, s=-0.0584]

Processing phenotype [ENSG00000252187.1] [71/148]
  * #variants in cis = 5
  * Best hit: [id=11_internal_7699, d=0, pv=0.337297, s=0.0749]

Processing phenotype [ENSG00000214026.6] [72/148]
  * #variants in cis = 5
  * Best hit: [id=11_internal_9106, d=-996691, pv=0.0634487, s=0.1408]

Processing phenotype [ENSG00000226416.1] [73/148]
  * #variants in cis = 6
  * Best hit: [id=11_internal_10034, d=993155, pv=0.295945, s=-0.0792]

Processing phenotype [ENSG00000183734.4] [74/148]
  * #variants in cis = 6
  * Best hit: [id=11_internal_9279, d=-689624, pv=0.234149, s=-0.0944]

Processing phenotype [ENSG00000064201.10] [75/148]
  * #variants in cis = 6
  * Best hit: [id=11_internal_9279, d=658579, pv=0.0619912, s=-0.1444]

Processing phenotype [ENSG00000110665.7] [76/148]
  * #variants in cis = 6
  * Best hit: [id=11_internal_9656, d=-796068, pv=0.0646801, s=-0.1479]

Processing phenotype [ENSG00000207308.1] [77/148]
  * #variants in cis = 6
  * Best hit: [id=11_internal_7649, d=659194, pv=0.173909, s=0.1091]

Processing phenotype [ENSG00000110651.6] [78/148]
  * #variants in cis = 6
  * Best hit: [id=11_internal_9656, d=722940, pv=0.0858529, s=0.1362]

Processing phenotype [ENSG00000184281.10] [79/148]
  * #variants in cis = 6
  * Best hit: [id=11_internal_7929, d=-891493, pv=0.0982777, s=-0.1267]

Processing phenotype [ENSG00000230483.1] [80/148]
  * #variants in cis = 6
  * Best hit: [id=11_internal_7699, d=0, pv=0.00486277, s=0.2084]

Processing phenotype [ENSG00000070985.9] [81/148]
  * #variants in cis = 6
  * Best hit: [id=11_internal_9279, d=-537531, pv=0.162772, s=0.1058]

Processing phenotype [ENSG00000053918.10] [82/148]
  * #variants in cis = 6
  * Best hit: [id=11_internal_7699, d=0, pv=0.00539736, s=0.2154]

Processing phenotype [ENSG00000269821.1] [83/148]
  * #variants in cis = 6
  * Best hit: [id=11_internal_7699, d=171366, pv=0.0184375, s=0.1833]

Processing phenotype [ENSG00000236041.1] [84/148]
  * #variants in cis = 6
  * Best hit: [id=11_internal_7699, d=-242728, pv=0.0174803, s=0.1888]

Processing phenotype [ENSG00000229414.2] [85/148]
  * #variants in cis = 8
  * Best hit: [id=11_internal_7853, d=-918290, pv=0.0217728, s=-0.1812]

Processing phenotype [ENSG00000129757.8] [86/148]
  * #variants in cis = 8
  * Best hit: [id=11_internal_9279, d=-74695, pv=0.0556437, s=-0.1477]

Processing phenotype [ENSG00000110628.9] [87/148]
  * #variants in cis = 7
  * Best hit: [id=11_internal_9279, d=60855, pv=0.00311766, s=-0.2325]

Processing phenotype [ENSG00000254827.1] [88/148]
  * #variants in cis = 7
  * Best hit: [id=11_internal_9279, d=-56836, pv=0.00112431, s=-0.2550]

Processing phenotype [ENSG00000224636.2] [89/148]
  * #variants in cis = 8
  * Best hit: [id=11_internal_9724, d=982759, pv=0.0950331, s=-0.1242]

Processing phenotype [ENSG00000207008.1] [90/148]
  * #variants in cis = 8
  * Best hit: [id=11_internal_8026, d=-891904, pv=0.170774, s=0.1114]

Processing phenotype [ENSG00000183562.2] [91/148]
  * #variants in cis = 8
  * Best hit: [id=11_internal_9279, d=0, pv=0.176278, s=-0.1055]

Processing phenotype [ENSG00000205531.7] [92/148]
  * #variants in cis = 8
  * Best hit: [id=11_internal_7872, d=-519074, pv=0.118692, s=-0.1216]

Processing phenotype [ENSG00000247473.1] [93/148]
  * #variants in cis = 8
  * Best hit: [id=11_internal_9279, d=-4710, pv=0.272123, s=-0.0843]

Processing phenotype [ENSG00000201616.1] [94/148]
  * #variants in cis = 8
  * Best hit: [id=11_internal_7872, d=-462930, pv=0.592597, s=0.0440]

Processing phenotype [ENSG00000110619.12] [95/148]
  * #variants in cis = 9
  * Best hit: [id=11_internal_9656, d=-41504, pv=0.0900878, s=0.1347]

Processing phenotype [ENSG00000021762.15] [96/148]
  * #variants in cis = 9
  * Best hit: [id=11_internal_9656, d=0, pv=7.32385e-11, s=0.4523]

Processing phenotype [ENSG00000005801.11] [97/148]
  * #variants in cis = 9
  * Best hit: [id=11_internal_9656, d=208671, pv=0.00105669, s=0.2557]

Processing phenotype [ENSG00000129744.2] [98/148]
  * #variants in cis = 8
  * Best hit: [id=11_internal_7872, d=-90648, pv=0.182868, s=-0.1063]

Processing phenotype [ENSG00000201279.1] [99/148]
  * #variants in cis = 8
  * Best hit: [id=11_internal_9279, d=639227, pv=0.0901993, s=-0.1322]

Processing phenotype [ENSG00000200201.1] [100/148]
  * #variants in cis = 8
  * Best hit: [id=11_internal_9847, d=-390603, pv=0.0113896, s=0.2008]

Processing phenotype [ENSG00000129749.3] [101/148]
  * #variants in cis = 8
  * Best hit: [id=11_internal_9847, d=-384478, pv=0.0189409, s=0.1842]

Processing phenotype [ENSG00000238686.1] [102/148]
  * #variants in cis = 8
  * Best hit: [id=11_internal_8026, d=163754, pv=0.0843876, s=-0.1352]

Processing phenotype [ENSG00000251934.1] [103/148]
  * #variants in cis = 8
  * Best hit: [id=11_internal_9724, d=-212322, pv=0.285929, s=-0.0823]

Processing phenotype [ENSG00000238304.1] [104/148]
  * #variants in cis = 8
  * Best hit: [id=11_internal_7872, d=-226915, pv=0.268696, s=-0.0860]

Processing phenotype [ENSG00000148985.15] [105/148]
  * #variants in cis = 8
  * Best hit: [id=11_internal_9724, d=129473, pv=0.0483102, s=0.1587]

Processing phenotype [ENSG00000110713.11] [106/148]
  * #variants in cis = 8
  * Best hit: [id=11_internal_7649, d=779822, pv=0.0454336, s=-0.1589]

Processing phenotype [ENSG00000250404.1] [107/148]
  * #variants in cis = 8
  * Best hit: [id=11_internal_9656, d=-646205, pv=0.0882573, s=-0.1361]

Processing phenotype [ENSG00000177105.9] [108/148]
  * #variants in cis = 8
  * Best hit: [id=11_internal_9847, d=-214879, pv=0.15855, s=-0.1076]

Processing phenotype [ENSG00000167323.5] [109/148]
  * #variants in cis = 8
  * Best hit: [id=11_internal_7872, d=-300047, pv=0.0543303, s=0.1455]

Processing phenotype [ENSG00000229368.1] [110/148]
  * #variants in cis = 8
  * Best hit: [id=11_internal_9279, d=-829928, pv=0.379661, s=0.0705]

Processing phenotype [ENSG00000228661.1] [111/148]
  * #variants in cis = 8
  * Best hit: [id=11_internal_9279, d=830825, pv=0.125154, s=0.1223]

Processing phenotype [ENSG00000263421.1] [112/148]
  * #variants in cis = 8
  * Best hit: [id=11_internal_7649, d=-838092, pv=0.182941, s=-0.1009]

Processing phenotype [ENSG00000230593.2] [113/148]
  * #variants in cis = 8
  * Best hit: [id=11_internal_7853, d=24298, pv=0.0203471, s=0.1826]

Processing phenotype [ENSG00000206976.1] [114/148]
  * #variants in cis = 8
  * Best hit: [id=11_internal_7853, d=-53975, pv=0.080771, s=0.1382]

Processing phenotype [ENSG00000255232.1] [115/148]
  * #variants in cis = 8
  * Best hit: [id=11_internal_7872, d=-406797, pv=0.19764, s=0.0988]

Processing phenotype [ENSG00000255141.1] [116/148]
  * #variants in cis = 8
  * Best hit: [id=11_internal_7853, d=105645, pv=0.0418462, s=0.1548]

Processing phenotype [ENSG00000224555.2] [117/148]
  * #variants in cis = 8
  * Best hit: [id=11_internal_8026, d=1762, pv=0.0625375, s=0.1405]

Processing phenotype [ENSG00000240385.1] [118/148]
  * #variants in cis = 7
  * Best hit: [id=11_internal_7872, d=-464468, pv=0.112916, s=-0.1244]

Processing phenotype [ENSG00000167325.10] [119/148]
  * #variants in cis = 6
  * Best hit: [id=11_internal_9656, d=-924160, pv=0.268283, s=0.0854]

Processing phenotype [ENSG00000221996.2] [120/148]
  * #variants in cis = 5
  * Best hit: [id=11_internal_9724, d=396282, pv=0.22405, s=-0.0972]

Processing phenotype [ENSG00000175800.4] [121/148]
  * #variants in cis = 5
  * Best hit: [id=11_internal_9724, d=-406178, pv=0.0242749, s=0.1776]

Processing phenotype [ENSG00000132109.8] [122/148]
  * #variants in cis = 5
  * Best hit: [id=11_internal_7853, d=525104, pv=0.0429832, s=0.1595]

Processing phenotype [ENSG00000237272.1] [123/148]
  * #variants in cis = 5
  * Best hit: [id=11_internal_8026, d=-430359, pv=0.0332237, s=0.1638]

Processing phenotype [ENSG00000171999.6] [124/148]
  * #variants in cis = 5
  * Best hit: [id=11_internal_8026, d=444576, pv=0.234294, s=0.0910]

Processing phenotype [ENSG00000221030.1] [125/148]
  * #variants in cis = 5
  * Best hit: [id=11_internal_7872, d=-892162, pv=0.0755757, s=0.1420]

Processing phenotype [ENSG00000181963.5] [126/148]
  * #variants in cis = 5
  * Best hit: [id=11_internal_8026, d=-461594, pv=0.0102146, s=0.1971]

Processing phenotype [ENSG00000225101.3] [127/148]
  * #variants in cis = 5
  * Best hit: [id=11_internal_8026, d=-487112, pv=0.0396593, s=0.1582]

Processing phenotype [ENSG00000196778.2] [128/148]
  * #variants in cis = 5
  * Best hit: [id=11_internal_7853, d=-620287, pv=0.220778, s=0.0926]

Processing phenotype [ENSG00000226616.1] [129/148]
  * #variants in cis = 5
  * Best hit: [id=11_internal_9847, d=442344, pv=0.148851, s=-0.1098]

Processing phenotype [ENSG00000167333.8] [130/148]
  * #variants in cis = 4
  * Best hit: [id=11_internal_9847, d=534679, pv=0.124349, s=-0.1196]

Processing phenotype [ENSG00000244734.1] [131/148]
  * #variants in cis = 1
  * Best hit: [id=11_internal_7917, d=-863934, pv=0.266137, s=0.0888]

Processing phenotype [ENSG00000175518.6] [132/148]
  * #variants in cis = 2
  * Best hit: [id=11_internal_7607, d=-872427, pv=0.146813, s=0.1124]

Processing phenotype [ENSG00000224295.2] [133/148]
  * #variants in cis = 2
  * Best hit: [id=11_internal_7607, d=-864177, pv=0.0999988, s=0.1299]

Processing phenotype [ENSG00000249633.1] [134/148]
  * #variants in cis = 2
  * Best hit: [id=11_internal_7607, d=-860958, pv=0.85524, s=0.0143]

Processing phenotype [ENSG00000181616.7] [135/148]
  * #variants in cis = 2
  * Best hit: [id=11_internal_7607, d=-843583, pv=0.0198713, s=0.1825]

Processing phenotype [ENSG00000248553.1] [136/148]
  * #variants in cis = 2
  * Best hit: [id=11_internal_7917, d=-540766, pv=0.155938, s=-0.1101]

Processing phenotype [ENSG00000231049.1] [137/148]
  * #variants in cis = 2
  * Best hit: [id=11_internal_7917, d=532362, pv=0.239651, s=-0.0929]

Processing phenotype [ENSG00000233646.1] [138/148]
  * #variants in cis = 2
  * Best hit: [id=11_internal_7607, d=-821516, pv=0.0243277, s=0.1691]

Processing phenotype [ENSG00000229534.1] [139/148]
  * #variants in cis = 2
  * Best hit: [id=11_internal_7607, d=-816940, pv=0.128684, s=0.1145]

Processing phenotype [ENSG00000187747.2] [140/148]
  * #variants in cis = 2
  * Best hit: [id=11_internal_7607, d=808255, pv=0.515975, s=0.0517]

Processing phenotype [ENSG00000121236.14] [141/148]
  * #variants in cis = 2
  * Best hit: [id=11_internal_7917, d=497220, pv=0.29628, s=0.0822]

Processing phenotype [ENSG00000258588.2] [142/148]
  * #variants in cis = 2
  * Best hit: [id=11_internal_7917, d=496604, pv=0.335716, s=0.0784]

Processing phenotype [ENSG00000258659.2] [143/148]
  * #variants in cis = 2
  * Best hit: [id=11_internal_7917, d=473565, pv=0.395848, s=0.0690]

Processing phenotype [ENSG00000239920.1] [144/148]
  * #variants in cis = 2
  * Best hit: [id=11_internal_7607, d=-764236, pv=0.255333, s=0.0929]

Processing phenotype [ENSG00000196565.7] [145/148]
  * #variants in cis = 3
  * Best hit: [id=11_internal_7607, d=-743343, pv=0.216546, s=-0.0916]

Processing phenotype [ENSG00000132274.11] [146/148]
  * #variants in cis = 3
  * Best hit: [id=11_internal_12531, d=944361, pv=0.481758, s=0.0575]

Processing phenotype [ENSG00000232381.1] [147/148]
  * #variants in cis = 4
  * Best hit: [id=11_internal_7917, d=374039, pv=0.307257, s=0.0817]

Processing phenotype [ENSG00000132256.14] [148/148]
  * #variants in cis = 5
  * Best hit: [id=11_internal_12531, d=-695431, pv=0.0848294, s=0.1369]

Running time: 1 seconds
